<?xml version="1.0" encoding="UTF-8"?>
<testsuite xmlns:xsi="http://www.w3.org/2001/XMLSchema-instance" xsi:noNamespaceSchemaLocation="https://maven.apache.org/surefire/maven-failsafe-plugin/xsd/failsafe-test-report-3.0.xsd" version="3.0" name="com.Afrexim.runner.Afrexim_runner" time="542.337" tests="14" errors="2" skipped="0" failures="1">
  <properties>
    <property name="sun.desktop" value="windows"/>
    <property name="awt.toolkit" value="sun.awt.windows.WToolkit"/>
    <property name="java.specification.version" value="1.8"/>
    <property name="file.encoding.pkg" value="sun.io"/>
    <property name="sun.cpu.isalist" value="amd64"/>
    <property name="sun.jnu.encoding" value="Cp1252"/>
    <property name="sun.awt.enableExtraMouseButtons" value="true"/>
    <property name="java.class.path" value="C:\Users\hp\eclipse-workspace\AfreximBank_SerenityBDD_Framework\target\test-classes;C:\Users\hp\eclipse-workspace\AfreximBank_SerenityBDD_Framework\target\AfreximBank_SerenityBDD_Framework-0.0.1-SNAPSHOT.jar;C:\Users\hp\.m2\repository\net\serenity-bdd\serenity-core\3.6.21\serenity-core-3.6.21.jar;C:\Users\hp\.m2\repository\net\serenity-bdd\serenity-model\3.6.21\serenity-model-3.6.21.jar;C:\Users\hp\.m2\repository\org\apache\commons\commons-text\1.10.0\commons-text-1.10.0.jar;C:\Users\hp\.m2\repository\commons-net\commons-net\3.9.0\commons-net-3.9.0.jar;C:\Users\hp\.m2\repository\com\google\guava\guava\31.1-jre\guava-31.1-jre.jar;C:\Users\hp\.m2\repository\com\google\guava\failureaccess\1.0.1\failureaccess-1.0.1.jar;C:\Users\hp\.m2\repository\com\google\guava\listenablefuture\9999.0-empty-to-avoid-conflict-with-guava\listenablefuture-9999.0-empty-to-avoid-conflict-with-guava.jar;C:\Users\hp\.m2\repository\com\google\code\findbugs\jsr305\3.0.2\jsr305-3.0.2.jar;C:\Users\hp\.m2\repository\org\checkerframework\checker-qual\3.12.0\checker-qual-3.12.0.jar;C:\Users\hp\.m2\repository\com\google\errorprone\error_prone_annotations\2.11.0\error_prone_annotations-2.11.0.jar;C:\Users\hp\.m2\repository\com\google\j2objc\j2objc-annotations\1.3\j2objc-annotations-1.3.jar;C:\Users\hp\.m2\repository\com\google\inject\guice\5.1.0\guice-5.1.0.jar;C:\Users\hp\.m2\repository\javax\inject\javax.inject\1\javax.inject-1.jar;C:\Users\hp\.m2\repository\aopalliance\aopalliance\1.0\aopalliance-1.0.jar;C:\Users\hp\.m2\repository\org\jsoup\jsoup\1.14.3\jsoup-1.14.3.jar;C:\Users\hp\.m2\repository\com\thoughtworks\xstream\xstream\1.4.20\xstream-1.4.20.jar;C:\Users\hp\.m2\repository\io\github\x-stream\mxparser\1.2.2\mxparser-1.2.2.jar;C:\Users\hp\.m2\repository\xmlpull\xmlpull\1.1.3.1\xmlpull-1.1.3.1.jar;C:\Users\hp\.m2\repository\com\typesafe\config\1.4.2\config-1.4.2.jar;C:\Users\hp\.m2\repository\org\imgscalr\imgscalr-lib\4.2\imgscalr-lib-4.2.jar;C:\Users\hp\.m2\repository\org\awaitility\awaitility\4.2.0\awaitility-4.2.0.jar;C:\Users\hp\.m2\repository\org\freemarker\freemarker\2.3.31\freemarker-2.3.31.jar;C:\Users\hp\.m2\repository\io\github\classgraph\classgraph\4.8.138\classgraph-4.8.138.jar;C:\Users\hp\.m2\repository\net\sourceforge\jexcelapi\jxl\2.6.12\jxl-2.6.12.jar;C:\Users\hp\.m2\repository\net\bytebuddy\byte-buddy-agent\1.14.2\byte-buddy-agent-1.14.2.jar;C:\Users\hp\.m2\repository\org\objenesis\objenesis\3.3\objenesis-3.3.jar;C:\Users\hp\.m2\repository\net\serenity-bdd\serenity-reports\3.6.21\serenity-reports-3.6.21.jar;C:\Users\hp\.m2\repository\net\serenity-bdd\serenity-stats\3.6.21\serenity-stats-3.6.21.jar;C:\Users\hp\.m2\repository\net\serenity-bdd\serenity-reports-configuration\3.6.21\serenity-reports-configuration-3.6.21.jar;C:\Users\hp\.m2\repository\com\vladsch\flexmark\flexmark-all\0.62.2\flexmark-all-0.62.2.jar;C:\Users\hp\.m2\repository\com\vladsch\flexmark\flexmark\0.62.2\flexmark-0.62.2.jar;C:\Users\hp\.m2\repository\com\vladsch\flexmark\flexmark-ext-abbreviation\0.62.2\flexmark-ext-abbreviation-0.62.2.jar;C:\Users\hp\.m2\repository\com\vladsch\flexmark\flexmark-util\0.62.2\flexmark-util-0.62.2.jar;C:\Users\hp\.m2\repository\com\vladsch\flexmark\flexmark-ext-admonition\0.62.2\flexmark-ext-admonition-0.62.2.jar;C:\Users\hp\.m2\repository\com\vladsch\flexmark\flexmark-ext-anchorlink\0.62.2\flexmark-ext-anchorlink-0.62.2.jar;C:\Users\hp\.m2\repository\com\vladsch\flexmark\flexmark-ext-aside\0.62.2\flexmark-ext-aside-0.62.2.jar;C:\Users\hp\.m2\repository\com\vladsch\flexmark\flexmark-ext-attributes\0.62.2\flexmark-ext-attributes-0.62.2.jar;C:\Users\hp\.m2\repository\com\vladsch\flexmark\flexmark-ext-autolink\0.62.2\flexmark-ext-autolink-0.62.2.jar;C:\Users\hp\.m2\repository\org\nibor\autolink\autolink\0.6.0\autolink-0.6.0.jar;C:\Users\hp\.m2\repository\com\vladsch\flexmark\flexmark-ext-definition\0.62.2\flexmark-ext-definition-0.62.2.jar;C:\Users\hp\.m2\repository\com\vladsch\flexmark\flexmark-ext-emoji\0.62.2\flexmark-ext-emoji-0.62.2.jar;C:\Users\hp\.m2\repository\com\vladsch\flexmark\flexmark-ext-enumerated-reference\0.62.2\flexmark-ext-enumerated-reference-0.62.2.jar;C:\Users\hp\.m2\repository\com\vladsch\flexmark\flexmark-ext-escaped-character\0.62.2\flexmark-ext-escaped-character-0.62.2.jar;C:\Users\hp\.m2\repository\com\vladsch\flexmark\flexmark-ext-footnotes\0.62.2\flexmark-ext-footnotes-0.62.2.jar;C:\Users\hp\.m2\repository\com\vladsch\flexmark\flexmark-ext-gfm-issues\0.62.2\flexmark-ext-gfm-issues-0.62.2.jar;C:\Users\hp\.m2\repository\com\vladsch\flexmark\flexmark-ext-gfm-strikethrough\0.62.2\flexmark-ext-gfm-strikethrough-0.62.2.jar;C:\Users\hp\.m2\repository\com\vladsch\flexmark\flexmark-ext-gfm-tasklist\0.62.2\flexmark-ext-gfm-tasklist-0.62.2.jar;C:\Users\hp\.m2\repository\com\vladsch\flexmark\flexmark-ext-gfm-users\0.62.2\flexmark-ext-gfm-users-0.62.2.jar;C:\Users\hp\.m2\repository\com\vladsch\flexmark\flexmark-ext-gitlab\0.62.2\flexmark-ext-gitlab-0.62.2.jar;C:\Users\hp\.m2\repository\com\vladsch\flexmark\flexmark-ext-jekyll-front-matter\0.62.2\flexmark-ext-jekyll-front-matter-0.62.2.jar;C:\Users\hp\.m2\repository\com\vladsch\flexmark\flexmark-ext-jekyll-tag\0.62.2\flexmark-ext-jekyll-tag-0.62.2.jar;C:\Users\hp\.m2\repository\com\vladsch\flexmark\flexmark-ext-media-tags\0.62.2\flexmark-ext-media-tags-0.62.2.jar;C:\Users\hp\.m2\repository\com\vladsch\flexmark\flexmark-ext-macros\0.62.2\flexmark-ext-macros-0.62.2.jar;C:\Users\hp\.m2\repository\com\vladsch\flexmark\flexmark-ext-ins\0.62.2\flexmark-ext-ins-0.62.2.jar;C:\Users\hp\.m2\repository\com\vladsch\flexmark\flexmark-ext-xwiki-macros\0.62.2\flexmark-ext-xwiki-macros-0.62.2.jar;C:\Users\hp\.m2\repository\com\vladsch\flexmark\flexmark-ext-superscript\0.62.2\flexmark-ext-superscript-0.62.2.jar;C:\Users\hp\.m2\repository\com\vladsch\flexmark\flexmark-ext-tables\0.62.2\flexmark-ext-tables-0.62.2.jar;C:\Users\hp\.m2\repository\com\vladsch\flexmark\flexmark-ext-toc\0.62.2\flexmark-ext-toc-0.62.2.jar;C:\Users\hp\.m2\repository\com\vladsch\flexmark\flexmark-ext-typographic\0.62.2\flexmark-ext-typographic-0.62.2.jar;C:\Users\hp\.m2\repository\com\vladsch\flexmark\flexmark-ext-wikilink\0.62.2\flexmark-ext-wikilink-0.62.2.jar;C:\Users\hp\.m2\repository\com\vladsch\flexmark\flexmark-ext-yaml-front-matter\0.62.2\flexmark-ext-yaml-front-matter-0.62.2.jar;C:\Users\hp\.m2\repository\com\vladsch\flexmark\flexmark-ext-youtube-embedded\0.62.2\flexmark-ext-youtube-embedded-0.62.2.jar;C:\Users\hp\.m2\repository\com\vladsch\flexmark\flexmark-html2md-converter\0.62.2\flexmark-html2md-converter-0.62.2.jar;C:\Users\hp\.m2\repository\com\vladsch\flexmark\flexmark-jira-converter\0.62.2\flexmark-jira-converter-0.62.2.jar;C:\Users\hp\.m2\repository\com\vladsch\flexmark\flexmark-pdf-converter\0.62.2\flexmark-pdf-converter-0.62.2.jar;C:\Users\hp\.m2\repository\com\openhtmltopdf\openhtmltopdf-core\1.0.0\openhtmltopdf-core-1.0.0.jar;C:\Users\hp\.m2\repository\com\openhtmltopdf\openhtmltopdf-pdfbox\1.0.0\openhtmltopdf-pdfbox-1.0.0.jar;C:\Users\hp\.m2\repository\org\apache\pdfbox\pdfbox\2.0.16\pdfbox-2.0.16.jar;C:\Users\hp\.m2\repository\org\apache\pdfbox\fontbox\2.0.16\fontbox-2.0.16.jar;C:\Users\hp\.m2\repository\org\apache\pdfbox\xmpbox\2.0.16\xmpbox-2.0.16.jar;C:\Users\hp\.m2\repository\de\rototor\pdfbox\graphics2d\0.24\graphics2d-0.24.jar;C:\Users\hp\.m2\repository\com\openhtmltopdf\openhtmltopdf-rtl-support\1.0.0\openhtmltopdf-rtl-support-1.0.0.jar;C:\Users\hp\.m2\repository\com\openhtmltopdf\openhtmltopdf-jsoup-dom-converter\1.0.0\openhtmltopdf-jsoup-dom-converter-1.0.0.jar;C:\Users\hp\.m2\repository\com\vladsch\flexmark\flexmark-profile-pegdown\0.62.2\flexmark-profile-pegdown-0.62.2.jar;C:\Users\hp\.m2\repository\com\vladsch\flexmark\flexmark-util-ast\0.62.2\flexmark-util-ast-0.62.2.jar;C:\Users\hp\.m2\repository\com\vladsch\flexmark\flexmark-util-builder\0.62.2\flexmark-util-builder-0.62.2.jar;C:\Users\hp\.m2\repository\com\vladsch\flexmark\flexmark-util-collection\0.62.2\flexmark-util-collection-0.62.2.jar;C:\Users\hp\.m2\repository\com\vladsch\flexmark\flexmark-util-data\0.62.2\flexmark-util-data-0.62.2.jar;C:\Users\hp\.m2\repository\com\vladsch\flexmark\flexmark-util-dependency\0.62.2\flexmark-util-dependency-0.62.2.jar;C:\Users\hp\.m2\repository\com\vladsch\flexmark\flexmark-util-format\0.62.2\flexmark-util-format-0.62.2.jar;C:\Users\hp\.m2\repository\com\vladsch\flexmark\flexmark-util-html\0.62.2\flexmark-util-html-0.62.2.jar;C:\Users\hp\.m2\repository\com\vladsch\flexmark\flexmark-util-misc\0.62.2\flexmark-util-misc-0.62.2.jar;C:\Users\hp\.m2\repository\com\vladsch\flexmark\flexmark-util-options\0.62.2\flexmark-util-options-0.62.2.jar;C:\Users\hp\.m2\repository\com\vladsch\flexmark\flexmark-util-sequence\0.62.2\flexmark-util-sequence-0.62.2.jar;C:\Users\hp\.m2\repository\com\vladsch\flexmark\flexmark-util-visitor\0.62.2\flexmark-util-visitor-0.62.2.jar;C:\Users\hp\.m2\repository\com\vladsch\flexmark\flexmark-youtrack-converter\0.62.2\flexmark-youtrack-converter-0.62.2.jar;C:\Users\hp\.m2\repository\com\ibm\icu\icu4j\72.1\icu4j-72.1.jar;C:\Users\hp\.m2\repository\es\nitaur\markdown\txtmark\0.16\txtmark-0.16.jar;C:\Users\hp\.m2\repository\net\serenity-bdd\serenity-report-resources\3.6.21\serenity-report-resources-3.6.21.jar;C:\Users\hp\.m2\repository\com\google\code\gson\gson\2.10.1\gson-2.10.1.jar;C:\Users\hp\.m2\repository\com\fasterxml\jackson\core\jackson-core\2.15.0-rc1\jackson-core-2.15.0-rc1.jar;C:\Users\hp\.m2\repository\com\fasterxml\jackson\core\jackson-databind\2.15.0-rc1\jackson-databind-2.15.0-rc1.jar;C:\Users\hp\.m2\repository\com\fasterxml\jackson\core\jackson-annotations\2.15.0-rc1\jackson-annotations-2.15.0-rc1.jar;C:\Users\hp\.m2\repository\commons-codec\commons-codec\1.15\commons-codec-1.15.jar;C:\Users\hp\.m2\repository\commons-io\commons-io\2.11.0\commons-io-2.11.0.jar;C:\Users\hp\.m2\repository\org\apache\httpcomponents\httpclient\4.5.13\httpclient-4.5.13.jar;C:\Users\hp\.m2\repository\org\apache\httpcomponents\httpcore\4.4.13\httpcore-4.4.13.jar;C:\Users\hp\.m2\repository\commons-logging\commons-logging\1.2\commons-logging-1.2.jar;C:\Users\hp\.m2\repository\org\seleniumhq\selenium\selenium-java\4.8.1\selenium-java-4.8.1.jar;C:\Users\hp\.m2\repository\org\seleniumhq\selenium\selenium-devtools-v108\4.8.1\selenium-devtools-v108-4.8.1.jar;C:\Users\hp\.m2\repository\org\seleniumhq\selenium\selenium-devtools-v109\4.8.1\selenium-devtools-v109-4.8.1.jar;C:\Users\hp\.m2\repository\org\seleniumhq\selenium\selenium-devtools-v110\4.8.1\selenium-devtools-v110-4.8.1.jar;C:\Users\hp\.m2\repository\org\seleniumhq\selenium\selenium-devtools-v85\4.8.1\selenium-devtools-v85-4.8.1.jar;C:\Users\hp\.m2\repository\org\seleniumhq\selenium\selenium-remote-driver\4.8.1\selenium-remote-driver-4.8.1.jar;C:\Users\hp\.m2\repository\com\beust\jcommander\1.82\jcommander-1.82.jar;C:\Users\hp\.m2\repository\io\netty\netty-buffer\4.1.87.Final\netty-buffer-4.1.87.Final.jar;C:\Users\hp\.m2\repository\io\netty\netty-codec-http\4.1.87.Final\netty-codec-http-4.1.87.Final.jar;C:\Users\hp\.m2\repository\io\netty\netty-codec\4.1.87.Final\netty-codec-4.1.87.Final.jar;C:\Users\hp\.m2\repository\io\netty\netty-handler\4.1.87.Final\netty-handler-4.1.87.Final.jar;C:\Users\hp\.m2\repository\io\netty\netty-common\4.1.87.Final\netty-common-4.1.87.Final.jar;C:\Users\hp\.m2\repository\io\netty\netty-transport-classes-epoll\4.1.87.Final\netty-transport-classes-epoll-4.1.87.Final.jar;C:\Users\hp\.m2\repository\io\netty\netty-transport-classes-kqueue\4.1.87.Final\netty-transport-classes-kqueue-4.1.87.Final.jar;C:\Users\hp\.m2\repository\io\netty\netty-transport-native-epoll\4.1.87.Final\netty-transport-native-epoll-4.1.87.Final.jar;C:\Users\hp\.m2\repository\io\netty\netty-transport-native-kqueue\4.1.87.Final\netty-transport-native-kqueue-4.1.87.Final.jar;C:\Users\hp\.m2\repository\io\netty\netty-transport-native-unix-common\4.1.87.Final\netty-transport-native-unix-common-4.1.87.Final.jar;C:\Users\hp\.m2\repository\io\netty\netty-transport\4.1.87.Final\netty-transport-4.1.87.Final.jar;C:\Users\hp\.m2\repository\io\netty\netty-resolver\4.1.87.Final\netty-resolver-4.1.87.Final.jar;C:\Users\hp\.m2\repository\io\opentelemetry\opentelemetry-api\1.22.0\opentelemetry-api-1.22.0.jar;C:\Users\hp\.m2\repository\io\opentelemetry\opentelemetry-context\1.22.0\opentelemetry-context-1.22.0.jar;C:\Users\hp\.m2\repository\io\opentelemetry\opentelemetry-exporter-logging\1.22.0\opentelemetry-exporter-logging-1.22.0.jar;C:\Users\hp\.m2\repository\io\opentelemetry\opentelemetry-sdk-metrics\1.22.0\opentelemetry-sdk-metrics-1.22.0.jar;C:\Users\hp\.m2\repository\io\opentelemetry\opentelemetry-sdk-logs\1.22.0-alpha\opentelemetry-sdk-logs-1.22.0-alpha.jar;C:\Users\hp\.m2\repository\io\opentelemetry\opentelemetry-api-logs\1.22.0-alpha\opentelemetry-api-logs-1.22.0-alpha.jar;C:\Users\hp\.m2\repository\io\opentelemetry\opentelemetry-sdk-common\1.22.0\opentelemetry-sdk-common-1.22.0.jar;C:\Users\hp\.m2\repository\io\opentelemetry\opentelemetry-sdk-extension-autoconfigure-spi\1.22.0\opentelemetry-sdk-extension-autoconfigure-spi-1.22.0.jar;C:\Users\hp\.m2\repository\io\opentelemetry\opentelemetry-sdk-extension-autoconfigure\1.22.0-alpha\opentelemetry-sdk-extension-autoconfigure-1.22.0-alpha.jar;C:\Users\hp\.m2\repository\io\opentelemetry\opentelemetry-sdk-trace\1.22.0\opentelemetry-sdk-trace-1.22.0.jar;C:\Users\hp\.m2\repository\io\opentelemetry\opentelemetry-sdk\1.22.0\opentelemetry-sdk-1.22.0.jar;C:\Users\hp\.m2\repository\io\opentelemetry\opentelemetry-semconv\1.22.0-alpha\opentelemetry-semconv-1.22.0-alpha.jar;C:\Users\hp\.m2\repository\io\ous\jtoml\2.0.0\jtoml-2.0.0.jar;C:\Users\hp\.m2\repository\org\apache\commons\commons-exec\1.3\commons-exec-1.3.jar;C:\Users\hp\.m2\repository\org\asynchttpclient\async-http-client\2.12.3\async-http-client-2.12.3.jar;C:\Users\hp\.m2\repository\org\asynchttpclient\async-http-client-netty-utils\2.12.3\async-http-client-netty-utils-2.12.3.jar;C:\Users\hp\.m2\repository\io\netty\netty-codec-socks\4.1.60.Final\netty-codec-socks-4.1.60.Final.jar;C:\Users\hp\.m2\repository\io\netty\netty-handler-proxy\4.1.60.Final\netty-handler-proxy-4.1.60.Final.jar;C:\Users\hp\.m2\repository\io\netty\netty-transport-native-epoll\4.1.60.Final\netty-transport-native-epoll-4.1.60.Final-linux-x86_64.jar;C:\Users\hp\.m2\repository\io\netty\netty-transport-native-kqueue\4.1.60.Final\netty-transport-native-kqueue-4.1.60.Final-osx-x86_64.jar;C:\Users\hp\.m2\repository\org\reactivestreams\reactive-streams\1.0.3\reactive-streams-1.0.3.jar;C:\Users\hp\.m2\repository\com\typesafe\netty\netty-reactive-streams\2.0.4\netty-reactive-streams-2.0.4.jar;C:\Users\hp\.m2\repository\org\seleniumhq\selenium\selenium-manager\4.8.1\selenium-manager-4.8.1.jar;C:\Users\hp\.m2\repository\org\seleniumhq\selenium\selenium-safari-driver\4.8.1\selenium-safari-driver-4.8.1.jar;C:\Users\hp\.m2\repository\org\seleniumhq\selenium\selenium-api\4.8.1\selenium-api-4.8.1.jar;C:\Users\hp\.m2\repository\org\seleniumhq\selenium\selenium-support\4.8.1\selenium-support-4.8.1.jar;C:\Users\hp\.m2\repository\com\google\auto\service\auto-service-annotations\1.0.1\auto-service-annotations-1.0.1.jar;C:\Users\hp\.m2\repository\com\google\auto\service\auto-service\1.0.1\auto-service-1.0.1.jar;C:\Users\hp\.m2\repository\com\google\auto\auto-common\1.2\auto-common-1.2.jar;C:\Users\hp\.m2\repository\org\seleniumhq\selenium\selenium-json\4.8.1\selenium-json-4.8.1.jar;C:\Users\hp\.m2\repository\org\seleniumhq\selenium\selenium-chrome-driver\4.8.1\selenium-chrome-driver-4.8.1.jar;C:\Users\hp\.m2\repository\org\seleniumhq\selenium\selenium-chromium-driver\4.8.1\selenium-chromium-driver-4.8.1.jar;C:\Users\hp\.m2\repository\org\seleniumhq\selenium\selenium-firefox-driver\4.8.1\selenium-firefox-driver-4.8.1.jar;C:\Users\hp\.m2\repository\org\seleniumhq\selenium\selenium-http\4.8.1\selenium-http-4.8.1.jar;C:\Users\hp\.m2\repository\dev\failsafe\failsafe\3.3.0\failsafe-3.3.0.jar;C:\Users\hp\.m2\repository\org\seleniumhq\selenium\selenium-edge-driver\4.8.1\selenium-edge-driver-4.8.1.jar;C:\Users\hp\.m2\repository\org\seleniumhq\selenium\selenium-ie-driver\4.8.1\selenium-ie-driver-4.8.1.jar;C:\Users\hp\.m2\repository\org\projectlombok\lombok\1.18.20\lombok-1.18.20.jar;C:\Users\hp\.m2\repository\io\appium\java-client\8.3.0\java-client-8.3.0.jar;C:\Users\hp\.m2\repository\commons-validator\commons-validator\1.7\commons-validator-1.7.jar;C:\Users\hp\.m2\repository\commons-digester\commons-digester\2.1\commons-digester-2.1.jar;C:\Users\hp\.m2\repository\org\apache\groovy\groovy\4.0.10\groovy-4.0.10.jar;C:\Users\hp\.m2\repository\net\sf\opencsv\opencsv\2.0\opencsv-2.0.jar;C:\Users\hp\.m2\repository\commons-beanutils\commons-beanutils\1.9.4\commons-beanutils-1.9.4.jar;C:\Users\hp\.m2\repository\org\apache\commons\commons-lang3\3.12.0\commons-lang3-3.12.0.jar;C:\Users\hp\.m2\repository\commons-collections\commons-collections\3.2.2\commons-collections-3.2.2.jar;C:\Users\hp\.m2\repository\org\fluentlenium\fluentlenium-core\0.10.2\fluentlenium-core-0.10.2.jar;C:\Users\hp\.m2\repository\io\github\bonigarcia\webdrivermanager\5.3.0\webdrivermanager-5.3.0.jar;C:\Users\hp\.m2\repository\com\github\docker-java\docker-java\3.2.13\docker-java-3.2.13.jar;C:\Users\hp\.m2\repository\com\github\docker-java\docker-java-core\3.2.13\docker-java-core-3.2.13.jar;C:\Users\hp\.m2\repository\com\github\docker-java\docker-java-api\3.2.13\docker-java-api-3.2.13.jar;C:\Users\hp\.m2\repository\org\apache\commons\commons-compress\1.21\commons-compress-1.21.jar;C:\Users\hp\.m2\repository\org\bouncycastle\bcpkix-jdk15on\1.64\bcpkix-jdk15on-1.64.jar;C:\Users\hp\.m2\repository\org\bouncycastle\bcprov-jdk15on\1.64\bcprov-jdk15on-1.64.jar;C:\Users\hp\.m2\repository\org\slf4j\jcl-over-slf4j\1.7.30\jcl-over-slf4j-1.7.30.jar;C:\Users\hp\.m2\repository\com\github\docker-java\docker-java-transport-httpclient5\3.2.13\docker-java-transport-httpclient5-3.2.13.jar;C:\Users\hp\.m2\repository\com\github\docker-java\docker-java-transport\3.2.13\docker-java-transport-3.2.13.jar;C:\Users\hp\.m2\repository\net\java\dev\jna\jna\5.8.0\jna-5.8.0.jar;C:\Users\hp\.m2\repository\org\brotli\dec\0.1.2\dec-0.1.2.jar;C:\Users\hp\.m2\repository\org\apache\httpcomponents\client5\httpclient5\5.1.3\httpclient5-5.1.3.jar;C:\Users\hp\.m2\repository\org\apache\httpcomponents\core5\httpcore5\5.1.3\httpcore5-5.1.3.jar;C:\Users\hp\.m2\repository\org\apache\httpcomponents\core5\httpcore5-h2\5.1.3\httpcore5-h2-5.1.3.jar;C:\Users\hp\.m2\repository\com\jhlabs\filters\2.0.235\filters-2.0.235.jar;C:\Users\hp\.m2\repository\com\paulhammant\ngwebdriver\1.1.6\ngwebdriver-1.1.6.jar;C:\Users\hp\.m2\repository\joda-time\joda-time\2.12.2\joda-time-2.12.2.jar;C:\Users\hp\.m2\repository\org\hamcrest\hamcrest\2.2\hamcrest-2.2.jar;C:\Users\hp\.m2\repository\com\google\jimfs\jimfs\1.2\jimfs-1.2.jar;C:\Users\hp\.m2\repository\org\mockito\mockito-core\3.3.3\mockito-core-3.3.3.jar;C:\Users\hp\.m2\repository\javax\xml\bind\jaxb-api\2.3.1\jaxb-api-2.3.1.jar;C:\Users\hp\.m2\repository\javax\activation\javax.activation-api\1.2.0\javax.activation-api-1.2.0.jar;C:\Users\hp\.m2\repository\com\sun\xml\bind\jaxb-core\2.3.0.1\jaxb-core-2.3.0.1.jar;C:\Users\hp\.m2\repository\com\sun\xml\bind\jaxb-impl\2.3.3\jaxb-impl-2.3.3.jar;C:\Users\hp\.m2\repository\jakarta\xml\bind\jakarta.xml.bind-api\2.3.3\jakarta.xml.bind-api-2.3.3.jar;C:\Users\hp\.m2\repository\com\sun\activation\jakarta.activation\1.2.2\jakarta.activation-1.2.2.jar;C:\Users\hp\.m2\repository\javax\activation\activation\1.1.1\activation-1.1.1.jar;C:\Users\hp\.m2\repository\net\serenity-bdd\serenity-cucumber\3.6.21\serenity-cucumber-3.6.21.jar;C:\Users\hp\.m2\repository\io\cucumber\cucumber-core\7.11.0\cucumber-core-7.11.0.jar;C:\Users\hp\.m2\repository\io\cucumber\cucumber-gherkin\7.11.0\cucumber-gherkin-7.11.0.jar;C:\Users\hp\.m2\repository\io\cucumber\cucumber-gherkin-messages\7.11.0\cucumber-gherkin-messages-7.11.0.jar;C:\Users\hp\.m2\repository\io\cucumber\gherkin\26.0.3\gherkin-26.0.3.jar;C:\Users\hp\.m2\repository\io\cucumber\messages\21.0.1\messages-21.0.1.jar;C:\Users\hp\.m2\repository\io\cucumber\tag-expressions\5.0.1\tag-expressions-5.0.1.jar;C:\Users\hp\.m2\repository\io\cucumber\cucumber-expressions\16.1.1\cucumber-expressions-16.1.1.jar;C:\Users\hp\.m2\repository\io\cucumber\datatable\7.11.0\datatable-7.11.0.jar;C:\Users\hp\.m2\repository\io\cucumber\cucumber-plugin\7.11.0\cucumber-plugin-7.11.0.jar;C:\Users\hp\.m2\repository\io\cucumber\docstring\7.11.0\docstring-7.11.0.jar;C:\Users\hp\.m2\repository\io\cucumber\html-formatter\20.2.1\html-formatter-20.2.1.jar;C:\Users\hp\.m2\repository\io\cucumber\junit-xml-formatter\0.1.0\junit-xml-formatter-0.1.0.jar;C:\Users\hp\.m2\repository\io\cucumber\ci-environment\9.1.0\ci-environment-9.1.0.jar;C:\Users\hp\.m2\repository\io\cucumber\cucumber-java\7.11.0\cucumber-java-7.11.0.jar;C:\Users\hp\.m2\repository\io\cucumber\cucumber-junit\7.11.0\cucumber-junit-7.11.0.jar;C:\Users\hp\.m2\repository\org\apache\commons\commons-csv\1.5\commons-csv-1.5.jar;C:\Users\hp\.m2\repository\net\serenity-bdd\serenity-screenplay\3.6.21\serenity-screenplay-3.6.21.jar;C:\Users\hp\.m2\repository\net\serenity-bdd\serenity-screenplay-webdriver\3.6.21\serenity-screenplay-webdriver-3.6.21.jar;C:\Users\hp\.m2\repository\net\serenity-bdd\serenity-ensure\3.6.21\serenity-ensure-3.6.21.jar;C:\Users\hp\.m2\repository\net\serenity-bdd\serenity-junit\3.6.21\serenity-junit-3.6.21.jar;C:\Users\hp\.m2\repository\org\jetbrains\kotlin\kotlin-stdlib\1.8.10\kotlin-stdlib-1.8.10.jar;C:\Users\hp\.m2\repository\org\jetbrains\kotlin\kotlin-stdlib-common\1.8.10\kotlin-stdlib-common-1.8.10.jar;C:\Users\hp\.m2\repository\org\jetbrains\annotations\13.0\annotations-13.0.jar;C:\Users\hp\.m2\repository\org\junit\platform\junit-platform-launcher\1.8.2\junit-platform-launcher-1.8.2.jar;C:\Users\hp\.m2\repository\org\junit\platform\junit-platform-engine\1.8.2\junit-platform-engine-1.8.2.jar;C:\Users\hp\.m2\repository\org\opentest4j\opentest4j\1.2.0\opentest4j-1.2.0.jar;C:\Users\hp\.m2\repository\org\junit\platform\junit-platform-commons\1.8.2\junit-platform-commons-1.8.2.jar;C:\Users\hp\.m2\repository\org\apiguardian\apiguardian-api\1.1.2\apiguardian-api-1.1.2.jar;C:\Users\hp\.m2\repository\org\junit\jupiter\junit-jupiter-engine\5.8.2\junit-jupiter-engine-5.8.2.jar;C:\Users\hp\.m2\repository\org\junit\jupiter\junit-jupiter-api\5.8.2\junit-jupiter-api-5.8.2.jar;C:\Users\hp\.m2\repository\org\junit\vintage\junit-vintage-engine\5.8.2\junit-vintage-engine-5.8.2.jar;C:\Users\hp\.m2\repository\junit\junit\4.13.2\junit-4.13.2.jar;C:\Users\hp\.m2\repository\org\hamcrest\hamcrest-core\1.3\hamcrest-core-1.3.jar;C:\Users\hp\.m2\repository\ch\qos\logback\logback-classic\1.2.10\logback-classic-1.2.10.jar;C:\Users\hp\.m2\repository\ch\qos\logback\logback-core\1.2.10\logback-core-1.2.10.jar;C:\Users\hp\.m2\repository\org\slf4j\slf4j-api\1.7.32\slf4j-api-1.7.32.jar;C:\Users\hp\.m2\repository\org\assertj\assertj-core\3.23.1\assertj-core-3.23.1.jar;C:\Users\hp\.m2\repository\net\bytebuddy\byte-buddy\1.12.10\byte-buddy-1.12.10.jar;"/>
    <property name="java.vm.vendor" value="Oracle Corporation"/>
    <property name="sun.arch.data.model" value="64"/>
    <property name="user.variant" value=""/>
    <property name="java.vendor.url" value="http://java.oracle.com/"/>
    <property name="user.timezone" value="Asia/Calcutta"/>
    <property name="java.vm.specification.version" value="1.8"/>
    <property name="os.name" value="Windows 10"/>
    <property name="user.country" value="IN"/>
    <property name="sun.java.launcher" value="SUN_STANDARD"/>
    <property name="sun.boot.library.path" value="C:\Program Files\Java\jdk1.8.0_202\jre\bin"/>
    <property name="sun.java.command" value="C:\Users\hp\AppData\Local\Temp\surefire6893616141863463266\surefirebooter3652615227941758497.jar C:\Users\hp\AppData\Local\Temp\surefire6893616141863463266 2023-07-19T14-23-04_999-jvmRun1 surefire7847201614533001602tmp surefire_0590933589423315773tmp"/>
    <property name="surefire.test.class.path" value="C:\Users\hp\eclipse-workspace\AfreximBank_SerenityBDD_Framework\target\test-classes;C:\Users\hp\eclipse-workspace\AfreximBank_SerenityBDD_Framework\target\AfreximBank_SerenityBDD_Framework-0.0.1-SNAPSHOT.jar;C:\Users\hp\.m2\repository\net\serenity-bdd\serenity-core\3.6.21\serenity-core-3.6.21.jar;C:\Users\hp\.m2\repository\net\serenity-bdd\serenity-model\3.6.21\serenity-model-3.6.21.jar;C:\Users\hp\.m2\repository\org\apache\commons\commons-text\1.10.0\commons-text-1.10.0.jar;C:\Users\hp\.m2\repository\commons-net\commons-net\3.9.0\commons-net-3.9.0.jar;C:\Users\hp\.m2\repository\com\google\guava\guava\31.1-jre\guava-31.1-jre.jar;C:\Users\hp\.m2\repository\com\google\guava\failureaccess\1.0.1\failureaccess-1.0.1.jar;C:\Users\hp\.m2\repository\com\google\guava\listenablefuture\9999.0-empty-to-avoid-conflict-with-guava\listenablefuture-9999.0-empty-to-avoid-conflict-with-guava.jar;C:\Users\hp\.m2\repository\com\google\code\findbugs\jsr305\3.0.2\jsr305-3.0.2.jar;C:\Users\hp\.m2\repository\org\checkerframework\checker-qual\3.12.0\checker-qual-3.12.0.jar;C:\Users\hp\.m2\repository\com\google\errorprone\error_prone_annotations\2.11.0\error_prone_annotations-2.11.0.jar;C:\Users\hp\.m2\repository\com\google\j2objc\j2objc-annotations\1.3\j2objc-annotations-1.3.jar;C:\Users\hp\.m2\repository\com\google\inject\guice\5.1.0\guice-5.1.0.jar;C:\Users\hp\.m2\repository\javax\inject\javax.inject\1\javax.inject-1.jar;C:\Users\hp\.m2\repository\aopalliance\aopalliance\1.0\aopalliance-1.0.jar;C:\Users\hp\.m2\repository\org\jsoup\jsoup\1.14.3\jsoup-1.14.3.jar;C:\Users\hp\.m2\repository\com\thoughtworks\xstream\xstream\1.4.20\xstream-1.4.20.jar;C:\Users\hp\.m2\repository\io\github\x-stream\mxparser\1.2.2\mxparser-1.2.2.jar;C:\Users\hp\.m2\repository\xmlpull\xmlpull\1.1.3.1\xmlpull-1.1.3.1.jar;C:\Users\hp\.m2\repository\com\typesafe\config\1.4.2\config-1.4.2.jar;C:\Users\hp\.m2\repository\org\imgscalr\imgscalr-lib\4.2\imgscalr-lib-4.2.jar;C:\Users\hp\.m2\repository\org\awaitility\awaitility\4.2.0\awaitility-4.2.0.jar;C:\Users\hp\.m2\repository\org\freemarker\freemarker\2.3.31\freemarker-2.3.31.jar;C:\Users\hp\.m2\repository\io\github\classgraph\classgraph\4.8.138\classgraph-4.8.138.jar;C:\Users\hp\.m2\repository\net\sourceforge\jexcelapi\jxl\2.6.12\jxl-2.6.12.jar;C:\Users\hp\.m2\repository\net\bytebuddy\byte-buddy-agent\1.14.2\byte-buddy-agent-1.14.2.jar;C:\Users\hp\.m2\repository\org\objenesis\objenesis\3.3\objenesis-3.3.jar;C:\Users\hp\.m2\repository\net\serenity-bdd\serenity-reports\3.6.21\serenity-reports-3.6.21.jar;C:\Users\hp\.m2\repository\net\serenity-bdd\serenity-stats\3.6.21\serenity-stats-3.6.21.jar;C:\Users\hp\.m2\repository\net\serenity-bdd\serenity-reports-configuration\3.6.21\serenity-reports-configuration-3.6.21.jar;C:\Users\hp\.m2\repository\com\vladsch\flexmark\flexmark-all\0.62.2\flexmark-all-0.62.2.jar;C:\Users\hp\.m2\repository\com\vladsch\flexmark\flexmark\0.62.2\flexmark-0.62.2.jar;C:\Users\hp\.m2\repository\com\vladsch\flexmark\flexmark-ext-abbreviation\0.62.2\flexmark-ext-abbreviation-0.62.2.jar;C:\Users\hp\.m2\repository\com\vladsch\flexmark\flexmark-util\0.62.2\flexmark-util-0.62.2.jar;C:\Users\hp\.m2\repository\com\vladsch\flexmark\flexmark-ext-admonition\0.62.2\flexmark-ext-admonition-0.62.2.jar;C:\Users\hp\.m2\repository\com\vladsch\flexmark\flexmark-ext-anchorlink\0.62.2\flexmark-ext-anchorlink-0.62.2.jar;C:\Users\hp\.m2\repository\com\vladsch\flexmark\flexmark-ext-aside\0.62.2\flexmark-ext-aside-0.62.2.jar;C:\Users\hp\.m2\repository\com\vladsch\flexmark\flexmark-ext-attributes\0.62.2\flexmark-ext-attributes-0.62.2.jar;C:\Users\hp\.m2\repository\com\vladsch\flexmark\flexmark-ext-autolink\0.62.2\flexmark-ext-autolink-0.62.2.jar;C:\Users\hp\.m2\repository\org\nibor\autolink\autolink\0.6.0\autolink-0.6.0.jar;C:\Users\hp\.m2\repository\com\vladsch\flexmark\flexmark-ext-definition\0.62.2\flexmark-ext-definition-0.62.2.jar;C:\Users\hp\.m2\repository\com\vladsch\flexmark\flexmark-ext-emoji\0.62.2\flexmark-ext-emoji-0.62.2.jar;C:\Users\hp\.m2\repository\com\vladsch\flexmark\flexmark-ext-enumerated-reference\0.62.2\flexmark-ext-enumerated-reference-0.62.2.jar;C:\Users\hp\.m2\repository\com\vladsch\flexmark\flexmark-ext-escaped-character\0.62.2\flexmark-ext-escaped-character-0.62.2.jar;C:\Users\hp\.m2\repository\com\vladsch\flexmark\flexmark-ext-footnotes\0.62.2\flexmark-ext-footnotes-0.62.2.jar;C:\Users\hp\.m2\repository\com\vladsch\flexmark\flexmark-ext-gfm-issues\0.62.2\flexmark-ext-gfm-issues-0.62.2.jar;C:\Users\hp\.m2\repository\com\vladsch\flexmark\flexmark-ext-gfm-strikethrough\0.62.2\flexmark-ext-gfm-strikethrough-0.62.2.jar;C:\Users\hp\.m2\repository\com\vladsch\flexmark\flexmark-ext-gfm-tasklist\0.62.2\flexmark-ext-gfm-tasklist-0.62.2.jar;C:\Users\hp\.m2\repository\com\vladsch\flexmark\flexmark-ext-gfm-users\0.62.2\flexmark-ext-gfm-users-0.62.2.jar;C:\Users\hp\.m2\repository\com\vladsch\flexmark\flexmark-ext-gitlab\0.62.2\flexmark-ext-gitlab-0.62.2.jar;C:\Users\hp\.m2\repository\com\vladsch\flexmark\flexmark-ext-jekyll-front-matter\0.62.2\flexmark-ext-jekyll-front-matter-0.62.2.jar;C:\Users\hp\.m2\repository\com\vladsch\flexmark\flexmark-ext-jekyll-tag\0.62.2\flexmark-ext-jekyll-tag-0.62.2.jar;C:\Users\hp\.m2\repository\com\vladsch\flexmark\flexmark-ext-media-tags\0.62.2\flexmark-ext-media-tags-0.62.2.jar;C:\Users\hp\.m2\repository\com\vladsch\flexmark\flexmark-ext-macros\0.62.2\flexmark-ext-macros-0.62.2.jar;C:\Users\hp\.m2\repository\com\vladsch\flexmark\flexmark-ext-ins\0.62.2\flexmark-ext-ins-0.62.2.jar;C:\Users\hp\.m2\repository\com\vladsch\flexmark\flexmark-ext-xwiki-macros\0.62.2\flexmark-ext-xwiki-macros-0.62.2.jar;C:\Users\hp\.m2\repository\com\vladsch\flexmark\flexmark-ext-superscript\0.62.2\flexmark-ext-superscript-0.62.2.jar;C:\Users\hp\.m2\repository\com\vladsch\flexmark\flexmark-ext-tables\0.62.2\flexmark-ext-tables-0.62.2.jar;C:\Users\hp\.m2\repository\com\vladsch\flexmark\flexmark-ext-toc\0.62.2\flexmark-ext-toc-0.62.2.jar;C:\Users\hp\.m2\repository\com\vladsch\flexmark\flexmark-ext-typographic\0.62.2\flexmark-ext-typographic-0.62.2.jar;C:\Users\hp\.m2\repository\com\vladsch\flexmark\flexmark-ext-wikilink\0.62.2\flexmark-ext-wikilink-0.62.2.jar;C:\Users\hp\.m2\repository\com\vladsch\flexmark\flexmark-ext-yaml-front-matter\0.62.2\flexmark-ext-yaml-front-matter-0.62.2.jar;C:\Users\hp\.m2\repository\com\vladsch\flexmark\flexmark-ext-youtube-embedded\0.62.2\flexmark-ext-youtube-embedded-0.62.2.jar;C:\Users\hp\.m2\repository\com\vladsch\flexmark\flexmark-html2md-converter\0.62.2\flexmark-html2md-converter-0.62.2.jar;C:\Users\hp\.m2\repository\com\vladsch\flexmark\flexmark-jira-converter\0.62.2\flexmark-jira-converter-0.62.2.jar;C:\Users\hp\.m2\repository\com\vladsch\flexmark\flexmark-pdf-converter\0.62.2\flexmark-pdf-converter-0.62.2.jar;C:\Users\hp\.m2\repository\com\openhtmltopdf\openhtmltopdf-core\1.0.0\openhtmltopdf-core-1.0.0.jar;C:\Users\hp\.m2\repository\com\openhtmltopdf\openhtmltopdf-pdfbox\1.0.0\openhtmltopdf-pdfbox-1.0.0.jar;C:\Users\hp\.m2\repository\org\apache\pdfbox\pdfbox\2.0.16\pdfbox-2.0.16.jar;C:\Users\hp\.m2\repository\org\apache\pdfbox\fontbox\2.0.16\fontbox-2.0.16.jar;C:\Users\hp\.m2\repository\org\apache\pdfbox\xmpbox\2.0.16\xmpbox-2.0.16.jar;C:\Users\hp\.m2\repository\de\rototor\pdfbox\graphics2d\0.24\graphics2d-0.24.jar;C:\Users\hp\.m2\repository\com\openhtmltopdf\openhtmltopdf-rtl-support\1.0.0\openhtmltopdf-rtl-support-1.0.0.jar;C:\Users\hp\.m2\repository\com\openhtmltopdf\openhtmltopdf-jsoup-dom-converter\1.0.0\openhtmltopdf-jsoup-dom-converter-1.0.0.jar;C:\Users\hp\.m2\repository\com\vladsch\flexmark\flexmark-profile-pegdown\0.62.2\flexmark-profile-pegdown-0.62.2.jar;C:\Users\hp\.m2\repository\com\vladsch\flexmark\flexmark-util-ast\0.62.2\flexmark-util-ast-0.62.2.jar;C:\Users\hp\.m2\repository\com\vladsch\flexmark\flexmark-util-builder\0.62.2\flexmark-util-builder-0.62.2.jar;C:\Users\hp\.m2\repository\com\vladsch\flexmark\flexmark-util-collection\0.62.2\flexmark-util-collection-0.62.2.jar;C:\Users\hp\.m2\repository\com\vladsch\flexmark\flexmark-util-data\0.62.2\flexmark-util-data-0.62.2.jar;C:\Users\hp\.m2\repository\com\vladsch\flexmark\flexmark-util-dependency\0.62.2\flexmark-util-dependency-0.62.2.jar;C:\Users\hp\.m2\repository\com\vladsch\flexmark\flexmark-util-format\0.62.2\flexmark-util-format-0.62.2.jar;C:\Users\hp\.m2\repository\com\vladsch\flexmark\flexmark-util-html\0.62.2\flexmark-util-html-0.62.2.jar;C:\Users\hp\.m2\repository\com\vladsch\flexmark\flexmark-util-misc\0.62.2\flexmark-util-misc-0.62.2.jar;C:\Users\hp\.m2\repository\com\vladsch\flexmark\flexmark-util-options\0.62.2\flexmark-util-options-0.62.2.jar;C:\Users\hp\.m2\repository\com\vladsch\flexmark\flexmark-util-sequence\0.62.2\flexmark-util-sequence-0.62.2.jar;C:\Users\hp\.m2\repository\com\vladsch\flexmark\flexmark-util-visitor\0.62.2\flexmark-util-visitor-0.62.2.jar;C:\Users\hp\.m2\repository\com\vladsch\flexmark\flexmark-youtrack-converter\0.62.2\flexmark-youtrack-converter-0.62.2.jar;C:\Users\hp\.m2\repository\com\ibm\icu\icu4j\72.1\icu4j-72.1.jar;C:\Users\hp\.m2\repository\es\nitaur\markdown\txtmark\0.16\txtmark-0.16.jar;C:\Users\hp\.m2\repository\net\serenity-bdd\serenity-report-resources\3.6.21\serenity-report-resources-3.6.21.jar;C:\Users\hp\.m2\repository\com\google\code\gson\gson\2.10.1\gson-2.10.1.jar;C:\Users\hp\.m2\repository\com\fasterxml\jackson\core\jackson-core\2.15.0-rc1\jackson-core-2.15.0-rc1.jar;C:\Users\hp\.m2\repository\com\fasterxml\jackson\core\jackson-databind\2.15.0-rc1\jackson-databind-2.15.0-rc1.jar;C:\Users\hp\.m2\repository\com\fasterxml\jackson\core\jackson-annotations\2.15.0-rc1\jackson-annotations-2.15.0-rc1.jar;C:\Users\hp\.m2\repository\commons-codec\commons-codec\1.15\commons-codec-1.15.jar;C:\Users\hp\.m2\repository\commons-io\commons-io\2.11.0\commons-io-2.11.0.jar;C:\Users\hp\.m2\repository\org\apache\httpcomponents\httpclient\4.5.13\httpclient-4.5.13.jar;C:\Users\hp\.m2\repository\org\apache\httpcomponents\httpcore\4.4.13\httpcore-4.4.13.jar;C:\Users\hp\.m2\repository\commons-logging\commons-logging\1.2\commons-logging-1.2.jar;C:\Users\hp\.m2\repository\org\seleniumhq\selenium\selenium-java\4.8.1\selenium-java-4.8.1.jar;C:\Users\hp\.m2\repository\org\seleniumhq\selenium\selenium-devtools-v108\4.8.1\selenium-devtools-v108-4.8.1.jar;C:\Users\hp\.m2\repository\org\seleniumhq\selenium\selenium-devtools-v109\4.8.1\selenium-devtools-v109-4.8.1.jar;C:\Users\hp\.m2\repository\org\seleniumhq\selenium\selenium-devtools-v110\4.8.1\selenium-devtools-v110-4.8.1.jar;C:\Users\hp\.m2\repository\org\seleniumhq\selenium\selenium-devtools-v85\4.8.1\selenium-devtools-v85-4.8.1.jar;C:\Users\hp\.m2\repository\org\seleniumhq\selenium\selenium-remote-driver\4.8.1\selenium-remote-driver-4.8.1.jar;C:\Users\hp\.m2\repository\com\beust\jcommander\1.82\jcommander-1.82.jar;C:\Users\hp\.m2\repository\io\netty\netty-buffer\4.1.87.Final\netty-buffer-4.1.87.Final.jar;C:\Users\hp\.m2\repository\io\netty\netty-codec-http\4.1.87.Final\netty-codec-http-4.1.87.Final.jar;C:\Users\hp\.m2\repository\io\netty\netty-codec\4.1.87.Final\netty-codec-4.1.87.Final.jar;C:\Users\hp\.m2\repository\io\netty\netty-handler\4.1.87.Final\netty-handler-4.1.87.Final.jar;C:\Users\hp\.m2\repository\io\netty\netty-common\4.1.87.Final\netty-common-4.1.87.Final.jar;C:\Users\hp\.m2\repository\io\netty\netty-transport-classes-epoll\4.1.87.Final\netty-transport-classes-epoll-4.1.87.Final.jar;C:\Users\hp\.m2\repository\io\netty\netty-transport-classes-kqueue\4.1.87.Final\netty-transport-classes-kqueue-4.1.87.Final.jar;C:\Users\hp\.m2\repository\io\netty\netty-transport-native-epoll\4.1.87.Final\netty-transport-native-epoll-4.1.87.Final.jar;C:\Users\hp\.m2\repository\io\netty\netty-transport-native-kqueue\4.1.87.Final\netty-transport-native-kqueue-4.1.87.Final.jar;C:\Users\hp\.m2\repository\io\netty\netty-transport-native-unix-common\4.1.87.Final\netty-transport-native-unix-common-4.1.87.Final.jar;C:\Users\hp\.m2\repository\io\netty\netty-transport\4.1.87.Final\netty-transport-4.1.87.Final.jar;C:\Users\hp\.m2\repository\io\netty\netty-resolver\4.1.87.Final\netty-resolver-4.1.87.Final.jar;C:\Users\hp\.m2\repository\io\opentelemetry\opentelemetry-api\1.22.0\opentelemetry-api-1.22.0.jar;C:\Users\hp\.m2\repository\io\opentelemetry\opentelemetry-context\1.22.0\opentelemetry-context-1.22.0.jar;C:\Users\hp\.m2\repository\io\opentelemetry\opentelemetry-exporter-logging\1.22.0\opentelemetry-exporter-logging-1.22.0.jar;C:\Users\hp\.m2\repository\io\opentelemetry\opentelemetry-sdk-metrics\1.22.0\opentelemetry-sdk-metrics-1.22.0.jar;C:\Users\hp\.m2\repository\io\opentelemetry\opentelemetry-sdk-logs\1.22.0-alpha\opentelemetry-sdk-logs-1.22.0-alpha.jar;C:\Users\hp\.m2\repository\io\opentelemetry\opentelemetry-api-logs\1.22.0-alpha\opentelemetry-api-logs-1.22.0-alpha.jar;C:\Users\hp\.m2\repository\io\opentelemetry\opentelemetry-sdk-common\1.22.0\opentelemetry-sdk-common-1.22.0.jar;C:\Users\hp\.m2\repository\io\opentelemetry\opentelemetry-sdk-extension-autoconfigure-spi\1.22.0\opentelemetry-sdk-extension-autoconfigure-spi-1.22.0.jar;C:\Users\hp\.m2\repository\io\opentelemetry\opentelemetry-sdk-extension-autoconfigure\1.22.0-alpha\opentelemetry-sdk-extension-autoconfigure-1.22.0-alpha.jar;C:\Users\hp\.m2\repository\io\opentelemetry\opentelemetry-sdk-trace\1.22.0\opentelemetry-sdk-trace-1.22.0.jar;C:\Users\hp\.m2\repository\io\opentelemetry\opentelemetry-sdk\1.22.0\opentelemetry-sdk-1.22.0.jar;C:\Users\hp\.m2\repository\io\opentelemetry\opentelemetry-semconv\1.22.0-alpha\opentelemetry-semconv-1.22.0-alpha.jar;C:\Users\hp\.m2\repository\io\ous\jtoml\2.0.0\jtoml-2.0.0.jar;C:\Users\hp\.m2\repository\org\apache\commons\commons-exec\1.3\commons-exec-1.3.jar;C:\Users\hp\.m2\repository\org\asynchttpclient\async-http-client\2.12.3\async-http-client-2.12.3.jar;C:\Users\hp\.m2\repository\org\asynchttpclient\async-http-client-netty-utils\2.12.3\async-http-client-netty-utils-2.12.3.jar;C:\Users\hp\.m2\repository\io\netty\netty-codec-socks\4.1.60.Final\netty-codec-socks-4.1.60.Final.jar;C:\Users\hp\.m2\repository\io\netty\netty-handler-proxy\4.1.60.Final\netty-handler-proxy-4.1.60.Final.jar;C:\Users\hp\.m2\repository\io\netty\netty-transport-native-epoll\4.1.60.Final\netty-transport-native-epoll-4.1.60.Final-linux-x86_64.jar;C:\Users\hp\.m2\repository\io\netty\netty-transport-native-kqueue\4.1.60.Final\netty-transport-native-kqueue-4.1.60.Final-osx-x86_64.jar;C:\Users\hp\.m2\repository\org\reactivestreams\reactive-streams\1.0.3\reactive-streams-1.0.3.jar;C:\Users\hp\.m2\repository\com\typesafe\netty\netty-reactive-streams\2.0.4\netty-reactive-streams-2.0.4.jar;C:\Users\hp\.m2\repository\org\seleniumhq\selenium\selenium-manager\4.8.1\selenium-manager-4.8.1.jar;C:\Users\hp\.m2\repository\org\seleniumhq\selenium\selenium-safari-driver\4.8.1\selenium-safari-driver-4.8.1.jar;C:\Users\hp\.m2\repository\org\seleniumhq\selenium\selenium-api\4.8.1\selenium-api-4.8.1.jar;C:\Users\hp\.m2\repository\org\seleniumhq\selenium\selenium-support\4.8.1\selenium-support-4.8.1.jar;C:\Users\hp\.m2\repository\com\google\auto\service\auto-service-annotations\1.0.1\auto-service-annotations-1.0.1.jar;C:\Users\hp\.m2\repository\com\google\auto\service\auto-service\1.0.1\auto-service-1.0.1.jar;C:\Users\hp\.m2\repository\com\google\auto\auto-common\1.2\auto-common-1.2.jar;C:\Users\hp\.m2\repository\org\seleniumhq\selenium\selenium-json\4.8.1\selenium-json-4.8.1.jar;C:\Users\hp\.m2\repository\org\seleniumhq\selenium\selenium-chrome-driver\4.8.1\selenium-chrome-driver-4.8.1.jar;C:\Users\hp\.m2\repository\org\seleniumhq\selenium\selenium-chromium-driver\4.8.1\selenium-chromium-driver-4.8.1.jar;C:\Users\hp\.m2\repository\org\seleniumhq\selenium\selenium-firefox-driver\4.8.1\selenium-firefox-driver-4.8.1.jar;C:\Users\hp\.m2\repository\org\seleniumhq\selenium\selenium-http\4.8.1\selenium-http-4.8.1.jar;C:\Users\hp\.m2\repository\dev\failsafe\failsafe\3.3.0\failsafe-3.3.0.jar;C:\Users\hp\.m2\repository\org\seleniumhq\selenium\selenium-edge-driver\4.8.1\selenium-edge-driver-4.8.1.jar;C:\Users\hp\.m2\repository\org\seleniumhq\selenium\selenium-ie-driver\4.8.1\selenium-ie-driver-4.8.1.jar;C:\Users\hp\.m2\repository\org\projectlombok\lombok\1.18.20\lombok-1.18.20.jar;C:\Users\hp\.m2\repository\io\appium\java-client\8.3.0\java-client-8.3.0.jar;C:\Users\hp\.m2\repository\commons-validator\commons-validator\1.7\commons-validator-1.7.jar;C:\Users\hp\.m2\repository\commons-digester\commons-digester\2.1\commons-digester-2.1.jar;C:\Users\hp\.m2\repository\org\apache\groovy\groovy\4.0.10\groovy-4.0.10.jar;C:\Users\hp\.m2\repository\net\sf\opencsv\opencsv\2.0\opencsv-2.0.jar;C:\Users\hp\.m2\repository\commons-beanutils\commons-beanutils\1.9.4\commons-beanutils-1.9.4.jar;C:\Users\hp\.m2\repository\org\apache\commons\commons-lang3\3.12.0\commons-lang3-3.12.0.jar;C:\Users\hp\.m2\repository\commons-collections\commons-collections\3.2.2\commons-collections-3.2.2.jar;C:\Users\hp\.m2\repository\org\fluentlenium\fluentlenium-core\0.10.2\fluentlenium-core-0.10.2.jar;C:\Users\hp\.m2\repository\io\github\bonigarcia\webdrivermanager\5.3.0\webdrivermanager-5.3.0.jar;C:\Users\hp\.m2\repository\com\github\docker-java\docker-java\3.2.13\docker-java-3.2.13.jar;C:\Users\hp\.m2\repository\com\github\docker-java\docker-java-core\3.2.13\docker-java-core-3.2.13.jar;C:\Users\hp\.m2\repository\com\github\docker-java\docker-java-api\3.2.13\docker-java-api-3.2.13.jar;C:\Users\hp\.m2\repository\org\apache\commons\commons-compress\1.21\commons-compress-1.21.jar;C:\Users\hp\.m2\repository\org\bouncycastle\bcpkix-jdk15on\1.64\bcpkix-jdk15on-1.64.jar;C:\Users\hp\.m2\repository\org\bouncycastle\bcprov-jdk15on\1.64\bcprov-jdk15on-1.64.jar;C:\Users\hp\.m2\repository\org\slf4j\jcl-over-slf4j\1.7.30\jcl-over-slf4j-1.7.30.jar;C:\Users\hp\.m2\repository\com\github\docker-java\docker-java-transport-httpclient5\3.2.13\docker-java-transport-httpclient5-3.2.13.jar;C:\Users\hp\.m2\repository\com\github\docker-java\docker-java-transport\3.2.13\docker-java-transport-3.2.13.jar;C:\Users\hp\.m2\repository\net\java\dev\jna\jna\5.8.0\jna-5.8.0.jar;C:\Users\hp\.m2\repository\org\brotli\dec\0.1.2\dec-0.1.2.jar;C:\Users\hp\.m2\repository\org\apache\httpcomponents\client5\httpclient5\5.1.3\httpclient5-5.1.3.jar;C:\Users\hp\.m2\repository\org\apache\httpcomponents\core5\httpcore5\5.1.3\httpcore5-5.1.3.jar;C:\Users\hp\.m2\repository\org\apache\httpcomponents\core5\httpcore5-h2\5.1.3\httpcore5-h2-5.1.3.jar;C:\Users\hp\.m2\repository\com\jhlabs\filters\2.0.235\filters-2.0.235.jar;C:\Users\hp\.m2\repository\com\paulhammant\ngwebdriver\1.1.6\ngwebdriver-1.1.6.jar;C:\Users\hp\.m2\repository\joda-time\joda-time\2.12.2\joda-time-2.12.2.jar;C:\Users\hp\.m2\repository\org\hamcrest\hamcrest\2.2\hamcrest-2.2.jar;C:\Users\hp\.m2\repository\com\google\jimfs\jimfs\1.2\jimfs-1.2.jar;C:\Users\hp\.m2\repository\org\mockito\mockito-core\3.3.3\mockito-core-3.3.3.jar;C:\Users\hp\.m2\repository\javax\xml\bind\jaxb-api\2.3.1\jaxb-api-2.3.1.jar;C:\Users\hp\.m2\repository\javax\activation\javax.activation-api\1.2.0\javax.activation-api-1.2.0.jar;C:\Users\hp\.m2\repository\com\sun\xml\bind\jaxb-core\2.3.0.1\jaxb-core-2.3.0.1.jar;C:\Users\hp\.m2\repository\com\sun\xml\bind\jaxb-impl\2.3.3\jaxb-impl-2.3.3.jar;C:\Users\hp\.m2\repository\jakarta\xml\bind\jakarta.xml.bind-api\2.3.3\jakarta.xml.bind-api-2.3.3.jar;C:\Users\hp\.m2\repository\com\sun\activation\jakarta.activation\1.2.2\jakarta.activation-1.2.2.jar;C:\Users\hp\.m2\repository\javax\activation\activation\1.1.1\activation-1.1.1.jar;C:\Users\hp\.m2\repository\net\serenity-bdd\serenity-cucumber\3.6.21\serenity-cucumber-3.6.21.jar;C:\Users\hp\.m2\repository\io\cucumber\cucumber-core\7.11.0\cucumber-core-7.11.0.jar;C:\Users\hp\.m2\repository\io\cucumber\cucumber-gherkin\7.11.0\cucumber-gherkin-7.11.0.jar;C:\Users\hp\.m2\repository\io\cucumber\cucumber-gherkin-messages\7.11.0\cucumber-gherkin-messages-7.11.0.jar;C:\Users\hp\.m2\repository\io\cucumber\gherkin\26.0.3\gherkin-26.0.3.jar;C:\Users\hp\.m2\repository\io\cucumber\messages\21.0.1\messages-21.0.1.jar;C:\Users\hp\.m2\repository\io\cucumber\tag-expressions\5.0.1\tag-expressions-5.0.1.jar;C:\Users\hp\.m2\repository\io\cucumber\cucumber-expressions\16.1.1\cucumber-expressions-16.1.1.jar;C:\Users\hp\.m2\repository\io\cucumber\datatable\7.11.0\datatable-7.11.0.jar;C:\Users\hp\.m2\repository\io\cucumber\cucumber-plugin\7.11.0\cucumber-plugin-7.11.0.jar;C:\Users\hp\.m2\repository\io\cucumber\docstring\7.11.0\docstring-7.11.0.jar;C:\Users\hp\.m2\repository\io\cucumber\html-formatter\20.2.1\html-formatter-20.2.1.jar;C:\Users\hp\.m2\repository\io\cucumber\junit-xml-formatter\0.1.0\junit-xml-formatter-0.1.0.jar;C:\Users\hp\.m2\repository\io\cucumber\ci-environment\9.1.0\ci-environment-9.1.0.jar;C:\Users\hp\.m2\repository\io\cucumber\cucumber-java\7.11.0\cucumber-java-7.11.0.jar;C:\Users\hp\.m2\repository\io\cucumber\cucumber-junit\7.11.0\cucumber-junit-7.11.0.jar;C:\Users\hp\.m2\repository\org\apache\commons\commons-csv\1.5\commons-csv-1.5.jar;C:\Users\hp\.m2\repository\net\serenity-bdd\serenity-screenplay\3.6.21\serenity-screenplay-3.6.21.jar;C:\Users\hp\.m2\repository\net\serenity-bdd\serenity-screenplay-webdriver\3.6.21\serenity-screenplay-webdriver-3.6.21.jar;C:\Users\hp\.m2\repository\net\serenity-bdd\serenity-ensure\3.6.21\serenity-ensure-3.6.21.jar;C:\Users\hp\.m2\repository\net\serenity-bdd\serenity-junit\3.6.21\serenity-junit-3.6.21.jar;C:\Users\hp\.m2\repository\org\jetbrains\kotlin\kotlin-stdlib\1.8.10\kotlin-stdlib-1.8.10.jar;C:\Users\hp\.m2\repository\org\jetbrains\kotlin\kotlin-stdlib-common\1.8.10\kotlin-stdlib-common-1.8.10.jar;C:\Users\hp\.m2\repository\org\jetbrains\annotations\13.0\annotations-13.0.jar;C:\Users\hp\.m2\repository\org\junit\platform\junit-platform-launcher\1.8.2\junit-platform-launcher-1.8.2.jar;C:\Users\hp\.m2\repository\org\junit\platform\junit-platform-engine\1.8.2\junit-platform-engine-1.8.2.jar;C:\Users\hp\.m2\repository\org\opentest4j\opentest4j\1.2.0\opentest4j-1.2.0.jar;C:\Users\hp\.m2\repository\org\junit\platform\junit-platform-commons\1.8.2\junit-platform-commons-1.8.2.jar;C:\Users\hp\.m2\repository\org\apiguardian\apiguardian-api\1.1.2\apiguardian-api-1.1.2.jar;C:\Users\hp\.m2\repository\org\junit\jupiter\junit-jupiter-engine\5.8.2\junit-jupiter-engine-5.8.2.jar;C:\Users\hp\.m2\repository\org\junit\jupiter\junit-jupiter-api\5.8.2\junit-jupiter-api-5.8.2.jar;C:\Users\hp\.m2\repository\org\junit\vintage\junit-vintage-engine\5.8.2\junit-vintage-engine-5.8.2.jar;C:\Users\hp\.m2\repository\junit\junit\4.13.2\junit-4.13.2.jar;C:\Users\hp\.m2\repository\org\hamcrest\hamcrest-core\1.3\hamcrest-core-1.3.jar;C:\Users\hp\.m2\repository\ch\qos\logback\logback-classic\1.2.10\logback-classic-1.2.10.jar;C:\Users\hp\.m2\repository\ch\qos\logback\logback-core\1.2.10\logback-core-1.2.10.jar;C:\Users\hp\.m2\repository\org\slf4j\slf4j-api\1.7.32\slf4j-api-1.7.32.jar;C:\Users\hp\.m2\repository\org\assertj\assertj-core\3.23.1\assertj-core-3.23.1.jar;C:\Users\hp\.m2\repository\net\bytebuddy\byte-buddy\1.12.10\byte-buddy-1.12.10.jar;"/>
    <property name="sun.cpu.endian" value="little"/>
    <property name="user.home" value="C:\Users\hp"/>
    <property name="user.language" value="en"/>
    <property name="java.specification.vendor" value="Oracle Corporation"/>
    <property name="java.home" value="C:\Program Files\Java\jdk1.8.0_202\jre"/>
    <property name="basedir" value="C:\Users\hp\eclipse-workspace\AfreximBank_SerenityBDD_Framework"/>
    <property name="file.separator" value="\"/>
    <property name="line.separator" value="&#10;"/>
    <property name="java.vm.specification.vendor" value="Oracle Corporation"/>
    <property name="java.specification.name" value="Java Platform API Specification"/>
    <property name="java.awt.graphicsenv" value="sun.awt.Win32GraphicsEnvironment"/>
    <property name="surefire.real.class.path" value="C:\Users\hp\AppData\Local\Temp\surefire6893616141863463266\surefirebooter3652615227941758497.jar"/>
    <property name="sun.boot.class.path" value="C:\Program Files\Java\jdk1.8.0_202\jre\lib\resources.jar;C:\Program Files\Java\jdk1.8.0_202\jre\lib\rt.jar;C:\Program Files\Java\jdk1.8.0_202\jre\lib\sunrsasign.jar;C:\Program Files\Java\jdk1.8.0_202\jre\lib\jsse.jar;C:\Program Files\Java\jdk1.8.0_202\jre\lib\jce.jar;C:\Program Files\Java\jdk1.8.0_202\jre\lib\charsets.jar;C:\Program Files\Java\jdk1.8.0_202\jre\lib\jfr.jar;C:\Program Files\Java\jdk1.8.0_202\jre\classes"/>
    <property name="user.script" value=""/>
    <property name="java.protocol.handler.pkgs" value="com.google.common"/>
    <property name="sun.management.compiler" value="HotSpot 64-Bit Tiered Compilers"/>
    <property name="java.runtime.version" value="1.8.0_202-b08"/>
    <property name="user.name" value="hp"/>
    <property name="path.separator" value=";"/>
    <property name="os.version" value="10.0"/>
    <property name="java.endorsed.dirs" value="C:\Program Files\Java\jdk1.8.0_202\jre\lib\endorsed"/>
    <property name="java.runtime.name" value="Java(TM) SE Runtime Environment"/>
    <property name="file.encoding" value="Cp1252"/>
    <property name="webdriver.base.url" value=""/>
    <property name="java.vm.name" value="Java HotSpot(TM) 64-Bit Server VM"/>
    <property name="localRepository" value="C:\Users\hp\.m2\repository"/>
    <property name="java.vendor.url.bug" value="http://bugreport.sun.com/bugreport/"/>
    <property name="java.io.tmpdir" value="C:\Users\hp\AppData\Local\Temp\"/>
    <property name="java.version" value="1.8.0_202"/>
    <property name="user.dir" value="C:\Users\hp\eclipse-workspace\AfreximBank_SerenityBDD_Framework"/>
    <property name="os.arch" value="amd64"/>
    <property name="java.vm.specification.name" value="Java Virtual Machine Specification"/>
    <property name="java.awt.printerjob" value="sun.awt.windows.WPrinterJob"/>
    <property name="sun.os.patch.level" value=""/>
    <property name="java.library.path" value="C:\Program Files\Java\jdk1.8.0_202\jre\bin;C:\WINDOWS\Sun\Java\bin;C:\WINDOWS\system32;C:\WINDOWS;C:\Program Files\Java\jdk1.8.0_202\bin;C:\Program Files (x86)\Common Files\Oracle\Java\javapath;C:\Users\hp\PycharmProjects\HybridBehaveFramework;C:\WINDOWS;C:\WINDOWS\System32\Wbem;C:\WINDOWS\System32\WindowsPowerShell\v1.0\;C:\WINDOWS\System32\OpenSSH\;C:\users\shobiya\AppData\Programs\Python\Python39;C:\Program Files\nodejs\;C:\Program Files\Git\cmd;C:\WINDOWS\system32;C:\Program Files\Microsoft SQL Server\150\Tools\Binn\;C:\Program Files\Microsoft SQL Server\Client SDK\ODBC\170\Tools\Binn\;C:\Program Files\dotnet\;C:\Users\hp\Downloads\apache-maven-3.9.2-bin\apache-maven-3.9.2\bin;C:\Program Files\MySQL\MySQL Shell 8.0\bin\;C:\Users\hp\AppData\Local\Microsoft\WindowsApps;C:\Program Files\JetBrains\IntelliJ IDEA Community Edition 2022.3\bin;C:\Users\hp\AppData\Roaming\npm;C:\Users\hp\AppData\Local\Programs\Microsoft VS Code\bin;C:\Users\hp\.dotnet\tools;."/>
    <property name="java.vm.info" value="mixed mode"/>
    <property name="java.vendor" value="Oracle Corporation"/>
    <property name="java.vm.version" value="25.202-b08"/>
    <property name="java.ext.dirs" value="C:\Program Files\Java\jdk1.8.0_202\jre\lib\ext;C:\WINDOWS\Sun\Java\lib\ext"/>
    <property name="sun.io.unicode.encoding" value="UnicodeLittle"/>
    <property name="java.class.version" value="52.0"/>
  </properties>
  <testcase name="To validate the forgot password functionality with valid and invalid credentials. #1" classname="To test the forgot password functionality" time="35.823">
    <system-out><![CDATA[14:23:10.321 [main] DEBUG net.thucydides.core.guice.Injectors - Created injector for module net.thucydides.core.guice.ThucydidesModule
14:23:11.255 [main] DEBUG io.cucumber.core.plugin.SerenityReporter - Running feature from file:///C:/Users/hp/eclipse-workspace/AfreximBank_SerenityBDD_Framework/src/test/resources/Afrexim_features/Afrexim_ForgotPassword.feature
14:23:11.256 [main] WARN io.cucumber.core.plugin.SerenityReporter - Feature from file:///C:/Users/hp/eclipse-workspace/AfreximBank_SerenityBDD_Framework/src/test/resources/Afrexim_features/Afrexim_ForgotPassword.feature is not under the 'features' directory. Requirements report will not be correctly generated!
14:23:11.749 [main] DEBUG net.thucydides.core.guice.Injectors - Created injector for module net.thucydides.core.guice.webdriver.WebDriverModule
14:23:11.838 [main] INFO  - 

-------------------------------------------------------------------------------------
     _______. _______ .______       _______ .__   __.  __  .___________.____    ____ 
    /       ||   ____||   _  \     |   ____||  \ |  | |  | |           |\   \  /   / 
   |   (----`|  |__   |  |_)  |    |  |__   |   \|  | |  | `---|  |----` \   \/   /  
    \   \    |   __|  |      /     |   __|  |  . `  | |  |     |  |       \_    _/   
.----)   |   |  |____ |  |\  \----.|  |____ |  |\   | |  |     |  |         |  |     
|_______/    |_______|| _| `._____||_______||__| \__| |__|     |__|         |__|    
                                                                                     
 News and tutorials at http://www.serenity-bdd.info                                  
 Documentation at https://wakaleo.gitbooks.io/the-serenity-book/content/             
 Join the Serenity Community on Gitter: https://gitter.im/serenity-bdd/serenity-core 
 Serenity BDD Support and Training at http://serenity-bdd.info/#/trainingandsupport  
-------------------------------------------------------------------------------------

14:23:11.843 [main] DEBUG net.thucydides.core.steps.StepEventBus - Test suite started for story net.thucydides.core.model.Story@eb4b12a9
14:23:11.846 [main] INFO  - Test Suite Started: To test the forgot password functionality
14:23:11.876 [main] DEBUG io.cucumber.core.plugin.SerenityReporter - Running feature from file:///C:/Users/hp/eclipse-workspace/AfreximBank_SerenityBDD_Framework/src/test/resources/Afrexim_features/Afrexim_Our_Bank.feature
14:23:11.876 [main] WARN io.cucumber.core.plugin.SerenityReporter - Feature from file:///C:/Users/hp/eclipse-workspace/AfreximBank_SerenityBDD_Framework/src/test/resources/Afrexim_features/Afrexim_Our_Bank.feature is not under the 'features' directory. Requirements report will not be correctly generated!
14:23:11.887 [main] DEBUG net.thucydides.core.steps.StepEventBus - Test suite started for story net.thucydides.core.model.Story@24319af2
14:23:11.889 [main] INFO  - Test Suite Started: To Test the Our Bank Option in the home page
14:23:11.890 [main] DEBUG io.cucumber.core.plugin.SerenityReporter - Running feature from file:///C:/Users/hp/eclipse-workspace/AfreximBank_SerenityBDD_Framework/src/test/resources/Afrexim_features/Afrexim_Products&Services.feature
14:23:11.890 [main] WARN io.cucumber.core.plugin.SerenityReporter - Feature from file:///C:/Users/hp/eclipse-workspace/AfreximBank_SerenityBDD_Framework/src/test/resources/Afrexim_features/Afrexim_Products&Services.feature is not under the 'features' directory. Requirements report will not be correctly generated!
14:23:11.897 [main] DEBUG net.thucydides.core.steps.StepEventBus - Test suite started for story net.thucydides.core.model.Story@5dff2651
14:23:11.900 [main] INFO  - Test Suite Started: To test the Products and Services functionality
14:23:11.900 [main] DEBUG io.cucumber.core.plugin.SerenityReporter - Running feature from file:///C:/Users/hp/eclipse-workspace/AfreximBank_SerenityBDD_Framework/src/test/resources/Afrexim_features/Afrexim_Signin.feature
14:23:11.900 [main] WARN io.cucumber.core.plugin.SerenityReporter - Feature from file:///C:/Users/hp/eclipse-workspace/AfreximBank_SerenityBDD_Framework/src/test/resources/Afrexim_features/Afrexim_Signin.feature is not under the 'features' directory. Requirements report will not be correctly generated!
14:23:11.908 [main] DEBUG net.thucydides.core.steps.StepEventBus - Test suite started for story net.thucydides.core.model.Story@24db2a85
14:23:11.909 [main] INFO  - Test Suite Started: To test the Afrexim Bank server
14:23:11.911 [main] DEBUG io.cucumber.core.plugin.SerenityReporter - Running feature from file:///C:/Users/hp/eclipse-workspace/AfreximBank_SerenityBDD_Framework/src/test/resources/Afrexim_features/Afrexim_Signup.feature
14:23:11.911 [main] WARN io.cucumber.core.plugin.SerenityReporter - Feature from file:///C:/Users/hp/eclipse-workspace/AfreximBank_SerenityBDD_Framework/src/test/resources/Afrexim_features/Afrexim_Signup.feature is not under the 'features' directory. Requirements report will not be correctly generated!
14:23:11.924 [main] DEBUG net.thucydides.core.steps.StepEventBus - Test suite started for story net.thucydides.core.model.Story@f2f64289
14:23:11.925 [main] INFO  - Test Suite Started: To validate the Signup functionality of Afrexim page
14:23:11.927 [main] DEBUG io.cucumber.core.plugin.SerenityReporter - Running feature from file:///C:/Users/hp/eclipse-workspace/AfreximBank_SerenityBDD_Framework/src/test/resources/Afrexim_features/Afrexim_needhelp.feature
14:23:11.927 [main] WARN io.cucumber.core.plugin.SerenityReporter - Feature from file:///C:/Users/hp/eclipse-workspace/AfreximBank_SerenityBDD_Framework/src/test/resources/Afrexim_features/Afrexim_needhelp.feature is not under the 'features' directory. Requirements report will not be correctly generated!
14:23:11.944 [main] DEBUG net.thucydides.core.steps.StepEventBus - Test suite started for story net.thucydides.core.model.Story@1df43188
14:23:11.946 [main] INFO  - Test Suite Started: To verify the need help functionality
14:23:11.948 [main] DEBUG io.cucumber.core.plugin.SerenityReporter - Running feature from file:///C:/Users/hp/eclipse-workspace/AfreximBank_SerenityBDD_Framework/src/test/resources/Afrexim_features/Afreximbank_Investors.feature
14:23:11.948 [main] WARN io.cucumber.core.plugin.SerenityReporter - Feature from file:///C:/Users/hp/eclipse-workspace/AfreximBank_SerenityBDD_Framework/src/test/resources/Afrexim_features/Afreximbank_Investors.feature is not under the 'features' directory. Requirements report will not be correctly generated!
14:23:11.960 [main] DEBUG net.thucydides.core.steps.StepEventBus - Test suite started for story net.thucydides.core.model.Story@e70f621a
14:23:11.964 [main] INFO  - Test Suite Started: To validate the Functionality of Investers Option in Afrexim Bank
14:23:11.965 [main] DEBUG io.cucumber.core.plugin.SerenityReporter - Running feature from file:///C:/Users/hp/eclipse-workspace/AfreximBank_SerenityBDD_Framework/src/test/resources/Afrexim_features/Afrexim_ForgotPassword.feature
14:23:11.966 [main] WARN io.cucumber.core.plugin.SerenityReporter - Feature from file:///C:/Users/hp/eclipse-workspace/AfreximBank_SerenityBDD_Framework/src/test/resources/Afrexim_features/Afrexim_ForgotPassword.feature is not under the 'features' directory. Requirements report will not be correctly generated!
14:23:11.973 [main] DEBUG net.thucydides.core.steps.StepEventBus - Test suite started for story net.thucydides.core.model.Story@eb4b12a9
14:23:11.974 [main] INFO  - Test Suite Started: To test the forgot password functionality
14:23:12.364 [main] DEBUG io.cucumber.core.plugin.SerenityReporter - Running feature from file:///C:/Users/hp/eclipse-workspace/AfreximBank_SerenityBDD_Framework/src/test/resources/Afrexim_features/Afrexim_ForgotPassword.feature
14:23:12.364 [main] WARN io.cucumber.core.plugin.SerenityReporter - Feature from file:///C:/Users/hp/eclipse-workspace/AfreximBank_SerenityBDD_Framework/src/test/resources/Afrexim_features/Afrexim_ForgotPassword.feature is not under the 'features' directory. Requirements report will not be correctly generated!
14:23:12.844 [main] INFO  - 
  _____   ___   ___   _____     ___   _____     _     ___   _____   ___   ___  
 |_   _| | __| / __| |_   _|   / __| |_   _|   /_\   | _ \ |_   _| | __| |   \ 
   | |   | _|  \__ \   | |     \__ \   | |    / _ \  |   /   | |   | _|  | |) |
   |_|   |___| |___/   |_|     |___/   |_|   /_/ \_\ |_|_\   |_|   |___| |___/ 

To validate the forgot password functionality with valid and invalid credentials.(to-test-the-forgot-password-functionality;to-validate-the-forgot-password-functionality-with-valid-and-invalid-credentials.)
--------------------------------------------------------------------------------
14:23:15.159 [main] INFO net.serenitybdd.core.webdriver.driverproviders.ChromeDriverProvider - Starting Chrome driver instance with capabilities:
14:23:15.166 [main] INFO net.serenitybdd.core.webdriver.driverproviders.ChromeDriverProvider - Capabilities {acceptInsecureCerts: false, browserName: chrome, goog:chromeOptions: {args: [remote-allow-origins=*], extensions: []}}
14:23:16.668 [main] DEBUG io.netty.util.internal.logging.InternalLoggerFactory - Using SLF4J as the default logging framework
14:23:16.683 [main] DEBUG io.netty.util.ResourceLeakDetector - -Dio.netty.leakDetection.level: simple
14:23:16.684 [main] DEBUG io.netty.util.ResourceLeakDetector - -Dio.netty.leakDetection.targetRecords: 4
14:23:16.697 [main] DEBUG io.netty.util.ResourceLeakDetectorFactory - Loaded default ResourceLeakDetector: io.netty.util.ResourceLeakDetector@1f77b5cc
14:23:16.740 [main] DEBUG io.netty.util.internal.PlatformDependent0 - -Dio.netty.noUnsafe: false
14:23:16.740 [main] DEBUG io.netty.util.internal.PlatformDependent0 - Java version: 8
14:23:16.744 [main] DEBUG io.netty.util.internal.PlatformDependent0 - sun.misc.Unsafe.theUnsafe: available
14:23:16.746 [main] DEBUG io.netty.util.internal.PlatformDependent0 - sun.misc.Unsafe.copyMemory: available
14:23:16.747 [main] DEBUG io.netty.util.internal.PlatformDependent0 - sun.misc.Unsafe.storeFence: available
14:23:16.748 [main] DEBUG io.netty.util.internal.PlatformDependent0 - java.nio.Buffer.address: available
14:23:16.749 [main] DEBUG io.netty.util.internal.PlatformDependent0 - direct buffer constructor: available
14:23:16.751 [main] DEBUG io.netty.util.internal.PlatformDependent0 - java.nio.Bits.unaligned: available, true
14:23:16.752 [main] DEBUG io.netty.util.internal.PlatformDependent0 - jdk.internal.misc.Unsafe.allocateUninitializedArray(int): unavailable prior to Java9
14:23:16.752 [main] DEBUG io.netty.util.internal.PlatformDependent0 - java.nio.DirectByteBuffer.<init>(long, int): available
14:23:16.752 [main] DEBUG io.netty.util.internal.PlatformDependent - sun.misc.Unsafe: available
14:23:16.753 [main] DEBUG io.netty.util.internal.PlatformDependent - -Dio.netty.tmpdir: C:\Users\hp\AppData\Local\Temp (java.io.tmpdir)
14:23:16.754 [main] DEBUG io.netty.util.internal.PlatformDependent - -Dio.netty.bitMode: 64 (sun.arch.data.model)
14:23:16.755 [main] DEBUG io.netty.util.internal.PlatformDependent - Platform: Windows
14:23:16.757 [main] DEBUG io.netty.util.internal.PlatformDependent - -Dio.netty.maxDirectMemory: 1418723328 bytes
14:23:16.757 [main] DEBUG io.netty.util.internal.PlatformDependent - -Dio.netty.uninitializedArrayAllocationThreshold: -1
14:23:16.760 [main] DEBUG io.netty.util.internal.CleanerJava6 - java.nio.ByteBuffer.cleaner(): available
14:23:16.760 [main] DEBUG io.netty.util.internal.PlatformDependent - -Dio.netty.noPreferDirect: false
14:23:16.778 [main] DEBUG io.netty.util.internal.PlatformDependent - org.jctools-core.MpscChunkedArrayQueue: available
14:23:16.824 [main] DEBUG io.netty.util.internal.InternalThreadLocalMap - -Dio.netty.threadLocalMap.stringBuilder.initialSize: 1024
14:23:16.825 [main] DEBUG io.netty.util.internal.InternalThreadLocalMap - -Dio.netty.threadLocalMap.stringBuilder.maxSize: 4096
14:23:17.551 [main] DEBUG io.netty.handler.ssl.JdkSslContext - Default protocols (JDK): [TLSv1.2, TLSv1.1, TLSv1] 
14:23:17.552 [main] DEBUG io.netty.handler.ssl.JdkSslContext - Default cipher suites (JDK): [TLS_ECDHE_ECDSA_WITH_AES_256_GCM_SHA384, TLS_ECDHE_ECDSA_WITH_AES_128_GCM_SHA256, TLS_ECDHE_RSA_WITH_AES_128_GCM_SHA256, TLS_ECDHE_RSA_WITH_AES_256_GCM_SHA384, TLS_ECDHE_RSA_WITH_AES_128_CBC_SHA, TLS_ECDHE_RSA_WITH_AES_256_CBC_SHA, TLS_RSA_WITH_AES_128_GCM_SHA256, TLS_RSA_WITH_AES_128_CBC_SHA, TLS_RSA_WITH_AES_256_CBC_SHA]
14:23:17.638 [main] DEBUG io.netty.channel.MultithreadEventLoopGroup - -Dio.netty.eventLoopThreads: 8
14:23:17.681 [main] DEBUG io.netty.channel.nio.NioEventLoop - -Dio.netty.noKeySetOptimization: false
14:23:17.681 [main] DEBUG io.netty.channel.nio.NioEventLoop - -Dio.netty.selectorAutoRebuildThreshold: 512
14:23:17.780 [main] DEBUG io.netty.buffer.PooledByteBufAllocator - -Dio.netty.allocator.numHeapArenas: 8
14:23:17.780 [main] DEBUG io.netty.buffer.PooledByteBufAllocator - -Dio.netty.allocator.numDirectArenas: 8
14:23:17.780 [main] DEBUG io.netty.buffer.PooledByteBufAllocator - -Dio.netty.allocator.pageSize: 8192
14:23:17.780 [main] DEBUG io.netty.buffer.PooledByteBufAllocator - -Dio.netty.allocator.maxOrder: 9
14:23:17.781 [main] DEBUG io.netty.buffer.PooledByteBufAllocator - -Dio.netty.allocator.chunkSize: 4194304
14:23:17.781 [main] DEBUG io.netty.buffer.PooledByteBufAllocator - -Dio.netty.allocator.smallCacheSize: 256
14:23:17.781 [main] DEBUG io.netty.buffer.PooledByteBufAllocator - -Dio.netty.allocator.normalCacheSize: 64
14:23:17.781 [main] DEBUG io.netty.buffer.PooledByteBufAllocator - -Dio.netty.allocator.maxCachedBufferCapacity: 32768
14:23:17.781 [main] DEBUG io.netty.buffer.PooledByteBufAllocator - -Dio.netty.allocator.cacheTrimInterval: 8192
14:23:17.781 [main] DEBUG io.netty.buffer.PooledByteBufAllocator - -Dio.netty.allocator.cacheTrimIntervalMillis: 0
14:23:17.781 [main] DEBUG io.netty.buffer.PooledByteBufAllocator - -Dio.netty.allocator.useCacheForAllThreads: false
14:23:17.781 [main] DEBUG io.netty.buffer.PooledByteBufAllocator - -Dio.netty.allocator.maxCachedByteBuffersPerChunk: 1023
14:23:17.800 [main] DEBUG io.netty.buffer.ByteBufUtil - -Dio.netty.allocator.type: pooled
14:23:17.800 [main] DEBUG io.netty.buffer.ByteBufUtil - -Dio.netty.threadLocalDirectBufferSize: 0
14:23:17.800 [main] DEBUG io.netty.buffer.ByteBufUtil - -Dio.netty.maxThreadLocalCharBufferSize: 16384
14:23:19.296 [Forwarding newSession on session null to remote] DEBUG io.netty.channel.DefaultChannelId - -Dio.netty.processId: 19948 (auto-detected)
14:23:19.303 [Forwarding newSession on session null to remote] DEBUG io.netty.util.NetUtil - -Djava.net.preferIPv4Stack: false
14:23:19.304 [Forwarding newSession on session null to remote] DEBUG io.netty.util.NetUtil - -Djava.net.preferIPv6Addresses: false
14:23:19.646 [Forwarding newSession on session null to remote] DEBUG io.netty.util.NetUtilInitializations - Loopback interface: lo (Software Loopback Interface 1, 127.0.0.1)
14:23:19.648 [Forwarding newSession on session null to remote] DEBUG io.netty.util.NetUtil - Failed to get SOMAXCONN from sysctl and file \proc\sys\net\core\somaxconn. Default: 200
14:23:19.674 [Forwarding newSession on session null to remote] DEBUG io.netty.channel.DefaultChannelId - -Dio.netty.machineId: cc:6b:1e:ff:fe:02:54:11 (auto-detected)
14:23:19.860 [AsyncHttpClient-1-2] DEBUG io.netty.buffer.AbstractByteBuf - -Dio.netty.buffer.checkAccessible: true
14:23:19.860 [AsyncHttpClient-1-2] DEBUG io.netty.buffer.AbstractByteBuf - -Dio.netty.buffer.checkBounds: true
14:23:19.860 [AsyncHttpClient-1-2] DEBUG io.netty.util.ResourceLeakDetectorFactory - Loaded default ResourceLeakDetector: io.netty.util.ResourceLeakDetector@514c913d
14:23:19.919 [AsyncHttpClient-1-2] DEBUG org.asynchttpclient.netty.channel.NettyConnectListener - Using new Channel '[id: 0x100efea4, L:/127.0.0.1:58721 - R:localhost/127.0.0.1:26290]' for 'POST' to '/session'
14:23:20.004 [AsyncHttpClient-1-2] DEBUG io.netty.util.Recycler - -Dio.netty.recycler.maxCapacityPerThread: 4096
14:23:20.004 [AsyncHttpClient-1-2] DEBUG io.netty.util.Recycler - -Dio.netty.recycler.ratio: 8
14:23:20.004 [AsyncHttpClient-1-2] DEBUG io.netty.util.Recycler - -Dio.netty.recycler.chunkSize: 32
14:23:20.004 [AsyncHttpClient-1-2] DEBUG io.netty.util.Recycler - -Dio.netty.recycler.blocking: false
14:23:23.456 [AsyncHttpClient-1-2] DEBUG io.netty.handler.codec.compression.Brotli - brotli4j not in the classpath; Brotli support will be unavailable.
14:23:23.456 [AsyncHttpClient-1-2] DEBUG org.asynchttpclient.netty.handler.HttpHandler - 

Request DefaultHttpRequest(decodeResult: success, version: HTTP/1.1)
POST /session HTTP/1.1
User-Agent: selenium/4.8.1 (java windows)
Content-Length: 507
Content-Type: application/json; charset=utf-8
host: localhost:26290
accept: */*

Response DefaultHttpResponse(decodeResult: success, version: HTTP/1.1)
HTTP/1.1 200 OK
Content-Length: 858
Content-Type: application/json; charset=utf-8
cache-control: no-cache

14:23:23.503 [AsyncHttpClient-1-2] DEBUG org.asynchttpclient.netty.channel.ChannelManager - Adding key: http://localhost:26290 for channel [id: 0x100efea4, L:/127.0.0.1:58721 - R:localhost/127.0.0.1:26290]
14:23:23.770 [AsyncHttpClient-1-3] DEBUG org.asynchttpclient.netty.channel.NettyConnectListener - Using new Channel '[id: 0x6692605c, L:/127.0.0.1:58729 - R:localhost/127.0.0.1:58722]' for 'GET' to '/json/version'
14:23:23.775 [AsyncHttpClient-1-3] DEBUG org.asynchttpclient.netty.handler.HttpHandler - 

Request DefaultFullHttpRequest(decodeResult: success, version: HTTP/1.1, content: EmptyByteBufBE)
GET /json/version HTTP/1.1
User-Agent: selenium/4.8.1 (java windows)
host: localhost:58722
accept: */*

Response DefaultHttpResponse(decodeResult: success, version: HTTP/1.1)
HTTP/1.1 200 OK
Content-Security-Policy: frame-ancestors 'none'
Content-Length: 424
Content-Type: application/json; charset=UTF-8

14:23:23.776 [AsyncHttpClient-1-3] DEBUG org.asynchttpclient.netty.channel.ChannelManager - Adding key: http://localhost:58722 for channel [id: 0x6692605c, L:/127.0.0.1:58729 - R:localhost/127.0.0.1:58722]
14:23:23.805 [main] DEBUG io.netty.util.internal.ThreadLocalRandom - -Dio.netty.initialSeedUniquifier: 0xf0b8fa0f02faf04b
14:23:23.818 [AsyncHttpClient-1-4] DEBUG org.asynchttpclient.netty.channel.NettyConnectListener - Using new Channel '[id: 0xdcc4e1dd, L:/127.0.0.1:58730 - R:localhost/127.0.0.1:58722]' for 'GET' to '/devtools/browser/c3ef1d7c-7c05-4454-b0ef-d21927d60e3e'
14:23:23.823 [AsyncHttpClient-1-4] DEBUG org.asynchttpclient.netty.handler.WebSocketHandler - 

Request DefaultFullHttpRequest(decodeResult: success, version: HTTP/1.1, content: EmptyByteBufBE)
GET /devtools/browser/c3ef1d7c-7c05-4454-b0ef-d21927d60e3e HTTP/1.1
upgrade: websocket
connection: upgrade
sec-websocket-key: tHlNz150mo4GIgQwCn6VGQ==
sec-websocket-version: 13
origin: http://localhost:58722
host: localhost:58722
accept: */*
user-agent: AHC/2.1

Response DefaultHttpResponse(decodeResult: success, version: HTTP/1.1)
HTTP/1.1 101 WebSocket Protocol Handshake
Upgrade: WebSocket
Connection: Upgrade
Sec-WebSocket-Accept: /3hbQ0q6AxKOYI+wzbzIqyLGa8c=

14:23:24.077 [Forwarding get on session a0b0e26165d15a381b818d6f2d89b3d0 to remote] DEBUG org.asynchttpclient.netty.request.NettyRequestSender - Using pooled Channel '[id: 0x100efea4, L:/127.0.0.1:58721 - R:localhost/127.0.0.1:26290]' for 'POST' to 'http://localhost:26290/session/a0b0e26165d15a381b818d6f2d89b3d0/url'
14:23:24.079 [Forwarding get on session a0b0e26165d15a381b818d6f2d89b3d0 to remote] DEBUG org.asynchttpclient.netty.request.NettyRequestSender - Using open Channel [id: 0x100efea4, L:/127.0.0.1:58721 - R:localhost/127.0.0.1:26290] for POST '/session/a0b0e26165d15a381b818d6f2d89b3d0/url'
14:23:24.190 [AsyncHttpClient-1-1] DEBUG org.asynchttpclient.netty.channel.DefaultChannelPool - Entry count for : http://localhost:58722 : 1
14:23:25.287 [AsyncHttpClient-1-1] DEBUG org.asynchttpclient.netty.channel.DefaultChannelPool - Entry count for : http://localhost:58722 : 1
14:23:26.401 [AsyncHttpClient-1-1] DEBUG org.asynchttpclient.netty.channel.DefaultChannelPool - Entry count for : http://localhost:58722 : 1
14:23:27.511 [AsyncHttpClient-1-1] DEBUG org.asynchttpclient.netty.channel.DefaultChannelPool - Entry count for : http://localhost:58722 : 1
14:23:28.597 [AsyncHttpClient-1-1] DEBUG org.asynchttpclient.netty.channel.DefaultChannelPool - Entry count for : http://localhost:58722 : 1
14:23:29.740 [AsyncHttpClient-1-1] DEBUG org.asynchttpclient.netty.channel.DefaultChannelPool - Entry count for : http://localhost:58722 : 1
14:23:30.214 [AsyncHttpClient-1-2] DEBUG org.asynchttpclient.netty.handler.HttpHandler - 

Request DefaultHttpRequest(decodeResult: success, version: HTTP/1.1)
POST /session/a0b0e26165d15a381b818d6f2d89b3d0/url HTTP/1.1
User-Agent: selenium/4.8.1 (java windows)
Content-Length: 58
Content-Type: application/json; charset=utf-8
host: localhost:26290
accept: */*

Response DefaultHttpResponse(decodeResult: success, version: HTTP/1.1)
HTTP/1.1 200 OK
Content-Length: 14
Content-Type: application/json; charset=utf-8
cache-control: no-cache

14:23:30.215 [AsyncHttpClient-1-2] DEBUG org.asynchttpclient.netty.channel.ChannelManager - Adding key: http://localhost:26290 for channel [id: 0x100efea4, L:/127.0.0.1:58721 - R:localhost/127.0.0.1:26290]
14:23:30.232 [Forwarding setTimeout on session a0b0e26165d15a381b818d6f2d89b3d0 to remote] DEBUG org.asynchttpclient.netty.request.NettyRequestSender - Using pooled Channel '[id: 0x100efea4, L:/127.0.0.1:58721 - R:localhost/127.0.0.1:26290]' for 'POST' to 'http://localhost:26290/session/a0b0e26165d15a381b818d6f2d89b3d0/timeouts'
14:23:30.233 [Forwarding setTimeout on session a0b0e26165d15a381b818d6f2d89b3d0 to remote] DEBUG org.asynchttpclient.netty.request.NettyRequestSender - Using open Channel [id: 0x100efea4, L:/127.0.0.1:58721 - R:localhost/127.0.0.1:26290] for POST '/session/a0b0e26165d15a381b818d6f2d89b3d0/timeouts'
14:23:30.241 [AsyncHttpClient-1-2] DEBUG org.asynchttpclient.netty.handler.HttpHandler - 

Request DefaultHttpRequest(decodeResult: success, version: HTTP/1.1)
POST /session/a0b0e26165d15a381b818d6f2d89b3d0/timeouts HTTP/1.1
User-Agent: selenium/4.8.1 (java windows)
Content-Length: 22
Content-Type: application/json; charset=utf-8
host: localhost:26290
accept: */*

Response DefaultHttpResponse(decodeResult: success, version: HTTP/1.1)
HTTP/1.1 200 OK
Content-Length: 14
Content-Type: application/json; charset=utf-8
cache-control: no-cache

14:23:30.241 [AsyncHttpClient-1-2] DEBUG org.asynchttpclient.netty.channel.ChannelManager - Adding key: http://localhost:26290 for channel [id: 0x100efea4, L:/127.0.0.1:58721 - R:localhost/127.0.0.1:26290]
14:23:30.254 [Forwarding maximizeCurrentWindow on session a0b0e26165d15a381b818d6f2d89b3d0 to remote] DEBUG org.asynchttpclient.netty.request.NettyRequestSender - Using pooled Channel '[id: 0x100efea4, L:/127.0.0.1:58721 - R:localhost/127.0.0.1:26290]' for 'POST' to 'http://localhost:26290/session/a0b0e26165d15a381b818d6f2d89b3d0/window/maximize'
14:23:30.255 [Forwarding maximizeCurrentWindow on session a0b0e26165d15a381b818d6f2d89b3d0 to remote] DEBUG org.asynchttpclient.netty.request.NettyRequestSender - Using open Channel [id: 0x100efea4, L:/127.0.0.1:58721 - R:localhost/127.0.0.1:26290] for POST '/session/a0b0e26165d15a381b818d6f2d89b3d0/window/maximize'
14:23:30.844 [AsyncHttpClient-1-1] DEBUG org.asynchttpclient.netty.channel.DefaultChannelPool - Entry count for : http://localhost:58722 : 1
14:23:30.922 [AsyncHttpClient-1-2] DEBUG org.asynchttpclient.netty.handler.HttpHandler - 

Request DefaultHttpRequest(decodeResult: success, version: HTTP/1.1)
POST /session/a0b0e26165d15a381b818d6f2d89b3d0/window/maximize HTTP/1.1
User-Agent: selenium/4.8.1 (java windows)
Content-Length: 3
Content-Type: application/json; charset=utf-8
host: localhost:26290
accept: */*

Response DefaultHttpResponse(decodeResult: success, version: HTTP/1.1)
HTTP/1.1 200 OK
Content-Length: 51
Content-Type: application/json; charset=utf-8
cache-control: no-cache

14:23:30.923 [AsyncHttpClient-1-2] DEBUG org.asynchttpclient.netty.channel.ChannelManager - Adding key: http://localhost:26290 for channel [id: 0x100efea4, L:/127.0.0.1:58721 - R:localhost/127.0.0.1:26290]
14:23:31.295 [main] DEBUG net.serenitybdd.core.photography.Darkroom - Opening darkroom
14:23:31.488 [Darkroom Processing Line] DEBUG net.serenitybdd.core.photography.DarkroomProcessingLine - Darkroom processing line starting up
14:23:31.529 [Forwarding getAlertText on session a0b0e26165d15a381b818d6f2d89b3d0 to remote] DEBUG org.asynchttpclient.netty.request.NettyRequestSender - Using pooled Channel '[id: 0x100efea4, L:/127.0.0.1:58721 - R:localhost/127.0.0.1:26290]' for 'GET' to 'http://localhost:26290/session/a0b0e26165d15a381b818d6f2d89b3d0/alert/text'
14:23:31.530 [Forwarding getAlertText on session a0b0e26165d15a381b818d6f2d89b3d0 to remote] DEBUG org.asynchttpclient.netty.request.NettyRequestSender - Using open Channel [id: 0x100efea4, L:/127.0.0.1:58721 - R:localhost/127.0.0.1:26290] for GET '/session/a0b0e26165d15a381b818d6f2d89b3d0/alert/text'
14:23:31.601 [AsyncHttpClient-1-2] DEBUG org.asynchttpclient.netty.handler.HttpHandler - 

Request DefaultFullHttpRequest(decodeResult: success, version: HTTP/1.1, content: EmptyByteBufBE)
GET /session/a0b0e26165d15a381b818d6f2d89b3d0/alert/text HTTP/1.1
User-Agent: selenium/4.8.1 (java windows)
Cache-Control: no-cache
Content-Type: application/json; charset=utf-8
host: localhost:26290
accept: */*

Response DefaultHttpResponse(decodeResult: success, version: HTTP/1.1)
HTTP/1.1 404 Not Found
Content-Length: 821
Content-Type: application/json; charset=utf-8
cache-control: no-cache

14:23:31.603 [AsyncHttpClient-1-2] DEBUG org.asynchttpclient.netty.channel.ChannelManager - Adding key: http://localhost:26290 for channel [id: 0x100efea4, L:/127.0.0.1:58721 - R:localhost/127.0.0.1:26290]
14:23:31.648 [Forwarding getCurrentUrl on session a0b0e26165d15a381b818d6f2d89b3d0 to remote] DEBUG org.asynchttpclient.netty.request.NettyRequestSender - Using pooled Channel '[id: 0x100efea4, L:/127.0.0.1:58721 - R:localhost/127.0.0.1:26290]' for 'GET' to 'http://localhost:26290/session/a0b0e26165d15a381b818d6f2d89b3d0/url'
14:23:31.648 [Forwarding getCurrentUrl on session a0b0e26165d15a381b818d6f2d89b3d0 to remote] DEBUG org.asynchttpclient.netty.request.NettyRequestSender - Using open Channel [id: 0x100efea4, L:/127.0.0.1:58721 - R:localhost/127.0.0.1:26290] for GET '/session/a0b0e26165d15a381b818d6f2d89b3d0/url'
14:23:31.900 [AsyncHttpClient-1-1] DEBUG org.asynchttpclient.netty.channel.DefaultChannelPool - Entry count for : http://localhost:58722 : 1
14:23:32.032 [AsyncHttpClient-1-2] DEBUG org.asynchttpclient.netty.handler.HttpHandler - 

Request DefaultFullHttpRequest(decodeResult: success, version: HTTP/1.1, content: EmptyByteBufBE)
GET /session/a0b0e26165d15a381b818d6f2d89b3d0/url HTTP/1.1
User-Agent: selenium/4.8.1 (java windows)
Cache-Control: no-cache
Content-Type: application/json; charset=utf-8
host: localhost:26290
accept: */*

Response DefaultHttpResponse(decodeResult: success, version: HTTP/1.1)
HTTP/1.1 200 OK
Content-Length: 40
Content-Type: application/json; charset=utf-8
cache-control: no-cache

14:23:32.033 [AsyncHttpClient-1-2] DEBUG org.asynchttpclient.netty.channel.ChannelManager - Adding key: http://localhost:26290 for channel [id: 0x100efea4, L:/127.0.0.1:58721 - R:localhost/127.0.0.1:26290]
14:23:32.044 [Forwarding screenshot on session a0b0e26165d15a381b818d6f2d89b3d0 to remote] DEBUG org.asynchttpclient.netty.request.NettyRequestSender - Using pooled Channel '[id: 0x100efea4, L:/127.0.0.1:58721 - R:localhost/127.0.0.1:26290]' for 'GET' to 'http://localhost:26290/session/a0b0e26165d15a381b818d6f2d89b3d0/screenshot'
14:23:32.044 [Forwarding screenshot on session a0b0e26165d15a381b818d6f2d89b3d0 to remote] DEBUG org.asynchttpclient.netty.request.NettyRequestSender - Using open Channel [id: 0x100efea4, L:/127.0.0.1:58721 - R:localhost/127.0.0.1:26290] for GET '/session/a0b0e26165d15a381b818d6f2d89b3d0/screenshot'
14:23:32.988 [AsyncHttpClient-1-1] DEBUG org.asynchttpclient.netty.channel.DefaultChannelPool - Entry count for : http://localhost:58722 : 1
14:23:33.687 [AsyncHttpClient-1-2] DEBUG org.asynchttpclient.netty.handler.HttpHandler - 

Request DefaultFullHttpRequest(decodeResult: success, version: HTTP/1.1, content: EmptyByteBufBE)
GET /session/a0b0e26165d15a381b818d6f2d89b3d0/screenshot HTTP/1.1
User-Agent: selenium/4.8.1 (java windows)
Cache-Control: no-cache
Content-Type: application/json; charset=utf-8
host: localhost:26290
accept: */*

Response DefaultHttpResponse(decodeResult: success, version: HTTP/1.1)
HTTP/1.1 200 OK
Content-Length: 2003388
Content-Type: application/json; charset=utf-8
cache-control: no-cache

14:23:33.722 [AsyncHttpClient-1-2] DEBUG org.asynchttpclient.netty.channel.ChannelManager - Adding key: http://localhost:26290 for channel [id: 0x100efea4, L:/127.0.0.1:58721 - R:localhost/127.0.0.1:26290]
14:23:34.090 [AsyncHttpClient-1-1] DEBUG org.asynchttpclient.netty.channel.DefaultChannelPool - Entry count for : http://localhost:26290 : 1
14:23:34.090 [AsyncHttpClient-1-1] DEBUG org.asynchttpclient.netty.channel.DefaultChannelPool - Entry count for : http://localhost:58722 : 1
14:23:34.142 [main] DEBUG net.serenitybdd.core.photography.Darkroom - Send negative for processing for target\site\serenity\eefb42ccb8dde2b5f1bae08f03f09b71f2964dee8d658fcd7aca9aafc2b8a1f9.png
14:23:34.143 [Darkroom Processing Line] DEBUG net.serenitybdd.core.photography.DarkroomProcessingLine - Processing screenshot image in /var/screenshots/screenshot-4894647529591323481
14:23:34.143 [Darkroom Processing Line] DEBUG net.serenitybdd.core.photography.DarkroomProcessingLine - Saving screenshot to target\site\serenity\eefb42ccb8dde2b5f1bae08f03f09b71f2964dee8d658fcd7aca9aafc2b8a1f9.png
14:23:34.196 [Forwarding getPageSource on session a0b0e26165d15a381b818d6f2d89b3d0 to remote] DEBUG org.asynchttpclient.netty.request.NettyRequestSender - Using pooled Channel '[id: 0x100efea4, L:/127.0.0.1:58721 - R:localhost/127.0.0.1:26290]' for 'POST' to 'http://localhost:26290/session/a0b0e26165d15a381b818d6f2d89b3d0/execute/sync'
14:23:34.196 [Forwarding getPageSource on session a0b0e26165d15a381b818d6f2d89b3d0 to remote] DEBUG org.asynchttpclient.netty.request.NettyRequestSender - Using open Channel [id: 0x100efea4, L:/127.0.0.1:58721 - R:localhost/127.0.0.1:26290] for POST '/session/a0b0e26165d15a381b818d6f2d89b3d0/execute/sync'
14:23:34.234 [AsyncHttpClient-1-2] DEBUG org.asynchttpclient.netty.handler.HttpHandler - 

Request DefaultHttpRequest(decodeResult: success, version: HTTP/1.1)
POST /session/a0b0e26165d15a381b818d6f2d89b3d0/execute/sync HTTP/1.1
User-Agent: selenium/4.8.1 (java windows)
Content-Length: 176
Content-Type: application/json; charset=utf-8
host: localhost:26290
accept: */*

Response DefaultHttpResponse(decodeResult: success, version: HTTP/1.1)
HTTP/1.1 200 OK
Content-Length: 129146
Content-Type: application/json; charset=utf-8
cache-control: no-cache

14:23:34.238 [AsyncHttpClient-1-2] DEBUG org.asynchttpclient.netty.channel.ChannelManager - Adding key: http://localhost:26290 for channel [id: 0x100efea4, L:/127.0.0.1:58721 - R:localhost/127.0.0.1:26290]
14:23:34.931 [Forwarding getCurrentUrl on session a0b0e26165d15a381b818d6f2d89b3d0 to remote] DEBUG org.asynchttpclient.netty.request.NettyRequestSender - Using pooled Channel '[id: 0x100efea4, L:/127.0.0.1:58721 - R:localhost/127.0.0.1:26290]' for 'GET' to 'http://localhost:26290/session/a0b0e26165d15a381b818d6f2d89b3d0/url'
14:23:34.931 [Forwarding getCurrentUrl on session a0b0e26165d15a381b818d6f2d89b3d0 to remote] DEBUG org.asynchttpclient.netty.request.NettyRequestSender - Using open Channel [id: 0x100efea4, L:/127.0.0.1:58721 - R:localhost/127.0.0.1:26290] for GET '/session/a0b0e26165d15a381b818d6f2d89b3d0/url'
14:23:34.979 [AsyncHttpClient-1-2] DEBUG org.asynchttpclient.netty.handler.HttpHandler - 

Request DefaultFullHttpRequest(decodeResult: success, version: HTTP/1.1, content: EmptyByteBufBE)
GET /session/a0b0e26165d15a381b818d6f2d89b3d0/url HTTP/1.1
User-Agent: selenium/4.8.1 (java windows)
Cache-Control: no-cache
Content-Type: application/json; charset=utf-8
host: localhost:26290
accept: */*

Response DefaultHttpResponse(decodeResult: success, version: HTTP/1.1)
HTTP/1.1 200 OK
Content-Length: 40
Content-Type: application/json; charset=utf-8
cache-control: no-cache

14:23:34.981 [AsyncHttpClient-1-2] DEBUG org.asynchttpclient.netty.channel.ChannelManager - Adding key: http://localhost:26290 for channel [id: 0x100efea4, L:/127.0.0.1:58721 - R:localhost/127.0.0.1:26290]
14:23:35.070 [Forwarding getAlertText on session a0b0e26165d15a381b818d6f2d89b3d0 to remote] DEBUG org.asynchttpclient.netty.request.NettyRequestSender - Using pooled Channel '[id: 0x100efea4, L:/127.0.0.1:58721 - R:localhost/127.0.0.1:26290]' for 'GET' to 'http://localhost:26290/session/a0b0e26165d15a381b818d6f2d89b3d0/alert/text'
14:23:35.070 [Forwarding getAlertText on session a0b0e26165d15a381b818d6f2d89b3d0 to remote] DEBUG org.asynchttpclient.netty.request.NettyRequestSender - Using open Channel [id: 0x100efea4, L:/127.0.0.1:58721 - R:localhost/127.0.0.1:26290] for GET '/session/a0b0e26165d15a381b818d6f2d89b3d0/alert/text'
14:23:35.078 [AsyncHttpClient-1-2] DEBUG org.asynchttpclient.netty.handler.HttpHandler - 

Request DefaultFullHttpRequest(decodeResult: success, version: HTTP/1.1, content: EmptyByteBufBE)
GET /session/a0b0e26165d15a381b818d6f2d89b3d0/alert/text HTTP/1.1
User-Agent: selenium/4.8.1 (java windows)
Cache-Control: no-cache
Content-Type: application/json; charset=utf-8
host: localhost:26290
accept: */*

Response DefaultHttpResponse(decodeResult: success, version: HTTP/1.1)
HTTP/1.1 404 Not Found
Content-Length: 821
Content-Type: application/json; charset=utf-8
cache-control: no-cache

14:23:35.078 [AsyncHttpClient-1-2] DEBUG org.asynchttpclient.netty.channel.ChannelManager - Adding key: http://localhost:26290 for channel [id: 0x100efea4, L:/127.0.0.1:58721 - R:localhost/127.0.0.1:26290]
14:23:35.084 [Forwarding getCurrentUrl on session a0b0e26165d15a381b818d6f2d89b3d0 to remote] DEBUG org.asynchttpclient.netty.request.NettyRequestSender - Using pooled Channel '[id: 0x100efea4, L:/127.0.0.1:58721 - R:localhost/127.0.0.1:26290]' for 'GET' to 'http://localhost:26290/session/a0b0e26165d15a381b818d6f2d89b3d0/url'
14:23:35.084 [Forwarding getCurrentUrl on session a0b0e26165d15a381b818d6f2d89b3d0 to remote] DEBUG org.asynchttpclient.netty.request.NettyRequestSender - Using open Channel [id: 0x100efea4, L:/127.0.0.1:58721 - R:localhost/127.0.0.1:26290] for GET '/session/a0b0e26165d15a381b818d6f2d89b3d0/url'
14:23:35.097 [AsyncHttpClient-1-2] DEBUG org.asynchttpclient.netty.handler.HttpHandler - 

Request DefaultFullHttpRequest(decodeResult: success, version: HTTP/1.1, content: EmptyByteBufBE)
GET /session/a0b0e26165d15a381b818d6f2d89b3d0/url HTTP/1.1
User-Agent: selenium/4.8.1 (java windows)
Cache-Control: no-cache
Content-Type: application/json; charset=utf-8
host: localhost:26290
accept: */*

Response DefaultHttpResponse(decodeResult: success, version: HTTP/1.1)
HTTP/1.1 200 OK
Content-Length: 40
Content-Type: application/json; charset=utf-8
cache-control: no-cache

14:23:35.098 [AsyncHttpClient-1-2] DEBUG org.asynchttpclient.netty.channel.ChannelManager - Adding key: http://localhost:26290 for channel [id: 0x100efea4, L:/127.0.0.1:58721 - R:localhost/127.0.0.1:26290]
14:23:35.103 [Forwarding screenshot on session a0b0e26165d15a381b818d6f2d89b3d0 to remote] DEBUG org.asynchttpclient.netty.request.NettyRequestSender - Using pooled Channel '[id: 0x100efea4, L:/127.0.0.1:58721 - R:localhost/127.0.0.1:26290]' for 'GET' to 'http://localhost:26290/session/a0b0e26165d15a381b818d6f2d89b3d0/screenshot'
14:23:35.103 [Forwarding screenshot on session a0b0e26165d15a381b818d6f2d89b3d0 to remote] DEBUG org.asynchttpclient.netty.request.NettyRequestSender - Using open Channel [id: 0x100efea4, L:/127.0.0.1:58721 - R:localhost/127.0.0.1:26290] for GET '/session/a0b0e26165d15a381b818d6f2d89b3d0/screenshot'
14:23:35.192 [AsyncHttpClient-1-1] DEBUG org.asynchttpclient.netty.channel.DefaultChannelPool - Entry count for : http://localhost:58722 : 1
14:23:36.301 [AsyncHttpClient-1-1] DEBUG org.asynchttpclient.netty.channel.DefaultChannelPool - Entry count for : http://localhost:58722 : 1
14:23:36.749 [AsyncHttpClient-1-2] DEBUG org.asynchttpclient.netty.handler.HttpHandler - 

Request DefaultFullHttpRequest(decodeResult: success, version: HTTP/1.1, content: EmptyByteBufBE)
GET /session/a0b0e26165d15a381b818d6f2d89b3d0/screenshot HTTP/1.1
User-Agent: selenium/4.8.1 (java windows)
Cache-Control: no-cache
Content-Type: application/json; charset=utf-8
host: localhost:26290
accept: */*

Response DefaultHttpResponse(decodeResult: success, version: HTTP/1.1)
HTTP/1.1 200 OK
Content-Length: 2003388
Content-Type: application/json; charset=utf-8
cache-control: no-cache

14:23:36.787 [AsyncHttpClient-1-2] DEBUG org.asynchttpclient.netty.channel.ChannelManager - Adding key: http://localhost:26290 for channel [id: 0x100efea4, L:/127.0.0.1:58721 - R:localhost/127.0.0.1:26290]
14:23:37.037 [main] DEBUG net.serenitybdd.core.photography.Darkroom - Send negative for processing for target\site\serenity\eefb42ccb8dde2b5f1bae08f03f09b71f2964dee8d658fcd7aca9aafc2b8a1f9.png
14:23:37.043 [Forwarding getPageSource on session a0b0e26165d15a381b818d6f2d89b3d0 to remote] DEBUG org.asynchttpclient.netty.request.NettyRequestSender - Using pooled Channel '[id: 0x100efea4, L:/127.0.0.1:58721 - R:localhost/127.0.0.1:26290]' for 'POST' to 'http://localhost:26290/session/a0b0e26165d15a381b818d6f2d89b3d0/execute/sync'
14:23:37.044 [Forwarding getPageSource on session a0b0e26165d15a381b818d6f2d89b3d0 to remote] DEBUG org.asynchttpclient.netty.request.NettyRequestSender - Using open Channel [id: 0x100efea4, L:/127.0.0.1:58721 - R:localhost/127.0.0.1:26290] for POST '/session/a0b0e26165d15a381b818d6f2d89b3d0/execute/sync'
14:23:37.087 [AsyncHttpClient-1-2] DEBUG org.asynchttpclient.netty.handler.HttpHandler - 

Request DefaultHttpRequest(decodeResult: success, version: HTTP/1.1)
POST /session/a0b0e26165d15a381b818d6f2d89b3d0/execute/sync HTTP/1.1
User-Agent: selenium/4.8.1 (java windows)
Content-Length: 176
Content-Type: application/json; charset=utf-8
host: localhost:26290
accept: */*

Response DefaultHttpResponse(decodeResult: success, version: HTTP/1.1)
HTTP/1.1 200 OK
Content-Length: 129157
Content-Type: application/json; charset=utf-8
cache-control: no-cache

14:23:37.088 [AsyncHttpClient-1-2] DEBUG org.asynchttpclient.netty.channel.ChannelManager - Adding key: http://localhost:26290 for channel [id: 0x100efea4, L:/127.0.0.1:58721 - R:localhost/127.0.0.1:26290]
14:23:37.149 [Forwarding getCurrentUrl on session a0b0e26165d15a381b818d6f2d89b3d0 to remote] DEBUG org.asynchttpclient.netty.request.NettyRequestSender - Using pooled Channel '[id: 0x100efea4, L:/127.0.0.1:58721 - R:localhost/127.0.0.1:26290]' for 'GET' to 'http://localhost:26290/session/a0b0e26165d15a381b818d6f2d89b3d0/url'
14:23:37.150 [Forwarding getCurrentUrl on session a0b0e26165d15a381b818d6f2d89b3d0 to remote] DEBUG org.asynchttpclient.netty.request.NettyRequestSender - Using open Channel [id: 0x100efea4, L:/127.0.0.1:58721 - R:localhost/127.0.0.1:26290] for GET '/session/a0b0e26165d15a381b818d6f2d89b3d0/url'
14:23:37.164 [AsyncHttpClient-1-2] DEBUG org.asynchttpclient.netty.handler.HttpHandler - 

Request DefaultFullHttpRequest(decodeResult: success, version: HTTP/1.1, content: EmptyByteBufBE)
GET /session/a0b0e26165d15a381b818d6f2d89b3d0/url HTTP/1.1
User-Agent: selenium/4.8.1 (java windows)
Cache-Control: no-cache
Content-Type: application/json; charset=utf-8
host: localhost:26290
accept: */*

Response DefaultHttpResponse(decodeResult: success, version: HTTP/1.1)
HTTP/1.1 200 OK
Content-Length: 40
Content-Type: application/json; charset=utf-8
cache-control: no-cache

14:23:37.164 [AsyncHttpClient-1-2] DEBUG org.asynchttpclient.netty.channel.ChannelManager - Adding key: http://localhost:26290 for channel [id: 0x100efea4, L:/127.0.0.1:58721 - R:localhost/127.0.0.1:26290]
14:23:37.173 [main] DEBUG net.thucydides.core.steps.StepInterceptor - STARTING STEP: Afrexim_Signin_steps.to_click_the_apply_for_facility_option - Click_applyfacility
14:23:37.222 [Forwarding findElement on session a0b0e26165d15a381b818d6f2d89b3d0 to remote] DEBUG org.asynchttpclient.netty.request.NettyRequestSender - Using pooled Channel '[id: 0x100efea4, L:/127.0.0.1:58721 - R:localhost/127.0.0.1:26290]' for 'POST' to 'http://localhost:26290/session/a0b0e26165d15a381b818d6f2d89b3d0/element'
14:23:37.223 [Forwarding findElement on session a0b0e26165d15a381b818d6f2d89b3d0 to remote] DEBUG org.asynchttpclient.netty.request.NettyRequestSender - Using open Channel [id: 0x100efea4, L:/127.0.0.1:58721 - R:localhost/127.0.0.1:26290] for POST '/session/a0b0e26165d15a381b818d6f2d89b3d0/element'
14:23:37.279 [AsyncHttpClient-1-2] DEBUG org.asynchttpclient.netty.handler.HttpHandler - 

Request DefaultHttpRequest(decodeResult: success, version: HTTP/1.1)
POST /session/a0b0e26165d15a381b818d6f2d89b3d0/element HTTP/1.1
User-Agent: selenium/4.8.1 (java windows)
Content-Length: 84
Content-Type: application/json; charset=utf-8
host: localhost:26290
accept: */*

Response DefaultHttpResponse(decodeResult: success, version: HTTP/1.1)
HTTP/1.1 200 OK
Content-Length: 95
Content-Type: application/json; charset=utf-8
cache-control: no-cache

14:23:37.279 [AsyncHttpClient-1-2] DEBUG org.asynchttpclient.netty.channel.ChannelManager - Adding key: http://localhost:26290 for channel [id: 0x100efea4, L:/127.0.0.1:58721 - R:localhost/127.0.0.1:26290]
14:23:37.290 [Forwarding getElementTagName on session a0b0e26165d15a381b818d6f2d89b3d0 to remote] DEBUG org.asynchttpclient.netty.request.NettyRequestSender - Using pooled Channel '[id: 0x100efea4, L:/127.0.0.1:58721 - R:localhost/127.0.0.1:26290]' for 'GET' to 'http://localhost:26290/session/a0b0e26165d15a381b818d6f2d89b3d0/element/131BA0598F84E42CBC730AE8478CFC7A_element_55/name'
14:23:37.290 [Forwarding getElementTagName on session a0b0e26165d15a381b818d6f2d89b3d0 to remote] DEBUG org.asynchttpclient.netty.request.NettyRequestSender - Using open Channel [id: 0x100efea4, L:/127.0.0.1:58721 - R:localhost/127.0.0.1:26290] for GET '/session/a0b0e26165d15a381b818d6f2d89b3d0/element/131BA0598F84E42CBC730AE8478CFC7A_element_55/name'
14:23:37.317 [AsyncHttpClient-1-2] DEBUG org.asynchttpclient.netty.handler.HttpHandler - 

Request DefaultFullHttpRequest(decodeResult: success, version: HTTP/1.1, content: EmptyByteBufBE)
GET /session/a0b0e26165d15a381b818d6f2d89b3d0/element/131BA0598F84E42CBC730AE8478CFC7A_element_55/name HTTP/1.1
User-Agent: selenium/4.8.1 (java windows)
Cache-Control: no-cache
Content-Type: application/json; charset=utf-8
host: localhost:26290
accept: */*

Response DefaultHttpResponse(decodeResult: success, version: HTTP/1.1)
HTTP/1.1 200 OK
Content-Length: 13
Content-Type: application/json; charset=utf-8
cache-control: no-cache

14:23:37.318 [AsyncHttpClient-1-2] DEBUG org.asynchttpclient.netty.channel.ChannelManager - Adding key: http://localhost:26290 for channel [id: 0x100efea4, L:/127.0.0.1:58721 - R:localhost/127.0.0.1:26290]
14:23:37.323 [Forwarding getElementTagName on session a0b0e26165d15a381b818d6f2d89b3d0 to remote] DEBUG org.asynchttpclient.netty.request.NettyRequestSender - Using pooled Channel '[id: 0x100efea4, L:/127.0.0.1:58721 - R:localhost/127.0.0.1:26290]' for 'GET' to 'http://localhost:26290/session/a0b0e26165d15a381b818d6f2d89b3d0/element/131BA0598F84E42CBC730AE8478CFC7A_element_55/name'
14:23:37.323 [Forwarding getElementTagName on session a0b0e26165d15a381b818d6f2d89b3d0 to remote] DEBUG org.asynchttpclient.netty.request.NettyRequestSender - Using open Channel [id: 0x100efea4, L:/127.0.0.1:58721 - R:localhost/127.0.0.1:26290] for GET '/session/a0b0e26165d15a381b818d6f2d89b3d0/element/131BA0598F84E42CBC730AE8478CFC7A_element_55/name'
14:23:37.355 [AsyncHttpClient-1-2] DEBUG org.asynchttpclient.netty.handler.HttpHandler - 

Request DefaultFullHttpRequest(decodeResult: success, version: HTTP/1.1, content: EmptyByteBufBE)
GET /session/a0b0e26165d15a381b818d6f2d89b3d0/element/131BA0598F84E42CBC730AE8478CFC7A_element_55/name HTTP/1.1
User-Agent: selenium/4.8.1 (java windows)
Cache-Control: no-cache
Content-Type: application/json; charset=utf-8
host: localhost:26290
accept: */*

Response DefaultHttpResponse(decodeResult: success, version: HTTP/1.1)
HTTP/1.1 200 OK
Content-Length: 13
Content-Type: application/json; charset=utf-8
cache-control: no-cache

14:23:37.356 [AsyncHttpClient-1-2] DEBUG org.asynchttpclient.netty.channel.ChannelManager - Adding key: http://localhost:26290 for channel [id: 0x100efea4, L:/127.0.0.1:58721 - R:localhost/127.0.0.1:26290]
14:23:37.369 [Forwarding findElement on session a0b0e26165d15a381b818d6f2d89b3d0 to remote] DEBUG org.asynchttpclient.netty.request.NettyRequestSender - Using pooled Channel '[id: 0x100efea4, L:/127.0.0.1:58721 - R:localhost/127.0.0.1:26290]' for 'POST' to 'http://localhost:26290/session/a0b0e26165d15a381b818d6f2d89b3d0/element'
14:23:37.369 [Forwarding findElement on session a0b0e26165d15a381b818d6f2d89b3d0 to remote] DEBUG org.asynchttpclient.netty.request.NettyRequestSender - Using open Channel [id: 0x100efea4, L:/127.0.0.1:58721 - R:localhost/127.0.0.1:26290] for POST '/session/a0b0e26165d15a381b818d6f2d89b3d0/element'
14:23:37.389 [AsyncHttpClient-1-1] DEBUG org.asynchttpclient.netty.channel.DefaultChannelPool - Entry count for : http://localhost:58722 : 1
14:23:37.407 [AsyncHttpClient-1-2] DEBUG org.asynchttpclient.netty.handler.HttpHandler - 

Request DefaultHttpRequest(decodeResult: success, version: HTTP/1.1)
POST /session/a0b0e26165d15a381b818d6f2d89b3d0/element HTTP/1.1
User-Agent: selenium/4.8.1 (java windows)
Content-Length: 84
Content-Type: application/json; charset=utf-8
host: localhost:26290
accept: */*

Response DefaultHttpResponse(decodeResult: success, version: HTTP/1.1)
HTTP/1.1 200 OK
Content-Length: 95
Content-Type: application/json; charset=utf-8
cache-control: no-cache

14:23:37.408 [AsyncHttpClient-1-2] DEBUG org.asynchttpclient.netty.channel.ChannelManager - Adding key: http://localhost:26290 for channel [id: 0x100efea4, L:/127.0.0.1:58721 - R:localhost/127.0.0.1:26290]
14:23:37.414 [Forwarding clickElement on session a0b0e26165d15a381b818d6f2d89b3d0 to remote] DEBUG org.asynchttpclient.netty.request.NettyRequestSender - Using pooled Channel '[id: 0x100efea4, L:/127.0.0.1:58721 - R:localhost/127.0.0.1:26290]' for 'POST' to 'http://localhost:26290/session/a0b0e26165d15a381b818d6f2d89b3d0/element/131BA0598F84E42CBC730AE8478CFC7A_element_55/click'
14:23:37.414 [Forwarding clickElement on session a0b0e26165d15a381b818d6f2d89b3d0 to remote] DEBUG org.asynchttpclient.netty.request.NettyRequestSender - Using open Channel [id: 0x100efea4, L:/127.0.0.1:58721 - R:localhost/127.0.0.1:26290] for POST '/session/a0b0e26165d15a381b818d6f2d89b3d0/element/131BA0598F84E42CBC730AE8478CFC7A_element_55/click'
14:23:38.488 [AsyncHttpClient-1-1] DEBUG org.asynchttpclient.netty.channel.DefaultChannelPool - Entry count for : http://localhost:58722 : 1
14:23:39.603 [AsyncHttpClient-1-1] DEBUG org.asynchttpclient.netty.channel.DefaultChannelPool - Entry count for : http://localhost:58722 : 1
14:23:40.709 [AsyncHttpClient-1-1] DEBUG org.asynchttpclient.netty.channel.DefaultChannelPool - Entry count for : http://localhost:58722 : 1
14:23:41.245 [AsyncHttpClient-1-2] DEBUG org.asynchttpclient.netty.handler.HttpHandler - 

Request DefaultHttpRequest(decodeResult: success, version: HTTP/1.1)
POST /session/a0b0e26165d15a381b818d6f2d89b3d0/element/131BA0598F84E42CBC730AE8478CFC7A_element_55/click HTTP/1.1
User-Agent: selenium/4.8.1 (java windows)
Content-Length: 57
Content-Type: application/json; charset=utf-8
host: localhost:26290
accept: */*

Response DefaultHttpResponse(decodeResult: success, version: HTTP/1.1)
HTTP/1.1 200 OK
Content-Length: 14
Content-Type: application/json; charset=utf-8
cache-control: no-cache

14:23:41.245 [AsyncHttpClient-1-2] DEBUG org.asynchttpclient.netty.channel.ChannelManager - Adding key: http://localhost:26290 for channel [id: 0x100efea4, L:/127.0.0.1:58721 - R:localhost/127.0.0.1:26290]
14:23:41.268 [Forwarding getAlertText on session a0b0e26165d15a381b818d6f2d89b3d0 to remote] DEBUG org.asynchttpclient.netty.request.NettyRequestSender - Using pooled Channel '[id: 0x100efea4, L:/127.0.0.1:58721 - R:localhost/127.0.0.1:26290]' for 'GET' to 'http://localhost:26290/session/a0b0e26165d15a381b818d6f2d89b3d0/alert/text'
14:23:41.268 [Forwarding getAlertText on session a0b0e26165d15a381b818d6f2d89b3d0 to remote] DEBUG org.asynchttpclient.netty.request.NettyRequestSender - Using open Channel [id: 0x100efea4, L:/127.0.0.1:58721 - R:localhost/127.0.0.1:26290] for GET '/session/a0b0e26165d15a381b818d6f2d89b3d0/alert/text'
14:23:41.275 [AsyncHttpClient-1-2] DEBUG org.asynchttpclient.netty.handler.HttpHandler - 

Request DefaultFullHttpRequest(decodeResult: success, version: HTTP/1.1, content: EmptyByteBufBE)
GET /session/a0b0e26165d15a381b818d6f2d89b3d0/alert/text HTTP/1.1
User-Agent: selenium/4.8.1 (java windows)
Cache-Control: no-cache
Content-Type: application/json; charset=utf-8
host: localhost:26290
accept: */*

Response DefaultHttpResponse(decodeResult: success, version: HTTP/1.1)
HTTP/1.1 404 Not Found
Content-Length: 821
Content-Type: application/json; charset=utf-8
cache-control: no-cache

14:23:41.275 [AsyncHttpClient-1-2] DEBUG org.asynchttpclient.netty.channel.ChannelManager - Adding key: http://localhost:26290 for channel [id: 0x100efea4, L:/127.0.0.1:58721 - R:localhost/127.0.0.1:26290]
14:23:41.278 [Forwarding getCurrentUrl on session a0b0e26165d15a381b818d6f2d89b3d0 to remote] DEBUG org.asynchttpclient.netty.request.NettyRequestSender - Using pooled Channel '[id: 0x100efea4, L:/127.0.0.1:58721 - R:localhost/127.0.0.1:26290]' for 'GET' to 'http://localhost:26290/session/a0b0e26165d15a381b818d6f2d89b3d0/url'
14:23:41.278 [Forwarding getCurrentUrl on session a0b0e26165d15a381b818d6f2d89b3d0 to remote] DEBUG org.asynchttpclient.netty.request.NettyRequestSender - Using open Channel [id: 0x100efea4, L:/127.0.0.1:58721 - R:localhost/127.0.0.1:26290] for GET '/session/a0b0e26165d15a381b818d6f2d89b3d0/url'
14:23:41.286 [AsyncHttpClient-1-2] DEBUG org.asynchttpclient.netty.handler.HttpHandler - 

Request DefaultFullHttpRequest(decodeResult: success, version: HTTP/1.1, content: EmptyByteBufBE)
GET /session/a0b0e26165d15a381b818d6f2d89b3d0/url HTTP/1.1
User-Agent: selenium/4.8.1 (java windows)
Cache-Control: no-cache
Content-Type: application/json; charset=utf-8
host: localhost:26290
accept: */*

Response DefaultHttpResponse(decodeResult: success, version: HTTP/1.1)
HTTP/1.1 200 OK
Content-Length: 54
Content-Type: application/json; charset=utf-8
cache-control: no-cache

14:23:41.286 [AsyncHttpClient-1-2] DEBUG org.asynchttpclient.netty.channel.ChannelManager - Adding key: http://localhost:26290 for channel [id: 0x100efea4, L:/127.0.0.1:58721 - R:localhost/127.0.0.1:26290]
14:23:41.286 [Forwarding screenshot on session a0b0e26165d15a381b818d6f2d89b3d0 to remote] DEBUG org.asynchttpclient.netty.request.NettyRequestSender - Using pooled Channel '[id: 0x100efea4, L:/127.0.0.1:58721 - R:localhost/127.0.0.1:26290]' for 'GET' to 'http://localhost:26290/session/a0b0e26165d15a381b818d6f2d89b3d0/screenshot'
14:23:41.286 [Forwarding screenshot on session a0b0e26165d15a381b818d6f2d89b3d0 to remote] DEBUG org.asynchttpclient.netty.request.NettyRequestSender - Using open Channel [id: 0x100efea4, L:/127.0.0.1:58721 - R:localhost/127.0.0.1:26290] for GET '/session/a0b0e26165d15a381b818d6f2d89b3d0/screenshot'
14:23:41.489 [AsyncHttpClient-1-2] DEBUG org.asynchttpclient.netty.handler.HttpHandler - 

Request DefaultFullHttpRequest(decodeResult: success, version: HTTP/1.1, content: EmptyByteBufBE)
GET /session/a0b0e26165d15a381b818d6f2d89b3d0/screenshot HTTP/1.1
User-Agent: selenium/4.8.1 (java windows)
Cache-Control: no-cache
Content-Type: application/json; charset=utf-8
host: localhost:26290
accept: */*

Response DefaultHttpResponse(decodeResult: success, version: HTTP/1.1)
HTTP/1.1 200 OK
Content-Length: 51488
Content-Type: application/json; charset=utf-8
cache-control: no-cache

14:23:41.489 [AsyncHttpClient-1-2] DEBUG org.asynchttpclient.netty.channel.ChannelManager - Adding key: http://localhost:26290 for channel [id: 0x100efea4, L:/127.0.0.1:58721 - R:localhost/127.0.0.1:26290]
14:23:41.498 [main] DEBUG net.serenitybdd.core.photography.Darkroom - Send negative for processing for target\site\serenity\9857aafb41216484dfe4faf047dea54ef8bf2a79a20276e7a1ecaa7016b22ca1.png
14:23:41.498 [Darkroom Processing Line] DEBUG net.serenitybdd.core.photography.DarkroomProcessingLine - Processing screenshot image in /var/screenshots/screenshot-7416337012751214234
14:23:41.498 [Darkroom Processing Line] DEBUG net.serenitybdd.core.photography.DarkroomProcessingLine - Saving screenshot to target\site\serenity\9857aafb41216484dfe4faf047dea54ef8bf2a79a20276e7a1ecaa7016b22ca1.png
14:23:41.498 [main] DEBUG net.thucydides.core.steps.StepInterceptor - STEP DONE: Click_applyfacility
14:23:41.525 [Forwarding getPageSource on session a0b0e26165d15a381b818d6f2d89b3d0 to remote] DEBUG org.asynchttpclient.netty.request.NettyRequestSender - Using pooled Channel '[id: 0x100efea4, L:/127.0.0.1:58721 - R:localhost/127.0.0.1:26290]' for 'POST' to 'http://localhost:26290/session/a0b0e26165d15a381b818d6f2d89b3d0/execute/sync'
14:23:41.525 [Forwarding getPageSource on session a0b0e26165d15a381b818d6f2d89b3d0 to remote] DEBUG org.asynchttpclient.netty.request.NettyRequestSender - Using open Channel [id: 0x100efea4, L:/127.0.0.1:58721 - R:localhost/127.0.0.1:26290] for POST '/session/a0b0e26165d15a381b818d6f2d89b3d0/execute/sync'
14:23:41.620 [AsyncHttpClient-1-2] DEBUG org.asynchttpclient.netty.handler.HttpHandler - 

Request DefaultHttpRequest(decodeResult: success, version: HTTP/1.1)
POST /session/a0b0e26165d15a381b818d6f2d89b3d0/execute/sync HTTP/1.1
User-Agent: selenium/4.8.1 (java windows)
Content-Length: 176
Content-Type: application/json; charset=utf-8
host: localhost:26290
accept: */*

Response DefaultHttpResponse(decodeResult: success, version: HTTP/1.1)
HTTP/1.1 200 OK
Content-Length: 6206
Content-Type: application/json; charset=utf-8
cache-control: no-cache

14:23:41.620 [AsyncHttpClient-1-2] DEBUG org.asynchttpclient.netty.channel.ChannelManager - Adding key: http://localhost:26290 for channel [id: 0x100efea4, L:/127.0.0.1:58721 - R:localhost/127.0.0.1:26290]
14:23:41.628 [Forwarding getCurrentUrl on session a0b0e26165d15a381b818d6f2d89b3d0 to remote] DEBUG org.asynchttpclient.netty.request.NettyRequestSender - Using pooled Channel '[id: 0x100efea4, L:/127.0.0.1:58721 - R:localhost/127.0.0.1:26290]' for 'GET' to 'http://localhost:26290/session/a0b0e26165d15a381b818d6f2d89b3d0/url'
14:23:41.628 [Forwarding getCurrentUrl on session a0b0e26165d15a381b818d6f2d89b3d0 to remote] DEBUG org.asynchttpclient.netty.request.NettyRequestSender - Using open Channel [id: 0x100efea4, L:/127.0.0.1:58721 - R:localhost/127.0.0.1:26290] for GET '/session/a0b0e26165d15a381b818d6f2d89b3d0/url'
14:23:41.642 [AsyncHttpClient-1-2] DEBUG org.asynchttpclient.netty.handler.HttpHandler - 

Request DefaultFullHttpRequest(decodeResult: success, version: HTTP/1.1, content: EmptyByteBufBE)
GET /session/a0b0e26165d15a381b818d6f2d89b3d0/url HTTP/1.1
User-Agent: selenium/4.8.1 (java windows)
Cache-Control: no-cache
Content-Type: application/json; charset=utf-8
host: localhost:26290
accept: */*

Response DefaultHttpResponse(decodeResult: success, version: HTTP/1.1)
HTTP/1.1 200 OK
Content-Length: 54
Content-Type: application/json; charset=utf-8
cache-control: no-cache

14:23:41.642 [AsyncHttpClient-1-2] DEBUG org.asynchttpclient.netty.channel.ChannelManager - Adding key: http://localhost:26290 for channel [id: 0x100efea4, L:/127.0.0.1:58721 - R:localhost/127.0.0.1:26290]
14:23:41.802 [AsyncHttpClient-1-1] DEBUG org.asynchttpclient.netty.channel.DefaultChannelPool - Entry count for : http://localhost:26290 : 1
14:23:41.802 [AsyncHttpClient-1-1] DEBUG org.asynchttpclient.netty.channel.DefaultChannelPool - Entry count for : http://localhost:58722 : 1
14:23:42.165 [Forwarding getAlertText on session a0b0e26165d15a381b818d6f2d89b3d0 to remote] DEBUG org.asynchttpclient.netty.request.NettyRequestSender - Using pooled Channel '[id: 0x100efea4, L:/127.0.0.1:58721 - R:localhost/127.0.0.1:26290]' for 'GET' to 'http://localhost:26290/session/a0b0e26165d15a381b818d6f2d89b3d0/alert/text'
14:23:42.165 [Forwarding getAlertText on session a0b0e26165d15a381b818d6f2d89b3d0 to remote] DEBUG org.asynchttpclient.netty.request.NettyRequestSender - Using open Channel [id: 0x100efea4, L:/127.0.0.1:58721 - R:localhost/127.0.0.1:26290] for GET '/session/a0b0e26165d15a381b818d6f2d89b3d0/alert/text'
14:23:42.170 [AsyncHttpClient-1-2] DEBUG org.asynchttpclient.netty.handler.HttpHandler - 

Request DefaultFullHttpRequest(decodeResult: success, version: HTTP/1.1, content: EmptyByteBufBE)
GET /session/a0b0e26165d15a381b818d6f2d89b3d0/alert/text HTTP/1.1
User-Agent: selenium/4.8.1 (java windows)
Cache-Control: no-cache
Content-Type: application/json; charset=utf-8
host: localhost:26290
accept: */*

Response DefaultHttpResponse(decodeResult: success, version: HTTP/1.1)
HTTP/1.1 404 Not Found
Content-Length: 821
Content-Type: application/json; charset=utf-8
cache-control: no-cache

14:23:42.170 [AsyncHttpClient-1-2] DEBUG org.asynchttpclient.netty.channel.ChannelManager - Adding key: http://localhost:26290 for channel [id: 0x100efea4, L:/127.0.0.1:58721 - R:localhost/127.0.0.1:26290]
14:23:42.175 [Forwarding getCurrentUrl on session a0b0e26165d15a381b818d6f2d89b3d0 to remote] DEBUG org.asynchttpclient.netty.request.NettyRequestSender - Using pooled Channel '[id: 0x100efea4, L:/127.0.0.1:58721 - R:localhost/127.0.0.1:26290]' for 'GET' to 'http://localhost:26290/session/a0b0e26165d15a381b818d6f2d89b3d0/url'
14:23:42.175 [Forwarding getCurrentUrl on session a0b0e26165d15a381b818d6f2d89b3d0 to remote] DEBUG org.asynchttpclient.netty.request.NettyRequestSender - Using open Channel [id: 0x100efea4, L:/127.0.0.1:58721 - R:localhost/127.0.0.1:26290] for GET '/session/a0b0e26165d15a381b818d6f2d89b3d0/url'
14:23:42.186 [AsyncHttpClient-1-2] DEBUG org.asynchttpclient.netty.handler.HttpHandler - 

Request DefaultFullHttpRequest(decodeResult: success, version: HTTP/1.1, content: EmptyByteBufBE)
GET /session/a0b0e26165d15a381b818d6f2d89b3d0/url HTTP/1.1
User-Agent: selenium/4.8.1 (java windows)
Cache-Control: no-cache
Content-Type: application/json; charset=utf-8
host: localhost:26290
accept: */*

Response DefaultHttpResponse(decodeResult: success, version: HTTP/1.1)
HTTP/1.1 200 OK
Content-Length: 54
Content-Type: application/json; charset=utf-8
cache-control: no-cache

14:23:42.186 [AsyncHttpClient-1-2] DEBUG org.asynchttpclient.netty.channel.ChannelManager - Adding key: http://localhost:26290 for channel [id: 0x100efea4, L:/127.0.0.1:58721 - R:localhost/127.0.0.1:26290]
14:23:42.191 [Forwarding screenshot on session a0b0e26165d15a381b818d6f2d89b3d0 to remote] DEBUG org.asynchttpclient.netty.request.NettyRequestSender - Using pooled Channel '[id: 0x100efea4, L:/127.0.0.1:58721 - R:localhost/127.0.0.1:26290]' for 'GET' to 'http://localhost:26290/session/a0b0e26165d15a381b818d6f2d89b3d0/screenshot'
14:23:42.191 [Forwarding screenshot on session a0b0e26165d15a381b818d6f2d89b3d0 to remote] DEBUG org.asynchttpclient.netty.request.NettyRequestSender - Using open Channel [id: 0x100efea4, L:/127.0.0.1:58721 - R:localhost/127.0.0.1:26290] for GET '/session/a0b0e26165d15a381b818d6f2d89b3d0/screenshot'
14:23:42.388 [AsyncHttpClient-1-2] DEBUG org.asynchttpclient.netty.handler.HttpHandler - 

Request DefaultFullHttpRequest(decodeResult: success, version: HTTP/1.1, content: EmptyByteBufBE)
GET /session/a0b0e26165d15a381b818d6f2d89b3d0/screenshot HTTP/1.1
User-Agent: selenium/4.8.1 (java windows)
Cache-Control: no-cache
Content-Type: application/json; charset=utf-8
host: localhost:26290
accept: */*

Response DefaultHttpResponse(decodeResult: success, version: HTTP/1.1)
HTTP/1.1 200 OK
Content-Length: 51488
Content-Type: application/json; charset=utf-8
cache-control: no-cache

14:23:42.394 [AsyncHttpClient-1-2] DEBUG org.asynchttpclient.netty.channel.ChannelManager - Adding key: http://localhost:26290 for channel [id: 0x100efea4, L:/127.0.0.1:58721 - R:localhost/127.0.0.1:26290]
14:23:42.399 [main] DEBUG net.serenitybdd.core.photography.Darkroom - Send negative for processing for target\site\serenity\9857aafb41216484dfe4faf047dea54ef8bf2a79a20276e7a1ecaa7016b22ca1.png
14:23:42.410 [Forwarding getPageSource on session a0b0e26165d15a381b818d6f2d89b3d0 to remote] DEBUG org.asynchttpclient.netty.request.NettyRequestSender - Using pooled Channel '[id: 0x100efea4, L:/127.0.0.1:58721 - R:localhost/127.0.0.1:26290]' for 'POST' to 'http://localhost:26290/session/a0b0e26165d15a381b818d6f2d89b3d0/execute/sync'
14:23:42.410 [Forwarding getPageSource on session a0b0e26165d15a381b818d6f2d89b3d0 to remote] DEBUG org.asynchttpclient.netty.request.NettyRequestSender - Using open Channel [id: 0x100efea4, L:/127.0.0.1:58721 - R:localhost/127.0.0.1:26290] for POST '/session/a0b0e26165d15a381b818d6f2d89b3d0/execute/sync'
14:23:42.429 [AsyncHttpClient-1-2] DEBUG org.asynchttpclient.netty.handler.HttpHandler - 

Request DefaultHttpRequest(decodeResult: success, version: HTTP/1.1)
POST /session/a0b0e26165d15a381b818d6f2d89b3d0/execute/sync HTTP/1.1
User-Agent: selenium/4.8.1 (java windows)
Content-Length: 176
Content-Type: application/json; charset=utf-8
host: localhost:26290
accept: */*

Response DefaultHttpResponse(decodeResult: success, version: HTTP/1.1)
HTTP/1.1 200 OK
Content-Length: 6206
Content-Type: application/json; charset=utf-8
cache-control: no-cache

14:23:42.431 [AsyncHttpClient-1-2] DEBUG org.asynchttpclient.netty.channel.ChannelManager - Adding key: http://localhost:26290 for channel [id: 0x100efea4, L:/127.0.0.1:58721 - R:localhost/127.0.0.1:26290]
14:23:42.437 [Forwarding getCurrentUrl on session a0b0e26165d15a381b818d6f2d89b3d0 to remote] DEBUG org.asynchttpclient.netty.request.NettyRequestSender - Using pooled Channel '[id: 0x100efea4, L:/127.0.0.1:58721 - R:localhost/127.0.0.1:26290]' for 'GET' to 'http://localhost:26290/session/a0b0e26165d15a381b818d6f2d89b3d0/url'
14:23:42.437 [Forwarding getCurrentUrl on session a0b0e26165d15a381b818d6f2d89b3d0 to remote] DEBUG org.asynchttpclient.netty.request.NettyRequestSender - Using open Channel [id: 0x100efea4, L:/127.0.0.1:58721 - R:localhost/127.0.0.1:26290] for GET '/session/a0b0e26165d15a381b818d6f2d89b3d0/url'
14:23:42.458 [AsyncHttpClient-1-2] DEBUG org.asynchttpclient.netty.handler.HttpHandler - 

Request DefaultFullHttpRequest(decodeResult: success, version: HTTP/1.1, content: EmptyByteBufBE)
GET /session/a0b0e26165d15a381b818d6f2d89b3d0/url HTTP/1.1
User-Agent: selenium/4.8.1 (java windows)
Cache-Control: no-cache
Content-Type: application/json; charset=utf-8
host: localhost:26290
accept: */*

Response DefaultHttpResponse(decodeResult: success, version: HTTP/1.1)
HTTP/1.1 200 OK
Content-Length: 54
Content-Type: application/json; charset=utf-8
cache-control: no-cache

14:23:42.458 [AsyncHttpClient-1-2] DEBUG org.asynchttpclient.netty.channel.ChannelManager - Adding key: http://localhost:26290 for channel [id: 0x100efea4, L:/127.0.0.1:58721 - R:localhost/127.0.0.1:26290]
14:23:42.469 [main] DEBUG net.thucydides.core.steps.StepInterceptor - STARTING STEP: Afrexim_ForgotPassword_Steps.click_the_forgot_password_link - Click_the_Forgot_Password_link
14:23:42.484 [Forwarding findElement on session a0b0e26165d15a381b818d6f2d89b3d0 to remote] DEBUG org.asynchttpclient.netty.request.NettyRequestSender - Using pooled Channel '[id: 0x100efea4, L:/127.0.0.1:58721 - R:localhost/127.0.0.1:26290]' for 'POST' to 'http://localhost:26290/session/a0b0e26165d15a381b818d6f2d89b3d0/element'
14:23:42.484 [Forwarding findElement on session a0b0e26165d15a381b818d6f2d89b3d0 to remote] DEBUG org.asynchttpclient.netty.request.NettyRequestSender - Using open Channel [id: 0x100efea4, L:/127.0.0.1:58721 - R:localhost/127.0.0.1:26290] for POST '/session/a0b0e26165d15a381b818d6f2d89b3d0/element'
14:23:42.512 [AsyncHttpClient-1-2] DEBUG org.asynchttpclient.netty.handler.HttpHandler - 

Request DefaultHttpRequest(decodeResult: success, version: HTTP/1.1)
POST /session/a0b0e26165d15a381b818d6f2d89b3d0/element HTTP/1.1
User-Agent: selenium/4.8.1 (java windows)
Content-Length: 76
Content-Type: application/json; charset=utf-8
host: localhost:26290
accept: */*

Response DefaultHttpResponse(decodeResult: success, version: HTTP/1.1)
HTTP/1.1 200 OK
Content-Length: 95
Content-Type: application/json; charset=utf-8
cache-control: no-cache

14:23:42.512 [AsyncHttpClient-1-2] DEBUG org.asynchttpclient.netty.channel.ChannelManager - Adding key: http://localhost:26290 for channel [id: 0x100efea4, L:/127.0.0.1:58721 - R:localhost/127.0.0.1:26290]
14:23:42.512 [Forwarding getElementTagName on session a0b0e26165d15a381b818d6f2d89b3d0 to remote] DEBUG org.asynchttpclient.netty.request.NettyRequestSender - Using pooled Channel '[id: 0x100efea4, L:/127.0.0.1:58721 - R:localhost/127.0.0.1:26290]' for 'GET' to 'http://localhost:26290/session/a0b0e26165d15a381b818d6f2d89b3d0/element/8DDB629D9AF2D4569DDB173A649D1ECD_element_68/name'
14:23:42.512 [Forwarding getElementTagName on session a0b0e26165d15a381b818d6f2d89b3d0 to remote] DEBUG org.asynchttpclient.netty.request.NettyRequestSender - Using open Channel [id: 0x100efea4, L:/127.0.0.1:58721 - R:localhost/127.0.0.1:26290] for GET '/session/a0b0e26165d15a381b818d6f2d89b3d0/element/8DDB629D9AF2D4569DDB173A649D1ECD_element_68/name'
14:23:42.532 [AsyncHttpClient-1-2] DEBUG org.asynchttpclient.netty.handler.HttpHandler - 

Request DefaultFullHttpRequest(decodeResult: success, version: HTTP/1.1, content: EmptyByteBufBE)
GET /session/a0b0e26165d15a381b818d6f2d89b3d0/element/8DDB629D9AF2D4569DDB173A649D1ECD_element_68/name HTTP/1.1
User-Agent: selenium/4.8.1 (java windows)
Cache-Control: no-cache
Content-Type: application/json; charset=utf-8
host: localhost:26290
accept: */*

Response DefaultHttpResponse(decodeResult: success, version: HTTP/1.1)
HTTP/1.1 200 OK
Content-Length: 13
Content-Type: application/json; charset=utf-8
cache-control: no-cache

14:23:42.532 [AsyncHttpClient-1-2] DEBUG org.asynchttpclient.netty.channel.ChannelManager - Adding key: http://localhost:26290 for channel [id: 0x100efea4, L:/127.0.0.1:58721 - R:localhost/127.0.0.1:26290]
14:23:42.538 [Forwarding getElementTagName on session a0b0e26165d15a381b818d6f2d89b3d0 to remote] DEBUG org.asynchttpclient.netty.request.NettyRequestSender - Using pooled Channel '[id: 0x100efea4, L:/127.0.0.1:58721 - R:localhost/127.0.0.1:26290]' for 'GET' to 'http://localhost:26290/session/a0b0e26165d15a381b818d6f2d89b3d0/element/8DDB629D9AF2D4569DDB173A649D1ECD_element_68/name'
14:23:42.538 [Forwarding getElementTagName on session a0b0e26165d15a381b818d6f2d89b3d0 to remote] DEBUG org.asynchttpclient.netty.request.NettyRequestSender - Using open Channel [id: 0x100efea4, L:/127.0.0.1:58721 - R:localhost/127.0.0.1:26290] for GET '/session/a0b0e26165d15a381b818d6f2d89b3d0/element/8DDB629D9AF2D4569DDB173A649D1ECD_element_68/name'
14:23:42.544 [AsyncHttpClient-1-2] DEBUG org.asynchttpclient.netty.handler.HttpHandler - 

Request DefaultFullHttpRequest(decodeResult: success, version: HTTP/1.1, content: EmptyByteBufBE)
GET /session/a0b0e26165d15a381b818d6f2d89b3d0/element/8DDB629D9AF2D4569DDB173A649D1ECD_element_68/name HTTP/1.1
User-Agent: selenium/4.8.1 (java windows)
Cache-Control: no-cache
Content-Type: application/json; charset=utf-8
host: localhost:26290
accept: */*

Response DefaultHttpResponse(decodeResult: success, version: HTTP/1.1)
HTTP/1.1 200 OK
Content-Length: 13
Content-Type: application/json; charset=utf-8
cache-control: no-cache

14:23:42.544 [AsyncHttpClient-1-2] DEBUG org.asynchttpclient.netty.channel.ChannelManager - Adding key: http://localhost:26290 for channel [id: 0x100efea4, L:/127.0.0.1:58721 - R:localhost/127.0.0.1:26290]
14:23:42.544 [Forwarding findElement on session a0b0e26165d15a381b818d6f2d89b3d0 to remote] DEBUG org.asynchttpclient.netty.request.NettyRequestSender - Using pooled Channel '[id: 0x100efea4, L:/127.0.0.1:58721 - R:localhost/127.0.0.1:26290]' for 'POST' to 'http://localhost:26290/session/a0b0e26165d15a381b818d6f2d89b3d0/element'
14:23:42.544 [Forwarding findElement on session a0b0e26165d15a381b818d6f2d89b3d0 to remote] DEBUG org.asynchttpclient.netty.request.NettyRequestSender - Using open Channel [id: 0x100efea4, L:/127.0.0.1:58721 - R:localhost/127.0.0.1:26290] for POST '/session/a0b0e26165d15a381b818d6f2d89b3d0/element'
14:23:42.565 [AsyncHttpClient-1-2] DEBUG org.asynchttpclient.netty.handler.HttpHandler - 

Request DefaultHttpRequest(decodeResult: success, version: HTTP/1.1)
POST /session/a0b0e26165d15a381b818d6f2d89b3d0/element HTTP/1.1
User-Agent: selenium/4.8.1 (java windows)
Content-Length: 76
Content-Type: application/json; charset=utf-8
host: localhost:26290
accept: */*

Response DefaultHttpResponse(decodeResult: success, version: HTTP/1.1)
HTTP/1.1 200 OK
Content-Length: 95
Content-Type: application/json; charset=utf-8
cache-control: no-cache

14:23:42.565 [AsyncHttpClient-1-2] DEBUG org.asynchttpclient.netty.channel.ChannelManager - Adding key: http://localhost:26290 for channel [id: 0x100efea4, L:/127.0.0.1:58721 - R:localhost/127.0.0.1:26290]
14:23:42.565 [Forwarding clickElement on session a0b0e26165d15a381b818d6f2d89b3d0 to remote] DEBUG org.asynchttpclient.netty.request.NettyRequestSender - Using pooled Channel '[id: 0x100efea4, L:/127.0.0.1:58721 - R:localhost/127.0.0.1:26290]' for 'POST' to 'http://localhost:26290/session/a0b0e26165d15a381b818d6f2d89b3d0/element/8DDB629D9AF2D4569DDB173A649D1ECD_element_68/click'
14:23:42.565 [Forwarding clickElement on session a0b0e26165d15a381b818d6f2d89b3d0 to remote] DEBUG org.asynchttpclient.netty.request.NettyRequestSender - Using open Channel [id: 0x100efea4, L:/127.0.0.1:58721 - R:localhost/127.0.0.1:26290] for POST '/session/a0b0e26165d15a381b818d6f2d89b3d0/element/8DDB629D9AF2D4569DDB173A649D1ECD_element_68/click'
14:23:42.783 [AsyncHttpClient-1-2] DEBUG org.asynchttpclient.netty.handler.HttpHandler - 

Request DefaultHttpRequest(decodeResult: success, version: HTTP/1.1)
POST /session/a0b0e26165d15a381b818d6f2d89b3d0/element/8DDB629D9AF2D4569DDB173A649D1ECD_element_68/click HTTP/1.1
User-Agent: selenium/4.8.1 (java windows)
Content-Length: 57
Content-Type: application/json; charset=utf-8
host: localhost:26290
accept: */*

Response DefaultHttpResponse(decodeResult: success, version: HTTP/1.1)
HTTP/1.1 200 OK
Content-Length: 14
Content-Type: application/json; charset=utf-8
cache-control: no-cache

14:23:42.784 [AsyncHttpClient-1-2] DEBUG org.asynchttpclient.netty.channel.ChannelManager - Adding key: http://localhost:26290 for channel [id: 0x100efea4, L:/127.0.0.1:58721 - R:localhost/127.0.0.1:26290]
14:23:42.800 [Forwarding getAlertText on session a0b0e26165d15a381b818d6f2d89b3d0 to remote] DEBUG org.asynchttpclient.netty.request.NettyRequestSender - Using pooled Channel '[id: 0x100efea4, L:/127.0.0.1:58721 - R:localhost/127.0.0.1:26290]' for 'GET' to 'http://localhost:26290/session/a0b0e26165d15a381b818d6f2d89b3d0/alert/text'
14:23:42.800 [Forwarding getAlertText on session a0b0e26165d15a381b818d6f2d89b3d0 to remote] DEBUG org.asynchttpclient.netty.request.NettyRequestSender - Using open Channel [id: 0x100efea4, L:/127.0.0.1:58721 - R:localhost/127.0.0.1:26290] for GET '/session/a0b0e26165d15a381b818d6f2d89b3d0/alert/text'
14:23:42.810 [AsyncHttpClient-1-2] DEBUG org.asynchttpclient.netty.handler.HttpHandler - 

Request DefaultFullHttpRequest(decodeResult: success, version: HTTP/1.1, content: EmptyByteBufBE)
GET /session/a0b0e26165d15a381b818d6f2d89b3d0/alert/text HTTP/1.1
User-Agent: selenium/4.8.1 (java windows)
Cache-Control: no-cache
Content-Type: application/json; charset=utf-8
host: localhost:26290
accept: */*

Response DefaultHttpResponse(decodeResult: success, version: HTTP/1.1)
HTTP/1.1 404 Not Found
Content-Length: 821
Content-Type: application/json; charset=utf-8
cache-control: no-cache

14:23:42.810 [AsyncHttpClient-1-2] DEBUG org.asynchttpclient.netty.channel.ChannelManager - Adding key: http://localhost:26290 for channel [id: 0x100efea4, L:/127.0.0.1:58721 - R:localhost/127.0.0.1:26290]
14:23:42.815 [Forwarding getCurrentUrl on session a0b0e26165d15a381b818d6f2d89b3d0 to remote] DEBUG org.asynchttpclient.netty.request.NettyRequestSender - Using pooled Channel '[id: 0x100efea4, L:/127.0.0.1:58721 - R:localhost/127.0.0.1:26290]' for 'GET' to 'http://localhost:26290/session/a0b0e26165d15a381b818d6f2d89b3d0/url'
14:23:42.815 [Forwarding getCurrentUrl on session a0b0e26165d15a381b818d6f2d89b3d0 to remote] DEBUG org.asynchttpclient.netty.request.NettyRequestSender - Using open Channel [id: 0x100efea4, L:/127.0.0.1:58721 - R:localhost/127.0.0.1:26290] for GET '/session/a0b0e26165d15a381b818d6f2d89b3d0/url'
14:23:42.847 [AsyncHttpClient-1-2] DEBUG org.asynchttpclient.netty.handler.HttpHandler - 

Request DefaultFullHttpRequest(decodeResult: success, version: HTTP/1.1, content: EmptyByteBufBE)
GET /session/a0b0e26165d15a381b818d6f2d89b3d0/url HTTP/1.1
User-Agent: selenium/4.8.1 (java windows)
Cache-Control: no-cache
Content-Type: application/json; charset=utf-8
host: localhost:26290
accept: */*

Response DefaultHttpResponse(decodeResult: success, version: HTTP/1.1)
HTTP/1.1 200 OK
Content-Length: 69
Content-Type: application/json; charset=utf-8
cache-control: no-cache

14:23:42.847 [AsyncHttpClient-1-2] DEBUG org.asynchttpclient.netty.channel.ChannelManager - Adding key: http://localhost:26290 for channel [id: 0x100efea4, L:/127.0.0.1:58721 - R:localhost/127.0.0.1:26290]
14:23:42.856 [Forwarding screenshot on session a0b0e26165d15a381b818d6f2d89b3d0 to remote] DEBUG org.asynchttpclient.netty.request.NettyRequestSender - Using pooled Channel '[id: 0x100efea4, L:/127.0.0.1:58721 - R:localhost/127.0.0.1:26290]' for 'GET' to 'http://localhost:26290/session/a0b0e26165d15a381b818d6f2d89b3d0/screenshot'
14:23:42.856 [Forwarding screenshot on session a0b0e26165d15a381b818d6f2d89b3d0 to remote] DEBUG org.asynchttpclient.netty.request.NettyRequestSender - Using open Channel [id: 0x100efea4, L:/127.0.0.1:58721 - R:localhost/127.0.0.1:26290] for GET '/session/a0b0e26165d15a381b818d6f2d89b3d0/screenshot'
14:23:42.889 [AsyncHttpClient-1-1] DEBUG org.asynchttpclient.netty.channel.DefaultChannelPool - Entry count for : http://localhost:58722 : 1
14:23:43.048 [AsyncHttpClient-1-2] DEBUG org.asynchttpclient.netty.handler.HttpHandler - 

Request DefaultFullHttpRequest(decodeResult: success, version: HTTP/1.1, content: EmptyByteBufBE)
GET /session/a0b0e26165d15a381b818d6f2d89b3d0/screenshot HTTP/1.1
User-Agent: selenium/4.8.1 (java windows)
Cache-Control: no-cache
Content-Type: application/json; charset=utf-8
host: localhost:26290
accept: */*

Response DefaultHttpResponse(decodeResult: success, version: HTTP/1.1)
HTTP/1.1 200 OK
Content-Length: 44828
Content-Type: application/json; charset=utf-8
cache-control: no-cache

14:23:43.055 [AsyncHttpClient-1-2] DEBUG org.asynchttpclient.netty.channel.ChannelManager - Adding key: http://localhost:26290 for channel [id: 0x100efea4, L:/127.0.0.1:58721 - R:localhost/127.0.0.1:26290]
14:23:43.066 [main] DEBUG net.serenitybdd.core.photography.Darkroom - Send negative for processing for target\site\serenity\a80a53598cf6b0318830f38780044bd5635cd34ede590d2f97a183a719421760.png
14:23:43.066 [main] DEBUG net.thucydides.core.steps.StepInterceptor - STEP DONE: Click_the_Forgot_Password_link
14:23:43.066 [Darkroom Processing Line] DEBUG net.serenitybdd.core.photography.DarkroomProcessingLine - Processing screenshot image in /var/screenshots/screenshot-9124147891660486410
14:23:43.066 [Darkroom Processing Line] DEBUG net.serenitybdd.core.photography.DarkroomProcessingLine - Saving screenshot to target\site\serenity\a80a53598cf6b0318830f38780044bd5635cd34ede590d2f97a183a719421760.png
14:23:43.098 [Forwarding getPageSource on session a0b0e26165d15a381b818d6f2d89b3d0 to remote] DEBUG org.asynchttpclient.netty.request.NettyRequestSender - Using pooled Channel '[id: 0x100efea4, L:/127.0.0.1:58721 - R:localhost/127.0.0.1:26290]' for 'POST' to 'http://localhost:26290/session/a0b0e26165d15a381b818d6f2d89b3d0/execute/sync'
14:23:43.103 [Forwarding getPageSource on session a0b0e26165d15a381b818d6f2d89b3d0 to remote] DEBUG org.asynchttpclient.netty.request.NettyRequestSender - Using open Channel [id: 0x100efea4, L:/127.0.0.1:58721 - R:localhost/127.0.0.1:26290] for POST '/session/a0b0e26165d15a381b818d6f2d89b3d0/execute/sync'
14:23:43.121 [AsyncHttpClient-1-2] DEBUG org.asynchttpclient.netty.handler.HttpHandler - 

Request DefaultHttpRequest(decodeResult: success, version: HTTP/1.1)
POST /session/a0b0e26165d15a381b818d6f2d89b3d0/execute/sync HTTP/1.1
User-Agent: selenium/4.8.1 (java windows)
Content-Length: 176
Content-Type: application/json; charset=utf-8
host: localhost:26290
accept: */*

Response DefaultHttpResponse(decodeResult: success, version: HTTP/1.1)
HTTP/1.1 200 OK
Content-Length: 5605
Content-Type: application/json; charset=utf-8
cache-control: no-cache

14:23:43.121 [AsyncHttpClient-1-2] DEBUG org.asynchttpclient.netty.channel.ChannelManager - Adding key: http://localhost:26290 for channel [id: 0x100efea4, L:/127.0.0.1:58721 - R:localhost/127.0.0.1:26290]
14:23:43.130 [Forwarding getCurrentUrl on session a0b0e26165d15a381b818d6f2d89b3d0 to remote] DEBUG org.asynchttpclient.netty.request.NettyRequestSender - Using pooled Channel '[id: 0x100efea4, L:/127.0.0.1:58721 - R:localhost/127.0.0.1:26290]' for 'GET' to 'http://localhost:26290/session/a0b0e26165d15a381b818d6f2d89b3d0/url'
14:23:43.130 [Forwarding getCurrentUrl on session a0b0e26165d15a381b818d6f2d89b3d0 to remote] DEBUG org.asynchttpclient.netty.request.NettyRequestSender - Using open Channel [id: 0x100efea4, L:/127.0.0.1:58721 - R:localhost/127.0.0.1:26290] for GET '/session/a0b0e26165d15a381b818d6f2d89b3d0/url'
14:23:43.154 [AsyncHttpClient-1-2] DEBUG org.asynchttpclient.netty.handler.HttpHandler - 

Request DefaultFullHttpRequest(decodeResult: success, version: HTTP/1.1, content: EmptyByteBufBE)
GET /session/a0b0e26165d15a381b818d6f2d89b3d0/url HTTP/1.1
User-Agent: selenium/4.8.1 (java windows)
Cache-Control: no-cache
Content-Type: application/json; charset=utf-8
host: localhost:26290
accept: */*

Response DefaultHttpResponse(decodeResult: success, version: HTTP/1.1)
HTTP/1.1 200 OK
Content-Length: 69
Content-Type: application/json; charset=utf-8
cache-control: no-cache

14:23:43.154 [AsyncHttpClient-1-2] DEBUG org.asynchttpclient.netty.channel.ChannelManager - Adding key: http://localhost:26290 for channel [id: 0x100efea4, L:/127.0.0.1:58721 - R:localhost/127.0.0.1:26290]
14:23:43.183 [Forwarding getAlertText on session a0b0e26165d15a381b818d6f2d89b3d0 to remote] DEBUG org.asynchttpclient.netty.request.NettyRequestSender - Using pooled Channel '[id: 0x100efea4, L:/127.0.0.1:58721 - R:localhost/127.0.0.1:26290]' for 'GET' to 'http://localhost:26290/session/a0b0e26165d15a381b818d6f2d89b3d0/alert/text'
14:23:43.186 [Forwarding getAlertText on session a0b0e26165d15a381b818d6f2d89b3d0 to remote] DEBUG org.asynchttpclient.netty.request.NettyRequestSender - Using open Channel [id: 0x100efea4, L:/127.0.0.1:58721 - R:localhost/127.0.0.1:26290] for GET '/session/a0b0e26165d15a381b818d6f2d89b3d0/alert/text'
14:23:43.251 [AsyncHttpClient-1-2] DEBUG org.asynchttpclient.netty.handler.HttpHandler - 

Request DefaultFullHttpRequest(decodeResult: success, version: HTTP/1.1, content: EmptyByteBufBE)
GET /session/a0b0e26165d15a381b818d6f2d89b3d0/alert/text HTTP/1.1
User-Agent: selenium/4.8.1 (java windows)
Cache-Control: no-cache
Content-Type: application/json; charset=utf-8
host: localhost:26290
accept: */*

Response DefaultHttpResponse(decodeResult: success, version: HTTP/1.1)
HTTP/1.1 404 Not Found
Content-Length: 821
Content-Type: application/json; charset=utf-8
cache-control: no-cache

14:23:43.251 [AsyncHttpClient-1-2] DEBUG org.asynchttpclient.netty.channel.ChannelManager - Adding key: http://localhost:26290 for channel [id: 0x100efea4, L:/127.0.0.1:58721 - R:localhost/127.0.0.1:26290]
14:23:43.259 [Forwarding getCurrentUrl on session a0b0e26165d15a381b818d6f2d89b3d0 to remote] DEBUG org.asynchttpclient.netty.request.NettyRequestSender - Using pooled Channel '[id: 0x100efea4, L:/127.0.0.1:58721 - R:localhost/127.0.0.1:26290]' for 'GET' to 'http://localhost:26290/session/a0b0e26165d15a381b818d6f2d89b3d0/url'
14:23:43.259 [Forwarding getCurrentUrl on session a0b0e26165d15a381b818d6f2d89b3d0 to remote] DEBUG org.asynchttpclient.netty.request.NettyRequestSender - Using open Channel [id: 0x100efea4, L:/127.0.0.1:58721 - R:localhost/127.0.0.1:26290] for GET '/session/a0b0e26165d15a381b818d6f2d89b3d0/url'
14:23:43.295 [AsyncHttpClient-1-2] DEBUG org.asynchttpclient.netty.handler.HttpHandler - 

Request DefaultFullHttpRequest(decodeResult: success, version: HTTP/1.1, content: EmptyByteBufBE)
GET /session/a0b0e26165d15a381b818d6f2d89b3d0/url HTTP/1.1
User-Agent: selenium/4.8.1 (java windows)
Cache-Control: no-cache
Content-Type: application/json; charset=utf-8
host: localhost:26290
accept: */*

Response DefaultHttpResponse(decodeResult: success, version: HTTP/1.1)
HTTP/1.1 200 OK
Content-Length: 69
Content-Type: application/json; charset=utf-8
cache-control: no-cache

14:23:43.295 [AsyncHttpClient-1-2] DEBUG org.asynchttpclient.netty.channel.ChannelManager - Adding key: http://localhost:26290 for channel [id: 0x100efea4, L:/127.0.0.1:58721 - R:localhost/127.0.0.1:26290]
14:23:43.301 [Forwarding screenshot on session a0b0e26165d15a381b818d6f2d89b3d0 to remote] DEBUG org.asynchttpclient.netty.request.NettyRequestSender - Using pooled Channel '[id: 0x100efea4, L:/127.0.0.1:58721 - R:localhost/127.0.0.1:26290]' for 'GET' to 'http://localhost:26290/session/a0b0e26165d15a381b818d6f2d89b3d0/screenshot'
14:23:43.301 [Forwarding screenshot on session a0b0e26165d15a381b818d6f2d89b3d0 to remote] DEBUG org.asynchttpclient.netty.request.NettyRequestSender - Using open Channel [id: 0x100efea4, L:/127.0.0.1:58721 - R:localhost/127.0.0.1:26290] for GET '/session/a0b0e26165d15a381b818d6f2d89b3d0/screenshot'
14:23:43.538 [AsyncHttpClient-1-2] DEBUG org.asynchttpclient.netty.handler.HttpHandler - 

Request DefaultFullHttpRequest(decodeResult: success, version: HTTP/1.1, content: EmptyByteBufBE)
GET /session/a0b0e26165d15a381b818d6f2d89b3d0/screenshot HTTP/1.1
User-Agent: selenium/4.8.1 (java windows)
Cache-Control: no-cache
Content-Type: application/json; charset=utf-8
host: localhost:26290
accept: */*

Response DefaultHttpResponse(decodeResult: success, version: HTTP/1.1)
HTTP/1.1 200 OK
Content-Length: 44828
Content-Type: application/json; charset=utf-8
cache-control: no-cache

14:23:43.538 [AsyncHttpClient-1-2] DEBUG org.asynchttpclient.netty.channel.ChannelManager - Adding key: http://localhost:26290 for channel [id: 0x100efea4, L:/127.0.0.1:58721 - R:localhost/127.0.0.1:26290]
14:23:43.538 [main] DEBUG net.serenitybdd.core.photography.Darkroom - Send negative for processing for target\site\serenity\a80a53598cf6b0318830f38780044bd5635cd34ede590d2f97a183a719421760.png
14:23:43.546 [Forwarding getPageSource on session a0b0e26165d15a381b818d6f2d89b3d0 to remote] DEBUG org.asynchttpclient.netty.request.NettyRequestSender - Using pooled Channel '[id: 0x100efea4, L:/127.0.0.1:58721 - R:localhost/127.0.0.1:26290]' for 'POST' to 'http://localhost:26290/session/a0b0e26165d15a381b818d6f2d89b3d0/execute/sync'
14:23:43.551 [Forwarding getPageSource on session a0b0e26165d15a381b818d6f2d89b3d0 to remote] DEBUG org.asynchttpclient.netty.request.NettyRequestSender - Using open Channel [id: 0x100efea4, L:/127.0.0.1:58721 - R:localhost/127.0.0.1:26290] for POST '/session/a0b0e26165d15a381b818d6f2d89b3d0/execute/sync'
14:23:43.562 [AsyncHttpClient-1-2] DEBUG org.asynchttpclient.netty.handler.HttpHandler - 

Request DefaultHttpRequest(decodeResult: success, version: HTTP/1.1)
POST /session/a0b0e26165d15a381b818d6f2d89b3d0/execute/sync HTTP/1.1
User-Agent: selenium/4.8.1 (java windows)
Content-Length: 176
Content-Type: application/json; charset=utf-8
host: localhost:26290
accept: */*

Response DefaultHttpResponse(decodeResult: success, version: HTTP/1.1)
HTTP/1.1 200 OK
Content-Length: 5605
Content-Type: application/json; charset=utf-8
cache-control: no-cache

14:23:43.562 [AsyncHttpClient-1-2] DEBUG org.asynchttpclient.netty.channel.ChannelManager - Adding key: http://localhost:26290 for channel [id: 0x100efea4, L:/127.0.0.1:58721 - R:localhost/127.0.0.1:26290]
14:23:43.570 [Forwarding getCurrentUrl on session a0b0e26165d15a381b818d6f2d89b3d0 to remote] DEBUG org.asynchttpclient.netty.request.NettyRequestSender - Using pooled Channel '[id: 0x100efea4, L:/127.0.0.1:58721 - R:localhost/127.0.0.1:26290]' for 'GET' to 'http://localhost:26290/session/a0b0e26165d15a381b818d6f2d89b3d0/url'
14:23:43.570 [Forwarding getCurrentUrl on session a0b0e26165d15a381b818d6f2d89b3d0 to remote] DEBUG org.asynchttpclient.netty.request.NettyRequestSender - Using open Channel [id: 0x100efea4, L:/127.0.0.1:58721 - R:localhost/127.0.0.1:26290] for GET '/session/a0b0e26165d15a381b818d6f2d89b3d0/url'
14:23:43.578 [AsyncHttpClient-1-2] DEBUG org.asynchttpclient.netty.handler.HttpHandler - 

Request DefaultFullHttpRequest(decodeResult: success, version: HTTP/1.1, content: EmptyByteBufBE)
GET /session/a0b0e26165d15a381b818d6f2d89b3d0/url HTTP/1.1
User-Agent: selenium/4.8.1 (java windows)
Cache-Control: no-cache
Content-Type: application/json; charset=utf-8
host: localhost:26290
accept: */*

Response DefaultHttpResponse(decodeResult: success, version: HTTP/1.1)
HTTP/1.1 200 OK
Content-Length: 69
Content-Type: application/json; charset=utf-8
cache-control: no-cache

14:23:43.578 [AsyncHttpClient-1-2] DEBUG org.asynchttpclient.netty.channel.ChannelManager - Adding key: http://localhost:26290 for channel [id: 0x100efea4, L:/127.0.0.1:58721 - R:localhost/127.0.0.1:26290]
14:23:43.589 [main] DEBUG net.thucydides.core.steps.StepInterceptor - STARTING STEP: Afrexim_ForgotPassword_Steps.validate_the_reset_password_pop_up_page - Validate_the_Reset_Password_popup_page
14:23:43.594 [Forwarding findElement on session a0b0e26165d15a381b818d6f2d89b3d0 to remote] DEBUG org.asynchttpclient.netty.request.NettyRequestSender - Using pooled Channel '[id: 0x100efea4, L:/127.0.0.1:58721 - R:localhost/127.0.0.1:26290]' for 'POST' to 'http://localhost:26290/session/a0b0e26165d15a381b818d6f2d89b3d0/element'
14:23:43.594 [Forwarding findElement on session a0b0e26165d15a381b818d6f2d89b3d0 to remote] DEBUG org.asynchttpclient.netty.request.NettyRequestSender - Using open Channel [id: 0x100efea4, L:/127.0.0.1:58721 - R:localhost/127.0.0.1:26290] for POST '/session/a0b0e26165d15a381b818d6f2d89b3d0/element'
14:23:43.621 [AsyncHttpClient-1-2] DEBUG org.asynchttpclient.netty.handler.HttpHandler - 

Request DefaultHttpRequest(decodeResult: success, version: HTTP/1.1)
POST /session/a0b0e26165d15a381b818d6f2d89b3d0/element HTTP/1.1
User-Agent: selenium/4.8.1 (java windows)
Content-Length: 76
Content-Type: application/json; charset=utf-8
host: localhost:26290
accept: */*

Response DefaultHttpResponse(decodeResult: success, version: HTTP/1.1)
HTTP/1.1 200 OK
Content-Length: 95
Content-Type: application/json; charset=utf-8
cache-control: no-cache

14:23:43.621 [AsyncHttpClient-1-2] DEBUG org.asynchttpclient.netty.channel.ChannelManager - Adding key: http://localhost:26290 for channel [id: 0x100efea4, L:/127.0.0.1:58721 - R:localhost/127.0.0.1:26290]
14:23:43.649 [Forwarding isElementDisplayed on session a0b0e26165d15a381b818d6f2d89b3d0 to remote] DEBUG org.asynchttpclient.netty.request.NettyRequestSender - Using pooled Channel '[id: 0x100efea4, L:/127.0.0.1:58721 - R:localhost/127.0.0.1:26290]' for 'POST' to 'http://localhost:26290/session/a0b0e26165d15a381b818d6f2d89b3d0/execute/sync'
14:23:43.649 [Forwarding isElementDisplayed on session a0b0e26165d15a381b818d6f2d89b3d0 to remote] DEBUG org.asynchttpclient.netty.request.NettyRequestSender - Using open Channel [id: 0x100efea4, L:/127.0.0.1:58721 - R:localhost/127.0.0.1:26290] for POST '/session/a0b0e26165d15a381b818d6f2d89b3d0/execute/sync'
14:23:43.711 [AsyncHttpClient-1-2] DEBUG org.asynchttpclient.netty.handler.HttpHandler - 

Request DefaultHttpRequest(decodeResult: success, version: HTTP/1.1)
POST /session/a0b0e26165d15a381b818d6f2d89b3d0/execute/sync HTTP/1.1
User-Agent: selenium/4.8.1 (java windows)
Content-Length: 48814
Content-Type: application/json; charset=utf-8
host: localhost:26290
accept: */*

Response DefaultHttpResponse(decodeResult: success, version: HTTP/1.1)
HTTP/1.1 200 OK
Content-Length: 14
Content-Type: application/json; charset=utf-8
cache-control: no-cache

14:23:43.713 [AsyncHttpClient-1-2] DEBUG org.asynchttpclient.netty.channel.ChannelManager - Adding key: http://localhost:26290 for channel [id: 0x100efea4, L:/127.0.0.1:58721 - R:localhost/127.0.0.1:26290]
14:23:43.728 [Forwarding getAlertText on session a0b0e26165d15a381b818d6f2d89b3d0 to remote] DEBUG org.asynchttpclient.netty.request.NettyRequestSender - Using pooled Channel '[id: 0x100efea4, L:/127.0.0.1:58721 - R:localhost/127.0.0.1:26290]' for 'GET' to 'http://localhost:26290/session/a0b0e26165d15a381b818d6f2d89b3d0/alert/text'
14:23:43.730 [Forwarding getAlertText on session a0b0e26165d15a381b818d6f2d89b3d0 to remote] DEBUG org.asynchttpclient.netty.request.NettyRequestSender - Using open Channel [id: 0x100efea4, L:/127.0.0.1:58721 - R:localhost/127.0.0.1:26290] for GET '/session/a0b0e26165d15a381b818d6f2d89b3d0/alert/text'
14:23:43.738 [AsyncHttpClient-1-2] DEBUG org.asynchttpclient.netty.handler.HttpHandler - 

Request DefaultFullHttpRequest(decodeResult: success, version: HTTP/1.1, content: EmptyByteBufBE)
GET /session/a0b0e26165d15a381b818d6f2d89b3d0/alert/text HTTP/1.1
User-Agent: selenium/4.8.1 (java windows)
Cache-Control: no-cache
Content-Type: application/json; charset=utf-8
host: localhost:26290
accept: */*

Response DefaultHttpResponse(decodeResult: success, version: HTTP/1.1)
HTTP/1.1 404 Not Found
Content-Length: 821
Content-Type: application/json; charset=utf-8
cache-control: no-cache

14:23:43.738 [AsyncHttpClient-1-2] DEBUG org.asynchttpclient.netty.channel.ChannelManager - Adding key: http://localhost:26290 for channel [id: 0x100efea4, L:/127.0.0.1:58721 - R:localhost/127.0.0.1:26290]
14:23:43.744 [Forwarding getCurrentUrl on session a0b0e26165d15a381b818d6f2d89b3d0 to remote] DEBUG org.asynchttpclient.netty.request.NettyRequestSender - Using pooled Channel '[id: 0x100efea4, L:/127.0.0.1:58721 - R:localhost/127.0.0.1:26290]' for 'GET' to 'http://localhost:26290/session/a0b0e26165d15a381b818d6f2d89b3d0/url'
14:23:43.744 [Forwarding getCurrentUrl on session a0b0e26165d15a381b818d6f2d89b3d0 to remote] DEBUG org.asynchttpclient.netty.request.NettyRequestSender - Using open Channel [id: 0x100efea4, L:/127.0.0.1:58721 - R:localhost/127.0.0.1:26290] for GET '/session/a0b0e26165d15a381b818d6f2d89b3d0/url'
14:23:43.760 [AsyncHttpClient-1-2] DEBUG org.asynchttpclient.netty.handler.HttpHandler - 

Request DefaultFullHttpRequest(decodeResult: success, version: HTTP/1.1, content: EmptyByteBufBE)
GET /session/a0b0e26165d15a381b818d6f2d89b3d0/url HTTP/1.1
User-Agent: selenium/4.8.1 (java windows)
Cache-Control: no-cache
Content-Type: application/json; charset=utf-8
host: localhost:26290
accept: */*

Response DefaultHttpResponse(decodeResult: success, version: HTTP/1.1)
HTTP/1.1 200 OK
Content-Length: 69
Content-Type: application/json; charset=utf-8
cache-control: no-cache

14:23:43.760 [AsyncHttpClient-1-2] DEBUG org.asynchttpclient.netty.channel.ChannelManager - Adding key: http://localhost:26290 for channel [id: 0x100efea4, L:/127.0.0.1:58721 - R:localhost/127.0.0.1:26290]
14:23:43.760 [Forwarding screenshot on session a0b0e26165d15a381b818d6f2d89b3d0 to remote] DEBUG org.asynchttpclient.netty.request.NettyRequestSender - Using pooled Channel '[id: 0x100efea4, L:/127.0.0.1:58721 - R:localhost/127.0.0.1:26290]' for 'GET' to 'http://localhost:26290/session/a0b0e26165d15a381b818d6f2d89b3d0/screenshot'
14:23:43.760 [Forwarding screenshot on session a0b0e26165d15a381b818d6f2d89b3d0 to remote] DEBUG org.asynchttpclient.netty.request.NettyRequestSender - Using open Channel [id: 0x100efea4, L:/127.0.0.1:58721 - R:localhost/127.0.0.1:26290] for GET '/session/a0b0e26165d15a381b818d6f2d89b3d0/screenshot'
14:23:43.973 [AsyncHttpClient-1-2] DEBUG org.asynchttpclient.netty.handler.HttpHandler - 

Request DefaultFullHttpRequest(decodeResult: success, version: HTTP/1.1, content: EmptyByteBufBE)
GET /session/a0b0e26165d15a381b818d6f2d89b3d0/screenshot HTTP/1.1
User-Agent: selenium/4.8.1 (java windows)
Cache-Control: no-cache
Content-Type: application/json; charset=utf-8
host: localhost:26290
accept: */*

Response DefaultHttpResponse(decodeResult: success, version: HTTP/1.1)
HTTP/1.1 200 OK
Content-Length: 44828
Content-Type: application/json; charset=utf-8
cache-control: no-cache

14:23:43.973 [AsyncHttpClient-1-2] DEBUG org.asynchttpclient.netty.channel.ChannelManager - Adding key: http://localhost:26290 for channel [id: 0x100efea4, L:/127.0.0.1:58721 - R:localhost/127.0.0.1:26290]
14:23:43.983 [main] DEBUG net.serenitybdd.core.photography.Darkroom - Send negative for processing for target\site\serenity\a80a53598cf6b0318830f38780044bd5635cd34ede590d2f97a183a719421760.png
14:23:43.983 [main] DEBUG net.thucydides.core.steps.StepInterceptor - STEP DONE: Validate_the_Reset_Password_popup_page
14:23:43.994 [AsyncHttpClient-1-1] DEBUG org.asynchttpclient.netty.channel.DefaultChannelPool - Entry count for : http://localhost:26290 : 1
14:23:43.994 [AsyncHttpClient-1-1] DEBUG org.asynchttpclient.netty.channel.DefaultChannelPool - Entry count for : http://localhost:58722 : 1
14:23:44.010 [Forwarding getPageSource on session a0b0e26165d15a381b818d6f2d89b3d0 to remote] DEBUG org.asynchttpclient.netty.request.NettyRequestSender - Using pooled Channel '[id: 0x100efea4, L:/127.0.0.1:58721 - R:localhost/127.0.0.1:26290]' for 'POST' to 'http://localhost:26290/session/a0b0e26165d15a381b818d6f2d89b3d0/execute/sync'
14:23:44.010 [Forwarding getPageSource on session a0b0e26165d15a381b818d6f2d89b3d0 to remote] DEBUG org.asynchttpclient.netty.request.NettyRequestSender - Using open Channel [id: 0x100efea4, L:/127.0.0.1:58721 - R:localhost/127.0.0.1:26290] for POST '/session/a0b0e26165d15a381b818d6f2d89b3d0/execute/sync'
14:23:44.069 [AsyncHttpClient-1-2] DEBUG org.asynchttpclient.netty.handler.HttpHandler - 

Request DefaultHttpRequest(decodeResult: success, version: HTTP/1.1)
POST /session/a0b0e26165d15a381b818d6f2d89b3d0/execute/sync HTTP/1.1
User-Agent: selenium/4.8.1 (java windows)
Content-Length: 176
Content-Type: application/json; charset=utf-8
host: localhost:26290
accept: */*

Response DefaultHttpResponse(decodeResult: success, version: HTTP/1.1)
HTTP/1.1 200 OK
Content-Length: 5605
Content-Type: application/json; charset=utf-8
cache-control: no-cache

14:23:44.069 [AsyncHttpClient-1-2] DEBUG org.asynchttpclient.netty.channel.ChannelManager - Adding key: http://localhost:26290 for channel [id: 0x100efea4, L:/127.0.0.1:58721 - R:localhost/127.0.0.1:26290]
14:23:44.074 [Forwarding getCurrentUrl on session a0b0e26165d15a381b818d6f2d89b3d0 to remote] DEBUG org.asynchttpclient.netty.request.NettyRequestSender - Using pooled Channel '[id: 0x100efea4, L:/127.0.0.1:58721 - R:localhost/127.0.0.1:26290]' for 'GET' to 'http://localhost:26290/session/a0b0e26165d15a381b818d6f2d89b3d0/url'
14:23:44.074 [Forwarding getCurrentUrl on session a0b0e26165d15a381b818d6f2d89b3d0 to remote] DEBUG org.asynchttpclient.netty.request.NettyRequestSender - Using open Channel [id: 0x100efea4, L:/127.0.0.1:58721 - R:localhost/127.0.0.1:26290] for GET '/session/a0b0e26165d15a381b818d6f2d89b3d0/url'
14:23:44.082 [AsyncHttpClient-1-2] DEBUG org.asynchttpclient.netty.handler.HttpHandler - 

Request DefaultFullHttpRequest(decodeResult: success, version: HTTP/1.1, content: EmptyByteBufBE)
GET /session/a0b0e26165d15a381b818d6f2d89b3d0/url HTTP/1.1
User-Agent: selenium/4.8.1 (java windows)
Cache-Control: no-cache
Content-Type: application/json; charset=utf-8
host: localhost:26290
accept: */*

Response DefaultHttpResponse(decodeResult: success, version: HTTP/1.1)
HTTP/1.1 200 OK
Content-Length: 69
Content-Type: application/json; charset=utf-8
cache-control: no-cache

14:23:44.082 [AsyncHttpClient-1-2] DEBUG org.asynchttpclient.netty.channel.ChannelManager - Adding key: http://localhost:26290 for channel [id: 0x100efea4, L:/127.0.0.1:58721 - R:localhost/127.0.0.1:26290]
14:23:44.114 [Forwarding getAlertText on session a0b0e26165d15a381b818d6f2d89b3d0 to remote] DEBUG org.asynchttpclient.netty.request.NettyRequestSender - Using pooled Channel '[id: 0x100efea4, L:/127.0.0.1:58721 - R:localhost/127.0.0.1:26290]' for 'GET' to 'http://localhost:26290/session/a0b0e26165d15a381b818d6f2d89b3d0/alert/text'
14:23:44.114 [Forwarding getAlertText on session a0b0e26165d15a381b818d6f2d89b3d0 to remote] DEBUG org.asynchttpclient.netty.request.NettyRequestSender - Using open Channel [id: 0x100efea4, L:/127.0.0.1:58721 - R:localhost/127.0.0.1:26290] for GET '/session/a0b0e26165d15a381b818d6f2d89b3d0/alert/text'
14:23:44.127 [AsyncHttpClient-1-2] DEBUG org.asynchttpclient.netty.handler.HttpHandler - 

Request DefaultFullHttpRequest(decodeResult: success, version: HTTP/1.1, content: EmptyByteBufBE)
GET /session/a0b0e26165d15a381b818d6f2d89b3d0/alert/text HTTP/1.1
User-Agent: selenium/4.8.1 (java windows)
Cache-Control: no-cache
Content-Type: application/json; charset=utf-8
host: localhost:26290
accept: */*

Response DefaultHttpResponse(decodeResult: success, version: HTTP/1.1)
HTTP/1.1 404 Not Found
Content-Length: 821
Content-Type: application/json; charset=utf-8
cache-control: no-cache

14:23:44.127 [AsyncHttpClient-1-2] DEBUG org.asynchttpclient.netty.channel.ChannelManager - Adding key: http://localhost:26290 for channel [id: 0x100efea4, L:/127.0.0.1:58721 - R:localhost/127.0.0.1:26290]
14:23:44.133 [Forwarding getCurrentUrl on session a0b0e26165d15a381b818d6f2d89b3d0 to remote] DEBUG org.asynchttpclient.netty.request.NettyRequestSender - Using pooled Channel '[id: 0x100efea4, L:/127.0.0.1:58721 - R:localhost/127.0.0.1:26290]' for 'GET' to 'http://localhost:26290/session/a0b0e26165d15a381b818d6f2d89b3d0/url'
14:23:44.133 [Forwarding getCurrentUrl on session a0b0e26165d15a381b818d6f2d89b3d0 to remote] DEBUG org.asynchttpclient.netty.request.NettyRequestSender - Using open Channel [id: 0x100efea4, L:/127.0.0.1:58721 - R:localhost/127.0.0.1:26290] for GET '/session/a0b0e26165d15a381b818d6f2d89b3d0/url'
14:23:44.154 [AsyncHttpClient-1-2] DEBUG org.asynchttpclient.netty.handler.HttpHandler - 

Request DefaultFullHttpRequest(decodeResult: success, version: HTTP/1.1, content: EmptyByteBufBE)
GET /session/a0b0e26165d15a381b818d6f2d89b3d0/url HTTP/1.1
User-Agent: selenium/4.8.1 (java windows)
Cache-Control: no-cache
Content-Type: application/json; charset=utf-8
host: localhost:26290
accept: */*

Response DefaultHttpResponse(decodeResult: success, version: HTTP/1.1)
HTTP/1.1 200 OK
Content-Length: 69
Content-Type: application/json; charset=utf-8
cache-control: no-cache

14:23:44.154 [AsyncHttpClient-1-2] DEBUG org.asynchttpclient.netty.channel.ChannelManager - Adding key: http://localhost:26290 for channel [id: 0x100efea4, L:/127.0.0.1:58721 - R:localhost/127.0.0.1:26290]
14:23:44.162 [Forwarding screenshot on session a0b0e26165d15a381b818d6f2d89b3d0 to remote] DEBUG org.asynchttpclient.netty.request.NettyRequestSender - Using pooled Channel '[id: 0x100efea4, L:/127.0.0.1:58721 - R:localhost/127.0.0.1:26290]' for 'GET' to 'http://localhost:26290/session/a0b0e26165d15a381b818d6f2d89b3d0/screenshot'
14:23:44.162 [Forwarding screenshot on session a0b0e26165d15a381b818d6f2d89b3d0 to remote] DEBUG org.asynchttpclient.netty.request.NettyRequestSender - Using open Channel [id: 0x100efea4, L:/127.0.0.1:58721 - R:localhost/127.0.0.1:26290] for GET '/session/a0b0e26165d15a381b818d6f2d89b3d0/screenshot'
14:23:44.394 [AsyncHttpClient-1-2] DEBUG org.asynchttpclient.netty.handler.HttpHandler - 

Request DefaultFullHttpRequest(decodeResult: success, version: HTTP/1.1, content: EmptyByteBufBE)
GET /session/a0b0e26165d15a381b818d6f2d89b3d0/screenshot HTTP/1.1
User-Agent: selenium/4.8.1 (java windows)
Cache-Control: no-cache
Content-Type: application/json; charset=utf-8
host: localhost:26290
accept: */*

Response DefaultHttpResponse(decodeResult: success, version: HTTP/1.1)
HTTP/1.1 200 OK
Content-Length: 44828
Content-Type: application/json; charset=utf-8
cache-control: no-cache

14:23:44.394 [AsyncHttpClient-1-2] DEBUG org.asynchttpclient.netty.channel.ChannelManager - Adding key: http://localhost:26290 for channel [id: 0x100efea4, L:/127.0.0.1:58721 - R:localhost/127.0.0.1:26290]
14:23:44.399 [main] DEBUG net.serenitybdd.core.photography.Darkroom - Send negative for processing for target\site\serenity\a80a53598cf6b0318830f38780044bd5635cd34ede590d2f97a183a719421760.png
14:23:44.402 [Forwarding getPageSource on session a0b0e26165d15a381b818d6f2d89b3d0 to remote] DEBUG org.asynchttpclient.netty.request.NettyRequestSender - Using pooled Channel '[id: 0x100efea4, L:/127.0.0.1:58721 - R:localhost/127.0.0.1:26290]' for 'POST' to 'http://localhost:26290/session/a0b0e26165d15a381b818d6f2d89b3d0/execute/sync'
14:23:44.402 [Forwarding getPageSource on session a0b0e26165d15a381b818d6f2d89b3d0 to remote] DEBUG org.asynchttpclient.netty.request.NettyRequestSender - Using open Channel [id: 0x100efea4, L:/127.0.0.1:58721 - R:localhost/127.0.0.1:26290] for POST '/session/a0b0e26165d15a381b818d6f2d89b3d0/execute/sync'
14:23:44.417 [AsyncHttpClient-1-2] DEBUG org.asynchttpclient.netty.handler.HttpHandler - 

Request DefaultHttpRequest(decodeResult: success, version: HTTP/1.1)
POST /session/a0b0e26165d15a381b818d6f2d89b3d0/execute/sync HTTP/1.1
User-Agent: selenium/4.8.1 (java windows)
Content-Length: 176
Content-Type: application/json; charset=utf-8
host: localhost:26290
accept: */*

Response DefaultHttpResponse(decodeResult: success, version: HTTP/1.1)
HTTP/1.1 200 OK
Content-Length: 5605
Content-Type: application/json; charset=utf-8
cache-control: no-cache

14:23:44.417 [AsyncHttpClient-1-2] DEBUG org.asynchttpclient.netty.channel.ChannelManager - Adding key: http://localhost:26290 for channel [id: 0x100efea4, L:/127.0.0.1:58721 - R:localhost/127.0.0.1:26290]
14:23:44.421 [Forwarding getCurrentUrl on session a0b0e26165d15a381b818d6f2d89b3d0 to remote] DEBUG org.asynchttpclient.netty.request.NettyRequestSender - Using pooled Channel '[id: 0x100efea4, L:/127.0.0.1:58721 - R:localhost/127.0.0.1:26290]' for 'GET' to 'http://localhost:26290/session/a0b0e26165d15a381b818d6f2d89b3d0/url'
14:23:44.421 [Forwarding getCurrentUrl on session a0b0e26165d15a381b818d6f2d89b3d0 to remote] DEBUG org.asynchttpclient.netty.request.NettyRequestSender - Using open Channel [id: 0x100efea4, L:/127.0.0.1:58721 - R:localhost/127.0.0.1:26290] for GET '/session/a0b0e26165d15a381b818d6f2d89b3d0/url'
14:23:44.449 [AsyncHttpClient-1-2] DEBUG org.asynchttpclient.netty.handler.HttpHandler - 

Request DefaultFullHttpRequest(decodeResult: success, version: HTTP/1.1, content: EmptyByteBufBE)
GET /session/a0b0e26165d15a381b818d6f2d89b3d0/url HTTP/1.1
User-Agent: selenium/4.8.1 (java windows)
Cache-Control: no-cache
Content-Type: application/json; charset=utf-8
host: localhost:26290
accept: */*

Response DefaultHttpResponse(decodeResult: success, version: HTTP/1.1)
HTTP/1.1 200 OK
Content-Length: 69
Content-Type: application/json; charset=utf-8
cache-control: no-cache

14:23:44.449 [AsyncHttpClient-1-2] DEBUG org.asynchttpclient.netty.channel.ChannelManager - Adding key: http://localhost:26290 for channel [id: 0x100efea4, L:/127.0.0.1:58721 - R:localhost/127.0.0.1:26290]
14:23:44.458 [main] DEBUG net.thucydides.core.steps.StepInterceptor - STARTING STEP: Afrexim_ForgotPassword_Steps.enter_valid_and_invalid_email_credentials - Enter_valid_and_invalid_email_credentials
14:23:44.465 [Forwarding findElement on session a0b0e26165d15a381b818d6f2d89b3d0 to remote] DEBUG org.asynchttpclient.netty.request.NettyRequestSender - Using pooled Channel '[id: 0x100efea4, L:/127.0.0.1:58721 - R:localhost/127.0.0.1:26290]' for 'POST' to 'http://localhost:26290/session/a0b0e26165d15a381b818d6f2d89b3d0/element'
14:23:44.465 [Forwarding findElement on session a0b0e26165d15a381b818d6f2d89b3d0 to remote] DEBUG org.asynchttpclient.netty.request.NettyRequestSender - Using open Channel [id: 0x100efea4, L:/127.0.0.1:58721 - R:localhost/127.0.0.1:26290] for POST '/session/a0b0e26165d15a381b818d6f2d89b3d0/element'
14:23:44.490 [AsyncHttpClient-1-2] DEBUG org.asynchttpclient.netty.handler.HttpHandler - 

Request DefaultHttpRequest(decodeResult: success, version: HTTP/1.1)
POST /session/a0b0e26165d15a381b818d6f2d89b3d0/element HTTP/1.1
User-Agent: selenium/4.8.1 (java windows)
Content-Length: 80
Content-Type: application/json; charset=utf-8
host: localhost:26290
accept: */*

Response DefaultHttpResponse(decodeResult: success, version: HTTP/1.1)
HTTP/1.1 200 OK
Content-Length: 95
Content-Type: application/json; charset=utf-8
cache-control: no-cache

14:23:44.490 [AsyncHttpClient-1-2] DEBUG org.asynchttpclient.netty.channel.ChannelManager - Adding key: http://localhost:26290 for channel [id: 0x100efea4, L:/127.0.0.1:58721 - R:localhost/127.0.0.1:26290]
14:23:44.497 [Forwarding sendKeysToElement on session a0b0e26165d15a381b818d6f2d89b3d0 to remote] DEBUG org.asynchttpclient.netty.request.NettyRequestSender - Using pooled Channel '[id: 0x100efea4, L:/127.0.0.1:58721 - R:localhost/127.0.0.1:26290]' for 'POST' to 'http://localhost:26290/session/a0b0e26165d15a381b818d6f2d89b3d0/element/8DDB629D9AF2D4569DDB173A649D1ECD_element_72/value'
14:23:44.497 [Forwarding sendKeysToElement on session a0b0e26165d15a381b818d6f2d89b3d0 to remote] DEBUG org.asynchttpclient.netty.request.NettyRequestSender - Using open Channel [id: 0x100efea4, L:/127.0.0.1:58721 - R:localhost/127.0.0.1:26290] for POST '/session/a0b0e26165d15a381b818d6f2d89b3d0/element/8DDB629D9AF2D4569DDB173A649D1ECD_element_72/value'
14:23:44.869 [AsyncHttpClient-1-2] DEBUG org.asynchttpclient.netty.handler.HttpHandler - 

Request DefaultHttpRequest(decodeResult: success, version: HTTP/1.1)
POST /session/a0b0e26165d15a381b818d6f2d89b3d0/element/8DDB629D9AF2D4569DDB173A649D1ECD_element_72/value HTTP/1.1
User-Agent: selenium/4.8.1 (java windows)
Content-Length: 228
Content-Type: application/json; charset=utf-8
host: localhost:26290
accept: */*

Response DefaultHttpResponse(decodeResult: success, version: HTTP/1.1)
HTTP/1.1 200 OK
Content-Length: 14
Content-Type: application/json; charset=utf-8
cache-control: no-cache

14:23:44.869 [AsyncHttpClient-1-2] DEBUG org.asynchttpclient.netty.channel.ChannelManager - Adding key: http://localhost:26290 for channel [id: 0x100efea4, L:/127.0.0.1:58721 - R:localhost/127.0.0.1:26290]
14:23:44.882 [Forwarding getAlertText on session a0b0e26165d15a381b818d6f2d89b3d0 to remote] DEBUG org.asynchttpclient.netty.request.NettyRequestSender - Using pooled Channel '[id: 0x100efea4, L:/127.0.0.1:58721 - R:localhost/127.0.0.1:26290]' for 'GET' to 'http://localhost:26290/session/a0b0e26165d15a381b818d6f2d89b3d0/alert/text'
14:23:44.882 [Forwarding getAlertText on session a0b0e26165d15a381b818d6f2d89b3d0 to remote] DEBUG org.asynchttpclient.netty.request.NettyRequestSender - Using open Channel [id: 0x100efea4, L:/127.0.0.1:58721 - R:localhost/127.0.0.1:26290] for GET '/session/a0b0e26165d15a381b818d6f2d89b3d0/alert/text'
14:23:44.882 [AsyncHttpClient-1-2] DEBUG org.asynchttpclient.netty.handler.HttpHandler - 

Request DefaultFullHttpRequest(decodeResult: success, version: HTTP/1.1, content: EmptyByteBufBE)
GET /session/a0b0e26165d15a381b818d6f2d89b3d0/alert/text HTTP/1.1
User-Agent: selenium/4.8.1 (java windows)
Cache-Control: no-cache
Content-Type: application/json; charset=utf-8
host: localhost:26290
accept: */*

Response DefaultHttpResponse(decodeResult: success, version: HTTP/1.1)
HTTP/1.1 404 Not Found
Content-Length: 821
Content-Type: application/json; charset=utf-8
cache-control: no-cache

14:23:44.882 [AsyncHttpClient-1-2] DEBUG org.asynchttpclient.netty.channel.ChannelManager - Adding key: http://localhost:26290 for channel [id: 0x100efea4, L:/127.0.0.1:58721 - R:localhost/127.0.0.1:26290]
14:23:44.898 [Forwarding getCurrentUrl on session a0b0e26165d15a381b818d6f2d89b3d0 to remote] DEBUG org.asynchttpclient.netty.request.NettyRequestSender - Using pooled Channel '[id: 0x100efea4, L:/127.0.0.1:58721 - R:localhost/127.0.0.1:26290]' for 'GET' to 'http://localhost:26290/session/a0b0e26165d15a381b818d6f2d89b3d0/url'
14:23:44.898 [Forwarding getCurrentUrl on session a0b0e26165d15a381b818d6f2d89b3d0 to remote] DEBUG org.asynchttpclient.netty.request.NettyRequestSender - Using open Channel [id: 0x100efea4, L:/127.0.0.1:58721 - R:localhost/127.0.0.1:26290] for GET '/session/a0b0e26165d15a381b818d6f2d89b3d0/url'
14:23:44.912 [AsyncHttpClient-1-2] DEBUG org.asynchttpclient.netty.handler.HttpHandler - 

Request DefaultFullHttpRequest(decodeResult: success, version: HTTP/1.1, content: EmptyByteBufBE)
GET /session/a0b0e26165d15a381b818d6f2d89b3d0/url HTTP/1.1
User-Agent: selenium/4.8.1 (java windows)
Cache-Control: no-cache
Content-Type: application/json; charset=utf-8
host: localhost:26290
accept: */*

Response DefaultHttpResponse(decodeResult: success, version: HTTP/1.1)
HTTP/1.1 200 OK
Content-Length: 69
Content-Type: application/json; charset=utf-8
cache-control: no-cache

14:23:44.912 [AsyncHttpClient-1-2] DEBUG org.asynchttpclient.netty.channel.ChannelManager - Adding key: http://localhost:26290 for channel [id: 0x100efea4, L:/127.0.0.1:58721 - R:localhost/127.0.0.1:26290]
14:23:44.912 [Forwarding screenshot on session a0b0e26165d15a381b818d6f2d89b3d0 to remote] DEBUG org.asynchttpclient.netty.request.NettyRequestSender - Using pooled Channel '[id: 0x100efea4, L:/127.0.0.1:58721 - R:localhost/127.0.0.1:26290]' for 'GET' to 'http://localhost:26290/session/a0b0e26165d15a381b818d6f2d89b3d0/screenshot'
14:23:44.912 [Forwarding screenshot on session a0b0e26165d15a381b818d6f2d89b3d0 to remote] DEBUG org.asynchttpclient.netty.request.NettyRequestSender - Using open Channel [id: 0x100efea4, L:/127.0.0.1:58721 - R:localhost/127.0.0.1:26290] for GET '/session/a0b0e26165d15a381b818d6f2d89b3d0/screenshot'
14:23:45.089 [AsyncHttpClient-1-1] DEBUG org.asynchttpclient.netty.channel.DefaultChannelPool - Entry count for : http://localhost:58722 : 1
14:23:45.105 [AsyncHttpClient-1-2] DEBUG org.asynchttpclient.netty.handler.HttpHandler - 

Request DefaultFullHttpRequest(decodeResult: success, version: HTTP/1.1, content: EmptyByteBufBE)
GET /session/a0b0e26165d15a381b818d6f2d89b3d0/screenshot HTTP/1.1
User-Agent: selenium/4.8.1 (java windows)
Cache-Control: no-cache
Content-Type: application/json; charset=utf-8
host: localhost:26290
accept: */*

Response DefaultHttpResponse(decodeResult: success, version: HTTP/1.1)
HTTP/1.1 200 OK
Content-Length: 47056
Content-Type: application/json; charset=utf-8
cache-control: no-cache

14:23:45.105 [AsyncHttpClient-1-2] DEBUG org.asynchttpclient.netty.channel.ChannelManager - Adding key: http://localhost:26290 for channel [id: 0x100efea4, L:/127.0.0.1:58721 - R:localhost/127.0.0.1:26290]
14:23:45.114 [main] DEBUG net.serenitybdd.core.photography.Darkroom - Send negative for processing for target\site\serenity\eac27e6d257beb9177b2573206804ccbb64adbe8e658505d548ce6a34df41820.png
14:23:45.114 [main] DEBUG net.thucydides.core.steps.StepInterceptor - STEP DONE: Enter_valid_and_invalid_email_credentials
14:23:45.114 [Darkroom Processing Line] DEBUG net.serenitybdd.core.photography.DarkroomProcessingLine - Processing screenshot image in /var/screenshots/screenshot-1735983207818313035
14:23:45.114 [Darkroom Processing Line] DEBUG net.serenitybdd.core.photography.DarkroomProcessingLine - Saving screenshot to target\site\serenity\eac27e6d257beb9177b2573206804ccbb64adbe8e658505d548ce6a34df41820.png
14:23:45.137 [Forwarding getPageSource on session a0b0e26165d15a381b818d6f2d89b3d0 to remote] DEBUG org.asynchttpclient.netty.request.NettyRequestSender - Using pooled Channel '[id: 0x100efea4, L:/127.0.0.1:58721 - R:localhost/127.0.0.1:26290]' for 'POST' to 'http://localhost:26290/session/a0b0e26165d15a381b818d6f2d89b3d0/execute/sync'
14:23:45.146 [Forwarding getPageSource on session a0b0e26165d15a381b818d6f2d89b3d0 to remote] DEBUG org.asynchttpclient.netty.request.NettyRequestSender - Using open Channel [id: 0x100efea4, L:/127.0.0.1:58721 - R:localhost/127.0.0.1:26290] for POST '/session/a0b0e26165d15a381b818d6f2d89b3d0/execute/sync'
14:23:45.157 [AsyncHttpClient-1-2] DEBUG org.asynchttpclient.netty.handler.HttpHandler - 

Request DefaultHttpRequest(decodeResult: success, version: HTTP/1.1)
POST /session/a0b0e26165d15a381b818d6f2d89b3d0/execute/sync HTTP/1.1
User-Agent: selenium/4.8.1 (java windows)
Content-Length: 176
Content-Type: application/json; charset=utf-8
host: localhost:26290
accept: */*

Response DefaultHttpResponse(decodeResult: success, version: HTTP/1.1)
HTTP/1.1 200 OK
Content-Length: 5619
Content-Type: application/json; charset=utf-8
cache-control: no-cache

14:23:45.157 [AsyncHttpClient-1-2] DEBUG org.asynchttpclient.netty.channel.ChannelManager - Adding key: http://localhost:26290 for channel [id: 0x100efea4, L:/127.0.0.1:58721 - R:localhost/127.0.0.1:26290]
14:23:45.168 [Forwarding getCurrentUrl on session a0b0e26165d15a381b818d6f2d89b3d0 to remote] DEBUG org.asynchttpclient.netty.request.NettyRequestSender - Using pooled Channel '[id: 0x100efea4, L:/127.0.0.1:58721 - R:localhost/127.0.0.1:26290]' for 'GET' to 'http://localhost:26290/session/a0b0e26165d15a381b818d6f2d89b3d0/url'
14:23:45.168 [Forwarding getCurrentUrl on session a0b0e26165d15a381b818d6f2d89b3d0 to remote] DEBUG org.asynchttpclient.netty.request.NettyRequestSender - Using open Channel [id: 0x100efea4, L:/127.0.0.1:58721 - R:localhost/127.0.0.1:26290] for GET '/session/a0b0e26165d15a381b818d6f2d89b3d0/url'
14:23:45.178 [AsyncHttpClient-1-2] DEBUG org.asynchttpclient.netty.handler.HttpHandler - 

Request DefaultFullHttpRequest(decodeResult: success, version: HTTP/1.1, content: EmptyByteBufBE)
GET /session/a0b0e26165d15a381b818d6f2d89b3d0/url HTTP/1.1
User-Agent: selenium/4.8.1 (java windows)
Cache-Control: no-cache
Content-Type: application/json; charset=utf-8
host: localhost:26290
accept: */*

Response DefaultHttpResponse(decodeResult: success, version: HTTP/1.1)
HTTP/1.1 200 OK
Content-Length: 69
Content-Type: application/json; charset=utf-8
cache-control: no-cache

14:23:45.178 [AsyncHttpClient-1-2] DEBUG org.asynchttpclient.netty.channel.ChannelManager - Adding key: http://localhost:26290 for channel [id: 0x100efea4, L:/127.0.0.1:58721 - R:localhost/127.0.0.1:26290]
14:23:45.200 [Forwarding getAlertText on session a0b0e26165d15a381b818d6f2d89b3d0 to remote] DEBUG org.asynchttpclient.netty.request.NettyRequestSender - Using pooled Channel '[id: 0x100efea4, L:/127.0.0.1:58721 - R:localhost/127.0.0.1:26290]' for 'GET' to 'http://localhost:26290/session/a0b0e26165d15a381b818d6f2d89b3d0/alert/text'
14:23:45.200 [Forwarding getAlertText on session a0b0e26165d15a381b818d6f2d89b3d0 to remote] DEBUG org.asynchttpclient.netty.request.NettyRequestSender - Using open Channel [id: 0x100efea4, L:/127.0.0.1:58721 - R:localhost/127.0.0.1:26290] for GET '/session/a0b0e26165d15a381b818d6f2d89b3d0/alert/text'
14:23:45.200 [AsyncHttpClient-1-2] DEBUG org.asynchttpclient.netty.handler.HttpHandler - 

Request DefaultFullHttpRequest(decodeResult: success, version: HTTP/1.1, content: EmptyByteBufBE)
GET /session/a0b0e26165d15a381b818d6f2d89b3d0/alert/text HTTP/1.1
User-Agent: selenium/4.8.1 (java windows)
Cache-Control: no-cache
Content-Type: application/json; charset=utf-8
host: localhost:26290
accept: */*

Response DefaultHttpResponse(decodeResult: success, version: HTTP/1.1)
HTTP/1.1 404 Not Found
Content-Length: 821
Content-Type: application/json; charset=utf-8
cache-control: no-cache

14:23:45.200 [AsyncHttpClient-1-2] DEBUG org.asynchttpclient.netty.channel.ChannelManager - Adding key: http://localhost:26290 for channel [id: 0x100efea4, L:/127.0.0.1:58721 - R:localhost/127.0.0.1:26290]
14:23:45.200 [Forwarding getCurrentUrl on session a0b0e26165d15a381b818d6f2d89b3d0 to remote] DEBUG org.asynchttpclient.netty.request.NettyRequestSender - Using pooled Channel '[id: 0x100efea4, L:/127.0.0.1:58721 - R:localhost/127.0.0.1:26290]' for 'GET' to 'http://localhost:26290/session/a0b0e26165d15a381b818d6f2d89b3d0/url'
14:23:45.200 [Forwarding getCurrentUrl on session a0b0e26165d15a381b818d6f2d89b3d0 to remote] DEBUG org.asynchttpclient.netty.request.NettyRequestSender - Using open Channel [id: 0x100efea4, L:/127.0.0.1:58721 - R:localhost/127.0.0.1:26290] for GET '/session/a0b0e26165d15a381b818d6f2d89b3d0/url'
14:23:45.216 [AsyncHttpClient-1-2] DEBUG org.asynchttpclient.netty.handler.HttpHandler - 

Request DefaultFullHttpRequest(decodeResult: success, version: HTTP/1.1, content: EmptyByteBufBE)
GET /session/a0b0e26165d15a381b818d6f2d89b3d0/url HTTP/1.1
User-Agent: selenium/4.8.1 (java windows)
Cache-Control: no-cache
Content-Type: application/json; charset=utf-8
host: localhost:26290
accept: */*

Response DefaultHttpResponse(decodeResult: success, version: HTTP/1.1)
HTTP/1.1 200 OK
Content-Length: 69
Content-Type: application/json; charset=utf-8
cache-control: no-cache

14:23:45.216 [AsyncHttpClient-1-2] DEBUG org.asynchttpclient.netty.channel.ChannelManager - Adding key: http://localhost:26290 for channel [id: 0x100efea4, L:/127.0.0.1:58721 - R:localhost/127.0.0.1:26290]
14:23:45.221 [Forwarding screenshot on session a0b0e26165d15a381b818d6f2d89b3d0 to remote] DEBUG org.asynchttpclient.netty.request.NettyRequestSender - Using pooled Channel '[id: 0x100efea4, L:/127.0.0.1:58721 - R:localhost/127.0.0.1:26290]' for 'GET' to 'http://localhost:26290/session/a0b0e26165d15a381b818d6f2d89b3d0/screenshot'
14:23:45.221 [Forwarding screenshot on session a0b0e26165d15a381b818d6f2d89b3d0 to remote] DEBUG org.asynchttpclient.netty.request.NettyRequestSender - Using open Channel [id: 0x100efea4, L:/127.0.0.1:58721 - R:localhost/127.0.0.1:26290] for GET '/session/a0b0e26165d15a381b818d6f2d89b3d0/screenshot'
14:23:45.405 [AsyncHttpClient-1-2] DEBUG org.asynchttpclient.netty.handler.HttpHandler - 

Request DefaultFullHttpRequest(decodeResult: success, version: HTTP/1.1, content: EmptyByteBufBE)
GET /session/a0b0e26165d15a381b818d6f2d89b3d0/screenshot HTTP/1.1
User-Agent: selenium/4.8.1 (java windows)
Cache-Control: no-cache
Content-Type: application/json; charset=utf-8
host: localhost:26290
accept: */*

Response DefaultHttpResponse(decodeResult: success, version: HTTP/1.1)
HTTP/1.1 200 OK
Content-Length: 47056
Content-Type: application/json; charset=utf-8
cache-control: no-cache

14:23:45.413 [AsyncHttpClient-1-2] DEBUG org.asynchttpclient.netty.channel.ChannelManager - Adding key: http://localhost:26290 for channel [id: 0x100efea4, L:/127.0.0.1:58721 - R:localhost/127.0.0.1:26290]
14:23:45.413 [main] DEBUG net.serenitybdd.core.photography.Darkroom - Send negative for processing for target\site\serenity\eac27e6d257beb9177b2573206804ccbb64adbe8e658505d548ce6a34df41820.png
14:23:45.421 [Forwarding getPageSource on session a0b0e26165d15a381b818d6f2d89b3d0 to remote] DEBUG org.asynchttpclient.netty.request.NettyRequestSender - Using pooled Channel '[id: 0x100efea4, L:/127.0.0.1:58721 - R:localhost/127.0.0.1:26290]' for 'POST' to 'http://localhost:26290/session/a0b0e26165d15a381b818d6f2d89b3d0/execute/sync'
14:23:45.421 [Forwarding getPageSource on session a0b0e26165d15a381b818d6f2d89b3d0 to remote] DEBUG org.asynchttpclient.netty.request.NettyRequestSender - Using open Channel [id: 0x100efea4, L:/127.0.0.1:58721 - R:localhost/127.0.0.1:26290] for POST '/session/a0b0e26165d15a381b818d6f2d89b3d0/execute/sync'
14:23:45.438 [AsyncHttpClient-1-2] DEBUG org.asynchttpclient.netty.handler.HttpHandler - 

Request DefaultHttpRequest(decodeResult: success, version: HTTP/1.1)
POST /session/a0b0e26165d15a381b818d6f2d89b3d0/execute/sync HTTP/1.1
User-Agent: selenium/4.8.1 (java windows)
Content-Length: 176
Content-Type: application/json; charset=utf-8
host: localhost:26290
accept: */*

Response DefaultHttpResponse(decodeResult: success, version: HTTP/1.1)
HTTP/1.1 200 OK
Content-Length: 5619
Content-Type: application/json; charset=utf-8
cache-control: no-cache

14:23:45.438 [AsyncHttpClient-1-2] DEBUG org.asynchttpclient.netty.channel.ChannelManager - Adding key: http://localhost:26290 for channel [id: 0x100efea4, L:/127.0.0.1:58721 - R:localhost/127.0.0.1:26290]
14:23:45.445 [Forwarding getCurrentUrl on session a0b0e26165d15a381b818d6f2d89b3d0 to remote] DEBUG org.asynchttpclient.netty.request.NettyRequestSender - Using pooled Channel '[id: 0x100efea4, L:/127.0.0.1:58721 - R:localhost/127.0.0.1:26290]' for 'GET' to 'http://localhost:26290/session/a0b0e26165d15a381b818d6f2d89b3d0/url'
14:23:45.445 [Forwarding getCurrentUrl on session a0b0e26165d15a381b818d6f2d89b3d0 to remote] DEBUG org.asynchttpclient.netty.request.NettyRequestSender - Using open Channel [id: 0x100efea4, L:/127.0.0.1:58721 - R:localhost/127.0.0.1:26290] for GET '/session/a0b0e26165d15a381b818d6f2d89b3d0/url'
14:23:45.456 [AsyncHttpClient-1-2] DEBUG org.asynchttpclient.netty.handler.HttpHandler - 

Request DefaultFullHttpRequest(decodeResult: success, version: HTTP/1.1, content: EmptyByteBufBE)
GET /session/a0b0e26165d15a381b818d6f2d89b3d0/url HTTP/1.1
User-Agent: selenium/4.8.1 (java windows)
Cache-Control: no-cache
Content-Type: application/json; charset=utf-8
host: localhost:26290
accept: */*

Response DefaultHttpResponse(decodeResult: success, version: HTTP/1.1)
HTTP/1.1 200 OK
Content-Length: 69
Content-Type: application/json; charset=utf-8
cache-control: no-cache

14:23:45.456 [AsyncHttpClient-1-2] DEBUG org.asynchttpclient.netty.channel.ChannelManager - Adding key: http://localhost:26290 for channel [id: 0x100efea4, L:/127.0.0.1:58721 - R:localhost/127.0.0.1:26290]
14:23:45.456 [main] DEBUG net.thucydides.core.steps.StepInterceptor - STARTING STEP: Afrexim_ForgotPassword_Steps.click_submit_button_for_reset_page - Click_Submit_button_for_reset_page
14:23:45.469 [Forwarding findElement on session a0b0e26165d15a381b818d6f2d89b3d0 to remote] DEBUG org.asynchttpclient.netty.request.NettyRequestSender - Using pooled Channel '[id: 0x100efea4, L:/127.0.0.1:58721 - R:localhost/127.0.0.1:26290]' for 'POST' to 'http://localhost:26290/session/a0b0e26165d15a381b818d6f2d89b3d0/element'
14:23:45.469 [Forwarding findElement on session a0b0e26165d15a381b818d6f2d89b3d0 to remote] DEBUG org.asynchttpclient.netty.request.NettyRequestSender - Using open Channel [id: 0x100efea4, L:/127.0.0.1:58721 - R:localhost/127.0.0.1:26290] for POST '/session/a0b0e26165d15a381b818d6f2d89b3d0/element'
14:23:45.514 [AsyncHttpClient-1-2] DEBUG org.asynchttpclient.netty.handler.HttpHandler - 

Request DefaultHttpRequest(decodeResult: success, version: HTTP/1.1)
POST /session/a0b0e26165d15a381b818d6f2d89b3d0/element HTTP/1.1
User-Agent: selenium/4.8.1 (java windows)
Content-Length: 70
Content-Type: application/json; charset=utf-8
host: localhost:26290
accept: */*

Response DefaultHttpResponse(decodeResult: success, version: HTTP/1.1)
HTTP/1.1 200 OK
Content-Length: 95
Content-Type: application/json; charset=utf-8
cache-control: no-cache

14:23:45.514 [AsyncHttpClient-1-2] DEBUG org.asynchttpclient.netty.channel.ChannelManager - Adding key: http://localhost:26290 for channel [id: 0x100efea4, L:/127.0.0.1:58721 - R:localhost/127.0.0.1:26290]
14:23:45.520 [Forwarding getElementTagName on session a0b0e26165d15a381b818d6f2d89b3d0 to remote] DEBUG org.asynchttpclient.netty.request.NettyRequestSender - Using pooled Channel '[id: 0x100efea4, L:/127.0.0.1:58721 - R:localhost/127.0.0.1:26290]' for 'GET' to 'http://localhost:26290/session/a0b0e26165d15a381b818d6f2d89b3d0/element/8DDB629D9AF2D4569DDB173A649D1ECD_element_74/name'
14:23:45.520 [Forwarding getElementTagName on session a0b0e26165d15a381b818d6f2d89b3d0 to remote] DEBUG org.asynchttpclient.netty.request.NettyRequestSender - Using open Channel [id: 0x100efea4, L:/127.0.0.1:58721 - R:localhost/127.0.0.1:26290] for GET '/session/a0b0e26165d15a381b818d6f2d89b3d0/element/8DDB629D9AF2D4569DDB173A649D1ECD_element_74/name'
14:23:45.533 [AsyncHttpClient-1-2] DEBUG org.asynchttpclient.netty.handler.HttpHandler - 

Request DefaultFullHttpRequest(decodeResult: success, version: HTTP/1.1, content: EmptyByteBufBE)
GET /session/a0b0e26165d15a381b818d6f2d89b3d0/element/8DDB629D9AF2D4569DDB173A649D1ECD_element_74/name HTTP/1.1
User-Agent: selenium/4.8.1 (java windows)
Cache-Control: no-cache
Content-Type: application/json; charset=utf-8
host: localhost:26290
accept: */*

Response DefaultHttpResponse(decodeResult: success, version: HTTP/1.1)
HTTP/1.1 200 OK
Content-Length: 17
Content-Type: application/json; charset=utf-8
cache-control: no-cache

14:23:45.533 [AsyncHttpClient-1-2] DEBUG org.asynchttpclient.netty.channel.ChannelManager - Adding key: http://localhost:26290 for channel [id: 0x100efea4, L:/127.0.0.1:58721 - R:localhost/127.0.0.1:26290]
14:23:45.546 [Forwarding getElementTagName on session a0b0e26165d15a381b818d6f2d89b3d0 to remote] DEBUG org.asynchttpclient.netty.request.NettyRequestSender - Using pooled Channel '[id: 0x100efea4, L:/127.0.0.1:58721 - R:localhost/127.0.0.1:26290]' for 'GET' to 'http://localhost:26290/session/a0b0e26165d15a381b818d6f2d89b3d0/element/8DDB629D9AF2D4569DDB173A649D1ECD_element_74/name'
14:23:45.546 [Forwarding getElementTagName on session a0b0e26165d15a381b818d6f2d89b3d0 to remote] DEBUG org.asynchttpclient.netty.request.NettyRequestSender - Using open Channel [id: 0x100efea4, L:/127.0.0.1:58721 - R:localhost/127.0.0.1:26290] for GET '/session/a0b0e26165d15a381b818d6f2d89b3d0/element/8DDB629D9AF2D4569DDB173A649D1ECD_element_74/name'
14:23:45.556 [AsyncHttpClient-1-2] DEBUG org.asynchttpclient.netty.handler.HttpHandler - 

Request DefaultFullHttpRequest(decodeResult: success, version: HTTP/1.1, content: EmptyByteBufBE)
GET /session/a0b0e26165d15a381b818d6f2d89b3d0/element/8DDB629D9AF2D4569DDB173A649D1ECD_element_74/name HTTP/1.1
User-Agent: selenium/4.8.1 (java windows)
Cache-Control: no-cache
Content-Type: application/json; charset=utf-8
host: localhost:26290
accept: */*

Response DefaultHttpResponse(decodeResult: success, version: HTTP/1.1)
HTTP/1.1 200 OK
Content-Length: 17
Content-Type: application/json; charset=utf-8
cache-control: no-cache

14:23:45.556 [AsyncHttpClient-1-2] DEBUG org.asynchttpclient.netty.channel.ChannelManager - Adding key: http://localhost:26290 for channel [id: 0x100efea4, L:/127.0.0.1:58721 - R:localhost/127.0.0.1:26290]
14:23:45.573 [Forwarding isElementEnabled on session a0b0e26165d15a381b818d6f2d89b3d0 to remote] DEBUG org.asynchttpclient.netty.request.NettyRequestSender - Using pooled Channel '[id: 0x100efea4, L:/127.0.0.1:58721 - R:localhost/127.0.0.1:26290]' for 'GET' to 'http://localhost:26290/session/a0b0e26165d15a381b818d6f2d89b3d0/element/8DDB629D9AF2D4569DDB173A649D1ECD_element_74/enabled'
14:23:45.573 [Forwarding isElementEnabled on session a0b0e26165d15a381b818d6f2d89b3d0 to remote] DEBUG org.asynchttpclient.netty.request.NettyRequestSender - Using open Channel [id: 0x100efea4, L:/127.0.0.1:58721 - R:localhost/127.0.0.1:26290] for GET '/session/a0b0e26165d15a381b818d6f2d89b3d0/element/8DDB629D9AF2D4569DDB173A649D1ECD_element_74/enabled'
14:23:45.595 [AsyncHttpClient-1-2] DEBUG org.asynchttpclient.netty.handler.HttpHandler - 

Request DefaultFullHttpRequest(decodeResult: success, version: HTTP/1.1, content: EmptyByteBufBE)
GET /session/a0b0e26165d15a381b818d6f2d89b3d0/element/8DDB629D9AF2D4569DDB173A649D1ECD_element_74/enabled HTTP/1.1
User-Agent: selenium/4.8.1 (java windows)
Cache-Control: no-cache
Content-Type: application/json; charset=utf-8
host: localhost:26290
accept: */*

Response DefaultHttpResponse(decodeResult: success, version: HTTP/1.1)
HTTP/1.1 200 OK
Content-Length: 14
Content-Type: application/json; charset=utf-8
cache-control: no-cache

14:23:45.595 [AsyncHttpClient-1-2] DEBUG org.asynchttpclient.netty.channel.ChannelManager - Adding key: http://localhost:26290 for channel [id: 0x100efea4, L:/127.0.0.1:58721 - R:localhost/127.0.0.1:26290]
14:23:45.605 [Forwarding isElementEnabled on session a0b0e26165d15a381b818d6f2d89b3d0 to remote] DEBUG org.asynchttpclient.netty.request.NettyRequestSender - Using pooled Channel '[id: 0x100efea4, L:/127.0.0.1:58721 - R:localhost/127.0.0.1:26290]' for 'GET' to 'http://localhost:26290/session/a0b0e26165d15a381b818d6f2d89b3d0/element/8DDB629D9AF2D4569DDB173A649D1ECD_element_74/enabled'
14:23:45.605 [Forwarding isElementEnabled on session a0b0e26165d15a381b818d6f2d89b3d0 to remote] DEBUG org.asynchttpclient.netty.request.NettyRequestSender - Using open Channel [id: 0x100efea4, L:/127.0.0.1:58721 - R:localhost/127.0.0.1:26290] for GET '/session/a0b0e26165d15a381b818d6f2d89b3d0/element/8DDB629D9AF2D4569DDB173A649D1ECD_element_74/enabled'
14:23:45.626 [AsyncHttpClient-1-2] DEBUG org.asynchttpclient.netty.handler.HttpHandler - 

Request DefaultFullHttpRequest(decodeResult: success, version: HTTP/1.1, content: EmptyByteBufBE)
GET /session/a0b0e26165d15a381b818d6f2d89b3d0/element/8DDB629D9AF2D4569DDB173A649D1ECD_element_74/enabled HTTP/1.1
User-Agent: selenium/4.8.1 (java windows)
Cache-Control: no-cache
Content-Type: application/json; charset=utf-8
host: localhost:26290
accept: */*

Response DefaultHttpResponse(decodeResult: success, version: HTTP/1.1)
HTTP/1.1 200 OK
Content-Length: 14
Content-Type: application/json; charset=utf-8
cache-control: no-cache

14:23:45.626 [AsyncHttpClient-1-2] DEBUG org.asynchttpclient.netty.channel.ChannelManager - Adding key: http://localhost:26290 for channel [id: 0x100efea4, L:/127.0.0.1:58721 - R:localhost/127.0.0.1:26290]
14:23:45.632 [Forwarding findElement on session a0b0e26165d15a381b818d6f2d89b3d0 to remote] DEBUG org.asynchttpclient.netty.request.NettyRequestSender - Using pooled Channel '[id: 0x100efea4, L:/127.0.0.1:58721 - R:localhost/127.0.0.1:26290]' for 'POST' to 'http://localhost:26290/session/a0b0e26165d15a381b818d6f2d89b3d0/element'
14:23:45.632 [Forwarding findElement on session a0b0e26165d15a381b818d6f2d89b3d0 to remote] DEBUG org.asynchttpclient.netty.request.NettyRequestSender - Using open Channel [id: 0x100efea4, L:/127.0.0.1:58721 - R:localhost/127.0.0.1:26290] for POST '/session/a0b0e26165d15a381b818d6f2d89b3d0/element'
14:23:45.663 [AsyncHttpClient-1-2] DEBUG org.asynchttpclient.netty.handler.HttpHandler - 

Request DefaultHttpRequest(decodeResult: success, version: HTTP/1.1)
POST /session/a0b0e26165d15a381b818d6f2d89b3d0/element HTTP/1.1
User-Agent: selenium/4.8.1 (java windows)
Content-Length: 70
Content-Type: application/json; charset=utf-8
host: localhost:26290
accept: */*

Response DefaultHttpResponse(decodeResult: success, version: HTTP/1.1)
HTTP/1.1 200 OK
Content-Length: 95
Content-Type: application/json; charset=utf-8
cache-control: no-cache

14:23:45.663 [AsyncHttpClient-1-2] DEBUG org.asynchttpclient.netty.channel.ChannelManager - Adding key: http://localhost:26290 for channel [id: 0x100efea4, L:/127.0.0.1:58721 - R:localhost/127.0.0.1:26290]
14:23:45.669 [Forwarding clickElement on session a0b0e26165d15a381b818d6f2d89b3d0 to remote] DEBUG org.asynchttpclient.netty.request.NettyRequestSender - Using pooled Channel '[id: 0x100efea4, L:/127.0.0.1:58721 - R:localhost/127.0.0.1:26290]' for 'POST' to 'http://localhost:26290/session/a0b0e26165d15a381b818d6f2d89b3d0/element/8DDB629D9AF2D4569DDB173A649D1ECD_element_74/click'
14:23:45.669 [Forwarding clickElement on session a0b0e26165d15a381b818d6f2d89b3d0 to remote] DEBUG org.asynchttpclient.netty.request.NettyRequestSender - Using open Channel [id: 0x100efea4, L:/127.0.0.1:58721 - R:localhost/127.0.0.1:26290] for POST '/session/a0b0e26165d15a381b818d6f2d89b3d0/element/8DDB629D9AF2D4569DDB173A649D1ECD_element_74/click'
14:23:45.874 [AsyncHttpClient-1-2] DEBUG org.asynchttpclient.netty.handler.HttpHandler - 

Request DefaultHttpRequest(decodeResult: success, version: HTTP/1.1)
POST /session/a0b0e26165d15a381b818d6f2d89b3d0/element/8DDB629D9AF2D4569DDB173A649D1ECD_element_74/click HTTP/1.1
User-Agent: selenium/4.8.1 (java windows)
Content-Length: 57
Content-Type: application/json; charset=utf-8
host: localhost:26290
accept: */*

Response DefaultHttpResponse(decodeResult: success, version: HTTP/1.1)
HTTP/1.1 200 OK
Content-Length: 14
Content-Type: application/json; charset=utf-8
cache-control: no-cache

14:23:45.874 [AsyncHttpClient-1-2] DEBUG org.asynchttpclient.netty.channel.ChannelManager - Adding key: http://localhost:26290 for channel [id: 0x100efea4, L:/127.0.0.1:58721 - R:localhost/127.0.0.1:26290]
14:23:45.888 [Forwarding getAlertText on session a0b0e26165d15a381b818d6f2d89b3d0 to remote] DEBUG org.asynchttpclient.netty.request.NettyRequestSender - Using pooled Channel '[id: 0x100efea4, L:/127.0.0.1:58721 - R:localhost/127.0.0.1:26290]' for 'GET' to 'http://localhost:26290/session/a0b0e26165d15a381b818d6f2d89b3d0/alert/text'
14:23:45.888 [Forwarding getAlertText on session a0b0e26165d15a381b818d6f2d89b3d0 to remote] DEBUG org.asynchttpclient.netty.request.NettyRequestSender - Using open Channel [id: 0x100efea4, L:/127.0.0.1:58721 - R:localhost/127.0.0.1:26290] for GET '/session/a0b0e26165d15a381b818d6f2d89b3d0/alert/text'
14:23:45.895 [AsyncHttpClient-1-2] DEBUG org.asynchttpclient.netty.handler.HttpHandler - 

Request DefaultFullHttpRequest(decodeResult: success, version: HTTP/1.1, content: EmptyByteBufBE)
GET /session/a0b0e26165d15a381b818d6f2d89b3d0/alert/text HTTP/1.1
User-Agent: selenium/4.8.1 (java windows)
Cache-Control: no-cache
Content-Type: application/json; charset=utf-8
host: localhost:26290
accept: */*

Response DefaultHttpResponse(decodeResult: success, version: HTTP/1.1)
HTTP/1.1 404 Not Found
Content-Length: 821
Content-Type: application/json; charset=utf-8
cache-control: no-cache

14:23:45.895 [AsyncHttpClient-1-2] DEBUG org.asynchttpclient.netty.channel.ChannelManager - Adding key: http://localhost:26290 for channel [id: 0x100efea4, L:/127.0.0.1:58721 - R:localhost/127.0.0.1:26290]
14:23:45.911 [Forwarding getCurrentUrl on session a0b0e26165d15a381b818d6f2d89b3d0 to remote] DEBUG org.asynchttpclient.netty.request.NettyRequestSender - Using pooled Channel '[id: 0x100efea4, L:/127.0.0.1:58721 - R:localhost/127.0.0.1:26290]' for 'GET' to 'http://localhost:26290/session/a0b0e26165d15a381b818d6f2d89b3d0/url'
14:23:45.911 [Forwarding getCurrentUrl on session a0b0e26165d15a381b818d6f2d89b3d0 to remote] DEBUG org.asynchttpclient.netty.request.NettyRequestSender - Using open Channel [id: 0x100efea4, L:/127.0.0.1:58721 - R:localhost/127.0.0.1:26290] for GET '/session/a0b0e26165d15a381b818d6f2d89b3d0/url'
14:23:45.921 [AsyncHttpClient-1-2] DEBUG org.asynchttpclient.netty.handler.HttpHandler - 

Request DefaultFullHttpRequest(decodeResult: success, version: HTTP/1.1, content: EmptyByteBufBE)
GET /session/a0b0e26165d15a381b818d6f2d89b3d0/url HTTP/1.1
User-Agent: selenium/4.8.1 (java windows)
Cache-Control: no-cache
Content-Type: application/json; charset=utf-8
host: localhost:26290
accept: */*

Response DefaultHttpResponse(decodeResult: success, version: HTTP/1.1)
HTTP/1.1 200 OK
Content-Length: 69
Content-Type: application/json; charset=utf-8
cache-control: no-cache

14:23:45.921 [AsyncHttpClient-1-2] DEBUG org.asynchttpclient.netty.channel.ChannelManager - Adding key: http://localhost:26290 for channel [id: 0x100efea4, L:/127.0.0.1:58721 - R:localhost/127.0.0.1:26290]
14:23:45.925 [Forwarding screenshot on session a0b0e26165d15a381b818d6f2d89b3d0 to remote] DEBUG org.asynchttpclient.netty.request.NettyRequestSender - Using pooled Channel '[id: 0x100efea4, L:/127.0.0.1:58721 - R:localhost/127.0.0.1:26290]' for 'GET' to 'http://localhost:26290/session/a0b0e26165d15a381b818d6f2d89b3d0/screenshot'
14:23:45.925 [Forwarding screenshot on session a0b0e26165d15a381b818d6f2d89b3d0 to remote] DEBUG org.asynchttpclient.netty.request.NettyRequestSender - Using open Channel [id: 0x100efea4, L:/127.0.0.1:58721 - R:localhost/127.0.0.1:26290] for GET '/session/a0b0e26165d15a381b818d6f2d89b3d0/screenshot'
14:23:46.170 [AsyncHttpClient-1-2] DEBUG org.asynchttpclient.netty.handler.HttpHandler - 

Request DefaultFullHttpRequest(decodeResult: success, version: HTTP/1.1, content: EmptyByteBufBE)
GET /session/a0b0e26165d15a381b818d6f2d89b3d0/screenshot HTTP/1.1
User-Agent: selenium/4.8.1 (java windows)
Cache-Control: no-cache
Content-Type: application/json; charset=utf-8
host: localhost:26290
accept: */*

Response DefaultHttpResponse(decodeResult: success, version: HTTP/1.1)
HTTP/1.1 200 OK
Content-Length: 39484
Content-Type: application/json; charset=utf-8
cache-control: no-cache

14:23:46.170 [AsyncHttpClient-1-2] DEBUG org.asynchttpclient.netty.channel.ChannelManager - Adding key: http://localhost:26290 for channel [id: 0x100efea4, L:/127.0.0.1:58721 - R:localhost/127.0.0.1:26290]
14:23:46.175 [main] DEBUG net.serenitybdd.core.photography.Darkroom - Send negative for processing for target\site\serenity\a82edcd754f8021c1b609af6beb3e56dd5f7cdca7c5965e3067d999f113956cc.png
14:23:46.175 [main] DEBUG net.thucydides.core.steps.StepInterceptor - STEP DONE: Click_Submit_button_for_reset_page
14:23:46.175 [Darkroom Processing Line] DEBUG net.serenitybdd.core.photography.DarkroomProcessingLine - Processing screenshot image in /var/screenshots/screenshot-8959572331357321633
14:23:46.175 [Darkroom Processing Line] DEBUG net.serenitybdd.core.photography.DarkroomProcessingLine - Saving screenshot to target\site\serenity\a82edcd754f8021c1b609af6beb3e56dd5f7cdca7c5965e3067d999f113956cc.png
14:23:46.194 [Forwarding getPageSource on session a0b0e26165d15a381b818d6f2d89b3d0 to remote] DEBUG org.asynchttpclient.netty.request.NettyRequestSender - Using pooled Channel '[id: 0x100efea4, L:/127.0.0.1:58721 - R:localhost/127.0.0.1:26290]' for 'POST' to 'http://localhost:26290/session/a0b0e26165d15a381b818d6f2d89b3d0/execute/sync'
14:23:46.194 [Forwarding getPageSource on session a0b0e26165d15a381b818d6f2d89b3d0 to remote] DEBUG org.asynchttpclient.netty.request.NettyRequestSender - Using open Channel [id: 0x100efea4, L:/127.0.0.1:58721 - R:localhost/127.0.0.1:26290] for POST '/session/a0b0e26165d15a381b818d6f2d89b3d0/execute/sync'
14:23:46.208 [AsyncHttpClient-1-1] DEBUG org.asynchttpclient.netty.channel.DefaultChannelPool - Entry count for : http://localhost:58722 : 1
14:23:46.224 [AsyncHttpClient-1-2] DEBUG org.asynchttpclient.netty.handler.HttpHandler - 

Request DefaultHttpRequest(decodeResult: success, version: HTTP/1.1)
POST /session/a0b0e26165d15a381b818d6f2d89b3d0/execute/sync HTTP/1.1
User-Agent: selenium/4.8.1 (java windows)
Content-Length: 176
Content-Type: application/json; charset=utf-8
host: localhost:26290
accept: */*

Response DefaultHttpResponse(decodeResult: success, version: HTTP/1.1)
HTTP/1.1 200 OK
Content-Length: 5941
Content-Type: application/json; charset=utf-8
cache-control: no-cache

14:23:46.224 [AsyncHttpClient-1-2] DEBUG org.asynchttpclient.netty.channel.ChannelManager - Adding key: http://localhost:26290 for channel [id: 0x100efea4, L:/127.0.0.1:58721 - R:localhost/127.0.0.1:26290]
14:23:46.226 [Forwarding getCurrentUrl on session a0b0e26165d15a381b818d6f2d89b3d0 to remote] DEBUG org.asynchttpclient.netty.request.NettyRequestSender - Using pooled Channel '[id: 0x100efea4, L:/127.0.0.1:58721 - R:localhost/127.0.0.1:26290]' for 'GET' to 'http://localhost:26290/session/a0b0e26165d15a381b818d6f2d89b3d0/url'
14:23:46.226 [Forwarding getCurrentUrl on session a0b0e26165d15a381b818d6f2d89b3d0 to remote] DEBUG org.asynchttpclient.netty.request.NettyRequestSender - Using open Channel [id: 0x100efea4, L:/127.0.0.1:58721 - R:localhost/127.0.0.1:26290] for GET '/session/a0b0e26165d15a381b818d6f2d89b3d0/url'
14:23:46.233 [AsyncHttpClient-1-2] DEBUG org.asynchttpclient.netty.handler.HttpHandler - 

Request DefaultFullHttpRequest(decodeResult: success, version: HTTP/1.1, content: EmptyByteBufBE)
GET /session/a0b0e26165d15a381b818d6f2d89b3d0/url HTTP/1.1
User-Agent: selenium/4.8.1 (java windows)
Cache-Control: no-cache
Content-Type: application/json; charset=utf-8
host: localhost:26290
accept: */*

Response DefaultHttpResponse(decodeResult: success, version: HTTP/1.1)
HTTP/1.1 200 OK
Content-Length: 69
Content-Type: application/json; charset=utf-8
cache-control: no-cache

14:23:46.234 [AsyncHttpClient-1-2] DEBUG org.asynchttpclient.netty.channel.ChannelManager - Adding key: http://localhost:26290 for channel [id: 0x100efea4, L:/127.0.0.1:58721 - R:localhost/127.0.0.1:26290]
14:23:46.250 [Forwarding getAlertText on session a0b0e26165d15a381b818d6f2d89b3d0 to remote] DEBUG org.asynchttpclient.netty.request.NettyRequestSender - Using pooled Channel '[id: 0x100efea4, L:/127.0.0.1:58721 - R:localhost/127.0.0.1:26290]' for 'GET' to 'http://localhost:26290/session/a0b0e26165d15a381b818d6f2d89b3d0/alert/text'
14:23:46.250 [Forwarding getAlertText on session a0b0e26165d15a381b818d6f2d89b3d0 to remote] DEBUG org.asynchttpclient.netty.request.NettyRequestSender - Using open Channel [id: 0x100efea4, L:/127.0.0.1:58721 - R:localhost/127.0.0.1:26290] for GET '/session/a0b0e26165d15a381b818d6f2d89b3d0/alert/text'
14:23:46.250 [AsyncHttpClient-1-2] DEBUG org.asynchttpclient.netty.handler.HttpHandler - 

Request DefaultFullHttpRequest(decodeResult: success, version: HTTP/1.1, content: EmptyByteBufBE)
GET /session/a0b0e26165d15a381b818d6f2d89b3d0/alert/text HTTP/1.1
User-Agent: selenium/4.8.1 (java windows)
Cache-Control: no-cache
Content-Type: application/json; charset=utf-8
host: localhost:26290
accept: */*

Response DefaultHttpResponse(decodeResult: success, version: HTTP/1.1)
HTTP/1.1 404 Not Found
Content-Length: 821
Content-Type: application/json; charset=utf-8
cache-control: no-cache

14:23:46.250 [AsyncHttpClient-1-2] DEBUG org.asynchttpclient.netty.channel.ChannelManager - Adding key: http://localhost:26290 for channel [id: 0x100efea4, L:/127.0.0.1:58721 - R:localhost/127.0.0.1:26290]
14:23:46.257 [Forwarding getCurrentUrl on session a0b0e26165d15a381b818d6f2d89b3d0 to remote] DEBUG org.asynchttpclient.netty.request.NettyRequestSender - Using pooled Channel '[id: 0x100efea4, L:/127.0.0.1:58721 - R:localhost/127.0.0.1:26290]' for 'GET' to 'http://localhost:26290/session/a0b0e26165d15a381b818d6f2d89b3d0/url'
14:23:46.257 [Forwarding getCurrentUrl on session a0b0e26165d15a381b818d6f2d89b3d0 to remote] DEBUG org.asynchttpclient.netty.request.NettyRequestSender - Using open Channel [id: 0x100efea4, L:/127.0.0.1:58721 - R:localhost/127.0.0.1:26290] for GET '/session/a0b0e26165d15a381b818d6f2d89b3d0/url'
14:23:46.266 [AsyncHttpClient-1-2] DEBUG org.asynchttpclient.netty.handler.HttpHandler - 

Request DefaultFullHttpRequest(decodeResult: success, version: HTTP/1.1, content: EmptyByteBufBE)
GET /session/a0b0e26165d15a381b818d6f2d89b3d0/url HTTP/1.1
User-Agent: selenium/4.8.1 (java windows)
Cache-Control: no-cache
Content-Type: application/json; charset=utf-8
host: localhost:26290
accept: */*

Response DefaultHttpResponse(decodeResult: success, version: HTTP/1.1)
HTTP/1.1 200 OK
Content-Length: 69
Content-Type: application/json; charset=utf-8
cache-control: no-cache

14:23:46.266 [AsyncHttpClient-1-2] DEBUG org.asynchttpclient.netty.channel.ChannelManager - Adding key: http://localhost:26290 for channel [id: 0x100efea4, L:/127.0.0.1:58721 - R:localhost/127.0.0.1:26290]
14:23:46.266 [Forwarding screenshot on session a0b0e26165d15a381b818d6f2d89b3d0 to remote] DEBUG org.asynchttpclient.netty.request.NettyRequestSender - Using pooled Channel '[id: 0x100efea4, L:/127.0.0.1:58721 - R:localhost/127.0.0.1:26290]' for 'GET' to 'http://localhost:26290/session/a0b0e26165d15a381b818d6f2d89b3d0/screenshot'
14:23:46.266 [Forwarding screenshot on session a0b0e26165d15a381b818d6f2d89b3d0 to remote] DEBUG org.asynchttpclient.netty.request.NettyRequestSender - Using open Channel [id: 0x100efea4, L:/127.0.0.1:58721 - R:localhost/127.0.0.1:26290] for GET '/session/a0b0e26165d15a381b818d6f2d89b3d0/screenshot'
14:23:46.469 [AsyncHttpClient-1-2] DEBUG org.asynchttpclient.netty.handler.HttpHandler - 

Request DefaultFullHttpRequest(decodeResult: success, version: HTTP/1.1, content: EmptyByteBufBE)
GET /session/a0b0e26165d15a381b818d6f2d89b3d0/screenshot HTTP/1.1
User-Agent: selenium/4.8.1 (java windows)
Cache-Control: no-cache
Content-Type: application/json; charset=utf-8
host: localhost:26290
accept: */*

Response DefaultHttpResponse(decodeResult: success, version: HTTP/1.1)
HTTP/1.1 200 OK
Content-Length: 39440
Content-Type: application/json; charset=utf-8
cache-control: no-cache

14:23:46.480 [AsyncHttpClient-1-2] DEBUG org.asynchttpclient.netty.channel.ChannelManager - Adding key: http://localhost:26290 for channel [id: 0x100efea4, L:/127.0.0.1:58721 - R:localhost/127.0.0.1:26290]
14:23:46.480 [main] DEBUG net.serenitybdd.core.photography.Darkroom - Send negative for processing for target\site\serenity\c867e74ac6e9a9994ae5e31fb6befb7b8d45602ca582a755dc1b03b5a758750e.png
14:23:46.480 [Darkroom Processing Line] DEBUG net.serenitybdd.core.photography.DarkroomProcessingLine - Processing screenshot image in /var/screenshots/screenshot-6243944195186816851
14:23:46.480 [Darkroom Processing Line] DEBUG net.serenitybdd.core.photography.DarkroomProcessingLine - Saving screenshot to target\site\serenity\c867e74ac6e9a9994ae5e31fb6befb7b8d45602ca582a755dc1b03b5a758750e.png
14:23:46.597 [AsyncHttpClient-1-4] DEBUG org.asynchttpclient.netty.handler.WebSocketHandler - Channel Closed: [id: 0xdcc4e1dd, L:/127.0.0.1:58730 ! R:localhost/127.0.0.1:58722] with attribute NettyResponseFuture{currentRetry=0,
	isDone=1,
	isCancelled=0,
	asyncHandler=org.asynchttpclient.ws.WebSocketUpgradeHandler@29872816,
	nettyRequest=org.asynchttpclient.netty.request.NettyRequest@da7a58a,
	future=java.util.concurrent.CompletableFuture@54025587[Completed normally],
	uri=ws://localhost:58722/devtools/browser/c3ef1d7c-7c05-4454-b0ef-d21927d60e3e,
	keepAlive=true,
	redirectCount=0,
	timeoutsHolder=null,
	inAuth=0,
	touch=1689756803862}
14:23:46.597 [AsyncHttpClient-1-4] DEBUG org.asynchttpclient.netty.channel.ChannelManager - Closing Channel [id: 0xdcc4e1dd, L:/127.0.0.1:58730 ! R:localhost/127.0.0.1:58722] 
14:23:46.613 [Driver Command Executor] DEBUG org.asynchttpclient.netty.request.NettyRequestSender - Using pooled Channel '[id: 0x100efea4, L:/127.0.0.1:58721 - R:localhost/127.0.0.1:26290]' for 'DELETE' to 'http://localhost:26290/session/a0b0e26165d15a381b818d6f2d89b3d0'
14:23:46.613 [Driver Command Executor] DEBUG org.asynchttpclient.netty.request.NettyRequestSender - Using open Channel [id: 0x100efea4, L:/127.0.0.1:58721 - R:localhost/127.0.0.1:26290] for DELETE '/session/a0b0e26165d15a381b818d6f2d89b3d0'
14:23:46.978 [AsyncHttpClient-1-3] DEBUG org.asynchttpclient.netty.handler.HttpHandler - Unexpected I/O exception on channel [id: 0x6692605c, L:/127.0.0.1:58729 - R:localhost/127.0.0.1:58722]
java.io.IOException: An existing connection was forcibly closed by the remote host
	at sun.nio.ch.SocketDispatcher.read0(Native Method)
	at sun.nio.ch.SocketDispatcher.read(SocketDispatcher.java:43)
	at sun.nio.ch.IOUtil.readIntoNativeBuffer(IOUtil.java:223)
	at sun.nio.ch.IOUtil.read(IOUtil.java:192)
	at sun.nio.ch.SocketChannelImpl.read(SocketChannelImpl.java:380)
	at io.netty.buffer.PooledByteBuf.setBytes(PooledByteBuf.java:259)
	at io.netty.buffer.AbstractByteBuf.writeBytes(AbstractByteBuf.java:1132)
	at io.netty.channel.socket.nio.NioSocketChannel.doReadBytes(NioSocketChannel.java:357)
	at io.netty.channel.nio.AbstractNioByteChannel$NioByteUnsafe.read(AbstractNioByteChannel.java:151)
	at io.netty.channel.nio.NioEventLoop.processSelectedKey(NioEventLoop.java:788)
	at io.netty.channel.nio.NioEventLoop.processSelectedKeysOptimized(NioEventLoop.java:724)
	at io.netty.channel.nio.NioEventLoop.processSelectedKeys(NioEventLoop.java:650)
	at io.netty.channel.nio.NioEventLoop.run(NioEventLoop.java:562)
	at io.netty.util.concurrent.SingleThreadEventExecutor$4.run(SingleThreadEventExecutor.java:997)
	at io.netty.util.internal.ThreadExecutorMap$2.run(ThreadExecutorMap.java:74)
	at io.netty.util.concurrent.FastThreadLocalRunnable.run(FastThreadLocalRunnable.java:30)
	at java.lang.Thread.run(Thread.java:748)
14:23:46.978 [AsyncHttpClient-1-3] DEBUG org.asynchttpclient.netty.channel.ChannelManager - Closing Channel [id: 0x6692605c, L:/127.0.0.1:58729 - R:localhost/127.0.0.1:58722] 
14:23:46.981 [AsyncHttpClient-1-3] DEBUG org.asynchttpclient.netty.handler.HttpHandler - Channel Closed: [id: 0x6692605c, L:/127.0.0.1:58729 ! R:localhost/127.0.0.1:58722] with attribute DISCARD
14:23:47.082 [AsyncHttpClient-1-2] DEBUG org.asynchttpclient.netty.handler.HttpHandler - 

Request DefaultFullHttpRequest(decodeResult: success, version: HTTP/1.1, content: EmptyByteBufBE)
DELETE /session/a0b0e26165d15a381b818d6f2d89b3d0 HTTP/1.1
User-Agent: selenium/4.8.1 (java windows)
Content-Type: application/json; charset=utf-8
host: localhost:26290
accept: */*

Response DefaultHttpResponse(decodeResult: success, version: HTTP/1.1)
HTTP/1.1 200 OK
Content-Length: 14
Content-Type: application/json; charset=utf-8
cache-control: no-cache

14:23:47.082 [AsyncHttpClient-1-2] DEBUG org.asynchttpclient.netty.channel.ChannelManager - Adding key: http://localhost:26290 for channel [id: 0x100efea4, L:/127.0.0.1:58721 - R:localhost/127.0.0.1:26290]
14:23:47.263 [AsyncHttpClient-1-2] DEBUG org.asynchttpclient.netty.handler.HttpHandler - Channel Closed: [id: 0x100efea4, L:/127.0.0.1:58721 ! R:localhost/127.0.0.1:26290] with attribute DISCARD
14:23:47.295 [AsyncHttpClient-1-1] DEBUG org.asynchttpclient.netty.channel.DefaultChannelPool - Entry count for : http://localhost:26290 : 1
14:23:47.295 [AsyncHttpClient-1-1] DEBUG org.asynchttpclient.netty.channel.DefaultChannelPool - Entry count for : http://localhost:58722 : 1
14:23:47.295 [AsyncHttpClient-1-1] DEBUG org.asynchttpclient.netty.channel.DefaultChannelPool - Adding Candidate expired Channel [id: 0x100efea4, L:/127.0.0.1:58721 ! R:localhost/127.0.0.1:26290] isIdleTimeoutExpired=false isRemotelyClosed=true isTtlExpired=false
14:23:47.295 [AsyncHttpClient-1-1] DEBUG org.asynchttpclient.netty.channel.DefaultChannelPool - Closing Idle Channel [id: 0x100efea4, L:/127.0.0.1:58721 ! R:localhost/127.0.0.1:26290]
14:23:47.295 [AsyncHttpClient-1-1] DEBUG org.asynchttpclient.netty.channel.DefaultChannelPool - Adding Candidate expired Channel [id: 0x6692605c, L:/127.0.0.1:58729 ! R:localhost/127.0.0.1:58722] isIdleTimeoutExpired=false isRemotelyClosed=true isTtlExpired=false
14:23:47.295 [AsyncHttpClient-1-1] DEBUG org.asynchttpclient.netty.channel.DefaultChannelPool - Closing Idle Channel [id: 0x6692605c, L:/127.0.0.1:58729 ! R:localhost/127.0.0.1:58722]
14:23:47.295 [AsyncHttpClient-1-1] DEBUG org.asynchttpclient.netty.channel.DefaultChannelPool - Closed 2 connections out of 2 in 0 ms
14:23:47.797 [main] INFO  - 
  _____   ___   ___   _____     ___     _     ___   ___   ___   ___  
 |_   _| | __| / __| |_   _|   | _ \   /_\   / __| / __| | __| |   \ 
   | |   | _|  \__ \   | |     |  _/  / _ \  \__ \ \__ \ | _|  | |) |
   |_|   |___| |___/   |_|     |_|   /_/ \_\ |___/ |___/ |___| |___/ 

To validate the forgot password functionality with valid and invalid credentials.
----------------------------------------------------------------------
]]></system-out>
    <system-err><![CDATA[Starting ChromeDriver 114.0.5735.90 (386bc09e8f4f2e025eddae123f36f6263096ae49-refs/branch-heads/5735@{#1052}) on port 26290
Only local connections are allowed.
Please see https://chromedriver.chromium.org/security-considerations for suggestions on keeping ChromeDriver safe.
ChromeDriver was started successfully.
Jul 19, 2023 2:23:23 PM org.openqa.selenium.devtools.CdpVersionFinder findNearestMatch
WARNING: Unable to find an exact match for CDP version 114, so returning the closest version found: 110
]]></system-err>
  </testcase>
  <testcase name="To validate the forgot password functionality with valid and invalid credentials. #2" classname="To test the forgot password functionality" time="22.988">
    <system-out><![CDATA[14:23:47.855 [main] DEBUG io.cucumber.core.plugin.SerenityReporter - Running feature from file:///C:/Users/hp/eclipse-workspace/AfreximBank_SerenityBDD_Framework/src/test/resources/Afrexim_features/Afrexim_ForgotPassword.feature
14:23:47.855 [main] WARN io.cucumber.core.plugin.SerenityReporter - Feature from file:///C:/Users/hp/eclipse-workspace/AfreximBank_SerenityBDD_Framework/src/test/resources/Afrexim_features/Afrexim_ForgotPassword.feature is not under the 'features' directory. Requirements report will not be correctly generated!
14:23:48.042 [main] INFO net.serenitybdd.core.webdriver.driverproviders.ChromeDriverProvider - Starting Chrome driver instance with capabilities:
14:23:48.042 [main] INFO net.serenitybdd.core.webdriver.driverproviders.ChromeDriverProvider - Capabilities {acceptInsecureCerts: false, browserName: chrome, goog:chromeOptions: {args: [remote-allow-origins=*], extensions: []}}
14:23:49.136 [AsyncHttpClient-1-5] DEBUG org.asynchttpclient.netty.channel.NettyConnectListener - Using new Channel '[id: 0xbbf544b0, L:/127.0.0.1:58760 - R:localhost/127.0.0.1:30041]' for 'POST' to '/session'
14:23:51.562 [AsyncHttpClient-1-5] DEBUG org.asynchttpclient.netty.handler.HttpHandler - 

Request DefaultHttpRequest(decodeResult: success, version: HTTP/1.1)
POST /session HTTP/1.1
User-Agent: selenium/4.8.1 (java windows)
Content-Length: 507
Content-Type: application/json; charset=utf-8
host: localhost:30041
accept: */*

Response DefaultHttpResponse(decodeResult: success, version: HTTP/1.1)
HTTP/1.1 200 OK
Content-Length: 858
Content-Type: application/json; charset=utf-8
cache-control: no-cache

14:23:51.562 [AsyncHttpClient-1-5] DEBUG org.asynchttpclient.netty.channel.ChannelManager - Adding key: http://localhost:30041 for channel [id: 0xbbf544b0, L:/127.0.0.1:58760 - R:localhost/127.0.0.1:30041]
14:23:51.602 [AsyncHttpClient-1-6] DEBUG org.asynchttpclient.netty.channel.NettyConnectListener - Using new Channel '[id: 0xe684fade, L:/127.0.0.1:58768 - R:localhost/127.0.0.1:58761]' for 'GET' to '/json/version'
14:23:51.611 [AsyncHttpClient-1-6] DEBUG org.asynchttpclient.netty.handler.HttpHandler - 

Request DefaultFullHttpRequest(decodeResult: success, version: HTTP/1.1, content: EmptyByteBufBE)
GET /json/version HTTP/1.1
User-Agent: selenium/4.8.1 (java windows)
host: localhost:58761
accept: */*

Response DefaultHttpResponse(decodeResult: success, version: HTTP/1.1)
HTTP/1.1 200 OK
Content-Security-Policy: frame-ancestors 'none'
Content-Length: 424
Content-Type: application/json; charset=UTF-8

14:23:51.611 [AsyncHttpClient-1-6] DEBUG org.asynchttpclient.netty.channel.ChannelManager - Adding key: http://localhost:58761 for channel [id: 0xe684fade, L:/127.0.0.1:58768 - R:localhost/127.0.0.1:58761]
14:23:51.621 [AsyncHttpClient-1-7] DEBUG org.asynchttpclient.netty.channel.NettyConnectListener - Using new Channel '[id: 0x389ab974, L:/127.0.0.1:58769 - R:localhost/127.0.0.1:58761]' for 'GET' to '/devtools/browser/6949c96e-2a79-4859-aeb2-a8b2d5c25f57'
14:23:51.626 [AsyncHttpClient-1-7] DEBUG org.asynchttpclient.netty.handler.WebSocketHandler - 

Request DefaultFullHttpRequest(decodeResult: success, version: HTTP/1.1, content: EmptyByteBufBE)
GET /devtools/browser/6949c96e-2a79-4859-aeb2-a8b2d5c25f57 HTTP/1.1
upgrade: websocket
connection: upgrade
sec-websocket-key: nyz5PDbVQGUFLOgFpv2Yew==
sec-websocket-version: 13
origin: http://localhost:58761
host: localhost:58761
accept: */*
user-agent: AHC/2.1

Response DefaultHttpResponse(decodeResult: success, version: HTTP/1.1)
HTTP/1.1 101 WebSocket Protocol Handshake
Upgrade: WebSocket
Connection: Upgrade
Sec-WebSocket-Accept: Z3KDelAhhWGcGCXZQUAltCC+nOg=

14:23:51.653 [Forwarding get on session 0f11849449e7199fbffb0d87725636c6 to remote] DEBUG org.asynchttpclient.netty.request.NettyRequestSender - Using pooled Channel '[id: 0xbbf544b0, L:/127.0.0.1:58760 - R:localhost/127.0.0.1:30041]' for 'POST' to 'http://localhost:30041/session/0f11849449e7199fbffb0d87725636c6/url'
14:23:51.653 [Forwarding get on session 0f11849449e7199fbffb0d87725636c6 to remote] DEBUG org.asynchttpclient.netty.request.NettyRequestSender - Using open Channel [id: 0xbbf544b0, L:/127.0.0.1:58760 - R:localhost/127.0.0.1:30041] for POST '/session/0f11849449e7199fbffb0d87725636c6/url'
14:23:51.728 [AsyncHttpClient-1-1] DEBUG org.asynchttpclient.netty.channel.DefaultChannelPool - Entry count for : http://localhost:58761 : 1
14:23:52.794 [AsyncHttpClient-1-1] DEBUG org.asynchttpclient.netty.channel.DefaultChannelPool - Entry count for : http://localhost:58761 : 1
14:23:53.898 [AsyncHttpClient-1-1] DEBUG org.asynchttpclient.netty.channel.DefaultChannelPool - Entry count for : http://localhost:58761 : 1
14:23:55.017 [AsyncHttpClient-1-1] DEBUG org.asynchttpclient.netty.channel.DefaultChannelPool - Entry count for : http://localhost:58761 : 1
14:23:56.091 [AsyncHttpClient-1-1] DEBUG org.asynchttpclient.netty.channel.DefaultChannelPool - Entry count for : http://localhost:58761 : 1
14:23:56.618 [AsyncHttpClient-1-5] DEBUG org.asynchttpclient.netty.handler.HttpHandler - 

Request DefaultHttpRequest(decodeResult: success, version: HTTP/1.1)
POST /session/0f11849449e7199fbffb0d87725636c6/url HTTP/1.1
User-Agent: selenium/4.8.1 (java windows)
Content-Length: 58
Content-Type: application/json; charset=utf-8
host: localhost:30041
accept: */*

Response DefaultHttpResponse(decodeResult: success, version: HTTP/1.1)
HTTP/1.1 200 OK
Content-Length: 14
Content-Type: application/json; charset=utf-8
cache-control: no-cache

14:23:56.618 [AsyncHttpClient-1-5] DEBUG org.asynchttpclient.netty.channel.ChannelManager - Adding key: http://localhost:30041 for channel [id: 0xbbf544b0, L:/127.0.0.1:58760 - R:localhost/127.0.0.1:30041]
14:23:56.622 [Forwarding setTimeout on session 0f11849449e7199fbffb0d87725636c6 to remote] DEBUG org.asynchttpclient.netty.request.NettyRequestSender - Using pooled Channel '[id: 0xbbf544b0, L:/127.0.0.1:58760 - R:localhost/127.0.0.1:30041]' for 'POST' to 'http://localhost:30041/session/0f11849449e7199fbffb0d87725636c6/timeouts'
14:23:56.622 [Forwarding setTimeout on session 0f11849449e7199fbffb0d87725636c6 to remote] DEBUG org.asynchttpclient.netty.request.NettyRequestSender - Using open Channel [id: 0xbbf544b0, L:/127.0.0.1:58760 - R:localhost/127.0.0.1:30041] for POST '/session/0f11849449e7199fbffb0d87725636c6/timeouts'
14:23:56.625 [AsyncHttpClient-1-5] DEBUG org.asynchttpclient.netty.handler.HttpHandler - 

Request DefaultHttpRequest(decodeResult: success, version: HTTP/1.1)
POST /session/0f11849449e7199fbffb0d87725636c6/timeouts HTTP/1.1
User-Agent: selenium/4.8.1 (java windows)
Content-Length: 22
Content-Type: application/json; charset=utf-8
host: localhost:30041
accept: */*

Response DefaultHttpResponse(decodeResult: success, version: HTTP/1.1)
HTTP/1.1 200 OK
Content-Length: 14
Content-Type: application/json; charset=utf-8
cache-control: no-cache

14:23:56.625 [AsyncHttpClient-1-5] DEBUG org.asynchttpclient.netty.channel.ChannelManager - Adding key: http://localhost:30041 for channel [id: 0xbbf544b0, L:/127.0.0.1:58760 - R:localhost/127.0.0.1:30041]
14:23:56.630 [Forwarding maximizeCurrentWindow on session 0f11849449e7199fbffb0d87725636c6 to remote] DEBUG org.asynchttpclient.netty.request.NettyRequestSender - Using pooled Channel '[id: 0xbbf544b0, L:/127.0.0.1:58760 - R:localhost/127.0.0.1:30041]' for 'POST' to 'http://localhost:30041/session/0f11849449e7199fbffb0d87725636c6/window/maximize'
14:23:56.630 [Forwarding maximizeCurrentWindow on session 0f11849449e7199fbffb0d87725636c6 to remote] DEBUG org.asynchttpclient.netty.request.NettyRequestSender - Using open Channel [id: 0xbbf544b0, L:/127.0.0.1:58760 - R:localhost/127.0.0.1:30041] for POST '/session/0f11849449e7199fbffb0d87725636c6/window/maximize'
14:23:57.109 [AsyncHttpClient-1-5] DEBUG org.asynchttpclient.netty.handler.HttpHandler - 

Request DefaultHttpRequest(decodeResult: success, version: HTTP/1.1)
POST /session/0f11849449e7199fbffb0d87725636c6/window/maximize HTTP/1.1
User-Agent: selenium/4.8.1 (java windows)
Content-Length: 3
Content-Type: application/json; charset=utf-8
host: localhost:30041
accept: */*

Response DefaultHttpResponse(decodeResult: success, version: HTTP/1.1)
HTTP/1.1 200 OK
Content-Length: 51
Content-Type: application/json; charset=utf-8
cache-control: no-cache

14:23:57.110 [AsyncHttpClient-1-5] DEBUG org.asynchttpclient.netty.channel.ChannelManager - Adding key: http://localhost:30041 for channel [id: 0xbbf544b0, L:/127.0.0.1:58760 - R:localhost/127.0.0.1:30041]
14:23:57.133 [Forwarding getAlertText on session 0f11849449e7199fbffb0d87725636c6 to remote] DEBUG org.asynchttpclient.netty.request.NettyRequestSender - Using pooled Channel '[id: 0xbbf544b0, L:/127.0.0.1:58760 - R:localhost/127.0.0.1:30041]' for 'GET' to 'http://localhost:30041/session/0f11849449e7199fbffb0d87725636c6/alert/text'
14:23:57.133 [Forwarding getAlertText on session 0f11849449e7199fbffb0d87725636c6 to remote] DEBUG org.asynchttpclient.netty.request.NettyRequestSender - Using open Channel [id: 0xbbf544b0, L:/127.0.0.1:58760 - R:localhost/127.0.0.1:30041] for GET '/session/0f11849449e7199fbffb0d87725636c6/alert/text'
14:23:57.336 [AsyncHttpClient-1-1] DEBUG org.asynchttpclient.netty.channel.DefaultChannelPool - Entry count for : http://localhost:58761 : 1
14:23:57.391 [AsyncHttpClient-1-5] DEBUG org.asynchttpclient.netty.handler.HttpHandler - 

Request DefaultFullHttpRequest(decodeResult: success, version: HTTP/1.1, content: EmptyByteBufBE)
GET /session/0f11849449e7199fbffb0d87725636c6/alert/text HTTP/1.1
User-Agent: selenium/4.8.1 (java windows)
Cache-Control: no-cache
Content-Type: application/json; charset=utf-8
host: localhost:30041
accept: */*

Response DefaultHttpResponse(decodeResult: success, version: HTTP/1.1)
HTTP/1.1 404 Not Found
Content-Length: 821
Content-Type: application/json; charset=utf-8
cache-control: no-cache

14:23:57.394 [AsyncHttpClient-1-5] DEBUG org.asynchttpclient.netty.channel.ChannelManager - Adding key: http://localhost:30041 for channel [id: 0xbbf544b0, L:/127.0.0.1:58760 - R:localhost/127.0.0.1:30041]
14:23:57.400 [Forwarding getCurrentUrl on session 0f11849449e7199fbffb0d87725636c6 to remote] DEBUG org.asynchttpclient.netty.request.NettyRequestSender - Using pooled Channel '[id: 0xbbf544b0, L:/127.0.0.1:58760 - R:localhost/127.0.0.1:30041]' for 'GET' to 'http://localhost:30041/session/0f11849449e7199fbffb0d87725636c6/url'
14:23:57.401 [Forwarding getCurrentUrl on session 0f11849449e7199fbffb0d87725636c6 to remote] DEBUG org.asynchttpclient.netty.request.NettyRequestSender - Using open Channel [id: 0xbbf544b0, L:/127.0.0.1:58760 - R:localhost/127.0.0.1:30041] for GET '/session/0f11849449e7199fbffb0d87725636c6/url'
14:23:57.484 [AsyncHttpClient-1-5] DEBUG org.asynchttpclient.netty.handler.HttpHandler - 

Request DefaultFullHttpRequest(decodeResult: success, version: HTTP/1.1, content: EmptyByteBufBE)
GET /session/0f11849449e7199fbffb0d87725636c6/url HTTP/1.1
User-Agent: selenium/4.8.1 (java windows)
Cache-Control: no-cache
Content-Type: application/json; charset=utf-8
host: localhost:30041
accept: */*

Response DefaultHttpResponse(decodeResult: success, version: HTTP/1.1)
HTTP/1.1 200 OK
Content-Length: 40
Content-Type: application/json; charset=utf-8
cache-control: no-cache

14:23:57.485 [AsyncHttpClient-1-5] DEBUG org.asynchttpclient.netty.channel.ChannelManager - Adding key: http://localhost:30041 for channel [id: 0xbbf544b0, L:/127.0.0.1:58760 - R:localhost/127.0.0.1:30041]
14:23:57.487 [Forwarding screenshot on session 0f11849449e7199fbffb0d87725636c6 to remote] DEBUG org.asynchttpclient.netty.request.NettyRequestSender - Using pooled Channel '[id: 0xbbf544b0, L:/127.0.0.1:58760 - R:localhost/127.0.0.1:30041]' for 'GET' to 'http://localhost:30041/session/0f11849449e7199fbffb0d87725636c6/screenshot'
14:23:57.487 [Forwarding screenshot on session 0f11849449e7199fbffb0d87725636c6 to remote] DEBUG org.asynchttpclient.netty.request.NettyRequestSender - Using open Channel [id: 0xbbf544b0, L:/127.0.0.1:58760 - R:localhost/127.0.0.1:30041] for GET '/session/0f11849449e7199fbffb0d87725636c6/screenshot'
14:23:58.388 [AsyncHttpClient-1-1] DEBUG org.asynchttpclient.netty.channel.DefaultChannelPool - Entry count for : http://localhost:58761 : 1
14:23:58.988 [AsyncHttpClient-1-5] DEBUG org.asynchttpclient.netty.handler.HttpHandler - 

Request DefaultFullHttpRequest(decodeResult: success, version: HTTP/1.1, content: EmptyByteBufBE)
GET /session/0f11849449e7199fbffb0d87725636c6/screenshot HTTP/1.1
User-Agent: selenium/4.8.1 (java windows)
Cache-Control: no-cache
Content-Type: application/json; charset=utf-8
host: localhost:30041
accept: */*

Response DefaultHttpResponse(decodeResult: success, version: HTTP/1.1)
HTTP/1.1 200 OK
Content-Length: 2003408
Content-Type: application/json; charset=utf-8
cache-control: no-cache

14:23:59.488 [AsyncHttpClient-1-1] DEBUG org.asynchttpclient.netty.channel.DefaultChannelPool - Entry count for : http://localhost:58761 : 1
14:23:59.552 [AsyncHttpClient-1-5] DEBUG org.asynchttpclient.netty.channel.ChannelManager - Adding key: http://localhost:30041 for channel [id: 0xbbf544b0, L:/127.0.0.1:58760 - R:localhost/127.0.0.1:30041]
14:23:59.732 [main] DEBUG net.serenitybdd.core.photography.Darkroom - Send negative for processing for target\site\serenity\cbc87e6f52c2d41cdfc8230d22ed55adca67ba13cdc39253a0541addbd06d4c9.png
14:23:59.733 [Darkroom Processing Line] DEBUG net.serenitybdd.core.photography.DarkroomProcessingLine - Processing screenshot image in /var/screenshots/screenshot-7786470927129377493
14:23:59.733 [Darkroom Processing Line] DEBUG net.serenitybdd.core.photography.DarkroomProcessingLine - Saving screenshot to target\site\serenity\cbc87e6f52c2d41cdfc8230d22ed55adca67ba13cdc39253a0541addbd06d4c9.png
14:23:59.746 [Forwarding getPageSource on session 0f11849449e7199fbffb0d87725636c6 to remote] DEBUG org.asynchttpclient.netty.request.NettyRequestSender - Using pooled Channel '[id: 0xbbf544b0, L:/127.0.0.1:58760 - R:localhost/127.0.0.1:30041]' for 'POST' to 'http://localhost:30041/session/0f11849449e7199fbffb0d87725636c6/execute/sync'
14:23:59.747 [Forwarding getPageSource on session 0f11849449e7199fbffb0d87725636c6 to remote] DEBUG org.asynchttpclient.netty.request.NettyRequestSender - Using open Channel [id: 0xbbf544b0, L:/127.0.0.1:58760 - R:localhost/127.0.0.1:30041] for POST '/session/0f11849449e7199fbffb0d87725636c6/execute/sync'
14:23:59.788 [AsyncHttpClient-1-5] DEBUG org.asynchttpclient.netty.handler.HttpHandler - 

Request DefaultHttpRequest(decodeResult: success, version: HTTP/1.1)
POST /session/0f11849449e7199fbffb0d87725636c6/execute/sync HTTP/1.1
User-Agent: selenium/4.8.1 (java windows)
Content-Length: 176
Content-Type: application/json; charset=utf-8
host: localhost:30041
accept: */*

Response DefaultHttpResponse(decodeResult: success, version: HTTP/1.1)
HTTP/1.1 200 OK
Content-Length: 129146
Content-Type: application/json; charset=utf-8
cache-control: no-cache

14:23:59.790 [AsyncHttpClient-1-5] DEBUG org.asynchttpclient.netty.channel.ChannelManager - Adding key: http://localhost:30041 for channel [id: 0xbbf544b0, L:/127.0.0.1:58760 - R:localhost/127.0.0.1:30041]
14:23:59.825 [Forwarding getCurrentUrl on session 0f11849449e7199fbffb0d87725636c6 to remote] DEBUG org.asynchttpclient.netty.request.NettyRequestSender - Using pooled Channel '[id: 0xbbf544b0, L:/127.0.0.1:58760 - R:localhost/127.0.0.1:30041]' for 'GET' to 'http://localhost:30041/session/0f11849449e7199fbffb0d87725636c6/url'
14:23:59.826 [Forwarding getCurrentUrl on session 0f11849449e7199fbffb0d87725636c6 to remote] DEBUG org.asynchttpclient.netty.request.NettyRequestSender - Using open Channel [id: 0xbbf544b0, L:/127.0.0.1:58760 - R:localhost/127.0.0.1:30041] for GET '/session/0f11849449e7199fbffb0d87725636c6/url'
14:23:59.843 [AsyncHttpClient-1-5] DEBUG org.asynchttpclient.netty.handler.HttpHandler - 

Request DefaultFullHttpRequest(decodeResult: success, version: HTTP/1.1, content: EmptyByteBufBE)
GET /session/0f11849449e7199fbffb0d87725636c6/url HTTP/1.1
User-Agent: selenium/4.8.1 (java windows)
Cache-Control: no-cache
Content-Type: application/json; charset=utf-8
host: localhost:30041
accept: */*

Response DefaultHttpResponse(decodeResult: success, version: HTTP/1.1)
HTTP/1.1 200 OK
Content-Length: 40
Content-Type: application/json; charset=utf-8
cache-control: no-cache

14:23:59.844 [AsyncHttpClient-1-5] DEBUG org.asynchttpclient.netty.channel.ChannelManager - Adding key: http://localhost:30041 for channel [id: 0xbbf544b0, L:/127.0.0.1:58760 - R:localhost/127.0.0.1:30041]
14:23:59.876 [Forwarding getAlertText on session 0f11849449e7199fbffb0d87725636c6 to remote] DEBUG org.asynchttpclient.netty.request.NettyRequestSender - Using pooled Channel '[id: 0xbbf544b0, L:/127.0.0.1:58760 - R:localhost/127.0.0.1:30041]' for 'GET' to 'http://localhost:30041/session/0f11849449e7199fbffb0d87725636c6/alert/text'
14:23:59.876 [Forwarding getAlertText on session 0f11849449e7199fbffb0d87725636c6 to remote] DEBUG org.asynchttpclient.netty.request.NettyRequestSender - Using open Channel [id: 0xbbf544b0, L:/127.0.0.1:58760 - R:localhost/127.0.0.1:30041] for GET '/session/0f11849449e7199fbffb0d87725636c6/alert/text'
14:23:59.884 [AsyncHttpClient-1-5] DEBUG org.asynchttpclient.netty.handler.HttpHandler - 

Request DefaultFullHttpRequest(decodeResult: success, version: HTTP/1.1, content: EmptyByteBufBE)
GET /session/0f11849449e7199fbffb0d87725636c6/alert/text HTTP/1.1
User-Agent: selenium/4.8.1 (java windows)
Cache-Control: no-cache
Content-Type: application/json; charset=utf-8
host: localhost:30041
accept: */*

Response DefaultHttpResponse(decodeResult: success, version: HTTP/1.1)
HTTP/1.1 404 Not Found
Content-Length: 821
Content-Type: application/json; charset=utf-8
cache-control: no-cache

14:23:59.885 [AsyncHttpClient-1-5] DEBUG org.asynchttpclient.netty.channel.ChannelManager - Adding key: http://localhost:30041 for channel [id: 0xbbf544b0, L:/127.0.0.1:58760 - R:localhost/127.0.0.1:30041]
14:23:59.887 [Forwarding getCurrentUrl on session 0f11849449e7199fbffb0d87725636c6 to remote] DEBUG org.asynchttpclient.netty.request.NettyRequestSender - Using pooled Channel '[id: 0xbbf544b0, L:/127.0.0.1:58760 - R:localhost/127.0.0.1:30041]' for 'GET' to 'http://localhost:30041/session/0f11849449e7199fbffb0d87725636c6/url'
14:23:59.887 [Forwarding getCurrentUrl on session 0f11849449e7199fbffb0d87725636c6 to remote] DEBUG org.asynchttpclient.netty.request.NettyRequestSender - Using open Channel [id: 0xbbf544b0, L:/127.0.0.1:58760 - R:localhost/127.0.0.1:30041] for GET '/session/0f11849449e7199fbffb0d87725636c6/url'
14:23:59.895 [AsyncHttpClient-1-5] DEBUG org.asynchttpclient.netty.handler.HttpHandler - 

Request DefaultFullHttpRequest(decodeResult: success, version: HTTP/1.1, content: EmptyByteBufBE)
GET /session/0f11849449e7199fbffb0d87725636c6/url HTTP/1.1
User-Agent: selenium/4.8.1 (java windows)
Cache-Control: no-cache
Content-Type: application/json; charset=utf-8
host: localhost:30041
accept: */*

Response DefaultHttpResponse(decodeResult: success, version: HTTP/1.1)
HTTP/1.1 200 OK
Content-Length: 40
Content-Type: application/json; charset=utf-8
cache-control: no-cache

14:23:59.896 [AsyncHttpClient-1-5] DEBUG org.asynchttpclient.netty.channel.ChannelManager - Adding key: http://localhost:30041 for channel [id: 0xbbf544b0, L:/127.0.0.1:58760 - R:localhost/127.0.0.1:30041]
14:23:59.898 [Forwarding screenshot on session 0f11849449e7199fbffb0d87725636c6 to remote] DEBUG org.asynchttpclient.netty.request.NettyRequestSender - Using pooled Channel '[id: 0xbbf544b0, L:/127.0.0.1:58760 - R:localhost/127.0.0.1:30041]' for 'GET' to 'http://localhost:30041/session/0f11849449e7199fbffb0d87725636c6/screenshot'
14:23:59.899 [Forwarding screenshot on session 0f11849449e7199fbffb0d87725636c6 to remote] DEBUG org.asynchttpclient.netty.request.NettyRequestSender - Using open Channel [id: 0xbbf544b0, L:/127.0.0.1:58760 - R:localhost/127.0.0.1:30041] for GET '/session/0f11849449e7199fbffb0d87725636c6/screenshot'
14:24:00.596 [AsyncHttpClient-1-1] DEBUG org.asynchttpclient.netty.channel.DefaultChannelPool - Entry count for : http://localhost:58761 : 1
14:24:01.506 [AsyncHttpClient-1-5] DEBUG org.asynchttpclient.netty.handler.HttpHandler - 

Request DefaultFullHttpRequest(decodeResult: success, version: HTTP/1.1, content: EmptyByteBufBE)
GET /session/0f11849449e7199fbffb0d87725636c6/screenshot HTTP/1.1
User-Agent: selenium/4.8.1 (java windows)
Cache-Control: no-cache
Content-Type: application/json; charset=utf-8
host: localhost:30041
accept: */*

Response DefaultHttpResponse(decodeResult: success, version: HTTP/1.1)
HTTP/1.1 200 OK
Content-Length: 2003408
Content-Type: application/json; charset=utf-8
cache-control: no-cache

14:24:01.561 [AsyncHttpClient-1-5] DEBUG org.asynchttpclient.netty.channel.ChannelManager - Adding key: http://localhost:30041 for channel [id: 0xbbf544b0, L:/127.0.0.1:58760 - R:localhost/127.0.0.1:30041]
14:24:01.689 [AsyncHttpClient-1-1] DEBUG org.asynchttpclient.netty.channel.DefaultChannelPool - Entry count for : http://localhost:30041 : 1
14:24:01.689 [AsyncHttpClient-1-1] DEBUG org.asynchttpclient.netty.channel.DefaultChannelPool - Entry count for : http://localhost:58761 : 1
14:24:01.747 [main] DEBUG net.serenitybdd.core.photography.Darkroom - Send negative for processing for target\site\serenity\cbc87e6f52c2d41cdfc8230d22ed55adca67ba13cdc39253a0541addbd06d4c9.png
14:24:01.752 [Forwarding getPageSource on session 0f11849449e7199fbffb0d87725636c6 to remote] DEBUG org.asynchttpclient.netty.request.NettyRequestSender - Using pooled Channel '[id: 0xbbf544b0, L:/127.0.0.1:58760 - R:localhost/127.0.0.1:30041]' for 'POST' to 'http://localhost:30041/session/0f11849449e7199fbffb0d87725636c6/execute/sync'
14:24:01.752 [Forwarding getPageSource on session 0f11849449e7199fbffb0d87725636c6 to remote] DEBUG org.asynchttpclient.netty.request.NettyRequestSender - Using open Channel [id: 0xbbf544b0, L:/127.0.0.1:58760 - R:localhost/127.0.0.1:30041] for POST '/session/0f11849449e7199fbffb0d87725636c6/execute/sync'
14:24:01.794 [AsyncHttpClient-1-5] DEBUG org.asynchttpclient.netty.handler.HttpHandler - 

Request DefaultHttpRequest(decodeResult: success, version: HTTP/1.1)
POST /session/0f11849449e7199fbffb0d87725636c6/execute/sync HTTP/1.1
User-Agent: selenium/4.8.1 (java windows)
Content-Length: 176
Content-Type: application/json; charset=utf-8
host: localhost:30041
accept: */*

Response DefaultHttpResponse(decodeResult: success, version: HTTP/1.1)
HTTP/1.1 200 OK
Content-Length: 129157
Content-Type: application/json; charset=utf-8
cache-control: no-cache

14:24:01.795 [AsyncHttpClient-1-5] DEBUG org.asynchttpclient.netty.channel.ChannelManager - Adding key: http://localhost:30041 for channel [id: 0xbbf544b0, L:/127.0.0.1:58760 - R:localhost/127.0.0.1:30041]
14:24:01.840 [Forwarding getCurrentUrl on session 0f11849449e7199fbffb0d87725636c6 to remote] DEBUG org.asynchttpclient.netty.request.NettyRequestSender - Using pooled Channel '[id: 0xbbf544b0, L:/127.0.0.1:58760 - R:localhost/127.0.0.1:30041]' for 'GET' to 'http://localhost:30041/session/0f11849449e7199fbffb0d87725636c6/url'
14:24:01.856 [Forwarding getCurrentUrl on session 0f11849449e7199fbffb0d87725636c6 to remote] DEBUG org.asynchttpclient.netty.request.NettyRequestSender - Using open Channel [id: 0xbbf544b0, L:/127.0.0.1:58760 - R:localhost/127.0.0.1:30041] for GET '/session/0f11849449e7199fbffb0d87725636c6/url'
14:24:01.879 [AsyncHttpClient-1-5] DEBUG org.asynchttpclient.netty.handler.HttpHandler - 

Request DefaultFullHttpRequest(decodeResult: success, version: HTTP/1.1, content: EmptyByteBufBE)
GET /session/0f11849449e7199fbffb0d87725636c6/url HTTP/1.1
User-Agent: selenium/4.8.1 (java windows)
Cache-Control: no-cache
Content-Type: application/json; charset=utf-8
host: localhost:30041
accept: */*

Response DefaultHttpResponse(decodeResult: success, version: HTTP/1.1)
HTTP/1.1 200 OK
Content-Length: 40
Content-Type: application/json; charset=utf-8
cache-control: no-cache

14:24:01.880 [AsyncHttpClient-1-5] DEBUG org.asynchttpclient.netty.channel.ChannelManager - Adding key: http://localhost:30041 for channel [id: 0xbbf544b0, L:/127.0.0.1:58760 - R:localhost/127.0.0.1:30041]
14:24:01.886 [main] DEBUG net.thucydides.core.steps.StepInterceptor - STARTING STEP: Afrexim_Signin_steps.to_click_the_apply_for_facility_option - Click_applyfacility
14:24:01.896 [Forwarding findElement on session 0f11849449e7199fbffb0d87725636c6 to remote] DEBUG org.asynchttpclient.netty.request.NettyRequestSender - Using pooled Channel '[id: 0xbbf544b0, L:/127.0.0.1:58760 - R:localhost/127.0.0.1:30041]' for 'POST' to 'http://localhost:30041/session/0f11849449e7199fbffb0d87725636c6/element'
14:24:01.897 [Forwarding findElement on session 0f11849449e7199fbffb0d87725636c6 to remote] DEBUG org.asynchttpclient.netty.request.NettyRequestSender - Using open Channel [id: 0xbbf544b0, L:/127.0.0.1:58760 - R:localhost/127.0.0.1:30041] for POST '/session/0f11849449e7199fbffb0d87725636c6/element'
14:24:01.947 [AsyncHttpClient-1-5] DEBUG org.asynchttpclient.netty.handler.HttpHandler - 

Request DefaultHttpRequest(decodeResult: success, version: HTTP/1.1)
POST /session/0f11849449e7199fbffb0d87725636c6/element HTTP/1.1
User-Agent: selenium/4.8.1 (java windows)
Content-Length: 84
Content-Type: application/json; charset=utf-8
host: localhost:30041
accept: */*

Response DefaultHttpResponse(decodeResult: success, version: HTTP/1.1)
HTTP/1.1 200 OK
Content-Length: 95
Content-Type: application/json; charset=utf-8
cache-control: no-cache

14:24:01.948 [AsyncHttpClient-1-5] DEBUG org.asynchttpclient.netty.channel.ChannelManager - Adding key: http://localhost:30041 for channel [id: 0xbbf544b0, L:/127.0.0.1:58760 - R:localhost/127.0.0.1:30041]
14:24:01.953 [Forwarding getElementTagName on session 0f11849449e7199fbffb0d87725636c6 to remote] DEBUG org.asynchttpclient.netty.request.NettyRequestSender - Using pooled Channel '[id: 0xbbf544b0, L:/127.0.0.1:58760 - R:localhost/127.0.0.1:30041]' for 'GET' to 'http://localhost:30041/session/0f11849449e7199fbffb0d87725636c6/element/9A8BEAA4715C193FA3DBC18DEE8976CA_element_49/name'
14:24:01.953 [Forwarding getElementTagName on session 0f11849449e7199fbffb0d87725636c6 to remote] DEBUG org.asynchttpclient.netty.request.NettyRequestSender - Using open Channel [id: 0xbbf544b0, L:/127.0.0.1:58760 - R:localhost/127.0.0.1:30041] for GET '/session/0f11849449e7199fbffb0d87725636c6/element/9A8BEAA4715C193FA3DBC18DEE8976CA_element_49/name'
14:24:01.974 [AsyncHttpClient-1-5] DEBUG org.asynchttpclient.netty.handler.HttpHandler - 

Request DefaultFullHttpRequest(decodeResult: success, version: HTTP/1.1, content: EmptyByteBufBE)
GET /session/0f11849449e7199fbffb0d87725636c6/element/9A8BEAA4715C193FA3DBC18DEE8976CA_element_49/name HTTP/1.1
User-Agent: selenium/4.8.1 (java windows)
Cache-Control: no-cache
Content-Type: application/json; charset=utf-8
host: localhost:30041
accept: */*

Response DefaultHttpResponse(decodeResult: success, version: HTTP/1.1)
HTTP/1.1 200 OK
Content-Length: 13
Content-Type: application/json; charset=utf-8
cache-control: no-cache

14:24:01.974 [AsyncHttpClient-1-5] DEBUG org.asynchttpclient.netty.channel.ChannelManager - Adding key: http://localhost:30041 for channel [id: 0xbbf544b0, L:/127.0.0.1:58760 - R:localhost/127.0.0.1:30041]
14:24:01.977 [Forwarding getElementTagName on session 0f11849449e7199fbffb0d87725636c6 to remote] DEBUG org.asynchttpclient.netty.request.NettyRequestSender - Using pooled Channel '[id: 0xbbf544b0, L:/127.0.0.1:58760 - R:localhost/127.0.0.1:30041]' for 'GET' to 'http://localhost:30041/session/0f11849449e7199fbffb0d87725636c6/element/9A8BEAA4715C193FA3DBC18DEE8976CA_element_49/name'
14:24:01.977 [Forwarding getElementTagName on session 0f11849449e7199fbffb0d87725636c6 to remote] DEBUG org.asynchttpclient.netty.request.NettyRequestSender - Using open Channel [id: 0xbbf544b0, L:/127.0.0.1:58760 - R:localhost/127.0.0.1:30041] for GET '/session/0f11849449e7199fbffb0d87725636c6/element/9A8BEAA4715C193FA3DBC18DEE8976CA_element_49/name'
14:24:01.987 [AsyncHttpClient-1-5] DEBUG org.asynchttpclient.netty.handler.HttpHandler - 

Request DefaultFullHttpRequest(decodeResult: success, version: HTTP/1.1, content: EmptyByteBufBE)
GET /session/0f11849449e7199fbffb0d87725636c6/element/9A8BEAA4715C193FA3DBC18DEE8976CA_element_49/name HTTP/1.1
User-Agent: selenium/4.8.1 (java windows)
Cache-Control: no-cache
Content-Type: application/json; charset=utf-8
host: localhost:30041
accept: */*

Response DefaultHttpResponse(decodeResult: success, version: HTTP/1.1)
HTTP/1.1 200 OK
Content-Length: 13
Content-Type: application/json; charset=utf-8
cache-control: no-cache

14:24:01.988 [AsyncHttpClient-1-5] DEBUG org.asynchttpclient.netty.channel.ChannelManager - Adding key: http://localhost:30041 for channel [id: 0xbbf544b0, L:/127.0.0.1:58760 - R:localhost/127.0.0.1:30041]
14:24:01.992 [Forwarding findElement on session 0f11849449e7199fbffb0d87725636c6 to remote] DEBUG org.asynchttpclient.netty.request.NettyRequestSender - Using pooled Channel '[id: 0xbbf544b0, L:/127.0.0.1:58760 - R:localhost/127.0.0.1:30041]' for 'POST' to 'http://localhost:30041/session/0f11849449e7199fbffb0d87725636c6/element'
14:24:01.992 [Forwarding findElement on session 0f11849449e7199fbffb0d87725636c6 to remote] DEBUG org.asynchttpclient.netty.request.NettyRequestSender - Using open Channel [id: 0xbbf544b0, L:/127.0.0.1:58760 - R:localhost/127.0.0.1:30041] for POST '/session/0f11849449e7199fbffb0d87725636c6/element'
14:24:02.011 [AsyncHttpClient-1-5] DEBUG org.asynchttpclient.netty.handler.HttpHandler - 

Request DefaultHttpRequest(decodeResult: success, version: HTTP/1.1)
POST /session/0f11849449e7199fbffb0d87725636c6/element HTTP/1.1
User-Agent: selenium/4.8.1 (java windows)
Content-Length: 84
Content-Type: application/json; charset=utf-8
host: localhost:30041
accept: */*

Response DefaultHttpResponse(decodeResult: success, version: HTTP/1.1)
HTTP/1.1 200 OK
Content-Length: 95
Content-Type: application/json; charset=utf-8
cache-control: no-cache

14:24:02.012 [AsyncHttpClient-1-5] DEBUG org.asynchttpclient.netty.channel.ChannelManager - Adding key: http://localhost:30041 for channel [id: 0xbbf544b0, L:/127.0.0.1:58760 - R:localhost/127.0.0.1:30041]
14:24:02.018 [Forwarding clickElement on session 0f11849449e7199fbffb0d87725636c6 to remote] DEBUG org.asynchttpclient.netty.request.NettyRequestSender - Using pooled Channel '[id: 0xbbf544b0, L:/127.0.0.1:58760 - R:localhost/127.0.0.1:30041]' for 'POST' to 'http://localhost:30041/session/0f11849449e7199fbffb0d87725636c6/element/9A8BEAA4715C193FA3DBC18DEE8976CA_element_49/click'
14:24:02.019 [Forwarding clickElement on session 0f11849449e7199fbffb0d87725636c6 to remote] DEBUG org.asynchttpclient.netty.request.NettyRequestSender - Using open Channel [id: 0xbbf544b0, L:/127.0.0.1:58760 - R:localhost/127.0.0.1:30041] for POST '/session/0f11849449e7199fbffb0d87725636c6/element/9A8BEAA4715C193FA3DBC18DEE8976CA_element_49/click'
14:24:02.796 [AsyncHttpClient-1-1] DEBUG org.asynchttpclient.netty.channel.DefaultChannelPool - Entry count for : http://localhost:58761 : 1
14:24:03.904 [AsyncHttpClient-1-1] DEBUG org.asynchttpclient.netty.channel.DefaultChannelPool - Entry count for : http://localhost:58761 : 1
14:24:04.530 [AsyncHttpClient-1-5] DEBUG org.asynchttpclient.netty.handler.HttpHandler - 

Request DefaultHttpRequest(decodeResult: success, version: HTTP/1.1)
POST /session/0f11849449e7199fbffb0d87725636c6/element/9A8BEAA4715C193FA3DBC18DEE8976CA_element_49/click HTTP/1.1
User-Agent: selenium/4.8.1 (java windows)
Content-Length: 57
Content-Type: application/json; charset=utf-8
host: localhost:30041
accept: */*

Response DefaultHttpResponse(decodeResult: success, version: HTTP/1.1)
HTTP/1.1 200 OK
Content-Length: 14
Content-Type: application/json; charset=utf-8
cache-control: no-cache

14:24:04.530 [AsyncHttpClient-1-5] DEBUG org.asynchttpclient.netty.channel.ChannelManager - Adding key: http://localhost:30041 for channel [id: 0xbbf544b0, L:/127.0.0.1:58760 - R:localhost/127.0.0.1:30041]
14:24:04.545 [Forwarding getAlertText on session 0f11849449e7199fbffb0d87725636c6 to remote] DEBUG org.asynchttpclient.netty.request.NettyRequestSender - Using pooled Channel '[id: 0xbbf544b0, L:/127.0.0.1:58760 - R:localhost/127.0.0.1:30041]' for 'GET' to 'http://localhost:30041/session/0f11849449e7199fbffb0d87725636c6/alert/text'
14:24:04.546 [Forwarding getAlertText on session 0f11849449e7199fbffb0d87725636c6 to remote] DEBUG org.asynchttpclient.netty.request.NettyRequestSender - Using open Channel [id: 0xbbf544b0, L:/127.0.0.1:58760 - R:localhost/127.0.0.1:30041] for GET '/session/0f11849449e7199fbffb0d87725636c6/alert/text'
14:24:04.561 [AsyncHttpClient-1-5] DEBUG org.asynchttpclient.netty.handler.HttpHandler - 

Request DefaultFullHttpRequest(decodeResult: success, version: HTTP/1.1, content: EmptyByteBufBE)
GET /session/0f11849449e7199fbffb0d87725636c6/alert/text HTTP/1.1
User-Agent: selenium/4.8.1 (java windows)
Cache-Control: no-cache
Content-Type: application/json; charset=utf-8
host: localhost:30041
accept: */*

Response DefaultHttpResponse(decodeResult: success, version: HTTP/1.1)
HTTP/1.1 404 Not Found
Content-Length: 821
Content-Type: application/json; charset=utf-8
cache-control: no-cache

14:24:04.562 [AsyncHttpClient-1-5] DEBUG org.asynchttpclient.netty.channel.ChannelManager - Adding key: http://localhost:30041 for channel [id: 0xbbf544b0, L:/127.0.0.1:58760 - R:localhost/127.0.0.1:30041]
14:24:04.569 [Forwarding getCurrentUrl on session 0f11849449e7199fbffb0d87725636c6 to remote] DEBUG org.asynchttpclient.netty.request.NettyRequestSender - Using pooled Channel '[id: 0xbbf544b0, L:/127.0.0.1:58760 - R:localhost/127.0.0.1:30041]' for 'GET' to 'http://localhost:30041/session/0f11849449e7199fbffb0d87725636c6/url'
14:24:04.569 [Forwarding getCurrentUrl on session 0f11849449e7199fbffb0d87725636c6 to remote] DEBUG org.asynchttpclient.netty.request.NettyRequestSender - Using open Channel [id: 0xbbf544b0, L:/127.0.0.1:58760 - R:localhost/127.0.0.1:30041] for GET '/session/0f11849449e7199fbffb0d87725636c6/url'
14:24:04.646 [AsyncHttpClient-1-5] DEBUG org.asynchttpclient.netty.handler.HttpHandler - 

Request DefaultFullHttpRequest(decodeResult: success, version: HTTP/1.1, content: EmptyByteBufBE)
GET /session/0f11849449e7199fbffb0d87725636c6/url HTTP/1.1
User-Agent: selenium/4.8.1 (java windows)
Cache-Control: no-cache
Content-Type: application/json; charset=utf-8
host: localhost:30041
accept: */*

Response DefaultHttpResponse(decodeResult: success, version: HTTP/1.1)
HTTP/1.1 200 OK
Content-Length: 54
Content-Type: application/json; charset=utf-8
cache-control: no-cache

14:24:04.647 [AsyncHttpClient-1-5] DEBUG org.asynchttpclient.netty.channel.ChannelManager - Adding key: http://localhost:30041 for channel [id: 0xbbf544b0, L:/127.0.0.1:58760 - R:localhost/127.0.0.1:30041]
14:24:04.653 [Forwarding screenshot on session 0f11849449e7199fbffb0d87725636c6 to remote] DEBUG org.asynchttpclient.netty.request.NettyRequestSender - Using pooled Channel '[id: 0xbbf544b0, L:/127.0.0.1:58760 - R:localhost/127.0.0.1:30041]' for 'GET' to 'http://localhost:30041/session/0f11849449e7199fbffb0d87725636c6/screenshot'
14:24:04.655 [Forwarding screenshot on session 0f11849449e7199fbffb0d87725636c6 to remote] DEBUG org.asynchttpclient.netty.request.NettyRequestSender - Using open Channel [id: 0xbbf544b0, L:/127.0.0.1:58760 - R:localhost/127.0.0.1:30041] for GET '/session/0f11849449e7199fbffb0d87725636c6/screenshot'
14:24:04.991 [AsyncHttpClient-1-1] DEBUG org.asynchttpclient.netty.channel.DefaultChannelPool - Entry count for : http://localhost:58761 : 1
14:24:05.109 [AsyncHttpClient-1-5] DEBUG org.asynchttpclient.netty.handler.HttpHandler - 

Request DefaultFullHttpRequest(decodeResult: success, version: HTTP/1.1, content: EmptyByteBufBE)
GET /session/0f11849449e7199fbffb0d87725636c6/screenshot HTTP/1.1
User-Agent: selenium/4.8.1 (java windows)
Cache-Control: no-cache
Content-Type: application/json; charset=utf-8
host: localhost:30041
accept: */*

Response DefaultHttpResponse(decodeResult: success, version: HTTP/1.1)
HTTP/1.1 200 OK
Content-Length: 51488
Content-Type: application/json; charset=utf-8
cache-control: no-cache

14:24:05.110 [AsyncHttpClient-1-5] DEBUG org.asynchttpclient.netty.channel.ChannelManager - Adding key: http://localhost:30041 for channel [id: 0xbbf544b0, L:/127.0.0.1:58760 - R:localhost/127.0.0.1:30041]
14:24:05.115 [main] DEBUG net.serenitybdd.core.photography.Darkroom - Send negative for processing for target\site\serenity\9857aafb41216484dfe4faf047dea54ef8bf2a79a20276e7a1ecaa7016b22ca1.png
14:24:05.116 [main] DEBUG net.thucydides.core.steps.StepInterceptor - STEP DONE: Click_applyfacility
14:24:05.140 [Forwarding getPageSource on session 0f11849449e7199fbffb0d87725636c6 to remote] DEBUG org.asynchttpclient.netty.request.NettyRequestSender - Using pooled Channel '[id: 0xbbf544b0, L:/127.0.0.1:58760 - R:localhost/127.0.0.1:30041]' for 'POST' to 'http://localhost:30041/session/0f11849449e7199fbffb0d87725636c6/execute/sync'
14:24:05.141 [Forwarding getPageSource on session 0f11849449e7199fbffb0d87725636c6 to remote] DEBUG org.asynchttpclient.netty.request.NettyRequestSender - Using open Channel [id: 0xbbf544b0, L:/127.0.0.1:58760 - R:localhost/127.0.0.1:30041] for POST '/session/0f11849449e7199fbffb0d87725636c6/execute/sync'
14:24:05.158 [AsyncHttpClient-1-5] DEBUG org.asynchttpclient.netty.handler.HttpHandler - 

Request DefaultHttpRequest(decodeResult: success, version: HTTP/1.1)
POST /session/0f11849449e7199fbffb0d87725636c6/execute/sync HTTP/1.1
User-Agent: selenium/4.8.1 (java windows)
Content-Length: 176
Content-Type: application/json; charset=utf-8
host: localhost:30041
accept: */*

Response DefaultHttpResponse(decodeResult: success, version: HTTP/1.1)
HTTP/1.1 200 OK
Content-Length: 6206
Content-Type: application/json; charset=utf-8
cache-control: no-cache

14:24:05.159 [AsyncHttpClient-1-5] DEBUG org.asynchttpclient.netty.channel.ChannelManager - Adding key: http://localhost:30041 for channel [id: 0xbbf544b0, L:/127.0.0.1:58760 - R:localhost/127.0.0.1:30041]
14:24:05.164 [Forwarding getCurrentUrl on session 0f11849449e7199fbffb0d87725636c6 to remote] DEBUG org.asynchttpclient.netty.request.NettyRequestSender - Using pooled Channel '[id: 0xbbf544b0, L:/127.0.0.1:58760 - R:localhost/127.0.0.1:30041]' for 'GET' to 'http://localhost:30041/session/0f11849449e7199fbffb0d87725636c6/url'
14:24:05.164 [Forwarding getCurrentUrl on session 0f11849449e7199fbffb0d87725636c6 to remote] DEBUG org.asynchttpclient.netty.request.NettyRequestSender - Using open Channel [id: 0xbbf544b0, L:/127.0.0.1:58760 - R:localhost/127.0.0.1:30041] for GET '/session/0f11849449e7199fbffb0d87725636c6/url'
14:24:05.177 [AsyncHttpClient-1-5] DEBUG org.asynchttpclient.netty.handler.HttpHandler - 

Request DefaultFullHttpRequest(decodeResult: success, version: HTTP/1.1, content: EmptyByteBufBE)
GET /session/0f11849449e7199fbffb0d87725636c6/url HTTP/1.1
User-Agent: selenium/4.8.1 (java windows)
Cache-Control: no-cache
Content-Type: application/json; charset=utf-8
host: localhost:30041
accept: */*

Response DefaultHttpResponse(decodeResult: success, version: HTTP/1.1)
HTTP/1.1 200 OK
Content-Length: 54
Content-Type: application/json; charset=utf-8
cache-control: no-cache

14:24:05.177 [AsyncHttpClient-1-5] DEBUG org.asynchttpclient.netty.channel.ChannelManager - Adding key: http://localhost:30041 for channel [id: 0xbbf544b0, L:/127.0.0.1:58760 - R:localhost/127.0.0.1:30041]
14:24:05.219 [Forwarding getAlertText on session 0f11849449e7199fbffb0d87725636c6 to remote] DEBUG org.asynchttpclient.netty.request.NettyRequestSender - Using pooled Channel '[id: 0xbbf544b0, L:/127.0.0.1:58760 - R:localhost/127.0.0.1:30041]' for 'GET' to 'http://localhost:30041/session/0f11849449e7199fbffb0d87725636c6/alert/text'
14:24:05.220 [Forwarding getAlertText on session 0f11849449e7199fbffb0d87725636c6 to remote] DEBUG org.asynchttpclient.netty.request.NettyRequestSender - Using open Channel [id: 0xbbf544b0, L:/127.0.0.1:58760 - R:localhost/127.0.0.1:30041] for GET '/session/0f11849449e7199fbffb0d87725636c6/alert/text'
14:24:05.228 [AsyncHttpClient-1-5] DEBUG org.asynchttpclient.netty.handler.HttpHandler - 

Request DefaultFullHttpRequest(decodeResult: success, version: HTTP/1.1, content: EmptyByteBufBE)
GET /session/0f11849449e7199fbffb0d87725636c6/alert/text HTTP/1.1
User-Agent: selenium/4.8.1 (java windows)
Cache-Control: no-cache
Content-Type: application/json; charset=utf-8
host: localhost:30041
accept: */*

Response DefaultHttpResponse(decodeResult: success, version: HTTP/1.1)
HTTP/1.1 404 Not Found
Content-Length: 821
Content-Type: application/json; charset=utf-8
cache-control: no-cache

14:24:05.228 [AsyncHttpClient-1-5] DEBUG org.asynchttpclient.netty.channel.ChannelManager - Adding key: http://localhost:30041 for channel [id: 0xbbf544b0, L:/127.0.0.1:58760 - R:localhost/127.0.0.1:30041]
14:24:05.233 [Forwarding getCurrentUrl on session 0f11849449e7199fbffb0d87725636c6 to remote] DEBUG org.asynchttpclient.netty.request.NettyRequestSender - Using pooled Channel '[id: 0xbbf544b0, L:/127.0.0.1:58760 - R:localhost/127.0.0.1:30041]' for 'GET' to 'http://localhost:30041/session/0f11849449e7199fbffb0d87725636c6/url'
14:24:05.233 [Forwarding getCurrentUrl on session 0f11849449e7199fbffb0d87725636c6 to remote] DEBUG org.asynchttpclient.netty.request.NettyRequestSender - Using open Channel [id: 0xbbf544b0, L:/127.0.0.1:58760 - R:localhost/127.0.0.1:30041] for GET '/session/0f11849449e7199fbffb0d87725636c6/url'
14:24:05.245 [AsyncHttpClient-1-5] DEBUG org.asynchttpclient.netty.handler.HttpHandler - 

Request DefaultFullHttpRequest(decodeResult: success, version: HTTP/1.1, content: EmptyByteBufBE)
GET /session/0f11849449e7199fbffb0d87725636c6/url HTTP/1.1
User-Agent: selenium/4.8.1 (java windows)
Cache-Control: no-cache
Content-Type: application/json; charset=utf-8
host: localhost:30041
accept: */*

Response DefaultHttpResponse(decodeResult: success, version: HTTP/1.1)
HTTP/1.1 200 OK
Content-Length: 54
Content-Type: application/json; charset=utf-8
cache-control: no-cache

14:24:05.246 [AsyncHttpClient-1-5] DEBUG org.asynchttpclient.netty.channel.ChannelManager - Adding key: http://localhost:30041 for channel [id: 0xbbf544b0, L:/127.0.0.1:58760 - R:localhost/127.0.0.1:30041]
14:24:05.249 [Forwarding screenshot on session 0f11849449e7199fbffb0d87725636c6 to remote] DEBUG org.asynchttpclient.netty.request.NettyRequestSender - Using pooled Channel '[id: 0xbbf544b0, L:/127.0.0.1:58760 - R:localhost/127.0.0.1:30041]' for 'GET' to 'http://localhost:30041/session/0f11849449e7199fbffb0d87725636c6/screenshot'
14:24:05.249 [Forwarding screenshot on session 0f11849449e7199fbffb0d87725636c6 to remote] DEBUG org.asynchttpclient.netty.request.NettyRequestSender - Using open Channel [id: 0xbbf544b0, L:/127.0.0.1:58760 - R:localhost/127.0.0.1:30041] for GET '/session/0f11849449e7199fbffb0d87725636c6/screenshot'
14:24:05.499 [AsyncHttpClient-1-5] DEBUG org.asynchttpclient.netty.handler.HttpHandler - 

Request DefaultFullHttpRequest(decodeResult: success, version: HTTP/1.1, content: EmptyByteBufBE)
GET /session/0f11849449e7199fbffb0d87725636c6/screenshot HTTP/1.1
User-Agent: selenium/4.8.1 (java windows)
Cache-Control: no-cache
Content-Type: application/json; charset=utf-8
host: localhost:30041
accept: */*

Response DefaultHttpResponse(decodeResult: success, version: HTTP/1.1)
HTTP/1.1 200 OK
Content-Length: 51488
Content-Type: application/json; charset=utf-8
cache-control: no-cache

14:24:05.500 [AsyncHttpClient-1-5] DEBUG org.asynchttpclient.netty.channel.ChannelManager - Adding key: http://localhost:30041 for channel [id: 0xbbf544b0, L:/127.0.0.1:58760 - R:localhost/127.0.0.1:30041]
14:24:05.506 [main] DEBUG net.serenitybdd.core.photography.Darkroom - Send negative for processing for target\site\serenity\9857aafb41216484dfe4faf047dea54ef8bf2a79a20276e7a1ecaa7016b22ca1.png
14:24:05.511 [Forwarding getPageSource on session 0f11849449e7199fbffb0d87725636c6 to remote] DEBUG org.asynchttpclient.netty.request.NettyRequestSender - Using pooled Channel '[id: 0xbbf544b0, L:/127.0.0.1:58760 - R:localhost/127.0.0.1:30041]' for 'POST' to 'http://localhost:30041/session/0f11849449e7199fbffb0d87725636c6/execute/sync'
14:24:05.512 [Forwarding getPageSource on session 0f11849449e7199fbffb0d87725636c6 to remote] DEBUG org.asynchttpclient.netty.request.NettyRequestSender - Using open Channel [id: 0xbbf544b0, L:/127.0.0.1:58760 - R:localhost/127.0.0.1:30041] for POST '/session/0f11849449e7199fbffb0d87725636c6/execute/sync'
14:24:05.525 [AsyncHttpClient-1-5] DEBUG org.asynchttpclient.netty.handler.HttpHandler - 

Request DefaultHttpRequest(decodeResult: success, version: HTTP/1.1)
POST /session/0f11849449e7199fbffb0d87725636c6/execute/sync HTTP/1.1
User-Agent: selenium/4.8.1 (java windows)
Content-Length: 176
Content-Type: application/json; charset=utf-8
host: localhost:30041
accept: */*

Response DefaultHttpResponse(decodeResult: success, version: HTTP/1.1)
HTTP/1.1 200 OK
Content-Length: 6206
Content-Type: application/json; charset=utf-8
cache-control: no-cache

14:24:05.526 [AsyncHttpClient-1-5] DEBUG org.asynchttpclient.netty.channel.ChannelManager - Adding key: http://localhost:30041 for channel [id: 0xbbf544b0, L:/127.0.0.1:58760 - R:localhost/127.0.0.1:30041]
14:24:05.531 [Forwarding getCurrentUrl on session 0f11849449e7199fbffb0d87725636c6 to remote] DEBUG org.asynchttpclient.netty.request.NettyRequestSender - Using pooled Channel '[id: 0xbbf544b0, L:/127.0.0.1:58760 - R:localhost/127.0.0.1:30041]' for 'GET' to 'http://localhost:30041/session/0f11849449e7199fbffb0d87725636c6/url'
14:24:05.531 [Forwarding getCurrentUrl on session 0f11849449e7199fbffb0d87725636c6 to remote] DEBUG org.asynchttpclient.netty.request.NettyRequestSender - Using open Channel [id: 0xbbf544b0, L:/127.0.0.1:58760 - R:localhost/127.0.0.1:30041] for GET '/session/0f11849449e7199fbffb0d87725636c6/url'
14:24:05.539 [AsyncHttpClient-1-5] DEBUG org.asynchttpclient.netty.handler.HttpHandler - 

Request DefaultFullHttpRequest(decodeResult: success, version: HTTP/1.1, content: EmptyByteBufBE)
GET /session/0f11849449e7199fbffb0d87725636c6/url HTTP/1.1
User-Agent: selenium/4.8.1 (java windows)
Cache-Control: no-cache
Content-Type: application/json; charset=utf-8
host: localhost:30041
accept: */*

Response DefaultHttpResponse(decodeResult: success, version: HTTP/1.1)
HTTP/1.1 200 OK
Content-Length: 54
Content-Type: application/json; charset=utf-8
cache-control: no-cache

14:24:05.540 [AsyncHttpClient-1-5] DEBUG org.asynchttpclient.netty.channel.ChannelManager - Adding key: http://localhost:30041 for channel [id: 0xbbf544b0, L:/127.0.0.1:58760 - R:localhost/127.0.0.1:30041]
14:24:05.544 [main] DEBUG net.thucydides.core.steps.StepInterceptor - STARTING STEP: Afrexim_ForgotPassword_Steps.click_the_forgot_password_link - Click_the_Forgot_Password_link
14:24:05.550 [Forwarding findElement on session 0f11849449e7199fbffb0d87725636c6 to remote] DEBUG org.asynchttpclient.netty.request.NettyRequestSender - Using pooled Channel '[id: 0xbbf544b0, L:/127.0.0.1:58760 - R:localhost/127.0.0.1:30041]' for 'POST' to 'http://localhost:30041/session/0f11849449e7199fbffb0d87725636c6/element'
14:24:05.551 [Forwarding findElement on session 0f11849449e7199fbffb0d87725636c6 to remote] DEBUG org.asynchttpclient.netty.request.NettyRequestSender - Using open Channel [id: 0xbbf544b0, L:/127.0.0.1:58760 - R:localhost/127.0.0.1:30041] for POST '/session/0f11849449e7199fbffb0d87725636c6/element'
14:24:05.574 [AsyncHttpClient-1-5] DEBUG org.asynchttpclient.netty.handler.HttpHandler - 

Request DefaultHttpRequest(decodeResult: success, version: HTTP/1.1)
POST /session/0f11849449e7199fbffb0d87725636c6/element HTTP/1.1
User-Agent: selenium/4.8.1 (java windows)
Content-Length: 76
Content-Type: application/json; charset=utf-8
host: localhost:30041
accept: */*

Response DefaultHttpResponse(decodeResult: success, version: HTTP/1.1)
HTTP/1.1 200 OK
Content-Length: 95
Content-Type: application/json; charset=utf-8
cache-control: no-cache

14:24:05.576 [AsyncHttpClient-1-5] DEBUG org.asynchttpclient.netty.channel.ChannelManager - Adding key: http://localhost:30041 for channel [id: 0xbbf544b0, L:/127.0.0.1:58760 - R:localhost/127.0.0.1:30041]
14:24:05.578 [Forwarding getElementTagName on session 0f11849449e7199fbffb0d87725636c6 to remote] DEBUG org.asynchttpclient.netty.request.NettyRequestSender - Using pooled Channel '[id: 0xbbf544b0, L:/127.0.0.1:58760 - R:localhost/127.0.0.1:30041]' for 'GET' to 'http://localhost:30041/session/0f11849449e7199fbffb0d87725636c6/element/38EFA70C79D20D25E435D2965039FB19_element_61/name'
14:24:05.578 [Forwarding getElementTagName on session 0f11849449e7199fbffb0d87725636c6 to remote] DEBUG org.asynchttpclient.netty.request.NettyRequestSender - Using open Channel [id: 0xbbf544b0, L:/127.0.0.1:58760 - R:localhost/127.0.0.1:30041] for GET '/session/0f11849449e7199fbffb0d87725636c6/element/38EFA70C79D20D25E435D2965039FB19_element_61/name'
14:24:05.588 [AsyncHttpClient-1-5] DEBUG org.asynchttpclient.netty.handler.HttpHandler - 

Request DefaultFullHttpRequest(decodeResult: success, version: HTTP/1.1, content: EmptyByteBufBE)
GET /session/0f11849449e7199fbffb0d87725636c6/element/38EFA70C79D20D25E435D2965039FB19_element_61/name HTTP/1.1
User-Agent: selenium/4.8.1 (java windows)
Cache-Control: no-cache
Content-Type: application/json; charset=utf-8
host: localhost:30041
accept: */*

Response DefaultHttpResponse(decodeResult: success, version: HTTP/1.1)
HTTP/1.1 200 OK
Content-Length: 13
Content-Type: application/json; charset=utf-8
cache-control: no-cache

14:24:05.588 [AsyncHttpClient-1-5] DEBUG org.asynchttpclient.netty.channel.ChannelManager - Adding key: http://localhost:30041 for channel [id: 0xbbf544b0, L:/127.0.0.1:58760 - R:localhost/127.0.0.1:30041]
14:24:05.593 [Forwarding getElementTagName on session 0f11849449e7199fbffb0d87725636c6 to remote] DEBUG org.asynchttpclient.netty.request.NettyRequestSender - Using pooled Channel '[id: 0xbbf544b0, L:/127.0.0.1:58760 - R:localhost/127.0.0.1:30041]' for 'GET' to 'http://localhost:30041/session/0f11849449e7199fbffb0d87725636c6/element/38EFA70C79D20D25E435D2965039FB19_element_61/name'
14:24:05.593 [Forwarding getElementTagName on session 0f11849449e7199fbffb0d87725636c6 to remote] DEBUG org.asynchttpclient.netty.request.NettyRequestSender - Using open Channel [id: 0xbbf544b0, L:/127.0.0.1:58760 - R:localhost/127.0.0.1:30041] for GET '/session/0f11849449e7199fbffb0d87725636c6/element/38EFA70C79D20D25E435D2965039FB19_element_61/name'
14:24:05.606 [AsyncHttpClient-1-5] DEBUG org.asynchttpclient.netty.handler.HttpHandler - 

Request DefaultFullHttpRequest(decodeResult: success, version: HTTP/1.1, content: EmptyByteBufBE)
GET /session/0f11849449e7199fbffb0d87725636c6/element/38EFA70C79D20D25E435D2965039FB19_element_61/name HTTP/1.1
User-Agent: selenium/4.8.1 (java windows)
Cache-Control: no-cache
Content-Type: application/json; charset=utf-8
host: localhost:30041
accept: */*

Response DefaultHttpResponse(decodeResult: success, version: HTTP/1.1)
HTTP/1.1 200 OK
Content-Length: 13
Content-Type: application/json; charset=utf-8
cache-control: no-cache

14:24:05.606 [AsyncHttpClient-1-5] DEBUG org.asynchttpclient.netty.channel.ChannelManager - Adding key: http://localhost:30041 for channel [id: 0xbbf544b0, L:/127.0.0.1:58760 - R:localhost/127.0.0.1:30041]
14:24:05.612 [Forwarding findElement on session 0f11849449e7199fbffb0d87725636c6 to remote] DEBUG org.asynchttpclient.netty.request.NettyRequestSender - Using pooled Channel '[id: 0xbbf544b0, L:/127.0.0.1:58760 - R:localhost/127.0.0.1:30041]' for 'POST' to 'http://localhost:30041/session/0f11849449e7199fbffb0d87725636c6/element'
14:24:05.612 [Forwarding findElement on session 0f11849449e7199fbffb0d87725636c6 to remote] DEBUG org.asynchttpclient.netty.request.NettyRequestSender - Using open Channel [id: 0xbbf544b0, L:/127.0.0.1:58760 - R:localhost/127.0.0.1:30041] for POST '/session/0f11849449e7199fbffb0d87725636c6/element'
14:24:05.631 [AsyncHttpClient-1-5] DEBUG org.asynchttpclient.netty.handler.HttpHandler - 

Request DefaultHttpRequest(decodeResult: success, version: HTTP/1.1)
POST /session/0f11849449e7199fbffb0d87725636c6/element HTTP/1.1
User-Agent: selenium/4.8.1 (java windows)
Content-Length: 76
Content-Type: application/json; charset=utf-8
host: localhost:30041
accept: */*

Response DefaultHttpResponse(decodeResult: success, version: HTTP/1.1)
HTTP/1.1 200 OK
Content-Length: 95
Content-Type: application/json; charset=utf-8
cache-control: no-cache

14:24:05.631 [AsyncHttpClient-1-5] DEBUG org.asynchttpclient.netty.channel.ChannelManager - Adding key: http://localhost:30041 for channel [id: 0xbbf544b0, L:/127.0.0.1:58760 - R:localhost/127.0.0.1:30041]
14:24:05.633 [Forwarding clickElement on session 0f11849449e7199fbffb0d87725636c6 to remote] DEBUG org.asynchttpclient.netty.request.NettyRequestSender - Using pooled Channel '[id: 0xbbf544b0, L:/127.0.0.1:58760 - R:localhost/127.0.0.1:30041]' for 'POST' to 'http://localhost:30041/session/0f11849449e7199fbffb0d87725636c6/element/38EFA70C79D20D25E435D2965039FB19_element_61/click'
14:24:05.634 [Forwarding clickElement on session 0f11849449e7199fbffb0d87725636c6 to remote] DEBUG org.asynchttpclient.netty.request.NettyRequestSender - Using open Channel [id: 0xbbf544b0, L:/127.0.0.1:58760 - R:localhost/127.0.0.1:30041] for POST '/session/0f11849449e7199fbffb0d87725636c6/element/38EFA70C79D20D25E435D2965039FB19_element_61/click'
14:24:05.835 [AsyncHttpClient-1-5] DEBUG org.asynchttpclient.netty.handler.HttpHandler - 

Request DefaultHttpRequest(decodeResult: success, version: HTTP/1.1)
POST /session/0f11849449e7199fbffb0d87725636c6/element/38EFA70C79D20D25E435D2965039FB19_element_61/click HTTP/1.1
User-Agent: selenium/4.8.1 (java windows)
Content-Length: 57
Content-Type: application/json; charset=utf-8
host: localhost:30041
accept: */*

Response DefaultHttpResponse(decodeResult: success, version: HTTP/1.1)
HTTP/1.1 200 OK
Content-Length: 14
Content-Type: application/json; charset=utf-8
cache-control: no-cache

14:24:05.836 [AsyncHttpClient-1-5] DEBUG org.asynchttpclient.netty.channel.ChannelManager - Adding key: http://localhost:30041 for channel [id: 0xbbf544b0, L:/127.0.0.1:58760 - R:localhost/127.0.0.1:30041]
14:24:05.860 [Forwarding getAlertText on session 0f11849449e7199fbffb0d87725636c6 to remote] DEBUG org.asynchttpclient.netty.request.NettyRequestSender - Using pooled Channel '[id: 0xbbf544b0, L:/127.0.0.1:58760 - R:localhost/127.0.0.1:30041]' for 'GET' to 'http://localhost:30041/session/0f11849449e7199fbffb0d87725636c6/alert/text'
14:24:05.862 [Forwarding getAlertText on session 0f11849449e7199fbffb0d87725636c6 to remote] DEBUG org.asynchttpclient.netty.request.NettyRequestSender - Using open Channel [id: 0xbbf544b0, L:/127.0.0.1:58760 - R:localhost/127.0.0.1:30041] for GET '/session/0f11849449e7199fbffb0d87725636c6/alert/text'
14:24:05.869 [AsyncHttpClient-1-5] DEBUG org.asynchttpclient.netty.handler.HttpHandler - 

Request DefaultFullHttpRequest(decodeResult: success, version: HTTP/1.1, content: EmptyByteBufBE)
GET /session/0f11849449e7199fbffb0d87725636c6/alert/text HTTP/1.1
User-Agent: selenium/4.8.1 (java windows)
Cache-Control: no-cache
Content-Type: application/json; charset=utf-8
host: localhost:30041
accept: */*

Response DefaultHttpResponse(decodeResult: success, version: HTTP/1.1)
HTTP/1.1 404 Not Found
Content-Length: 821
Content-Type: application/json; charset=utf-8
cache-control: no-cache

14:24:05.870 [AsyncHttpClient-1-5] DEBUG org.asynchttpclient.netty.channel.ChannelManager - Adding key: http://localhost:30041 for channel [id: 0xbbf544b0, L:/127.0.0.1:58760 - R:localhost/127.0.0.1:30041]
14:24:05.878 [Forwarding getCurrentUrl on session 0f11849449e7199fbffb0d87725636c6 to remote] DEBUG org.asynchttpclient.netty.request.NettyRequestSender - Using pooled Channel '[id: 0xbbf544b0, L:/127.0.0.1:58760 - R:localhost/127.0.0.1:30041]' for 'GET' to 'http://localhost:30041/session/0f11849449e7199fbffb0d87725636c6/url'
14:24:05.878 [Forwarding getCurrentUrl on session 0f11849449e7199fbffb0d87725636c6 to remote] DEBUG org.asynchttpclient.netty.request.NettyRequestSender - Using open Channel [id: 0xbbf544b0, L:/127.0.0.1:58760 - R:localhost/127.0.0.1:30041] for GET '/session/0f11849449e7199fbffb0d87725636c6/url'
14:24:05.891 [AsyncHttpClient-1-5] DEBUG org.asynchttpclient.netty.handler.HttpHandler - 

Request DefaultFullHttpRequest(decodeResult: success, version: HTTP/1.1, content: EmptyByteBufBE)
GET /session/0f11849449e7199fbffb0d87725636c6/url HTTP/1.1
User-Agent: selenium/4.8.1 (java windows)
Cache-Control: no-cache
Content-Type: application/json; charset=utf-8
host: localhost:30041
accept: */*

Response DefaultHttpResponse(decodeResult: success, version: HTTP/1.1)
HTTP/1.1 200 OK
Content-Length: 69
Content-Type: application/json; charset=utf-8
cache-control: no-cache

14:24:05.892 [AsyncHttpClient-1-5] DEBUG org.asynchttpclient.netty.channel.ChannelManager - Adding key: http://localhost:30041 for channel [id: 0xbbf544b0, L:/127.0.0.1:58760 - R:localhost/127.0.0.1:30041]
14:24:05.894 [Forwarding screenshot on session 0f11849449e7199fbffb0d87725636c6 to remote] DEBUG org.asynchttpclient.netty.request.NettyRequestSender - Using pooled Channel '[id: 0xbbf544b0, L:/127.0.0.1:58760 - R:localhost/127.0.0.1:30041]' for 'GET' to 'http://localhost:30041/session/0f11849449e7199fbffb0d87725636c6/screenshot'
14:24:05.895 [Forwarding screenshot on session 0f11849449e7199fbffb0d87725636c6 to remote] DEBUG org.asynchttpclient.netty.request.NettyRequestSender - Using open Channel [id: 0xbbf544b0, L:/127.0.0.1:58760 - R:localhost/127.0.0.1:30041] for GET '/session/0f11849449e7199fbffb0d87725636c6/screenshot'
14:24:06.090 [AsyncHttpClient-1-1] DEBUG org.asynchttpclient.netty.channel.DefaultChannelPool - Entry count for : http://localhost:58761 : 1
14:24:06.191 [AsyncHttpClient-1-5] DEBUG org.asynchttpclient.netty.handler.HttpHandler - 

Request DefaultFullHttpRequest(decodeResult: success, version: HTTP/1.1, content: EmptyByteBufBE)
GET /session/0f11849449e7199fbffb0d87725636c6/screenshot HTTP/1.1
User-Agent: selenium/4.8.1 (java windows)
Cache-Control: no-cache
Content-Type: application/json; charset=utf-8
host: localhost:30041
accept: */*

Response DefaultHttpResponse(decodeResult: success, version: HTTP/1.1)
HTTP/1.1 200 OK
Content-Length: 44828
Content-Type: application/json; charset=utf-8
cache-control: no-cache

14:24:06.192 [AsyncHttpClient-1-5] DEBUG org.asynchttpclient.netty.channel.ChannelManager - Adding key: http://localhost:30041 for channel [id: 0xbbf544b0, L:/127.0.0.1:58760 - R:localhost/127.0.0.1:30041]
14:24:06.200 [main] DEBUG net.serenitybdd.core.photography.Darkroom - Send negative for processing for target\site\serenity\a80a53598cf6b0318830f38780044bd5635cd34ede590d2f97a183a719421760.png
14:24:06.201 [main] DEBUG net.thucydides.core.steps.StepInterceptor - STEP DONE: Click_the_Forgot_Password_link
14:24:06.240 [Forwarding getPageSource on session 0f11849449e7199fbffb0d87725636c6 to remote] DEBUG org.asynchttpclient.netty.request.NettyRequestSender - Using pooled Channel '[id: 0xbbf544b0, L:/127.0.0.1:58760 - R:localhost/127.0.0.1:30041]' for 'POST' to 'http://localhost:30041/session/0f11849449e7199fbffb0d87725636c6/execute/sync'
14:24:06.240 [Forwarding getPageSource on session 0f11849449e7199fbffb0d87725636c6 to remote] DEBUG org.asynchttpclient.netty.request.NettyRequestSender - Using open Channel [id: 0xbbf544b0, L:/127.0.0.1:58760 - R:localhost/127.0.0.1:30041] for POST '/session/0f11849449e7199fbffb0d87725636c6/execute/sync'
14:24:06.265 [AsyncHttpClient-1-5] DEBUG org.asynchttpclient.netty.handler.HttpHandler - 

Request DefaultHttpRequest(decodeResult: success, version: HTTP/1.1)
POST /session/0f11849449e7199fbffb0d87725636c6/execute/sync HTTP/1.1
User-Agent: selenium/4.8.1 (java windows)
Content-Length: 176
Content-Type: application/json; charset=utf-8
host: localhost:30041
accept: */*

Response DefaultHttpResponse(decodeResult: success, version: HTTP/1.1)
HTTP/1.1 200 OK
Content-Length: 5605
Content-Type: application/json; charset=utf-8
cache-control: no-cache

14:24:06.267 [AsyncHttpClient-1-5] DEBUG org.asynchttpclient.netty.channel.ChannelManager - Adding key: http://localhost:30041 for channel [id: 0xbbf544b0, L:/127.0.0.1:58760 - R:localhost/127.0.0.1:30041]
14:24:06.274 [Forwarding getCurrentUrl on session 0f11849449e7199fbffb0d87725636c6 to remote] DEBUG org.asynchttpclient.netty.request.NettyRequestSender - Using pooled Channel '[id: 0xbbf544b0, L:/127.0.0.1:58760 - R:localhost/127.0.0.1:30041]' for 'GET' to 'http://localhost:30041/session/0f11849449e7199fbffb0d87725636c6/url'
14:24:06.274 [Forwarding getCurrentUrl on session 0f11849449e7199fbffb0d87725636c6 to remote] DEBUG org.asynchttpclient.netty.request.NettyRequestSender - Using open Channel [id: 0xbbf544b0, L:/127.0.0.1:58760 - R:localhost/127.0.0.1:30041] for GET '/session/0f11849449e7199fbffb0d87725636c6/url'
14:24:06.295 [AsyncHttpClient-1-5] DEBUG org.asynchttpclient.netty.handler.HttpHandler - 

Request DefaultFullHttpRequest(decodeResult: success, version: HTTP/1.1, content: EmptyByteBufBE)
GET /session/0f11849449e7199fbffb0d87725636c6/url HTTP/1.1
User-Agent: selenium/4.8.1 (java windows)
Cache-Control: no-cache
Content-Type: application/json; charset=utf-8
host: localhost:30041
accept: */*

Response DefaultHttpResponse(decodeResult: success, version: HTTP/1.1)
HTTP/1.1 200 OK
Content-Length: 69
Content-Type: application/json; charset=utf-8
cache-control: no-cache

14:24:06.295 [AsyncHttpClient-1-5] DEBUG org.asynchttpclient.netty.channel.ChannelManager - Adding key: http://localhost:30041 for channel [id: 0xbbf544b0, L:/127.0.0.1:58760 - R:localhost/127.0.0.1:30041]
14:24:06.324 [Forwarding getAlertText on session 0f11849449e7199fbffb0d87725636c6 to remote] DEBUG org.asynchttpclient.netty.request.NettyRequestSender - Using pooled Channel '[id: 0xbbf544b0, L:/127.0.0.1:58760 - R:localhost/127.0.0.1:30041]' for 'GET' to 'http://localhost:30041/session/0f11849449e7199fbffb0d87725636c6/alert/text'
14:24:06.324 [Forwarding getAlertText on session 0f11849449e7199fbffb0d87725636c6 to remote] DEBUG org.asynchttpclient.netty.request.NettyRequestSender - Using open Channel [id: 0xbbf544b0, L:/127.0.0.1:58760 - R:localhost/127.0.0.1:30041] for GET '/session/0f11849449e7199fbffb0d87725636c6/alert/text'
14:24:06.331 [AsyncHttpClient-1-5] DEBUG org.asynchttpclient.netty.handler.HttpHandler - 

Request DefaultFullHttpRequest(decodeResult: success, version: HTTP/1.1, content: EmptyByteBufBE)
GET /session/0f11849449e7199fbffb0d87725636c6/alert/text HTTP/1.1
User-Agent: selenium/4.8.1 (java windows)
Cache-Control: no-cache
Content-Type: application/json; charset=utf-8
host: localhost:30041
accept: */*

Response DefaultHttpResponse(decodeResult: success, version: HTTP/1.1)
HTTP/1.1 404 Not Found
Content-Length: 821
Content-Type: application/json; charset=utf-8
cache-control: no-cache

14:24:06.332 [AsyncHttpClient-1-5] DEBUG org.asynchttpclient.netty.channel.ChannelManager - Adding key: http://localhost:30041 for channel [id: 0xbbf544b0, L:/127.0.0.1:58760 - R:localhost/127.0.0.1:30041]
14:24:06.338 [Forwarding getCurrentUrl on session 0f11849449e7199fbffb0d87725636c6 to remote] DEBUG org.asynchttpclient.netty.request.NettyRequestSender - Using pooled Channel '[id: 0xbbf544b0, L:/127.0.0.1:58760 - R:localhost/127.0.0.1:30041]' for 'GET' to 'http://localhost:30041/session/0f11849449e7199fbffb0d87725636c6/url'
14:24:06.339 [Forwarding getCurrentUrl on session 0f11849449e7199fbffb0d87725636c6 to remote] DEBUG org.asynchttpclient.netty.request.NettyRequestSender - Using open Channel [id: 0xbbf544b0, L:/127.0.0.1:58760 - R:localhost/127.0.0.1:30041] for GET '/session/0f11849449e7199fbffb0d87725636c6/url'
14:24:06.353 [AsyncHttpClient-1-5] DEBUG org.asynchttpclient.netty.handler.HttpHandler - 

Request DefaultFullHttpRequest(decodeResult: success, version: HTTP/1.1, content: EmptyByteBufBE)
GET /session/0f11849449e7199fbffb0d87725636c6/url HTTP/1.1
User-Agent: selenium/4.8.1 (java windows)
Cache-Control: no-cache
Content-Type: application/json; charset=utf-8
host: localhost:30041
accept: */*

Response DefaultHttpResponse(decodeResult: success, version: HTTP/1.1)
HTTP/1.1 200 OK
Content-Length: 69
Content-Type: application/json; charset=utf-8
cache-control: no-cache

14:24:06.354 [AsyncHttpClient-1-5] DEBUG org.asynchttpclient.netty.channel.ChannelManager - Adding key: http://localhost:30041 for channel [id: 0xbbf544b0, L:/127.0.0.1:58760 - R:localhost/127.0.0.1:30041]
14:24:06.355 [Forwarding screenshot on session 0f11849449e7199fbffb0d87725636c6 to remote] DEBUG org.asynchttpclient.netty.request.NettyRequestSender - Using pooled Channel '[id: 0xbbf544b0, L:/127.0.0.1:58760 - R:localhost/127.0.0.1:30041]' for 'GET' to 'http://localhost:30041/session/0f11849449e7199fbffb0d87725636c6/screenshot'
14:24:06.355 [Forwarding screenshot on session 0f11849449e7199fbffb0d87725636c6 to remote] DEBUG org.asynchttpclient.netty.request.NettyRequestSender - Using open Channel [id: 0xbbf544b0, L:/127.0.0.1:58760 - R:localhost/127.0.0.1:30041] for GET '/session/0f11849449e7199fbffb0d87725636c6/screenshot'
14:24:06.613 [AsyncHttpClient-1-5] DEBUG org.asynchttpclient.netty.handler.HttpHandler - 

Request DefaultFullHttpRequest(decodeResult: success, version: HTTP/1.1, content: EmptyByteBufBE)
GET /session/0f11849449e7199fbffb0d87725636c6/screenshot HTTP/1.1
User-Agent: selenium/4.8.1 (java windows)
Cache-Control: no-cache
Content-Type: application/json; charset=utf-8
host: localhost:30041
accept: */*

Response DefaultHttpResponse(decodeResult: success, version: HTTP/1.1)
HTTP/1.1 200 OK
Content-Length: 44828
Content-Type: application/json; charset=utf-8
cache-control: no-cache

14:24:06.614 [AsyncHttpClient-1-5] DEBUG org.asynchttpclient.netty.channel.ChannelManager - Adding key: http://localhost:30041 for channel [id: 0xbbf544b0, L:/127.0.0.1:58760 - R:localhost/127.0.0.1:30041]
14:24:06.619 [main] DEBUG net.serenitybdd.core.photography.Darkroom - Send negative for processing for target\site\serenity\a80a53598cf6b0318830f38780044bd5635cd34ede590d2f97a183a719421760.png
14:24:06.623 [Forwarding getPageSource on session 0f11849449e7199fbffb0d87725636c6 to remote] DEBUG org.asynchttpclient.netty.request.NettyRequestSender - Using pooled Channel '[id: 0xbbf544b0, L:/127.0.0.1:58760 - R:localhost/127.0.0.1:30041]' for 'POST' to 'http://localhost:30041/session/0f11849449e7199fbffb0d87725636c6/execute/sync'
14:24:06.623 [Forwarding getPageSource on session 0f11849449e7199fbffb0d87725636c6 to remote] DEBUG org.asynchttpclient.netty.request.NettyRequestSender - Using open Channel [id: 0xbbf544b0, L:/127.0.0.1:58760 - R:localhost/127.0.0.1:30041] for POST '/session/0f11849449e7199fbffb0d87725636c6/execute/sync'
14:24:06.637 [AsyncHttpClient-1-5] DEBUG org.asynchttpclient.netty.handler.HttpHandler - 

Request DefaultHttpRequest(decodeResult: success, version: HTTP/1.1)
POST /session/0f11849449e7199fbffb0d87725636c6/execute/sync HTTP/1.1
User-Agent: selenium/4.8.1 (java windows)
Content-Length: 176
Content-Type: application/json; charset=utf-8
host: localhost:30041
accept: */*

Response DefaultHttpResponse(decodeResult: success, version: HTTP/1.1)
HTTP/1.1 200 OK
Content-Length: 5605
Content-Type: application/json; charset=utf-8
cache-control: no-cache

14:24:06.637 [AsyncHttpClient-1-5] DEBUG org.asynchttpclient.netty.channel.ChannelManager - Adding key: http://localhost:30041 for channel [id: 0xbbf544b0, L:/127.0.0.1:58760 - R:localhost/127.0.0.1:30041]
14:24:06.640 [Forwarding getCurrentUrl on session 0f11849449e7199fbffb0d87725636c6 to remote] DEBUG org.asynchttpclient.netty.request.NettyRequestSender - Using pooled Channel '[id: 0xbbf544b0, L:/127.0.0.1:58760 - R:localhost/127.0.0.1:30041]' for 'GET' to 'http://localhost:30041/session/0f11849449e7199fbffb0d87725636c6/url'
14:24:06.641 [Forwarding getCurrentUrl on session 0f11849449e7199fbffb0d87725636c6 to remote] DEBUG org.asynchttpclient.netty.request.NettyRequestSender - Using open Channel [id: 0xbbf544b0, L:/127.0.0.1:58760 - R:localhost/127.0.0.1:30041] for GET '/session/0f11849449e7199fbffb0d87725636c6/url'
14:24:06.649 [AsyncHttpClient-1-5] DEBUG org.asynchttpclient.netty.handler.HttpHandler - 

Request DefaultFullHttpRequest(decodeResult: success, version: HTTP/1.1, content: EmptyByteBufBE)
GET /session/0f11849449e7199fbffb0d87725636c6/url HTTP/1.1
User-Agent: selenium/4.8.1 (java windows)
Cache-Control: no-cache
Content-Type: application/json; charset=utf-8
host: localhost:30041
accept: */*

Response DefaultHttpResponse(decodeResult: success, version: HTTP/1.1)
HTTP/1.1 200 OK
Content-Length: 69
Content-Type: application/json; charset=utf-8
cache-control: no-cache

14:24:06.649 [AsyncHttpClient-1-5] DEBUG org.asynchttpclient.netty.channel.ChannelManager - Adding key: http://localhost:30041 for channel [id: 0xbbf544b0, L:/127.0.0.1:58760 - R:localhost/127.0.0.1:30041]
14:24:06.655 [main] DEBUG net.thucydides.core.steps.StepInterceptor - STARTING STEP: Afrexim_ForgotPassword_Steps.validate_the_reset_password_pop_up_page - Validate_the_Reset_Password_popup_page
14:24:06.659 [Forwarding findElement on session 0f11849449e7199fbffb0d87725636c6 to remote] DEBUG org.asynchttpclient.netty.request.NettyRequestSender - Using pooled Channel '[id: 0xbbf544b0, L:/127.0.0.1:58760 - R:localhost/127.0.0.1:30041]' for 'POST' to 'http://localhost:30041/session/0f11849449e7199fbffb0d87725636c6/element'
14:24:06.660 [Forwarding findElement on session 0f11849449e7199fbffb0d87725636c6 to remote] DEBUG org.asynchttpclient.netty.request.NettyRequestSender - Using open Channel [id: 0xbbf544b0, L:/127.0.0.1:58760 - R:localhost/127.0.0.1:30041] for POST '/session/0f11849449e7199fbffb0d87725636c6/element'
14:24:06.683 [AsyncHttpClient-1-5] DEBUG org.asynchttpclient.netty.handler.HttpHandler - 

Request DefaultHttpRequest(decodeResult: success, version: HTTP/1.1)
POST /session/0f11849449e7199fbffb0d87725636c6/element HTTP/1.1
User-Agent: selenium/4.8.1 (java windows)
Content-Length: 76
Content-Type: application/json; charset=utf-8
host: localhost:30041
accept: */*

Response DefaultHttpResponse(decodeResult: success, version: HTTP/1.1)
HTTP/1.1 200 OK
Content-Length: 95
Content-Type: application/json; charset=utf-8
cache-control: no-cache

14:24:06.683 [AsyncHttpClient-1-5] DEBUG org.asynchttpclient.netty.channel.ChannelManager - Adding key: http://localhost:30041 for channel [id: 0xbbf544b0, L:/127.0.0.1:58760 - R:localhost/127.0.0.1:30041]
14:24:06.695 [Forwarding isElementDisplayed on session 0f11849449e7199fbffb0d87725636c6 to remote] DEBUG org.asynchttpclient.netty.request.NettyRequestSender - Using pooled Channel '[id: 0xbbf544b0, L:/127.0.0.1:58760 - R:localhost/127.0.0.1:30041]' for 'POST' to 'http://localhost:30041/session/0f11849449e7199fbffb0d87725636c6/execute/sync'
14:24:06.695 [Forwarding isElementDisplayed on session 0f11849449e7199fbffb0d87725636c6 to remote] DEBUG org.asynchttpclient.netty.request.NettyRequestSender - Using open Channel [id: 0xbbf544b0, L:/127.0.0.1:58760 - R:localhost/127.0.0.1:30041] for POST '/session/0f11849449e7199fbffb0d87725636c6/execute/sync'
14:24:06.727 [AsyncHttpClient-1-5] DEBUG org.asynchttpclient.netty.handler.HttpHandler - 

Request DefaultHttpRequest(decodeResult: success, version: HTTP/1.1)
POST /session/0f11849449e7199fbffb0d87725636c6/execute/sync HTTP/1.1
User-Agent: selenium/4.8.1 (java windows)
Content-Length: 48814
Content-Type: application/json; charset=utf-8
host: localhost:30041
accept: */*

Response DefaultHttpResponse(decodeResult: success, version: HTTP/1.1)
HTTP/1.1 200 OK
Content-Length: 14
Content-Type: application/json; charset=utf-8
cache-control: no-cache

14:24:06.727 [AsyncHttpClient-1-5] DEBUG org.asynchttpclient.netty.channel.ChannelManager - Adding key: http://localhost:30041 for channel [id: 0xbbf544b0, L:/127.0.0.1:58760 - R:localhost/127.0.0.1:30041]
14:24:06.743 [Forwarding getAlertText on session 0f11849449e7199fbffb0d87725636c6 to remote] DEBUG org.asynchttpclient.netty.request.NettyRequestSender - Using pooled Channel '[id: 0xbbf544b0, L:/127.0.0.1:58760 - R:localhost/127.0.0.1:30041]' for 'GET' to 'http://localhost:30041/session/0f11849449e7199fbffb0d87725636c6/alert/text'
14:24:06.743 [Forwarding getAlertText on session 0f11849449e7199fbffb0d87725636c6 to remote] DEBUG org.asynchttpclient.netty.request.NettyRequestSender - Using open Channel [id: 0xbbf544b0, L:/127.0.0.1:58760 - R:localhost/127.0.0.1:30041] for GET '/session/0f11849449e7199fbffb0d87725636c6/alert/text'
14:24:06.747 [AsyncHttpClient-1-5] DEBUG org.asynchttpclient.netty.handler.HttpHandler - 

Request DefaultFullHttpRequest(decodeResult: success, version: HTTP/1.1, content: EmptyByteBufBE)
GET /session/0f11849449e7199fbffb0d87725636c6/alert/text HTTP/1.1
User-Agent: selenium/4.8.1 (java windows)
Cache-Control: no-cache
Content-Type: application/json; charset=utf-8
host: localhost:30041
accept: */*

Response DefaultHttpResponse(decodeResult: success, version: HTTP/1.1)
HTTP/1.1 404 Not Found
Content-Length: 821
Content-Type: application/json; charset=utf-8
cache-control: no-cache

14:24:06.747 [AsyncHttpClient-1-5] DEBUG org.asynchttpclient.netty.channel.ChannelManager - Adding key: http://localhost:30041 for channel [id: 0xbbf544b0, L:/127.0.0.1:58760 - R:localhost/127.0.0.1:30041]
14:24:06.752 [Forwarding getCurrentUrl on session 0f11849449e7199fbffb0d87725636c6 to remote] DEBUG org.asynchttpclient.netty.request.NettyRequestSender - Using pooled Channel '[id: 0xbbf544b0, L:/127.0.0.1:58760 - R:localhost/127.0.0.1:30041]' for 'GET' to 'http://localhost:30041/session/0f11849449e7199fbffb0d87725636c6/url'
14:24:06.752 [Forwarding getCurrentUrl on session 0f11849449e7199fbffb0d87725636c6 to remote] DEBUG org.asynchttpclient.netty.request.NettyRequestSender - Using open Channel [id: 0xbbf544b0, L:/127.0.0.1:58760 - R:localhost/127.0.0.1:30041] for GET '/session/0f11849449e7199fbffb0d87725636c6/url'
14:24:06.800 [AsyncHttpClient-1-5] DEBUG org.asynchttpclient.netty.handler.HttpHandler - 

Request DefaultFullHttpRequest(decodeResult: success, version: HTTP/1.1, content: EmptyByteBufBE)
GET /session/0f11849449e7199fbffb0d87725636c6/url HTTP/1.1
User-Agent: selenium/4.8.1 (java windows)
Cache-Control: no-cache
Content-Type: application/json; charset=utf-8
host: localhost:30041
accept: */*

Response DefaultHttpResponse(decodeResult: success, version: HTTP/1.1)
HTTP/1.1 200 OK
Content-Length: 69
Content-Type: application/json; charset=utf-8
cache-control: no-cache

14:24:06.800 [AsyncHttpClient-1-5] DEBUG org.asynchttpclient.netty.channel.ChannelManager - Adding key: http://localhost:30041 for channel [id: 0xbbf544b0, L:/127.0.0.1:58760 - R:localhost/127.0.0.1:30041]
14:24:06.800 [Forwarding screenshot on session 0f11849449e7199fbffb0d87725636c6 to remote] DEBUG org.asynchttpclient.netty.request.NettyRequestSender - Using pooled Channel '[id: 0xbbf544b0, L:/127.0.0.1:58760 - R:localhost/127.0.0.1:30041]' for 'GET' to 'http://localhost:30041/session/0f11849449e7199fbffb0d87725636c6/screenshot'
14:24:06.800 [Forwarding screenshot on session 0f11849449e7199fbffb0d87725636c6 to remote] DEBUG org.asynchttpclient.netty.request.NettyRequestSender - Using open Channel [id: 0xbbf544b0, L:/127.0.0.1:58760 - R:localhost/127.0.0.1:30041] for GET '/session/0f11849449e7199fbffb0d87725636c6/screenshot'
14:24:07.083 [AsyncHttpClient-1-5] DEBUG org.asynchttpclient.netty.handler.HttpHandler - 

Request DefaultFullHttpRequest(decodeResult: success, version: HTTP/1.1, content: EmptyByteBufBE)
GET /session/0f11849449e7199fbffb0d87725636c6/screenshot HTTP/1.1
User-Agent: selenium/4.8.1 (java windows)
Cache-Control: no-cache
Content-Type: application/json; charset=utf-8
host: localhost:30041
accept: */*

Response DefaultHttpResponse(decodeResult: success, version: HTTP/1.1)
HTTP/1.1 200 OK
Content-Length: 44828
Content-Type: application/json; charset=utf-8
cache-control: no-cache

14:24:07.083 [AsyncHttpClient-1-5] DEBUG org.asynchttpclient.netty.channel.ChannelManager - Adding key: http://localhost:30041 for channel [id: 0xbbf544b0, L:/127.0.0.1:58760 - R:localhost/127.0.0.1:30041]
14:24:07.094 [main] DEBUG net.serenitybdd.core.photography.Darkroom - Send negative for processing for target\site\serenity\a80a53598cf6b0318830f38780044bd5635cd34ede590d2f97a183a719421760.png
14:24:07.095 [main] DEBUG net.thucydides.core.steps.StepInterceptor - STEP DONE: Validate_the_Reset_Password_popup_page
14:24:07.115 [Forwarding getPageSource on session 0f11849449e7199fbffb0d87725636c6 to remote] DEBUG org.asynchttpclient.netty.request.NettyRequestSender - Using pooled Channel '[id: 0xbbf544b0, L:/127.0.0.1:58760 - R:localhost/127.0.0.1:30041]' for 'POST' to 'http://localhost:30041/session/0f11849449e7199fbffb0d87725636c6/execute/sync'
14:24:07.115 [Forwarding getPageSource on session 0f11849449e7199fbffb0d87725636c6 to remote] DEBUG org.asynchttpclient.netty.request.NettyRequestSender - Using open Channel [id: 0xbbf544b0, L:/127.0.0.1:58760 - R:localhost/127.0.0.1:30041] for POST '/session/0f11849449e7199fbffb0d87725636c6/execute/sync'
14:24:07.168 [AsyncHttpClient-1-5] DEBUG org.asynchttpclient.netty.handler.HttpHandler - 

Request DefaultHttpRequest(decodeResult: success, version: HTTP/1.1)
POST /session/0f11849449e7199fbffb0d87725636c6/execute/sync HTTP/1.1
User-Agent: selenium/4.8.1 (java windows)
Content-Length: 176
Content-Type: application/json; charset=utf-8
host: localhost:30041
accept: */*

Response DefaultHttpResponse(decodeResult: success, version: HTTP/1.1)
HTTP/1.1 200 OK
Content-Length: 5605
Content-Type: application/json; charset=utf-8
cache-control: no-cache

14:24:07.168 [AsyncHttpClient-1-5] DEBUG org.asynchttpclient.netty.channel.ChannelManager - Adding key: http://localhost:30041 for channel [id: 0xbbf544b0, L:/127.0.0.1:58760 - R:localhost/127.0.0.1:30041]
14:24:07.168 [Forwarding getCurrentUrl on session 0f11849449e7199fbffb0d87725636c6 to remote] DEBUG org.asynchttpclient.netty.request.NettyRequestSender - Using pooled Channel '[id: 0xbbf544b0, L:/127.0.0.1:58760 - R:localhost/127.0.0.1:30041]' for 'GET' to 'http://localhost:30041/session/0f11849449e7199fbffb0d87725636c6/url'
14:24:07.168 [Forwarding getCurrentUrl on session 0f11849449e7199fbffb0d87725636c6 to remote] DEBUG org.asynchttpclient.netty.request.NettyRequestSender - Using open Channel [id: 0xbbf544b0, L:/127.0.0.1:58760 - R:localhost/127.0.0.1:30041] for GET '/session/0f11849449e7199fbffb0d87725636c6/url'
14:24:07.189 [AsyncHttpClient-1-1] DEBUG org.asynchttpclient.netty.channel.DefaultChannelPool - Entry count for : http://localhost:58761 : 1
14:24:07.206 [AsyncHttpClient-1-5] DEBUG org.asynchttpclient.netty.handler.HttpHandler - 

Request DefaultFullHttpRequest(decodeResult: success, version: HTTP/1.1, content: EmptyByteBufBE)
GET /session/0f11849449e7199fbffb0d87725636c6/url HTTP/1.1
User-Agent: selenium/4.8.1 (java windows)
Cache-Control: no-cache
Content-Type: application/json; charset=utf-8
host: localhost:30041
accept: */*

Response DefaultHttpResponse(decodeResult: success, version: HTTP/1.1)
HTTP/1.1 200 OK
Content-Length: 69
Content-Type: application/json; charset=utf-8
cache-control: no-cache

14:24:07.206 [AsyncHttpClient-1-5] DEBUG org.asynchttpclient.netty.channel.ChannelManager - Adding key: http://localhost:30041 for channel [id: 0xbbf544b0, L:/127.0.0.1:58760 - R:localhost/127.0.0.1:30041]
14:24:07.232 [Forwarding getAlertText on session 0f11849449e7199fbffb0d87725636c6 to remote] DEBUG org.asynchttpclient.netty.request.NettyRequestSender - Using pooled Channel '[id: 0xbbf544b0, L:/127.0.0.1:58760 - R:localhost/127.0.0.1:30041]' for 'GET' to 'http://localhost:30041/session/0f11849449e7199fbffb0d87725636c6/alert/text'
14:24:07.232 [Forwarding getAlertText on session 0f11849449e7199fbffb0d87725636c6 to remote] DEBUG org.asynchttpclient.netty.request.NettyRequestSender - Using open Channel [id: 0xbbf544b0, L:/127.0.0.1:58760 - R:localhost/127.0.0.1:30041] for GET '/session/0f11849449e7199fbffb0d87725636c6/alert/text'
14:24:07.259 [AsyncHttpClient-1-5] DEBUG org.asynchttpclient.netty.handler.HttpHandler - 

Request DefaultFullHttpRequest(decodeResult: success, version: HTTP/1.1, content: EmptyByteBufBE)
GET /session/0f11849449e7199fbffb0d87725636c6/alert/text HTTP/1.1
User-Agent: selenium/4.8.1 (java windows)
Cache-Control: no-cache
Content-Type: application/json; charset=utf-8
host: localhost:30041
accept: */*

Response DefaultHttpResponse(decodeResult: success, version: HTTP/1.1)
HTTP/1.1 404 Not Found
Content-Length: 821
Content-Type: application/json; charset=utf-8
cache-control: no-cache

14:24:07.259 [AsyncHttpClient-1-5] DEBUG org.asynchttpclient.netty.channel.ChannelManager - Adding key: http://localhost:30041 for channel [id: 0xbbf544b0, L:/127.0.0.1:58760 - R:localhost/127.0.0.1:30041]
14:24:07.264 [Forwarding getCurrentUrl on session 0f11849449e7199fbffb0d87725636c6 to remote] DEBUG org.asynchttpclient.netty.request.NettyRequestSender - Using pooled Channel '[id: 0xbbf544b0, L:/127.0.0.1:58760 - R:localhost/127.0.0.1:30041]' for 'GET' to 'http://localhost:30041/session/0f11849449e7199fbffb0d87725636c6/url'
14:24:07.264 [Forwarding getCurrentUrl on session 0f11849449e7199fbffb0d87725636c6 to remote] DEBUG org.asynchttpclient.netty.request.NettyRequestSender - Using open Channel [id: 0xbbf544b0, L:/127.0.0.1:58760 - R:localhost/127.0.0.1:30041] for GET '/session/0f11849449e7199fbffb0d87725636c6/url'
14:24:07.307 [AsyncHttpClient-1-5] DEBUG org.asynchttpclient.netty.handler.HttpHandler - 

Request DefaultFullHttpRequest(decodeResult: success, version: HTTP/1.1, content: EmptyByteBufBE)
GET /session/0f11849449e7199fbffb0d87725636c6/url HTTP/1.1
User-Agent: selenium/4.8.1 (java windows)
Cache-Control: no-cache
Content-Type: application/json; charset=utf-8
host: localhost:30041
accept: */*

Response DefaultHttpResponse(decodeResult: success, version: HTTP/1.1)
HTTP/1.1 200 OK
Content-Length: 69
Content-Type: application/json; charset=utf-8
cache-control: no-cache

14:24:07.307 [AsyncHttpClient-1-5] DEBUG org.asynchttpclient.netty.channel.ChannelManager - Adding key: http://localhost:30041 for channel [id: 0xbbf544b0, L:/127.0.0.1:58760 - R:localhost/127.0.0.1:30041]
14:24:07.315 [Forwarding screenshot on session 0f11849449e7199fbffb0d87725636c6 to remote] DEBUG org.asynchttpclient.netty.request.NettyRequestSender - Using pooled Channel '[id: 0xbbf544b0, L:/127.0.0.1:58760 - R:localhost/127.0.0.1:30041]' for 'GET' to 'http://localhost:30041/session/0f11849449e7199fbffb0d87725636c6/screenshot'
14:24:07.315 [Forwarding screenshot on session 0f11849449e7199fbffb0d87725636c6 to remote] DEBUG org.asynchttpclient.netty.request.NettyRequestSender - Using open Channel [id: 0xbbf544b0, L:/127.0.0.1:58760 - R:localhost/127.0.0.1:30041] for GET '/session/0f11849449e7199fbffb0d87725636c6/screenshot'
14:24:07.563 [AsyncHttpClient-1-5] DEBUG org.asynchttpclient.netty.handler.HttpHandler - 

Request DefaultFullHttpRequest(decodeResult: success, version: HTTP/1.1, content: EmptyByteBufBE)
GET /session/0f11849449e7199fbffb0d87725636c6/screenshot HTTP/1.1
User-Agent: selenium/4.8.1 (java windows)
Cache-Control: no-cache
Content-Type: application/json; charset=utf-8
host: localhost:30041
accept: */*

Response DefaultHttpResponse(decodeResult: success, version: HTTP/1.1)
HTTP/1.1 200 OK
Content-Length: 44828
Content-Type: application/json; charset=utf-8
cache-control: no-cache

14:24:07.563 [AsyncHttpClient-1-5] DEBUG org.asynchttpclient.netty.channel.ChannelManager - Adding key: http://localhost:30041 for channel [id: 0xbbf544b0, L:/127.0.0.1:58760 - R:localhost/127.0.0.1:30041]
14:24:07.570 [main] DEBUG net.serenitybdd.core.photography.Darkroom - Send negative for processing for target\site\serenity\a80a53598cf6b0318830f38780044bd5635cd34ede590d2f97a183a719421760.png
14:24:07.570 [Forwarding getPageSource on session 0f11849449e7199fbffb0d87725636c6 to remote] DEBUG org.asynchttpclient.netty.request.NettyRequestSender - Using pooled Channel '[id: 0xbbf544b0, L:/127.0.0.1:58760 - R:localhost/127.0.0.1:30041]' for 'POST' to 'http://localhost:30041/session/0f11849449e7199fbffb0d87725636c6/execute/sync'
14:24:07.570 [Forwarding getPageSource on session 0f11849449e7199fbffb0d87725636c6 to remote] DEBUG org.asynchttpclient.netty.request.NettyRequestSender - Using open Channel [id: 0xbbf544b0, L:/127.0.0.1:58760 - R:localhost/127.0.0.1:30041] for POST '/session/0f11849449e7199fbffb0d87725636c6/execute/sync'
14:24:07.585 [AsyncHttpClient-1-5] DEBUG org.asynchttpclient.netty.handler.HttpHandler - 

Request DefaultHttpRequest(decodeResult: success, version: HTTP/1.1)
POST /session/0f11849449e7199fbffb0d87725636c6/execute/sync HTTP/1.1
User-Agent: selenium/4.8.1 (java windows)
Content-Length: 176
Content-Type: application/json; charset=utf-8
host: localhost:30041
accept: */*

Response DefaultHttpResponse(decodeResult: success, version: HTTP/1.1)
HTTP/1.1 200 OK
Content-Length: 5605
Content-Type: application/json; charset=utf-8
cache-control: no-cache

14:24:07.585 [AsyncHttpClient-1-5] DEBUG org.asynchttpclient.netty.channel.ChannelManager - Adding key: http://localhost:30041 for channel [id: 0xbbf544b0, L:/127.0.0.1:58760 - R:localhost/127.0.0.1:30041]
14:24:07.590 [Forwarding getCurrentUrl on session 0f11849449e7199fbffb0d87725636c6 to remote] DEBUG org.asynchttpclient.netty.request.NettyRequestSender - Using pooled Channel '[id: 0xbbf544b0, L:/127.0.0.1:58760 - R:localhost/127.0.0.1:30041]' for 'GET' to 'http://localhost:30041/session/0f11849449e7199fbffb0d87725636c6/url'
14:24:07.590 [Forwarding getCurrentUrl on session 0f11849449e7199fbffb0d87725636c6 to remote] DEBUG org.asynchttpclient.netty.request.NettyRequestSender - Using open Channel [id: 0xbbf544b0, L:/127.0.0.1:58760 - R:localhost/127.0.0.1:30041] for GET '/session/0f11849449e7199fbffb0d87725636c6/url'
14:24:07.601 [AsyncHttpClient-1-5] DEBUG org.asynchttpclient.netty.handler.HttpHandler - 

Request DefaultFullHttpRequest(decodeResult: success, version: HTTP/1.1, content: EmptyByteBufBE)
GET /session/0f11849449e7199fbffb0d87725636c6/url HTTP/1.1
User-Agent: selenium/4.8.1 (java windows)
Cache-Control: no-cache
Content-Type: application/json; charset=utf-8
host: localhost:30041
accept: */*

Response DefaultHttpResponse(decodeResult: success, version: HTTP/1.1)
HTTP/1.1 200 OK
Content-Length: 69
Content-Type: application/json; charset=utf-8
cache-control: no-cache

14:24:07.601 [AsyncHttpClient-1-5] DEBUG org.asynchttpclient.netty.channel.ChannelManager - Adding key: http://localhost:30041 for channel [id: 0xbbf544b0, L:/127.0.0.1:58760 - R:localhost/127.0.0.1:30041]
14:24:07.601 [main] DEBUG net.thucydides.core.steps.StepInterceptor - STARTING STEP: Afrexim_ForgotPassword_Steps.enter_valid_and_invalid_email_credentials - Enter_valid_and_invalid_email_credentials
14:24:07.611 [Forwarding findElement on session 0f11849449e7199fbffb0d87725636c6 to remote] DEBUG org.asynchttpclient.netty.request.NettyRequestSender - Using pooled Channel '[id: 0xbbf544b0, L:/127.0.0.1:58760 - R:localhost/127.0.0.1:30041]' for 'POST' to 'http://localhost:30041/session/0f11849449e7199fbffb0d87725636c6/element'
14:24:07.611 [Forwarding findElement on session 0f11849449e7199fbffb0d87725636c6 to remote] DEBUG org.asynchttpclient.netty.request.NettyRequestSender - Using open Channel [id: 0xbbf544b0, L:/127.0.0.1:58760 - R:localhost/127.0.0.1:30041] for POST '/session/0f11849449e7199fbffb0d87725636c6/element'
14:24:07.633 [AsyncHttpClient-1-5] DEBUG org.asynchttpclient.netty.handler.HttpHandler - 

Request DefaultHttpRequest(decodeResult: success, version: HTTP/1.1)
POST /session/0f11849449e7199fbffb0d87725636c6/element HTTP/1.1
User-Agent: selenium/4.8.1 (java windows)
Content-Length: 80
Content-Type: application/json; charset=utf-8
host: localhost:30041
accept: */*

Response DefaultHttpResponse(decodeResult: success, version: HTTP/1.1)
HTTP/1.1 200 OK
Content-Length: 95
Content-Type: application/json; charset=utf-8
cache-control: no-cache

14:24:07.633 [AsyncHttpClient-1-5] DEBUG org.asynchttpclient.netty.channel.ChannelManager - Adding key: http://localhost:30041 for channel [id: 0xbbf544b0, L:/127.0.0.1:58760 - R:localhost/127.0.0.1:30041]
14:24:07.633 [Forwarding sendKeysToElement on session 0f11849449e7199fbffb0d87725636c6 to remote] DEBUG org.asynchttpclient.netty.request.NettyRequestSender - Using pooled Channel '[id: 0xbbf544b0, L:/127.0.0.1:58760 - R:localhost/127.0.0.1:30041]' for 'POST' to 'http://localhost:30041/session/0f11849449e7199fbffb0d87725636c6/element/38EFA70C79D20D25E435D2965039FB19_element_65/value'
14:24:07.633 [Forwarding sendKeysToElement on session 0f11849449e7199fbffb0d87725636c6 to remote] DEBUG org.asynchttpclient.netty.request.NettyRequestSender - Using open Channel [id: 0xbbf544b0, L:/127.0.0.1:58760 - R:localhost/127.0.0.1:30041] for POST '/session/0f11849449e7199fbffb0d87725636c6/element/38EFA70C79D20D25E435D2965039FB19_element_65/value'
14:24:07.942 [AsyncHttpClient-1-5] DEBUG org.asynchttpclient.netty.handler.HttpHandler - 

Request DefaultHttpRequest(decodeResult: success, version: HTTP/1.1)
POST /session/0f11849449e7199fbffb0d87725636c6/element/38EFA70C79D20D25E435D2965039FB19_element_65/value HTTP/1.1
User-Agent: selenium/4.8.1 (java windows)
Content-Length: 258
Content-Type: application/json; charset=utf-8
host: localhost:30041
accept: */*

Response DefaultHttpResponse(decodeResult: success, version: HTTP/1.1)
HTTP/1.1 200 OK
Content-Length: 14
Content-Type: application/json; charset=utf-8
cache-control: no-cache

14:24:07.942 [AsyncHttpClient-1-5] DEBUG org.asynchttpclient.netty.channel.ChannelManager - Adding key: http://localhost:30041 for channel [id: 0xbbf544b0, L:/127.0.0.1:58760 - R:localhost/127.0.0.1:30041]
14:24:07.958 [Forwarding getAlertText on session 0f11849449e7199fbffb0d87725636c6 to remote] DEBUG org.asynchttpclient.netty.request.NettyRequestSender - Using pooled Channel '[id: 0xbbf544b0, L:/127.0.0.1:58760 - R:localhost/127.0.0.1:30041]' for 'GET' to 'http://localhost:30041/session/0f11849449e7199fbffb0d87725636c6/alert/text'
14:24:07.958 [Forwarding getAlertText on session 0f11849449e7199fbffb0d87725636c6 to remote] DEBUG org.asynchttpclient.netty.request.NettyRequestSender - Using open Channel [id: 0xbbf544b0, L:/127.0.0.1:58760 - R:localhost/127.0.0.1:30041] for GET '/session/0f11849449e7199fbffb0d87725636c6/alert/text'
14:24:07.963 [AsyncHttpClient-1-5] DEBUG org.asynchttpclient.netty.handler.HttpHandler - 

Request DefaultFullHttpRequest(decodeResult: success, version: HTTP/1.1, content: EmptyByteBufBE)
GET /session/0f11849449e7199fbffb0d87725636c6/alert/text HTTP/1.1
User-Agent: selenium/4.8.1 (java windows)
Cache-Control: no-cache
Content-Type: application/json; charset=utf-8
host: localhost:30041
accept: */*

Response DefaultHttpResponse(decodeResult: success, version: HTTP/1.1)
HTTP/1.1 404 Not Found
Content-Length: 821
Content-Type: application/json; charset=utf-8
cache-control: no-cache

14:24:07.963 [AsyncHttpClient-1-5] DEBUG org.asynchttpclient.netty.channel.ChannelManager - Adding key: http://localhost:30041 for channel [id: 0xbbf544b0, L:/127.0.0.1:58760 - R:localhost/127.0.0.1:30041]
14:24:07.971 [Forwarding getCurrentUrl on session 0f11849449e7199fbffb0d87725636c6 to remote] DEBUG org.asynchttpclient.netty.request.NettyRequestSender - Using pooled Channel '[id: 0xbbf544b0, L:/127.0.0.1:58760 - R:localhost/127.0.0.1:30041]' for 'GET' to 'http://localhost:30041/session/0f11849449e7199fbffb0d87725636c6/url'
14:24:07.971 [Forwarding getCurrentUrl on session 0f11849449e7199fbffb0d87725636c6 to remote] DEBUG org.asynchttpclient.netty.request.NettyRequestSender - Using open Channel [id: 0xbbf544b0, L:/127.0.0.1:58760 - R:localhost/127.0.0.1:30041] for GET '/session/0f11849449e7199fbffb0d87725636c6/url'
14:24:08.000 [AsyncHttpClient-1-5] DEBUG org.asynchttpclient.netty.handler.HttpHandler - 

Request DefaultFullHttpRequest(decodeResult: success, version: HTTP/1.1, content: EmptyByteBufBE)
GET /session/0f11849449e7199fbffb0d87725636c6/url HTTP/1.1
User-Agent: selenium/4.8.1 (java windows)
Cache-Control: no-cache
Content-Type: application/json; charset=utf-8
host: localhost:30041
accept: */*

Response DefaultHttpResponse(decodeResult: success, version: HTTP/1.1)
HTTP/1.1 200 OK
Content-Length: 69
Content-Type: application/json; charset=utf-8
cache-control: no-cache

14:24:08.000 [AsyncHttpClient-1-5] DEBUG org.asynchttpclient.netty.channel.ChannelManager - Adding key: http://localhost:30041 for channel [id: 0xbbf544b0, L:/127.0.0.1:58760 - R:localhost/127.0.0.1:30041]
14:24:08.002 [Forwarding screenshot on session 0f11849449e7199fbffb0d87725636c6 to remote] DEBUG org.asynchttpclient.netty.request.NettyRequestSender - Using pooled Channel '[id: 0xbbf544b0, L:/127.0.0.1:58760 - R:localhost/127.0.0.1:30041]' for 'GET' to 'http://localhost:30041/session/0f11849449e7199fbffb0d87725636c6/screenshot'
14:24:08.005 [Forwarding screenshot on session 0f11849449e7199fbffb0d87725636c6 to remote] DEBUG org.asynchttpclient.netty.request.NettyRequestSender - Using open Channel [id: 0xbbf544b0, L:/127.0.0.1:58760 - R:localhost/127.0.0.1:30041] for GET '/session/0f11849449e7199fbffb0d87725636c6/screenshot'
14:24:08.222 [AsyncHttpClient-1-5] DEBUG org.asynchttpclient.netty.handler.HttpHandler - 

Request DefaultFullHttpRequest(decodeResult: success, version: HTTP/1.1, content: EmptyByteBufBE)
GET /session/0f11849449e7199fbffb0d87725636c6/screenshot HTTP/1.1
User-Agent: selenium/4.8.1 (java windows)
Cache-Control: no-cache
Content-Type: application/json; charset=utf-8
host: localhost:30041
accept: */*

Response DefaultHttpResponse(decodeResult: success, version: HTTP/1.1)
HTTP/1.1 200 OK
Content-Length: 47388
Content-Type: application/json; charset=utf-8
cache-control: no-cache

14:24:08.222 [AsyncHttpClient-1-5] DEBUG org.asynchttpclient.netty.channel.ChannelManager - Adding key: http://localhost:30041 for channel [id: 0xbbf544b0, L:/127.0.0.1:58760 - R:localhost/127.0.0.1:30041]
14:24:08.230 [main] DEBUG net.serenitybdd.core.photography.Darkroom - Send negative for processing for target\site\serenity\da6f9ce1b09a0a5ebe68fce26cc88a97164e100b82e36966ad75e64abfb4c5a3.png
14:24:08.230 [main] DEBUG net.thucydides.core.steps.StepInterceptor - STEP DONE: Enter_valid_and_invalid_email_credentials
14:24:08.230 [Darkroom Processing Line] DEBUG net.serenitybdd.core.photography.DarkroomProcessingLine - Processing screenshot image in /var/screenshots/screenshot-2976928298742274038
14:24:08.230 [Darkroom Processing Line] DEBUG net.serenitybdd.core.photography.DarkroomProcessingLine - Saving screenshot to target\site\serenity\da6f9ce1b09a0a5ebe68fce26cc88a97164e100b82e36966ad75e64abfb4c5a3.png
14:24:08.240 [Forwarding getPageSource on session 0f11849449e7199fbffb0d87725636c6 to remote] DEBUG org.asynchttpclient.netty.request.NettyRequestSender - Using pooled Channel '[id: 0xbbf544b0, L:/127.0.0.1:58760 - R:localhost/127.0.0.1:30041]' for 'POST' to 'http://localhost:30041/session/0f11849449e7199fbffb0d87725636c6/execute/sync'
14:24:08.240 [Forwarding getPageSource on session 0f11849449e7199fbffb0d87725636c6 to remote] DEBUG org.asynchttpclient.netty.request.NettyRequestSender - Using open Channel [id: 0xbbf544b0, L:/127.0.0.1:58760 - R:localhost/127.0.0.1:30041] for POST '/session/0f11849449e7199fbffb0d87725636c6/execute/sync'
14:24:08.262 [AsyncHttpClient-1-5] DEBUG org.asynchttpclient.netty.handler.HttpHandler - 

Request DefaultHttpRequest(decodeResult: success, version: HTTP/1.1)
POST /session/0f11849449e7199fbffb0d87725636c6/execute/sync HTTP/1.1
User-Agent: selenium/4.8.1 (java windows)
Content-Length: 176
Content-Type: application/json; charset=utf-8
host: localhost:30041
accept: */*

Response DefaultHttpResponse(decodeResult: success, version: HTTP/1.1)
HTTP/1.1 200 OK
Content-Length: 5622
Content-Type: application/json; charset=utf-8
cache-control: no-cache

14:24:08.262 [AsyncHttpClient-1-5] DEBUG org.asynchttpclient.netty.channel.ChannelManager - Adding key: http://localhost:30041 for channel [id: 0xbbf544b0, L:/127.0.0.1:58760 - R:localhost/127.0.0.1:30041]
14:24:08.266 [Forwarding getCurrentUrl on session 0f11849449e7199fbffb0d87725636c6 to remote] DEBUG org.asynchttpclient.netty.request.NettyRequestSender - Using pooled Channel '[id: 0xbbf544b0, L:/127.0.0.1:58760 - R:localhost/127.0.0.1:30041]' for 'GET' to 'http://localhost:30041/session/0f11849449e7199fbffb0d87725636c6/url'
14:24:08.269 [Forwarding getCurrentUrl on session 0f11849449e7199fbffb0d87725636c6 to remote] DEBUG org.asynchttpclient.netty.request.NettyRequestSender - Using open Channel [id: 0xbbf544b0, L:/127.0.0.1:58760 - R:localhost/127.0.0.1:30041] for GET '/session/0f11849449e7199fbffb0d87725636c6/url'
14:24:08.272 [AsyncHttpClient-1-5] DEBUG org.asynchttpclient.netty.handler.HttpHandler - 

Request DefaultFullHttpRequest(decodeResult: success, version: HTTP/1.1, content: EmptyByteBufBE)
GET /session/0f11849449e7199fbffb0d87725636c6/url HTTP/1.1
User-Agent: selenium/4.8.1 (java windows)
Cache-Control: no-cache
Content-Type: application/json; charset=utf-8
host: localhost:30041
accept: */*

Response DefaultHttpResponse(decodeResult: success, version: HTTP/1.1)
HTTP/1.1 200 OK
Content-Length: 69
Content-Type: application/json; charset=utf-8
cache-control: no-cache

14:24:08.272 [AsyncHttpClient-1-5] DEBUG org.asynchttpclient.netty.channel.ChannelManager - Adding key: http://localhost:30041 for channel [id: 0xbbf544b0, L:/127.0.0.1:58760 - R:localhost/127.0.0.1:30041]
14:24:08.302 [Forwarding getAlertText on session 0f11849449e7199fbffb0d87725636c6 to remote] DEBUG org.asynchttpclient.netty.request.NettyRequestSender - Using pooled Channel '[id: 0xbbf544b0, L:/127.0.0.1:58760 - R:localhost/127.0.0.1:30041]' for 'GET' to 'http://localhost:30041/session/0f11849449e7199fbffb0d87725636c6/alert/text'
14:24:08.302 [Forwarding getAlertText on session 0f11849449e7199fbffb0d87725636c6 to remote] DEBUG org.asynchttpclient.netty.request.NettyRequestSender - Using open Channel [id: 0xbbf544b0, L:/127.0.0.1:58760 - R:localhost/127.0.0.1:30041] for GET '/session/0f11849449e7199fbffb0d87725636c6/alert/text'
14:24:08.304 [AsyncHttpClient-1-1] DEBUG org.asynchttpclient.netty.channel.DefaultChannelPool - Entry count for : http://localhost:58761 : 1
14:24:08.304 [AsyncHttpClient-1-5] DEBUG org.asynchttpclient.netty.handler.HttpHandler - 

Request DefaultFullHttpRequest(decodeResult: success, version: HTTP/1.1, content: EmptyByteBufBE)
GET /session/0f11849449e7199fbffb0d87725636c6/alert/text HTTP/1.1
User-Agent: selenium/4.8.1 (java windows)
Cache-Control: no-cache
Content-Type: application/json; charset=utf-8
host: localhost:30041
accept: */*

Response DefaultHttpResponse(decodeResult: success, version: HTTP/1.1)
HTTP/1.1 404 Not Found
Content-Length: 821
Content-Type: application/json; charset=utf-8
cache-control: no-cache

14:24:08.304 [AsyncHttpClient-1-5] DEBUG org.asynchttpclient.netty.channel.ChannelManager - Adding key: http://localhost:30041 for channel [id: 0xbbf544b0, L:/127.0.0.1:58760 - R:localhost/127.0.0.1:30041]
14:24:08.304 [Forwarding getCurrentUrl on session 0f11849449e7199fbffb0d87725636c6 to remote] DEBUG org.asynchttpclient.netty.request.NettyRequestSender - Using pooled Channel '[id: 0xbbf544b0, L:/127.0.0.1:58760 - R:localhost/127.0.0.1:30041]' for 'GET' to 'http://localhost:30041/session/0f11849449e7199fbffb0d87725636c6/url'
14:24:08.304 [Forwarding getCurrentUrl on session 0f11849449e7199fbffb0d87725636c6 to remote] DEBUG org.asynchttpclient.netty.request.NettyRequestSender - Using open Channel [id: 0xbbf544b0, L:/127.0.0.1:58760 - R:localhost/127.0.0.1:30041] for GET '/session/0f11849449e7199fbffb0d87725636c6/url'
14:24:08.318 [AsyncHttpClient-1-5] DEBUG org.asynchttpclient.netty.handler.HttpHandler - 

Request DefaultFullHttpRequest(decodeResult: success, version: HTTP/1.1, content: EmptyByteBufBE)
GET /session/0f11849449e7199fbffb0d87725636c6/url HTTP/1.1
User-Agent: selenium/4.8.1 (java windows)
Cache-Control: no-cache
Content-Type: application/json; charset=utf-8
host: localhost:30041
accept: */*

Response DefaultHttpResponse(decodeResult: success, version: HTTP/1.1)
HTTP/1.1 200 OK
Content-Length: 69
Content-Type: application/json; charset=utf-8
cache-control: no-cache

14:24:08.318 [AsyncHttpClient-1-5] DEBUG org.asynchttpclient.netty.channel.ChannelManager - Adding key: http://localhost:30041 for channel [id: 0xbbf544b0, L:/127.0.0.1:58760 - R:localhost/127.0.0.1:30041]
14:24:08.318 [Forwarding screenshot on session 0f11849449e7199fbffb0d87725636c6 to remote] DEBUG org.asynchttpclient.netty.request.NettyRequestSender - Using pooled Channel '[id: 0xbbf544b0, L:/127.0.0.1:58760 - R:localhost/127.0.0.1:30041]' for 'GET' to 'http://localhost:30041/session/0f11849449e7199fbffb0d87725636c6/screenshot'
14:24:08.318 [Forwarding screenshot on session 0f11849449e7199fbffb0d87725636c6 to remote] DEBUG org.asynchttpclient.netty.request.NettyRequestSender - Using open Channel [id: 0xbbf544b0, L:/127.0.0.1:58760 - R:localhost/127.0.0.1:30041] for GET '/session/0f11849449e7199fbffb0d87725636c6/screenshot'
14:24:08.528 [AsyncHttpClient-1-5] DEBUG org.asynchttpclient.netty.handler.HttpHandler - 

Request DefaultFullHttpRequest(decodeResult: success, version: HTTP/1.1, content: EmptyByteBufBE)
GET /session/0f11849449e7199fbffb0d87725636c6/screenshot HTTP/1.1
User-Agent: selenium/4.8.1 (java windows)
Cache-Control: no-cache
Content-Type: application/json; charset=utf-8
host: localhost:30041
accept: */*

Response DefaultHttpResponse(decodeResult: success, version: HTTP/1.1)
HTTP/1.1 200 OK
Content-Length: 47388
Content-Type: application/json; charset=utf-8
cache-control: no-cache

14:24:08.528 [AsyncHttpClient-1-5] DEBUG org.asynchttpclient.netty.channel.ChannelManager - Adding key: http://localhost:30041 for channel [id: 0xbbf544b0, L:/127.0.0.1:58760 - R:localhost/127.0.0.1:30041]
14:24:08.528 [main] DEBUG net.serenitybdd.core.photography.Darkroom - Send negative for processing for target\site\serenity\da6f9ce1b09a0a5ebe68fce26cc88a97164e100b82e36966ad75e64abfb4c5a3.png
14:24:08.528 [Forwarding getPageSource on session 0f11849449e7199fbffb0d87725636c6 to remote] DEBUG org.asynchttpclient.netty.request.NettyRequestSender - Using pooled Channel '[id: 0xbbf544b0, L:/127.0.0.1:58760 - R:localhost/127.0.0.1:30041]' for 'POST' to 'http://localhost:30041/session/0f11849449e7199fbffb0d87725636c6/execute/sync'
14:24:08.528 [Forwarding getPageSource on session 0f11849449e7199fbffb0d87725636c6 to remote] DEBUG org.asynchttpclient.netty.request.NettyRequestSender - Using open Channel [id: 0xbbf544b0, L:/127.0.0.1:58760 - R:localhost/127.0.0.1:30041] for POST '/session/0f11849449e7199fbffb0d87725636c6/execute/sync'
14:24:08.544 [AsyncHttpClient-1-5] DEBUG org.asynchttpclient.netty.handler.HttpHandler - 

Request DefaultHttpRequest(decodeResult: success, version: HTTP/1.1)
POST /session/0f11849449e7199fbffb0d87725636c6/execute/sync HTTP/1.1
User-Agent: selenium/4.8.1 (java windows)
Content-Length: 176
Content-Type: application/json; charset=utf-8
host: localhost:30041
accept: */*

Response DefaultHttpResponse(decodeResult: success, version: HTTP/1.1)
HTTP/1.1 200 OK
Content-Length: 5622
Content-Type: application/json; charset=utf-8
cache-control: no-cache

14:24:08.544 [AsyncHttpClient-1-5] DEBUG org.asynchttpclient.netty.channel.ChannelManager - Adding key: http://localhost:30041 for channel [id: 0xbbf544b0, L:/127.0.0.1:58760 - R:localhost/127.0.0.1:30041]
14:24:08.550 [Forwarding getCurrentUrl on session 0f11849449e7199fbffb0d87725636c6 to remote] DEBUG org.asynchttpclient.netty.request.NettyRequestSender - Using pooled Channel '[id: 0xbbf544b0, L:/127.0.0.1:58760 - R:localhost/127.0.0.1:30041]' for 'GET' to 'http://localhost:30041/session/0f11849449e7199fbffb0d87725636c6/url'
14:24:08.550 [Forwarding getCurrentUrl on session 0f11849449e7199fbffb0d87725636c6 to remote] DEBUG org.asynchttpclient.netty.request.NettyRequestSender - Using open Channel [id: 0xbbf544b0, L:/127.0.0.1:58760 - R:localhost/127.0.0.1:30041] for GET '/session/0f11849449e7199fbffb0d87725636c6/url'
14:24:08.576 [AsyncHttpClient-1-5] DEBUG org.asynchttpclient.netty.handler.HttpHandler - 

Request DefaultFullHttpRequest(decodeResult: success, version: HTTP/1.1, content: EmptyByteBufBE)
GET /session/0f11849449e7199fbffb0d87725636c6/url HTTP/1.1
User-Agent: selenium/4.8.1 (java windows)
Cache-Control: no-cache
Content-Type: application/json; charset=utf-8
host: localhost:30041
accept: */*

Response DefaultHttpResponse(decodeResult: success, version: HTTP/1.1)
HTTP/1.1 200 OK
Content-Length: 69
Content-Type: application/json; charset=utf-8
cache-control: no-cache

14:24:08.576 [AsyncHttpClient-1-5] DEBUG org.asynchttpclient.netty.channel.ChannelManager - Adding key: http://localhost:30041 for channel [id: 0xbbf544b0, L:/127.0.0.1:58760 - R:localhost/127.0.0.1:30041]
14:24:08.581 [main] DEBUG net.thucydides.core.steps.StepInterceptor - STARTING STEP: Afrexim_ForgotPassword_Steps.click_submit_button_for_reset_page - Click_Submit_button_for_reset_page
14:24:08.592 [Forwarding findElement on session 0f11849449e7199fbffb0d87725636c6 to remote] DEBUG org.asynchttpclient.netty.request.NettyRequestSender - Using pooled Channel '[id: 0xbbf544b0, L:/127.0.0.1:58760 - R:localhost/127.0.0.1:30041]' for 'POST' to 'http://localhost:30041/session/0f11849449e7199fbffb0d87725636c6/element'
14:24:08.593 [Forwarding findElement on session 0f11849449e7199fbffb0d87725636c6 to remote] DEBUG org.asynchttpclient.netty.request.NettyRequestSender - Using open Channel [id: 0xbbf544b0, L:/127.0.0.1:58760 - R:localhost/127.0.0.1:30041] for POST '/session/0f11849449e7199fbffb0d87725636c6/element'
14:24:08.614 [AsyncHttpClient-1-5] DEBUG org.asynchttpclient.netty.handler.HttpHandler - 

Request DefaultHttpRequest(decodeResult: success, version: HTTP/1.1)
POST /session/0f11849449e7199fbffb0d87725636c6/element HTTP/1.1
User-Agent: selenium/4.8.1 (java windows)
Content-Length: 70
Content-Type: application/json; charset=utf-8
host: localhost:30041
accept: */*

Response DefaultHttpResponse(decodeResult: success, version: HTTP/1.1)
HTTP/1.1 200 OK
Content-Length: 95
Content-Type: application/json; charset=utf-8
cache-control: no-cache

14:24:08.619 [AsyncHttpClient-1-5] DEBUG org.asynchttpclient.netty.channel.ChannelManager - Adding key: http://localhost:30041 for channel [id: 0xbbf544b0, L:/127.0.0.1:58760 - R:localhost/127.0.0.1:30041]
14:24:08.619 [Forwarding getElementTagName on session 0f11849449e7199fbffb0d87725636c6 to remote] DEBUG org.asynchttpclient.netty.request.NettyRequestSender - Using pooled Channel '[id: 0xbbf544b0, L:/127.0.0.1:58760 - R:localhost/127.0.0.1:30041]' for 'GET' to 'http://localhost:30041/session/0f11849449e7199fbffb0d87725636c6/element/38EFA70C79D20D25E435D2965039FB19_element_67/name'
14:24:08.619 [Forwarding getElementTagName on session 0f11849449e7199fbffb0d87725636c6 to remote] DEBUG org.asynchttpclient.netty.request.NettyRequestSender - Using open Channel [id: 0xbbf544b0, L:/127.0.0.1:58760 - R:localhost/127.0.0.1:30041] for GET '/session/0f11849449e7199fbffb0d87725636c6/element/38EFA70C79D20D25E435D2965039FB19_element_67/name'
14:24:08.635 [AsyncHttpClient-1-5] DEBUG org.asynchttpclient.netty.handler.HttpHandler - 

Request DefaultFullHttpRequest(decodeResult: success, version: HTTP/1.1, content: EmptyByteBufBE)
GET /session/0f11849449e7199fbffb0d87725636c6/element/38EFA70C79D20D25E435D2965039FB19_element_67/name HTTP/1.1
User-Agent: selenium/4.8.1 (java windows)
Cache-Control: no-cache
Content-Type: application/json; charset=utf-8
host: localhost:30041
accept: */*

Response DefaultHttpResponse(decodeResult: success, version: HTTP/1.1)
HTTP/1.1 200 OK
Content-Length: 17
Content-Type: application/json; charset=utf-8
cache-control: no-cache

14:24:08.635 [AsyncHttpClient-1-5] DEBUG org.asynchttpclient.netty.channel.ChannelManager - Adding key: http://localhost:30041 for channel [id: 0xbbf544b0, L:/127.0.0.1:58760 - R:localhost/127.0.0.1:30041]
14:24:08.635 [Forwarding getElementTagName on session 0f11849449e7199fbffb0d87725636c6 to remote] DEBUG org.asynchttpclient.netty.request.NettyRequestSender - Using pooled Channel '[id: 0xbbf544b0, L:/127.0.0.1:58760 - R:localhost/127.0.0.1:30041]' for 'GET' to 'http://localhost:30041/session/0f11849449e7199fbffb0d87725636c6/element/38EFA70C79D20D25E435D2965039FB19_element_67/name'
14:24:08.639 [Forwarding getElementTagName on session 0f11849449e7199fbffb0d87725636c6 to remote] DEBUG org.asynchttpclient.netty.request.NettyRequestSender - Using open Channel [id: 0xbbf544b0, L:/127.0.0.1:58760 - R:localhost/127.0.0.1:30041] for GET '/session/0f11849449e7199fbffb0d87725636c6/element/38EFA70C79D20D25E435D2965039FB19_element_67/name'
14:24:08.646 [AsyncHttpClient-1-5] DEBUG org.asynchttpclient.netty.handler.HttpHandler - 

Request DefaultFullHttpRequest(decodeResult: success, version: HTTP/1.1, content: EmptyByteBufBE)
GET /session/0f11849449e7199fbffb0d87725636c6/element/38EFA70C79D20D25E435D2965039FB19_element_67/name HTTP/1.1
User-Agent: selenium/4.8.1 (java windows)
Cache-Control: no-cache
Content-Type: application/json; charset=utf-8
host: localhost:30041
accept: */*

Response DefaultHttpResponse(decodeResult: success, version: HTTP/1.1)
HTTP/1.1 200 OK
Content-Length: 17
Content-Type: application/json; charset=utf-8
cache-control: no-cache

14:24:08.646 [AsyncHttpClient-1-5] DEBUG org.asynchttpclient.netty.channel.ChannelManager - Adding key: http://localhost:30041 for channel [id: 0xbbf544b0, L:/127.0.0.1:58760 - R:localhost/127.0.0.1:30041]
14:24:08.651 [Forwarding isElementEnabled on session 0f11849449e7199fbffb0d87725636c6 to remote] DEBUG org.asynchttpclient.netty.request.NettyRequestSender - Using pooled Channel '[id: 0xbbf544b0, L:/127.0.0.1:58760 - R:localhost/127.0.0.1:30041]' for 'GET' to 'http://localhost:30041/session/0f11849449e7199fbffb0d87725636c6/element/38EFA70C79D20D25E435D2965039FB19_element_67/enabled'
14:24:08.651 [Forwarding isElementEnabled on session 0f11849449e7199fbffb0d87725636c6 to remote] DEBUG org.asynchttpclient.netty.request.NettyRequestSender - Using open Channel [id: 0xbbf544b0, L:/127.0.0.1:58760 - R:localhost/127.0.0.1:30041] for GET '/session/0f11849449e7199fbffb0d87725636c6/element/38EFA70C79D20D25E435D2965039FB19_element_67/enabled'
14:24:08.678 [AsyncHttpClient-1-5] DEBUG org.asynchttpclient.netty.handler.HttpHandler - 

Request DefaultFullHttpRequest(decodeResult: success, version: HTTP/1.1, content: EmptyByteBufBE)
GET /session/0f11849449e7199fbffb0d87725636c6/element/38EFA70C79D20D25E435D2965039FB19_element_67/enabled HTTP/1.1
User-Agent: selenium/4.8.1 (java windows)
Cache-Control: no-cache
Content-Type: application/json; charset=utf-8
host: localhost:30041
accept: */*

Response DefaultHttpResponse(decodeResult: success, version: HTTP/1.1)
HTTP/1.1 200 OK
Content-Length: 14
Content-Type: application/json; charset=utf-8
cache-control: no-cache

14:24:08.678 [AsyncHttpClient-1-5] DEBUG org.asynchttpclient.netty.channel.ChannelManager - Adding key: http://localhost:30041 for channel [id: 0xbbf544b0, L:/127.0.0.1:58760 - R:localhost/127.0.0.1:30041]
14:24:08.678 [Forwarding isElementEnabled on session 0f11849449e7199fbffb0d87725636c6 to remote] DEBUG org.asynchttpclient.netty.request.NettyRequestSender - Using pooled Channel '[id: 0xbbf544b0, L:/127.0.0.1:58760 - R:localhost/127.0.0.1:30041]' for 'GET' to 'http://localhost:30041/session/0f11849449e7199fbffb0d87725636c6/element/38EFA70C79D20D25E435D2965039FB19_element_67/enabled'
14:24:08.678 [Forwarding isElementEnabled on session 0f11849449e7199fbffb0d87725636c6 to remote] DEBUG org.asynchttpclient.netty.request.NettyRequestSender - Using open Channel [id: 0xbbf544b0, L:/127.0.0.1:58760 - R:localhost/127.0.0.1:30041] for GET '/session/0f11849449e7199fbffb0d87725636c6/element/38EFA70C79D20D25E435D2965039FB19_element_67/enabled'
14:24:08.699 [AsyncHttpClient-1-5] DEBUG org.asynchttpclient.netty.handler.HttpHandler - 

Request DefaultFullHttpRequest(decodeResult: success, version: HTTP/1.1, content: EmptyByteBufBE)
GET /session/0f11849449e7199fbffb0d87725636c6/element/38EFA70C79D20D25E435D2965039FB19_element_67/enabled HTTP/1.1
User-Agent: selenium/4.8.1 (java windows)
Cache-Control: no-cache
Content-Type: application/json; charset=utf-8
host: localhost:30041
accept: */*

Response DefaultHttpResponse(decodeResult: success, version: HTTP/1.1)
HTTP/1.1 200 OK
Content-Length: 14
Content-Type: application/json; charset=utf-8
cache-control: no-cache

14:24:08.699 [AsyncHttpClient-1-5] DEBUG org.asynchttpclient.netty.channel.ChannelManager - Adding key: http://localhost:30041 for channel [id: 0xbbf544b0, L:/127.0.0.1:58760 - R:localhost/127.0.0.1:30041]
14:24:08.702 [Forwarding findElement on session 0f11849449e7199fbffb0d87725636c6 to remote] DEBUG org.asynchttpclient.netty.request.NettyRequestSender - Using pooled Channel '[id: 0xbbf544b0, L:/127.0.0.1:58760 - R:localhost/127.0.0.1:30041]' for 'POST' to 'http://localhost:30041/session/0f11849449e7199fbffb0d87725636c6/element'
14:24:08.702 [Forwarding findElement on session 0f11849449e7199fbffb0d87725636c6 to remote] DEBUG org.asynchttpclient.netty.request.NettyRequestSender - Using open Channel [id: 0xbbf544b0, L:/127.0.0.1:58760 - R:localhost/127.0.0.1:30041] for POST '/session/0f11849449e7199fbffb0d87725636c6/element'
14:24:08.721 [AsyncHttpClient-1-5] DEBUG org.asynchttpclient.netty.handler.HttpHandler - 

Request DefaultHttpRequest(decodeResult: success, version: HTTP/1.1)
POST /session/0f11849449e7199fbffb0d87725636c6/element HTTP/1.1
User-Agent: selenium/4.8.1 (java windows)
Content-Length: 70
Content-Type: application/json; charset=utf-8
host: localhost:30041
accept: */*

Response DefaultHttpResponse(decodeResult: success, version: HTTP/1.1)
HTTP/1.1 200 OK
Content-Length: 95
Content-Type: application/json; charset=utf-8
cache-control: no-cache

14:24:08.721 [AsyncHttpClient-1-5] DEBUG org.asynchttpclient.netty.channel.ChannelManager - Adding key: http://localhost:30041 for channel [id: 0xbbf544b0, L:/127.0.0.1:58760 - R:localhost/127.0.0.1:30041]
14:24:08.721 [Forwarding clickElement on session 0f11849449e7199fbffb0d87725636c6 to remote] DEBUG org.asynchttpclient.netty.request.NettyRequestSender - Using pooled Channel '[id: 0xbbf544b0, L:/127.0.0.1:58760 - R:localhost/127.0.0.1:30041]' for 'POST' to 'http://localhost:30041/session/0f11849449e7199fbffb0d87725636c6/element/38EFA70C79D20D25E435D2965039FB19_element_67/click'
14:24:08.721 [Forwarding clickElement on session 0f11849449e7199fbffb0d87725636c6 to remote] DEBUG org.asynchttpclient.netty.request.NettyRequestSender - Using open Channel [id: 0xbbf544b0, L:/127.0.0.1:58760 - R:localhost/127.0.0.1:30041] for POST '/session/0f11849449e7199fbffb0d87725636c6/element/38EFA70C79D20D25E435D2965039FB19_element_67/click'
14:24:08.832 [AsyncHttpClient-1-5] DEBUG org.asynchttpclient.netty.handler.HttpHandler - 

Request DefaultHttpRequest(decodeResult: success, version: HTTP/1.1)
POST /session/0f11849449e7199fbffb0d87725636c6/element/38EFA70C79D20D25E435D2965039FB19_element_67/click HTTP/1.1
User-Agent: selenium/4.8.1 (java windows)
Content-Length: 57
Content-Type: application/json; charset=utf-8
host: localhost:30041
accept: */*

Response DefaultHttpResponse(decodeResult: success, version: HTTP/1.1)
HTTP/1.1 200 OK
Content-Length: 14
Content-Type: application/json; charset=utf-8
cache-control: no-cache

14:24:08.832 [AsyncHttpClient-1-5] DEBUG org.asynchttpclient.netty.channel.ChannelManager - Adding key: http://localhost:30041 for channel [id: 0xbbf544b0, L:/127.0.0.1:58760 - R:localhost/127.0.0.1:30041]
14:24:08.848 [Forwarding getAlertText on session 0f11849449e7199fbffb0d87725636c6 to remote] DEBUG org.asynchttpclient.netty.request.NettyRequestSender - Using pooled Channel '[id: 0xbbf544b0, L:/127.0.0.1:58760 - R:localhost/127.0.0.1:30041]' for 'GET' to 'http://localhost:30041/session/0f11849449e7199fbffb0d87725636c6/alert/text'
14:24:08.848 [Forwarding getAlertText on session 0f11849449e7199fbffb0d87725636c6 to remote] DEBUG org.asynchttpclient.netty.request.NettyRequestSender - Using open Channel [id: 0xbbf544b0, L:/127.0.0.1:58760 - R:localhost/127.0.0.1:30041] for GET '/session/0f11849449e7199fbffb0d87725636c6/alert/text'
14:24:08.859 [AsyncHttpClient-1-5] DEBUG org.asynchttpclient.netty.handler.HttpHandler - 

Request DefaultFullHttpRequest(decodeResult: success, version: HTTP/1.1, content: EmptyByteBufBE)
GET /session/0f11849449e7199fbffb0d87725636c6/alert/text HTTP/1.1
User-Agent: selenium/4.8.1 (java windows)
Cache-Control: no-cache
Content-Type: application/json; charset=utf-8
host: localhost:30041
accept: */*

Response DefaultHttpResponse(decodeResult: success, version: HTTP/1.1)
HTTP/1.1 404 Not Found
Content-Length: 821
Content-Type: application/json; charset=utf-8
cache-control: no-cache

14:24:08.859 [AsyncHttpClient-1-5] DEBUG org.asynchttpclient.netty.channel.ChannelManager - Adding key: http://localhost:30041 for channel [id: 0xbbf544b0, L:/127.0.0.1:58760 - R:localhost/127.0.0.1:30041]
14:24:08.864 [Forwarding getCurrentUrl on session 0f11849449e7199fbffb0d87725636c6 to remote] DEBUG org.asynchttpclient.netty.request.NettyRequestSender - Using pooled Channel '[id: 0xbbf544b0, L:/127.0.0.1:58760 - R:localhost/127.0.0.1:30041]' for 'GET' to 'http://localhost:30041/session/0f11849449e7199fbffb0d87725636c6/url'
14:24:08.864 [Forwarding getCurrentUrl on session 0f11849449e7199fbffb0d87725636c6 to remote] DEBUG org.asynchttpclient.netty.request.NettyRequestSender - Using open Channel [id: 0xbbf544b0, L:/127.0.0.1:58760 - R:localhost/127.0.0.1:30041] for GET '/session/0f11849449e7199fbffb0d87725636c6/url'
14:24:08.935 [AsyncHttpClient-1-5] DEBUG org.asynchttpclient.netty.handler.HttpHandler - 

Request DefaultFullHttpRequest(decodeResult: success, version: HTTP/1.1, content: EmptyByteBufBE)
GET /session/0f11849449e7199fbffb0d87725636c6/url HTTP/1.1
User-Agent: selenium/4.8.1 (java windows)
Cache-Control: no-cache
Content-Type: application/json; charset=utf-8
host: localhost:30041
accept: */*

Response DefaultHttpResponse(decodeResult: success, version: HTTP/1.1)
HTTP/1.1 200 OK
Content-Length: 69
Content-Type: application/json; charset=utf-8
cache-control: no-cache

14:24:08.935 [AsyncHttpClient-1-5] DEBUG org.asynchttpclient.netty.channel.ChannelManager - Adding key: http://localhost:30041 for channel [id: 0xbbf544b0, L:/127.0.0.1:58760 - R:localhost/127.0.0.1:30041]
14:24:08.941 [Forwarding screenshot on session 0f11849449e7199fbffb0d87725636c6 to remote] DEBUG org.asynchttpclient.netty.request.NettyRequestSender - Using pooled Channel '[id: 0xbbf544b0, L:/127.0.0.1:58760 - R:localhost/127.0.0.1:30041]' for 'GET' to 'http://localhost:30041/session/0f11849449e7199fbffb0d87725636c6/screenshot'
14:24:08.941 [Forwarding screenshot on session 0f11849449e7199fbffb0d87725636c6 to remote] DEBUG org.asynchttpclient.netty.request.NettyRequestSender - Using open Channel [id: 0xbbf544b0, L:/127.0.0.1:58760 - R:localhost/127.0.0.1:30041] for GET '/session/0f11849449e7199fbffb0d87725636c6/screenshot'
14:24:09.238 [AsyncHttpClient-1-5] DEBUG org.asynchttpclient.netty.handler.HttpHandler - 

Request DefaultFullHttpRequest(decodeResult: success, version: HTTP/1.1, content: EmptyByteBufBE)
GET /session/0f11849449e7199fbffb0d87725636c6/screenshot HTTP/1.1
User-Agent: selenium/4.8.1 (java windows)
Cache-Control: no-cache
Content-Type: application/json; charset=utf-8
host: localhost:30041
accept: */*

Response DefaultHttpResponse(decodeResult: success, version: HTTP/1.1)
HTTP/1.1 200 OK
Content-Length: 39708
Content-Type: application/json; charset=utf-8
cache-control: no-cache

14:24:09.241 [AsyncHttpClient-1-5] DEBUG org.asynchttpclient.netty.channel.ChannelManager - Adding key: http://localhost:30041 for channel [id: 0xbbf544b0, L:/127.0.0.1:58760 - R:localhost/127.0.0.1:30041]
14:24:09.248 [main] DEBUG net.serenitybdd.core.photography.Darkroom - Send negative for processing for target\site\serenity\2323f645cf4aa48b16f06c93c416dcb83151a114d2cbb87c706567e8a0159f0c.png
14:24:09.248 [main] DEBUG net.thucydides.core.steps.StepInterceptor - STEP DONE: Click_Submit_button_for_reset_page
14:24:09.248 [Darkroom Processing Line] DEBUG net.serenitybdd.core.photography.DarkroomProcessingLine - Processing screenshot image in /var/screenshots/screenshot-3056143489036255457
14:24:09.248 [Darkroom Processing Line] DEBUG net.serenitybdd.core.photography.DarkroomProcessingLine - Saving screenshot to target\site\serenity\2323f645cf4aa48b16f06c93c416dcb83151a114d2cbb87c706567e8a0159f0c.png
14:24:09.275 [Forwarding getPageSource on session 0f11849449e7199fbffb0d87725636c6 to remote] DEBUG org.asynchttpclient.netty.request.NettyRequestSender - Using pooled Channel '[id: 0xbbf544b0, L:/127.0.0.1:58760 - R:localhost/127.0.0.1:30041]' for 'POST' to 'http://localhost:30041/session/0f11849449e7199fbffb0d87725636c6/execute/sync'
14:24:09.280 [Forwarding getPageSource on session 0f11849449e7199fbffb0d87725636c6 to remote] DEBUG org.asynchttpclient.netty.request.NettyRequestSender - Using open Channel [id: 0xbbf544b0, L:/127.0.0.1:58760 - R:localhost/127.0.0.1:30041] for POST '/session/0f11849449e7199fbffb0d87725636c6/execute/sync'
14:24:09.307 [AsyncHttpClient-1-5] DEBUG org.asynchttpclient.netty.handler.HttpHandler - 

Request DefaultHttpRequest(decodeResult: success, version: HTTP/1.1)
POST /session/0f11849449e7199fbffb0d87725636c6/execute/sync HTTP/1.1
User-Agent: selenium/4.8.1 (java windows)
Content-Length: 176
Content-Type: application/json; charset=utf-8
host: localhost:30041
accept: */*

Response DefaultHttpResponse(decodeResult: success, version: HTTP/1.1)
HTTP/1.1 200 OK
Content-Length: 5802
Content-Type: application/json; charset=utf-8
cache-control: no-cache

14:24:09.307 [AsyncHttpClient-1-5] DEBUG org.asynchttpclient.netty.channel.ChannelManager - Adding key: http://localhost:30041 for channel [id: 0xbbf544b0, L:/127.0.0.1:58760 - R:localhost/127.0.0.1:30041]
14:24:09.323 [Forwarding getCurrentUrl on session 0f11849449e7199fbffb0d87725636c6 to remote] DEBUG org.asynchttpclient.netty.request.NettyRequestSender - Using pooled Channel '[id: 0xbbf544b0, L:/127.0.0.1:58760 - R:localhost/127.0.0.1:30041]' for 'GET' to 'http://localhost:30041/session/0f11849449e7199fbffb0d87725636c6/url'
14:24:09.323 [Forwarding getCurrentUrl on session 0f11849449e7199fbffb0d87725636c6 to remote] DEBUG org.asynchttpclient.netty.request.NettyRequestSender - Using open Channel [id: 0xbbf544b0, L:/127.0.0.1:58760 - R:localhost/127.0.0.1:30041] for GET '/session/0f11849449e7199fbffb0d87725636c6/url'
14:24:09.374 [AsyncHttpClient-1-5] DEBUG org.asynchttpclient.netty.handler.HttpHandler - 

Request DefaultFullHttpRequest(decodeResult: success, version: HTTP/1.1, content: EmptyByteBufBE)
GET /session/0f11849449e7199fbffb0d87725636c6/url HTTP/1.1
User-Agent: selenium/4.8.1 (java windows)
Cache-Control: no-cache
Content-Type: application/json; charset=utf-8
host: localhost:30041
accept: */*

Response DefaultHttpResponse(decodeResult: success, version: HTTP/1.1)
HTTP/1.1 200 OK
Content-Length: 69
Content-Type: application/json; charset=utf-8
cache-control: no-cache

14:24:09.374 [AsyncHttpClient-1-5] DEBUG org.asynchttpclient.netty.channel.ChannelManager - Adding key: http://localhost:30041 for channel [id: 0xbbf544b0, L:/127.0.0.1:58760 - R:localhost/127.0.0.1:30041]
14:24:09.395 [AsyncHttpClient-1-1] DEBUG org.asynchttpclient.netty.channel.DefaultChannelPool - Entry count for : http://localhost:30041 : 1
14:24:09.395 [AsyncHttpClient-1-1] DEBUG org.asynchttpclient.netty.channel.DefaultChannelPool - Entry count for : http://localhost:58761 : 1
14:24:09.395 [Forwarding getAlertText on session 0f11849449e7199fbffb0d87725636c6 to remote] DEBUG org.asynchttpclient.netty.request.NettyRequestSender - Using pooled Channel '[id: 0xbbf544b0, L:/127.0.0.1:58760 - R:localhost/127.0.0.1:30041]' for 'GET' to 'http://localhost:30041/session/0f11849449e7199fbffb0d87725636c6/alert/text'
14:24:09.395 [Forwarding getAlertText on session 0f11849449e7199fbffb0d87725636c6 to remote] DEBUG org.asynchttpclient.netty.request.NettyRequestSender - Using open Channel [id: 0xbbf544b0, L:/127.0.0.1:58760 - R:localhost/127.0.0.1:30041] for GET '/session/0f11849449e7199fbffb0d87725636c6/alert/text'
14:24:09.395 [AsyncHttpClient-1-5] DEBUG org.asynchttpclient.netty.handler.HttpHandler - 

Request DefaultFullHttpRequest(decodeResult: success, version: HTTP/1.1, content: EmptyByteBufBE)
GET /session/0f11849449e7199fbffb0d87725636c6/alert/text HTTP/1.1
User-Agent: selenium/4.8.1 (java windows)
Cache-Control: no-cache
Content-Type: application/json; charset=utf-8
host: localhost:30041
accept: */*

Response DefaultHttpResponse(decodeResult: success, version: HTTP/1.1)
HTTP/1.1 404 Not Found
Content-Length: 821
Content-Type: application/json; charset=utf-8
cache-control: no-cache

14:24:09.395 [AsyncHttpClient-1-5] DEBUG org.asynchttpclient.netty.channel.ChannelManager - Adding key: http://localhost:30041 for channel [id: 0xbbf544b0, L:/127.0.0.1:58760 - R:localhost/127.0.0.1:30041]
14:24:09.408 [Forwarding getCurrentUrl on session 0f11849449e7199fbffb0d87725636c6 to remote] DEBUG org.asynchttpclient.netty.request.NettyRequestSender - Using pooled Channel '[id: 0xbbf544b0, L:/127.0.0.1:58760 - R:localhost/127.0.0.1:30041]' for 'GET' to 'http://localhost:30041/session/0f11849449e7199fbffb0d87725636c6/url'
14:24:09.408 [Forwarding getCurrentUrl on session 0f11849449e7199fbffb0d87725636c6 to remote] DEBUG org.asynchttpclient.netty.request.NettyRequestSender - Using open Channel [id: 0xbbf544b0, L:/127.0.0.1:58760 - R:localhost/127.0.0.1:30041] for GET '/session/0f11849449e7199fbffb0d87725636c6/url'
14:24:09.414 [AsyncHttpClient-1-5] DEBUG org.asynchttpclient.netty.handler.HttpHandler - 

Request DefaultFullHttpRequest(decodeResult: success, version: HTTP/1.1, content: EmptyByteBufBE)
GET /session/0f11849449e7199fbffb0d87725636c6/url HTTP/1.1
User-Agent: selenium/4.8.1 (java windows)
Cache-Control: no-cache
Content-Type: application/json; charset=utf-8
host: localhost:30041
accept: */*

Response DefaultHttpResponse(decodeResult: success, version: HTTP/1.1)
HTTP/1.1 200 OK
Content-Length: 69
Content-Type: application/json; charset=utf-8
cache-control: no-cache

14:24:09.414 [AsyncHttpClient-1-5] DEBUG org.asynchttpclient.netty.channel.ChannelManager - Adding key: http://localhost:30041 for channel [id: 0xbbf544b0, L:/127.0.0.1:58760 - R:localhost/127.0.0.1:30041]
14:24:09.419 [Forwarding screenshot on session 0f11849449e7199fbffb0d87725636c6 to remote] DEBUG org.asynchttpclient.netty.request.NettyRequestSender - Using pooled Channel '[id: 0xbbf544b0, L:/127.0.0.1:58760 - R:localhost/127.0.0.1:30041]' for 'GET' to 'http://localhost:30041/session/0f11849449e7199fbffb0d87725636c6/screenshot'
14:24:09.419 [Forwarding screenshot on session 0f11849449e7199fbffb0d87725636c6 to remote] DEBUG org.asynchttpclient.netty.request.NettyRequestSender - Using open Channel [id: 0xbbf544b0, L:/127.0.0.1:58760 - R:localhost/127.0.0.1:30041] for GET '/session/0f11849449e7199fbffb0d87725636c6/screenshot'
14:24:09.633 [AsyncHttpClient-1-5] DEBUG org.asynchttpclient.netty.handler.HttpHandler - 

Request DefaultFullHttpRequest(decodeResult: success, version: HTTP/1.1, content: EmptyByteBufBE)
GET /session/0f11849449e7199fbffb0d87725636c6/screenshot HTTP/1.1
User-Agent: selenium/4.8.1 (java windows)
Cache-Control: no-cache
Content-Type: application/json; charset=utf-8
host: localhost:30041
accept: */*

Response DefaultHttpResponse(decodeResult: success, version: HTTP/1.1)
HTTP/1.1 200 OK
Content-Length: 54524
Content-Type: application/json; charset=utf-8
cache-control: no-cache

14:24:09.633 [AsyncHttpClient-1-5] DEBUG org.asynchttpclient.netty.channel.ChannelManager - Adding key: http://localhost:30041 for channel [id: 0xbbf544b0, L:/127.0.0.1:58760 - R:localhost/127.0.0.1:30041]
14:24:09.642 [main] DEBUG net.serenitybdd.core.photography.Darkroom - Send negative for processing for target\site\serenity\80ddb9e7dae5a7aed4b272e8490ae955712c67850736770e21d02fa6b62d416c.png
14:24:09.642 [Darkroom Processing Line] DEBUG net.serenitybdd.core.photography.DarkroomProcessingLine - Processing screenshot image in /var/screenshots/screenshot-7694795851620850146
14:24:09.642 [Darkroom Processing Line] DEBUG net.serenitybdd.core.photography.DarkroomProcessingLine - Saving screenshot to target\site\serenity\80ddb9e7dae5a7aed4b272e8490ae955712c67850736770e21d02fa6b62d416c.png
14:24:09.659 [AsyncHttpClient-1-7] DEBUG org.asynchttpclient.netty.handler.WebSocketHandler - Channel Closed: [id: 0x389ab974, L:/127.0.0.1:58769 ! R:localhost/127.0.0.1:58761] with attribute NettyResponseFuture{currentRetry=0,
	isDone=1,
	isCancelled=0,
	asyncHandler=org.asynchttpclient.ws.WebSocketUpgradeHandler@26ef257b,
	nettyRequest=org.asynchttpclient.netty.request.NettyRequest@63edbfc2,
	future=java.util.concurrent.CompletableFuture@751cd2a2[Completed normally],
	uri=ws://localhost:58761/devtools/browser/6949c96e-2a79-4859-aeb2-a8b2d5c25f57,
	keepAlive=true,
	redirectCount=0,
	timeoutsHolder=null,
	inAuth=0,
	touch=1689756831626}
14:24:09.659 [AsyncHttpClient-1-7] DEBUG org.asynchttpclient.netty.channel.ChannelManager - Closing Channel [id: 0x389ab974, L:/127.0.0.1:58769 ! R:localhost/127.0.0.1:58761] 
14:24:09.680 [Driver Command Executor] DEBUG org.asynchttpclient.netty.request.NettyRequestSender - Using pooled Channel '[id: 0xbbf544b0, L:/127.0.0.1:58760 - R:localhost/127.0.0.1:30041]' for 'DELETE' to 'http://localhost:30041/session/0f11849449e7199fbffb0d87725636c6'
14:24:09.680 [Driver Command Executor] DEBUG org.asynchttpclient.netty.request.NettyRequestSender - Using open Channel [id: 0xbbf544b0, L:/127.0.0.1:58760 - R:localhost/127.0.0.1:30041] for DELETE '/session/0f11849449e7199fbffb0d87725636c6'
14:24:10.001 [AsyncHttpClient-1-6] DEBUG org.asynchttpclient.netty.handler.HttpHandler - Unexpected I/O exception on channel [id: 0xe684fade, L:/127.0.0.1:58768 - R:localhost/127.0.0.1:58761]
java.io.IOException: An existing connection was forcibly closed by the remote host
	at sun.nio.ch.SocketDispatcher.read0(Native Method)
	at sun.nio.ch.SocketDispatcher.read(SocketDispatcher.java:43)
	at sun.nio.ch.IOUtil.readIntoNativeBuffer(IOUtil.java:223)
	at sun.nio.ch.IOUtil.read(IOUtil.java:192)
	at sun.nio.ch.SocketChannelImpl.read(SocketChannelImpl.java:380)
	at io.netty.buffer.PooledByteBuf.setBytes(PooledByteBuf.java:259)
	at io.netty.buffer.AbstractByteBuf.writeBytes(AbstractByteBuf.java:1132)
	at io.netty.channel.socket.nio.NioSocketChannel.doReadBytes(NioSocketChannel.java:357)
	at io.netty.channel.nio.AbstractNioByteChannel$NioByteUnsafe.read(AbstractNioByteChannel.java:151)
	at io.netty.channel.nio.NioEventLoop.processSelectedKey(NioEventLoop.java:788)
	at io.netty.channel.nio.NioEventLoop.processSelectedKeysOptimized(NioEventLoop.java:724)
	at io.netty.channel.nio.NioEventLoop.processSelectedKeys(NioEventLoop.java:650)
	at io.netty.channel.nio.NioEventLoop.run(NioEventLoop.java:562)
	at io.netty.util.concurrent.SingleThreadEventExecutor$4.run(SingleThreadEventExecutor.java:997)
	at io.netty.util.internal.ThreadExecutorMap$2.run(ThreadExecutorMap.java:74)
	at io.netty.util.concurrent.FastThreadLocalRunnable.run(FastThreadLocalRunnable.java:30)
	at java.lang.Thread.run(Thread.java:748)
14:24:10.006 [AsyncHttpClient-1-6] DEBUG org.asynchttpclient.netty.channel.ChannelManager - Closing Channel [id: 0xe684fade, L:/127.0.0.1:58768 - R:localhost/127.0.0.1:58761] 
14:24:10.006 [AsyncHttpClient-1-6] DEBUG org.asynchttpclient.netty.handler.HttpHandler - Channel Closed: [id: 0xe684fade, L:/127.0.0.1:58768 ! R:localhost/127.0.0.1:58761] with attribute DISCARD
14:24:10.092 [AsyncHttpClient-1-5] DEBUG org.asynchttpclient.netty.handler.HttpHandler - 

Request DefaultFullHttpRequest(decodeResult: success, version: HTTP/1.1, content: EmptyByteBufBE)
DELETE /session/0f11849449e7199fbffb0d87725636c6 HTTP/1.1
User-Agent: selenium/4.8.1 (java windows)
Content-Type: application/json; charset=utf-8
host: localhost:30041
accept: */*

Response DefaultHttpResponse(decodeResult: success, version: HTTP/1.1)
HTTP/1.1 200 OK
Content-Length: 14
Content-Type: application/json; charset=utf-8
cache-control: no-cache

14:24:10.092 [AsyncHttpClient-1-5] DEBUG org.asynchttpclient.netty.channel.ChannelManager - Adding key: http://localhost:30041 for channel [id: 0xbbf544b0, L:/127.0.0.1:58760 - R:localhost/127.0.0.1:30041]
14:24:10.272 [AsyncHttpClient-1-5] DEBUG org.asynchttpclient.netty.handler.HttpHandler - Channel Closed: [id: 0xbbf544b0, L:/127.0.0.1:58760 ! R:localhost/127.0.0.1:30041] with attribute DISCARD
14:24:10.489 [AsyncHttpClient-1-1] DEBUG org.asynchttpclient.netty.channel.DefaultChannelPool - Entry count for : http://localhost:30041 : 1
14:24:10.489 [AsyncHttpClient-1-1] DEBUG org.asynchttpclient.netty.channel.DefaultChannelPool - Entry count for : http://localhost:58761 : 1
14:24:10.489 [AsyncHttpClient-1-1] DEBUG org.asynchttpclient.netty.channel.DefaultChannelPool - Adding Candidate expired Channel [id: 0xbbf544b0, L:/127.0.0.1:58760 ! R:localhost/127.0.0.1:30041] isIdleTimeoutExpired=false isRemotelyClosed=true isTtlExpired=false
14:24:10.489 [AsyncHttpClient-1-1] DEBUG org.asynchttpclient.netty.channel.DefaultChannelPool - Closing Idle Channel [id: 0xbbf544b0, L:/127.0.0.1:58760 ! R:localhost/127.0.0.1:30041]
14:24:10.489 [AsyncHttpClient-1-1] DEBUG org.asynchttpclient.netty.channel.DefaultChannelPool - Adding Candidate expired Channel [id: 0xe684fade, L:/127.0.0.1:58768 ! R:localhost/127.0.0.1:58761] isIdleTimeoutExpired=false isRemotelyClosed=true isTtlExpired=false
14:24:10.489 [AsyncHttpClient-1-1] DEBUG org.asynchttpclient.netty.channel.DefaultChannelPool - Closing Idle Channel [id: 0xe684fade, L:/127.0.0.1:58768 ! R:localhost/127.0.0.1:58761]
14:24:10.489 [AsyncHttpClient-1-1] DEBUG org.asynchttpclient.netty.channel.DefaultChannelPool - Closed 2 connections out of 2 in 0 ms
14:24:10.792 [main] INFO  - 
  _____   ___   ___   _____     ___     _     ___   ___   ___   ___  
 |_   _| | __| / __| |_   _|   | _ \   /_\   / __| / __| | __| |   \ 
   | |   | _|  \__ \   | |     |  _/  / _ \  \__ \ \__ \ | _|  | |) |
   |_|   |___| |___/   |_|     |_|   /_/ \_\ |___/ |___/ |___| |___/ 

To validate the forgot password functionality with valid and invalid credentials.
----------------------------------------------------------------------
]]></system-out>
    <system-err><![CDATA[Starting ChromeDriver 114.0.5735.90 (386bc09e8f4f2e025eddae123f36f6263096ae49-refs/branch-heads/5735@{#1052}) on port 30041
Only local connections are allowed.
Please see https://chromedriver.chromium.org/security-considerations for suggestions on keeping ChromeDriver safe.
ChromeDriver was started successfully.
Jul 19, 2023 2:23:51 PM org.openqa.selenium.devtools.CdpVersionFinder findNearestMatch
WARNING: Unable to find an exact match for CDP version 114, so returning the closest version found: 110
]]></system-err>
  </testcase>
  <testcase name="To validate the forgot password functionality with valid and invalid credentials. #3" classname="To test the forgot password functionality" time="24.638">
    <system-out><![CDATA[14:24:10.811 [main] DEBUG io.cucumber.core.plugin.SerenityReporter - Running feature from file:///C:/Users/hp/eclipse-workspace/AfreximBank_SerenityBDD_Framework/src/test/resources/Afrexim_features/Afrexim_ForgotPassword.feature
14:24:10.811 [main] WARN io.cucumber.core.plugin.SerenityReporter - Feature from file:///C:/Users/hp/eclipse-workspace/AfreximBank_SerenityBDD_Framework/src/test/resources/Afrexim_features/Afrexim_ForgotPassword.feature is not under the 'features' directory. Requirements report will not be correctly generated!
14:24:10.928 [main] INFO net.serenitybdd.core.webdriver.driverproviders.ChromeDriverProvider - Starting Chrome driver instance with capabilities:
14:24:10.933 [main] INFO net.serenitybdd.core.webdriver.driverproviders.ChromeDriverProvider - Capabilities {acceptInsecureCerts: false, browserName: chrome, goog:chromeOptions: {args: [remote-allow-origins=*], extensions: []}}
14:24:12.080 [AsyncHttpClient-1-8] DEBUG org.asynchttpclient.netty.channel.NettyConnectListener - Using new Channel '[id: 0x7a5e3ef5, L:/127.0.0.1:58804 - R:localhost/127.0.0.1:24244]' for 'POST' to '/session'
14:24:15.733 [AsyncHttpClient-1-8] DEBUG org.asynchttpclient.netty.handler.HttpHandler - 

Request DefaultHttpRequest(decodeResult: success, version: HTTP/1.1)
POST /session HTTP/1.1
User-Agent: selenium/4.8.1 (java windows)
Content-Length: 507
Content-Type: application/json; charset=utf-8
host: localhost:24244
accept: */*

Response DefaultHttpResponse(decodeResult: success, version: HTTP/1.1)
HTTP/1.1 200 OK
Content-Length: 857
Content-Type: application/json; charset=utf-8
cache-control: no-cache

14:24:15.734 [AsyncHttpClient-1-8] DEBUG org.asynchttpclient.netty.channel.ChannelManager - Adding key: http://localhost:24244 for channel [id: 0x7a5e3ef5, L:/127.0.0.1:58804 - R:localhost/127.0.0.1:24244]
14:24:15.784 [AsyncHttpClient-1-9] DEBUG org.asynchttpclient.netty.channel.NettyConnectListener - Using new Channel '[id: 0x4a82d1e0, L:/127.0.0.1:58813 - R:localhost/127.0.0.1:58806]' for 'GET' to '/json/version'
14:24:15.791 [AsyncHttpClient-1-9] DEBUG org.asynchttpclient.netty.handler.HttpHandler - 

Request DefaultFullHttpRequest(decodeResult: success, version: HTTP/1.1, content: EmptyByteBufBE)
GET /json/version HTTP/1.1
User-Agent: selenium/4.8.1 (java windows)
host: localhost:58806
accept: */*

Response DefaultHttpResponse(decodeResult: success, version: HTTP/1.1)
HTTP/1.1 200 OK
Content-Security-Policy: frame-ancestors 'none'
Content-Length: 424
Content-Type: application/json; charset=UTF-8

14:24:15.792 [AsyncHttpClient-1-9] DEBUG org.asynchttpclient.netty.channel.ChannelManager - Adding key: http://localhost:58806 for channel [id: 0x4a82d1e0, L:/127.0.0.1:58813 - R:localhost/127.0.0.1:58806]
14:24:15.832 [AsyncHttpClient-1-2] DEBUG org.asynchttpclient.netty.channel.NettyConnectListener - Using new Channel '[id: 0x974b4ed2, L:/127.0.0.1:58814 - R:localhost/127.0.0.1:58806]' for 'GET' to '/devtools/browser/36a449d3-a8ef-495a-949d-dd9709cb6195'
14:24:15.836 [AsyncHttpClient-1-2] DEBUG org.asynchttpclient.netty.handler.WebSocketHandler - 

Request DefaultFullHttpRequest(decodeResult: success, version: HTTP/1.1, content: EmptyByteBufBE)
GET /devtools/browser/36a449d3-a8ef-495a-949d-dd9709cb6195 HTTP/1.1
upgrade: websocket
connection: upgrade
sec-websocket-key: 5W6AjeG3SFcECvazp/MIEg==
sec-websocket-version: 13
origin: http://localhost:58806
host: localhost:58806
accept: */*
user-agent: AHC/2.1

Response DefaultHttpResponse(decodeResult: success, version: HTTP/1.1)
HTTP/1.1 101 WebSocket Protocol Handshake
Upgrade: WebSocket
Connection: Upgrade
Sec-WebSocket-Accept: MYbAUWWv9rs5TAmwyzHt+IkbToU=

14:24:15.895 [Forwarding get on session cae5b25563a2b95e404534f242109d9c to remote] DEBUG org.asynchttpclient.netty.request.NettyRequestSender - Using pooled Channel '[id: 0x7a5e3ef5, L:/127.0.0.1:58804 - R:localhost/127.0.0.1:24244]' for 'POST' to 'http://localhost:24244/session/cae5b25563a2b95e404534f242109d9c/url'
14:24:15.895 [Forwarding get on session cae5b25563a2b95e404534f242109d9c to remote] DEBUG org.asynchttpclient.netty.request.NettyRequestSender - Using open Channel [id: 0x7a5e3ef5, L:/127.0.0.1:58804 - R:localhost/127.0.0.1:24244] for POST '/session/cae5b25563a2b95e404534f242109d9c/url'
14:24:15.993 [AsyncHttpClient-1-1] DEBUG org.asynchttpclient.netty.channel.DefaultChannelPool - Entry count for : http://localhost:58806 : 1
14:24:17.091 [AsyncHttpClient-1-1] DEBUG org.asynchttpclient.netty.channel.DefaultChannelPool - Entry count for : http://localhost:58806 : 1
14:24:18.217 [AsyncHttpClient-1-1] DEBUG org.asynchttpclient.netty.channel.DefaultChannelPool - Entry count for : http://localhost:58806 : 1
14:24:19.344 [AsyncHttpClient-1-1] DEBUG org.asynchttpclient.netty.channel.DefaultChannelPool - Entry count for : http://localhost:58806 : 1
14:24:20.438 [AsyncHttpClient-1-1] DEBUG org.asynchttpclient.netty.channel.DefaultChannelPool - Entry count for : http://localhost:58806 : 1
14:24:20.527 [AsyncHttpClient-1-8] DEBUG org.asynchttpclient.netty.handler.HttpHandler - 

Request DefaultHttpRequest(decodeResult: success, version: HTTP/1.1)
POST /session/cae5b25563a2b95e404534f242109d9c/url HTTP/1.1
User-Agent: selenium/4.8.1 (java windows)
Content-Length: 58
Content-Type: application/json; charset=utf-8
host: localhost:24244
accept: */*

Response DefaultHttpResponse(decodeResult: success, version: HTTP/1.1)
HTTP/1.1 200 OK
Content-Length: 14
Content-Type: application/json; charset=utf-8
cache-control: no-cache

14:24:20.527 [AsyncHttpClient-1-8] DEBUG org.asynchttpclient.netty.channel.ChannelManager - Adding key: http://localhost:24244 for channel [id: 0x7a5e3ef5, L:/127.0.0.1:58804 - R:localhost/127.0.0.1:24244]
14:24:20.531 [Forwarding setTimeout on session cae5b25563a2b95e404534f242109d9c to remote] DEBUG org.asynchttpclient.netty.request.NettyRequestSender - Using pooled Channel '[id: 0x7a5e3ef5, L:/127.0.0.1:58804 - R:localhost/127.0.0.1:24244]' for 'POST' to 'http://localhost:24244/session/cae5b25563a2b95e404534f242109d9c/timeouts'
14:24:20.531 [Forwarding setTimeout on session cae5b25563a2b95e404534f242109d9c to remote] DEBUG org.asynchttpclient.netty.request.NettyRequestSender - Using open Channel [id: 0x7a5e3ef5, L:/127.0.0.1:58804 - R:localhost/127.0.0.1:24244] for POST '/session/cae5b25563a2b95e404534f242109d9c/timeouts'
14:24:20.564 [AsyncHttpClient-1-8] DEBUG org.asynchttpclient.netty.handler.HttpHandler - 

Request DefaultHttpRequest(decodeResult: success, version: HTTP/1.1)
POST /session/cae5b25563a2b95e404534f242109d9c/timeouts HTTP/1.1
User-Agent: selenium/4.8.1 (java windows)
Content-Length: 22
Content-Type: application/json; charset=utf-8
host: localhost:24244
accept: */*

Response DefaultHttpResponse(decodeResult: success, version: HTTP/1.1)
HTTP/1.1 200 OK
Content-Length: 14
Content-Type: application/json; charset=utf-8
cache-control: no-cache

14:24:20.564 [AsyncHttpClient-1-8] DEBUG org.asynchttpclient.netty.channel.ChannelManager - Adding key: http://localhost:24244 for channel [id: 0x7a5e3ef5, L:/127.0.0.1:58804 - R:localhost/127.0.0.1:24244]
14:24:20.567 [Forwarding maximizeCurrentWindow on session cae5b25563a2b95e404534f242109d9c to remote] DEBUG org.asynchttpclient.netty.request.NettyRequestSender - Using pooled Channel '[id: 0x7a5e3ef5, L:/127.0.0.1:58804 - R:localhost/127.0.0.1:24244]' for 'POST' to 'http://localhost:24244/session/cae5b25563a2b95e404534f242109d9c/window/maximize'
14:24:20.568 [Forwarding maximizeCurrentWindow on session cae5b25563a2b95e404534f242109d9c to remote] DEBUG org.asynchttpclient.netty.request.NettyRequestSender - Using open Channel [id: 0x7a5e3ef5, L:/127.0.0.1:58804 - R:localhost/127.0.0.1:24244] for POST '/session/cae5b25563a2b95e404534f242109d9c/window/maximize'
14:24:21.087 [AsyncHttpClient-1-8] DEBUG org.asynchttpclient.netty.handler.HttpHandler - 

Request DefaultHttpRequest(decodeResult: success, version: HTTP/1.1)
POST /session/cae5b25563a2b95e404534f242109d9c/window/maximize HTTP/1.1
User-Agent: selenium/4.8.1 (java windows)
Content-Length: 3
Content-Type: application/json; charset=utf-8
host: localhost:24244
accept: */*

Response DefaultHttpResponse(decodeResult: success, version: HTTP/1.1)
HTTP/1.1 200 OK
Content-Length: 51
Content-Type: application/json; charset=utf-8
cache-control: no-cache

14:24:21.087 [AsyncHttpClient-1-8] DEBUG org.asynchttpclient.netty.channel.ChannelManager - Adding key: http://localhost:24244 for channel [id: 0x7a5e3ef5, L:/127.0.0.1:58804 - R:localhost/127.0.0.1:24244]
14:24:21.105 [Forwarding getAlertText on session cae5b25563a2b95e404534f242109d9c to remote] DEBUG org.asynchttpclient.netty.request.NettyRequestSender - Using pooled Channel '[id: 0x7a5e3ef5, L:/127.0.0.1:58804 - R:localhost/127.0.0.1:24244]' for 'GET' to 'http://localhost:24244/session/cae5b25563a2b95e404534f242109d9c/alert/text'
14:24:21.107 [Forwarding getAlertText on session cae5b25563a2b95e404534f242109d9c to remote] DEBUG org.asynchttpclient.netty.request.NettyRequestSender - Using open Channel [id: 0x7a5e3ef5, L:/127.0.0.1:58804 - R:localhost/127.0.0.1:24244] for GET '/session/cae5b25563a2b95e404534f242109d9c/alert/text'
14:24:21.204 [AsyncHttpClient-1-8] DEBUG org.asynchttpclient.netty.handler.HttpHandler - 

Request DefaultFullHttpRequest(decodeResult: success, version: HTTP/1.1, content: EmptyByteBufBE)
GET /session/cae5b25563a2b95e404534f242109d9c/alert/text HTTP/1.1
User-Agent: selenium/4.8.1 (java windows)
Cache-Control: no-cache
Content-Type: application/json; charset=utf-8
host: localhost:24244
accept: */*

Response DefaultHttpResponse(decodeResult: success, version: HTTP/1.1)
HTTP/1.1 404 Not Found
Content-Length: 821
Content-Type: application/json; charset=utf-8
cache-control: no-cache

14:24:21.205 [AsyncHttpClient-1-8] DEBUG org.asynchttpclient.netty.channel.ChannelManager - Adding key: http://localhost:24244 for channel [id: 0x7a5e3ef5, L:/127.0.0.1:58804 - R:localhost/127.0.0.1:24244]
14:24:21.214 [Forwarding getCurrentUrl on session cae5b25563a2b95e404534f242109d9c to remote] DEBUG org.asynchttpclient.netty.request.NettyRequestSender - Using pooled Channel '[id: 0x7a5e3ef5, L:/127.0.0.1:58804 - R:localhost/127.0.0.1:24244]' for 'GET' to 'http://localhost:24244/session/cae5b25563a2b95e404534f242109d9c/url'
14:24:21.215 [Forwarding getCurrentUrl on session cae5b25563a2b95e404534f242109d9c to remote] DEBUG org.asynchttpclient.netty.request.NettyRequestSender - Using open Channel [id: 0x7a5e3ef5, L:/127.0.0.1:58804 - R:localhost/127.0.0.1:24244] for GET '/session/cae5b25563a2b95e404534f242109d9c/url'
14:24:21.273 [AsyncHttpClient-1-8] DEBUG org.asynchttpclient.netty.handler.HttpHandler - 

Request DefaultFullHttpRequest(decodeResult: success, version: HTTP/1.1, content: EmptyByteBufBE)
GET /session/cae5b25563a2b95e404534f242109d9c/url HTTP/1.1
User-Agent: selenium/4.8.1 (java windows)
Cache-Control: no-cache
Content-Type: application/json; charset=utf-8
host: localhost:24244
accept: */*

Response DefaultHttpResponse(decodeResult: success, version: HTTP/1.1)
HTTP/1.1 200 OK
Content-Length: 40
Content-Type: application/json; charset=utf-8
cache-control: no-cache

14:24:21.273 [AsyncHttpClient-1-8] DEBUG org.asynchttpclient.netty.channel.ChannelManager - Adding key: http://localhost:24244 for channel [id: 0x7a5e3ef5, L:/127.0.0.1:58804 - R:localhost/127.0.0.1:24244]
14:24:21.278 [Forwarding screenshot on session cae5b25563a2b95e404534f242109d9c to remote] DEBUG org.asynchttpclient.netty.request.NettyRequestSender - Using pooled Channel '[id: 0x7a5e3ef5, L:/127.0.0.1:58804 - R:localhost/127.0.0.1:24244]' for 'GET' to 'http://localhost:24244/session/cae5b25563a2b95e404534f242109d9c/screenshot'
14:24:21.278 [Forwarding screenshot on session cae5b25563a2b95e404534f242109d9c to remote] DEBUG org.asynchttpclient.netty.request.NettyRequestSender - Using open Channel [id: 0x7a5e3ef5, L:/127.0.0.1:58804 - R:localhost/127.0.0.1:24244] for GET '/session/cae5b25563a2b95e404534f242109d9c/screenshot'
14:24:21.487 [AsyncHttpClient-1-1] DEBUG org.asynchttpclient.netty.channel.DefaultChannelPool - Entry count for : http://localhost:58806 : 1
14:24:22.300 [AsyncHttpClient-1-8] DEBUG org.asynchttpclient.netty.handler.HttpHandler - 

Request DefaultFullHttpRequest(decodeResult: success, version: HTTP/1.1, content: EmptyByteBufBE)
GET /session/cae5b25563a2b95e404534f242109d9c/screenshot HTTP/1.1
User-Agent: selenium/4.8.1 (java windows)
Cache-Control: no-cache
Content-Type: application/json; charset=utf-8
host: localhost:24244
accept: */*

Response DefaultHttpResponse(decodeResult: success, version: HTTP/1.1)
HTTP/1.1 200 OK
Content-Length: 2003388
Content-Type: application/json; charset=utf-8
cache-control: no-cache

14:24:22.593 [AsyncHttpClient-1-1] DEBUG org.asynchttpclient.netty.channel.DefaultChannelPool - Entry count for : http://localhost:58806 : 1
14:24:22.828 [AsyncHttpClient-1-8] DEBUG org.asynchttpclient.netty.channel.ChannelManager - Adding key: http://localhost:24244 for channel [id: 0x7a5e3ef5, L:/127.0.0.1:58804 - R:localhost/127.0.0.1:24244]
14:24:23.019 [main] DEBUG net.serenitybdd.core.photography.Darkroom - Send negative for processing for target\site\serenity\eefb42ccb8dde2b5f1bae08f03f09b71f2964dee8d658fcd7aca9aafc2b8a1f9.png
14:24:23.033 [Forwarding getPageSource on session cae5b25563a2b95e404534f242109d9c to remote] DEBUG org.asynchttpclient.netty.request.NettyRequestSender - Using pooled Channel '[id: 0x7a5e3ef5, L:/127.0.0.1:58804 - R:localhost/127.0.0.1:24244]' for 'POST' to 'http://localhost:24244/session/cae5b25563a2b95e404534f242109d9c/execute/sync'
14:24:23.033 [Forwarding getPageSource on session cae5b25563a2b95e404534f242109d9c to remote] DEBUG org.asynchttpclient.netty.request.NettyRequestSender - Using open Channel [id: 0x7a5e3ef5, L:/127.0.0.1:58804 - R:localhost/127.0.0.1:24244] for POST '/session/cae5b25563a2b95e404534f242109d9c/execute/sync'
14:24:23.075 [AsyncHttpClient-1-8] DEBUG org.asynchttpclient.netty.handler.HttpHandler - 

Request DefaultHttpRequest(decodeResult: success, version: HTTP/1.1)
POST /session/cae5b25563a2b95e404534f242109d9c/execute/sync HTTP/1.1
User-Agent: selenium/4.8.1 (java windows)
Content-Length: 176
Content-Type: application/json; charset=utf-8
host: localhost:24244
accept: */*

Response DefaultHttpResponse(decodeResult: success, version: HTTP/1.1)
HTTP/1.1 200 OK
Content-Length: 129146
Content-Type: application/json; charset=utf-8
cache-control: no-cache

14:24:23.076 [AsyncHttpClient-1-8] DEBUG org.asynchttpclient.netty.channel.ChannelManager - Adding key: http://localhost:24244 for channel [id: 0x7a5e3ef5, L:/127.0.0.1:58804 - R:localhost/127.0.0.1:24244]
14:24:23.114 [Forwarding getCurrentUrl on session cae5b25563a2b95e404534f242109d9c to remote] DEBUG org.asynchttpclient.netty.request.NettyRequestSender - Using pooled Channel '[id: 0x7a5e3ef5, L:/127.0.0.1:58804 - R:localhost/127.0.0.1:24244]' for 'GET' to 'http://localhost:24244/session/cae5b25563a2b95e404534f242109d9c/url'
14:24:23.114 [Forwarding getCurrentUrl on session cae5b25563a2b95e404534f242109d9c to remote] DEBUG org.asynchttpclient.netty.request.NettyRequestSender - Using open Channel [id: 0x7a5e3ef5, L:/127.0.0.1:58804 - R:localhost/127.0.0.1:24244] for GET '/session/cae5b25563a2b95e404534f242109d9c/url'
14:24:23.129 [AsyncHttpClient-1-8] DEBUG org.asynchttpclient.netty.handler.HttpHandler - 

Request DefaultFullHttpRequest(decodeResult: success, version: HTTP/1.1, content: EmptyByteBufBE)
GET /session/cae5b25563a2b95e404534f242109d9c/url HTTP/1.1
User-Agent: selenium/4.8.1 (java windows)
Cache-Control: no-cache
Content-Type: application/json; charset=utf-8
host: localhost:24244
accept: */*

Response DefaultHttpResponse(decodeResult: success, version: HTTP/1.1)
HTTP/1.1 200 OK
Content-Length: 40
Content-Type: application/json; charset=utf-8
cache-control: no-cache

14:24:23.129 [AsyncHttpClient-1-8] DEBUG org.asynchttpclient.netty.channel.ChannelManager - Adding key: http://localhost:24244 for channel [id: 0x7a5e3ef5, L:/127.0.0.1:58804 - R:localhost/127.0.0.1:24244]
14:24:23.148 [Forwarding getAlertText on session cae5b25563a2b95e404534f242109d9c to remote] DEBUG org.asynchttpclient.netty.request.NettyRequestSender - Using pooled Channel '[id: 0x7a5e3ef5, L:/127.0.0.1:58804 - R:localhost/127.0.0.1:24244]' for 'GET' to 'http://localhost:24244/session/cae5b25563a2b95e404534f242109d9c/alert/text'
14:24:23.148 [Forwarding getAlertText on session cae5b25563a2b95e404534f242109d9c to remote] DEBUG org.asynchttpclient.netty.request.NettyRequestSender - Using open Channel [id: 0x7a5e3ef5, L:/127.0.0.1:58804 - R:localhost/127.0.0.1:24244] for GET '/session/cae5b25563a2b95e404534f242109d9c/alert/text'
14:24:23.151 [AsyncHttpClient-1-8] DEBUG org.asynchttpclient.netty.handler.HttpHandler - 

Request DefaultFullHttpRequest(decodeResult: success, version: HTTP/1.1, content: EmptyByteBufBE)
GET /session/cae5b25563a2b95e404534f242109d9c/alert/text HTTP/1.1
User-Agent: selenium/4.8.1 (java windows)
Cache-Control: no-cache
Content-Type: application/json; charset=utf-8
host: localhost:24244
accept: */*

Response DefaultHttpResponse(decodeResult: success, version: HTTP/1.1)
HTTP/1.1 404 Not Found
Content-Length: 821
Content-Type: application/json; charset=utf-8
cache-control: no-cache

14:24:23.151 [AsyncHttpClient-1-8] DEBUG org.asynchttpclient.netty.channel.ChannelManager - Adding key: http://localhost:24244 for channel [id: 0x7a5e3ef5, L:/127.0.0.1:58804 - R:localhost/127.0.0.1:24244]
14:24:23.155 [Forwarding getCurrentUrl on session cae5b25563a2b95e404534f242109d9c to remote] DEBUG org.asynchttpclient.netty.request.NettyRequestSender - Using pooled Channel '[id: 0x7a5e3ef5, L:/127.0.0.1:58804 - R:localhost/127.0.0.1:24244]' for 'GET' to 'http://localhost:24244/session/cae5b25563a2b95e404534f242109d9c/url'
14:24:23.156 [Forwarding getCurrentUrl on session cae5b25563a2b95e404534f242109d9c to remote] DEBUG org.asynchttpclient.netty.request.NettyRequestSender - Using open Channel [id: 0x7a5e3ef5, L:/127.0.0.1:58804 - R:localhost/127.0.0.1:24244] for GET '/session/cae5b25563a2b95e404534f242109d9c/url'
14:24:23.166 [AsyncHttpClient-1-8] DEBUG org.asynchttpclient.netty.handler.HttpHandler - 

Request DefaultFullHttpRequest(decodeResult: success, version: HTTP/1.1, content: EmptyByteBufBE)
GET /session/cae5b25563a2b95e404534f242109d9c/url HTTP/1.1
User-Agent: selenium/4.8.1 (java windows)
Cache-Control: no-cache
Content-Type: application/json; charset=utf-8
host: localhost:24244
accept: */*

Response DefaultHttpResponse(decodeResult: success, version: HTTP/1.1)
HTTP/1.1 200 OK
Content-Length: 40
Content-Type: application/json; charset=utf-8
cache-control: no-cache

14:24:23.167 [AsyncHttpClient-1-8] DEBUG org.asynchttpclient.netty.channel.ChannelManager - Adding key: http://localhost:24244 for channel [id: 0x7a5e3ef5, L:/127.0.0.1:58804 - R:localhost/127.0.0.1:24244]
14:24:23.169 [Forwarding screenshot on session cae5b25563a2b95e404534f242109d9c to remote] DEBUG org.asynchttpclient.netty.request.NettyRequestSender - Using pooled Channel '[id: 0x7a5e3ef5, L:/127.0.0.1:58804 - R:localhost/127.0.0.1:24244]' for 'GET' to 'http://localhost:24244/session/cae5b25563a2b95e404534f242109d9c/screenshot'
14:24:23.169 [Forwarding screenshot on session cae5b25563a2b95e404534f242109d9c to remote] DEBUG org.asynchttpclient.netty.request.NettyRequestSender - Using open Channel [id: 0x7a5e3ef5, L:/127.0.0.1:58804 - R:localhost/127.0.0.1:24244] for GET '/session/cae5b25563a2b95e404534f242109d9c/screenshot'
14:24:23.687 [AsyncHttpClient-1-1] DEBUG org.asynchttpclient.netty.channel.DefaultChannelPool - Entry count for : http://localhost:58806 : 1
14:24:24.715 [AsyncHttpClient-1-8] DEBUG org.asynchttpclient.netty.handler.HttpHandler - 

Request DefaultFullHttpRequest(decodeResult: success, version: HTTP/1.1, content: EmptyByteBufBE)
GET /session/cae5b25563a2b95e404534f242109d9c/screenshot HTTP/1.1
User-Agent: selenium/4.8.1 (java windows)
Cache-Control: no-cache
Content-Type: application/json; charset=utf-8
host: localhost:24244
accept: */*

Response DefaultHttpResponse(decodeResult: success, version: HTTP/1.1)
HTTP/1.1 200 OK
Content-Length: 2003388
Content-Type: application/json; charset=utf-8
cache-control: no-cache

14:24:24.762 [AsyncHttpClient-1-8] DEBUG org.asynchttpclient.netty.channel.ChannelManager - Adding key: http://localhost:24244 for channel [id: 0x7a5e3ef5, L:/127.0.0.1:58804 - R:localhost/127.0.0.1:24244]
14:24:24.799 [AsyncHttpClient-1-1] DEBUG org.asynchttpclient.netty.channel.DefaultChannelPool - Entry count for : http://localhost:24244 : 1
14:24:24.799 [AsyncHttpClient-1-1] DEBUG org.asynchttpclient.netty.channel.DefaultChannelPool - Entry count for : http://localhost:58806 : 1
14:24:24.919 [main] DEBUG net.serenitybdd.core.photography.Darkroom - Send negative for processing for target\site\serenity\eefb42ccb8dde2b5f1bae08f03f09b71f2964dee8d658fcd7aca9aafc2b8a1f9.png
14:24:24.926 [Forwarding getPageSource on session cae5b25563a2b95e404534f242109d9c to remote] DEBUG org.asynchttpclient.netty.request.NettyRequestSender - Using pooled Channel '[id: 0x7a5e3ef5, L:/127.0.0.1:58804 - R:localhost/127.0.0.1:24244]' for 'POST' to 'http://localhost:24244/session/cae5b25563a2b95e404534f242109d9c/execute/sync'
14:24:24.926 [Forwarding getPageSource on session cae5b25563a2b95e404534f242109d9c to remote] DEBUG org.asynchttpclient.netty.request.NettyRequestSender - Using open Channel [id: 0x7a5e3ef5, L:/127.0.0.1:58804 - R:localhost/127.0.0.1:24244] for POST '/session/cae5b25563a2b95e404534f242109d9c/execute/sync'
14:24:24.969 [AsyncHttpClient-1-8] DEBUG org.asynchttpclient.netty.handler.HttpHandler - 

Request DefaultHttpRequest(decodeResult: success, version: HTTP/1.1)
POST /session/cae5b25563a2b95e404534f242109d9c/execute/sync HTTP/1.1
User-Agent: selenium/4.8.1 (java windows)
Content-Length: 176
Content-Type: application/json; charset=utf-8
host: localhost:24244
accept: */*

Response DefaultHttpResponse(decodeResult: success, version: HTTP/1.1)
HTTP/1.1 200 OK
Content-Length: 129157
Content-Type: application/json; charset=utf-8
cache-control: no-cache

14:24:24.970 [AsyncHttpClient-1-8] DEBUG org.asynchttpclient.netty.channel.ChannelManager - Adding key: http://localhost:24244 for channel [id: 0x7a5e3ef5, L:/127.0.0.1:58804 - R:localhost/127.0.0.1:24244]
14:24:25.006 [Forwarding getCurrentUrl on session cae5b25563a2b95e404534f242109d9c to remote] DEBUG org.asynchttpclient.netty.request.NettyRequestSender - Using pooled Channel '[id: 0x7a5e3ef5, L:/127.0.0.1:58804 - R:localhost/127.0.0.1:24244]' for 'GET' to 'http://localhost:24244/session/cae5b25563a2b95e404534f242109d9c/url'
14:24:25.007 [Forwarding getCurrentUrl on session cae5b25563a2b95e404534f242109d9c to remote] DEBUG org.asynchttpclient.netty.request.NettyRequestSender - Using open Channel [id: 0x7a5e3ef5, L:/127.0.0.1:58804 - R:localhost/127.0.0.1:24244] for GET '/session/cae5b25563a2b95e404534f242109d9c/url'
14:24:25.083 [AsyncHttpClient-1-8] DEBUG org.asynchttpclient.netty.handler.HttpHandler - 

Request DefaultFullHttpRequest(decodeResult: success, version: HTTP/1.1, content: EmptyByteBufBE)
GET /session/cae5b25563a2b95e404534f242109d9c/url HTTP/1.1
User-Agent: selenium/4.8.1 (java windows)
Cache-Control: no-cache
Content-Type: application/json; charset=utf-8
host: localhost:24244
accept: */*

Response DefaultHttpResponse(decodeResult: success, version: HTTP/1.1)
HTTP/1.1 200 OK
Content-Length: 40
Content-Type: application/json; charset=utf-8
cache-control: no-cache

14:24:25.084 [AsyncHttpClient-1-8] DEBUG org.asynchttpclient.netty.channel.ChannelManager - Adding key: http://localhost:24244 for channel [id: 0x7a5e3ef5, L:/127.0.0.1:58804 - R:localhost/127.0.0.1:24244]
14:24:25.091 [main] DEBUG net.thucydides.core.steps.StepInterceptor - STARTING STEP: Afrexim_Signin_steps.to_click_the_apply_for_facility_option - Click_applyfacility
14:24:25.102 [Forwarding findElement on session cae5b25563a2b95e404534f242109d9c to remote] DEBUG org.asynchttpclient.netty.request.NettyRequestSender - Using pooled Channel '[id: 0x7a5e3ef5, L:/127.0.0.1:58804 - R:localhost/127.0.0.1:24244]' for 'POST' to 'http://localhost:24244/session/cae5b25563a2b95e404534f242109d9c/element'
14:24:25.102 [Forwarding findElement on session cae5b25563a2b95e404534f242109d9c to remote] DEBUG org.asynchttpclient.netty.request.NettyRequestSender - Using open Channel [id: 0x7a5e3ef5, L:/127.0.0.1:58804 - R:localhost/127.0.0.1:24244] for POST '/session/cae5b25563a2b95e404534f242109d9c/element'
14:24:25.172 [AsyncHttpClient-1-8] DEBUG org.asynchttpclient.netty.handler.HttpHandler - 

Request DefaultHttpRequest(decodeResult: success, version: HTTP/1.1)
POST /session/cae5b25563a2b95e404534f242109d9c/element HTTP/1.1
User-Agent: selenium/4.8.1 (java windows)
Content-Length: 84
Content-Type: application/json; charset=utf-8
host: localhost:24244
accept: */*

Response DefaultHttpResponse(decodeResult: success, version: HTTP/1.1)
HTTP/1.1 200 OK
Content-Length: 95
Content-Type: application/json; charset=utf-8
cache-control: no-cache

14:24:25.173 [AsyncHttpClient-1-8] DEBUG org.asynchttpclient.netty.channel.ChannelManager - Adding key: http://localhost:24244 for channel [id: 0x7a5e3ef5, L:/127.0.0.1:58804 - R:localhost/127.0.0.1:24244]
14:24:25.177 [Forwarding getElementTagName on session cae5b25563a2b95e404534f242109d9c to remote] DEBUG org.asynchttpclient.netty.request.NettyRequestSender - Using pooled Channel '[id: 0x7a5e3ef5, L:/127.0.0.1:58804 - R:localhost/127.0.0.1:24244]' for 'GET' to 'http://localhost:24244/session/cae5b25563a2b95e404534f242109d9c/element/B023C0A1454EF790389FBAC4DDADD5F4_element_51/name'
14:24:25.177 [Forwarding getElementTagName on session cae5b25563a2b95e404534f242109d9c to remote] DEBUG org.asynchttpclient.netty.request.NettyRequestSender - Using open Channel [id: 0x7a5e3ef5, L:/127.0.0.1:58804 - R:localhost/127.0.0.1:24244] for GET '/session/cae5b25563a2b95e404534f242109d9c/element/B023C0A1454EF790389FBAC4DDADD5F4_element_51/name'
14:24:25.226 [AsyncHttpClient-1-8] DEBUG org.asynchttpclient.netty.handler.HttpHandler - 

Request DefaultFullHttpRequest(decodeResult: success, version: HTTP/1.1, content: EmptyByteBufBE)
GET /session/cae5b25563a2b95e404534f242109d9c/element/B023C0A1454EF790389FBAC4DDADD5F4_element_51/name HTTP/1.1
User-Agent: selenium/4.8.1 (java windows)
Cache-Control: no-cache
Content-Type: application/json; charset=utf-8
host: localhost:24244
accept: */*

Response DefaultHttpResponse(decodeResult: success, version: HTTP/1.1)
HTTP/1.1 200 OK
Content-Length: 13
Content-Type: application/json; charset=utf-8
cache-control: no-cache

14:24:25.226 [AsyncHttpClient-1-8] DEBUG org.asynchttpclient.netty.channel.ChannelManager - Adding key: http://localhost:24244 for channel [id: 0x7a5e3ef5, L:/127.0.0.1:58804 - R:localhost/127.0.0.1:24244]
14:24:25.230 [Forwarding getElementTagName on session cae5b25563a2b95e404534f242109d9c to remote] DEBUG org.asynchttpclient.netty.request.NettyRequestSender - Using pooled Channel '[id: 0x7a5e3ef5, L:/127.0.0.1:58804 - R:localhost/127.0.0.1:24244]' for 'GET' to 'http://localhost:24244/session/cae5b25563a2b95e404534f242109d9c/element/B023C0A1454EF790389FBAC4DDADD5F4_element_51/name'
14:24:25.230 [Forwarding getElementTagName on session cae5b25563a2b95e404534f242109d9c to remote] DEBUG org.asynchttpclient.netty.request.NettyRequestSender - Using open Channel [id: 0x7a5e3ef5, L:/127.0.0.1:58804 - R:localhost/127.0.0.1:24244] for GET '/session/cae5b25563a2b95e404534f242109d9c/element/B023C0A1454EF790389FBAC4DDADD5F4_element_51/name'
14:24:25.259 [AsyncHttpClient-1-8] DEBUG org.asynchttpclient.netty.handler.HttpHandler - 

Request DefaultFullHttpRequest(decodeResult: success, version: HTTP/1.1, content: EmptyByteBufBE)
GET /session/cae5b25563a2b95e404534f242109d9c/element/B023C0A1454EF790389FBAC4DDADD5F4_element_51/name HTTP/1.1
User-Agent: selenium/4.8.1 (java windows)
Cache-Control: no-cache
Content-Type: application/json; charset=utf-8
host: localhost:24244
accept: */*

Response DefaultHttpResponse(decodeResult: success, version: HTTP/1.1)
HTTP/1.1 200 OK
Content-Length: 13
Content-Type: application/json; charset=utf-8
cache-control: no-cache

14:24:25.259 [AsyncHttpClient-1-8] DEBUG org.asynchttpclient.netty.channel.ChannelManager - Adding key: http://localhost:24244 for channel [id: 0x7a5e3ef5, L:/127.0.0.1:58804 - R:localhost/127.0.0.1:24244]
14:24:25.263 [Forwarding findElement on session cae5b25563a2b95e404534f242109d9c to remote] DEBUG org.asynchttpclient.netty.request.NettyRequestSender - Using pooled Channel '[id: 0x7a5e3ef5, L:/127.0.0.1:58804 - R:localhost/127.0.0.1:24244]' for 'POST' to 'http://localhost:24244/session/cae5b25563a2b95e404534f242109d9c/element'
14:24:25.263 [Forwarding findElement on session cae5b25563a2b95e404534f242109d9c to remote] DEBUG org.asynchttpclient.netty.request.NettyRequestSender - Using open Channel [id: 0x7a5e3ef5, L:/127.0.0.1:58804 - R:localhost/127.0.0.1:24244] for POST '/session/cae5b25563a2b95e404534f242109d9c/element'
14:24:25.292 [AsyncHttpClient-1-8] DEBUG org.asynchttpclient.netty.handler.HttpHandler - 

Request DefaultHttpRequest(decodeResult: success, version: HTTP/1.1)
POST /session/cae5b25563a2b95e404534f242109d9c/element HTTP/1.1
User-Agent: selenium/4.8.1 (java windows)
Content-Length: 84
Content-Type: application/json; charset=utf-8
host: localhost:24244
accept: */*

Response DefaultHttpResponse(decodeResult: success, version: HTTP/1.1)
HTTP/1.1 200 OK
Content-Length: 95
Content-Type: application/json; charset=utf-8
cache-control: no-cache

14:24:25.293 [AsyncHttpClient-1-8] DEBUG org.asynchttpclient.netty.channel.ChannelManager - Adding key: http://localhost:24244 for channel [id: 0x7a5e3ef5, L:/127.0.0.1:58804 - R:localhost/127.0.0.1:24244]
14:24:25.295 [Forwarding clickElement on session cae5b25563a2b95e404534f242109d9c to remote] DEBUG org.asynchttpclient.netty.request.NettyRequestSender - Using pooled Channel '[id: 0x7a5e3ef5, L:/127.0.0.1:58804 - R:localhost/127.0.0.1:24244]' for 'POST' to 'http://localhost:24244/session/cae5b25563a2b95e404534f242109d9c/element/B023C0A1454EF790389FBAC4DDADD5F4_element_51/click'
14:24:25.295 [Forwarding clickElement on session cae5b25563a2b95e404534f242109d9c to remote] DEBUG org.asynchttpclient.netty.request.NettyRequestSender - Using open Channel [id: 0x7a5e3ef5, L:/127.0.0.1:58804 - R:localhost/127.0.0.1:24244] for POST '/session/cae5b25563a2b95e404534f242109d9c/element/B023C0A1454EF790389FBAC4DDADD5F4_element_51/click'
14:24:25.887 [AsyncHttpClient-1-1] DEBUG org.asynchttpclient.netty.channel.DefaultChannelPool - Entry count for : http://localhost:58806 : 1
14:24:26.989 [AsyncHttpClient-1-1] DEBUG org.asynchttpclient.netty.channel.DefaultChannelPool - Entry count for : http://localhost:58806 : 1
14:24:28.106 [AsyncHttpClient-1-1] DEBUG org.asynchttpclient.netty.channel.DefaultChannelPool - Entry count for : http://localhost:58806 : 1
14:24:28.801 [AsyncHttpClient-1-8] DEBUG org.asynchttpclient.netty.handler.HttpHandler - 

Request DefaultHttpRequest(decodeResult: success, version: HTTP/1.1)
POST /session/cae5b25563a2b95e404534f242109d9c/element/B023C0A1454EF790389FBAC4DDADD5F4_element_51/click HTTP/1.1
User-Agent: selenium/4.8.1 (java windows)
Content-Length: 57
Content-Type: application/json; charset=utf-8
host: localhost:24244
accept: */*

Response DefaultHttpResponse(decodeResult: success, version: HTTP/1.1)
HTTP/1.1 200 OK
Content-Length: 14
Content-Type: application/json; charset=utf-8
cache-control: no-cache

14:24:28.802 [AsyncHttpClient-1-8] DEBUG org.asynchttpclient.netty.channel.ChannelManager - Adding key: http://localhost:24244 for channel [id: 0x7a5e3ef5, L:/127.0.0.1:58804 - R:localhost/127.0.0.1:24244]
14:24:28.826 [Forwarding getAlertText on session cae5b25563a2b95e404534f242109d9c to remote] DEBUG org.asynchttpclient.netty.request.NettyRequestSender - Using pooled Channel '[id: 0x7a5e3ef5, L:/127.0.0.1:58804 - R:localhost/127.0.0.1:24244]' for 'GET' to 'http://localhost:24244/session/cae5b25563a2b95e404534f242109d9c/alert/text'
14:24:28.826 [Forwarding getAlertText on session cae5b25563a2b95e404534f242109d9c to remote] DEBUG org.asynchttpclient.netty.request.NettyRequestSender - Using open Channel [id: 0x7a5e3ef5, L:/127.0.0.1:58804 - R:localhost/127.0.0.1:24244] for GET '/session/cae5b25563a2b95e404534f242109d9c/alert/text'
14:24:28.844 [AsyncHttpClient-1-8] DEBUG org.asynchttpclient.netty.handler.HttpHandler - 

Request DefaultFullHttpRequest(decodeResult: success, version: HTTP/1.1, content: EmptyByteBufBE)
GET /session/cae5b25563a2b95e404534f242109d9c/alert/text HTTP/1.1
User-Agent: selenium/4.8.1 (java windows)
Cache-Control: no-cache
Content-Type: application/json; charset=utf-8
host: localhost:24244
accept: */*

Response DefaultHttpResponse(decodeResult: success, version: HTTP/1.1)
HTTP/1.1 404 Not Found
Content-Length: 821
Content-Type: application/json; charset=utf-8
cache-control: no-cache

14:24:28.844 [AsyncHttpClient-1-8] DEBUG org.asynchttpclient.netty.channel.ChannelManager - Adding key: http://localhost:24244 for channel [id: 0x7a5e3ef5, L:/127.0.0.1:58804 - R:localhost/127.0.0.1:24244]
14:24:28.850 [Forwarding getCurrentUrl on session cae5b25563a2b95e404534f242109d9c to remote] DEBUG org.asynchttpclient.netty.request.NettyRequestSender - Using pooled Channel '[id: 0x7a5e3ef5, L:/127.0.0.1:58804 - R:localhost/127.0.0.1:24244]' for 'GET' to 'http://localhost:24244/session/cae5b25563a2b95e404534f242109d9c/url'
14:24:28.850 [Forwarding getCurrentUrl on session cae5b25563a2b95e404534f242109d9c to remote] DEBUG org.asynchttpclient.netty.request.NettyRequestSender - Using open Channel [id: 0x7a5e3ef5, L:/127.0.0.1:58804 - R:localhost/127.0.0.1:24244] for GET '/session/cae5b25563a2b95e404534f242109d9c/url'
14:24:28.869 [AsyncHttpClient-1-8] DEBUG org.asynchttpclient.netty.handler.HttpHandler - 

Request DefaultFullHttpRequest(decodeResult: success, version: HTTP/1.1, content: EmptyByteBufBE)
GET /session/cae5b25563a2b95e404534f242109d9c/url HTTP/1.1
User-Agent: selenium/4.8.1 (java windows)
Cache-Control: no-cache
Content-Type: application/json; charset=utf-8
host: localhost:24244
accept: */*

Response DefaultHttpResponse(decodeResult: success, version: HTTP/1.1)
HTTP/1.1 200 OK
Content-Length: 54
Content-Type: application/json; charset=utf-8
cache-control: no-cache

14:24:28.869 [AsyncHttpClient-1-8] DEBUG org.asynchttpclient.netty.channel.ChannelManager - Adding key: http://localhost:24244 for channel [id: 0x7a5e3ef5, L:/127.0.0.1:58804 - R:localhost/127.0.0.1:24244]
14:24:28.872 [Forwarding screenshot on session cae5b25563a2b95e404534f242109d9c to remote] DEBUG org.asynchttpclient.netty.request.NettyRequestSender - Using pooled Channel '[id: 0x7a5e3ef5, L:/127.0.0.1:58804 - R:localhost/127.0.0.1:24244]' for 'GET' to 'http://localhost:24244/session/cae5b25563a2b95e404534f242109d9c/screenshot'
14:24:28.872 [Forwarding screenshot on session cae5b25563a2b95e404534f242109d9c to remote] DEBUG org.asynchttpclient.netty.request.NettyRequestSender - Using open Channel [id: 0x7a5e3ef5, L:/127.0.0.1:58804 - R:localhost/127.0.0.1:24244] for GET '/session/cae5b25563a2b95e404534f242109d9c/screenshot'
14:24:29.189 [AsyncHttpClient-1-1] DEBUG org.asynchttpclient.netty.channel.DefaultChannelPool - Entry count for : http://localhost:58806 : 1
14:24:29.316 [AsyncHttpClient-1-8] DEBUG org.asynchttpclient.netty.handler.HttpHandler - 

Request DefaultFullHttpRequest(decodeResult: success, version: HTTP/1.1, content: EmptyByteBufBE)
GET /session/cae5b25563a2b95e404534f242109d9c/screenshot HTTP/1.1
User-Agent: selenium/4.8.1 (java windows)
Cache-Control: no-cache
Content-Type: application/json; charset=utf-8
host: localhost:24244
accept: */*

Response DefaultHttpResponse(decodeResult: success, version: HTTP/1.1)
HTTP/1.1 200 OK
Content-Length: 51488
Content-Type: application/json; charset=utf-8
cache-control: no-cache

14:24:29.316 [AsyncHttpClient-1-8] DEBUG org.asynchttpclient.netty.channel.ChannelManager - Adding key: http://localhost:24244 for channel [id: 0x7a5e3ef5, L:/127.0.0.1:58804 - R:localhost/127.0.0.1:24244]
14:24:29.322 [main] DEBUG net.serenitybdd.core.photography.Darkroom - Send negative for processing for target\site\serenity\9857aafb41216484dfe4faf047dea54ef8bf2a79a20276e7a1ecaa7016b22ca1.png
14:24:29.322 [main] DEBUG net.thucydides.core.steps.StepInterceptor - STEP DONE: Click_applyfacility
14:24:29.340 [Forwarding getPageSource on session cae5b25563a2b95e404534f242109d9c to remote] DEBUG org.asynchttpclient.netty.request.NettyRequestSender - Using pooled Channel '[id: 0x7a5e3ef5, L:/127.0.0.1:58804 - R:localhost/127.0.0.1:24244]' for 'POST' to 'http://localhost:24244/session/cae5b25563a2b95e404534f242109d9c/execute/sync'
14:24:29.340 [Forwarding getPageSource on session cae5b25563a2b95e404534f242109d9c to remote] DEBUG org.asynchttpclient.netty.request.NettyRequestSender - Using open Channel [id: 0x7a5e3ef5, L:/127.0.0.1:58804 - R:localhost/127.0.0.1:24244] for POST '/session/cae5b25563a2b95e404534f242109d9c/execute/sync'
14:24:29.355 [AsyncHttpClient-1-8] DEBUG org.asynchttpclient.netty.handler.HttpHandler - 

Request DefaultHttpRequest(decodeResult: success, version: HTTP/1.1)
POST /session/cae5b25563a2b95e404534f242109d9c/execute/sync HTTP/1.1
User-Agent: selenium/4.8.1 (java windows)
Content-Length: 176
Content-Type: application/json; charset=utf-8
host: localhost:24244
accept: */*

Response DefaultHttpResponse(decodeResult: success, version: HTTP/1.1)
HTTP/1.1 200 OK
Content-Length: 6206
Content-Type: application/json; charset=utf-8
cache-control: no-cache

14:24:29.355 [AsyncHttpClient-1-8] DEBUG org.asynchttpclient.netty.channel.ChannelManager - Adding key: http://localhost:24244 for channel [id: 0x7a5e3ef5, L:/127.0.0.1:58804 - R:localhost/127.0.0.1:24244]
14:24:29.361 [Forwarding getCurrentUrl on session cae5b25563a2b95e404534f242109d9c to remote] DEBUG org.asynchttpclient.netty.request.NettyRequestSender - Using pooled Channel '[id: 0x7a5e3ef5, L:/127.0.0.1:58804 - R:localhost/127.0.0.1:24244]' for 'GET' to 'http://localhost:24244/session/cae5b25563a2b95e404534f242109d9c/url'
14:24:29.361 [Forwarding getCurrentUrl on session cae5b25563a2b95e404534f242109d9c to remote] DEBUG org.asynchttpclient.netty.request.NettyRequestSender - Using open Channel [id: 0x7a5e3ef5, L:/127.0.0.1:58804 - R:localhost/127.0.0.1:24244] for GET '/session/cae5b25563a2b95e404534f242109d9c/url'
14:24:29.382 [AsyncHttpClient-1-8] DEBUG org.asynchttpclient.netty.handler.HttpHandler - 

Request DefaultFullHttpRequest(decodeResult: success, version: HTTP/1.1, content: EmptyByteBufBE)
GET /session/cae5b25563a2b95e404534f242109d9c/url HTTP/1.1
User-Agent: selenium/4.8.1 (java windows)
Cache-Control: no-cache
Content-Type: application/json; charset=utf-8
host: localhost:24244
accept: */*

Response DefaultHttpResponse(decodeResult: success, version: HTTP/1.1)
HTTP/1.1 200 OK
Content-Length: 54
Content-Type: application/json; charset=utf-8
cache-control: no-cache

14:24:29.382 [AsyncHttpClient-1-8] DEBUG org.asynchttpclient.netty.channel.ChannelManager - Adding key: http://localhost:24244 for channel [id: 0x7a5e3ef5, L:/127.0.0.1:58804 - R:localhost/127.0.0.1:24244]
14:24:29.413 [Forwarding getAlertText on session cae5b25563a2b95e404534f242109d9c to remote] DEBUG org.asynchttpclient.netty.request.NettyRequestSender - Using pooled Channel '[id: 0x7a5e3ef5, L:/127.0.0.1:58804 - R:localhost/127.0.0.1:24244]' for 'GET' to 'http://localhost:24244/session/cae5b25563a2b95e404534f242109d9c/alert/text'
14:24:29.413 [Forwarding getAlertText on session cae5b25563a2b95e404534f242109d9c to remote] DEBUG org.asynchttpclient.netty.request.NettyRequestSender - Using open Channel [id: 0x7a5e3ef5, L:/127.0.0.1:58804 - R:localhost/127.0.0.1:24244] for GET '/session/cae5b25563a2b95e404534f242109d9c/alert/text'
14:24:29.417 [AsyncHttpClient-1-8] DEBUG org.asynchttpclient.netty.handler.HttpHandler - 

Request DefaultFullHttpRequest(decodeResult: success, version: HTTP/1.1, content: EmptyByteBufBE)
GET /session/cae5b25563a2b95e404534f242109d9c/alert/text HTTP/1.1
User-Agent: selenium/4.8.1 (java windows)
Cache-Control: no-cache
Content-Type: application/json; charset=utf-8
host: localhost:24244
accept: */*

Response DefaultHttpResponse(decodeResult: success, version: HTTP/1.1)
HTTP/1.1 404 Not Found
Content-Length: 821
Content-Type: application/json; charset=utf-8
cache-control: no-cache

14:24:29.417 [AsyncHttpClient-1-8] DEBUG org.asynchttpclient.netty.channel.ChannelManager - Adding key: http://localhost:24244 for channel [id: 0x7a5e3ef5, L:/127.0.0.1:58804 - R:localhost/127.0.0.1:24244]
14:24:29.418 [Forwarding getCurrentUrl on session cae5b25563a2b95e404534f242109d9c to remote] DEBUG org.asynchttpclient.netty.request.NettyRequestSender - Using pooled Channel '[id: 0x7a5e3ef5, L:/127.0.0.1:58804 - R:localhost/127.0.0.1:24244]' for 'GET' to 'http://localhost:24244/session/cae5b25563a2b95e404534f242109d9c/url'
14:24:29.419 [Forwarding getCurrentUrl on session cae5b25563a2b95e404534f242109d9c to remote] DEBUG org.asynchttpclient.netty.request.NettyRequestSender - Using open Channel [id: 0x7a5e3ef5, L:/127.0.0.1:58804 - R:localhost/127.0.0.1:24244] for GET '/session/cae5b25563a2b95e404534f242109d9c/url'
14:24:29.426 [AsyncHttpClient-1-8] DEBUG org.asynchttpclient.netty.handler.HttpHandler - 

Request DefaultFullHttpRequest(decodeResult: success, version: HTTP/1.1, content: EmptyByteBufBE)
GET /session/cae5b25563a2b95e404534f242109d9c/url HTTP/1.1
User-Agent: selenium/4.8.1 (java windows)
Cache-Control: no-cache
Content-Type: application/json; charset=utf-8
host: localhost:24244
accept: */*

Response DefaultHttpResponse(decodeResult: success, version: HTTP/1.1)
HTTP/1.1 200 OK
Content-Length: 54
Content-Type: application/json; charset=utf-8
cache-control: no-cache

14:24:29.427 [AsyncHttpClient-1-8] DEBUG org.asynchttpclient.netty.channel.ChannelManager - Adding key: http://localhost:24244 for channel [id: 0x7a5e3ef5, L:/127.0.0.1:58804 - R:localhost/127.0.0.1:24244]
14:24:29.427 [Forwarding screenshot on session cae5b25563a2b95e404534f242109d9c to remote] DEBUG org.asynchttpclient.netty.request.NettyRequestSender - Using pooled Channel '[id: 0x7a5e3ef5, L:/127.0.0.1:58804 - R:localhost/127.0.0.1:24244]' for 'GET' to 'http://localhost:24244/session/cae5b25563a2b95e404534f242109d9c/screenshot'
14:24:29.427 [Forwarding screenshot on session cae5b25563a2b95e404534f242109d9c to remote] DEBUG org.asynchttpclient.netty.request.NettyRequestSender - Using open Channel [id: 0x7a5e3ef5, L:/127.0.0.1:58804 - R:localhost/127.0.0.1:24244] for GET '/session/cae5b25563a2b95e404534f242109d9c/screenshot'
14:24:29.648 [AsyncHttpClient-1-8] DEBUG org.asynchttpclient.netty.handler.HttpHandler - 

Request DefaultFullHttpRequest(decodeResult: success, version: HTTP/1.1, content: EmptyByteBufBE)
GET /session/cae5b25563a2b95e404534f242109d9c/screenshot HTTP/1.1
User-Agent: selenium/4.8.1 (java windows)
Cache-Control: no-cache
Content-Type: application/json; charset=utf-8
host: localhost:24244
accept: */*

Response DefaultHttpResponse(decodeResult: success, version: HTTP/1.1)
HTTP/1.1 200 OK
Content-Length: 51488
Content-Type: application/json; charset=utf-8
cache-control: no-cache

14:24:29.649 [AsyncHttpClient-1-8] DEBUG org.asynchttpclient.netty.channel.ChannelManager - Adding key: http://localhost:24244 for channel [id: 0x7a5e3ef5, L:/127.0.0.1:58804 - R:localhost/127.0.0.1:24244]
14:24:29.653 [main] DEBUG net.serenitybdd.core.photography.Darkroom - Send negative for processing for target\site\serenity\9857aafb41216484dfe4faf047dea54ef8bf2a79a20276e7a1ecaa7016b22ca1.png
14:24:29.657 [Forwarding getPageSource on session cae5b25563a2b95e404534f242109d9c to remote] DEBUG org.asynchttpclient.netty.request.NettyRequestSender - Using pooled Channel '[id: 0x7a5e3ef5, L:/127.0.0.1:58804 - R:localhost/127.0.0.1:24244]' for 'POST' to 'http://localhost:24244/session/cae5b25563a2b95e404534f242109d9c/execute/sync'
14:24:29.657 [Forwarding getPageSource on session cae5b25563a2b95e404534f242109d9c to remote] DEBUG org.asynchttpclient.netty.request.NettyRequestSender - Using open Channel [id: 0x7a5e3ef5, L:/127.0.0.1:58804 - R:localhost/127.0.0.1:24244] for POST '/session/cae5b25563a2b95e404534f242109d9c/execute/sync'
14:24:29.674 [AsyncHttpClient-1-8] DEBUG org.asynchttpclient.netty.handler.HttpHandler - 

Request DefaultHttpRequest(decodeResult: success, version: HTTP/1.1)
POST /session/cae5b25563a2b95e404534f242109d9c/execute/sync HTTP/1.1
User-Agent: selenium/4.8.1 (java windows)
Content-Length: 176
Content-Type: application/json; charset=utf-8
host: localhost:24244
accept: */*

Response DefaultHttpResponse(decodeResult: success, version: HTTP/1.1)
HTTP/1.1 200 OK
Content-Length: 6206
Content-Type: application/json; charset=utf-8
cache-control: no-cache

14:24:29.674 [AsyncHttpClient-1-8] DEBUG org.asynchttpclient.netty.channel.ChannelManager - Adding key: http://localhost:24244 for channel [id: 0x7a5e3ef5, L:/127.0.0.1:58804 - R:localhost/127.0.0.1:24244]
14:24:29.678 [Forwarding getCurrentUrl on session cae5b25563a2b95e404534f242109d9c to remote] DEBUG org.asynchttpclient.netty.request.NettyRequestSender - Using pooled Channel '[id: 0x7a5e3ef5, L:/127.0.0.1:58804 - R:localhost/127.0.0.1:24244]' for 'GET' to 'http://localhost:24244/session/cae5b25563a2b95e404534f242109d9c/url'
14:24:29.679 [Forwarding getCurrentUrl on session cae5b25563a2b95e404534f242109d9c to remote] DEBUG org.asynchttpclient.netty.request.NettyRequestSender - Using open Channel [id: 0x7a5e3ef5, L:/127.0.0.1:58804 - R:localhost/127.0.0.1:24244] for GET '/session/cae5b25563a2b95e404534f242109d9c/url'
14:24:29.690 [AsyncHttpClient-1-8] DEBUG org.asynchttpclient.netty.handler.HttpHandler - 

Request DefaultFullHttpRequest(decodeResult: success, version: HTTP/1.1, content: EmptyByteBufBE)
GET /session/cae5b25563a2b95e404534f242109d9c/url HTTP/1.1
User-Agent: selenium/4.8.1 (java windows)
Cache-Control: no-cache
Content-Type: application/json; charset=utf-8
host: localhost:24244
accept: */*

Response DefaultHttpResponse(decodeResult: success, version: HTTP/1.1)
HTTP/1.1 200 OK
Content-Length: 54
Content-Type: application/json; charset=utf-8
cache-control: no-cache

14:24:29.690 [AsyncHttpClient-1-8] DEBUG org.asynchttpclient.netty.channel.ChannelManager - Adding key: http://localhost:24244 for channel [id: 0x7a5e3ef5, L:/127.0.0.1:58804 - R:localhost/127.0.0.1:24244]
14:24:29.696 [main] DEBUG net.thucydides.core.steps.StepInterceptor - STARTING STEP: Afrexim_ForgotPassword_Steps.click_the_forgot_password_link - Click_the_Forgot_Password_link
14:24:29.701 [Forwarding findElement on session cae5b25563a2b95e404534f242109d9c to remote] DEBUG org.asynchttpclient.netty.request.NettyRequestSender - Using pooled Channel '[id: 0x7a5e3ef5, L:/127.0.0.1:58804 - R:localhost/127.0.0.1:24244]' for 'POST' to 'http://localhost:24244/session/cae5b25563a2b95e404534f242109d9c/element'
14:24:29.701 [Forwarding findElement on session cae5b25563a2b95e404534f242109d9c to remote] DEBUG org.asynchttpclient.netty.request.NettyRequestSender - Using open Channel [id: 0x7a5e3ef5, L:/127.0.0.1:58804 - R:localhost/127.0.0.1:24244] for POST '/session/cae5b25563a2b95e404534f242109d9c/element'
14:24:29.725 [AsyncHttpClient-1-8] DEBUG org.asynchttpclient.netty.handler.HttpHandler - 

Request DefaultHttpRequest(decodeResult: success, version: HTTP/1.1)
POST /session/cae5b25563a2b95e404534f242109d9c/element HTTP/1.1
User-Agent: selenium/4.8.1 (java windows)
Content-Length: 76
Content-Type: application/json; charset=utf-8
host: localhost:24244
accept: */*

Response DefaultHttpResponse(decodeResult: success, version: HTTP/1.1)
HTTP/1.1 200 OK
Content-Length: 95
Content-Type: application/json; charset=utf-8
cache-control: no-cache

14:24:29.726 [AsyncHttpClient-1-8] DEBUG org.asynchttpclient.netty.channel.ChannelManager - Adding key: http://localhost:24244 for channel [id: 0x7a5e3ef5, L:/127.0.0.1:58804 - R:localhost/127.0.0.1:24244]
14:24:29.728 [Forwarding getElementTagName on session cae5b25563a2b95e404534f242109d9c to remote] DEBUG org.asynchttpclient.netty.request.NettyRequestSender - Using pooled Channel '[id: 0x7a5e3ef5, L:/127.0.0.1:58804 - R:localhost/127.0.0.1:24244]' for 'GET' to 'http://localhost:24244/session/cae5b25563a2b95e404534f242109d9c/element/9DAE7C1B2728749F6F2B91D3E7D957F0_element_62/name'
14:24:29.729 [Forwarding getElementTagName on session cae5b25563a2b95e404534f242109d9c to remote] DEBUG org.asynchttpclient.netty.request.NettyRequestSender - Using open Channel [id: 0x7a5e3ef5, L:/127.0.0.1:58804 - R:localhost/127.0.0.1:24244] for GET '/session/cae5b25563a2b95e404534f242109d9c/element/9DAE7C1B2728749F6F2B91D3E7D957F0_element_62/name'
14:24:29.740 [AsyncHttpClient-1-8] DEBUG org.asynchttpclient.netty.handler.HttpHandler - 

Request DefaultFullHttpRequest(decodeResult: success, version: HTTP/1.1, content: EmptyByteBufBE)
GET /session/cae5b25563a2b95e404534f242109d9c/element/9DAE7C1B2728749F6F2B91D3E7D957F0_element_62/name HTTP/1.1
User-Agent: selenium/4.8.1 (java windows)
Cache-Control: no-cache
Content-Type: application/json; charset=utf-8
host: localhost:24244
accept: */*

Response DefaultHttpResponse(decodeResult: success, version: HTTP/1.1)
HTTP/1.1 200 OK
Content-Length: 13
Content-Type: application/json; charset=utf-8
cache-control: no-cache

14:24:29.740 [AsyncHttpClient-1-8] DEBUG org.asynchttpclient.netty.channel.ChannelManager - Adding key: http://localhost:24244 for channel [id: 0x7a5e3ef5, L:/127.0.0.1:58804 - R:localhost/127.0.0.1:24244]
14:24:29.743 [Forwarding getElementTagName on session cae5b25563a2b95e404534f242109d9c to remote] DEBUG org.asynchttpclient.netty.request.NettyRequestSender - Using pooled Channel '[id: 0x7a5e3ef5, L:/127.0.0.1:58804 - R:localhost/127.0.0.1:24244]' for 'GET' to 'http://localhost:24244/session/cae5b25563a2b95e404534f242109d9c/element/9DAE7C1B2728749F6F2B91D3E7D957F0_element_62/name'
14:24:29.743 [Forwarding getElementTagName on session cae5b25563a2b95e404534f242109d9c to remote] DEBUG org.asynchttpclient.netty.request.NettyRequestSender - Using open Channel [id: 0x7a5e3ef5, L:/127.0.0.1:58804 - R:localhost/127.0.0.1:24244] for GET '/session/cae5b25563a2b95e404534f242109d9c/element/9DAE7C1B2728749F6F2B91D3E7D957F0_element_62/name'
14:24:29.754 [AsyncHttpClient-1-8] DEBUG org.asynchttpclient.netty.handler.HttpHandler - 

Request DefaultFullHttpRequest(decodeResult: success, version: HTTP/1.1, content: EmptyByteBufBE)
GET /session/cae5b25563a2b95e404534f242109d9c/element/9DAE7C1B2728749F6F2B91D3E7D957F0_element_62/name HTTP/1.1
User-Agent: selenium/4.8.1 (java windows)
Cache-Control: no-cache
Content-Type: application/json; charset=utf-8
host: localhost:24244
accept: */*

Response DefaultHttpResponse(decodeResult: success, version: HTTP/1.1)
HTTP/1.1 200 OK
Content-Length: 13
Content-Type: application/json; charset=utf-8
cache-control: no-cache

14:24:29.754 [AsyncHttpClient-1-8] DEBUG org.asynchttpclient.netty.channel.ChannelManager - Adding key: http://localhost:24244 for channel [id: 0x7a5e3ef5, L:/127.0.0.1:58804 - R:localhost/127.0.0.1:24244]
14:24:29.760 [Forwarding findElement on session cae5b25563a2b95e404534f242109d9c to remote] DEBUG org.asynchttpclient.netty.request.NettyRequestSender - Using pooled Channel '[id: 0x7a5e3ef5, L:/127.0.0.1:58804 - R:localhost/127.0.0.1:24244]' for 'POST' to 'http://localhost:24244/session/cae5b25563a2b95e404534f242109d9c/element'
14:24:29.760 [Forwarding findElement on session cae5b25563a2b95e404534f242109d9c to remote] DEBUG org.asynchttpclient.netty.request.NettyRequestSender - Using open Channel [id: 0x7a5e3ef5, L:/127.0.0.1:58804 - R:localhost/127.0.0.1:24244] for POST '/session/cae5b25563a2b95e404534f242109d9c/element'
14:24:29.782 [AsyncHttpClient-1-8] DEBUG org.asynchttpclient.netty.handler.HttpHandler - 

Request DefaultHttpRequest(decodeResult: success, version: HTTP/1.1)
POST /session/cae5b25563a2b95e404534f242109d9c/element HTTP/1.1
User-Agent: selenium/4.8.1 (java windows)
Content-Length: 76
Content-Type: application/json; charset=utf-8
host: localhost:24244
accept: */*

Response DefaultHttpResponse(decodeResult: success, version: HTTP/1.1)
HTTP/1.1 200 OK
Content-Length: 95
Content-Type: application/json; charset=utf-8
cache-control: no-cache

14:24:29.783 [AsyncHttpClient-1-8] DEBUG org.asynchttpclient.netty.channel.ChannelManager - Adding key: http://localhost:24244 for channel [id: 0x7a5e3ef5, L:/127.0.0.1:58804 - R:localhost/127.0.0.1:24244]
14:24:29.785 [Forwarding clickElement on session cae5b25563a2b95e404534f242109d9c to remote] DEBUG org.asynchttpclient.netty.request.NettyRequestSender - Using pooled Channel '[id: 0x7a5e3ef5, L:/127.0.0.1:58804 - R:localhost/127.0.0.1:24244]' for 'POST' to 'http://localhost:24244/session/cae5b25563a2b95e404534f242109d9c/element/9DAE7C1B2728749F6F2B91D3E7D957F0_element_62/click'
14:24:29.785 [Forwarding clickElement on session cae5b25563a2b95e404534f242109d9c to remote] DEBUG org.asynchttpclient.netty.request.NettyRequestSender - Using open Channel [id: 0x7a5e3ef5, L:/127.0.0.1:58804 - R:localhost/127.0.0.1:24244] for POST '/session/cae5b25563a2b95e404534f242109d9c/element/9DAE7C1B2728749F6F2B91D3E7D957F0_element_62/click'
14:24:29.943 [AsyncHttpClient-1-8] DEBUG org.asynchttpclient.netty.handler.HttpHandler - 

Request DefaultHttpRequest(decodeResult: success, version: HTTP/1.1)
POST /session/cae5b25563a2b95e404534f242109d9c/element/9DAE7C1B2728749F6F2B91D3E7D957F0_element_62/click HTTP/1.1
User-Agent: selenium/4.8.1 (java windows)
Content-Length: 57
Content-Type: application/json; charset=utf-8
host: localhost:24244
accept: */*

Response DefaultHttpResponse(decodeResult: success, version: HTTP/1.1)
HTTP/1.1 200 OK
Content-Length: 14
Content-Type: application/json; charset=utf-8
cache-control: no-cache

14:24:29.943 [AsyncHttpClient-1-8] DEBUG org.asynchttpclient.netty.channel.ChannelManager - Adding key: http://localhost:24244 for channel [id: 0x7a5e3ef5, L:/127.0.0.1:58804 - R:localhost/127.0.0.1:24244]
14:24:29.965 [Forwarding getAlertText on session cae5b25563a2b95e404534f242109d9c to remote] DEBUG org.asynchttpclient.netty.request.NettyRequestSender - Using pooled Channel '[id: 0x7a5e3ef5, L:/127.0.0.1:58804 - R:localhost/127.0.0.1:24244]' for 'GET' to 'http://localhost:24244/session/cae5b25563a2b95e404534f242109d9c/alert/text'
14:24:29.965 [Forwarding getAlertText on session cae5b25563a2b95e404534f242109d9c to remote] DEBUG org.asynchttpclient.netty.request.NettyRequestSender - Using open Channel [id: 0x7a5e3ef5, L:/127.0.0.1:58804 - R:localhost/127.0.0.1:24244] for GET '/session/cae5b25563a2b95e404534f242109d9c/alert/text'
14:24:29.975 [AsyncHttpClient-1-8] DEBUG org.asynchttpclient.netty.handler.HttpHandler - 

Request DefaultFullHttpRequest(decodeResult: success, version: HTTP/1.1, content: EmptyByteBufBE)
GET /session/cae5b25563a2b95e404534f242109d9c/alert/text HTTP/1.1
User-Agent: selenium/4.8.1 (java windows)
Cache-Control: no-cache
Content-Type: application/json; charset=utf-8
host: localhost:24244
accept: */*

Response DefaultHttpResponse(decodeResult: success, version: HTTP/1.1)
HTTP/1.1 404 Not Found
Content-Length: 821
Content-Type: application/json; charset=utf-8
cache-control: no-cache

14:24:29.976 [AsyncHttpClient-1-8] DEBUG org.asynchttpclient.netty.channel.ChannelManager - Adding key: http://localhost:24244 for channel [id: 0x7a5e3ef5, L:/127.0.0.1:58804 - R:localhost/127.0.0.1:24244]
14:24:29.980 [Forwarding getCurrentUrl on session cae5b25563a2b95e404534f242109d9c to remote] DEBUG org.asynchttpclient.netty.request.NettyRequestSender - Using pooled Channel '[id: 0x7a5e3ef5, L:/127.0.0.1:58804 - R:localhost/127.0.0.1:24244]' for 'GET' to 'http://localhost:24244/session/cae5b25563a2b95e404534f242109d9c/url'
14:24:29.980 [Forwarding getCurrentUrl on session cae5b25563a2b95e404534f242109d9c to remote] DEBUG org.asynchttpclient.netty.request.NettyRequestSender - Using open Channel [id: 0x7a5e3ef5, L:/127.0.0.1:58804 - R:localhost/127.0.0.1:24244] for GET '/session/cae5b25563a2b95e404534f242109d9c/url'
14:24:30.001 [AsyncHttpClient-1-8] DEBUG org.asynchttpclient.netty.handler.HttpHandler - 

Request DefaultFullHttpRequest(decodeResult: success, version: HTTP/1.1, content: EmptyByteBufBE)
GET /session/cae5b25563a2b95e404534f242109d9c/url HTTP/1.1
User-Agent: selenium/4.8.1 (java windows)
Cache-Control: no-cache
Content-Type: application/json; charset=utf-8
host: localhost:24244
accept: */*

Response DefaultHttpResponse(decodeResult: success, version: HTTP/1.1)
HTTP/1.1 200 OK
Content-Length: 69
Content-Type: application/json; charset=utf-8
cache-control: no-cache

14:24:30.002 [AsyncHttpClient-1-8] DEBUG org.asynchttpclient.netty.channel.ChannelManager - Adding key: http://localhost:24244 for channel [id: 0x7a5e3ef5, L:/127.0.0.1:58804 - R:localhost/127.0.0.1:24244]
14:24:30.005 [Forwarding screenshot on session cae5b25563a2b95e404534f242109d9c to remote] DEBUG org.asynchttpclient.netty.request.NettyRequestSender - Using pooled Channel '[id: 0x7a5e3ef5, L:/127.0.0.1:58804 - R:localhost/127.0.0.1:24244]' for 'GET' to 'http://localhost:24244/session/cae5b25563a2b95e404534f242109d9c/screenshot'
14:24:30.005 [Forwarding screenshot on session cae5b25563a2b95e404534f242109d9c to remote] DEBUG org.asynchttpclient.netty.request.NettyRequestSender - Using open Channel [id: 0x7a5e3ef5, L:/127.0.0.1:58804 - R:localhost/127.0.0.1:24244] for GET '/session/cae5b25563a2b95e404534f242109d9c/screenshot'
14:24:30.213 [AsyncHttpClient-1-8] DEBUG org.asynchttpclient.netty.handler.HttpHandler - 

Request DefaultFullHttpRequest(decodeResult: success, version: HTTP/1.1, content: EmptyByteBufBE)
GET /session/cae5b25563a2b95e404534f242109d9c/screenshot HTTP/1.1
User-Agent: selenium/4.8.1 (java windows)
Cache-Control: no-cache
Content-Type: application/json; charset=utf-8
host: localhost:24244
accept: */*

Response DefaultHttpResponse(decodeResult: success, version: HTTP/1.1)
HTTP/1.1 200 OK
Content-Length: 44828
Content-Type: application/json; charset=utf-8
cache-control: no-cache

14:24:30.213 [AsyncHttpClient-1-8] DEBUG org.asynchttpclient.netty.channel.ChannelManager - Adding key: http://localhost:24244 for channel [id: 0x7a5e3ef5, L:/127.0.0.1:58804 - R:localhost/127.0.0.1:24244]
14:24:30.221 [main] DEBUG net.serenitybdd.core.photography.Darkroom - Send negative for processing for target\site\serenity\a80a53598cf6b0318830f38780044bd5635cd34ede590d2f97a183a719421760.png
14:24:30.221 [main] DEBUG net.thucydides.core.steps.StepInterceptor - STEP DONE: Click_the_Forgot_Password_link
14:24:30.243 [Forwarding getPageSource on session cae5b25563a2b95e404534f242109d9c to remote] DEBUG org.asynchttpclient.netty.request.NettyRequestSender - Using pooled Channel '[id: 0x7a5e3ef5, L:/127.0.0.1:58804 - R:localhost/127.0.0.1:24244]' for 'POST' to 'http://localhost:24244/session/cae5b25563a2b95e404534f242109d9c/execute/sync'
14:24:30.244 [Forwarding getPageSource on session cae5b25563a2b95e404534f242109d9c to remote] DEBUG org.asynchttpclient.netty.request.NettyRequestSender - Using open Channel [id: 0x7a5e3ef5, L:/127.0.0.1:58804 - R:localhost/127.0.0.1:24244] for POST '/session/cae5b25563a2b95e404534f242109d9c/execute/sync'
14:24:30.256 [AsyncHttpClient-1-8] DEBUG org.asynchttpclient.netty.handler.HttpHandler - 

Request DefaultHttpRequest(decodeResult: success, version: HTTP/1.1)
POST /session/cae5b25563a2b95e404534f242109d9c/execute/sync HTTP/1.1
User-Agent: selenium/4.8.1 (java windows)
Content-Length: 176
Content-Type: application/json; charset=utf-8
host: localhost:24244
accept: */*

Response DefaultHttpResponse(decodeResult: success, version: HTTP/1.1)
HTTP/1.1 200 OK
Content-Length: 5605
Content-Type: application/json; charset=utf-8
cache-control: no-cache

14:24:30.256 [AsyncHttpClient-1-8] DEBUG org.asynchttpclient.netty.channel.ChannelManager - Adding key: http://localhost:24244 for channel [id: 0x7a5e3ef5, L:/127.0.0.1:58804 - R:localhost/127.0.0.1:24244]
14:24:30.260 [Forwarding getCurrentUrl on session cae5b25563a2b95e404534f242109d9c to remote] DEBUG org.asynchttpclient.netty.request.NettyRequestSender - Using pooled Channel '[id: 0x7a5e3ef5, L:/127.0.0.1:58804 - R:localhost/127.0.0.1:24244]' for 'GET' to 'http://localhost:24244/session/cae5b25563a2b95e404534f242109d9c/url'
14:24:30.260 [Forwarding getCurrentUrl on session cae5b25563a2b95e404534f242109d9c to remote] DEBUG org.asynchttpclient.netty.request.NettyRequestSender - Using open Channel [id: 0x7a5e3ef5, L:/127.0.0.1:58804 - R:localhost/127.0.0.1:24244] for GET '/session/cae5b25563a2b95e404534f242109d9c/url'
14:24:30.282 [AsyncHttpClient-1-8] DEBUG org.asynchttpclient.netty.handler.HttpHandler - 

Request DefaultFullHttpRequest(decodeResult: success, version: HTTP/1.1, content: EmptyByteBufBE)
GET /session/cae5b25563a2b95e404534f242109d9c/url HTTP/1.1
User-Agent: selenium/4.8.1 (java windows)
Cache-Control: no-cache
Content-Type: application/json; charset=utf-8
host: localhost:24244
accept: */*

Response DefaultHttpResponse(decodeResult: success, version: HTTP/1.1)
HTTP/1.1 200 OK
Content-Length: 69
Content-Type: application/json; charset=utf-8
cache-control: no-cache

14:24:30.282 [AsyncHttpClient-1-8] DEBUG org.asynchttpclient.netty.channel.ChannelManager - Adding key: http://localhost:24244 for channel [id: 0x7a5e3ef5, L:/127.0.0.1:58804 - R:localhost/127.0.0.1:24244]
14:24:30.293 [AsyncHttpClient-1-1] DEBUG org.asynchttpclient.netty.channel.DefaultChannelPool - Entry count for : http://localhost:24244 : 1
14:24:30.293 [AsyncHttpClient-1-1] DEBUG org.asynchttpclient.netty.channel.DefaultChannelPool - Entry count for : http://localhost:58806 : 1
14:24:30.304 [Forwarding getAlertText on session cae5b25563a2b95e404534f242109d9c to remote] DEBUG org.asynchttpclient.netty.request.NettyRequestSender - Using pooled Channel '[id: 0x7a5e3ef5, L:/127.0.0.1:58804 - R:localhost/127.0.0.1:24244]' for 'GET' to 'http://localhost:24244/session/cae5b25563a2b95e404534f242109d9c/alert/text'
14:24:30.304 [Forwarding getAlertText on session cae5b25563a2b95e404534f242109d9c to remote] DEBUG org.asynchttpclient.netty.request.NettyRequestSender - Using open Channel [id: 0x7a5e3ef5, L:/127.0.0.1:58804 - R:localhost/127.0.0.1:24244] for GET '/session/cae5b25563a2b95e404534f242109d9c/alert/text'
14:24:30.317 [AsyncHttpClient-1-8] DEBUG org.asynchttpclient.netty.handler.HttpHandler - 

Request DefaultFullHttpRequest(decodeResult: success, version: HTTP/1.1, content: EmptyByteBufBE)
GET /session/cae5b25563a2b95e404534f242109d9c/alert/text HTTP/1.1
User-Agent: selenium/4.8.1 (java windows)
Cache-Control: no-cache
Content-Type: application/json; charset=utf-8
host: localhost:24244
accept: */*

Response DefaultHttpResponse(decodeResult: success, version: HTTP/1.1)
HTTP/1.1 404 Not Found
Content-Length: 821
Content-Type: application/json; charset=utf-8
cache-control: no-cache

14:24:30.318 [AsyncHttpClient-1-8] DEBUG org.asynchttpclient.netty.channel.ChannelManager - Adding key: http://localhost:24244 for channel [id: 0x7a5e3ef5, L:/127.0.0.1:58804 - R:localhost/127.0.0.1:24244]
14:24:30.322 [Forwarding getCurrentUrl on session cae5b25563a2b95e404534f242109d9c to remote] DEBUG org.asynchttpclient.netty.request.NettyRequestSender - Using pooled Channel '[id: 0x7a5e3ef5, L:/127.0.0.1:58804 - R:localhost/127.0.0.1:24244]' for 'GET' to 'http://localhost:24244/session/cae5b25563a2b95e404534f242109d9c/url'
14:24:30.323 [Forwarding getCurrentUrl on session cae5b25563a2b95e404534f242109d9c to remote] DEBUG org.asynchttpclient.netty.request.NettyRequestSender - Using open Channel [id: 0x7a5e3ef5, L:/127.0.0.1:58804 - R:localhost/127.0.0.1:24244] for GET '/session/cae5b25563a2b95e404534f242109d9c/url'
14:24:30.336 [AsyncHttpClient-1-8] DEBUG org.asynchttpclient.netty.handler.HttpHandler - 

Request DefaultFullHttpRequest(decodeResult: success, version: HTTP/1.1, content: EmptyByteBufBE)
GET /session/cae5b25563a2b95e404534f242109d9c/url HTTP/1.1
User-Agent: selenium/4.8.1 (java windows)
Cache-Control: no-cache
Content-Type: application/json; charset=utf-8
host: localhost:24244
accept: */*

Response DefaultHttpResponse(decodeResult: success, version: HTTP/1.1)
HTTP/1.1 200 OK
Content-Length: 69
Content-Type: application/json; charset=utf-8
cache-control: no-cache

14:24:30.336 [AsyncHttpClient-1-8] DEBUG org.asynchttpclient.netty.channel.ChannelManager - Adding key: http://localhost:24244 for channel [id: 0x7a5e3ef5, L:/127.0.0.1:58804 - R:localhost/127.0.0.1:24244]
14:24:30.338 [Forwarding screenshot on session cae5b25563a2b95e404534f242109d9c to remote] DEBUG org.asynchttpclient.netty.request.NettyRequestSender - Using pooled Channel '[id: 0x7a5e3ef5, L:/127.0.0.1:58804 - R:localhost/127.0.0.1:24244]' for 'GET' to 'http://localhost:24244/session/cae5b25563a2b95e404534f242109d9c/screenshot'
14:24:30.338 [Forwarding screenshot on session cae5b25563a2b95e404534f242109d9c to remote] DEBUG org.asynchttpclient.netty.request.NettyRequestSender - Using open Channel [id: 0x7a5e3ef5, L:/127.0.0.1:58804 - R:localhost/127.0.0.1:24244] for GET '/session/cae5b25563a2b95e404534f242109d9c/screenshot'
14:24:30.562 [AsyncHttpClient-1-8] DEBUG org.asynchttpclient.netty.handler.HttpHandler - 

Request DefaultFullHttpRequest(decodeResult: success, version: HTTP/1.1, content: EmptyByteBufBE)
GET /session/cae5b25563a2b95e404534f242109d9c/screenshot HTTP/1.1
User-Agent: selenium/4.8.1 (java windows)
Cache-Control: no-cache
Content-Type: application/json; charset=utf-8
host: localhost:24244
accept: */*

Response DefaultHttpResponse(decodeResult: success, version: HTTP/1.1)
HTTP/1.1 200 OK
Content-Length: 44828
Content-Type: application/json; charset=utf-8
cache-control: no-cache

14:24:30.562 [AsyncHttpClient-1-8] DEBUG org.asynchttpclient.netty.channel.ChannelManager - Adding key: http://localhost:24244 for channel [id: 0x7a5e3ef5, L:/127.0.0.1:58804 - R:localhost/127.0.0.1:24244]
14:24:30.565 [main] DEBUG net.serenitybdd.core.photography.Darkroom - Send negative for processing for target\site\serenity\a80a53598cf6b0318830f38780044bd5635cd34ede590d2f97a183a719421760.png
14:24:30.570 [Forwarding getPageSource on session cae5b25563a2b95e404534f242109d9c to remote] DEBUG org.asynchttpclient.netty.request.NettyRequestSender - Using pooled Channel '[id: 0x7a5e3ef5, L:/127.0.0.1:58804 - R:localhost/127.0.0.1:24244]' for 'POST' to 'http://localhost:24244/session/cae5b25563a2b95e404534f242109d9c/execute/sync'
14:24:30.570 [Forwarding getPageSource on session cae5b25563a2b95e404534f242109d9c to remote] DEBUG org.asynchttpclient.netty.request.NettyRequestSender - Using open Channel [id: 0x7a5e3ef5, L:/127.0.0.1:58804 - R:localhost/127.0.0.1:24244] for POST '/session/cae5b25563a2b95e404534f242109d9c/execute/sync'
14:24:30.583 [AsyncHttpClient-1-8] DEBUG org.asynchttpclient.netty.handler.HttpHandler - 

Request DefaultHttpRequest(decodeResult: success, version: HTTP/1.1)
POST /session/cae5b25563a2b95e404534f242109d9c/execute/sync HTTP/1.1
User-Agent: selenium/4.8.1 (java windows)
Content-Length: 176
Content-Type: application/json; charset=utf-8
host: localhost:24244
accept: */*

Response DefaultHttpResponse(decodeResult: success, version: HTTP/1.1)
HTTP/1.1 200 OK
Content-Length: 5605
Content-Type: application/json; charset=utf-8
cache-control: no-cache

14:24:30.583 [AsyncHttpClient-1-8] DEBUG org.asynchttpclient.netty.channel.ChannelManager - Adding key: http://localhost:24244 for channel [id: 0x7a5e3ef5, L:/127.0.0.1:58804 - R:localhost/127.0.0.1:24244]
14:24:30.586 [Forwarding getCurrentUrl on session cae5b25563a2b95e404534f242109d9c to remote] DEBUG org.asynchttpclient.netty.request.NettyRequestSender - Using pooled Channel '[id: 0x7a5e3ef5, L:/127.0.0.1:58804 - R:localhost/127.0.0.1:24244]' for 'GET' to 'http://localhost:24244/session/cae5b25563a2b95e404534f242109d9c/url'
14:24:30.586 [Forwarding getCurrentUrl on session cae5b25563a2b95e404534f242109d9c to remote] DEBUG org.asynchttpclient.netty.request.NettyRequestSender - Using open Channel [id: 0x7a5e3ef5, L:/127.0.0.1:58804 - R:localhost/127.0.0.1:24244] for GET '/session/cae5b25563a2b95e404534f242109d9c/url'
14:24:30.598 [AsyncHttpClient-1-8] DEBUG org.asynchttpclient.netty.handler.HttpHandler - 

Request DefaultFullHttpRequest(decodeResult: success, version: HTTP/1.1, content: EmptyByteBufBE)
GET /session/cae5b25563a2b95e404534f242109d9c/url HTTP/1.1
User-Agent: selenium/4.8.1 (java windows)
Cache-Control: no-cache
Content-Type: application/json; charset=utf-8
host: localhost:24244
accept: */*

Response DefaultHttpResponse(decodeResult: success, version: HTTP/1.1)
HTTP/1.1 200 OK
Content-Length: 69
Content-Type: application/json; charset=utf-8
cache-control: no-cache

14:24:30.599 [AsyncHttpClient-1-8] DEBUG org.asynchttpclient.netty.channel.ChannelManager - Adding key: http://localhost:24244 for channel [id: 0x7a5e3ef5, L:/127.0.0.1:58804 - R:localhost/127.0.0.1:24244]
14:24:30.603 [main] DEBUG net.thucydides.core.steps.StepInterceptor - STARTING STEP: Afrexim_ForgotPassword_Steps.validate_the_reset_password_pop_up_page - Validate_the_Reset_Password_popup_page
14:24:30.609 [Forwarding findElement on session cae5b25563a2b95e404534f242109d9c to remote] DEBUG org.asynchttpclient.netty.request.NettyRequestSender - Using pooled Channel '[id: 0x7a5e3ef5, L:/127.0.0.1:58804 - R:localhost/127.0.0.1:24244]' for 'POST' to 'http://localhost:24244/session/cae5b25563a2b95e404534f242109d9c/element'
14:24:30.609 [Forwarding findElement on session cae5b25563a2b95e404534f242109d9c to remote] DEBUG org.asynchttpclient.netty.request.NettyRequestSender - Using open Channel [id: 0x7a5e3ef5, L:/127.0.0.1:58804 - R:localhost/127.0.0.1:24244] for POST '/session/cae5b25563a2b95e404534f242109d9c/element'
14:24:30.630 [AsyncHttpClient-1-8] DEBUG org.asynchttpclient.netty.handler.HttpHandler - 

Request DefaultHttpRequest(decodeResult: success, version: HTTP/1.1)
POST /session/cae5b25563a2b95e404534f242109d9c/element HTTP/1.1
User-Agent: selenium/4.8.1 (java windows)
Content-Length: 76
Content-Type: application/json; charset=utf-8
host: localhost:24244
accept: */*

Response DefaultHttpResponse(decodeResult: success, version: HTTP/1.1)
HTTP/1.1 200 OK
Content-Length: 95
Content-Type: application/json; charset=utf-8
cache-control: no-cache

14:24:30.630 [AsyncHttpClient-1-8] DEBUG org.asynchttpclient.netty.channel.ChannelManager - Adding key: http://localhost:24244 for channel [id: 0x7a5e3ef5, L:/127.0.0.1:58804 - R:localhost/127.0.0.1:24244]
14:24:30.637 [Forwarding isElementDisplayed on session cae5b25563a2b95e404534f242109d9c to remote] DEBUG org.asynchttpclient.netty.request.NettyRequestSender - Using pooled Channel '[id: 0x7a5e3ef5, L:/127.0.0.1:58804 - R:localhost/127.0.0.1:24244]' for 'POST' to 'http://localhost:24244/session/cae5b25563a2b95e404534f242109d9c/execute/sync'
14:24:30.637 [Forwarding isElementDisplayed on session cae5b25563a2b95e404534f242109d9c to remote] DEBUG org.asynchttpclient.netty.request.NettyRequestSender - Using open Channel [id: 0x7a5e3ef5, L:/127.0.0.1:58804 - R:localhost/127.0.0.1:24244] for POST '/session/cae5b25563a2b95e404534f242109d9c/execute/sync'
14:24:30.665 [AsyncHttpClient-1-8] DEBUG org.asynchttpclient.netty.handler.HttpHandler - 

Request DefaultHttpRequest(decodeResult: success, version: HTTP/1.1)
POST /session/cae5b25563a2b95e404534f242109d9c/execute/sync HTTP/1.1
User-Agent: selenium/4.8.1 (java windows)
Content-Length: 48814
Content-Type: application/json; charset=utf-8
host: localhost:24244
accept: */*

Response DefaultHttpResponse(decodeResult: success, version: HTTP/1.1)
HTTP/1.1 200 OK
Content-Length: 14
Content-Type: application/json; charset=utf-8
cache-control: no-cache

14:24:30.665 [AsyncHttpClient-1-8] DEBUG org.asynchttpclient.netty.channel.ChannelManager - Adding key: http://localhost:24244 for channel [id: 0x7a5e3ef5, L:/127.0.0.1:58804 - R:localhost/127.0.0.1:24244]
14:24:30.675 [Forwarding getAlertText on session cae5b25563a2b95e404534f242109d9c to remote] DEBUG org.asynchttpclient.netty.request.NettyRequestSender - Using pooled Channel '[id: 0x7a5e3ef5, L:/127.0.0.1:58804 - R:localhost/127.0.0.1:24244]' for 'GET' to 'http://localhost:24244/session/cae5b25563a2b95e404534f242109d9c/alert/text'
14:24:30.675 [Forwarding getAlertText on session cae5b25563a2b95e404534f242109d9c to remote] DEBUG org.asynchttpclient.netty.request.NettyRequestSender - Using open Channel [id: 0x7a5e3ef5, L:/127.0.0.1:58804 - R:localhost/127.0.0.1:24244] for GET '/session/cae5b25563a2b95e404534f242109d9c/alert/text'
14:24:30.679 [AsyncHttpClient-1-8] DEBUG org.asynchttpclient.netty.handler.HttpHandler - 

Request DefaultFullHttpRequest(decodeResult: success, version: HTTP/1.1, content: EmptyByteBufBE)
GET /session/cae5b25563a2b95e404534f242109d9c/alert/text HTTP/1.1
User-Agent: selenium/4.8.1 (java windows)
Cache-Control: no-cache
Content-Type: application/json; charset=utf-8
host: localhost:24244
accept: */*

Response DefaultHttpResponse(decodeResult: success, version: HTTP/1.1)
HTTP/1.1 404 Not Found
Content-Length: 821
Content-Type: application/json; charset=utf-8
cache-control: no-cache

14:24:30.680 [AsyncHttpClient-1-8] DEBUG org.asynchttpclient.netty.channel.ChannelManager - Adding key: http://localhost:24244 for channel [id: 0x7a5e3ef5, L:/127.0.0.1:58804 - R:localhost/127.0.0.1:24244]
14:24:30.682 [Forwarding getCurrentUrl on session cae5b25563a2b95e404534f242109d9c to remote] DEBUG org.asynchttpclient.netty.request.NettyRequestSender - Using pooled Channel '[id: 0x7a5e3ef5, L:/127.0.0.1:58804 - R:localhost/127.0.0.1:24244]' for 'GET' to 'http://localhost:24244/session/cae5b25563a2b95e404534f242109d9c/url'
14:24:30.682 [Forwarding getCurrentUrl on session cae5b25563a2b95e404534f242109d9c to remote] DEBUG org.asynchttpclient.netty.request.NettyRequestSender - Using open Channel [id: 0x7a5e3ef5, L:/127.0.0.1:58804 - R:localhost/127.0.0.1:24244] for GET '/session/cae5b25563a2b95e404534f242109d9c/url'
14:24:30.694 [AsyncHttpClient-1-8] DEBUG org.asynchttpclient.netty.handler.HttpHandler - 

Request DefaultFullHttpRequest(decodeResult: success, version: HTTP/1.1, content: EmptyByteBufBE)
GET /session/cae5b25563a2b95e404534f242109d9c/url HTTP/1.1
User-Agent: selenium/4.8.1 (java windows)
Cache-Control: no-cache
Content-Type: application/json; charset=utf-8
host: localhost:24244
accept: */*

Response DefaultHttpResponse(decodeResult: success, version: HTTP/1.1)
HTTP/1.1 200 OK
Content-Length: 69
Content-Type: application/json; charset=utf-8
cache-control: no-cache

14:24:30.695 [AsyncHttpClient-1-8] DEBUG org.asynchttpclient.netty.channel.ChannelManager - Adding key: http://localhost:24244 for channel [id: 0x7a5e3ef5, L:/127.0.0.1:58804 - R:localhost/127.0.0.1:24244]
14:24:30.697 [Forwarding screenshot on session cae5b25563a2b95e404534f242109d9c to remote] DEBUG org.asynchttpclient.netty.request.NettyRequestSender - Using pooled Channel '[id: 0x7a5e3ef5, L:/127.0.0.1:58804 - R:localhost/127.0.0.1:24244]' for 'GET' to 'http://localhost:24244/session/cae5b25563a2b95e404534f242109d9c/screenshot'
14:24:30.697 [Forwarding screenshot on session cae5b25563a2b95e404534f242109d9c to remote] DEBUG org.asynchttpclient.netty.request.NettyRequestSender - Using open Channel [id: 0x7a5e3ef5, L:/127.0.0.1:58804 - R:localhost/127.0.0.1:24244] for GET '/session/cae5b25563a2b95e404534f242109d9c/screenshot'
14:24:30.929 [AsyncHttpClient-1-8] DEBUG org.asynchttpclient.netty.handler.HttpHandler - 

Request DefaultFullHttpRequest(decodeResult: success, version: HTTP/1.1, content: EmptyByteBufBE)
GET /session/cae5b25563a2b95e404534f242109d9c/screenshot HTTP/1.1
User-Agent: selenium/4.8.1 (java windows)
Cache-Control: no-cache
Content-Type: application/json; charset=utf-8
host: localhost:24244
accept: */*

Response DefaultHttpResponse(decodeResult: success, version: HTTP/1.1)
HTTP/1.1 200 OK
Content-Length: 44828
Content-Type: application/json; charset=utf-8
cache-control: no-cache

14:24:30.929 [AsyncHttpClient-1-8] DEBUG org.asynchttpclient.netty.channel.ChannelManager - Adding key: http://localhost:24244 for channel [id: 0x7a5e3ef5, L:/127.0.0.1:58804 - R:localhost/127.0.0.1:24244]
14:24:30.933 [main] DEBUG net.serenitybdd.core.photography.Darkroom - Send negative for processing for target\site\serenity\a80a53598cf6b0318830f38780044bd5635cd34ede590d2f97a183a719421760.png
14:24:30.933 [main] DEBUG net.thucydides.core.steps.StepInterceptor - STEP DONE: Validate_the_Reset_Password_popup_page
14:24:30.953 [Forwarding getPageSource on session cae5b25563a2b95e404534f242109d9c to remote] DEBUG org.asynchttpclient.netty.request.NettyRequestSender - Using pooled Channel '[id: 0x7a5e3ef5, L:/127.0.0.1:58804 - R:localhost/127.0.0.1:24244]' for 'POST' to 'http://localhost:24244/session/cae5b25563a2b95e404534f242109d9c/execute/sync'
14:24:30.953 [Forwarding getPageSource on session cae5b25563a2b95e404534f242109d9c to remote] DEBUG org.asynchttpclient.netty.request.NettyRequestSender - Using open Channel [id: 0x7a5e3ef5, L:/127.0.0.1:58804 - R:localhost/127.0.0.1:24244] for POST '/session/cae5b25563a2b95e404534f242109d9c/execute/sync'
14:24:30.961 [AsyncHttpClient-1-8] DEBUG org.asynchttpclient.netty.handler.HttpHandler - 

Request DefaultHttpRequest(decodeResult: success, version: HTTP/1.1)
POST /session/cae5b25563a2b95e404534f242109d9c/execute/sync HTTP/1.1
User-Agent: selenium/4.8.1 (java windows)
Content-Length: 176
Content-Type: application/json; charset=utf-8
host: localhost:24244
accept: */*

Response DefaultHttpResponse(decodeResult: success, version: HTTP/1.1)
HTTP/1.1 200 OK
Content-Length: 5605
Content-Type: application/json; charset=utf-8
cache-control: no-cache

14:24:30.961 [AsyncHttpClient-1-8] DEBUG org.asynchttpclient.netty.channel.ChannelManager - Adding key: http://localhost:24244 for channel [id: 0x7a5e3ef5, L:/127.0.0.1:58804 - R:localhost/127.0.0.1:24244]
14:24:30.961 [Forwarding getCurrentUrl on session cae5b25563a2b95e404534f242109d9c to remote] DEBUG org.asynchttpclient.netty.request.NettyRequestSender - Using pooled Channel '[id: 0x7a5e3ef5, L:/127.0.0.1:58804 - R:localhost/127.0.0.1:24244]' for 'GET' to 'http://localhost:24244/session/cae5b25563a2b95e404534f242109d9c/url'
14:24:30.961 [Forwarding getCurrentUrl on session cae5b25563a2b95e404534f242109d9c to remote] DEBUG org.asynchttpclient.netty.request.NettyRequestSender - Using open Channel [id: 0x7a5e3ef5, L:/127.0.0.1:58804 - R:localhost/127.0.0.1:24244] for GET '/session/cae5b25563a2b95e404534f242109d9c/url'
14:24:30.971 [AsyncHttpClient-1-8] DEBUG org.asynchttpclient.netty.handler.HttpHandler - 

Request DefaultFullHttpRequest(decodeResult: success, version: HTTP/1.1, content: EmptyByteBufBE)
GET /session/cae5b25563a2b95e404534f242109d9c/url HTTP/1.1
User-Agent: selenium/4.8.1 (java windows)
Cache-Control: no-cache
Content-Type: application/json; charset=utf-8
host: localhost:24244
accept: */*

Response DefaultHttpResponse(decodeResult: success, version: HTTP/1.1)
HTTP/1.1 200 OK
Content-Length: 69
Content-Type: application/json; charset=utf-8
cache-control: no-cache

14:24:30.971 [AsyncHttpClient-1-8] DEBUG org.asynchttpclient.netty.channel.ChannelManager - Adding key: http://localhost:24244 for channel [id: 0x7a5e3ef5, L:/127.0.0.1:58804 - R:localhost/127.0.0.1:24244]
14:24:30.984 [Forwarding getAlertText on session cae5b25563a2b95e404534f242109d9c to remote] DEBUG org.asynchttpclient.netty.request.NettyRequestSender - Using pooled Channel '[id: 0x7a5e3ef5, L:/127.0.0.1:58804 - R:localhost/127.0.0.1:24244]' for 'GET' to 'http://localhost:24244/session/cae5b25563a2b95e404534f242109d9c/alert/text'
14:24:30.984 [Forwarding getAlertText on session cae5b25563a2b95e404534f242109d9c to remote] DEBUG org.asynchttpclient.netty.request.NettyRequestSender - Using open Channel [id: 0x7a5e3ef5, L:/127.0.0.1:58804 - R:localhost/127.0.0.1:24244] for GET '/session/cae5b25563a2b95e404534f242109d9c/alert/text'
14:24:30.984 [AsyncHttpClient-1-8] DEBUG org.asynchttpclient.netty.handler.HttpHandler - 

Request DefaultFullHttpRequest(decodeResult: success, version: HTTP/1.1, content: EmptyByteBufBE)
GET /session/cae5b25563a2b95e404534f242109d9c/alert/text HTTP/1.1
User-Agent: selenium/4.8.1 (java windows)
Cache-Control: no-cache
Content-Type: application/json; charset=utf-8
host: localhost:24244
accept: */*

Response DefaultHttpResponse(decodeResult: success, version: HTTP/1.1)
HTTP/1.1 404 Not Found
Content-Length: 821
Content-Type: application/json; charset=utf-8
cache-control: no-cache

14:24:30.984 [AsyncHttpClient-1-8] DEBUG org.asynchttpclient.netty.channel.ChannelManager - Adding key: http://localhost:24244 for channel [id: 0x7a5e3ef5, L:/127.0.0.1:58804 - R:localhost/127.0.0.1:24244]
14:24:30.993 [Forwarding getCurrentUrl on session cae5b25563a2b95e404534f242109d9c to remote] DEBUG org.asynchttpclient.netty.request.NettyRequestSender - Using pooled Channel '[id: 0x7a5e3ef5, L:/127.0.0.1:58804 - R:localhost/127.0.0.1:24244]' for 'GET' to 'http://localhost:24244/session/cae5b25563a2b95e404534f242109d9c/url'
14:24:30.993 [Forwarding getCurrentUrl on session cae5b25563a2b95e404534f242109d9c to remote] DEBUG org.asynchttpclient.netty.request.NettyRequestSender - Using open Channel [id: 0x7a5e3ef5, L:/127.0.0.1:58804 - R:localhost/127.0.0.1:24244] for GET '/session/cae5b25563a2b95e404534f242109d9c/url'
14:24:31.000 [AsyncHttpClient-1-8] DEBUG org.asynchttpclient.netty.handler.HttpHandler - 

Request DefaultFullHttpRequest(decodeResult: success, version: HTTP/1.1, content: EmptyByteBufBE)
GET /session/cae5b25563a2b95e404534f242109d9c/url HTTP/1.1
User-Agent: selenium/4.8.1 (java windows)
Cache-Control: no-cache
Content-Type: application/json; charset=utf-8
host: localhost:24244
accept: */*

Response DefaultHttpResponse(decodeResult: success, version: HTTP/1.1)
HTTP/1.1 200 OK
Content-Length: 69
Content-Type: application/json; charset=utf-8
cache-control: no-cache

14:24:31.000 [AsyncHttpClient-1-8] DEBUG org.asynchttpclient.netty.channel.ChannelManager - Adding key: http://localhost:24244 for channel [id: 0x7a5e3ef5, L:/127.0.0.1:58804 - R:localhost/127.0.0.1:24244]
14:24:31.004 [Forwarding screenshot on session cae5b25563a2b95e404534f242109d9c to remote] DEBUG org.asynchttpclient.netty.request.NettyRequestSender - Using pooled Channel '[id: 0x7a5e3ef5, L:/127.0.0.1:58804 - R:localhost/127.0.0.1:24244]' for 'GET' to 'http://localhost:24244/session/cae5b25563a2b95e404534f242109d9c/screenshot'
14:24:31.004 [Forwarding screenshot on session cae5b25563a2b95e404534f242109d9c to remote] DEBUG org.asynchttpclient.netty.request.NettyRequestSender - Using open Channel [id: 0x7a5e3ef5, L:/127.0.0.1:58804 - R:localhost/127.0.0.1:24244] for GET '/session/cae5b25563a2b95e404534f242109d9c/screenshot'
14:24:31.207 [AsyncHttpClient-1-8] DEBUG org.asynchttpclient.netty.handler.HttpHandler - 

Request DefaultFullHttpRequest(decodeResult: success, version: HTTP/1.1, content: EmptyByteBufBE)
GET /session/cae5b25563a2b95e404534f242109d9c/screenshot HTTP/1.1
User-Agent: selenium/4.8.1 (java windows)
Cache-Control: no-cache
Content-Type: application/json; charset=utf-8
host: localhost:24244
accept: */*

Response DefaultHttpResponse(decodeResult: success, version: HTTP/1.1)
HTTP/1.1 200 OK
Content-Length: 44828
Content-Type: application/json; charset=utf-8
cache-control: no-cache

14:24:31.207 [AsyncHttpClient-1-8] DEBUG org.asynchttpclient.netty.channel.ChannelManager - Adding key: http://localhost:24244 for channel [id: 0x7a5e3ef5, L:/127.0.0.1:58804 - R:localhost/127.0.0.1:24244]
14:24:31.211 [main] DEBUG net.serenitybdd.core.photography.Darkroom - Send negative for processing for target\site\serenity\a80a53598cf6b0318830f38780044bd5635cd34ede590d2f97a183a719421760.png
14:24:31.219 [Forwarding getPageSource on session cae5b25563a2b95e404534f242109d9c to remote] DEBUG org.asynchttpclient.netty.request.NettyRequestSender - Using pooled Channel '[id: 0x7a5e3ef5, L:/127.0.0.1:58804 - R:localhost/127.0.0.1:24244]' for 'POST' to 'http://localhost:24244/session/cae5b25563a2b95e404534f242109d9c/execute/sync'
14:24:31.219 [Forwarding getPageSource on session cae5b25563a2b95e404534f242109d9c to remote] DEBUG org.asynchttpclient.netty.request.NettyRequestSender - Using open Channel [id: 0x7a5e3ef5, L:/127.0.0.1:58804 - R:localhost/127.0.0.1:24244] for POST '/session/cae5b25563a2b95e404534f242109d9c/execute/sync'
14:24:31.236 [AsyncHttpClient-1-8] DEBUG org.asynchttpclient.netty.handler.HttpHandler - 

Request DefaultHttpRequest(decodeResult: success, version: HTTP/1.1)
POST /session/cae5b25563a2b95e404534f242109d9c/execute/sync HTTP/1.1
User-Agent: selenium/4.8.1 (java windows)
Content-Length: 176
Content-Type: application/json; charset=utf-8
host: localhost:24244
accept: */*

Response DefaultHttpResponse(decodeResult: success, version: HTTP/1.1)
HTTP/1.1 200 OK
Content-Length: 5605
Content-Type: application/json; charset=utf-8
cache-control: no-cache

14:24:31.236 [AsyncHttpClient-1-8] DEBUG org.asynchttpclient.netty.channel.ChannelManager - Adding key: http://localhost:24244 for channel [id: 0x7a5e3ef5, L:/127.0.0.1:58804 - R:localhost/127.0.0.1:24244]
14:24:31.244 [Forwarding getCurrentUrl on session cae5b25563a2b95e404534f242109d9c to remote] DEBUG org.asynchttpclient.netty.request.NettyRequestSender - Using pooled Channel '[id: 0x7a5e3ef5, L:/127.0.0.1:58804 - R:localhost/127.0.0.1:24244]' for 'GET' to 'http://localhost:24244/session/cae5b25563a2b95e404534f242109d9c/url'
14:24:31.244 [Forwarding getCurrentUrl on session cae5b25563a2b95e404534f242109d9c to remote] DEBUG org.asynchttpclient.netty.request.NettyRequestSender - Using open Channel [id: 0x7a5e3ef5, L:/127.0.0.1:58804 - R:localhost/127.0.0.1:24244] for GET '/session/cae5b25563a2b95e404534f242109d9c/url'
14:24:31.249 [AsyncHttpClient-1-8] DEBUG org.asynchttpclient.netty.handler.HttpHandler - 

Request DefaultFullHttpRequest(decodeResult: success, version: HTTP/1.1, content: EmptyByteBufBE)
GET /session/cae5b25563a2b95e404534f242109d9c/url HTTP/1.1
User-Agent: selenium/4.8.1 (java windows)
Cache-Control: no-cache
Content-Type: application/json; charset=utf-8
host: localhost:24244
accept: */*

Response DefaultHttpResponse(decodeResult: success, version: HTTP/1.1)
HTTP/1.1 200 OK
Content-Length: 69
Content-Type: application/json; charset=utf-8
cache-control: no-cache

14:24:31.249 [AsyncHttpClient-1-8] DEBUG org.asynchttpclient.netty.channel.ChannelManager - Adding key: http://localhost:24244 for channel [id: 0x7a5e3ef5, L:/127.0.0.1:58804 - R:localhost/127.0.0.1:24244]
14:24:31.260 [main] DEBUG net.thucydides.core.steps.StepInterceptor - STARTING STEP: Afrexim_ForgotPassword_Steps.enter_valid_and_invalid_email_credentials - Enter_valid_and_invalid_email_credentials
14:24:31.265 [Forwarding findElement on session cae5b25563a2b95e404534f242109d9c to remote] DEBUG org.asynchttpclient.netty.request.NettyRequestSender - Using pooled Channel '[id: 0x7a5e3ef5, L:/127.0.0.1:58804 - R:localhost/127.0.0.1:24244]' for 'POST' to 'http://localhost:24244/session/cae5b25563a2b95e404534f242109d9c/element'
14:24:31.265 [Forwarding findElement on session cae5b25563a2b95e404534f242109d9c to remote] DEBUG org.asynchttpclient.netty.request.NettyRequestSender - Using open Channel [id: 0x7a5e3ef5, L:/127.0.0.1:58804 - R:localhost/127.0.0.1:24244] for POST '/session/cae5b25563a2b95e404534f242109d9c/element'
14:24:31.292 [AsyncHttpClient-1-8] DEBUG org.asynchttpclient.netty.handler.HttpHandler - 

Request DefaultHttpRequest(decodeResult: success, version: HTTP/1.1)
POST /session/cae5b25563a2b95e404534f242109d9c/element HTTP/1.1
User-Agent: selenium/4.8.1 (java windows)
Content-Length: 80
Content-Type: application/json; charset=utf-8
host: localhost:24244
accept: */*

Response DefaultHttpResponse(decodeResult: success, version: HTTP/1.1)
HTTP/1.1 200 OK
Content-Length: 95
Content-Type: application/json; charset=utf-8
cache-control: no-cache

14:24:31.292 [AsyncHttpClient-1-8] DEBUG org.asynchttpclient.netty.channel.ChannelManager - Adding key: http://localhost:24244 for channel [id: 0x7a5e3ef5, L:/127.0.0.1:58804 - R:localhost/127.0.0.1:24244]
14:24:31.292 [Forwarding sendKeysToElement on session cae5b25563a2b95e404534f242109d9c to remote] DEBUG org.asynchttpclient.netty.request.NettyRequestSender - Using pooled Channel '[id: 0x7a5e3ef5, L:/127.0.0.1:58804 - R:localhost/127.0.0.1:24244]' for 'POST' to 'http://localhost:24244/session/cae5b25563a2b95e404534f242109d9c/element/9DAE7C1B2728749F6F2B91D3E7D957F0_element_66/value'
14:24:31.292 [Forwarding sendKeysToElement on session cae5b25563a2b95e404534f242109d9c to remote] DEBUG org.asynchttpclient.netty.request.NettyRequestSender - Using open Channel [id: 0x7a5e3ef5, L:/127.0.0.1:58804 - R:localhost/127.0.0.1:24244] for POST '/session/cae5b25563a2b95e404534f242109d9c/element/9DAE7C1B2728749F6F2B91D3E7D957F0_element_66/value'
14:24:31.403 [AsyncHttpClient-1-1] DEBUG org.asynchttpclient.netty.channel.DefaultChannelPool - Entry count for : http://localhost:58806 : 1
14:24:31.633 [AsyncHttpClient-1-8] DEBUG org.asynchttpclient.netty.handler.HttpHandler - 

Request DefaultHttpRequest(decodeResult: success, version: HTTP/1.1)
POST /session/cae5b25563a2b95e404534f242109d9c/element/9DAE7C1B2728749F6F2B91D3E7D957F0_element_66/value HTTP/1.1
User-Agent: selenium/4.8.1 (java windows)
Content-Length: 248
Content-Type: application/json; charset=utf-8
host: localhost:24244
accept: */*

Response DefaultHttpResponse(decodeResult: success, version: HTTP/1.1)
HTTP/1.1 200 OK
Content-Length: 14
Content-Type: application/json; charset=utf-8
cache-control: no-cache

14:24:31.633 [AsyncHttpClient-1-8] DEBUG org.asynchttpclient.netty.channel.ChannelManager - Adding key: http://localhost:24244 for channel [id: 0x7a5e3ef5, L:/127.0.0.1:58804 - R:localhost/127.0.0.1:24244]
14:24:31.648 [Forwarding getAlertText on session cae5b25563a2b95e404534f242109d9c to remote] DEBUG org.asynchttpclient.netty.request.NettyRequestSender - Using pooled Channel '[id: 0x7a5e3ef5, L:/127.0.0.1:58804 - R:localhost/127.0.0.1:24244]' for 'GET' to 'http://localhost:24244/session/cae5b25563a2b95e404534f242109d9c/alert/text'
14:24:31.648 [Forwarding getAlertText on session cae5b25563a2b95e404534f242109d9c to remote] DEBUG org.asynchttpclient.netty.request.NettyRequestSender - Using open Channel [id: 0x7a5e3ef5, L:/127.0.0.1:58804 - R:localhost/127.0.0.1:24244] for GET '/session/cae5b25563a2b95e404534f242109d9c/alert/text'
14:24:31.655 [AsyncHttpClient-1-8] DEBUG org.asynchttpclient.netty.handler.HttpHandler - 

Request DefaultFullHttpRequest(decodeResult: success, version: HTTP/1.1, content: EmptyByteBufBE)
GET /session/cae5b25563a2b95e404534f242109d9c/alert/text HTTP/1.1
User-Agent: selenium/4.8.1 (java windows)
Cache-Control: no-cache
Content-Type: application/json; charset=utf-8
host: localhost:24244
accept: */*

Response DefaultHttpResponse(decodeResult: success, version: HTTP/1.1)
HTTP/1.1 404 Not Found
Content-Length: 821
Content-Type: application/json; charset=utf-8
cache-control: no-cache

14:24:31.655 [AsyncHttpClient-1-8] DEBUG org.asynchttpclient.netty.channel.ChannelManager - Adding key: http://localhost:24244 for channel [id: 0x7a5e3ef5, L:/127.0.0.1:58804 - R:localhost/127.0.0.1:24244]
14:24:31.656 [Forwarding getCurrentUrl on session cae5b25563a2b95e404534f242109d9c to remote] DEBUG org.asynchttpclient.netty.request.NettyRequestSender - Using pooled Channel '[id: 0x7a5e3ef5, L:/127.0.0.1:58804 - R:localhost/127.0.0.1:24244]' for 'GET' to 'http://localhost:24244/session/cae5b25563a2b95e404534f242109d9c/url'
14:24:31.656 [Forwarding getCurrentUrl on session cae5b25563a2b95e404534f242109d9c to remote] DEBUG org.asynchttpclient.netty.request.NettyRequestSender - Using open Channel [id: 0x7a5e3ef5, L:/127.0.0.1:58804 - R:localhost/127.0.0.1:24244] for GET '/session/cae5b25563a2b95e404534f242109d9c/url'
14:24:31.689 [AsyncHttpClient-1-8] DEBUG org.asynchttpclient.netty.handler.HttpHandler - 

Request DefaultFullHttpRequest(decodeResult: success, version: HTTP/1.1, content: EmptyByteBufBE)
GET /session/cae5b25563a2b95e404534f242109d9c/url HTTP/1.1
User-Agent: selenium/4.8.1 (java windows)
Cache-Control: no-cache
Content-Type: application/json; charset=utf-8
host: localhost:24244
accept: */*

Response DefaultHttpResponse(decodeResult: success, version: HTTP/1.1)
HTTP/1.1 200 OK
Content-Length: 69
Content-Type: application/json; charset=utf-8
cache-control: no-cache

14:24:31.689 [AsyncHttpClient-1-8] DEBUG org.asynchttpclient.netty.channel.ChannelManager - Adding key: http://localhost:24244 for channel [id: 0x7a5e3ef5, L:/127.0.0.1:58804 - R:localhost/127.0.0.1:24244]
14:24:31.689 [Forwarding screenshot on session cae5b25563a2b95e404534f242109d9c to remote] DEBUG org.asynchttpclient.netty.request.NettyRequestSender - Using pooled Channel '[id: 0x7a5e3ef5, L:/127.0.0.1:58804 - R:localhost/127.0.0.1:24244]' for 'GET' to 'http://localhost:24244/session/cae5b25563a2b95e404534f242109d9c/screenshot'
14:24:31.689 [Forwarding screenshot on session cae5b25563a2b95e404534f242109d9c to remote] DEBUG org.asynchttpclient.netty.request.NettyRequestSender - Using open Channel [id: 0x7a5e3ef5, L:/127.0.0.1:58804 - R:localhost/127.0.0.1:24244] for GET '/session/cae5b25563a2b95e404534f242109d9c/screenshot'
14:24:31.889 [AsyncHttpClient-1-8] DEBUG org.asynchttpclient.netty.handler.HttpHandler - 

Request DefaultFullHttpRequest(decodeResult: success, version: HTTP/1.1, content: EmptyByteBufBE)
GET /session/cae5b25563a2b95e404534f242109d9c/screenshot HTTP/1.1
User-Agent: selenium/4.8.1 (java windows)
Cache-Control: no-cache
Content-Type: application/json; charset=utf-8
host: localhost:24244
accept: */*

Response DefaultHttpResponse(decodeResult: success, version: HTTP/1.1)
HTTP/1.1 200 OK
Content-Length: 47276
Content-Type: application/json; charset=utf-8
cache-control: no-cache

14:24:31.889 [AsyncHttpClient-1-8] DEBUG org.asynchttpclient.netty.channel.ChannelManager - Adding key: http://localhost:24244 for channel [id: 0x7a5e3ef5, L:/127.0.0.1:58804 - R:localhost/127.0.0.1:24244]
14:24:31.900 [main] DEBUG net.serenitybdd.core.photography.Darkroom - Send negative for processing for target\site\serenity\04e3fdf2920db68ed0cde2089bf960bca78dfdcbbff577f9387560e04e5f7fda.png
14:24:31.900 [main] DEBUG net.thucydides.core.steps.StepInterceptor - STEP DONE: Enter_valid_and_invalid_email_credentials
14:24:31.900 [Darkroom Processing Line] DEBUG net.serenitybdd.core.photography.DarkroomProcessingLine - Processing screenshot image in /var/screenshots/screenshot-2455740234646959088
14:24:31.900 [Darkroom Processing Line] DEBUG net.serenitybdd.core.photography.DarkroomProcessingLine - Saving screenshot to target\site\serenity\04e3fdf2920db68ed0cde2089bf960bca78dfdcbbff577f9387560e04e5f7fda.png
14:24:31.921 [Forwarding getPageSource on session cae5b25563a2b95e404534f242109d9c to remote] DEBUG org.asynchttpclient.netty.request.NettyRequestSender - Using pooled Channel '[id: 0x7a5e3ef5, L:/127.0.0.1:58804 - R:localhost/127.0.0.1:24244]' for 'POST' to 'http://localhost:24244/session/cae5b25563a2b95e404534f242109d9c/execute/sync'
14:24:31.921 [Forwarding getPageSource on session cae5b25563a2b95e404534f242109d9c to remote] DEBUG org.asynchttpclient.netty.request.NettyRequestSender - Using open Channel [id: 0x7a5e3ef5, L:/127.0.0.1:58804 - R:localhost/127.0.0.1:24244] for POST '/session/cae5b25563a2b95e404534f242109d9c/execute/sync'
14:24:31.937 [AsyncHttpClient-1-8] DEBUG org.asynchttpclient.netty.handler.HttpHandler - 

Request DefaultHttpRequest(decodeResult: success, version: HTTP/1.1)
POST /session/cae5b25563a2b95e404534f242109d9c/execute/sync HTTP/1.1
User-Agent: selenium/4.8.1 (java windows)
Content-Length: 176
Content-Type: application/json; charset=utf-8
host: localhost:24244
accept: */*

Response DefaultHttpResponse(decodeResult: success, version: HTTP/1.1)
HTTP/1.1 200 OK
Content-Length: 5621
Content-Type: application/json; charset=utf-8
cache-control: no-cache

14:24:31.937 [AsyncHttpClient-1-8] DEBUG org.asynchttpclient.netty.channel.ChannelManager - Adding key: http://localhost:24244 for channel [id: 0x7a5e3ef5, L:/127.0.0.1:58804 - R:localhost/127.0.0.1:24244]
14:24:31.942 [Forwarding getCurrentUrl on session cae5b25563a2b95e404534f242109d9c to remote] DEBUG org.asynchttpclient.netty.request.NettyRequestSender - Using pooled Channel '[id: 0x7a5e3ef5, L:/127.0.0.1:58804 - R:localhost/127.0.0.1:24244]' for 'GET' to 'http://localhost:24244/session/cae5b25563a2b95e404534f242109d9c/url'
14:24:31.942 [Forwarding getCurrentUrl on session cae5b25563a2b95e404534f242109d9c to remote] DEBUG org.asynchttpclient.netty.request.NettyRequestSender - Using open Channel [id: 0x7a5e3ef5, L:/127.0.0.1:58804 - R:localhost/127.0.0.1:24244] for GET '/session/cae5b25563a2b95e404534f242109d9c/url'
14:24:31.942 [AsyncHttpClient-1-8] DEBUG org.asynchttpclient.netty.handler.HttpHandler - 

Request DefaultFullHttpRequest(decodeResult: success, version: HTTP/1.1, content: EmptyByteBufBE)
GET /session/cae5b25563a2b95e404534f242109d9c/url HTTP/1.1
User-Agent: selenium/4.8.1 (java windows)
Cache-Control: no-cache
Content-Type: application/json; charset=utf-8
host: localhost:24244
accept: */*

Response DefaultHttpResponse(decodeResult: success, version: HTTP/1.1)
HTTP/1.1 200 OK
Content-Length: 69
Content-Type: application/json; charset=utf-8
cache-control: no-cache

14:24:31.953 [AsyncHttpClient-1-8] DEBUG org.asynchttpclient.netty.channel.ChannelManager - Adding key: http://localhost:24244 for channel [id: 0x7a5e3ef5, L:/127.0.0.1:58804 - R:localhost/127.0.0.1:24244]
14:24:31.969 [Forwarding getAlertText on session cae5b25563a2b95e404534f242109d9c to remote] DEBUG org.asynchttpclient.netty.request.NettyRequestSender - Using pooled Channel '[id: 0x7a5e3ef5, L:/127.0.0.1:58804 - R:localhost/127.0.0.1:24244]' for 'GET' to 'http://localhost:24244/session/cae5b25563a2b95e404534f242109d9c/alert/text'
14:24:31.969 [Forwarding getAlertText on session cae5b25563a2b95e404534f242109d9c to remote] DEBUG org.asynchttpclient.netty.request.NettyRequestSender - Using open Channel [id: 0x7a5e3ef5, L:/127.0.0.1:58804 - R:localhost/127.0.0.1:24244] for GET '/session/cae5b25563a2b95e404534f242109d9c/alert/text'
14:24:31.974 [AsyncHttpClient-1-8] DEBUG org.asynchttpclient.netty.handler.HttpHandler - 

Request DefaultFullHttpRequest(decodeResult: success, version: HTTP/1.1, content: EmptyByteBufBE)
GET /session/cae5b25563a2b95e404534f242109d9c/alert/text HTTP/1.1
User-Agent: selenium/4.8.1 (java windows)
Cache-Control: no-cache
Content-Type: application/json; charset=utf-8
host: localhost:24244
accept: */*

Response DefaultHttpResponse(decodeResult: success, version: HTTP/1.1)
HTTP/1.1 404 Not Found
Content-Length: 821
Content-Type: application/json; charset=utf-8
cache-control: no-cache

14:24:31.974 [AsyncHttpClient-1-8] DEBUG org.asynchttpclient.netty.channel.ChannelManager - Adding key: http://localhost:24244 for channel [id: 0x7a5e3ef5, L:/127.0.0.1:58804 - R:localhost/127.0.0.1:24244]
14:24:31.974 [Forwarding getCurrentUrl on session cae5b25563a2b95e404534f242109d9c to remote] DEBUG org.asynchttpclient.netty.request.NettyRequestSender - Using pooled Channel '[id: 0x7a5e3ef5, L:/127.0.0.1:58804 - R:localhost/127.0.0.1:24244]' for 'GET' to 'http://localhost:24244/session/cae5b25563a2b95e404534f242109d9c/url'
14:24:31.974 [Forwarding getCurrentUrl on session cae5b25563a2b95e404534f242109d9c to remote] DEBUG org.asynchttpclient.netty.request.NettyRequestSender - Using open Channel [id: 0x7a5e3ef5, L:/127.0.0.1:58804 - R:localhost/127.0.0.1:24244] for GET '/session/cae5b25563a2b95e404534f242109d9c/url'
14:24:31.985 [AsyncHttpClient-1-8] DEBUG org.asynchttpclient.netty.handler.HttpHandler - 

Request DefaultFullHttpRequest(decodeResult: success, version: HTTP/1.1, content: EmptyByteBufBE)
GET /session/cae5b25563a2b95e404534f242109d9c/url HTTP/1.1
User-Agent: selenium/4.8.1 (java windows)
Cache-Control: no-cache
Content-Type: application/json; charset=utf-8
host: localhost:24244
accept: */*

Response DefaultHttpResponse(decodeResult: success, version: HTTP/1.1)
HTTP/1.1 200 OK
Content-Length: 69
Content-Type: application/json; charset=utf-8
cache-control: no-cache

14:24:31.985 [AsyncHttpClient-1-8] DEBUG org.asynchttpclient.netty.channel.ChannelManager - Adding key: http://localhost:24244 for channel [id: 0x7a5e3ef5, L:/127.0.0.1:58804 - R:localhost/127.0.0.1:24244]
14:24:31.985 [Forwarding screenshot on session cae5b25563a2b95e404534f242109d9c to remote] DEBUG org.asynchttpclient.netty.request.NettyRequestSender - Using pooled Channel '[id: 0x7a5e3ef5, L:/127.0.0.1:58804 - R:localhost/127.0.0.1:24244]' for 'GET' to 'http://localhost:24244/session/cae5b25563a2b95e404534f242109d9c/screenshot'
14:24:31.985 [Forwarding screenshot on session cae5b25563a2b95e404534f242109d9c to remote] DEBUG org.asynchttpclient.netty.request.NettyRequestSender - Using open Channel [id: 0x7a5e3ef5, L:/127.0.0.1:58804 - R:localhost/127.0.0.1:24244] for GET '/session/cae5b25563a2b95e404534f242109d9c/screenshot'
14:24:32.188 [AsyncHttpClient-1-8] DEBUG org.asynchttpclient.netty.handler.HttpHandler - 

Request DefaultFullHttpRequest(decodeResult: success, version: HTTP/1.1, content: EmptyByteBufBE)
GET /session/cae5b25563a2b95e404534f242109d9c/screenshot HTTP/1.1
User-Agent: selenium/4.8.1 (java windows)
Cache-Control: no-cache
Content-Type: application/json; charset=utf-8
host: localhost:24244
accept: */*

Response DefaultHttpResponse(decodeResult: success, version: HTTP/1.1)
HTTP/1.1 200 OK
Content-Length: 47276
Content-Type: application/json; charset=utf-8
cache-control: no-cache

14:24:32.188 [AsyncHttpClient-1-8] DEBUG org.asynchttpclient.netty.channel.ChannelManager - Adding key: http://localhost:24244 for channel [id: 0x7a5e3ef5, L:/127.0.0.1:58804 - R:localhost/127.0.0.1:24244]
14:24:32.196 [main] DEBUG net.serenitybdd.core.photography.Darkroom - Send negative for processing for target\site\serenity\04e3fdf2920db68ed0cde2089bf960bca78dfdcbbff577f9387560e04e5f7fda.png
14:24:32.198 [Forwarding getPageSource on session cae5b25563a2b95e404534f242109d9c to remote] DEBUG org.asynchttpclient.netty.request.NettyRequestSender - Using pooled Channel '[id: 0x7a5e3ef5, L:/127.0.0.1:58804 - R:localhost/127.0.0.1:24244]' for 'POST' to 'http://localhost:24244/session/cae5b25563a2b95e404534f242109d9c/execute/sync'
14:24:32.198 [Forwarding getPageSource on session cae5b25563a2b95e404534f242109d9c to remote] DEBUG org.asynchttpclient.netty.request.NettyRequestSender - Using open Channel [id: 0x7a5e3ef5, L:/127.0.0.1:58804 - R:localhost/127.0.0.1:24244] for POST '/session/cae5b25563a2b95e404534f242109d9c/execute/sync'
14:24:32.212 [AsyncHttpClient-1-8] DEBUG org.asynchttpclient.netty.handler.HttpHandler - 

Request DefaultHttpRequest(decodeResult: success, version: HTTP/1.1)
POST /session/cae5b25563a2b95e404534f242109d9c/execute/sync HTTP/1.1
User-Agent: selenium/4.8.1 (java windows)
Content-Length: 176
Content-Type: application/json; charset=utf-8
host: localhost:24244
accept: */*

Response DefaultHttpResponse(decodeResult: success, version: HTTP/1.1)
HTTP/1.1 200 OK
Content-Length: 5621
Content-Type: application/json; charset=utf-8
cache-control: no-cache

14:24:32.212 [AsyncHttpClient-1-8] DEBUG org.asynchttpclient.netty.channel.ChannelManager - Adding key: http://localhost:24244 for channel [id: 0x7a5e3ef5, L:/127.0.0.1:58804 - R:localhost/127.0.0.1:24244]
14:24:32.212 [Forwarding getCurrentUrl on session cae5b25563a2b95e404534f242109d9c to remote] DEBUG org.asynchttpclient.netty.request.NettyRequestSender - Using pooled Channel '[id: 0x7a5e3ef5, L:/127.0.0.1:58804 - R:localhost/127.0.0.1:24244]' for 'GET' to 'http://localhost:24244/session/cae5b25563a2b95e404534f242109d9c/url'
14:24:32.212 [Forwarding getCurrentUrl on session cae5b25563a2b95e404534f242109d9c to remote] DEBUG org.asynchttpclient.netty.request.NettyRequestSender - Using open Channel [id: 0x7a5e3ef5, L:/127.0.0.1:58804 - R:localhost/127.0.0.1:24244] for GET '/session/cae5b25563a2b95e404534f242109d9c/url'
14:24:32.230 [AsyncHttpClient-1-8] DEBUG org.asynchttpclient.netty.handler.HttpHandler - 

Request DefaultFullHttpRequest(decodeResult: success, version: HTTP/1.1, content: EmptyByteBufBE)
GET /session/cae5b25563a2b95e404534f242109d9c/url HTTP/1.1
User-Agent: selenium/4.8.1 (java windows)
Cache-Control: no-cache
Content-Type: application/json; charset=utf-8
host: localhost:24244
accept: */*

Response DefaultHttpResponse(decodeResult: success, version: HTTP/1.1)
HTTP/1.1 200 OK
Content-Length: 69
Content-Type: application/json; charset=utf-8
cache-control: no-cache

14:24:32.230 [AsyncHttpClient-1-8] DEBUG org.asynchttpclient.netty.channel.ChannelManager - Adding key: http://localhost:24244 for channel [id: 0x7a5e3ef5, L:/127.0.0.1:58804 - R:localhost/127.0.0.1:24244]
14:24:32.234 [main] DEBUG net.thucydides.core.steps.StepInterceptor - STARTING STEP: Afrexim_ForgotPassword_Steps.click_submit_button_for_reset_page - Click_Submit_button_for_reset_page
14:24:32.241 [Forwarding findElement on session cae5b25563a2b95e404534f242109d9c to remote] DEBUG org.asynchttpclient.netty.request.NettyRequestSender - Using pooled Channel '[id: 0x7a5e3ef5, L:/127.0.0.1:58804 - R:localhost/127.0.0.1:24244]' for 'POST' to 'http://localhost:24244/session/cae5b25563a2b95e404534f242109d9c/element'
14:24:32.241 [Forwarding findElement on session cae5b25563a2b95e404534f242109d9c to remote] DEBUG org.asynchttpclient.netty.request.NettyRequestSender - Using open Channel [id: 0x7a5e3ef5, L:/127.0.0.1:58804 - R:localhost/127.0.0.1:24244] for POST '/session/cae5b25563a2b95e404534f242109d9c/element'
14:24:32.262 [AsyncHttpClient-1-8] DEBUG org.asynchttpclient.netty.handler.HttpHandler - 

Request DefaultHttpRequest(decodeResult: success, version: HTTP/1.1)
POST /session/cae5b25563a2b95e404534f242109d9c/element HTTP/1.1
User-Agent: selenium/4.8.1 (java windows)
Content-Length: 70
Content-Type: application/json; charset=utf-8
host: localhost:24244
accept: */*

Response DefaultHttpResponse(decodeResult: success, version: HTTP/1.1)
HTTP/1.1 200 OK
Content-Length: 95
Content-Type: application/json; charset=utf-8
cache-control: no-cache

14:24:32.262 [AsyncHttpClient-1-8] DEBUG org.asynchttpclient.netty.channel.ChannelManager - Adding key: http://localhost:24244 for channel [id: 0x7a5e3ef5, L:/127.0.0.1:58804 - R:localhost/127.0.0.1:24244]
14:24:32.267 [Forwarding getElementTagName on session cae5b25563a2b95e404534f242109d9c to remote] DEBUG org.asynchttpclient.netty.request.NettyRequestSender - Using pooled Channel '[id: 0x7a5e3ef5, L:/127.0.0.1:58804 - R:localhost/127.0.0.1:24244]' for 'GET' to 'http://localhost:24244/session/cae5b25563a2b95e404534f242109d9c/element/9DAE7C1B2728749F6F2B91D3E7D957F0_element_68/name'
14:24:32.267 [Forwarding getElementTagName on session cae5b25563a2b95e404534f242109d9c to remote] DEBUG org.asynchttpclient.netty.request.NettyRequestSender - Using open Channel [id: 0x7a5e3ef5, L:/127.0.0.1:58804 - R:localhost/127.0.0.1:24244] for GET '/session/cae5b25563a2b95e404534f242109d9c/element/9DAE7C1B2728749F6F2B91D3E7D957F0_element_68/name'
14:24:32.283 [AsyncHttpClient-1-8] DEBUG org.asynchttpclient.netty.handler.HttpHandler - 

Request DefaultFullHttpRequest(decodeResult: success, version: HTTP/1.1, content: EmptyByteBufBE)
GET /session/cae5b25563a2b95e404534f242109d9c/element/9DAE7C1B2728749F6F2B91D3E7D957F0_element_68/name HTTP/1.1
User-Agent: selenium/4.8.1 (java windows)
Cache-Control: no-cache
Content-Type: application/json; charset=utf-8
host: localhost:24244
accept: */*

Response DefaultHttpResponse(decodeResult: success, version: HTTP/1.1)
HTTP/1.1 200 OK
Content-Length: 17
Content-Type: application/json; charset=utf-8
cache-control: no-cache

14:24:32.283 [AsyncHttpClient-1-8] DEBUG org.asynchttpclient.netty.channel.ChannelManager - Adding key: http://localhost:24244 for channel [id: 0x7a5e3ef5, L:/127.0.0.1:58804 - R:localhost/127.0.0.1:24244]
14:24:32.283 [Forwarding getElementTagName on session cae5b25563a2b95e404534f242109d9c to remote] DEBUG org.asynchttpclient.netty.request.NettyRequestSender - Using pooled Channel '[id: 0x7a5e3ef5, L:/127.0.0.1:58804 - R:localhost/127.0.0.1:24244]' for 'GET' to 'http://localhost:24244/session/cae5b25563a2b95e404534f242109d9c/element/9DAE7C1B2728749F6F2B91D3E7D957F0_element_68/name'
14:24:32.283 [Forwarding getElementTagName on session cae5b25563a2b95e404534f242109d9c to remote] DEBUG org.asynchttpclient.netty.request.NettyRequestSender - Using open Channel [id: 0x7a5e3ef5, L:/127.0.0.1:58804 - R:localhost/127.0.0.1:24244] for GET '/session/cae5b25563a2b95e404534f242109d9c/element/9DAE7C1B2728749F6F2B91D3E7D957F0_element_68/name'
14:24:32.305 [AsyncHttpClient-1-8] DEBUG org.asynchttpclient.netty.handler.HttpHandler - 

Request DefaultFullHttpRequest(decodeResult: success, version: HTTP/1.1, content: EmptyByteBufBE)
GET /session/cae5b25563a2b95e404534f242109d9c/element/9DAE7C1B2728749F6F2B91D3E7D957F0_element_68/name HTTP/1.1
User-Agent: selenium/4.8.1 (java windows)
Cache-Control: no-cache
Content-Type: application/json; charset=utf-8
host: localhost:24244
accept: */*

Response DefaultHttpResponse(decodeResult: success, version: HTTP/1.1)
HTTP/1.1 200 OK
Content-Length: 17
Content-Type: application/json; charset=utf-8
cache-control: no-cache

14:24:32.305 [AsyncHttpClient-1-8] DEBUG org.asynchttpclient.netty.channel.ChannelManager - Adding key: http://localhost:24244 for channel [id: 0x7a5e3ef5, L:/127.0.0.1:58804 - R:localhost/127.0.0.1:24244]
14:24:32.307 [Forwarding isElementEnabled on session cae5b25563a2b95e404534f242109d9c to remote] DEBUG org.asynchttpclient.netty.request.NettyRequestSender - Using pooled Channel '[id: 0x7a5e3ef5, L:/127.0.0.1:58804 - R:localhost/127.0.0.1:24244]' for 'GET' to 'http://localhost:24244/session/cae5b25563a2b95e404534f242109d9c/element/9DAE7C1B2728749F6F2B91D3E7D957F0_element_68/enabled'
14:24:32.307 [Forwarding isElementEnabled on session cae5b25563a2b95e404534f242109d9c to remote] DEBUG org.asynchttpclient.netty.request.NettyRequestSender - Using open Channel [id: 0x7a5e3ef5, L:/127.0.0.1:58804 - R:localhost/127.0.0.1:24244] for GET '/session/cae5b25563a2b95e404534f242109d9c/element/9DAE7C1B2728749F6F2B91D3E7D957F0_element_68/enabled'
14:24:32.326 [AsyncHttpClient-1-8] DEBUG org.asynchttpclient.netty.handler.HttpHandler - 

Request DefaultFullHttpRequest(decodeResult: success, version: HTTP/1.1, content: EmptyByteBufBE)
GET /session/cae5b25563a2b95e404534f242109d9c/element/9DAE7C1B2728749F6F2B91D3E7D957F0_element_68/enabled HTTP/1.1
User-Agent: selenium/4.8.1 (java windows)
Cache-Control: no-cache
Content-Type: application/json; charset=utf-8
host: localhost:24244
accept: */*

Response DefaultHttpResponse(decodeResult: success, version: HTTP/1.1)
HTTP/1.1 200 OK
Content-Length: 14
Content-Type: application/json; charset=utf-8
cache-control: no-cache

14:24:32.326 [AsyncHttpClient-1-8] DEBUG org.asynchttpclient.netty.channel.ChannelManager - Adding key: http://localhost:24244 for channel [id: 0x7a5e3ef5, L:/127.0.0.1:58804 - R:localhost/127.0.0.1:24244]
14:24:32.326 [Forwarding isElementEnabled on session cae5b25563a2b95e404534f242109d9c to remote] DEBUG org.asynchttpclient.netty.request.NettyRequestSender - Using pooled Channel '[id: 0x7a5e3ef5, L:/127.0.0.1:58804 - R:localhost/127.0.0.1:24244]' for 'GET' to 'http://localhost:24244/session/cae5b25563a2b95e404534f242109d9c/element/9DAE7C1B2728749F6F2B91D3E7D957F0_element_68/enabled'
14:24:32.326 [Forwarding isElementEnabled on session cae5b25563a2b95e404534f242109d9c to remote] DEBUG org.asynchttpclient.netty.request.NettyRequestSender - Using open Channel [id: 0x7a5e3ef5, L:/127.0.0.1:58804 - R:localhost/127.0.0.1:24244] for GET '/session/cae5b25563a2b95e404534f242109d9c/element/9DAE7C1B2728749F6F2B91D3E7D957F0_element_68/enabled'
14:24:32.339 [AsyncHttpClient-1-8] DEBUG org.asynchttpclient.netty.handler.HttpHandler - 

Request DefaultFullHttpRequest(decodeResult: success, version: HTTP/1.1, content: EmptyByteBufBE)
GET /session/cae5b25563a2b95e404534f242109d9c/element/9DAE7C1B2728749F6F2B91D3E7D957F0_element_68/enabled HTTP/1.1
User-Agent: selenium/4.8.1 (java windows)
Cache-Control: no-cache
Content-Type: application/json; charset=utf-8
host: localhost:24244
accept: */*

Response DefaultHttpResponse(decodeResult: success, version: HTTP/1.1)
HTTP/1.1 200 OK
Content-Length: 14
Content-Type: application/json; charset=utf-8
cache-control: no-cache

14:24:32.339 [AsyncHttpClient-1-8] DEBUG org.asynchttpclient.netty.channel.ChannelManager - Adding key: http://localhost:24244 for channel [id: 0x7a5e3ef5, L:/127.0.0.1:58804 - R:localhost/127.0.0.1:24244]
14:24:32.348 [Forwarding findElement on session cae5b25563a2b95e404534f242109d9c to remote] DEBUG org.asynchttpclient.netty.request.NettyRequestSender - Using pooled Channel '[id: 0x7a5e3ef5, L:/127.0.0.1:58804 - R:localhost/127.0.0.1:24244]' for 'POST' to 'http://localhost:24244/session/cae5b25563a2b95e404534f242109d9c/element'
14:24:32.348 [Forwarding findElement on session cae5b25563a2b95e404534f242109d9c to remote] DEBUG org.asynchttpclient.netty.request.NettyRequestSender - Using open Channel [id: 0x7a5e3ef5, L:/127.0.0.1:58804 - R:localhost/127.0.0.1:24244] for POST '/session/cae5b25563a2b95e404534f242109d9c/element'
14:24:32.371 [AsyncHttpClient-1-8] DEBUG org.asynchttpclient.netty.handler.HttpHandler - 

Request DefaultHttpRequest(decodeResult: success, version: HTTP/1.1)
POST /session/cae5b25563a2b95e404534f242109d9c/element HTTP/1.1
User-Agent: selenium/4.8.1 (java windows)
Content-Length: 70
Content-Type: application/json; charset=utf-8
host: localhost:24244
accept: */*

Response DefaultHttpResponse(decodeResult: success, version: HTTP/1.1)
HTTP/1.1 200 OK
Content-Length: 95
Content-Type: application/json; charset=utf-8
cache-control: no-cache

14:24:32.371 [AsyncHttpClient-1-8] DEBUG org.asynchttpclient.netty.channel.ChannelManager - Adding key: http://localhost:24244 for channel [id: 0x7a5e3ef5, L:/127.0.0.1:58804 - R:localhost/127.0.0.1:24244]
14:24:32.371 [Forwarding clickElement on session cae5b25563a2b95e404534f242109d9c to remote] DEBUG org.asynchttpclient.netty.request.NettyRequestSender - Using pooled Channel '[id: 0x7a5e3ef5, L:/127.0.0.1:58804 - R:localhost/127.0.0.1:24244]' for 'POST' to 'http://localhost:24244/session/cae5b25563a2b95e404534f242109d9c/element/9DAE7C1B2728749F6F2B91D3E7D957F0_element_68/click'
14:24:32.371 [Forwarding clickElement on session cae5b25563a2b95e404534f242109d9c to remote] DEBUG org.asynchttpclient.netty.request.NettyRequestSender - Using open Channel [id: 0x7a5e3ef5, L:/127.0.0.1:58804 - R:localhost/127.0.0.1:24244] for POST '/session/cae5b25563a2b95e404534f242109d9c/element/9DAE7C1B2728749F6F2B91D3E7D957F0_element_68/click'
14:24:32.472 [AsyncHttpClient-1-8] DEBUG org.asynchttpclient.netty.handler.HttpHandler - 

Request DefaultHttpRequest(decodeResult: success, version: HTTP/1.1)
POST /session/cae5b25563a2b95e404534f242109d9c/element/9DAE7C1B2728749F6F2B91D3E7D957F0_element_68/click HTTP/1.1
User-Agent: selenium/4.8.1 (java windows)
Content-Length: 57
Content-Type: application/json; charset=utf-8
host: localhost:24244
accept: */*

Response DefaultHttpResponse(decodeResult: success, version: HTTP/1.1)
HTTP/1.1 200 OK
Content-Length: 14
Content-Type: application/json; charset=utf-8
cache-control: no-cache

14:24:32.475 [AsyncHttpClient-1-8] DEBUG org.asynchttpclient.netty.channel.ChannelManager - Adding key: http://localhost:24244 for channel [id: 0x7a5e3ef5, L:/127.0.0.1:58804 - R:localhost/127.0.0.1:24244]
14:24:32.499 [AsyncHttpClient-1-1] DEBUG org.asynchttpclient.netty.channel.DefaultChannelPool - Entry count for : http://localhost:24244 : 1
14:24:32.499 [AsyncHttpClient-1-1] DEBUG org.asynchttpclient.netty.channel.DefaultChannelPool - Entry count for : http://localhost:58806 : 1
14:24:32.506 [Forwarding getAlertText on session cae5b25563a2b95e404534f242109d9c to remote] DEBUG org.asynchttpclient.netty.request.NettyRequestSender - Using pooled Channel '[id: 0x7a5e3ef5, L:/127.0.0.1:58804 - R:localhost/127.0.0.1:24244]' for 'GET' to 'http://localhost:24244/session/cae5b25563a2b95e404534f242109d9c/alert/text'
14:24:32.506 [Forwarding getAlertText on session cae5b25563a2b95e404534f242109d9c to remote] DEBUG org.asynchttpclient.netty.request.NettyRequestSender - Using open Channel [id: 0x7a5e3ef5, L:/127.0.0.1:58804 - R:localhost/127.0.0.1:24244] for GET '/session/cae5b25563a2b95e404534f242109d9c/alert/text'
14:24:32.572 [AsyncHttpClient-1-8] DEBUG org.asynchttpclient.netty.handler.HttpHandler - 

Request DefaultFullHttpRequest(decodeResult: success, version: HTTP/1.1, content: EmptyByteBufBE)
GET /session/cae5b25563a2b95e404534f242109d9c/alert/text HTTP/1.1
User-Agent: selenium/4.8.1 (java windows)
Cache-Control: no-cache
Content-Type: application/json; charset=utf-8
host: localhost:24244
accept: */*

Response DefaultHttpResponse(decodeResult: success, version: HTTP/1.1)
HTTP/1.1 404 Not Found
Content-Length: 821
Content-Type: application/json; charset=utf-8
cache-control: no-cache

14:24:32.577 [AsyncHttpClient-1-8] DEBUG org.asynchttpclient.netty.channel.ChannelManager - Adding key: http://localhost:24244 for channel [id: 0x7a5e3ef5, L:/127.0.0.1:58804 - R:localhost/127.0.0.1:24244]
14:24:32.596 [Forwarding getCurrentUrl on session cae5b25563a2b95e404534f242109d9c to remote] DEBUG org.asynchttpclient.netty.request.NettyRequestSender - Using pooled Channel '[id: 0x7a5e3ef5, L:/127.0.0.1:58804 - R:localhost/127.0.0.1:24244]' for 'GET' to 'http://localhost:24244/session/cae5b25563a2b95e404534f242109d9c/url'
14:24:32.596 [Forwarding getCurrentUrl on session cae5b25563a2b95e404534f242109d9c to remote] DEBUG org.asynchttpclient.netty.request.NettyRequestSender - Using open Channel [id: 0x7a5e3ef5, L:/127.0.0.1:58804 - R:localhost/127.0.0.1:24244] for GET '/session/cae5b25563a2b95e404534f242109d9c/url'
14:24:32.735 [AsyncHttpClient-1-8] DEBUG org.asynchttpclient.netty.handler.HttpHandler - 

Request DefaultFullHttpRequest(decodeResult: success, version: HTTP/1.1, content: EmptyByteBufBE)
GET /session/cae5b25563a2b95e404534f242109d9c/url HTTP/1.1
User-Agent: selenium/4.8.1 (java windows)
Cache-Control: no-cache
Content-Type: application/json; charset=utf-8
host: localhost:24244
accept: */*

Response DefaultHttpResponse(decodeResult: success, version: HTTP/1.1)
HTTP/1.1 200 OK
Content-Length: 69
Content-Type: application/json; charset=utf-8
cache-control: no-cache

14:24:32.735 [AsyncHttpClient-1-8] DEBUG org.asynchttpclient.netty.channel.ChannelManager - Adding key: http://localhost:24244 for channel [id: 0x7a5e3ef5, L:/127.0.0.1:58804 - R:localhost/127.0.0.1:24244]
14:24:32.742 [Forwarding screenshot on session cae5b25563a2b95e404534f242109d9c to remote] DEBUG org.asynchttpclient.netty.request.NettyRequestSender - Using pooled Channel '[id: 0x7a5e3ef5, L:/127.0.0.1:58804 - R:localhost/127.0.0.1:24244]' for 'GET' to 'http://localhost:24244/session/cae5b25563a2b95e404534f242109d9c/screenshot'
14:24:32.742 [Forwarding screenshot on session cae5b25563a2b95e404534f242109d9c to remote] DEBUG org.asynchttpclient.netty.request.NettyRequestSender - Using open Channel [id: 0x7a5e3ef5, L:/127.0.0.1:58804 - R:localhost/127.0.0.1:24244] for GET '/session/cae5b25563a2b95e404534f242109d9c/screenshot'
14:24:33.068 [AsyncHttpClient-1-8] DEBUG org.asynchttpclient.netty.handler.HttpHandler - 

Request DefaultFullHttpRequest(decodeResult: success, version: HTTP/1.1, content: EmptyByteBufBE)
GET /session/cae5b25563a2b95e404534f242109d9c/screenshot HTTP/1.1
User-Agent: selenium/4.8.1 (java windows)
Cache-Control: no-cache
Content-Type: application/json; charset=utf-8
host: localhost:24244
accept: */*

Response DefaultHttpResponse(decodeResult: success, version: HTTP/1.1)
HTTP/1.1 200 OK
Content-Length: 39732
Content-Type: application/json; charset=utf-8
cache-control: no-cache

14:24:33.068 [AsyncHttpClient-1-8] DEBUG org.asynchttpclient.netty.channel.ChannelManager - Adding key: http://localhost:24244 for channel [id: 0x7a5e3ef5, L:/127.0.0.1:58804 - R:localhost/127.0.0.1:24244]
14:24:33.073 [main] DEBUG net.serenitybdd.core.photography.Darkroom - Send negative for processing for target\site\serenity\f72564945116ac14c452dd9351fdafb78450b19cc627c76b2b7c01399ba79bfe.png
14:24:33.078 [main] DEBUG net.thucydides.core.steps.StepInterceptor - STEP DONE: Click_Submit_button_for_reset_page
14:24:33.078 [Darkroom Processing Line] DEBUG net.serenitybdd.core.photography.DarkroomProcessingLine - Processing screenshot image in /var/screenshots/screenshot-3098775751204963390
14:24:33.078 [Darkroom Processing Line] DEBUG net.serenitybdd.core.photography.DarkroomProcessingLine - Saving screenshot to target\site\serenity\f72564945116ac14c452dd9351fdafb78450b19cc627c76b2b7c01399ba79bfe.png
14:24:33.099 [Forwarding getPageSource on session cae5b25563a2b95e404534f242109d9c to remote] DEBUG org.asynchttpclient.netty.request.NettyRequestSender - Using pooled Channel '[id: 0x7a5e3ef5, L:/127.0.0.1:58804 - R:localhost/127.0.0.1:24244]' for 'POST' to 'http://localhost:24244/session/cae5b25563a2b95e404534f242109d9c/execute/sync'
14:24:33.099 [Forwarding getPageSource on session cae5b25563a2b95e404534f242109d9c to remote] DEBUG org.asynchttpclient.netty.request.NettyRequestSender - Using open Channel [id: 0x7a5e3ef5, L:/127.0.0.1:58804 - R:localhost/127.0.0.1:24244] for POST '/session/cae5b25563a2b95e404534f242109d9c/execute/sync'
14:24:33.602 [AsyncHttpClient-1-1] DEBUG org.asynchttpclient.netty.channel.DefaultChannelPool - Entry count for : http://localhost:58806 : 1
14:24:33.620 [AsyncHttpClient-1-8] DEBUG org.asynchttpclient.netty.handler.HttpHandler - 

Request DefaultHttpRequest(decodeResult: success, version: HTTP/1.1)
POST /session/cae5b25563a2b95e404534f242109d9c/execute/sync HTTP/1.1
User-Agent: selenium/4.8.1 (java windows)
Content-Length: 176
Content-Type: application/json; charset=utf-8
host: localhost:24244
accept: */*

Response DefaultHttpResponse(decodeResult: success, version: HTTP/1.1)
HTTP/1.1 200 OK
Content-Length: 5303
Content-Type: application/json; charset=utf-8
cache-control: no-cache

14:24:33.620 [AsyncHttpClient-1-8] DEBUG org.asynchttpclient.netty.channel.ChannelManager - Adding key: http://localhost:24244 for channel [id: 0x7a5e3ef5, L:/127.0.0.1:58804 - R:localhost/127.0.0.1:24244]
14:24:33.641 [Forwarding getCurrentUrl on session cae5b25563a2b95e404534f242109d9c to remote] DEBUG org.asynchttpclient.netty.request.NettyRequestSender - Using pooled Channel '[id: 0x7a5e3ef5, L:/127.0.0.1:58804 - R:localhost/127.0.0.1:24244]' for 'GET' to 'http://localhost:24244/session/cae5b25563a2b95e404534f242109d9c/url'
14:24:33.649 [Forwarding getCurrentUrl on session cae5b25563a2b95e404534f242109d9c to remote] DEBUG org.asynchttpclient.netty.request.NettyRequestSender - Using open Channel [id: 0x7a5e3ef5, L:/127.0.0.1:58804 - R:localhost/127.0.0.1:24244] for GET '/session/cae5b25563a2b95e404534f242109d9c/url'
14:24:33.677 [AsyncHttpClient-1-8] DEBUG org.asynchttpclient.netty.handler.HttpHandler - 

Request DefaultFullHttpRequest(decodeResult: success, version: HTTP/1.1, content: EmptyByteBufBE)
GET /session/cae5b25563a2b95e404534f242109d9c/url HTTP/1.1
User-Agent: selenium/4.8.1 (java windows)
Cache-Control: no-cache
Content-Type: application/json; charset=utf-8
host: localhost:24244
accept: */*

Response DefaultHttpResponse(decodeResult: success, version: HTTP/1.1)
HTTP/1.1 200 OK
Content-Length: 69
Content-Type: application/json; charset=utf-8
cache-control: no-cache

14:24:33.677 [AsyncHttpClient-1-8] DEBUG org.asynchttpclient.netty.channel.ChannelManager - Adding key: http://localhost:24244 for channel [id: 0x7a5e3ef5, L:/127.0.0.1:58804 - R:localhost/127.0.0.1:24244]
14:24:33.692 [Forwarding getAlertText on session cae5b25563a2b95e404534f242109d9c to remote] DEBUG org.asynchttpclient.netty.request.NettyRequestSender - Using pooled Channel '[id: 0x7a5e3ef5, L:/127.0.0.1:58804 - R:localhost/127.0.0.1:24244]' for 'GET' to 'http://localhost:24244/session/cae5b25563a2b95e404534f242109d9c/alert/text'
14:24:33.692 [Forwarding getAlertText on session cae5b25563a2b95e404534f242109d9c to remote] DEBUG org.asynchttpclient.netty.request.NettyRequestSender - Using open Channel [id: 0x7a5e3ef5, L:/127.0.0.1:58804 - R:localhost/127.0.0.1:24244] for GET '/session/cae5b25563a2b95e404534f242109d9c/alert/text'
14:24:33.703 [AsyncHttpClient-1-8] DEBUG org.asynchttpclient.netty.handler.HttpHandler - 

Request DefaultFullHttpRequest(decodeResult: success, version: HTTP/1.1, content: EmptyByteBufBE)
GET /session/cae5b25563a2b95e404534f242109d9c/alert/text HTTP/1.1
User-Agent: selenium/4.8.1 (java windows)
Cache-Control: no-cache
Content-Type: application/json; charset=utf-8
host: localhost:24244
accept: */*

Response DefaultHttpResponse(decodeResult: success, version: HTTP/1.1)
HTTP/1.1 404 Not Found
Content-Length: 821
Content-Type: application/json; charset=utf-8
cache-control: no-cache

14:24:33.703 [AsyncHttpClient-1-8] DEBUG org.asynchttpclient.netty.channel.ChannelManager - Adding key: http://localhost:24244 for channel [id: 0x7a5e3ef5, L:/127.0.0.1:58804 - R:localhost/127.0.0.1:24244]
14:24:33.709 [Forwarding getCurrentUrl on session cae5b25563a2b95e404534f242109d9c to remote] DEBUG org.asynchttpclient.netty.request.NettyRequestSender - Using pooled Channel '[id: 0x7a5e3ef5, L:/127.0.0.1:58804 - R:localhost/127.0.0.1:24244]' for 'GET' to 'http://localhost:24244/session/cae5b25563a2b95e404534f242109d9c/url'
14:24:33.709 [Forwarding getCurrentUrl on session cae5b25563a2b95e404534f242109d9c to remote] DEBUG org.asynchttpclient.netty.request.NettyRequestSender - Using open Channel [id: 0x7a5e3ef5, L:/127.0.0.1:58804 - R:localhost/127.0.0.1:24244] for GET '/session/cae5b25563a2b95e404534f242109d9c/url'
14:24:33.745 [AsyncHttpClient-1-8] DEBUG org.asynchttpclient.netty.handler.HttpHandler - 

Request DefaultFullHttpRequest(decodeResult: success, version: HTTP/1.1, content: EmptyByteBufBE)
GET /session/cae5b25563a2b95e404534f242109d9c/url HTTP/1.1
User-Agent: selenium/4.8.1 (java windows)
Cache-Control: no-cache
Content-Type: application/json; charset=utf-8
host: localhost:24244
accept: */*

Response DefaultHttpResponse(decodeResult: success, version: HTTP/1.1)
HTTP/1.1 200 OK
Content-Length: 69
Content-Type: application/json; charset=utf-8
cache-control: no-cache

14:24:33.745 [AsyncHttpClient-1-8] DEBUG org.asynchttpclient.netty.channel.ChannelManager - Adding key: http://localhost:24244 for channel [id: 0x7a5e3ef5, L:/127.0.0.1:58804 - R:localhost/127.0.0.1:24244]
14:24:33.745 [Forwarding screenshot on session cae5b25563a2b95e404534f242109d9c to remote] DEBUG org.asynchttpclient.netty.request.NettyRequestSender - Using pooled Channel '[id: 0x7a5e3ef5, L:/127.0.0.1:58804 - R:localhost/127.0.0.1:24244]' for 'GET' to 'http://localhost:24244/session/cae5b25563a2b95e404534f242109d9c/screenshot'
14:24:33.745 [Forwarding screenshot on session cae5b25563a2b95e404534f242109d9c to remote] DEBUG org.asynchttpclient.netty.request.NettyRequestSender - Using open Channel [id: 0x7a5e3ef5, L:/127.0.0.1:58804 - R:localhost/127.0.0.1:24244] for GET '/session/cae5b25563a2b95e404534f242109d9c/screenshot'
14:24:33.971 [AsyncHttpClient-1-8] DEBUG org.asynchttpclient.netty.handler.HttpHandler - 

Request DefaultFullHttpRequest(decodeResult: success, version: HTTP/1.1, content: EmptyByteBufBE)
GET /session/cae5b25563a2b95e404534f242109d9c/screenshot HTTP/1.1
User-Agent: selenium/4.8.1 (java windows)
Cache-Control: no-cache
Content-Type: application/json; charset=utf-8
host: localhost:24244
accept: */*

Response DefaultHttpResponse(decodeResult: success, version: HTTP/1.1)
HTTP/1.1 200 OK
Content-Length: 43664
Content-Type: application/json; charset=utf-8
cache-control: no-cache

14:24:33.971 [AsyncHttpClient-1-8] DEBUG org.asynchttpclient.netty.channel.ChannelManager - Adding key: http://localhost:24244 for channel [id: 0x7a5e3ef5, L:/127.0.0.1:58804 - R:localhost/127.0.0.1:24244]
14:24:33.971 [main] DEBUG net.serenitybdd.core.photography.Darkroom - Send negative for processing for target\site\serenity\e7b47d97a1c4178ad7dfc3a3d1a35313105e25e7f45e264df56ab28aa651b037.png
14:24:33.971 [Darkroom Processing Line] DEBUG net.serenitybdd.core.photography.DarkroomProcessingLine - Processing screenshot image in /var/screenshots/screenshot-3860126255482221789
14:24:33.971 [Darkroom Processing Line] DEBUG net.serenitybdd.core.photography.DarkroomProcessingLine - Saving screenshot to target\site\serenity\e7b47d97a1c4178ad7dfc3a3d1a35313105e25e7f45e264df56ab28aa651b037.png
14:24:33.991 [AsyncHttpClient-1-2] DEBUG org.asynchttpclient.netty.handler.WebSocketHandler - Channel Closed: [id: 0x974b4ed2, L:/127.0.0.1:58814 ! R:localhost/127.0.0.1:58806] with attribute NettyResponseFuture{currentRetry=0,
	isDone=1,
	isCancelled=0,
	asyncHandler=org.asynchttpclient.ws.WebSocketUpgradeHandler@7bb8b8a1,
	nettyRequest=org.asynchttpclient.netty.request.NettyRequest@363e7c49,
	future=java.util.concurrent.CompletableFuture@76d5a577[Completed normally],
	uri=ws://localhost:58806/devtools/browser/36a449d3-a8ef-495a-949d-dd9709cb6195,
	keepAlive=true,
	redirectCount=0,
	timeoutsHolder=null,
	inAuth=0,
	touch=1689756855843}
14:24:33.991 [AsyncHttpClient-1-2] DEBUG org.asynchttpclient.netty.channel.ChannelManager - Closing Channel [id: 0x974b4ed2, L:/127.0.0.1:58814 ! R:localhost/127.0.0.1:58806] 
14:24:33.991 [Driver Command Executor] DEBUG org.asynchttpclient.netty.request.NettyRequestSender - Using pooled Channel '[id: 0x7a5e3ef5, L:/127.0.0.1:58804 - R:localhost/127.0.0.1:24244]' for 'DELETE' to 'http://localhost:24244/session/cae5b25563a2b95e404534f242109d9c'
14:24:33.991 [Driver Command Executor] DEBUG org.asynchttpclient.netty.request.NettyRequestSender - Using open Channel [id: 0x7a5e3ef5, L:/127.0.0.1:58804 - R:localhost/127.0.0.1:24244] for DELETE '/session/cae5b25563a2b95e404534f242109d9c'
14:24:34.691 [AsyncHttpClient-1-1] DEBUG org.asynchttpclient.netty.channel.DefaultChannelPool - Entry count for : http://localhost:58806 : 1
14:24:34.764 [AsyncHttpClient-1-9] DEBUG org.asynchttpclient.netty.handler.HttpHandler - Unexpected I/O exception on channel [id: 0x4a82d1e0, L:/127.0.0.1:58813 - R:localhost/127.0.0.1:58806]
java.io.IOException: An existing connection was forcibly closed by the remote host
	at sun.nio.ch.SocketDispatcher.read0(Native Method)
	at sun.nio.ch.SocketDispatcher.read(SocketDispatcher.java:43)
	at sun.nio.ch.IOUtil.readIntoNativeBuffer(IOUtil.java:223)
	at sun.nio.ch.IOUtil.read(IOUtil.java:192)
	at sun.nio.ch.SocketChannelImpl.read(SocketChannelImpl.java:380)
	at io.netty.buffer.PooledByteBuf.setBytes(PooledByteBuf.java:259)
	at io.netty.buffer.AbstractByteBuf.writeBytes(AbstractByteBuf.java:1132)
	at io.netty.channel.socket.nio.NioSocketChannel.doReadBytes(NioSocketChannel.java:357)
	at io.netty.channel.nio.AbstractNioByteChannel$NioByteUnsafe.read(AbstractNioByteChannel.java:151)
	at io.netty.channel.nio.NioEventLoop.processSelectedKey(NioEventLoop.java:788)
	at io.netty.channel.nio.NioEventLoop.processSelectedKeysOptimized(NioEventLoop.java:724)
	at io.netty.channel.nio.NioEventLoop.processSelectedKeys(NioEventLoop.java:650)
	at io.netty.channel.nio.NioEventLoop.run(NioEventLoop.java:562)
	at io.netty.util.concurrent.SingleThreadEventExecutor$4.run(SingleThreadEventExecutor.java:997)
	at io.netty.util.internal.ThreadExecutorMap$2.run(ThreadExecutorMap.java:74)
	at io.netty.util.concurrent.FastThreadLocalRunnable.run(FastThreadLocalRunnable.java:30)
	at java.lang.Thread.run(Thread.java:748)
14:24:34.764 [AsyncHttpClient-1-9] DEBUG org.asynchttpclient.netty.channel.ChannelManager - Closing Channel [id: 0x4a82d1e0, L:/127.0.0.1:58813 - R:localhost/127.0.0.1:58806] 
14:24:34.764 [AsyncHttpClient-1-9] DEBUG org.asynchttpclient.netty.handler.HttpHandler - Channel Closed: [id: 0x4a82d1e0, L:/127.0.0.1:58813 ! R:localhost/127.0.0.1:58806] with attribute DISCARD
14:24:34.795 [AsyncHttpClient-1-8] DEBUG org.asynchttpclient.netty.handler.HttpHandler - 

Request DefaultFullHttpRequest(decodeResult: success, version: HTTP/1.1, content: EmptyByteBufBE)
DELETE /session/cae5b25563a2b95e404534f242109d9c HTTP/1.1
User-Agent: selenium/4.8.1 (java windows)
Content-Type: application/json; charset=utf-8
host: localhost:24244
accept: */*

Response DefaultHttpResponse(decodeResult: success, version: HTTP/1.1)
HTTP/1.1 200 OK
Content-Length: 14
Content-Type: application/json; charset=utf-8
cache-control: no-cache

14:24:34.795 [AsyncHttpClient-1-8] DEBUG org.asynchttpclient.netty.channel.ChannelManager - Adding key: http://localhost:24244 for channel [id: 0x7a5e3ef5, L:/127.0.0.1:58804 - R:localhost/127.0.0.1:24244]
14:24:34.902 [AsyncHttpClient-1-8] DEBUG org.asynchttpclient.netty.handler.HttpHandler - Channel Closed: [id: 0x7a5e3ef5, L:/127.0.0.1:58804 ! R:localhost/127.0.0.1:24244] with attribute DISCARD
]]></system-out>
    <system-err><![CDATA[Starting ChromeDriver 114.0.5735.90 (386bc09e8f4f2e025eddae123f36f6263096ae49-refs/branch-heads/5735@{#1052}) on port 24244
Only local connections are allowed.
Please see https://chromedriver.chromium.org/security-considerations for suggestions on keeping ChromeDriver safe.
ChromeDriver was started successfully.
Jul 19, 2023 2:24:15 PM org.openqa.selenium.devtools.CdpVersionFinder findNearestMatch
WARNING: Unable to find an exact match for CDP version 114, so returning the closest version found: 110
]]></system-err>
  </testcase>
  <testcase name="To validate the forgot password functionality with valid and invalid credentials. #4" classname="To test the forgot password functionality" time="19.223">
    <system-out><![CDATA[14:24:35.446 [main] DEBUG io.cucumber.core.plugin.SerenityReporter - Running feature from file:///C:/Users/hp/eclipse-workspace/AfreximBank_SerenityBDD_Framework/src/test/resources/Afrexim_features/Afrexim_ForgotPassword.feature
14:24:35.446 [main] WARN io.cucumber.core.plugin.SerenityReporter - Feature from file:///C:/Users/hp/eclipse-workspace/AfreximBank_SerenityBDD_Framework/src/test/resources/Afrexim_features/Afrexim_ForgotPassword.feature is not under the 'features' directory. Requirements report will not be correctly generated!
14:24:35.614 [main] INFO net.serenitybdd.core.webdriver.driverproviders.ChromeDriverProvider - Starting Chrome driver instance with capabilities:
14:24:35.614 [main] INFO net.serenitybdd.core.webdriver.driverproviders.ChromeDriverProvider - Capabilities {acceptInsecureCerts: false, browserName: chrome, goog:chromeOptions: {args: [remote-allow-origins=*], extensions: []}}
14:24:35.788 [AsyncHttpClient-1-1] DEBUG org.asynchttpclient.netty.channel.DefaultChannelPool - Entry count for : http://localhost:24244 : 1
14:24:35.788 [AsyncHttpClient-1-1] DEBUG org.asynchttpclient.netty.channel.DefaultChannelPool - Entry count for : http://localhost:58806 : 1
14:24:35.788 [AsyncHttpClient-1-1] DEBUG org.asynchttpclient.netty.channel.DefaultChannelPool - Adding Candidate expired Channel [id: 0x7a5e3ef5, L:/127.0.0.1:58804 ! R:localhost/127.0.0.1:24244] isIdleTimeoutExpired=false isRemotelyClosed=true isTtlExpired=false
14:24:35.788 [AsyncHttpClient-1-1] DEBUG org.asynchttpclient.netty.channel.DefaultChannelPool - Closing Idle Channel [id: 0x7a5e3ef5, L:/127.0.0.1:58804 ! R:localhost/127.0.0.1:24244]
14:24:35.788 [AsyncHttpClient-1-1] DEBUG org.asynchttpclient.netty.channel.DefaultChannelPool - Adding Candidate expired Channel [id: 0x4a82d1e0, L:/127.0.0.1:58813 ! R:localhost/127.0.0.1:58806] isIdleTimeoutExpired=false isRemotelyClosed=true isTtlExpired=false
14:24:35.788 [AsyncHttpClient-1-1] DEBUG org.asynchttpclient.netty.channel.DefaultChannelPool - Closing Idle Channel [id: 0x4a82d1e0, L:/127.0.0.1:58813 ! R:localhost/127.0.0.1:58806]
14:24:35.788 [AsyncHttpClient-1-1] DEBUG org.asynchttpclient.netty.channel.DefaultChannelPool - Closed 2 connections out of 2 in 0 ms
14:24:36.707 [AsyncHttpClient-1-3] DEBUG org.asynchttpclient.netty.channel.NettyConnectListener - Using new Channel '[id: 0xa0f7e0ab, L:/127.0.0.1:58871 - R:localhost/127.0.0.1:48655]' for 'POST' to '/session'
14:24:38.776 [AsyncHttpClient-1-3] DEBUG org.asynchttpclient.netty.handler.HttpHandler - 

Request DefaultHttpRequest(decodeResult: success, version: HTTP/1.1)
POST /session HTTP/1.1
User-Agent: selenium/4.8.1 (java windows)
Content-Length: 507
Content-Type: application/json; charset=utf-8
host: localhost:48655
accept: */*

Response DefaultHttpResponse(decodeResult: success, version: HTTP/1.1)
HTTP/1.1 200 OK
Content-Length: 856
Content-Type: application/json; charset=utf-8
cache-control: no-cache

14:24:38.780 [AsyncHttpClient-1-3] DEBUG org.asynchttpclient.netty.channel.ChannelManager - Adding key: http://localhost:48655 for channel [id: 0xa0f7e0ab, L:/127.0.0.1:58871 - R:localhost/127.0.0.1:48655]
14:24:38.801 [AsyncHttpClient-1-4] DEBUG org.asynchttpclient.netty.channel.NettyConnectListener - Using new Channel '[id: 0xdfae4dd8, L:/127.0.0.1:58879 - R:localhost/127.0.0.1:58872]' for 'GET' to '/json/version'
14:24:38.806 [AsyncHttpClient-1-4] DEBUG org.asynchttpclient.netty.handler.HttpHandler - 

Request DefaultFullHttpRequest(decodeResult: success, version: HTTP/1.1, content: EmptyByteBufBE)
GET /json/version HTTP/1.1
User-Agent: selenium/4.8.1 (java windows)
host: localhost:58872
accept: */*

Response DefaultHttpResponse(decodeResult: success, version: HTTP/1.1)
HTTP/1.1 200 OK
Content-Security-Policy: frame-ancestors 'none'
Content-Length: 424
Content-Type: application/json; charset=UTF-8

14:24:38.806 [AsyncHttpClient-1-4] DEBUG org.asynchttpclient.netty.channel.ChannelManager - Adding key: http://localhost:58872 for channel [id: 0xdfae4dd8, L:/127.0.0.1:58879 - R:localhost/127.0.0.1:58872]
14:24:38.811 [AsyncHttpClient-1-5] DEBUG org.asynchttpclient.netty.channel.NettyConnectListener - Using new Channel '[id: 0xe8f2a428, L:/127.0.0.1:58880 - R:localhost/127.0.0.1:58872]' for 'GET' to '/devtools/browser/2b4b7e33-b7e8-4e86-82ad-a2d0d84121a0'
14:24:38.812 [AsyncHttpClient-1-5] DEBUG org.asynchttpclient.netty.handler.WebSocketHandler - 

Request DefaultFullHttpRequest(decodeResult: success, version: HTTP/1.1, content: EmptyByteBufBE)
GET /devtools/browser/2b4b7e33-b7e8-4e86-82ad-a2d0d84121a0 HTTP/1.1
upgrade: websocket
connection: upgrade
sec-websocket-key: Nc86xYI/u13m/xqUZetOXA==
sec-websocket-version: 13
origin: http://localhost:58872
host: localhost:58872
accept: */*
user-agent: AHC/2.1

Response DefaultHttpResponse(decodeResult: success, version: HTTP/1.1)
HTTP/1.1 101 WebSocket Protocol Handshake
Upgrade: WebSocket
Connection: Upgrade
Sec-WebSocket-Accept: /9gTvLlNwACPl1+Wyyw8yCFZboo=

14:24:38.819 [Forwarding get on session e0fc6014a12ff0b102d89f17ac2d2b07 to remote] DEBUG org.asynchttpclient.netty.request.NettyRequestSender - Using pooled Channel '[id: 0xa0f7e0ab, L:/127.0.0.1:58871 - R:localhost/127.0.0.1:48655]' for 'POST' to 'http://localhost:48655/session/e0fc6014a12ff0b102d89f17ac2d2b07/url'
14:24:38.819 [Forwarding get on session e0fc6014a12ff0b102d89f17ac2d2b07 to remote] DEBUG org.asynchttpclient.netty.request.NettyRequestSender - Using open Channel [id: 0xa0f7e0ab, L:/127.0.0.1:58871 - R:localhost/127.0.0.1:48655] for POST '/session/e0fc6014a12ff0b102d89f17ac2d2b07/url'
14:24:39.088 [AsyncHttpClient-1-1] DEBUG org.asynchttpclient.netty.channel.DefaultChannelPool - Entry count for : http://localhost:58872 : 1
14:24:40.187 [AsyncHttpClient-1-1] DEBUG org.asynchttpclient.netty.channel.DefaultChannelPool - Entry count for : http://localhost:58872 : 1
14:24:41.293 [AsyncHttpClient-1-1] DEBUG org.asynchttpclient.netty.channel.DefaultChannelPool - Entry count for : http://localhost:58872 : 1
14:24:42.387 [AsyncHttpClient-1-1] DEBUG org.asynchttpclient.netty.channel.DefaultChannelPool - Entry count for : http://localhost:58872 : 1
14:24:42.737 [AsyncHttpClient-1-3] DEBUG org.asynchttpclient.netty.handler.HttpHandler - 

Request DefaultHttpRequest(decodeResult: success, version: HTTP/1.1)
POST /session/e0fc6014a12ff0b102d89f17ac2d2b07/url HTTP/1.1
User-Agent: selenium/4.8.1 (java windows)
Content-Length: 58
Content-Type: application/json; charset=utf-8
host: localhost:48655
accept: */*

Response DefaultHttpResponse(decodeResult: success, version: HTTP/1.1)
HTTP/1.1 200 OK
Content-Length: 14
Content-Type: application/json; charset=utf-8
cache-control: no-cache

14:24:42.737 [AsyncHttpClient-1-3] DEBUG org.asynchttpclient.netty.channel.ChannelManager - Adding key: http://localhost:48655 for channel [id: 0xa0f7e0ab, L:/127.0.0.1:58871 - R:localhost/127.0.0.1:48655]
14:24:42.743 [Forwarding setTimeout on session e0fc6014a12ff0b102d89f17ac2d2b07 to remote] DEBUG org.asynchttpclient.netty.request.NettyRequestSender - Using pooled Channel '[id: 0xa0f7e0ab, L:/127.0.0.1:58871 - R:localhost/127.0.0.1:48655]' for 'POST' to 'http://localhost:48655/session/e0fc6014a12ff0b102d89f17ac2d2b07/timeouts'
14:24:42.743 [Forwarding setTimeout on session e0fc6014a12ff0b102d89f17ac2d2b07 to remote] DEBUG org.asynchttpclient.netty.request.NettyRequestSender - Using open Channel [id: 0xa0f7e0ab, L:/127.0.0.1:58871 - R:localhost/127.0.0.1:48655] for POST '/session/e0fc6014a12ff0b102d89f17ac2d2b07/timeouts'
14:24:42.750 [AsyncHttpClient-1-3] DEBUG org.asynchttpclient.netty.handler.HttpHandler - 

Request DefaultHttpRequest(decodeResult: success, version: HTTP/1.1)
POST /session/e0fc6014a12ff0b102d89f17ac2d2b07/timeouts HTTP/1.1
User-Agent: selenium/4.8.1 (java windows)
Content-Length: 22
Content-Type: application/json; charset=utf-8
host: localhost:48655
accept: */*

Response DefaultHttpResponse(decodeResult: success, version: HTTP/1.1)
HTTP/1.1 200 OK
Content-Length: 14
Content-Type: application/json; charset=utf-8
cache-control: no-cache

14:24:42.751 [AsyncHttpClient-1-3] DEBUG org.asynchttpclient.netty.channel.ChannelManager - Adding key: http://localhost:48655 for channel [id: 0xa0f7e0ab, L:/127.0.0.1:58871 - R:localhost/127.0.0.1:48655]
14:24:42.754 [Forwarding maximizeCurrentWindow on session e0fc6014a12ff0b102d89f17ac2d2b07 to remote] DEBUG org.asynchttpclient.netty.request.NettyRequestSender - Using pooled Channel '[id: 0xa0f7e0ab, L:/127.0.0.1:58871 - R:localhost/127.0.0.1:48655]' for 'POST' to 'http://localhost:48655/session/e0fc6014a12ff0b102d89f17ac2d2b07/window/maximize'
14:24:42.754 [Forwarding maximizeCurrentWindow on session e0fc6014a12ff0b102d89f17ac2d2b07 to remote] DEBUG org.asynchttpclient.netty.request.NettyRequestSender - Using open Channel [id: 0xa0f7e0ab, L:/127.0.0.1:58871 - R:localhost/127.0.0.1:48655] for POST '/session/e0fc6014a12ff0b102d89f17ac2d2b07/window/maximize'
14:24:43.196 [AsyncHttpClient-1-3] DEBUG org.asynchttpclient.netty.handler.HttpHandler - 

Request DefaultHttpRequest(decodeResult: success, version: HTTP/1.1)
POST /session/e0fc6014a12ff0b102d89f17ac2d2b07/window/maximize HTTP/1.1
User-Agent: selenium/4.8.1 (java windows)
Content-Length: 3
Content-Type: application/json; charset=utf-8
host: localhost:48655
accept: */*

Response DefaultHttpResponse(decodeResult: success, version: HTTP/1.1)
HTTP/1.1 200 OK
Content-Length: 51
Content-Type: application/json; charset=utf-8
cache-control: no-cache

14:24:43.196 [AsyncHttpClient-1-3] DEBUG org.asynchttpclient.netty.channel.ChannelManager - Adding key: http://localhost:48655 for channel [id: 0xa0f7e0ab, L:/127.0.0.1:58871 - R:localhost/127.0.0.1:48655]
14:24:43.203 [Forwarding getAlertText on session e0fc6014a12ff0b102d89f17ac2d2b07 to remote] DEBUG org.asynchttpclient.netty.request.NettyRequestSender - Using pooled Channel '[id: 0xa0f7e0ab, L:/127.0.0.1:58871 - R:localhost/127.0.0.1:48655]' for 'GET' to 'http://localhost:48655/session/e0fc6014a12ff0b102d89f17ac2d2b07/alert/text'
14:24:43.203 [Forwarding getAlertText on session e0fc6014a12ff0b102d89f17ac2d2b07 to remote] DEBUG org.asynchttpclient.netty.request.NettyRequestSender - Using open Channel [id: 0xa0f7e0ab, L:/127.0.0.1:58871 - R:localhost/127.0.0.1:48655] for GET '/session/e0fc6014a12ff0b102d89f17ac2d2b07/alert/text'
14:24:43.334 [AsyncHttpClient-1-3] DEBUG org.asynchttpclient.netty.handler.HttpHandler - 

Request DefaultFullHttpRequest(decodeResult: success, version: HTTP/1.1, content: EmptyByteBufBE)
GET /session/e0fc6014a12ff0b102d89f17ac2d2b07/alert/text HTTP/1.1
User-Agent: selenium/4.8.1 (java windows)
Cache-Control: no-cache
Content-Type: application/json; charset=utf-8
host: localhost:48655
accept: */*

Response DefaultHttpResponse(decodeResult: success, version: HTTP/1.1)
HTTP/1.1 404 Not Found
Content-Length: 821
Content-Type: application/json; charset=utf-8
cache-control: no-cache

14:24:43.335 [AsyncHttpClient-1-3] DEBUG org.asynchttpclient.netty.channel.ChannelManager - Adding key: http://localhost:48655 for channel [id: 0xa0f7e0ab, L:/127.0.0.1:58871 - R:localhost/127.0.0.1:48655]
14:24:43.337 [Forwarding getCurrentUrl on session e0fc6014a12ff0b102d89f17ac2d2b07 to remote] DEBUG org.asynchttpclient.netty.request.NettyRequestSender - Using pooled Channel '[id: 0xa0f7e0ab, L:/127.0.0.1:58871 - R:localhost/127.0.0.1:48655]' for 'GET' to 'http://localhost:48655/session/e0fc6014a12ff0b102d89f17ac2d2b07/url'
14:24:43.337 [Forwarding getCurrentUrl on session e0fc6014a12ff0b102d89f17ac2d2b07 to remote] DEBUG org.asynchttpclient.netty.request.NettyRequestSender - Using open Channel [id: 0xa0f7e0ab, L:/127.0.0.1:58871 - R:localhost/127.0.0.1:48655] for GET '/session/e0fc6014a12ff0b102d89f17ac2d2b07/url'
14:24:43.360 [AsyncHttpClient-1-3] DEBUG org.asynchttpclient.netty.handler.HttpHandler - 

Request DefaultFullHttpRequest(decodeResult: success, version: HTTP/1.1, content: EmptyByteBufBE)
GET /session/e0fc6014a12ff0b102d89f17ac2d2b07/url HTTP/1.1
User-Agent: selenium/4.8.1 (java windows)
Cache-Control: no-cache
Content-Type: application/json; charset=utf-8
host: localhost:48655
accept: */*

Response DefaultHttpResponse(decodeResult: success, version: HTTP/1.1)
HTTP/1.1 200 OK
Content-Length: 40
Content-Type: application/json; charset=utf-8
cache-control: no-cache

14:24:43.360 [AsyncHttpClient-1-3] DEBUG org.asynchttpclient.netty.channel.ChannelManager - Adding key: http://localhost:48655 for channel [id: 0xa0f7e0ab, L:/127.0.0.1:58871 - R:localhost/127.0.0.1:48655]
14:24:43.361 [Forwarding screenshot on session e0fc6014a12ff0b102d89f17ac2d2b07 to remote] DEBUG org.asynchttpclient.netty.request.NettyRequestSender - Using pooled Channel '[id: 0xa0f7e0ab, L:/127.0.0.1:58871 - R:localhost/127.0.0.1:48655]' for 'GET' to 'http://localhost:48655/session/e0fc6014a12ff0b102d89f17ac2d2b07/screenshot'
14:24:43.361 [Forwarding screenshot on session e0fc6014a12ff0b102d89f17ac2d2b07 to remote] DEBUG org.asynchttpclient.netty.request.NettyRequestSender - Using open Channel [id: 0xa0f7e0ab, L:/127.0.0.1:58871 - R:localhost/127.0.0.1:48655] for GET '/session/e0fc6014a12ff0b102d89f17ac2d2b07/screenshot'
14:24:43.493 [AsyncHttpClient-1-1] DEBUG org.asynchttpclient.netty.channel.DefaultChannelPool - Entry count for : http://localhost:58872 : 1
14:24:44.242 [AsyncHttpClient-1-3] DEBUG org.asynchttpclient.netty.handler.HttpHandler - 

Request DefaultFullHttpRequest(decodeResult: success, version: HTTP/1.1, content: EmptyByteBufBE)
GET /session/e0fc6014a12ff0b102d89f17ac2d2b07/screenshot HTTP/1.1
User-Agent: selenium/4.8.1 (java windows)
Cache-Control: no-cache
Content-Type: application/json; charset=utf-8
host: localhost:48655
accept: */*

Response DefaultHttpResponse(decodeResult: success, version: HTTP/1.1)
HTTP/1.1 200 OK
Content-Length: 2003388
Content-Type: application/json; charset=utf-8
cache-control: no-cache

14:24:44.273 [AsyncHttpClient-1-3] DEBUG org.asynchttpclient.netty.channel.ChannelManager - Adding key: http://localhost:48655 for channel [id: 0xa0f7e0ab, L:/127.0.0.1:58871 - R:localhost/127.0.0.1:48655]
14:24:44.399 [main] DEBUG net.serenitybdd.core.photography.Darkroom - Send negative for processing for target\site\serenity\eefb42ccb8dde2b5f1bae08f03f09b71f2964dee8d658fcd7aca9aafc2b8a1f9.png
14:24:44.407 [Forwarding getPageSource on session e0fc6014a12ff0b102d89f17ac2d2b07 to remote] DEBUG org.asynchttpclient.netty.request.NettyRequestSender - Using pooled Channel '[id: 0xa0f7e0ab, L:/127.0.0.1:58871 - R:localhost/127.0.0.1:48655]' for 'POST' to 'http://localhost:48655/session/e0fc6014a12ff0b102d89f17ac2d2b07/execute/sync'
14:24:44.407 [Forwarding getPageSource on session e0fc6014a12ff0b102d89f17ac2d2b07 to remote] DEBUG org.asynchttpclient.netty.request.NettyRequestSender - Using open Channel [id: 0xa0f7e0ab, L:/127.0.0.1:58871 - R:localhost/127.0.0.1:48655] for POST '/session/e0fc6014a12ff0b102d89f17ac2d2b07/execute/sync'
14:24:44.431 [AsyncHttpClient-1-3] DEBUG org.asynchttpclient.netty.handler.HttpHandler - 

Request DefaultHttpRequest(decodeResult: success, version: HTTP/1.1)
POST /session/e0fc6014a12ff0b102d89f17ac2d2b07/execute/sync HTTP/1.1
User-Agent: selenium/4.8.1 (java windows)
Content-Length: 176
Content-Type: application/json; charset=utf-8
host: localhost:48655
accept: */*

Response DefaultHttpResponse(decodeResult: success, version: HTTP/1.1)
HTTP/1.1 200 OK
Content-Length: 129146
Content-Type: application/json; charset=utf-8
cache-control: no-cache

14:24:44.432 [AsyncHttpClient-1-3] DEBUG org.asynchttpclient.netty.channel.ChannelManager - Adding key: http://localhost:48655 for channel [id: 0xa0f7e0ab, L:/127.0.0.1:58871 - R:localhost/127.0.0.1:48655]
14:24:44.455 [Forwarding getCurrentUrl on session e0fc6014a12ff0b102d89f17ac2d2b07 to remote] DEBUG org.asynchttpclient.netty.request.NettyRequestSender - Using pooled Channel '[id: 0xa0f7e0ab, L:/127.0.0.1:58871 - R:localhost/127.0.0.1:48655]' for 'GET' to 'http://localhost:48655/session/e0fc6014a12ff0b102d89f17ac2d2b07/url'
14:24:44.455 [Forwarding getCurrentUrl on session e0fc6014a12ff0b102d89f17ac2d2b07 to remote] DEBUG org.asynchttpclient.netty.request.NettyRequestSender - Using open Channel [id: 0xa0f7e0ab, L:/127.0.0.1:58871 - R:localhost/127.0.0.1:48655] for GET '/session/e0fc6014a12ff0b102d89f17ac2d2b07/url'
14:24:44.470 [AsyncHttpClient-1-3] DEBUG org.asynchttpclient.netty.handler.HttpHandler - 

Request DefaultFullHttpRequest(decodeResult: success, version: HTTP/1.1, content: EmptyByteBufBE)
GET /session/e0fc6014a12ff0b102d89f17ac2d2b07/url HTTP/1.1
User-Agent: selenium/4.8.1 (java windows)
Cache-Control: no-cache
Content-Type: application/json; charset=utf-8
host: localhost:48655
accept: */*

Response DefaultHttpResponse(decodeResult: success, version: HTTP/1.1)
HTTP/1.1 200 OK
Content-Length: 40
Content-Type: application/json; charset=utf-8
cache-control: no-cache

14:24:44.471 [AsyncHttpClient-1-3] DEBUG org.asynchttpclient.netty.channel.ChannelManager - Adding key: http://localhost:48655 for channel [id: 0xa0f7e0ab, L:/127.0.0.1:58871 - R:localhost/127.0.0.1:48655]
14:24:44.493 [Forwarding getAlertText on session e0fc6014a12ff0b102d89f17ac2d2b07 to remote] DEBUG org.asynchttpclient.netty.request.NettyRequestSender - Using pooled Channel '[id: 0xa0f7e0ab, L:/127.0.0.1:58871 - R:localhost/127.0.0.1:48655]' for 'GET' to 'http://localhost:48655/session/e0fc6014a12ff0b102d89f17ac2d2b07/alert/text'
14:24:44.493 [Forwarding getAlertText on session e0fc6014a12ff0b102d89f17ac2d2b07 to remote] DEBUG org.asynchttpclient.netty.request.NettyRequestSender - Using open Channel [id: 0xa0f7e0ab, L:/127.0.0.1:58871 - R:localhost/127.0.0.1:48655] for GET '/session/e0fc6014a12ff0b102d89f17ac2d2b07/alert/text'
14:24:44.496 [AsyncHttpClient-1-3] DEBUG org.asynchttpclient.netty.handler.HttpHandler - 

Request DefaultFullHttpRequest(decodeResult: success, version: HTTP/1.1, content: EmptyByteBufBE)
GET /session/e0fc6014a12ff0b102d89f17ac2d2b07/alert/text HTTP/1.1
User-Agent: selenium/4.8.1 (java windows)
Cache-Control: no-cache
Content-Type: application/json; charset=utf-8
host: localhost:48655
accept: */*

Response DefaultHttpResponse(decodeResult: success, version: HTTP/1.1)
HTTP/1.1 404 Not Found
Content-Length: 821
Content-Type: application/json; charset=utf-8
cache-control: no-cache

14:24:44.496 [AsyncHttpClient-1-3] DEBUG org.asynchttpclient.netty.channel.ChannelManager - Adding key: http://localhost:48655 for channel [id: 0xa0f7e0ab, L:/127.0.0.1:58871 - R:localhost/127.0.0.1:48655]
14:24:44.502 [Forwarding getCurrentUrl on session e0fc6014a12ff0b102d89f17ac2d2b07 to remote] DEBUG org.asynchttpclient.netty.request.NettyRequestSender - Using pooled Channel '[id: 0xa0f7e0ab, L:/127.0.0.1:58871 - R:localhost/127.0.0.1:48655]' for 'GET' to 'http://localhost:48655/session/e0fc6014a12ff0b102d89f17ac2d2b07/url'
14:24:44.502 [Forwarding getCurrentUrl on session e0fc6014a12ff0b102d89f17ac2d2b07 to remote] DEBUG org.asynchttpclient.netty.request.NettyRequestSender - Using open Channel [id: 0xa0f7e0ab, L:/127.0.0.1:58871 - R:localhost/127.0.0.1:48655] for GET '/session/e0fc6014a12ff0b102d89f17ac2d2b07/url'
14:24:44.517 [AsyncHttpClient-1-3] DEBUG org.asynchttpclient.netty.handler.HttpHandler - 

Request DefaultFullHttpRequest(decodeResult: success, version: HTTP/1.1, content: EmptyByteBufBE)
GET /session/e0fc6014a12ff0b102d89f17ac2d2b07/url HTTP/1.1
User-Agent: selenium/4.8.1 (java windows)
Cache-Control: no-cache
Content-Type: application/json; charset=utf-8
host: localhost:48655
accept: */*

Response DefaultHttpResponse(decodeResult: success, version: HTTP/1.1)
HTTP/1.1 200 OK
Content-Length: 40
Content-Type: application/json; charset=utf-8
cache-control: no-cache

14:24:44.519 [AsyncHttpClient-1-3] DEBUG org.asynchttpclient.netty.channel.ChannelManager - Adding key: http://localhost:48655 for channel [id: 0xa0f7e0ab, L:/127.0.0.1:58871 - R:localhost/127.0.0.1:48655]
14:24:44.521 [Forwarding screenshot on session e0fc6014a12ff0b102d89f17ac2d2b07 to remote] DEBUG org.asynchttpclient.netty.request.NettyRequestSender - Using pooled Channel '[id: 0xa0f7e0ab, L:/127.0.0.1:58871 - R:localhost/127.0.0.1:48655]' for 'GET' to 'http://localhost:48655/session/e0fc6014a12ff0b102d89f17ac2d2b07/screenshot'
14:24:44.522 [Forwarding screenshot on session e0fc6014a12ff0b102d89f17ac2d2b07 to remote] DEBUG org.asynchttpclient.netty.request.NettyRequestSender - Using open Channel [id: 0xa0f7e0ab, L:/127.0.0.1:58871 - R:localhost/127.0.0.1:48655] for GET '/session/e0fc6014a12ff0b102d89f17ac2d2b07/screenshot'
14:24:44.591 [AsyncHttpClient-1-1] DEBUG org.asynchttpclient.netty.channel.DefaultChannelPool - Entry count for : http://localhost:58872 : 1
14:24:45.546 [AsyncHttpClient-1-3] DEBUG org.asynchttpclient.netty.handler.HttpHandler - 

Request DefaultFullHttpRequest(decodeResult: success, version: HTTP/1.1, content: EmptyByteBufBE)
GET /session/e0fc6014a12ff0b102d89f17ac2d2b07/screenshot HTTP/1.1
User-Agent: selenium/4.8.1 (java windows)
Cache-Control: no-cache
Content-Type: application/json; charset=utf-8
host: localhost:48655
accept: */*

Response DefaultHttpResponse(decodeResult: success, version: HTTP/1.1)
HTTP/1.1 200 OK
Content-Length: 2003388
Content-Type: application/json; charset=utf-8
cache-control: no-cache

14:24:45.565 [AsyncHttpClient-1-3] DEBUG org.asynchttpclient.netty.channel.ChannelManager - Adding key: http://localhost:48655 for channel [id: 0xa0f7e0ab, L:/127.0.0.1:58871 - R:localhost/127.0.0.1:48655]
14:24:45.675 [main] DEBUG net.serenitybdd.core.photography.Darkroom - Send negative for processing for target\site\serenity\eefb42ccb8dde2b5f1bae08f03f09b71f2964dee8d658fcd7aca9aafc2b8a1f9.png
14:24:45.678 [Forwarding getPageSource on session e0fc6014a12ff0b102d89f17ac2d2b07 to remote] DEBUG org.asynchttpclient.netty.request.NettyRequestSender - Using pooled Channel '[id: 0xa0f7e0ab, L:/127.0.0.1:58871 - R:localhost/127.0.0.1:48655]' for 'POST' to 'http://localhost:48655/session/e0fc6014a12ff0b102d89f17ac2d2b07/execute/sync'
14:24:45.678 [Forwarding getPageSource on session e0fc6014a12ff0b102d89f17ac2d2b07 to remote] DEBUG org.asynchttpclient.netty.request.NettyRequestSender - Using open Channel [id: 0xa0f7e0ab, L:/127.0.0.1:58871 - R:localhost/127.0.0.1:48655] for POST '/session/e0fc6014a12ff0b102d89f17ac2d2b07/execute/sync'
14:24:45.688 [AsyncHttpClient-1-1] DEBUG org.asynchttpclient.netty.channel.DefaultChannelPool - Entry count for : http://localhost:58872 : 1
14:24:45.708 [AsyncHttpClient-1-3] DEBUG org.asynchttpclient.netty.handler.HttpHandler - 

Request DefaultHttpRequest(decodeResult: success, version: HTTP/1.1)
POST /session/e0fc6014a12ff0b102d89f17ac2d2b07/execute/sync HTTP/1.1
User-Agent: selenium/4.8.1 (java windows)
Content-Length: 176
Content-Type: application/json; charset=utf-8
host: localhost:48655
accept: */*

Response DefaultHttpResponse(decodeResult: success, version: HTTP/1.1)
HTTP/1.1 200 OK
Content-Length: 129146
Content-Type: application/json; charset=utf-8
cache-control: no-cache

14:24:45.709 [AsyncHttpClient-1-3] DEBUG org.asynchttpclient.netty.channel.ChannelManager - Adding key: http://localhost:48655 for channel [id: 0xa0f7e0ab, L:/127.0.0.1:58871 - R:localhost/127.0.0.1:48655]
14:24:45.737 [Forwarding getCurrentUrl on session e0fc6014a12ff0b102d89f17ac2d2b07 to remote] DEBUG org.asynchttpclient.netty.request.NettyRequestSender - Using pooled Channel '[id: 0xa0f7e0ab, L:/127.0.0.1:58871 - R:localhost/127.0.0.1:48655]' for 'GET' to 'http://localhost:48655/session/e0fc6014a12ff0b102d89f17ac2d2b07/url'
14:24:45.737 [Forwarding getCurrentUrl on session e0fc6014a12ff0b102d89f17ac2d2b07 to remote] DEBUG org.asynchttpclient.netty.request.NettyRequestSender - Using open Channel [id: 0xa0f7e0ab, L:/127.0.0.1:58871 - R:localhost/127.0.0.1:48655] for GET '/session/e0fc6014a12ff0b102d89f17ac2d2b07/url'
14:24:45.749 [AsyncHttpClient-1-3] DEBUG org.asynchttpclient.netty.handler.HttpHandler - 

Request DefaultFullHttpRequest(decodeResult: success, version: HTTP/1.1, content: EmptyByteBufBE)
GET /session/e0fc6014a12ff0b102d89f17ac2d2b07/url HTTP/1.1
User-Agent: selenium/4.8.1 (java windows)
Cache-Control: no-cache
Content-Type: application/json; charset=utf-8
host: localhost:48655
accept: */*

Response DefaultHttpResponse(decodeResult: success, version: HTTP/1.1)
HTTP/1.1 200 OK
Content-Length: 40
Content-Type: application/json; charset=utf-8
cache-control: no-cache

14:24:45.749 [AsyncHttpClient-1-3] DEBUG org.asynchttpclient.netty.channel.ChannelManager - Adding key: http://localhost:48655 for channel [id: 0xa0f7e0ab, L:/127.0.0.1:58871 - R:localhost/127.0.0.1:48655]
14:24:45.755 [main] DEBUG net.thucydides.core.steps.StepInterceptor - STARTING STEP: Afrexim_Signin_steps.to_click_the_apply_for_facility_option - Click_applyfacility
14:24:45.763 [Forwarding findElement on session e0fc6014a12ff0b102d89f17ac2d2b07 to remote] DEBUG org.asynchttpclient.netty.request.NettyRequestSender - Using pooled Channel '[id: 0xa0f7e0ab, L:/127.0.0.1:58871 - R:localhost/127.0.0.1:48655]' for 'POST' to 'http://localhost:48655/session/e0fc6014a12ff0b102d89f17ac2d2b07/element'
14:24:45.763 [Forwarding findElement on session e0fc6014a12ff0b102d89f17ac2d2b07 to remote] DEBUG org.asynchttpclient.netty.request.NettyRequestSender - Using open Channel [id: 0xa0f7e0ab, L:/127.0.0.1:58871 - R:localhost/127.0.0.1:48655] for POST '/session/e0fc6014a12ff0b102d89f17ac2d2b07/element'
14:24:45.805 [AsyncHttpClient-1-3] DEBUG org.asynchttpclient.netty.handler.HttpHandler - 

Request DefaultHttpRequest(decodeResult: success, version: HTTP/1.1)
POST /session/e0fc6014a12ff0b102d89f17ac2d2b07/element HTTP/1.1
User-Agent: selenium/4.8.1 (java windows)
Content-Length: 84
Content-Type: application/json; charset=utf-8
host: localhost:48655
accept: */*

Response DefaultHttpResponse(decodeResult: success, version: HTTP/1.1)
HTTP/1.1 200 OK
Content-Length: 95
Content-Type: application/json; charset=utf-8
cache-control: no-cache

14:24:45.806 [AsyncHttpClient-1-3] DEBUG org.asynchttpclient.netty.channel.ChannelManager - Adding key: http://localhost:48655 for channel [id: 0xa0f7e0ab, L:/127.0.0.1:58871 - R:localhost/127.0.0.1:48655]
14:24:45.808 [Forwarding getElementTagName on session e0fc6014a12ff0b102d89f17ac2d2b07 to remote] DEBUG org.asynchttpclient.netty.request.NettyRequestSender - Using pooled Channel '[id: 0xa0f7e0ab, L:/127.0.0.1:58871 - R:localhost/127.0.0.1:48655]' for 'GET' to 'http://localhost:48655/session/e0fc6014a12ff0b102d89f17ac2d2b07/element/0CBC2334BF025981D141B9C3C861AF5B_element_44/name'
14:24:45.808 [Forwarding getElementTagName on session e0fc6014a12ff0b102d89f17ac2d2b07 to remote] DEBUG org.asynchttpclient.netty.request.NettyRequestSender - Using open Channel [id: 0xa0f7e0ab, L:/127.0.0.1:58871 - R:localhost/127.0.0.1:48655] for GET '/session/e0fc6014a12ff0b102d89f17ac2d2b07/element/0CBC2334BF025981D141B9C3C861AF5B_element_44/name'
14:24:45.821 [AsyncHttpClient-1-3] DEBUG org.asynchttpclient.netty.handler.HttpHandler - 

Request DefaultFullHttpRequest(decodeResult: success, version: HTTP/1.1, content: EmptyByteBufBE)
GET /session/e0fc6014a12ff0b102d89f17ac2d2b07/element/0CBC2334BF025981D141B9C3C861AF5B_element_44/name HTTP/1.1
User-Agent: selenium/4.8.1 (java windows)
Cache-Control: no-cache
Content-Type: application/json; charset=utf-8
host: localhost:48655
accept: */*

Response DefaultHttpResponse(decodeResult: success, version: HTTP/1.1)
HTTP/1.1 200 OK
Content-Length: 13
Content-Type: application/json; charset=utf-8
cache-control: no-cache

14:24:45.822 [AsyncHttpClient-1-3] DEBUG org.asynchttpclient.netty.channel.ChannelManager - Adding key: http://localhost:48655 for channel [id: 0xa0f7e0ab, L:/127.0.0.1:58871 - R:localhost/127.0.0.1:48655]
14:24:45.824 [Forwarding getElementTagName on session e0fc6014a12ff0b102d89f17ac2d2b07 to remote] DEBUG org.asynchttpclient.netty.request.NettyRequestSender - Using pooled Channel '[id: 0xa0f7e0ab, L:/127.0.0.1:58871 - R:localhost/127.0.0.1:48655]' for 'GET' to 'http://localhost:48655/session/e0fc6014a12ff0b102d89f17ac2d2b07/element/0CBC2334BF025981D141B9C3C861AF5B_element_44/name'
14:24:45.824 [Forwarding getElementTagName on session e0fc6014a12ff0b102d89f17ac2d2b07 to remote] DEBUG org.asynchttpclient.netty.request.NettyRequestSender - Using open Channel [id: 0xa0f7e0ab, L:/127.0.0.1:58871 - R:localhost/127.0.0.1:48655] for GET '/session/e0fc6014a12ff0b102d89f17ac2d2b07/element/0CBC2334BF025981D141B9C3C861AF5B_element_44/name'
14:24:45.833 [AsyncHttpClient-1-3] DEBUG org.asynchttpclient.netty.handler.HttpHandler - 

Request DefaultFullHttpRequest(decodeResult: success, version: HTTP/1.1, content: EmptyByteBufBE)
GET /session/e0fc6014a12ff0b102d89f17ac2d2b07/element/0CBC2334BF025981D141B9C3C861AF5B_element_44/name HTTP/1.1
User-Agent: selenium/4.8.1 (java windows)
Cache-Control: no-cache
Content-Type: application/json; charset=utf-8
host: localhost:48655
accept: */*

Response DefaultHttpResponse(decodeResult: success, version: HTTP/1.1)
HTTP/1.1 200 OK
Content-Length: 13
Content-Type: application/json; charset=utf-8
cache-control: no-cache

14:24:45.833 [AsyncHttpClient-1-3] DEBUG org.asynchttpclient.netty.channel.ChannelManager - Adding key: http://localhost:48655 for channel [id: 0xa0f7e0ab, L:/127.0.0.1:58871 - R:localhost/127.0.0.1:48655]
14:24:45.836 [Forwarding findElement on session e0fc6014a12ff0b102d89f17ac2d2b07 to remote] DEBUG org.asynchttpclient.netty.request.NettyRequestSender - Using pooled Channel '[id: 0xa0f7e0ab, L:/127.0.0.1:58871 - R:localhost/127.0.0.1:48655]' for 'POST' to 'http://localhost:48655/session/e0fc6014a12ff0b102d89f17ac2d2b07/element'
14:24:45.836 [Forwarding findElement on session e0fc6014a12ff0b102d89f17ac2d2b07 to remote] DEBUG org.asynchttpclient.netty.request.NettyRequestSender - Using open Channel [id: 0xa0f7e0ab, L:/127.0.0.1:58871 - R:localhost/127.0.0.1:48655] for POST '/session/e0fc6014a12ff0b102d89f17ac2d2b07/element'
14:24:45.850 [AsyncHttpClient-1-3] DEBUG org.asynchttpclient.netty.handler.HttpHandler - 

Request DefaultHttpRequest(decodeResult: success, version: HTTP/1.1)
POST /session/e0fc6014a12ff0b102d89f17ac2d2b07/element HTTP/1.1
User-Agent: selenium/4.8.1 (java windows)
Content-Length: 84
Content-Type: application/json; charset=utf-8
host: localhost:48655
accept: */*

Response DefaultHttpResponse(decodeResult: success, version: HTTP/1.1)
HTTP/1.1 200 OK
Content-Length: 95
Content-Type: application/json; charset=utf-8
cache-control: no-cache

14:24:45.850 [AsyncHttpClient-1-3] DEBUG org.asynchttpclient.netty.channel.ChannelManager - Adding key: http://localhost:48655 for channel [id: 0xa0f7e0ab, L:/127.0.0.1:58871 - R:localhost/127.0.0.1:48655]
14:24:45.854 [Forwarding clickElement on session e0fc6014a12ff0b102d89f17ac2d2b07 to remote] DEBUG org.asynchttpclient.netty.request.NettyRequestSender - Using pooled Channel '[id: 0xa0f7e0ab, L:/127.0.0.1:58871 - R:localhost/127.0.0.1:48655]' for 'POST' to 'http://localhost:48655/session/e0fc6014a12ff0b102d89f17ac2d2b07/element/0CBC2334BF025981D141B9C3C861AF5B_element_44/click'
14:24:45.854 [Forwarding clickElement on session e0fc6014a12ff0b102d89f17ac2d2b07 to remote] DEBUG org.asynchttpclient.netty.request.NettyRequestSender - Using open Channel [id: 0xa0f7e0ab, L:/127.0.0.1:58871 - R:localhost/127.0.0.1:48655] for POST '/session/e0fc6014a12ff0b102d89f17ac2d2b07/element/0CBC2334BF025981D141B9C3C861AF5B_element_44/click'
14:24:46.788 [AsyncHttpClient-1-1] DEBUG org.asynchttpclient.netty.channel.DefaultChannelPool - Entry count for : http://localhost:58872 : 1
14:24:47.893 [AsyncHttpClient-1-1] DEBUG org.asynchttpclient.netty.channel.DefaultChannelPool - Entry count for : http://localhost:58872 : 1
14:24:48.389 [AsyncHttpClient-1-3] DEBUG org.asynchttpclient.netty.handler.HttpHandler - 

Request DefaultHttpRequest(decodeResult: success, version: HTTP/1.1)
POST /session/e0fc6014a12ff0b102d89f17ac2d2b07/element/0CBC2334BF025981D141B9C3C861AF5B_element_44/click HTTP/1.1
User-Agent: selenium/4.8.1 (java windows)
Content-Length: 57
Content-Type: application/json; charset=utf-8
host: localhost:48655
accept: */*

Response DefaultHttpResponse(decodeResult: success, version: HTTP/1.1)
HTTP/1.1 200 OK
Content-Length: 14
Content-Type: application/json; charset=utf-8
cache-control: no-cache

14:24:48.389 [AsyncHttpClient-1-3] DEBUG org.asynchttpclient.netty.channel.ChannelManager - Adding key: http://localhost:48655 for channel [id: 0xa0f7e0ab, L:/127.0.0.1:58871 - R:localhost/127.0.0.1:48655]
14:24:48.407 [Forwarding getAlertText on session e0fc6014a12ff0b102d89f17ac2d2b07 to remote] DEBUG org.asynchttpclient.netty.request.NettyRequestSender - Using pooled Channel '[id: 0xa0f7e0ab, L:/127.0.0.1:58871 - R:localhost/127.0.0.1:48655]' for 'GET' to 'http://localhost:48655/session/e0fc6014a12ff0b102d89f17ac2d2b07/alert/text'
14:24:48.407 [Forwarding getAlertText on session e0fc6014a12ff0b102d89f17ac2d2b07 to remote] DEBUG org.asynchttpclient.netty.request.NettyRequestSender - Using open Channel [id: 0xa0f7e0ab, L:/127.0.0.1:58871 - R:localhost/127.0.0.1:48655] for GET '/session/e0fc6014a12ff0b102d89f17ac2d2b07/alert/text'
14:24:48.421 [AsyncHttpClient-1-3] DEBUG org.asynchttpclient.netty.handler.HttpHandler - 

Request DefaultFullHttpRequest(decodeResult: success, version: HTTP/1.1, content: EmptyByteBufBE)
GET /session/e0fc6014a12ff0b102d89f17ac2d2b07/alert/text HTTP/1.1
User-Agent: selenium/4.8.1 (java windows)
Cache-Control: no-cache
Content-Type: application/json; charset=utf-8
host: localhost:48655
accept: */*

Response DefaultHttpResponse(decodeResult: success, version: HTTP/1.1)
HTTP/1.1 404 Not Found
Content-Length: 821
Content-Type: application/json; charset=utf-8
cache-control: no-cache

14:24:48.421 [AsyncHttpClient-1-3] DEBUG org.asynchttpclient.netty.channel.ChannelManager - Adding key: http://localhost:48655 for channel [id: 0xa0f7e0ab, L:/127.0.0.1:58871 - R:localhost/127.0.0.1:48655]
14:24:48.423 [Forwarding getCurrentUrl on session e0fc6014a12ff0b102d89f17ac2d2b07 to remote] DEBUG org.asynchttpclient.netty.request.NettyRequestSender - Using pooled Channel '[id: 0xa0f7e0ab, L:/127.0.0.1:58871 - R:localhost/127.0.0.1:48655]' for 'GET' to 'http://localhost:48655/session/e0fc6014a12ff0b102d89f17ac2d2b07/url'
14:24:48.424 [Forwarding getCurrentUrl on session e0fc6014a12ff0b102d89f17ac2d2b07 to remote] DEBUG org.asynchttpclient.netty.request.NettyRequestSender - Using open Channel [id: 0xa0f7e0ab, L:/127.0.0.1:58871 - R:localhost/127.0.0.1:48655] for GET '/session/e0fc6014a12ff0b102d89f17ac2d2b07/url'
14:24:48.453 [AsyncHttpClient-1-3] DEBUG org.asynchttpclient.netty.handler.HttpHandler - 

Request DefaultFullHttpRequest(decodeResult: success, version: HTTP/1.1, content: EmptyByteBufBE)
GET /session/e0fc6014a12ff0b102d89f17ac2d2b07/url HTTP/1.1
User-Agent: selenium/4.8.1 (java windows)
Cache-Control: no-cache
Content-Type: application/json; charset=utf-8
host: localhost:48655
accept: */*

Response DefaultHttpResponse(decodeResult: success, version: HTTP/1.1)
HTTP/1.1 200 OK
Content-Length: 54
Content-Type: application/json; charset=utf-8
cache-control: no-cache

14:24:48.453 [AsyncHttpClient-1-3] DEBUG org.asynchttpclient.netty.channel.ChannelManager - Adding key: http://localhost:48655 for channel [id: 0xa0f7e0ab, L:/127.0.0.1:58871 - R:localhost/127.0.0.1:48655]
14:24:48.455 [Forwarding screenshot on session e0fc6014a12ff0b102d89f17ac2d2b07 to remote] DEBUG org.asynchttpclient.netty.request.NettyRequestSender - Using pooled Channel '[id: 0xa0f7e0ab, L:/127.0.0.1:58871 - R:localhost/127.0.0.1:48655]' for 'GET' to 'http://localhost:48655/session/e0fc6014a12ff0b102d89f17ac2d2b07/screenshot'
14:24:48.455 [Forwarding screenshot on session e0fc6014a12ff0b102d89f17ac2d2b07 to remote] DEBUG org.asynchttpclient.netty.request.NettyRequestSender - Using open Channel [id: 0xa0f7e0ab, L:/127.0.0.1:58871 - R:localhost/127.0.0.1:48655] for GET '/session/e0fc6014a12ff0b102d89f17ac2d2b07/screenshot'
14:24:48.991 [AsyncHttpClient-1-1] DEBUG org.asynchttpclient.netty.channel.DefaultChannelPool - Entry count for : http://localhost:58872 : 1
14:24:49.006 [AsyncHttpClient-1-3] DEBUG org.asynchttpclient.netty.handler.HttpHandler - 

Request DefaultFullHttpRequest(decodeResult: success, version: HTTP/1.1, content: EmptyByteBufBE)
GET /session/e0fc6014a12ff0b102d89f17ac2d2b07/screenshot HTTP/1.1
User-Agent: selenium/4.8.1 (java windows)
Cache-Control: no-cache
Content-Type: application/json; charset=utf-8
host: localhost:48655
accept: */*

Response DefaultHttpResponse(decodeResult: success, version: HTTP/1.1)
HTTP/1.1 200 OK
Content-Length: 51488
Content-Type: application/json; charset=utf-8
cache-control: no-cache

14:24:49.006 [AsyncHttpClient-1-3] DEBUG org.asynchttpclient.netty.channel.ChannelManager - Adding key: http://localhost:48655 for channel [id: 0xa0f7e0ab, L:/127.0.0.1:58871 - R:localhost/127.0.0.1:48655]
14:24:49.010 [main] DEBUG net.serenitybdd.core.photography.Darkroom - Send negative for processing for target\site\serenity\9857aafb41216484dfe4faf047dea54ef8bf2a79a20276e7a1ecaa7016b22ca1.png
14:24:49.011 [main] DEBUG net.thucydides.core.steps.StepInterceptor - STEP DONE: Click_applyfacility
14:24:49.028 [Forwarding getPageSource on session e0fc6014a12ff0b102d89f17ac2d2b07 to remote] DEBUG org.asynchttpclient.netty.request.NettyRequestSender - Using pooled Channel '[id: 0xa0f7e0ab, L:/127.0.0.1:58871 - R:localhost/127.0.0.1:48655]' for 'POST' to 'http://localhost:48655/session/e0fc6014a12ff0b102d89f17ac2d2b07/execute/sync'
14:24:49.028 [Forwarding getPageSource on session e0fc6014a12ff0b102d89f17ac2d2b07 to remote] DEBUG org.asynchttpclient.netty.request.NettyRequestSender - Using open Channel [id: 0xa0f7e0ab, L:/127.0.0.1:58871 - R:localhost/127.0.0.1:48655] for POST '/session/e0fc6014a12ff0b102d89f17ac2d2b07/execute/sync'
14:24:49.041 [AsyncHttpClient-1-3] DEBUG org.asynchttpclient.netty.handler.HttpHandler - 

Request DefaultHttpRequest(decodeResult: success, version: HTTP/1.1)
POST /session/e0fc6014a12ff0b102d89f17ac2d2b07/execute/sync HTTP/1.1
User-Agent: selenium/4.8.1 (java windows)
Content-Length: 176
Content-Type: application/json; charset=utf-8
host: localhost:48655
accept: */*

Response DefaultHttpResponse(decodeResult: success, version: HTTP/1.1)
HTTP/1.1 200 OK
Content-Length: 6206
Content-Type: application/json; charset=utf-8
cache-control: no-cache

14:24:49.041 [AsyncHttpClient-1-3] DEBUG org.asynchttpclient.netty.channel.ChannelManager - Adding key: http://localhost:48655 for channel [id: 0xa0f7e0ab, L:/127.0.0.1:58871 - R:localhost/127.0.0.1:48655]
14:24:49.046 [Forwarding getCurrentUrl on session e0fc6014a12ff0b102d89f17ac2d2b07 to remote] DEBUG org.asynchttpclient.netty.request.NettyRequestSender - Using pooled Channel '[id: 0xa0f7e0ab, L:/127.0.0.1:58871 - R:localhost/127.0.0.1:48655]' for 'GET' to 'http://localhost:48655/session/e0fc6014a12ff0b102d89f17ac2d2b07/url'
14:24:49.046 [Forwarding getCurrentUrl on session e0fc6014a12ff0b102d89f17ac2d2b07 to remote] DEBUG org.asynchttpclient.netty.request.NettyRequestSender - Using open Channel [id: 0xa0f7e0ab, L:/127.0.0.1:58871 - R:localhost/127.0.0.1:48655] for GET '/session/e0fc6014a12ff0b102d89f17ac2d2b07/url'
14:24:49.059 [AsyncHttpClient-1-3] DEBUG org.asynchttpclient.netty.handler.HttpHandler - 

Request DefaultFullHttpRequest(decodeResult: success, version: HTTP/1.1, content: EmptyByteBufBE)
GET /session/e0fc6014a12ff0b102d89f17ac2d2b07/url HTTP/1.1
User-Agent: selenium/4.8.1 (java windows)
Cache-Control: no-cache
Content-Type: application/json; charset=utf-8
host: localhost:48655
accept: */*

Response DefaultHttpResponse(decodeResult: success, version: HTTP/1.1)
HTTP/1.1 200 OK
Content-Length: 54
Content-Type: application/json; charset=utf-8
cache-control: no-cache

14:24:49.059 [AsyncHttpClient-1-3] DEBUG org.asynchttpclient.netty.channel.ChannelManager - Adding key: http://localhost:48655 for channel [id: 0xa0f7e0ab, L:/127.0.0.1:58871 - R:localhost/127.0.0.1:48655]
14:24:49.102 [Forwarding getAlertText on session e0fc6014a12ff0b102d89f17ac2d2b07 to remote] DEBUG org.asynchttpclient.netty.request.NettyRequestSender - Using pooled Channel '[id: 0xa0f7e0ab, L:/127.0.0.1:58871 - R:localhost/127.0.0.1:48655]' for 'GET' to 'http://localhost:48655/session/e0fc6014a12ff0b102d89f17ac2d2b07/alert/text'
14:24:49.102 [Forwarding getAlertText on session e0fc6014a12ff0b102d89f17ac2d2b07 to remote] DEBUG org.asynchttpclient.netty.request.NettyRequestSender - Using open Channel [id: 0xa0f7e0ab, L:/127.0.0.1:58871 - R:localhost/127.0.0.1:48655] for GET '/session/e0fc6014a12ff0b102d89f17ac2d2b07/alert/text'
14:24:49.106 [AsyncHttpClient-1-3] DEBUG org.asynchttpclient.netty.handler.HttpHandler - 

Request DefaultFullHttpRequest(decodeResult: success, version: HTTP/1.1, content: EmptyByteBufBE)
GET /session/e0fc6014a12ff0b102d89f17ac2d2b07/alert/text HTTP/1.1
User-Agent: selenium/4.8.1 (java windows)
Cache-Control: no-cache
Content-Type: application/json; charset=utf-8
host: localhost:48655
accept: */*

Response DefaultHttpResponse(decodeResult: success, version: HTTP/1.1)
HTTP/1.1 404 Not Found
Content-Length: 821
Content-Type: application/json; charset=utf-8
cache-control: no-cache

14:24:49.107 [AsyncHttpClient-1-3] DEBUG org.asynchttpclient.netty.channel.ChannelManager - Adding key: http://localhost:48655 for channel [id: 0xa0f7e0ab, L:/127.0.0.1:58871 - R:localhost/127.0.0.1:48655]
14:24:49.110 [Forwarding getCurrentUrl on session e0fc6014a12ff0b102d89f17ac2d2b07 to remote] DEBUG org.asynchttpclient.netty.request.NettyRequestSender - Using pooled Channel '[id: 0xa0f7e0ab, L:/127.0.0.1:58871 - R:localhost/127.0.0.1:48655]' for 'GET' to 'http://localhost:48655/session/e0fc6014a12ff0b102d89f17ac2d2b07/url'
14:24:49.110 [Forwarding getCurrentUrl on session e0fc6014a12ff0b102d89f17ac2d2b07 to remote] DEBUG org.asynchttpclient.netty.request.NettyRequestSender - Using open Channel [id: 0xa0f7e0ab, L:/127.0.0.1:58871 - R:localhost/127.0.0.1:48655] for GET '/session/e0fc6014a12ff0b102d89f17ac2d2b07/url'
14:24:49.126 [AsyncHttpClient-1-3] DEBUG org.asynchttpclient.netty.handler.HttpHandler - 

Request DefaultFullHttpRequest(decodeResult: success, version: HTTP/1.1, content: EmptyByteBufBE)
GET /session/e0fc6014a12ff0b102d89f17ac2d2b07/url HTTP/1.1
User-Agent: selenium/4.8.1 (java windows)
Cache-Control: no-cache
Content-Type: application/json; charset=utf-8
host: localhost:48655
accept: */*

Response DefaultHttpResponse(decodeResult: success, version: HTTP/1.1)
HTTP/1.1 200 OK
Content-Length: 54
Content-Type: application/json; charset=utf-8
cache-control: no-cache

14:24:49.126 [AsyncHttpClient-1-3] DEBUG org.asynchttpclient.netty.channel.ChannelManager - Adding key: http://localhost:48655 for channel [id: 0xa0f7e0ab, L:/127.0.0.1:58871 - R:localhost/127.0.0.1:48655]
14:24:49.128 [Forwarding screenshot on session e0fc6014a12ff0b102d89f17ac2d2b07 to remote] DEBUG org.asynchttpclient.netty.request.NettyRequestSender - Using pooled Channel '[id: 0xa0f7e0ab, L:/127.0.0.1:58871 - R:localhost/127.0.0.1:48655]' for 'GET' to 'http://localhost:48655/session/e0fc6014a12ff0b102d89f17ac2d2b07/screenshot'
14:24:49.128 [Forwarding screenshot on session e0fc6014a12ff0b102d89f17ac2d2b07 to remote] DEBUG org.asynchttpclient.netty.request.NettyRequestSender - Using open Channel [id: 0xa0f7e0ab, L:/127.0.0.1:58871 - R:localhost/127.0.0.1:48655] for GET '/session/e0fc6014a12ff0b102d89f17ac2d2b07/screenshot'
14:24:49.382 [AsyncHttpClient-1-3] DEBUG org.asynchttpclient.netty.handler.HttpHandler - 

Request DefaultFullHttpRequest(decodeResult: success, version: HTTP/1.1, content: EmptyByteBufBE)
GET /session/e0fc6014a12ff0b102d89f17ac2d2b07/screenshot HTTP/1.1
User-Agent: selenium/4.8.1 (java windows)
Cache-Control: no-cache
Content-Type: application/json; charset=utf-8
host: localhost:48655
accept: */*

Response DefaultHttpResponse(decodeResult: success, version: HTTP/1.1)
HTTP/1.1 200 OK
Content-Length: 51488
Content-Type: application/json; charset=utf-8
cache-control: no-cache

14:24:49.383 [AsyncHttpClient-1-3] DEBUG org.asynchttpclient.netty.channel.ChannelManager - Adding key: http://localhost:48655 for channel [id: 0xa0f7e0ab, L:/127.0.0.1:58871 - R:localhost/127.0.0.1:48655]
14:24:49.388 [main] DEBUG net.serenitybdd.core.photography.Darkroom - Send negative for processing for target\site\serenity\9857aafb41216484dfe4faf047dea54ef8bf2a79a20276e7a1ecaa7016b22ca1.png
14:24:49.391 [Forwarding getPageSource on session e0fc6014a12ff0b102d89f17ac2d2b07 to remote] DEBUG org.asynchttpclient.netty.request.NettyRequestSender - Using pooled Channel '[id: 0xa0f7e0ab, L:/127.0.0.1:58871 - R:localhost/127.0.0.1:48655]' for 'POST' to 'http://localhost:48655/session/e0fc6014a12ff0b102d89f17ac2d2b07/execute/sync'
14:24:49.391 [Forwarding getPageSource on session e0fc6014a12ff0b102d89f17ac2d2b07 to remote] DEBUG org.asynchttpclient.netty.request.NettyRequestSender - Using open Channel [id: 0xa0f7e0ab, L:/127.0.0.1:58871 - R:localhost/127.0.0.1:48655] for POST '/session/e0fc6014a12ff0b102d89f17ac2d2b07/execute/sync'
14:24:49.403 [AsyncHttpClient-1-3] DEBUG org.asynchttpclient.netty.handler.HttpHandler - 

Request DefaultHttpRequest(decodeResult: success, version: HTTP/1.1)
POST /session/e0fc6014a12ff0b102d89f17ac2d2b07/execute/sync HTTP/1.1
User-Agent: selenium/4.8.1 (java windows)
Content-Length: 176
Content-Type: application/json; charset=utf-8
host: localhost:48655
accept: */*

Response DefaultHttpResponse(decodeResult: success, version: HTTP/1.1)
HTTP/1.1 200 OK
Content-Length: 6206
Content-Type: application/json; charset=utf-8
cache-control: no-cache

14:24:49.403 [AsyncHttpClient-1-3] DEBUG org.asynchttpclient.netty.channel.ChannelManager - Adding key: http://localhost:48655 for channel [id: 0xa0f7e0ab, L:/127.0.0.1:58871 - R:localhost/127.0.0.1:48655]
14:24:49.407 [Forwarding getCurrentUrl on session e0fc6014a12ff0b102d89f17ac2d2b07 to remote] DEBUG org.asynchttpclient.netty.request.NettyRequestSender - Using pooled Channel '[id: 0xa0f7e0ab, L:/127.0.0.1:58871 - R:localhost/127.0.0.1:48655]' for 'GET' to 'http://localhost:48655/session/e0fc6014a12ff0b102d89f17ac2d2b07/url'
14:24:49.407 [Forwarding getCurrentUrl on session e0fc6014a12ff0b102d89f17ac2d2b07 to remote] DEBUG org.asynchttpclient.netty.request.NettyRequestSender - Using open Channel [id: 0xa0f7e0ab, L:/127.0.0.1:58871 - R:localhost/127.0.0.1:48655] for GET '/session/e0fc6014a12ff0b102d89f17ac2d2b07/url'
14:24:49.416 [AsyncHttpClient-1-3] DEBUG org.asynchttpclient.netty.handler.HttpHandler - 

Request DefaultFullHttpRequest(decodeResult: success, version: HTTP/1.1, content: EmptyByteBufBE)
GET /session/e0fc6014a12ff0b102d89f17ac2d2b07/url HTTP/1.1
User-Agent: selenium/4.8.1 (java windows)
Cache-Control: no-cache
Content-Type: application/json; charset=utf-8
host: localhost:48655
accept: */*

Response DefaultHttpResponse(decodeResult: success, version: HTTP/1.1)
HTTP/1.1 200 OK
Content-Length: 54
Content-Type: application/json; charset=utf-8
cache-control: no-cache

14:24:49.416 [AsyncHttpClient-1-3] DEBUG org.asynchttpclient.netty.channel.ChannelManager - Adding key: http://localhost:48655 for channel [id: 0xa0f7e0ab, L:/127.0.0.1:58871 - R:localhost/127.0.0.1:48655]
14:24:49.420 [main] DEBUG net.thucydides.core.steps.StepInterceptor - STARTING STEP: Afrexim_ForgotPassword_Steps.click_the_forgot_password_link - Click_the_Forgot_Password_link
14:24:49.424 [Forwarding findElement on session e0fc6014a12ff0b102d89f17ac2d2b07 to remote] DEBUG org.asynchttpclient.netty.request.NettyRequestSender - Using pooled Channel '[id: 0xa0f7e0ab, L:/127.0.0.1:58871 - R:localhost/127.0.0.1:48655]' for 'POST' to 'http://localhost:48655/session/e0fc6014a12ff0b102d89f17ac2d2b07/element'
14:24:49.424 [Forwarding findElement on session e0fc6014a12ff0b102d89f17ac2d2b07 to remote] DEBUG org.asynchttpclient.netty.request.NettyRequestSender - Using open Channel [id: 0xa0f7e0ab, L:/127.0.0.1:58871 - R:localhost/127.0.0.1:48655] for POST '/session/e0fc6014a12ff0b102d89f17ac2d2b07/element'
14:24:49.454 [AsyncHttpClient-1-3] DEBUG org.asynchttpclient.netty.handler.HttpHandler - 

Request DefaultHttpRequest(decodeResult: success, version: HTTP/1.1)
POST /session/e0fc6014a12ff0b102d89f17ac2d2b07/element HTTP/1.1
User-Agent: selenium/4.8.1 (java windows)
Content-Length: 76
Content-Type: application/json; charset=utf-8
host: localhost:48655
accept: */*

Response DefaultHttpResponse(decodeResult: success, version: HTTP/1.1)
HTTP/1.1 200 OK
Content-Length: 95
Content-Type: application/json; charset=utf-8
cache-control: no-cache

14:24:49.454 [AsyncHttpClient-1-3] DEBUG org.asynchttpclient.netty.channel.ChannelManager - Adding key: http://localhost:48655 for channel [id: 0xa0f7e0ab, L:/127.0.0.1:58871 - R:localhost/127.0.0.1:48655]
14:24:49.457 [Forwarding getElementTagName on session e0fc6014a12ff0b102d89f17ac2d2b07 to remote] DEBUG org.asynchttpclient.netty.request.NettyRequestSender - Using pooled Channel '[id: 0xa0f7e0ab, L:/127.0.0.1:58871 - R:localhost/127.0.0.1:48655]' for 'GET' to 'http://localhost:48655/session/e0fc6014a12ff0b102d89f17ac2d2b07/element/524D3D1164694CB9B9E78EAF71D687FF_element_55/name'
14:24:49.457 [Forwarding getElementTagName on session e0fc6014a12ff0b102d89f17ac2d2b07 to remote] DEBUG org.asynchttpclient.netty.request.NettyRequestSender - Using open Channel [id: 0xa0f7e0ab, L:/127.0.0.1:58871 - R:localhost/127.0.0.1:48655] for GET '/session/e0fc6014a12ff0b102d89f17ac2d2b07/element/524D3D1164694CB9B9E78EAF71D687FF_element_55/name'
14:24:49.469 [AsyncHttpClient-1-3] DEBUG org.asynchttpclient.netty.handler.HttpHandler - 

Request DefaultFullHttpRequest(decodeResult: success, version: HTTP/1.1, content: EmptyByteBufBE)
GET /session/e0fc6014a12ff0b102d89f17ac2d2b07/element/524D3D1164694CB9B9E78EAF71D687FF_element_55/name HTTP/1.1
User-Agent: selenium/4.8.1 (java windows)
Cache-Control: no-cache
Content-Type: application/json; charset=utf-8
host: localhost:48655
accept: */*

Response DefaultHttpResponse(decodeResult: success, version: HTTP/1.1)
HTTP/1.1 200 OK
Content-Length: 13
Content-Type: application/json; charset=utf-8
cache-control: no-cache

14:24:49.470 [AsyncHttpClient-1-3] DEBUG org.asynchttpclient.netty.channel.ChannelManager - Adding key: http://localhost:48655 for channel [id: 0xa0f7e0ab, L:/127.0.0.1:58871 - R:localhost/127.0.0.1:48655]
14:24:49.472 [Forwarding getElementTagName on session e0fc6014a12ff0b102d89f17ac2d2b07 to remote] DEBUG org.asynchttpclient.netty.request.NettyRequestSender - Using pooled Channel '[id: 0xa0f7e0ab, L:/127.0.0.1:58871 - R:localhost/127.0.0.1:48655]' for 'GET' to 'http://localhost:48655/session/e0fc6014a12ff0b102d89f17ac2d2b07/element/524D3D1164694CB9B9E78EAF71D687FF_element_55/name'
14:24:49.473 [Forwarding getElementTagName on session e0fc6014a12ff0b102d89f17ac2d2b07 to remote] DEBUG org.asynchttpclient.netty.request.NettyRequestSender - Using open Channel [id: 0xa0f7e0ab, L:/127.0.0.1:58871 - R:localhost/127.0.0.1:48655] for GET '/session/e0fc6014a12ff0b102d89f17ac2d2b07/element/524D3D1164694CB9B9E78EAF71D687FF_element_55/name'
14:24:49.487 [AsyncHttpClient-1-3] DEBUG org.asynchttpclient.netty.handler.HttpHandler - 

Request DefaultFullHttpRequest(decodeResult: success, version: HTTP/1.1, content: EmptyByteBufBE)
GET /session/e0fc6014a12ff0b102d89f17ac2d2b07/element/524D3D1164694CB9B9E78EAF71D687FF_element_55/name HTTP/1.1
User-Agent: selenium/4.8.1 (java windows)
Cache-Control: no-cache
Content-Type: application/json; charset=utf-8
host: localhost:48655
accept: */*

Response DefaultHttpResponse(decodeResult: success, version: HTTP/1.1)
HTTP/1.1 200 OK
Content-Length: 13
Content-Type: application/json; charset=utf-8
cache-control: no-cache

14:24:49.487 [AsyncHttpClient-1-3] DEBUG org.asynchttpclient.netty.channel.ChannelManager - Adding key: http://localhost:48655 for channel [id: 0xa0f7e0ab, L:/127.0.0.1:58871 - R:localhost/127.0.0.1:48655]
14:24:49.492 [Forwarding findElement on session e0fc6014a12ff0b102d89f17ac2d2b07 to remote] DEBUG org.asynchttpclient.netty.request.NettyRequestSender - Using pooled Channel '[id: 0xa0f7e0ab, L:/127.0.0.1:58871 - R:localhost/127.0.0.1:48655]' for 'POST' to 'http://localhost:48655/session/e0fc6014a12ff0b102d89f17ac2d2b07/element'
14:24:49.493 [Forwarding findElement on session e0fc6014a12ff0b102d89f17ac2d2b07 to remote] DEBUG org.asynchttpclient.netty.request.NettyRequestSender - Using open Channel [id: 0xa0f7e0ab, L:/127.0.0.1:58871 - R:localhost/127.0.0.1:48655] for POST '/session/e0fc6014a12ff0b102d89f17ac2d2b07/element'
14:24:49.509 [AsyncHttpClient-1-3] DEBUG org.asynchttpclient.netty.handler.HttpHandler - 

Request DefaultHttpRequest(decodeResult: success, version: HTTP/1.1)
POST /session/e0fc6014a12ff0b102d89f17ac2d2b07/element HTTP/1.1
User-Agent: selenium/4.8.1 (java windows)
Content-Length: 76
Content-Type: application/json; charset=utf-8
host: localhost:48655
accept: */*

Response DefaultHttpResponse(decodeResult: success, version: HTTP/1.1)
HTTP/1.1 200 OK
Content-Length: 95
Content-Type: application/json; charset=utf-8
cache-control: no-cache

14:24:49.509 [AsyncHttpClient-1-3] DEBUG org.asynchttpclient.netty.channel.ChannelManager - Adding key: http://localhost:48655 for channel [id: 0xa0f7e0ab, L:/127.0.0.1:58871 - R:localhost/127.0.0.1:48655]
14:24:49.512 [Forwarding clickElement on session e0fc6014a12ff0b102d89f17ac2d2b07 to remote] DEBUG org.asynchttpclient.netty.request.NettyRequestSender - Using pooled Channel '[id: 0xa0f7e0ab, L:/127.0.0.1:58871 - R:localhost/127.0.0.1:48655]' for 'POST' to 'http://localhost:48655/session/e0fc6014a12ff0b102d89f17ac2d2b07/element/524D3D1164694CB9B9E78EAF71D687FF_element_55/click'
14:24:49.512 [Forwarding clickElement on session e0fc6014a12ff0b102d89f17ac2d2b07 to remote] DEBUG org.asynchttpclient.netty.request.NettyRequestSender - Using open Channel [id: 0xa0f7e0ab, L:/127.0.0.1:58871 - R:localhost/127.0.0.1:48655] for POST '/session/e0fc6014a12ff0b102d89f17ac2d2b07/element/524D3D1164694CB9B9E78EAF71D687FF_element_55/click'
14:24:49.658 [AsyncHttpClient-1-3] DEBUG org.asynchttpclient.netty.handler.HttpHandler - 

Request DefaultHttpRequest(decodeResult: success, version: HTTP/1.1)
POST /session/e0fc6014a12ff0b102d89f17ac2d2b07/element/524D3D1164694CB9B9E78EAF71D687FF_element_55/click HTTP/1.1
User-Agent: selenium/4.8.1 (java windows)
Content-Length: 57
Content-Type: application/json; charset=utf-8
host: localhost:48655
accept: */*

Response DefaultHttpResponse(decodeResult: success, version: HTTP/1.1)
HTTP/1.1 200 OK
Content-Length: 14
Content-Type: application/json; charset=utf-8
cache-control: no-cache

14:24:49.658 [AsyncHttpClient-1-3] DEBUG org.asynchttpclient.netty.channel.ChannelManager - Adding key: http://localhost:48655 for channel [id: 0xa0f7e0ab, L:/127.0.0.1:58871 - R:localhost/127.0.0.1:48655]
14:24:49.684 [Forwarding getAlertText on session e0fc6014a12ff0b102d89f17ac2d2b07 to remote] DEBUG org.asynchttpclient.netty.request.NettyRequestSender - Using pooled Channel '[id: 0xa0f7e0ab, L:/127.0.0.1:58871 - R:localhost/127.0.0.1:48655]' for 'GET' to 'http://localhost:48655/session/e0fc6014a12ff0b102d89f17ac2d2b07/alert/text'
14:24:49.684 [Forwarding getAlertText on session e0fc6014a12ff0b102d89f17ac2d2b07 to remote] DEBUG org.asynchttpclient.netty.request.NettyRequestSender - Using open Channel [id: 0xa0f7e0ab, L:/127.0.0.1:58871 - R:localhost/127.0.0.1:48655] for GET '/session/e0fc6014a12ff0b102d89f17ac2d2b07/alert/text'
14:24:49.693 [AsyncHttpClient-1-3] DEBUG org.asynchttpclient.netty.handler.HttpHandler - 

Request DefaultFullHttpRequest(decodeResult: success, version: HTTP/1.1, content: EmptyByteBufBE)
GET /session/e0fc6014a12ff0b102d89f17ac2d2b07/alert/text HTTP/1.1
User-Agent: selenium/4.8.1 (java windows)
Cache-Control: no-cache
Content-Type: application/json; charset=utf-8
host: localhost:48655
accept: */*

Response DefaultHttpResponse(decodeResult: success, version: HTTP/1.1)
HTTP/1.1 404 Not Found
Content-Length: 821
Content-Type: application/json; charset=utf-8
cache-control: no-cache

14:24:49.694 [AsyncHttpClient-1-3] DEBUG org.asynchttpclient.netty.channel.ChannelManager - Adding key: http://localhost:48655 for channel [id: 0xa0f7e0ab, L:/127.0.0.1:58871 - R:localhost/127.0.0.1:48655]
14:24:49.698 [Forwarding getCurrentUrl on session e0fc6014a12ff0b102d89f17ac2d2b07 to remote] DEBUG org.asynchttpclient.netty.request.NettyRequestSender - Using pooled Channel '[id: 0xa0f7e0ab, L:/127.0.0.1:58871 - R:localhost/127.0.0.1:48655]' for 'GET' to 'http://localhost:48655/session/e0fc6014a12ff0b102d89f17ac2d2b07/url'
14:24:49.698 [Forwarding getCurrentUrl on session e0fc6014a12ff0b102d89f17ac2d2b07 to remote] DEBUG org.asynchttpclient.netty.request.NettyRequestSender - Using open Channel [id: 0xa0f7e0ab, L:/127.0.0.1:58871 - R:localhost/127.0.0.1:48655] for GET '/session/e0fc6014a12ff0b102d89f17ac2d2b07/url'
14:24:49.715 [AsyncHttpClient-1-3] DEBUG org.asynchttpclient.netty.handler.HttpHandler - 

Request DefaultFullHttpRequest(decodeResult: success, version: HTTP/1.1, content: EmptyByteBufBE)
GET /session/e0fc6014a12ff0b102d89f17ac2d2b07/url HTTP/1.1
User-Agent: selenium/4.8.1 (java windows)
Cache-Control: no-cache
Content-Type: application/json; charset=utf-8
host: localhost:48655
accept: */*

Response DefaultHttpResponse(decodeResult: success, version: HTTP/1.1)
HTTP/1.1 200 OK
Content-Length: 69
Content-Type: application/json; charset=utf-8
cache-control: no-cache

14:24:49.715 [AsyncHttpClient-1-3] DEBUG org.asynchttpclient.netty.channel.ChannelManager - Adding key: http://localhost:48655 for channel [id: 0xa0f7e0ab, L:/127.0.0.1:58871 - R:localhost/127.0.0.1:48655]
14:24:49.717 [Forwarding screenshot on session e0fc6014a12ff0b102d89f17ac2d2b07 to remote] DEBUG org.asynchttpclient.netty.request.NettyRequestSender - Using pooled Channel '[id: 0xa0f7e0ab, L:/127.0.0.1:58871 - R:localhost/127.0.0.1:48655]' for 'GET' to 'http://localhost:48655/session/e0fc6014a12ff0b102d89f17ac2d2b07/screenshot'
14:24:49.717 [Forwarding screenshot on session e0fc6014a12ff0b102d89f17ac2d2b07 to remote] DEBUG org.asynchttpclient.netty.request.NettyRequestSender - Using open Channel [id: 0xa0f7e0ab, L:/127.0.0.1:58871 - R:localhost/127.0.0.1:48655] for GET '/session/e0fc6014a12ff0b102d89f17ac2d2b07/screenshot'
14:24:49.945 [AsyncHttpClient-1-3] DEBUG org.asynchttpclient.netty.handler.HttpHandler - 

Request DefaultFullHttpRequest(decodeResult: success, version: HTTP/1.1, content: EmptyByteBufBE)
GET /session/e0fc6014a12ff0b102d89f17ac2d2b07/screenshot HTTP/1.1
User-Agent: selenium/4.8.1 (java windows)
Cache-Control: no-cache
Content-Type: application/json; charset=utf-8
host: localhost:48655
accept: */*

Response DefaultHttpResponse(decodeResult: success, version: HTTP/1.1)
HTTP/1.1 200 OK
Content-Length: 44828
Content-Type: application/json; charset=utf-8
cache-control: no-cache

14:24:49.946 [AsyncHttpClient-1-3] DEBUG org.asynchttpclient.netty.channel.ChannelManager - Adding key: http://localhost:48655 for channel [id: 0xa0f7e0ab, L:/127.0.0.1:58871 - R:localhost/127.0.0.1:48655]
14:24:49.954 [main] DEBUG net.serenitybdd.core.photography.Darkroom - Send negative for processing for target\site\serenity\a80a53598cf6b0318830f38780044bd5635cd34ede590d2f97a183a719421760.png
14:24:49.955 [main] DEBUG net.thucydides.core.steps.StepInterceptor - STEP DONE: Click_the_Forgot_Password_link
14:24:49.975 [Forwarding getPageSource on session e0fc6014a12ff0b102d89f17ac2d2b07 to remote] DEBUG org.asynchttpclient.netty.request.NettyRequestSender - Using pooled Channel '[id: 0xa0f7e0ab, L:/127.0.0.1:58871 - R:localhost/127.0.0.1:48655]' for 'POST' to 'http://localhost:48655/session/e0fc6014a12ff0b102d89f17ac2d2b07/execute/sync'
14:24:49.975 [Forwarding getPageSource on session e0fc6014a12ff0b102d89f17ac2d2b07 to remote] DEBUG org.asynchttpclient.netty.request.NettyRequestSender - Using open Channel [id: 0xa0f7e0ab, L:/127.0.0.1:58871 - R:localhost/127.0.0.1:48655] for POST '/session/e0fc6014a12ff0b102d89f17ac2d2b07/execute/sync'
14:24:49.987 [AsyncHttpClient-1-3] DEBUG org.asynchttpclient.netty.handler.HttpHandler - 

Request DefaultHttpRequest(decodeResult: success, version: HTTP/1.1)
POST /session/e0fc6014a12ff0b102d89f17ac2d2b07/execute/sync HTTP/1.1
User-Agent: selenium/4.8.1 (java windows)
Content-Length: 176
Content-Type: application/json; charset=utf-8
host: localhost:48655
accept: */*

Response DefaultHttpResponse(decodeResult: success, version: HTTP/1.1)
HTTP/1.1 200 OK
Content-Length: 5605
Content-Type: application/json; charset=utf-8
cache-control: no-cache

14:24:49.987 [AsyncHttpClient-1-3] DEBUG org.asynchttpclient.netty.channel.ChannelManager - Adding key: http://localhost:48655 for channel [id: 0xa0f7e0ab, L:/127.0.0.1:58871 - R:localhost/127.0.0.1:48655]
14:24:49.992 [Forwarding getCurrentUrl on session e0fc6014a12ff0b102d89f17ac2d2b07 to remote] DEBUG org.asynchttpclient.netty.request.NettyRequestSender - Using pooled Channel '[id: 0xa0f7e0ab, L:/127.0.0.1:58871 - R:localhost/127.0.0.1:48655]' for 'GET' to 'http://localhost:48655/session/e0fc6014a12ff0b102d89f17ac2d2b07/url'
14:24:49.992 [Forwarding getCurrentUrl on session e0fc6014a12ff0b102d89f17ac2d2b07 to remote] DEBUG org.asynchttpclient.netty.request.NettyRequestSender - Using open Channel [id: 0xa0f7e0ab, L:/127.0.0.1:58871 - R:localhost/127.0.0.1:48655] for GET '/session/e0fc6014a12ff0b102d89f17ac2d2b07/url'
14:24:50.004 [AsyncHttpClient-1-3] DEBUG org.asynchttpclient.netty.handler.HttpHandler - 

Request DefaultFullHttpRequest(decodeResult: success, version: HTTP/1.1, content: EmptyByteBufBE)
GET /session/e0fc6014a12ff0b102d89f17ac2d2b07/url HTTP/1.1
User-Agent: selenium/4.8.1 (java windows)
Cache-Control: no-cache
Content-Type: application/json; charset=utf-8
host: localhost:48655
accept: */*

Response DefaultHttpResponse(decodeResult: success, version: HTTP/1.1)
HTTP/1.1 200 OK
Content-Length: 69
Content-Type: application/json; charset=utf-8
cache-control: no-cache

14:24:50.004 [AsyncHttpClient-1-3] DEBUG org.asynchttpclient.netty.channel.ChannelManager - Adding key: http://localhost:48655 for channel [id: 0xa0f7e0ab, L:/127.0.0.1:58871 - R:localhost/127.0.0.1:48655]
14:24:50.022 [Forwarding getAlertText on session e0fc6014a12ff0b102d89f17ac2d2b07 to remote] DEBUG org.asynchttpclient.netty.request.NettyRequestSender - Using pooled Channel '[id: 0xa0f7e0ab, L:/127.0.0.1:58871 - R:localhost/127.0.0.1:48655]' for 'GET' to 'http://localhost:48655/session/e0fc6014a12ff0b102d89f17ac2d2b07/alert/text'
14:24:50.022 [Forwarding getAlertText on session e0fc6014a12ff0b102d89f17ac2d2b07 to remote] DEBUG org.asynchttpclient.netty.request.NettyRequestSender - Using open Channel [id: 0xa0f7e0ab, L:/127.0.0.1:58871 - R:localhost/127.0.0.1:48655] for GET '/session/e0fc6014a12ff0b102d89f17ac2d2b07/alert/text'
14:24:50.027 [AsyncHttpClient-1-3] DEBUG org.asynchttpclient.netty.handler.HttpHandler - 

Request DefaultFullHttpRequest(decodeResult: success, version: HTTP/1.1, content: EmptyByteBufBE)
GET /session/e0fc6014a12ff0b102d89f17ac2d2b07/alert/text HTTP/1.1
User-Agent: selenium/4.8.1 (java windows)
Cache-Control: no-cache
Content-Type: application/json; charset=utf-8
host: localhost:48655
accept: */*

Response DefaultHttpResponse(decodeResult: success, version: HTTP/1.1)
HTTP/1.1 404 Not Found
Content-Length: 821
Content-Type: application/json; charset=utf-8
cache-control: no-cache

14:24:50.028 [AsyncHttpClient-1-3] DEBUG org.asynchttpclient.netty.channel.ChannelManager - Adding key: http://localhost:48655 for channel [id: 0xa0f7e0ab, L:/127.0.0.1:58871 - R:localhost/127.0.0.1:48655]
14:24:50.030 [Forwarding getCurrentUrl on session e0fc6014a12ff0b102d89f17ac2d2b07 to remote] DEBUG org.asynchttpclient.netty.request.NettyRequestSender - Using pooled Channel '[id: 0xa0f7e0ab, L:/127.0.0.1:58871 - R:localhost/127.0.0.1:48655]' for 'GET' to 'http://localhost:48655/session/e0fc6014a12ff0b102d89f17ac2d2b07/url'
14:24:50.030 [Forwarding getCurrentUrl on session e0fc6014a12ff0b102d89f17ac2d2b07 to remote] DEBUG org.asynchttpclient.netty.request.NettyRequestSender - Using open Channel [id: 0xa0f7e0ab, L:/127.0.0.1:58871 - R:localhost/127.0.0.1:48655] for GET '/session/e0fc6014a12ff0b102d89f17ac2d2b07/url'
14:24:50.043 [AsyncHttpClient-1-3] DEBUG org.asynchttpclient.netty.handler.HttpHandler - 

Request DefaultFullHttpRequest(decodeResult: success, version: HTTP/1.1, content: EmptyByteBufBE)
GET /session/e0fc6014a12ff0b102d89f17ac2d2b07/url HTTP/1.1
User-Agent: selenium/4.8.1 (java windows)
Cache-Control: no-cache
Content-Type: application/json; charset=utf-8
host: localhost:48655
accept: */*

Response DefaultHttpResponse(decodeResult: success, version: HTTP/1.1)
HTTP/1.1 200 OK
Content-Length: 69
Content-Type: application/json; charset=utf-8
cache-control: no-cache

14:24:50.043 [AsyncHttpClient-1-3] DEBUG org.asynchttpclient.netty.channel.ChannelManager - Adding key: http://localhost:48655 for channel [id: 0xa0f7e0ab, L:/127.0.0.1:58871 - R:localhost/127.0.0.1:48655]
14:24:50.044 [Forwarding screenshot on session e0fc6014a12ff0b102d89f17ac2d2b07 to remote] DEBUG org.asynchttpclient.netty.request.NettyRequestSender - Using pooled Channel '[id: 0xa0f7e0ab, L:/127.0.0.1:58871 - R:localhost/127.0.0.1:48655]' for 'GET' to 'http://localhost:48655/session/e0fc6014a12ff0b102d89f17ac2d2b07/screenshot'
14:24:50.045 [Forwarding screenshot on session e0fc6014a12ff0b102d89f17ac2d2b07 to remote] DEBUG org.asynchttpclient.netty.request.NettyRequestSender - Using open Channel [id: 0xa0f7e0ab, L:/127.0.0.1:58871 - R:localhost/127.0.0.1:48655] for GET '/session/e0fc6014a12ff0b102d89f17ac2d2b07/screenshot'
14:24:50.097 [AsyncHttpClient-1-1] DEBUG org.asynchttpclient.netty.channel.DefaultChannelPool - Entry count for : http://localhost:58872 : 1
14:24:50.275 [AsyncHttpClient-1-3] DEBUG org.asynchttpclient.netty.handler.HttpHandler - 

Request DefaultFullHttpRequest(decodeResult: success, version: HTTP/1.1, content: EmptyByteBufBE)
GET /session/e0fc6014a12ff0b102d89f17ac2d2b07/screenshot HTTP/1.1
User-Agent: selenium/4.8.1 (java windows)
Cache-Control: no-cache
Content-Type: application/json; charset=utf-8
host: localhost:48655
accept: */*

Response DefaultHttpResponse(decodeResult: success, version: HTTP/1.1)
HTTP/1.1 200 OK
Content-Length: 44828
Content-Type: application/json; charset=utf-8
cache-control: no-cache

14:24:50.276 [AsyncHttpClient-1-3] DEBUG org.asynchttpclient.netty.channel.ChannelManager - Adding key: http://localhost:48655 for channel [id: 0xa0f7e0ab, L:/127.0.0.1:58871 - R:localhost/127.0.0.1:48655]
14:24:50.279 [main] DEBUG net.serenitybdd.core.photography.Darkroom - Send negative for processing for target\site\serenity\a80a53598cf6b0318830f38780044bd5635cd34ede590d2f97a183a719421760.png
14:24:50.283 [Forwarding getPageSource on session e0fc6014a12ff0b102d89f17ac2d2b07 to remote] DEBUG org.asynchttpclient.netty.request.NettyRequestSender - Using pooled Channel '[id: 0xa0f7e0ab, L:/127.0.0.1:58871 - R:localhost/127.0.0.1:48655]' for 'POST' to 'http://localhost:48655/session/e0fc6014a12ff0b102d89f17ac2d2b07/execute/sync'
14:24:50.283 [Forwarding getPageSource on session e0fc6014a12ff0b102d89f17ac2d2b07 to remote] DEBUG org.asynchttpclient.netty.request.NettyRequestSender - Using open Channel [id: 0xa0f7e0ab, L:/127.0.0.1:58871 - R:localhost/127.0.0.1:48655] for POST '/session/e0fc6014a12ff0b102d89f17ac2d2b07/execute/sync'
14:24:50.295 [AsyncHttpClient-1-3] DEBUG org.asynchttpclient.netty.handler.HttpHandler - 

Request DefaultHttpRequest(decodeResult: success, version: HTTP/1.1)
POST /session/e0fc6014a12ff0b102d89f17ac2d2b07/execute/sync HTTP/1.1
User-Agent: selenium/4.8.1 (java windows)
Content-Length: 176
Content-Type: application/json; charset=utf-8
host: localhost:48655
accept: */*

Response DefaultHttpResponse(decodeResult: success, version: HTTP/1.1)
HTTP/1.1 200 OK
Content-Length: 5605
Content-Type: application/json; charset=utf-8
cache-control: no-cache

14:24:50.296 [AsyncHttpClient-1-3] DEBUG org.asynchttpclient.netty.channel.ChannelManager - Adding key: http://localhost:48655 for channel [id: 0xa0f7e0ab, L:/127.0.0.1:58871 - R:localhost/127.0.0.1:48655]
14:24:50.299 [Forwarding getCurrentUrl on session e0fc6014a12ff0b102d89f17ac2d2b07 to remote] DEBUG org.asynchttpclient.netty.request.NettyRequestSender - Using pooled Channel '[id: 0xa0f7e0ab, L:/127.0.0.1:58871 - R:localhost/127.0.0.1:48655]' for 'GET' to 'http://localhost:48655/session/e0fc6014a12ff0b102d89f17ac2d2b07/url'
14:24:50.299 [Forwarding getCurrentUrl on session e0fc6014a12ff0b102d89f17ac2d2b07 to remote] DEBUG org.asynchttpclient.netty.request.NettyRequestSender - Using open Channel [id: 0xa0f7e0ab, L:/127.0.0.1:58871 - R:localhost/127.0.0.1:48655] for GET '/session/e0fc6014a12ff0b102d89f17ac2d2b07/url'
14:24:50.311 [AsyncHttpClient-1-3] DEBUG org.asynchttpclient.netty.handler.HttpHandler - 

Request DefaultFullHttpRequest(decodeResult: success, version: HTTP/1.1, content: EmptyByteBufBE)
GET /session/e0fc6014a12ff0b102d89f17ac2d2b07/url HTTP/1.1
User-Agent: selenium/4.8.1 (java windows)
Cache-Control: no-cache
Content-Type: application/json; charset=utf-8
host: localhost:48655
accept: */*

Response DefaultHttpResponse(decodeResult: success, version: HTTP/1.1)
HTTP/1.1 200 OK
Content-Length: 69
Content-Type: application/json; charset=utf-8
cache-control: no-cache

14:24:50.311 [AsyncHttpClient-1-3] DEBUG org.asynchttpclient.netty.channel.ChannelManager - Adding key: http://localhost:48655 for channel [id: 0xa0f7e0ab, L:/127.0.0.1:58871 - R:localhost/127.0.0.1:48655]
14:24:50.315 [main] DEBUG net.thucydides.core.steps.StepInterceptor - STARTING STEP: Afrexim_ForgotPassword_Steps.validate_the_reset_password_pop_up_page - Validate_the_Reset_Password_popup_page
14:24:50.319 [Forwarding findElement on session e0fc6014a12ff0b102d89f17ac2d2b07 to remote] DEBUG org.asynchttpclient.netty.request.NettyRequestSender - Using pooled Channel '[id: 0xa0f7e0ab, L:/127.0.0.1:58871 - R:localhost/127.0.0.1:48655]' for 'POST' to 'http://localhost:48655/session/e0fc6014a12ff0b102d89f17ac2d2b07/element'
14:24:50.319 [Forwarding findElement on session e0fc6014a12ff0b102d89f17ac2d2b07 to remote] DEBUG org.asynchttpclient.netty.request.NettyRequestSender - Using open Channel [id: 0xa0f7e0ab, L:/127.0.0.1:58871 - R:localhost/127.0.0.1:48655] for POST '/session/e0fc6014a12ff0b102d89f17ac2d2b07/element'
14:24:50.347 [AsyncHttpClient-1-3] DEBUG org.asynchttpclient.netty.handler.HttpHandler - 

Request DefaultHttpRequest(decodeResult: success, version: HTTP/1.1)
POST /session/e0fc6014a12ff0b102d89f17ac2d2b07/element HTTP/1.1
User-Agent: selenium/4.8.1 (java windows)
Content-Length: 76
Content-Type: application/json; charset=utf-8
host: localhost:48655
accept: */*

Response DefaultHttpResponse(decodeResult: success, version: HTTP/1.1)
HTTP/1.1 200 OK
Content-Length: 95
Content-Type: application/json; charset=utf-8
cache-control: no-cache

14:24:50.348 [AsyncHttpClient-1-3] DEBUG org.asynchttpclient.netty.channel.ChannelManager - Adding key: http://localhost:48655 for channel [id: 0xa0f7e0ab, L:/127.0.0.1:58871 - R:localhost/127.0.0.1:48655]
14:24:50.353 [Forwarding isElementDisplayed on session e0fc6014a12ff0b102d89f17ac2d2b07 to remote] DEBUG org.asynchttpclient.netty.request.NettyRequestSender - Using pooled Channel '[id: 0xa0f7e0ab, L:/127.0.0.1:58871 - R:localhost/127.0.0.1:48655]' for 'POST' to 'http://localhost:48655/session/e0fc6014a12ff0b102d89f17ac2d2b07/execute/sync'
14:24:50.353 [Forwarding isElementDisplayed on session e0fc6014a12ff0b102d89f17ac2d2b07 to remote] DEBUG org.asynchttpclient.netty.request.NettyRequestSender - Using open Channel [id: 0xa0f7e0ab, L:/127.0.0.1:58871 - R:localhost/127.0.0.1:48655] for POST '/session/e0fc6014a12ff0b102d89f17ac2d2b07/execute/sync'
14:24:50.381 [AsyncHttpClient-1-3] DEBUG org.asynchttpclient.netty.handler.HttpHandler - 

Request DefaultHttpRequest(decodeResult: success, version: HTTP/1.1)
POST /session/e0fc6014a12ff0b102d89f17ac2d2b07/execute/sync HTTP/1.1
User-Agent: selenium/4.8.1 (java windows)
Content-Length: 48814
Content-Type: application/json; charset=utf-8
host: localhost:48655
accept: */*

Response DefaultHttpResponse(decodeResult: success, version: HTTP/1.1)
HTTP/1.1 200 OK
Content-Length: 14
Content-Type: application/json; charset=utf-8
cache-control: no-cache

14:24:50.382 [AsyncHttpClient-1-3] DEBUG org.asynchttpclient.netty.channel.ChannelManager - Adding key: http://localhost:48655 for channel [id: 0xa0f7e0ab, L:/127.0.0.1:58871 - R:localhost/127.0.0.1:48655]
14:24:50.392 [Forwarding getAlertText on session e0fc6014a12ff0b102d89f17ac2d2b07 to remote] DEBUG org.asynchttpclient.netty.request.NettyRequestSender - Using pooled Channel '[id: 0xa0f7e0ab, L:/127.0.0.1:58871 - R:localhost/127.0.0.1:48655]' for 'GET' to 'http://localhost:48655/session/e0fc6014a12ff0b102d89f17ac2d2b07/alert/text'
14:24:50.392 [Forwarding getAlertText on session e0fc6014a12ff0b102d89f17ac2d2b07 to remote] DEBUG org.asynchttpclient.netty.request.NettyRequestSender - Using open Channel [id: 0xa0f7e0ab, L:/127.0.0.1:58871 - R:localhost/127.0.0.1:48655] for GET '/session/e0fc6014a12ff0b102d89f17ac2d2b07/alert/text'
14:24:50.395 [AsyncHttpClient-1-3] DEBUG org.asynchttpclient.netty.handler.HttpHandler - 

Request DefaultFullHttpRequest(decodeResult: success, version: HTTP/1.1, content: EmptyByteBufBE)
GET /session/e0fc6014a12ff0b102d89f17ac2d2b07/alert/text HTTP/1.1
User-Agent: selenium/4.8.1 (java windows)
Cache-Control: no-cache
Content-Type: application/json; charset=utf-8
host: localhost:48655
accept: */*

Response DefaultHttpResponse(decodeResult: success, version: HTTP/1.1)
HTTP/1.1 404 Not Found
Content-Length: 821
Content-Type: application/json; charset=utf-8
cache-control: no-cache

14:24:50.395 [AsyncHttpClient-1-3] DEBUG org.asynchttpclient.netty.channel.ChannelManager - Adding key: http://localhost:48655 for channel [id: 0xa0f7e0ab, L:/127.0.0.1:58871 - R:localhost/127.0.0.1:48655]
14:24:50.398 [Forwarding getCurrentUrl on session e0fc6014a12ff0b102d89f17ac2d2b07 to remote] DEBUG org.asynchttpclient.netty.request.NettyRequestSender - Using pooled Channel '[id: 0xa0f7e0ab, L:/127.0.0.1:58871 - R:localhost/127.0.0.1:48655]' for 'GET' to 'http://localhost:48655/session/e0fc6014a12ff0b102d89f17ac2d2b07/url'
14:24:50.399 [Forwarding getCurrentUrl on session e0fc6014a12ff0b102d89f17ac2d2b07 to remote] DEBUG org.asynchttpclient.netty.request.NettyRequestSender - Using open Channel [id: 0xa0f7e0ab, L:/127.0.0.1:58871 - R:localhost/127.0.0.1:48655] for GET '/session/e0fc6014a12ff0b102d89f17ac2d2b07/url'
14:24:50.412 [AsyncHttpClient-1-3] DEBUG org.asynchttpclient.netty.handler.HttpHandler - 

Request DefaultFullHttpRequest(decodeResult: success, version: HTTP/1.1, content: EmptyByteBufBE)
GET /session/e0fc6014a12ff0b102d89f17ac2d2b07/url HTTP/1.1
User-Agent: selenium/4.8.1 (java windows)
Cache-Control: no-cache
Content-Type: application/json; charset=utf-8
host: localhost:48655
accept: */*

Response DefaultHttpResponse(decodeResult: success, version: HTTP/1.1)
HTTP/1.1 200 OK
Content-Length: 69
Content-Type: application/json; charset=utf-8
cache-control: no-cache

14:24:50.413 [AsyncHttpClient-1-3] DEBUG org.asynchttpclient.netty.channel.ChannelManager - Adding key: http://localhost:48655 for channel [id: 0xa0f7e0ab, L:/127.0.0.1:58871 - R:localhost/127.0.0.1:48655]
14:24:50.415 [Forwarding screenshot on session e0fc6014a12ff0b102d89f17ac2d2b07 to remote] DEBUG org.asynchttpclient.netty.request.NettyRequestSender - Using pooled Channel '[id: 0xa0f7e0ab, L:/127.0.0.1:58871 - R:localhost/127.0.0.1:48655]' for 'GET' to 'http://localhost:48655/session/e0fc6014a12ff0b102d89f17ac2d2b07/screenshot'
14:24:50.415 [Forwarding screenshot on session e0fc6014a12ff0b102d89f17ac2d2b07 to remote] DEBUG org.asynchttpclient.netty.request.NettyRequestSender - Using open Channel [id: 0xa0f7e0ab, L:/127.0.0.1:58871 - R:localhost/127.0.0.1:48655] for GET '/session/e0fc6014a12ff0b102d89f17ac2d2b07/screenshot'
14:24:50.653 [AsyncHttpClient-1-3] DEBUG org.asynchttpclient.netty.handler.HttpHandler - 

Request DefaultFullHttpRequest(decodeResult: success, version: HTTP/1.1, content: EmptyByteBufBE)
GET /session/e0fc6014a12ff0b102d89f17ac2d2b07/screenshot HTTP/1.1
User-Agent: selenium/4.8.1 (java windows)
Cache-Control: no-cache
Content-Type: application/json; charset=utf-8
host: localhost:48655
accept: */*

Response DefaultHttpResponse(decodeResult: success, version: HTTP/1.1)
HTTP/1.1 200 OK
Content-Length: 44828
Content-Type: application/json; charset=utf-8
cache-control: no-cache

14:24:50.654 [AsyncHttpClient-1-3] DEBUG org.asynchttpclient.netty.channel.ChannelManager - Adding key: http://localhost:48655 for channel [id: 0xa0f7e0ab, L:/127.0.0.1:58871 - R:localhost/127.0.0.1:48655]
14:24:50.658 [main] DEBUG net.serenitybdd.core.photography.Darkroom - Send negative for processing for target\site\serenity\a80a53598cf6b0318830f38780044bd5635cd34ede590d2f97a183a719421760.png
14:24:50.659 [main] DEBUG net.thucydides.core.steps.StepInterceptor - STEP DONE: Validate_the_Reset_Password_popup_page
14:24:50.676 [Forwarding getPageSource on session e0fc6014a12ff0b102d89f17ac2d2b07 to remote] DEBUG org.asynchttpclient.netty.request.NettyRequestSender - Using pooled Channel '[id: 0xa0f7e0ab, L:/127.0.0.1:58871 - R:localhost/127.0.0.1:48655]' for 'POST' to 'http://localhost:48655/session/e0fc6014a12ff0b102d89f17ac2d2b07/execute/sync'
14:24:50.676 [Forwarding getPageSource on session e0fc6014a12ff0b102d89f17ac2d2b07 to remote] DEBUG org.asynchttpclient.netty.request.NettyRequestSender - Using open Channel [id: 0xa0f7e0ab, L:/127.0.0.1:58871 - R:localhost/127.0.0.1:48655] for POST '/session/e0fc6014a12ff0b102d89f17ac2d2b07/execute/sync'
14:24:50.687 [AsyncHttpClient-1-3] DEBUG org.asynchttpclient.netty.handler.HttpHandler - 

Request DefaultHttpRequest(decodeResult: success, version: HTTP/1.1)
POST /session/e0fc6014a12ff0b102d89f17ac2d2b07/execute/sync HTTP/1.1
User-Agent: selenium/4.8.1 (java windows)
Content-Length: 176
Content-Type: application/json; charset=utf-8
host: localhost:48655
accept: */*

Response DefaultHttpResponse(decodeResult: success, version: HTTP/1.1)
HTTP/1.1 200 OK
Content-Length: 5605
Content-Type: application/json; charset=utf-8
cache-control: no-cache

14:24:50.687 [AsyncHttpClient-1-3] DEBUG org.asynchttpclient.netty.channel.ChannelManager - Adding key: http://localhost:48655 for channel [id: 0xa0f7e0ab, L:/127.0.0.1:58871 - R:localhost/127.0.0.1:48655]
14:24:50.690 [Forwarding getCurrentUrl on session e0fc6014a12ff0b102d89f17ac2d2b07 to remote] DEBUG org.asynchttpclient.netty.request.NettyRequestSender - Using pooled Channel '[id: 0xa0f7e0ab, L:/127.0.0.1:58871 - R:localhost/127.0.0.1:48655]' for 'GET' to 'http://localhost:48655/session/e0fc6014a12ff0b102d89f17ac2d2b07/url'
14:24:50.691 [Forwarding getCurrentUrl on session e0fc6014a12ff0b102d89f17ac2d2b07 to remote] DEBUG org.asynchttpclient.netty.request.NettyRequestSender - Using open Channel [id: 0xa0f7e0ab, L:/127.0.0.1:58871 - R:localhost/127.0.0.1:48655] for GET '/session/e0fc6014a12ff0b102d89f17ac2d2b07/url'
14:24:50.705 [AsyncHttpClient-1-3] DEBUG org.asynchttpclient.netty.handler.HttpHandler - 

Request DefaultFullHttpRequest(decodeResult: success, version: HTTP/1.1, content: EmptyByteBufBE)
GET /session/e0fc6014a12ff0b102d89f17ac2d2b07/url HTTP/1.1
User-Agent: selenium/4.8.1 (java windows)
Cache-Control: no-cache
Content-Type: application/json; charset=utf-8
host: localhost:48655
accept: */*

Response DefaultHttpResponse(decodeResult: success, version: HTTP/1.1)
HTTP/1.1 200 OK
Content-Length: 69
Content-Type: application/json; charset=utf-8
cache-control: no-cache

14:24:50.705 [AsyncHttpClient-1-3] DEBUG org.asynchttpclient.netty.channel.ChannelManager - Adding key: http://localhost:48655 for channel [id: 0xa0f7e0ab, L:/127.0.0.1:58871 - R:localhost/127.0.0.1:48655]
14:24:50.723 [Forwarding getAlertText on session e0fc6014a12ff0b102d89f17ac2d2b07 to remote] DEBUG org.asynchttpclient.netty.request.NettyRequestSender - Using pooled Channel '[id: 0xa0f7e0ab, L:/127.0.0.1:58871 - R:localhost/127.0.0.1:48655]' for 'GET' to 'http://localhost:48655/session/e0fc6014a12ff0b102d89f17ac2d2b07/alert/text'
14:24:50.723 [Forwarding getAlertText on session e0fc6014a12ff0b102d89f17ac2d2b07 to remote] DEBUG org.asynchttpclient.netty.request.NettyRequestSender - Using open Channel [id: 0xa0f7e0ab, L:/127.0.0.1:58871 - R:localhost/127.0.0.1:48655] for GET '/session/e0fc6014a12ff0b102d89f17ac2d2b07/alert/text'
14:24:50.727 [AsyncHttpClient-1-3] DEBUG org.asynchttpclient.netty.handler.HttpHandler - 

Request DefaultFullHttpRequest(decodeResult: success, version: HTTP/1.1, content: EmptyByteBufBE)
GET /session/e0fc6014a12ff0b102d89f17ac2d2b07/alert/text HTTP/1.1
User-Agent: selenium/4.8.1 (java windows)
Cache-Control: no-cache
Content-Type: application/json; charset=utf-8
host: localhost:48655
accept: */*

Response DefaultHttpResponse(decodeResult: success, version: HTTP/1.1)
HTTP/1.1 404 Not Found
Content-Length: 821
Content-Type: application/json; charset=utf-8
cache-control: no-cache

14:24:50.728 [AsyncHttpClient-1-3] DEBUG org.asynchttpclient.netty.channel.ChannelManager - Adding key: http://localhost:48655 for channel [id: 0xa0f7e0ab, L:/127.0.0.1:58871 - R:localhost/127.0.0.1:48655]
14:24:50.731 [Forwarding getCurrentUrl on session e0fc6014a12ff0b102d89f17ac2d2b07 to remote] DEBUG org.asynchttpclient.netty.request.NettyRequestSender - Using pooled Channel '[id: 0xa0f7e0ab, L:/127.0.0.1:58871 - R:localhost/127.0.0.1:48655]' for 'GET' to 'http://localhost:48655/session/e0fc6014a12ff0b102d89f17ac2d2b07/url'
14:24:50.731 [Forwarding getCurrentUrl on session e0fc6014a12ff0b102d89f17ac2d2b07 to remote] DEBUG org.asynchttpclient.netty.request.NettyRequestSender - Using open Channel [id: 0xa0f7e0ab, L:/127.0.0.1:58871 - R:localhost/127.0.0.1:48655] for GET '/session/e0fc6014a12ff0b102d89f17ac2d2b07/url'
14:24:50.744 [AsyncHttpClient-1-3] DEBUG org.asynchttpclient.netty.handler.HttpHandler - 

Request DefaultFullHttpRequest(decodeResult: success, version: HTTP/1.1, content: EmptyByteBufBE)
GET /session/e0fc6014a12ff0b102d89f17ac2d2b07/url HTTP/1.1
User-Agent: selenium/4.8.1 (java windows)
Cache-Control: no-cache
Content-Type: application/json; charset=utf-8
host: localhost:48655
accept: */*

Response DefaultHttpResponse(decodeResult: success, version: HTTP/1.1)
HTTP/1.1 200 OK
Content-Length: 69
Content-Type: application/json; charset=utf-8
cache-control: no-cache

14:24:50.744 [AsyncHttpClient-1-3] DEBUG org.asynchttpclient.netty.channel.ChannelManager - Adding key: http://localhost:48655 for channel [id: 0xa0f7e0ab, L:/127.0.0.1:58871 - R:localhost/127.0.0.1:48655]
14:24:50.746 [Forwarding screenshot on session e0fc6014a12ff0b102d89f17ac2d2b07 to remote] DEBUG org.asynchttpclient.netty.request.NettyRequestSender - Using pooled Channel '[id: 0xa0f7e0ab, L:/127.0.0.1:58871 - R:localhost/127.0.0.1:48655]' for 'GET' to 'http://localhost:48655/session/e0fc6014a12ff0b102d89f17ac2d2b07/screenshot'
14:24:50.746 [Forwarding screenshot on session e0fc6014a12ff0b102d89f17ac2d2b07 to remote] DEBUG org.asynchttpclient.netty.request.NettyRequestSender - Using open Channel [id: 0xa0f7e0ab, L:/127.0.0.1:58871 - R:localhost/127.0.0.1:48655] for GET '/session/e0fc6014a12ff0b102d89f17ac2d2b07/screenshot'
14:24:50.954 [AsyncHttpClient-1-3] DEBUG org.asynchttpclient.netty.handler.HttpHandler - 

Request DefaultFullHttpRequest(decodeResult: success, version: HTTP/1.1, content: EmptyByteBufBE)
GET /session/e0fc6014a12ff0b102d89f17ac2d2b07/screenshot HTTP/1.1
User-Agent: selenium/4.8.1 (java windows)
Cache-Control: no-cache
Content-Type: application/json; charset=utf-8
host: localhost:48655
accept: */*

Response DefaultHttpResponse(decodeResult: success, version: HTTP/1.1)
HTTP/1.1 200 OK
Content-Length: 44828
Content-Type: application/json; charset=utf-8
cache-control: no-cache

14:24:50.954 [AsyncHttpClient-1-3] DEBUG org.asynchttpclient.netty.channel.ChannelManager - Adding key: http://localhost:48655 for channel [id: 0xa0f7e0ab, L:/127.0.0.1:58871 - R:localhost/127.0.0.1:48655]
14:24:50.958 [main] DEBUG net.serenitybdd.core.photography.Darkroom - Send negative for processing for target\site\serenity\a80a53598cf6b0318830f38780044bd5635cd34ede590d2f97a183a719421760.png
14:24:50.961 [Forwarding getPageSource on session e0fc6014a12ff0b102d89f17ac2d2b07 to remote] DEBUG org.asynchttpclient.netty.request.NettyRequestSender - Using pooled Channel '[id: 0xa0f7e0ab, L:/127.0.0.1:58871 - R:localhost/127.0.0.1:48655]' for 'POST' to 'http://localhost:48655/session/e0fc6014a12ff0b102d89f17ac2d2b07/execute/sync'
14:24:50.962 [Forwarding getPageSource on session e0fc6014a12ff0b102d89f17ac2d2b07 to remote] DEBUG org.asynchttpclient.netty.request.NettyRequestSender - Using open Channel [id: 0xa0f7e0ab, L:/127.0.0.1:58871 - R:localhost/127.0.0.1:48655] for POST '/session/e0fc6014a12ff0b102d89f17ac2d2b07/execute/sync'
14:24:50.979 [AsyncHttpClient-1-3] DEBUG org.asynchttpclient.netty.handler.HttpHandler - 

Request DefaultHttpRequest(decodeResult: success, version: HTTP/1.1)
POST /session/e0fc6014a12ff0b102d89f17ac2d2b07/execute/sync HTTP/1.1
User-Agent: selenium/4.8.1 (java windows)
Content-Length: 176
Content-Type: application/json; charset=utf-8
host: localhost:48655
accept: */*

Response DefaultHttpResponse(decodeResult: success, version: HTTP/1.1)
HTTP/1.1 200 OK
Content-Length: 5605
Content-Type: application/json; charset=utf-8
cache-control: no-cache

14:24:50.979 [AsyncHttpClient-1-3] DEBUG org.asynchttpclient.netty.channel.ChannelManager - Adding key: http://localhost:48655 for channel [id: 0xa0f7e0ab, L:/127.0.0.1:58871 - R:localhost/127.0.0.1:48655]
14:24:50.981 [Forwarding getCurrentUrl on session e0fc6014a12ff0b102d89f17ac2d2b07 to remote] DEBUG org.asynchttpclient.netty.request.NettyRequestSender - Using pooled Channel '[id: 0xa0f7e0ab, L:/127.0.0.1:58871 - R:localhost/127.0.0.1:48655]' for 'GET' to 'http://localhost:48655/session/e0fc6014a12ff0b102d89f17ac2d2b07/url'
14:24:50.983 [Forwarding getCurrentUrl on session e0fc6014a12ff0b102d89f17ac2d2b07 to remote] DEBUG org.asynchttpclient.netty.request.NettyRequestSender - Using open Channel [id: 0xa0f7e0ab, L:/127.0.0.1:58871 - R:localhost/127.0.0.1:48655] for GET '/session/e0fc6014a12ff0b102d89f17ac2d2b07/url'
14:24:50.993 [AsyncHttpClient-1-3] DEBUG org.asynchttpclient.netty.handler.HttpHandler - 

Request DefaultFullHttpRequest(decodeResult: success, version: HTTP/1.1, content: EmptyByteBufBE)
GET /session/e0fc6014a12ff0b102d89f17ac2d2b07/url HTTP/1.1
User-Agent: selenium/4.8.1 (java windows)
Cache-Control: no-cache
Content-Type: application/json; charset=utf-8
host: localhost:48655
accept: */*

Response DefaultHttpResponse(decodeResult: success, version: HTTP/1.1)
HTTP/1.1 200 OK
Content-Length: 69
Content-Type: application/json; charset=utf-8
cache-control: no-cache

14:24:50.996 [AsyncHttpClient-1-3] DEBUG org.asynchttpclient.netty.channel.ChannelManager - Adding key: http://localhost:48655 for channel [id: 0xa0f7e0ab, L:/127.0.0.1:58871 - R:localhost/127.0.0.1:48655]
14:24:51.001 [main] DEBUG net.thucydides.core.steps.StepInterceptor - STARTING STEP: Afrexim_ForgotPassword_Steps.enter_valid_and_invalid_email_credentials - Enter_valid_and_invalid_email_credentials
14:24:51.008 [Forwarding findElement on session e0fc6014a12ff0b102d89f17ac2d2b07 to remote] DEBUG org.asynchttpclient.netty.request.NettyRequestSender - Using pooled Channel '[id: 0xa0f7e0ab, L:/127.0.0.1:58871 - R:localhost/127.0.0.1:48655]' for 'POST' to 'http://localhost:48655/session/e0fc6014a12ff0b102d89f17ac2d2b07/element'
14:24:51.008 [Forwarding findElement on session e0fc6014a12ff0b102d89f17ac2d2b07 to remote] DEBUG org.asynchttpclient.netty.request.NettyRequestSender - Using open Channel [id: 0xa0f7e0ab, L:/127.0.0.1:58871 - R:localhost/127.0.0.1:48655] for POST '/session/e0fc6014a12ff0b102d89f17ac2d2b07/element'
14:24:51.038 [AsyncHttpClient-1-3] DEBUG org.asynchttpclient.netty.handler.HttpHandler - 

Request DefaultHttpRequest(decodeResult: success, version: HTTP/1.1)
POST /session/e0fc6014a12ff0b102d89f17ac2d2b07/element HTTP/1.1
User-Agent: selenium/4.8.1 (java windows)
Content-Length: 80
Content-Type: application/json; charset=utf-8
host: localhost:48655
accept: */*

Response DefaultHttpResponse(decodeResult: success, version: HTTP/1.1)
HTTP/1.1 200 OK
Content-Length: 95
Content-Type: application/json; charset=utf-8
cache-control: no-cache

14:24:51.039 [AsyncHttpClient-1-3] DEBUG org.asynchttpclient.netty.channel.ChannelManager - Adding key: http://localhost:48655 for channel [id: 0xa0f7e0ab, L:/127.0.0.1:58871 - R:localhost/127.0.0.1:48655]
14:24:51.042 [Forwarding sendKeysToElement on session e0fc6014a12ff0b102d89f17ac2d2b07 to remote] DEBUG org.asynchttpclient.netty.request.NettyRequestSender - Using pooled Channel '[id: 0xa0f7e0ab, L:/127.0.0.1:58871 - R:localhost/127.0.0.1:48655]' for 'POST' to 'http://localhost:48655/session/e0fc6014a12ff0b102d89f17ac2d2b07/element/524D3D1164694CB9B9E78EAF71D687FF_element_59/value'
14:24:51.042 [Forwarding sendKeysToElement on session e0fc6014a12ff0b102d89f17ac2d2b07 to remote] DEBUG org.asynchttpclient.netty.request.NettyRequestSender - Using open Channel [id: 0xa0f7e0ab, L:/127.0.0.1:58871 - R:localhost/127.0.0.1:48655] for POST '/session/e0fc6014a12ff0b102d89f17ac2d2b07/element/524D3D1164694CB9B9E78EAF71D687FF_element_59/value'
14:24:51.195 [AsyncHttpClient-1-1] DEBUG org.asynchttpclient.netty.channel.DefaultChannelPool - Entry count for : http://localhost:58872 : 1
14:24:51.462 [AsyncHttpClient-1-3] DEBUG org.asynchttpclient.netty.handler.HttpHandler - 

Request DefaultHttpRequest(decodeResult: success, version: HTTP/1.1)
POST /session/e0fc6014a12ff0b102d89f17ac2d2b07/element/524D3D1164694CB9B9E78EAF71D687FF_element_59/value HTTP/1.1
User-Agent: selenium/4.8.1 (java windows)
Content-Length: 288
Content-Type: application/json; charset=utf-8
host: localhost:48655
accept: */*

Response DefaultHttpResponse(decodeResult: success, version: HTTP/1.1)
HTTP/1.1 200 OK
Content-Length: 14
Content-Type: application/json; charset=utf-8
cache-control: no-cache

14:24:51.463 [AsyncHttpClient-1-3] DEBUG org.asynchttpclient.netty.channel.ChannelManager - Adding key: http://localhost:48655 for channel [id: 0xa0f7e0ab, L:/127.0.0.1:58871 - R:localhost/127.0.0.1:48655]
14:24:51.479 [Forwarding getAlertText on session e0fc6014a12ff0b102d89f17ac2d2b07 to remote] DEBUG org.asynchttpclient.netty.request.NettyRequestSender - Using pooled Channel '[id: 0xa0f7e0ab, L:/127.0.0.1:58871 - R:localhost/127.0.0.1:48655]' for 'GET' to 'http://localhost:48655/session/e0fc6014a12ff0b102d89f17ac2d2b07/alert/text'
14:24:51.479 [Forwarding getAlertText on session e0fc6014a12ff0b102d89f17ac2d2b07 to remote] DEBUG org.asynchttpclient.netty.request.NettyRequestSender - Using open Channel [id: 0xa0f7e0ab, L:/127.0.0.1:58871 - R:localhost/127.0.0.1:48655] for GET '/session/e0fc6014a12ff0b102d89f17ac2d2b07/alert/text'
14:24:51.492 [AsyncHttpClient-1-3] DEBUG org.asynchttpclient.netty.handler.HttpHandler - 

Request DefaultFullHttpRequest(decodeResult: success, version: HTTP/1.1, content: EmptyByteBufBE)
GET /session/e0fc6014a12ff0b102d89f17ac2d2b07/alert/text HTTP/1.1
User-Agent: selenium/4.8.1 (java windows)
Cache-Control: no-cache
Content-Type: application/json; charset=utf-8
host: localhost:48655
accept: */*

Response DefaultHttpResponse(decodeResult: success, version: HTTP/1.1)
HTTP/1.1 404 Not Found
Content-Length: 821
Content-Type: application/json; charset=utf-8
cache-control: no-cache

14:24:51.492 [AsyncHttpClient-1-3] DEBUG org.asynchttpclient.netty.channel.ChannelManager - Adding key: http://localhost:48655 for channel [id: 0xa0f7e0ab, L:/127.0.0.1:58871 - R:localhost/127.0.0.1:48655]
14:24:51.495 [Forwarding getCurrentUrl on session e0fc6014a12ff0b102d89f17ac2d2b07 to remote] DEBUG org.asynchttpclient.netty.request.NettyRequestSender - Using pooled Channel '[id: 0xa0f7e0ab, L:/127.0.0.1:58871 - R:localhost/127.0.0.1:48655]' for 'GET' to 'http://localhost:48655/session/e0fc6014a12ff0b102d89f17ac2d2b07/url'
14:24:51.495 [Forwarding getCurrentUrl on session e0fc6014a12ff0b102d89f17ac2d2b07 to remote] DEBUG org.asynchttpclient.netty.request.NettyRequestSender - Using open Channel [id: 0xa0f7e0ab, L:/127.0.0.1:58871 - R:localhost/127.0.0.1:48655] for GET '/session/e0fc6014a12ff0b102d89f17ac2d2b07/url'
14:24:51.526 [AsyncHttpClient-1-3] DEBUG org.asynchttpclient.netty.handler.HttpHandler - 

Request DefaultFullHttpRequest(decodeResult: success, version: HTTP/1.1, content: EmptyByteBufBE)
GET /session/e0fc6014a12ff0b102d89f17ac2d2b07/url HTTP/1.1
User-Agent: selenium/4.8.1 (java windows)
Cache-Control: no-cache
Content-Type: application/json; charset=utf-8
host: localhost:48655
accept: */*

Response DefaultHttpResponse(decodeResult: success, version: HTTP/1.1)
HTTP/1.1 200 OK
Content-Length: 69
Content-Type: application/json; charset=utf-8
cache-control: no-cache

14:24:51.527 [AsyncHttpClient-1-3] DEBUG org.asynchttpclient.netty.channel.ChannelManager - Adding key: http://localhost:48655 for channel [id: 0xa0f7e0ab, L:/127.0.0.1:58871 - R:localhost/127.0.0.1:48655]
14:24:51.530 [Forwarding screenshot on session e0fc6014a12ff0b102d89f17ac2d2b07 to remote] DEBUG org.asynchttpclient.netty.request.NettyRequestSender - Using pooled Channel '[id: 0xa0f7e0ab, L:/127.0.0.1:58871 - R:localhost/127.0.0.1:48655]' for 'GET' to 'http://localhost:48655/session/e0fc6014a12ff0b102d89f17ac2d2b07/screenshot'
14:24:51.530 [Forwarding screenshot on session e0fc6014a12ff0b102d89f17ac2d2b07 to remote] DEBUG org.asynchttpclient.netty.request.NettyRequestSender - Using open Channel [id: 0xa0f7e0ab, L:/127.0.0.1:58871 - R:localhost/127.0.0.1:48655] for GET '/session/e0fc6014a12ff0b102d89f17ac2d2b07/screenshot'
14:24:51.796 [AsyncHttpClient-1-3] DEBUG org.asynchttpclient.netty.handler.HttpHandler - 

Request DefaultFullHttpRequest(decodeResult: success, version: HTTP/1.1, content: EmptyByteBufBE)
GET /session/e0fc6014a12ff0b102d89f17ac2d2b07/screenshot HTTP/1.1
User-Agent: selenium/4.8.1 (java windows)
Cache-Control: no-cache
Content-Type: application/json; charset=utf-8
host: localhost:48655
accept: */*

Response DefaultHttpResponse(decodeResult: success, version: HTTP/1.1)
HTTP/1.1 200 OK
Content-Length: 48024
Content-Type: application/json; charset=utf-8
cache-control: no-cache

14:24:51.798 [AsyncHttpClient-1-3] DEBUG org.asynchttpclient.netty.channel.ChannelManager - Adding key: http://localhost:48655 for channel [id: 0xa0f7e0ab, L:/127.0.0.1:58871 - R:localhost/127.0.0.1:48655]
14:24:51.805 [main] DEBUG net.serenitybdd.core.photography.Darkroom - Send negative for processing for target\site\serenity\f0875a8fb4abca6db72292ffeb546954f2cb21101344c3738334d796043afe37.png
14:24:51.806 [main] DEBUG net.thucydides.core.steps.StepInterceptor - STEP DONE: Enter_valid_and_invalid_email_credentials
14:24:51.807 [Darkroom Processing Line] DEBUG net.serenitybdd.core.photography.DarkroomProcessingLine - Processing screenshot image in /var/screenshots/screenshot-4671510680738800880
14:24:51.807 [Darkroom Processing Line] DEBUG net.serenitybdd.core.photography.DarkroomProcessingLine - Saving screenshot to target\site\serenity\f0875a8fb4abca6db72292ffeb546954f2cb21101344c3738334d796043afe37.png
14:24:51.831 [Forwarding getPageSource on session e0fc6014a12ff0b102d89f17ac2d2b07 to remote] DEBUG org.asynchttpclient.netty.request.NettyRequestSender - Using pooled Channel '[id: 0xa0f7e0ab, L:/127.0.0.1:58871 - R:localhost/127.0.0.1:48655]' for 'POST' to 'http://localhost:48655/session/e0fc6014a12ff0b102d89f17ac2d2b07/execute/sync'
14:24:51.832 [Forwarding getPageSource on session e0fc6014a12ff0b102d89f17ac2d2b07 to remote] DEBUG org.asynchttpclient.netty.request.NettyRequestSender - Using open Channel [id: 0xa0f7e0ab, L:/127.0.0.1:58871 - R:localhost/127.0.0.1:48655] for POST '/session/e0fc6014a12ff0b102d89f17ac2d2b07/execute/sync'
14:24:51.844 [AsyncHttpClient-1-3] DEBUG org.asynchttpclient.netty.handler.HttpHandler - 

Request DefaultHttpRequest(decodeResult: success, version: HTTP/1.1)
POST /session/e0fc6014a12ff0b102d89f17ac2d2b07/execute/sync HTTP/1.1
User-Agent: selenium/4.8.1 (java windows)
Content-Length: 176
Content-Type: application/json; charset=utf-8
host: localhost:48655
accept: */*

Response DefaultHttpResponse(decodeResult: success, version: HTTP/1.1)
HTTP/1.1 200 OK
Content-Length: 5625
Content-Type: application/json; charset=utf-8
cache-control: no-cache

14:24:51.844 [AsyncHttpClient-1-3] DEBUG org.asynchttpclient.netty.channel.ChannelManager - Adding key: http://localhost:48655 for channel [id: 0xa0f7e0ab, L:/127.0.0.1:58871 - R:localhost/127.0.0.1:48655]
14:24:51.847 [Forwarding getCurrentUrl on session e0fc6014a12ff0b102d89f17ac2d2b07 to remote] DEBUG org.asynchttpclient.netty.request.NettyRequestSender - Using pooled Channel '[id: 0xa0f7e0ab, L:/127.0.0.1:58871 - R:localhost/127.0.0.1:48655]' for 'GET' to 'http://localhost:48655/session/e0fc6014a12ff0b102d89f17ac2d2b07/url'
14:24:51.848 [Forwarding getCurrentUrl on session e0fc6014a12ff0b102d89f17ac2d2b07 to remote] DEBUG org.asynchttpclient.netty.request.NettyRequestSender - Using open Channel [id: 0xa0f7e0ab, L:/127.0.0.1:58871 - R:localhost/127.0.0.1:48655] for GET '/session/e0fc6014a12ff0b102d89f17ac2d2b07/url'
14:24:51.856 [AsyncHttpClient-1-3] DEBUG org.asynchttpclient.netty.handler.HttpHandler - 

Request DefaultFullHttpRequest(decodeResult: success, version: HTTP/1.1, content: EmptyByteBufBE)
GET /session/e0fc6014a12ff0b102d89f17ac2d2b07/url HTTP/1.1
User-Agent: selenium/4.8.1 (java windows)
Cache-Control: no-cache
Content-Type: application/json; charset=utf-8
host: localhost:48655
accept: */*

Response DefaultHttpResponse(decodeResult: success, version: HTTP/1.1)
HTTP/1.1 200 OK
Content-Length: 69
Content-Type: application/json; charset=utf-8
cache-control: no-cache

14:24:51.856 [AsyncHttpClient-1-3] DEBUG org.asynchttpclient.netty.channel.ChannelManager - Adding key: http://localhost:48655 for channel [id: 0xa0f7e0ab, L:/127.0.0.1:58871 - R:localhost/127.0.0.1:48655]
14:24:51.875 [Forwarding getAlertText on session e0fc6014a12ff0b102d89f17ac2d2b07 to remote] DEBUG org.asynchttpclient.netty.request.NettyRequestSender - Using pooled Channel '[id: 0xa0f7e0ab, L:/127.0.0.1:58871 - R:localhost/127.0.0.1:48655]' for 'GET' to 'http://localhost:48655/session/e0fc6014a12ff0b102d89f17ac2d2b07/alert/text'
14:24:51.875 [Forwarding getAlertText on session e0fc6014a12ff0b102d89f17ac2d2b07 to remote] DEBUG org.asynchttpclient.netty.request.NettyRequestSender - Using open Channel [id: 0xa0f7e0ab, L:/127.0.0.1:58871 - R:localhost/127.0.0.1:48655] for GET '/session/e0fc6014a12ff0b102d89f17ac2d2b07/alert/text'
14:24:51.879 [AsyncHttpClient-1-3] DEBUG org.asynchttpclient.netty.handler.HttpHandler - 

Request DefaultFullHttpRequest(decodeResult: success, version: HTTP/1.1, content: EmptyByteBufBE)
GET /session/e0fc6014a12ff0b102d89f17ac2d2b07/alert/text HTTP/1.1
User-Agent: selenium/4.8.1 (java windows)
Cache-Control: no-cache
Content-Type: application/json; charset=utf-8
host: localhost:48655
accept: */*

Response DefaultHttpResponse(decodeResult: success, version: HTTP/1.1)
HTTP/1.1 404 Not Found
Content-Length: 821
Content-Type: application/json; charset=utf-8
cache-control: no-cache

14:24:51.879 [AsyncHttpClient-1-3] DEBUG org.asynchttpclient.netty.channel.ChannelManager - Adding key: http://localhost:48655 for channel [id: 0xa0f7e0ab, L:/127.0.0.1:58871 - R:localhost/127.0.0.1:48655]
14:24:51.882 [Forwarding getCurrentUrl on session e0fc6014a12ff0b102d89f17ac2d2b07 to remote] DEBUG org.asynchttpclient.netty.request.NettyRequestSender - Using pooled Channel '[id: 0xa0f7e0ab, L:/127.0.0.1:58871 - R:localhost/127.0.0.1:48655]' for 'GET' to 'http://localhost:48655/session/e0fc6014a12ff0b102d89f17ac2d2b07/url'
14:24:51.882 [Forwarding getCurrentUrl on session e0fc6014a12ff0b102d89f17ac2d2b07 to remote] DEBUG org.asynchttpclient.netty.request.NettyRequestSender - Using open Channel [id: 0xa0f7e0ab, L:/127.0.0.1:58871 - R:localhost/127.0.0.1:48655] for GET '/session/e0fc6014a12ff0b102d89f17ac2d2b07/url'
14:24:51.890 [AsyncHttpClient-1-3] DEBUG org.asynchttpclient.netty.handler.HttpHandler - 

Request DefaultFullHttpRequest(decodeResult: success, version: HTTP/1.1, content: EmptyByteBufBE)
GET /session/e0fc6014a12ff0b102d89f17ac2d2b07/url HTTP/1.1
User-Agent: selenium/4.8.1 (java windows)
Cache-Control: no-cache
Content-Type: application/json; charset=utf-8
host: localhost:48655
accept: */*

Response DefaultHttpResponse(decodeResult: success, version: HTTP/1.1)
HTTP/1.1 200 OK
Content-Length: 69
Content-Type: application/json; charset=utf-8
cache-control: no-cache

14:24:51.890 [AsyncHttpClient-1-3] DEBUG org.asynchttpclient.netty.channel.ChannelManager - Adding key: http://localhost:48655 for channel [id: 0xa0f7e0ab, L:/127.0.0.1:58871 - R:localhost/127.0.0.1:48655]
14:24:51.892 [Forwarding screenshot on session e0fc6014a12ff0b102d89f17ac2d2b07 to remote] DEBUG org.asynchttpclient.netty.request.NettyRequestSender - Using pooled Channel '[id: 0xa0f7e0ab, L:/127.0.0.1:58871 - R:localhost/127.0.0.1:48655]' for 'GET' to 'http://localhost:48655/session/e0fc6014a12ff0b102d89f17ac2d2b07/screenshot'
14:24:51.893 [Forwarding screenshot on session e0fc6014a12ff0b102d89f17ac2d2b07 to remote] DEBUG org.asynchttpclient.netty.request.NettyRequestSender - Using open Channel [id: 0xa0f7e0ab, L:/127.0.0.1:58871 - R:localhost/127.0.0.1:48655] for GET '/session/e0fc6014a12ff0b102d89f17ac2d2b07/screenshot'
14:24:52.126 [AsyncHttpClient-1-3] DEBUG org.asynchttpclient.netty.handler.HttpHandler - 

Request DefaultFullHttpRequest(decodeResult: success, version: HTTP/1.1, content: EmptyByteBufBE)
GET /session/e0fc6014a12ff0b102d89f17ac2d2b07/screenshot HTTP/1.1
User-Agent: selenium/4.8.1 (java windows)
Cache-Control: no-cache
Content-Type: application/json; charset=utf-8
host: localhost:48655
accept: */*

Response DefaultHttpResponse(decodeResult: success, version: HTTP/1.1)
HTTP/1.1 200 OK
Content-Length: 48024
Content-Type: application/json; charset=utf-8
cache-control: no-cache

14:24:52.127 [AsyncHttpClient-1-3] DEBUG org.asynchttpclient.netty.channel.ChannelManager - Adding key: http://localhost:48655 for channel [id: 0xa0f7e0ab, L:/127.0.0.1:58871 - R:localhost/127.0.0.1:48655]
14:24:52.131 [main] DEBUG net.serenitybdd.core.photography.Darkroom - Send negative for processing for target\site\serenity\f0875a8fb4abca6db72292ffeb546954f2cb21101344c3738334d796043afe37.png
14:24:52.134 [Forwarding getPageSource on session e0fc6014a12ff0b102d89f17ac2d2b07 to remote] DEBUG org.asynchttpclient.netty.request.NettyRequestSender - Using pooled Channel '[id: 0xa0f7e0ab, L:/127.0.0.1:58871 - R:localhost/127.0.0.1:48655]' for 'POST' to 'http://localhost:48655/session/e0fc6014a12ff0b102d89f17ac2d2b07/execute/sync'
14:24:52.134 [Forwarding getPageSource on session e0fc6014a12ff0b102d89f17ac2d2b07 to remote] DEBUG org.asynchttpclient.netty.request.NettyRequestSender - Using open Channel [id: 0xa0f7e0ab, L:/127.0.0.1:58871 - R:localhost/127.0.0.1:48655] for POST '/session/e0fc6014a12ff0b102d89f17ac2d2b07/execute/sync'
14:24:52.151 [AsyncHttpClient-1-3] DEBUG org.asynchttpclient.netty.handler.HttpHandler - 

Request DefaultHttpRequest(decodeResult: success, version: HTTP/1.1)
POST /session/e0fc6014a12ff0b102d89f17ac2d2b07/execute/sync HTTP/1.1
User-Agent: selenium/4.8.1 (java windows)
Content-Length: 176
Content-Type: application/json; charset=utf-8
host: localhost:48655
accept: */*

Response DefaultHttpResponse(decodeResult: success, version: HTTP/1.1)
HTTP/1.1 200 OK
Content-Length: 5625
Content-Type: application/json; charset=utf-8
cache-control: no-cache

14:24:52.151 [AsyncHttpClient-1-3] DEBUG org.asynchttpclient.netty.channel.ChannelManager - Adding key: http://localhost:48655 for channel [id: 0xa0f7e0ab, L:/127.0.0.1:58871 - R:localhost/127.0.0.1:48655]
14:24:52.154 [Forwarding getCurrentUrl on session e0fc6014a12ff0b102d89f17ac2d2b07 to remote] DEBUG org.asynchttpclient.netty.request.NettyRequestSender - Using pooled Channel '[id: 0xa0f7e0ab, L:/127.0.0.1:58871 - R:localhost/127.0.0.1:48655]' for 'GET' to 'http://localhost:48655/session/e0fc6014a12ff0b102d89f17ac2d2b07/url'
14:24:52.155 [Forwarding getCurrentUrl on session e0fc6014a12ff0b102d89f17ac2d2b07 to remote] DEBUG org.asynchttpclient.netty.request.NettyRequestSender - Using open Channel [id: 0xa0f7e0ab, L:/127.0.0.1:58871 - R:localhost/127.0.0.1:48655] for GET '/session/e0fc6014a12ff0b102d89f17ac2d2b07/url'
14:24:52.173 [AsyncHttpClient-1-3] DEBUG org.asynchttpclient.netty.handler.HttpHandler - 

Request DefaultFullHttpRequest(decodeResult: success, version: HTTP/1.1, content: EmptyByteBufBE)
GET /session/e0fc6014a12ff0b102d89f17ac2d2b07/url HTTP/1.1
User-Agent: selenium/4.8.1 (java windows)
Cache-Control: no-cache
Content-Type: application/json; charset=utf-8
host: localhost:48655
accept: */*

Response DefaultHttpResponse(decodeResult: success, version: HTTP/1.1)
HTTP/1.1 200 OK
Content-Length: 69
Content-Type: application/json; charset=utf-8
cache-control: no-cache

14:24:52.174 [AsyncHttpClient-1-3] DEBUG org.asynchttpclient.netty.channel.ChannelManager - Adding key: http://localhost:48655 for channel [id: 0xa0f7e0ab, L:/127.0.0.1:58871 - R:localhost/127.0.0.1:48655]
14:24:52.178 [main] DEBUG net.thucydides.core.steps.StepInterceptor - STARTING STEP: Afrexim_ForgotPassword_Steps.click_submit_button_for_reset_page - Click_Submit_button_for_reset_page
14:24:52.188 [Forwarding findElement on session e0fc6014a12ff0b102d89f17ac2d2b07 to remote] DEBUG org.asynchttpclient.netty.request.NettyRequestSender - Using pooled Channel '[id: 0xa0f7e0ab, L:/127.0.0.1:58871 - R:localhost/127.0.0.1:48655]' for 'POST' to 'http://localhost:48655/session/e0fc6014a12ff0b102d89f17ac2d2b07/element'
14:24:52.188 [Forwarding findElement on session e0fc6014a12ff0b102d89f17ac2d2b07 to remote] DEBUG org.asynchttpclient.netty.request.NettyRequestSender - Using open Channel [id: 0xa0f7e0ab, L:/127.0.0.1:58871 - R:localhost/127.0.0.1:48655] for POST '/session/e0fc6014a12ff0b102d89f17ac2d2b07/element'
14:24:52.218 [AsyncHttpClient-1-3] DEBUG org.asynchttpclient.netty.handler.HttpHandler - 

Request DefaultHttpRequest(decodeResult: success, version: HTTP/1.1)
POST /session/e0fc6014a12ff0b102d89f17ac2d2b07/element HTTP/1.1
User-Agent: selenium/4.8.1 (java windows)
Content-Length: 70
Content-Type: application/json; charset=utf-8
host: localhost:48655
accept: */*

Response DefaultHttpResponse(decodeResult: success, version: HTTP/1.1)
HTTP/1.1 200 OK
Content-Length: 95
Content-Type: application/json; charset=utf-8
cache-control: no-cache

14:24:52.218 [AsyncHttpClient-1-3] DEBUG org.asynchttpclient.netty.channel.ChannelManager - Adding key: http://localhost:48655 for channel [id: 0xa0f7e0ab, L:/127.0.0.1:58871 - R:localhost/127.0.0.1:48655]
14:24:52.223 [Forwarding getElementTagName on session e0fc6014a12ff0b102d89f17ac2d2b07 to remote] DEBUG org.asynchttpclient.netty.request.NettyRequestSender - Using pooled Channel '[id: 0xa0f7e0ab, L:/127.0.0.1:58871 - R:localhost/127.0.0.1:48655]' for 'GET' to 'http://localhost:48655/session/e0fc6014a12ff0b102d89f17ac2d2b07/element/524D3D1164694CB9B9E78EAF71D687FF_element_61/name'
14:24:52.223 [Forwarding getElementTagName on session e0fc6014a12ff0b102d89f17ac2d2b07 to remote] DEBUG org.asynchttpclient.netty.request.NettyRequestSender - Using open Channel [id: 0xa0f7e0ab, L:/127.0.0.1:58871 - R:localhost/127.0.0.1:48655] for GET '/session/e0fc6014a12ff0b102d89f17ac2d2b07/element/524D3D1164694CB9B9E78EAF71D687FF_element_61/name'
14:24:52.235 [AsyncHttpClient-1-3] DEBUG org.asynchttpclient.netty.handler.HttpHandler - 

Request DefaultFullHttpRequest(decodeResult: success, version: HTTP/1.1, content: EmptyByteBufBE)
GET /session/e0fc6014a12ff0b102d89f17ac2d2b07/element/524D3D1164694CB9B9E78EAF71D687FF_element_61/name HTTP/1.1
User-Agent: selenium/4.8.1 (java windows)
Cache-Control: no-cache
Content-Type: application/json; charset=utf-8
host: localhost:48655
accept: */*

Response DefaultHttpResponse(decodeResult: success, version: HTTP/1.1)
HTTP/1.1 200 OK
Content-Length: 17
Content-Type: application/json; charset=utf-8
cache-control: no-cache

14:24:52.236 [AsyncHttpClient-1-3] DEBUG org.asynchttpclient.netty.channel.ChannelManager - Adding key: http://localhost:48655 for channel [id: 0xa0f7e0ab, L:/127.0.0.1:58871 - R:localhost/127.0.0.1:48655]
14:24:52.240 [Forwarding getElementTagName on session e0fc6014a12ff0b102d89f17ac2d2b07 to remote] DEBUG org.asynchttpclient.netty.request.NettyRequestSender - Using pooled Channel '[id: 0xa0f7e0ab, L:/127.0.0.1:58871 - R:localhost/127.0.0.1:48655]' for 'GET' to 'http://localhost:48655/session/e0fc6014a12ff0b102d89f17ac2d2b07/element/524D3D1164694CB9B9E78EAF71D687FF_element_61/name'
14:24:52.240 [Forwarding getElementTagName on session e0fc6014a12ff0b102d89f17ac2d2b07 to remote] DEBUG org.asynchttpclient.netty.request.NettyRequestSender - Using open Channel [id: 0xa0f7e0ab, L:/127.0.0.1:58871 - R:localhost/127.0.0.1:48655] for GET '/session/e0fc6014a12ff0b102d89f17ac2d2b07/element/524D3D1164694CB9B9E78EAF71D687FF_element_61/name'
14:24:52.254 [AsyncHttpClient-1-3] DEBUG org.asynchttpclient.netty.handler.HttpHandler - 

Request DefaultFullHttpRequest(decodeResult: success, version: HTTP/1.1, content: EmptyByteBufBE)
GET /session/e0fc6014a12ff0b102d89f17ac2d2b07/element/524D3D1164694CB9B9E78EAF71D687FF_element_61/name HTTP/1.1
User-Agent: selenium/4.8.1 (java windows)
Cache-Control: no-cache
Content-Type: application/json; charset=utf-8
host: localhost:48655
accept: */*

Response DefaultHttpResponse(decodeResult: success, version: HTTP/1.1)
HTTP/1.1 200 OK
Content-Length: 17
Content-Type: application/json; charset=utf-8
cache-control: no-cache

14:24:52.255 [AsyncHttpClient-1-3] DEBUG org.asynchttpclient.netty.channel.ChannelManager - Adding key: http://localhost:48655 for channel [id: 0xa0f7e0ab, L:/127.0.0.1:58871 - R:localhost/127.0.0.1:48655]
14:24:52.258 [Forwarding isElementEnabled on session e0fc6014a12ff0b102d89f17ac2d2b07 to remote] DEBUG org.asynchttpclient.netty.request.NettyRequestSender - Using pooled Channel '[id: 0xa0f7e0ab, L:/127.0.0.1:58871 - R:localhost/127.0.0.1:48655]' for 'GET' to 'http://localhost:48655/session/e0fc6014a12ff0b102d89f17ac2d2b07/element/524D3D1164694CB9B9E78EAF71D687FF_element_61/enabled'
14:24:52.258 [Forwarding isElementEnabled on session e0fc6014a12ff0b102d89f17ac2d2b07 to remote] DEBUG org.asynchttpclient.netty.request.NettyRequestSender - Using open Channel [id: 0xa0f7e0ab, L:/127.0.0.1:58871 - R:localhost/127.0.0.1:48655] for GET '/session/e0fc6014a12ff0b102d89f17ac2d2b07/element/524D3D1164694CB9B9E78EAF71D687FF_element_61/enabled'
14:24:52.276 [AsyncHttpClient-1-3] DEBUG org.asynchttpclient.netty.handler.HttpHandler - 

Request DefaultFullHttpRequest(decodeResult: success, version: HTTP/1.1, content: EmptyByteBufBE)
GET /session/e0fc6014a12ff0b102d89f17ac2d2b07/element/524D3D1164694CB9B9E78EAF71D687FF_element_61/enabled HTTP/1.1
User-Agent: selenium/4.8.1 (java windows)
Cache-Control: no-cache
Content-Type: application/json; charset=utf-8
host: localhost:48655
accept: */*

Response DefaultHttpResponse(decodeResult: success, version: HTTP/1.1)
HTTP/1.1 200 OK
Content-Length: 14
Content-Type: application/json; charset=utf-8
cache-control: no-cache

14:24:52.277 [AsyncHttpClient-1-3] DEBUG org.asynchttpclient.netty.channel.ChannelManager - Adding key: http://localhost:48655 for channel [id: 0xa0f7e0ab, L:/127.0.0.1:58871 - R:localhost/127.0.0.1:48655]
14:24:52.280 [Forwarding isElementEnabled on session e0fc6014a12ff0b102d89f17ac2d2b07 to remote] DEBUG org.asynchttpclient.netty.request.NettyRequestSender - Using pooled Channel '[id: 0xa0f7e0ab, L:/127.0.0.1:58871 - R:localhost/127.0.0.1:48655]' for 'GET' to 'http://localhost:48655/session/e0fc6014a12ff0b102d89f17ac2d2b07/element/524D3D1164694CB9B9E78EAF71D687FF_element_61/enabled'
14:24:52.280 [Forwarding isElementEnabled on session e0fc6014a12ff0b102d89f17ac2d2b07 to remote] DEBUG org.asynchttpclient.netty.request.NettyRequestSender - Using open Channel [id: 0xa0f7e0ab, L:/127.0.0.1:58871 - R:localhost/127.0.0.1:48655] for GET '/session/e0fc6014a12ff0b102d89f17ac2d2b07/element/524D3D1164694CB9B9E78EAF71D687FF_element_61/enabled'
14:24:52.294 [AsyncHttpClient-1-1] DEBUG org.asynchttpclient.netty.channel.DefaultChannelPool - Entry count for : http://localhost:58872 : 1
14:24:52.298 [AsyncHttpClient-1-3] DEBUG org.asynchttpclient.netty.handler.HttpHandler - 

Request DefaultFullHttpRequest(decodeResult: success, version: HTTP/1.1, content: EmptyByteBufBE)
GET /session/e0fc6014a12ff0b102d89f17ac2d2b07/element/524D3D1164694CB9B9E78EAF71D687FF_element_61/enabled HTTP/1.1
User-Agent: selenium/4.8.1 (java windows)
Cache-Control: no-cache
Content-Type: application/json; charset=utf-8
host: localhost:48655
accept: */*

Response DefaultHttpResponse(decodeResult: success, version: HTTP/1.1)
HTTP/1.1 200 OK
Content-Length: 14
Content-Type: application/json; charset=utf-8
cache-control: no-cache

14:24:52.299 [AsyncHttpClient-1-3] DEBUG org.asynchttpclient.netty.channel.ChannelManager - Adding key: http://localhost:48655 for channel [id: 0xa0f7e0ab, L:/127.0.0.1:58871 - R:localhost/127.0.0.1:48655]
14:24:52.302 [Forwarding findElement on session e0fc6014a12ff0b102d89f17ac2d2b07 to remote] DEBUG org.asynchttpclient.netty.request.NettyRequestSender - Using pooled Channel '[id: 0xa0f7e0ab, L:/127.0.0.1:58871 - R:localhost/127.0.0.1:48655]' for 'POST' to 'http://localhost:48655/session/e0fc6014a12ff0b102d89f17ac2d2b07/element'
14:24:52.302 [Forwarding findElement on session e0fc6014a12ff0b102d89f17ac2d2b07 to remote] DEBUG org.asynchttpclient.netty.request.NettyRequestSender - Using open Channel [id: 0xa0f7e0ab, L:/127.0.0.1:58871 - R:localhost/127.0.0.1:48655] for POST '/session/e0fc6014a12ff0b102d89f17ac2d2b07/element'
14:24:52.317 [AsyncHttpClient-1-3] DEBUG org.asynchttpclient.netty.handler.HttpHandler - 

Request DefaultHttpRequest(decodeResult: success, version: HTTP/1.1)
POST /session/e0fc6014a12ff0b102d89f17ac2d2b07/element HTTP/1.1
User-Agent: selenium/4.8.1 (java windows)
Content-Length: 70
Content-Type: application/json; charset=utf-8
host: localhost:48655
accept: */*

Response DefaultHttpResponse(decodeResult: success, version: HTTP/1.1)
HTTP/1.1 200 OK
Content-Length: 95
Content-Type: application/json; charset=utf-8
cache-control: no-cache

14:24:52.318 [AsyncHttpClient-1-3] DEBUG org.asynchttpclient.netty.channel.ChannelManager - Adding key: http://localhost:48655 for channel [id: 0xa0f7e0ab, L:/127.0.0.1:58871 - R:localhost/127.0.0.1:48655]
14:24:52.320 [Forwarding clickElement on session e0fc6014a12ff0b102d89f17ac2d2b07 to remote] DEBUG org.asynchttpclient.netty.request.NettyRequestSender - Using pooled Channel '[id: 0xa0f7e0ab, L:/127.0.0.1:58871 - R:localhost/127.0.0.1:48655]' for 'POST' to 'http://localhost:48655/session/e0fc6014a12ff0b102d89f17ac2d2b07/element/524D3D1164694CB9B9E78EAF71D687FF_element_61/click'
14:24:52.320 [Forwarding clickElement on session e0fc6014a12ff0b102d89f17ac2d2b07 to remote] DEBUG org.asynchttpclient.netty.request.NettyRequestSender - Using open Channel [id: 0xa0f7e0ab, L:/127.0.0.1:58871 - R:localhost/127.0.0.1:48655] for POST '/session/e0fc6014a12ff0b102d89f17ac2d2b07/element/524D3D1164694CB9B9E78EAF71D687FF_element_61/click'
14:24:52.484 [AsyncHttpClient-1-3] DEBUG org.asynchttpclient.netty.handler.HttpHandler - 

Request DefaultHttpRequest(decodeResult: success, version: HTTP/1.1)
POST /session/e0fc6014a12ff0b102d89f17ac2d2b07/element/524D3D1164694CB9B9E78EAF71D687FF_element_61/click HTTP/1.1
User-Agent: selenium/4.8.1 (java windows)
Content-Length: 57
Content-Type: application/json; charset=utf-8
host: localhost:48655
accept: */*

Response DefaultHttpResponse(decodeResult: success, version: HTTP/1.1)
HTTP/1.1 200 OK
Content-Length: 14
Content-Type: application/json; charset=utf-8
cache-control: no-cache

14:24:52.484 [AsyncHttpClient-1-3] DEBUG org.asynchttpclient.netty.channel.ChannelManager - Adding key: http://localhost:48655 for channel [id: 0xa0f7e0ab, L:/127.0.0.1:58871 - R:localhost/127.0.0.1:48655]
14:24:52.515 [Forwarding getAlertText on session e0fc6014a12ff0b102d89f17ac2d2b07 to remote] DEBUG org.asynchttpclient.netty.request.NettyRequestSender - Using pooled Channel '[id: 0xa0f7e0ab, L:/127.0.0.1:58871 - R:localhost/127.0.0.1:48655]' for 'GET' to 'http://localhost:48655/session/e0fc6014a12ff0b102d89f17ac2d2b07/alert/text'
14:24:52.515 [Forwarding getAlertText on session e0fc6014a12ff0b102d89f17ac2d2b07 to remote] DEBUG org.asynchttpclient.netty.request.NettyRequestSender - Using open Channel [id: 0xa0f7e0ab, L:/127.0.0.1:58871 - R:localhost/127.0.0.1:48655] for GET '/session/e0fc6014a12ff0b102d89f17ac2d2b07/alert/text'
14:24:52.533 [AsyncHttpClient-1-3] DEBUG org.asynchttpclient.netty.handler.HttpHandler - 

Request DefaultFullHttpRequest(decodeResult: success, version: HTTP/1.1, content: EmptyByteBufBE)
GET /session/e0fc6014a12ff0b102d89f17ac2d2b07/alert/text HTTP/1.1
User-Agent: selenium/4.8.1 (java windows)
Cache-Control: no-cache
Content-Type: application/json; charset=utf-8
host: localhost:48655
accept: */*

Response DefaultHttpResponse(decodeResult: success, version: HTTP/1.1)
HTTP/1.1 404 Not Found
Content-Length: 821
Content-Type: application/json; charset=utf-8
cache-control: no-cache

14:24:52.533 [AsyncHttpClient-1-3] DEBUG org.asynchttpclient.netty.channel.ChannelManager - Adding key: http://localhost:48655 for channel [id: 0xa0f7e0ab, L:/127.0.0.1:58871 - R:localhost/127.0.0.1:48655]
14:24:52.535 [Forwarding getCurrentUrl on session e0fc6014a12ff0b102d89f17ac2d2b07 to remote] DEBUG org.asynchttpclient.netty.request.NettyRequestSender - Using pooled Channel '[id: 0xa0f7e0ab, L:/127.0.0.1:58871 - R:localhost/127.0.0.1:48655]' for 'GET' to 'http://localhost:48655/session/e0fc6014a12ff0b102d89f17ac2d2b07/url'
14:24:52.535 [Forwarding getCurrentUrl on session e0fc6014a12ff0b102d89f17ac2d2b07 to remote] DEBUG org.asynchttpclient.netty.request.NettyRequestSender - Using open Channel [id: 0xa0f7e0ab, L:/127.0.0.1:58871 - R:localhost/127.0.0.1:48655] for GET '/session/e0fc6014a12ff0b102d89f17ac2d2b07/url'
14:24:52.564 [AsyncHttpClient-1-3] DEBUG org.asynchttpclient.netty.handler.HttpHandler - 

Request DefaultFullHttpRequest(decodeResult: success, version: HTTP/1.1, content: EmptyByteBufBE)
GET /session/e0fc6014a12ff0b102d89f17ac2d2b07/url HTTP/1.1
User-Agent: selenium/4.8.1 (java windows)
Cache-Control: no-cache
Content-Type: application/json; charset=utf-8
host: localhost:48655
accept: */*

Response DefaultHttpResponse(decodeResult: success, version: HTTP/1.1)
HTTP/1.1 200 OK
Content-Length: 69
Content-Type: application/json; charset=utf-8
cache-control: no-cache

14:24:52.564 [AsyncHttpClient-1-3] DEBUG org.asynchttpclient.netty.channel.ChannelManager - Adding key: http://localhost:48655 for channel [id: 0xa0f7e0ab, L:/127.0.0.1:58871 - R:localhost/127.0.0.1:48655]
14:24:52.567 [Forwarding screenshot on session e0fc6014a12ff0b102d89f17ac2d2b07 to remote] DEBUG org.asynchttpclient.netty.request.NettyRequestSender - Using pooled Channel '[id: 0xa0f7e0ab, L:/127.0.0.1:58871 - R:localhost/127.0.0.1:48655]' for 'GET' to 'http://localhost:48655/session/e0fc6014a12ff0b102d89f17ac2d2b07/screenshot'
14:24:52.567 [Forwarding screenshot on session e0fc6014a12ff0b102d89f17ac2d2b07 to remote] DEBUG org.asynchttpclient.netty.request.NettyRequestSender - Using open Channel [id: 0xa0f7e0ab, L:/127.0.0.1:58871 - R:localhost/127.0.0.1:48655] for GET '/session/e0fc6014a12ff0b102d89f17ac2d2b07/screenshot'
14:24:52.983 [AsyncHttpClient-1-3] DEBUG org.asynchttpclient.netty.handler.HttpHandler - 

Request DefaultFullHttpRequest(decodeResult: success, version: HTTP/1.1, content: EmptyByteBufBE)
GET /session/e0fc6014a12ff0b102d89f17ac2d2b07/screenshot HTTP/1.1
User-Agent: selenium/4.8.1 (java windows)
Cache-Control: no-cache
Content-Type: application/json; charset=utf-8
host: localhost:48655
accept: */*

Response DefaultHttpResponse(decodeResult: success, version: HTTP/1.1)
HTTP/1.1 200 OK
Content-Length: 40536
Content-Type: application/json; charset=utf-8
cache-control: no-cache

14:24:52.983 [AsyncHttpClient-1-3] DEBUG org.asynchttpclient.netty.channel.ChannelManager - Adding key: http://localhost:48655 for channel [id: 0xa0f7e0ab, L:/127.0.0.1:58871 - R:localhost/127.0.0.1:48655]
14:24:52.992 [main] DEBUG net.serenitybdd.core.photography.Darkroom - Send negative for processing for target\site\serenity\ca7b41ff1f6e4fdef98798fdb1fe86921b222502efd472cbcac75463c9ed03e5.png
14:24:52.992 [main] DEBUG net.thucydides.core.steps.StepInterceptor - STEP DONE: Click_Submit_button_for_reset_page
14:24:52.992 [Darkroom Processing Line] DEBUG net.serenitybdd.core.photography.DarkroomProcessingLine - Processing screenshot image in /var/screenshots/screenshot-4204301670667349484
14:24:52.992 [Darkroom Processing Line] DEBUG net.serenitybdd.core.photography.DarkroomProcessingLine - Saving screenshot to target\site\serenity\ca7b41ff1f6e4fdef98798fdb1fe86921b222502efd472cbcac75463c9ed03e5.png
14:24:53.012 [Forwarding getPageSource on session e0fc6014a12ff0b102d89f17ac2d2b07 to remote] DEBUG org.asynchttpclient.netty.request.NettyRequestSender - Using pooled Channel '[id: 0xa0f7e0ab, L:/127.0.0.1:58871 - R:localhost/127.0.0.1:48655]' for 'POST' to 'http://localhost:48655/session/e0fc6014a12ff0b102d89f17ac2d2b07/execute/sync'
14:24:53.012 [Forwarding getPageSource on session e0fc6014a12ff0b102d89f17ac2d2b07 to remote] DEBUG org.asynchttpclient.netty.request.NettyRequestSender - Using open Channel [id: 0xa0f7e0ab, L:/127.0.0.1:58871 - R:localhost/127.0.0.1:48655] for POST '/session/e0fc6014a12ff0b102d89f17ac2d2b07/execute/sync'
14:24:53.076 [AsyncHttpClient-1-3] DEBUG org.asynchttpclient.netty.handler.HttpHandler - 

Request DefaultHttpRequest(decodeResult: success, version: HTTP/1.1)
POST /session/e0fc6014a12ff0b102d89f17ac2d2b07/execute/sync HTTP/1.1
User-Agent: selenium/4.8.1 (java windows)
Content-Length: 176
Content-Type: application/json; charset=utf-8
host: localhost:48655
accept: */*

Response DefaultHttpResponse(decodeResult: success, version: HTTP/1.1)
HTTP/1.1 200 OK
Content-Length: 5805
Content-Type: application/json; charset=utf-8
cache-control: no-cache

14:24:53.076 [AsyncHttpClient-1-3] DEBUG org.asynchttpclient.netty.channel.ChannelManager - Adding key: http://localhost:48655 for channel [id: 0xa0f7e0ab, L:/127.0.0.1:58871 - R:localhost/127.0.0.1:48655]
14:24:53.085 [Forwarding getCurrentUrl on session e0fc6014a12ff0b102d89f17ac2d2b07 to remote] DEBUG org.asynchttpclient.netty.request.NettyRequestSender - Using pooled Channel '[id: 0xa0f7e0ab, L:/127.0.0.1:58871 - R:localhost/127.0.0.1:48655]' for 'GET' to 'http://localhost:48655/session/e0fc6014a12ff0b102d89f17ac2d2b07/url'
14:24:53.085 [Forwarding getCurrentUrl on session e0fc6014a12ff0b102d89f17ac2d2b07 to remote] DEBUG org.asynchttpclient.netty.request.NettyRequestSender - Using open Channel [id: 0xa0f7e0ab, L:/127.0.0.1:58871 - R:localhost/127.0.0.1:48655] for GET '/session/e0fc6014a12ff0b102d89f17ac2d2b07/url'
14:24:53.111 [AsyncHttpClient-1-3] DEBUG org.asynchttpclient.netty.handler.HttpHandler - 

Request DefaultFullHttpRequest(decodeResult: success, version: HTTP/1.1, content: EmptyByteBufBE)
GET /session/e0fc6014a12ff0b102d89f17ac2d2b07/url HTTP/1.1
User-Agent: selenium/4.8.1 (java windows)
Cache-Control: no-cache
Content-Type: application/json; charset=utf-8
host: localhost:48655
accept: */*

Response DefaultHttpResponse(decodeResult: success, version: HTTP/1.1)
HTTP/1.1 200 OK
Content-Length: 69
Content-Type: application/json; charset=utf-8
cache-control: no-cache

14:24:53.111 [AsyncHttpClient-1-3] DEBUG org.asynchttpclient.netty.channel.ChannelManager - Adding key: http://localhost:48655 for channel [id: 0xa0f7e0ab, L:/127.0.0.1:58871 - R:localhost/127.0.0.1:48655]
14:24:53.133 [Forwarding getAlertText on session e0fc6014a12ff0b102d89f17ac2d2b07 to remote] DEBUG org.asynchttpclient.netty.request.NettyRequestSender - Using pooled Channel '[id: 0xa0f7e0ab, L:/127.0.0.1:58871 - R:localhost/127.0.0.1:48655]' for 'GET' to 'http://localhost:48655/session/e0fc6014a12ff0b102d89f17ac2d2b07/alert/text'
14:24:53.133 [Forwarding getAlertText on session e0fc6014a12ff0b102d89f17ac2d2b07 to remote] DEBUG org.asynchttpclient.netty.request.NettyRequestSender - Using open Channel [id: 0xa0f7e0ab, L:/127.0.0.1:58871 - R:localhost/127.0.0.1:48655] for GET '/session/e0fc6014a12ff0b102d89f17ac2d2b07/alert/text'
14:24:53.138 [AsyncHttpClient-1-3] DEBUG org.asynchttpclient.netty.handler.HttpHandler - 

Request DefaultFullHttpRequest(decodeResult: success, version: HTTP/1.1, content: EmptyByteBufBE)
GET /session/e0fc6014a12ff0b102d89f17ac2d2b07/alert/text HTTP/1.1
User-Agent: selenium/4.8.1 (java windows)
Cache-Control: no-cache
Content-Type: application/json; charset=utf-8
host: localhost:48655
accept: */*

Response DefaultHttpResponse(decodeResult: success, version: HTTP/1.1)
HTTP/1.1 404 Not Found
Content-Length: 821
Content-Type: application/json; charset=utf-8
cache-control: no-cache

14:24:53.138 [AsyncHttpClient-1-3] DEBUG org.asynchttpclient.netty.channel.ChannelManager - Adding key: http://localhost:48655 for channel [id: 0xa0f7e0ab, L:/127.0.0.1:58871 - R:localhost/127.0.0.1:48655]
14:24:53.140 [Forwarding getCurrentUrl on session e0fc6014a12ff0b102d89f17ac2d2b07 to remote] DEBUG org.asynchttpclient.netty.request.NettyRequestSender - Using pooled Channel '[id: 0xa0f7e0ab, L:/127.0.0.1:58871 - R:localhost/127.0.0.1:48655]' for 'GET' to 'http://localhost:48655/session/e0fc6014a12ff0b102d89f17ac2d2b07/url'
14:24:53.140 [Forwarding getCurrentUrl on session e0fc6014a12ff0b102d89f17ac2d2b07 to remote] DEBUG org.asynchttpclient.netty.request.NettyRequestSender - Using open Channel [id: 0xa0f7e0ab, L:/127.0.0.1:58871 - R:localhost/127.0.0.1:48655] for GET '/session/e0fc6014a12ff0b102d89f17ac2d2b07/url'
14:24:53.153 [AsyncHttpClient-1-3] DEBUG org.asynchttpclient.netty.handler.HttpHandler - 

Request DefaultFullHttpRequest(decodeResult: success, version: HTTP/1.1, content: EmptyByteBufBE)
GET /session/e0fc6014a12ff0b102d89f17ac2d2b07/url HTTP/1.1
User-Agent: selenium/4.8.1 (java windows)
Cache-Control: no-cache
Content-Type: application/json; charset=utf-8
host: localhost:48655
accept: */*

Response DefaultHttpResponse(decodeResult: success, version: HTTP/1.1)
HTTP/1.1 200 OK
Content-Length: 69
Content-Type: application/json; charset=utf-8
cache-control: no-cache

14:24:53.153 [AsyncHttpClient-1-3] DEBUG org.asynchttpclient.netty.channel.ChannelManager - Adding key: http://localhost:48655 for channel [id: 0xa0f7e0ab, L:/127.0.0.1:58871 - R:localhost/127.0.0.1:48655]
14:24:53.153 [Forwarding screenshot on session e0fc6014a12ff0b102d89f17ac2d2b07 to remote] DEBUG org.asynchttpclient.netty.request.NettyRequestSender - Using pooled Channel '[id: 0xa0f7e0ab, L:/127.0.0.1:58871 - R:localhost/127.0.0.1:48655]' for 'GET' to 'http://localhost:48655/session/e0fc6014a12ff0b102d89f17ac2d2b07/screenshot'
14:24:53.153 [Forwarding screenshot on session e0fc6014a12ff0b102d89f17ac2d2b07 to remote] DEBUG org.asynchttpclient.netty.request.NettyRequestSender - Using open Channel [id: 0xa0f7e0ab, L:/127.0.0.1:58871 - R:localhost/127.0.0.1:48655] for GET '/session/e0fc6014a12ff0b102d89f17ac2d2b07/screenshot'
14:24:53.388 [AsyncHttpClient-1-1] DEBUG org.asynchttpclient.netty.channel.DefaultChannelPool - Entry count for : http://localhost:58872 : 1
14:24:53.420 [AsyncHttpClient-1-3] DEBUG org.asynchttpclient.netty.handler.HttpHandler - 

Request DefaultFullHttpRequest(decodeResult: success, version: HTTP/1.1, content: EmptyByteBufBE)
GET /session/e0fc6014a12ff0b102d89f17ac2d2b07/screenshot HTTP/1.1
User-Agent: selenium/4.8.1 (java windows)
Cache-Control: no-cache
Content-Type: application/json; charset=utf-8
host: localhost:48655
accept: */*

Response DefaultHttpResponse(decodeResult: success, version: HTTP/1.1)
HTTP/1.1 200 OK
Content-Length: 55152
Content-Type: application/json; charset=utf-8
cache-control: no-cache

14:24:53.426 [AsyncHttpClient-1-3] DEBUG org.asynchttpclient.netty.channel.ChannelManager - Adding key: http://localhost:48655 for channel [id: 0xa0f7e0ab, L:/127.0.0.1:58871 - R:localhost/127.0.0.1:48655]
14:24:53.431 [main] DEBUG net.serenitybdd.core.photography.Darkroom - Send negative for processing for target\site\serenity\2c0d14c5a59984e6f5578e79e6a4ff9b5765ef57c4a3df401bfab5ced0819e67.png
14:24:53.431 [Darkroom Processing Line] DEBUG net.serenitybdd.core.photography.DarkroomProcessingLine - Processing screenshot image in /var/screenshots/screenshot-8480617592986476508
14:24:53.431 [Darkroom Processing Line] DEBUG net.serenitybdd.core.photography.DarkroomProcessingLine - Saving screenshot to target\site\serenity\2c0d14c5a59984e6f5578e79e6a4ff9b5765ef57c4a3df401bfab5ced0819e67.png
14:24:53.440 [AsyncHttpClient-1-5] DEBUG org.asynchttpclient.netty.handler.WebSocketHandler - Channel Closed: [id: 0xe8f2a428, L:/127.0.0.1:58880 ! R:localhost/127.0.0.1:58872] with attribute NettyResponseFuture{currentRetry=0,
	isDone=1,
	isCancelled=0,
	asyncHandler=org.asynchttpclient.ws.WebSocketUpgradeHandler@4bfa11fd,
	nettyRequest=org.asynchttpclient.netty.request.NettyRequest@67379a1d,
	future=java.util.concurrent.CompletableFuture@11eb2451[Completed normally],
	uri=ws://localhost:58872/devtools/browser/2b4b7e33-b7e8-4e86-82ad-a2d0d84121a0,
	keepAlive=true,
	redirectCount=0,
	timeoutsHolder=null,
	inAuth=0,
	touch=1689756878812}
14:24:53.440 [AsyncHttpClient-1-5] DEBUG org.asynchttpclient.netty.channel.ChannelManager - Closing Channel [id: 0xe8f2a428, L:/127.0.0.1:58880 ! R:localhost/127.0.0.1:58872] 
14:24:53.440 [Driver Command Executor] DEBUG org.asynchttpclient.netty.request.NettyRequestSender - Using pooled Channel '[id: 0xa0f7e0ab, L:/127.0.0.1:58871 - R:localhost/127.0.0.1:48655]' for 'DELETE' to 'http://localhost:48655/session/e0fc6014a12ff0b102d89f17ac2d2b07'
14:24:53.440 [Driver Command Executor] DEBUG org.asynchttpclient.netty.request.NettyRequestSender - Using open Channel [id: 0xa0f7e0ab, L:/127.0.0.1:58871 - R:localhost/127.0.0.1:48655] for DELETE '/session/e0fc6014a12ff0b102d89f17ac2d2b07'
14:24:53.708 [AsyncHttpClient-1-4] DEBUG org.asynchttpclient.netty.handler.HttpHandler - Unexpected I/O exception on channel [id: 0xdfae4dd8, L:/127.0.0.1:58879 - R:localhost/127.0.0.1:58872]
java.io.IOException: An existing connection was forcibly closed by the remote host
	at sun.nio.ch.SocketDispatcher.read0(Native Method)
	at sun.nio.ch.SocketDispatcher.read(SocketDispatcher.java:43)
	at sun.nio.ch.IOUtil.readIntoNativeBuffer(IOUtil.java:223)
	at sun.nio.ch.IOUtil.read(IOUtil.java:192)
	at sun.nio.ch.SocketChannelImpl.read(SocketChannelImpl.java:380)
	at io.netty.buffer.PooledByteBuf.setBytes(PooledByteBuf.java:259)
	at io.netty.buffer.AbstractByteBuf.writeBytes(AbstractByteBuf.java:1132)
	at io.netty.channel.socket.nio.NioSocketChannel.doReadBytes(NioSocketChannel.java:357)
	at io.netty.channel.nio.AbstractNioByteChannel$NioByteUnsafe.read(AbstractNioByteChannel.java:151)
	at io.netty.channel.nio.NioEventLoop.processSelectedKey(NioEventLoop.java:788)
	at io.netty.channel.nio.NioEventLoop.processSelectedKeysOptimized(NioEventLoop.java:724)
	at io.netty.channel.nio.NioEventLoop.processSelectedKeys(NioEventLoop.java:650)
	at io.netty.channel.nio.NioEventLoop.run(NioEventLoop.java:562)
	at io.netty.util.concurrent.SingleThreadEventExecutor$4.run(SingleThreadEventExecutor.java:997)
	at io.netty.util.internal.ThreadExecutorMap$2.run(ThreadExecutorMap.java:74)
	at io.netty.util.concurrent.FastThreadLocalRunnable.run(FastThreadLocalRunnable.java:30)
	at java.lang.Thread.run(Thread.java:748)
14:24:53.708 [AsyncHttpClient-1-4] DEBUG org.asynchttpclient.netty.channel.ChannelManager - Closing Channel [id: 0xdfae4dd8, L:/127.0.0.1:58879 - R:localhost/127.0.0.1:58872] 
14:24:53.708 [AsyncHttpClient-1-4] DEBUG org.asynchttpclient.netty.handler.HttpHandler - Channel Closed: [id: 0xdfae4dd8, L:/127.0.0.1:58879 ! R:localhost/127.0.0.1:58872] with attribute DISCARD
14:24:53.793 [AsyncHttpClient-1-3] DEBUG org.asynchttpclient.netty.handler.HttpHandler - 

Request DefaultFullHttpRequest(decodeResult: success, version: HTTP/1.1, content: EmptyByteBufBE)
DELETE /session/e0fc6014a12ff0b102d89f17ac2d2b07 HTTP/1.1
User-Agent: selenium/4.8.1 (java windows)
Content-Type: application/json; charset=utf-8
host: localhost:48655
accept: */*

Response DefaultHttpResponse(decodeResult: success, version: HTTP/1.1)
HTTP/1.1 200 OK
Content-Length: 14
Content-Type: application/json; charset=utf-8
cache-control: no-cache

14:24:53.793 [AsyncHttpClient-1-3] DEBUG org.asynchttpclient.netty.channel.ChannelManager - Adding key: http://localhost:48655 for channel [id: 0xa0f7e0ab, L:/127.0.0.1:58871 - R:localhost/127.0.0.1:48655]
14:24:54.114 [AsyncHttpClient-1-3] DEBUG org.asynchttpclient.netty.handler.HttpHandler - Channel Closed: [id: 0xa0f7e0ab, L:/127.0.0.1:58871 ! R:localhost/127.0.0.1:48655] with attribute DISCARD
14:24:54.503 [AsyncHttpClient-1-1] DEBUG org.asynchttpclient.netty.channel.DefaultChannelPool - Entry count for : http://localhost:58872 : 1
14:24:54.503 [AsyncHttpClient-1-1] DEBUG org.asynchttpclient.netty.channel.DefaultChannelPool - Entry count for : http://localhost:48655 : 1
14:24:54.503 [AsyncHttpClient-1-1] DEBUG org.asynchttpclient.netty.channel.DefaultChannelPool - Adding Candidate expired Channel [id: 0xdfae4dd8, L:/127.0.0.1:58879 ! R:localhost/127.0.0.1:58872] isIdleTimeoutExpired=false isRemotelyClosed=true isTtlExpired=false
14:24:54.503 [AsyncHttpClient-1-1] DEBUG org.asynchttpclient.netty.channel.DefaultChannelPool - Closing Idle Channel [id: 0xdfae4dd8, L:/127.0.0.1:58879 ! R:localhost/127.0.0.1:58872]
14:24:54.503 [AsyncHttpClient-1-1] DEBUG org.asynchttpclient.netty.channel.DefaultChannelPool - Adding Candidate expired Channel [id: 0xa0f7e0ab, L:/127.0.0.1:58871 ! R:localhost/127.0.0.1:48655] isIdleTimeoutExpired=false isRemotelyClosed=true isTtlExpired=false
14:24:54.503 [AsyncHttpClient-1-1] DEBUG org.asynchttpclient.netty.channel.DefaultChannelPool - Closing Idle Channel [id: 0xa0f7e0ab, L:/127.0.0.1:58871 ! R:localhost/127.0.0.1:48655]
14:24:54.503 [AsyncHttpClient-1-1] DEBUG org.asynchttpclient.netty.channel.DefaultChannelPool - Closed 2 connections out of 2 in 0 ms
]]></system-out>
    <system-err><![CDATA[Starting ChromeDriver 114.0.5735.90 (386bc09e8f4f2e025eddae123f36f6263096ae49-refs/branch-heads/5735@{#1052}) on port 48655
Only local connections are allowed.
Please see https://chromedriver.chromium.org/security-considerations for suggestions on keeping ChromeDriver safe.
ChromeDriver was started successfully.
Jul 19, 2023 2:24:38 PM org.openqa.selenium.devtools.CdpVersionFinder findNearestMatch
WARNING: Unable to find an exact match for CDP version 114, so returning the closest version found: 110
]]></system-err>
  </testcase>
  <testcase name="To validate the About Us functionality" classname="To Test the Our Bank Option in the home page" time="37.026">
    <system-out><![CDATA[14:24:54.658 [main] DEBUG io.cucumber.core.plugin.SerenityReporter - Running feature from file:///C:/Users/hp/eclipse-workspace/AfreximBank_SerenityBDD_Framework/src/test/resources/Afrexim_features/Afrexim_Our_Bank.feature
14:24:54.658 [main] WARN io.cucumber.core.plugin.SerenityReporter - Feature from file:///C:/Users/hp/eclipse-workspace/AfreximBank_SerenityBDD_Framework/src/test/resources/Afrexim_features/Afrexim_Our_Bank.feature is not under the 'features' directory. Requirements report will not be correctly generated!
14:24:54.665 [main] DEBUG net.thucydides.core.steps.StepEventBus - Test suite started for story net.thucydides.core.model.Story@24319af2
14:24:54.674 [main] INFO  - Test Suite Started: To Test the Our Bank Option in the home page
14:24:54.700 [main] DEBUG io.cucumber.core.plugin.SerenityReporter - Running feature from file:///C:/Users/hp/eclipse-workspace/AfreximBank_SerenityBDD_Framework/src/test/resources/Afrexim_features/Afrexim_Our_Bank.feature
14:24:54.700 [main] WARN io.cucumber.core.plugin.SerenityReporter - Feature from file:///C:/Users/hp/eclipse-workspace/AfreximBank_SerenityBDD_Framework/src/test/resources/Afrexim_features/Afrexim_Our_Bank.feature is not under the 'features' directory. Requirements report will not be correctly generated!
14:24:54.711 [main] INFO  - 
  _____   ___   ___   _____     ___   _____     _     ___   _____   ___   ___  
 |_   _| | __| / __| |_   _|   / __| |_   _|   /_\   | _ \ |_   _| | __| |   \ 
   | |   | _|  \__ \   | |     \__ \   | |    / _ \  |   /   | |   | _|  | |) |
   |_|   |___| |___/   |_|     |___/   |_|   /_/ \_\ |_|_\   |_|   |___| |___/ 

To validate the About Us functionality(to-test-the-our-bank-option-in-the-home-page;to-validate-the-about-us-functionality)
--------------------------------------------------------------------------------
14:24:54.908 [main] INFO net.serenitybdd.core.webdriver.driverproviders.ChromeDriverProvider - Starting Chrome driver instance with capabilities:
14:24:54.908 [main] INFO net.serenitybdd.core.webdriver.driverproviders.ChromeDriverProvider - Capabilities {acceptInsecureCerts: false, browserName: chrome, goog:chromeOptions: {args: [remote-allow-origins=*], extensions: []}}
14:24:55.991 [AsyncHttpClient-1-6] DEBUG org.asynchttpclient.netty.channel.NettyConnectListener - Using new Channel '[id: 0x0663f76b, L:/127.0.0.1:58914 - R:localhost/127.0.0.1:30612]' for 'POST' to '/session'
14:24:58.006 [AsyncHttpClient-1-6] DEBUG org.asynchttpclient.netty.handler.HttpHandler - 

Request DefaultHttpRequest(decodeResult: success, version: HTTP/1.1)
POST /session HTTP/1.1
User-Agent: selenium/4.8.1 (java windows)
Content-Length: 507
Content-Type: application/json; charset=utf-8
host: localhost:30612
accept: */*

Response DefaultHttpResponse(decodeResult: success, version: HTTP/1.1)
HTTP/1.1 200 OK
Content-Length: 856
Content-Type: application/json; charset=utf-8
cache-control: no-cache

14:24:58.006 [AsyncHttpClient-1-6] DEBUG org.asynchttpclient.netty.channel.ChannelManager - Adding key: http://localhost:30612 for channel [id: 0x0663f76b, L:/127.0.0.1:58914 - R:localhost/127.0.0.1:30612]
14:24:58.082 [AsyncHttpClient-1-7] DEBUG org.asynchttpclient.netty.channel.NettyConnectListener - Using new Channel '[id: 0x211ea78e, L:/127.0.0.1:58922 - R:localhost/127.0.0.1:58915]' for 'GET' to '/json/version'
14:24:58.082 [AsyncHttpClient-1-7] DEBUG org.asynchttpclient.netty.handler.HttpHandler - 

Request DefaultFullHttpRequest(decodeResult: success, version: HTTP/1.1, content: EmptyByteBufBE)
GET /json/version HTTP/1.1
User-Agent: selenium/4.8.1 (java windows)
host: localhost:58915
accept: */*

Response DefaultHttpResponse(decodeResult: success, version: HTTP/1.1)
HTTP/1.1 200 OK
Content-Security-Policy: frame-ancestors 'none'
Content-Length: 424
Content-Type: application/json; charset=UTF-8

14:24:58.082 [AsyncHttpClient-1-7] DEBUG org.asynchttpclient.netty.channel.ChannelManager - Adding key: http://localhost:58915 for channel [id: 0x211ea78e, L:/127.0.0.1:58922 - R:localhost/127.0.0.1:58915]
14:24:58.092 [AsyncHttpClient-1-8] DEBUG org.asynchttpclient.netty.channel.NettyConnectListener - Using new Channel '[id: 0x959db1bb, L:/127.0.0.1:58923 - R:localhost/127.0.0.1:58915]' for 'GET' to '/devtools/browser/d4f7c9a2-b191-4357-a0d3-58db65bf8c70'
14:24:58.092 [AsyncHttpClient-1-8] DEBUG org.asynchttpclient.netty.handler.WebSocketHandler - 

Request DefaultFullHttpRequest(decodeResult: success, version: HTTP/1.1, content: EmptyByteBufBE)
GET /devtools/browser/d4f7c9a2-b191-4357-a0d3-58db65bf8c70 HTTP/1.1
upgrade: websocket
connection: upgrade
sec-websocket-key: QiQpTf0wNKlHZy7LZANEqQ==
sec-websocket-version: 13
origin: http://localhost:58915
host: localhost:58915
accept: */*
user-agent: AHC/2.1

Response DefaultHttpResponse(decodeResult: success, version: HTTP/1.1)
HTTP/1.1 101 WebSocket Protocol Handshake
Upgrade: WebSocket
Connection: Upgrade
Sec-WebSocket-Accept: q46HrYQXGXRRR9UnqhfJT3tJxJQ=

14:24:58.109 [Forwarding get on session 8855b7618225790445c12bc5fe03be7c to remote] DEBUG org.asynchttpclient.netty.request.NettyRequestSender - Using pooled Channel '[id: 0x0663f76b, L:/127.0.0.1:58914 - R:localhost/127.0.0.1:30612]' for 'POST' to 'http://localhost:30612/session/8855b7618225790445c12bc5fe03be7c/url'
14:24:58.109 [Forwarding get on session 8855b7618225790445c12bc5fe03be7c to remote] DEBUG org.asynchttpclient.netty.request.NettyRequestSender - Using open Channel [id: 0x0663f76b, L:/127.0.0.1:58914 - R:localhost/127.0.0.1:30612] for POST '/session/8855b7618225790445c12bc5fe03be7c/url'
14:24:59.041 [AsyncHttpClient-1-1] DEBUG org.asynchttpclient.netty.channel.DefaultChannelPool - Entry count for : http://localhost:58915 : 1
14:25:00.088 [AsyncHttpClient-1-1] DEBUG org.asynchttpclient.netty.channel.DefaultChannelPool - Entry count for : http://localhost:58915 : 1
14:25:01.207 [AsyncHttpClient-1-1] DEBUG org.asynchttpclient.netty.channel.DefaultChannelPool - Entry count for : http://localhost:58915 : 1
14:25:02.296 [AsyncHttpClient-1-1] DEBUG org.asynchttpclient.netty.channel.DefaultChannelPool - Entry count for : http://localhost:58915 : 1
14:25:03.394 [AsyncHttpClient-1-1] DEBUG org.asynchttpclient.netty.channel.DefaultChannelPool - Entry count for : http://localhost:58915 : 1
14:25:04.397 [AsyncHttpClient-1-6] DEBUG org.asynchttpclient.netty.handler.HttpHandler - 

Request DefaultHttpRequest(decodeResult: success, version: HTTP/1.1)
POST /session/8855b7618225790445c12bc5fe03be7c/url HTTP/1.1
User-Agent: selenium/4.8.1 (java windows)
Content-Length: 58
Content-Type: application/json; charset=utf-8
host: localhost:30612
accept: */*

Response DefaultHttpResponse(decodeResult: success, version: HTTP/1.1)
HTTP/1.1 200 OK
Content-Length: 14
Content-Type: application/json; charset=utf-8
cache-control: no-cache

14:25:04.398 [AsyncHttpClient-1-6] DEBUG org.asynchttpclient.netty.channel.ChannelManager - Adding key: http://localhost:30612 for channel [id: 0x0663f76b, L:/127.0.0.1:58914 - R:localhost/127.0.0.1:30612]
14:25:04.403 [Forwarding setTimeout on session 8855b7618225790445c12bc5fe03be7c to remote] DEBUG org.asynchttpclient.netty.request.NettyRequestSender - Using pooled Channel '[id: 0x0663f76b, L:/127.0.0.1:58914 - R:localhost/127.0.0.1:30612]' for 'POST' to 'http://localhost:30612/session/8855b7618225790445c12bc5fe03be7c/timeouts'
14:25:04.404 [Forwarding setTimeout on session 8855b7618225790445c12bc5fe03be7c to remote] DEBUG org.asynchttpclient.netty.request.NettyRequestSender - Using open Channel [id: 0x0663f76b, L:/127.0.0.1:58914 - R:localhost/127.0.0.1:30612] for POST '/session/8855b7618225790445c12bc5fe03be7c/timeouts'
14:25:04.422 [AsyncHttpClient-1-6] DEBUG org.asynchttpclient.netty.handler.HttpHandler - 

Request DefaultHttpRequest(decodeResult: success, version: HTTP/1.1)
POST /session/8855b7618225790445c12bc5fe03be7c/timeouts HTTP/1.1
User-Agent: selenium/4.8.1 (java windows)
Content-Length: 22
Content-Type: application/json; charset=utf-8
host: localhost:30612
accept: */*

Response DefaultHttpResponse(decodeResult: success, version: HTTP/1.1)
HTTP/1.1 200 OK
Content-Length: 14
Content-Type: application/json; charset=utf-8
cache-control: no-cache

14:25:04.422 [AsyncHttpClient-1-6] DEBUG org.asynchttpclient.netty.channel.ChannelManager - Adding key: http://localhost:30612 for channel [id: 0x0663f76b, L:/127.0.0.1:58914 - R:localhost/127.0.0.1:30612]
14:25:04.425 [Forwarding maximizeCurrentWindow on session 8855b7618225790445c12bc5fe03be7c to remote] DEBUG org.asynchttpclient.netty.request.NettyRequestSender - Using pooled Channel '[id: 0x0663f76b, L:/127.0.0.1:58914 - R:localhost/127.0.0.1:30612]' for 'POST' to 'http://localhost:30612/session/8855b7618225790445c12bc5fe03be7c/window/maximize'
14:25:04.425 [Forwarding maximizeCurrentWindow on session 8855b7618225790445c12bc5fe03be7c to remote] DEBUG org.asynchttpclient.netty.request.NettyRequestSender - Using open Channel [id: 0x0663f76b, L:/127.0.0.1:58914 - R:localhost/127.0.0.1:30612] for POST '/session/8855b7618225790445c12bc5fe03be7c/window/maximize'
14:25:04.487 [AsyncHttpClient-1-1] DEBUG org.asynchttpclient.netty.channel.DefaultChannelPool - Entry count for : http://localhost:58915 : 1
14:25:04.837 [AsyncHttpClient-1-6] DEBUG org.asynchttpclient.netty.handler.HttpHandler - 

Request DefaultHttpRequest(decodeResult: success, version: HTTP/1.1)
POST /session/8855b7618225790445c12bc5fe03be7c/window/maximize HTTP/1.1
User-Agent: selenium/4.8.1 (java windows)
Content-Length: 3
Content-Type: application/json; charset=utf-8
host: localhost:30612
accept: */*

Response DefaultHttpResponse(decodeResult: success, version: HTTP/1.1)
HTTP/1.1 200 OK
Content-Length: 51
Content-Type: application/json; charset=utf-8
cache-control: no-cache

14:25:04.837 [AsyncHttpClient-1-6] DEBUG org.asynchttpclient.netty.channel.ChannelManager - Adding key: http://localhost:30612 for channel [id: 0x0663f76b, L:/127.0.0.1:58914 - R:localhost/127.0.0.1:30612]
14:25:04.850 [main] DEBUG net.serenitybdd.core.photography.Darkroom - Opening darkroom
14:25:04.853 [Forwarding getAlertText on session 8855b7618225790445c12bc5fe03be7c to remote] DEBUG org.asynchttpclient.netty.request.NettyRequestSender - Using pooled Channel '[id: 0x0663f76b, L:/127.0.0.1:58914 - R:localhost/127.0.0.1:30612]' for 'GET' to 'http://localhost:30612/session/8855b7618225790445c12bc5fe03be7c/alert/text'
14:25:04.853 [Forwarding getAlertText on session 8855b7618225790445c12bc5fe03be7c to remote] DEBUG org.asynchttpclient.netty.request.NettyRequestSender - Using open Channel [id: 0x0663f76b, L:/127.0.0.1:58914 - R:localhost/127.0.0.1:30612] for GET '/session/8855b7618225790445c12bc5fe03be7c/alert/text'
14:25:04.881 [Darkroom Processing Line] DEBUG net.serenitybdd.core.photography.DarkroomProcessingLine - Darkroom processing line starting up
14:25:04.991 [AsyncHttpClient-1-6] DEBUG org.asynchttpclient.netty.handler.HttpHandler - 

Request DefaultFullHttpRequest(decodeResult: success, version: HTTP/1.1, content: EmptyByteBufBE)
GET /session/8855b7618225790445c12bc5fe03be7c/alert/text HTTP/1.1
User-Agent: selenium/4.8.1 (java windows)
Cache-Control: no-cache
Content-Type: application/json; charset=utf-8
host: localhost:30612
accept: */*

Response DefaultHttpResponse(decodeResult: success, version: HTTP/1.1)
HTTP/1.1 404 Not Found
Content-Length: 821
Content-Type: application/json; charset=utf-8
cache-control: no-cache

14:25:04.992 [AsyncHttpClient-1-6] DEBUG org.asynchttpclient.netty.channel.ChannelManager - Adding key: http://localhost:30612 for channel [id: 0x0663f76b, L:/127.0.0.1:58914 - R:localhost/127.0.0.1:30612]
14:25:04.998 [Forwarding getCurrentUrl on session 8855b7618225790445c12bc5fe03be7c to remote] DEBUG org.asynchttpclient.netty.request.NettyRequestSender - Using pooled Channel '[id: 0x0663f76b, L:/127.0.0.1:58914 - R:localhost/127.0.0.1:30612]' for 'GET' to 'http://localhost:30612/session/8855b7618225790445c12bc5fe03be7c/url'
14:25:04.998 [Forwarding getCurrentUrl on session 8855b7618225790445c12bc5fe03be7c to remote] DEBUG org.asynchttpclient.netty.request.NettyRequestSender - Using open Channel [id: 0x0663f76b, L:/127.0.0.1:58914 - R:localhost/127.0.0.1:30612] for GET '/session/8855b7618225790445c12bc5fe03be7c/url'
14:25:05.133 [AsyncHttpClient-1-6] DEBUG org.asynchttpclient.netty.handler.HttpHandler - 

Request DefaultFullHttpRequest(decodeResult: success, version: HTTP/1.1, content: EmptyByteBufBE)
GET /session/8855b7618225790445c12bc5fe03be7c/url HTTP/1.1
User-Agent: selenium/4.8.1 (java windows)
Cache-Control: no-cache
Content-Type: application/json; charset=utf-8
host: localhost:30612
accept: */*

Response DefaultHttpResponse(decodeResult: success, version: HTTP/1.1)
HTTP/1.1 200 OK
Content-Length: 40
Content-Type: application/json; charset=utf-8
cache-control: no-cache

14:25:05.133 [AsyncHttpClient-1-6] DEBUG org.asynchttpclient.netty.channel.ChannelManager - Adding key: http://localhost:30612 for channel [id: 0x0663f76b, L:/127.0.0.1:58914 - R:localhost/127.0.0.1:30612]
14:25:05.135 [Forwarding screenshot on session 8855b7618225790445c12bc5fe03be7c to remote] DEBUG org.asynchttpclient.netty.request.NettyRequestSender - Using pooled Channel '[id: 0x0663f76b, L:/127.0.0.1:58914 - R:localhost/127.0.0.1:30612]' for 'GET' to 'http://localhost:30612/session/8855b7618225790445c12bc5fe03be7c/screenshot'
14:25:05.136 [Forwarding screenshot on session 8855b7618225790445c12bc5fe03be7c to remote] DEBUG org.asynchttpclient.netty.request.NettyRequestSender - Using open Channel [id: 0x0663f76b, L:/127.0.0.1:58914 - R:localhost/127.0.0.1:30612] for GET '/session/8855b7618225790445c12bc5fe03be7c/screenshot'
14:25:05.588 [AsyncHttpClient-1-1] DEBUG org.asynchttpclient.netty.channel.DefaultChannelPool - Entry count for : http://localhost:58915 : 1
14:25:06.388 [AsyncHttpClient-1-6] DEBUG org.asynchttpclient.netty.handler.HttpHandler - 

Request DefaultFullHttpRequest(decodeResult: success, version: HTTP/1.1, content: EmptyByteBufBE)
GET /session/8855b7618225790445c12bc5fe03be7c/screenshot HTTP/1.1
User-Agent: selenium/4.8.1 (java windows)
Cache-Control: no-cache
Content-Type: application/json; charset=utf-8
host: localhost:30612
accept: */*

Response DefaultHttpResponse(decodeResult: success, version: HTTP/1.1)
HTTP/1.1 200 OK
Content-Length: 2003388
Content-Type: application/json; charset=utf-8
cache-control: no-cache

14:25:06.421 [AsyncHttpClient-1-6] DEBUG org.asynchttpclient.netty.channel.ChannelManager - Adding key: http://localhost:30612 for channel [id: 0x0663f76b, L:/127.0.0.1:58914 - R:localhost/127.0.0.1:30612]
14:25:06.530 [main] DEBUG net.serenitybdd.core.photography.Darkroom - Send negative for processing for target\site\serenity\eefb42ccb8dde2b5f1bae08f03f09b71f2964dee8d658fcd7aca9aafc2b8a1f9.png
14:25:06.538 [Forwarding getPageSource on session 8855b7618225790445c12bc5fe03be7c to remote] DEBUG org.asynchttpclient.netty.request.NettyRequestSender - Using pooled Channel '[id: 0x0663f76b, L:/127.0.0.1:58914 - R:localhost/127.0.0.1:30612]' for 'POST' to 'http://localhost:30612/session/8855b7618225790445c12bc5fe03be7c/execute/sync'
14:25:06.539 [Forwarding getPageSource on session 8855b7618225790445c12bc5fe03be7c to remote] DEBUG org.asynchttpclient.netty.request.NettyRequestSender - Using open Channel [id: 0x0663f76b, L:/127.0.0.1:58914 - R:localhost/127.0.0.1:30612] for POST '/session/8855b7618225790445c12bc5fe03be7c/execute/sync'
14:25:06.569 [AsyncHttpClient-1-6] DEBUG org.asynchttpclient.netty.handler.HttpHandler - 

Request DefaultHttpRequest(decodeResult: success, version: HTTP/1.1)
POST /session/8855b7618225790445c12bc5fe03be7c/execute/sync HTTP/1.1
User-Agent: selenium/4.8.1 (java windows)
Content-Length: 176
Content-Type: application/json; charset=utf-8
host: localhost:30612
accept: */*

Response DefaultHttpResponse(decodeResult: success, version: HTTP/1.1)
HTTP/1.1 200 OK
Content-Length: 129146
Content-Type: application/json; charset=utf-8
cache-control: no-cache

14:25:06.570 [AsyncHttpClient-1-6] DEBUG org.asynchttpclient.netty.channel.ChannelManager - Adding key: http://localhost:30612 for channel [id: 0x0663f76b, L:/127.0.0.1:58914 - R:localhost/127.0.0.1:30612]
14:25:06.597 [Forwarding getCurrentUrl on session 8855b7618225790445c12bc5fe03be7c to remote] DEBUG org.asynchttpclient.netty.request.NettyRequestSender - Using pooled Channel '[id: 0x0663f76b, L:/127.0.0.1:58914 - R:localhost/127.0.0.1:30612]' for 'GET' to 'http://localhost:30612/session/8855b7618225790445c12bc5fe03be7c/url'
14:25:06.597 [Forwarding getCurrentUrl on session 8855b7618225790445c12bc5fe03be7c to remote] DEBUG org.asynchttpclient.netty.request.NettyRequestSender - Using open Channel [id: 0x0663f76b, L:/127.0.0.1:58914 - R:localhost/127.0.0.1:30612] for GET '/session/8855b7618225790445c12bc5fe03be7c/url'
14:25:06.610 [AsyncHttpClient-1-6] DEBUG org.asynchttpclient.netty.handler.HttpHandler - 

Request DefaultFullHttpRequest(decodeResult: success, version: HTTP/1.1, content: EmptyByteBufBE)
GET /session/8855b7618225790445c12bc5fe03be7c/url HTTP/1.1
User-Agent: selenium/4.8.1 (java windows)
Cache-Control: no-cache
Content-Type: application/json; charset=utf-8
host: localhost:30612
accept: */*

Response DefaultHttpResponse(decodeResult: success, version: HTTP/1.1)
HTTP/1.1 200 OK
Content-Length: 40
Content-Type: application/json; charset=utf-8
cache-control: no-cache

14:25:06.611 [AsyncHttpClient-1-6] DEBUG org.asynchttpclient.netty.channel.ChannelManager - Adding key: http://localhost:30612 for channel [id: 0x0663f76b, L:/127.0.0.1:58914 - R:localhost/127.0.0.1:30612]
14:25:06.692 [AsyncHttpClient-1-1] DEBUG org.asynchttpclient.netty.channel.DefaultChannelPool - Entry count for : http://localhost:58915 : 1
14:25:06.692 [AsyncHttpClient-1-1] DEBUG org.asynchttpclient.netty.channel.DefaultChannelPool - Entry count for : http://localhost:30612 : 1
14:25:06.957 [Forwarding getAlertText on session 8855b7618225790445c12bc5fe03be7c to remote] DEBUG org.asynchttpclient.netty.request.NettyRequestSender - Using pooled Channel '[id: 0x0663f76b, L:/127.0.0.1:58914 - R:localhost/127.0.0.1:30612]' for 'GET' to 'http://localhost:30612/session/8855b7618225790445c12bc5fe03be7c/alert/text'
14:25:06.957 [Forwarding getAlertText on session 8855b7618225790445c12bc5fe03be7c to remote] DEBUG org.asynchttpclient.netty.request.NettyRequestSender - Using open Channel [id: 0x0663f76b, L:/127.0.0.1:58914 - R:localhost/127.0.0.1:30612] for GET '/session/8855b7618225790445c12bc5fe03be7c/alert/text'
14:25:06.962 [AsyncHttpClient-1-6] DEBUG org.asynchttpclient.netty.handler.HttpHandler - 

Request DefaultFullHttpRequest(decodeResult: success, version: HTTP/1.1, content: EmptyByteBufBE)
GET /session/8855b7618225790445c12bc5fe03be7c/alert/text HTTP/1.1
User-Agent: selenium/4.8.1 (java windows)
Cache-Control: no-cache
Content-Type: application/json; charset=utf-8
host: localhost:30612
accept: */*

Response DefaultHttpResponse(decodeResult: success, version: HTTP/1.1)
HTTP/1.1 404 Not Found
Content-Length: 821
Content-Type: application/json; charset=utf-8
cache-control: no-cache

14:25:06.962 [AsyncHttpClient-1-6] DEBUG org.asynchttpclient.netty.channel.ChannelManager - Adding key: http://localhost:30612 for channel [id: 0x0663f76b, L:/127.0.0.1:58914 - R:localhost/127.0.0.1:30612]
14:25:06.966 [Forwarding getCurrentUrl on session 8855b7618225790445c12bc5fe03be7c to remote] DEBUG org.asynchttpclient.netty.request.NettyRequestSender - Using pooled Channel '[id: 0x0663f76b, L:/127.0.0.1:58914 - R:localhost/127.0.0.1:30612]' for 'GET' to 'http://localhost:30612/session/8855b7618225790445c12bc5fe03be7c/url'
14:25:06.966 [Forwarding getCurrentUrl on session 8855b7618225790445c12bc5fe03be7c to remote] DEBUG org.asynchttpclient.netty.request.NettyRequestSender - Using open Channel [id: 0x0663f76b, L:/127.0.0.1:58914 - R:localhost/127.0.0.1:30612] for GET '/session/8855b7618225790445c12bc5fe03be7c/url'
14:25:06.983 [AsyncHttpClient-1-6] DEBUG org.asynchttpclient.netty.handler.HttpHandler - 

Request DefaultFullHttpRequest(decodeResult: success, version: HTTP/1.1, content: EmptyByteBufBE)
GET /session/8855b7618225790445c12bc5fe03be7c/url HTTP/1.1
User-Agent: selenium/4.8.1 (java windows)
Cache-Control: no-cache
Content-Type: application/json; charset=utf-8
host: localhost:30612
accept: */*

Response DefaultHttpResponse(decodeResult: success, version: HTTP/1.1)
HTTP/1.1 200 OK
Content-Length: 40
Content-Type: application/json; charset=utf-8
cache-control: no-cache

14:25:06.983 [AsyncHttpClient-1-6] DEBUG org.asynchttpclient.netty.channel.ChannelManager - Adding key: http://localhost:30612 for channel [id: 0x0663f76b, L:/127.0.0.1:58914 - R:localhost/127.0.0.1:30612]
14:25:06.985 [Forwarding screenshot on session 8855b7618225790445c12bc5fe03be7c to remote] DEBUG org.asynchttpclient.netty.request.NettyRequestSender - Using pooled Channel '[id: 0x0663f76b, L:/127.0.0.1:58914 - R:localhost/127.0.0.1:30612]' for 'GET' to 'http://localhost:30612/session/8855b7618225790445c12bc5fe03be7c/screenshot'
14:25:06.985 [Forwarding screenshot on session 8855b7618225790445c12bc5fe03be7c to remote] DEBUG org.asynchttpclient.netty.request.NettyRequestSender - Using open Channel [id: 0x0663f76b, L:/127.0.0.1:58914 - R:localhost/127.0.0.1:30612] for GET '/session/8855b7618225790445c12bc5fe03be7c/screenshot'
14:25:07.788 [AsyncHttpClient-1-1] DEBUG org.asynchttpclient.netty.channel.DefaultChannelPool - Entry count for : http://localhost:58915 : 1
14:25:08.666 [AsyncHttpClient-1-6] DEBUG org.asynchttpclient.netty.handler.HttpHandler - 

Request DefaultFullHttpRequest(decodeResult: success, version: HTTP/1.1, content: EmptyByteBufBE)
GET /session/8855b7618225790445c12bc5fe03be7c/screenshot HTTP/1.1
User-Agent: selenium/4.8.1 (java windows)
Cache-Control: no-cache
Content-Type: application/json; charset=utf-8
host: localhost:30612
accept: */*

Response DefaultHttpResponse(decodeResult: success, version: HTTP/1.1)
HTTP/1.1 200 OK
Content-Length: 2003388
Content-Type: application/json; charset=utf-8
cache-control: no-cache

14:25:08.677 [AsyncHttpClient-1-6] DEBUG org.asynchttpclient.netty.channel.ChannelManager - Adding key: http://localhost:30612 for channel [id: 0x0663f76b, L:/127.0.0.1:58914 - R:localhost/127.0.0.1:30612]
14:25:08.853 [main] DEBUG net.serenitybdd.core.photography.Darkroom - Send negative for processing for target\site\serenity\eefb42ccb8dde2b5f1bae08f03f09b71f2964dee8d658fcd7aca9aafc2b8a1f9.png
14:25:08.856 [Forwarding getPageSource on session 8855b7618225790445c12bc5fe03be7c to remote] DEBUG org.asynchttpclient.netty.request.NettyRequestSender - Using pooled Channel '[id: 0x0663f76b, L:/127.0.0.1:58914 - R:localhost/127.0.0.1:30612]' for 'POST' to 'http://localhost:30612/session/8855b7618225790445c12bc5fe03be7c/execute/sync'
14:25:08.857 [Forwarding getPageSource on session 8855b7618225790445c12bc5fe03be7c to remote] DEBUG org.asynchttpclient.netty.request.NettyRequestSender - Using open Channel [id: 0x0663f76b, L:/127.0.0.1:58914 - R:localhost/127.0.0.1:30612] for POST '/session/8855b7618225790445c12bc5fe03be7c/execute/sync'
14:25:08.888 [AsyncHttpClient-1-1] DEBUG org.asynchttpclient.netty.channel.DefaultChannelPool - Entry count for : http://localhost:58915 : 1
14:25:08.899 [AsyncHttpClient-1-6] DEBUG org.asynchttpclient.netty.handler.HttpHandler - 

Request DefaultHttpRequest(decodeResult: success, version: HTTP/1.1)
POST /session/8855b7618225790445c12bc5fe03be7c/execute/sync HTTP/1.1
User-Agent: selenium/4.8.1 (java windows)
Content-Length: 176
Content-Type: application/json; charset=utf-8
host: localhost:30612
accept: */*

Response DefaultHttpResponse(decodeResult: success, version: HTTP/1.1)
HTTP/1.1 200 OK
Content-Length: 129157
Content-Type: application/json; charset=utf-8
cache-control: no-cache

14:25:08.901 [AsyncHttpClient-1-6] DEBUG org.asynchttpclient.netty.channel.ChannelManager - Adding key: http://localhost:30612 for channel [id: 0x0663f76b, L:/127.0.0.1:58914 - R:localhost/127.0.0.1:30612]
14:25:08.937 [Forwarding getCurrentUrl on session 8855b7618225790445c12bc5fe03be7c to remote] DEBUG org.asynchttpclient.netty.request.NettyRequestSender - Using pooled Channel '[id: 0x0663f76b, L:/127.0.0.1:58914 - R:localhost/127.0.0.1:30612]' for 'GET' to 'http://localhost:30612/session/8855b7618225790445c12bc5fe03be7c/url'
14:25:08.937 [Forwarding getCurrentUrl on session 8855b7618225790445c12bc5fe03be7c to remote] DEBUG org.asynchttpclient.netty.request.NettyRequestSender - Using open Channel [id: 0x0663f76b, L:/127.0.0.1:58914 - R:localhost/127.0.0.1:30612] for GET '/session/8855b7618225790445c12bc5fe03be7c/url'
14:25:08.960 [AsyncHttpClient-1-6] DEBUG org.asynchttpclient.netty.handler.HttpHandler - 

Request DefaultFullHttpRequest(decodeResult: success, version: HTTP/1.1, content: EmptyByteBufBE)
GET /session/8855b7618225790445c12bc5fe03be7c/url HTTP/1.1
User-Agent: selenium/4.8.1 (java windows)
Cache-Control: no-cache
Content-Type: application/json; charset=utf-8
host: localhost:30612
accept: */*

Response DefaultHttpResponse(decodeResult: success, version: HTTP/1.1)
HTTP/1.1 200 OK
Content-Length: 40
Content-Type: application/json; charset=utf-8
cache-control: no-cache

14:25:08.960 [AsyncHttpClient-1-6] DEBUG org.asynchttpclient.netty.channel.ChannelManager - Adding key: http://localhost:30612 for channel [id: 0x0663f76b, L:/127.0.0.1:58914 - R:localhost/127.0.0.1:30612]
14:25:08.965 [main] DEBUG net.thucydides.core.steps.StepInterceptor - STARTING STEP: Afrexim_OurBank_Aboutus_Steps.to_click_the_our_bank_option - To_click_the_Our_Bank_Option
14:25:08.973 [Forwarding findElement on session 8855b7618225790445c12bc5fe03be7c to remote] DEBUG org.asynchttpclient.netty.request.NettyRequestSender - Using pooled Channel '[id: 0x0663f76b, L:/127.0.0.1:58914 - R:localhost/127.0.0.1:30612]' for 'POST' to 'http://localhost:30612/session/8855b7618225790445c12bc5fe03be7c/element'
14:25:08.973 [Forwarding findElement on session 8855b7618225790445c12bc5fe03be7c to remote] DEBUG org.asynchttpclient.netty.request.NettyRequestSender - Using open Channel [id: 0x0663f76b, L:/127.0.0.1:58914 - R:localhost/127.0.0.1:30612] for POST '/session/8855b7618225790445c12bc5fe03be7c/element'
14:25:09.091 [AsyncHttpClient-1-6] DEBUG org.asynchttpclient.netty.handler.HttpHandler - 

Request DefaultHttpRequest(decodeResult: success, version: HTTP/1.1)
POST /session/8855b7618225790445c12bc5fe03be7c/element HTTP/1.1
User-Agent: selenium/4.8.1 (java windows)
Content-Length: 77
Content-Type: application/json; charset=utf-8
host: localhost:30612
accept: */*

Response DefaultHttpResponse(decodeResult: success, version: HTTP/1.1)
HTTP/1.1 200 OK
Content-Length: 95
Content-Type: application/json; charset=utf-8
cache-control: no-cache

14:25:09.091 [AsyncHttpClient-1-6] DEBUG org.asynchttpclient.netty.channel.ChannelManager - Adding key: http://localhost:30612 for channel [id: 0x0663f76b, L:/127.0.0.1:58914 - R:localhost/127.0.0.1:30612]
14:25:09.094 [Forwarding getElementTagName on session 8855b7618225790445c12bc5fe03be7c to remote] DEBUG org.asynchttpclient.netty.request.NettyRequestSender - Using pooled Channel '[id: 0x0663f76b, L:/127.0.0.1:58914 - R:localhost/127.0.0.1:30612]' for 'GET' to 'http://localhost:30612/session/8855b7618225790445c12bc5fe03be7c/element/1DE0486F5E4B5FE7B3198C0ADB0401B6_element_50/name'
14:25:09.094 [Forwarding getElementTagName on session 8855b7618225790445c12bc5fe03be7c to remote] DEBUG org.asynchttpclient.netty.request.NettyRequestSender - Using open Channel [id: 0x0663f76b, L:/127.0.0.1:58914 - R:localhost/127.0.0.1:30612] for GET '/session/8855b7618225790445c12bc5fe03be7c/element/1DE0486F5E4B5FE7B3198C0ADB0401B6_element_50/name'
14:25:09.142 [AsyncHttpClient-1-6] DEBUG org.asynchttpclient.netty.handler.HttpHandler - 

Request DefaultFullHttpRequest(decodeResult: success, version: HTTP/1.1, content: EmptyByteBufBE)
GET /session/8855b7618225790445c12bc5fe03be7c/element/1DE0486F5E4B5FE7B3198C0ADB0401B6_element_50/name HTTP/1.1
User-Agent: selenium/4.8.1 (java windows)
Cache-Control: no-cache
Content-Type: application/json; charset=utf-8
host: localhost:30612
accept: */*

Response DefaultHttpResponse(decodeResult: success, version: HTTP/1.1)
HTTP/1.1 200 OK
Content-Length: 16
Content-Type: application/json; charset=utf-8
cache-control: no-cache

14:25:09.142 [AsyncHttpClient-1-6] DEBUG org.asynchttpclient.netty.channel.ChannelManager - Adding key: http://localhost:30612 for channel [id: 0x0663f76b, L:/127.0.0.1:58914 - R:localhost/127.0.0.1:30612]
14:25:09.144 [Forwarding getElementTagName on session 8855b7618225790445c12bc5fe03be7c to remote] DEBUG org.asynchttpclient.netty.request.NettyRequestSender - Using pooled Channel '[id: 0x0663f76b, L:/127.0.0.1:58914 - R:localhost/127.0.0.1:30612]' for 'GET' to 'http://localhost:30612/session/8855b7618225790445c12bc5fe03be7c/element/1DE0486F5E4B5FE7B3198C0ADB0401B6_element_50/name'
14:25:09.145 [Forwarding getElementTagName on session 8855b7618225790445c12bc5fe03be7c to remote] DEBUG org.asynchttpclient.netty.request.NettyRequestSender - Using open Channel [id: 0x0663f76b, L:/127.0.0.1:58914 - R:localhost/127.0.0.1:30612] for GET '/session/8855b7618225790445c12bc5fe03be7c/element/1DE0486F5E4B5FE7B3198C0ADB0401B6_element_50/name'
14:25:09.166 [AsyncHttpClient-1-6] DEBUG org.asynchttpclient.netty.handler.HttpHandler - 

Request DefaultFullHttpRequest(decodeResult: success, version: HTTP/1.1, content: EmptyByteBufBE)
GET /session/8855b7618225790445c12bc5fe03be7c/element/1DE0486F5E4B5FE7B3198C0ADB0401B6_element_50/name HTTP/1.1
User-Agent: selenium/4.8.1 (java windows)
Cache-Control: no-cache
Content-Type: application/json; charset=utf-8
host: localhost:30612
accept: */*

Response DefaultHttpResponse(decodeResult: success, version: HTTP/1.1)
HTTP/1.1 200 OK
Content-Length: 16
Content-Type: application/json; charset=utf-8
cache-control: no-cache

14:25:09.166 [AsyncHttpClient-1-6] DEBUG org.asynchttpclient.netty.channel.ChannelManager - Adding key: http://localhost:30612 for channel [id: 0x0663f76b, L:/127.0.0.1:58914 - R:localhost/127.0.0.1:30612]
14:25:09.170 [Forwarding findElement on session 8855b7618225790445c12bc5fe03be7c to remote] DEBUG org.asynchttpclient.netty.request.NettyRequestSender - Using pooled Channel '[id: 0x0663f76b, L:/127.0.0.1:58914 - R:localhost/127.0.0.1:30612]' for 'POST' to 'http://localhost:30612/session/8855b7618225790445c12bc5fe03be7c/element'
14:25:09.171 [Forwarding findElement on session 8855b7618225790445c12bc5fe03be7c to remote] DEBUG org.asynchttpclient.netty.request.NettyRequestSender - Using open Channel [id: 0x0663f76b, L:/127.0.0.1:58914 - R:localhost/127.0.0.1:30612] for POST '/session/8855b7618225790445c12bc5fe03be7c/element'
14:25:09.192 [AsyncHttpClient-1-6] DEBUG org.asynchttpclient.netty.handler.HttpHandler - 

Request DefaultHttpRequest(decodeResult: success, version: HTTP/1.1)
POST /session/8855b7618225790445c12bc5fe03be7c/element HTTP/1.1
User-Agent: selenium/4.8.1 (java windows)
Content-Length: 77
Content-Type: application/json; charset=utf-8
host: localhost:30612
accept: */*

Response DefaultHttpResponse(decodeResult: success, version: HTTP/1.1)
HTTP/1.1 200 OK
Content-Length: 95
Content-Type: application/json; charset=utf-8
cache-control: no-cache

14:25:09.193 [AsyncHttpClient-1-6] DEBUG org.asynchttpclient.netty.channel.ChannelManager - Adding key: http://localhost:30612 for channel [id: 0x0663f76b, L:/127.0.0.1:58914 - R:localhost/127.0.0.1:30612]
14:25:09.196 [Forwarding clickElement on session 8855b7618225790445c12bc5fe03be7c to remote] DEBUG org.asynchttpclient.netty.request.NettyRequestSender - Using pooled Channel '[id: 0x0663f76b, L:/127.0.0.1:58914 - R:localhost/127.0.0.1:30612]' for 'POST' to 'http://localhost:30612/session/8855b7618225790445c12bc5fe03be7c/element/1DE0486F5E4B5FE7B3198C0ADB0401B6_element_50/click'
14:25:09.197 [Forwarding clickElement on session 8855b7618225790445c12bc5fe03be7c to remote] DEBUG org.asynchttpclient.netty.request.NettyRequestSender - Using open Channel [id: 0x0663f76b, L:/127.0.0.1:58914 - R:localhost/127.0.0.1:30612] for POST '/session/8855b7618225790445c12bc5fe03be7c/element/1DE0486F5E4B5FE7B3198C0ADB0401B6_element_50/click'
14:25:09.402 [AsyncHttpClient-1-6] DEBUG org.asynchttpclient.netty.handler.HttpHandler - 

Request DefaultHttpRequest(decodeResult: success, version: HTTP/1.1)
POST /session/8855b7618225790445c12bc5fe03be7c/element/1DE0486F5E4B5FE7B3198C0ADB0401B6_element_50/click HTTP/1.1
User-Agent: selenium/4.8.1 (java windows)
Content-Length: 57
Content-Type: application/json; charset=utf-8
host: localhost:30612
accept: */*

Response DefaultHttpResponse(decodeResult: success, version: HTTP/1.1)
HTTP/1.1 200 OK
Content-Length: 14
Content-Type: application/json; charset=utf-8
cache-control: no-cache

14:25:09.402 [AsyncHttpClient-1-6] DEBUG org.asynchttpclient.netty.channel.ChannelManager - Adding key: http://localhost:30612 for channel [id: 0x0663f76b, L:/127.0.0.1:58914 - R:localhost/127.0.0.1:30612]
14:25:09.422 [Forwarding getAlertText on session 8855b7618225790445c12bc5fe03be7c to remote] DEBUG org.asynchttpclient.netty.request.NettyRequestSender - Using pooled Channel '[id: 0x0663f76b, L:/127.0.0.1:58914 - R:localhost/127.0.0.1:30612]' for 'GET' to 'http://localhost:30612/session/8855b7618225790445c12bc5fe03be7c/alert/text'
14:25:09.422 [Forwarding getAlertText on session 8855b7618225790445c12bc5fe03be7c to remote] DEBUG org.asynchttpclient.netty.request.NettyRequestSender - Using open Channel [id: 0x0663f76b, L:/127.0.0.1:58914 - R:localhost/127.0.0.1:30612] for GET '/session/8855b7618225790445c12bc5fe03be7c/alert/text'
14:25:09.431 [AsyncHttpClient-1-6] DEBUG org.asynchttpclient.netty.handler.HttpHandler - 

Request DefaultFullHttpRequest(decodeResult: success, version: HTTP/1.1, content: EmptyByteBufBE)
GET /session/8855b7618225790445c12bc5fe03be7c/alert/text HTTP/1.1
User-Agent: selenium/4.8.1 (java windows)
Cache-Control: no-cache
Content-Type: application/json; charset=utf-8
host: localhost:30612
accept: */*

Response DefaultHttpResponse(decodeResult: success, version: HTTP/1.1)
HTTP/1.1 404 Not Found
Content-Length: 821
Content-Type: application/json; charset=utf-8
cache-control: no-cache

14:25:09.432 [AsyncHttpClient-1-6] DEBUG org.asynchttpclient.netty.channel.ChannelManager - Adding key: http://localhost:30612 for channel [id: 0x0663f76b, L:/127.0.0.1:58914 - R:localhost/127.0.0.1:30612]
14:25:09.435 [Forwarding getCurrentUrl on session 8855b7618225790445c12bc5fe03be7c to remote] DEBUG org.asynchttpclient.netty.request.NettyRequestSender - Using pooled Channel '[id: 0x0663f76b, L:/127.0.0.1:58914 - R:localhost/127.0.0.1:30612]' for 'GET' to 'http://localhost:30612/session/8855b7618225790445c12bc5fe03be7c/url'
14:25:09.435 [Forwarding getCurrentUrl on session 8855b7618225790445c12bc5fe03be7c to remote] DEBUG org.asynchttpclient.netty.request.NettyRequestSender - Using open Channel [id: 0x0663f76b, L:/127.0.0.1:58914 - R:localhost/127.0.0.1:30612] for GET '/session/8855b7618225790445c12bc5fe03be7c/url'
14:25:09.457 [AsyncHttpClient-1-6] DEBUG org.asynchttpclient.netty.handler.HttpHandler - 

Request DefaultFullHttpRequest(decodeResult: success, version: HTTP/1.1, content: EmptyByteBufBE)
GET /session/8855b7618225790445c12bc5fe03be7c/url HTTP/1.1
User-Agent: selenium/4.8.1 (java windows)
Cache-Control: no-cache
Content-Type: application/json; charset=utf-8
host: localhost:30612
accept: */*

Response DefaultHttpResponse(decodeResult: success, version: HTTP/1.1)
HTTP/1.1 200 OK
Content-Length: 40
Content-Type: application/json; charset=utf-8
cache-control: no-cache

14:25:09.457 [AsyncHttpClient-1-6] DEBUG org.asynchttpclient.netty.channel.ChannelManager - Adding key: http://localhost:30612 for channel [id: 0x0663f76b, L:/127.0.0.1:58914 - R:localhost/127.0.0.1:30612]
14:25:09.460 [Forwarding screenshot on session 8855b7618225790445c12bc5fe03be7c to remote] DEBUG org.asynchttpclient.netty.request.NettyRequestSender - Using pooled Channel '[id: 0x0663f76b, L:/127.0.0.1:58914 - R:localhost/127.0.0.1:30612]' for 'GET' to 'http://localhost:30612/session/8855b7618225790445c12bc5fe03be7c/screenshot'
14:25:09.461 [Forwarding screenshot on session 8855b7618225790445c12bc5fe03be7c to remote] DEBUG org.asynchttpclient.netty.request.NettyRequestSender - Using open Channel [id: 0x0663f76b, L:/127.0.0.1:58914 - R:localhost/127.0.0.1:30612] for GET '/session/8855b7618225790445c12bc5fe03be7c/screenshot'
14:25:09.988 [AsyncHttpClient-1-1] DEBUG org.asynchttpclient.netty.channel.DefaultChannelPool - Entry count for : http://localhost:58915 : 1
14:25:11.087 [AsyncHttpClient-1-1] DEBUG org.asynchttpclient.netty.channel.DefaultChannelPool - Entry count for : http://localhost:58915 : 1
14:25:11.577 [AsyncHttpClient-1-6] DEBUG org.asynchttpclient.netty.handler.HttpHandler - 

Request DefaultFullHttpRequest(decodeResult: success, version: HTTP/1.1, content: EmptyByteBufBE)
GET /session/8855b7618225790445c12bc5fe03be7c/screenshot HTTP/1.1
User-Agent: selenium/4.8.1 (java windows)
Cache-Control: no-cache
Content-Type: application/json; charset=utf-8
host: localhost:30612
accept: */*

Response DefaultHttpResponse(decodeResult: success, version: HTTP/1.1)
HTTP/1.1 200 OK
Content-Length: 2533344
Content-Type: application/json; charset=utf-8
cache-control: no-cache

14:25:11.589 [AsyncHttpClient-1-6] DEBUG org.asynchttpclient.netty.channel.ChannelManager - Adding key: http://localhost:30612 for channel [id: 0x0663f76b, L:/127.0.0.1:58914 - R:localhost/127.0.0.1:30612]
14:25:11.776 [main] DEBUG net.serenitybdd.core.photography.Darkroom - Send negative for processing for target\site\serenity\3383e00dd661e7a8d0fa6f25d73f2b3311c6cbbfe819780ab1ec9827e515e138.png
14:25:11.777 [main] DEBUG net.thucydides.core.steps.StepInterceptor - STEP DONE: To_click_the_Our_Bank_Option
14:25:11.778 [Darkroom Processing Line] DEBUG net.serenitybdd.core.photography.DarkroomProcessingLine - Processing screenshot image in /var/screenshots/screenshot-2881712715489973792
14:25:11.778 [Darkroom Processing Line] DEBUG net.serenitybdd.core.photography.DarkroomProcessingLine - Saving screenshot to target\site\serenity\3383e00dd661e7a8d0fa6f25d73f2b3311c6cbbfe819780ab1ec9827e515e138.png
14:25:11.805 [Forwarding getPageSource on session 8855b7618225790445c12bc5fe03be7c to remote] DEBUG org.asynchttpclient.netty.request.NettyRequestSender - Using pooled Channel '[id: 0x0663f76b, L:/127.0.0.1:58914 - R:localhost/127.0.0.1:30612]' for 'POST' to 'http://localhost:30612/session/8855b7618225790445c12bc5fe03be7c/execute/sync'
14:25:11.805 [Forwarding getPageSource on session 8855b7618225790445c12bc5fe03be7c to remote] DEBUG org.asynchttpclient.netty.request.NettyRequestSender - Using open Channel [id: 0x0663f76b, L:/127.0.0.1:58914 - R:localhost/127.0.0.1:30612] for POST '/session/8855b7618225790445c12bc5fe03be7c/execute/sync'
14:25:11.844 [AsyncHttpClient-1-6] DEBUG org.asynchttpclient.netty.handler.HttpHandler - 

Request DefaultHttpRequest(decodeResult: success, version: HTTP/1.1)
POST /session/8855b7618225790445c12bc5fe03be7c/execute/sync HTTP/1.1
User-Agent: selenium/4.8.1 (java windows)
Content-Length: 176
Content-Type: application/json; charset=utf-8
host: localhost:30612
accept: */*

Response DefaultHttpResponse(decodeResult: success, version: HTTP/1.1)
HTTP/1.1 200 OK
Content-Length: 129216
Content-Type: application/json; charset=utf-8
cache-control: no-cache

14:25:11.845 [AsyncHttpClient-1-6] DEBUG org.asynchttpclient.netty.channel.ChannelManager - Adding key: http://localhost:30612 for channel [id: 0x0663f76b, L:/127.0.0.1:58914 - R:localhost/127.0.0.1:30612]
14:25:11.870 [Forwarding getCurrentUrl on session 8855b7618225790445c12bc5fe03be7c to remote] DEBUG org.asynchttpclient.netty.request.NettyRequestSender - Using pooled Channel '[id: 0x0663f76b, L:/127.0.0.1:58914 - R:localhost/127.0.0.1:30612]' for 'GET' to 'http://localhost:30612/session/8855b7618225790445c12bc5fe03be7c/url'
14:25:11.871 [Forwarding getCurrentUrl on session 8855b7618225790445c12bc5fe03be7c to remote] DEBUG org.asynchttpclient.netty.request.NettyRequestSender - Using open Channel [id: 0x0663f76b, L:/127.0.0.1:58914 - R:localhost/127.0.0.1:30612] for GET '/session/8855b7618225790445c12bc5fe03be7c/url'
14:25:11.885 [AsyncHttpClient-1-6] DEBUG org.asynchttpclient.netty.handler.HttpHandler - 

Request DefaultFullHttpRequest(decodeResult: success, version: HTTP/1.1, content: EmptyByteBufBE)
GET /session/8855b7618225790445c12bc5fe03be7c/url HTTP/1.1
User-Agent: selenium/4.8.1 (java windows)
Cache-Control: no-cache
Content-Type: application/json; charset=utf-8
host: localhost:30612
accept: */*

Response DefaultHttpResponse(decodeResult: success, version: HTTP/1.1)
HTTP/1.1 200 OK
Content-Length: 40
Content-Type: application/json; charset=utf-8
cache-control: no-cache

14:25:11.885 [AsyncHttpClient-1-6] DEBUG org.asynchttpclient.netty.channel.ChannelManager - Adding key: http://localhost:30612 for channel [id: 0x0663f76b, L:/127.0.0.1:58914 - R:localhost/127.0.0.1:30612]
14:25:11.907 [Forwarding getAlertText on session 8855b7618225790445c12bc5fe03be7c to remote] DEBUG org.asynchttpclient.netty.request.NettyRequestSender - Using pooled Channel '[id: 0x0663f76b, L:/127.0.0.1:58914 - R:localhost/127.0.0.1:30612]' for 'GET' to 'http://localhost:30612/session/8855b7618225790445c12bc5fe03be7c/alert/text'
14:25:11.907 [Forwarding getAlertText on session 8855b7618225790445c12bc5fe03be7c to remote] DEBUG org.asynchttpclient.netty.request.NettyRequestSender - Using open Channel [id: 0x0663f76b, L:/127.0.0.1:58914 - R:localhost/127.0.0.1:30612] for GET '/session/8855b7618225790445c12bc5fe03be7c/alert/text'
14:25:11.911 [AsyncHttpClient-1-6] DEBUG org.asynchttpclient.netty.handler.HttpHandler - 

Request DefaultFullHttpRequest(decodeResult: success, version: HTTP/1.1, content: EmptyByteBufBE)
GET /session/8855b7618225790445c12bc5fe03be7c/alert/text HTTP/1.1
User-Agent: selenium/4.8.1 (java windows)
Cache-Control: no-cache
Content-Type: application/json; charset=utf-8
host: localhost:30612
accept: */*

Response DefaultHttpResponse(decodeResult: success, version: HTTP/1.1)
HTTP/1.1 404 Not Found
Content-Length: 821
Content-Type: application/json; charset=utf-8
cache-control: no-cache

14:25:11.911 [AsyncHttpClient-1-6] DEBUG org.asynchttpclient.netty.channel.ChannelManager - Adding key: http://localhost:30612 for channel [id: 0x0663f76b, L:/127.0.0.1:58914 - R:localhost/127.0.0.1:30612]
14:25:11.914 [Forwarding getCurrentUrl on session 8855b7618225790445c12bc5fe03be7c to remote] DEBUG org.asynchttpclient.netty.request.NettyRequestSender - Using pooled Channel '[id: 0x0663f76b, L:/127.0.0.1:58914 - R:localhost/127.0.0.1:30612]' for 'GET' to 'http://localhost:30612/session/8855b7618225790445c12bc5fe03be7c/url'
14:25:11.914 [Forwarding getCurrentUrl on session 8855b7618225790445c12bc5fe03be7c to remote] DEBUG org.asynchttpclient.netty.request.NettyRequestSender - Using open Channel [id: 0x0663f76b, L:/127.0.0.1:58914 - R:localhost/127.0.0.1:30612] for GET '/session/8855b7618225790445c12bc5fe03be7c/url'
14:25:11.929 [AsyncHttpClient-1-6] DEBUG org.asynchttpclient.netty.handler.HttpHandler - 

Request DefaultFullHttpRequest(decodeResult: success, version: HTTP/1.1, content: EmptyByteBufBE)
GET /session/8855b7618225790445c12bc5fe03be7c/url HTTP/1.1
User-Agent: selenium/4.8.1 (java windows)
Cache-Control: no-cache
Content-Type: application/json; charset=utf-8
host: localhost:30612
accept: */*

Response DefaultHttpResponse(decodeResult: success, version: HTTP/1.1)
HTTP/1.1 200 OK
Content-Length: 40
Content-Type: application/json; charset=utf-8
cache-control: no-cache

14:25:11.930 [AsyncHttpClient-1-6] DEBUG org.asynchttpclient.netty.channel.ChannelManager - Adding key: http://localhost:30612 for channel [id: 0x0663f76b, L:/127.0.0.1:58914 - R:localhost/127.0.0.1:30612]
14:25:11.932 [Forwarding screenshot on session 8855b7618225790445c12bc5fe03be7c to remote] DEBUG org.asynchttpclient.netty.request.NettyRequestSender - Using pooled Channel '[id: 0x0663f76b, L:/127.0.0.1:58914 - R:localhost/127.0.0.1:30612]' for 'GET' to 'http://localhost:30612/session/8855b7618225790445c12bc5fe03be7c/screenshot'
14:25:11.932 [Forwarding screenshot on session 8855b7618225790445c12bc5fe03be7c to remote] DEBUG org.asynchttpclient.netty.request.NettyRequestSender - Using open Channel [id: 0x0663f76b, L:/127.0.0.1:58914 - R:localhost/127.0.0.1:30612] for GET '/session/8855b7618225790445c12bc5fe03be7c/screenshot'
14:25:12.189 [AsyncHttpClient-1-1] DEBUG org.asynchttpclient.netty.channel.DefaultChannelPool - Entry count for : http://localhost:58915 : 1
14:25:13.289 [AsyncHttpClient-1-1] DEBUG org.asynchttpclient.netty.channel.DefaultChannelPool - Entry count for : http://localhost:58915 : 1
14:25:13.449 [AsyncHttpClient-1-6] DEBUG org.asynchttpclient.netty.handler.HttpHandler - 

Request DefaultFullHttpRequest(decodeResult: success, version: HTTP/1.1, content: EmptyByteBufBE)
GET /session/8855b7618225790445c12bc5fe03be7c/screenshot HTTP/1.1
User-Agent: selenium/4.8.1 (java windows)
Cache-Control: no-cache
Content-Type: application/json; charset=utf-8
host: localhost:30612
accept: */*

Response DefaultHttpResponse(decodeResult: success, version: HTTP/1.1)
HTTP/1.1 200 OK
Content-Length: 2533344
Content-Type: application/json; charset=utf-8
cache-control: no-cache

14:25:13.469 [AsyncHttpClient-1-6] DEBUG org.asynchttpclient.netty.channel.ChannelManager - Adding key: http://localhost:30612 for channel [id: 0x0663f76b, L:/127.0.0.1:58914 - R:localhost/127.0.0.1:30612]
14:25:13.695 [main] DEBUG net.serenitybdd.core.photography.Darkroom - Send negative for processing for target\site\serenity\3383e00dd661e7a8d0fa6f25d73f2b3311c6cbbfe819780ab1ec9827e515e138.png
14:25:13.700 [Forwarding getPageSource on session 8855b7618225790445c12bc5fe03be7c to remote] DEBUG org.asynchttpclient.netty.request.NettyRequestSender - Using pooled Channel '[id: 0x0663f76b, L:/127.0.0.1:58914 - R:localhost/127.0.0.1:30612]' for 'POST' to 'http://localhost:30612/session/8855b7618225790445c12bc5fe03be7c/execute/sync'
14:25:13.700 [Forwarding getPageSource on session 8855b7618225790445c12bc5fe03be7c to remote] DEBUG org.asynchttpclient.netty.request.NettyRequestSender - Using open Channel [id: 0x0663f76b, L:/127.0.0.1:58914 - R:localhost/127.0.0.1:30612] for POST '/session/8855b7618225790445c12bc5fe03be7c/execute/sync'
14:25:13.734 [AsyncHttpClient-1-6] DEBUG org.asynchttpclient.netty.handler.HttpHandler - 

Request DefaultHttpRequest(decodeResult: success, version: HTTP/1.1)
POST /session/8855b7618225790445c12bc5fe03be7c/execute/sync HTTP/1.1
User-Agent: selenium/4.8.1 (java windows)
Content-Length: 176
Content-Type: application/json; charset=utf-8
host: localhost:30612
accept: */*

Response DefaultHttpResponse(decodeResult: success, version: HTTP/1.1)
HTTP/1.1 200 OK
Content-Length: 129227
Content-Type: application/json; charset=utf-8
cache-control: no-cache

14:25:13.734 [AsyncHttpClient-1-6] DEBUG org.asynchttpclient.netty.channel.ChannelManager - Adding key: http://localhost:30612 for channel [id: 0x0663f76b, L:/127.0.0.1:58914 - R:localhost/127.0.0.1:30612]
14:25:13.782 [Forwarding getCurrentUrl on session 8855b7618225790445c12bc5fe03be7c to remote] DEBUG org.asynchttpclient.netty.request.NettyRequestSender - Using pooled Channel '[id: 0x0663f76b, L:/127.0.0.1:58914 - R:localhost/127.0.0.1:30612]' for 'GET' to 'http://localhost:30612/session/8855b7618225790445c12bc5fe03be7c/url'
14:25:13.782 [Forwarding getCurrentUrl on session 8855b7618225790445c12bc5fe03be7c to remote] DEBUG org.asynchttpclient.netty.request.NettyRequestSender - Using open Channel [id: 0x0663f76b, L:/127.0.0.1:58914 - R:localhost/127.0.0.1:30612] for GET '/session/8855b7618225790445c12bc5fe03be7c/url'
14:25:13.794 [AsyncHttpClient-1-6] DEBUG org.asynchttpclient.netty.handler.HttpHandler - 

Request DefaultFullHttpRequest(decodeResult: success, version: HTTP/1.1, content: EmptyByteBufBE)
GET /session/8855b7618225790445c12bc5fe03be7c/url HTTP/1.1
User-Agent: selenium/4.8.1 (java windows)
Cache-Control: no-cache
Content-Type: application/json; charset=utf-8
host: localhost:30612
accept: */*

Response DefaultHttpResponse(decodeResult: success, version: HTTP/1.1)
HTTP/1.1 200 OK
Content-Length: 40
Content-Type: application/json; charset=utf-8
cache-control: no-cache

14:25:13.794 [AsyncHttpClient-1-6] DEBUG org.asynchttpclient.netty.channel.ChannelManager - Adding key: http://localhost:30612 for channel [id: 0x0663f76b, L:/127.0.0.1:58914 - R:localhost/127.0.0.1:30612]
14:25:13.797 [main] DEBUG net.thucydides.core.steps.StepInterceptor - STARTING STEP: Afrexim_OurBank_Aboutus_Steps.to_select_the_about_us_functionality - To_Select_the_About_Us_Functionality
14:25:13.804 [Forwarding findElement on session 8855b7618225790445c12bc5fe03be7c to remote] DEBUG org.asynchttpclient.netty.request.NettyRequestSender - Using pooled Channel '[id: 0x0663f76b, L:/127.0.0.1:58914 - R:localhost/127.0.0.1:30612]' for 'POST' to 'http://localhost:30612/session/8855b7618225790445c12bc5fe03be7c/element'
14:25:13.804 [Forwarding findElement on session 8855b7618225790445c12bc5fe03be7c to remote] DEBUG org.asynchttpclient.netty.request.NettyRequestSender - Using open Channel [id: 0x0663f76b, L:/127.0.0.1:58914 - R:localhost/127.0.0.1:30612] for POST '/session/8855b7618225790445c12bc5fe03be7c/element'
14:25:13.827 [AsyncHttpClient-1-6] DEBUG org.asynchttpclient.netty.handler.HttpHandler - 

Request DefaultHttpRequest(decodeResult: success, version: HTTP/1.1)
POST /session/8855b7618225790445c12bc5fe03be7c/element HTTP/1.1
User-Agent: selenium/4.8.1 (java windows)
Content-Length: 74
Content-Type: application/json; charset=utf-8
host: localhost:30612
accept: */*

Response DefaultHttpResponse(decodeResult: success, version: HTTP/1.1)
HTTP/1.1 200 OK
Content-Length: 95
Content-Type: application/json; charset=utf-8
cache-control: no-cache

14:25:13.828 [AsyncHttpClient-1-6] DEBUG org.asynchttpclient.netty.channel.ChannelManager - Adding key: http://localhost:30612 for channel [id: 0x0663f76b, L:/127.0.0.1:58914 - R:localhost/127.0.0.1:30612]
14:25:13.830 [Forwarding getElementTagName on session 8855b7618225790445c12bc5fe03be7c to remote] DEBUG org.asynchttpclient.netty.request.NettyRequestSender - Using pooled Channel '[id: 0x0663f76b, L:/127.0.0.1:58914 - R:localhost/127.0.0.1:30612]' for 'GET' to 'http://localhost:30612/session/8855b7618225790445c12bc5fe03be7c/element/1DE0486F5E4B5FE7B3198C0ADB0401B6_element_51/name'
14:25:13.830 [Forwarding getElementTagName on session 8855b7618225790445c12bc5fe03be7c to remote] DEBUG org.asynchttpclient.netty.request.NettyRequestSender - Using open Channel [id: 0x0663f76b, L:/127.0.0.1:58914 - R:localhost/127.0.0.1:30612] for GET '/session/8855b7618225790445c12bc5fe03be7c/element/1DE0486F5E4B5FE7B3198C0ADB0401B6_element_51/name'
14:25:13.841 [AsyncHttpClient-1-6] DEBUG org.asynchttpclient.netty.handler.HttpHandler - 

Request DefaultFullHttpRequest(decodeResult: success, version: HTTP/1.1, content: EmptyByteBufBE)
GET /session/8855b7618225790445c12bc5fe03be7c/element/1DE0486F5E4B5FE7B3198C0ADB0401B6_element_51/name HTTP/1.1
User-Agent: selenium/4.8.1 (java windows)
Cache-Control: no-cache
Content-Type: application/json; charset=utf-8
host: localhost:30612
accept: */*

Response DefaultHttpResponse(decodeResult: success, version: HTTP/1.1)
HTTP/1.1 200 OK
Content-Length: 13
Content-Type: application/json; charset=utf-8
cache-control: no-cache

14:25:13.842 [AsyncHttpClient-1-6] DEBUG org.asynchttpclient.netty.channel.ChannelManager - Adding key: http://localhost:30612 for channel [id: 0x0663f76b, L:/127.0.0.1:58914 - R:localhost/127.0.0.1:30612]
14:25:13.844 [Forwarding getElementTagName on session 8855b7618225790445c12bc5fe03be7c to remote] DEBUG org.asynchttpclient.netty.request.NettyRequestSender - Using pooled Channel '[id: 0x0663f76b, L:/127.0.0.1:58914 - R:localhost/127.0.0.1:30612]' for 'GET' to 'http://localhost:30612/session/8855b7618225790445c12bc5fe03be7c/element/1DE0486F5E4B5FE7B3198C0ADB0401B6_element_51/name'
14:25:13.844 [Forwarding getElementTagName on session 8855b7618225790445c12bc5fe03be7c to remote] DEBUG org.asynchttpclient.netty.request.NettyRequestSender - Using open Channel [id: 0x0663f76b, L:/127.0.0.1:58914 - R:localhost/127.0.0.1:30612] for GET '/session/8855b7618225790445c12bc5fe03be7c/element/1DE0486F5E4B5FE7B3198C0ADB0401B6_element_51/name'
14:25:13.859 [AsyncHttpClient-1-6] DEBUG org.asynchttpclient.netty.handler.HttpHandler - 

Request DefaultFullHttpRequest(decodeResult: success, version: HTTP/1.1, content: EmptyByteBufBE)
GET /session/8855b7618225790445c12bc5fe03be7c/element/1DE0486F5E4B5FE7B3198C0ADB0401B6_element_51/name HTTP/1.1
User-Agent: selenium/4.8.1 (java windows)
Cache-Control: no-cache
Content-Type: application/json; charset=utf-8
host: localhost:30612
accept: */*

Response DefaultHttpResponse(decodeResult: success, version: HTTP/1.1)
HTTP/1.1 200 OK
Content-Length: 13
Content-Type: application/json; charset=utf-8
cache-control: no-cache

14:25:13.859 [AsyncHttpClient-1-6] DEBUG org.asynchttpclient.netty.channel.ChannelManager - Adding key: http://localhost:30612 for channel [id: 0x0663f76b, L:/127.0.0.1:58914 - R:localhost/127.0.0.1:30612]
14:25:13.862 [Forwarding findElement on session 8855b7618225790445c12bc5fe03be7c to remote] DEBUG org.asynchttpclient.netty.request.NettyRequestSender - Using pooled Channel '[id: 0x0663f76b, L:/127.0.0.1:58914 - R:localhost/127.0.0.1:30612]' for 'POST' to 'http://localhost:30612/session/8855b7618225790445c12bc5fe03be7c/element'
14:25:13.862 [Forwarding findElement on session 8855b7618225790445c12bc5fe03be7c to remote] DEBUG org.asynchttpclient.netty.request.NettyRequestSender - Using open Channel [id: 0x0663f76b, L:/127.0.0.1:58914 - R:localhost/127.0.0.1:30612] for POST '/session/8855b7618225790445c12bc5fe03be7c/element'
14:25:13.882 [AsyncHttpClient-1-6] DEBUG org.asynchttpclient.netty.handler.HttpHandler - 

Request DefaultHttpRequest(decodeResult: success, version: HTTP/1.1)
POST /session/8855b7618225790445c12bc5fe03be7c/element HTTP/1.1
User-Agent: selenium/4.8.1 (java windows)
Content-Length: 74
Content-Type: application/json; charset=utf-8
host: localhost:30612
accept: */*

Response DefaultHttpResponse(decodeResult: success, version: HTTP/1.1)
HTTP/1.1 200 OK
Content-Length: 95
Content-Type: application/json; charset=utf-8
cache-control: no-cache

14:25:13.882 [AsyncHttpClient-1-6] DEBUG org.asynchttpclient.netty.channel.ChannelManager - Adding key: http://localhost:30612 for channel [id: 0x0663f76b, L:/127.0.0.1:58914 - R:localhost/127.0.0.1:30612]
14:25:13.884 [Forwarding clickElement on session 8855b7618225790445c12bc5fe03be7c to remote] DEBUG org.asynchttpclient.netty.request.NettyRequestSender - Using pooled Channel '[id: 0x0663f76b, L:/127.0.0.1:58914 - R:localhost/127.0.0.1:30612]' for 'POST' to 'http://localhost:30612/session/8855b7618225790445c12bc5fe03be7c/element/1DE0486F5E4B5FE7B3198C0ADB0401B6_element_51/click'
14:25:13.884 [Forwarding clickElement on session 8855b7618225790445c12bc5fe03be7c to remote] DEBUG org.asynchttpclient.netty.request.NettyRequestSender - Using open Channel [id: 0x0663f76b, L:/127.0.0.1:58914 - R:localhost/127.0.0.1:30612] for POST '/session/8855b7618225790445c12bc5fe03be7c/element/1DE0486F5E4B5FE7B3198C0ADB0401B6_element_51/click'
14:25:14.390 [AsyncHttpClient-1-1] DEBUG org.asynchttpclient.netty.channel.DefaultChannelPool - Entry count for : http://localhost:58915 : 1
14:25:15.490 [AsyncHttpClient-1-1] DEBUG org.asynchttpclient.netty.channel.DefaultChannelPool - Entry count for : http://localhost:58915 : 1
14:25:15.792 [AsyncHttpClient-1-6] DEBUG org.asynchttpclient.netty.handler.HttpHandler - 

Request DefaultHttpRequest(decodeResult: success, version: HTTP/1.1)
POST /session/8855b7618225790445c12bc5fe03be7c/element/1DE0486F5E4B5FE7B3198C0ADB0401B6_element_51/click HTTP/1.1
User-Agent: selenium/4.8.1 (java windows)
Content-Length: 57
Content-Type: application/json; charset=utf-8
host: localhost:30612
accept: */*

Response DefaultHttpResponse(decodeResult: success, version: HTTP/1.1)
HTTP/1.1 200 OK
Content-Length: 14
Content-Type: application/json; charset=utf-8
cache-control: no-cache

14:25:15.792 [AsyncHttpClient-1-6] DEBUG org.asynchttpclient.netty.channel.ChannelManager - Adding key: http://localhost:30612 for channel [id: 0x0663f76b, L:/127.0.0.1:58914 - R:localhost/127.0.0.1:30612]
14:25:15.800 [Forwarding getAlertText on session 8855b7618225790445c12bc5fe03be7c to remote] DEBUG org.asynchttpclient.netty.request.NettyRequestSender - Using pooled Channel '[id: 0x0663f76b, L:/127.0.0.1:58914 - R:localhost/127.0.0.1:30612]' for 'GET' to 'http://localhost:30612/session/8855b7618225790445c12bc5fe03be7c/alert/text'
14:25:15.800 [Forwarding getAlertText on session 8855b7618225790445c12bc5fe03be7c to remote] DEBUG org.asynchttpclient.netty.request.NettyRequestSender - Using open Channel [id: 0x0663f76b, L:/127.0.0.1:58914 - R:localhost/127.0.0.1:30612] for GET '/session/8855b7618225790445c12bc5fe03be7c/alert/text'
14:25:15.808 [AsyncHttpClient-1-6] DEBUG org.asynchttpclient.netty.handler.HttpHandler - 

Request DefaultFullHttpRequest(decodeResult: success, version: HTTP/1.1, content: EmptyByteBufBE)
GET /session/8855b7618225790445c12bc5fe03be7c/alert/text HTTP/1.1
User-Agent: selenium/4.8.1 (java windows)
Cache-Control: no-cache
Content-Type: application/json; charset=utf-8
host: localhost:30612
accept: */*

Response DefaultHttpResponse(decodeResult: success, version: HTTP/1.1)
HTTP/1.1 404 Not Found
Content-Length: 821
Content-Type: application/json; charset=utf-8
cache-control: no-cache

14:25:15.808 [AsyncHttpClient-1-6] DEBUG org.asynchttpclient.netty.channel.ChannelManager - Adding key: http://localhost:30612 for channel [id: 0x0663f76b, L:/127.0.0.1:58914 - R:localhost/127.0.0.1:30612]
14:25:15.816 [Forwarding getCurrentUrl on session 8855b7618225790445c12bc5fe03be7c to remote] DEBUG org.asynchttpclient.netty.request.NettyRequestSender - Using pooled Channel '[id: 0x0663f76b, L:/127.0.0.1:58914 - R:localhost/127.0.0.1:30612]' for 'GET' to 'http://localhost:30612/session/8855b7618225790445c12bc5fe03be7c/url'
14:25:15.816 [Forwarding getCurrentUrl on session 8855b7618225790445c12bc5fe03be7c to remote] DEBUG org.asynchttpclient.netty.request.NettyRequestSender - Using open Channel [id: 0x0663f76b, L:/127.0.0.1:58914 - R:localhost/127.0.0.1:30612] for GET '/session/8855b7618225790445c12bc5fe03be7c/url'
14:25:15.831 [AsyncHttpClient-1-6] DEBUG org.asynchttpclient.netty.handler.HttpHandler - 

Request DefaultFullHttpRequest(decodeResult: success, version: HTTP/1.1, content: EmptyByteBufBE)
GET /session/8855b7618225790445c12bc5fe03be7c/url HTTP/1.1
User-Agent: selenium/4.8.1 (java windows)
Cache-Control: no-cache
Content-Type: application/json; charset=utf-8
host: localhost:30612
accept: */*

Response DefaultHttpResponse(decodeResult: success, version: HTTP/1.1)
HTTP/1.1 200 OK
Content-Length: 58
Content-Type: application/json; charset=utf-8
cache-control: no-cache

14:25:15.831 [AsyncHttpClient-1-6] DEBUG org.asynchttpclient.netty.channel.ChannelManager - Adding key: http://localhost:30612 for channel [id: 0x0663f76b, L:/127.0.0.1:58914 - R:localhost/127.0.0.1:30612]
14:25:15.831 [Forwarding screenshot on session 8855b7618225790445c12bc5fe03be7c to remote] DEBUG org.asynchttpclient.netty.request.NettyRequestSender - Using pooled Channel '[id: 0x0663f76b, L:/127.0.0.1:58914 - R:localhost/127.0.0.1:30612]' for 'GET' to 'http://localhost:30612/session/8855b7618225790445c12bc5fe03be7c/screenshot'
14:25:15.831 [Forwarding screenshot on session 8855b7618225790445c12bc5fe03be7c to remote] DEBUG org.asynchttpclient.netty.request.NettyRequestSender - Using open Channel [id: 0x0663f76b, L:/127.0.0.1:58914 - R:localhost/127.0.0.1:30612] for GET '/session/8855b7618225790445c12bc5fe03be7c/screenshot'
14:25:16.192 [AsyncHttpClient-1-6] DEBUG org.asynchttpclient.netty.handler.HttpHandler - 

Request DefaultFullHttpRequest(decodeResult: success, version: HTTP/1.1, content: EmptyByteBufBE)
GET /session/8855b7618225790445c12bc5fe03be7c/screenshot HTTP/1.1
User-Agent: selenium/4.8.1 (java windows)
Cache-Control: no-cache
Content-Type: application/json; charset=utf-8
host: localhost:30612
accept: */*

Response DefaultHttpResponse(decodeResult: success, version: HTTP/1.1)
HTTP/1.1 200 OK
Content-Length: 846488
Content-Type: application/json; charset=utf-8
cache-control: no-cache

14:25:16.200 [AsyncHttpClient-1-6] DEBUG org.asynchttpclient.netty.channel.ChannelManager - Adding key: http://localhost:30612 for channel [id: 0x0663f76b, L:/127.0.0.1:58914 - R:localhost/127.0.0.1:30612]
14:25:16.240 [main] DEBUG net.serenitybdd.core.photography.Darkroom - Send negative for processing for target\site\serenity\7f9b7fc191b3f78ff2c5c6b4833a244b1c70d7b543b459094237a0dfec1ddb97.png
14:25:16.240 [main] DEBUG net.thucydides.core.steps.StepInterceptor - STEP DONE: To_Select_the_About_Us_Functionality
14:25:16.240 [Darkroom Processing Line] DEBUG net.serenitybdd.core.photography.DarkroomProcessingLine - Processing screenshot image in /var/screenshots/screenshot-9146736072372766761
14:25:16.240 [Darkroom Processing Line] DEBUG net.serenitybdd.core.photography.DarkroomProcessingLine - Saving screenshot to target\site\serenity\7f9b7fc191b3f78ff2c5c6b4833a244b1c70d7b543b459094237a0dfec1ddb97.png
14:25:16.256 [Forwarding getPageSource on session 8855b7618225790445c12bc5fe03be7c to remote] DEBUG org.asynchttpclient.netty.request.NettyRequestSender - Using pooled Channel '[id: 0x0663f76b, L:/127.0.0.1:58914 - R:localhost/127.0.0.1:30612]' for 'POST' to 'http://localhost:30612/session/8855b7618225790445c12bc5fe03be7c/execute/sync'
14:25:16.256 [Forwarding getPageSource on session 8855b7618225790445c12bc5fe03be7c to remote] DEBUG org.asynchttpclient.netty.request.NettyRequestSender - Using open Channel [id: 0x0663f76b, L:/127.0.0.1:58914 - R:localhost/127.0.0.1:30612] for POST '/session/8855b7618225790445c12bc5fe03be7c/execute/sync'
14:25:16.287 [AsyncHttpClient-1-6] DEBUG org.asynchttpclient.netty.handler.HttpHandler - 

Request DefaultHttpRequest(decodeResult: success, version: HTTP/1.1)
POST /session/8855b7618225790445c12bc5fe03be7c/execute/sync HTTP/1.1
User-Agent: selenium/4.8.1 (java windows)
Content-Length: 176
Content-Type: application/json; charset=utf-8
host: localhost:30612
accept: */*

Response DefaultHttpResponse(decodeResult: success, version: HTTP/1.1)
HTTP/1.1 200 OK
Content-Length: 78861
Content-Type: application/json; charset=utf-8
cache-control: no-cache

14:25:16.287 [AsyncHttpClient-1-6] DEBUG org.asynchttpclient.netty.channel.ChannelManager - Adding key: http://localhost:30612 for channel [id: 0x0663f76b, L:/127.0.0.1:58914 - R:localhost/127.0.0.1:30612]
14:25:16.306 [Forwarding getCurrentUrl on session 8855b7618225790445c12bc5fe03be7c to remote] DEBUG org.asynchttpclient.netty.request.NettyRequestSender - Using pooled Channel '[id: 0x0663f76b, L:/127.0.0.1:58914 - R:localhost/127.0.0.1:30612]' for 'GET' to 'http://localhost:30612/session/8855b7618225790445c12bc5fe03be7c/url'
14:25:16.306 [Forwarding getCurrentUrl on session 8855b7618225790445c12bc5fe03be7c to remote] DEBUG org.asynchttpclient.netty.request.NettyRequestSender - Using open Channel [id: 0x0663f76b, L:/127.0.0.1:58914 - R:localhost/127.0.0.1:30612] for GET '/session/8855b7618225790445c12bc5fe03be7c/url'
14:25:16.319 [AsyncHttpClient-1-6] DEBUG org.asynchttpclient.netty.handler.HttpHandler - 

Request DefaultFullHttpRequest(decodeResult: success, version: HTTP/1.1, content: EmptyByteBufBE)
GET /session/8855b7618225790445c12bc5fe03be7c/url HTTP/1.1
User-Agent: selenium/4.8.1 (java windows)
Cache-Control: no-cache
Content-Type: application/json; charset=utf-8
host: localhost:30612
accept: */*

Response DefaultHttpResponse(decodeResult: success, version: HTTP/1.1)
HTTP/1.1 200 OK
Content-Length: 58
Content-Type: application/json; charset=utf-8
cache-control: no-cache

14:25:16.319 [AsyncHttpClient-1-6] DEBUG org.asynchttpclient.netty.channel.ChannelManager - Adding key: http://localhost:30612 for channel [id: 0x0663f76b, L:/127.0.0.1:58914 - R:localhost/127.0.0.1:30612]
14:25:16.328 [Forwarding getAlertText on session 8855b7618225790445c12bc5fe03be7c to remote] DEBUG org.asynchttpclient.netty.request.NettyRequestSender - Using pooled Channel '[id: 0x0663f76b, L:/127.0.0.1:58914 - R:localhost/127.0.0.1:30612]' for 'GET' to 'http://localhost:30612/session/8855b7618225790445c12bc5fe03be7c/alert/text'
14:25:16.328 [Forwarding getAlertText on session 8855b7618225790445c12bc5fe03be7c to remote] DEBUG org.asynchttpclient.netty.request.NettyRequestSender - Using open Channel [id: 0x0663f76b, L:/127.0.0.1:58914 - R:localhost/127.0.0.1:30612] for GET '/session/8855b7618225790445c12bc5fe03be7c/alert/text'
14:25:16.339 [AsyncHttpClient-1-6] DEBUG org.asynchttpclient.netty.handler.HttpHandler - 

Request DefaultFullHttpRequest(decodeResult: success, version: HTTP/1.1, content: EmptyByteBufBE)
GET /session/8855b7618225790445c12bc5fe03be7c/alert/text HTTP/1.1
User-Agent: selenium/4.8.1 (java windows)
Cache-Control: no-cache
Content-Type: application/json; charset=utf-8
host: localhost:30612
accept: */*

Response DefaultHttpResponse(decodeResult: success, version: HTTP/1.1)
HTTP/1.1 404 Not Found
Content-Length: 821
Content-Type: application/json; charset=utf-8
cache-control: no-cache

14:25:16.339 [AsyncHttpClient-1-6] DEBUG org.asynchttpclient.netty.channel.ChannelManager - Adding key: http://localhost:30612 for channel [id: 0x0663f76b, L:/127.0.0.1:58914 - R:localhost/127.0.0.1:30612]
14:25:16.343 [Forwarding getCurrentUrl on session 8855b7618225790445c12bc5fe03be7c to remote] DEBUG org.asynchttpclient.netty.request.NettyRequestSender - Using pooled Channel '[id: 0x0663f76b, L:/127.0.0.1:58914 - R:localhost/127.0.0.1:30612]' for 'GET' to 'http://localhost:30612/session/8855b7618225790445c12bc5fe03be7c/url'
14:25:16.343 [Forwarding getCurrentUrl on session 8855b7618225790445c12bc5fe03be7c to remote] DEBUG org.asynchttpclient.netty.request.NettyRequestSender - Using open Channel [id: 0x0663f76b, L:/127.0.0.1:58914 - R:localhost/127.0.0.1:30612] for GET '/session/8855b7618225790445c12bc5fe03be7c/url'
14:25:16.351 [AsyncHttpClient-1-6] DEBUG org.asynchttpclient.netty.handler.HttpHandler - 

Request DefaultFullHttpRequest(decodeResult: success, version: HTTP/1.1, content: EmptyByteBufBE)
GET /session/8855b7618225790445c12bc5fe03be7c/url HTTP/1.1
User-Agent: selenium/4.8.1 (java windows)
Cache-Control: no-cache
Content-Type: application/json; charset=utf-8
host: localhost:30612
accept: */*

Response DefaultHttpResponse(decodeResult: success, version: HTTP/1.1)
HTTP/1.1 200 OK
Content-Length: 58
Content-Type: application/json; charset=utf-8
cache-control: no-cache

14:25:16.351 [AsyncHttpClient-1-6] DEBUG org.asynchttpclient.netty.channel.ChannelManager - Adding key: http://localhost:30612 for channel [id: 0x0663f76b, L:/127.0.0.1:58914 - R:localhost/127.0.0.1:30612]
14:25:16.351 [Forwarding screenshot on session 8855b7618225790445c12bc5fe03be7c to remote] DEBUG org.asynchttpclient.netty.request.NettyRequestSender - Using pooled Channel '[id: 0x0663f76b, L:/127.0.0.1:58914 - R:localhost/127.0.0.1:30612]' for 'GET' to 'http://localhost:30612/session/8855b7618225790445c12bc5fe03be7c/screenshot'
14:25:16.351 [Forwarding screenshot on session 8855b7618225790445c12bc5fe03be7c to remote] DEBUG org.asynchttpclient.netty.request.NettyRequestSender - Using open Channel [id: 0x0663f76b, L:/127.0.0.1:58914 - R:localhost/127.0.0.1:30612] for GET '/session/8855b7618225790445c12bc5fe03be7c/screenshot'
14:25:16.590 [AsyncHttpClient-1-1] DEBUG org.asynchttpclient.netty.channel.DefaultChannelPool - Entry count for : http://localhost:58915 : 1
14:25:16.722 [AsyncHttpClient-1-6] DEBUG org.asynchttpclient.netty.handler.HttpHandler - 

Request DefaultFullHttpRequest(decodeResult: success, version: HTTP/1.1, content: EmptyByteBufBE)
GET /session/8855b7618225790445c12bc5fe03be7c/screenshot HTTP/1.1
User-Agent: selenium/4.8.1 (java windows)
Cache-Control: no-cache
Content-Type: application/json; charset=utf-8
host: localhost:30612
accept: */*

Response DefaultHttpResponse(decodeResult: success, version: HTTP/1.1)
HTTP/1.1 200 OK
Content-Length: 846488
Content-Type: application/json; charset=utf-8
cache-control: no-cache

14:25:16.722 [AsyncHttpClient-1-6] DEBUG org.asynchttpclient.netty.channel.ChannelManager - Adding key: http://localhost:30612 for channel [id: 0x0663f76b, L:/127.0.0.1:58914 - R:localhost/127.0.0.1:30612]
14:25:16.754 [main] DEBUG net.serenitybdd.core.photography.Darkroom - Send negative for processing for target\site\serenity\7f9b7fc191b3f78ff2c5c6b4833a244b1c70d7b543b459094237a0dfec1ddb97.png
14:25:16.754 [Forwarding getPageSource on session 8855b7618225790445c12bc5fe03be7c to remote] DEBUG org.asynchttpclient.netty.request.NettyRequestSender - Using pooled Channel '[id: 0x0663f76b, L:/127.0.0.1:58914 - R:localhost/127.0.0.1:30612]' for 'POST' to 'http://localhost:30612/session/8855b7618225790445c12bc5fe03be7c/execute/sync'
14:25:16.754 [Forwarding getPageSource on session 8855b7618225790445c12bc5fe03be7c to remote] DEBUG org.asynchttpclient.netty.request.NettyRequestSender - Using open Channel [id: 0x0663f76b, L:/127.0.0.1:58914 - R:localhost/127.0.0.1:30612] for POST '/session/8855b7618225790445c12bc5fe03be7c/execute/sync'
14:25:16.768 [AsyncHttpClient-1-6] DEBUG org.asynchttpclient.netty.handler.HttpHandler - 

Request DefaultHttpRequest(decodeResult: success, version: HTTP/1.1)
POST /session/8855b7618225790445c12bc5fe03be7c/execute/sync HTTP/1.1
User-Agent: selenium/4.8.1 (java windows)
Content-Length: 176
Content-Type: application/json; charset=utf-8
host: localhost:30612
accept: */*

Response DefaultHttpResponse(decodeResult: success, version: HTTP/1.1)
HTTP/1.1 200 OK
Content-Length: 78861
Content-Type: application/json; charset=utf-8
cache-control: no-cache

14:25:16.768 [AsyncHttpClient-1-6] DEBUG org.asynchttpclient.netty.channel.ChannelManager - Adding key: http://localhost:30612 for channel [id: 0x0663f76b, L:/127.0.0.1:58914 - R:localhost/127.0.0.1:30612]
14:25:16.781 [Forwarding getCurrentUrl on session 8855b7618225790445c12bc5fe03be7c to remote] DEBUG org.asynchttpclient.netty.request.NettyRequestSender - Using pooled Channel '[id: 0x0663f76b, L:/127.0.0.1:58914 - R:localhost/127.0.0.1:30612]' for 'GET' to 'http://localhost:30612/session/8855b7618225790445c12bc5fe03be7c/url'
14:25:16.781 [Forwarding getCurrentUrl on session 8855b7618225790445c12bc5fe03be7c to remote] DEBUG org.asynchttpclient.netty.request.NettyRequestSender - Using open Channel [id: 0x0663f76b, L:/127.0.0.1:58914 - R:localhost/127.0.0.1:30612] for GET '/session/8855b7618225790445c12bc5fe03be7c/url'
14:25:16.786 [AsyncHttpClient-1-6] DEBUG org.asynchttpclient.netty.handler.HttpHandler - 

Request DefaultFullHttpRequest(decodeResult: success, version: HTTP/1.1, content: EmptyByteBufBE)
GET /session/8855b7618225790445c12bc5fe03be7c/url HTTP/1.1
User-Agent: selenium/4.8.1 (java windows)
Cache-Control: no-cache
Content-Type: application/json; charset=utf-8
host: localhost:30612
accept: */*

Response DefaultHttpResponse(decodeResult: success, version: HTTP/1.1)
HTTP/1.1 200 OK
Content-Length: 58
Content-Type: application/json; charset=utf-8
cache-control: no-cache

14:25:16.786 [AsyncHttpClient-1-6] DEBUG org.asynchttpclient.netty.channel.ChannelManager - Adding key: http://localhost:30612 for channel [id: 0x0663f76b, L:/127.0.0.1:58914 - R:localhost/127.0.0.1:30612]
14:25:16.786 [main] DEBUG net.thucydides.core.steps.StepInterceptor - STARTING STEP: Afrexim_OurBank_Aboutus_Steps.to_validate_the_about_us_page - To_validate_the_About_us_page
14:25:16.786 [Forwarding findElement on session 8855b7618225790445c12bc5fe03be7c to remote] DEBUG org.asynchttpclient.netty.request.NettyRequestSender - Using pooled Channel '[id: 0x0663f76b, L:/127.0.0.1:58914 - R:localhost/127.0.0.1:30612]' for 'POST' to 'http://localhost:30612/session/8855b7618225790445c12bc5fe03be7c/element'
14:25:16.786 [Forwarding findElement on session 8855b7618225790445c12bc5fe03be7c to remote] DEBUG org.asynchttpclient.netty.request.NettyRequestSender - Using open Channel [id: 0x0663f76b, L:/127.0.0.1:58914 - R:localhost/127.0.0.1:30612] for POST '/session/8855b7618225790445c12bc5fe03be7c/element'
14:25:16.808 [AsyncHttpClient-1-6] DEBUG org.asynchttpclient.netty.handler.HttpHandler - 

Request DefaultHttpRequest(decodeResult: success, version: HTTP/1.1)
POST /session/8855b7618225790445c12bc5fe03be7c/element HTTP/1.1
User-Agent: selenium/4.8.1 (java windows)
Content-Length: 70
Content-Type: application/json; charset=utf-8
host: localhost:30612
accept: */*

Response DefaultHttpResponse(decodeResult: success, version: HTTP/1.1)
HTTP/1.1 200 OK
Content-Length: 95
Content-Type: application/json; charset=utf-8
cache-control: no-cache

14:25:16.808 [AsyncHttpClient-1-6] DEBUG org.asynchttpclient.netty.channel.ChannelManager - Adding key: http://localhost:30612 for channel [id: 0x0663f76b, L:/127.0.0.1:58914 - R:localhost/127.0.0.1:30612]
14:25:16.808 [Forwarding isElementEnabled on session 8855b7618225790445c12bc5fe03be7c to remote] DEBUG org.asynchttpclient.netty.request.NettyRequestSender - Using pooled Channel '[id: 0x0663f76b, L:/127.0.0.1:58914 - R:localhost/127.0.0.1:30612]' for 'GET' to 'http://localhost:30612/session/8855b7618225790445c12bc5fe03be7c/element/6F255D3BAAB2036561EAC9D5D0BD512D_element_59/enabled'
14:25:16.808 [Forwarding isElementEnabled on session 8855b7618225790445c12bc5fe03be7c to remote] DEBUG org.asynchttpclient.netty.request.NettyRequestSender - Using open Channel [id: 0x0663f76b, L:/127.0.0.1:58914 - R:localhost/127.0.0.1:30612] for GET '/session/8855b7618225790445c12bc5fe03be7c/element/6F255D3BAAB2036561EAC9D5D0BD512D_element_59/enabled'
14:25:16.818 [AsyncHttpClient-1-6] DEBUG org.asynchttpclient.netty.handler.HttpHandler - 

Request DefaultFullHttpRequest(decodeResult: success, version: HTTP/1.1, content: EmptyByteBufBE)
GET /session/8855b7618225790445c12bc5fe03be7c/element/6F255D3BAAB2036561EAC9D5D0BD512D_element_59/enabled HTTP/1.1
User-Agent: selenium/4.8.1 (java windows)
Cache-Control: no-cache
Content-Type: application/json; charset=utf-8
host: localhost:30612
accept: */*

Response DefaultHttpResponse(decodeResult: success, version: HTTP/1.1)
HTTP/1.1 200 OK
Content-Length: 14
Content-Type: application/json; charset=utf-8
cache-control: no-cache

14:25:16.818 [AsyncHttpClient-1-6] DEBUG org.asynchttpclient.netty.channel.ChannelManager - Adding key: http://localhost:30612 for channel [id: 0x0663f76b, L:/127.0.0.1:58914 - R:localhost/127.0.0.1:30612]
14:25:16.818 [Forwarding getAlertText on session 8855b7618225790445c12bc5fe03be7c to remote] DEBUG org.asynchttpclient.netty.request.NettyRequestSender - Using pooled Channel '[id: 0x0663f76b, L:/127.0.0.1:58914 - R:localhost/127.0.0.1:30612]' for 'GET' to 'http://localhost:30612/session/8855b7618225790445c12bc5fe03be7c/alert/text'
14:25:16.818 [Forwarding getAlertText on session 8855b7618225790445c12bc5fe03be7c to remote] DEBUG org.asynchttpclient.netty.request.NettyRequestSender - Using open Channel [id: 0x0663f76b, L:/127.0.0.1:58914 - R:localhost/127.0.0.1:30612] for GET '/session/8855b7618225790445c12bc5fe03be7c/alert/text'
14:25:16.829 [AsyncHttpClient-1-6] DEBUG org.asynchttpclient.netty.handler.HttpHandler - 

Request DefaultFullHttpRequest(decodeResult: success, version: HTTP/1.1, content: EmptyByteBufBE)
GET /session/8855b7618225790445c12bc5fe03be7c/alert/text HTTP/1.1
User-Agent: selenium/4.8.1 (java windows)
Cache-Control: no-cache
Content-Type: application/json; charset=utf-8
host: localhost:30612
accept: */*

Response DefaultHttpResponse(decodeResult: success, version: HTTP/1.1)
HTTP/1.1 404 Not Found
Content-Length: 821
Content-Type: application/json; charset=utf-8
cache-control: no-cache

14:25:16.829 [AsyncHttpClient-1-6] DEBUG org.asynchttpclient.netty.channel.ChannelManager - Adding key: http://localhost:30612 for channel [id: 0x0663f76b, L:/127.0.0.1:58914 - R:localhost/127.0.0.1:30612]
14:25:16.829 [Forwarding getCurrentUrl on session 8855b7618225790445c12bc5fe03be7c to remote] DEBUG org.asynchttpclient.netty.request.NettyRequestSender - Using pooled Channel '[id: 0x0663f76b, L:/127.0.0.1:58914 - R:localhost/127.0.0.1:30612]' for 'GET' to 'http://localhost:30612/session/8855b7618225790445c12bc5fe03be7c/url'
14:25:16.829 [Forwarding getCurrentUrl on session 8855b7618225790445c12bc5fe03be7c to remote] DEBUG org.asynchttpclient.netty.request.NettyRequestSender - Using open Channel [id: 0x0663f76b, L:/127.0.0.1:58914 - R:localhost/127.0.0.1:30612] for GET '/session/8855b7618225790445c12bc5fe03be7c/url'
14:25:16.834 [AsyncHttpClient-1-6] DEBUG org.asynchttpclient.netty.handler.HttpHandler - 

Request DefaultFullHttpRequest(decodeResult: success, version: HTTP/1.1, content: EmptyByteBufBE)
GET /session/8855b7618225790445c12bc5fe03be7c/url HTTP/1.1
User-Agent: selenium/4.8.1 (java windows)
Cache-Control: no-cache
Content-Type: application/json; charset=utf-8
host: localhost:30612
accept: */*

Response DefaultHttpResponse(decodeResult: success, version: HTTP/1.1)
HTTP/1.1 200 OK
Content-Length: 58
Content-Type: application/json; charset=utf-8
cache-control: no-cache

14:25:16.834 [AsyncHttpClient-1-6] DEBUG org.asynchttpclient.netty.channel.ChannelManager - Adding key: http://localhost:30612 for channel [id: 0x0663f76b, L:/127.0.0.1:58914 - R:localhost/127.0.0.1:30612]
14:25:16.834 [Forwarding screenshot on session 8855b7618225790445c12bc5fe03be7c to remote] DEBUG org.asynchttpclient.netty.request.NettyRequestSender - Using pooled Channel '[id: 0x0663f76b, L:/127.0.0.1:58914 - R:localhost/127.0.0.1:30612]' for 'GET' to 'http://localhost:30612/session/8855b7618225790445c12bc5fe03be7c/screenshot'
14:25:16.834 [Forwarding screenshot on session 8855b7618225790445c12bc5fe03be7c to remote] DEBUG org.asynchttpclient.netty.request.NettyRequestSender - Using open Channel [id: 0x0663f76b, L:/127.0.0.1:58914 - R:localhost/127.0.0.1:30612] for GET '/session/8855b7618225790445c12bc5fe03be7c/screenshot'
14:25:17.165 [AsyncHttpClient-1-6] DEBUG org.asynchttpclient.netty.handler.HttpHandler - 

Request DefaultFullHttpRequest(decodeResult: success, version: HTTP/1.1, content: EmptyByteBufBE)
GET /session/8855b7618225790445c12bc5fe03be7c/screenshot HTTP/1.1
User-Agent: selenium/4.8.1 (java windows)
Cache-Control: no-cache
Content-Type: application/json; charset=utf-8
host: localhost:30612
accept: */*

Response DefaultHttpResponse(decodeResult: success, version: HTTP/1.1)
HTTP/1.1 200 OK
Content-Length: 846488
Content-Type: application/json; charset=utf-8
cache-control: no-cache

14:25:17.168 [AsyncHttpClient-1-6] DEBUG org.asynchttpclient.netty.channel.ChannelManager - Adding key: http://localhost:30612 for channel [id: 0x0663f76b, L:/127.0.0.1:58914 - R:localhost/127.0.0.1:30612]
14:25:17.207 [main] DEBUG net.serenitybdd.core.photography.Darkroom - Send negative for processing for target\site\serenity\7f9b7fc191b3f78ff2c5c6b4833a244b1c70d7b543b459094237a0dfec1ddb97.png
14:25:17.207 [main] DEBUG net.thucydides.core.steps.StepInterceptor - STEP DONE: To_validate_the_About_us_page
14:25:17.218 [Forwarding getPageSource on session 8855b7618225790445c12bc5fe03be7c to remote] DEBUG org.asynchttpclient.netty.request.NettyRequestSender - Using pooled Channel '[id: 0x0663f76b, L:/127.0.0.1:58914 - R:localhost/127.0.0.1:30612]' for 'POST' to 'http://localhost:30612/session/8855b7618225790445c12bc5fe03be7c/execute/sync'
14:25:17.218 [Forwarding getPageSource on session 8855b7618225790445c12bc5fe03be7c to remote] DEBUG org.asynchttpclient.netty.request.NettyRequestSender - Using open Channel [id: 0x0663f76b, L:/127.0.0.1:58914 - R:localhost/127.0.0.1:30612] for POST '/session/8855b7618225790445c12bc5fe03be7c/execute/sync'
14:25:17.235 [AsyncHttpClient-1-6] DEBUG org.asynchttpclient.netty.handler.HttpHandler - 

Request DefaultHttpRequest(decodeResult: success, version: HTTP/1.1)
POST /session/8855b7618225790445c12bc5fe03be7c/execute/sync HTTP/1.1
User-Agent: selenium/4.8.1 (java windows)
Content-Length: 176
Content-Type: application/json; charset=utf-8
host: localhost:30612
accept: */*

Response DefaultHttpResponse(decodeResult: success, version: HTTP/1.1)
HTTP/1.1 200 OK
Content-Length: 78861
Content-Type: application/json; charset=utf-8
cache-control: no-cache

14:25:17.235 [AsyncHttpClient-1-6] DEBUG org.asynchttpclient.netty.channel.ChannelManager - Adding key: http://localhost:30612 for channel [id: 0x0663f76b, L:/127.0.0.1:58914 - R:localhost/127.0.0.1:30612]
14:25:17.245 [Forwarding getCurrentUrl on session 8855b7618225790445c12bc5fe03be7c to remote] DEBUG org.asynchttpclient.netty.request.NettyRequestSender - Using pooled Channel '[id: 0x0663f76b, L:/127.0.0.1:58914 - R:localhost/127.0.0.1:30612]' for 'GET' to 'http://localhost:30612/session/8855b7618225790445c12bc5fe03be7c/url'
14:25:17.245 [Forwarding getCurrentUrl on session 8855b7618225790445c12bc5fe03be7c to remote] DEBUG org.asynchttpclient.netty.request.NettyRequestSender - Using open Channel [id: 0x0663f76b, L:/127.0.0.1:58914 - R:localhost/127.0.0.1:30612] for GET '/session/8855b7618225790445c12bc5fe03be7c/url'
14:25:17.261 [AsyncHttpClient-1-6] DEBUG org.asynchttpclient.netty.handler.HttpHandler - 

Request DefaultFullHttpRequest(decodeResult: success, version: HTTP/1.1, content: EmptyByteBufBE)
GET /session/8855b7618225790445c12bc5fe03be7c/url HTTP/1.1
User-Agent: selenium/4.8.1 (java windows)
Cache-Control: no-cache
Content-Type: application/json; charset=utf-8
host: localhost:30612
accept: */*

Response DefaultHttpResponse(decodeResult: success, version: HTTP/1.1)
HTTP/1.1 200 OK
Content-Length: 58
Content-Type: application/json; charset=utf-8
cache-control: no-cache

14:25:17.261 [AsyncHttpClient-1-6] DEBUG org.asynchttpclient.netty.channel.ChannelManager - Adding key: http://localhost:30612 for channel [id: 0x0663f76b, L:/127.0.0.1:58914 - R:localhost/127.0.0.1:30612]
14:25:17.277 [Forwarding getAlertText on session 8855b7618225790445c12bc5fe03be7c to remote] DEBUG org.asynchttpclient.netty.request.NettyRequestSender - Using pooled Channel '[id: 0x0663f76b, L:/127.0.0.1:58914 - R:localhost/127.0.0.1:30612]' for 'GET' to 'http://localhost:30612/session/8855b7618225790445c12bc5fe03be7c/alert/text'
14:25:17.277 [Forwarding getAlertText on session 8855b7618225790445c12bc5fe03be7c to remote] DEBUG org.asynchttpclient.netty.request.NettyRequestSender - Using open Channel [id: 0x0663f76b, L:/127.0.0.1:58914 - R:localhost/127.0.0.1:30612] for GET '/session/8855b7618225790445c12bc5fe03be7c/alert/text'
14:25:17.277 [AsyncHttpClient-1-6] DEBUG org.asynchttpclient.netty.handler.HttpHandler - 

Request DefaultFullHttpRequest(decodeResult: success, version: HTTP/1.1, content: EmptyByteBufBE)
GET /session/8855b7618225790445c12bc5fe03be7c/alert/text HTTP/1.1
User-Agent: selenium/4.8.1 (java windows)
Cache-Control: no-cache
Content-Type: application/json; charset=utf-8
host: localhost:30612
accept: */*

Response DefaultHttpResponse(decodeResult: success, version: HTTP/1.1)
HTTP/1.1 404 Not Found
Content-Length: 821
Content-Type: application/json; charset=utf-8
cache-control: no-cache

14:25:17.277 [AsyncHttpClient-1-6] DEBUG org.asynchttpclient.netty.channel.ChannelManager - Adding key: http://localhost:30612 for channel [id: 0x0663f76b, L:/127.0.0.1:58914 - R:localhost/127.0.0.1:30612]
14:25:17.698 [AsyncHttpClient-1-1] DEBUG org.asynchttpclient.netty.channel.DefaultChannelPool - Entry count for : http://localhost:58915 : 1
14:25:17.698 [AsyncHttpClient-1-1] DEBUG org.asynchttpclient.netty.channel.DefaultChannelPool - Entry count for : http://localhost:30612 : 1
14:25:17.794 [Forwarding getAlertText on session 8855b7618225790445c12bc5fe03be7c to remote] DEBUG org.asynchttpclient.netty.request.NettyRequestSender - Using pooled Channel '[id: 0x0663f76b, L:/127.0.0.1:58914 - R:localhost/127.0.0.1:30612]' for 'GET' to 'http://localhost:30612/session/8855b7618225790445c12bc5fe03be7c/alert/text'
14:25:17.794 [Forwarding getAlertText on session 8855b7618225790445c12bc5fe03be7c to remote] DEBUG org.asynchttpclient.netty.request.NettyRequestSender - Using open Channel [id: 0x0663f76b, L:/127.0.0.1:58914 - R:localhost/127.0.0.1:30612] for GET '/session/8855b7618225790445c12bc5fe03be7c/alert/text'
14:25:17.794 [AsyncHttpClient-1-6] DEBUG org.asynchttpclient.netty.handler.HttpHandler - 

Request DefaultFullHttpRequest(decodeResult: success, version: HTTP/1.1, content: EmptyByteBufBE)
GET /session/8855b7618225790445c12bc5fe03be7c/alert/text HTTP/1.1
User-Agent: selenium/4.8.1 (java windows)
Cache-Control: no-cache
Content-Type: application/json; charset=utf-8
host: localhost:30612
accept: */*

Response DefaultHttpResponse(decodeResult: success, version: HTTP/1.1)
HTTP/1.1 404 Not Found
Content-Length: 821
Content-Type: application/json; charset=utf-8
cache-control: no-cache

14:25:17.794 [AsyncHttpClient-1-6] DEBUG org.asynchttpclient.netty.channel.ChannelManager - Adding key: http://localhost:30612 for channel [id: 0x0663f76b, L:/127.0.0.1:58914 - R:localhost/127.0.0.1:30612]
14:25:17.803 [Forwarding getCurrentUrl on session 8855b7618225790445c12bc5fe03be7c to remote] DEBUG org.asynchttpclient.netty.request.NettyRequestSender - Using pooled Channel '[id: 0x0663f76b, L:/127.0.0.1:58914 - R:localhost/127.0.0.1:30612]' for 'GET' to 'http://localhost:30612/session/8855b7618225790445c12bc5fe03be7c/url'
14:25:17.803 [Forwarding getCurrentUrl on session 8855b7618225790445c12bc5fe03be7c to remote] DEBUG org.asynchttpclient.netty.request.NettyRequestSender - Using open Channel [id: 0x0663f76b, L:/127.0.0.1:58914 - R:localhost/127.0.0.1:30612] for GET '/session/8855b7618225790445c12bc5fe03be7c/url'
14:25:17.844 [AsyncHttpClient-1-6] DEBUG org.asynchttpclient.netty.handler.HttpHandler - 

Request DefaultFullHttpRequest(decodeResult: success, version: HTTP/1.1, content: EmptyByteBufBE)
GET /session/8855b7618225790445c12bc5fe03be7c/url HTTP/1.1
User-Agent: selenium/4.8.1 (java windows)
Cache-Control: no-cache
Content-Type: application/json; charset=utf-8
host: localhost:30612
accept: */*

Response DefaultHttpResponse(decodeResult: success, version: HTTP/1.1)
HTTP/1.1 200 OK
Content-Length: 58
Content-Type: application/json; charset=utf-8
cache-control: no-cache

14:25:17.844 [AsyncHttpClient-1-6] DEBUG org.asynchttpclient.netty.channel.ChannelManager - Adding key: http://localhost:30612 for channel [id: 0x0663f76b, L:/127.0.0.1:58914 - R:localhost/127.0.0.1:30612]
14:25:17.858 [Forwarding screenshot on session 8855b7618225790445c12bc5fe03be7c to remote] DEBUG org.asynchttpclient.netty.request.NettyRequestSender - Using pooled Channel '[id: 0x0663f76b, L:/127.0.0.1:58914 - R:localhost/127.0.0.1:30612]' for 'GET' to 'http://localhost:30612/session/8855b7618225790445c12bc5fe03be7c/screenshot'
14:25:17.864 [Forwarding screenshot on session 8855b7618225790445c12bc5fe03be7c to remote] DEBUG org.asynchttpclient.netty.request.NettyRequestSender - Using open Channel [id: 0x0663f76b, L:/127.0.0.1:58914 - R:localhost/127.0.0.1:30612] for GET '/session/8855b7618225790445c12bc5fe03be7c/screenshot'
14:25:18.541 [AsyncHttpClient-1-6] DEBUG org.asynchttpclient.netty.handler.HttpHandler - 

Request DefaultFullHttpRequest(decodeResult: success, version: HTTP/1.1, content: EmptyByteBufBE)
GET /session/8855b7618225790445c12bc5fe03be7c/screenshot HTTP/1.1
User-Agent: selenium/4.8.1 (java windows)
Cache-Control: no-cache
Content-Type: application/json; charset=utf-8
host: localhost:30612
accept: */*

Response DefaultHttpResponse(decodeResult: success, version: HTTP/1.1)
HTTP/1.1 200 OK
Content-Length: 846488
Content-Type: application/json; charset=utf-8
cache-control: no-cache

14:25:18.541 [AsyncHttpClient-1-6] DEBUG org.asynchttpclient.netty.channel.ChannelManager - Adding key: http://localhost:30612 for channel [id: 0x0663f76b, L:/127.0.0.1:58914 - R:localhost/127.0.0.1:30612]
14:25:18.615 [main] DEBUG net.serenitybdd.core.photography.Darkroom - Send negative for processing for target\site\serenity\7f9b7fc191b3f78ff2c5c6b4833a244b1c70d7b543b459094237a0dfec1ddb97.png
14:25:18.626 [Forwarding getPageSource on session 8855b7618225790445c12bc5fe03be7c to remote] DEBUG org.asynchttpclient.netty.request.NettyRequestSender - Using pooled Channel '[id: 0x0663f76b, L:/127.0.0.1:58914 - R:localhost/127.0.0.1:30612]' for 'POST' to 'http://localhost:30612/session/8855b7618225790445c12bc5fe03be7c/execute/sync'
14:25:18.626 [Forwarding getPageSource on session 8855b7618225790445c12bc5fe03be7c to remote] DEBUG org.asynchttpclient.netty.request.NettyRequestSender - Using open Channel [id: 0x0663f76b, L:/127.0.0.1:58914 - R:localhost/127.0.0.1:30612] for POST '/session/8855b7618225790445c12bc5fe03be7c/execute/sync'
14:25:18.653 [AsyncHttpClient-1-6] DEBUG org.asynchttpclient.netty.handler.HttpHandler - 

Request DefaultHttpRequest(decodeResult: success, version: HTTP/1.1)
POST /session/8855b7618225790445c12bc5fe03be7c/execute/sync HTTP/1.1
User-Agent: selenium/4.8.1 (java windows)
Content-Length: 176
Content-Type: application/json; charset=utf-8
host: localhost:30612
accept: */*

Response DefaultHttpResponse(decodeResult: success, version: HTTP/1.1)
HTTP/1.1 200 OK
Content-Length: 78861
Content-Type: application/json; charset=utf-8
cache-control: no-cache

14:25:18.653 [AsyncHttpClient-1-6] DEBUG org.asynchttpclient.netty.channel.ChannelManager - Adding key: http://localhost:30612 for channel [id: 0x0663f76b, L:/127.0.0.1:58914 - R:localhost/127.0.0.1:30612]
14:25:18.670 [Forwarding getCurrentUrl on session 8855b7618225790445c12bc5fe03be7c to remote] DEBUG org.asynchttpclient.netty.request.NettyRequestSender - Using pooled Channel '[id: 0x0663f76b, L:/127.0.0.1:58914 - R:localhost/127.0.0.1:30612]' for 'GET' to 'http://localhost:30612/session/8855b7618225790445c12bc5fe03be7c/url'
14:25:18.670 [Forwarding getCurrentUrl on session 8855b7618225790445c12bc5fe03be7c to remote] DEBUG org.asynchttpclient.netty.request.NettyRequestSender - Using open Channel [id: 0x0663f76b, L:/127.0.0.1:58914 - R:localhost/127.0.0.1:30612] for GET '/session/8855b7618225790445c12bc5fe03be7c/url'
14:25:18.679 [AsyncHttpClient-1-6] DEBUG org.asynchttpclient.netty.handler.HttpHandler - 

Request DefaultFullHttpRequest(decodeResult: success, version: HTTP/1.1, content: EmptyByteBufBE)
GET /session/8855b7618225790445c12bc5fe03be7c/url HTTP/1.1
User-Agent: selenium/4.8.1 (java windows)
Cache-Control: no-cache
Content-Type: application/json; charset=utf-8
host: localhost:30612
accept: */*

Response DefaultHttpResponse(decodeResult: success, version: HTTP/1.1)
HTTP/1.1 200 OK
Content-Length: 58
Content-Type: application/json; charset=utf-8
cache-control: no-cache

14:25:18.679 [AsyncHttpClient-1-6] DEBUG org.asynchttpclient.netty.channel.ChannelManager - Adding key: http://localhost:30612 for channel [id: 0x0663f76b, L:/127.0.0.1:58914 - R:localhost/127.0.0.1:30612]
14:25:18.685 [main] DEBUG net.thucydides.core.steps.StepInterceptor - STARTING STEP: Afrexim_OurBank_Aboutus_Steps.to_scroll_down_the_entire_page - To_scroll_down_the_entire_page
14:25:18.798 [AsyncHttpClient-1-1] DEBUG org.asynchttpclient.netty.channel.DefaultChannelPool - Entry count for : http://localhost:58915 : 1
14:25:18.798 [AsyncHttpClient-1-1] DEBUG org.asynchttpclient.netty.channel.DefaultChannelPool - Entry count for : http://localhost:30612 : 1
14:25:19.198 [Forwarding getAlertText on session 8855b7618225790445c12bc5fe03be7c to remote] DEBUG org.asynchttpclient.netty.request.NettyRequestSender - Using pooled Channel '[id: 0x0663f76b, L:/127.0.0.1:58914 - R:localhost/127.0.0.1:30612]' for 'GET' to 'http://localhost:30612/session/8855b7618225790445c12bc5fe03be7c/alert/text'
14:25:19.198 [Forwarding getAlertText on session 8855b7618225790445c12bc5fe03be7c to remote] DEBUG org.asynchttpclient.netty.request.NettyRequestSender - Using open Channel [id: 0x0663f76b, L:/127.0.0.1:58914 - R:localhost/127.0.0.1:30612] for GET '/session/8855b7618225790445c12bc5fe03be7c/alert/text'
14:25:19.254 [AsyncHttpClient-1-6] DEBUG org.asynchttpclient.netty.handler.HttpHandler - 

Request DefaultFullHttpRequest(decodeResult: success, version: HTTP/1.1, content: EmptyByteBufBE)
GET /session/8855b7618225790445c12bc5fe03be7c/alert/text HTTP/1.1
User-Agent: selenium/4.8.1 (java windows)
Cache-Control: no-cache
Content-Type: application/json; charset=utf-8
host: localhost:30612
accept: */*

Response DefaultHttpResponse(decodeResult: success, version: HTTP/1.1)
HTTP/1.1 404 Not Found
Content-Length: 821
Content-Type: application/json; charset=utf-8
cache-control: no-cache

14:25:19.254 [AsyncHttpClient-1-6] DEBUG org.asynchttpclient.netty.channel.ChannelManager - Adding key: http://localhost:30612 for channel [id: 0x0663f76b, L:/127.0.0.1:58914 - R:localhost/127.0.0.1:30612]
14:25:19.254 [Forwarding getCurrentUrl on session 8855b7618225790445c12bc5fe03be7c to remote] DEBUG org.asynchttpclient.netty.request.NettyRequestSender - Using pooled Channel '[id: 0x0663f76b, L:/127.0.0.1:58914 - R:localhost/127.0.0.1:30612]' for 'GET' to 'http://localhost:30612/session/8855b7618225790445c12bc5fe03be7c/url'
14:25:19.254 [Forwarding getCurrentUrl on session 8855b7618225790445c12bc5fe03be7c to remote] DEBUG org.asynchttpclient.netty.request.NettyRequestSender - Using open Channel [id: 0x0663f76b, L:/127.0.0.1:58914 - R:localhost/127.0.0.1:30612] for GET '/session/8855b7618225790445c12bc5fe03be7c/url'
14:25:19.286 [AsyncHttpClient-1-6] DEBUG org.asynchttpclient.netty.handler.HttpHandler - 

Request DefaultFullHttpRequest(decodeResult: success, version: HTTP/1.1, content: EmptyByteBufBE)
GET /session/8855b7618225790445c12bc5fe03be7c/url HTTP/1.1
User-Agent: selenium/4.8.1 (java windows)
Cache-Control: no-cache
Content-Type: application/json; charset=utf-8
host: localhost:30612
accept: */*

Response DefaultHttpResponse(decodeResult: success, version: HTTP/1.1)
HTTP/1.1 200 OK
Content-Length: 58
Content-Type: application/json; charset=utf-8
cache-control: no-cache

14:25:19.286 [AsyncHttpClient-1-6] DEBUG org.asynchttpclient.netty.channel.ChannelManager - Adding key: http://localhost:30612 for channel [id: 0x0663f76b, L:/127.0.0.1:58914 - R:localhost/127.0.0.1:30612]
14:25:19.292 [Forwarding screenshot on session 8855b7618225790445c12bc5fe03be7c to remote] DEBUG org.asynchttpclient.netty.request.NettyRequestSender - Using pooled Channel '[id: 0x0663f76b, L:/127.0.0.1:58914 - R:localhost/127.0.0.1:30612]' for 'GET' to 'http://localhost:30612/session/8855b7618225790445c12bc5fe03be7c/screenshot'
14:25:19.292 [Forwarding screenshot on session 8855b7618225790445c12bc5fe03be7c to remote] DEBUG org.asynchttpclient.netty.request.NettyRequestSender - Using open Channel [id: 0x0663f76b, L:/127.0.0.1:58914 - R:localhost/127.0.0.1:30612] for GET '/session/8855b7618225790445c12bc5fe03be7c/screenshot'
14:25:19.888 [AsyncHttpClient-1-1] DEBUG org.asynchttpclient.netty.channel.DefaultChannelPool - Entry count for : http://localhost:58915 : 1
14:25:19.958 [AsyncHttpClient-1-6] DEBUG org.asynchttpclient.netty.handler.HttpHandler - 

Request DefaultFullHttpRequest(decodeResult: success, version: HTTP/1.1, content: EmptyByteBufBE)
GET /session/8855b7618225790445c12bc5fe03be7c/screenshot HTTP/1.1
User-Agent: selenium/4.8.1 (java windows)
Cache-Control: no-cache
Content-Type: application/json; charset=utf-8
host: localhost:30612
accept: */*

Response DefaultHttpResponse(decodeResult: success, version: HTTP/1.1)
HTTP/1.1 200 OK
Content-Length: 755288
Content-Type: application/json; charset=utf-8
cache-control: no-cache

14:25:19.958 [AsyncHttpClient-1-6] DEBUG org.asynchttpclient.netty.channel.ChannelManager - Adding key: http://localhost:30612 for channel [id: 0x0663f76b, L:/127.0.0.1:58914 - R:localhost/127.0.0.1:30612]
14:25:20.043 [main] DEBUG net.serenitybdd.core.photography.Darkroom - Send negative for processing for target\site\serenity\b193c27bbe10874cf57394e5f9953c5695eae4b834c10d08d2241764b37074f2.png
14:25:20.043 [Darkroom Processing Line] DEBUG net.serenitybdd.core.photography.DarkroomProcessingLine - Processing screenshot image in /var/screenshots/screenshot-4520955784974346664
14:25:20.043 [Darkroom Processing Line] DEBUG net.serenitybdd.core.photography.DarkroomProcessingLine - Saving screenshot to target\site\serenity\b193c27bbe10874cf57394e5f9953c5695eae4b834c10d08d2241764b37074f2.png
14:25:20.043 [main] DEBUG net.thucydides.core.steps.StepInterceptor - STEP DONE: To_scroll_down_the_entire_page
14:25:20.097 [Forwarding getAlertText on session 8855b7618225790445c12bc5fe03be7c to remote] DEBUG org.asynchttpclient.netty.request.NettyRequestSender - Using pooled Channel '[id: 0x0663f76b, L:/127.0.0.1:58914 - R:localhost/127.0.0.1:30612]' for 'GET' to 'http://localhost:30612/session/8855b7618225790445c12bc5fe03be7c/alert/text'
14:25:20.097 [Forwarding getAlertText on session 8855b7618225790445c12bc5fe03be7c to remote] DEBUG org.asynchttpclient.netty.request.NettyRequestSender - Using open Channel [id: 0x0663f76b, L:/127.0.0.1:58914 - R:localhost/127.0.0.1:30612] for GET '/session/8855b7618225790445c12bc5fe03be7c/alert/text'
14:25:20.122 [AsyncHttpClient-1-6] DEBUG org.asynchttpclient.netty.handler.HttpHandler - 

Request DefaultFullHttpRequest(decodeResult: success, version: HTTP/1.1, content: EmptyByteBufBE)
GET /session/8855b7618225790445c12bc5fe03be7c/alert/text HTTP/1.1
User-Agent: selenium/4.8.1 (java windows)
Cache-Control: no-cache
Content-Type: application/json; charset=utf-8
host: localhost:30612
accept: */*

Response DefaultHttpResponse(decodeResult: success, version: HTTP/1.1)
HTTP/1.1 404 Not Found
Content-Length: 821
Content-Type: application/json; charset=utf-8
cache-control: no-cache

14:25:20.122 [AsyncHttpClient-1-6] DEBUG org.asynchttpclient.netty.channel.ChannelManager - Adding key: http://localhost:30612 for channel [id: 0x0663f76b, L:/127.0.0.1:58914 - R:localhost/127.0.0.1:30612]
14:25:20.125 [Forwarding getCurrentUrl on session 8855b7618225790445c12bc5fe03be7c to remote] DEBUG org.asynchttpclient.netty.request.NettyRequestSender - Using pooled Channel '[id: 0x0663f76b, L:/127.0.0.1:58914 - R:localhost/127.0.0.1:30612]' for 'GET' to 'http://localhost:30612/session/8855b7618225790445c12bc5fe03be7c/url'
14:25:20.125 [Forwarding getCurrentUrl on session 8855b7618225790445c12bc5fe03be7c to remote] DEBUG org.asynchttpclient.netty.request.NettyRequestSender - Using open Channel [id: 0x0663f76b, L:/127.0.0.1:58914 - R:localhost/127.0.0.1:30612] for GET '/session/8855b7618225790445c12bc5fe03be7c/url'
14:25:20.157 [AsyncHttpClient-1-6] DEBUG org.asynchttpclient.netty.handler.HttpHandler - 

Request DefaultFullHttpRequest(decodeResult: success, version: HTTP/1.1, content: EmptyByteBufBE)
GET /session/8855b7618225790445c12bc5fe03be7c/url HTTP/1.1
User-Agent: selenium/4.8.1 (java windows)
Cache-Control: no-cache
Content-Type: application/json; charset=utf-8
host: localhost:30612
accept: */*

Response DefaultHttpResponse(decodeResult: success, version: HTTP/1.1)
HTTP/1.1 200 OK
Content-Length: 58
Content-Type: application/json; charset=utf-8
cache-control: no-cache

14:25:20.157 [AsyncHttpClient-1-6] DEBUG org.asynchttpclient.netty.channel.ChannelManager - Adding key: http://localhost:30612 for channel [id: 0x0663f76b, L:/127.0.0.1:58914 - R:localhost/127.0.0.1:30612]
14:25:20.162 [Forwarding screenshot on session 8855b7618225790445c12bc5fe03be7c to remote] DEBUG org.asynchttpclient.netty.request.NettyRequestSender - Using pooled Channel '[id: 0x0663f76b, L:/127.0.0.1:58914 - R:localhost/127.0.0.1:30612]' for 'GET' to 'http://localhost:30612/session/8855b7618225790445c12bc5fe03be7c/screenshot'
14:25:20.162 [Forwarding screenshot on session 8855b7618225790445c12bc5fe03be7c to remote] DEBUG org.asynchttpclient.netty.request.NettyRequestSender - Using open Channel [id: 0x0663f76b, L:/127.0.0.1:58914 - R:localhost/127.0.0.1:30612] for GET '/session/8855b7618225790445c12bc5fe03be7c/screenshot'
14:25:20.949 [AsyncHttpClient-1-6] DEBUG org.asynchttpclient.netty.handler.HttpHandler - 

Request DefaultFullHttpRequest(decodeResult: success, version: HTTP/1.1, content: EmptyByteBufBE)
GET /session/8855b7618225790445c12bc5fe03be7c/screenshot HTTP/1.1
User-Agent: selenium/4.8.1 (java windows)
Cache-Control: no-cache
Content-Type: application/json; charset=utf-8
host: localhost:30612
accept: */*

Response DefaultHttpResponse(decodeResult: success, version: HTTP/1.1)
HTTP/1.1 200 OK
Content-Length: 831132
Content-Type: application/json; charset=utf-8
cache-control: no-cache

14:25:20.958 [AsyncHttpClient-1-6] DEBUG org.asynchttpclient.netty.channel.ChannelManager - Adding key: http://localhost:30612 for channel [id: 0x0663f76b, L:/127.0.0.1:58914 - R:localhost/127.0.0.1:30612]
14:25:20.992 [AsyncHttpClient-1-1] DEBUG org.asynchttpclient.netty.channel.DefaultChannelPool - Entry count for : http://localhost:58915 : 1
14:25:20.992 [AsyncHttpClient-1-1] DEBUG org.asynchttpclient.netty.channel.DefaultChannelPool - Entry count for : http://localhost:30612 : 1
14:25:21.065 [main] DEBUG net.serenitybdd.core.photography.Darkroom - Send negative for processing for target\site\serenity\00e3248fba0e0577c0de71594b90b62dea195ae2726ff07c2a1c62371da8cf14.png
14:25:21.065 [Darkroom Processing Line] DEBUG net.serenitybdd.core.photography.DarkroomProcessingLine - Processing screenshot image in /var/screenshots/screenshot-2821658137808524115
14:25:21.065 [Darkroom Processing Line] DEBUG net.serenitybdd.core.photography.DarkroomProcessingLine - Saving screenshot to target\site\serenity\00e3248fba0e0577c0de71594b90b62dea195ae2726ff07c2a1c62371da8cf14.png
14:25:21.065 [Forwarding getPageSource on session 8855b7618225790445c12bc5fe03be7c to remote] DEBUG org.asynchttpclient.netty.request.NettyRequestSender - Using pooled Channel '[id: 0x0663f76b, L:/127.0.0.1:58914 - R:localhost/127.0.0.1:30612]' for 'POST' to 'http://localhost:30612/session/8855b7618225790445c12bc5fe03be7c/execute/sync'
14:25:21.065 [Forwarding getPageSource on session 8855b7618225790445c12bc5fe03be7c to remote] DEBUG org.asynchttpclient.netty.request.NettyRequestSender - Using open Channel [id: 0x0663f76b, L:/127.0.0.1:58914 - R:localhost/127.0.0.1:30612] for POST '/session/8855b7618225790445c12bc5fe03be7c/execute/sync'
14:25:21.168 [AsyncHttpClient-1-6] DEBUG org.asynchttpclient.netty.handler.HttpHandler - 

Request DefaultHttpRequest(decodeResult: success, version: HTTP/1.1)
POST /session/8855b7618225790445c12bc5fe03be7c/execute/sync HTTP/1.1
User-Agent: selenium/4.8.1 (java windows)
Content-Length: 176
Content-Type: application/json; charset=utf-8
host: localhost:30612
accept: */*

Response DefaultHttpResponse(decodeResult: success, version: HTTP/1.1)
HTTP/1.1 200 OK
Content-Length: 79261
Content-Type: application/json; charset=utf-8
cache-control: no-cache

14:25:21.168 [AsyncHttpClient-1-6] DEBUG org.asynchttpclient.netty.channel.ChannelManager - Adding key: http://localhost:30612 for channel [id: 0x0663f76b, L:/127.0.0.1:58914 - R:localhost/127.0.0.1:30612]
14:25:21.181 [Forwarding getCurrentUrl on session 8855b7618225790445c12bc5fe03be7c to remote] DEBUG org.asynchttpclient.netty.request.NettyRequestSender - Using pooled Channel '[id: 0x0663f76b, L:/127.0.0.1:58914 - R:localhost/127.0.0.1:30612]' for 'GET' to 'http://localhost:30612/session/8855b7618225790445c12bc5fe03be7c/url'
14:25:21.186 [Forwarding getCurrentUrl on session 8855b7618225790445c12bc5fe03be7c to remote] DEBUG org.asynchttpclient.netty.request.NettyRequestSender - Using open Channel [id: 0x0663f76b, L:/127.0.0.1:58914 - R:localhost/127.0.0.1:30612] for GET '/session/8855b7618225790445c12bc5fe03be7c/url'
14:25:21.204 [AsyncHttpClient-1-6] DEBUG org.asynchttpclient.netty.handler.HttpHandler - 

Request DefaultFullHttpRequest(decodeResult: success, version: HTTP/1.1, content: EmptyByteBufBE)
GET /session/8855b7618225790445c12bc5fe03be7c/url HTTP/1.1
User-Agent: selenium/4.8.1 (java windows)
Cache-Control: no-cache
Content-Type: application/json; charset=utf-8
host: localhost:30612
accept: */*

Response DefaultHttpResponse(decodeResult: success, version: HTTP/1.1)
HTTP/1.1 200 OK
Content-Length: 58
Content-Type: application/json; charset=utf-8
cache-control: no-cache

14:25:21.204 [AsyncHttpClient-1-6] DEBUG org.asynchttpclient.netty.channel.ChannelManager - Adding key: http://localhost:30612 for channel [id: 0x0663f76b, L:/127.0.0.1:58914 - R:localhost/127.0.0.1:30612]
14:25:21.235 [Forwarding getAlertText on session 8855b7618225790445c12bc5fe03be7c to remote] DEBUG org.asynchttpclient.netty.request.NettyRequestSender - Using pooled Channel '[id: 0x0663f76b, L:/127.0.0.1:58914 - R:localhost/127.0.0.1:30612]' for 'GET' to 'http://localhost:30612/session/8855b7618225790445c12bc5fe03be7c/alert/text'
14:25:21.235 [Forwarding getAlertText on session 8855b7618225790445c12bc5fe03be7c to remote] DEBUG org.asynchttpclient.netty.request.NettyRequestSender - Using open Channel [id: 0x0663f76b, L:/127.0.0.1:58914 - R:localhost/127.0.0.1:30612] for GET '/session/8855b7618225790445c12bc5fe03be7c/alert/text'
14:25:21.245 [AsyncHttpClient-1-6] DEBUG org.asynchttpclient.netty.handler.HttpHandler - 

Request DefaultFullHttpRequest(decodeResult: success, version: HTTP/1.1, content: EmptyByteBufBE)
GET /session/8855b7618225790445c12bc5fe03be7c/alert/text HTTP/1.1
User-Agent: selenium/4.8.1 (java windows)
Cache-Control: no-cache
Content-Type: application/json; charset=utf-8
host: localhost:30612
accept: */*

Response DefaultHttpResponse(decodeResult: success, version: HTTP/1.1)
HTTP/1.1 404 Not Found
Content-Length: 821
Content-Type: application/json; charset=utf-8
cache-control: no-cache

14:25:21.245 [AsyncHttpClient-1-6] DEBUG org.asynchttpclient.netty.channel.ChannelManager - Adding key: http://localhost:30612 for channel [id: 0x0663f76b, L:/127.0.0.1:58914 - R:localhost/127.0.0.1:30612]
14:25:21.248 [Forwarding getCurrentUrl on session 8855b7618225790445c12bc5fe03be7c to remote] DEBUG org.asynchttpclient.netty.request.NettyRequestSender - Using pooled Channel '[id: 0x0663f76b, L:/127.0.0.1:58914 - R:localhost/127.0.0.1:30612]' for 'GET' to 'http://localhost:30612/session/8855b7618225790445c12bc5fe03be7c/url'
14:25:21.248 [Forwarding getCurrentUrl on session 8855b7618225790445c12bc5fe03be7c to remote] DEBUG org.asynchttpclient.netty.request.NettyRequestSender - Using open Channel [id: 0x0663f76b, L:/127.0.0.1:58914 - R:localhost/127.0.0.1:30612] for GET '/session/8855b7618225790445c12bc5fe03be7c/url'
14:25:21.312 [AsyncHttpClient-1-6] DEBUG org.asynchttpclient.netty.handler.HttpHandler - 

Request DefaultFullHttpRequest(decodeResult: success, version: HTTP/1.1, content: EmptyByteBufBE)
GET /session/8855b7618225790445c12bc5fe03be7c/url HTTP/1.1
User-Agent: selenium/4.8.1 (java windows)
Cache-Control: no-cache
Content-Type: application/json; charset=utf-8
host: localhost:30612
accept: */*

Response DefaultHttpResponse(decodeResult: success, version: HTTP/1.1)
HTTP/1.1 200 OK
Content-Length: 58
Content-Type: application/json; charset=utf-8
cache-control: no-cache

14:25:21.312 [AsyncHttpClient-1-6] DEBUG org.asynchttpclient.netty.channel.ChannelManager - Adding key: http://localhost:30612 for channel [id: 0x0663f76b, L:/127.0.0.1:58914 - R:localhost/127.0.0.1:30612]
14:25:21.312 [Forwarding screenshot on session 8855b7618225790445c12bc5fe03be7c to remote] DEBUG org.asynchttpclient.netty.request.NettyRequestSender - Using pooled Channel '[id: 0x0663f76b, L:/127.0.0.1:58914 - R:localhost/127.0.0.1:30612]' for 'GET' to 'http://localhost:30612/session/8855b7618225790445c12bc5fe03be7c/screenshot'
14:25:21.312 [Forwarding screenshot on session 8855b7618225790445c12bc5fe03be7c to remote] DEBUG org.asynchttpclient.netty.request.NettyRequestSender - Using open Channel [id: 0x0663f76b, L:/127.0.0.1:58914 - R:localhost/127.0.0.1:30612] for GET '/session/8855b7618225790445c12bc5fe03be7c/screenshot'
14:25:21.771 [AsyncHttpClient-1-6] DEBUG org.asynchttpclient.netty.handler.HttpHandler - 

Request DefaultFullHttpRequest(decodeResult: success, version: HTTP/1.1, content: EmptyByteBufBE)
GET /session/8855b7618225790445c12bc5fe03be7c/screenshot HTTP/1.1
User-Agent: selenium/4.8.1 (java windows)
Cache-Control: no-cache
Content-Type: application/json; charset=utf-8
host: localhost:30612
accept: */*

Response DefaultHttpResponse(decodeResult: success, version: HTTP/1.1)
HTTP/1.1 200 OK
Content-Length: 831132
Content-Type: application/json; charset=utf-8
cache-control: no-cache

14:25:21.774 [AsyncHttpClient-1-6] DEBUG org.asynchttpclient.netty.channel.ChannelManager - Adding key: http://localhost:30612 for channel [id: 0x0663f76b, L:/127.0.0.1:58914 - R:localhost/127.0.0.1:30612]
14:25:21.857 [main] DEBUG net.serenitybdd.core.photography.Darkroom - Send negative for processing for target\site\serenity\00e3248fba0e0577c0de71594b90b62dea195ae2726ff07c2a1c62371da8cf14.png
14:25:21.864 [Forwarding getPageSource on session 8855b7618225790445c12bc5fe03be7c to remote] DEBUG org.asynchttpclient.netty.request.NettyRequestSender - Using pooled Channel '[id: 0x0663f76b, L:/127.0.0.1:58914 - R:localhost/127.0.0.1:30612]' for 'POST' to 'http://localhost:30612/session/8855b7618225790445c12bc5fe03be7c/execute/sync'
14:25:21.864 [Forwarding getPageSource on session 8855b7618225790445c12bc5fe03be7c to remote] DEBUG org.asynchttpclient.netty.request.NettyRequestSender - Using open Channel [id: 0x0663f76b, L:/127.0.0.1:58914 - R:localhost/127.0.0.1:30612] for POST '/session/8855b7618225790445c12bc5fe03be7c/execute/sync'
14:25:21.918 [AsyncHttpClient-1-6] DEBUG org.asynchttpclient.netty.handler.HttpHandler - 

Request DefaultHttpRequest(decodeResult: success, version: HTTP/1.1)
POST /session/8855b7618225790445c12bc5fe03be7c/execute/sync HTTP/1.1
User-Agent: selenium/4.8.1 (java windows)
Content-Length: 176
Content-Type: application/json; charset=utf-8
host: localhost:30612
accept: */*

Response DefaultHttpResponse(decodeResult: success, version: HTTP/1.1)
HTTP/1.1 200 OK
Content-Length: 79261
Content-Type: application/json; charset=utf-8
cache-control: no-cache

14:25:21.918 [AsyncHttpClient-1-6] DEBUG org.asynchttpclient.netty.channel.ChannelManager - Adding key: http://localhost:30612 for channel [id: 0x0663f76b, L:/127.0.0.1:58914 - R:localhost/127.0.0.1:30612]
14:25:21.931 [Forwarding getCurrentUrl on session 8855b7618225790445c12bc5fe03be7c to remote] DEBUG org.asynchttpclient.netty.request.NettyRequestSender - Using pooled Channel '[id: 0x0663f76b, L:/127.0.0.1:58914 - R:localhost/127.0.0.1:30612]' for 'GET' to 'http://localhost:30612/session/8855b7618225790445c12bc5fe03be7c/url'
14:25:21.931 [Forwarding getCurrentUrl on session 8855b7618225790445c12bc5fe03be7c to remote] DEBUG org.asynchttpclient.netty.request.NettyRequestSender - Using open Channel [id: 0x0663f76b, L:/127.0.0.1:58914 - R:localhost/127.0.0.1:30612] for GET '/session/8855b7618225790445c12bc5fe03be7c/url'
14:25:21.955 [AsyncHttpClient-1-6] DEBUG org.asynchttpclient.netty.handler.HttpHandler - 

Request DefaultFullHttpRequest(decodeResult: success, version: HTTP/1.1, content: EmptyByteBufBE)
GET /session/8855b7618225790445c12bc5fe03be7c/url HTTP/1.1
User-Agent: selenium/4.8.1 (java windows)
Cache-Control: no-cache
Content-Type: application/json; charset=utf-8
host: localhost:30612
accept: */*

Response DefaultHttpResponse(decodeResult: success, version: HTTP/1.1)
HTTP/1.1 200 OK
Content-Length: 58
Content-Type: application/json; charset=utf-8
cache-control: no-cache

14:25:21.955 [AsyncHttpClient-1-6] DEBUG org.asynchttpclient.netty.channel.ChannelManager - Adding key: http://localhost:30612 for channel [id: 0x0663f76b, L:/127.0.0.1:58914 - R:localhost/127.0.0.1:30612]
14:25:21.960 [main] DEBUG net.thucydides.core.steps.StepInterceptor - STARTING STEP: Afrexim_OurBank_Aboutus_Steps.to_click_the_read_more_option_in_corporate_governance - Click_Read_more_option_in_Corporate_Governance
14:25:21.971 [Forwarding findElement on session 8855b7618225790445c12bc5fe03be7c to remote] DEBUG org.asynchttpclient.netty.request.NettyRequestSender - Using pooled Channel '[id: 0x0663f76b, L:/127.0.0.1:58914 - R:localhost/127.0.0.1:30612]' for 'POST' to 'http://localhost:30612/session/8855b7618225790445c12bc5fe03be7c/element'
14:25:21.971 [Forwarding findElement on session 8855b7618225790445c12bc5fe03be7c to remote] DEBUG org.asynchttpclient.netty.request.NettyRequestSender - Using open Channel [id: 0x0663f76b, L:/127.0.0.1:58914 - R:localhost/127.0.0.1:30612] for POST '/session/8855b7618225790445c12bc5fe03be7c/element'
14:25:22.020 [AsyncHttpClient-1-6] DEBUG org.asynchttpclient.netty.handler.HttpHandler - 

Request DefaultHttpRequest(decodeResult: success, version: HTTP/1.1)
POST /session/8855b7618225790445c12bc5fe03be7c/element HTTP/1.1
User-Agent: selenium/4.8.1 (java windows)
Content-Length: 78
Content-Type: application/json; charset=utf-8
host: localhost:30612
accept: */*

Response DefaultHttpResponse(decodeResult: success, version: HTTP/1.1)
HTTP/1.1 200 OK
Content-Length: 95
Content-Type: application/json; charset=utf-8
cache-control: no-cache

14:25:22.021 [AsyncHttpClient-1-6] DEBUG org.asynchttpclient.netty.channel.ChannelManager - Adding key: http://localhost:30612 for channel [id: 0x0663f76b, L:/127.0.0.1:58914 - R:localhost/127.0.0.1:30612]
14:25:22.024 [Forwarding getElementTagName on session 8855b7618225790445c12bc5fe03be7c to remote] DEBUG org.asynchttpclient.netty.request.NettyRequestSender - Using pooled Channel '[id: 0x0663f76b, L:/127.0.0.1:58914 - R:localhost/127.0.0.1:30612]' for 'GET' to 'http://localhost:30612/session/8855b7618225790445c12bc5fe03be7c/element/6F255D3BAAB2036561EAC9D5D0BD512D_element_66/name'
14:25:22.024 [Forwarding getElementTagName on session 8855b7618225790445c12bc5fe03be7c to remote] DEBUG org.asynchttpclient.netty.request.NettyRequestSender - Using open Channel [id: 0x0663f76b, L:/127.0.0.1:58914 - R:localhost/127.0.0.1:30612] for GET '/session/8855b7618225790445c12bc5fe03be7c/element/6F255D3BAAB2036561EAC9D5D0BD512D_element_66/name'
14:25:22.043 [AsyncHttpClient-1-6] DEBUG org.asynchttpclient.netty.handler.HttpHandler - 

Request DefaultFullHttpRequest(decodeResult: success, version: HTTP/1.1, content: EmptyByteBufBE)
GET /session/8855b7618225790445c12bc5fe03be7c/element/6F255D3BAAB2036561EAC9D5D0BD512D_element_66/name HTTP/1.1
User-Agent: selenium/4.8.1 (java windows)
Cache-Control: no-cache
Content-Type: application/json; charset=utf-8
host: localhost:30612
accept: */*

Response DefaultHttpResponse(decodeResult: success, version: HTTP/1.1)
HTTP/1.1 200 OK
Content-Length: 16
Content-Type: application/json; charset=utf-8
cache-control: no-cache

14:25:22.043 [AsyncHttpClient-1-6] DEBUG org.asynchttpclient.netty.channel.ChannelManager - Adding key: http://localhost:30612 for channel [id: 0x0663f76b, L:/127.0.0.1:58914 - R:localhost/127.0.0.1:30612]
14:25:22.045 [Forwarding getElementTagName on session 8855b7618225790445c12bc5fe03be7c to remote] DEBUG org.asynchttpclient.netty.request.NettyRequestSender - Using pooled Channel '[id: 0x0663f76b, L:/127.0.0.1:58914 - R:localhost/127.0.0.1:30612]' for 'GET' to 'http://localhost:30612/session/8855b7618225790445c12bc5fe03be7c/element/6F255D3BAAB2036561EAC9D5D0BD512D_element_66/name'
14:25:22.045 [Forwarding getElementTagName on session 8855b7618225790445c12bc5fe03be7c to remote] DEBUG org.asynchttpclient.netty.request.NettyRequestSender - Using open Channel [id: 0x0663f76b, L:/127.0.0.1:58914 - R:localhost/127.0.0.1:30612] for GET '/session/8855b7618225790445c12bc5fe03be7c/element/6F255D3BAAB2036561EAC9D5D0BD512D_element_66/name'
14:25:22.077 [AsyncHttpClient-1-6] DEBUG org.asynchttpclient.netty.handler.HttpHandler - 

Request DefaultFullHttpRequest(decodeResult: success, version: HTTP/1.1, content: EmptyByteBufBE)
GET /session/8855b7618225790445c12bc5fe03be7c/element/6F255D3BAAB2036561EAC9D5D0BD512D_element_66/name HTTP/1.1
User-Agent: selenium/4.8.1 (java windows)
Cache-Control: no-cache
Content-Type: application/json; charset=utf-8
host: localhost:30612
accept: */*

Response DefaultHttpResponse(decodeResult: success, version: HTTP/1.1)
HTTP/1.1 200 OK
Content-Length: 16
Content-Type: application/json; charset=utf-8
cache-control: no-cache

14:25:22.077 [AsyncHttpClient-1-6] DEBUG org.asynchttpclient.netty.channel.ChannelManager - Adding key: http://localhost:30612 for channel [id: 0x0663f76b, L:/127.0.0.1:58914 - R:localhost/127.0.0.1:30612]
14:25:22.082 [Forwarding findElement on session 8855b7618225790445c12bc5fe03be7c to remote] DEBUG org.asynchttpclient.netty.request.NettyRequestSender - Using pooled Channel '[id: 0x0663f76b, L:/127.0.0.1:58914 - R:localhost/127.0.0.1:30612]' for 'POST' to 'http://localhost:30612/session/8855b7618225790445c12bc5fe03be7c/element'
14:25:22.082 [Forwarding findElement on session 8855b7618225790445c12bc5fe03be7c to remote] DEBUG org.asynchttpclient.netty.request.NettyRequestSender - Using open Channel [id: 0x0663f76b, L:/127.0.0.1:58914 - R:localhost/127.0.0.1:30612] for POST '/session/8855b7618225790445c12bc5fe03be7c/element'
14:25:22.094 [AsyncHttpClient-1-1] DEBUG org.asynchttpclient.netty.channel.DefaultChannelPool - Entry count for : http://localhost:58915 : 1
14:25:22.120 [AsyncHttpClient-1-6] DEBUG org.asynchttpclient.netty.handler.HttpHandler - 

Request DefaultHttpRequest(decodeResult: success, version: HTTP/1.1)
POST /session/8855b7618225790445c12bc5fe03be7c/element HTTP/1.1
User-Agent: selenium/4.8.1 (java windows)
Content-Length: 78
Content-Type: application/json; charset=utf-8
host: localhost:30612
accept: */*

Response DefaultHttpResponse(decodeResult: success, version: HTTP/1.1)
HTTP/1.1 200 OK
Content-Length: 95
Content-Type: application/json; charset=utf-8
cache-control: no-cache

14:25:22.122 [AsyncHttpClient-1-6] DEBUG org.asynchttpclient.netty.channel.ChannelManager - Adding key: http://localhost:30612 for channel [id: 0x0663f76b, L:/127.0.0.1:58914 - R:localhost/127.0.0.1:30612]
14:25:22.125 [Forwarding clickElement on session 8855b7618225790445c12bc5fe03be7c to remote] DEBUG org.asynchttpclient.netty.request.NettyRequestSender - Using pooled Channel '[id: 0x0663f76b, L:/127.0.0.1:58914 - R:localhost/127.0.0.1:30612]' for 'POST' to 'http://localhost:30612/session/8855b7618225790445c12bc5fe03be7c/element/6F255D3BAAB2036561EAC9D5D0BD512D_element_66/click'
14:25:22.125 [Forwarding clickElement on session 8855b7618225790445c12bc5fe03be7c to remote] DEBUG org.asynchttpclient.netty.request.NettyRequestSender - Using open Channel [id: 0x0663f76b, L:/127.0.0.1:58914 - R:localhost/127.0.0.1:30612] for POST '/session/8855b7618225790445c12bc5fe03be7c/element/6F255D3BAAB2036561EAC9D5D0BD512D_element_66/click'
14:25:23.189 [AsyncHttpClient-1-1] DEBUG org.asynchttpclient.netty.channel.DefaultChannelPool - Entry count for : http://localhost:58915 : 1
14:25:23.742 [AsyncHttpClient-1-6] DEBUG org.asynchttpclient.netty.handler.HttpHandler - 

Request DefaultHttpRequest(decodeResult: success, version: HTTP/1.1)
POST /session/8855b7618225790445c12bc5fe03be7c/element/6F255D3BAAB2036561EAC9D5D0BD512D_element_66/click HTTP/1.1
User-Agent: selenium/4.8.1 (java windows)
Content-Length: 57
Content-Type: application/json; charset=utf-8
host: localhost:30612
accept: */*

Response DefaultHttpResponse(decodeResult: success, version: HTTP/1.1)
HTTP/1.1 200 OK
Content-Length: 14
Content-Type: application/json; charset=utf-8
cache-control: no-cache

14:25:23.742 [AsyncHttpClient-1-6] DEBUG org.asynchttpclient.netty.channel.ChannelManager - Adding key: http://localhost:30612 for channel [id: 0x0663f76b, L:/127.0.0.1:58914 - R:localhost/127.0.0.1:30612]
14:25:23.754 [Forwarding getAlertText on session 8855b7618225790445c12bc5fe03be7c to remote] DEBUG org.asynchttpclient.netty.request.NettyRequestSender - Using pooled Channel '[id: 0x0663f76b, L:/127.0.0.1:58914 - R:localhost/127.0.0.1:30612]' for 'GET' to 'http://localhost:30612/session/8855b7618225790445c12bc5fe03be7c/alert/text'
14:25:23.754 [Forwarding getAlertText on session 8855b7618225790445c12bc5fe03be7c to remote] DEBUG org.asynchttpclient.netty.request.NettyRequestSender - Using open Channel [id: 0x0663f76b, L:/127.0.0.1:58914 - R:localhost/127.0.0.1:30612] for GET '/session/8855b7618225790445c12bc5fe03be7c/alert/text'
14:25:23.763 [AsyncHttpClient-1-6] DEBUG org.asynchttpclient.netty.handler.HttpHandler - 

Request DefaultFullHttpRequest(decodeResult: success, version: HTTP/1.1, content: EmptyByteBufBE)
GET /session/8855b7618225790445c12bc5fe03be7c/alert/text HTTP/1.1
User-Agent: selenium/4.8.1 (java windows)
Cache-Control: no-cache
Content-Type: application/json; charset=utf-8
host: localhost:30612
accept: */*

Response DefaultHttpResponse(decodeResult: success, version: HTTP/1.1)
HTTP/1.1 404 Not Found
Content-Length: 821
Content-Type: application/json; charset=utf-8
cache-control: no-cache

14:25:23.763 [AsyncHttpClient-1-6] DEBUG org.asynchttpclient.netty.channel.ChannelManager - Adding key: http://localhost:30612 for channel [id: 0x0663f76b, L:/127.0.0.1:58914 - R:localhost/127.0.0.1:30612]
14:25:23.767 [Forwarding getCurrentUrl on session 8855b7618225790445c12bc5fe03be7c to remote] DEBUG org.asynchttpclient.netty.request.NettyRequestSender - Using pooled Channel '[id: 0x0663f76b, L:/127.0.0.1:58914 - R:localhost/127.0.0.1:30612]' for 'GET' to 'http://localhost:30612/session/8855b7618225790445c12bc5fe03be7c/url'
14:25:23.767 [Forwarding getCurrentUrl on session 8855b7618225790445c12bc5fe03be7c to remote] DEBUG org.asynchttpclient.netty.request.NettyRequestSender - Using open Channel [id: 0x0663f76b, L:/127.0.0.1:58914 - R:localhost/127.0.0.1:30612] for GET '/session/8855b7618225790445c12bc5fe03be7c/url'
14:25:23.779 [AsyncHttpClient-1-6] DEBUG org.asynchttpclient.netty.handler.HttpHandler - 

Request DefaultFullHttpRequest(decodeResult: success, version: HTTP/1.1, content: EmptyByteBufBE)
GET /session/8855b7618225790445c12bc5fe03be7c/url HTTP/1.1
User-Agent: selenium/4.8.1 (java windows)
Cache-Control: no-cache
Content-Type: application/json; charset=utf-8
host: localhost:30612
accept: */*

Response DefaultHttpResponse(decodeResult: success, version: HTTP/1.1)
HTTP/1.1 200 OK
Content-Length: 79
Content-Type: application/json; charset=utf-8
cache-control: no-cache

14:25:23.779 [AsyncHttpClient-1-6] DEBUG org.asynchttpclient.netty.channel.ChannelManager - Adding key: http://localhost:30612 for channel [id: 0x0663f76b, L:/127.0.0.1:58914 - R:localhost/127.0.0.1:30612]
14:25:23.779 [Forwarding screenshot on session 8855b7618225790445c12bc5fe03be7c to remote] DEBUG org.asynchttpclient.netty.request.NettyRequestSender - Using pooled Channel '[id: 0x0663f76b, L:/127.0.0.1:58914 - R:localhost/127.0.0.1:30612]' for 'GET' to 'http://localhost:30612/session/8855b7618225790445c12bc5fe03be7c/screenshot'
14:25:23.779 [Forwarding screenshot on session 8855b7618225790445c12bc5fe03be7c to remote] DEBUG org.asynchttpclient.netty.request.NettyRequestSender - Using open Channel [id: 0x0663f76b, L:/127.0.0.1:58914 - R:localhost/127.0.0.1:30612] for GET '/session/8855b7618225790445c12bc5fe03be7c/screenshot'
14:25:24.034 [AsyncHttpClient-1-6] DEBUG org.asynchttpclient.netty.handler.HttpHandler - 

Request DefaultFullHttpRequest(decodeResult: success, version: HTTP/1.1, content: EmptyByteBufBE)
GET /session/8855b7618225790445c12bc5fe03be7c/screenshot HTTP/1.1
User-Agent: selenium/4.8.1 (java windows)
Cache-Control: no-cache
Content-Type: application/json; charset=utf-8
host: localhost:30612
accept: */*

Response DefaultHttpResponse(decodeResult: success, version: HTTP/1.1)
HTTP/1.1 200 OK
Content-Length: 293788
Content-Type: application/json; charset=utf-8
cache-control: no-cache

14:25:24.034 [AsyncHttpClient-1-6] DEBUG org.asynchttpclient.netty.channel.ChannelManager - Adding key: http://localhost:30612 for channel [id: 0x0663f76b, L:/127.0.0.1:58914 - R:localhost/127.0.0.1:30612]
14:25:24.051 [main] DEBUG net.serenitybdd.core.photography.Darkroom - Send negative for processing for target\site\serenity\3b49cf6af3c9130e82cf11a271fd89f1b68c7dceefbe0a515deeccdc48bc953d.png
14:25:24.054 [main] DEBUG net.thucydides.core.steps.StepInterceptor - STEP DONE: Click_Read_more_option_in_Corporate_Governance
14:25:24.054 [Darkroom Processing Line] DEBUG net.serenitybdd.core.photography.DarkroomProcessingLine - Processing screenshot image in /var/screenshots/screenshot-7908010844686686743
14:25:24.054 [Darkroom Processing Line] DEBUG net.serenitybdd.core.photography.DarkroomProcessingLine - Saving screenshot to target\site\serenity\3b49cf6af3c9130e82cf11a271fd89f1b68c7dceefbe0a515deeccdc48bc953d.png
14:25:24.402 [AsyncHttpClient-1-1] DEBUG org.asynchttpclient.netty.channel.DefaultChannelPool - Entry count for : http://localhost:58915 : 1
14:25:24.402 [AsyncHttpClient-1-1] DEBUG org.asynchttpclient.netty.channel.DefaultChannelPool - Entry count for : http://localhost:30612 : 1
14:25:24.408 [Forwarding getAlertText on session 8855b7618225790445c12bc5fe03be7c to remote] DEBUG org.asynchttpclient.netty.request.NettyRequestSender - Using pooled Channel '[id: 0x0663f76b, L:/127.0.0.1:58914 - R:localhost/127.0.0.1:30612]' for 'GET' to 'http://localhost:30612/session/8855b7618225790445c12bc5fe03be7c/alert/text'
14:25:24.408 [Forwarding getAlertText on session 8855b7618225790445c12bc5fe03be7c to remote] DEBUG org.asynchttpclient.netty.request.NettyRequestSender - Using open Channel [id: 0x0663f76b, L:/127.0.0.1:58914 - R:localhost/127.0.0.1:30612] for GET '/session/8855b7618225790445c12bc5fe03be7c/alert/text'
14:25:24.416 [AsyncHttpClient-1-6] DEBUG org.asynchttpclient.netty.handler.HttpHandler - 

Request DefaultFullHttpRequest(decodeResult: success, version: HTTP/1.1, content: EmptyByteBufBE)
GET /session/8855b7618225790445c12bc5fe03be7c/alert/text HTTP/1.1
User-Agent: selenium/4.8.1 (java windows)
Cache-Control: no-cache
Content-Type: application/json; charset=utf-8
host: localhost:30612
accept: */*

Response DefaultHttpResponse(decodeResult: success, version: HTTP/1.1)
HTTP/1.1 404 Not Found
Content-Length: 821
Content-Type: application/json; charset=utf-8
cache-control: no-cache

14:25:24.416 [AsyncHttpClient-1-6] DEBUG org.asynchttpclient.netty.channel.ChannelManager - Adding key: http://localhost:30612 for channel [id: 0x0663f76b, L:/127.0.0.1:58914 - R:localhost/127.0.0.1:30612]
14:25:24.417 [Forwarding getCurrentUrl on session 8855b7618225790445c12bc5fe03be7c to remote] DEBUG org.asynchttpclient.netty.request.NettyRequestSender - Using pooled Channel '[id: 0x0663f76b, L:/127.0.0.1:58914 - R:localhost/127.0.0.1:30612]' for 'GET' to 'http://localhost:30612/session/8855b7618225790445c12bc5fe03be7c/url'
14:25:24.417 [Forwarding getCurrentUrl on session 8855b7618225790445c12bc5fe03be7c to remote] DEBUG org.asynchttpclient.netty.request.NettyRequestSender - Using open Channel [id: 0x0663f76b, L:/127.0.0.1:58914 - R:localhost/127.0.0.1:30612] for GET '/session/8855b7618225790445c12bc5fe03be7c/url'
14:25:24.435 [AsyncHttpClient-1-6] DEBUG org.asynchttpclient.netty.handler.HttpHandler - 

Request DefaultFullHttpRequest(decodeResult: success, version: HTTP/1.1, content: EmptyByteBufBE)
GET /session/8855b7618225790445c12bc5fe03be7c/url HTTP/1.1
User-Agent: selenium/4.8.1 (java windows)
Cache-Control: no-cache
Content-Type: application/json; charset=utf-8
host: localhost:30612
accept: */*

Response DefaultHttpResponse(decodeResult: success, version: HTTP/1.1)
HTTP/1.1 200 OK
Content-Length: 79
Content-Type: application/json; charset=utf-8
cache-control: no-cache

14:25:24.435 [AsyncHttpClient-1-6] DEBUG org.asynchttpclient.netty.channel.ChannelManager - Adding key: http://localhost:30612 for channel [id: 0x0663f76b, L:/127.0.0.1:58914 - R:localhost/127.0.0.1:30612]
14:25:24.440 [Forwarding screenshot on session 8855b7618225790445c12bc5fe03be7c to remote] DEBUG org.asynchttpclient.netty.request.NettyRequestSender - Using pooled Channel '[id: 0x0663f76b, L:/127.0.0.1:58914 - R:localhost/127.0.0.1:30612]' for 'GET' to 'http://localhost:30612/session/8855b7618225790445c12bc5fe03be7c/screenshot'
14:25:24.440 [Forwarding screenshot on session 8855b7618225790445c12bc5fe03be7c to remote] DEBUG org.asynchttpclient.netty.request.NettyRequestSender - Using open Channel [id: 0x0663f76b, L:/127.0.0.1:58914 - R:localhost/127.0.0.1:30612] for GET '/session/8855b7618225790445c12bc5fe03be7c/screenshot'
14:25:24.680 [AsyncHttpClient-1-6] DEBUG org.asynchttpclient.netty.handler.HttpHandler - 

Request DefaultFullHttpRequest(decodeResult: success, version: HTTP/1.1, content: EmptyByteBufBE)
GET /session/8855b7618225790445c12bc5fe03be7c/screenshot HTTP/1.1
User-Agent: selenium/4.8.1 (java windows)
Cache-Control: no-cache
Content-Type: application/json; charset=utf-8
host: localhost:30612
accept: */*

Response DefaultHttpResponse(decodeResult: success, version: HTTP/1.1)
HTTP/1.1 200 OK
Content-Length: 293788
Content-Type: application/json; charset=utf-8
cache-control: no-cache

14:25:24.683 [AsyncHttpClient-1-6] DEBUG org.asynchttpclient.netty.channel.ChannelManager - Adding key: http://localhost:30612 for channel [id: 0x0663f76b, L:/127.0.0.1:58914 - R:localhost/127.0.0.1:30612]
14:25:24.699 [main] DEBUG net.serenitybdd.core.photography.Darkroom - Send negative for processing for target\site\serenity\3b49cf6af3c9130e82cf11a271fd89f1b68c7dceefbe0a515deeccdc48bc953d.png
14:25:24.708 [Forwarding getPageSource on session 8855b7618225790445c12bc5fe03be7c to remote] DEBUG org.asynchttpclient.netty.request.NettyRequestSender - Using pooled Channel '[id: 0x0663f76b, L:/127.0.0.1:58914 - R:localhost/127.0.0.1:30612]' for 'POST' to 'http://localhost:30612/session/8855b7618225790445c12bc5fe03be7c/execute/sync'
14:25:24.709 [Forwarding getPageSource on session 8855b7618225790445c12bc5fe03be7c to remote] DEBUG org.asynchttpclient.netty.request.NettyRequestSender - Using open Channel [id: 0x0663f76b, L:/127.0.0.1:58914 - R:localhost/127.0.0.1:30612] for POST '/session/8855b7618225790445c12bc5fe03be7c/execute/sync'
14:25:24.728 [AsyncHttpClient-1-6] DEBUG org.asynchttpclient.netty.handler.HttpHandler - 

Request DefaultHttpRequest(decodeResult: success, version: HTTP/1.1)
POST /session/8855b7618225790445c12bc5fe03be7c/execute/sync HTTP/1.1
User-Agent: selenium/4.8.1 (java windows)
Content-Length: 176
Content-Type: application/json; charset=utf-8
host: localhost:30612
accept: */*

Response DefaultHttpResponse(decodeResult: success, version: HTTP/1.1)
HTTP/1.1 200 OK
Content-Length: 76491
Content-Type: application/json; charset=utf-8
cache-control: no-cache

14:25:24.728 [AsyncHttpClient-1-6] DEBUG org.asynchttpclient.netty.channel.ChannelManager - Adding key: http://localhost:30612 for channel [id: 0x0663f76b, L:/127.0.0.1:58914 - R:localhost/127.0.0.1:30612]
14:25:24.742 [Forwarding getCurrentUrl on session 8855b7618225790445c12bc5fe03be7c to remote] DEBUG org.asynchttpclient.netty.request.NettyRequestSender - Using pooled Channel '[id: 0x0663f76b, L:/127.0.0.1:58914 - R:localhost/127.0.0.1:30612]' for 'GET' to 'http://localhost:30612/session/8855b7618225790445c12bc5fe03be7c/url'
14:25:24.742 [Forwarding getCurrentUrl on session 8855b7618225790445c12bc5fe03be7c to remote] DEBUG org.asynchttpclient.netty.request.NettyRequestSender - Using open Channel [id: 0x0663f76b, L:/127.0.0.1:58914 - R:localhost/127.0.0.1:30612] for GET '/session/8855b7618225790445c12bc5fe03be7c/url'
14:25:24.750 [AsyncHttpClient-1-6] DEBUG org.asynchttpclient.netty.handler.HttpHandler - 

Request DefaultFullHttpRequest(decodeResult: success, version: HTTP/1.1, content: EmptyByteBufBE)
GET /session/8855b7618225790445c12bc5fe03be7c/url HTTP/1.1
User-Agent: selenium/4.8.1 (java windows)
Cache-Control: no-cache
Content-Type: application/json; charset=utf-8
host: localhost:30612
accept: */*

Response DefaultHttpResponse(decodeResult: success, version: HTTP/1.1)
HTTP/1.1 200 OK
Content-Length: 79
Content-Type: application/json; charset=utf-8
cache-control: no-cache

14:25:24.750 [AsyncHttpClient-1-6] DEBUG org.asynchttpclient.netty.channel.ChannelManager - Adding key: http://localhost:30612 for channel [id: 0x0663f76b, L:/127.0.0.1:58914 - R:localhost/127.0.0.1:30612]
14:25:24.767 [Forwarding getAlertText on session 8855b7618225790445c12bc5fe03be7c to remote] DEBUG org.asynchttpclient.netty.request.NettyRequestSender - Using pooled Channel '[id: 0x0663f76b, L:/127.0.0.1:58914 - R:localhost/127.0.0.1:30612]' for 'GET' to 'http://localhost:30612/session/8855b7618225790445c12bc5fe03be7c/alert/text'
14:25:24.767 [Forwarding getAlertText on session 8855b7618225790445c12bc5fe03be7c to remote] DEBUG org.asynchttpclient.netty.request.NettyRequestSender - Using open Channel [id: 0x0663f76b, L:/127.0.0.1:58914 - R:localhost/127.0.0.1:30612] for GET '/session/8855b7618225790445c12bc5fe03be7c/alert/text'
14:25:24.767 [AsyncHttpClient-1-6] DEBUG org.asynchttpclient.netty.handler.HttpHandler - 

Request DefaultFullHttpRequest(decodeResult: success, version: HTTP/1.1, content: EmptyByteBufBE)
GET /session/8855b7618225790445c12bc5fe03be7c/alert/text HTTP/1.1
User-Agent: selenium/4.8.1 (java windows)
Cache-Control: no-cache
Content-Type: application/json; charset=utf-8
host: localhost:30612
accept: */*

Response DefaultHttpResponse(decodeResult: success, version: HTTP/1.1)
HTTP/1.1 404 Not Found
Content-Length: 821
Content-Type: application/json; charset=utf-8
cache-control: no-cache

14:25:24.767 [AsyncHttpClient-1-6] DEBUG org.asynchttpclient.netty.channel.ChannelManager - Adding key: http://localhost:30612 for channel [id: 0x0663f76b, L:/127.0.0.1:58914 - R:localhost/127.0.0.1:30612]
14:25:25.268 [Forwarding getAlertText on session 8855b7618225790445c12bc5fe03be7c to remote] DEBUG org.asynchttpclient.netty.request.NettyRequestSender - Using pooled Channel '[id: 0x0663f76b, L:/127.0.0.1:58914 - R:localhost/127.0.0.1:30612]' for 'GET' to 'http://localhost:30612/session/8855b7618225790445c12bc5fe03be7c/alert/text'
14:25:25.268 [Forwarding getAlertText on session 8855b7618225790445c12bc5fe03be7c to remote] DEBUG org.asynchttpclient.netty.request.NettyRequestSender - Using open Channel [id: 0x0663f76b, L:/127.0.0.1:58914 - R:localhost/127.0.0.1:30612] for GET '/session/8855b7618225790445c12bc5fe03be7c/alert/text'
14:25:25.268 [AsyncHttpClient-1-6] DEBUG org.asynchttpclient.netty.handler.HttpHandler - 

Request DefaultFullHttpRequest(decodeResult: success, version: HTTP/1.1, content: EmptyByteBufBE)
GET /session/8855b7618225790445c12bc5fe03be7c/alert/text HTTP/1.1
User-Agent: selenium/4.8.1 (java windows)
Cache-Control: no-cache
Content-Type: application/json; charset=utf-8
host: localhost:30612
accept: */*

Response DefaultHttpResponse(decodeResult: success, version: HTTP/1.1)
HTTP/1.1 404 Not Found
Content-Length: 821
Content-Type: application/json; charset=utf-8
cache-control: no-cache

14:25:25.276 [AsyncHttpClient-1-6] DEBUG org.asynchttpclient.netty.channel.ChannelManager - Adding key: http://localhost:30612 for channel [id: 0x0663f76b, L:/127.0.0.1:58914 - R:localhost/127.0.0.1:30612]
14:25:25.279 [Forwarding getCurrentUrl on session 8855b7618225790445c12bc5fe03be7c to remote] DEBUG org.asynchttpclient.netty.request.NettyRequestSender - Using pooled Channel '[id: 0x0663f76b, L:/127.0.0.1:58914 - R:localhost/127.0.0.1:30612]' for 'GET' to 'http://localhost:30612/session/8855b7618225790445c12bc5fe03be7c/url'
14:25:25.279 [Forwarding getCurrentUrl on session 8855b7618225790445c12bc5fe03be7c to remote] DEBUG org.asynchttpclient.netty.request.NettyRequestSender - Using open Channel [id: 0x0663f76b, L:/127.0.0.1:58914 - R:localhost/127.0.0.1:30612] for GET '/session/8855b7618225790445c12bc5fe03be7c/url'
14:25:25.288 [AsyncHttpClient-1-6] DEBUG org.asynchttpclient.netty.handler.HttpHandler - 

Request DefaultFullHttpRequest(decodeResult: success, version: HTTP/1.1, content: EmptyByteBufBE)
GET /session/8855b7618225790445c12bc5fe03be7c/url HTTP/1.1
User-Agent: selenium/4.8.1 (java windows)
Cache-Control: no-cache
Content-Type: application/json; charset=utf-8
host: localhost:30612
accept: */*

Response DefaultHttpResponse(decodeResult: success, version: HTTP/1.1)
HTTP/1.1 200 OK
Content-Length: 79
Content-Type: application/json; charset=utf-8
cache-control: no-cache

14:25:25.288 [AsyncHttpClient-1-6] DEBUG org.asynchttpclient.netty.channel.ChannelManager - Adding key: http://localhost:30612 for channel [id: 0x0663f76b, L:/127.0.0.1:58914 - R:localhost/127.0.0.1:30612]
14:25:25.288 [Forwarding screenshot on session 8855b7618225790445c12bc5fe03be7c to remote] DEBUG org.asynchttpclient.netty.request.NettyRequestSender - Using pooled Channel '[id: 0x0663f76b, L:/127.0.0.1:58914 - R:localhost/127.0.0.1:30612]' for 'GET' to 'http://localhost:30612/session/8855b7618225790445c12bc5fe03be7c/screenshot'
14:25:25.288 [Forwarding screenshot on session 8855b7618225790445c12bc5fe03be7c to remote] DEBUG org.asynchttpclient.netty.request.NettyRequestSender - Using open Channel [id: 0x0663f76b, L:/127.0.0.1:58914 - R:localhost/127.0.0.1:30612] for GET '/session/8855b7618225790445c12bc5fe03be7c/screenshot'
14:25:25.496 [AsyncHttpClient-1-1] DEBUG org.asynchttpclient.netty.channel.DefaultChannelPool - Entry count for : http://localhost:58915 : 1
14:25:25.561 [AsyncHttpClient-1-6] DEBUG org.asynchttpclient.netty.handler.HttpHandler - 

Request DefaultFullHttpRequest(decodeResult: success, version: HTTP/1.1, content: EmptyByteBufBE)
GET /session/8855b7618225790445c12bc5fe03be7c/screenshot HTTP/1.1
User-Agent: selenium/4.8.1 (java windows)
Cache-Control: no-cache
Content-Type: application/json; charset=utf-8
host: localhost:30612
accept: */*

Response DefaultHttpResponse(decodeResult: success, version: HTTP/1.1)
HTTP/1.1 200 OK
Content-Length: 293788
Content-Type: application/json; charset=utf-8
cache-control: no-cache

14:25:25.566 [AsyncHttpClient-1-6] DEBUG org.asynchttpclient.netty.channel.ChannelManager - Adding key: http://localhost:30612 for channel [id: 0x0663f76b, L:/127.0.0.1:58914 - R:localhost/127.0.0.1:30612]
14:25:25.585 [main] DEBUG net.serenitybdd.core.photography.Darkroom - Send negative for processing for target\site\serenity\3b49cf6af3c9130e82cf11a271fd89f1b68c7dceefbe0a515deeccdc48bc953d.png
14:25:25.587 [Forwarding getPageSource on session 8855b7618225790445c12bc5fe03be7c to remote] DEBUG org.asynchttpclient.netty.request.NettyRequestSender - Using pooled Channel '[id: 0x0663f76b, L:/127.0.0.1:58914 - R:localhost/127.0.0.1:30612]' for 'POST' to 'http://localhost:30612/session/8855b7618225790445c12bc5fe03be7c/execute/sync'
14:25:25.587 [Forwarding getPageSource on session 8855b7618225790445c12bc5fe03be7c to remote] DEBUG org.asynchttpclient.netty.request.NettyRequestSender - Using open Channel [id: 0x0663f76b, L:/127.0.0.1:58914 - R:localhost/127.0.0.1:30612] for POST '/session/8855b7618225790445c12bc5fe03be7c/execute/sync'
14:25:25.619 [AsyncHttpClient-1-6] DEBUG org.asynchttpclient.netty.handler.HttpHandler - 

Request DefaultHttpRequest(decodeResult: success, version: HTTP/1.1)
POST /session/8855b7618225790445c12bc5fe03be7c/execute/sync HTTP/1.1
User-Agent: selenium/4.8.1 (java windows)
Content-Length: 176
Content-Type: application/json; charset=utf-8
host: localhost:30612
accept: */*

Response DefaultHttpResponse(decodeResult: success, version: HTTP/1.1)
HTTP/1.1 200 OK
Content-Length: 76491
Content-Type: application/json; charset=utf-8
cache-control: no-cache

14:25:25.619 [AsyncHttpClient-1-6] DEBUG org.asynchttpclient.netty.channel.ChannelManager - Adding key: http://localhost:30612 for channel [id: 0x0663f76b, L:/127.0.0.1:58914 - R:localhost/127.0.0.1:30612]
14:25:25.630 [Forwarding getCurrentUrl on session 8855b7618225790445c12bc5fe03be7c to remote] DEBUG org.asynchttpclient.netty.request.NettyRequestSender - Using pooled Channel '[id: 0x0663f76b, L:/127.0.0.1:58914 - R:localhost/127.0.0.1:30612]' for 'GET' to 'http://localhost:30612/session/8855b7618225790445c12bc5fe03be7c/url'
14:25:25.635 [Forwarding getCurrentUrl on session 8855b7618225790445c12bc5fe03be7c to remote] DEBUG org.asynchttpclient.netty.request.NettyRequestSender - Using open Channel [id: 0x0663f76b, L:/127.0.0.1:58914 - R:localhost/127.0.0.1:30612] for GET '/session/8855b7618225790445c12bc5fe03be7c/url'
14:25:25.641 [AsyncHttpClient-1-6] DEBUG org.asynchttpclient.netty.handler.HttpHandler - 

Request DefaultFullHttpRequest(decodeResult: success, version: HTTP/1.1, content: EmptyByteBufBE)
GET /session/8855b7618225790445c12bc5fe03be7c/url HTTP/1.1
User-Agent: selenium/4.8.1 (java windows)
Cache-Control: no-cache
Content-Type: application/json; charset=utf-8
host: localhost:30612
accept: */*

Response DefaultHttpResponse(decodeResult: success, version: HTTP/1.1)
HTTP/1.1 200 OK
Content-Length: 79
Content-Type: application/json; charset=utf-8
cache-control: no-cache

14:25:25.641 [AsyncHttpClient-1-6] DEBUG org.asynchttpclient.netty.channel.ChannelManager - Adding key: http://localhost:30612 for channel [id: 0x0663f76b, L:/127.0.0.1:58914 - R:localhost/127.0.0.1:30612]
14:25:25.651 [main] DEBUG net.thucydides.core.steps.StepInterceptor - STARTING STEP: Afrexim_OurBank_Aboutus_Steps.validate_the_corporate_governance_page - Validate_the_Corporate_Governance_page
14:25:25.651 [Forwarding findElement on session 8855b7618225790445c12bc5fe03be7c to remote] DEBUG org.asynchttpclient.netty.request.NettyRequestSender - Using pooled Channel '[id: 0x0663f76b, L:/127.0.0.1:58914 - R:localhost/127.0.0.1:30612]' for 'POST' to 'http://localhost:30612/session/8855b7618225790445c12bc5fe03be7c/element'
14:25:25.651 [Forwarding findElement on session 8855b7618225790445c12bc5fe03be7c to remote] DEBUG org.asynchttpclient.netty.request.NettyRequestSender - Using open Channel [id: 0x0663f76b, L:/127.0.0.1:58914 - R:localhost/127.0.0.1:30612] for POST '/session/8855b7618225790445c12bc5fe03be7c/element'
14:25:25.699 [AsyncHttpClient-1-6] DEBUG org.asynchttpclient.netty.handler.HttpHandler - 

Request DefaultHttpRequest(decodeResult: success, version: HTTP/1.1)
POST /session/8855b7618225790445c12bc5fe03be7c/element HTTP/1.1
User-Agent: selenium/4.8.1 (java windows)
Content-Length: 84
Content-Type: application/json; charset=utf-8
host: localhost:30612
accept: */*

Response DefaultHttpResponse(decodeResult: success, version: HTTP/1.1)
HTTP/1.1 200 OK
Content-Length: 95
Content-Type: application/json; charset=utf-8
cache-control: no-cache

14:25:25.699 [AsyncHttpClient-1-6] DEBUG org.asynchttpclient.netty.channel.ChannelManager - Adding key: http://localhost:30612 for channel [id: 0x0663f76b, L:/127.0.0.1:58914 - R:localhost/127.0.0.1:30612]
14:25:25.699 [Forwarding isElementEnabled on session 8855b7618225790445c12bc5fe03be7c to remote] DEBUG org.asynchttpclient.netty.request.NettyRequestSender - Using pooled Channel '[id: 0x0663f76b, L:/127.0.0.1:58914 - R:localhost/127.0.0.1:30612]' for 'GET' to 'http://localhost:30612/session/8855b7618225790445c12bc5fe03be7c/element/55630801236768A6D1009BC212202537_element_72/enabled'
14:25:25.699 [Forwarding isElementEnabled on session 8855b7618225790445c12bc5fe03be7c to remote] DEBUG org.asynchttpclient.netty.request.NettyRequestSender - Using open Channel [id: 0x0663f76b, L:/127.0.0.1:58914 - R:localhost/127.0.0.1:30612] for GET '/session/8855b7618225790445c12bc5fe03be7c/element/55630801236768A6D1009BC212202537_element_72/enabled'
14:25:25.730 [AsyncHttpClient-1-6] DEBUG org.asynchttpclient.netty.handler.HttpHandler - 

Request DefaultFullHttpRequest(decodeResult: success, version: HTTP/1.1, content: EmptyByteBufBE)
GET /session/8855b7618225790445c12bc5fe03be7c/element/55630801236768A6D1009BC212202537_element_72/enabled HTTP/1.1
User-Agent: selenium/4.8.1 (java windows)
Cache-Control: no-cache
Content-Type: application/json; charset=utf-8
host: localhost:30612
accept: */*

Response DefaultHttpResponse(decodeResult: success, version: HTTP/1.1)
HTTP/1.1 200 OK
Content-Length: 14
Content-Type: application/json; charset=utf-8
cache-control: no-cache

14:25:25.730 [AsyncHttpClient-1-6] DEBUG org.asynchttpclient.netty.channel.ChannelManager - Adding key: http://localhost:30612 for channel [id: 0x0663f76b, L:/127.0.0.1:58914 - R:localhost/127.0.0.1:30612]
14:25:25.741 [Forwarding getAlertText on session 8855b7618225790445c12bc5fe03be7c to remote] DEBUG org.asynchttpclient.netty.request.NettyRequestSender - Using pooled Channel '[id: 0x0663f76b, L:/127.0.0.1:58914 - R:localhost/127.0.0.1:30612]' for 'GET' to 'http://localhost:30612/session/8855b7618225790445c12bc5fe03be7c/alert/text'
14:25:25.741 [Forwarding getAlertText on session 8855b7618225790445c12bc5fe03be7c to remote] DEBUG org.asynchttpclient.netty.request.NettyRequestSender - Using open Channel [id: 0x0663f76b, L:/127.0.0.1:58914 - R:localhost/127.0.0.1:30612] for GET '/session/8855b7618225790445c12bc5fe03be7c/alert/text'
14:25:25.755 [AsyncHttpClient-1-6] DEBUG org.asynchttpclient.netty.handler.HttpHandler - 

Request DefaultFullHttpRequest(decodeResult: success, version: HTTP/1.1, content: EmptyByteBufBE)
GET /session/8855b7618225790445c12bc5fe03be7c/alert/text HTTP/1.1
User-Agent: selenium/4.8.1 (java windows)
Cache-Control: no-cache
Content-Type: application/json; charset=utf-8
host: localhost:30612
accept: */*

Response DefaultHttpResponse(decodeResult: success, version: HTTP/1.1)
HTTP/1.1 404 Not Found
Content-Length: 821
Content-Type: application/json; charset=utf-8
cache-control: no-cache

14:25:25.757 [AsyncHttpClient-1-6] DEBUG org.asynchttpclient.netty.channel.ChannelManager - Adding key: http://localhost:30612 for channel [id: 0x0663f76b, L:/127.0.0.1:58914 - R:localhost/127.0.0.1:30612]
14:25:25.760 [Forwarding getCurrentUrl on session 8855b7618225790445c12bc5fe03be7c to remote] DEBUG org.asynchttpclient.netty.request.NettyRequestSender - Using pooled Channel '[id: 0x0663f76b, L:/127.0.0.1:58914 - R:localhost/127.0.0.1:30612]' for 'GET' to 'http://localhost:30612/session/8855b7618225790445c12bc5fe03be7c/url'
14:25:25.760 [Forwarding getCurrentUrl on session 8855b7618225790445c12bc5fe03be7c to remote] DEBUG org.asynchttpclient.netty.request.NettyRequestSender - Using open Channel [id: 0x0663f76b, L:/127.0.0.1:58914 - R:localhost/127.0.0.1:30612] for GET '/session/8855b7618225790445c12bc5fe03be7c/url'
14:25:25.773 [AsyncHttpClient-1-6] DEBUG org.asynchttpclient.netty.handler.HttpHandler - 

Request DefaultFullHttpRequest(decodeResult: success, version: HTTP/1.1, content: EmptyByteBufBE)
GET /session/8855b7618225790445c12bc5fe03be7c/url HTTP/1.1
User-Agent: selenium/4.8.1 (java windows)
Cache-Control: no-cache
Content-Type: application/json; charset=utf-8
host: localhost:30612
accept: */*

Response DefaultHttpResponse(decodeResult: success, version: HTTP/1.1)
HTTP/1.1 200 OK
Content-Length: 79
Content-Type: application/json; charset=utf-8
cache-control: no-cache

14:25:25.773 [AsyncHttpClient-1-6] DEBUG org.asynchttpclient.netty.channel.ChannelManager - Adding key: http://localhost:30612 for channel [id: 0x0663f76b, L:/127.0.0.1:58914 - R:localhost/127.0.0.1:30612]
14:25:25.780 [Forwarding screenshot on session 8855b7618225790445c12bc5fe03be7c to remote] DEBUG org.asynchttpclient.netty.request.NettyRequestSender - Using pooled Channel '[id: 0x0663f76b, L:/127.0.0.1:58914 - R:localhost/127.0.0.1:30612]' for 'GET' to 'http://localhost:30612/session/8855b7618225790445c12bc5fe03be7c/screenshot'
14:25:25.780 [Forwarding screenshot on session 8855b7618225790445c12bc5fe03be7c to remote] DEBUG org.asynchttpclient.netty.request.NettyRequestSender - Using open Channel [id: 0x0663f76b, L:/127.0.0.1:58914 - R:localhost/127.0.0.1:30612] for GET '/session/8855b7618225790445c12bc5fe03be7c/screenshot'
14:25:26.038 [AsyncHttpClient-1-6] DEBUG org.asynchttpclient.netty.handler.HttpHandler - 

Request DefaultFullHttpRequest(decodeResult: success, version: HTTP/1.1, content: EmptyByteBufBE)
GET /session/8855b7618225790445c12bc5fe03be7c/screenshot HTTP/1.1
User-Agent: selenium/4.8.1 (java windows)
Cache-Control: no-cache
Content-Type: application/json; charset=utf-8
host: localhost:30612
accept: */*

Response DefaultHttpResponse(decodeResult: success, version: HTTP/1.1)
HTTP/1.1 200 OK
Content-Length: 293788
Content-Type: application/json; charset=utf-8
cache-control: no-cache

14:25:26.038 [AsyncHttpClient-1-6] DEBUG org.asynchttpclient.netty.channel.ChannelManager - Adding key: http://localhost:30612 for channel [id: 0x0663f76b, L:/127.0.0.1:58914 - R:localhost/127.0.0.1:30612]
14:25:26.056 [main] DEBUG net.serenitybdd.core.photography.Darkroom - Send negative for processing for target\site\serenity\3b49cf6af3c9130e82cf11a271fd89f1b68c7dceefbe0a515deeccdc48bc953d.png
14:25:26.056 [main] DEBUG net.thucydides.core.steps.StepInterceptor - STEP DONE: Validate_the_Corporate_Governance_page
14:25:26.590 [AsyncHttpClient-1-1] DEBUG org.asynchttpclient.netty.channel.DefaultChannelPool - Entry count for : http://localhost:58915 : 1
14:25:26.590 [AsyncHttpClient-1-1] DEBUG org.asynchttpclient.netty.channel.DefaultChannelPool - Entry count for : http://localhost:30612 : 1
14:25:27.691 [AsyncHttpClient-1-1] DEBUG org.asynchttpclient.netty.channel.DefaultChannelPool - Entry count for : http://localhost:58915 : 1
14:25:27.691 [AsyncHttpClient-1-1] DEBUG org.asynchttpclient.netty.channel.DefaultChannelPool - Entry count for : http://localhost:30612 : 1
14:25:28.800 [AsyncHttpClient-1-1] DEBUG org.asynchttpclient.netty.channel.DefaultChannelPool - Entry count for : http://localhost:58915 : 1
14:25:28.800 [AsyncHttpClient-1-1] DEBUG org.asynchttpclient.netty.channel.DefaultChannelPool - Entry count for : http://localhost:30612 : 1
14:25:29.900 [AsyncHttpClient-1-1] DEBUG org.asynchttpclient.netty.channel.DefaultChannelPool - Entry count for : http://localhost:58915 : 1
14:25:29.900 [AsyncHttpClient-1-1] DEBUG org.asynchttpclient.netty.channel.DefaultChannelPool - Entry count for : http://localhost:30612 : 1
14:25:30.067 [Forwarding getAlertText on session 8855b7618225790445c12bc5fe03be7c to remote] DEBUG org.asynchttpclient.netty.request.NettyRequestSender - Using pooled Channel '[id: 0x0663f76b, L:/127.0.0.1:58914 - R:localhost/127.0.0.1:30612]' for 'GET' to 'http://localhost:30612/session/8855b7618225790445c12bc5fe03be7c/alert/text'
14:25:30.067 [Forwarding getAlertText on session 8855b7618225790445c12bc5fe03be7c to remote] DEBUG org.asynchttpclient.netty.request.NettyRequestSender - Using open Channel [id: 0x0663f76b, L:/127.0.0.1:58914 - R:localhost/127.0.0.1:30612] for GET '/session/8855b7618225790445c12bc5fe03be7c/alert/text'
14:25:30.075 [AsyncHttpClient-1-6] DEBUG org.asynchttpclient.netty.handler.HttpHandler - 

Request DefaultFullHttpRequest(decodeResult: success, version: HTTP/1.1, content: EmptyByteBufBE)
GET /session/8855b7618225790445c12bc5fe03be7c/alert/text HTTP/1.1
User-Agent: selenium/4.8.1 (java windows)
Cache-Control: no-cache
Content-Type: application/json; charset=utf-8
host: localhost:30612
accept: */*

Response DefaultHttpResponse(decodeResult: success, version: HTTP/1.1)
HTTP/1.1 404 Not Found
Content-Length: 821
Content-Type: application/json; charset=utf-8
cache-control: no-cache

14:25:30.075 [AsyncHttpClient-1-6] DEBUG org.asynchttpclient.netty.channel.ChannelManager - Adding key: http://localhost:30612 for channel [id: 0x0663f76b, L:/127.0.0.1:58914 - R:localhost/127.0.0.1:30612]
14:25:30.077 [Forwarding getCurrentUrl on session 8855b7618225790445c12bc5fe03be7c to remote] DEBUG org.asynchttpclient.netty.request.NettyRequestSender - Using pooled Channel '[id: 0x0663f76b, L:/127.0.0.1:58914 - R:localhost/127.0.0.1:30612]' for 'GET' to 'http://localhost:30612/session/8855b7618225790445c12bc5fe03be7c/url'
14:25:30.077 [Forwarding getCurrentUrl on session 8855b7618225790445c12bc5fe03be7c to remote] DEBUG org.asynchttpclient.netty.request.NettyRequestSender - Using open Channel [id: 0x0663f76b, L:/127.0.0.1:58914 - R:localhost/127.0.0.1:30612] for GET '/session/8855b7618225790445c12bc5fe03be7c/url'
14:25:30.088 [AsyncHttpClient-1-6] DEBUG org.asynchttpclient.netty.handler.HttpHandler - 

Request DefaultFullHttpRequest(decodeResult: success, version: HTTP/1.1, content: EmptyByteBufBE)
GET /session/8855b7618225790445c12bc5fe03be7c/url HTTP/1.1
User-Agent: selenium/4.8.1 (java windows)
Cache-Control: no-cache
Content-Type: application/json; charset=utf-8
host: localhost:30612
accept: */*

Response DefaultHttpResponse(decodeResult: success, version: HTTP/1.1)
HTTP/1.1 200 OK
Content-Length: 79
Content-Type: application/json; charset=utf-8
cache-control: no-cache

14:25:30.088 [AsyncHttpClient-1-6] DEBUG org.asynchttpclient.netty.channel.ChannelManager - Adding key: http://localhost:30612 for channel [id: 0x0663f76b, L:/127.0.0.1:58914 - R:localhost/127.0.0.1:30612]
14:25:30.090 [Forwarding screenshot on session 8855b7618225790445c12bc5fe03be7c to remote] DEBUG org.asynchttpclient.netty.request.NettyRequestSender - Using pooled Channel '[id: 0x0663f76b, L:/127.0.0.1:58914 - R:localhost/127.0.0.1:30612]' for 'GET' to 'http://localhost:30612/session/8855b7618225790445c12bc5fe03be7c/screenshot'
14:25:30.090 [Forwarding screenshot on session 8855b7618225790445c12bc5fe03be7c to remote] DEBUG org.asynchttpclient.netty.request.NettyRequestSender - Using open Channel [id: 0x0663f76b, L:/127.0.0.1:58914 - R:localhost/127.0.0.1:30612] for GET '/session/8855b7618225790445c12bc5fe03be7c/screenshot'
14:25:30.381 [AsyncHttpClient-1-6] DEBUG org.asynchttpclient.netty.handler.HttpHandler - 

Request DefaultFullHttpRequest(decodeResult: success, version: HTTP/1.1, content: EmptyByteBufBE)
GET /session/8855b7618225790445c12bc5fe03be7c/screenshot HTTP/1.1
User-Agent: selenium/4.8.1 (java windows)
Cache-Control: no-cache
Content-Type: application/json; charset=utf-8
host: localhost:30612
accept: */*

Response DefaultHttpResponse(decodeResult: success, version: HTTP/1.1)
HTTP/1.1 200 OK
Content-Length: 293788
Content-Type: application/json; charset=utf-8
cache-control: no-cache

14:25:30.381 [AsyncHttpClient-1-6] DEBUG org.asynchttpclient.netty.channel.ChannelManager - Adding key: http://localhost:30612 for channel [id: 0x0663f76b, L:/127.0.0.1:58914 - R:localhost/127.0.0.1:30612]
14:25:30.404 [main] DEBUG net.serenitybdd.core.photography.Darkroom - Send negative for processing for target\site\serenity\3b49cf6af3c9130e82cf11a271fd89f1b68c7dceefbe0a515deeccdc48bc953d.png
14:25:30.408 [main] INFO  - 
  _____   ___   ___   _____     ___     _     ___   ___   ___   ___  
 |_   _| | __| / __| |_   _|   | _ \   /_\   / __| / __| | __| |   \ 
   | |   | _|  \__ \   | |     |  _/  / _ \  \__ \ \__ \ | _|  | |) |
   |_|   |___| |___/   |_|     |_|   /_/ \_\ |___/ |___/ |___| |___/ 

To validate the About Us functionality
----------------------------------------------------------------------
14:25:30.408 [AsyncHttpClient-1-8] DEBUG org.asynchttpclient.netty.handler.WebSocketHandler - Channel Closed: [id: 0x959db1bb, L:/127.0.0.1:58923 ! R:localhost/127.0.0.1:58915] with attribute NettyResponseFuture{currentRetry=0,
	isDone=1,
	isCancelled=0,
	asyncHandler=org.asynchttpclient.ws.WebSocketUpgradeHandler@1ddcbf2a,
	nettyRequest=org.asynchttpclient.netty.request.NettyRequest@1ad4a0fb,
	future=java.util.concurrent.CompletableFuture@5a5df1e0[Completed normally],
	uri=ws://localhost:58915/devtools/browser/d4f7c9a2-b191-4357-a0d3-58db65bf8c70,
	keepAlive=true,
	redirectCount=0,
	timeoutsHolder=null,
	inAuth=0,
	touch=1689756898092}
14:25:30.408 [AsyncHttpClient-1-8] DEBUG org.asynchttpclient.netty.channel.ChannelManager - Closing Channel [id: 0x959db1bb, L:/127.0.0.1:58923 ! R:localhost/127.0.0.1:58915] 
14:25:30.413 [Driver Command Executor] DEBUG org.asynchttpclient.netty.request.NettyRequestSender - Using pooled Channel '[id: 0x0663f76b, L:/127.0.0.1:58914 - R:localhost/127.0.0.1:30612]' for 'DELETE' to 'http://localhost:30612/session/8855b7618225790445c12bc5fe03be7c'
14:25:30.413 [Driver Command Executor] DEBUG org.asynchttpclient.netty.request.NettyRequestSender - Using open Channel [id: 0x0663f76b, L:/127.0.0.1:58914 - R:localhost/127.0.0.1:30612] for DELETE '/session/8855b7618225790445c12bc5fe03be7c'
14:25:30.722 [AsyncHttpClient-1-7] DEBUG org.asynchttpclient.netty.handler.HttpHandler - Unexpected I/O exception on channel [id: 0x211ea78e, L:/127.0.0.1:58922 - R:localhost/127.0.0.1:58915]
java.io.IOException: An existing connection was forcibly closed by the remote host
	at sun.nio.ch.SocketDispatcher.read0(Native Method)
	at sun.nio.ch.SocketDispatcher.read(SocketDispatcher.java:43)
	at sun.nio.ch.IOUtil.readIntoNativeBuffer(IOUtil.java:223)
	at sun.nio.ch.IOUtil.read(IOUtil.java:192)
	at sun.nio.ch.SocketChannelImpl.read(SocketChannelImpl.java:380)
	at io.netty.buffer.PooledByteBuf.setBytes(PooledByteBuf.java:259)
	at io.netty.buffer.AbstractByteBuf.writeBytes(AbstractByteBuf.java:1132)
	at io.netty.channel.socket.nio.NioSocketChannel.doReadBytes(NioSocketChannel.java:357)
	at io.netty.channel.nio.AbstractNioByteChannel$NioByteUnsafe.read(AbstractNioByteChannel.java:151)
	at io.netty.channel.nio.NioEventLoop.processSelectedKey(NioEventLoop.java:788)
	at io.netty.channel.nio.NioEventLoop.processSelectedKeysOptimized(NioEventLoop.java:724)
	at io.netty.channel.nio.NioEventLoop.processSelectedKeys(NioEventLoop.java:650)
	at io.netty.channel.nio.NioEventLoop.run(NioEventLoop.java:562)
	at io.netty.util.concurrent.SingleThreadEventExecutor$4.run(SingleThreadEventExecutor.java:997)
	at io.netty.util.internal.ThreadExecutorMap$2.run(ThreadExecutorMap.java:74)
	at io.netty.util.concurrent.FastThreadLocalRunnable.run(FastThreadLocalRunnable.java:30)
	at java.lang.Thread.run(Thread.java:748)
14:25:30.722 [AsyncHttpClient-1-7] DEBUG org.asynchttpclient.netty.channel.ChannelManager - Closing Channel [id: 0x211ea78e, L:/127.0.0.1:58922 - R:localhost/127.0.0.1:58915] 
14:25:30.722 [AsyncHttpClient-1-7] DEBUG org.asynchttpclient.netty.handler.HttpHandler - Channel Closed: [id: 0x211ea78e, L:/127.0.0.1:58922 ! R:localhost/127.0.0.1:58915] with attribute DISCARD
14:25:30.803 [AsyncHttpClient-1-6] DEBUG org.asynchttpclient.netty.handler.HttpHandler - 

Request DefaultFullHttpRequest(decodeResult: success, version: HTTP/1.1, content: EmptyByteBufBE)
DELETE /session/8855b7618225790445c12bc5fe03be7c HTTP/1.1
User-Agent: selenium/4.8.1 (java windows)
Content-Type: application/json; charset=utf-8
host: localhost:30612
accept: */*

Response DefaultHttpResponse(decodeResult: success, version: HTTP/1.1)
HTTP/1.1 200 OK
Content-Length: 14
Content-Type: application/json; charset=utf-8
cache-control: no-cache

14:25:30.803 [AsyncHttpClient-1-6] DEBUG org.asynchttpclient.netty.channel.ChannelManager - Adding key: http://localhost:30612 for channel [id: 0x0663f76b, L:/127.0.0.1:58914 - R:localhost/127.0.0.1:30612]
14:25:30.995 [AsyncHttpClient-1-1] DEBUG org.asynchttpclient.netty.channel.DefaultChannelPool - Entry count for : http://localhost:58915 : 1
14:25:30.995 [AsyncHttpClient-1-1] DEBUG org.asynchttpclient.netty.channel.DefaultChannelPool - Entry count for : http://localhost:30612 : 1
14:25:30.995 [AsyncHttpClient-1-1] DEBUG org.asynchttpclient.netty.channel.DefaultChannelPool - Adding Candidate expired Channel [id: 0x211ea78e, L:/127.0.0.1:58922 ! R:localhost/127.0.0.1:58915] isIdleTimeoutExpired=false isRemotelyClosed=true isTtlExpired=false
14:25:30.995 [AsyncHttpClient-1-1] DEBUG org.asynchttpclient.netty.channel.DefaultChannelPool - Closing Idle Channel [id: 0x211ea78e, L:/127.0.0.1:58922 ! R:localhost/127.0.0.1:58915]
14:25:30.995 [AsyncHttpClient-1-1] DEBUG org.asynchttpclient.netty.channel.DefaultChannelPool - Closed 1 connections out of 2 in 0 ms
14:25:31.171 [AsyncHttpClient-1-6] DEBUG org.asynchttpclient.netty.handler.HttpHandler - Channel Closed: [id: 0x0663f76b, L:/127.0.0.1:58914 ! R:localhost/127.0.0.1:30612] with attribute DISCARD
]]></system-out>
    <system-err><![CDATA[Starting ChromeDriver 114.0.5735.90 (386bc09e8f4f2e025eddae123f36f6263096ae49-refs/branch-heads/5735@{#1052}) on port 30612
Only local connections are allowed.
Please see https://chromedriver.chromium.org/security-considerations for suggestions on keeping ChromeDriver safe.
ChromeDriver was started successfully.
Jul 19, 2023 2:24:58 PM org.openqa.selenium.devtools.CdpVersionFinder findNearestMatch
WARNING: Unable to find an exact match for CDP version 114, so returning the closest version found: 110
]]></system-err>
  </testcase>
  <testcase name=" #1" classname="To Test the Our Bank Option in the home page" time="46.059">
    <error type="org.openqa.selenium.NoSuchElementException"><![CDATA[org.openqa.selenium.NoSuchElementException: 
no such element: Unable to locate element: {"method":"xpath","selector":"//*[@id='post-29124']/header/h1"}
  (Session info: chrome=114.0.5735.199)
For documentation on this error, please visit: https://selenium.dev/exceptions/#no_such_element
Build info: version: '4.8.1', revision: '8ebccac989'
System info: os.name: 'Windows 10', os.arch: 'amd64', os.version: '10.0', java.version: '1.8.0_202'
Driver info: org.openqa.selenium.chrome.ChromeDriver
Command: [c3c2e1b978153a935c07e7aea55f9690, findElement {using=xpath, value=//*[@id='post-29124']/header/h1}]
Capabilities {acceptInsecureCerts: false, browserName: chrome, browserVersion: 114.0.5735.199, chrome: {chromedriverVersion: 114.0.5735.90 (386bc09e8f4f..., userDataDir: C:\Users\hp\AppData\Local\T...}, goog:chromeOptions: {debuggerAddress: localhost:59001}, networkConnectionEnabled: false, pageLoadStrategy: normal, platformName: WINDOWS, proxy: Proxy(), se:cdp: ws://localhost:59001/devtoo..., se:cdpVersion: 114.0.5735.199, setWindowRect: true, strictFileInteractability: false, timeouts: {implicit: 0, pageLoad: 300000, script: 30000}, unhandledPromptBehavior: dismiss and notify, webauthn:extension:credBlob: true, webauthn:extension:largeBlob: true, webauthn:extension:minPinLength: true, webauthn:extension:prf: true, webauthn:virtualAuthenticators: true}
Session ID: c3c2e1b978153a935c07e7aea55f9690
]]></error>
    <system-out><![CDATA[14:25:31.725 [main] DEBUG io.cucumber.core.plugin.SerenityReporter - Running feature from file:///C:/Users/hp/eclipse-workspace/AfreximBank_SerenityBDD_Framework/src/test/resources/Afrexim_features/Afrexim_Our_Bank.feature
14:25:31.725 [main] WARN io.cucumber.core.plugin.SerenityReporter - Feature from file:///C:/Users/hp/eclipse-workspace/AfreximBank_SerenityBDD_Framework/src/test/resources/Afrexim_features/Afrexim_Our_Bank.feature is not under the 'features' directory. Requirements report will not be correctly generated!
14:25:31.736 [main] INFO  - 
  _____   ___   ___   _____     ___   _____     _     ___   _____   ___   ___  
 |_   _| | __| / __| |_   _|   / __| |_   _|   /_\   | _ \ |_   _| | __| |   \ 
   | |   | _|  \__ \   | |     \__ \   | |    / _ \  |   /   | |   | _|  | |) |
   |_|   |___| |___/   |_|     |___/   |_|   /_/ \_\ |_|_\   |_|   |___| |___/ 

(to-test-the-our-bank-option-in-the-home-page;)
--------------------------------------------------------------------------------
14:25:31.923 [main] INFO net.serenitybdd.core.webdriver.driverproviders.ChromeDriverProvider - Starting Chrome driver instance with capabilities:
14:25:31.923 [main] INFO net.serenitybdd.core.webdriver.driverproviders.ChromeDriverProvider - Capabilities {acceptInsecureCerts: false, browserName: chrome, goog:chromeOptions: {args: [remote-allow-origins=*], extensions: []}}
14:25:32.098 [AsyncHttpClient-1-1] DEBUG org.asynchttpclient.netty.channel.DefaultChannelPool - Entry count for : http://localhost:30612 : 1
14:25:32.098 [AsyncHttpClient-1-1] DEBUG org.asynchttpclient.netty.channel.DefaultChannelPool - Adding Candidate expired Channel [id: 0x0663f76b, L:/127.0.0.1:58914 ! R:localhost/127.0.0.1:30612] isIdleTimeoutExpired=false isRemotelyClosed=true isTtlExpired=false
14:25:32.098 [AsyncHttpClient-1-1] DEBUG org.asynchttpclient.netty.channel.DefaultChannelPool - Closing Idle Channel [id: 0x0663f76b, L:/127.0.0.1:58914 ! R:localhost/127.0.0.1:30612]
14:25:32.098 [AsyncHttpClient-1-1] DEBUG org.asynchttpclient.netty.channel.DefaultChannelPool - Closed 1 connections out of 1 in 0 ms
14:25:33.057 [AsyncHttpClient-1-9] DEBUG org.asynchttpclient.netty.channel.NettyConnectListener - Using new Channel '[id: 0xb27c0939, L:/127.0.0.1:59000 - R:localhost/127.0.0.1:29031]' for 'POST' to '/session'
14:25:35.222 [AsyncHttpClient-1-9] DEBUG org.asynchttpclient.netty.handler.HttpHandler - 

Request DefaultHttpRequest(decodeResult: success, version: HTTP/1.1)
POST /session HTTP/1.1
User-Agent: selenium/4.8.1 (java windows)
Content-Length: 507
Content-Type: application/json; charset=utf-8
host: localhost:29031
accept: */*

Response DefaultHttpResponse(decodeResult: success, version: HTTP/1.1)
HTTP/1.1 200 OK
Content-Length: 858
Content-Type: application/json; charset=utf-8
cache-control: no-cache

14:25:35.222 [AsyncHttpClient-1-9] DEBUG org.asynchttpclient.netty.channel.ChannelManager - Adding key: http://localhost:29031 for channel [id: 0xb27c0939, L:/127.0.0.1:59000 - R:localhost/127.0.0.1:29031]
14:25:35.362 [AsyncHttpClient-1-2] DEBUG org.asynchttpclient.netty.channel.NettyConnectListener - Using new Channel '[id: 0xadded818, L:/127.0.0.1:59007 - R:localhost/127.0.0.1:59001]' for 'GET' to '/json/version'
14:25:35.362 [AsyncHttpClient-1-2] DEBUG org.asynchttpclient.netty.handler.HttpHandler - 

Request DefaultFullHttpRequest(decodeResult: success, version: HTTP/1.1, content: EmptyByteBufBE)
GET /json/version HTTP/1.1
User-Agent: selenium/4.8.1 (java windows)
host: localhost:59001
accept: */*

Response DefaultHttpResponse(decodeResult: success, version: HTTP/1.1)
HTTP/1.1 200 OK
Content-Security-Policy: frame-ancestors 'none'
Content-Length: 424
Content-Type: application/json; charset=UTF-8

14:25:35.362 [AsyncHttpClient-1-2] DEBUG org.asynchttpclient.netty.channel.ChannelManager - Adding key: http://localhost:59001 for channel [id: 0xadded818, L:/127.0.0.1:59007 - R:localhost/127.0.0.1:59001]
14:25:35.373 [AsyncHttpClient-1-3] DEBUG org.asynchttpclient.netty.channel.NettyConnectListener - Using new Channel '[id: 0x482ebce4, L:/127.0.0.1:59008 - R:localhost/127.0.0.1:59001]' for 'GET' to '/devtools/browser/4649cd7d-7217-4394-9bc2-16541325db84'
14:25:35.379 [AsyncHttpClient-1-3] DEBUG org.asynchttpclient.netty.handler.WebSocketHandler - 

Request DefaultFullHttpRequest(decodeResult: success, version: HTTP/1.1, content: EmptyByteBufBE)
GET /devtools/browser/4649cd7d-7217-4394-9bc2-16541325db84 HTTP/1.1
upgrade: websocket
connection: upgrade
sec-websocket-key: VZ67oJrXNivpA9SLBZv0zw==
sec-websocket-version: 13
origin: http://localhost:59001
host: localhost:59001
accept: */*
user-agent: AHC/2.1

Response DefaultHttpResponse(decodeResult: success, version: HTTP/1.1)
HTTP/1.1 101 WebSocket Protocol Handshake
Upgrade: WebSocket
Connection: Upgrade
Sec-WebSocket-Accept: RIXH131BBJPq8CfAsvKCTq4jzJc=

14:25:35.392 [AsyncHttpClient-1-1] DEBUG org.asynchttpclient.netty.channel.DefaultChannelPool - Entry count for : http://localhost:59001 : 1
14:25:35.392 [AsyncHttpClient-1-1] DEBUG org.asynchttpclient.netty.channel.DefaultChannelPool - Entry count for : http://localhost:29031 : 1
14:25:35.405 [Forwarding get on session c3c2e1b978153a935c07e7aea55f9690 to remote] DEBUG org.asynchttpclient.netty.request.NettyRequestSender - Using pooled Channel '[id: 0xb27c0939, L:/127.0.0.1:59000 - R:localhost/127.0.0.1:29031]' for 'POST' to 'http://localhost:29031/session/c3c2e1b978153a935c07e7aea55f9690/url'
14:25:35.408 [Forwarding get on session c3c2e1b978153a935c07e7aea55f9690 to remote] DEBUG org.asynchttpclient.netty.request.NettyRequestSender - Using open Channel [id: 0xb27c0939, L:/127.0.0.1:59000 - R:localhost/127.0.0.1:29031] for POST '/session/c3c2e1b978153a935c07e7aea55f9690/url'
14:25:36.490 [AsyncHttpClient-1-1] DEBUG org.asynchttpclient.netty.channel.DefaultChannelPool - Entry count for : http://localhost:59001 : 1
14:25:37.596 [AsyncHttpClient-1-1] DEBUG org.asynchttpclient.netty.channel.DefaultChannelPool - Entry count for : http://localhost:59001 : 1
14:25:38.689 [AsyncHttpClient-1-1] DEBUG org.asynchttpclient.netty.channel.DefaultChannelPool - Entry count for : http://localhost:59001 : 1
14:25:39.076 [AsyncHttpClient-1-9] DEBUG org.asynchttpclient.netty.handler.HttpHandler - 

Request DefaultHttpRequest(decodeResult: success, version: HTTP/1.1)
POST /session/c3c2e1b978153a935c07e7aea55f9690/url HTTP/1.1
User-Agent: selenium/4.8.1 (java windows)
Content-Length: 58
Content-Type: application/json; charset=utf-8
host: localhost:29031
accept: */*

Response DefaultHttpResponse(decodeResult: success, version: HTTP/1.1)
HTTP/1.1 200 OK
Content-Length: 14
Content-Type: application/json; charset=utf-8
cache-control: no-cache

14:25:39.076 [AsyncHttpClient-1-9] DEBUG org.asynchttpclient.netty.channel.ChannelManager - Adding key: http://localhost:29031 for channel [id: 0xb27c0939, L:/127.0.0.1:59000 - R:localhost/127.0.0.1:29031]
14:25:39.079 [Forwarding setTimeout on session c3c2e1b978153a935c07e7aea55f9690 to remote] DEBUG org.asynchttpclient.netty.request.NettyRequestSender - Using pooled Channel '[id: 0xb27c0939, L:/127.0.0.1:59000 - R:localhost/127.0.0.1:29031]' for 'POST' to 'http://localhost:29031/session/c3c2e1b978153a935c07e7aea55f9690/timeouts'
14:25:39.079 [Forwarding setTimeout on session c3c2e1b978153a935c07e7aea55f9690 to remote] DEBUG org.asynchttpclient.netty.request.NettyRequestSender - Using open Channel [id: 0xb27c0939, L:/127.0.0.1:59000 - R:localhost/127.0.0.1:29031] for POST '/session/c3c2e1b978153a935c07e7aea55f9690/timeouts'
14:25:39.085 [AsyncHttpClient-1-9] DEBUG org.asynchttpclient.netty.handler.HttpHandler - 

Request DefaultHttpRequest(decodeResult: success, version: HTTP/1.1)
POST /session/c3c2e1b978153a935c07e7aea55f9690/timeouts HTTP/1.1
User-Agent: selenium/4.8.1 (java windows)
Content-Length: 22
Content-Type: application/json; charset=utf-8
host: localhost:29031
accept: */*

Response DefaultHttpResponse(decodeResult: success, version: HTTP/1.1)
HTTP/1.1 200 OK
Content-Length: 14
Content-Type: application/json; charset=utf-8
cache-control: no-cache

14:25:39.085 [AsyncHttpClient-1-9] DEBUG org.asynchttpclient.netty.channel.ChannelManager - Adding key: http://localhost:29031 for channel [id: 0xb27c0939, L:/127.0.0.1:59000 - R:localhost/127.0.0.1:29031]
14:25:39.088 [Forwarding maximizeCurrentWindow on session c3c2e1b978153a935c07e7aea55f9690 to remote] DEBUG org.asynchttpclient.netty.request.NettyRequestSender - Using pooled Channel '[id: 0xb27c0939, L:/127.0.0.1:59000 - R:localhost/127.0.0.1:29031]' for 'POST' to 'http://localhost:29031/session/c3c2e1b978153a935c07e7aea55f9690/window/maximize'
14:25:39.088 [Forwarding maximizeCurrentWindow on session c3c2e1b978153a935c07e7aea55f9690 to remote] DEBUG org.asynchttpclient.netty.request.NettyRequestSender - Using open Channel [id: 0xb27c0939, L:/127.0.0.1:59000 - R:localhost/127.0.0.1:29031] for POST '/session/c3c2e1b978153a935c07e7aea55f9690/window/maximize'
14:25:39.607 [AsyncHttpClient-1-9] DEBUG org.asynchttpclient.netty.handler.HttpHandler - 

Request DefaultHttpRequest(decodeResult: success, version: HTTP/1.1)
POST /session/c3c2e1b978153a935c07e7aea55f9690/window/maximize HTTP/1.1
User-Agent: selenium/4.8.1 (java windows)
Content-Length: 3
Content-Type: application/json; charset=utf-8
host: localhost:29031
accept: */*

Response DefaultHttpResponse(decodeResult: success, version: HTTP/1.1)
HTTP/1.1 200 OK
Content-Length: 51
Content-Type: application/json; charset=utf-8
cache-control: no-cache

14:25:39.607 [AsyncHttpClient-1-9] DEBUG org.asynchttpclient.netty.channel.ChannelManager - Adding key: http://localhost:29031 for channel [id: 0xb27c0939, L:/127.0.0.1:59000 - R:localhost/127.0.0.1:29031]
14:25:39.624 [Forwarding getAlertText on session c3c2e1b978153a935c07e7aea55f9690 to remote] DEBUG org.asynchttpclient.netty.request.NettyRequestSender - Using pooled Channel '[id: 0xb27c0939, L:/127.0.0.1:59000 - R:localhost/127.0.0.1:29031]' for 'GET' to 'http://localhost:29031/session/c3c2e1b978153a935c07e7aea55f9690/alert/text'
14:25:39.625 [Forwarding getAlertText on session c3c2e1b978153a935c07e7aea55f9690 to remote] DEBUG org.asynchttpclient.netty.request.NettyRequestSender - Using open Channel [id: 0xb27c0939, L:/127.0.0.1:59000 - R:localhost/127.0.0.1:29031] for GET '/session/c3c2e1b978153a935c07e7aea55f9690/alert/text'
14:25:39.661 [AsyncHttpClient-1-9] DEBUG org.asynchttpclient.netty.handler.HttpHandler - 

Request DefaultFullHttpRequest(decodeResult: success, version: HTTP/1.1, content: EmptyByteBufBE)
GET /session/c3c2e1b978153a935c07e7aea55f9690/alert/text HTTP/1.1
User-Agent: selenium/4.8.1 (java windows)
Cache-Control: no-cache
Content-Type: application/json; charset=utf-8
host: localhost:29031
accept: */*

Response DefaultHttpResponse(decodeResult: success, version: HTTP/1.1)
HTTP/1.1 404 Not Found
Content-Length: 821
Content-Type: application/json; charset=utf-8
cache-control: no-cache

14:25:39.661 [AsyncHttpClient-1-9] DEBUG org.asynchttpclient.netty.channel.ChannelManager - Adding key: http://localhost:29031 for channel [id: 0xb27c0939, L:/127.0.0.1:59000 - R:localhost/127.0.0.1:29031]
14:25:39.663 [Forwarding getCurrentUrl on session c3c2e1b978153a935c07e7aea55f9690 to remote] DEBUG org.asynchttpclient.netty.request.NettyRequestSender - Using pooled Channel '[id: 0xb27c0939, L:/127.0.0.1:59000 - R:localhost/127.0.0.1:29031]' for 'GET' to 'http://localhost:29031/session/c3c2e1b978153a935c07e7aea55f9690/url'
14:25:39.663 [Forwarding getCurrentUrl on session c3c2e1b978153a935c07e7aea55f9690 to remote] DEBUG org.asynchttpclient.netty.request.NettyRequestSender - Using open Channel [id: 0xb27c0939, L:/127.0.0.1:59000 - R:localhost/127.0.0.1:29031] for GET '/session/c3c2e1b978153a935c07e7aea55f9690/url'
14:25:39.694 [AsyncHttpClient-1-9] DEBUG org.asynchttpclient.netty.handler.HttpHandler - 

Request DefaultFullHttpRequest(decodeResult: success, version: HTTP/1.1, content: EmptyByteBufBE)
GET /session/c3c2e1b978153a935c07e7aea55f9690/url HTTP/1.1
User-Agent: selenium/4.8.1 (java windows)
Cache-Control: no-cache
Content-Type: application/json; charset=utf-8
host: localhost:29031
accept: */*

Response DefaultHttpResponse(decodeResult: success, version: HTTP/1.1)
HTTP/1.1 200 OK
Content-Length: 40
Content-Type: application/json; charset=utf-8
cache-control: no-cache

14:25:39.694 [AsyncHttpClient-1-9] DEBUG org.asynchttpclient.netty.channel.ChannelManager - Adding key: http://localhost:29031 for channel [id: 0xb27c0939, L:/127.0.0.1:59000 - R:localhost/127.0.0.1:29031]
14:25:39.695 [Forwarding screenshot on session c3c2e1b978153a935c07e7aea55f9690 to remote] DEBUG org.asynchttpclient.netty.request.NettyRequestSender - Using pooled Channel '[id: 0xb27c0939, L:/127.0.0.1:59000 - R:localhost/127.0.0.1:29031]' for 'GET' to 'http://localhost:29031/session/c3c2e1b978153a935c07e7aea55f9690/screenshot'
14:25:39.695 [Forwarding screenshot on session c3c2e1b978153a935c07e7aea55f9690 to remote] DEBUG org.asynchttpclient.netty.request.NettyRequestSender - Using open Channel [id: 0xb27c0939, L:/127.0.0.1:59000 - R:localhost/127.0.0.1:29031] for GET '/session/c3c2e1b978153a935c07e7aea55f9690/screenshot'
14:25:39.802 [AsyncHttpClient-1-1] DEBUG org.asynchttpclient.netty.channel.DefaultChannelPool - Entry count for : http://localhost:59001 : 1
14:25:40.707 [AsyncHttpClient-1-9] DEBUG org.asynchttpclient.netty.handler.HttpHandler - 

Request DefaultFullHttpRequest(decodeResult: success, version: HTTP/1.1, content: EmptyByteBufBE)
GET /session/c3c2e1b978153a935c07e7aea55f9690/screenshot HTTP/1.1
User-Agent: selenium/4.8.1 (java windows)
Cache-Control: no-cache
Content-Type: application/json; charset=utf-8
host: localhost:29031
accept: */*

Response DefaultHttpResponse(decodeResult: success, version: HTTP/1.1)
HTTP/1.1 200 OK
Content-Length: 2003388
Content-Type: application/json; charset=utf-8
cache-control: no-cache

14:25:40.761 [AsyncHttpClient-1-9] DEBUG org.asynchttpclient.netty.channel.ChannelManager - Adding key: http://localhost:29031 for channel [id: 0xb27c0939, L:/127.0.0.1:59000 - R:localhost/127.0.0.1:29031]
14:25:40.873 [main] DEBUG net.serenitybdd.core.photography.Darkroom - Send negative for processing for target\site\serenity\eefb42ccb8dde2b5f1bae08f03f09b71f2964dee8d658fcd7aca9aafc2b8a1f9.png
14:25:40.886 [Forwarding getPageSource on session c3c2e1b978153a935c07e7aea55f9690 to remote] DEBUG org.asynchttpclient.netty.request.NettyRequestSender - Using pooled Channel '[id: 0xb27c0939, L:/127.0.0.1:59000 - R:localhost/127.0.0.1:29031]' for 'POST' to 'http://localhost:29031/session/c3c2e1b978153a935c07e7aea55f9690/execute/sync'
14:25:40.887 [Forwarding getPageSource on session c3c2e1b978153a935c07e7aea55f9690 to remote] DEBUG org.asynchttpclient.netty.request.NettyRequestSender - Using open Channel [id: 0xb27c0939, L:/127.0.0.1:59000 - R:localhost/127.0.0.1:29031] for POST '/session/c3c2e1b978153a935c07e7aea55f9690/execute/sync'
14:25:40.887 [AsyncHttpClient-1-1] DEBUG org.asynchttpclient.netty.channel.DefaultChannelPool - Entry count for : http://localhost:59001 : 1
14:25:40.918 [AsyncHttpClient-1-9] DEBUG org.asynchttpclient.netty.handler.HttpHandler - 

Request DefaultHttpRequest(decodeResult: success, version: HTTP/1.1)
POST /session/c3c2e1b978153a935c07e7aea55f9690/execute/sync HTTP/1.1
User-Agent: selenium/4.8.1 (java windows)
Content-Length: 176
Content-Type: application/json; charset=utf-8
host: localhost:29031
accept: */*

Response DefaultHttpResponse(decodeResult: success, version: HTTP/1.1)
HTTP/1.1 200 OK
Content-Length: 129146
Content-Type: application/json; charset=utf-8
cache-control: no-cache

14:25:40.919 [AsyncHttpClient-1-9] DEBUG org.asynchttpclient.netty.channel.ChannelManager - Adding key: http://localhost:29031 for channel [id: 0xb27c0939, L:/127.0.0.1:59000 - R:localhost/127.0.0.1:29031]
14:25:40.935 [Forwarding getCurrentUrl on session c3c2e1b978153a935c07e7aea55f9690 to remote] DEBUG org.asynchttpclient.netty.request.NettyRequestSender - Using pooled Channel '[id: 0xb27c0939, L:/127.0.0.1:59000 - R:localhost/127.0.0.1:29031]' for 'GET' to 'http://localhost:29031/session/c3c2e1b978153a935c07e7aea55f9690/url'
14:25:40.935 [Forwarding getCurrentUrl on session c3c2e1b978153a935c07e7aea55f9690 to remote] DEBUG org.asynchttpclient.netty.request.NettyRequestSender - Using open Channel [id: 0xb27c0939, L:/127.0.0.1:59000 - R:localhost/127.0.0.1:29031] for GET '/session/c3c2e1b978153a935c07e7aea55f9690/url'
14:25:40.944 [AsyncHttpClient-1-9] DEBUG org.asynchttpclient.netty.handler.HttpHandler - 

Request DefaultFullHttpRequest(decodeResult: success, version: HTTP/1.1, content: EmptyByteBufBE)
GET /session/c3c2e1b978153a935c07e7aea55f9690/url HTTP/1.1
User-Agent: selenium/4.8.1 (java windows)
Cache-Control: no-cache
Content-Type: application/json; charset=utf-8
host: localhost:29031
accept: */*

Response DefaultHttpResponse(decodeResult: success, version: HTTP/1.1)
HTTP/1.1 200 OK
Content-Length: 40
Content-Type: application/json; charset=utf-8
cache-control: no-cache

14:25:40.944 [AsyncHttpClient-1-9] DEBUG org.asynchttpclient.netty.channel.ChannelManager - Adding key: http://localhost:29031 for channel [id: 0xb27c0939, L:/127.0.0.1:59000 - R:localhost/127.0.0.1:29031]
14:25:40.964 [Forwarding getAlertText on session c3c2e1b978153a935c07e7aea55f9690 to remote] DEBUG org.asynchttpclient.netty.request.NettyRequestSender - Using pooled Channel '[id: 0xb27c0939, L:/127.0.0.1:59000 - R:localhost/127.0.0.1:29031]' for 'GET' to 'http://localhost:29031/session/c3c2e1b978153a935c07e7aea55f9690/alert/text'
14:25:40.964 [Forwarding getAlertText on session c3c2e1b978153a935c07e7aea55f9690 to remote] DEBUG org.asynchttpclient.netty.request.NettyRequestSender - Using open Channel [id: 0xb27c0939, L:/127.0.0.1:59000 - R:localhost/127.0.0.1:29031] for GET '/session/c3c2e1b978153a935c07e7aea55f9690/alert/text'
14:25:40.966 [AsyncHttpClient-1-9] DEBUG org.asynchttpclient.netty.handler.HttpHandler - 

Request DefaultFullHttpRequest(decodeResult: success, version: HTTP/1.1, content: EmptyByteBufBE)
GET /session/c3c2e1b978153a935c07e7aea55f9690/alert/text HTTP/1.1
User-Agent: selenium/4.8.1 (java windows)
Cache-Control: no-cache
Content-Type: application/json; charset=utf-8
host: localhost:29031
accept: */*

Response DefaultHttpResponse(decodeResult: success, version: HTTP/1.1)
HTTP/1.1 404 Not Found
Content-Length: 821
Content-Type: application/json; charset=utf-8
cache-control: no-cache

14:25:40.967 [AsyncHttpClient-1-9] DEBUG org.asynchttpclient.netty.channel.ChannelManager - Adding key: http://localhost:29031 for channel [id: 0xb27c0939, L:/127.0.0.1:59000 - R:localhost/127.0.0.1:29031]
14:25:40.969 [Forwarding getCurrentUrl on session c3c2e1b978153a935c07e7aea55f9690 to remote] DEBUG org.asynchttpclient.netty.request.NettyRequestSender - Using pooled Channel '[id: 0xb27c0939, L:/127.0.0.1:59000 - R:localhost/127.0.0.1:29031]' for 'GET' to 'http://localhost:29031/session/c3c2e1b978153a935c07e7aea55f9690/url'
14:25:40.969 [Forwarding getCurrentUrl on session c3c2e1b978153a935c07e7aea55f9690 to remote] DEBUG org.asynchttpclient.netty.request.NettyRequestSender - Using open Channel [id: 0xb27c0939, L:/127.0.0.1:59000 - R:localhost/127.0.0.1:29031] for GET '/session/c3c2e1b978153a935c07e7aea55f9690/url'
14:25:40.975 [AsyncHttpClient-1-9] DEBUG org.asynchttpclient.netty.handler.HttpHandler - 

Request DefaultFullHttpRequest(decodeResult: success, version: HTTP/1.1, content: EmptyByteBufBE)
GET /session/c3c2e1b978153a935c07e7aea55f9690/url HTTP/1.1
User-Agent: selenium/4.8.1 (java windows)
Cache-Control: no-cache
Content-Type: application/json; charset=utf-8
host: localhost:29031
accept: */*

Response DefaultHttpResponse(decodeResult: success, version: HTTP/1.1)
HTTP/1.1 200 OK
Content-Length: 40
Content-Type: application/json; charset=utf-8
cache-control: no-cache

14:25:40.975 [AsyncHttpClient-1-9] DEBUG org.asynchttpclient.netty.channel.ChannelManager - Adding key: http://localhost:29031 for channel [id: 0xb27c0939, L:/127.0.0.1:59000 - R:localhost/127.0.0.1:29031]
14:25:40.977 [Forwarding screenshot on session c3c2e1b978153a935c07e7aea55f9690 to remote] DEBUG org.asynchttpclient.netty.request.NettyRequestSender - Using pooled Channel '[id: 0xb27c0939, L:/127.0.0.1:59000 - R:localhost/127.0.0.1:29031]' for 'GET' to 'http://localhost:29031/session/c3c2e1b978153a935c07e7aea55f9690/screenshot'
14:25:40.977 [Forwarding screenshot on session c3c2e1b978153a935c07e7aea55f9690 to remote] DEBUG org.asynchttpclient.netty.request.NettyRequestSender - Using open Channel [id: 0xb27c0939, L:/127.0.0.1:59000 - R:localhost/127.0.0.1:29031] for GET '/session/c3c2e1b978153a935c07e7aea55f9690/screenshot'
14:25:41.924 [AsyncHttpClient-1-9] DEBUG org.asynchttpclient.netty.handler.HttpHandler - 

Request DefaultFullHttpRequest(decodeResult: success, version: HTTP/1.1, content: EmptyByteBufBE)
GET /session/c3c2e1b978153a935c07e7aea55f9690/screenshot HTTP/1.1
User-Agent: selenium/4.8.1 (java windows)
Cache-Control: no-cache
Content-Type: application/json; charset=utf-8
host: localhost:29031
accept: */*

Response DefaultHttpResponse(decodeResult: success, version: HTTP/1.1)
HTTP/1.1 200 OK
Content-Length: 2003388
Content-Type: application/json; charset=utf-8
cache-control: no-cache

14:25:41.934 [AsyncHttpClient-1-9] DEBUG org.asynchttpclient.netty.channel.ChannelManager - Adding key: http://localhost:29031 for channel [id: 0xb27c0939, L:/127.0.0.1:59000 - R:localhost/127.0.0.1:29031]
14:25:41.987 [AsyncHttpClient-1-1] DEBUG org.asynchttpclient.netty.channel.DefaultChannelPool - Entry count for : http://localhost:59001 : 1
14:25:41.987 [AsyncHttpClient-1-1] DEBUG org.asynchttpclient.netty.channel.DefaultChannelPool - Entry count for : http://localhost:29031 : 1
14:25:42.027 [main] DEBUG net.serenitybdd.core.photography.Darkroom - Send negative for processing for target\site\serenity\eefb42ccb8dde2b5f1bae08f03f09b71f2964dee8d658fcd7aca9aafc2b8a1f9.png
14:25:42.029 [Forwarding getPageSource on session c3c2e1b978153a935c07e7aea55f9690 to remote] DEBUG org.asynchttpclient.netty.request.NettyRequestSender - Using pooled Channel '[id: 0xb27c0939, L:/127.0.0.1:59000 - R:localhost/127.0.0.1:29031]' for 'POST' to 'http://localhost:29031/session/c3c2e1b978153a935c07e7aea55f9690/execute/sync'
14:25:42.029 [Forwarding getPageSource on session c3c2e1b978153a935c07e7aea55f9690 to remote] DEBUG org.asynchttpclient.netty.request.NettyRequestSender - Using open Channel [id: 0xb27c0939, L:/127.0.0.1:59000 - R:localhost/127.0.0.1:29031] for POST '/session/c3c2e1b978153a935c07e7aea55f9690/execute/sync'
14:25:42.056 [AsyncHttpClient-1-9] DEBUG org.asynchttpclient.netty.handler.HttpHandler - 

Request DefaultHttpRequest(decodeResult: success, version: HTTP/1.1)
POST /session/c3c2e1b978153a935c07e7aea55f9690/execute/sync HTTP/1.1
User-Agent: selenium/4.8.1 (java windows)
Content-Length: 176
Content-Type: application/json; charset=utf-8
host: localhost:29031
accept: */*

Response DefaultHttpResponse(decodeResult: success, version: HTTP/1.1)
HTTP/1.1 200 OK
Content-Length: 129146
Content-Type: application/json; charset=utf-8
cache-control: no-cache

14:25:42.057 [AsyncHttpClient-1-9] DEBUG org.asynchttpclient.netty.channel.ChannelManager - Adding key: http://localhost:29031 for channel [id: 0xb27c0939, L:/127.0.0.1:59000 - R:localhost/127.0.0.1:29031]
14:25:42.079 [Forwarding getCurrentUrl on session c3c2e1b978153a935c07e7aea55f9690 to remote] DEBUG org.asynchttpclient.netty.request.NettyRequestSender - Using pooled Channel '[id: 0xb27c0939, L:/127.0.0.1:59000 - R:localhost/127.0.0.1:29031]' for 'GET' to 'http://localhost:29031/session/c3c2e1b978153a935c07e7aea55f9690/url'
14:25:42.079 [Forwarding getCurrentUrl on session c3c2e1b978153a935c07e7aea55f9690 to remote] DEBUG org.asynchttpclient.netty.request.NettyRequestSender - Using open Channel [id: 0xb27c0939, L:/127.0.0.1:59000 - R:localhost/127.0.0.1:29031] for GET '/session/c3c2e1b978153a935c07e7aea55f9690/url'
14:25:42.091 [AsyncHttpClient-1-9] DEBUG org.asynchttpclient.netty.handler.HttpHandler - 

Request DefaultFullHttpRequest(decodeResult: success, version: HTTP/1.1, content: EmptyByteBufBE)
GET /session/c3c2e1b978153a935c07e7aea55f9690/url HTTP/1.1
User-Agent: selenium/4.8.1 (java windows)
Cache-Control: no-cache
Content-Type: application/json; charset=utf-8
host: localhost:29031
accept: */*

Response DefaultHttpResponse(decodeResult: success, version: HTTP/1.1)
HTTP/1.1 200 OK
Content-Length: 40
Content-Type: application/json; charset=utf-8
cache-control: no-cache

14:25:42.091 [AsyncHttpClient-1-9] DEBUG org.asynchttpclient.netty.channel.ChannelManager - Adding key: http://localhost:29031 for channel [id: 0xb27c0939, L:/127.0.0.1:59000 - R:localhost/127.0.0.1:29031]
14:25:42.095 [main] DEBUG net.thucydides.core.steps.StepInterceptor - STARTING STEP: Afrexim_OurBank_Aboutus_Steps.to_click_the_our_bank_option - To_click_the_Our_Bank_Option
14:25:42.098 [Forwarding findElement on session c3c2e1b978153a935c07e7aea55f9690 to remote] DEBUG org.asynchttpclient.netty.request.NettyRequestSender - Using pooled Channel '[id: 0xb27c0939, L:/127.0.0.1:59000 - R:localhost/127.0.0.1:29031]' for 'POST' to 'http://localhost:29031/session/c3c2e1b978153a935c07e7aea55f9690/element'
14:25:42.098 [Forwarding findElement on session c3c2e1b978153a935c07e7aea55f9690 to remote] DEBUG org.asynchttpclient.netty.request.NettyRequestSender - Using open Channel [id: 0xb27c0939, L:/127.0.0.1:59000 - R:localhost/127.0.0.1:29031] for POST '/session/c3c2e1b978153a935c07e7aea55f9690/element'
14:25:42.119 [AsyncHttpClient-1-9] DEBUG org.asynchttpclient.netty.handler.HttpHandler - 

Request DefaultHttpRequest(decodeResult: success, version: HTTP/1.1)
POST /session/c3c2e1b978153a935c07e7aea55f9690/element HTTP/1.1
User-Agent: selenium/4.8.1 (java windows)
Content-Length: 77
Content-Type: application/json; charset=utf-8
host: localhost:29031
accept: */*

Response DefaultHttpResponse(decodeResult: success, version: HTTP/1.1)
HTTP/1.1 200 OK
Content-Length: 95
Content-Type: application/json; charset=utf-8
cache-control: no-cache

14:25:42.119 [AsyncHttpClient-1-9] DEBUG org.asynchttpclient.netty.channel.ChannelManager - Adding key: http://localhost:29031 for channel [id: 0xb27c0939, L:/127.0.0.1:59000 - R:localhost/127.0.0.1:29031]
14:25:42.122 [Forwarding getElementTagName on session c3c2e1b978153a935c07e7aea55f9690 to remote] DEBUG org.asynchttpclient.netty.request.NettyRequestSender - Using pooled Channel '[id: 0xb27c0939, L:/127.0.0.1:59000 - R:localhost/127.0.0.1:29031]' for 'GET' to 'http://localhost:29031/session/c3c2e1b978153a935c07e7aea55f9690/element/E962A084F39AD0C80EA8253B6F29881B_element_44/name'
14:25:42.122 [Forwarding getElementTagName on session c3c2e1b978153a935c07e7aea55f9690 to remote] DEBUG org.asynchttpclient.netty.request.NettyRequestSender - Using open Channel [id: 0xb27c0939, L:/127.0.0.1:59000 - R:localhost/127.0.0.1:29031] for GET '/session/c3c2e1b978153a935c07e7aea55f9690/element/E962A084F39AD0C80EA8253B6F29881B_element_44/name'
14:25:42.135 [AsyncHttpClient-1-9] DEBUG org.asynchttpclient.netty.handler.HttpHandler - 

Request DefaultFullHttpRequest(decodeResult: success, version: HTTP/1.1, content: EmptyByteBufBE)
GET /session/c3c2e1b978153a935c07e7aea55f9690/element/E962A084F39AD0C80EA8253B6F29881B_element_44/name HTTP/1.1
User-Agent: selenium/4.8.1 (java windows)
Cache-Control: no-cache
Content-Type: application/json; charset=utf-8
host: localhost:29031
accept: */*

Response DefaultHttpResponse(decodeResult: success, version: HTTP/1.1)
HTTP/1.1 200 OK
Content-Length: 16
Content-Type: application/json; charset=utf-8
cache-control: no-cache

14:25:42.135 [AsyncHttpClient-1-9] DEBUG org.asynchttpclient.netty.channel.ChannelManager - Adding key: http://localhost:29031 for channel [id: 0xb27c0939, L:/127.0.0.1:59000 - R:localhost/127.0.0.1:29031]
14:25:42.137 [Forwarding getElementTagName on session c3c2e1b978153a935c07e7aea55f9690 to remote] DEBUG org.asynchttpclient.netty.request.NettyRequestSender - Using pooled Channel '[id: 0xb27c0939, L:/127.0.0.1:59000 - R:localhost/127.0.0.1:29031]' for 'GET' to 'http://localhost:29031/session/c3c2e1b978153a935c07e7aea55f9690/element/E962A084F39AD0C80EA8253B6F29881B_element_44/name'
14:25:42.137 [Forwarding getElementTagName on session c3c2e1b978153a935c07e7aea55f9690 to remote] DEBUG org.asynchttpclient.netty.request.NettyRequestSender - Using open Channel [id: 0xb27c0939, L:/127.0.0.1:59000 - R:localhost/127.0.0.1:29031] for GET '/session/c3c2e1b978153a935c07e7aea55f9690/element/E962A084F39AD0C80EA8253B6F29881B_element_44/name'
14:25:42.157 [AsyncHttpClient-1-9] DEBUG org.asynchttpclient.netty.handler.HttpHandler - 

Request DefaultFullHttpRequest(decodeResult: success, version: HTTP/1.1, content: EmptyByteBufBE)
GET /session/c3c2e1b978153a935c07e7aea55f9690/element/E962A084F39AD0C80EA8253B6F29881B_element_44/name HTTP/1.1
User-Agent: selenium/4.8.1 (java windows)
Cache-Control: no-cache
Content-Type: application/json; charset=utf-8
host: localhost:29031
accept: */*

Response DefaultHttpResponse(decodeResult: success, version: HTTP/1.1)
HTTP/1.1 200 OK
Content-Length: 16
Content-Type: application/json; charset=utf-8
cache-control: no-cache

14:25:42.157 [AsyncHttpClient-1-9] DEBUG org.asynchttpclient.netty.channel.ChannelManager - Adding key: http://localhost:29031 for channel [id: 0xb27c0939, L:/127.0.0.1:59000 - R:localhost/127.0.0.1:29031]
14:25:42.175 [Forwarding findElement on session c3c2e1b978153a935c07e7aea55f9690 to remote] DEBUG org.asynchttpclient.netty.request.NettyRequestSender - Using pooled Channel '[id: 0xb27c0939, L:/127.0.0.1:59000 - R:localhost/127.0.0.1:29031]' for 'POST' to 'http://localhost:29031/session/c3c2e1b978153a935c07e7aea55f9690/element'
14:25:42.176 [Forwarding findElement on session c3c2e1b978153a935c07e7aea55f9690 to remote] DEBUG org.asynchttpclient.netty.request.NettyRequestSender - Using open Channel [id: 0xb27c0939, L:/127.0.0.1:59000 - R:localhost/127.0.0.1:29031] for POST '/session/c3c2e1b978153a935c07e7aea55f9690/element'
14:25:42.219 [AsyncHttpClient-1-9] DEBUG org.asynchttpclient.netty.handler.HttpHandler - 

Request DefaultHttpRequest(decodeResult: success, version: HTTP/1.1)
POST /session/c3c2e1b978153a935c07e7aea55f9690/element HTTP/1.1
User-Agent: selenium/4.8.1 (java windows)
Content-Length: 77
Content-Type: application/json; charset=utf-8
host: localhost:29031
accept: */*

Response DefaultHttpResponse(decodeResult: success, version: HTTP/1.1)
HTTP/1.1 200 OK
Content-Length: 95
Content-Type: application/json; charset=utf-8
cache-control: no-cache

14:25:42.220 [AsyncHttpClient-1-9] DEBUG org.asynchttpclient.netty.channel.ChannelManager - Adding key: http://localhost:29031 for channel [id: 0xb27c0939, L:/127.0.0.1:59000 - R:localhost/127.0.0.1:29031]
14:25:42.224 [Forwarding clickElement on session c3c2e1b978153a935c07e7aea55f9690 to remote] DEBUG org.asynchttpclient.netty.request.NettyRequestSender - Using pooled Channel '[id: 0xb27c0939, L:/127.0.0.1:59000 - R:localhost/127.0.0.1:29031]' for 'POST' to 'http://localhost:29031/session/c3c2e1b978153a935c07e7aea55f9690/element/E962A084F39AD0C80EA8253B6F29881B_element_44/click'
14:25:42.224 [Forwarding clickElement on session c3c2e1b978153a935c07e7aea55f9690 to remote] DEBUG org.asynchttpclient.netty.request.NettyRequestSender - Using open Channel [id: 0xb27c0939, L:/127.0.0.1:59000 - R:localhost/127.0.0.1:29031] for POST '/session/c3c2e1b978153a935c07e7aea55f9690/element/E962A084F39AD0C80EA8253B6F29881B_element_44/click'
14:25:42.600 [AsyncHttpClient-1-9] DEBUG org.asynchttpclient.netty.handler.HttpHandler - 

Request DefaultHttpRequest(decodeResult: success, version: HTTP/1.1)
POST /session/c3c2e1b978153a935c07e7aea55f9690/element/E962A084F39AD0C80EA8253B6F29881B_element_44/click HTTP/1.1
User-Agent: selenium/4.8.1 (java windows)
Content-Length: 57
Content-Type: application/json; charset=utf-8
host: localhost:29031
accept: */*

Response DefaultHttpResponse(decodeResult: success, version: HTTP/1.1)
HTTP/1.1 200 OK
Content-Length: 14
Content-Type: application/json; charset=utf-8
cache-control: no-cache

14:25:42.601 [AsyncHttpClient-1-9] DEBUG org.asynchttpclient.netty.channel.ChannelManager - Adding key: http://localhost:29031 for channel [id: 0xb27c0939, L:/127.0.0.1:59000 - R:localhost/127.0.0.1:29031]
14:25:42.620 [Forwarding getAlertText on session c3c2e1b978153a935c07e7aea55f9690 to remote] DEBUG org.asynchttpclient.netty.request.NettyRequestSender - Using pooled Channel '[id: 0xb27c0939, L:/127.0.0.1:59000 - R:localhost/127.0.0.1:29031]' for 'GET' to 'http://localhost:29031/session/c3c2e1b978153a935c07e7aea55f9690/alert/text'
14:25:42.620 [Forwarding getAlertText on session c3c2e1b978153a935c07e7aea55f9690 to remote] DEBUG org.asynchttpclient.netty.request.NettyRequestSender - Using open Channel [id: 0xb27c0939, L:/127.0.0.1:59000 - R:localhost/127.0.0.1:29031] for GET '/session/c3c2e1b978153a935c07e7aea55f9690/alert/text'
14:25:42.630 [AsyncHttpClient-1-9] DEBUG org.asynchttpclient.netty.handler.HttpHandler - 

Request DefaultFullHttpRequest(decodeResult: success, version: HTTP/1.1, content: EmptyByteBufBE)
GET /session/c3c2e1b978153a935c07e7aea55f9690/alert/text HTTP/1.1
User-Agent: selenium/4.8.1 (java windows)
Cache-Control: no-cache
Content-Type: application/json; charset=utf-8
host: localhost:29031
accept: */*

Response DefaultHttpResponse(decodeResult: success, version: HTTP/1.1)
HTTP/1.1 404 Not Found
Content-Length: 821
Content-Type: application/json; charset=utf-8
cache-control: no-cache

14:25:42.630 [AsyncHttpClient-1-9] DEBUG org.asynchttpclient.netty.channel.ChannelManager - Adding key: http://localhost:29031 for channel [id: 0xb27c0939, L:/127.0.0.1:59000 - R:localhost/127.0.0.1:29031]
14:25:42.635 [Forwarding getCurrentUrl on session c3c2e1b978153a935c07e7aea55f9690 to remote] DEBUG org.asynchttpclient.netty.request.NettyRequestSender - Using pooled Channel '[id: 0xb27c0939, L:/127.0.0.1:59000 - R:localhost/127.0.0.1:29031]' for 'GET' to 'http://localhost:29031/session/c3c2e1b978153a935c07e7aea55f9690/url'
14:25:42.635 [Forwarding getCurrentUrl on session c3c2e1b978153a935c07e7aea55f9690 to remote] DEBUG org.asynchttpclient.netty.request.NettyRequestSender - Using open Channel [id: 0xb27c0939, L:/127.0.0.1:59000 - R:localhost/127.0.0.1:29031] for GET '/session/c3c2e1b978153a935c07e7aea55f9690/url'
14:25:42.652 [AsyncHttpClient-1-9] DEBUG org.asynchttpclient.netty.handler.HttpHandler - 

Request DefaultFullHttpRequest(decodeResult: success, version: HTTP/1.1, content: EmptyByteBufBE)
GET /session/c3c2e1b978153a935c07e7aea55f9690/url HTTP/1.1
User-Agent: selenium/4.8.1 (java windows)
Cache-Control: no-cache
Content-Type: application/json; charset=utf-8
host: localhost:29031
accept: */*

Response DefaultHttpResponse(decodeResult: success, version: HTTP/1.1)
HTTP/1.1 200 OK
Content-Length: 40
Content-Type: application/json; charset=utf-8
cache-control: no-cache

14:25:42.652 [AsyncHttpClient-1-9] DEBUG org.asynchttpclient.netty.channel.ChannelManager - Adding key: http://localhost:29031 for channel [id: 0xb27c0939, L:/127.0.0.1:59000 - R:localhost/127.0.0.1:29031]
14:25:42.657 [Forwarding screenshot on session c3c2e1b978153a935c07e7aea55f9690 to remote] DEBUG org.asynchttpclient.netty.request.NettyRequestSender - Using pooled Channel '[id: 0xb27c0939, L:/127.0.0.1:59000 - R:localhost/127.0.0.1:29031]' for 'GET' to 'http://localhost:29031/session/c3c2e1b978153a935c07e7aea55f9690/screenshot'
14:25:42.657 [Forwarding screenshot on session c3c2e1b978153a935c07e7aea55f9690 to remote] DEBUG org.asynchttpclient.netty.request.NettyRequestSender - Using open Channel [id: 0xb27c0939, L:/127.0.0.1:59000 - R:localhost/127.0.0.1:29031] for GET '/session/c3c2e1b978153a935c07e7aea55f9690/screenshot'
14:25:43.088 [AsyncHttpClient-1-1] DEBUG org.asynchttpclient.netty.channel.DefaultChannelPool - Entry count for : http://localhost:59001 : 1
14:25:44.192 [AsyncHttpClient-1-1] DEBUG org.asynchttpclient.netty.channel.DefaultChannelPool - Entry count for : http://localhost:59001 : 1
14:25:44.239 [AsyncHttpClient-1-9] DEBUG org.asynchttpclient.netty.handler.HttpHandler - 

Request DefaultFullHttpRequest(decodeResult: success, version: HTTP/1.1, content: EmptyByteBufBE)
GET /session/c3c2e1b978153a935c07e7aea55f9690/screenshot HTTP/1.1
User-Agent: selenium/4.8.1 (java windows)
Cache-Control: no-cache
Content-Type: application/json; charset=utf-8
host: localhost:29031
accept: */*

Response DefaultHttpResponse(decodeResult: success, version: HTTP/1.1)
HTTP/1.1 200 OK
Content-Length: 2504028
Content-Type: application/json; charset=utf-8
cache-control: no-cache

14:25:44.249 [AsyncHttpClient-1-9] DEBUG org.asynchttpclient.netty.channel.ChannelManager - Adding key: http://localhost:29031 for channel [id: 0xb27c0939, L:/127.0.0.1:59000 - R:localhost/127.0.0.1:29031]
14:25:44.457 [main] DEBUG net.serenitybdd.core.photography.Darkroom - Send negative for processing for target\site\serenity\cad126585f85934a16053ec36e07bbf72cb97b74a706c082e3b20df2887f40ec.png
14:25:44.459 [Darkroom Processing Line] DEBUG net.serenitybdd.core.photography.DarkroomProcessingLine - Processing screenshot image in /var/screenshots/screenshot-1166041156672240958
14:25:44.459 [Darkroom Processing Line] DEBUG net.serenitybdd.core.photography.DarkroomProcessingLine - Saving screenshot to target\site\serenity\cad126585f85934a16053ec36e07bbf72cb97b74a706c082e3b20df2887f40ec.png
14:25:44.459 [main] DEBUG net.thucydides.core.steps.StepInterceptor - STEP DONE: To_click_the_Our_Bank_Option
14:25:44.478 [Forwarding getPageSource on session c3c2e1b978153a935c07e7aea55f9690 to remote] DEBUG org.asynchttpclient.netty.request.NettyRequestSender - Using pooled Channel '[id: 0xb27c0939, L:/127.0.0.1:59000 - R:localhost/127.0.0.1:29031]' for 'POST' to 'http://localhost:29031/session/c3c2e1b978153a935c07e7aea55f9690/execute/sync'
14:25:44.480 [Forwarding getPageSource on session c3c2e1b978153a935c07e7aea55f9690 to remote] DEBUG org.asynchttpclient.netty.request.NettyRequestSender - Using open Channel [id: 0xb27c0939, L:/127.0.0.1:59000 - R:localhost/127.0.0.1:29031] for POST '/session/c3c2e1b978153a935c07e7aea55f9690/execute/sync'
14:25:44.513 [AsyncHttpClient-1-9] DEBUG org.asynchttpclient.netty.handler.HttpHandler - 

Request DefaultHttpRequest(decodeResult: success, version: HTTP/1.1)
POST /session/c3c2e1b978153a935c07e7aea55f9690/execute/sync HTTP/1.1
User-Agent: selenium/4.8.1 (java windows)
Content-Length: 176
Content-Type: application/json; charset=utf-8
host: localhost:29031
accept: */*

Response DefaultHttpResponse(decodeResult: success, version: HTTP/1.1)
HTTP/1.1 200 OK
Content-Length: 129216
Content-Type: application/json; charset=utf-8
cache-control: no-cache

14:25:44.514 [AsyncHttpClient-1-9] DEBUG org.asynchttpclient.netty.channel.ChannelManager - Adding key: http://localhost:29031 for channel [id: 0xb27c0939, L:/127.0.0.1:59000 - R:localhost/127.0.0.1:29031]
14:25:44.536 [Forwarding getCurrentUrl on session c3c2e1b978153a935c07e7aea55f9690 to remote] DEBUG org.asynchttpclient.netty.request.NettyRequestSender - Using pooled Channel '[id: 0xb27c0939, L:/127.0.0.1:59000 - R:localhost/127.0.0.1:29031]' for 'GET' to 'http://localhost:29031/session/c3c2e1b978153a935c07e7aea55f9690/url'
14:25:44.536 [Forwarding getCurrentUrl on session c3c2e1b978153a935c07e7aea55f9690 to remote] DEBUG org.asynchttpclient.netty.request.NettyRequestSender - Using open Channel [id: 0xb27c0939, L:/127.0.0.1:59000 - R:localhost/127.0.0.1:29031] for GET '/session/c3c2e1b978153a935c07e7aea55f9690/url'
14:25:44.551 [AsyncHttpClient-1-9] DEBUG org.asynchttpclient.netty.handler.HttpHandler - 

Request DefaultFullHttpRequest(decodeResult: success, version: HTTP/1.1, content: EmptyByteBufBE)
GET /session/c3c2e1b978153a935c07e7aea55f9690/url HTTP/1.1
User-Agent: selenium/4.8.1 (java windows)
Cache-Control: no-cache
Content-Type: application/json; charset=utf-8
host: localhost:29031
accept: */*

Response DefaultHttpResponse(decodeResult: success, version: HTTP/1.1)
HTTP/1.1 200 OK
Content-Length: 40
Content-Type: application/json; charset=utf-8
cache-control: no-cache

14:25:44.551 [AsyncHttpClient-1-9] DEBUG org.asynchttpclient.netty.channel.ChannelManager - Adding key: http://localhost:29031 for channel [id: 0xb27c0939, L:/127.0.0.1:59000 - R:localhost/127.0.0.1:29031]
14:25:44.889 [Forwarding getAlertText on session c3c2e1b978153a935c07e7aea55f9690 to remote] DEBUG org.asynchttpclient.netty.request.NettyRequestSender - Using pooled Channel '[id: 0xb27c0939, L:/127.0.0.1:59000 - R:localhost/127.0.0.1:29031]' for 'GET' to 'http://localhost:29031/session/c3c2e1b978153a935c07e7aea55f9690/alert/text'
14:25:44.889 [Forwarding getAlertText on session c3c2e1b978153a935c07e7aea55f9690 to remote] DEBUG org.asynchttpclient.netty.request.NettyRequestSender - Using open Channel [id: 0xb27c0939, L:/127.0.0.1:59000 - R:localhost/127.0.0.1:29031] for GET '/session/c3c2e1b978153a935c07e7aea55f9690/alert/text'
14:25:44.892 [AsyncHttpClient-1-9] DEBUG org.asynchttpclient.netty.handler.HttpHandler - 

Request DefaultFullHttpRequest(decodeResult: success, version: HTTP/1.1, content: EmptyByteBufBE)
GET /session/c3c2e1b978153a935c07e7aea55f9690/alert/text HTTP/1.1
User-Agent: selenium/4.8.1 (java windows)
Cache-Control: no-cache
Content-Type: application/json; charset=utf-8
host: localhost:29031
accept: */*

Response DefaultHttpResponse(decodeResult: success, version: HTTP/1.1)
HTTP/1.1 404 Not Found
Content-Length: 821
Content-Type: application/json; charset=utf-8
cache-control: no-cache

14:25:44.892 [AsyncHttpClient-1-9] DEBUG org.asynchttpclient.netty.channel.ChannelManager - Adding key: http://localhost:29031 for channel [id: 0xb27c0939, L:/127.0.0.1:59000 - R:localhost/127.0.0.1:29031]
14:25:44.896 [Forwarding getCurrentUrl on session c3c2e1b978153a935c07e7aea55f9690 to remote] DEBUG org.asynchttpclient.netty.request.NettyRequestSender - Using pooled Channel '[id: 0xb27c0939, L:/127.0.0.1:59000 - R:localhost/127.0.0.1:29031]' for 'GET' to 'http://localhost:29031/session/c3c2e1b978153a935c07e7aea55f9690/url'
14:25:44.896 [Forwarding getCurrentUrl on session c3c2e1b978153a935c07e7aea55f9690 to remote] DEBUG org.asynchttpclient.netty.request.NettyRequestSender - Using open Channel [id: 0xb27c0939, L:/127.0.0.1:59000 - R:localhost/127.0.0.1:29031] for GET '/session/c3c2e1b978153a935c07e7aea55f9690/url'
14:25:44.908 [AsyncHttpClient-1-9] DEBUG org.asynchttpclient.netty.handler.HttpHandler - 

Request DefaultFullHttpRequest(decodeResult: success, version: HTTP/1.1, content: EmptyByteBufBE)
GET /session/c3c2e1b978153a935c07e7aea55f9690/url HTTP/1.1
User-Agent: selenium/4.8.1 (java windows)
Cache-Control: no-cache
Content-Type: application/json; charset=utf-8
host: localhost:29031
accept: */*

Response DefaultHttpResponse(decodeResult: success, version: HTTP/1.1)
HTTP/1.1 200 OK
Content-Length: 40
Content-Type: application/json; charset=utf-8
cache-control: no-cache

14:25:44.908 [AsyncHttpClient-1-9] DEBUG org.asynchttpclient.netty.channel.ChannelManager - Adding key: http://localhost:29031 for channel [id: 0xb27c0939, L:/127.0.0.1:59000 - R:localhost/127.0.0.1:29031]
14:25:44.910 [Forwarding screenshot on session c3c2e1b978153a935c07e7aea55f9690 to remote] DEBUG org.asynchttpclient.netty.request.NettyRequestSender - Using pooled Channel '[id: 0xb27c0939, L:/127.0.0.1:59000 - R:localhost/127.0.0.1:29031]' for 'GET' to 'http://localhost:29031/session/c3c2e1b978153a935c07e7aea55f9690/screenshot'
14:25:44.910 [Forwarding screenshot on session c3c2e1b978153a935c07e7aea55f9690 to remote] DEBUG org.asynchttpclient.netty.request.NettyRequestSender - Using open Channel [id: 0xb27c0939, L:/127.0.0.1:59000 - R:localhost/127.0.0.1:29031] for GET '/session/c3c2e1b978153a935c07e7aea55f9690/screenshot'
14:25:45.294 [AsyncHttpClient-1-1] DEBUG org.asynchttpclient.netty.channel.DefaultChannelPool - Entry count for : http://localhost:59001 : 1
14:25:46.387 [AsyncHttpClient-1-1] DEBUG org.asynchttpclient.netty.channel.DefaultChannelPool - Entry count for : http://localhost:59001 : 1
14:25:46.581 [AsyncHttpClient-1-9] DEBUG org.asynchttpclient.netty.handler.HttpHandler - 

Request DefaultFullHttpRequest(decodeResult: success, version: HTTP/1.1, content: EmptyByteBufBE)
GET /session/c3c2e1b978153a935c07e7aea55f9690/screenshot HTTP/1.1
User-Agent: selenium/4.8.1 (java windows)
Cache-Control: no-cache
Content-Type: application/json; charset=utf-8
host: localhost:29031
accept: */*

Response DefaultHttpResponse(decodeResult: success, version: HTTP/1.1)
HTTP/1.1 200 OK
Content-Length: 2533324
Content-Type: application/json; charset=utf-8
cache-control: no-cache

14:25:46.607 [AsyncHttpClient-1-9] DEBUG org.asynchttpclient.netty.channel.ChannelManager - Adding key: http://localhost:29031 for channel [id: 0xb27c0939, L:/127.0.0.1:59000 - R:localhost/127.0.0.1:29031]
14:25:46.763 [main] DEBUG net.serenitybdd.core.photography.Darkroom - Send negative for processing for target\site\serenity\a11b873305d73e16580c9ba13b39642da354f327108eeb92a71930857309394e.png
14:25:46.764 [Darkroom Processing Line] DEBUG net.serenitybdd.core.photography.DarkroomProcessingLine - Processing screenshot image in /var/screenshots/screenshot-450700038554514088
14:25:46.764 [Darkroom Processing Line] DEBUG net.serenitybdd.core.photography.DarkroomProcessingLine - Saving screenshot to target\site\serenity\a11b873305d73e16580c9ba13b39642da354f327108eeb92a71930857309394e.png
14:25:46.767 [Forwarding getPageSource on session c3c2e1b978153a935c07e7aea55f9690 to remote] DEBUG org.asynchttpclient.netty.request.NettyRequestSender - Using pooled Channel '[id: 0xb27c0939, L:/127.0.0.1:59000 - R:localhost/127.0.0.1:29031]' for 'POST' to 'http://localhost:29031/session/c3c2e1b978153a935c07e7aea55f9690/execute/sync'
14:25:46.767 [Forwarding getPageSource on session c3c2e1b978153a935c07e7aea55f9690 to remote] DEBUG org.asynchttpclient.netty.request.NettyRequestSender - Using open Channel [id: 0xb27c0939, L:/127.0.0.1:59000 - R:localhost/127.0.0.1:29031] for POST '/session/c3c2e1b978153a935c07e7aea55f9690/execute/sync'
14:25:46.802 [AsyncHttpClient-1-9] DEBUG org.asynchttpclient.netty.handler.HttpHandler - 

Request DefaultHttpRequest(decodeResult: success, version: HTTP/1.1)
POST /session/c3c2e1b978153a935c07e7aea55f9690/execute/sync HTTP/1.1
User-Agent: selenium/4.8.1 (java windows)
Content-Length: 176
Content-Type: application/json; charset=utf-8
host: localhost:29031
accept: */*

Response DefaultHttpResponse(decodeResult: success, version: HTTP/1.1)
HTTP/1.1 200 OK
Content-Length: 129216
Content-Type: application/json; charset=utf-8
cache-control: no-cache

14:25:46.802 [AsyncHttpClient-1-9] DEBUG org.asynchttpclient.netty.channel.ChannelManager - Adding key: http://localhost:29031 for channel [id: 0xb27c0939, L:/127.0.0.1:59000 - R:localhost/127.0.0.1:29031]
14:25:46.822 [Forwarding getCurrentUrl on session c3c2e1b978153a935c07e7aea55f9690 to remote] DEBUG org.asynchttpclient.netty.request.NettyRequestSender - Using pooled Channel '[id: 0xb27c0939, L:/127.0.0.1:59000 - R:localhost/127.0.0.1:29031]' for 'GET' to 'http://localhost:29031/session/c3c2e1b978153a935c07e7aea55f9690/url'
14:25:46.823 [Forwarding getCurrentUrl on session c3c2e1b978153a935c07e7aea55f9690 to remote] DEBUG org.asynchttpclient.netty.request.NettyRequestSender - Using open Channel [id: 0xb27c0939, L:/127.0.0.1:59000 - R:localhost/127.0.0.1:29031] for GET '/session/c3c2e1b978153a935c07e7aea55f9690/url'
14:25:46.837 [AsyncHttpClient-1-9] DEBUG org.asynchttpclient.netty.handler.HttpHandler - 

Request DefaultFullHttpRequest(decodeResult: success, version: HTTP/1.1, content: EmptyByteBufBE)
GET /session/c3c2e1b978153a935c07e7aea55f9690/url HTTP/1.1
User-Agent: selenium/4.8.1 (java windows)
Cache-Control: no-cache
Content-Type: application/json; charset=utf-8
host: localhost:29031
accept: */*

Response DefaultHttpResponse(decodeResult: success, version: HTTP/1.1)
HTTP/1.1 200 OK
Content-Length: 40
Content-Type: application/json; charset=utf-8
cache-control: no-cache

14:25:46.838 [AsyncHttpClient-1-9] DEBUG org.asynchttpclient.netty.channel.ChannelManager - Adding key: http://localhost:29031 for channel [id: 0xb27c0939, L:/127.0.0.1:59000 - R:localhost/127.0.0.1:29031]
14:25:46.843 [main] DEBUG net.thucydides.core.steps.StepInterceptor - STARTING STEP: Afrexim_OurBank_Careers_Steps.click_the_careers_link - Click_the_Careers_link
14:25:46.848 [Forwarding findElement on session c3c2e1b978153a935c07e7aea55f9690 to remote] DEBUG org.asynchttpclient.netty.request.NettyRequestSender - Using pooled Channel '[id: 0xb27c0939, L:/127.0.0.1:59000 - R:localhost/127.0.0.1:29031]' for 'POST' to 'http://localhost:29031/session/c3c2e1b978153a935c07e7aea55f9690/element'
14:25:46.849 [Forwarding findElement on session c3c2e1b978153a935c07e7aea55f9690 to remote] DEBUG org.asynchttpclient.netty.request.NettyRequestSender - Using open Channel [id: 0xb27c0939, L:/127.0.0.1:59000 - R:localhost/127.0.0.1:29031] for POST '/session/c3c2e1b978153a935c07e7aea55f9690/element'
14:25:46.876 [AsyncHttpClient-1-9] DEBUG org.asynchttpclient.netty.handler.HttpHandler - 

Request DefaultHttpRequest(decodeResult: success, version: HTTP/1.1)
POST /session/c3c2e1b978153a935c07e7aea55f9690/element HTTP/1.1
User-Agent: selenium/4.8.1 (java windows)
Content-Length: 73
Content-Type: application/json; charset=utf-8
host: localhost:29031
accept: */*

Response DefaultHttpResponse(decodeResult: success, version: HTTP/1.1)
HTTP/1.1 200 OK
Content-Length: 95
Content-Type: application/json; charset=utf-8
cache-control: no-cache

14:25:46.876 [AsyncHttpClient-1-9] DEBUG org.asynchttpclient.netty.channel.ChannelManager - Adding key: http://localhost:29031 for channel [id: 0xb27c0939, L:/127.0.0.1:59000 - R:localhost/127.0.0.1:29031]
14:25:46.878 [Forwarding getElementTagName on session c3c2e1b978153a935c07e7aea55f9690 to remote] DEBUG org.asynchttpclient.netty.request.NettyRequestSender - Using pooled Channel '[id: 0xb27c0939, L:/127.0.0.1:59000 - R:localhost/127.0.0.1:29031]' for 'GET' to 'http://localhost:29031/session/c3c2e1b978153a935c07e7aea55f9690/element/E962A084F39AD0C80EA8253B6F29881B_element_46/name'
14:25:46.878 [Forwarding getElementTagName on session c3c2e1b978153a935c07e7aea55f9690 to remote] DEBUG org.asynchttpclient.netty.request.NettyRequestSender - Using open Channel [id: 0xb27c0939, L:/127.0.0.1:59000 - R:localhost/127.0.0.1:29031] for GET '/session/c3c2e1b978153a935c07e7aea55f9690/element/E962A084F39AD0C80EA8253B6F29881B_element_46/name'
14:25:46.892 [AsyncHttpClient-1-9] DEBUG org.asynchttpclient.netty.handler.HttpHandler - 

Request DefaultFullHttpRequest(decodeResult: success, version: HTTP/1.1, content: EmptyByteBufBE)
GET /session/c3c2e1b978153a935c07e7aea55f9690/element/E962A084F39AD0C80EA8253B6F29881B_element_46/name HTTP/1.1
User-Agent: selenium/4.8.1 (java windows)
Cache-Control: no-cache
Content-Type: application/json; charset=utf-8
host: localhost:29031
accept: */*

Response DefaultHttpResponse(decodeResult: success, version: HTTP/1.1)
HTTP/1.1 200 OK
Content-Length: 13
Content-Type: application/json; charset=utf-8
cache-control: no-cache

14:25:46.893 [AsyncHttpClient-1-9] DEBUG org.asynchttpclient.netty.channel.ChannelManager - Adding key: http://localhost:29031 for channel [id: 0xb27c0939, L:/127.0.0.1:59000 - R:localhost/127.0.0.1:29031]
14:25:46.894 [Forwarding getElementTagName on session c3c2e1b978153a935c07e7aea55f9690 to remote] DEBUG org.asynchttpclient.netty.request.NettyRequestSender - Using pooled Channel '[id: 0xb27c0939, L:/127.0.0.1:59000 - R:localhost/127.0.0.1:29031]' for 'GET' to 'http://localhost:29031/session/c3c2e1b978153a935c07e7aea55f9690/element/E962A084F39AD0C80EA8253B6F29881B_element_46/name'
14:25:46.894 [Forwarding getElementTagName on session c3c2e1b978153a935c07e7aea55f9690 to remote] DEBUG org.asynchttpclient.netty.request.NettyRequestSender - Using open Channel [id: 0xb27c0939, L:/127.0.0.1:59000 - R:localhost/127.0.0.1:29031] for GET '/session/c3c2e1b978153a935c07e7aea55f9690/element/E962A084F39AD0C80EA8253B6F29881B_element_46/name'
14:25:46.905 [AsyncHttpClient-1-9] DEBUG org.asynchttpclient.netty.handler.HttpHandler - 

Request DefaultFullHttpRequest(decodeResult: success, version: HTTP/1.1, content: EmptyByteBufBE)
GET /session/c3c2e1b978153a935c07e7aea55f9690/element/E962A084F39AD0C80EA8253B6F29881B_element_46/name HTTP/1.1
User-Agent: selenium/4.8.1 (java windows)
Cache-Control: no-cache
Content-Type: application/json; charset=utf-8
host: localhost:29031
accept: */*

Response DefaultHttpResponse(decodeResult: success, version: HTTP/1.1)
HTTP/1.1 200 OK
Content-Length: 13
Content-Type: application/json; charset=utf-8
cache-control: no-cache

14:25:46.905 [AsyncHttpClient-1-9] DEBUG org.asynchttpclient.netty.channel.ChannelManager - Adding key: http://localhost:29031 for channel [id: 0xb27c0939, L:/127.0.0.1:59000 - R:localhost/127.0.0.1:29031]
14:25:46.909 [Forwarding findElement on session c3c2e1b978153a935c07e7aea55f9690 to remote] DEBUG org.asynchttpclient.netty.request.NettyRequestSender - Using pooled Channel '[id: 0xb27c0939, L:/127.0.0.1:59000 - R:localhost/127.0.0.1:29031]' for 'POST' to 'http://localhost:29031/session/c3c2e1b978153a935c07e7aea55f9690/element'
14:25:46.909 [Forwarding findElement on session c3c2e1b978153a935c07e7aea55f9690 to remote] DEBUG org.asynchttpclient.netty.request.NettyRequestSender - Using open Channel [id: 0xb27c0939, L:/127.0.0.1:59000 - R:localhost/127.0.0.1:29031] for POST '/session/c3c2e1b978153a935c07e7aea55f9690/element'
14:25:46.929 [AsyncHttpClient-1-9] DEBUG org.asynchttpclient.netty.handler.HttpHandler - 

Request DefaultHttpRequest(decodeResult: success, version: HTTP/1.1)
POST /session/c3c2e1b978153a935c07e7aea55f9690/element HTTP/1.1
User-Agent: selenium/4.8.1 (java windows)
Content-Length: 73
Content-Type: application/json; charset=utf-8
host: localhost:29031
accept: */*

Response DefaultHttpResponse(decodeResult: success, version: HTTP/1.1)
HTTP/1.1 200 OK
Content-Length: 95
Content-Type: application/json; charset=utf-8
cache-control: no-cache

14:25:46.929 [AsyncHttpClient-1-9] DEBUG org.asynchttpclient.netty.channel.ChannelManager - Adding key: http://localhost:29031 for channel [id: 0xb27c0939, L:/127.0.0.1:59000 - R:localhost/127.0.0.1:29031]
14:25:46.930 [Forwarding clickElement on session c3c2e1b978153a935c07e7aea55f9690 to remote] DEBUG org.asynchttpclient.netty.request.NettyRequestSender - Using pooled Channel '[id: 0xb27c0939, L:/127.0.0.1:59000 - R:localhost/127.0.0.1:29031]' for 'POST' to 'http://localhost:29031/session/c3c2e1b978153a935c07e7aea55f9690/element/E962A084F39AD0C80EA8253B6F29881B_element_46/click'
14:25:46.931 [Forwarding clickElement on session c3c2e1b978153a935c07e7aea55f9690 to remote] DEBUG org.asynchttpclient.netty.request.NettyRequestSender - Using open Channel [id: 0xb27c0939, L:/127.0.0.1:59000 - R:localhost/127.0.0.1:29031] for POST '/session/c3c2e1b978153a935c07e7aea55f9690/element/E962A084F39AD0C80EA8253B6F29881B_element_46/click'
14:25:47.492 [AsyncHttpClient-1-1] DEBUG org.asynchttpclient.netty.channel.DefaultChannelPool - Entry count for : http://localhost:59001 : 1
14:25:48.604 [AsyncHttpClient-1-1] DEBUG org.asynchttpclient.netty.channel.DefaultChannelPool - Entry count for : http://localhost:59001 : 1
14:25:49.034 [AsyncHttpClient-1-9] DEBUG org.asynchttpclient.netty.handler.HttpHandler - 

Request DefaultHttpRequest(decodeResult: success, version: HTTP/1.1)
POST /session/c3c2e1b978153a935c07e7aea55f9690/element/E962A084F39AD0C80EA8253B6F29881B_element_46/click HTTP/1.1
User-Agent: selenium/4.8.1 (java windows)
Content-Length: 57
Content-Type: application/json; charset=utf-8
host: localhost:29031
accept: */*

Response DefaultHttpResponse(decodeResult: success, version: HTTP/1.1)
HTTP/1.1 200 OK
Content-Length: 14
Content-Type: application/json; charset=utf-8
cache-control: no-cache

14:25:49.035 [AsyncHttpClient-1-9] DEBUG org.asynchttpclient.netty.channel.ChannelManager - Adding key: http://localhost:29031 for channel [id: 0xb27c0939, L:/127.0.0.1:59000 - R:localhost/127.0.0.1:29031]
14:25:49.054 [Forwarding getAlertText on session c3c2e1b978153a935c07e7aea55f9690 to remote] DEBUG org.asynchttpclient.netty.request.NettyRequestSender - Using pooled Channel '[id: 0xb27c0939, L:/127.0.0.1:59000 - R:localhost/127.0.0.1:29031]' for 'GET' to 'http://localhost:29031/session/c3c2e1b978153a935c07e7aea55f9690/alert/text'
14:25:49.054 [Forwarding getAlertText on session c3c2e1b978153a935c07e7aea55f9690 to remote] DEBUG org.asynchttpclient.netty.request.NettyRequestSender - Using open Channel [id: 0xb27c0939, L:/127.0.0.1:59000 - R:localhost/127.0.0.1:29031] for GET '/session/c3c2e1b978153a935c07e7aea55f9690/alert/text'
14:25:49.063 [AsyncHttpClient-1-9] DEBUG org.asynchttpclient.netty.handler.HttpHandler - 

Request DefaultFullHttpRequest(decodeResult: success, version: HTTP/1.1, content: EmptyByteBufBE)
GET /session/c3c2e1b978153a935c07e7aea55f9690/alert/text HTTP/1.1
User-Agent: selenium/4.8.1 (java windows)
Cache-Control: no-cache
Content-Type: application/json; charset=utf-8
host: localhost:29031
accept: */*

Response DefaultHttpResponse(decodeResult: success, version: HTTP/1.1)
HTTP/1.1 404 Not Found
Content-Length: 821
Content-Type: application/json; charset=utf-8
cache-control: no-cache

14:25:49.065 [AsyncHttpClient-1-9] DEBUG org.asynchttpclient.netty.channel.ChannelManager - Adding key: http://localhost:29031 for channel [id: 0xb27c0939, L:/127.0.0.1:59000 - R:localhost/127.0.0.1:29031]
14:25:49.068 [Forwarding getCurrentUrl on session c3c2e1b978153a935c07e7aea55f9690 to remote] DEBUG org.asynchttpclient.netty.request.NettyRequestSender - Using pooled Channel '[id: 0xb27c0939, L:/127.0.0.1:59000 - R:localhost/127.0.0.1:29031]' for 'GET' to 'http://localhost:29031/session/c3c2e1b978153a935c07e7aea55f9690/url'
14:25:49.068 [Forwarding getCurrentUrl on session c3c2e1b978153a935c07e7aea55f9690 to remote] DEBUG org.asynchttpclient.netty.request.NettyRequestSender - Using open Channel [id: 0xb27c0939, L:/127.0.0.1:59000 - R:localhost/127.0.0.1:29031] for GET '/session/c3c2e1b978153a935c07e7aea55f9690/url'
14:25:49.104 [AsyncHttpClient-1-9] DEBUG org.asynchttpclient.netty.handler.HttpHandler - 

Request DefaultFullHttpRequest(decodeResult: success, version: HTTP/1.1, content: EmptyByteBufBE)
GET /session/c3c2e1b978153a935c07e7aea55f9690/url HTTP/1.1
User-Agent: selenium/4.8.1 (java windows)
Cache-Control: no-cache
Content-Type: application/json; charset=utf-8
host: localhost:29031
accept: */*

Response DefaultHttpResponse(decodeResult: success, version: HTTP/1.1)
HTTP/1.1 200 OK
Content-Length: 57
Content-Type: application/json; charset=utf-8
cache-control: no-cache

14:25:49.105 [AsyncHttpClient-1-9] DEBUG org.asynchttpclient.netty.channel.ChannelManager - Adding key: http://localhost:29031 for channel [id: 0xb27c0939, L:/127.0.0.1:59000 - R:localhost/127.0.0.1:29031]
14:25:49.106 [Forwarding screenshot on session c3c2e1b978153a935c07e7aea55f9690 to remote] DEBUG org.asynchttpclient.netty.request.NettyRequestSender - Using pooled Channel '[id: 0xb27c0939, L:/127.0.0.1:59000 - R:localhost/127.0.0.1:29031]' for 'GET' to 'http://localhost:29031/session/c3c2e1b978153a935c07e7aea55f9690/screenshot'
14:25:49.106 [Forwarding screenshot on session c3c2e1b978153a935c07e7aea55f9690 to remote] DEBUG org.asynchttpclient.netty.request.NettyRequestSender - Using open Channel [id: 0xb27c0939, L:/127.0.0.1:59000 - R:localhost/127.0.0.1:29031] for GET '/session/c3c2e1b978153a935c07e7aea55f9690/screenshot'
14:25:49.685 [AsyncHttpClient-1-1] DEBUG org.asynchttpclient.netty.channel.DefaultChannelPool - Entry count for : http://localhost:59001 : 1
14:25:49.734 [AsyncHttpClient-1-9] DEBUG org.asynchttpclient.netty.handler.HttpHandler - 

Request DefaultFullHttpRequest(decodeResult: success, version: HTTP/1.1, content: EmptyByteBufBE)
GET /session/c3c2e1b978153a935c07e7aea55f9690/screenshot HTTP/1.1
User-Agent: selenium/4.8.1 (java windows)
Cache-Control: no-cache
Content-Type: application/json; charset=utf-8
host: localhost:29031
accept: */*

Response DefaultHttpResponse(decodeResult: success, version: HTTP/1.1)
HTTP/1.1 200 OK
Content-Length: 723772
Content-Type: application/json; charset=utf-8
cache-control: no-cache

14:25:49.737 [AsyncHttpClient-1-9] DEBUG org.asynchttpclient.netty.channel.ChannelManager - Adding key: http://localhost:29031 for channel [id: 0xb27c0939, L:/127.0.0.1:59000 - R:localhost/127.0.0.1:29031]
14:25:49.792 [main] DEBUG net.serenitybdd.core.photography.Darkroom - Send negative for processing for target\site\serenity\b2937bd9628b3a6dbf49af97923cf6335436e7d90078ce7d8eae45284cf336d8.png
14:25:49.792 [main] DEBUG net.thucydides.core.steps.StepInterceptor - STEP DONE: Click_the_Careers_link
14:25:49.792 [Darkroom Processing Line] DEBUG net.serenitybdd.core.photography.DarkroomProcessingLine - Processing screenshot image in /var/screenshots/screenshot-6203581367793086842
14:25:49.792 [Darkroom Processing Line] DEBUG net.serenitybdd.core.photography.DarkroomProcessingLine - Saving screenshot to target\site\serenity\b2937bd9628b3a6dbf49af97923cf6335436e7d90078ce7d8eae45284cf336d8.png
14:25:49.854 [Forwarding getAlertText on session c3c2e1b978153a935c07e7aea55f9690 to remote] DEBUG org.asynchttpclient.netty.request.NettyRequestSender - Using pooled Channel '[id: 0xb27c0939, L:/127.0.0.1:59000 - R:localhost/127.0.0.1:29031]' for 'GET' to 'http://localhost:29031/session/c3c2e1b978153a935c07e7aea55f9690/alert/text'
14:25:49.854 [Forwarding getAlertText on session c3c2e1b978153a935c07e7aea55f9690 to remote] DEBUG org.asynchttpclient.netty.request.NettyRequestSender - Using open Channel [id: 0xb27c0939, L:/127.0.0.1:59000 - R:localhost/127.0.0.1:29031] for GET '/session/c3c2e1b978153a935c07e7aea55f9690/alert/text'
14:25:49.856 [AsyncHttpClient-1-9] DEBUG org.asynchttpclient.netty.handler.HttpHandler - 

Request DefaultFullHttpRequest(decodeResult: success, version: HTTP/1.1, content: EmptyByteBufBE)
GET /session/c3c2e1b978153a935c07e7aea55f9690/alert/text HTTP/1.1
User-Agent: selenium/4.8.1 (java windows)
Cache-Control: no-cache
Content-Type: application/json; charset=utf-8
host: localhost:29031
accept: */*

Response DefaultHttpResponse(decodeResult: success, version: HTTP/1.1)
HTTP/1.1 404 Not Found
Content-Length: 821
Content-Type: application/json; charset=utf-8
cache-control: no-cache

14:25:49.856 [AsyncHttpClient-1-9] DEBUG org.asynchttpclient.netty.channel.ChannelManager - Adding key: http://localhost:29031 for channel [id: 0xb27c0939, L:/127.0.0.1:59000 - R:localhost/127.0.0.1:29031]
14:25:49.856 [Forwarding getCurrentUrl on session c3c2e1b978153a935c07e7aea55f9690 to remote] DEBUG org.asynchttpclient.netty.request.NettyRequestSender - Using pooled Channel '[id: 0xb27c0939, L:/127.0.0.1:59000 - R:localhost/127.0.0.1:29031]' for 'GET' to 'http://localhost:29031/session/c3c2e1b978153a935c07e7aea55f9690/url'
14:25:49.856 [Forwarding getCurrentUrl on session c3c2e1b978153a935c07e7aea55f9690 to remote] DEBUG org.asynchttpclient.netty.request.NettyRequestSender - Using open Channel [id: 0xb27c0939, L:/127.0.0.1:59000 - R:localhost/127.0.0.1:29031] for GET '/session/c3c2e1b978153a935c07e7aea55f9690/url'
14:25:49.875 [AsyncHttpClient-1-9] DEBUG org.asynchttpclient.netty.handler.HttpHandler - 

Request DefaultFullHttpRequest(decodeResult: success, version: HTTP/1.1, content: EmptyByteBufBE)
GET /session/c3c2e1b978153a935c07e7aea55f9690/url HTTP/1.1
User-Agent: selenium/4.8.1 (java windows)
Cache-Control: no-cache
Content-Type: application/json; charset=utf-8
host: localhost:29031
accept: */*

Response DefaultHttpResponse(decodeResult: success, version: HTTP/1.1)
HTTP/1.1 200 OK
Content-Length: 57
Content-Type: application/json; charset=utf-8
cache-control: no-cache

14:25:49.875 [AsyncHttpClient-1-9] DEBUG org.asynchttpclient.netty.channel.ChannelManager - Adding key: http://localhost:29031 for channel [id: 0xb27c0939, L:/127.0.0.1:59000 - R:localhost/127.0.0.1:29031]
14:25:49.880 [Forwarding screenshot on session c3c2e1b978153a935c07e7aea55f9690 to remote] DEBUG org.asynchttpclient.netty.request.NettyRequestSender - Using pooled Channel '[id: 0xb27c0939, L:/127.0.0.1:59000 - R:localhost/127.0.0.1:29031]' for 'GET' to 'http://localhost:29031/session/c3c2e1b978153a935c07e7aea55f9690/screenshot'
14:25:49.880 [Forwarding screenshot on session c3c2e1b978153a935c07e7aea55f9690 to remote] DEBUG org.asynchttpclient.netty.request.NettyRequestSender - Using open Channel [id: 0xb27c0939, L:/127.0.0.1:59000 - R:localhost/127.0.0.1:29031] for GET '/session/c3c2e1b978153a935c07e7aea55f9690/screenshot'
14:25:50.452 [AsyncHttpClient-1-9] DEBUG org.asynchttpclient.netty.handler.HttpHandler - 

Request DefaultFullHttpRequest(decodeResult: success, version: HTTP/1.1, content: EmptyByteBufBE)
GET /session/c3c2e1b978153a935c07e7aea55f9690/screenshot HTTP/1.1
User-Agent: selenium/4.8.1 (java windows)
Cache-Control: no-cache
Content-Type: application/json; charset=utf-8
host: localhost:29031
accept: */*

Response DefaultHttpResponse(decodeResult: success, version: HTTP/1.1)
HTTP/1.1 200 OK
Content-Length: 723772
Content-Type: application/json; charset=utf-8
cache-control: no-cache

14:25:50.462 [AsyncHttpClient-1-9] DEBUG org.asynchttpclient.netty.channel.ChannelManager - Adding key: http://localhost:29031 for channel [id: 0xb27c0939, L:/127.0.0.1:59000 - R:localhost/127.0.0.1:29031]
14:25:50.505 [main] DEBUG net.serenitybdd.core.photography.Darkroom - Send negative for processing for target\site\serenity\b2937bd9628b3a6dbf49af97923cf6335436e7d90078ce7d8eae45284cf336d8.png
14:25:50.505 [Forwarding getPageSource on session c3c2e1b978153a935c07e7aea55f9690 to remote] DEBUG org.asynchttpclient.netty.request.NettyRequestSender - Using pooled Channel '[id: 0xb27c0939, L:/127.0.0.1:59000 - R:localhost/127.0.0.1:29031]' for 'POST' to 'http://localhost:29031/session/c3c2e1b978153a935c07e7aea55f9690/execute/sync'
14:25:50.505 [Forwarding getPageSource on session c3c2e1b978153a935c07e7aea55f9690 to remote] DEBUG org.asynchttpclient.netty.request.NettyRequestSender - Using open Channel [id: 0xb27c0939, L:/127.0.0.1:59000 - R:localhost/127.0.0.1:29031] for POST '/session/c3c2e1b978153a935c07e7aea55f9690/execute/sync'
14:25:50.534 [AsyncHttpClient-1-9] DEBUG org.asynchttpclient.netty.handler.HttpHandler - 

Request DefaultHttpRequest(decodeResult: success, version: HTTP/1.1)
POST /session/c3c2e1b978153a935c07e7aea55f9690/execute/sync HTTP/1.1
User-Agent: selenium/4.8.1 (java windows)
Content-Length: 176
Content-Type: application/json; charset=utf-8
host: localhost:29031
accept: */*

Response DefaultHttpResponse(decodeResult: success, version: HTTP/1.1)
HTTP/1.1 200 OK
Content-Length: 78375
Content-Type: application/json; charset=utf-8
cache-control: no-cache

14:25:50.534 [AsyncHttpClient-1-9] DEBUG org.asynchttpclient.netty.channel.ChannelManager - Adding key: http://localhost:29031 for channel [id: 0xb27c0939, L:/127.0.0.1:59000 - R:localhost/127.0.0.1:29031]
14:25:50.537 [Forwarding getCurrentUrl on session c3c2e1b978153a935c07e7aea55f9690 to remote] DEBUG org.asynchttpclient.netty.request.NettyRequestSender - Using pooled Channel '[id: 0xb27c0939, L:/127.0.0.1:59000 - R:localhost/127.0.0.1:29031]' for 'GET' to 'http://localhost:29031/session/c3c2e1b978153a935c07e7aea55f9690/url'
14:25:50.537 [Forwarding getCurrentUrl on session c3c2e1b978153a935c07e7aea55f9690 to remote] DEBUG org.asynchttpclient.netty.request.NettyRequestSender - Using open Channel [id: 0xb27c0939, L:/127.0.0.1:59000 - R:localhost/127.0.0.1:29031] for GET '/session/c3c2e1b978153a935c07e7aea55f9690/url'
14:25:50.563 [AsyncHttpClient-1-9] DEBUG org.asynchttpclient.netty.handler.HttpHandler - 

Request DefaultFullHttpRequest(decodeResult: success, version: HTTP/1.1, content: EmptyByteBufBE)
GET /session/c3c2e1b978153a935c07e7aea55f9690/url HTTP/1.1
User-Agent: selenium/4.8.1 (java windows)
Cache-Control: no-cache
Content-Type: application/json; charset=utf-8
host: localhost:29031
accept: */*

Response DefaultHttpResponse(decodeResult: success, version: HTTP/1.1)
HTTP/1.1 200 OK
Content-Length: 57
Content-Type: application/json; charset=utf-8
cache-control: no-cache

14:25:50.563 [AsyncHttpClient-1-9] DEBUG org.asynchttpclient.netty.channel.ChannelManager - Adding key: http://localhost:29031 for channel [id: 0xb27c0939, L:/127.0.0.1:59000 - R:localhost/127.0.0.1:29031]
14:25:50.582 [Forwarding getAlertText on session c3c2e1b978153a935c07e7aea55f9690 to remote] DEBUG org.asynchttpclient.netty.request.NettyRequestSender - Using pooled Channel '[id: 0xb27c0939, L:/127.0.0.1:59000 - R:localhost/127.0.0.1:29031]' for 'GET' to 'http://localhost:29031/session/c3c2e1b978153a935c07e7aea55f9690/alert/text'
14:25:50.582 [Forwarding getAlertText on session c3c2e1b978153a935c07e7aea55f9690 to remote] DEBUG org.asynchttpclient.netty.request.NettyRequestSender - Using open Channel [id: 0xb27c0939, L:/127.0.0.1:59000 - R:localhost/127.0.0.1:29031] for GET '/session/c3c2e1b978153a935c07e7aea55f9690/alert/text'
14:25:50.582 [AsyncHttpClient-1-9] DEBUG org.asynchttpclient.netty.handler.HttpHandler - 

Request DefaultFullHttpRequest(decodeResult: success, version: HTTP/1.1, content: EmptyByteBufBE)
GET /session/c3c2e1b978153a935c07e7aea55f9690/alert/text HTTP/1.1
User-Agent: selenium/4.8.1 (java windows)
Cache-Control: no-cache
Content-Type: application/json; charset=utf-8
host: localhost:29031
accept: */*

Response DefaultHttpResponse(decodeResult: success, version: HTTP/1.1)
HTTP/1.1 404 Not Found
Content-Length: 821
Content-Type: application/json; charset=utf-8
cache-control: no-cache

14:25:50.582 [AsyncHttpClient-1-9] DEBUG org.asynchttpclient.netty.channel.ChannelManager - Adding key: http://localhost:29031 for channel [id: 0xb27c0939, L:/127.0.0.1:59000 - R:localhost/127.0.0.1:29031]
14:25:50.582 [Forwarding getCurrentUrl on session c3c2e1b978153a935c07e7aea55f9690 to remote] DEBUG org.asynchttpclient.netty.request.NettyRequestSender - Using pooled Channel '[id: 0xb27c0939, L:/127.0.0.1:59000 - R:localhost/127.0.0.1:29031]' for 'GET' to 'http://localhost:29031/session/c3c2e1b978153a935c07e7aea55f9690/url'
14:25:50.582 [Forwarding getCurrentUrl on session c3c2e1b978153a935c07e7aea55f9690 to remote] DEBUG org.asynchttpclient.netty.request.NettyRequestSender - Using open Channel [id: 0xb27c0939, L:/127.0.0.1:59000 - R:localhost/127.0.0.1:29031] for GET '/session/c3c2e1b978153a935c07e7aea55f9690/url'
14:25:50.595 [AsyncHttpClient-1-9] DEBUG org.asynchttpclient.netty.handler.HttpHandler - 

Request DefaultFullHttpRequest(decodeResult: success, version: HTTP/1.1, content: EmptyByteBufBE)
GET /session/c3c2e1b978153a935c07e7aea55f9690/url HTTP/1.1
User-Agent: selenium/4.8.1 (java windows)
Cache-Control: no-cache
Content-Type: application/json; charset=utf-8
host: localhost:29031
accept: */*

Response DefaultHttpResponse(decodeResult: success, version: HTTP/1.1)
HTTP/1.1 200 OK
Content-Length: 57
Content-Type: application/json; charset=utf-8
cache-control: no-cache

14:25:50.595 [AsyncHttpClient-1-9] DEBUG org.asynchttpclient.netty.channel.ChannelManager - Adding key: http://localhost:29031 for channel [id: 0xb27c0939, L:/127.0.0.1:59000 - R:localhost/127.0.0.1:29031]
14:25:50.595 [Forwarding screenshot on session c3c2e1b978153a935c07e7aea55f9690 to remote] DEBUG org.asynchttpclient.netty.request.NettyRequestSender - Using pooled Channel '[id: 0xb27c0939, L:/127.0.0.1:59000 - R:localhost/127.0.0.1:29031]' for 'GET' to 'http://localhost:29031/session/c3c2e1b978153a935c07e7aea55f9690/screenshot'
14:25:50.595 [Forwarding screenshot on session c3c2e1b978153a935c07e7aea55f9690 to remote] DEBUG org.asynchttpclient.netty.request.NettyRequestSender - Using open Channel [id: 0xb27c0939, L:/127.0.0.1:59000 - R:localhost/127.0.0.1:29031] for GET '/session/c3c2e1b978153a935c07e7aea55f9690/screenshot'
14:25:50.800 [AsyncHttpClient-1-1] DEBUG org.asynchttpclient.netty.channel.DefaultChannelPool - Entry count for : http://localhost:59001 : 1
14:25:51.145 [AsyncHttpClient-1-9] DEBUG org.asynchttpclient.netty.handler.HttpHandler - 

Request DefaultFullHttpRequest(decodeResult: success, version: HTTP/1.1, content: EmptyByteBufBE)
GET /session/c3c2e1b978153a935c07e7aea55f9690/screenshot HTTP/1.1
User-Agent: selenium/4.8.1 (java windows)
Cache-Control: no-cache
Content-Type: application/json; charset=utf-8
host: localhost:29031
accept: */*

Response DefaultHttpResponse(decodeResult: success, version: HTTP/1.1)
HTTP/1.1 200 OK
Content-Length: 723772
Content-Type: application/json; charset=utf-8
cache-control: no-cache

14:25:51.150 [AsyncHttpClient-1-9] DEBUG org.asynchttpclient.netty.channel.ChannelManager - Adding key: http://localhost:29031 for channel [id: 0xb27c0939, L:/127.0.0.1:59000 - R:localhost/127.0.0.1:29031]
14:25:51.188 [main] DEBUG net.serenitybdd.core.photography.Darkroom - Send negative for processing for target\site\serenity\b2937bd9628b3a6dbf49af97923cf6335436e7d90078ce7d8eae45284cf336d8.png
14:25:51.198 [Forwarding getPageSource on session c3c2e1b978153a935c07e7aea55f9690 to remote] DEBUG org.asynchttpclient.netty.request.NettyRequestSender - Using pooled Channel '[id: 0xb27c0939, L:/127.0.0.1:59000 - R:localhost/127.0.0.1:29031]' for 'POST' to 'http://localhost:29031/session/c3c2e1b978153a935c07e7aea55f9690/execute/sync'
14:25:51.198 [Forwarding getPageSource on session c3c2e1b978153a935c07e7aea55f9690 to remote] DEBUG org.asynchttpclient.netty.request.NettyRequestSender - Using open Channel [id: 0xb27c0939, L:/127.0.0.1:59000 - R:localhost/127.0.0.1:29031] for POST '/session/c3c2e1b978153a935c07e7aea55f9690/execute/sync'
14:25:51.230 [AsyncHttpClient-1-9] DEBUG org.asynchttpclient.netty.handler.HttpHandler - 

Request DefaultHttpRequest(decodeResult: success, version: HTTP/1.1)
POST /session/c3c2e1b978153a935c07e7aea55f9690/execute/sync HTTP/1.1
User-Agent: selenium/4.8.1 (java windows)
Content-Length: 176
Content-Type: application/json; charset=utf-8
host: localhost:29031
accept: */*

Response DefaultHttpResponse(decodeResult: success, version: HTTP/1.1)
HTTP/1.1 200 OK
Content-Length: 78375
Content-Type: application/json; charset=utf-8
cache-control: no-cache

14:25:51.230 [AsyncHttpClient-1-9] DEBUG org.asynchttpclient.netty.channel.ChannelManager - Adding key: http://localhost:29031 for channel [id: 0xb27c0939, L:/127.0.0.1:59000 - R:localhost/127.0.0.1:29031]
14:25:51.251 [Forwarding getCurrentUrl on session c3c2e1b978153a935c07e7aea55f9690 to remote] DEBUG org.asynchttpclient.netty.request.NettyRequestSender - Using pooled Channel '[id: 0xb27c0939, L:/127.0.0.1:59000 - R:localhost/127.0.0.1:29031]' for 'GET' to 'http://localhost:29031/session/c3c2e1b978153a935c07e7aea55f9690/url'
14:25:51.251 [Forwarding getCurrentUrl on session c3c2e1b978153a935c07e7aea55f9690 to remote] DEBUG org.asynchttpclient.netty.request.NettyRequestSender - Using open Channel [id: 0xb27c0939, L:/127.0.0.1:59000 - R:localhost/127.0.0.1:29031] for GET '/session/c3c2e1b978153a935c07e7aea55f9690/url'
14:25:51.262 [AsyncHttpClient-1-9] DEBUG org.asynchttpclient.netty.handler.HttpHandler - 

Request DefaultFullHttpRequest(decodeResult: success, version: HTTP/1.1, content: EmptyByteBufBE)
GET /session/c3c2e1b978153a935c07e7aea55f9690/url HTTP/1.1
User-Agent: selenium/4.8.1 (java windows)
Cache-Control: no-cache
Content-Type: application/json; charset=utf-8
host: localhost:29031
accept: */*

Response DefaultHttpResponse(decodeResult: success, version: HTTP/1.1)
HTTP/1.1 200 OK
Content-Length: 57
Content-Type: application/json; charset=utf-8
cache-control: no-cache

14:25:51.262 [AsyncHttpClient-1-9] DEBUG org.asynchttpclient.netty.channel.ChannelManager - Adding key: http://localhost:29031 for channel [id: 0xb27c0939, L:/127.0.0.1:59000 - R:localhost/127.0.0.1:29031]
14:25:51.262 [main] DEBUG net.thucydides.core.steps.StepInterceptor - STARTING STEP: Afrexim_OurBank_Careers_Steps.validate_the_careers_page_is_displayed - Validate_Careers_page_isDisplayed
14:25:51.262 [Forwarding findElement on session c3c2e1b978153a935c07e7aea55f9690 to remote] DEBUG org.asynchttpclient.netty.request.NettyRequestSender - Using pooled Channel '[id: 0xb27c0939, L:/127.0.0.1:59000 - R:localhost/127.0.0.1:29031]' for 'POST' to 'http://localhost:29031/session/c3c2e1b978153a935c07e7aea55f9690/element'
14:25:51.262 [Forwarding findElement on session c3c2e1b978153a935c07e7aea55f9690 to remote] DEBUG org.asynchttpclient.netty.request.NettyRequestSender - Using open Channel [id: 0xb27c0939, L:/127.0.0.1:59000 - R:localhost/127.0.0.1:29031] for POST '/session/c3c2e1b978153a935c07e7aea55f9690/element'
14:25:51.294 [AsyncHttpClient-1-9] DEBUG org.asynchttpclient.netty.handler.HttpHandler - 

Request DefaultHttpRequest(decodeResult: success, version: HTTP/1.1)
POST /session/c3c2e1b978153a935c07e7aea55f9690/element HTTP/1.1
User-Agent: selenium/4.8.1 (java windows)
Content-Length: 74
Content-Type: application/json; charset=utf-8
host: localhost:29031
accept: */*

Response DefaultHttpResponse(decodeResult: success, version: HTTP/1.1)
HTTP/1.1 200 OK
Content-Length: 95
Content-Type: application/json; charset=utf-8
cache-control: no-cache

14:25:51.294 [AsyncHttpClient-1-9] DEBUG org.asynchttpclient.netty.channel.ChannelManager - Adding key: http://localhost:29031 for channel [id: 0xb27c0939, L:/127.0.0.1:59000 - R:localhost/127.0.0.1:29031]
14:25:51.305 [Forwarding isElementDisplayed on session c3c2e1b978153a935c07e7aea55f9690 to remote] DEBUG org.asynchttpclient.netty.request.NettyRequestSender - Using pooled Channel '[id: 0xb27c0939, L:/127.0.0.1:59000 - R:localhost/127.0.0.1:29031]' for 'POST' to 'http://localhost:29031/session/c3c2e1b978153a935c07e7aea55f9690/execute/sync'
14:25:51.305 [Forwarding isElementDisplayed on session c3c2e1b978153a935c07e7aea55f9690 to remote] DEBUG org.asynchttpclient.netty.request.NettyRequestSender - Using open Channel [id: 0xb27c0939, L:/127.0.0.1:59000 - R:localhost/127.0.0.1:29031] for POST '/session/c3c2e1b978153a935c07e7aea55f9690/execute/sync'
14:25:51.326 [AsyncHttpClient-1-9] DEBUG org.asynchttpclient.netty.handler.HttpHandler - 

Request DefaultHttpRequest(decodeResult: success, version: HTTP/1.1)
POST /session/c3c2e1b978153a935c07e7aea55f9690/execute/sync HTTP/1.1
User-Agent: selenium/4.8.1 (java windows)
Content-Length: 48814
Content-Type: application/json; charset=utf-8
host: localhost:29031
accept: */*

Response DefaultHttpResponse(decodeResult: success, version: HTTP/1.1)
HTTP/1.1 200 OK
Content-Length: 14
Content-Type: application/json; charset=utf-8
cache-control: no-cache

14:25:51.326 [AsyncHttpClient-1-9] DEBUG org.asynchttpclient.netty.channel.ChannelManager - Adding key: http://localhost:29031 for channel [id: 0xb27c0939, L:/127.0.0.1:59000 - R:localhost/127.0.0.1:29031]
14:25:51.342 [Forwarding getAlertText on session c3c2e1b978153a935c07e7aea55f9690 to remote] DEBUG org.asynchttpclient.netty.request.NettyRequestSender - Using pooled Channel '[id: 0xb27c0939, L:/127.0.0.1:59000 - R:localhost/127.0.0.1:29031]' for 'GET' to 'http://localhost:29031/session/c3c2e1b978153a935c07e7aea55f9690/alert/text'
14:25:51.342 [Forwarding getAlertText on session c3c2e1b978153a935c07e7aea55f9690 to remote] DEBUG org.asynchttpclient.netty.request.NettyRequestSender - Using open Channel [id: 0xb27c0939, L:/127.0.0.1:59000 - R:localhost/127.0.0.1:29031] for GET '/session/c3c2e1b978153a935c07e7aea55f9690/alert/text'
14:25:51.347 [AsyncHttpClient-1-9] DEBUG org.asynchttpclient.netty.handler.HttpHandler - 

Request DefaultFullHttpRequest(decodeResult: success, version: HTTP/1.1, content: EmptyByteBufBE)
GET /session/c3c2e1b978153a935c07e7aea55f9690/alert/text HTTP/1.1
User-Agent: selenium/4.8.1 (java windows)
Cache-Control: no-cache
Content-Type: application/json; charset=utf-8
host: localhost:29031
accept: */*

Response DefaultHttpResponse(decodeResult: success, version: HTTP/1.1)
HTTP/1.1 404 Not Found
Content-Length: 821
Content-Type: application/json; charset=utf-8
cache-control: no-cache

14:25:51.347 [AsyncHttpClient-1-9] DEBUG org.asynchttpclient.netty.channel.ChannelManager - Adding key: http://localhost:29031 for channel [id: 0xb27c0939, L:/127.0.0.1:59000 - R:localhost/127.0.0.1:29031]
14:25:51.347 [Forwarding getCurrentUrl on session c3c2e1b978153a935c07e7aea55f9690 to remote] DEBUG org.asynchttpclient.netty.request.NettyRequestSender - Using pooled Channel '[id: 0xb27c0939, L:/127.0.0.1:59000 - R:localhost/127.0.0.1:29031]' for 'GET' to 'http://localhost:29031/session/c3c2e1b978153a935c07e7aea55f9690/url'
14:25:51.347 [Forwarding getCurrentUrl on session c3c2e1b978153a935c07e7aea55f9690 to remote] DEBUG org.asynchttpclient.netty.request.NettyRequestSender - Using open Channel [id: 0xb27c0939, L:/127.0.0.1:59000 - R:localhost/127.0.0.1:29031] for GET '/session/c3c2e1b978153a935c07e7aea55f9690/url'
14:25:51.358 [AsyncHttpClient-1-9] DEBUG org.asynchttpclient.netty.handler.HttpHandler - 

Request DefaultFullHttpRequest(decodeResult: success, version: HTTP/1.1, content: EmptyByteBufBE)
GET /session/c3c2e1b978153a935c07e7aea55f9690/url HTTP/1.1
User-Agent: selenium/4.8.1 (java windows)
Cache-Control: no-cache
Content-Type: application/json; charset=utf-8
host: localhost:29031
accept: */*

Response DefaultHttpResponse(decodeResult: success, version: HTTP/1.1)
HTTP/1.1 200 OK
Content-Length: 57
Content-Type: application/json; charset=utf-8
cache-control: no-cache

14:25:51.358 [AsyncHttpClient-1-9] DEBUG org.asynchttpclient.netty.channel.ChannelManager - Adding key: http://localhost:29031 for channel [id: 0xb27c0939, L:/127.0.0.1:59000 - R:localhost/127.0.0.1:29031]
14:25:51.358 [Forwarding screenshot on session c3c2e1b978153a935c07e7aea55f9690 to remote] DEBUG org.asynchttpclient.netty.request.NettyRequestSender - Using pooled Channel '[id: 0xb27c0939, L:/127.0.0.1:59000 - R:localhost/127.0.0.1:29031]' for 'GET' to 'http://localhost:29031/session/c3c2e1b978153a935c07e7aea55f9690/screenshot'
14:25:51.358 [Forwarding screenshot on session c3c2e1b978153a935c07e7aea55f9690 to remote] DEBUG org.asynchttpclient.netty.request.NettyRequestSender - Using open Channel [id: 0xb27c0939, L:/127.0.0.1:59000 - R:localhost/127.0.0.1:29031] for GET '/session/c3c2e1b978153a935c07e7aea55f9690/screenshot'
14:25:51.889 [AsyncHttpClient-1-1] DEBUG org.asynchttpclient.netty.channel.DefaultChannelPool - Entry count for : http://localhost:59001 : 1
14:25:51.923 [AsyncHttpClient-1-9] DEBUG org.asynchttpclient.netty.handler.HttpHandler - 

Request DefaultFullHttpRequest(decodeResult: success, version: HTTP/1.1, content: EmptyByteBufBE)
GET /session/c3c2e1b978153a935c07e7aea55f9690/screenshot HTTP/1.1
User-Agent: selenium/4.8.1 (java windows)
Cache-Control: no-cache
Content-Type: application/json; charset=utf-8
host: localhost:29031
accept: */*

Response DefaultHttpResponse(decodeResult: success, version: HTTP/1.1)
HTTP/1.1 200 OK
Content-Length: 723772
Content-Type: application/json; charset=utf-8
cache-control: no-cache

14:25:51.924 [AsyncHttpClient-1-9] DEBUG org.asynchttpclient.netty.channel.ChannelManager - Adding key: http://localhost:29031 for channel [id: 0xb27c0939, L:/127.0.0.1:59000 - R:localhost/127.0.0.1:29031]
14:25:51.969 [main] DEBUG net.serenitybdd.core.photography.Darkroom - Send negative for processing for target\site\serenity\b2937bd9628b3a6dbf49af97923cf6335436e7d90078ce7d8eae45284cf336d8.png
14:25:51.969 [main] DEBUG net.thucydides.core.steps.StepInterceptor - STEP DONE: Validate_Careers_page_isDisplayed
14:25:51.982 [Forwarding getPageSource on session c3c2e1b978153a935c07e7aea55f9690 to remote] DEBUG org.asynchttpclient.netty.request.NettyRequestSender - Using pooled Channel '[id: 0xb27c0939, L:/127.0.0.1:59000 - R:localhost/127.0.0.1:29031]' for 'POST' to 'http://localhost:29031/session/c3c2e1b978153a935c07e7aea55f9690/execute/sync'
14:25:51.982 [Forwarding getPageSource on session c3c2e1b978153a935c07e7aea55f9690 to remote] DEBUG org.asynchttpclient.netty.request.NettyRequestSender - Using open Channel [id: 0xb27c0939, L:/127.0.0.1:59000 - R:localhost/127.0.0.1:29031] for POST '/session/c3c2e1b978153a935c07e7aea55f9690/execute/sync'
14:25:52.001 [AsyncHttpClient-1-9] DEBUG org.asynchttpclient.netty.handler.HttpHandler - 

Request DefaultHttpRequest(decodeResult: success, version: HTTP/1.1)
POST /session/c3c2e1b978153a935c07e7aea55f9690/execute/sync HTTP/1.1
User-Agent: selenium/4.8.1 (java windows)
Content-Length: 176
Content-Type: application/json; charset=utf-8
host: localhost:29031
accept: */*

Response DefaultHttpResponse(decodeResult: success, version: HTTP/1.1)
HTTP/1.1 200 OK
Content-Length: 78375
Content-Type: application/json; charset=utf-8
cache-control: no-cache

14:25:52.001 [AsyncHttpClient-1-9] DEBUG org.asynchttpclient.netty.channel.ChannelManager - Adding key: http://localhost:29031 for channel [id: 0xb27c0939, L:/127.0.0.1:59000 - R:localhost/127.0.0.1:29031]
14:25:52.023 [Forwarding getCurrentUrl on session c3c2e1b978153a935c07e7aea55f9690 to remote] DEBUG org.asynchttpclient.netty.request.NettyRequestSender - Using pooled Channel '[id: 0xb27c0939, L:/127.0.0.1:59000 - R:localhost/127.0.0.1:29031]' for 'GET' to 'http://localhost:29031/session/c3c2e1b978153a935c07e7aea55f9690/url'
14:25:52.023 [Forwarding getCurrentUrl on session c3c2e1b978153a935c07e7aea55f9690 to remote] DEBUG org.asynchttpclient.netty.request.NettyRequestSender - Using open Channel [id: 0xb27c0939, L:/127.0.0.1:59000 - R:localhost/127.0.0.1:29031] for GET '/session/c3c2e1b978153a935c07e7aea55f9690/url'
14:25:52.032 [AsyncHttpClient-1-9] DEBUG org.asynchttpclient.netty.handler.HttpHandler - 

Request DefaultFullHttpRequest(decodeResult: success, version: HTTP/1.1, content: EmptyByteBufBE)
GET /session/c3c2e1b978153a935c07e7aea55f9690/url HTTP/1.1
User-Agent: selenium/4.8.1 (java windows)
Cache-Control: no-cache
Content-Type: application/json; charset=utf-8
host: localhost:29031
accept: */*

Response DefaultHttpResponse(decodeResult: success, version: HTTP/1.1)
HTTP/1.1 200 OK
Content-Length: 57
Content-Type: application/json; charset=utf-8
cache-control: no-cache

14:25:52.032 [AsyncHttpClient-1-9] DEBUG org.asynchttpclient.netty.channel.ChannelManager - Adding key: http://localhost:29031 for channel [id: 0xb27c0939, L:/127.0.0.1:59000 - R:localhost/127.0.0.1:29031]
14:25:52.051 [Forwarding getAlertText on session c3c2e1b978153a935c07e7aea55f9690 to remote] DEBUG org.asynchttpclient.netty.request.NettyRequestSender - Using pooled Channel '[id: 0xb27c0939, L:/127.0.0.1:59000 - R:localhost/127.0.0.1:29031]' for 'GET' to 'http://localhost:29031/session/c3c2e1b978153a935c07e7aea55f9690/alert/text'
14:25:52.051 [Forwarding getAlertText on session c3c2e1b978153a935c07e7aea55f9690 to remote] DEBUG org.asynchttpclient.netty.request.NettyRequestSender - Using open Channel [id: 0xb27c0939, L:/127.0.0.1:59000 - R:localhost/127.0.0.1:29031] for GET '/session/c3c2e1b978153a935c07e7aea55f9690/alert/text'
14:25:52.051 [AsyncHttpClient-1-9] DEBUG org.asynchttpclient.netty.handler.HttpHandler - 

Request DefaultFullHttpRequest(decodeResult: success, version: HTTP/1.1, content: EmptyByteBufBE)
GET /session/c3c2e1b978153a935c07e7aea55f9690/alert/text HTTP/1.1
User-Agent: selenium/4.8.1 (java windows)
Cache-Control: no-cache
Content-Type: application/json; charset=utf-8
host: localhost:29031
accept: */*

Response DefaultHttpResponse(decodeResult: success, version: HTTP/1.1)
HTTP/1.1 404 Not Found
Content-Length: 821
Content-Type: application/json; charset=utf-8
cache-control: no-cache

14:25:52.051 [AsyncHttpClient-1-9] DEBUG org.asynchttpclient.netty.channel.ChannelManager - Adding key: http://localhost:29031 for channel [id: 0xb27c0939, L:/127.0.0.1:59000 - R:localhost/127.0.0.1:29031]
14:25:52.062 [Forwarding getCurrentUrl on session c3c2e1b978153a935c07e7aea55f9690 to remote] DEBUG org.asynchttpclient.netty.request.NettyRequestSender - Using pooled Channel '[id: 0xb27c0939, L:/127.0.0.1:59000 - R:localhost/127.0.0.1:29031]' for 'GET' to 'http://localhost:29031/session/c3c2e1b978153a935c07e7aea55f9690/url'
14:25:52.062 [Forwarding getCurrentUrl on session c3c2e1b978153a935c07e7aea55f9690 to remote] DEBUG org.asynchttpclient.netty.request.NettyRequestSender - Using open Channel [id: 0xb27c0939, L:/127.0.0.1:59000 - R:localhost/127.0.0.1:29031] for GET '/session/c3c2e1b978153a935c07e7aea55f9690/url'
14:25:52.064 [AsyncHttpClient-1-9] DEBUG org.asynchttpclient.netty.handler.HttpHandler - 

Request DefaultFullHttpRequest(decodeResult: success, version: HTTP/1.1, content: EmptyByteBufBE)
GET /session/c3c2e1b978153a935c07e7aea55f9690/url HTTP/1.1
User-Agent: selenium/4.8.1 (java windows)
Cache-Control: no-cache
Content-Type: application/json; charset=utf-8
host: localhost:29031
accept: */*

Response DefaultHttpResponse(decodeResult: success, version: HTTP/1.1)
HTTP/1.1 200 OK
Content-Length: 57
Content-Type: application/json; charset=utf-8
cache-control: no-cache

14:25:52.064 [AsyncHttpClient-1-9] DEBUG org.asynchttpclient.netty.channel.ChannelManager - Adding key: http://localhost:29031 for channel [id: 0xb27c0939, L:/127.0.0.1:59000 - R:localhost/127.0.0.1:29031]
14:25:52.073 [Forwarding screenshot on session c3c2e1b978153a935c07e7aea55f9690 to remote] DEBUG org.asynchttpclient.netty.request.NettyRequestSender - Using pooled Channel '[id: 0xb27c0939, L:/127.0.0.1:59000 - R:localhost/127.0.0.1:29031]' for 'GET' to 'http://localhost:29031/session/c3c2e1b978153a935c07e7aea55f9690/screenshot'
14:25:52.073 [Forwarding screenshot on session c3c2e1b978153a935c07e7aea55f9690 to remote] DEBUG org.asynchttpclient.netty.request.NettyRequestSender - Using open Channel [id: 0xb27c0939, L:/127.0.0.1:59000 - R:localhost/127.0.0.1:29031] for GET '/session/c3c2e1b978153a935c07e7aea55f9690/screenshot'
14:25:52.537 [AsyncHttpClient-1-9] DEBUG org.asynchttpclient.netty.handler.HttpHandler - 

Request DefaultFullHttpRequest(decodeResult: success, version: HTTP/1.1, content: EmptyByteBufBE)
GET /session/c3c2e1b978153a935c07e7aea55f9690/screenshot HTTP/1.1
User-Agent: selenium/4.8.1 (java windows)
Cache-Control: no-cache
Content-Type: application/json; charset=utf-8
host: localhost:29031
accept: */*

Response DefaultHttpResponse(decodeResult: success, version: HTTP/1.1)
HTTP/1.1 200 OK
Content-Length: 723772
Content-Type: application/json; charset=utf-8
cache-control: no-cache

14:25:52.537 [AsyncHttpClient-1-9] DEBUG org.asynchttpclient.netty.channel.ChannelManager - Adding key: http://localhost:29031 for channel [id: 0xb27c0939, L:/127.0.0.1:59000 - R:localhost/127.0.0.1:29031]
14:25:52.576 [main] DEBUG net.serenitybdd.core.photography.Darkroom - Send negative for processing for target\site\serenity\b2937bd9628b3a6dbf49af97923cf6335436e7d90078ce7d8eae45284cf336d8.png
14:25:52.576 [Forwarding getPageSource on session c3c2e1b978153a935c07e7aea55f9690 to remote] DEBUG org.asynchttpclient.netty.request.NettyRequestSender - Using pooled Channel '[id: 0xb27c0939, L:/127.0.0.1:59000 - R:localhost/127.0.0.1:29031]' for 'POST' to 'http://localhost:29031/session/c3c2e1b978153a935c07e7aea55f9690/execute/sync'
14:25:52.576 [Forwarding getPageSource on session c3c2e1b978153a935c07e7aea55f9690 to remote] DEBUG org.asynchttpclient.netty.request.NettyRequestSender - Using open Channel [id: 0xb27c0939, L:/127.0.0.1:59000 - R:localhost/127.0.0.1:29031] for POST '/session/c3c2e1b978153a935c07e7aea55f9690/execute/sync'
14:25:52.595 [AsyncHttpClient-1-9] DEBUG org.asynchttpclient.netty.handler.HttpHandler - 

Request DefaultHttpRequest(decodeResult: success, version: HTTP/1.1)
POST /session/c3c2e1b978153a935c07e7aea55f9690/execute/sync HTTP/1.1
User-Agent: selenium/4.8.1 (java windows)
Content-Length: 176
Content-Type: application/json; charset=utf-8
host: localhost:29031
accept: */*

Response DefaultHttpResponse(decodeResult: success, version: HTTP/1.1)
HTTP/1.1 200 OK
Content-Length: 78375
Content-Type: application/json; charset=utf-8
cache-control: no-cache

14:25:52.595 [AsyncHttpClient-1-9] DEBUG org.asynchttpclient.netty.channel.ChannelManager - Adding key: http://localhost:29031 for channel [id: 0xb27c0939, L:/127.0.0.1:59000 - R:localhost/127.0.0.1:29031]
14:25:52.607 [Forwarding getCurrentUrl on session c3c2e1b978153a935c07e7aea55f9690 to remote] DEBUG org.asynchttpclient.netty.request.NettyRequestSender - Using pooled Channel '[id: 0xb27c0939, L:/127.0.0.1:59000 - R:localhost/127.0.0.1:29031]' for 'GET' to 'http://localhost:29031/session/c3c2e1b978153a935c07e7aea55f9690/url'
14:25:52.607 [Forwarding getCurrentUrl on session c3c2e1b978153a935c07e7aea55f9690 to remote] DEBUG org.asynchttpclient.netty.request.NettyRequestSender - Using open Channel [id: 0xb27c0939, L:/127.0.0.1:59000 - R:localhost/127.0.0.1:29031] for GET '/session/c3c2e1b978153a935c07e7aea55f9690/url'
14:25:52.623 [AsyncHttpClient-1-9] DEBUG org.asynchttpclient.netty.handler.HttpHandler - 

Request DefaultFullHttpRequest(decodeResult: success, version: HTTP/1.1, content: EmptyByteBufBE)
GET /session/c3c2e1b978153a935c07e7aea55f9690/url HTTP/1.1
User-Agent: selenium/4.8.1 (java windows)
Cache-Control: no-cache
Content-Type: application/json; charset=utf-8
host: localhost:29031
accept: */*

Response DefaultHttpResponse(decodeResult: success, version: HTTP/1.1)
HTTP/1.1 200 OK
Content-Length: 57
Content-Type: application/json; charset=utf-8
cache-control: no-cache

14:25:52.624 [AsyncHttpClient-1-9] DEBUG org.asynchttpclient.netty.channel.ChannelManager - Adding key: http://localhost:29031 for channel [id: 0xb27c0939, L:/127.0.0.1:59000 - R:localhost/127.0.0.1:29031]
14:25:52.627 [main] DEBUG net.thucydides.core.steps.StepInterceptor - STARTING STEP: Afrexim_OurBank_Careers_Steps.click_the_check_vacancies_option - Click_Check_Vacancies_Option
14:25:52.627 [Forwarding findElement on session c3c2e1b978153a935c07e7aea55f9690 to remote] DEBUG org.asynchttpclient.netty.request.NettyRequestSender - Using pooled Channel '[id: 0xb27c0939, L:/127.0.0.1:59000 - R:localhost/127.0.0.1:29031]' for 'POST' to 'http://localhost:29031/session/c3c2e1b978153a935c07e7aea55f9690/element'
14:25:52.632 [Forwarding findElement on session c3c2e1b978153a935c07e7aea55f9690 to remote] DEBUG org.asynchttpclient.netty.request.NettyRequestSender - Using open Channel [id: 0xb27c0939, L:/127.0.0.1:59000 - R:localhost/127.0.0.1:29031] for POST '/session/c3c2e1b978153a935c07e7aea55f9690/element'
14:25:52.649 [AsyncHttpClient-1-9] DEBUG org.asynchttpclient.netty.handler.HttpHandler - 

Request DefaultHttpRequest(decodeResult: success, version: HTTP/1.1)
POST /session/c3c2e1b978153a935c07e7aea55f9690/element HTTP/1.1
User-Agent: selenium/4.8.1 (java windows)
Content-Length: 79
Content-Type: application/json; charset=utf-8
host: localhost:29031
accept: */*

Response DefaultHttpResponse(decodeResult: success, version: HTTP/1.1)
HTTP/1.1 200 OK
Content-Length: 95
Content-Type: application/json; charset=utf-8
cache-control: no-cache

14:25:52.649 [AsyncHttpClient-1-9] DEBUG org.asynchttpclient.netty.channel.ChannelManager - Adding key: http://localhost:29031 for channel [id: 0xb27c0939, L:/127.0.0.1:59000 - R:localhost/127.0.0.1:29031]
14:25:52.655 [Forwarding getElementTagName on session c3c2e1b978153a935c07e7aea55f9690 to remote] DEBUG org.asynchttpclient.netty.request.NettyRequestSender - Using pooled Channel '[id: 0xb27c0939, L:/127.0.0.1:59000 - R:localhost/127.0.0.1:29031]' for 'GET' to 'http://localhost:29031/session/c3c2e1b978153a935c07e7aea55f9690/element/F88926602E32537F47F62AB30A7858C6_element_54/name'
14:25:52.655 [Forwarding getElementTagName on session c3c2e1b978153a935c07e7aea55f9690 to remote] DEBUG org.asynchttpclient.netty.request.NettyRequestSender - Using open Channel [id: 0xb27c0939, L:/127.0.0.1:59000 - R:localhost/127.0.0.1:29031] for GET '/session/c3c2e1b978153a935c07e7aea55f9690/element/F88926602E32537F47F62AB30A7858C6_element_54/name'
14:25:52.659 [AsyncHttpClient-1-9] DEBUG org.asynchttpclient.netty.handler.HttpHandler - 

Request DefaultFullHttpRequest(decodeResult: success, version: HTTP/1.1, content: EmptyByteBufBE)
GET /session/c3c2e1b978153a935c07e7aea55f9690/element/F88926602E32537F47F62AB30A7858C6_element_54/name HTTP/1.1
User-Agent: selenium/4.8.1 (java windows)
Cache-Control: no-cache
Content-Type: application/json; charset=utf-8
host: localhost:29031
accept: */*

Response DefaultHttpResponse(decodeResult: success, version: HTTP/1.1)
HTTP/1.1 200 OK
Content-Length: 16
Content-Type: application/json; charset=utf-8
cache-control: no-cache

14:25:52.659 [AsyncHttpClient-1-9] DEBUG org.asynchttpclient.netty.channel.ChannelManager - Adding key: http://localhost:29031 for channel [id: 0xb27c0939, L:/127.0.0.1:59000 - R:localhost/127.0.0.1:29031]
14:25:52.670 [Forwarding getElementTagName on session c3c2e1b978153a935c07e7aea55f9690 to remote] DEBUG org.asynchttpclient.netty.request.NettyRequestSender - Using pooled Channel '[id: 0xb27c0939, L:/127.0.0.1:59000 - R:localhost/127.0.0.1:29031]' for 'GET' to 'http://localhost:29031/session/c3c2e1b978153a935c07e7aea55f9690/element/F88926602E32537F47F62AB30A7858C6_element_54/name'
14:25:52.670 [Forwarding getElementTagName on session c3c2e1b978153a935c07e7aea55f9690 to remote] DEBUG org.asynchttpclient.netty.request.NettyRequestSender - Using open Channel [id: 0xb27c0939, L:/127.0.0.1:59000 - R:localhost/127.0.0.1:29031] for GET '/session/c3c2e1b978153a935c07e7aea55f9690/element/F88926602E32537F47F62AB30A7858C6_element_54/name'
14:25:52.681 [AsyncHttpClient-1-9] DEBUG org.asynchttpclient.netty.handler.HttpHandler - 

Request DefaultFullHttpRequest(decodeResult: success, version: HTTP/1.1, content: EmptyByteBufBE)
GET /session/c3c2e1b978153a935c07e7aea55f9690/element/F88926602E32537F47F62AB30A7858C6_element_54/name HTTP/1.1
User-Agent: selenium/4.8.1 (java windows)
Cache-Control: no-cache
Content-Type: application/json; charset=utf-8
host: localhost:29031
accept: */*

Response DefaultHttpResponse(decodeResult: success, version: HTTP/1.1)
HTTP/1.1 200 OK
Content-Length: 16
Content-Type: application/json; charset=utf-8
cache-control: no-cache

14:25:52.681 [AsyncHttpClient-1-9] DEBUG org.asynchttpclient.netty.channel.ChannelManager - Adding key: http://localhost:29031 for channel [id: 0xb27c0939, L:/127.0.0.1:59000 - R:localhost/127.0.0.1:29031]
14:25:52.681 [Forwarding findElement on session c3c2e1b978153a935c07e7aea55f9690 to remote] DEBUG org.asynchttpclient.netty.request.NettyRequestSender - Using pooled Channel '[id: 0xb27c0939, L:/127.0.0.1:59000 - R:localhost/127.0.0.1:29031]' for 'POST' to 'http://localhost:29031/session/c3c2e1b978153a935c07e7aea55f9690/element'
14:25:52.681 [Forwarding findElement on session c3c2e1b978153a935c07e7aea55f9690 to remote] DEBUG org.asynchttpclient.netty.request.NettyRequestSender - Using open Channel [id: 0xb27c0939, L:/127.0.0.1:59000 - R:localhost/127.0.0.1:29031] for POST '/session/c3c2e1b978153a935c07e7aea55f9690/element'
14:25:52.702 [AsyncHttpClient-1-9] DEBUG org.asynchttpclient.netty.handler.HttpHandler - 

Request DefaultHttpRequest(decodeResult: success, version: HTTP/1.1)
POST /session/c3c2e1b978153a935c07e7aea55f9690/element HTTP/1.1
User-Agent: selenium/4.8.1 (java windows)
Content-Length: 79
Content-Type: application/json; charset=utf-8
host: localhost:29031
accept: */*

Response DefaultHttpResponse(decodeResult: success, version: HTTP/1.1)
HTTP/1.1 200 OK
Content-Length: 95
Content-Type: application/json; charset=utf-8
cache-control: no-cache

14:25:52.702 [AsyncHttpClient-1-9] DEBUG org.asynchttpclient.netty.channel.ChannelManager - Adding key: http://localhost:29031 for channel [id: 0xb27c0939, L:/127.0.0.1:59000 - R:localhost/127.0.0.1:29031]
14:25:52.707 [Forwarding clickElement on session c3c2e1b978153a935c07e7aea55f9690 to remote] DEBUG org.asynchttpclient.netty.request.NettyRequestSender - Using pooled Channel '[id: 0xb27c0939, L:/127.0.0.1:59000 - R:localhost/127.0.0.1:29031]' for 'POST' to 'http://localhost:29031/session/c3c2e1b978153a935c07e7aea55f9690/element/F88926602E32537F47F62AB30A7858C6_element_54/click'
14:25:52.707 [Forwarding clickElement on session c3c2e1b978153a935c07e7aea55f9690 to remote] DEBUG org.asynchttpclient.netty.request.NettyRequestSender - Using open Channel [id: 0xb27c0939, L:/127.0.0.1:59000 - R:localhost/127.0.0.1:29031] for POST '/session/c3c2e1b978153a935c07e7aea55f9690/element/F88926602E32537F47F62AB30A7858C6_element_54/click'
14:25:53.001 [AsyncHttpClient-1-1] DEBUG org.asynchttpclient.netty.channel.DefaultChannelPool - Entry count for : http://localhost:59001 : 1
14:25:54.094 [AsyncHttpClient-1-1] DEBUG org.asynchttpclient.netty.channel.DefaultChannelPool - Entry count for : http://localhost:59001 : 1
14:25:55.194 [AsyncHttpClient-1-1] DEBUG org.asynchttpclient.netty.channel.DefaultChannelPool - Entry count for : http://localhost:59001 : 1
14:25:56.201 [AsyncHttpClient-1-9] DEBUG org.asynchttpclient.netty.handler.HttpHandler - 

Request DefaultHttpRequest(decodeResult: success, version: HTTP/1.1)
POST /session/c3c2e1b978153a935c07e7aea55f9690/element/F88926602E32537F47F62AB30A7858C6_element_54/click HTTP/1.1
User-Agent: selenium/4.8.1 (java windows)
Content-Length: 57
Content-Type: application/json; charset=utf-8
host: localhost:29031
accept: */*

Response DefaultHttpResponse(decodeResult: success, version: HTTP/1.1)
HTTP/1.1 200 OK
Content-Length: 14
Content-Type: application/json; charset=utf-8
cache-control: no-cache

14:25:56.201 [AsyncHttpClient-1-9] DEBUG org.asynchttpclient.netty.channel.ChannelManager - Adding key: http://localhost:29031 for channel [id: 0xb27c0939, L:/127.0.0.1:59000 - R:localhost/127.0.0.1:29031]
14:25:56.224 [Forwarding getAlertText on session c3c2e1b978153a935c07e7aea55f9690 to remote] DEBUG org.asynchttpclient.netty.request.NettyRequestSender - Using pooled Channel '[id: 0xb27c0939, L:/127.0.0.1:59000 - R:localhost/127.0.0.1:29031]' for 'GET' to 'http://localhost:29031/session/c3c2e1b978153a935c07e7aea55f9690/alert/text'
14:25:56.224 [Forwarding getAlertText on session c3c2e1b978153a935c07e7aea55f9690 to remote] DEBUG org.asynchttpclient.netty.request.NettyRequestSender - Using open Channel [id: 0xb27c0939, L:/127.0.0.1:59000 - R:localhost/127.0.0.1:29031] for GET '/session/c3c2e1b978153a935c07e7aea55f9690/alert/text'
14:25:56.257 [AsyncHttpClient-1-9] DEBUG org.asynchttpclient.netty.handler.HttpHandler - 

Request DefaultFullHttpRequest(decodeResult: success, version: HTTP/1.1, content: EmptyByteBufBE)
GET /session/c3c2e1b978153a935c07e7aea55f9690/alert/text HTTP/1.1
User-Agent: selenium/4.8.1 (java windows)
Cache-Control: no-cache
Content-Type: application/json; charset=utf-8
host: localhost:29031
accept: */*

Response DefaultHttpResponse(decodeResult: success, version: HTTP/1.1)
HTTP/1.1 404 Not Found
Content-Length: 821
Content-Type: application/json; charset=utf-8
cache-control: no-cache

14:25:56.257 [AsyncHttpClient-1-9] DEBUG org.asynchttpclient.netty.channel.ChannelManager - Adding key: http://localhost:29031 for channel [id: 0xb27c0939, L:/127.0.0.1:59000 - R:localhost/127.0.0.1:29031]
14:25:56.262 [Forwarding getCurrentUrl on session c3c2e1b978153a935c07e7aea55f9690 to remote] DEBUG org.asynchttpclient.netty.request.NettyRequestSender - Using pooled Channel '[id: 0xb27c0939, L:/127.0.0.1:59000 - R:localhost/127.0.0.1:29031]' for 'GET' to 'http://localhost:29031/session/c3c2e1b978153a935c07e7aea55f9690/url'
14:25:56.262 [Forwarding getCurrentUrl on session c3c2e1b978153a935c07e7aea55f9690 to remote] DEBUG org.asynchttpclient.netty.request.NettyRequestSender - Using open Channel [id: 0xb27c0939, L:/127.0.0.1:59000 - R:localhost/127.0.0.1:29031] for GET '/session/c3c2e1b978153a935c07e7aea55f9690/url'
14:25:56.291 [AsyncHttpClient-1-1] DEBUG org.asynchttpclient.netty.channel.DefaultChannelPool - Entry count for : http://localhost:59001 : 1
14:25:56.326 [AsyncHttpClient-1-9] DEBUG org.asynchttpclient.netty.handler.HttpHandler - 

Request DefaultFullHttpRequest(decodeResult: success, version: HTTP/1.1, content: EmptyByteBufBE)
GET /session/c3c2e1b978153a935c07e7aea55f9690/url HTTP/1.1
User-Agent: selenium/4.8.1 (java windows)
Cache-Control: no-cache
Content-Type: application/json; charset=utf-8
host: localhost:29031
accept: */*

Response DefaultHttpResponse(decodeResult: success, version: HTTP/1.1)
HTTP/1.1 200 OK
Content-Length: 58
Content-Type: application/json; charset=utf-8
cache-control: no-cache

14:25:56.326 [AsyncHttpClient-1-9] DEBUG org.asynchttpclient.netty.channel.ChannelManager - Adding key: http://localhost:29031 for channel [id: 0xb27c0939, L:/127.0.0.1:59000 - R:localhost/127.0.0.1:29031]
14:25:56.329 [Forwarding screenshot on session c3c2e1b978153a935c07e7aea55f9690 to remote] DEBUG org.asynchttpclient.netty.request.NettyRequestSender - Using pooled Channel '[id: 0xb27c0939, L:/127.0.0.1:59000 - R:localhost/127.0.0.1:29031]' for 'GET' to 'http://localhost:29031/session/c3c2e1b978153a935c07e7aea55f9690/screenshot'
14:25:56.329 [Forwarding screenshot on session c3c2e1b978153a935c07e7aea55f9690 to remote] DEBUG org.asynchttpclient.netty.request.NettyRequestSender - Using open Channel [id: 0xb27c0939, L:/127.0.0.1:59000 - R:localhost/127.0.0.1:29031] for GET '/session/c3c2e1b978153a935c07e7aea55f9690/screenshot'
14:25:56.697 [AsyncHttpClient-1-9] DEBUG org.asynchttpclient.netty.handler.HttpHandler - 

Request DefaultFullHttpRequest(decodeResult: success, version: HTTP/1.1, content: EmptyByteBufBE)
GET /session/c3c2e1b978153a935c07e7aea55f9690/screenshot HTTP/1.1
User-Agent: selenium/4.8.1 (java windows)
Cache-Control: no-cache
Content-Type: application/json; charset=utf-8
host: localhost:29031
accept: */*

Response DefaultHttpResponse(decodeResult: success, version: HTTP/1.1)
HTTP/1.1 200 OK
Content-Length: 313260
Content-Type: application/json; charset=utf-8
cache-control: no-cache

14:25:56.698 [AsyncHttpClient-1-9] DEBUG org.asynchttpclient.netty.channel.ChannelManager - Adding key: http://localhost:29031 for channel [id: 0xb27c0939, L:/127.0.0.1:59000 - R:localhost/127.0.0.1:29031]
14:25:56.722 [main] DEBUG net.serenitybdd.core.photography.Darkroom - Send negative for processing for target\site\serenity\0b0317377fa9aa8c2785da855f6687abf8991cd175774b972a82f3e160b6ff26.png
14:25:56.723 [main] DEBUG net.thucydides.core.steps.StepInterceptor - STEP DONE: Click_Check_Vacancies_Option
14:25:56.723 [Darkroom Processing Line] DEBUG net.serenitybdd.core.photography.DarkroomProcessingLine - Processing screenshot image in /var/screenshots/screenshot-1463715504204327342
14:25:56.723 [Darkroom Processing Line] DEBUG net.serenitybdd.core.photography.DarkroomProcessingLine - Saving screenshot to target\site\serenity\0b0317377fa9aa8c2785da855f6687abf8991cd175774b972a82f3e160b6ff26.png
14:25:56.758 [Forwarding getPageSource on session c3c2e1b978153a935c07e7aea55f9690 to remote] DEBUG org.asynchttpclient.netty.request.NettyRequestSender - Using pooled Channel '[id: 0xb27c0939, L:/127.0.0.1:59000 - R:localhost/127.0.0.1:29031]' for 'POST' to 'http://localhost:29031/session/c3c2e1b978153a935c07e7aea55f9690/execute/sync'
14:25:56.758 [Forwarding getPageSource on session c3c2e1b978153a935c07e7aea55f9690 to remote] DEBUG org.asynchttpclient.netty.request.NettyRequestSender - Using open Channel [id: 0xb27c0939, L:/127.0.0.1:59000 - R:localhost/127.0.0.1:29031] for POST '/session/c3c2e1b978153a935c07e7aea55f9690/execute/sync'
14:25:56.795 [AsyncHttpClient-1-9] DEBUG org.asynchttpclient.netty.handler.HttpHandler - 

Request DefaultHttpRequest(decodeResult: success, version: HTTP/1.1)
POST /session/c3c2e1b978153a935c07e7aea55f9690/execute/sync HTTP/1.1
User-Agent: selenium/4.8.1 (java windows)
Content-Length: 176
Content-Type: application/json; charset=utf-8
host: localhost:29031
accept: */*

Response DefaultHttpResponse(decodeResult: success, version: HTTP/1.1)
HTTP/1.1 200 OK
Content-Length: 77450
Content-Type: application/json; charset=utf-8
cache-control: no-cache

14:25:56.798 [AsyncHttpClient-1-9] DEBUG org.asynchttpclient.netty.channel.ChannelManager - Adding key: http://localhost:29031 for channel [id: 0xb27c0939, L:/127.0.0.1:59000 - R:localhost/127.0.0.1:29031]
14:25:56.814 [Forwarding getCurrentUrl on session c3c2e1b978153a935c07e7aea55f9690 to remote] DEBUG org.asynchttpclient.netty.request.NettyRequestSender - Using pooled Channel '[id: 0xb27c0939, L:/127.0.0.1:59000 - R:localhost/127.0.0.1:29031]' for 'GET' to 'http://localhost:29031/session/c3c2e1b978153a935c07e7aea55f9690/url'
14:25:56.814 [Forwarding getCurrentUrl on session c3c2e1b978153a935c07e7aea55f9690 to remote] DEBUG org.asynchttpclient.netty.request.NettyRequestSender - Using open Channel [id: 0xb27c0939, L:/127.0.0.1:59000 - R:localhost/127.0.0.1:29031] for GET '/session/c3c2e1b978153a935c07e7aea55f9690/url'
14:25:56.869 [AsyncHttpClient-1-9] DEBUG org.asynchttpclient.netty.handler.HttpHandler - 

Request DefaultFullHttpRequest(decodeResult: success, version: HTTP/1.1, content: EmptyByteBufBE)
GET /session/c3c2e1b978153a935c07e7aea55f9690/url HTTP/1.1
User-Agent: selenium/4.8.1 (java windows)
Cache-Control: no-cache
Content-Type: application/json; charset=utf-8
host: localhost:29031
accept: */*

Response DefaultHttpResponse(decodeResult: success, version: HTTP/1.1)
HTTP/1.1 200 OK
Content-Length: 58
Content-Type: application/json; charset=utf-8
cache-control: no-cache

14:25:56.869 [AsyncHttpClient-1-9] DEBUG org.asynchttpclient.netty.channel.ChannelManager - Adding key: http://localhost:29031 for channel [id: 0xb27c0939, L:/127.0.0.1:59000 - R:localhost/127.0.0.1:29031]
14:25:56.896 [Forwarding getAlertText on session c3c2e1b978153a935c07e7aea55f9690 to remote] DEBUG org.asynchttpclient.netty.request.NettyRequestSender - Using pooled Channel '[id: 0xb27c0939, L:/127.0.0.1:59000 - R:localhost/127.0.0.1:29031]' for 'GET' to 'http://localhost:29031/session/c3c2e1b978153a935c07e7aea55f9690/alert/text'
14:25:56.896 [Forwarding getAlertText on session c3c2e1b978153a935c07e7aea55f9690 to remote] DEBUG org.asynchttpclient.netty.request.NettyRequestSender - Using open Channel [id: 0xb27c0939, L:/127.0.0.1:59000 - R:localhost/127.0.0.1:29031] for GET '/session/c3c2e1b978153a935c07e7aea55f9690/alert/text'
14:25:56.901 [AsyncHttpClient-1-9] DEBUG org.asynchttpclient.netty.handler.HttpHandler - 

Request DefaultFullHttpRequest(decodeResult: success, version: HTTP/1.1, content: EmptyByteBufBE)
GET /session/c3c2e1b978153a935c07e7aea55f9690/alert/text HTTP/1.1
User-Agent: selenium/4.8.1 (java windows)
Cache-Control: no-cache
Content-Type: application/json; charset=utf-8
host: localhost:29031
accept: */*

Response DefaultHttpResponse(decodeResult: success, version: HTTP/1.1)
HTTP/1.1 404 Not Found
Content-Length: 821
Content-Type: application/json; charset=utf-8
cache-control: no-cache

14:25:56.901 [AsyncHttpClient-1-9] DEBUG org.asynchttpclient.netty.channel.ChannelManager - Adding key: http://localhost:29031 for channel [id: 0xb27c0939, L:/127.0.0.1:59000 - R:localhost/127.0.0.1:29031]
14:25:56.905 [Forwarding getCurrentUrl on session c3c2e1b978153a935c07e7aea55f9690 to remote] DEBUG org.asynchttpclient.netty.request.NettyRequestSender - Using pooled Channel '[id: 0xb27c0939, L:/127.0.0.1:59000 - R:localhost/127.0.0.1:29031]' for 'GET' to 'http://localhost:29031/session/c3c2e1b978153a935c07e7aea55f9690/url'
14:25:56.905 [Forwarding getCurrentUrl on session c3c2e1b978153a935c07e7aea55f9690 to remote] DEBUG org.asynchttpclient.netty.request.NettyRequestSender - Using open Channel [id: 0xb27c0939, L:/127.0.0.1:59000 - R:localhost/127.0.0.1:29031] for GET '/session/c3c2e1b978153a935c07e7aea55f9690/url'
14:25:56.932 [AsyncHttpClient-1-9] DEBUG org.asynchttpclient.netty.handler.HttpHandler - 

Request DefaultFullHttpRequest(decodeResult: success, version: HTTP/1.1, content: EmptyByteBufBE)
GET /session/c3c2e1b978153a935c07e7aea55f9690/url HTTP/1.1
User-Agent: selenium/4.8.1 (java windows)
Cache-Control: no-cache
Content-Type: application/json; charset=utf-8
host: localhost:29031
accept: */*

Response DefaultHttpResponse(decodeResult: success, version: HTTP/1.1)
HTTP/1.1 200 OK
Content-Length: 58
Content-Type: application/json; charset=utf-8
cache-control: no-cache

14:25:56.932 [AsyncHttpClient-1-9] DEBUG org.asynchttpclient.netty.channel.ChannelManager - Adding key: http://localhost:29031 for channel [id: 0xb27c0939, L:/127.0.0.1:59000 - R:localhost/127.0.0.1:29031]
14:25:56.935 [Forwarding screenshot on session c3c2e1b978153a935c07e7aea55f9690 to remote] DEBUG org.asynchttpclient.netty.request.NettyRequestSender - Using pooled Channel '[id: 0xb27c0939, L:/127.0.0.1:59000 - R:localhost/127.0.0.1:29031]' for 'GET' to 'http://localhost:29031/session/c3c2e1b978153a935c07e7aea55f9690/screenshot'
14:25:56.935 [Forwarding screenshot on session c3c2e1b978153a935c07e7aea55f9690 to remote] DEBUG org.asynchttpclient.netty.request.NettyRequestSender - Using open Channel [id: 0xb27c0939, L:/127.0.0.1:59000 - R:localhost/127.0.0.1:29031] for GET '/session/c3c2e1b978153a935c07e7aea55f9690/screenshot'
14:25:57.268 [AsyncHttpClient-1-9] DEBUG org.asynchttpclient.netty.handler.HttpHandler - 

Request DefaultFullHttpRequest(decodeResult: success, version: HTTP/1.1, content: EmptyByteBufBE)
GET /session/c3c2e1b978153a935c07e7aea55f9690/screenshot HTTP/1.1
User-Agent: selenium/4.8.1 (java windows)
Cache-Control: no-cache
Content-Type: application/json; charset=utf-8
host: localhost:29031
accept: */*

Response DefaultHttpResponse(decodeResult: success, version: HTTP/1.1)
HTTP/1.1 200 OK
Content-Length: 313260
Content-Type: application/json; charset=utf-8
cache-control: no-cache

14:25:57.268 [AsyncHttpClient-1-9] DEBUG org.asynchttpclient.netty.channel.ChannelManager - Adding key: http://localhost:29031 for channel [id: 0xb27c0939, L:/127.0.0.1:59000 - R:localhost/127.0.0.1:29031]
14:25:57.300 [main] DEBUG net.serenitybdd.core.photography.Darkroom - Send negative for processing for target\site\serenity\0b0317377fa9aa8c2785da855f6687abf8991cd175774b972a82f3e160b6ff26.png
14:25:57.304 [Forwarding getPageSource on session c3c2e1b978153a935c07e7aea55f9690 to remote] DEBUG org.asynchttpclient.netty.request.NettyRequestSender - Using pooled Channel '[id: 0xb27c0939, L:/127.0.0.1:59000 - R:localhost/127.0.0.1:29031]' for 'POST' to 'http://localhost:29031/session/c3c2e1b978153a935c07e7aea55f9690/execute/sync'
14:25:57.304 [Forwarding getPageSource on session c3c2e1b978153a935c07e7aea55f9690 to remote] DEBUG org.asynchttpclient.netty.request.NettyRequestSender - Using open Channel [id: 0xb27c0939, L:/127.0.0.1:59000 - R:localhost/127.0.0.1:29031] for POST '/session/c3c2e1b978153a935c07e7aea55f9690/execute/sync'
14:25:57.343 [AsyncHttpClient-1-9] DEBUG org.asynchttpclient.netty.handler.HttpHandler - 

Request DefaultHttpRequest(decodeResult: success, version: HTTP/1.1)
POST /session/c3c2e1b978153a935c07e7aea55f9690/execute/sync HTTP/1.1
User-Agent: selenium/4.8.1 (java windows)
Content-Length: 176
Content-Type: application/json; charset=utf-8
host: localhost:29031
accept: */*

Response DefaultHttpResponse(decodeResult: success, version: HTTP/1.1)
HTTP/1.1 200 OK
Content-Length: 77450
Content-Type: application/json; charset=utf-8
cache-control: no-cache

14:25:57.344 [AsyncHttpClient-1-9] DEBUG org.asynchttpclient.netty.channel.ChannelManager - Adding key: http://localhost:29031 for channel [id: 0xb27c0939, L:/127.0.0.1:59000 - R:localhost/127.0.0.1:29031]
14:25:57.369 [Forwarding getCurrentUrl on session c3c2e1b978153a935c07e7aea55f9690 to remote] DEBUG org.asynchttpclient.netty.request.NettyRequestSender - Using pooled Channel '[id: 0xb27c0939, L:/127.0.0.1:59000 - R:localhost/127.0.0.1:29031]' for 'GET' to 'http://localhost:29031/session/c3c2e1b978153a935c07e7aea55f9690/url'
14:25:57.369 [Forwarding getCurrentUrl on session c3c2e1b978153a935c07e7aea55f9690 to remote] DEBUG org.asynchttpclient.netty.request.NettyRequestSender - Using open Channel [id: 0xb27c0939, L:/127.0.0.1:59000 - R:localhost/127.0.0.1:29031] for GET '/session/c3c2e1b978153a935c07e7aea55f9690/url'
14:25:57.393 [AsyncHttpClient-1-1] DEBUG org.asynchttpclient.netty.channel.DefaultChannelPool - Entry count for : http://localhost:59001 : 1
14:25:57.405 [AsyncHttpClient-1-9] DEBUG org.asynchttpclient.netty.handler.HttpHandler - 

Request DefaultFullHttpRequest(decodeResult: success, version: HTTP/1.1, content: EmptyByteBufBE)
GET /session/c3c2e1b978153a935c07e7aea55f9690/url HTTP/1.1
User-Agent: selenium/4.8.1 (java windows)
Cache-Control: no-cache
Content-Type: application/json; charset=utf-8
host: localhost:29031
accept: */*

Response DefaultHttpResponse(decodeResult: success, version: HTTP/1.1)
HTTP/1.1 200 OK
Content-Length: 58
Content-Type: application/json; charset=utf-8
cache-control: no-cache

14:25:57.406 [AsyncHttpClient-1-9] DEBUG org.asynchttpclient.netty.channel.ChannelManager - Adding key: http://localhost:29031 for channel [id: 0xb27c0939, L:/127.0.0.1:59000 - R:localhost/127.0.0.1:29031]
14:25:57.411 [main] DEBUG net.thucydides.core.steps.StepInterceptor - STARTING STEP: Afrexim_OurBank_Careers_Steps.select_the_type_of_the_job_in_all_vacancies_dropdown - Select_typeofjob
14:25:57.430 [Forwarding findElement on session c3c2e1b978153a935c07e7aea55f9690 to remote] DEBUG org.asynchttpclient.netty.request.NettyRequestSender - Using pooled Channel '[id: 0xb27c0939, L:/127.0.0.1:59000 - R:localhost/127.0.0.1:29031]' for 'POST' to 'http://localhost:29031/session/c3c2e1b978153a935c07e7aea55f9690/element'
14:25:57.430 [Forwarding findElement on session c3c2e1b978153a935c07e7aea55f9690 to remote] DEBUG org.asynchttpclient.netty.request.NettyRequestSender - Using open Channel [id: 0xb27c0939, L:/127.0.0.1:59000 - R:localhost/127.0.0.1:29031] for POST '/session/c3c2e1b978153a935c07e7aea55f9690/element'
14:25:57.550 [AsyncHttpClient-1-9] DEBUG org.asynchttpclient.netty.handler.HttpHandler - 

Request DefaultHttpRequest(decodeResult: success, version: HTTP/1.1)
POST /session/c3c2e1b978153a935c07e7aea55f9690/element HTTP/1.1
User-Agent: selenium/4.8.1 (java windows)
Content-Length: 84
Content-Type: application/json; charset=utf-8
host: localhost:29031
accept: */*

Response DefaultHttpResponse(decodeResult: success, version: HTTP/1.1)
HTTP/1.1 200 OK
Content-Length: 95
Content-Type: application/json; charset=utf-8
cache-control: no-cache

14:25:57.550 [AsyncHttpClient-1-9] DEBUG org.asynchttpclient.netty.channel.ChannelManager - Adding key: http://localhost:29031 for channel [id: 0xb27c0939, L:/127.0.0.1:59000 - R:localhost/127.0.0.1:29031]
14:25:57.550 [Forwarding getElementTagName on session c3c2e1b978153a935c07e7aea55f9690 to remote] DEBUG org.asynchttpclient.netty.request.NettyRequestSender - Using pooled Channel '[id: 0xb27c0939, L:/127.0.0.1:59000 - R:localhost/127.0.0.1:29031]' for 'GET' to 'http://localhost:29031/session/c3c2e1b978153a935c07e7aea55f9690/element/DA1EB85470724B0B8F52303378DBB781_element_68/name'
14:25:57.550 [Forwarding getElementTagName on session c3c2e1b978153a935c07e7aea55f9690 to remote] DEBUG org.asynchttpclient.netty.request.NettyRequestSender - Using open Channel [id: 0xb27c0939, L:/127.0.0.1:59000 - R:localhost/127.0.0.1:29031] for GET '/session/c3c2e1b978153a935c07e7aea55f9690/element/DA1EB85470724B0B8F52303378DBB781_element_68/name'
14:25:57.624 [AsyncHttpClient-1-9] DEBUG org.asynchttpclient.netty.handler.HttpHandler - 

Request DefaultFullHttpRequest(decodeResult: success, version: HTTP/1.1, content: EmptyByteBufBE)
GET /session/c3c2e1b978153a935c07e7aea55f9690/element/DA1EB85470724B0B8F52303378DBB781_element_68/name HTTP/1.1
User-Agent: selenium/4.8.1 (java windows)
Cache-Control: no-cache
Content-Type: application/json; charset=utf-8
host: localhost:29031
accept: */*

Response DefaultHttpResponse(decodeResult: success, version: HTTP/1.1)
HTTP/1.1 200 OK
Content-Length: 18
Content-Type: application/json; charset=utf-8
cache-control: no-cache

14:25:57.624 [AsyncHttpClient-1-9] DEBUG org.asynchttpclient.netty.channel.ChannelManager - Adding key: http://localhost:29031 for channel [id: 0xb27c0939, L:/127.0.0.1:59000 - R:localhost/127.0.0.1:29031]
14:25:57.627 [Forwarding getElementDomAttribute on session c3c2e1b978153a935c07e7aea55f9690 to remote] DEBUG org.asynchttpclient.netty.request.NettyRequestSender - Using pooled Channel '[id: 0xb27c0939, L:/127.0.0.1:59000 - R:localhost/127.0.0.1:29031]' for 'GET' to 'http://localhost:29031/session/c3c2e1b978153a935c07e7aea55f9690/element/DA1EB85470724B0B8F52303378DBB781_element_68/attribute/multiple'
14:25:57.627 [Forwarding getElementDomAttribute on session c3c2e1b978153a935c07e7aea55f9690 to remote] DEBUG org.asynchttpclient.netty.request.NettyRequestSender - Using open Channel [id: 0xb27c0939, L:/127.0.0.1:59000 - R:localhost/127.0.0.1:29031] for GET '/session/c3c2e1b978153a935c07e7aea55f9690/element/DA1EB85470724B0B8F52303378DBB781_element_68/attribute/multiple'
14:25:57.684 [AsyncHttpClient-1-9] DEBUG org.asynchttpclient.netty.handler.HttpHandler - 

Request DefaultFullHttpRequest(decodeResult: success, version: HTTP/1.1, content: EmptyByteBufBE)
GET /session/c3c2e1b978153a935c07e7aea55f9690/element/DA1EB85470724B0B8F52303378DBB781_element_68/attribute/multiple HTTP/1.1
User-Agent: selenium/4.8.1 (java windows)
Cache-Control: no-cache
Content-Type: application/json; charset=utf-8
host: localhost:29031
accept: */*

Response DefaultHttpResponse(decodeResult: success, version: HTTP/1.1)
HTTP/1.1 200 OK
Content-Length: 14
Content-Type: application/json; charset=utf-8
cache-control: no-cache

14:25:57.684 [AsyncHttpClient-1-9] DEBUG org.asynchttpclient.netty.channel.ChannelManager - Adding key: http://localhost:29031 for channel [id: 0xb27c0939, L:/127.0.0.1:59000 - R:localhost/127.0.0.1:29031]
14:25:57.689 [Forwarding isElementEnabled on session c3c2e1b978153a935c07e7aea55f9690 to remote] DEBUG org.asynchttpclient.netty.request.NettyRequestSender - Using pooled Channel '[id: 0xb27c0939, L:/127.0.0.1:59000 - R:localhost/127.0.0.1:29031]' for 'GET' to 'http://localhost:29031/session/c3c2e1b978153a935c07e7aea55f9690/element/DA1EB85470724B0B8F52303378DBB781_element_68/enabled'
14:25:57.689 [Forwarding isElementEnabled on session c3c2e1b978153a935c07e7aea55f9690 to remote] DEBUG org.asynchttpclient.netty.request.NettyRequestSender - Using open Channel [id: 0xb27c0939, L:/127.0.0.1:59000 - R:localhost/127.0.0.1:29031] for GET '/session/c3c2e1b978153a935c07e7aea55f9690/element/DA1EB85470724B0B8F52303378DBB781_element_68/enabled'
14:25:57.741 [AsyncHttpClient-1-9] DEBUG org.asynchttpclient.netty.handler.HttpHandler - 

Request DefaultFullHttpRequest(decodeResult: success, version: HTTP/1.1, content: EmptyByteBufBE)
GET /session/c3c2e1b978153a935c07e7aea55f9690/element/DA1EB85470724B0B8F52303378DBB781_element_68/enabled HTTP/1.1
User-Agent: selenium/4.8.1 (java windows)
Cache-Control: no-cache
Content-Type: application/json; charset=utf-8
host: localhost:29031
accept: */*

Response DefaultHttpResponse(decodeResult: success, version: HTTP/1.1)
HTTP/1.1 200 OK
Content-Length: 14
Content-Type: application/json; charset=utf-8
cache-control: no-cache

14:25:57.741 [AsyncHttpClient-1-9] DEBUG org.asynchttpclient.netty.channel.ChannelManager - Adding key: http://localhost:29031 for channel [id: 0xb27c0939, L:/127.0.0.1:59000 - R:localhost/127.0.0.1:29031]
14:25:57.749 [Forwarding findChildElements on session c3c2e1b978153a935c07e7aea55f9690 to remote] DEBUG org.asynchttpclient.netty.request.NettyRequestSender - Using pooled Channel '[id: 0xb27c0939, L:/127.0.0.1:59000 - R:localhost/127.0.0.1:29031]' for 'POST' to 'http://localhost:29031/session/c3c2e1b978153a935c07e7aea55f9690/element/DA1EB85470724B0B8F52303378DBB781_element_68/elements'
14:25:57.749 [Forwarding findChildElements on session c3c2e1b978153a935c07e7aea55f9690 to remote] DEBUG org.asynchttpclient.netty.request.NettyRequestSender - Using open Channel [id: 0xb27c0939, L:/127.0.0.1:59000 - R:localhost/127.0.0.1:29031] for POST '/session/c3c2e1b978153a935c07e7aea55f9690/element/DA1EB85470724B0B8F52303378DBB781_element_68/elements'
14:25:57.798 [AsyncHttpClient-1-9] DEBUG org.asynchttpclient.netty.handler.HttpHandler - 

Request DefaultHttpRequest(decodeResult: success, version: HTTP/1.1)
POST /session/c3c2e1b978153a935c07e7aea55f9690/element/DA1EB85470724B0B8F52303378DBB781_element_68/elements HTTP/1.1
User-Agent: selenium/4.8.1 (java windows)
Content-Length: 101
Content-Type: application/json; charset=utf-8
host: localhost:29031
accept: */*

Response DefaultHttpResponse(decodeResult: success, version: HTTP/1.1)
HTTP/1.1 200 OK
Content-Length: 527
Content-Type: application/json; charset=utf-8
cache-control: no-cache

14:25:57.798 [AsyncHttpClient-1-9] DEBUG org.asynchttpclient.netty.channel.ChannelManager - Adding key: http://localhost:29031 for channel [id: 0xb27c0939, L:/127.0.0.1:59000 - R:localhost/127.0.0.1:29031]
14:25:57.806 [Forwarding getElementAttribute on session c3c2e1b978153a935c07e7aea55f9690 to remote] DEBUG org.asynchttpclient.netty.request.NettyRequestSender - Using pooled Channel '[id: 0xb27c0939, L:/127.0.0.1:59000 - R:localhost/127.0.0.1:29031]' for 'POST' to 'http://localhost:29031/session/c3c2e1b978153a935c07e7aea55f9690/execute/sync'
14:25:57.806 [Forwarding getElementAttribute on session c3c2e1b978153a935c07e7aea55f9690 to remote] DEBUG org.asynchttpclient.netty.request.NettyRequestSender - Using open Channel [id: 0xb27c0939, L:/127.0.0.1:59000 - R:localhost/127.0.0.1:29031] for POST '/session/c3c2e1b978153a935c07e7aea55f9690/execute/sync'
14:25:57.858 [AsyncHttpClient-1-9] DEBUG org.asynchttpclient.netty.handler.HttpHandler - 

Request DefaultHttpRequest(decodeResult: success, version: HTTP/1.1)
POST /session/c3c2e1b978153a935c07e7aea55f9690/execute/sync HTTP/1.1
User-Agent: selenium/4.8.1 (java windows)
Content-Length: 47375
Content-Type: application/json; charset=utf-8
host: localhost:29031
accept: */*

Response DefaultHttpResponse(decodeResult: success, version: HTTP/1.1)
HTTP/1.1 200 OK
Content-Length: 13
Content-Type: application/json; charset=utf-8
cache-control: no-cache

14:25:57.858 [AsyncHttpClient-1-9] DEBUG org.asynchttpclient.netty.channel.ChannelManager - Adding key: http://localhost:29031 for channel [id: 0xb27c0939, L:/127.0.0.1:59000 - R:localhost/127.0.0.1:29031]
14:25:57.858 [Forwarding isElementEnabled on session c3c2e1b978153a935c07e7aea55f9690 to remote] DEBUG org.asynchttpclient.netty.request.NettyRequestSender - Using pooled Channel '[id: 0xb27c0939, L:/127.0.0.1:59000 - R:localhost/127.0.0.1:29031]' for 'GET' to 'http://localhost:29031/session/c3c2e1b978153a935c07e7aea55f9690/element/DA1EB85470724B0B8F52303378DBB781_element_69/enabled'
14:25:57.858 [Forwarding isElementEnabled on session c3c2e1b978153a935c07e7aea55f9690 to remote] DEBUG org.asynchttpclient.netty.request.NettyRequestSender - Using open Channel [id: 0xb27c0939, L:/127.0.0.1:59000 - R:localhost/127.0.0.1:29031] for GET '/session/c3c2e1b978153a935c07e7aea55f9690/element/DA1EB85470724B0B8F52303378DBB781_element_69/enabled'
14:25:57.888 [AsyncHttpClient-1-9] DEBUG org.asynchttpclient.netty.handler.HttpHandler - 

Request DefaultFullHttpRequest(decodeResult: success, version: HTTP/1.1, content: EmptyByteBufBE)
GET /session/c3c2e1b978153a935c07e7aea55f9690/element/DA1EB85470724B0B8F52303378DBB781_element_69/enabled HTTP/1.1
User-Agent: selenium/4.8.1 (java windows)
Cache-Control: no-cache
Content-Type: application/json; charset=utf-8
host: localhost:29031
accept: */*

Response DefaultHttpResponse(decodeResult: success, version: HTTP/1.1)
HTTP/1.1 200 OK
Content-Length: 14
Content-Type: application/json; charset=utf-8
cache-control: no-cache

14:25:57.888 [AsyncHttpClient-1-9] DEBUG org.asynchttpclient.netty.channel.ChannelManager - Adding key: http://localhost:29031 for channel [id: 0xb27c0939, L:/127.0.0.1:59000 - R:localhost/127.0.0.1:29031]
14:25:57.896 [Forwarding isElementSelected on session c3c2e1b978153a935c07e7aea55f9690 to remote] DEBUG org.asynchttpclient.netty.request.NettyRequestSender - Using pooled Channel '[id: 0xb27c0939, L:/127.0.0.1:59000 - R:localhost/127.0.0.1:29031]' for 'GET' to 'http://localhost:29031/session/c3c2e1b978153a935c07e7aea55f9690/element/DA1EB85470724B0B8F52303378DBB781_element_69/selected'
14:25:57.896 [Forwarding isElementSelected on session c3c2e1b978153a935c07e7aea55f9690 to remote] DEBUG org.asynchttpclient.netty.request.NettyRequestSender - Using open Channel [id: 0xb27c0939, L:/127.0.0.1:59000 - R:localhost/127.0.0.1:29031] for GET '/session/c3c2e1b978153a935c07e7aea55f9690/element/DA1EB85470724B0B8F52303378DBB781_element_69/selected'
14:25:57.931 [AsyncHttpClient-1-9] DEBUG org.asynchttpclient.netty.handler.HttpHandler - 

Request DefaultFullHttpRequest(decodeResult: success, version: HTTP/1.1, content: EmptyByteBufBE)
GET /session/c3c2e1b978153a935c07e7aea55f9690/element/DA1EB85470724B0B8F52303378DBB781_element_69/selected HTTP/1.1
User-Agent: selenium/4.8.1 (java windows)
Cache-Control: no-cache
Content-Type: application/json; charset=utf-8
host: localhost:29031
accept: */*

Response DefaultHttpResponse(decodeResult: success, version: HTTP/1.1)
HTTP/1.1 200 OK
Content-Length: 14
Content-Type: application/json; charset=utf-8
cache-control: no-cache

14:25:57.931 [AsyncHttpClient-1-9] DEBUG org.asynchttpclient.netty.channel.ChannelManager - Adding key: http://localhost:29031 for channel [id: 0xb27c0939, L:/127.0.0.1:59000 - R:localhost/127.0.0.1:29031]
14:25:57.953 [Forwarding getAlertText on session c3c2e1b978153a935c07e7aea55f9690 to remote] DEBUG org.asynchttpclient.netty.request.NettyRequestSender - Using pooled Channel '[id: 0xb27c0939, L:/127.0.0.1:59000 - R:localhost/127.0.0.1:29031]' for 'GET' to 'http://localhost:29031/session/c3c2e1b978153a935c07e7aea55f9690/alert/text'
14:25:57.953 [Forwarding getAlertText on session c3c2e1b978153a935c07e7aea55f9690 to remote] DEBUG org.asynchttpclient.netty.request.NettyRequestSender - Using open Channel [id: 0xb27c0939, L:/127.0.0.1:59000 - R:localhost/127.0.0.1:29031] for GET '/session/c3c2e1b978153a935c07e7aea55f9690/alert/text'
14:25:57.959 [AsyncHttpClient-1-9] DEBUG org.asynchttpclient.netty.handler.HttpHandler - 

Request DefaultFullHttpRequest(decodeResult: success, version: HTTP/1.1, content: EmptyByteBufBE)
GET /session/c3c2e1b978153a935c07e7aea55f9690/alert/text HTTP/1.1
User-Agent: selenium/4.8.1 (java windows)
Cache-Control: no-cache
Content-Type: application/json; charset=utf-8
host: localhost:29031
accept: */*

Response DefaultHttpResponse(decodeResult: success, version: HTTP/1.1)
HTTP/1.1 404 Not Found
Content-Length: 821
Content-Type: application/json; charset=utf-8
cache-control: no-cache

14:25:57.959 [AsyncHttpClient-1-9] DEBUG org.asynchttpclient.netty.channel.ChannelManager - Adding key: http://localhost:29031 for channel [id: 0xb27c0939, L:/127.0.0.1:59000 - R:localhost/127.0.0.1:29031]
14:25:57.961 [Forwarding getCurrentUrl on session c3c2e1b978153a935c07e7aea55f9690 to remote] DEBUG org.asynchttpclient.netty.request.NettyRequestSender - Using pooled Channel '[id: 0xb27c0939, L:/127.0.0.1:59000 - R:localhost/127.0.0.1:29031]' for 'GET' to 'http://localhost:29031/session/c3c2e1b978153a935c07e7aea55f9690/url'
14:25:57.961 [Forwarding getCurrentUrl on session c3c2e1b978153a935c07e7aea55f9690 to remote] DEBUG org.asynchttpclient.netty.request.NettyRequestSender - Using open Channel [id: 0xb27c0939, L:/127.0.0.1:59000 - R:localhost/127.0.0.1:29031] for GET '/session/c3c2e1b978153a935c07e7aea55f9690/url'
14:25:57.979 [AsyncHttpClient-1-9] DEBUG org.asynchttpclient.netty.handler.HttpHandler - 

Request DefaultFullHttpRequest(decodeResult: success, version: HTTP/1.1, content: EmptyByteBufBE)
GET /session/c3c2e1b978153a935c07e7aea55f9690/url HTTP/1.1
User-Agent: selenium/4.8.1 (java windows)
Cache-Control: no-cache
Content-Type: application/json; charset=utf-8
host: localhost:29031
accept: */*

Response DefaultHttpResponse(decodeResult: success, version: HTTP/1.1)
HTTP/1.1 200 OK
Content-Length: 58
Content-Type: application/json; charset=utf-8
cache-control: no-cache

14:25:57.979 [AsyncHttpClient-1-9] DEBUG org.asynchttpclient.netty.channel.ChannelManager - Adding key: http://localhost:29031 for channel [id: 0xb27c0939, L:/127.0.0.1:59000 - R:localhost/127.0.0.1:29031]
14:25:57.979 [Forwarding screenshot on session c3c2e1b978153a935c07e7aea55f9690 to remote] DEBUG org.asynchttpclient.netty.request.NettyRequestSender - Using pooled Channel '[id: 0xb27c0939, L:/127.0.0.1:59000 - R:localhost/127.0.0.1:29031]' for 'GET' to 'http://localhost:29031/session/c3c2e1b978153a935c07e7aea55f9690/screenshot'
14:25:57.979 [Forwarding screenshot on session c3c2e1b978153a935c07e7aea55f9690 to remote] DEBUG org.asynchttpclient.netty.request.NettyRequestSender - Using open Channel [id: 0xb27c0939, L:/127.0.0.1:59000 - R:localhost/127.0.0.1:29031] for GET '/session/c3c2e1b978153a935c07e7aea55f9690/screenshot'
14:25:58.308 [AsyncHttpClient-1-9] DEBUG org.asynchttpclient.netty.handler.HttpHandler - 

Request DefaultFullHttpRequest(decodeResult: success, version: HTTP/1.1, content: EmptyByteBufBE)
GET /session/c3c2e1b978153a935c07e7aea55f9690/screenshot HTTP/1.1
User-Agent: selenium/4.8.1 (java windows)
Cache-Control: no-cache
Content-Type: application/json; charset=utf-8
host: localhost:29031
accept: */*

Response DefaultHttpResponse(decodeResult: success, version: HTTP/1.1)
HTTP/1.1 200 OK
Content-Length: 313260
Content-Type: application/json; charset=utf-8
cache-control: no-cache

14:25:58.311 [AsyncHttpClient-1-9] DEBUG org.asynchttpclient.netty.channel.ChannelManager - Adding key: http://localhost:29031 for channel [id: 0xb27c0939, L:/127.0.0.1:59000 - R:localhost/127.0.0.1:29031]
14:25:58.332 [main] DEBUG net.serenitybdd.core.photography.Darkroom - Send negative for processing for target\site\serenity\0b0317377fa9aa8c2785da855f6687abf8991cd175774b972a82f3e160b6ff26.png
14:25:58.335 [main] DEBUG net.thucydides.core.steps.StepInterceptor - STEP DONE: Select_typeofjob
14:25:58.359 [Forwarding getPageSource on session c3c2e1b978153a935c07e7aea55f9690 to remote] DEBUG org.asynchttpclient.netty.request.NettyRequestSender - Using pooled Channel '[id: 0xb27c0939, L:/127.0.0.1:59000 - R:localhost/127.0.0.1:29031]' for 'POST' to 'http://localhost:29031/session/c3c2e1b978153a935c07e7aea55f9690/execute/sync'
14:25:58.359 [Forwarding getPageSource on session c3c2e1b978153a935c07e7aea55f9690 to remote] DEBUG org.asynchttpclient.netty.request.NettyRequestSender - Using open Channel [id: 0xb27c0939, L:/127.0.0.1:59000 - R:localhost/127.0.0.1:29031] for POST '/session/c3c2e1b978153a935c07e7aea55f9690/execute/sync'
14:25:58.398 [AsyncHttpClient-1-9] DEBUG org.asynchttpclient.netty.handler.HttpHandler - 

Request DefaultHttpRequest(decodeResult: success, version: HTTP/1.1)
POST /session/c3c2e1b978153a935c07e7aea55f9690/execute/sync HTTP/1.1
User-Agent: selenium/4.8.1 (java windows)
Content-Length: 176
Content-Type: application/json; charset=utf-8
host: localhost:29031
accept: */*

Response DefaultHttpResponse(decodeResult: success, version: HTTP/1.1)
HTTP/1.1 200 OK
Content-Length: 77450
Content-Type: application/json; charset=utf-8
cache-control: no-cache

14:25:58.398 [AsyncHttpClient-1-9] DEBUG org.asynchttpclient.netty.channel.ChannelManager - Adding key: http://localhost:29031 for channel [id: 0xb27c0939, L:/127.0.0.1:59000 - R:localhost/127.0.0.1:29031]
14:25:58.420 [Forwarding getCurrentUrl on session c3c2e1b978153a935c07e7aea55f9690 to remote] DEBUG org.asynchttpclient.netty.request.NettyRequestSender - Using pooled Channel '[id: 0xb27c0939, L:/127.0.0.1:59000 - R:localhost/127.0.0.1:29031]' for 'GET' to 'http://localhost:29031/session/c3c2e1b978153a935c07e7aea55f9690/url'
14:25:58.420 [Forwarding getCurrentUrl on session c3c2e1b978153a935c07e7aea55f9690 to remote] DEBUG org.asynchttpclient.netty.request.NettyRequestSender - Using open Channel [id: 0xb27c0939, L:/127.0.0.1:59000 - R:localhost/127.0.0.1:29031] for GET '/session/c3c2e1b978153a935c07e7aea55f9690/url'
14:25:58.446 [AsyncHttpClient-1-9] DEBUG org.asynchttpclient.netty.handler.HttpHandler - 

Request DefaultFullHttpRequest(decodeResult: success, version: HTTP/1.1, content: EmptyByteBufBE)
GET /session/c3c2e1b978153a935c07e7aea55f9690/url HTTP/1.1
User-Agent: selenium/4.8.1 (java windows)
Cache-Control: no-cache
Content-Type: application/json; charset=utf-8
host: localhost:29031
accept: */*

Response DefaultHttpResponse(decodeResult: success, version: HTTP/1.1)
HTTP/1.1 200 OK
Content-Length: 58
Content-Type: application/json; charset=utf-8
cache-control: no-cache

14:25:58.449 [AsyncHttpClient-1-9] DEBUG org.asynchttpclient.netty.channel.ChannelManager - Adding key: http://localhost:29031 for channel [id: 0xb27c0939, L:/127.0.0.1:59000 - R:localhost/127.0.0.1:29031]
14:25:58.473 [Forwarding getAlertText on session c3c2e1b978153a935c07e7aea55f9690 to remote] DEBUG org.asynchttpclient.netty.request.NettyRequestSender - Using pooled Channel '[id: 0xb27c0939, L:/127.0.0.1:59000 - R:localhost/127.0.0.1:29031]' for 'GET' to 'http://localhost:29031/session/c3c2e1b978153a935c07e7aea55f9690/alert/text'
14:25:58.473 [Forwarding getAlertText on session c3c2e1b978153a935c07e7aea55f9690 to remote] DEBUG org.asynchttpclient.netty.request.NettyRequestSender - Using open Channel [id: 0xb27c0939, L:/127.0.0.1:59000 - R:localhost/127.0.0.1:29031] for GET '/session/c3c2e1b978153a935c07e7aea55f9690/alert/text'
14:25:58.481 [AsyncHttpClient-1-9] DEBUG org.asynchttpclient.netty.handler.HttpHandler - 

Request DefaultFullHttpRequest(decodeResult: success, version: HTTP/1.1, content: EmptyByteBufBE)
GET /session/c3c2e1b978153a935c07e7aea55f9690/alert/text HTTP/1.1
User-Agent: selenium/4.8.1 (java windows)
Cache-Control: no-cache
Content-Type: application/json; charset=utf-8
host: localhost:29031
accept: */*

Response DefaultHttpResponse(decodeResult: success, version: HTTP/1.1)
HTTP/1.1 404 Not Found
Content-Length: 821
Content-Type: application/json; charset=utf-8
cache-control: no-cache

14:25:58.483 [AsyncHttpClient-1-9] DEBUG org.asynchttpclient.netty.channel.ChannelManager - Adding key: http://localhost:29031 for channel [id: 0xb27c0939, L:/127.0.0.1:59000 - R:localhost/127.0.0.1:29031]
14:25:58.486 [Forwarding getCurrentUrl on session c3c2e1b978153a935c07e7aea55f9690 to remote] DEBUG org.asynchttpclient.netty.request.NettyRequestSender - Using pooled Channel '[id: 0xb27c0939, L:/127.0.0.1:59000 - R:localhost/127.0.0.1:29031]' for 'GET' to 'http://localhost:29031/session/c3c2e1b978153a935c07e7aea55f9690/url'
14:25:58.486 [Forwarding getCurrentUrl on session c3c2e1b978153a935c07e7aea55f9690 to remote] DEBUG org.asynchttpclient.netty.request.NettyRequestSender - Using open Channel [id: 0xb27c0939, L:/127.0.0.1:59000 - R:localhost/127.0.0.1:29031] for GET '/session/c3c2e1b978153a935c07e7aea55f9690/url'
14:25:58.489 [AsyncHttpClient-1-1] DEBUG org.asynchttpclient.netty.channel.DefaultChannelPool - Entry count for : http://localhost:59001 : 1
14:25:58.505 [AsyncHttpClient-1-9] DEBUG org.asynchttpclient.netty.handler.HttpHandler - 

Request DefaultFullHttpRequest(decodeResult: success, version: HTTP/1.1, content: EmptyByteBufBE)
GET /session/c3c2e1b978153a935c07e7aea55f9690/url HTTP/1.1
User-Agent: selenium/4.8.1 (java windows)
Cache-Control: no-cache
Content-Type: application/json; charset=utf-8
host: localhost:29031
accept: */*

Response DefaultHttpResponse(decodeResult: success, version: HTTP/1.1)
HTTP/1.1 200 OK
Content-Length: 58
Content-Type: application/json; charset=utf-8
cache-control: no-cache

14:25:58.505 [AsyncHttpClient-1-9] DEBUG org.asynchttpclient.netty.channel.ChannelManager - Adding key: http://localhost:29031 for channel [id: 0xb27c0939, L:/127.0.0.1:59000 - R:localhost/127.0.0.1:29031]
14:25:58.510 [Forwarding screenshot on session c3c2e1b978153a935c07e7aea55f9690 to remote] DEBUG org.asynchttpclient.netty.request.NettyRequestSender - Using pooled Channel '[id: 0xb27c0939, L:/127.0.0.1:59000 - R:localhost/127.0.0.1:29031]' for 'GET' to 'http://localhost:29031/session/c3c2e1b978153a935c07e7aea55f9690/screenshot'
14:25:58.510 [Forwarding screenshot on session c3c2e1b978153a935c07e7aea55f9690 to remote] DEBUG org.asynchttpclient.netty.request.NettyRequestSender - Using open Channel [id: 0xb27c0939, L:/127.0.0.1:59000 - R:localhost/127.0.0.1:29031] for GET '/session/c3c2e1b978153a935c07e7aea55f9690/screenshot'
14:25:58.851 [AsyncHttpClient-1-9] DEBUG org.asynchttpclient.netty.handler.HttpHandler - 

Request DefaultFullHttpRequest(decodeResult: success, version: HTTP/1.1, content: EmptyByteBufBE)
GET /session/c3c2e1b978153a935c07e7aea55f9690/screenshot HTTP/1.1
User-Agent: selenium/4.8.1 (java windows)
Cache-Control: no-cache
Content-Type: application/json; charset=utf-8
host: localhost:29031
accept: */*

Response DefaultHttpResponse(decodeResult: success, version: HTTP/1.1)
HTTP/1.1 200 OK
Content-Length: 313260
Content-Type: application/json; charset=utf-8
cache-control: no-cache

14:25:58.851 [AsyncHttpClient-1-9] DEBUG org.asynchttpclient.netty.channel.ChannelManager - Adding key: http://localhost:29031 for channel [id: 0xb27c0939, L:/127.0.0.1:59000 - R:localhost/127.0.0.1:29031]
14:25:58.876 [main] DEBUG net.serenitybdd.core.photography.Darkroom - Send negative for processing for target\site\serenity\0b0317377fa9aa8c2785da855f6687abf8991cd175774b972a82f3e160b6ff26.png
14:25:58.878 [Forwarding getPageSource on session c3c2e1b978153a935c07e7aea55f9690 to remote] DEBUG org.asynchttpclient.netty.request.NettyRequestSender - Using pooled Channel '[id: 0xb27c0939, L:/127.0.0.1:59000 - R:localhost/127.0.0.1:29031]' for 'POST' to 'http://localhost:29031/session/c3c2e1b978153a935c07e7aea55f9690/execute/sync'
14:25:58.878 [Forwarding getPageSource on session c3c2e1b978153a935c07e7aea55f9690 to remote] DEBUG org.asynchttpclient.netty.request.NettyRequestSender - Using open Channel [id: 0xb27c0939, L:/127.0.0.1:59000 - R:localhost/127.0.0.1:29031] for POST '/session/c3c2e1b978153a935c07e7aea55f9690/execute/sync'
14:25:58.910 [AsyncHttpClient-1-9] DEBUG org.asynchttpclient.netty.handler.HttpHandler - 

Request DefaultHttpRequest(decodeResult: success, version: HTTP/1.1)
POST /session/c3c2e1b978153a935c07e7aea55f9690/execute/sync HTTP/1.1
User-Agent: selenium/4.8.1 (java windows)
Content-Length: 176
Content-Type: application/json; charset=utf-8
host: localhost:29031
accept: */*

Response DefaultHttpResponse(decodeResult: success, version: HTTP/1.1)
HTTP/1.1 200 OK
Content-Length: 77450
Content-Type: application/json; charset=utf-8
cache-control: no-cache

14:25:58.910 [AsyncHttpClient-1-9] DEBUG org.asynchttpclient.netty.channel.ChannelManager - Adding key: http://localhost:29031 for channel [id: 0xb27c0939, L:/127.0.0.1:59000 - R:localhost/127.0.0.1:29031]
14:25:58.947 [Forwarding getCurrentUrl on session c3c2e1b978153a935c07e7aea55f9690 to remote] DEBUG org.asynchttpclient.netty.request.NettyRequestSender - Using pooled Channel '[id: 0xb27c0939, L:/127.0.0.1:59000 - R:localhost/127.0.0.1:29031]' for 'GET' to 'http://localhost:29031/session/c3c2e1b978153a935c07e7aea55f9690/url'
14:25:58.947 [Forwarding getCurrentUrl on session c3c2e1b978153a935c07e7aea55f9690 to remote] DEBUG org.asynchttpclient.netty.request.NettyRequestSender - Using open Channel [id: 0xb27c0939, L:/127.0.0.1:59000 - R:localhost/127.0.0.1:29031] for GET '/session/c3c2e1b978153a935c07e7aea55f9690/url'
14:25:58.966 [AsyncHttpClient-1-9] DEBUG org.asynchttpclient.netty.handler.HttpHandler - 

Request DefaultFullHttpRequest(decodeResult: success, version: HTTP/1.1, content: EmptyByteBufBE)
GET /session/c3c2e1b978153a935c07e7aea55f9690/url HTTP/1.1
User-Agent: selenium/4.8.1 (java windows)
Cache-Control: no-cache
Content-Type: application/json; charset=utf-8
host: localhost:29031
accept: */*

Response DefaultHttpResponse(decodeResult: success, version: HTTP/1.1)
HTTP/1.1 200 OK
Content-Length: 58
Content-Type: application/json; charset=utf-8
cache-control: no-cache

14:25:58.966 [AsyncHttpClient-1-9] DEBUG org.asynchttpclient.netty.channel.ChannelManager - Adding key: http://localhost:29031 for channel [id: 0xb27c0939, L:/127.0.0.1:59000 - R:localhost/127.0.0.1:29031]
14:25:58.973 [main] DEBUG net.thucydides.core.steps.StepInterceptor - STARTING STEP: Afrexim_OurBank_Careers_Steps.select_the_job_location_in_the_location_dropdown - select_joblocation
14:25:58.979 [Forwarding findElement on session c3c2e1b978153a935c07e7aea55f9690 to remote] DEBUG org.asynchttpclient.netty.request.NettyRequestSender - Using pooled Channel '[id: 0xb27c0939, L:/127.0.0.1:59000 - R:localhost/127.0.0.1:29031]' for 'POST' to 'http://localhost:29031/session/c3c2e1b978153a935c07e7aea55f9690/element'
14:25:58.979 [Forwarding findElement on session c3c2e1b978153a935c07e7aea55f9690 to remote] DEBUG org.asynchttpclient.netty.request.NettyRequestSender - Using open Channel [id: 0xb27c0939, L:/127.0.0.1:59000 - R:localhost/127.0.0.1:29031] for POST '/session/c3c2e1b978153a935c07e7aea55f9690/element'
14:25:59.015 [AsyncHttpClient-1-9] DEBUG org.asynchttpclient.netty.handler.HttpHandler - 

Request DefaultHttpRequest(decodeResult: success, version: HTTP/1.1)
POST /session/c3c2e1b978153a935c07e7aea55f9690/element HTTP/1.1
User-Agent: selenium/4.8.1 (java windows)
Content-Length: 83
Content-Type: application/json; charset=utf-8
host: localhost:29031
accept: */*

Response DefaultHttpResponse(decodeResult: success, version: HTTP/1.1)
HTTP/1.1 200 OK
Content-Length: 95
Content-Type: application/json; charset=utf-8
cache-control: no-cache

14:25:59.015 [AsyncHttpClient-1-9] DEBUG org.asynchttpclient.netty.channel.ChannelManager - Adding key: http://localhost:29031 for channel [id: 0xb27c0939, L:/127.0.0.1:59000 - R:localhost/127.0.0.1:29031]
14:25:59.015 [Forwarding getElementTagName on session c3c2e1b978153a935c07e7aea55f9690 to remote] DEBUG org.asynchttpclient.netty.request.NettyRequestSender - Using pooled Channel '[id: 0xb27c0939, L:/127.0.0.1:59000 - R:localhost/127.0.0.1:29031]' for 'GET' to 'http://localhost:29031/session/c3c2e1b978153a935c07e7aea55f9690/element/DA1EB85470724B0B8F52303378DBB781_element_75/name'
14:25:59.015 [Forwarding getElementTagName on session c3c2e1b978153a935c07e7aea55f9690 to remote] DEBUG org.asynchttpclient.netty.request.NettyRequestSender - Using open Channel [id: 0xb27c0939, L:/127.0.0.1:59000 - R:localhost/127.0.0.1:29031] for GET '/session/c3c2e1b978153a935c07e7aea55f9690/element/DA1EB85470724B0B8F52303378DBB781_element_75/name'
14:25:59.033 [AsyncHttpClient-1-9] DEBUG org.asynchttpclient.netty.handler.HttpHandler - 

Request DefaultFullHttpRequest(decodeResult: success, version: HTTP/1.1, content: EmptyByteBufBE)
GET /session/c3c2e1b978153a935c07e7aea55f9690/element/DA1EB85470724B0B8F52303378DBB781_element_75/name HTTP/1.1
User-Agent: selenium/4.8.1 (java windows)
Cache-Control: no-cache
Content-Type: application/json; charset=utf-8
host: localhost:29031
accept: */*

Response DefaultHttpResponse(decodeResult: success, version: HTTP/1.1)
HTTP/1.1 200 OK
Content-Length: 18
Content-Type: application/json; charset=utf-8
cache-control: no-cache

14:25:59.033 [AsyncHttpClient-1-9] DEBUG org.asynchttpclient.netty.channel.ChannelManager - Adding key: http://localhost:29031 for channel [id: 0xb27c0939, L:/127.0.0.1:59000 - R:localhost/127.0.0.1:29031]
14:25:59.040 [Forwarding getElementDomAttribute on session c3c2e1b978153a935c07e7aea55f9690 to remote] DEBUG org.asynchttpclient.netty.request.NettyRequestSender - Using pooled Channel '[id: 0xb27c0939, L:/127.0.0.1:59000 - R:localhost/127.0.0.1:29031]' for 'GET' to 'http://localhost:29031/session/c3c2e1b978153a935c07e7aea55f9690/element/DA1EB85470724B0B8F52303378DBB781_element_75/attribute/multiple'
14:25:59.040 [Forwarding getElementDomAttribute on session c3c2e1b978153a935c07e7aea55f9690 to remote] DEBUG org.asynchttpclient.netty.request.NettyRequestSender - Using open Channel [id: 0xb27c0939, L:/127.0.0.1:59000 - R:localhost/127.0.0.1:29031] for GET '/session/c3c2e1b978153a935c07e7aea55f9690/element/DA1EB85470724B0B8F52303378DBB781_element_75/attribute/multiple'
14:25:59.060 [AsyncHttpClient-1-9] DEBUG org.asynchttpclient.netty.handler.HttpHandler - 

Request DefaultFullHttpRequest(decodeResult: success, version: HTTP/1.1, content: EmptyByteBufBE)
GET /session/c3c2e1b978153a935c07e7aea55f9690/element/DA1EB85470724B0B8F52303378DBB781_element_75/attribute/multiple HTTP/1.1
User-Agent: selenium/4.8.1 (java windows)
Cache-Control: no-cache
Content-Type: application/json; charset=utf-8
host: localhost:29031
accept: */*

Response DefaultHttpResponse(decodeResult: success, version: HTTP/1.1)
HTTP/1.1 200 OK
Content-Length: 14
Content-Type: application/json; charset=utf-8
cache-control: no-cache

14:25:59.060 [AsyncHttpClient-1-9] DEBUG org.asynchttpclient.netty.channel.ChannelManager - Adding key: http://localhost:29031 for channel [id: 0xb27c0939, L:/127.0.0.1:59000 - R:localhost/127.0.0.1:29031]
14:25:59.063 [Forwarding isElementEnabled on session c3c2e1b978153a935c07e7aea55f9690 to remote] DEBUG org.asynchttpclient.netty.request.NettyRequestSender - Using pooled Channel '[id: 0xb27c0939, L:/127.0.0.1:59000 - R:localhost/127.0.0.1:29031]' for 'GET' to 'http://localhost:29031/session/c3c2e1b978153a935c07e7aea55f9690/element/DA1EB85470724B0B8F52303378DBB781_element_75/enabled'
14:25:59.063 [Forwarding isElementEnabled on session c3c2e1b978153a935c07e7aea55f9690 to remote] DEBUG org.asynchttpclient.netty.request.NettyRequestSender - Using open Channel [id: 0xb27c0939, L:/127.0.0.1:59000 - R:localhost/127.0.0.1:29031] for GET '/session/c3c2e1b978153a935c07e7aea55f9690/element/DA1EB85470724B0B8F52303378DBB781_element_75/enabled'
14:25:59.081 [AsyncHttpClient-1-9] DEBUG org.asynchttpclient.netty.handler.HttpHandler - 

Request DefaultFullHttpRequest(decodeResult: success, version: HTTP/1.1, content: EmptyByteBufBE)
GET /session/c3c2e1b978153a935c07e7aea55f9690/element/DA1EB85470724B0B8F52303378DBB781_element_75/enabled HTTP/1.1
User-Agent: selenium/4.8.1 (java windows)
Cache-Control: no-cache
Content-Type: application/json; charset=utf-8
host: localhost:29031
accept: */*

Response DefaultHttpResponse(decodeResult: success, version: HTTP/1.1)
HTTP/1.1 200 OK
Content-Length: 14
Content-Type: application/json; charset=utf-8
cache-control: no-cache

14:25:59.081 [AsyncHttpClient-1-9] DEBUG org.asynchttpclient.netty.channel.ChannelManager - Adding key: http://localhost:29031 for channel [id: 0xb27c0939, L:/127.0.0.1:59000 - R:localhost/127.0.0.1:29031]
14:25:59.086 [Forwarding findChildElements on session c3c2e1b978153a935c07e7aea55f9690 to remote] DEBUG org.asynchttpclient.netty.request.NettyRequestSender - Using pooled Channel '[id: 0xb27c0939, L:/127.0.0.1:59000 - R:localhost/127.0.0.1:29031]' for 'POST' to 'http://localhost:29031/session/c3c2e1b978153a935c07e7aea55f9690/element/DA1EB85470724B0B8F52303378DBB781_element_75/elements'
14:25:59.086 [Forwarding findChildElements on session c3c2e1b978153a935c07e7aea55f9690 to remote] DEBUG org.asynchttpclient.netty.request.NettyRequestSender - Using open Channel [id: 0xb27c0939, L:/127.0.0.1:59000 - R:localhost/127.0.0.1:29031] for POST '/session/c3c2e1b978153a935c07e7aea55f9690/element/DA1EB85470724B0B8F52303378DBB781_element_75/elements'
14:25:59.111 [AsyncHttpClient-1-9] DEBUG org.asynchttpclient.netty.handler.HttpHandler - 

Request DefaultHttpRequest(decodeResult: success, version: HTTP/1.1)
POST /session/c3c2e1b978153a935c07e7aea55f9690/element/DA1EB85470724B0B8F52303378DBB781_element_75/elements HTTP/1.1
User-Agent: selenium/4.8.1 (java windows)
Content-Length: 101
Content-Type: application/json; charset=utf-8
host: localhost:29031
accept: */*

Response DefaultHttpResponse(decodeResult: success, version: HTTP/1.1)
HTTP/1.1 200 OK
Content-Length: 785
Content-Type: application/json; charset=utf-8
cache-control: no-cache

14:25:59.111 [AsyncHttpClient-1-9] DEBUG org.asynchttpclient.netty.channel.ChannelManager - Adding key: http://localhost:29031 for channel [id: 0xb27c0939, L:/127.0.0.1:59000 - R:localhost/127.0.0.1:29031]
14:25:59.119 [Forwarding getElementAttribute on session c3c2e1b978153a935c07e7aea55f9690 to remote] DEBUG org.asynchttpclient.netty.request.NettyRequestSender - Using pooled Channel '[id: 0xb27c0939, L:/127.0.0.1:59000 - R:localhost/127.0.0.1:29031]' for 'POST' to 'http://localhost:29031/session/c3c2e1b978153a935c07e7aea55f9690/execute/sync'
14:25:59.119 [Forwarding getElementAttribute on session c3c2e1b978153a935c07e7aea55f9690 to remote] DEBUG org.asynchttpclient.netty.request.NettyRequestSender - Using open Channel [id: 0xb27c0939, L:/127.0.0.1:59000 - R:localhost/127.0.0.1:29031] for POST '/session/c3c2e1b978153a935c07e7aea55f9690/execute/sync'
14:25:59.160 [AsyncHttpClient-1-9] DEBUG org.asynchttpclient.netty.handler.HttpHandler - 

Request DefaultHttpRequest(decodeResult: success, version: HTTP/1.1)
POST /session/c3c2e1b978153a935c07e7aea55f9690/execute/sync HTTP/1.1
User-Agent: selenium/4.8.1 (java windows)
Content-Length: 47375
Content-Type: application/json; charset=utf-8
host: localhost:29031
accept: */*

Response DefaultHttpResponse(decodeResult: success, version: HTTP/1.1)
HTTP/1.1 200 OK
Content-Length: 13
Content-Type: application/json; charset=utf-8
cache-control: no-cache

14:25:59.160 [AsyncHttpClient-1-9] DEBUG org.asynchttpclient.netty.channel.ChannelManager - Adding key: http://localhost:29031 for channel [id: 0xb27c0939, L:/127.0.0.1:59000 - R:localhost/127.0.0.1:29031]
14:25:59.160 [Forwarding isElementEnabled on session c3c2e1b978153a935c07e7aea55f9690 to remote] DEBUG org.asynchttpclient.netty.request.NettyRequestSender - Using pooled Channel '[id: 0xb27c0939, L:/127.0.0.1:59000 - R:localhost/127.0.0.1:29031]' for 'GET' to 'http://localhost:29031/session/c3c2e1b978153a935c07e7aea55f9690/element/DA1EB85470724B0B8F52303378DBB781_element_76/enabled'
14:25:59.160 [Forwarding isElementEnabled on session c3c2e1b978153a935c07e7aea55f9690 to remote] DEBUG org.asynchttpclient.netty.request.NettyRequestSender - Using open Channel [id: 0xb27c0939, L:/127.0.0.1:59000 - R:localhost/127.0.0.1:29031] for GET '/session/c3c2e1b978153a935c07e7aea55f9690/element/DA1EB85470724B0B8F52303378DBB781_element_76/enabled'
14:25:59.182 [AsyncHttpClient-1-9] DEBUG org.asynchttpclient.netty.handler.HttpHandler - 

Request DefaultFullHttpRequest(decodeResult: success, version: HTTP/1.1, content: EmptyByteBufBE)
GET /session/c3c2e1b978153a935c07e7aea55f9690/element/DA1EB85470724B0B8F52303378DBB781_element_76/enabled HTTP/1.1
User-Agent: selenium/4.8.1 (java windows)
Cache-Control: no-cache
Content-Type: application/json; charset=utf-8
host: localhost:29031
accept: */*

Response DefaultHttpResponse(decodeResult: success, version: HTTP/1.1)
HTTP/1.1 200 OK
Content-Length: 14
Content-Type: application/json; charset=utf-8
cache-control: no-cache

14:25:59.182 [AsyncHttpClient-1-9] DEBUG org.asynchttpclient.netty.channel.ChannelManager - Adding key: http://localhost:29031 for channel [id: 0xb27c0939, L:/127.0.0.1:59000 - R:localhost/127.0.0.1:29031]
14:25:59.186 [Forwarding isElementSelected on session c3c2e1b978153a935c07e7aea55f9690 to remote] DEBUG org.asynchttpclient.netty.request.NettyRequestSender - Using pooled Channel '[id: 0xb27c0939, L:/127.0.0.1:59000 - R:localhost/127.0.0.1:29031]' for 'GET' to 'http://localhost:29031/session/c3c2e1b978153a935c07e7aea55f9690/element/DA1EB85470724B0B8F52303378DBB781_element_76/selected'
14:25:59.186 [Forwarding isElementSelected on session c3c2e1b978153a935c07e7aea55f9690 to remote] DEBUG org.asynchttpclient.netty.request.NettyRequestSender - Using open Channel [id: 0xb27c0939, L:/127.0.0.1:59000 - R:localhost/127.0.0.1:29031] for GET '/session/c3c2e1b978153a935c07e7aea55f9690/element/DA1EB85470724B0B8F52303378DBB781_element_76/selected'
14:25:59.209 [AsyncHttpClient-1-9] DEBUG org.asynchttpclient.netty.handler.HttpHandler - 

Request DefaultFullHttpRequest(decodeResult: success, version: HTTP/1.1, content: EmptyByteBufBE)
GET /session/c3c2e1b978153a935c07e7aea55f9690/element/DA1EB85470724B0B8F52303378DBB781_element_76/selected HTTP/1.1
User-Agent: selenium/4.8.1 (java windows)
Cache-Control: no-cache
Content-Type: application/json; charset=utf-8
host: localhost:29031
accept: */*

Response DefaultHttpResponse(decodeResult: success, version: HTTP/1.1)
HTTP/1.1 200 OK
Content-Length: 14
Content-Type: application/json; charset=utf-8
cache-control: no-cache

14:25:59.209 [AsyncHttpClient-1-9] DEBUG org.asynchttpclient.netty.channel.ChannelManager - Adding key: http://localhost:29031 for channel [id: 0xb27c0939, L:/127.0.0.1:59000 - R:localhost/127.0.0.1:29031]
14:25:59.214 [Forwarding getAlertText on session c3c2e1b978153a935c07e7aea55f9690 to remote] DEBUG org.asynchttpclient.netty.request.NettyRequestSender - Using pooled Channel '[id: 0xb27c0939, L:/127.0.0.1:59000 - R:localhost/127.0.0.1:29031]' for 'GET' to 'http://localhost:29031/session/c3c2e1b978153a935c07e7aea55f9690/alert/text'
14:25:59.218 [Forwarding getAlertText on session c3c2e1b978153a935c07e7aea55f9690 to remote] DEBUG org.asynchttpclient.netty.request.NettyRequestSender - Using open Channel [id: 0xb27c0939, L:/127.0.0.1:59000 - R:localhost/127.0.0.1:29031] for GET '/session/c3c2e1b978153a935c07e7aea55f9690/alert/text'
14:25:59.224 [AsyncHttpClient-1-9] DEBUG org.asynchttpclient.netty.handler.HttpHandler - 

Request DefaultFullHttpRequest(decodeResult: success, version: HTTP/1.1, content: EmptyByteBufBE)
GET /session/c3c2e1b978153a935c07e7aea55f9690/alert/text HTTP/1.1
User-Agent: selenium/4.8.1 (java windows)
Cache-Control: no-cache
Content-Type: application/json; charset=utf-8
host: localhost:29031
accept: */*

Response DefaultHttpResponse(decodeResult: success, version: HTTP/1.1)
HTTP/1.1 404 Not Found
Content-Length: 821
Content-Type: application/json; charset=utf-8
cache-control: no-cache

14:25:59.224 [AsyncHttpClient-1-9] DEBUG org.asynchttpclient.netty.channel.ChannelManager - Adding key: http://localhost:29031 for channel [id: 0xb27c0939, L:/127.0.0.1:59000 - R:localhost/127.0.0.1:29031]
14:25:59.227 [Forwarding getCurrentUrl on session c3c2e1b978153a935c07e7aea55f9690 to remote] DEBUG org.asynchttpclient.netty.request.NettyRequestSender - Using pooled Channel '[id: 0xb27c0939, L:/127.0.0.1:59000 - R:localhost/127.0.0.1:29031]' for 'GET' to 'http://localhost:29031/session/c3c2e1b978153a935c07e7aea55f9690/url'
14:25:59.227 [Forwarding getCurrentUrl on session c3c2e1b978153a935c07e7aea55f9690 to remote] DEBUG org.asynchttpclient.netty.request.NettyRequestSender - Using open Channel [id: 0xb27c0939, L:/127.0.0.1:59000 - R:localhost/127.0.0.1:29031] for GET '/session/c3c2e1b978153a935c07e7aea55f9690/url'
14:25:59.246 [AsyncHttpClient-1-9] DEBUG org.asynchttpclient.netty.handler.HttpHandler - 

Request DefaultFullHttpRequest(decodeResult: success, version: HTTP/1.1, content: EmptyByteBufBE)
GET /session/c3c2e1b978153a935c07e7aea55f9690/url HTTP/1.1
User-Agent: selenium/4.8.1 (java windows)
Cache-Control: no-cache
Content-Type: application/json; charset=utf-8
host: localhost:29031
accept: */*

Response DefaultHttpResponse(decodeResult: success, version: HTTP/1.1)
HTTP/1.1 200 OK
Content-Length: 58
Content-Type: application/json; charset=utf-8
cache-control: no-cache

14:25:59.246 [AsyncHttpClient-1-9] DEBUG org.asynchttpclient.netty.channel.ChannelManager - Adding key: http://localhost:29031 for channel [id: 0xb27c0939, L:/127.0.0.1:59000 - R:localhost/127.0.0.1:29031]
14:25:59.246 [Forwarding screenshot on session c3c2e1b978153a935c07e7aea55f9690 to remote] DEBUG org.asynchttpclient.netty.request.NettyRequestSender - Using pooled Channel '[id: 0xb27c0939, L:/127.0.0.1:59000 - R:localhost/127.0.0.1:29031]' for 'GET' to 'http://localhost:29031/session/c3c2e1b978153a935c07e7aea55f9690/screenshot'
14:25:59.246 [Forwarding screenshot on session c3c2e1b978153a935c07e7aea55f9690 to remote] DEBUG org.asynchttpclient.netty.request.NettyRequestSender - Using open Channel [id: 0xb27c0939, L:/127.0.0.1:59000 - R:localhost/127.0.0.1:29031] for GET '/session/c3c2e1b978153a935c07e7aea55f9690/screenshot'
14:25:59.537 [AsyncHttpClient-1-9] DEBUG org.asynchttpclient.netty.handler.HttpHandler - 

Request DefaultFullHttpRequest(decodeResult: success, version: HTTP/1.1, content: EmptyByteBufBE)
GET /session/c3c2e1b978153a935c07e7aea55f9690/screenshot HTTP/1.1
User-Agent: selenium/4.8.1 (java windows)
Cache-Control: no-cache
Content-Type: application/json; charset=utf-8
host: localhost:29031
accept: */*

Response DefaultHttpResponse(decodeResult: success, version: HTTP/1.1)
HTTP/1.1 200 OK
Content-Length: 313260
Content-Type: application/json; charset=utf-8
cache-control: no-cache

14:25:59.537 [AsyncHttpClient-1-9] DEBUG org.asynchttpclient.netty.channel.ChannelManager - Adding key: http://localhost:29031 for channel [id: 0xb27c0939, L:/127.0.0.1:59000 - R:localhost/127.0.0.1:29031]
14:25:59.554 [main] DEBUG net.serenitybdd.core.photography.Darkroom - Send negative for processing for target\site\serenity\0b0317377fa9aa8c2785da855f6687abf8991cd175774b972a82f3e160b6ff26.png
14:25:59.554 [main] DEBUG net.thucydides.core.steps.StepInterceptor - STEP DONE: select_joblocation
14:25:59.578 [Forwarding getPageSource on session c3c2e1b978153a935c07e7aea55f9690 to remote] DEBUG org.asynchttpclient.netty.request.NettyRequestSender - Using pooled Channel '[id: 0xb27c0939, L:/127.0.0.1:59000 - R:localhost/127.0.0.1:29031]' for 'POST' to 'http://localhost:29031/session/c3c2e1b978153a935c07e7aea55f9690/execute/sync'
14:25:59.578 [Forwarding getPageSource on session c3c2e1b978153a935c07e7aea55f9690 to remote] DEBUG org.asynchttpclient.netty.request.NettyRequestSender - Using open Channel [id: 0xb27c0939, L:/127.0.0.1:59000 - R:localhost/127.0.0.1:29031] for POST '/session/c3c2e1b978153a935c07e7aea55f9690/execute/sync'
14:25:59.595 [AsyncHttpClient-1-1] DEBUG org.asynchttpclient.netty.channel.DefaultChannelPool - Entry count for : http://localhost:59001 : 1
14:25:59.603 [AsyncHttpClient-1-9] DEBUG org.asynchttpclient.netty.handler.HttpHandler - 

Request DefaultHttpRequest(decodeResult: success, version: HTTP/1.1)
POST /session/c3c2e1b978153a935c07e7aea55f9690/execute/sync HTTP/1.1
User-Agent: selenium/4.8.1 (java windows)
Content-Length: 176
Content-Type: application/json; charset=utf-8
host: localhost:29031
accept: */*

Response DefaultHttpResponse(decodeResult: success, version: HTTP/1.1)
HTTP/1.1 200 OK
Content-Length: 77450
Content-Type: application/json; charset=utf-8
cache-control: no-cache

14:25:59.603 [AsyncHttpClient-1-9] DEBUG org.asynchttpclient.netty.channel.ChannelManager - Adding key: http://localhost:29031 for channel [id: 0xb27c0939, L:/127.0.0.1:59000 - R:localhost/127.0.0.1:29031]
14:25:59.614 [Forwarding getCurrentUrl on session c3c2e1b978153a935c07e7aea55f9690 to remote] DEBUG org.asynchttpclient.netty.request.NettyRequestSender - Using pooled Channel '[id: 0xb27c0939, L:/127.0.0.1:59000 - R:localhost/127.0.0.1:29031]' for 'GET' to 'http://localhost:29031/session/c3c2e1b978153a935c07e7aea55f9690/url'
14:25:59.614 [Forwarding getCurrentUrl on session c3c2e1b978153a935c07e7aea55f9690 to remote] DEBUG org.asynchttpclient.netty.request.NettyRequestSender - Using open Channel [id: 0xb27c0939, L:/127.0.0.1:59000 - R:localhost/127.0.0.1:29031] for GET '/session/c3c2e1b978153a935c07e7aea55f9690/url'
14:25:59.635 [AsyncHttpClient-1-9] DEBUG org.asynchttpclient.netty.handler.HttpHandler - 

Request DefaultFullHttpRequest(decodeResult: success, version: HTTP/1.1, content: EmptyByteBufBE)
GET /session/c3c2e1b978153a935c07e7aea55f9690/url HTTP/1.1
User-Agent: selenium/4.8.1 (java windows)
Cache-Control: no-cache
Content-Type: application/json; charset=utf-8
host: localhost:29031
accept: */*

Response DefaultHttpResponse(decodeResult: success, version: HTTP/1.1)
HTTP/1.1 200 OK
Content-Length: 58
Content-Type: application/json; charset=utf-8
cache-control: no-cache

14:25:59.635 [AsyncHttpClient-1-9] DEBUG org.asynchttpclient.netty.channel.ChannelManager - Adding key: http://localhost:29031 for channel [id: 0xb27c0939, L:/127.0.0.1:59000 - R:localhost/127.0.0.1:29031]
14:25:59.662 [Forwarding getAlertText on session c3c2e1b978153a935c07e7aea55f9690 to remote] DEBUG org.asynchttpclient.netty.request.NettyRequestSender - Using pooled Channel '[id: 0xb27c0939, L:/127.0.0.1:59000 - R:localhost/127.0.0.1:29031]' for 'GET' to 'http://localhost:29031/session/c3c2e1b978153a935c07e7aea55f9690/alert/text'
14:25:59.662 [Forwarding getAlertText on session c3c2e1b978153a935c07e7aea55f9690 to remote] DEBUG org.asynchttpclient.netty.request.NettyRequestSender - Using open Channel [id: 0xb27c0939, L:/127.0.0.1:59000 - R:localhost/127.0.0.1:29031] for GET '/session/c3c2e1b978153a935c07e7aea55f9690/alert/text'
14:25:59.668 [AsyncHttpClient-1-9] DEBUG org.asynchttpclient.netty.handler.HttpHandler - 

Request DefaultFullHttpRequest(decodeResult: success, version: HTTP/1.1, content: EmptyByteBufBE)
GET /session/c3c2e1b978153a935c07e7aea55f9690/alert/text HTTP/1.1
User-Agent: selenium/4.8.1 (java windows)
Cache-Control: no-cache
Content-Type: application/json; charset=utf-8
host: localhost:29031
accept: */*

Response DefaultHttpResponse(decodeResult: success, version: HTTP/1.1)
HTTP/1.1 404 Not Found
Content-Length: 821
Content-Type: application/json; charset=utf-8
cache-control: no-cache

14:25:59.668 [AsyncHttpClient-1-9] DEBUG org.asynchttpclient.netty.channel.ChannelManager - Adding key: http://localhost:29031 for channel [id: 0xb27c0939, L:/127.0.0.1:59000 - R:localhost/127.0.0.1:29031]
14:25:59.668 [Forwarding getCurrentUrl on session c3c2e1b978153a935c07e7aea55f9690 to remote] DEBUG org.asynchttpclient.netty.request.NettyRequestSender - Using pooled Channel '[id: 0xb27c0939, L:/127.0.0.1:59000 - R:localhost/127.0.0.1:29031]' for 'GET' to 'http://localhost:29031/session/c3c2e1b978153a935c07e7aea55f9690/url'
14:25:59.668 [Forwarding getCurrentUrl on session c3c2e1b978153a935c07e7aea55f9690 to remote] DEBUG org.asynchttpclient.netty.request.NettyRequestSender - Using open Channel [id: 0xb27c0939, L:/127.0.0.1:59000 - R:localhost/127.0.0.1:29031] for GET '/session/c3c2e1b978153a935c07e7aea55f9690/url'
14:25:59.684 [AsyncHttpClient-1-9] DEBUG org.asynchttpclient.netty.handler.HttpHandler - 

Request DefaultFullHttpRequest(decodeResult: success, version: HTTP/1.1, content: EmptyByteBufBE)
GET /session/c3c2e1b978153a935c07e7aea55f9690/url HTTP/1.1
User-Agent: selenium/4.8.1 (java windows)
Cache-Control: no-cache
Content-Type: application/json; charset=utf-8
host: localhost:29031
accept: */*

Response DefaultHttpResponse(decodeResult: success, version: HTTP/1.1)
HTTP/1.1 200 OK
Content-Length: 58
Content-Type: application/json; charset=utf-8
cache-control: no-cache

14:25:59.684 [AsyncHttpClient-1-9] DEBUG org.asynchttpclient.netty.channel.ChannelManager - Adding key: http://localhost:29031 for channel [id: 0xb27c0939, L:/127.0.0.1:59000 - R:localhost/127.0.0.1:29031]
14:25:59.684 [Forwarding screenshot on session c3c2e1b978153a935c07e7aea55f9690 to remote] DEBUG org.asynchttpclient.netty.request.NettyRequestSender - Using pooled Channel '[id: 0xb27c0939, L:/127.0.0.1:59000 - R:localhost/127.0.0.1:29031]' for 'GET' to 'http://localhost:29031/session/c3c2e1b978153a935c07e7aea55f9690/screenshot'
14:25:59.684 [Forwarding screenshot on session c3c2e1b978153a935c07e7aea55f9690 to remote] DEBUG org.asynchttpclient.netty.request.NettyRequestSender - Using open Channel [id: 0xb27c0939, L:/127.0.0.1:59000 - R:localhost/127.0.0.1:29031] for GET '/session/c3c2e1b978153a935c07e7aea55f9690/screenshot'
14:25:59.945 [AsyncHttpClient-1-9] DEBUG org.asynchttpclient.netty.handler.HttpHandler - 

Request DefaultFullHttpRequest(decodeResult: success, version: HTTP/1.1, content: EmptyByteBufBE)
GET /session/c3c2e1b978153a935c07e7aea55f9690/screenshot HTTP/1.1
User-Agent: selenium/4.8.1 (java windows)
Cache-Control: no-cache
Content-Type: application/json; charset=utf-8
host: localhost:29031
accept: */*

Response DefaultHttpResponse(decodeResult: success, version: HTTP/1.1)
HTTP/1.1 200 OK
Content-Length: 313260
Content-Type: application/json; charset=utf-8
cache-control: no-cache

14:25:59.945 [AsyncHttpClient-1-9] DEBUG org.asynchttpclient.netty.channel.ChannelManager - Adding key: http://localhost:29031 for channel [id: 0xb27c0939, L:/127.0.0.1:59000 - R:localhost/127.0.0.1:29031]
14:25:59.961 [main] DEBUG net.serenitybdd.core.photography.Darkroom - Send negative for processing for target\site\serenity\0b0317377fa9aa8c2785da855f6687abf8991cd175774b972a82f3e160b6ff26.png
14:25:59.961 [Forwarding getPageSource on session c3c2e1b978153a935c07e7aea55f9690 to remote] DEBUG org.asynchttpclient.netty.request.NettyRequestSender - Using pooled Channel '[id: 0xb27c0939, L:/127.0.0.1:59000 - R:localhost/127.0.0.1:29031]' for 'POST' to 'http://localhost:29031/session/c3c2e1b978153a935c07e7aea55f9690/execute/sync'
14:25:59.961 [Forwarding getPageSource on session c3c2e1b978153a935c07e7aea55f9690 to remote] DEBUG org.asynchttpclient.netty.request.NettyRequestSender - Using open Channel [id: 0xb27c0939, L:/127.0.0.1:59000 - R:localhost/127.0.0.1:29031] for POST '/session/c3c2e1b978153a935c07e7aea55f9690/execute/sync'
14:25:59.986 [AsyncHttpClient-1-9] DEBUG org.asynchttpclient.netty.handler.HttpHandler - 

Request DefaultHttpRequest(decodeResult: success, version: HTTP/1.1)
POST /session/c3c2e1b978153a935c07e7aea55f9690/execute/sync HTTP/1.1
User-Agent: selenium/4.8.1 (java windows)
Content-Length: 176
Content-Type: application/json; charset=utf-8
host: localhost:29031
accept: */*

Response DefaultHttpResponse(decodeResult: success, version: HTTP/1.1)
HTTP/1.1 200 OK
Content-Length: 77450
Content-Type: application/json; charset=utf-8
cache-control: no-cache

14:25:59.988 [AsyncHttpClient-1-9] DEBUG org.asynchttpclient.netty.channel.ChannelManager - Adding key: http://localhost:29031 for channel [id: 0xb27c0939, L:/127.0.0.1:59000 - R:localhost/127.0.0.1:29031]
14:25:59.992 [Forwarding getCurrentUrl on session c3c2e1b978153a935c07e7aea55f9690 to remote] DEBUG org.asynchttpclient.netty.request.NettyRequestSender - Using pooled Channel '[id: 0xb27c0939, L:/127.0.0.1:59000 - R:localhost/127.0.0.1:29031]' for 'GET' to 'http://localhost:29031/session/c3c2e1b978153a935c07e7aea55f9690/url'
14:25:59.992 [Forwarding getCurrentUrl on session c3c2e1b978153a935c07e7aea55f9690 to remote] DEBUG org.asynchttpclient.netty.request.NettyRequestSender - Using open Channel [id: 0xb27c0939, L:/127.0.0.1:59000 - R:localhost/127.0.0.1:29031] for GET '/session/c3c2e1b978153a935c07e7aea55f9690/url'
14:26:00.027 [AsyncHttpClient-1-9] DEBUG org.asynchttpclient.netty.handler.HttpHandler - 

Request DefaultFullHttpRequest(decodeResult: success, version: HTTP/1.1, content: EmptyByteBufBE)
GET /session/c3c2e1b978153a935c07e7aea55f9690/url HTTP/1.1
User-Agent: selenium/4.8.1 (java windows)
Cache-Control: no-cache
Content-Type: application/json; charset=utf-8
host: localhost:29031
accept: */*

Response DefaultHttpResponse(decodeResult: success, version: HTTP/1.1)
HTTP/1.1 200 OK
Content-Length: 58
Content-Type: application/json; charset=utf-8
cache-control: no-cache

14:26:00.027 [AsyncHttpClient-1-9] DEBUG org.asynchttpclient.netty.channel.ChannelManager - Adding key: http://localhost:29031 for channel [id: 0xb27c0939, L:/127.0.0.1:59000 - R:localhost/127.0.0.1:29031]
14:26:00.034 [main] DEBUG net.thucydides.core.steps.StepInterceptor - STARTING STEP: Afrexim_OurBank_Careers_Steps.select_the_expected_expiry_limitation_in_limitation_dropdown - Select_expiry_limitation
14:26:00.034 [Forwarding findElement on session c3c2e1b978153a935c07e7aea55f9690 to remote] DEBUG org.asynchttpclient.netty.request.NettyRequestSender - Using pooled Channel '[id: 0xb27c0939, L:/127.0.0.1:59000 - R:localhost/127.0.0.1:29031]' for 'POST' to 'http://localhost:29031/session/c3c2e1b978153a935c07e7aea55f9690/element'
14:26:00.034 [Forwarding findElement on session c3c2e1b978153a935c07e7aea55f9690 to remote] DEBUG org.asynchttpclient.netty.request.NettyRequestSender - Using open Channel [id: 0xb27c0939, L:/127.0.0.1:59000 - R:localhost/127.0.0.1:29031] for POST '/session/c3c2e1b978153a935c07e7aea55f9690/element'
14:26:00.073 [AsyncHttpClient-1-9] DEBUG org.asynchttpclient.netty.handler.HttpHandler - 

Request DefaultHttpRequest(decodeResult: success, version: HTTP/1.1)
POST /session/c3c2e1b978153a935c07e7aea55f9690/element HTTP/1.1
User-Agent: selenium/4.8.1 (java windows)
Content-Length: 80
Content-Type: application/json; charset=utf-8
host: localhost:29031
accept: */*

Response DefaultHttpResponse(decodeResult: success, version: HTTP/1.1)
HTTP/1.1 200 OK
Content-Length: 95
Content-Type: application/json; charset=utf-8
cache-control: no-cache

14:26:00.073 [AsyncHttpClient-1-9] DEBUG org.asynchttpclient.netty.channel.ChannelManager - Adding key: http://localhost:29031 for channel [id: 0xb27c0939, L:/127.0.0.1:59000 - R:localhost/127.0.0.1:29031]
14:26:00.073 [Forwarding getElementTagName on session c3c2e1b978153a935c07e7aea55f9690 to remote] DEBUG org.asynchttpclient.netty.request.NettyRequestSender - Using pooled Channel '[id: 0xb27c0939, L:/127.0.0.1:59000 - R:localhost/127.0.0.1:29031]' for 'GET' to 'http://localhost:29031/session/c3c2e1b978153a935c07e7aea55f9690/element/DA1EB85470724B0B8F52303378DBB781_element_85/name'
14:26:00.073 [Forwarding getElementTagName on session c3c2e1b978153a935c07e7aea55f9690 to remote] DEBUG org.asynchttpclient.netty.request.NettyRequestSender - Using open Channel [id: 0xb27c0939, L:/127.0.0.1:59000 - R:localhost/127.0.0.1:29031] for GET '/session/c3c2e1b978153a935c07e7aea55f9690/element/DA1EB85470724B0B8F52303378DBB781_element_85/name'
14:26:00.085 [AsyncHttpClient-1-9] DEBUG org.asynchttpclient.netty.handler.HttpHandler - 

Request DefaultFullHttpRequest(decodeResult: success, version: HTTP/1.1, content: EmptyByteBufBE)
GET /session/c3c2e1b978153a935c07e7aea55f9690/element/DA1EB85470724B0B8F52303378DBB781_element_85/name HTTP/1.1
User-Agent: selenium/4.8.1 (java windows)
Cache-Control: no-cache
Content-Type: application/json; charset=utf-8
host: localhost:29031
accept: */*

Response DefaultHttpResponse(decodeResult: success, version: HTTP/1.1)
HTTP/1.1 200 OK
Content-Length: 18
Content-Type: application/json; charset=utf-8
cache-control: no-cache

14:26:00.085 [AsyncHttpClient-1-9] DEBUG org.asynchttpclient.netty.channel.ChannelManager - Adding key: http://localhost:29031 for channel [id: 0xb27c0939, L:/127.0.0.1:59000 - R:localhost/127.0.0.1:29031]
14:26:00.093 [Forwarding getElementDomAttribute on session c3c2e1b978153a935c07e7aea55f9690 to remote] DEBUG org.asynchttpclient.netty.request.NettyRequestSender - Using pooled Channel '[id: 0xb27c0939, L:/127.0.0.1:59000 - R:localhost/127.0.0.1:29031]' for 'GET' to 'http://localhost:29031/session/c3c2e1b978153a935c07e7aea55f9690/element/DA1EB85470724B0B8F52303378DBB781_element_85/attribute/multiple'
14:26:00.093 [Forwarding getElementDomAttribute on session c3c2e1b978153a935c07e7aea55f9690 to remote] DEBUG org.asynchttpclient.netty.request.NettyRequestSender - Using open Channel [id: 0xb27c0939, L:/127.0.0.1:59000 - R:localhost/127.0.0.1:29031] for GET '/session/c3c2e1b978153a935c07e7aea55f9690/element/DA1EB85470724B0B8F52303378DBB781_element_85/attribute/multiple'
14:26:00.110 [AsyncHttpClient-1-9] DEBUG org.asynchttpclient.netty.handler.HttpHandler - 

Request DefaultFullHttpRequest(decodeResult: success, version: HTTP/1.1, content: EmptyByteBufBE)
GET /session/c3c2e1b978153a935c07e7aea55f9690/element/DA1EB85470724B0B8F52303378DBB781_element_85/attribute/multiple HTTP/1.1
User-Agent: selenium/4.8.1 (java windows)
Cache-Control: no-cache
Content-Type: application/json; charset=utf-8
host: localhost:29031
accept: */*

Response DefaultHttpResponse(decodeResult: success, version: HTTP/1.1)
HTTP/1.1 200 OK
Content-Length: 14
Content-Type: application/json; charset=utf-8
cache-control: no-cache

14:26:00.110 [AsyncHttpClient-1-9] DEBUG org.asynchttpclient.netty.channel.ChannelManager - Adding key: http://localhost:29031 for channel [id: 0xb27c0939, L:/127.0.0.1:59000 - R:localhost/127.0.0.1:29031]
14:26:00.112 [Forwarding isElementEnabled on session c3c2e1b978153a935c07e7aea55f9690 to remote] DEBUG org.asynchttpclient.netty.request.NettyRequestSender - Using pooled Channel '[id: 0xb27c0939, L:/127.0.0.1:59000 - R:localhost/127.0.0.1:29031]' for 'GET' to 'http://localhost:29031/session/c3c2e1b978153a935c07e7aea55f9690/element/DA1EB85470724B0B8F52303378DBB781_element_85/enabled'
14:26:00.113 [Forwarding isElementEnabled on session c3c2e1b978153a935c07e7aea55f9690 to remote] DEBUG org.asynchttpclient.netty.request.NettyRequestSender - Using open Channel [id: 0xb27c0939, L:/127.0.0.1:59000 - R:localhost/127.0.0.1:29031] for GET '/session/c3c2e1b978153a935c07e7aea55f9690/element/DA1EB85470724B0B8F52303378DBB781_element_85/enabled'
14:26:00.127 [AsyncHttpClient-1-9] DEBUG org.asynchttpclient.netty.handler.HttpHandler - 

Request DefaultFullHttpRequest(decodeResult: success, version: HTTP/1.1, content: EmptyByteBufBE)
GET /session/c3c2e1b978153a935c07e7aea55f9690/element/DA1EB85470724B0B8F52303378DBB781_element_85/enabled HTTP/1.1
User-Agent: selenium/4.8.1 (java windows)
Cache-Control: no-cache
Content-Type: application/json; charset=utf-8
host: localhost:29031
accept: */*

Response DefaultHttpResponse(decodeResult: success, version: HTTP/1.1)
HTTP/1.1 200 OK
Content-Length: 14
Content-Type: application/json; charset=utf-8
cache-control: no-cache

14:26:00.127 [AsyncHttpClient-1-9] DEBUG org.asynchttpclient.netty.channel.ChannelManager - Adding key: http://localhost:29031 for channel [id: 0xb27c0939, L:/127.0.0.1:59000 - R:localhost/127.0.0.1:29031]
14:26:00.127 [Forwarding findChildElements on session c3c2e1b978153a935c07e7aea55f9690 to remote] DEBUG org.asynchttpclient.netty.request.NettyRequestSender - Using pooled Channel '[id: 0xb27c0939, L:/127.0.0.1:59000 - R:localhost/127.0.0.1:29031]' for 'POST' to 'http://localhost:29031/session/c3c2e1b978153a935c07e7aea55f9690/element/DA1EB85470724B0B8F52303378DBB781_element_85/elements'
14:26:00.127 [Forwarding findChildElements on session c3c2e1b978153a935c07e7aea55f9690 to remote] DEBUG org.asynchttpclient.netty.request.NettyRequestSender - Using open Channel [id: 0xb27c0939, L:/127.0.0.1:59000 - R:localhost/127.0.0.1:29031] for POST '/session/c3c2e1b978153a935c07e7aea55f9690/element/DA1EB85470724B0B8F52303378DBB781_element_85/elements'
14:26:00.143 [AsyncHttpClient-1-9] DEBUG org.asynchttpclient.netty.handler.HttpHandler - 

Request DefaultHttpRequest(decodeResult: success, version: HTTP/1.1)
POST /session/c3c2e1b978153a935c07e7aea55f9690/element/DA1EB85470724B0B8F52303378DBB781_element_85/elements HTTP/1.1
User-Agent: selenium/4.8.1 (java windows)
Content-Length: 101
Content-Type: application/json; charset=utf-8
host: localhost:29031
accept: */*

Response DefaultHttpResponse(decodeResult: success, version: HTTP/1.1)
HTTP/1.1 200 OK
Content-Length: 441
Content-Type: application/json; charset=utf-8
cache-control: no-cache

14:26:00.143 [AsyncHttpClient-1-9] DEBUG org.asynchttpclient.netty.channel.ChannelManager - Adding key: http://localhost:29031 for channel [id: 0xb27c0939, L:/127.0.0.1:59000 - R:localhost/127.0.0.1:29031]
14:26:00.152 [Forwarding getElementAttribute on session c3c2e1b978153a935c07e7aea55f9690 to remote] DEBUG org.asynchttpclient.netty.request.NettyRequestSender - Using pooled Channel '[id: 0xb27c0939, L:/127.0.0.1:59000 - R:localhost/127.0.0.1:29031]' for 'POST' to 'http://localhost:29031/session/c3c2e1b978153a935c07e7aea55f9690/execute/sync'
14:26:00.152 [Forwarding getElementAttribute on session c3c2e1b978153a935c07e7aea55f9690 to remote] DEBUG org.asynchttpclient.netty.request.NettyRequestSender - Using open Channel [id: 0xb27c0939, L:/127.0.0.1:59000 - R:localhost/127.0.0.1:29031] for POST '/session/c3c2e1b978153a935c07e7aea55f9690/execute/sync'
14:26:00.176 [AsyncHttpClient-1-9] DEBUG org.asynchttpclient.netty.handler.HttpHandler - 

Request DefaultHttpRequest(decodeResult: success, version: HTTP/1.1)
POST /session/c3c2e1b978153a935c07e7aea55f9690/execute/sync HTTP/1.1
User-Agent: selenium/4.8.1 (java windows)
Content-Length: 47375
Content-Type: application/json; charset=utf-8
host: localhost:29031
accept: */*

Response DefaultHttpResponse(decodeResult: success, version: HTTP/1.1)
HTTP/1.1 200 OK
Content-Length: 13
Content-Type: application/json; charset=utf-8
cache-control: no-cache

14:26:00.176 [AsyncHttpClient-1-9] DEBUG org.asynchttpclient.netty.channel.ChannelManager - Adding key: http://localhost:29031 for channel [id: 0xb27c0939, L:/127.0.0.1:59000 - R:localhost/127.0.0.1:29031]
14:26:00.176 [Forwarding isElementEnabled on session c3c2e1b978153a935c07e7aea55f9690 to remote] DEBUG org.asynchttpclient.netty.request.NettyRequestSender - Using pooled Channel '[id: 0xb27c0939, L:/127.0.0.1:59000 - R:localhost/127.0.0.1:29031]' for 'GET' to 'http://localhost:29031/session/c3c2e1b978153a935c07e7aea55f9690/element/DA1EB85470724B0B8F52303378DBB781_element_86/enabled'
14:26:00.176 [Forwarding isElementEnabled on session c3c2e1b978153a935c07e7aea55f9690 to remote] DEBUG org.asynchttpclient.netty.request.NettyRequestSender - Using open Channel [id: 0xb27c0939, L:/127.0.0.1:59000 - R:localhost/127.0.0.1:29031] for GET '/session/c3c2e1b978153a935c07e7aea55f9690/element/DA1EB85470724B0B8F52303378DBB781_element_86/enabled'
14:26:00.196 [AsyncHttpClient-1-9] DEBUG org.asynchttpclient.netty.handler.HttpHandler - 

Request DefaultFullHttpRequest(decodeResult: success, version: HTTP/1.1, content: EmptyByteBufBE)
GET /session/c3c2e1b978153a935c07e7aea55f9690/element/DA1EB85470724B0B8F52303378DBB781_element_86/enabled HTTP/1.1
User-Agent: selenium/4.8.1 (java windows)
Cache-Control: no-cache
Content-Type: application/json; charset=utf-8
host: localhost:29031
accept: */*

Response DefaultHttpResponse(decodeResult: success, version: HTTP/1.1)
HTTP/1.1 200 OK
Content-Length: 14
Content-Type: application/json; charset=utf-8
cache-control: no-cache

14:26:00.196 [AsyncHttpClient-1-9] DEBUG org.asynchttpclient.netty.channel.ChannelManager - Adding key: http://localhost:29031 for channel [id: 0xb27c0939, L:/127.0.0.1:59000 - R:localhost/127.0.0.1:29031]
14:26:00.196 [Forwarding isElementSelected on session c3c2e1b978153a935c07e7aea55f9690 to remote] DEBUG org.asynchttpclient.netty.request.NettyRequestSender - Using pooled Channel '[id: 0xb27c0939, L:/127.0.0.1:59000 - R:localhost/127.0.0.1:29031]' for 'GET' to 'http://localhost:29031/session/c3c2e1b978153a935c07e7aea55f9690/element/DA1EB85470724B0B8F52303378DBB781_element_86/selected'
14:26:00.196 [Forwarding isElementSelected on session c3c2e1b978153a935c07e7aea55f9690 to remote] DEBUG org.asynchttpclient.netty.request.NettyRequestSender - Using open Channel [id: 0xb27c0939, L:/127.0.0.1:59000 - R:localhost/127.0.0.1:29031] for GET '/session/c3c2e1b978153a935c07e7aea55f9690/element/DA1EB85470724B0B8F52303378DBB781_element_86/selected'
14:26:00.218 [AsyncHttpClient-1-9] DEBUG org.asynchttpclient.netty.handler.HttpHandler - 

Request DefaultFullHttpRequest(decodeResult: success, version: HTTP/1.1, content: EmptyByteBufBE)
GET /session/c3c2e1b978153a935c07e7aea55f9690/element/DA1EB85470724B0B8F52303378DBB781_element_86/selected HTTP/1.1
User-Agent: selenium/4.8.1 (java windows)
Cache-Control: no-cache
Content-Type: application/json; charset=utf-8
host: localhost:29031
accept: */*

Response DefaultHttpResponse(decodeResult: success, version: HTTP/1.1)
HTTP/1.1 200 OK
Content-Length: 14
Content-Type: application/json; charset=utf-8
cache-control: no-cache

14:26:00.218 [AsyncHttpClient-1-9] DEBUG org.asynchttpclient.netty.channel.ChannelManager - Adding key: http://localhost:29031 for channel [id: 0xb27c0939, L:/127.0.0.1:59000 - R:localhost/127.0.0.1:29031]
14:26:00.228 [Forwarding getAlertText on session c3c2e1b978153a935c07e7aea55f9690 to remote] DEBUG org.asynchttpclient.netty.request.NettyRequestSender - Using pooled Channel '[id: 0xb27c0939, L:/127.0.0.1:59000 - R:localhost/127.0.0.1:29031]' for 'GET' to 'http://localhost:29031/session/c3c2e1b978153a935c07e7aea55f9690/alert/text'
14:26:00.228 [Forwarding getAlertText on session c3c2e1b978153a935c07e7aea55f9690 to remote] DEBUG org.asynchttpclient.netty.request.NettyRequestSender - Using open Channel [id: 0xb27c0939, L:/127.0.0.1:59000 - R:localhost/127.0.0.1:29031] for GET '/session/c3c2e1b978153a935c07e7aea55f9690/alert/text'
14:26:00.228 [AsyncHttpClient-1-9] DEBUG org.asynchttpclient.netty.handler.HttpHandler - 

Request DefaultFullHttpRequest(decodeResult: success, version: HTTP/1.1, content: EmptyByteBufBE)
GET /session/c3c2e1b978153a935c07e7aea55f9690/alert/text HTTP/1.1
User-Agent: selenium/4.8.1 (java windows)
Cache-Control: no-cache
Content-Type: application/json; charset=utf-8
host: localhost:29031
accept: */*

Response DefaultHttpResponse(decodeResult: success, version: HTTP/1.1)
HTTP/1.1 404 Not Found
Content-Length: 821
Content-Type: application/json; charset=utf-8
cache-control: no-cache

14:26:00.233 [AsyncHttpClient-1-9] DEBUG org.asynchttpclient.netty.channel.ChannelManager - Adding key: http://localhost:29031 for channel [id: 0xb27c0939, L:/127.0.0.1:59000 - R:localhost/127.0.0.1:29031]
14:26:00.234 [Forwarding getCurrentUrl on session c3c2e1b978153a935c07e7aea55f9690 to remote] DEBUG org.asynchttpclient.netty.request.NettyRequestSender - Using pooled Channel '[id: 0xb27c0939, L:/127.0.0.1:59000 - R:localhost/127.0.0.1:29031]' for 'GET' to 'http://localhost:29031/session/c3c2e1b978153a935c07e7aea55f9690/url'
14:26:00.234 [Forwarding getCurrentUrl on session c3c2e1b978153a935c07e7aea55f9690 to remote] DEBUG org.asynchttpclient.netty.request.NettyRequestSender - Using open Channel [id: 0xb27c0939, L:/127.0.0.1:59000 - R:localhost/127.0.0.1:29031] for GET '/session/c3c2e1b978153a935c07e7aea55f9690/url'
14:26:00.248 [AsyncHttpClient-1-9] DEBUG org.asynchttpclient.netty.handler.HttpHandler - 

Request DefaultFullHttpRequest(decodeResult: success, version: HTTP/1.1, content: EmptyByteBufBE)
GET /session/c3c2e1b978153a935c07e7aea55f9690/url HTTP/1.1
User-Agent: selenium/4.8.1 (java windows)
Cache-Control: no-cache
Content-Type: application/json; charset=utf-8
host: localhost:29031
accept: */*

Response DefaultHttpResponse(decodeResult: success, version: HTTP/1.1)
HTTP/1.1 200 OK
Content-Length: 58
Content-Type: application/json; charset=utf-8
cache-control: no-cache

14:26:00.248 [AsyncHttpClient-1-9] DEBUG org.asynchttpclient.netty.channel.ChannelManager - Adding key: http://localhost:29031 for channel [id: 0xb27c0939, L:/127.0.0.1:59000 - R:localhost/127.0.0.1:29031]
14:26:00.248 [Forwarding screenshot on session c3c2e1b978153a935c07e7aea55f9690 to remote] DEBUG org.asynchttpclient.netty.request.NettyRequestSender - Using pooled Channel '[id: 0xb27c0939, L:/127.0.0.1:59000 - R:localhost/127.0.0.1:29031]' for 'GET' to 'http://localhost:29031/session/c3c2e1b978153a935c07e7aea55f9690/screenshot'
14:26:00.248 [Forwarding screenshot on session c3c2e1b978153a935c07e7aea55f9690 to remote] DEBUG org.asynchttpclient.netty.request.NettyRequestSender - Using open Channel [id: 0xb27c0939, L:/127.0.0.1:59000 - R:localhost/127.0.0.1:29031] for GET '/session/c3c2e1b978153a935c07e7aea55f9690/screenshot'
14:26:00.465 [AsyncHttpClient-1-9] DEBUG org.asynchttpclient.netty.handler.HttpHandler - 

Request DefaultFullHttpRequest(decodeResult: success, version: HTTP/1.1, content: EmptyByteBufBE)
GET /session/c3c2e1b978153a935c07e7aea55f9690/screenshot HTTP/1.1
User-Agent: selenium/4.8.1 (java windows)
Cache-Control: no-cache
Content-Type: application/json; charset=utf-8
host: localhost:29031
accept: */*

Response DefaultHttpResponse(decodeResult: success, version: HTTP/1.1)
HTTP/1.1 200 OK
Content-Length: 313260
Content-Type: application/json; charset=utf-8
cache-control: no-cache

14:26:00.465 [AsyncHttpClient-1-9] DEBUG org.asynchttpclient.netty.channel.ChannelManager - Adding key: http://localhost:29031 for channel [id: 0xb27c0939, L:/127.0.0.1:59000 - R:localhost/127.0.0.1:29031]
14:26:00.482 [main] DEBUG net.serenitybdd.core.photography.Darkroom - Send negative for processing for target\site\serenity\0b0317377fa9aa8c2785da855f6687abf8991cd175774b972a82f3e160b6ff26.png
14:26:00.482 [main] DEBUG net.thucydides.core.steps.StepInterceptor - STEP DONE: Select_expiry_limitation
14:26:00.506 [Forwarding getPageSource on session c3c2e1b978153a935c07e7aea55f9690 to remote] DEBUG org.asynchttpclient.netty.request.NettyRequestSender - Using pooled Channel '[id: 0xb27c0939, L:/127.0.0.1:59000 - R:localhost/127.0.0.1:29031]' for 'POST' to 'http://localhost:29031/session/c3c2e1b978153a935c07e7aea55f9690/execute/sync'
14:26:00.506 [Forwarding getPageSource on session c3c2e1b978153a935c07e7aea55f9690 to remote] DEBUG org.asynchttpclient.netty.request.NettyRequestSender - Using open Channel [id: 0xb27c0939, L:/127.0.0.1:59000 - R:localhost/127.0.0.1:29031] for POST '/session/c3c2e1b978153a935c07e7aea55f9690/execute/sync'
14:26:00.525 [AsyncHttpClient-1-9] DEBUG org.asynchttpclient.netty.handler.HttpHandler - 

Request DefaultHttpRequest(decodeResult: success, version: HTTP/1.1)
POST /session/c3c2e1b978153a935c07e7aea55f9690/execute/sync HTTP/1.1
User-Agent: selenium/4.8.1 (java windows)
Content-Length: 176
Content-Type: application/json; charset=utf-8
host: localhost:29031
accept: */*

Response DefaultHttpResponse(decodeResult: success, version: HTTP/1.1)
HTTP/1.1 200 OK
Content-Length: 77450
Content-Type: application/json; charset=utf-8
cache-control: no-cache

14:26:00.525 [AsyncHttpClient-1-9] DEBUG org.asynchttpclient.netty.channel.ChannelManager - Adding key: http://localhost:29031 for channel [id: 0xb27c0939, L:/127.0.0.1:59000 - R:localhost/127.0.0.1:29031]
14:26:00.536 [Forwarding getCurrentUrl on session c3c2e1b978153a935c07e7aea55f9690 to remote] DEBUG org.asynchttpclient.netty.request.NettyRequestSender - Using pooled Channel '[id: 0xb27c0939, L:/127.0.0.1:59000 - R:localhost/127.0.0.1:29031]' for 'GET' to 'http://localhost:29031/session/c3c2e1b978153a935c07e7aea55f9690/url'
14:26:00.536 [Forwarding getCurrentUrl on session c3c2e1b978153a935c07e7aea55f9690 to remote] DEBUG org.asynchttpclient.netty.request.NettyRequestSender - Using open Channel [id: 0xb27c0939, L:/127.0.0.1:59000 - R:localhost/127.0.0.1:29031] for GET '/session/c3c2e1b978153a935c07e7aea55f9690/url'
14:26:00.554 [AsyncHttpClient-1-9] DEBUG org.asynchttpclient.netty.handler.HttpHandler - 

Request DefaultFullHttpRequest(decodeResult: success, version: HTTP/1.1, content: EmptyByteBufBE)
GET /session/c3c2e1b978153a935c07e7aea55f9690/url HTTP/1.1
User-Agent: selenium/4.8.1 (java windows)
Cache-Control: no-cache
Content-Type: application/json; charset=utf-8
host: localhost:29031
accept: */*

Response DefaultHttpResponse(decodeResult: success, version: HTTP/1.1)
HTTP/1.1 200 OK
Content-Length: 58
Content-Type: application/json; charset=utf-8
cache-control: no-cache

14:26:00.554 [AsyncHttpClient-1-9] DEBUG org.asynchttpclient.netty.channel.ChannelManager - Adding key: http://localhost:29031 for channel [id: 0xb27c0939, L:/127.0.0.1:59000 - R:localhost/127.0.0.1:29031]
14:26:00.566 [Forwarding getAlertText on session c3c2e1b978153a935c07e7aea55f9690 to remote] DEBUG org.asynchttpclient.netty.request.NettyRequestSender - Using pooled Channel '[id: 0xb27c0939, L:/127.0.0.1:59000 - R:localhost/127.0.0.1:29031]' for 'GET' to 'http://localhost:29031/session/c3c2e1b978153a935c07e7aea55f9690/alert/text'
14:26:00.566 [Forwarding getAlertText on session c3c2e1b978153a935c07e7aea55f9690 to remote] DEBUG org.asynchttpclient.netty.request.NettyRequestSender - Using open Channel [id: 0xb27c0939, L:/127.0.0.1:59000 - R:localhost/127.0.0.1:29031] for GET '/session/c3c2e1b978153a935c07e7aea55f9690/alert/text'
14:26:00.575 [AsyncHttpClient-1-9] DEBUG org.asynchttpclient.netty.handler.HttpHandler - 

Request DefaultFullHttpRequest(decodeResult: success, version: HTTP/1.1, content: EmptyByteBufBE)
GET /session/c3c2e1b978153a935c07e7aea55f9690/alert/text HTTP/1.1
User-Agent: selenium/4.8.1 (java windows)
Cache-Control: no-cache
Content-Type: application/json; charset=utf-8
host: localhost:29031
accept: */*

Response DefaultHttpResponse(decodeResult: success, version: HTTP/1.1)
HTTP/1.1 404 Not Found
Content-Length: 821
Content-Type: application/json; charset=utf-8
cache-control: no-cache

14:26:00.575 [AsyncHttpClient-1-9] DEBUG org.asynchttpclient.netty.channel.ChannelManager - Adding key: http://localhost:29031 for channel [id: 0xb27c0939, L:/127.0.0.1:59000 - R:localhost/127.0.0.1:29031]
14:26:00.575 [Forwarding getCurrentUrl on session c3c2e1b978153a935c07e7aea55f9690 to remote] DEBUG org.asynchttpclient.netty.request.NettyRequestSender - Using pooled Channel '[id: 0xb27c0939, L:/127.0.0.1:59000 - R:localhost/127.0.0.1:29031]' for 'GET' to 'http://localhost:29031/session/c3c2e1b978153a935c07e7aea55f9690/url'
14:26:00.575 [Forwarding getCurrentUrl on session c3c2e1b978153a935c07e7aea55f9690 to remote] DEBUG org.asynchttpclient.netty.request.NettyRequestSender - Using open Channel [id: 0xb27c0939, L:/127.0.0.1:59000 - R:localhost/127.0.0.1:29031] for GET '/session/c3c2e1b978153a935c07e7aea55f9690/url'
14:26:00.596 [AsyncHttpClient-1-9] DEBUG org.asynchttpclient.netty.handler.HttpHandler - 

Request DefaultFullHttpRequest(decodeResult: success, version: HTTP/1.1, content: EmptyByteBufBE)
GET /session/c3c2e1b978153a935c07e7aea55f9690/url HTTP/1.1
User-Agent: selenium/4.8.1 (java windows)
Cache-Control: no-cache
Content-Type: application/json; charset=utf-8
host: localhost:29031
accept: */*

Response DefaultHttpResponse(decodeResult: success, version: HTTP/1.1)
HTTP/1.1 200 OK
Content-Length: 58
Content-Type: application/json; charset=utf-8
cache-control: no-cache

14:26:00.596 [AsyncHttpClient-1-9] DEBUG org.asynchttpclient.netty.channel.ChannelManager - Adding key: http://localhost:29031 for channel [id: 0xb27c0939, L:/127.0.0.1:59000 - R:localhost/127.0.0.1:29031]
14:26:00.596 [Forwarding screenshot on session c3c2e1b978153a935c07e7aea55f9690 to remote] DEBUG org.asynchttpclient.netty.request.NettyRequestSender - Using pooled Channel '[id: 0xb27c0939, L:/127.0.0.1:59000 - R:localhost/127.0.0.1:29031]' for 'GET' to 'http://localhost:29031/session/c3c2e1b978153a935c07e7aea55f9690/screenshot'
14:26:00.596 [Forwarding screenshot on session c3c2e1b978153a935c07e7aea55f9690 to remote] DEBUG org.asynchttpclient.netty.request.NettyRequestSender - Using open Channel [id: 0xb27c0939, L:/127.0.0.1:59000 - R:localhost/127.0.0.1:29031] for GET '/session/c3c2e1b978153a935c07e7aea55f9690/screenshot'
14:26:00.689 [AsyncHttpClient-1-1] DEBUG org.asynchttpclient.netty.channel.DefaultChannelPool - Entry count for : http://localhost:59001 : 1
14:26:00.867 [AsyncHttpClient-1-9] DEBUG org.asynchttpclient.netty.handler.HttpHandler - 

Request DefaultFullHttpRequest(decodeResult: success, version: HTTP/1.1, content: EmptyByteBufBE)
GET /session/c3c2e1b978153a935c07e7aea55f9690/screenshot HTTP/1.1
User-Agent: selenium/4.8.1 (java windows)
Cache-Control: no-cache
Content-Type: application/json; charset=utf-8
host: localhost:29031
accept: */*

Response DefaultHttpResponse(decodeResult: success, version: HTTP/1.1)
HTTP/1.1 200 OK
Content-Length: 313260
Content-Type: application/json; charset=utf-8
cache-control: no-cache

14:26:00.871 [AsyncHttpClient-1-9] DEBUG org.asynchttpclient.netty.channel.ChannelManager - Adding key: http://localhost:29031 for channel [id: 0xb27c0939, L:/127.0.0.1:59000 - R:localhost/127.0.0.1:29031]
14:26:00.888 [main] DEBUG net.serenitybdd.core.photography.Darkroom - Send negative for processing for target\site\serenity\0b0317377fa9aa8c2785da855f6687abf8991cd175774b972a82f3e160b6ff26.png
14:26:00.888 [Forwarding getPageSource on session c3c2e1b978153a935c07e7aea55f9690 to remote] DEBUG org.asynchttpclient.netty.request.NettyRequestSender - Using pooled Channel '[id: 0xb27c0939, L:/127.0.0.1:59000 - R:localhost/127.0.0.1:29031]' for 'POST' to 'http://localhost:29031/session/c3c2e1b978153a935c07e7aea55f9690/execute/sync'
14:26:00.888 [Forwarding getPageSource on session c3c2e1b978153a935c07e7aea55f9690 to remote] DEBUG org.asynchttpclient.netty.request.NettyRequestSender - Using open Channel [id: 0xb27c0939, L:/127.0.0.1:59000 - R:localhost/127.0.0.1:29031] for POST '/session/c3c2e1b978153a935c07e7aea55f9690/execute/sync'
14:26:00.918 [AsyncHttpClient-1-9] DEBUG org.asynchttpclient.netty.handler.HttpHandler - 

Request DefaultHttpRequest(decodeResult: success, version: HTTP/1.1)
POST /session/c3c2e1b978153a935c07e7aea55f9690/execute/sync HTTP/1.1
User-Agent: selenium/4.8.1 (java windows)
Content-Length: 176
Content-Type: application/json; charset=utf-8
host: localhost:29031
accept: */*

Response DefaultHttpResponse(decodeResult: success, version: HTTP/1.1)
HTTP/1.1 200 OK
Content-Length: 77450
Content-Type: application/json; charset=utf-8
cache-control: no-cache

14:26:00.918 [AsyncHttpClient-1-9] DEBUG org.asynchttpclient.netty.channel.ChannelManager - Adding key: http://localhost:29031 for channel [id: 0xb27c0939, L:/127.0.0.1:59000 - R:localhost/127.0.0.1:29031]
14:26:00.926 [Forwarding getCurrentUrl on session c3c2e1b978153a935c07e7aea55f9690 to remote] DEBUG org.asynchttpclient.netty.request.NettyRequestSender - Using pooled Channel '[id: 0xb27c0939, L:/127.0.0.1:59000 - R:localhost/127.0.0.1:29031]' for 'GET' to 'http://localhost:29031/session/c3c2e1b978153a935c07e7aea55f9690/url'
14:26:00.926 [Forwarding getCurrentUrl on session c3c2e1b978153a935c07e7aea55f9690 to remote] DEBUG org.asynchttpclient.netty.request.NettyRequestSender - Using open Channel [id: 0xb27c0939, L:/127.0.0.1:59000 - R:localhost/127.0.0.1:29031] for GET '/session/c3c2e1b978153a935c07e7aea55f9690/url'
14:26:00.937 [AsyncHttpClient-1-9] DEBUG org.asynchttpclient.netty.handler.HttpHandler - 

Request DefaultFullHttpRequest(decodeResult: success, version: HTTP/1.1, content: EmptyByteBufBE)
GET /session/c3c2e1b978153a935c07e7aea55f9690/url HTTP/1.1
User-Agent: selenium/4.8.1 (java windows)
Cache-Control: no-cache
Content-Type: application/json; charset=utf-8
host: localhost:29031
accept: */*

Response DefaultHttpResponse(decodeResult: success, version: HTTP/1.1)
HTTP/1.1 200 OK
Content-Length: 58
Content-Type: application/json; charset=utf-8
cache-control: no-cache

14:26:00.937 [AsyncHttpClient-1-9] DEBUG org.asynchttpclient.netty.channel.ChannelManager - Adding key: http://localhost:29031 for channel [id: 0xb27c0939, L:/127.0.0.1:59000 - R:localhost/127.0.0.1:29031]
14:26:00.943 [main] DEBUG net.thucydides.core.steps.StepInterceptor - STARTING STEP: Afrexim_OurBank_Careers_Steps.click_the_filter_button - Click_Filter_Button
14:26:00.948 [Forwarding findElement on session c3c2e1b978153a935c07e7aea55f9690 to remote] DEBUG org.asynchttpclient.netty.request.NettyRequestSender - Using pooled Channel '[id: 0xb27c0939, L:/127.0.0.1:59000 - R:localhost/127.0.0.1:29031]' for 'POST' to 'http://localhost:29031/session/c3c2e1b978153a935c07e7aea55f9690/element'
14:26:00.948 [Forwarding findElement on session c3c2e1b978153a935c07e7aea55f9690 to remote] DEBUG org.asynchttpclient.netty.request.NettyRequestSender - Using open Channel [id: 0xb27c0939, L:/127.0.0.1:59000 - R:localhost/127.0.0.1:29031] for POST '/session/c3c2e1b978153a935c07e7aea55f9690/element'
14:26:00.969 [AsyncHttpClient-1-9] DEBUG org.asynchttpclient.netty.handler.HttpHandler - 

Request DefaultHttpRequest(decodeResult: success, version: HTTP/1.1)
POST /session/c3c2e1b978153a935c07e7aea55f9690/element HTTP/1.1
User-Agent: selenium/4.8.1 (java windows)
Content-Length: 72
Content-Type: application/json; charset=utf-8
host: localhost:29031
accept: */*

Response DefaultHttpResponse(decodeResult: success, version: HTTP/1.1)
HTTP/1.1 200 OK
Content-Length: 95
Content-Type: application/json; charset=utf-8
cache-control: no-cache

14:26:00.969 [AsyncHttpClient-1-9] DEBUG org.asynchttpclient.netty.channel.ChannelManager - Adding key: http://localhost:29031 for channel [id: 0xb27c0939, L:/127.0.0.1:59000 - R:localhost/127.0.0.1:29031]
14:26:00.976 [Forwarding getElementTagName on session c3c2e1b978153a935c07e7aea55f9690 to remote] DEBUG org.asynchttpclient.netty.request.NettyRequestSender - Using pooled Channel '[id: 0xb27c0939, L:/127.0.0.1:59000 - R:localhost/127.0.0.1:29031]' for 'GET' to 'http://localhost:29031/session/c3c2e1b978153a935c07e7aea55f9690/element/DA1EB85470724B0B8F52303378DBB781_element_91/name'
14:26:00.976 [Forwarding getElementTagName on session c3c2e1b978153a935c07e7aea55f9690 to remote] DEBUG org.asynchttpclient.netty.request.NettyRequestSender - Using open Channel [id: 0xb27c0939, L:/127.0.0.1:59000 - R:localhost/127.0.0.1:29031] for GET '/session/c3c2e1b978153a935c07e7aea55f9690/element/DA1EB85470724B0B8F52303378DBB781_element_91/name'
14:26:01.000 [AsyncHttpClient-1-9] DEBUG org.asynchttpclient.netty.handler.HttpHandler - 

Request DefaultFullHttpRequest(decodeResult: success, version: HTTP/1.1, content: EmptyByteBufBE)
GET /session/c3c2e1b978153a935c07e7aea55f9690/element/DA1EB85470724B0B8F52303378DBB781_element_91/name HTTP/1.1
User-Agent: selenium/4.8.1 (java windows)
Cache-Control: no-cache
Content-Type: application/json; charset=utf-8
host: localhost:29031
accept: */*

Response DefaultHttpResponse(decodeResult: success, version: HTTP/1.1)
HTTP/1.1 200 OK
Content-Length: 18
Content-Type: application/json; charset=utf-8
cache-control: no-cache

14:26:01.001 [AsyncHttpClient-1-9] DEBUG org.asynchttpclient.netty.channel.ChannelManager - Adding key: http://localhost:29031 for channel [id: 0xb27c0939, L:/127.0.0.1:59000 - R:localhost/127.0.0.1:29031]
14:26:01.003 [Forwarding getElementTagName on session c3c2e1b978153a935c07e7aea55f9690 to remote] DEBUG org.asynchttpclient.netty.request.NettyRequestSender - Using pooled Channel '[id: 0xb27c0939, L:/127.0.0.1:59000 - R:localhost/127.0.0.1:29031]' for 'GET' to 'http://localhost:29031/session/c3c2e1b978153a935c07e7aea55f9690/element/DA1EB85470724B0B8F52303378DBB781_element_91/name'
14:26:01.003 [Forwarding getElementTagName on session c3c2e1b978153a935c07e7aea55f9690 to remote] DEBUG org.asynchttpclient.netty.request.NettyRequestSender - Using open Channel [id: 0xb27c0939, L:/127.0.0.1:59000 - R:localhost/127.0.0.1:29031] for GET '/session/c3c2e1b978153a935c07e7aea55f9690/element/DA1EB85470724B0B8F52303378DBB781_element_91/name'
14:26:01.019 [AsyncHttpClient-1-9] DEBUG org.asynchttpclient.netty.handler.HttpHandler - 

Request DefaultFullHttpRequest(decodeResult: success, version: HTTP/1.1, content: EmptyByteBufBE)
GET /session/c3c2e1b978153a935c07e7aea55f9690/element/DA1EB85470724B0B8F52303378DBB781_element_91/name HTTP/1.1
User-Agent: selenium/4.8.1 (java windows)
Cache-Control: no-cache
Content-Type: application/json; charset=utf-8
host: localhost:29031
accept: */*

Response DefaultHttpResponse(decodeResult: success, version: HTTP/1.1)
HTTP/1.1 200 OK
Content-Length: 18
Content-Type: application/json; charset=utf-8
cache-control: no-cache

14:26:01.023 [AsyncHttpClient-1-9] DEBUG org.asynchttpclient.netty.channel.ChannelManager - Adding key: http://localhost:29031 for channel [id: 0xb27c0939, L:/127.0.0.1:59000 - R:localhost/127.0.0.1:29031]
14:26:01.029 [Forwarding isElementEnabled on session c3c2e1b978153a935c07e7aea55f9690 to remote] DEBUG org.asynchttpclient.netty.request.NettyRequestSender - Using pooled Channel '[id: 0xb27c0939, L:/127.0.0.1:59000 - R:localhost/127.0.0.1:29031]' for 'GET' to 'http://localhost:29031/session/c3c2e1b978153a935c07e7aea55f9690/element/DA1EB85470724B0B8F52303378DBB781_element_91/enabled'
14:26:01.029 [Forwarding isElementEnabled on session c3c2e1b978153a935c07e7aea55f9690 to remote] DEBUG org.asynchttpclient.netty.request.NettyRequestSender - Using open Channel [id: 0xb27c0939, L:/127.0.0.1:59000 - R:localhost/127.0.0.1:29031] for GET '/session/c3c2e1b978153a935c07e7aea55f9690/element/DA1EB85470724B0B8F52303378DBB781_element_91/enabled'
14:26:01.057 [AsyncHttpClient-1-9] DEBUG org.asynchttpclient.netty.handler.HttpHandler - 

Request DefaultFullHttpRequest(decodeResult: success, version: HTTP/1.1, content: EmptyByteBufBE)
GET /session/c3c2e1b978153a935c07e7aea55f9690/element/DA1EB85470724B0B8F52303378DBB781_element_91/enabled HTTP/1.1
User-Agent: selenium/4.8.1 (java windows)
Cache-Control: no-cache
Content-Type: application/json; charset=utf-8
host: localhost:29031
accept: */*

Response DefaultHttpResponse(decodeResult: success, version: HTTP/1.1)
HTTP/1.1 200 OK
Content-Length: 14
Content-Type: application/json; charset=utf-8
cache-control: no-cache

14:26:01.057 [AsyncHttpClient-1-9] DEBUG org.asynchttpclient.netty.channel.ChannelManager - Adding key: http://localhost:29031 for channel [id: 0xb27c0939, L:/127.0.0.1:59000 - R:localhost/127.0.0.1:29031]
14:26:01.066 [Forwarding isElementEnabled on session c3c2e1b978153a935c07e7aea55f9690 to remote] DEBUG org.asynchttpclient.netty.request.NettyRequestSender - Using pooled Channel '[id: 0xb27c0939, L:/127.0.0.1:59000 - R:localhost/127.0.0.1:29031]' for 'GET' to 'http://localhost:29031/session/c3c2e1b978153a935c07e7aea55f9690/element/DA1EB85470724B0B8F52303378DBB781_element_91/enabled'
14:26:01.066 [Forwarding isElementEnabled on session c3c2e1b978153a935c07e7aea55f9690 to remote] DEBUG org.asynchttpclient.netty.request.NettyRequestSender - Using open Channel [id: 0xb27c0939, L:/127.0.0.1:59000 - R:localhost/127.0.0.1:29031] for GET '/session/c3c2e1b978153a935c07e7aea55f9690/element/DA1EB85470724B0B8F52303378DBB781_element_91/enabled'
14:26:01.100 [AsyncHttpClient-1-9] DEBUG org.asynchttpclient.netty.handler.HttpHandler - 

Request DefaultFullHttpRequest(decodeResult: success, version: HTTP/1.1, content: EmptyByteBufBE)
GET /session/c3c2e1b978153a935c07e7aea55f9690/element/DA1EB85470724B0B8F52303378DBB781_element_91/enabled HTTP/1.1
User-Agent: selenium/4.8.1 (java windows)
Cache-Control: no-cache
Content-Type: application/json; charset=utf-8
host: localhost:29031
accept: */*

Response DefaultHttpResponse(decodeResult: success, version: HTTP/1.1)
HTTP/1.1 200 OK
Content-Length: 14
Content-Type: application/json; charset=utf-8
cache-control: no-cache

14:26:01.100 [AsyncHttpClient-1-9] DEBUG org.asynchttpclient.netty.channel.ChannelManager - Adding key: http://localhost:29031 for channel [id: 0xb27c0939, L:/127.0.0.1:59000 - R:localhost/127.0.0.1:29031]
14:26:01.100 [Forwarding findElement on session c3c2e1b978153a935c07e7aea55f9690 to remote] DEBUG org.asynchttpclient.netty.request.NettyRequestSender - Using pooled Channel '[id: 0xb27c0939, L:/127.0.0.1:59000 - R:localhost/127.0.0.1:29031]' for 'POST' to 'http://localhost:29031/session/c3c2e1b978153a935c07e7aea55f9690/element'
14:26:01.100 [Forwarding findElement on session c3c2e1b978153a935c07e7aea55f9690 to remote] DEBUG org.asynchttpclient.netty.request.NettyRequestSender - Using open Channel [id: 0xb27c0939, L:/127.0.0.1:59000 - R:localhost/127.0.0.1:29031] for POST '/session/c3c2e1b978153a935c07e7aea55f9690/element'
14:26:01.127 [AsyncHttpClient-1-9] DEBUG org.asynchttpclient.netty.handler.HttpHandler - 

Request DefaultHttpRequest(decodeResult: success, version: HTTP/1.1)
POST /session/c3c2e1b978153a935c07e7aea55f9690/element HTTP/1.1
User-Agent: selenium/4.8.1 (java windows)
Content-Length: 72
Content-Type: application/json; charset=utf-8
host: localhost:29031
accept: */*

Response DefaultHttpResponse(decodeResult: success, version: HTTP/1.1)
HTTP/1.1 200 OK
Content-Length: 95
Content-Type: application/json; charset=utf-8
cache-control: no-cache

14:26:01.127 [AsyncHttpClient-1-9] DEBUG org.asynchttpclient.netty.channel.ChannelManager - Adding key: http://localhost:29031 for channel [id: 0xb27c0939, L:/127.0.0.1:59000 - R:localhost/127.0.0.1:29031]
14:26:01.129 [Forwarding clickElement on session c3c2e1b978153a935c07e7aea55f9690 to remote] DEBUG org.asynchttpclient.netty.request.NettyRequestSender - Using pooled Channel '[id: 0xb27c0939, L:/127.0.0.1:59000 - R:localhost/127.0.0.1:29031]' for 'POST' to 'http://localhost:29031/session/c3c2e1b978153a935c07e7aea55f9690/element/DA1EB85470724B0B8F52303378DBB781_element_91/click'
14:26:01.129 [Forwarding clickElement on session c3c2e1b978153a935c07e7aea55f9690 to remote] DEBUG org.asynchttpclient.netty.request.NettyRequestSender - Using open Channel [id: 0xb27c0939, L:/127.0.0.1:59000 - R:localhost/127.0.0.1:29031] for POST '/session/c3c2e1b978153a935c07e7aea55f9690/element/DA1EB85470724B0B8F52303378DBB781_element_91/click'
14:26:01.321 [AsyncHttpClient-1-9] DEBUG org.asynchttpclient.netty.handler.HttpHandler - 

Request DefaultHttpRequest(decodeResult: success, version: HTTP/1.1)
POST /session/c3c2e1b978153a935c07e7aea55f9690/element/DA1EB85470724B0B8F52303378DBB781_element_91/click HTTP/1.1
User-Agent: selenium/4.8.1 (java windows)
Content-Length: 57
Content-Type: application/json; charset=utf-8
host: localhost:29031
accept: */*

Response DefaultHttpResponse(decodeResult: success, version: HTTP/1.1)
HTTP/1.1 200 OK
Content-Length: 14
Content-Type: application/json; charset=utf-8
cache-control: no-cache

14:26:01.321 [AsyncHttpClient-1-9] DEBUG org.asynchttpclient.netty.channel.ChannelManager - Adding key: http://localhost:29031 for channel [id: 0xb27c0939, L:/127.0.0.1:59000 - R:localhost/127.0.0.1:29031]
14:26:01.353 [Forwarding getAlertText on session c3c2e1b978153a935c07e7aea55f9690 to remote] DEBUG org.asynchttpclient.netty.request.NettyRequestSender - Using pooled Channel '[id: 0xb27c0939, L:/127.0.0.1:59000 - R:localhost/127.0.0.1:29031]' for 'GET' to 'http://localhost:29031/session/c3c2e1b978153a935c07e7aea55f9690/alert/text'
14:26:01.353 [Forwarding getAlertText on session c3c2e1b978153a935c07e7aea55f9690 to remote] DEBUG org.asynchttpclient.netty.request.NettyRequestSender - Using open Channel [id: 0xb27c0939, L:/127.0.0.1:59000 - R:localhost/127.0.0.1:29031] for GET '/session/c3c2e1b978153a935c07e7aea55f9690/alert/text'
14:26:01.378 [AsyncHttpClient-1-9] DEBUG org.asynchttpclient.netty.handler.HttpHandler - 

Request DefaultFullHttpRequest(decodeResult: success, version: HTTP/1.1, content: EmptyByteBufBE)
GET /session/c3c2e1b978153a935c07e7aea55f9690/alert/text HTTP/1.1
User-Agent: selenium/4.8.1 (java windows)
Cache-Control: no-cache
Content-Type: application/json; charset=utf-8
host: localhost:29031
accept: */*

Response DefaultHttpResponse(decodeResult: success, version: HTTP/1.1)
HTTP/1.1 404 Not Found
Content-Length: 821
Content-Type: application/json; charset=utf-8
cache-control: no-cache

14:26:01.378 [AsyncHttpClient-1-9] DEBUG org.asynchttpclient.netty.channel.ChannelManager - Adding key: http://localhost:29031 for channel [id: 0xb27c0939, L:/127.0.0.1:59000 - R:localhost/127.0.0.1:29031]
14:26:01.378 [Forwarding getCurrentUrl on session c3c2e1b978153a935c07e7aea55f9690 to remote] DEBUG org.asynchttpclient.netty.request.NettyRequestSender - Using pooled Channel '[id: 0xb27c0939, L:/127.0.0.1:59000 - R:localhost/127.0.0.1:29031]' for 'GET' to 'http://localhost:29031/session/c3c2e1b978153a935c07e7aea55f9690/url'
14:26:01.378 [Forwarding getCurrentUrl on session c3c2e1b978153a935c07e7aea55f9690 to remote] DEBUG org.asynchttpclient.netty.request.NettyRequestSender - Using open Channel [id: 0xb27c0939, L:/127.0.0.1:59000 - R:localhost/127.0.0.1:29031] for GET '/session/c3c2e1b978153a935c07e7aea55f9690/url'
14:26:01.479 [AsyncHttpClient-1-9] DEBUG org.asynchttpclient.netty.handler.HttpHandler - 

Request DefaultFullHttpRequest(decodeResult: success, version: HTTP/1.1, content: EmptyByteBufBE)
GET /session/c3c2e1b978153a935c07e7aea55f9690/url HTTP/1.1
User-Agent: selenium/4.8.1 (java windows)
Cache-Control: no-cache
Content-Type: application/json; charset=utf-8
host: localhost:29031
accept: */*

Response DefaultHttpResponse(decodeResult: success, version: HTTP/1.1)
HTTP/1.1 200 OK
Content-Length: 58
Content-Type: application/json; charset=utf-8
cache-control: no-cache

14:26:01.479 [AsyncHttpClient-1-9] DEBUG org.asynchttpclient.netty.channel.ChannelManager - Adding key: http://localhost:29031 for channel [id: 0xb27c0939, L:/127.0.0.1:59000 - R:localhost/127.0.0.1:29031]
14:26:01.480 [Forwarding screenshot on session c3c2e1b978153a935c07e7aea55f9690 to remote] DEBUG org.asynchttpclient.netty.request.NettyRequestSender - Using pooled Channel '[id: 0xb27c0939, L:/127.0.0.1:59000 - R:localhost/127.0.0.1:29031]' for 'GET' to 'http://localhost:29031/session/c3c2e1b978153a935c07e7aea55f9690/screenshot'
14:26:01.481 [Forwarding screenshot on session c3c2e1b978153a935c07e7aea55f9690 to remote] DEBUG org.asynchttpclient.netty.request.NettyRequestSender - Using open Channel [id: 0xb27c0939, L:/127.0.0.1:59000 - R:localhost/127.0.0.1:29031] for GET '/session/c3c2e1b978153a935c07e7aea55f9690/screenshot'
14:26:01.781 [AsyncHttpClient-1-9] DEBUG org.asynchttpclient.netty.handler.HttpHandler - 

Request DefaultFullHttpRequest(decodeResult: success, version: HTTP/1.1, content: EmptyByteBufBE)
GET /session/c3c2e1b978153a935c07e7aea55f9690/screenshot HTTP/1.1
User-Agent: selenium/4.8.1 (java windows)
Cache-Control: no-cache
Content-Type: application/json; charset=utf-8
host: localhost:29031
accept: */*

Response DefaultHttpResponse(decodeResult: success, version: HTTP/1.1)
HTTP/1.1 200 OK
Content-Length: 196836
Content-Type: application/json; charset=utf-8
cache-control: no-cache

14:26:01.789 [AsyncHttpClient-1-9] DEBUG org.asynchttpclient.netty.channel.ChannelManager - Adding key: http://localhost:29031 for channel [id: 0xb27c0939, L:/127.0.0.1:59000 - R:localhost/127.0.0.1:29031]
14:26:01.795 [AsyncHttpClient-1-1] DEBUG org.asynchttpclient.netty.channel.DefaultChannelPool - Entry count for : http://localhost:59001 : 1
14:26:01.795 [AsyncHttpClient-1-1] DEBUG org.asynchttpclient.netty.channel.DefaultChannelPool - Entry count for : http://localhost:29031 : 1
14:26:01.797 [main] DEBUG net.serenitybdd.core.photography.Darkroom - Send negative for processing for target\site\serenity\6340d34dc3565edd462297947a38d6357671aaaa6b0a7eeb9800d11a163865b5.png
14:26:01.801 [main] DEBUG net.thucydides.core.steps.StepInterceptor - STEP DONE: Click_Filter_Button
14:26:01.801 [Darkroom Processing Line] DEBUG net.serenitybdd.core.photography.DarkroomProcessingLine - Processing screenshot image in /var/screenshots/screenshot-1598088404495878187
14:26:01.801 [Darkroom Processing Line] DEBUG net.serenitybdd.core.photography.DarkroomProcessingLine - Saving screenshot to target\site\serenity\6340d34dc3565edd462297947a38d6357671aaaa6b0a7eeb9800d11a163865b5.png
14:26:01.823 [Forwarding getPageSource on session c3c2e1b978153a935c07e7aea55f9690 to remote] DEBUG org.asynchttpclient.netty.request.NettyRequestSender - Using pooled Channel '[id: 0xb27c0939, L:/127.0.0.1:59000 - R:localhost/127.0.0.1:29031]' for 'POST' to 'http://localhost:29031/session/c3c2e1b978153a935c07e7aea55f9690/execute/sync'
14:26:01.823 [Forwarding getPageSource on session c3c2e1b978153a935c07e7aea55f9690 to remote] DEBUG org.asynchttpclient.netty.request.NettyRequestSender - Using open Channel [id: 0xb27c0939, L:/127.0.0.1:59000 - R:localhost/127.0.0.1:29031] for POST '/session/c3c2e1b978153a935c07e7aea55f9690/execute/sync'
14:26:01.855 [AsyncHttpClient-1-9] DEBUG org.asynchttpclient.netty.handler.HttpHandler - 

Request DefaultHttpRequest(decodeResult: success, version: HTTP/1.1)
POST /session/c3c2e1b978153a935c07e7aea55f9690/execute/sync HTTP/1.1
User-Agent: selenium/4.8.1 (java windows)
Content-Length: 176
Content-Type: application/json; charset=utf-8
host: localhost:29031
accept: */*

Response DefaultHttpResponse(decodeResult: success, version: HTTP/1.1)
HTTP/1.1 200 OK
Content-Length: 71774
Content-Type: application/json; charset=utf-8
cache-control: no-cache

14:26:01.855 [AsyncHttpClient-1-9] DEBUG org.asynchttpclient.netty.channel.ChannelManager - Adding key: http://localhost:29031 for channel [id: 0xb27c0939, L:/127.0.0.1:59000 - R:localhost/127.0.0.1:29031]
14:26:01.871 [Forwarding getCurrentUrl on session c3c2e1b978153a935c07e7aea55f9690 to remote] DEBUG org.asynchttpclient.netty.request.NettyRequestSender - Using pooled Channel '[id: 0xb27c0939, L:/127.0.0.1:59000 - R:localhost/127.0.0.1:29031]' for 'GET' to 'http://localhost:29031/session/c3c2e1b978153a935c07e7aea55f9690/url'
14:26:01.871 [Forwarding getCurrentUrl on session c3c2e1b978153a935c07e7aea55f9690 to remote] DEBUG org.asynchttpclient.netty.request.NettyRequestSender - Using open Channel [id: 0xb27c0939, L:/127.0.0.1:59000 - R:localhost/127.0.0.1:29031] for GET '/session/c3c2e1b978153a935c07e7aea55f9690/url'
14:26:01.887 [AsyncHttpClient-1-9] DEBUG org.asynchttpclient.netty.handler.HttpHandler - 

Request DefaultFullHttpRequest(decodeResult: success, version: HTTP/1.1, content: EmptyByteBufBE)
GET /session/c3c2e1b978153a935c07e7aea55f9690/url HTTP/1.1
User-Agent: selenium/4.8.1 (java windows)
Cache-Control: no-cache
Content-Type: application/json; charset=utf-8
host: localhost:29031
accept: */*

Response DefaultHttpResponse(decodeResult: success, version: HTTP/1.1)
HTTP/1.1 200 OK
Content-Length: 58
Content-Type: application/json; charset=utf-8
cache-control: no-cache

14:26:01.887 [AsyncHttpClient-1-9] DEBUG org.asynchttpclient.netty.channel.ChannelManager - Adding key: http://localhost:29031 for channel [id: 0xb27c0939, L:/127.0.0.1:59000 - R:localhost/127.0.0.1:29031]
14:26:01.905 [Forwarding getAlertText on session c3c2e1b978153a935c07e7aea55f9690 to remote] DEBUG org.asynchttpclient.netty.request.NettyRequestSender - Using pooled Channel '[id: 0xb27c0939, L:/127.0.0.1:59000 - R:localhost/127.0.0.1:29031]' for 'GET' to 'http://localhost:29031/session/c3c2e1b978153a935c07e7aea55f9690/alert/text'
14:26:01.905 [Forwarding getAlertText on session c3c2e1b978153a935c07e7aea55f9690 to remote] DEBUG org.asynchttpclient.netty.request.NettyRequestSender - Using open Channel [id: 0xb27c0939, L:/127.0.0.1:59000 - R:localhost/127.0.0.1:29031] for GET '/session/c3c2e1b978153a935c07e7aea55f9690/alert/text'
14:26:01.908 [AsyncHttpClient-1-9] DEBUG org.asynchttpclient.netty.handler.HttpHandler - 

Request DefaultFullHttpRequest(decodeResult: success, version: HTTP/1.1, content: EmptyByteBufBE)
GET /session/c3c2e1b978153a935c07e7aea55f9690/alert/text HTTP/1.1
User-Agent: selenium/4.8.1 (java windows)
Cache-Control: no-cache
Content-Type: application/json; charset=utf-8
host: localhost:29031
accept: */*

Response DefaultHttpResponse(decodeResult: success, version: HTTP/1.1)
HTTP/1.1 404 Not Found
Content-Length: 821
Content-Type: application/json; charset=utf-8
cache-control: no-cache

14:26:01.908 [AsyncHttpClient-1-9] DEBUG org.asynchttpclient.netty.channel.ChannelManager - Adding key: http://localhost:29031 for channel [id: 0xb27c0939, L:/127.0.0.1:59000 - R:localhost/127.0.0.1:29031]
14:26:01.913 [Forwarding getCurrentUrl on session c3c2e1b978153a935c07e7aea55f9690 to remote] DEBUG org.asynchttpclient.netty.request.NettyRequestSender - Using pooled Channel '[id: 0xb27c0939, L:/127.0.0.1:59000 - R:localhost/127.0.0.1:29031]' for 'GET' to 'http://localhost:29031/session/c3c2e1b978153a935c07e7aea55f9690/url'
14:26:01.913 [Forwarding getCurrentUrl on session c3c2e1b978153a935c07e7aea55f9690 to remote] DEBUG org.asynchttpclient.netty.request.NettyRequestSender - Using open Channel [id: 0xb27c0939, L:/127.0.0.1:59000 - R:localhost/127.0.0.1:29031] for GET '/session/c3c2e1b978153a935c07e7aea55f9690/url'
14:26:01.928 [AsyncHttpClient-1-9] DEBUG org.asynchttpclient.netty.handler.HttpHandler - 

Request DefaultFullHttpRequest(decodeResult: success, version: HTTP/1.1, content: EmptyByteBufBE)
GET /session/c3c2e1b978153a935c07e7aea55f9690/url HTTP/1.1
User-Agent: selenium/4.8.1 (java windows)
Cache-Control: no-cache
Content-Type: application/json; charset=utf-8
host: localhost:29031
accept: */*

Response DefaultHttpResponse(decodeResult: success, version: HTTP/1.1)
HTTP/1.1 200 OK
Content-Length: 58
Content-Type: application/json; charset=utf-8
cache-control: no-cache

14:26:01.929 [AsyncHttpClient-1-9] DEBUG org.asynchttpclient.netty.channel.ChannelManager - Adding key: http://localhost:29031 for channel [id: 0xb27c0939, L:/127.0.0.1:59000 - R:localhost/127.0.0.1:29031]
14:26:01.934 [Forwarding screenshot on session c3c2e1b978153a935c07e7aea55f9690 to remote] DEBUG org.asynchttpclient.netty.request.NettyRequestSender - Using pooled Channel '[id: 0xb27c0939, L:/127.0.0.1:59000 - R:localhost/127.0.0.1:29031]' for 'GET' to 'http://localhost:29031/session/c3c2e1b978153a935c07e7aea55f9690/screenshot'
14:26:01.934 [Forwarding screenshot on session c3c2e1b978153a935c07e7aea55f9690 to remote] DEBUG org.asynchttpclient.netty.request.NettyRequestSender - Using open Channel [id: 0xb27c0939, L:/127.0.0.1:59000 - R:localhost/127.0.0.1:29031] for GET '/session/c3c2e1b978153a935c07e7aea55f9690/screenshot'
14:26:02.174 [AsyncHttpClient-1-9] DEBUG org.asynchttpclient.netty.handler.HttpHandler - 

Request DefaultFullHttpRequest(decodeResult: success, version: HTTP/1.1, content: EmptyByteBufBE)
GET /session/c3c2e1b978153a935c07e7aea55f9690/screenshot HTTP/1.1
User-Agent: selenium/4.8.1 (java windows)
Cache-Control: no-cache
Content-Type: application/json; charset=utf-8
host: localhost:29031
accept: */*

Response DefaultHttpResponse(decodeResult: success, version: HTTP/1.1)
HTTP/1.1 200 OK
Content-Length: 196836
Content-Type: application/json; charset=utf-8
cache-control: no-cache

14:26:02.174 [AsyncHttpClient-1-9] DEBUG org.asynchttpclient.netty.channel.ChannelManager - Adding key: http://localhost:29031 for channel [id: 0xb27c0939, L:/127.0.0.1:59000 - R:localhost/127.0.0.1:29031]
14:26:02.185 [main] DEBUG net.serenitybdd.core.photography.Darkroom - Send negative for processing for target\site\serenity\6340d34dc3565edd462297947a38d6357671aaaa6b0a7eeb9800d11a163865b5.png
14:26:02.191 [Forwarding getPageSource on session c3c2e1b978153a935c07e7aea55f9690 to remote] DEBUG org.asynchttpclient.netty.request.NettyRequestSender - Using pooled Channel '[id: 0xb27c0939, L:/127.0.0.1:59000 - R:localhost/127.0.0.1:29031]' for 'POST' to 'http://localhost:29031/session/c3c2e1b978153a935c07e7aea55f9690/execute/sync'
14:26:02.191 [Forwarding getPageSource on session c3c2e1b978153a935c07e7aea55f9690 to remote] DEBUG org.asynchttpclient.netty.request.NettyRequestSender - Using open Channel [id: 0xb27c0939, L:/127.0.0.1:59000 - R:localhost/127.0.0.1:29031] for POST '/session/c3c2e1b978153a935c07e7aea55f9690/execute/sync'
14:26:02.222 [AsyncHttpClient-1-9] DEBUG org.asynchttpclient.netty.handler.HttpHandler - 

Request DefaultHttpRequest(decodeResult: success, version: HTTP/1.1)
POST /session/c3c2e1b978153a935c07e7aea55f9690/execute/sync HTTP/1.1
User-Agent: selenium/4.8.1 (java windows)
Content-Length: 176
Content-Type: application/json; charset=utf-8
host: localhost:29031
accept: */*

Response DefaultHttpResponse(decodeResult: success, version: HTTP/1.1)
HTTP/1.1 200 OK
Content-Length: 77047
Content-Type: application/json; charset=utf-8
cache-control: no-cache

14:26:02.222 [AsyncHttpClient-1-9] DEBUG org.asynchttpclient.netty.channel.ChannelManager - Adding key: http://localhost:29031 for channel [id: 0xb27c0939, L:/127.0.0.1:59000 - R:localhost/127.0.0.1:29031]
14:26:02.233 [Forwarding getCurrentUrl on session c3c2e1b978153a935c07e7aea55f9690 to remote] DEBUG org.asynchttpclient.netty.request.NettyRequestSender - Using pooled Channel '[id: 0xb27c0939, L:/127.0.0.1:59000 - R:localhost/127.0.0.1:29031]' for 'GET' to 'http://localhost:29031/session/c3c2e1b978153a935c07e7aea55f9690/url'
14:26:02.233 [Forwarding getCurrentUrl on session c3c2e1b978153a935c07e7aea55f9690 to remote] DEBUG org.asynchttpclient.netty.request.NettyRequestSender - Using open Channel [id: 0xb27c0939, L:/127.0.0.1:59000 - R:localhost/127.0.0.1:29031] for GET '/session/c3c2e1b978153a935c07e7aea55f9690/url'
14:26:02.243 [AsyncHttpClient-1-9] DEBUG org.asynchttpclient.netty.handler.HttpHandler - 

Request DefaultFullHttpRequest(decodeResult: success, version: HTTP/1.1, content: EmptyByteBufBE)
GET /session/c3c2e1b978153a935c07e7aea55f9690/url HTTP/1.1
User-Agent: selenium/4.8.1 (java windows)
Cache-Control: no-cache
Content-Type: application/json; charset=utf-8
host: localhost:29031
accept: */*

Response DefaultHttpResponse(decodeResult: success, version: HTTP/1.1)
HTTP/1.1 200 OK
Content-Length: 58
Content-Type: application/json; charset=utf-8
cache-control: no-cache

14:26:02.243 [AsyncHttpClient-1-9] DEBUG org.asynchttpclient.netty.channel.ChannelManager - Adding key: http://localhost:29031 for channel [id: 0xb27c0939, L:/127.0.0.1:59000 - R:localhost/127.0.0.1:29031]
14:26:02.243 [main] DEBUG net.thucydides.core.steps.StepInterceptor - STARTING STEP: Afrexim_OurBank_Careers_Steps.validate_the_job_search_results - Validate_jobsearchresults
14:26:02.243 [Forwarding findElement on session c3c2e1b978153a935c07e7aea55f9690 to remote] DEBUG org.asynchttpclient.netty.request.NettyRequestSender - Using pooled Channel '[id: 0xb27c0939, L:/127.0.0.1:59000 - R:localhost/127.0.0.1:29031]' for 'POST' to 'http://localhost:29031/session/c3c2e1b978153a935c07e7aea55f9690/element'
14:26:02.243 [Forwarding findElement on session c3c2e1b978153a935c07e7aea55f9690 to remote] DEBUG org.asynchttpclient.netty.request.NettyRequestSender - Using open Channel [id: 0xb27c0939, L:/127.0.0.1:59000 - R:localhost/127.0.0.1:29031] for POST '/session/c3c2e1b978153a935c07e7aea55f9690/element'
14:26:02.310 [AsyncHttpClient-1-9] DEBUG org.asynchttpclient.netty.handler.HttpHandler - 

Request DefaultHttpRequest(decodeResult: success, version: HTTP/1.1)
POST /session/c3c2e1b978153a935c07e7aea55f9690/element HTTP/1.1
User-Agent: selenium/4.8.1 (java windows)
Content-Length: 80
Content-Type: application/json; charset=utf-8
host: localhost:29031
accept: */*

Response DefaultHttpResponse(decodeResult: success, version: HTTP/1.1)
HTTP/1.1 200 OK
Content-Length: 95
Content-Type: application/json; charset=utf-8
cache-control: no-cache

14:26:02.310 [AsyncHttpClient-1-9] DEBUG org.asynchttpclient.netty.channel.ChannelManager - Adding key: http://localhost:29031 for channel [id: 0xb27c0939, L:/127.0.0.1:59000 - R:localhost/127.0.0.1:29031]
14:26:02.313 [Forwarding isElementDisplayed on session c3c2e1b978153a935c07e7aea55f9690 to remote] DEBUG org.asynchttpclient.netty.request.NettyRequestSender - Using pooled Channel '[id: 0xb27c0939, L:/127.0.0.1:59000 - R:localhost/127.0.0.1:29031]' for 'POST' to 'http://localhost:29031/session/c3c2e1b978153a935c07e7aea55f9690/execute/sync'
14:26:02.318 [Forwarding isElementDisplayed on session c3c2e1b978153a935c07e7aea55f9690 to remote] DEBUG org.asynchttpclient.netty.request.NettyRequestSender - Using open Channel [id: 0xb27c0939, L:/127.0.0.1:59000 - R:localhost/127.0.0.1:29031] for POST '/session/c3c2e1b978153a935c07e7aea55f9690/execute/sync'
14:26:02.350 [AsyncHttpClient-1-9] DEBUG org.asynchttpclient.netty.handler.HttpHandler - 

Request DefaultHttpRequest(decodeResult: success, version: HTTP/1.1)
POST /session/c3c2e1b978153a935c07e7aea55f9690/execute/sync HTTP/1.1
User-Agent: selenium/4.8.1 (java windows)
Content-Length: 48814
Content-Type: application/json; charset=utf-8
host: localhost:29031
accept: */*

Response DefaultHttpResponse(decodeResult: success, version: HTTP/1.1)
HTTP/1.1 200 OK
Content-Length: 14
Content-Type: application/json; charset=utf-8
cache-control: no-cache

14:26:02.350 [AsyncHttpClient-1-9] DEBUG org.asynchttpclient.netty.channel.ChannelManager - Adding key: http://localhost:29031 for channel [id: 0xb27c0939, L:/127.0.0.1:59000 - R:localhost/127.0.0.1:29031]
14:26:02.358 [Forwarding getAlertText on session c3c2e1b978153a935c07e7aea55f9690 to remote] DEBUG org.asynchttpclient.netty.request.NettyRequestSender - Using pooled Channel '[id: 0xb27c0939, L:/127.0.0.1:59000 - R:localhost/127.0.0.1:29031]' for 'GET' to 'http://localhost:29031/session/c3c2e1b978153a935c07e7aea55f9690/alert/text'
14:26:02.358 [Forwarding getAlertText on session c3c2e1b978153a935c07e7aea55f9690 to remote] DEBUG org.asynchttpclient.netty.request.NettyRequestSender - Using open Channel [id: 0xb27c0939, L:/127.0.0.1:59000 - R:localhost/127.0.0.1:29031] for GET '/session/c3c2e1b978153a935c07e7aea55f9690/alert/text'
14:26:02.366 [AsyncHttpClient-1-9] DEBUG org.asynchttpclient.netty.handler.HttpHandler - 

Request DefaultFullHttpRequest(decodeResult: success, version: HTTP/1.1, content: EmptyByteBufBE)
GET /session/c3c2e1b978153a935c07e7aea55f9690/alert/text HTTP/1.1
User-Agent: selenium/4.8.1 (java windows)
Cache-Control: no-cache
Content-Type: application/json; charset=utf-8
host: localhost:29031
accept: */*

Response DefaultHttpResponse(decodeResult: success, version: HTTP/1.1)
HTTP/1.1 404 Not Found
Content-Length: 821
Content-Type: application/json; charset=utf-8
cache-control: no-cache

14:26:02.366 [AsyncHttpClient-1-9] DEBUG org.asynchttpclient.netty.channel.ChannelManager - Adding key: http://localhost:29031 for channel [id: 0xb27c0939, L:/127.0.0.1:59000 - R:localhost/127.0.0.1:29031]
14:26:02.366 [Forwarding getCurrentUrl on session c3c2e1b978153a935c07e7aea55f9690 to remote] DEBUG org.asynchttpclient.netty.request.NettyRequestSender - Using pooled Channel '[id: 0xb27c0939, L:/127.0.0.1:59000 - R:localhost/127.0.0.1:29031]' for 'GET' to 'http://localhost:29031/session/c3c2e1b978153a935c07e7aea55f9690/url'
14:26:02.366 [Forwarding getCurrentUrl on session c3c2e1b978153a935c07e7aea55f9690 to remote] DEBUG org.asynchttpclient.netty.request.NettyRequestSender - Using open Channel [id: 0xb27c0939, L:/127.0.0.1:59000 - R:localhost/127.0.0.1:29031] for GET '/session/c3c2e1b978153a935c07e7aea55f9690/url'
14:26:02.390 [AsyncHttpClient-1-9] DEBUG org.asynchttpclient.netty.handler.HttpHandler - 

Request DefaultFullHttpRequest(decodeResult: success, version: HTTP/1.1, content: EmptyByteBufBE)
GET /session/c3c2e1b978153a935c07e7aea55f9690/url HTTP/1.1
User-Agent: selenium/4.8.1 (java windows)
Cache-Control: no-cache
Content-Type: application/json; charset=utf-8
host: localhost:29031
accept: */*

Response DefaultHttpResponse(decodeResult: success, version: HTTP/1.1)
HTTP/1.1 200 OK
Content-Length: 58
Content-Type: application/json; charset=utf-8
cache-control: no-cache

14:26:02.390 [AsyncHttpClient-1-9] DEBUG org.asynchttpclient.netty.channel.ChannelManager - Adding key: http://localhost:29031 for channel [id: 0xb27c0939, L:/127.0.0.1:59000 - R:localhost/127.0.0.1:29031]
14:26:02.390 [Forwarding screenshot on session c3c2e1b978153a935c07e7aea55f9690 to remote] DEBUG org.asynchttpclient.netty.request.NettyRequestSender - Using pooled Channel '[id: 0xb27c0939, L:/127.0.0.1:59000 - R:localhost/127.0.0.1:29031]' for 'GET' to 'http://localhost:29031/session/c3c2e1b978153a935c07e7aea55f9690/screenshot'
14:26:02.390 [Forwarding screenshot on session c3c2e1b978153a935c07e7aea55f9690 to remote] DEBUG org.asynchttpclient.netty.request.NettyRequestSender - Using open Channel [id: 0xb27c0939, L:/127.0.0.1:59000 - R:localhost/127.0.0.1:29031] for GET '/session/c3c2e1b978153a935c07e7aea55f9690/screenshot'
14:26:02.590 [AsyncHttpClient-1-9] DEBUG org.asynchttpclient.netty.handler.HttpHandler - 

Request DefaultFullHttpRequest(decodeResult: success, version: HTTP/1.1, content: EmptyByteBufBE)
GET /session/c3c2e1b978153a935c07e7aea55f9690/screenshot HTTP/1.1
User-Agent: selenium/4.8.1 (java windows)
Cache-Control: no-cache
Content-Type: application/json; charset=utf-8
host: localhost:29031
accept: */*

Response DefaultHttpResponse(decodeResult: success, version: HTTP/1.1)
HTTP/1.1 200 OK
Content-Length: 313300
Content-Type: application/json; charset=utf-8
cache-control: no-cache

14:26:02.590 [AsyncHttpClient-1-9] DEBUG org.asynchttpclient.netty.channel.ChannelManager - Adding key: http://localhost:29031 for channel [id: 0xb27c0939, L:/127.0.0.1:59000 - R:localhost/127.0.0.1:29031]
14:26:02.601 [main] DEBUG net.serenitybdd.core.photography.Darkroom - Send negative for processing for target\site\serenity\e27b0d0746452ff3600f67503f98d8bab2c8fb92a014b379abfae0a15ea0c744.png
14:26:02.601 [main] DEBUG net.thucydides.core.steps.StepInterceptor - STEP DONE: Validate_jobsearchresults
14:26:02.601 [Darkroom Processing Line] DEBUG net.serenitybdd.core.photography.DarkroomProcessingLine - Processing screenshot image in /var/screenshots/screenshot-7560327702949835949
14:26:02.601 [Darkroom Processing Line] DEBUG net.serenitybdd.core.photography.DarkroomProcessingLine - Saving screenshot to target\site\serenity\e27b0d0746452ff3600f67503f98d8bab2c8fb92a014b379abfae0a15ea0c744.png
14:26:02.899 [AsyncHttpClient-1-1] DEBUG org.asynchttpclient.netty.channel.DefaultChannelPool - Entry count for : http://localhost:59001 : 1
14:26:02.899 [AsyncHttpClient-1-1] DEBUG org.asynchttpclient.netty.channel.DefaultChannelPool - Entry count for : http://localhost:29031 : 1
14:26:03.994 [AsyncHttpClient-1-1] DEBUG org.asynchttpclient.netty.channel.DefaultChannelPool - Entry count for : http://localhost:59001 : 1
14:26:03.994 [AsyncHttpClient-1-1] DEBUG org.asynchttpclient.netty.channel.DefaultChannelPool - Entry count for : http://localhost:29031 : 1
14:26:05.098 [AsyncHttpClient-1-1] DEBUG org.asynchttpclient.netty.channel.DefaultChannelPool - Entry count for : http://localhost:59001 : 1
14:26:05.098 [AsyncHttpClient-1-1] DEBUG org.asynchttpclient.netty.channel.DefaultChannelPool - Entry count for : http://localhost:29031 : 1
14:26:05.615 [Forwarding getAlertText on session c3c2e1b978153a935c07e7aea55f9690 to remote] DEBUG org.asynchttpclient.netty.request.NettyRequestSender - Using pooled Channel '[id: 0xb27c0939, L:/127.0.0.1:59000 - R:localhost/127.0.0.1:29031]' for 'GET' to 'http://localhost:29031/session/c3c2e1b978153a935c07e7aea55f9690/alert/text'
14:26:05.615 [Forwarding getAlertText on session c3c2e1b978153a935c07e7aea55f9690 to remote] DEBUG org.asynchttpclient.netty.request.NettyRequestSender - Using open Channel [id: 0xb27c0939, L:/127.0.0.1:59000 - R:localhost/127.0.0.1:29031] for GET '/session/c3c2e1b978153a935c07e7aea55f9690/alert/text'
14:26:05.620 [AsyncHttpClient-1-9] DEBUG org.asynchttpclient.netty.handler.HttpHandler - 

Request DefaultFullHttpRequest(decodeResult: success, version: HTTP/1.1, content: EmptyByteBufBE)
GET /session/c3c2e1b978153a935c07e7aea55f9690/alert/text HTTP/1.1
User-Agent: selenium/4.8.1 (java windows)
Cache-Control: no-cache
Content-Type: application/json; charset=utf-8
host: localhost:29031
accept: */*

Response DefaultHttpResponse(decodeResult: success, version: HTTP/1.1)
HTTP/1.1 404 Not Found
Content-Length: 821
Content-Type: application/json; charset=utf-8
cache-control: no-cache

14:26:05.620 [AsyncHttpClient-1-9] DEBUG org.asynchttpclient.netty.channel.ChannelManager - Adding key: http://localhost:29031 for channel [id: 0xb27c0939, L:/127.0.0.1:59000 - R:localhost/127.0.0.1:29031]
14:26:05.620 [Forwarding getCurrentUrl on session c3c2e1b978153a935c07e7aea55f9690 to remote] DEBUG org.asynchttpclient.netty.request.NettyRequestSender - Using pooled Channel '[id: 0xb27c0939, L:/127.0.0.1:59000 - R:localhost/127.0.0.1:29031]' for 'GET' to 'http://localhost:29031/session/c3c2e1b978153a935c07e7aea55f9690/url'
14:26:05.620 [Forwarding getCurrentUrl on session c3c2e1b978153a935c07e7aea55f9690 to remote] DEBUG org.asynchttpclient.netty.request.NettyRequestSender - Using open Channel [id: 0xb27c0939, L:/127.0.0.1:59000 - R:localhost/127.0.0.1:29031] for GET '/session/c3c2e1b978153a935c07e7aea55f9690/url'
14:26:05.633 [AsyncHttpClient-1-9] DEBUG org.asynchttpclient.netty.handler.HttpHandler - 

Request DefaultFullHttpRequest(decodeResult: success, version: HTTP/1.1, content: EmptyByteBufBE)
GET /session/c3c2e1b978153a935c07e7aea55f9690/url HTTP/1.1
User-Agent: selenium/4.8.1 (java windows)
Cache-Control: no-cache
Content-Type: application/json; charset=utf-8
host: localhost:29031
accept: */*

Response DefaultHttpResponse(decodeResult: success, version: HTTP/1.1)
HTTP/1.1 200 OK
Content-Length: 58
Content-Type: application/json; charset=utf-8
cache-control: no-cache

14:26:05.633 [AsyncHttpClient-1-9] DEBUG org.asynchttpclient.netty.channel.ChannelManager - Adding key: http://localhost:29031 for channel [id: 0xb27c0939, L:/127.0.0.1:59000 - R:localhost/127.0.0.1:29031]
14:26:05.633 [Forwarding screenshot on session c3c2e1b978153a935c07e7aea55f9690 to remote] DEBUG org.asynchttpclient.netty.request.NettyRequestSender - Using pooled Channel '[id: 0xb27c0939, L:/127.0.0.1:59000 - R:localhost/127.0.0.1:29031]' for 'GET' to 'http://localhost:29031/session/c3c2e1b978153a935c07e7aea55f9690/screenshot'
14:26:05.633 [Forwarding screenshot on session c3c2e1b978153a935c07e7aea55f9690 to remote] DEBUG org.asynchttpclient.netty.request.NettyRequestSender - Using open Channel [id: 0xb27c0939, L:/127.0.0.1:59000 - R:localhost/127.0.0.1:29031] for GET '/session/c3c2e1b978153a935c07e7aea55f9690/screenshot'
14:26:05.922 [AsyncHttpClient-1-9] DEBUG org.asynchttpclient.netty.handler.HttpHandler - 

Request DefaultFullHttpRequest(decodeResult: success, version: HTTP/1.1, content: EmptyByteBufBE)
GET /session/c3c2e1b978153a935c07e7aea55f9690/screenshot HTTP/1.1
User-Agent: selenium/4.8.1 (java windows)
Cache-Control: no-cache
Content-Type: application/json; charset=utf-8
host: localhost:29031
accept: */*

Response DefaultHttpResponse(decodeResult: success, version: HTTP/1.1)
HTTP/1.1 200 OK
Content-Length: 313300
Content-Type: application/json; charset=utf-8
cache-control: no-cache

14:26:05.922 [AsyncHttpClient-1-9] DEBUG org.asynchttpclient.netty.channel.ChannelManager - Adding key: http://localhost:29031 for channel [id: 0xb27c0939, L:/127.0.0.1:59000 - R:localhost/127.0.0.1:29031]
14:26:05.951 [main] DEBUG net.serenitybdd.core.photography.Darkroom - Send negative for processing for target\site\serenity\e27b0d0746452ff3600f67503f98d8bab2c8fb92a014b379abfae0a15ea0c744.png
14:26:05.966 [Forwarding getPageSource on session c3c2e1b978153a935c07e7aea55f9690 to remote] DEBUG org.asynchttpclient.netty.request.NettyRequestSender - Using pooled Channel '[id: 0xb27c0939, L:/127.0.0.1:59000 - R:localhost/127.0.0.1:29031]' for 'POST' to 'http://localhost:29031/session/c3c2e1b978153a935c07e7aea55f9690/execute/sync'
14:26:05.966 [Forwarding getPageSource on session c3c2e1b978153a935c07e7aea55f9690 to remote] DEBUG org.asynchttpclient.netty.request.NettyRequestSender - Using open Channel [id: 0xb27c0939, L:/127.0.0.1:59000 - R:localhost/127.0.0.1:29031] for POST '/session/c3c2e1b978153a935c07e7aea55f9690/execute/sync'
14:26:05.993 [AsyncHttpClient-1-9] DEBUG org.asynchttpclient.netty.handler.HttpHandler - 

Request DefaultHttpRequest(decodeResult: success, version: HTTP/1.1)
POST /session/c3c2e1b978153a935c07e7aea55f9690/execute/sync HTTP/1.1
User-Agent: selenium/4.8.1 (java windows)
Content-Length: 176
Content-Type: application/json; charset=utf-8
host: localhost:29031
accept: */*

Response DefaultHttpResponse(decodeResult: success, version: HTTP/1.1)
HTTP/1.1 200 OK
Content-Length: 77047
Content-Type: application/json; charset=utf-8
cache-control: no-cache

14:26:05.993 [AsyncHttpClient-1-9] DEBUG org.asynchttpclient.netty.channel.ChannelManager - Adding key: http://localhost:29031 for channel [id: 0xb27c0939, L:/127.0.0.1:59000 - R:localhost/127.0.0.1:29031]
14:26:06.009 [Forwarding getCurrentUrl on session c3c2e1b978153a935c07e7aea55f9690 to remote] DEBUG org.asynchttpclient.netty.request.NettyRequestSender - Using pooled Channel '[id: 0xb27c0939, L:/127.0.0.1:59000 - R:localhost/127.0.0.1:29031]' for 'GET' to 'http://localhost:29031/session/c3c2e1b978153a935c07e7aea55f9690/url'
14:26:06.009 [Forwarding getCurrentUrl on session c3c2e1b978153a935c07e7aea55f9690 to remote] DEBUG org.asynchttpclient.netty.request.NettyRequestSender - Using open Channel [id: 0xb27c0939, L:/127.0.0.1:59000 - R:localhost/127.0.0.1:29031] for GET '/session/c3c2e1b978153a935c07e7aea55f9690/url'
14:26:06.015 [AsyncHttpClient-1-9] DEBUG org.asynchttpclient.netty.handler.HttpHandler - 

Request DefaultFullHttpRequest(decodeResult: success, version: HTTP/1.1, content: EmptyByteBufBE)
GET /session/c3c2e1b978153a935c07e7aea55f9690/url HTTP/1.1
User-Agent: selenium/4.8.1 (java windows)
Cache-Control: no-cache
Content-Type: application/json; charset=utf-8
host: localhost:29031
accept: */*

Response DefaultHttpResponse(decodeResult: success, version: HTTP/1.1)
HTTP/1.1 200 OK
Content-Length: 58
Content-Type: application/json; charset=utf-8
cache-control: no-cache

14:26:06.015 [AsyncHttpClient-1-9] DEBUG org.asynchttpclient.netty.channel.ChannelManager - Adding key: http://localhost:29031 for channel [id: 0xb27c0939, L:/127.0.0.1:59000 - R:localhost/127.0.0.1:29031]
14:26:06.041 [Forwarding getAlertText on session c3c2e1b978153a935c07e7aea55f9690 to remote] DEBUG org.asynchttpclient.netty.request.NettyRequestSender - Using pooled Channel '[id: 0xb27c0939, L:/127.0.0.1:59000 - R:localhost/127.0.0.1:29031]' for 'GET' to 'http://localhost:29031/session/c3c2e1b978153a935c07e7aea55f9690/alert/text'
14:26:06.041 [Forwarding getAlertText on session c3c2e1b978153a935c07e7aea55f9690 to remote] DEBUG org.asynchttpclient.netty.request.NettyRequestSender - Using open Channel [id: 0xb27c0939, L:/127.0.0.1:59000 - R:localhost/127.0.0.1:29031] for GET '/session/c3c2e1b978153a935c07e7aea55f9690/alert/text'
14:26:06.044 [AsyncHttpClient-1-9] DEBUG org.asynchttpclient.netty.handler.HttpHandler - 

Request DefaultFullHttpRequest(decodeResult: success, version: HTTP/1.1, content: EmptyByteBufBE)
GET /session/c3c2e1b978153a935c07e7aea55f9690/alert/text HTTP/1.1
User-Agent: selenium/4.8.1 (java windows)
Cache-Control: no-cache
Content-Type: application/json; charset=utf-8
host: localhost:29031
accept: */*

Response DefaultHttpResponse(decodeResult: success, version: HTTP/1.1)
HTTP/1.1 404 Not Found
Content-Length: 821
Content-Type: application/json; charset=utf-8
cache-control: no-cache

14:26:06.047 [AsyncHttpClient-1-9] DEBUG org.asynchttpclient.netty.channel.ChannelManager - Adding key: http://localhost:29031 for channel [id: 0xb27c0939, L:/127.0.0.1:59000 - R:localhost/127.0.0.1:29031]
14:26:06.047 [Forwarding getCurrentUrl on session c3c2e1b978153a935c07e7aea55f9690 to remote] DEBUG org.asynchttpclient.netty.request.NettyRequestSender - Using pooled Channel '[id: 0xb27c0939, L:/127.0.0.1:59000 - R:localhost/127.0.0.1:29031]' for 'GET' to 'http://localhost:29031/session/c3c2e1b978153a935c07e7aea55f9690/url'
14:26:06.047 [Forwarding getCurrentUrl on session c3c2e1b978153a935c07e7aea55f9690 to remote] DEBUG org.asynchttpclient.netty.request.NettyRequestSender - Using open Channel [id: 0xb27c0939, L:/127.0.0.1:59000 - R:localhost/127.0.0.1:29031] for GET '/session/c3c2e1b978153a935c07e7aea55f9690/url'
14:26:06.062 [AsyncHttpClient-1-9] DEBUG org.asynchttpclient.netty.handler.HttpHandler - 

Request DefaultFullHttpRequest(decodeResult: success, version: HTTP/1.1, content: EmptyByteBufBE)
GET /session/c3c2e1b978153a935c07e7aea55f9690/url HTTP/1.1
User-Agent: selenium/4.8.1 (java windows)
Cache-Control: no-cache
Content-Type: application/json; charset=utf-8
host: localhost:29031
accept: */*

Response DefaultHttpResponse(decodeResult: success, version: HTTP/1.1)
HTTP/1.1 200 OK
Content-Length: 58
Content-Type: application/json; charset=utf-8
cache-control: no-cache

14:26:06.062 [AsyncHttpClient-1-9] DEBUG org.asynchttpclient.netty.channel.ChannelManager - Adding key: http://localhost:29031 for channel [id: 0xb27c0939, L:/127.0.0.1:59000 - R:localhost/127.0.0.1:29031]
14:26:06.068 [Forwarding screenshot on session c3c2e1b978153a935c07e7aea55f9690 to remote] DEBUG org.asynchttpclient.netty.request.NettyRequestSender - Using pooled Channel '[id: 0xb27c0939, L:/127.0.0.1:59000 - R:localhost/127.0.0.1:29031]' for 'GET' to 'http://localhost:29031/session/c3c2e1b978153a935c07e7aea55f9690/screenshot'
14:26:06.068 [Forwarding screenshot on session c3c2e1b978153a935c07e7aea55f9690 to remote] DEBUG org.asynchttpclient.netty.request.NettyRequestSender - Using open Channel [id: 0xb27c0939, L:/127.0.0.1:59000 - R:localhost/127.0.0.1:29031] for GET '/session/c3c2e1b978153a935c07e7aea55f9690/screenshot'
14:26:06.202 [AsyncHttpClient-1-1] DEBUG org.asynchttpclient.netty.channel.DefaultChannelPool - Entry count for : http://localhost:59001 : 1
14:26:06.371 [AsyncHttpClient-1-9] DEBUG org.asynchttpclient.netty.handler.HttpHandler - 

Request DefaultFullHttpRequest(decodeResult: success, version: HTTP/1.1, content: EmptyByteBufBE)
GET /session/c3c2e1b978153a935c07e7aea55f9690/screenshot HTTP/1.1
User-Agent: selenium/4.8.1 (java windows)
Cache-Control: no-cache
Content-Type: application/json; charset=utf-8
host: localhost:29031
accept: */*

Response DefaultHttpResponse(decodeResult: success, version: HTTP/1.1)
HTTP/1.1 200 OK
Content-Length: 313300
Content-Type: application/json; charset=utf-8
cache-control: no-cache

14:26:06.371 [AsyncHttpClient-1-9] DEBUG org.asynchttpclient.netty.channel.ChannelManager - Adding key: http://localhost:29031 for channel [id: 0xb27c0939, L:/127.0.0.1:59000 - R:localhost/127.0.0.1:29031]
14:26:06.392 [main] DEBUG net.serenitybdd.core.photography.Darkroom - Send negative for processing for target\site\serenity\e27b0d0746452ff3600f67503f98d8bab2c8fb92a014b379abfae0a15ea0c744.png
14:26:06.392 [Forwarding getPageSource on session c3c2e1b978153a935c07e7aea55f9690 to remote] DEBUG org.asynchttpclient.netty.request.NettyRequestSender - Using pooled Channel '[id: 0xb27c0939, L:/127.0.0.1:59000 - R:localhost/127.0.0.1:29031]' for 'POST' to 'http://localhost:29031/session/c3c2e1b978153a935c07e7aea55f9690/execute/sync'
14:26:06.392 [Forwarding getPageSource on session c3c2e1b978153a935c07e7aea55f9690 to remote] DEBUG org.asynchttpclient.netty.request.NettyRequestSender - Using open Channel [id: 0xb27c0939, L:/127.0.0.1:59000 - R:localhost/127.0.0.1:29031] for POST '/session/c3c2e1b978153a935c07e7aea55f9690/execute/sync'
14:26:06.424 [AsyncHttpClient-1-9] DEBUG org.asynchttpclient.netty.handler.HttpHandler - 

Request DefaultHttpRequest(decodeResult: success, version: HTTP/1.1)
POST /session/c3c2e1b978153a935c07e7aea55f9690/execute/sync HTTP/1.1
User-Agent: selenium/4.8.1 (java windows)
Content-Length: 176
Content-Type: application/json; charset=utf-8
host: localhost:29031
accept: */*

Response DefaultHttpResponse(decodeResult: success, version: HTTP/1.1)
HTTP/1.1 200 OK
Content-Length: 77047
Content-Type: application/json; charset=utf-8
cache-control: no-cache

14:26:06.424 [AsyncHttpClient-1-9] DEBUG org.asynchttpclient.netty.channel.ChannelManager - Adding key: http://localhost:29031 for channel [id: 0xb27c0939, L:/127.0.0.1:59000 - R:localhost/127.0.0.1:29031]
14:26:06.440 [Forwarding getCurrentUrl on session c3c2e1b978153a935c07e7aea55f9690 to remote] DEBUG org.asynchttpclient.netty.request.NettyRequestSender - Using pooled Channel '[id: 0xb27c0939, L:/127.0.0.1:59000 - R:localhost/127.0.0.1:29031]' for 'GET' to 'http://localhost:29031/session/c3c2e1b978153a935c07e7aea55f9690/url'
14:26:06.440 [Forwarding getCurrentUrl on session c3c2e1b978153a935c07e7aea55f9690 to remote] DEBUG org.asynchttpclient.netty.request.NettyRequestSender - Using open Channel [id: 0xb27c0939, L:/127.0.0.1:59000 - R:localhost/127.0.0.1:29031] for GET '/session/c3c2e1b978153a935c07e7aea55f9690/url'
14:26:06.456 [AsyncHttpClient-1-9] DEBUG org.asynchttpclient.netty.handler.HttpHandler - 

Request DefaultFullHttpRequest(decodeResult: success, version: HTTP/1.1, content: EmptyByteBufBE)
GET /session/c3c2e1b978153a935c07e7aea55f9690/url HTTP/1.1
User-Agent: selenium/4.8.1 (java windows)
Cache-Control: no-cache
Content-Type: application/json; charset=utf-8
host: localhost:29031
accept: */*

Response DefaultHttpResponse(decodeResult: success, version: HTTP/1.1)
HTTP/1.1 200 OK
Content-Length: 58
Content-Type: application/json; charset=utf-8
cache-control: no-cache

14:26:06.456 [AsyncHttpClient-1-9] DEBUG org.asynchttpclient.netty.channel.ChannelManager - Adding key: http://localhost:29031 for channel [id: 0xb27c0939, L:/127.0.0.1:59000 - R:localhost/127.0.0.1:29031]
14:26:06.463 [main] DEBUG net.thucydides.core.steps.StepInterceptor - STARTING STEP: Afrexim_OurBank_Careers_Steps.click_desired_job - Click_desired_job
14:26:07.303 [AsyncHttpClient-1-1] DEBUG org.asynchttpclient.netty.channel.DefaultChannelPool - Entry count for : http://localhost:59001 : 1
14:26:07.303 [AsyncHttpClient-1-1] DEBUG org.asynchttpclient.netty.channel.DefaultChannelPool - Entry count for : http://localhost:29031 : 1
14:26:08.394 [AsyncHttpClient-1-1] DEBUG org.asynchttpclient.netty.channel.DefaultChannelPool - Entry count for : http://localhost:59001 : 1
14:26:08.394 [AsyncHttpClient-1-1] DEBUG org.asynchttpclient.netty.channel.DefaultChannelPool - Entry count for : http://localhost:29031 : 1
14:26:08.479 [Forwarding findElement on session c3c2e1b978153a935c07e7aea55f9690 to remote] DEBUG org.asynchttpclient.netty.request.NettyRequestSender - Using pooled Channel '[id: 0xb27c0939, L:/127.0.0.1:59000 - R:localhost/127.0.0.1:29031]' for 'POST' to 'http://localhost:29031/session/c3c2e1b978153a935c07e7aea55f9690/element'
14:26:08.479 [Forwarding findElement on session c3c2e1b978153a935c07e7aea55f9690 to remote] DEBUG org.asynchttpclient.netty.request.NettyRequestSender - Using open Channel [id: 0xb27c0939, L:/127.0.0.1:59000 - R:localhost/127.0.0.1:29031] for POST '/session/c3c2e1b978153a935c07e7aea55f9690/element'
14:26:08.511 [AsyncHttpClient-1-9] DEBUG org.asynchttpclient.netty.handler.HttpHandler - 

Request DefaultHttpRequest(decodeResult: success, version: HTTP/1.1)
POST /session/c3c2e1b978153a935c07e7aea55f9690/element HTTP/1.1
User-Agent: selenium/4.8.1 (java windows)
Content-Length: 106
Content-Type: application/json; charset=utf-8
host: localhost:29031
accept: */*

Response DefaultHttpResponse(decodeResult: success, version: HTTP/1.1)
HTTP/1.1 200 OK
Content-Length: 96
Content-Type: application/json; charset=utf-8
cache-control: no-cache

14:26:08.511 [AsyncHttpClient-1-9] DEBUG org.asynchttpclient.netty.channel.ChannelManager - Adding key: http://localhost:29031 for channel [id: 0xb27c0939, L:/127.0.0.1:59000 - R:localhost/127.0.0.1:29031]
14:26:08.511 [Forwarding getElementTagName on session c3c2e1b978153a935c07e7aea55f9690 to remote] DEBUG org.asynchttpclient.netty.request.NettyRequestSender - Using pooled Channel '[id: 0xb27c0939, L:/127.0.0.1:59000 - R:localhost/127.0.0.1:29031]' for 'GET' to 'http://localhost:29031/session/c3c2e1b978153a935c07e7aea55f9690/element/DA1EB85470724B0B8F52303378DBB781_element_101/name'
14:26:08.511 [Forwarding getElementTagName on session c3c2e1b978153a935c07e7aea55f9690 to remote] DEBUG org.asynchttpclient.netty.request.NettyRequestSender - Using open Channel [id: 0xb27c0939, L:/127.0.0.1:59000 - R:localhost/127.0.0.1:29031] for GET '/session/c3c2e1b978153a935c07e7aea55f9690/element/DA1EB85470724B0B8F52303378DBB781_element_101/name'
14:26:08.532 [AsyncHttpClient-1-9] DEBUG org.asynchttpclient.netty.handler.HttpHandler - 

Request DefaultFullHttpRequest(decodeResult: success, version: HTTP/1.1, content: EmptyByteBufBE)
GET /session/c3c2e1b978153a935c07e7aea55f9690/element/DA1EB85470724B0B8F52303378DBB781_element_101/name HTTP/1.1
User-Agent: selenium/4.8.1 (java windows)
Cache-Control: no-cache
Content-Type: application/json; charset=utf-8
host: localhost:29031
accept: */*

Response DefaultHttpResponse(decodeResult: success, version: HTTP/1.1)
HTTP/1.1 200 OK
Content-Length: 13
Content-Type: application/json; charset=utf-8
cache-control: no-cache

14:26:08.532 [AsyncHttpClient-1-9] DEBUG org.asynchttpclient.netty.channel.ChannelManager - Adding key: http://localhost:29031 for channel [id: 0xb27c0939, L:/127.0.0.1:59000 - R:localhost/127.0.0.1:29031]
14:26:08.537 [Forwarding getElementTagName on session c3c2e1b978153a935c07e7aea55f9690 to remote] DEBUG org.asynchttpclient.netty.request.NettyRequestSender - Using pooled Channel '[id: 0xb27c0939, L:/127.0.0.1:59000 - R:localhost/127.0.0.1:29031]' for 'GET' to 'http://localhost:29031/session/c3c2e1b978153a935c07e7aea55f9690/element/DA1EB85470724B0B8F52303378DBB781_element_101/name'
14:26:08.537 [Forwarding getElementTagName on session c3c2e1b978153a935c07e7aea55f9690 to remote] DEBUG org.asynchttpclient.netty.request.NettyRequestSender - Using open Channel [id: 0xb27c0939, L:/127.0.0.1:59000 - R:localhost/127.0.0.1:29031] for GET '/session/c3c2e1b978153a935c07e7aea55f9690/element/DA1EB85470724B0B8F52303378DBB781_element_101/name'
14:26:08.554 [AsyncHttpClient-1-9] DEBUG org.asynchttpclient.netty.handler.HttpHandler - 

Request DefaultFullHttpRequest(decodeResult: success, version: HTTP/1.1, content: EmptyByteBufBE)
GET /session/c3c2e1b978153a935c07e7aea55f9690/element/DA1EB85470724B0B8F52303378DBB781_element_101/name HTTP/1.1
User-Agent: selenium/4.8.1 (java windows)
Cache-Control: no-cache
Content-Type: application/json; charset=utf-8
host: localhost:29031
accept: */*

Response DefaultHttpResponse(decodeResult: success, version: HTTP/1.1)
HTTP/1.1 200 OK
Content-Length: 13
Content-Type: application/json; charset=utf-8
cache-control: no-cache

14:26:08.554 [AsyncHttpClient-1-9] DEBUG org.asynchttpclient.netty.channel.ChannelManager - Adding key: http://localhost:29031 for channel [id: 0xb27c0939, L:/127.0.0.1:59000 - R:localhost/127.0.0.1:29031]
14:26:08.554 [Forwarding findElement on session c3c2e1b978153a935c07e7aea55f9690 to remote] DEBUG org.asynchttpclient.netty.request.NettyRequestSender - Using pooled Channel '[id: 0xb27c0939, L:/127.0.0.1:59000 - R:localhost/127.0.0.1:29031]' for 'POST' to 'http://localhost:29031/session/c3c2e1b978153a935c07e7aea55f9690/element'
14:26:08.554 [Forwarding findElement on session c3c2e1b978153a935c07e7aea55f9690 to remote] DEBUG org.asynchttpclient.netty.request.NettyRequestSender - Using open Channel [id: 0xb27c0939, L:/127.0.0.1:59000 - R:localhost/127.0.0.1:29031] for POST '/session/c3c2e1b978153a935c07e7aea55f9690/element'
14:26:08.575 [AsyncHttpClient-1-9] DEBUG org.asynchttpclient.netty.handler.HttpHandler - 

Request DefaultHttpRequest(decodeResult: success, version: HTTP/1.1)
POST /session/c3c2e1b978153a935c07e7aea55f9690/element HTTP/1.1
User-Agent: selenium/4.8.1 (java windows)
Content-Length: 106
Content-Type: application/json; charset=utf-8
host: localhost:29031
accept: */*

Response DefaultHttpResponse(decodeResult: success, version: HTTP/1.1)
HTTP/1.1 200 OK
Content-Length: 96
Content-Type: application/json; charset=utf-8
cache-control: no-cache

14:26:08.575 [AsyncHttpClient-1-9] DEBUG org.asynchttpclient.netty.channel.ChannelManager - Adding key: http://localhost:29031 for channel [id: 0xb27c0939, L:/127.0.0.1:59000 - R:localhost/127.0.0.1:29031]
14:26:08.575 [Forwarding clickElement on session c3c2e1b978153a935c07e7aea55f9690 to remote] DEBUG org.asynchttpclient.netty.request.NettyRequestSender - Using pooled Channel '[id: 0xb27c0939, L:/127.0.0.1:59000 - R:localhost/127.0.0.1:29031]' for 'POST' to 'http://localhost:29031/session/c3c2e1b978153a935c07e7aea55f9690/element/DA1EB85470724B0B8F52303378DBB781_element_101/click'
14:26:08.575 [Forwarding clickElement on session c3c2e1b978153a935c07e7aea55f9690 to remote] DEBUG org.asynchttpclient.netty.request.NettyRequestSender - Using open Channel [id: 0xb27c0939, L:/127.0.0.1:59000 - R:localhost/127.0.0.1:29031] for POST '/session/c3c2e1b978153a935c07e7aea55f9690/element/DA1EB85470724B0B8F52303378DBB781_element_101/click'
14:26:09.492 [AsyncHttpClient-1-1] DEBUG org.asynchttpclient.netty.channel.DefaultChannelPool - Entry count for : http://localhost:59001 : 1
14:26:10.596 [AsyncHttpClient-1-1] DEBUG org.asynchttpclient.netty.channel.DefaultChannelPool - Entry count for : http://localhost:59001 : 1
14:26:10.652 [AsyncHttpClient-1-9] DEBUG org.asynchttpclient.netty.handler.HttpHandler - 

Request DefaultHttpRequest(decodeResult: success, version: HTTP/1.1)
POST /session/c3c2e1b978153a935c07e7aea55f9690/element/DA1EB85470724B0B8F52303378DBB781_element_101/click HTTP/1.1
User-Agent: selenium/4.8.1 (java windows)
Content-Length: 58
Content-Type: application/json; charset=utf-8
host: localhost:29031
accept: */*

Response DefaultHttpResponse(decodeResult: success, version: HTTP/1.1)
HTTP/1.1 200 OK
Content-Length: 14
Content-Type: application/json; charset=utf-8
cache-control: no-cache

14:26:10.652 [AsyncHttpClient-1-9] DEBUG org.asynchttpclient.netty.channel.ChannelManager - Adding key: http://localhost:29031 for channel [id: 0xb27c0939, L:/127.0.0.1:59000 - R:localhost/127.0.0.1:29031]
14:26:11.687 [AsyncHttpClient-1-1] DEBUG org.asynchttpclient.netty.channel.DefaultChannelPool - Entry count for : http://localhost:59001 : 1
14:26:11.687 [AsyncHttpClient-1-1] DEBUG org.asynchttpclient.netty.channel.DefaultChannelPool - Entry count for : http://localhost:29031 : 1
14:26:12.671 [Forwarding getAlertText on session c3c2e1b978153a935c07e7aea55f9690 to remote] DEBUG org.asynchttpclient.netty.request.NettyRequestSender - Using pooled Channel '[id: 0xb27c0939, L:/127.0.0.1:59000 - R:localhost/127.0.0.1:29031]' for 'GET' to 'http://localhost:29031/session/c3c2e1b978153a935c07e7aea55f9690/alert/text'
14:26:12.671 [Forwarding getAlertText on session c3c2e1b978153a935c07e7aea55f9690 to remote] DEBUG org.asynchttpclient.netty.request.NettyRequestSender - Using open Channel [id: 0xb27c0939, L:/127.0.0.1:59000 - R:localhost/127.0.0.1:29031] for GET '/session/c3c2e1b978153a935c07e7aea55f9690/alert/text'
14:26:12.678 [AsyncHttpClient-1-9] DEBUG org.asynchttpclient.netty.handler.HttpHandler - 

Request DefaultFullHttpRequest(decodeResult: success, version: HTTP/1.1, content: EmptyByteBufBE)
GET /session/c3c2e1b978153a935c07e7aea55f9690/alert/text HTTP/1.1
User-Agent: selenium/4.8.1 (java windows)
Cache-Control: no-cache
Content-Type: application/json; charset=utf-8
host: localhost:29031
accept: */*

Response DefaultHttpResponse(decodeResult: success, version: HTTP/1.1)
HTTP/1.1 404 Not Found
Content-Length: 821
Content-Type: application/json; charset=utf-8
cache-control: no-cache

14:26:12.678 [AsyncHttpClient-1-9] DEBUG org.asynchttpclient.netty.channel.ChannelManager - Adding key: http://localhost:29031 for channel [id: 0xb27c0939, L:/127.0.0.1:59000 - R:localhost/127.0.0.1:29031]
14:26:12.681 [Forwarding getCurrentUrl on session c3c2e1b978153a935c07e7aea55f9690 to remote] DEBUG org.asynchttpclient.netty.request.NettyRequestSender - Using pooled Channel '[id: 0xb27c0939, L:/127.0.0.1:59000 - R:localhost/127.0.0.1:29031]' for 'GET' to 'http://localhost:29031/session/c3c2e1b978153a935c07e7aea55f9690/url'
14:26:12.681 [Forwarding getCurrentUrl on session c3c2e1b978153a935c07e7aea55f9690 to remote] DEBUG org.asynchttpclient.netty.request.NettyRequestSender - Using open Channel [id: 0xb27c0939, L:/127.0.0.1:59000 - R:localhost/127.0.0.1:29031] for GET '/session/c3c2e1b978153a935c07e7aea55f9690/url'
14:26:12.693 [AsyncHttpClient-1-9] DEBUG org.asynchttpclient.netty.handler.HttpHandler - 

Request DefaultFullHttpRequest(decodeResult: success, version: HTTP/1.1, content: EmptyByteBufBE)
GET /session/c3c2e1b978153a935c07e7aea55f9690/url HTTP/1.1
User-Agent: selenium/4.8.1 (java windows)
Cache-Control: no-cache
Content-Type: application/json; charset=utf-8
host: localhost:29031
accept: */*

Response DefaultHttpResponse(decodeResult: success, version: HTTP/1.1)
HTTP/1.1 200 OK
Content-Length: 166
Content-Type: application/json; charset=utf-8
cache-control: no-cache

14:26:12.693 [AsyncHttpClient-1-9] DEBUG org.asynchttpclient.netty.channel.ChannelManager - Adding key: http://localhost:29031 for channel [id: 0xb27c0939, L:/127.0.0.1:59000 - R:localhost/127.0.0.1:29031]
14:26:12.693 [Forwarding screenshot on session c3c2e1b978153a935c07e7aea55f9690 to remote] DEBUG org.asynchttpclient.netty.request.NettyRequestSender - Using pooled Channel '[id: 0xb27c0939, L:/127.0.0.1:59000 - R:localhost/127.0.0.1:29031]' for 'GET' to 'http://localhost:29031/session/c3c2e1b978153a935c07e7aea55f9690/screenshot'
14:26:12.693 [Forwarding screenshot on session c3c2e1b978153a935c07e7aea55f9690 to remote] DEBUG org.asynchttpclient.netty.request.NettyRequestSender - Using open Channel [id: 0xb27c0939, L:/127.0.0.1:59000 - R:localhost/127.0.0.1:29031] for GET '/session/c3c2e1b978153a935c07e7aea55f9690/screenshot'
14:26:12.790 [AsyncHttpClient-1-1] DEBUG org.asynchttpclient.netty.channel.DefaultChannelPool - Entry count for : http://localhost:59001 : 1
14:26:13.004 [AsyncHttpClient-1-9] DEBUG org.asynchttpclient.netty.handler.HttpHandler - 

Request DefaultFullHttpRequest(decodeResult: success, version: HTTP/1.1, content: EmptyByteBufBE)
GET /session/c3c2e1b978153a935c07e7aea55f9690/screenshot HTTP/1.1
User-Agent: selenium/4.8.1 (java windows)
Cache-Control: no-cache
Content-Type: application/json; charset=utf-8
host: localhost:29031
accept: */*

Response DefaultHttpResponse(decodeResult: success, version: HTTP/1.1)
HTTP/1.1 200 OK
Content-Length: 299464
Content-Type: application/json; charset=utf-8
cache-control: no-cache

14:26:13.004 [AsyncHttpClient-1-9] DEBUG org.asynchttpclient.netty.channel.ChannelManager - Adding key: http://localhost:29031 for channel [id: 0xb27c0939, L:/127.0.0.1:59000 - R:localhost/127.0.0.1:29031]
14:26:13.023 [main] DEBUG net.serenitybdd.core.photography.Darkroom - Send negative for processing for target\site\serenity\e1c2dd2bc8f7dc9df11818bb35f9ea487370cc9f1a4efd28adcb67ade55e5b49.png
14:26:13.023 [main] DEBUG net.thucydides.core.steps.StepInterceptor - STEP DONE: Click_desired_job
14:26:13.023 [Darkroom Processing Line] DEBUG net.serenitybdd.core.photography.DarkroomProcessingLine - Processing screenshot image in /var/screenshots/screenshot-3583301605514028551
14:26:13.023 [Darkroom Processing Line] DEBUG net.serenitybdd.core.photography.DarkroomProcessingLine - Saving screenshot to target\site\serenity\e1c2dd2bc8f7dc9df11818bb35f9ea487370cc9f1a4efd28adcb67ade55e5b49.png
14:26:13.041 [Forwarding getPageSource on session c3c2e1b978153a935c07e7aea55f9690 to remote] DEBUG org.asynchttpclient.netty.request.NettyRequestSender - Using pooled Channel '[id: 0xb27c0939, L:/127.0.0.1:59000 - R:localhost/127.0.0.1:29031]' for 'POST' to 'http://localhost:29031/session/c3c2e1b978153a935c07e7aea55f9690/execute/sync'
14:26:13.041 [Forwarding getPageSource on session c3c2e1b978153a935c07e7aea55f9690 to remote] DEBUG org.asynchttpclient.netty.request.NettyRequestSender - Using open Channel [id: 0xb27c0939, L:/127.0.0.1:59000 - R:localhost/127.0.0.1:29031] for POST '/session/c3c2e1b978153a935c07e7aea55f9690/execute/sync'
14:26:13.060 [AsyncHttpClient-1-9] DEBUG org.asynchttpclient.netty.handler.HttpHandler - 

Request DefaultHttpRequest(decodeResult: success, version: HTTP/1.1)
POST /session/c3c2e1b978153a935c07e7aea55f9690/execute/sync HTTP/1.1
User-Agent: selenium/4.8.1 (java windows)
Content-Length: 176
Content-Type: application/json; charset=utf-8
host: localhost:29031
accept: */*

Response DefaultHttpResponse(decodeResult: success, version: HTTP/1.1)
HTTP/1.1 200 OK
Content-Length: 83338
Content-Type: application/json; charset=utf-8
cache-control: no-cache

14:26:13.060 [AsyncHttpClient-1-9] DEBUG org.asynchttpclient.netty.channel.ChannelManager - Adding key: http://localhost:29031 for channel [id: 0xb27c0939, L:/127.0.0.1:59000 - R:localhost/127.0.0.1:29031]
14:26:13.087 [Forwarding getCurrentUrl on session c3c2e1b978153a935c07e7aea55f9690 to remote] DEBUG org.asynchttpclient.netty.request.NettyRequestSender - Using pooled Channel '[id: 0xb27c0939, L:/127.0.0.1:59000 - R:localhost/127.0.0.1:29031]' for 'GET' to 'http://localhost:29031/session/c3c2e1b978153a935c07e7aea55f9690/url'
14:26:13.092 [Forwarding getCurrentUrl on session c3c2e1b978153a935c07e7aea55f9690 to remote] DEBUG org.asynchttpclient.netty.request.NettyRequestSender - Using open Channel [id: 0xb27c0939, L:/127.0.0.1:59000 - R:localhost/127.0.0.1:29031] for GET '/session/c3c2e1b978153a935c07e7aea55f9690/url'
14:26:13.099 [AsyncHttpClient-1-9] DEBUG org.asynchttpclient.netty.handler.HttpHandler - 

Request DefaultFullHttpRequest(decodeResult: success, version: HTTP/1.1, content: EmptyByteBufBE)
GET /session/c3c2e1b978153a935c07e7aea55f9690/url HTTP/1.1
User-Agent: selenium/4.8.1 (java windows)
Cache-Control: no-cache
Content-Type: application/json; charset=utf-8
host: localhost:29031
accept: */*

Response DefaultHttpResponse(decodeResult: success, version: HTTP/1.1)
HTTP/1.1 200 OK
Content-Length: 166
Content-Type: application/json; charset=utf-8
cache-control: no-cache

14:26:13.099 [AsyncHttpClient-1-9] DEBUG org.asynchttpclient.netty.channel.ChannelManager - Adding key: http://localhost:29031 for channel [id: 0xb27c0939, L:/127.0.0.1:59000 - R:localhost/127.0.0.1:29031]
14:26:13.119 [Forwarding getAlertText on session c3c2e1b978153a935c07e7aea55f9690 to remote] DEBUG org.asynchttpclient.netty.request.NettyRequestSender - Using pooled Channel '[id: 0xb27c0939, L:/127.0.0.1:59000 - R:localhost/127.0.0.1:29031]' for 'GET' to 'http://localhost:29031/session/c3c2e1b978153a935c07e7aea55f9690/alert/text'
14:26:13.119 [Forwarding getAlertText on session c3c2e1b978153a935c07e7aea55f9690 to remote] DEBUG org.asynchttpclient.netty.request.NettyRequestSender - Using open Channel [id: 0xb27c0939, L:/127.0.0.1:59000 - R:localhost/127.0.0.1:29031] for GET '/session/c3c2e1b978153a935c07e7aea55f9690/alert/text'
14:26:13.124 [AsyncHttpClient-1-9] DEBUG org.asynchttpclient.netty.handler.HttpHandler - 

Request DefaultFullHttpRequest(decodeResult: success, version: HTTP/1.1, content: EmptyByteBufBE)
GET /session/c3c2e1b978153a935c07e7aea55f9690/alert/text HTTP/1.1
User-Agent: selenium/4.8.1 (java windows)
Cache-Control: no-cache
Content-Type: application/json; charset=utf-8
host: localhost:29031
accept: */*

Response DefaultHttpResponse(decodeResult: success, version: HTTP/1.1)
HTTP/1.1 404 Not Found
Content-Length: 821
Content-Type: application/json; charset=utf-8
cache-control: no-cache

14:26:13.124 [AsyncHttpClient-1-9] DEBUG org.asynchttpclient.netty.channel.ChannelManager - Adding key: http://localhost:29031 for channel [id: 0xb27c0939, L:/127.0.0.1:59000 - R:localhost/127.0.0.1:29031]
14:26:13.124 [Forwarding getCurrentUrl on session c3c2e1b978153a935c07e7aea55f9690 to remote] DEBUG org.asynchttpclient.netty.request.NettyRequestSender - Using pooled Channel '[id: 0xb27c0939, L:/127.0.0.1:59000 - R:localhost/127.0.0.1:29031]' for 'GET' to 'http://localhost:29031/session/c3c2e1b978153a935c07e7aea55f9690/url'
14:26:13.124 [Forwarding getCurrentUrl on session c3c2e1b978153a935c07e7aea55f9690 to remote] DEBUG org.asynchttpclient.netty.request.NettyRequestSender - Using open Channel [id: 0xb27c0939, L:/127.0.0.1:59000 - R:localhost/127.0.0.1:29031] for GET '/session/c3c2e1b978153a935c07e7aea55f9690/url'
14:26:13.141 [AsyncHttpClient-1-9] DEBUG org.asynchttpclient.netty.handler.HttpHandler - 

Request DefaultFullHttpRequest(decodeResult: success, version: HTTP/1.1, content: EmptyByteBufBE)
GET /session/c3c2e1b978153a935c07e7aea55f9690/url HTTP/1.1
User-Agent: selenium/4.8.1 (java windows)
Cache-Control: no-cache
Content-Type: application/json; charset=utf-8
host: localhost:29031
accept: */*

Response DefaultHttpResponse(decodeResult: success, version: HTTP/1.1)
HTTP/1.1 200 OK
Content-Length: 166
Content-Type: application/json; charset=utf-8
cache-control: no-cache

14:26:13.141 [AsyncHttpClient-1-9] DEBUG org.asynchttpclient.netty.channel.ChannelManager - Adding key: http://localhost:29031 for channel [id: 0xb27c0939, L:/127.0.0.1:59000 - R:localhost/127.0.0.1:29031]
14:26:13.141 [Forwarding screenshot on session c3c2e1b978153a935c07e7aea55f9690 to remote] DEBUG org.asynchttpclient.netty.request.NettyRequestSender - Using pooled Channel '[id: 0xb27c0939, L:/127.0.0.1:59000 - R:localhost/127.0.0.1:29031]' for 'GET' to 'http://localhost:29031/session/c3c2e1b978153a935c07e7aea55f9690/screenshot'
14:26:13.141 [Forwarding screenshot on session c3c2e1b978153a935c07e7aea55f9690 to remote] DEBUG org.asynchttpclient.netty.request.NettyRequestSender - Using open Channel [id: 0xb27c0939, L:/127.0.0.1:59000 - R:localhost/127.0.0.1:29031] for GET '/session/c3c2e1b978153a935c07e7aea55f9690/screenshot'
14:26:13.407 [AsyncHttpClient-1-9] DEBUG org.asynchttpclient.netty.handler.HttpHandler - 

Request DefaultFullHttpRequest(decodeResult: success, version: HTTP/1.1, content: EmptyByteBufBE)
GET /session/c3c2e1b978153a935c07e7aea55f9690/screenshot HTTP/1.1
User-Agent: selenium/4.8.1 (java windows)
Cache-Control: no-cache
Content-Type: application/json; charset=utf-8
host: localhost:29031
accept: */*

Response DefaultHttpResponse(decodeResult: success, version: HTTP/1.1)
HTTP/1.1 200 OK
Content-Length: 299464
Content-Type: application/json; charset=utf-8
cache-control: no-cache

14:26:13.407 [AsyncHttpClient-1-9] DEBUG org.asynchttpclient.netty.channel.ChannelManager - Adding key: http://localhost:29031 for channel [id: 0xb27c0939, L:/127.0.0.1:59000 - R:localhost/127.0.0.1:29031]
14:26:13.428 [main] DEBUG net.serenitybdd.core.photography.Darkroom - Send negative for processing for target\site\serenity\e1c2dd2bc8f7dc9df11818bb35f9ea487370cc9f1a4efd28adcb67ade55e5b49.png
14:26:13.428 [Forwarding getPageSource on session c3c2e1b978153a935c07e7aea55f9690 to remote] DEBUG org.asynchttpclient.netty.request.NettyRequestSender - Using pooled Channel '[id: 0xb27c0939, L:/127.0.0.1:59000 - R:localhost/127.0.0.1:29031]' for 'POST' to 'http://localhost:29031/session/c3c2e1b978153a935c07e7aea55f9690/execute/sync'
14:26:13.428 [Forwarding getPageSource on session c3c2e1b978153a935c07e7aea55f9690 to remote] DEBUG org.asynchttpclient.netty.request.NettyRequestSender - Using open Channel [id: 0xb27c0939, L:/127.0.0.1:59000 - R:localhost/127.0.0.1:29031] for POST '/session/c3c2e1b978153a935c07e7aea55f9690/execute/sync'
14:26:13.453 [AsyncHttpClient-1-9] DEBUG org.asynchttpclient.netty.handler.HttpHandler - 

Request DefaultHttpRequest(decodeResult: success, version: HTTP/1.1)
POST /session/c3c2e1b978153a935c07e7aea55f9690/execute/sync HTTP/1.1
User-Agent: selenium/4.8.1 (java windows)
Content-Length: 176
Content-Type: application/json; charset=utf-8
host: localhost:29031
accept: */*

Response DefaultHttpResponse(decodeResult: success, version: HTTP/1.1)
HTTP/1.1 200 OK
Content-Length: 83338
Content-Type: application/json; charset=utf-8
cache-control: no-cache

14:26:13.453 [AsyncHttpClient-1-9] DEBUG org.asynchttpclient.netty.channel.ChannelManager - Adding key: http://localhost:29031 for channel [id: 0xb27c0939, L:/127.0.0.1:59000 - R:localhost/127.0.0.1:29031]
14:26:13.476 [Forwarding getCurrentUrl on session c3c2e1b978153a935c07e7aea55f9690 to remote] DEBUG org.asynchttpclient.netty.request.NettyRequestSender - Using pooled Channel '[id: 0xb27c0939, L:/127.0.0.1:59000 - R:localhost/127.0.0.1:29031]' for 'GET' to 'http://localhost:29031/session/c3c2e1b978153a935c07e7aea55f9690/url'
14:26:13.476 [Forwarding getCurrentUrl on session c3c2e1b978153a935c07e7aea55f9690 to remote] DEBUG org.asynchttpclient.netty.request.NettyRequestSender - Using open Channel [id: 0xb27c0939, L:/127.0.0.1:59000 - R:localhost/127.0.0.1:29031] for GET '/session/c3c2e1b978153a935c07e7aea55f9690/url'
14:26:13.484 [AsyncHttpClient-1-9] DEBUG org.asynchttpclient.netty.handler.HttpHandler - 

Request DefaultFullHttpRequest(decodeResult: success, version: HTTP/1.1, content: EmptyByteBufBE)
GET /session/c3c2e1b978153a935c07e7aea55f9690/url HTTP/1.1
User-Agent: selenium/4.8.1 (java windows)
Cache-Control: no-cache
Content-Type: application/json; charset=utf-8
host: localhost:29031
accept: */*

Response DefaultHttpResponse(decodeResult: success, version: HTTP/1.1)
HTTP/1.1 200 OK
Content-Length: 166
Content-Type: application/json; charset=utf-8
cache-control: no-cache

14:26:13.484 [AsyncHttpClient-1-9] DEBUG org.asynchttpclient.netty.channel.ChannelManager - Adding key: http://localhost:29031 for channel [id: 0xb27c0939, L:/127.0.0.1:59000 - R:localhost/127.0.0.1:29031]
14:26:13.492 [main] DEBUG net.thucydides.core.steps.StepInterceptor - STARTING STEP: Afrexim_OurBank_Careers_Steps.validate_selected_job_details - Validate_selected_jobdetails
14:26:13.492 [Forwarding findElement on session c3c2e1b978153a935c07e7aea55f9690 to remote] DEBUG org.asynchttpclient.netty.request.NettyRequestSender - Using pooled Channel '[id: 0xb27c0939, L:/127.0.0.1:59000 - R:localhost/127.0.0.1:29031]' for 'POST' to 'http://localhost:29031/session/c3c2e1b978153a935c07e7aea55f9690/element'
14:26:13.492 [Forwarding findElement on session c3c2e1b978153a935c07e7aea55f9690 to remote] DEBUG org.asynchttpclient.netty.request.NettyRequestSender - Using open Channel [id: 0xb27c0939, L:/127.0.0.1:59000 - R:localhost/127.0.0.1:29031] for POST '/session/c3c2e1b978153a935c07e7aea55f9690/element'
14:26:13.900 [AsyncHttpClient-1-1] DEBUG org.asynchttpclient.netty.channel.DefaultChannelPool - Entry count for : http://localhost:59001 : 1
14:26:14.997 [AsyncHttpClient-1-1] DEBUG org.asynchttpclient.netty.channel.DefaultChannelPool - Entry count for : http://localhost:59001 : 1
14:26:15.511 [AsyncHttpClient-1-9] DEBUG org.asynchttpclient.netty.handler.HttpHandler - 

Request DefaultHttpRequest(decodeResult: success, version: HTTP/1.1)
POST /session/c3c2e1b978153a935c07e7aea55f9690/element HTTP/1.1
User-Agent: selenium/4.8.1 (java windows)
Content-Length: 88
Content-Type: application/json; charset=utf-8
host: localhost:29031
accept: */*

Response DefaultHttpResponse(decodeResult: success, version: HTTP/1.1)
HTTP/1.1 404 Not Found
Content-Length: 952
Content-Type: application/json; charset=utf-8
cache-control: no-cache

14:26:15.511 [AsyncHttpClient-1-9] DEBUG org.asynchttpclient.netty.channel.ChannelManager - Adding key: http://localhost:29031 for channel [id: 0xb27c0939, L:/127.0.0.1:59000 - R:localhost/127.0.0.1:29031]
14:26:15.530 [Forwarding getAlertText on session c3c2e1b978153a935c07e7aea55f9690 to remote] DEBUG org.asynchttpclient.netty.request.NettyRequestSender - Using pooled Channel '[id: 0xb27c0939, L:/127.0.0.1:59000 - R:localhost/127.0.0.1:29031]' for 'GET' to 'http://localhost:29031/session/c3c2e1b978153a935c07e7aea55f9690/alert/text'
14:26:15.530 [Forwarding getAlertText on session c3c2e1b978153a935c07e7aea55f9690 to remote] DEBUG org.asynchttpclient.netty.request.NettyRequestSender - Using open Channel [id: 0xb27c0939, L:/127.0.0.1:59000 - R:localhost/127.0.0.1:29031] for GET '/session/c3c2e1b978153a935c07e7aea55f9690/alert/text'
14:26:15.530 [AsyncHttpClient-1-9] DEBUG org.asynchttpclient.netty.handler.HttpHandler - 

Request DefaultFullHttpRequest(decodeResult: success, version: HTTP/1.1, content: EmptyByteBufBE)
GET /session/c3c2e1b978153a935c07e7aea55f9690/alert/text HTTP/1.1
User-Agent: selenium/4.8.1 (java windows)
Cache-Control: no-cache
Content-Type: application/json; charset=utf-8
host: localhost:29031
accept: */*

Response DefaultHttpResponse(decodeResult: success, version: HTTP/1.1)
HTTP/1.1 404 Not Found
Content-Length: 821
Content-Type: application/json; charset=utf-8
cache-control: no-cache

14:26:15.530 [AsyncHttpClient-1-9] DEBUG org.asynchttpclient.netty.channel.ChannelManager - Adding key: http://localhost:29031 for channel [id: 0xb27c0939, L:/127.0.0.1:59000 - R:localhost/127.0.0.1:29031]
14:26:16.037 [Forwarding getAlertText on session c3c2e1b978153a935c07e7aea55f9690 to remote] DEBUG org.asynchttpclient.netty.request.NettyRequestSender - Using pooled Channel '[id: 0xb27c0939, L:/127.0.0.1:59000 - R:localhost/127.0.0.1:29031]' for 'GET' to 'http://localhost:29031/session/c3c2e1b978153a935c07e7aea55f9690/alert/text'
14:26:16.037 [Forwarding getAlertText on session c3c2e1b978153a935c07e7aea55f9690 to remote] DEBUG org.asynchttpclient.netty.request.NettyRequestSender - Using open Channel [id: 0xb27c0939, L:/127.0.0.1:59000 - R:localhost/127.0.0.1:29031] for GET '/session/c3c2e1b978153a935c07e7aea55f9690/alert/text'
14:26:16.042 [AsyncHttpClient-1-9] DEBUG org.asynchttpclient.netty.handler.HttpHandler - 

Request DefaultFullHttpRequest(decodeResult: success, version: HTTP/1.1, content: EmptyByteBufBE)
GET /session/c3c2e1b978153a935c07e7aea55f9690/alert/text HTTP/1.1
User-Agent: selenium/4.8.1 (java windows)
Cache-Control: no-cache
Content-Type: application/json; charset=utf-8
host: localhost:29031
accept: */*

Response DefaultHttpResponse(decodeResult: success, version: HTTP/1.1)
HTTP/1.1 404 Not Found
Content-Length: 821
Content-Type: application/json; charset=utf-8
cache-control: no-cache

14:26:16.042 [AsyncHttpClient-1-9] DEBUG org.asynchttpclient.netty.channel.ChannelManager - Adding key: http://localhost:29031 for channel [id: 0xb27c0939, L:/127.0.0.1:59000 - R:localhost/127.0.0.1:29031]
14:26:16.045 [Forwarding getCurrentUrl on session c3c2e1b978153a935c07e7aea55f9690 to remote] DEBUG org.asynchttpclient.netty.request.NettyRequestSender - Using pooled Channel '[id: 0xb27c0939, L:/127.0.0.1:59000 - R:localhost/127.0.0.1:29031]' for 'GET' to 'http://localhost:29031/session/c3c2e1b978153a935c07e7aea55f9690/url'
14:26:16.045 [Forwarding getCurrentUrl on session c3c2e1b978153a935c07e7aea55f9690 to remote] DEBUG org.asynchttpclient.netty.request.NettyRequestSender - Using open Channel [id: 0xb27c0939, L:/127.0.0.1:59000 - R:localhost/127.0.0.1:29031] for GET '/session/c3c2e1b978153a935c07e7aea55f9690/url'
14:26:16.053 [AsyncHttpClient-1-9] DEBUG org.asynchttpclient.netty.handler.HttpHandler - 

Request DefaultFullHttpRequest(decodeResult: success, version: HTTP/1.1, content: EmptyByteBufBE)
GET /session/c3c2e1b978153a935c07e7aea55f9690/url HTTP/1.1
User-Agent: selenium/4.8.1 (java windows)
Cache-Control: no-cache
Content-Type: application/json; charset=utf-8
host: localhost:29031
accept: */*

Response DefaultHttpResponse(decodeResult: success, version: HTTP/1.1)
HTTP/1.1 200 OK
Content-Length: 166
Content-Type: application/json; charset=utf-8
cache-control: no-cache

14:26:16.053 [AsyncHttpClient-1-9] DEBUG org.asynchttpclient.netty.channel.ChannelManager - Adding key: http://localhost:29031 for channel [id: 0xb27c0939, L:/127.0.0.1:59000 - R:localhost/127.0.0.1:29031]
14:26:16.057 [Forwarding screenshot on session c3c2e1b978153a935c07e7aea55f9690 to remote] DEBUG org.asynchttpclient.netty.request.NettyRequestSender - Using pooled Channel '[id: 0xb27c0939, L:/127.0.0.1:59000 - R:localhost/127.0.0.1:29031]' for 'GET' to 'http://localhost:29031/session/c3c2e1b978153a935c07e7aea55f9690/screenshot'
14:26:16.057 [Forwarding screenshot on session c3c2e1b978153a935c07e7aea55f9690 to remote] DEBUG org.asynchttpclient.netty.request.NettyRequestSender - Using open Channel [id: 0xb27c0939, L:/127.0.0.1:59000 - R:localhost/127.0.0.1:29031] for GET '/session/c3c2e1b978153a935c07e7aea55f9690/screenshot'
14:26:16.100 [AsyncHttpClient-1-1] DEBUG org.asynchttpclient.netty.channel.DefaultChannelPool - Entry count for : http://localhost:59001 : 1
14:26:16.340 [AsyncHttpClient-1-9] DEBUG org.asynchttpclient.netty.handler.HttpHandler - 

Request DefaultFullHttpRequest(decodeResult: success, version: HTTP/1.1, content: EmptyByteBufBE)
GET /session/c3c2e1b978153a935c07e7aea55f9690/screenshot HTTP/1.1
User-Agent: selenium/4.8.1 (java windows)
Cache-Control: no-cache
Content-Type: application/json; charset=utf-8
host: localhost:29031
accept: */*

Response DefaultHttpResponse(decodeResult: success, version: HTTP/1.1)
HTTP/1.1 200 OK
Content-Length: 299464
Content-Type: application/json; charset=utf-8
cache-control: no-cache

14:26:16.340 [AsyncHttpClient-1-9] DEBUG org.asynchttpclient.netty.channel.ChannelManager - Adding key: http://localhost:29031 for channel [id: 0xb27c0939, L:/127.0.0.1:59000 - R:localhost/127.0.0.1:29031]
14:26:16.356 [main] DEBUG net.serenitybdd.core.photography.Darkroom - Send negative for processing for target\site\serenity\e1c2dd2bc8f7dc9df11818bb35f9ea487370cc9f1a4efd28adcb67ade55e5b49.png
14:26:16.356 [Forwarding getPageSource on session c3c2e1b978153a935c07e7aea55f9690 to remote] DEBUG org.asynchttpclient.netty.request.NettyRequestSender - Using pooled Channel '[id: 0xb27c0939, L:/127.0.0.1:59000 - R:localhost/127.0.0.1:29031]' for 'POST' to 'http://localhost:29031/session/c3c2e1b978153a935c07e7aea55f9690/execute/sync'
14:26:16.356 [Forwarding getPageSource on session c3c2e1b978153a935c07e7aea55f9690 to remote] DEBUG org.asynchttpclient.netty.request.NettyRequestSender - Using open Channel [id: 0xb27c0939, L:/127.0.0.1:59000 - R:localhost/127.0.0.1:29031] for POST '/session/c3c2e1b978153a935c07e7aea55f9690/execute/sync'
14:26:16.377 [AsyncHttpClient-1-9] DEBUG org.asynchttpclient.netty.handler.HttpHandler - 

Request DefaultHttpRequest(decodeResult: success, version: HTTP/1.1)
POST /session/c3c2e1b978153a935c07e7aea55f9690/execute/sync HTTP/1.1
User-Agent: selenium/4.8.1 (java windows)
Content-Length: 176
Content-Type: application/json; charset=utf-8
host: localhost:29031
accept: */*

Response DefaultHttpResponse(decodeResult: success, version: HTTP/1.1)
HTTP/1.1 200 OK
Content-Length: 83338
Content-Type: application/json; charset=utf-8
cache-control: no-cache

14:26:16.377 [AsyncHttpClient-1-9] DEBUG org.asynchttpclient.netty.channel.ChannelManager - Adding key: http://localhost:29031 for channel [id: 0xb27c0939, L:/127.0.0.1:59000 - R:localhost/127.0.0.1:29031]
14:26:16.394 [Forwarding getCurrentUrl on session c3c2e1b978153a935c07e7aea55f9690 to remote] DEBUG org.asynchttpclient.netty.request.NettyRequestSender - Using pooled Channel '[id: 0xb27c0939, L:/127.0.0.1:59000 - R:localhost/127.0.0.1:29031]' for 'GET' to 'http://localhost:29031/session/c3c2e1b978153a935c07e7aea55f9690/url'
14:26:16.394 [Forwarding getCurrentUrl on session c3c2e1b978153a935c07e7aea55f9690 to remote] DEBUG org.asynchttpclient.netty.request.NettyRequestSender - Using open Channel [id: 0xb27c0939, L:/127.0.0.1:59000 - R:localhost/127.0.0.1:29031] for GET '/session/c3c2e1b978153a935c07e7aea55f9690/url'
14:26:16.404 [AsyncHttpClient-1-9] DEBUG org.asynchttpclient.netty.handler.HttpHandler - 

Request DefaultFullHttpRequest(decodeResult: success, version: HTTP/1.1, content: EmptyByteBufBE)
GET /session/c3c2e1b978153a935c07e7aea55f9690/url HTTP/1.1
User-Agent: selenium/4.8.1 (java windows)
Cache-Control: no-cache
Content-Type: application/json; charset=utf-8
host: localhost:29031
accept: */*

Response DefaultHttpResponse(decodeResult: success, version: HTTP/1.1)
HTTP/1.1 200 OK
Content-Length: 166
Content-Type: application/json; charset=utf-8
cache-control: no-cache

14:26:16.404 [AsyncHttpClient-1-9] DEBUG org.asynchttpclient.netty.channel.ChannelManager - Adding key: http://localhost:29031 for channel [id: 0xb27c0939, L:/127.0.0.1:59000 - R:localhost/127.0.0.1:29031]
14:26:16.458 [main] ERROR  - 
  _____   ___   ___   _____     ___   ___   ___    ___    ___ 
 |_   _| | __| / __| |_   _|   | __| | _ \ | _ \  / _ \  | _ \
   | |   | _|  \__ \   | |     | _|  |   / |   / | (_) | |   /
   |_|   |___| |___/   |_|     |___| |_|_\ |_|_\  \___/  |_|_\


---------------------------------------------------------------
14:26:16.468 [main] DEBUG  - RELATED ISSUES: 
14:26:16.472 [main] ERROR  -     Test failed at step: Validate selected jobdetails
14:26:16.472 [main] ERROR  -     no such element: Unable to locate element: {"method":"xpath","selector":"//*[@id='post-29124']/header/h1"}
14:26:16.479 [AsyncHttpClient-1-3] DEBUG org.asynchttpclient.netty.handler.WebSocketHandler - Channel Closed: [id: 0x482ebce4, L:/127.0.0.1:59008 ! R:localhost/127.0.0.1:59001] with attribute NettyResponseFuture{currentRetry=0,
	isDone=1,
	isCancelled=0,
	asyncHandler=org.asynchttpclient.ws.WebSocketUpgradeHandler@4a75f669,
	nettyRequest=org.asynchttpclient.netty.request.NettyRequest@92e508a,
	future=java.util.concurrent.CompletableFuture@92e94f6[Completed normally],
	uri=ws://localhost:59001/devtools/browser/4649cd7d-7217-4394-9bc2-16541325db84,
	keepAlive=true,
	redirectCount=0,
	timeoutsHolder=null,
	inAuth=0,
	touch=1689756935382}
14:26:16.479 [AsyncHttpClient-1-3] DEBUG org.asynchttpclient.netty.channel.ChannelManager - Closing Channel [id: 0x482ebce4, L:/127.0.0.1:59008 ! R:localhost/127.0.0.1:59001] 
14:26:16.484 [Driver Command Executor] DEBUG org.asynchttpclient.netty.request.NettyRequestSender - Using pooled Channel '[id: 0xb27c0939, L:/127.0.0.1:59000 - R:localhost/127.0.0.1:29031]' for 'DELETE' to 'http://localhost:29031/session/c3c2e1b978153a935c07e7aea55f9690'
14:26:16.484 [Driver Command Executor] DEBUG org.asynchttpclient.netty.request.NettyRequestSender - Using open Channel [id: 0xb27c0939, L:/127.0.0.1:59000 - R:localhost/127.0.0.1:29031] for DELETE '/session/c3c2e1b978153a935c07e7aea55f9690'
14:26:16.867 [AsyncHttpClient-1-2] DEBUG org.asynchttpclient.netty.handler.HttpHandler - Unexpected I/O exception on channel [id: 0xadded818, L:/127.0.0.1:59007 - R:localhost/127.0.0.1:59001]
java.io.IOException: An existing connection was forcibly closed by the remote host
	at sun.nio.ch.SocketDispatcher.read0(Native Method)
	at sun.nio.ch.SocketDispatcher.read(SocketDispatcher.java:43)
	at sun.nio.ch.IOUtil.readIntoNativeBuffer(IOUtil.java:223)
	at sun.nio.ch.IOUtil.read(IOUtil.java:192)
	at sun.nio.ch.SocketChannelImpl.read(SocketChannelImpl.java:380)
	at io.netty.buffer.PooledByteBuf.setBytes(PooledByteBuf.java:259)
	at io.netty.buffer.AbstractByteBuf.writeBytes(AbstractByteBuf.java:1132)
	at io.netty.channel.socket.nio.NioSocketChannel.doReadBytes(NioSocketChannel.java:357)
	at io.netty.channel.nio.AbstractNioByteChannel$NioByteUnsafe.read(AbstractNioByteChannel.java:151)
	at io.netty.channel.nio.NioEventLoop.processSelectedKey(NioEventLoop.java:788)
	at io.netty.channel.nio.NioEventLoop.processSelectedKeysOptimized(NioEventLoop.java:724)
	at io.netty.channel.nio.NioEventLoop.processSelectedKeys(NioEventLoop.java:650)
	at io.netty.channel.nio.NioEventLoop.run(NioEventLoop.java:562)
	at io.netty.util.concurrent.SingleThreadEventExecutor$4.run(SingleThreadEventExecutor.java:997)
	at io.netty.util.internal.ThreadExecutorMap$2.run(ThreadExecutorMap.java:74)
	at io.netty.util.concurrent.FastThreadLocalRunnable.run(FastThreadLocalRunnable.java:30)
	at java.lang.Thread.run(Thread.java:748)
14:26:16.867 [AsyncHttpClient-1-2] DEBUG org.asynchttpclient.netty.channel.ChannelManager - Closing Channel [id: 0xadded818, L:/127.0.0.1:59007 - R:localhost/127.0.0.1:59001] 
14:26:16.867 [AsyncHttpClient-1-2] DEBUG org.asynchttpclient.netty.handler.HttpHandler - Channel Closed: [id: 0xadded818, L:/127.0.0.1:59007 ! R:localhost/127.0.0.1:59001] with attribute DISCARD
14:26:16.953 [AsyncHttpClient-1-9] DEBUG org.asynchttpclient.netty.handler.HttpHandler - 

Request DefaultFullHttpRequest(decodeResult: success, version: HTTP/1.1, content: EmptyByteBufBE)
DELETE /session/c3c2e1b978153a935c07e7aea55f9690 HTTP/1.1
User-Agent: selenium/4.8.1 (java windows)
Content-Type: application/json; charset=utf-8
host: localhost:29031
accept: */*

Response DefaultHttpResponse(decodeResult: success, version: HTTP/1.1)
HTTP/1.1 200 OK
Content-Length: 14
Content-Type: application/json; charset=utf-8
cache-control: no-cache

14:26:16.953 [AsyncHttpClient-1-9] DEBUG org.asynchttpclient.netty.channel.ChannelManager - Adding key: http://localhost:29031 for channel [id: 0xb27c0939, L:/127.0.0.1:59000 - R:localhost/127.0.0.1:29031]
14:26:17.199 [AsyncHttpClient-1-1] DEBUG org.asynchttpclient.netty.channel.DefaultChannelPool - Entry count for : http://localhost:59001 : 1
14:26:17.199 [AsyncHttpClient-1-1] DEBUG org.asynchttpclient.netty.channel.DefaultChannelPool - Entry count for : http://localhost:29031 : 1
14:26:17.199 [AsyncHttpClient-1-1] DEBUG org.asynchttpclient.netty.channel.DefaultChannelPool - Adding Candidate expired Channel [id: 0xadded818, L:/127.0.0.1:59007 ! R:localhost/127.0.0.1:59001] isIdleTimeoutExpired=false isRemotelyClosed=true isTtlExpired=false
14:26:17.199 [AsyncHttpClient-1-1] DEBUG org.asynchttpclient.netty.channel.DefaultChannelPool - Closing Idle Channel [id: 0xadded818, L:/127.0.0.1:59007 ! R:localhost/127.0.0.1:59001]
14:26:17.199 [AsyncHttpClient-1-1] DEBUG org.asynchttpclient.netty.channel.DefaultChannelPool - Closed 1 connections out of 2 in 0 ms
14:26:17.225 [AsyncHttpClient-1-9] DEBUG org.asynchttpclient.netty.handler.HttpHandler - Channel Closed: [id: 0xb27c0939, L:/127.0.0.1:59000 ! R:localhost/127.0.0.1:29031] with attribute DISCARD
]]></system-out>
    <system-err><![CDATA[Starting ChromeDriver 114.0.5735.90 (386bc09e8f4f2e025eddae123f36f6263096ae49-refs/branch-heads/5735@{#1052}) on port 29031
Only local connections are allowed.
Please see https://chromedriver.chromium.org/security-considerations for suggestions on keeping ChromeDriver safe.
ChromeDriver was started successfully.
Jul 19, 2023 2:25:35 PM org.openqa.selenium.devtools.CdpVersionFinder findNearestMatch
WARNING: Unable to find an exact match for CDP version 114, so returning the closest version found: 110
]]></system-err>
  </testcase>
  <testcase name=" #2" classname="To Test the Our Bank Option in the home page" time="28.7">
    <system-out><![CDATA[14:26:17.785 [main] DEBUG io.cucumber.core.plugin.SerenityReporter - Running feature from file:///C:/Users/hp/eclipse-workspace/AfreximBank_SerenityBDD_Framework/src/test/resources/Afrexim_features/Afrexim_Our_Bank.feature
14:26:17.785 [main] WARN io.cucumber.core.plugin.SerenityReporter - Feature from file:///C:/Users/hp/eclipse-workspace/AfreximBank_SerenityBDD_Framework/src/test/resources/Afrexim_features/Afrexim_Our_Bank.feature is not under the 'features' directory. Requirements report will not be correctly generated!
14:26:17.924 [main] INFO net.serenitybdd.core.webdriver.driverproviders.ChromeDriverProvider - Starting Chrome driver instance with capabilities:
14:26:17.924 [main] INFO net.serenitybdd.core.webdriver.driverproviders.ChromeDriverProvider - Capabilities {acceptInsecureCerts: false, browserName: chrome, goog:chromeOptions: {args: [remote-allow-origins=*], extensions: []}}
14:26:18.297 [AsyncHttpClient-1-1] DEBUG org.asynchttpclient.netty.channel.DefaultChannelPool - Entry count for : http://localhost:29031 : 1
14:26:18.297 [AsyncHttpClient-1-1] DEBUG org.asynchttpclient.netty.channel.DefaultChannelPool - Adding Candidate expired Channel [id: 0xb27c0939, L:/127.0.0.1:59000 ! R:localhost/127.0.0.1:29031] isIdleTimeoutExpired=false isRemotelyClosed=true isTtlExpired=false
14:26:18.297 [AsyncHttpClient-1-1] DEBUG org.asynchttpclient.netty.channel.DefaultChannelPool - Closing Idle Channel [id: 0xb27c0939, L:/127.0.0.1:59000 ! R:localhost/127.0.0.1:29031]
14:26:18.297 [AsyncHttpClient-1-1] DEBUG org.asynchttpclient.netty.channel.DefaultChannelPool - Closed 1 connections out of 1 in 0 ms
14:26:18.991 [AsyncHttpClient-1-4] DEBUG org.asynchttpclient.netty.channel.NettyConnectListener - Using new Channel '[id: 0x4ca423c8, L:/127.0.0.1:59046 - R:localhost/127.0.0.1:41079]' for 'POST' to '/session'
14:26:21.035 [AsyncHttpClient-1-4] DEBUG org.asynchttpclient.netty.handler.HttpHandler - 

Request DefaultHttpRequest(decodeResult: success, version: HTTP/1.1)
POST /session HTTP/1.1
User-Agent: selenium/4.8.1 (java windows)
Content-Length: 507
Content-Type: application/json; charset=utf-8
host: localhost:41079
accept: */*

Response DefaultHttpResponse(decodeResult: success, version: HTTP/1.1)
HTTP/1.1 200 OK
Content-Length: 857
Content-Type: application/json; charset=utf-8
cache-control: no-cache

14:26:21.035 [AsyncHttpClient-1-4] DEBUG org.asynchttpclient.netty.channel.ChannelManager - Adding key: http://localhost:41079 for channel [id: 0x4ca423c8, L:/127.0.0.1:59046 - R:localhost/127.0.0.1:41079]
14:26:21.108 [AsyncHttpClient-1-5] DEBUG org.asynchttpclient.netty.channel.NettyConnectListener - Using new Channel '[id: 0x9e571d08, L:/127.0.0.1:59053 - R:localhost/127.0.0.1:59047]' for 'GET' to '/json/version'
14:26:21.113 [AsyncHttpClient-1-5] DEBUG org.asynchttpclient.netty.handler.HttpHandler - 

Request DefaultFullHttpRequest(decodeResult: success, version: HTTP/1.1, content: EmptyByteBufBE)
GET /json/version HTTP/1.1
User-Agent: selenium/4.8.1 (java windows)
host: localhost:59047
accept: */*

Response DefaultHttpResponse(decodeResult: success, version: HTTP/1.1)
HTTP/1.1 200 OK
Content-Security-Policy: frame-ancestors 'none'
Content-Length: 424
Content-Type: application/json; charset=UTF-8

14:26:21.113 [AsyncHttpClient-1-5] DEBUG org.asynchttpclient.netty.channel.ChannelManager - Adding key: http://localhost:59047 for channel [id: 0x9e571d08, L:/127.0.0.1:59053 - R:localhost/127.0.0.1:59047]
14:26:21.119 [AsyncHttpClient-1-6] DEBUG org.asynchttpclient.netty.channel.NettyConnectListener - Using new Channel '[id: 0x7f5eef69, L:/127.0.0.1:59054 - R:localhost/127.0.0.1:59047]' for 'GET' to '/devtools/browser/f4d310c0-08ef-4d10-af40-4d97632f8be0'
14:26:21.124 [AsyncHttpClient-1-6] DEBUG org.asynchttpclient.netty.handler.WebSocketHandler - 

Request DefaultFullHttpRequest(decodeResult: success, version: HTTP/1.1, content: EmptyByteBufBE)
GET /devtools/browser/f4d310c0-08ef-4d10-af40-4d97632f8be0 HTTP/1.1
upgrade: websocket
connection: upgrade
sec-websocket-key: PvHCiZdNzXB6M5ppCxv3gw==
sec-websocket-version: 13
origin: http://localhost:59047
host: localhost:59047
accept: */*
user-agent: AHC/2.1

Response DefaultHttpResponse(decodeResult: success, version: HTTP/1.1)
HTTP/1.1 101 WebSocket Protocol Handshake
Upgrade: WebSocket
Connection: Upgrade
Sec-WebSocket-Accept: iFK6HSr4zbAvkMEAKWitFYnkt5E=

14:26:21.151 [Forwarding get on session a76f7b419afaf21a3f436950d16eb628 to remote] DEBUG org.asynchttpclient.netty.request.NettyRequestSender - Using pooled Channel '[id: 0x4ca423c8, L:/127.0.0.1:59046 - R:localhost/127.0.0.1:41079]' for 'POST' to 'http://localhost:41079/session/a76f7b419afaf21a3f436950d16eb628/url'
14:26:21.151 [Forwarding get on session a76f7b419afaf21a3f436950d16eb628 to remote] DEBUG org.asynchttpclient.netty.request.NettyRequestSender - Using open Channel [id: 0x4ca423c8, L:/127.0.0.1:59046 - R:localhost/127.0.0.1:41079] for POST '/session/a76f7b419afaf21a3f436950d16eb628/url'
14:26:21.597 [AsyncHttpClient-1-1] DEBUG org.asynchttpclient.netty.channel.DefaultChannelPool - Entry count for : http://localhost:59047 : 1
14:26:22.717 [AsyncHttpClient-1-1] DEBUG org.asynchttpclient.netty.channel.DefaultChannelPool - Entry count for : http://localhost:59047 : 1
14:26:23.819 [AsyncHttpClient-1-1] DEBUG org.asynchttpclient.netty.channel.DefaultChannelPool - Entry count for : http://localhost:59047 : 1
14:26:24.933 [AsyncHttpClient-1-1] DEBUG org.asynchttpclient.netty.channel.DefaultChannelPool - Entry count for : http://localhost:59047 : 1
14:26:25.608 [AsyncHttpClient-1-4] DEBUG org.asynchttpclient.netty.handler.HttpHandler - 

Request DefaultHttpRequest(decodeResult: success, version: HTTP/1.1)
POST /session/a76f7b419afaf21a3f436950d16eb628/url HTTP/1.1
User-Agent: selenium/4.8.1 (java windows)
Content-Length: 58
Content-Type: application/json; charset=utf-8
host: localhost:41079
accept: */*

Response DefaultHttpResponse(decodeResult: success, version: HTTP/1.1)
HTTP/1.1 200 OK
Content-Length: 14
Content-Type: application/json; charset=utf-8
cache-control: no-cache

14:26:25.608 [AsyncHttpClient-1-4] DEBUG org.asynchttpclient.netty.channel.ChannelManager - Adding key: http://localhost:41079 for channel [id: 0x4ca423c8, L:/127.0.0.1:59046 - R:localhost/127.0.0.1:41079]
14:26:25.612 [Forwarding setTimeout on session a76f7b419afaf21a3f436950d16eb628 to remote] DEBUG org.asynchttpclient.netty.request.NettyRequestSender - Using pooled Channel '[id: 0x4ca423c8, L:/127.0.0.1:59046 - R:localhost/127.0.0.1:41079]' for 'POST' to 'http://localhost:41079/session/a76f7b419afaf21a3f436950d16eb628/timeouts'
14:26:25.612 [Forwarding setTimeout on session a76f7b419afaf21a3f436950d16eb628 to remote] DEBUG org.asynchttpclient.netty.request.NettyRequestSender - Using open Channel [id: 0x4ca423c8, L:/127.0.0.1:59046 - R:localhost/127.0.0.1:41079] for POST '/session/a76f7b419afaf21a3f436950d16eb628/timeouts'
14:26:25.620 [AsyncHttpClient-1-4] DEBUG org.asynchttpclient.netty.handler.HttpHandler - 

Request DefaultHttpRequest(decodeResult: success, version: HTTP/1.1)
POST /session/a76f7b419afaf21a3f436950d16eb628/timeouts HTTP/1.1
User-Agent: selenium/4.8.1 (java windows)
Content-Length: 22
Content-Type: application/json; charset=utf-8
host: localhost:41079
accept: */*

Response DefaultHttpResponse(decodeResult: success, version: HTTP/1.1)
HTTP/1.1 200 OK
Content-Length: 14
Content-Type: application/json; charset=utf-8
cache-control: no-cache

14:26:25.620 [AsyncHttpClient-1-4] DEBUG org.asynchttpclient.netty.channel.ChannelManager - Adding key: http://localhost:41079 for channel [id: 0x4ca423c8, L:/127.0.0.1:59046 - R:localhost/127.0.0.1:41079]
14:26:25.623 [Forwarding maximizeCurrentWindow on session a76f7b419afaf21a3f436950d16eb628 to remote] DEBUG org.asynchttpclient.netty.request.NettyRequestSender - Using pooled Channel '[id: 0x4ca423c8, L:/127.0.0.1:59046 - R:localhost/127.0.0.1:41079]' for 'POST' to 'http://localhost:41079/session/a76f7b419afaf21a3f436950d16eb628/window/maximize'
14:26:25.623 [Forwarding maximizeCurrentWindow on session a76f7b419afaf21a3f436950d16eb628 to remote] DEBUG org.asynchttpclient.netty.request.NettyRequestSender - Using open Channel [id: 0x4ca423c8, L:/127.0.0.1:59046 - R:localhost/127.0.0.1:41079] for POST '/session/a76f7b419afaf21a3f436950d16eb628/window/maximize'
14:26:26.085 [AsyncHttpClient-1-1] DEBUG org.asynchttpclient.netty.channel.DefaultChannelPool - Entry count for : http://localhost:59047 : 1
14:26:26.184 [AsyncHttpClient-1-4] DEBUG org.asynchttpclient.netty.handler.HttpHandler - 

Request DefaultHttpRequest(decodeResult: success, version: HTTP/1.1)
POST /session/a76f7b419afaf21a3f436950d16eb628/window/maximize HTTP/1.1
User-Agent: selenium/4.8.1 (java windows)
Content-Length: 3
Content-Type: application/json; charset=utf-8
host: localhost:41079
accept: */*

Response DefaultHttpResponse(decodeResult: success, version: HTTP/1.1)
HTTP/1.1 200 OK
Content-Length: 51
Content-Type: application/json; charset=utf-8
cache-control: no-cache

14:26:26.186 [AsyncHttpClient-1-4] DEBUG org.asynchttpclient.netty.channel.ChannelManager - Adding key: http://localhost:41079 for channel [id: 0x4ca423c8, L:/127.0.0.1:59046 - R:localhost/127.0.0.1:41079]
14:26:26.200 [Forwarding getAlertText on session a76f7b419afaf21a3f436950d16eb628 to remote] DEBUG org.asynchttpclient.netty.request.NettyRequestSender - Using pooled Channel '[id: 0x4ca423c8, L:/127.0.0.1:59046 - R:localhost/127.0.0.1:41079]' for 'GET' to 'http://localhost:41079/session/a76f7b419afaf21a3f436950d16eb628/alert/text'
14:26:26.201 [Forwarding getAlertText on session a76f7b419afaf21a3f436950d16eb628 to remote] DEBUG org.asynchttpclient.netty.request.NettyRequestSender - Using open Channel [id: 0x4ca423c8, L:/127.0.0.1:59046 - R:localhost/127.0.0.1:41079] for GET '/session/a76f7b419afaf21a3f436950d16eb628/alert/text'
14:26:26.270 [AsyncHttpClient-1-4] DEBUG org.asynchttpclient.netty.handler.HttpHandler - 

Request DefaultFullHttpRequest(decodeResult: success, version: HTTP/1.1, content: EmptyByteBufBE)
GET /session/a76f7b419afaf21a3f436950d16eb628/alert/text HTTP/1.1
User-Agent: selenium/4.8.1 (java windows)
Cache-Control: no-cache
Content-Type: application/json; charset=utf-8
host: localhost:41079
accept: */*

Response DefaultHttpResponse(decodeResult: success, version: HTTP/1.1)
HTTP/1.1 404 Not Found
Content-Length: 821
Content-Type: application/json; charset=utf-8
cache-control: no-cache

14:26:26.271 [AsyncHttpClient-1-4] DEBUG org.asynchttpclient.netty.channel.ChannelManager - Adding key: http://localhost:41079 for channel [id: 0x4ca423c8, L:/127.0.0.1:59046 - R:localhost/127.0.0.1:41079]
14:26:26.274 [Forwarding getCurrentUrl on session a76f7b419afaf21a3f436950d16eb628 to remote] DEBUG org.asynchttpclient.netty.request.NettyRequestSender - Using pooled Channel '[id: 0x4ca423c8, L:/127.0.0.1:59046 - R:localhost/127.0.0.1:41079]' for 'GET' to 'http://localhost:41079/session/a76f7b419afaf21a3f436950d16eb628/url'
14:26:26.274 [Forwarding getCurrentUrl on session a76f7b419afaf21a3f436950d16eb628 to remote] DEBUG org.asynchttpclient.netty.request.NettyRequestSender - Using open Channel [id: 0x4ca423c8, L:/127.0.0.1:59046 - R:localhost/127.0.0.1:41079] for GET '/session/a76f7b419afaf21a3f436950d16eb628/url'
14:26:26.315 [AsyncHttpClient-1-4] DEBUG org.asynchttpclient.netty.handler.HttpHandler - 

Request DefaultFullHttpRequest(decodeResult: success, version: HTTP/1.1, content: EmptyByteBufBE)
GET /session/a76f7b419afaf21a3f436950d16eb628/url HTTP/1.1
User-Agent: selenium/4.8.1 (java windows)
Cache-Control: no-cache
Content-Type: application/json; charset=utf-8
host: localhost:41079
accept: */*

Response DefaultHttpResponse(decodeResult: success, version: HTTP/1.1)
HTTP/1.1 200 OK
Content-Length: 40
Content-Type: application/json; charset=utf-8
cache-control: no-cache

14:26:26.315 [AsyncHttpClient-1-4] DEBUG org.asynchttpclient.netty.channel.ChannelManager - Adding key: http://localhost:41079 for channel [id: 0x4ca423c8, L:/127.0.0.1:59046 - R:localhost/127.0.0.1:41079]
14:26:26.317 [Forwarding screenshot on session a76f7b419afaf21a3f436950d16eb628 to remote] DEBUG org.asynchttpclient.netty.request.NettyRequestSender - Using pooled Channel '[id: 0x4ca423c8, L:/127.0.0.1:59046 - R:localhost/127.0.0.1:41079]' for 'GET' to 'http://localhost:41079/session/a76f7b419afaf21a3f436950d16eb628/screenshot'
14:26:26.317 [Forwarding screenshot on session a76f7b419afaf21a3f436950d16eb628 to remote] DEBUG org.asynchttpclient.netty.request.NettyRequestSender - Using open Channel [id: 0x4ca423c8, L:/127.0.0.1:59046 - R:localhost/127.0.0.1:41079] for GET '/session/a76f7b419afaf21a3f436950d16eb628/screenshot'
14:26:27.199 [AsyncHttpClient-1-1] DEBUG org.asynchttpclient.netty.channel.DefaultChannelPool - Entry count for : http://localhost:59047 : 1
14:26:27.727 [AsyncHttpClient-1-4] DEBUG org.asynchttpclient.netty.handler.HttpHandler - 

Request DefaultFullHttpRequest(decodeResult: success, version: HTTP/1.1, content: EmptyByteBufBE)
GET /session/a76f7b419afaf21a3f436950d16eb628/screenshot HTTP/1.1
User-Agent: selenium/4.8.1 (java windows)
Cache-Control: no-cache
Content-Type: application/json; charset=utf-8
host: localhost:41079
accept: */*

Response DefaultHttpResponse(decodeResult: success, version: HTTP/1.1)
HTTP/1.1 200 OK
Content-Length: 2003388
Content-Type: application/json; charset=utf-8
cache-control: no-cache

14:26:27.751 [AsyncHttpClient-1-4] DEBUG org.asynchttpclient.netty.channel.ChannelManager - Adding key: http://localhost:41079 for channel [id: 0x4ca423c8, L:/127.0.0.1:59046 - R:localhost/127.0.0.1:41079]
14:26:27.853 [main] DEBUG net.serenitybdd.core.photography.Darkroom - Send negative for processing for target\site\serenity\eefb42ccb8dde2b5f1bae08f03f09b71f2964dee8d658fcd7aca9aafc2b8a1f9.png
14:26:27.868 [Forwarding getPageSource on session a76f7b419afaf21a3f436950d16eb628 to remote] DEBUG org.asynchttpclient.netty.request.NettyRequestSender - Using pooled Channel '[id: 0x4ca423c8, L:/127.0.0.1:59046 - R:localhost/127.0.0.1:41079]' for 'POST' to 'http://localhost:41079/session/a76f7b419afaf21a3f436950d16eb628/execute/sync'
14:26:27.868 [Forwarding getPageSource on session a76f7b419afaf21a3f436950d16eb628 to remote] DEBUG org.asynchttpclient.netty.request.NettyRequestSender - Using open Channel [id: 0x4ca423c8, L:/127.0.0.1:59046 - R:localhost/127.0.0.1:41079] for POST '/session/a76f7b419afaf21a3f436950d16eb628/execute/sync'
14:26:27.922 [AsyncHttpClient-1-4] DEBUG org.asynchttpclient.netty.handler.HttpHandler - 

Request DefaultHttpRequest(decodeResult: success, version: HTTP/1.1)
POST /session/a76f7b419afaf21a3f436950d16eb628/execute/sync HTTP/1.1
User-Agent: selenium/4.8.1 (java windows)
Content-Length: 176
Content-Type: application/json; charset=utf-8
host: localhost:41079
accept: */*

Response DefaultHttpResponse(decodeResult: success, version: HTTP/1.1)
HTTP/1.1 200 OK
Content-Length: 129146
Content-Type: application/json; charset=utf-8
cache-control: no-cache

14:26:27.923 [AsyncHttpClient-1-4] DEBUG org.asynchttpclient.netty.channel.ChannelManager - Adding key: http://localhost:41079 for channel [id: 0x4ca423c8, L:/127.0.0.1:59046 - R:localhost/127.0.0.1:41079]
14:26:27.963 [Forwarding getCurrentUrl on session a76f7b419afaf21a3f436950d16eb628 to remote] DEBUG org.asynchttpclient.netty.request.NettyRequestSender - Using pooled Channel '[id: 0x4ca423c8, L:/127.0.0.1:59046 - R:localhost/127.0.0.1:41079]' for 'GET' to 'http://localhost:41079/session/a76f7b419afaf21a3f436950d16eb628/url'
14:26:27.963 [Forwarding getCurrentUrl on session a76f7b419afaf21a3f436950d16eb628 to remote] DEBUG org.asynchttpclient.netty.request.NettyRequestSender - Using open Channel [id: 0x4ca423c8, L:/127.0.0.1:59046 - R:localhost/127.0.0.1:41079] for GET '/session/a76f7b419afaf21a3f436950d16eb628/url'
14:26:28.006 [AsyncHttpClient-1-4] DEBUG org.asynchttpclient.netty.handler.HttpHandler - 

Request DefaultFullHttpRequest(decodeResult: success, version: HTTP/1.1, content: EmptyByteBufBE)
GET /session/a76f7b419afaf21a3f436950d16eb628/url HTTP/1.1
User-Agent: selenium/4.8.1 (java windows)
Cache-Control: no-cache
Content-Type: application/json; charset=utf-8
host: localhost:41079
accept: */*

Response DefaultHttpResponse(decodeResult: success, version: HTTP/1.1)
HTTP/1.1 200 OK
Content-Length: 40
Content-Type: application/json; charset=utf-8
cache-control: no-cache

14:26:28.006 [AsyncHttpClient-1-4] DEBUG org.asynchttpclient.netty.channel.ChannelManager - Adding key: http://localhost:41079 for channel [id: 0x4ca423c8, L:/127.0.0.1:59046 - R:localhost/127.0.0.1:41079]
14:26:28.050 [Forwarding getAlertText on session a76f7b419afaf21a3f436950d16eb628 to remote] DEBUG org.asynchttpclient.netty.request.NettyRequestSender - Using pooled Channel '[id: 0x4ca423c8, L:/127.0.0.1:59046 - R:localhost/127.0.0.1:41079]' for 'GET' to 'http://localhost:41079/session/a76f7b419afaf21a3f436950d16eb628/alert/text'
14:26:28.050 [Forwarding getAlertText on session a76f7b419afaf21a3f436950d16eb628 to remote] DEBUG org.asynchttpclient.netty.request.NettyRequestSender - Using open Channel [id: 0x4ca423c8, L:/127.0.0.1:59046 - R:localhost/127.0.0.1:41079] for GET '/session/a76f7b419afaf21a3f436950d16eb628/alert/text'
14:26:28.058 [AsyncHttpClient-1-4] DEBUG org.asynchttpclient.netty.handler.HttpHandler - 

Request DefaultFullHttpRequest(decodeResult: success, version: HTTP/1.1, content: EmptyByteBufBE)
GET /session/a76f7b419afaf21a3f436950d16eb628/alert/text HTTP/1.1
User-Agent: selenium/4.8.1 (java windows)
Cache-Control: no-cache
Content-Type: application/json; charset=utf-8
host: localhost:41079
accept: */*

Response DefaultHttpResponse(decodeResult: success, version: HTTP/1.1)
HTTP/1.1 404 Not Found
Content-Length: 821
Content-Type: application/json; charset=utf-8
cache-control: no-cache

14:26:28.058 [AsyncHttpClient-1-4] DEBUG org.asynchttpclient.netty.channel.ChannelManager - Adding key: http://localhost:41079 for channel [id: 0x4ca423c8, L:/127.0.0.1:59046 - R:localhost/127.0.0.1:41079]
14:26:28.061 [Forwarding getCurrentUrl on session a76f7b419afaf21a3f436950d16eb628 to remote] DEBUG org.asynchttpclient.netty.request.NettyRequestSender - Using pooled Channel '[id: 0x4ca423c8, L:/127.0.0.1:59046 - R:localhost/127.0.0.1:41079]' for 'GET' to 'http://localhost:41079/session/a76f7b419afaf21a3f436950d16eb628/url'
14:26:28.062 [Forwarding getCurrentUrl on session a76f7b419afaf21a3f436950d16eb628 to remote] DEBUG org.asynchttpclient.netty.request.NettyRequestSender - Using open Channel [id: 0x4ca423c8, L:/127.0.0.1:59046 - R:localhost/127.0.0.1:41079] for GET '/session/a76f7b419afaf21a3f436950d16eb628/url'
14:26:28.076 [AsyncHttpClient-1-4] DEBUG org.asynchttpclient.netty.handler.HttpHandler - 

Request DefaultFullHttpRequest(decodeResult: success, version: HTTP/1.1, content: EmptyByteBufBE)
GET /session/a76f7b419afaf21a3f436950d16eb628/url HTTP/1.1
User-Agent: selenium/4.8.1 (java windows)
Cache-Control: no-cache
Content-Type: application/json; charset=utf-8
host: localhost:41079
accept: */*

Response DefaultHttpResponse(decodeResult: success, version: HTTP/1.1)
HTTP/1.1 200 OK
Content-Length: 40
Content-Type: application/json; charset=utf-8
cache-control: no-cache

14:26:28.076 [AsyncHttpClient-1-4] DEBUG org.asynchttpclient.netty.channel.ChannelManager - Adding key: http://localhost:41079 for channel [id: 0x4ca423c8, L:/127.0.0.1:59046 - R:localhost/127.0.0.1:41079]
14:26:28.077 [Forwarding screenshot on session a76f7b419afaf21a3f436950d16eb628 to remote] DEBUG org.asynchttpclient.netty.request.NettyRequestSender - Using pooled Channel '[id: 0x4ca423c8, L:/127.0.0.1:59046 - R:localhost/127.0.0.1:41079]' for 'GET' to 'http://localhost:41079/session/a76f7b419afaf21a3f436950d16eb628/screenshot'
14:26:28.077 [Forwarding screenshot on session a76f7b419afaf21a3f436950d16eb628 to remote] DEBUG org.asynchttpclient.netty.request.NettyRequestSender - Using open Channel [id: 0x4ca423c8, L:/127.0.0.1:59046 - R:localhost/127.0.0.1:41079] for GET '/session/a76f7b419afaf21a3f436950d16eb628/screenshot'
14:26:28.293 [AsyncHttpClient-1-1] DEBUG org.asynchttpclient.netty.channel.DefaultChannelPool - Entry count for : http://localhost:59047 : 1
14:26:29.381 [AsyncHttpClient-1-4] DEBUG org.asynchttpclient.netty.handler.HttpHandler - 

Request DefaultFullHttpRequest(decodeResult: success, version: HTTP/1.1, content: EmptyByteBufBE)
GET /session/a76f7b419afaf21a3f436950d16eb628/screenshot HTTP/1.1
User-Agent: selenium/4.8.1 (java windows)
Cache-Control: no-cache
Content-Type: application/json; charset=utf-8
host: localhost:41079
accept: */*

Response DefaultHttpResponse(decodeResult: success, version: HTTP/1.1)
HTTP/1.1 200 OK
Content-Length: 2003388
Content-Type: application/json; charset=utf-8
cache-control: no-cache

14:26:29.390 [AsyncHttpClient-1-4] DEBUG org.asynchttpclient.netty.channel.ChannelManager - Adding key: http://localhost:41079 for channel [id: 0x4ca423c8, L:/127.0.0.1:59046 - R:localhost/127.0.0.1:41079]
14:26:29.423 [AsyncHttpClient-1-1] DEBUG org.asynchttpclient.netty.channel.DefaultChannelPool - Entry count for : http://localhost:59047 : 1
14:26:29.424 [AsyncHttpClient-1-1] DEBUG org.asynchttpclient.netty.channel.DefaultChannelPool - Entry count for : http://localhost:41079 : 1
14:26:29.649 [main] DEBUG net.serenitybdd.core.photography.Darkroom - Send negative for processing for target\site\serenity\eefb42ccb8dde2b5f1bae08f03f09b71f2964dee8d658fcd7aca9aafc2b8a1f9.png
14:26:29.655 [Forwarding getPageSource on session a76f7b419afaf21a3f436950d16eb628 to remote] DEBUG org.asynchttpclient.netty.request.NettyRequestSender - Using pooled Channel '[id: 0x4ca423c8, L:/127.0.0.1:59046 - R:localhost/127.0.0.1:41079]' for 'POST' to 'http://localhost:41079/session/a76f7b419afaf21a3f436950d16eb628/execute/sync'
14:26:29.655 [Forwarding getPageSource on session a76f7b419afaf21a3f436950d16eb628 to remote] DEBUG org.asynchttpclient.netty.request.NettyRequestSender - Using open Channel [id: 0x4ca423c8, L:/127.0.0.1:59046 - R:localhost/127.0.0.1:41079] for POST '/session/a76f7b419afaf21a3f436950d16eb628/execute/sync'
14:26:29.771 [AsyncHttpClient-1-4] DEBUG org.asynchttpclient.netty.handler.HttpHandler - 

Request DefaultHttpRequest(decodeResult: success, version: HTTP/1.1)
POST /session/a76f7b419afaf21a3f436950d16eb628/execute/sync HTTP/1.1
User-Agent: selenium/4.8.1 (java windows)
Content-Length: 176
Content-Type: application/json; charset=utf-8
host: localhost:41079
accept: */*

Response DefaultHttpResponse(decodeResult: success, version: HTTP/1.1)
HTTP/1.1 200 OK
Content-Length: 129194
Content-Type: application/json; charset=utf-8
cache-control: no-cache

14:26:29.795 [AsyncHttpClient-1-4] DEBUG org.asynchttpclient.netty.channel.ChannelManager - Adding key: http://localhost:41079 for channel [id: 0x4ca423c8, L:/127.0.0.1:59046 - R:localhost/127.0.0.1:41079]
14:26:29.844 [Forwarding getCurrentUrl on session a76f7b419afaf21a3f436950d16eb628 to remote] DEBUG org.asynchttpclient.netty.request.NettyRequestSender - Using pooled Channel '[id: 0x4ca423c8, L:/127.0.0.1:59046 - R:localhost/127.0.0.1:41079]' for 'GET' to 'http://localhost:41079/session/a76f7b419afaf21a3f436950d16eb628/url'
14:26:29.845 [Forwarding getCurrentUrl on session a76f7b419afaf21a3f436950d16eb628 to remote] DEBUG org.asynchttpclient.netty.request.NettyRequestSender - Using open Channel [id: 0x4ca423c8, L:/127.0.0.1:59046 - R:localhost/127.0.0.1:41079] for GET '/session/a76f7b419afaf21a3f436950d16eb628/url'
14:26:29.910 [AsyncHttpClient-1-4] DEBUG org.asynchttpclient.netty.handler.HttpHandler - 

Request DefaultFullHttpRequest(decodeResult: success, version: HTTP/1.1, content: EmptyByteBufBE)
GET /session/a76f7b419afaf21a3f436950d16eb628/url HTTP/1.1
User-Agent: selenium/4.8.1 (java windows)
Cache-Control: no-cache
Content-Type: application/json; charset=utf-8
host: localhost:41079
accept: */*

Response DefaultHttpResponse(decodeResult: success, version: HTTP/1.1)
HTTP/1.1 200 OK
Content-Length: 40
Content-Type: application/json; charset=utf-8
cache-control: no-cache

14:26:29.911 [AsyncHttpClient-1-4] DEBUG org.asynchttpclient.netty.channel.ChannelManager - Adding key: http://localhost:41079 for channel [id: 0x4ca423c8, L:/127.0.0.1:59046 - R:localhost/127.0.0.1:41079]
14:26:29.915 [main] DEBUG net.thucydides.core.steps.StepInterceptor - STARTING STEP: Afrexim_OurBank_Aboutus_Steps.to_click_the_our_bank_option - To_click_the_Our_Bank_Option
14:26:29.920 [Forwarding findElement on session a76f7b419afaf21a3f436950d16eb628 to remote] DEBUG org.asynchttpclient.netty.request.NettyRequestSender - Using pooled Channel '[id: 0x4ca423c8, L:/127.0.0.1:59046 - R:localhost/127.0.0.1:41079]' for 'POST' to 'http://localhost:41079/session/a76f7b419afaf21a3f436950d16eb628/element'
14:26:29.920 [Forwarding findElement on session a76f7b419afaf21a3f436950d16eb628 to remote] DEBUG org.asynchttpclient.netty.request.NettyRequestSender - Using open Channel [id: 0x4ca423c8, L:/127.0.0.1:59046 - R:localhost/127.0.0.1:41079] for POST '/session/a76f7b419afaf21a3f436950d16eb628/element'
14:26:29.950 [AsyncHttpClient-1-4] DEBUG org.asynchttpclient.netty.handler.HttpHandler - 

Request DefaultHttpRequest(decodeResult: success, version: HTTP/1.1)
POST /session/a76f7b419afaf21a3f436950d16eb628/element HTTP/1.1
User-Agent: selenium/4.8.1 (java windows)
Content-Length: 77
Content-Type: application/json; charset=utf-8
host: localhost:41079
accept: */*

Response DefaultHttpResponse(decodeResult: success, version: HTTP/1.1)
HTTP/1.1 200 OK
Content-Length: 95
Content-Type: application/json; charset=utf-8
cache-control: no-cache

14:26:29.950 [AsyncHttpClient-1-4] DEBUG org.asynchttpclient.netty.channel.ChannelManager - Adding key: http://localhost:41079 for channel [id: 0x4ca423c8, L:/127.0.0.1:59046 - R:localhost/127.0.0.1:41079]
14:26:29.953 [Forwarding getElementTagName on session a76f7b419afaf21a3f436950d16eb628 to remote] DEBUG org.asynchttpclient.netty.request.NettyRequestSender - Using pooled Channel '[id: 0x4ca423c8, L:/127.0.0.1:59046 - R:localhost/127.0.0.1:41079]' for 'GET' to 'http://localhost:41079/session/a76f7b419afaf21a3f436950d16eb628/element/3C437EDF1EB4FBB32426F3DC1033334F_element_44/name'
14:26:29.953 [Forwarding getElementTagName on session a76f7b419afaf21a3f436950d16eb628 to remote] DEBUG org.asynchttpclient.netty.request.NettyRequestSender - Using open Channel [id: 0x4ca423c8, L:/127.0.0.1:59046 - R:localhost/127.0.0.1:41079] for GET '/session/a76f7b419afaf21a3f436950d16eb628/element/3C437EDF1EB4FBB32426F3DC1033334F_element_44/name'
14:26:29.970 [AsyncHttpClient-1-4] DEBUG org.asynchttpclient.netty.handler.HttpHandler - 

Request DefaultFullHttpRequest(decodeResult: success, version: HTTP/1.1, content: EmptyByteBufBE)
GET /session/a76f7b419afaf21a3f436950d16eb628/element/3C437EDF1EB4FBB32426F3DC1033334F_element_44/name HTTP/1.1
User-Agent: selenium/4.8.1 (java windows)
Cache-Control: no-cache
Content-Type: application/json; charset=utf-8
host: localhost:41079
accept: */*

Response DefaultHttpResponse(decodeResult: success, version: HTTP/1.1)
HTTP/1.1 200 OK
Content-Length: 16
Content-Type: application/json; charset=utf-8
cache-control: no-cache

14:26:29.970 [AsyncHttpClient-1-4] DEBUG org.asynchttpclient.netty.channel.ChannelManager - Adding key: http://localhost:41079 for channel [id: 0x4ca423c8, L:/127.0.0.1:59046 - R:localhost/127.0.0.1:41079]
14:26:29.973 [Forwarding getElementTagName on session a76f7b419afaf21a3f436950d16eb628 to remote] DEBUG org.asynchttpclient.netty.request.NettyRequestSender - Using pooled Channel '[id: 0x4ca423c8, L:/127.0.0.1:59046 - R:localhost/127.0.0.1:41079]' for 'GET' to 'http://localhost:41079/session/a76f7b419afaf21a3f436950d16eb628/element/3C437EDF1EB4FBB32426F3DC1033334F_element_44/name'
14:26:29.973 [Forwarding getElementTagName on session a76f7b419afaf21a3f436950d16eb628 to remote] DEBUG org.asynchttpclient.netty.request.NettyRequestSender - Using open Channel [id: 0x4ca423c8, L:/127.0.0.1:59046 - R:localhost/127.0.0.1:41079] for GET '/session/a76f7b419afaf21a3f436950d16eb628/element/3C437EDF1EB4FBB32426F3DC1033334F_element_44/name'
14:26:29.986 [AsyncHttpClient-1-4] DEBUG org.asynchttpclient.netty.handler.HttpHandler - 

Request DefaultFullHttpRequest(decodeResult: success, version: HTTP/1.1, content: EmptyByteBufBE)
GET /session/a76f7b419afaf21a3f436950d16eb628/element/3C437EDF1EB4FBB32426F3DC1033334F_element_44/name HTTP/1.1
User-Agent: selenium/4.8.1 (java windows)
Cache-Control: no-cache
Content-Type: application/json; charset=utf-8
host: localhost:41079
accept: */*

Response DefaultHttpResponse(decodeResult: success, version: HTTP/1.1)
HTTP/1.1 200 OK
Content-Length: 16
Content-Type: application/json; charset=utf-8
cache-control: no-cache

14:26:29.986 [AsyncHttpClient-1-4] DEBUG org.asynchttpclient.netty.channel.ChannelManager - Adding key: http://localhost:41079 for channel [id: 0x4ca423c8, L:/127.0.0.1:59046 - R:localhost/127.0.0.1:41079]
14:26:29.991 [Forwarding findElement on session a76f7b419afaf21a3f436950d16eb628 to remote] DEBUG org.asynchttpclient.netty.request.NettyRequestSender - Using pooled Channel '[id: 0x4ca423c8, L:/127.0.0.1:59046 - R:localhost/127.0.0.1:41079]' for 'POST' to 'http://localhost:41079/session/a76f7b419afaf21a3f436950d16eb628/element'
14:26:29.991 [Forwarding findElement on session a76f7b419afaf21a3f436950d16eb628 to remote] DEBUG org.asynchttpclient.netty.request.NettyRequestSender - Using open Channel [id: 0x4ca423c8, L:/127.0.0.1:59046 - R:localhost/127.0.0.1:41079] for POST '/session/a76f7b419afaf21a3f436950d16eb628/element'
14:26:30.008 [AsyncHttpClient-1-4] DEBUG org.asynchttpclient.netty.handler.HttpHandler - 

Request DefaultHttpRequest(decodeResult: success, version: HTTP/1.1)
POST /session/a76f7b419afaf21a3f436950d16eb628/element HTTP/1.1
User-Agent: selenium/4.8.1 (java windows)
Content-Length: 77
Content-Type: application/json; charset=utf-8
host: localhost:41079
accept: */*

Response DefaultHttpResponse(decodeResult: success, version: HTTP/1.1)
HTTP/1.1 200 OK
Content-Length: 95
Content-Type: application/json; charset=utf-8
cache-control: no-cache

14:26:30.008 [AsyncHttpClient-1-4] DEBUG org.asynchttpclient.netty.channel.ChannelManager - Adding key: http://localhost:41079 for channel [id: 0x4ca423c8, L:/127.0.0.1:59046 - R:localhost/127.0.0.1:41079]
14:26:30.012 [Forwarding clickElement on session a76f7b419afaf21a3f436950d16eb628 to remote] DEBUG org.asynchttpclient.netty.request.NettyRequestSender - Using pooled Channel '[id: 0x4ca423c8, L:/127.0.0.1:59046 - R:localhost/127.0.0.1:41079]' for 'POST' to 'http://localhost:41079/session/a76f7b419afaf21a3f436950d16eb628/element/3C437EDF1EB4FBB32426F3DC1033334F_element_44/click'
14:26:30.012 [Forwarding clickElement on session a76f7b419afaf21a3f436950d16eb628 to remote] DEBUG org.asynchttpclient.netty.request.NettyRequestSender - Using open Channel [id: 0x4ca423c8, L:/127.0.0.1:59046 - R:localhost/127.0.0.1:41079] for POST '/session/a76f7b419afaf21a3f436950d16eb628/element/3C437EDF1EB4FBB32426F3DC1033334F_element_44/click'
14:26:30.238 [AsyncHttpClient-1-4] DEBUG org.asynchttpclient.netty.handler.HttpHandler - 

Request DefaultHttpRequest(decodeResult: success, version: HTTP/1.1)
POST /session/a76f7b419afaf21a3f436950d16eb628/element/3C437EDF1EB4FBB32426F3DC1033334F_element_44/click HTTP/1.1
User-Agent: selenium/4.8.1 (java windows)
Content-Length: 57
Content-Type: application/json; charset=utf-8
host: localhost:41079
accept: */*

Response DefaultHttpResponse(decodeResult: success, version: HTTP/1.1)
HTTP/1.1 200 OK
Content-Length: 14
Content-Type: application/json; charset=utf-8
cache-control: no-cache

14:26:30.238 [AsyncHttpClient-1-4] DEBUG org.asynchttpclient.netty.channel.ChannelManager - Adding key: http://localhost:41079 for channel [id: 0x4ca423c8, L:/127.0.0.1:59046 - R:localhost/127.0.0.1:41079]
14:26:30.255 [Forwarding getAlertText on session a76f7b419afaf21a3f436950d16eb628 to remote] DEBUG org.asynchttpclient.netty.request.NettyRequestSender - Using pooled Channel '[id: 0x4ca423c8, L:/127.0.0.1:59046 - R:localhost/127.0.0.1:41079]' for 'GET' to 'http://localhost:41079/session/a76f7b419afaf21a3f436950d16eb628/alert/text'
14:26:30.255 [Forwarding getAlertText on session a76f7b419afaf21a3f436950d16eb628 to remote] DEBUG org.asynchttpclient.netty.request.NettyRequestSender - Using open Channel [id: 0x4ca423c8, L:/127.0.0.1:59046 - R:localhost/127.0.0.1:41079] for GET '/session/a76f7b419afaf21a3f436950d16eb628/alert/text'
14:26:30.259 [AsyncHttpClient-1-4] DEBUG org.asynchttpclient.netty.handler.HttpHandler - 

Request DefaultFullHttpRequest(decodeResult: success, version: HTTP/1.1, content: EmptyByteBufBE)
GET /session/a76f7b419afaf21a3f436950d16eb628/alert/text HTTP/1.1
User-Agent: selenium/4.8.1 (java windows)
Cache-Control: no-cache
Content-Type: application/json; charset=utf-8
host: localhost:41079
accept: */*

Response DefaultHttpResponse(decodeResult: success, version: HTTP/1.1)
HTTP/1.1 404 Not Found
Content-Length: 821
Content-Type: application/json; charset=utf-8
cache-control: no-cache

14:26:30.259 [AsyncHttpClient-1-4] DEBUG org.asynchttpclient.netty.channel.ChannelManager - Adding key: http://localhost:41079 for channel [id: 0x4ca423c8, L:/127.0.0.1:59046 - R:localhost/127.0.0.1:41079]
14:26:30.264 [Forwarding getCurrentUrl on session a76f7b419afaf21a3f436950d16eb628 to remote] DEBUG org.asynchttpclient.netty.request.NettyRequestSender - Using pooled Channel '[id: 0x4ca423c8, L:/127.0.0.1:59046 - R:localhost/127.0.0.1:41079]' for 'GET' to 'http://localhost:41079/session/a76f7b419afaf21a3f436950d16eb628/url'
14:26:30.264 [Forwarding getCurrentUrl on session a76f7b419afaf21a3f436950d16eb628 to remote] DEBUG org.asynchttpclient.netty.request.NettyRequestSender - Using open Channel [id: 0x4ca423c8, L:/127.0.0.1:59046 - R:localhost/127.0.0.1:41079] for GET '/session/a76f7b419afaf21a3f436950d16eb628/url'
14:26:30.280 [AsyncHttpClient-1-4] DEBUG org.asynchttpclient.netty.handler.HttpHandler - 

Request DefaultFullHttpRequest(decodeResult: success, version: HTTP/1.1, content: EmptyByteBufBE)
GET /session/a76f7b419afaf21a3f436950d16eb628/url HTTP/1.1
User-Agent: selenium/4.8.1 (java windows)
Cache-Control: no-cache
Content-Type: application/json; charset=utf-8
host: localhost:41079
accept: */*

Response DefaultHttpResponse(decodeResult: success, version: HTTP/1.1)
HTTP/1.1 200 OK
Content-Length: 40
Content-Type: application/json; charset=utf-8
cache-control: no-cache

14:26:30.280 [AsyncHttpClient-1-4] DEBUG org.asynchttpclient.netty.channel.ChannelManager - Adding key: http://localhost:41079 for channel [id: 0x4ca423c8, L:/127.0.0.1:59046 - R:localhost/127.0.0.1:41079]
14:26:30.282 [Forwarding screenshot on session a76f7b419afaf21a3f436950d16eb628 to remote] DEBUG org.asynchttpclient.netty.request.NettyRequestSender - Using pooled Channel '[id: 0x4ca423c8, L:/127.0.0.1:59046 - R:localhost/127.0.0.1:41079]' for 'GET' to 'http://localhost:41079/session/a76f7b419afaf21a3f436950d16eb628/screenshot'
14:26:30.282 [Forwarding screenshot on session a76f7b419afaf21a3f436950d16eb628 to remote] DEBUG org.asynchttpclient.netty.request.NettyRequestSender - Using open Channel [id: 0x4ca423c8, L:/127.0.0.1:59046 - R:localhost/127.0.0.1:41079] for GET '/session/a76f7b419afaf21a3f436950d16eb628/screenshot'
14:26:30.489 [AsyncHttpClient-1-1] DEBUG org.asynchttpclient.netty.channel.DefaultChannelPool - Entry count for : http://localhost:59047 : 1
14:26:31.587 [AsyncHttpClient-1-1] DEBUG org.asynchttpclient.netty.channel.DefaultChannelPool - Entry count for : http://localhost:59047 : 1
14:26:31.928 [AsyncHttpClient-1-4] DEBUG org.asynchttpclient.netty.handler.HttpHandler - 

Request DefaultFullHttpRequest(decodeResult: success, version: HTTP/1.1, content: EmptyByteBufBE)
GET /session/a76f7b419afaf21a3f436950d16eb628/screenshot HTTP/1.1
User-Agent: selenium/4.8.1 (java windows)
Cache-Control: no-cache
Content-Type: application/json; charset=utf-8
host: localhost:41079
accept: */*

Response DefaultHttpResponse(decodeResult: success, version: HTTP/1.1)
HTTP/1.1 200 OK
Content-Length: 2539136
Content-Type: application/json; charset=utf-8
cache-control: no-cache

14:26:31.936 [AsyncHttpClient-1-4] DEBUG org.asynchttpclient.netty.channel.ChannelManager - Adding key: http://localhost:41079 for channel [id: 0x4ca423c8, L:/127.0.0.1:59046 - R:localhost/127.0.0.1:41079]
14:26:32.069 [main] DEBUG net.serenitybdd.core.photography.Darkroom - Send negative for processing for target\site\serenity\433ef9bc86a2740beac8a8779f8f41f0187dd0e1a387caad0c4587ae6da574f0.png
14:26:32.070 [main] DEBUG net.thucydides.core.steps.StepInterceptor - STEP DONE: To_click_the_Our_Bank_Option
14:26:32.070 [Darkroom Processing Line] DEBUG net.serenitybdd.core.photography.DarkroomProcessingLine - Processing screenshot image in /var/screenshots/screenshot-4311278902731554456
14:26:32.070 [Darkroom Processing Line] DEBUG net.serenitybdd.core.photography.DarkroomProcessingLine - Saving screenshot to target\site\serenity\433ef9bc86a2740beac8a8779f8f41f0187dd0e1a387caad0c4587ae6da574f0.png
14:26:32.090 [Forwarding getPageSource on session a76f7b419afaf21a3f436950d16eb628 to remote] DEBUG org.asynchttpclient.netty.request.NettyRequestSender - Using pooled Channel '[id: 0x4ca423c8, L:/127.0.0.1:59046 - R:localhost/127.0.0.1:41079]' for 'POST' to 'http://localhost:41079/session/a76f7b419afaf21a3f436950d16eb628/execute/sync'
14:26:32.090 [Forwarding getPageSource on session a76f7b419afaf21a3f436950d16eb628 to remote] DEBUG org.asynchttpclient.netty.request.NettyRequestSender - Using open Channel [id: 0x4ca423c8, L:/127.0.0.1:59046 - R:localhost/127.0.0.1:41079] for POST '/session/a76f7b419afaf21a3f436950d16eb628/execute/sync'
14:26:32.124 [AsyncHttpClient-1-4] DEBUG org.asynchttpclient.netty.handler.HttpHandler - 

Request DefaultHttpRequest(decodeResult: success, version: HTTP/1.1)
POST /session/a76f7b419afaf21a3f436950d16eb628/execute/sync HTTP/1.1
User-Agent: selenium/4.8.1 (java windows)
Content-Length: 176
Content-Type: application/json; charset=utf-8
host: localhost:41079
accept: */*

Response DefaultHttpResponse(decodeResult: success, version: HTTP/1.1)
HTTP/1.1 200 OK
Content-Length: 129216
Content-Type: application/json; charset=utf-8
cache-control: no-cache

14:26:32.125 [AsyncHttpClient-1-4] DEBUG org.asynchttpclient.netty.channel.ChannelManager - Adding key: http://localhost:41079 for channel [id: 0x4ca423c8, L:/127.0.0.1:59046 - R:localhost/127.0.0.1:41079]
14:26:32.150 [Forwarding getCurrentUrl on session a76f7b419afaf21a3f436950d16eb628 to remote] DEBUG org.asynchttpclient.netty.request.NettyRequestSender - Using pooled Channel '[id: 0x4ca423c8, L:/127.0.0.1:59046 - R:localhost/127.0.0.1:41079]' for 'GET' to 'http://localhost:41079/session/a76f7b419afaf21a3f436950d16eb628/url'
14:26:32.150 [Forwarding getCurrentUrl on session a76f7b419afaf21a3f436950d16eb628 to remote] DEBUG org.asynchttpclient.netty.request.NettyRequestSender - Using open Channel [id: 0x4ca423c8, L:/127.0.0.1:59046 - R:localhost/127.0.0.1:41079] for GET '/session/a76f7b419afaf21a3f436950d16eb628/url'
14:26:32.169 [AsyncHttpClient-1-4] DEBUG org.asynchttpclient.netty.handler.HttpHandler - 

Request DefaultFullHttpRequest(decodeResult: success, version: HTTP/1.1, content: EmptyByteBufBE)
GET /session/a76f7b419afaf21a3f436950d16eb628/url HTTP/1.1
User-Agent: selenium/4.8.1 (java windows)
Cache-Control: no-cache
Content-Type: application/json; charset=utf-8
host: localhost:41079
accept: */*

Response DefaultHttpResponse(decodeResult: success, version: HTTP/1.1)
HTTP/1.1 200 OK
Content-Length: 40
Content-Type: application/json; charset=utf-8
cache-control: no-cache

14:26:32.169 [AsyncHttpClient-1-4] DEBUG org.asynchttpclient.netty.channel.ChannelManager - Adding key: http://localhost:41079 for channel [id: 0x4ca423c8, L:/127.0.0.1:59046 - R:localhost/127.0.0.1:41079]
14:26:32.369 [Forwarding getAlertText on session a76f7b419afaf21a3f436950d16eb628 to remote] DEBUG org.asynchttpclient.netty.request.NettyRequestSender - Using pooled Channel '[id: 0x4ca423c8, L:/127.0.0.1:59046 - R:localhost/127.0.0.1:41079]' for 'GET' to 'http://localhost:41079/session/a76f7b419afaf21a3f436950d16eb628/alert/text'
14:26:32.369 [Forwarding getAlertText on session a76f7b419afaf21a3f436950d16eb628 to remote] DEBUG org.asynchttpclient.netty.request.NettyRequestSender - Using open Channel [id: 0x4ca423c8, L:/127.0.0.1:59046 - R:localhost/127.0.0.1:41079] for GET '/session/a76f7b419afaf21a3f436950d16eb628/alert/text'
14:26:32.371 [AsyncHttpClient-1-4] DEBUG org.asynchttpclient.netty.handler.HttpHandler - 

Request DefaultFullHttpRequest(decodeResult: success, version: HTTP/1.1, content: EmptyByteBufBE)
GET /session/a76f7b419afaf21a3f436950d16eb628/alert/text HTTP/1.1
User-Agent: selenium/4.8.1 (java windows)
Cache-Control: no-cache
Content-Type: application/json; charset=utf-8
host: localhost:41079
accept: */*

Response DefaultHttpResponse(decodeResult: success, version: HTTP/1.1)
HTTP/1.1 404 Not Found
Content-Length: 821
Content-Type: application/json; charset=utf-8
cache-control: no-cache

14:26:32.371 [AsyncHttpClient-1-4] DEBUG org.asynchttpclient.netty.channel.ChannelManager - Adding key: http://localhost:41079 for channel [id: 0x4ca423c8, L:/127.0.0.1:59046 - R:localhost/127.0.0.1:41079]
14:26:32.374 [Forwarding getCurrentUrl on session a76f7b419afaf21a3f436950d16eb628 to remote] DEBUG org.asynchttpclient.netty.request.NettyRequestSender - Using pooled Channel '[id: 0x4ca423c8, L:/127.0.0.1:59046 - R:localhost/127.0.0.1:41079]' for 'GET' to 'http://localhost:41079/session/a76f7b419afaf21a3f436950d16eb628/url'
14:26:32.374 [Forwarding getCurrentUrl on session a76f7b419afaf21a3f436950d16eb628 to remote] DEBUG org.asynchttpclient.netty.request.NettyRequestSender - Using open Channel [id: 0x4ca423c8, L:/127.0.0.1:59046 - R:localhost/127.0.0.1:41079] for GET '/session/a76f7b419afaf21a3f436950d16eb628/url'
14:26:32.386 [AsyncHttpClient-1-4] DEBUG org.asynchttpclient.netty.handler.HttpHandler - 

Request DefaultFullHttpRequest(decodeResult: success, version: HTTP/1.1, content: EmptyByteBufBE)
GET /session/a76f7b419afaf21a3f436950d16eb628/url HTTP/1.1
User-Agent: selenium/4.8.1 (java windows)
Cache-Control: no-cache
Content-Type: application/json; charset=utf-8
host: localhost:41079
accept: */*

Response DefaultHttpResponse(decodeResult: success, version: HTTP/1.1)
HTTP/1.1 200 OK
Content-Length: 40
Content-Type: application/json; charset=utf-8
cache-control: no-cache

14:26:32.387 [AsyncHttpClient-1-4] DEBUG org.asynchttpclient.netty.channel.ChannelManager - Adding key: http://localhost:41079 for channel [id: 0x4ca423c8, L:/127.0.0.1:59046 - R:localhost/127.0.0.1:41079]
14:26:32.388 [Forwarding screenshot on session a76f7b419afaf21a3f436950d16eb628 to remote] DEBUG org.asynchttpclient.netty.request.NettyRequestSender - Using pooled Channel '[id: 0x4ca423c8, L:/127.0.0.1:59046 - R:localhost/127.0.0.1:41079]' for 'GET' to 'http://localhost:41079/session/a76f7b419afaf21a3f436950d16eb628/screenshot'
14:26:32.388 [Forwarding screenshot on session a76f7b419afaf21a3f436950d16eb628 to remote] DEBUG org.asynchttpclient.netty.request.NettyRequestSender - Using open Channel [id: 0x4ca423c8, L:/127.0.0.1:59046 - R:localhost/127.0.0.1:41079] for GET '/session/a76f7b419afaf21a3f436950d16eb628/screenshot'
14:26:32.694 [AsyncHttpClient-1-1] DEBUG org.asynchttpclient.netty.channel.DefaultChannelPool - Entry count for : http://localhost:59047 : 1
14:26:33.787 [AsyncHttpClient-1-1] DEBUG org.asynchttpclient.netty.channel.DefaultChannelPool - Entry count for : http://localhost:59047 : 1
14:26:34.018 [AsyncHttpClient-1-4] DEBUG org.asynchttpclient.netty.handler.HttpHandler - 

Request DefaultFullHttpRequest(decodeResult: success, version: HTTP/1.1, content: EmptyByteBufBE)
GET /session/a76f7b419afaf21a3f436950d16eb628/screenshot HTTP/1.1
User-Agent: selenium/4.8.1 (java windows)
Cache-Control: no-cache
Content-Type: application/json; charset=utf-8
host: localhost:41079
accept: */*

Response DefaultHttpResponse(decodeResult: success, version: HTTP/1.1)
HTTP/1.1 200 OK
Content-Length: 2539136
Content-Type: application/json; charset=utf-8
cache-control: no-cache

14:26:34.025 [AsyncHttpClient-1-4] DEBUG org.asynchttpclient.netty.channel.ChannelManager - Adding key: http://localhost:41079 for channel [id: 0x4ca423c8, L:/127.0.0.1:59046 - R:localhost/127.0.0.1:41079]
14:26:34.197 [main] DEBUG net.serenitybdd.core.photography.Darkroom - Send negative for processing for target\site\serenity\433ef9bc86a2740beac8a8779f8f41f0187dd0e1a387caad0c4587ae6da574f0.png
14:26:34.202 [Forwarding getPageSource on session a76f7b419afaf21a3f436950d16eb628 to remote] DEBUG org.asynchttpclient.netty.request.NettyRequestSender - Using pooled Channel '[id: 0x4ca423c8, L:/127.0.0.1:59046 - R:localhost/127.0.0.1:41079]' for 'POST' to 'http://localhost:41079/session/a76f7b419afaf21a3f436950d16eb628/execute/sync'
14:26:34.202 [Forwarding getPageSource on session a76f7b419afaf21a3f436950d16eb628 to remote] DEBUG org.asynchttpclient.netty.request.NettyRequestSender - Using open Channel [id: 0x4ca423c8, L:/127.0.0.1:59046 - R:localhost/127.0.0.1:41079] for POST '/session/a76f7b419afaf21a3f436950d16eb628/execute/sync'
14:26:34.239 [AsyncHttpClient-1-4] DEBUG org.asynchttpclient.netty.handler.HttpHandler - 

Request DefaultHttpRequest(decodeResult: success, version: HTTP/1.1)
POST /session/a76f7b419afaf21a3f436950d16eb628/execute/sync HTTP/1.1
User-Agent: selenium/4.8.1 (java windows)
Content-Length: 176
Content-Type: application/json; charset=utf-8
host: localhost:41079
accept: */*

Response DefaultHttpResponse(decodeResult: success, version: HTTP/1.1)
HTTP/1.1 200 OK
Content-Length: 129216
Content-Type: application/json; charset=utf-8
cache-control: no-cache

14:26:34.240 [AsyncHttpClient-1-4] DEBUG org.asynchttpclient.netty.channel.ChannelManager - Adding key: http://localhost:41079 for channel [id: 0x4ca423c8, L:/127.0.0.1:59046 - R:localhost/127.0.0.1:41079]
14:26:34.266 [Forwarding getCurrentUrl on session a76f7b419afaf21a3f436950d16eb628 to remote] DEBUG org.asynchttpclient.netty.request.NettyRequestSender - Using pooled Channel '[id: 0x4ca423c8, L:/127.0.0.1:59046 - R:localhost/127.0.0.1:41079]' for 'GET' to 'http://localhost:41079/session/a76f7b419afaf21a3f436950d16eb628/url'
14:26:34.266 [Forwarding getCurrentUrl on session a76f7b419afaf21a3f436950d16eb628 to remote] DEBUG org.asynchttpclient.netty.request.NettyRequestSender - Using open Channel [id: 0x4ca423c8, L:/127.0.0.1:59046 - R:localhost/127.0.0.1:41079] for GET '/session/a76f7b419afaf21a3f436950d16eb628/url'
14:26:34.279 [AsyncHttpClient-1-4] DEBUG org.asynchttpclient.netty.handler.HttpHandler - 

Request DefaultFullHttpRequest(decodeResult: success, version: HTTP/1.1, content: EmptyByteBufBE)
GET /session/a76f7b419afaf21a3f436950d16eb628/url HTTP/1.1
User-Agent: selenium/4.8.1 (java windows)
Cache-Control: no-cache
Content-Type: application/json; charset=utf-8
host: localhost:41079
accept: */*

Response DefaultHttpResponse(decodeResult: success, version: HTTP/1.1)
HTTP/1.1 200 OK
Content-Length: 40
Content-Type: application/json; charset=utf-8
cache-control: no-cache

14:26:34.279 [AsyncHttpClient-1-4] DEBUG org.asynchttpclient.netty.channel.ChannelManager - Adding key: http://localhost:41079 for channel [id: 0x4ca423c8, L:/127.0.0.1:59046 - R:localhost/127.0.0.1:41079]
14:26:34.283 [main] DEBUG net.thucydides.core.steps.StepInterceptor - STARTING STEP: Afrexim_OurBank_Contactus_steps.click_contact_us_page - Click_Contactus_page
14:26:34.289 [Forwarding findElement on session a76f7b419afaf21a3f436950d16eb628 to remote] DEBUG org.asynchttpclient.netty.request.NettyRequestSender - Using pooled Channel '[id: 0x4ca423c8, L:/127.0.0.1:59046 - R:localhost/127.0.0.1:41079]' for 'POST' to 'http://localhost:41079/session/a76f7b419afaf21a3f436950d16eb628/element'
14:26:34.289 [Forwarding findElement on session a76f7b419afaf21a3f436950d16eb628 to remote] DEBUG org.asynchttpclient.netty.request.NettyRequestSender - Using open Channel [id: 0x4ca423c8, L:/127.0.0.1:59046 - R:localhost/127.0.0.1:41079] for POST '/session/a76f7b419afaf21a3f436950d16eb628/element'
14:26:34.315 [AsyncHttpClient-1-4] DEBUG org.asynchttpclient.netty.handler.HttpHandler - 

Request DefaultHttpRequest(decodeResult: success, version: HTTP/1.1)
POST /session/a76f7b419afaf21a3f436950d16eb628/element HTTP/1.1
User-Agent: selenium/4.8.1 (java windows)
Content-Length: 76
Content-Type: application/json; charset=utf-8
host: localhost:41079
accept: */*

Response DefaultHttpResponse(decodeResult: success, version: HTTP/1.1)
HTTP/1.1 200 OK
Content-Length: 95
Content-Type: application/json; charset=utf-8
cache-control: no-cache

14:26:34.316 [AsyncHttpClient-1-4] DEBUG org.asynchttpclient.netty.channel.ChannelManager - Adding key: http://localhost:41079 for channel [id: 0x4ca423c8, L:/127.0.0.1:59046 - R:localhost/127.0.0.1:41079]
14:26:34.318 [Forwarding getElementTagName on session a76f7b419afaf21a3f436950d16eb628 to remote] DEBUG org.asynchttpclient.netty.request.NettyRequestSender - Using pooled Channel '[id: 0x4ca423c8, L:/127.0.0.1:59046 - R:localhost/127.0.0.1:41079]' for 'GET' to 'http://localhost:41079/session/a76f7b419afaf21a3f436950d16eb628/element/3C437EDF1EB4FBB32426F3DC1033334F_element_46/name'
14:26:34.318 [Forwarding getElementTagName on session a76f7b419afaf21a3f436950d16eb628 to remote] DEBUG org.asynchttpclient.netty.request.NettyRequestSender - Using open Channel [id: 0x4ca423c8, L:/127.0.0.1:59046 - R:localhost/127.0.0.1:41079] for GET '/session/a76f7b419afaf21a3f436950d16eb628/element/3C437EDF1EB4FBB32426F3DC1033334F_element_46/name'
14:26:34.330 [AsyncHttpClient-1-4] DEBUG org.asynchttpclient.netty.handler.HttpHandler - 

Request DefaultFullHttpRequest(decodeResult: success, version: HTTP/1.1, content: EmptyByteBufBE)
GET /session/a76f7b419afaf21a3f436950d16eb628/element/3C437EDF1EB4FBB32426F3DC1033334F_element_46/name HTTP/1.1
User-Agent: selenium/4.8.1 (java windows)
Cache-Control: no-cache
Content-Type: application/json; charset=utf-8
host: localhost:41079
accept: */*

Response DefaultHttpResponse(decodeResult: success, version: HTTP/1.1)
HTTP/1.1 200 OK
Content-Length: 13
Content-Type: application/json; charset=utf-8
cache-control: no-cache

14:26:34.331 [AsyncHttpClient-1-4] DEBUG org.asynchttpclient.netty.channel.ChannelManager - Adding key: http://localhost:41079 for channel [id: 0x4ca423c8, L:/127.0.0.1:59046 - R:localhost/127.0.0.1:41079]
14:26:34.332 [Forwarding getElementTagName on session a76f7b419afaf21a3f436950d16eb628 to remote] DEBUG org.asynchttpclient.netty.request.NettyRequestSender - Using pooled Channel '[id: 0x4ca423c8, L:/127.0.0.1:59046 - R:localhost/127.0.0.1:41079]' for 'GET' to 'http://localhost:41079/session/a76f7b419afaf21a3f436950d16eb628/element/3C437EDF1EB4FBB32426F3DC1033334F_element_46/name'
14:26:34.333 [Forwarding getElementTagName on session a76f7b419afaf21a3f436950d16eb628 to remote] DEBUG org.asynchttpclient.netty.request.NettyRequestSender - Using open Channel [id: 0x4ca423c8, L:/127.0.0.1:59046 - R:localhost/127.0.0.1:41079] for GET '/session/a76f7b419afaf21a3f436950d16eb628/element/3C437EDF1EB4FBB32426F3DC1033334F_element_46/name'
14:26:34.343 [AsyncHttpClient-1-4] DEBUG org.asynchttpclient.netty.handler.HttpHandler - 

Request DefaultFullHttpRequest(decodeResult: success, version: HTTP/1.1, content: EmptyByteBufBE)
GET /session/a76f7b419afaf21a3f436950d16eb628/element/3C437EDF1EB4FBB32426F3DC1033334F_element_46/name HTTP/1.1
User-Agent: selenium/4.8.1 (java windows)
Cache-Control: no-cache
Content-Type: application/json; charset=utf-8
host: localhost:41079
accept: */*

Response DefaultHttpResponse(decodeResult: success, version: HTTP/1.1)
HTTP/1.1 200 OK
Content-Length: 13
Content-Type: application/json; charset=utf-8
cache-control: no-cache

14:26:34.344 [AsyncHttpClient-1-4] DEBUG org.asynchttpclient.netty.channel.ChannelManager - Adding key: http://localhost:41079 for channel [id: 0x4ca423c8, L:/127.0.0.1:59046 - R:localhost/127.0.0.1:41079]
14:26:34.347 [Forwarding findElement on session a76f7b419afaf21a3f436950d16eb628 to remote] DEBUG org.asynchttpclient.netty.request.NettyRequestSender - Using pooled Channel '[id: 0x4ca423c8, L:/127.0.0.1:59046 - R:localhost/127.0.0.1:41079]' for 'POST' to 'http://localhost:41079/session/a76f7b419afaf21a3f436950d16eb628/element'
14:26:34.348 [Forwarding findElement on session a76f7b419afaf21a3f436950d16eb628 to remote] DEBUG org.asynchttpclient.netty.request.NettyRequestSender - Using open Channel [id: 0x4ca423c8, L:/127.0.0.1:59046 - R:localhost/127.0.0.1:41079] for POST '/session/a76f7b419afaf21a3f436950d16eb628/element'
14:26:34.363 [AsyncHttpClient-1-4] DEBUG org.asynchttpclient.netty.handler.HttpHandler - 

Request DefaultHttpRequest(decodeResult: success, version: HTTP/1.1)
POST /session/a76f7b419afaf21a3f436950d16eb628/element HTTP/1.1
User-Agent: selenium/4.8.1 (java windows)
Content-Length: 76
Content-Type: application/json; charset=utf-8
host: localhost:41079
accept: */*

Response DefaultHttpResponse(decodeResult: success, version: HTTP/1.1)
HTTP/1.1 200 OK
Content-Length: 95
Content-Type: application/json; charset=utf-8
cache-control: no-cache

14:26:34.363 [AsyncHttpClient-1-4] DEBUG org.asynchttpclient.netty.channel.ChannelManager - Adding key: http://localhost:41079 for channel [id: 0x4ca423c8, L:/127.0.0.1:59046 - R:localhost/127.0.0.1:41079]
14:26:34.365 [Forwarding clickElement on session a76f7b419afaf21a3f436950d16eb628 to remote] DEBUG org.asynchttpclient.netty.request.NettyRequestSender - Using pooled Channel '[id: 0x4ca423c8, L:/127.0.0.1:59046 - R:localhost/127.0.0.1:41079]' for 'POST' to 'http://localhost:41079/session/a76f7b419afaf21a3f436950d16eb628/element/3C437EDF1EB4FBB32426F3DC1033334F_element_46/click'
14:26:34.365 [Forwarding clickElement on session a76f7b419afaf21a3f436950d16eb628 to remote] DEBUG org.asynchttpclient.netty.request.NettyRequestSender - Using open Channel [id: 0x4ca423c8, L:/127.0.0.1:59046 - R:localhost/127.0.0.1:41079] for POST '/session/a76f7b419afaf21a3f436950d16eb628/element/3C437EDF1EB4FBB32426F3DC1033334F_element_46/click'
14:26:34.888 [AsyncHttpClient-1-1] DEBUG org.asynchttpclient.netty.channel.DefaultChannelPool - Entry count for : http://localhost:59047 : 1
14:26:36.010 [AsyncHttpClient-1-1] DEBUG org.asynchttpclient.netty.channel.DefaultChannelPool - Entry count for : http://localhost:59047 : 1
14:26:36.326 [AsyncHttpClient-1-4] DEBUG org.asynchttpclient.netty.handler.HttpHandler - 

Request DefaultHttpRequest(decodeResult: success, version: HTTP/1.1)
POST /session/a76f7b419afaf21a3f436950d16eb628/element/3C437EDF1EB4FBB32426F3DC1033334F_element_46/click HTTP/1.1
User-Agent: selenium/4.8.1 (java windows)
Content-Length: 57
Content-Type: application/json; charset=utf-8
host: localhost:41079
accept: */*

Response DefaultHttpResponse(decodeResult: success, version: HTTP/1.1)
HTTP/1.1 200 OK
Content-Length: 14
Content-Type: application/json; charset=utf-8
cache-control: no-cache

14:26:36.326 [AsyncHttpClient-1-4] DEBUG org.asynchttpclient.netty.channel.ChannelManager - Adding key: http://localhost:41079 for channel [id: 0x4ca423c8, L:/127.0.0.1:59046 - R:localhost/127.0.0.1:41079]
14:26:36.334 [Forwarding getAlertText on session a76f7b419afaf21a3f436950d16eb628 to remote] DEBUG org.asynchttpclient.netty.request.NettyRequestSender - Using pooled Channel '[id: 0x4ca423c8, L:/127.0.0.1:59046 - R:localhost/127.0.0.1:41079]' for 'GET' to 'http://localhost:41079/session/a76f7b419afaf21a3f436950d16eb628/alert/text'
14:26:36.334 [Forwarding getAlertText on session a76f7b419afaf21a3f436950d16eb628 to remote] DEBUG org.asynchttpclient.netty.request.NettyRequestSender - Using open Channel [id: 0x4ca423c8, L:/127.0.0.1:59046 - R:localhost/127.0.0.1:41079] for GET '/session/a76f7b419afaf21a3f436950d16eb628/alert/text'
14:26:36.342 [AsyncHttpClient-1-4] DEBUG org.asynchttpclient.netty.handler.HttpHandler - 

Request DefaultFullHttpRequest(decodeResult: success, version: HTTP/1.1, content: EmptyByteBufBE)
GET /session/a76f7b419afaf21a3f436950d16eb628/alert/text HTTP/1.1
User-Agent: selenium/4.8.1 (java windows)
Cache-Control: no-cache
Content-Type: application/json; charset=utf-8
host: localhost:41079
accept: */*

Response DefaultHttpResponse(decodeResult: success, version: HTTP/1.1)
HTTP/1.1 404 Not Found
Content-Length: 821
Content-Type: application/json; charset=utf-8
cache-control: no-cache

14:26:36.342 [AsyncHttpClient-1-4] DEBUG org.asynchttpclient.netty.channel.ChannelManager - Adding key: http://localhost:41079 for channel [id: 0x4ca423c8, L:/127.0.0.1:59046 - R:localhost/127.0.0.1:41079]
14:26:36.342 [Forwarding getCurrentUrl on session a76f7b419afaf21a3f436950d16eb628 to remote] DEBUG org.asynchttpclient.netty.request.NettyRequestSender - Using pooled Channel '[id: 0x4ca423c8, L:/127.0.0.1:59046 - R:localhost/127.0.0.1:41079]' for 'GET' to 'http://localhost:41079/session/a76f7b419afaf21a3f436950d16eb628/url'
14:26:36.342 [Forwarding getCurrentUrl on session a76f7b419afaf21a3f436950d16eb628 to remote] DEBUG org.asynchttpclient.netty.request.NettyRequestSender - Using open Channel [id: 0x4ca423c8, L:/127.0.0.1:59046 - R:localhost/127.0.0.1:41079] for GET '/session/a76f7b419afaf21a3f436950d16eb628/url'
14:26:36.367 [AsyncHttpClient-1-4] DEBUG org.asynchttpclient.netty.handler.HttpHandler - 

Request DefaultFullHttpRequest(decodeResult: success, version: HTTP/1.1, content: EmptyByteBufBE)
GET /session/a76f7b419afaf21a3f436950d16eb628/url HTTP/1.1
User-Agent: selenium/4.8.1 (java windows)
Cache-Control: no-cache
Content-Type: application/json; charset=utf-8
host: localhost:41079
accept: */*

Response DefaultHttpResponse(decodeResult: success, version: HTTP/1.1)
HTTP/1.1 200 OK
Content-Length: 51
Content-Type: application/json; charset=utf-8
cache-control: no-cache

14:26:36.367 [AsyncHttpClient-1-4] DEBUG org.asynchttpclient.netty.channel.ChannelManager - Adding key: http://localhost:41079 for channel [id: 0x4ca423c8, L:/127.0.0.1:59046 - R:localhost/127.0.0.1:41079]
14:26:36.369 [Forwarding screenshot on session a76f7b419afaf21a3f436950d16eb628 to remote] DEBUG org.asynchttpclient.netty.request.NettyRequestSender - Using pooled Channel '[id: 0x4ca423c8, L:/127.0.0.1:59046 - R:localhost/127.0.0.1:41079]' for 'GET' to 'http://localhost:41079/session/a76f7b419afaf21a3f436950d16eb628/screenshot'
14:26:36.369 [Forwarding screenshot on session a76f7b419afaf21a3f436950d16eb628 to remote] DEBUG org.asynchttpclient.netty.request.NettyRequestSender - Using open Channel [id: 0x4ca423c8, L:/127.0.0.1:59046 - R:localhost/127.0.0.1:41079] for GET '/session/a76f7b419afaf21a3f436950d16eb628/screenshot'
14:26:36.704 [AsyncHttpClient-1-4] DEBUG org.asynchttpclient.netty.handler.HttpHandler - 

Request DefaultFullHttpRequest(decodeResult: success, version: HTTP/1.1, content: EmptyByteBufBE)
GET /session/a76f7b419afaf21a3f436950d16eb628/screenshot HTTP/1.1
User-Agent: selenium/4.8.1 (java windows)
Cache-Control: no-cache
Content-Type: application/json; charset=utf-8
host: localhost:41079
accept: */*

Response DefaultHttpResponse(decodeResult: success, version: HTTP/1.1)
HTTP/1.1 200 OK
Content-Length: 379796
Content-Type: application/json; charset=utf-8
cache-control: no-cache

14:26:36.704 [AsyncHttpClient-1-4] DEBUG org.asynchttpclient.netty.channel.ChannelManager - Adding key: http://localhost:41079 for channel [id: 0x4ca423c8, L:/127.0.0.1:59046 - R:localhost/127.0.0.1:41079]
14:26:36.725 [main] DEBUG net.serenitybdd.core.photography.Darkroom - Send negative for processing for target\site\serenity\4d310f93478bcd27cebcb82179d5d4dbef500773ade1ac4b7a9e1a1c0e9203a8.png
14:26:36.725 [main] DEBUG net.thucydides.core.steps.StepInterceptor - STEP DONE: Click_Contactus_page
14:26:36.725 [Darkroom Processing Line] DEBUG net.serenitybdd.core.photography.DarkroomProcessingLine - Processing screenshot image in /var/screenshots/screenshot-6868624210607264114
14:26:36.725 [Darkroom Processing Line] DEBUG net.serenitybdd.core.photography.DarkroomProcessingLine - Saving screenshot to target\site\serenity\4d310f93478bcd27cebcb82179d5d4dbef500773ade1ac4b7a9e1a1c0e9203a8.png
14:26:36.746 [Forwarding getPageSource on session a76f7b419afaf21a3f436950d16eb628 to remote] DEBUG org.asynchttpclient.netty.request.NettyRequestSender - Using pooled Channel '[id: 0x4ca423c8, L:/127.0.0.1:59046 - R:localhost/127.0.0.1:41079]' for 'POST' to 'http://localhost:41079/session/a76f7b419afaf21a3f436950d16eb628/execute/sync'
14:26:36.746 [Forwarding getPageSource on session a76f7b419afaf21a3f436950d16eb628 to remote] DEBUG org.asynchttpclient.netty.request.NettyRequestSender - Using open Channel [id: 0x4ca423c8, L:/127.0.0.1:59046 - R:localhost/127.0.0.1:41079] for POST '/session/a76f7b419afaf21a3f436950d16eb628/execute/sync'
14:26:36.778 [AsyncHttpClient-1-4] DEBUG org.asynchttpclient.netty.handler.HttpHandler - 

Request DefaultHttpRequest(decodeResult: success, version: HTTP/1.1)
POST /session/a76f7b419afaf21a3f436950d16eb628/execute/sync HTTP/1.1
User-Agent: selenium/4.8.1 (java windows)
Content-Length: 176
Content-Type: application/json; charset=utf-8
host: localhost:41079
accept: */*

Response DefaultHttpResponse(decodeResult: success, version: HTTP/1.1)
HTTP/1.1 200 OK
Content-Length: 74008
Content-Type: application/json; charset=utf-8
cache-control: no-cache

14:26:36.778 [AsyncHttpClient-1-4] DEBUG org.asynchttpclient.netty.channel.ChannelManager - Adding key: http://localhost:41079 for channel [id: 0x4ca423c8, L:/127.0.0.1:59046 - R:localhost/127.0.0.1:41079]
14:26:36.794 [Forwarding getCurrentUrl on session a76f7b419afaf21a3f436950d16eb628 to remote] DEBUG org.asynchttpclient.netty.request.NettyRequestSender - Using pooled Channel '[id: 0x4ca423c8, L:/127.0.0.1:59046 - R:localhost/127.0.0.1:41079]' for 'GET' to 'http://localhost:41079/session/a76f7b419afaf21a3f436950d16eb628/url'
14:26:36.794 [Forwarding getCurrentUrl on session a76f7b419afaf21a3f436950d16eb628 to remote] DEBUG org.asynchttpclient.netty.request.NettyRequestSender - Using open Channel [id: 0x4ca423c8, L:/127.0.0.1:59046 - R:localhost/127.0.0.1:41079] for GET '/session/a76f7b419afaf21a3f436950d16eb628/url'
14:26:36.814 [AsyncHttpClient-1-4] DEBUG org.asynchttpclient.netty.handler.HttpHandler - 

Request DefaultFullHttpRequest(decodeResult: success, version: HTTP/1.1, content: EmptyByteBufBE)
GET /session/a76f7b419afaf21a3f436950d16eb628/url HTTP/1.1
User-Agent: selenium/4.8.1 (java windows)
Cache-Control: no-cache
Content-Type: application/json; charset=utf-8
host: localhost:41079
accept: */*

Response DefaultHttpResponse(decodeResult: success, version: HTTP/1.1)
HTTP/1.1 200 OK
Content-Length: 51
Content-Type: application/json; charset=utf-8
cache-control: no-cache

14:26:36.814 [AsyncHttpClient-1-4] DEBUG org.asynchttpclient.netty.channel.ChannelManager - Adding key: http://localhost:41079 for channel [id: 0x4ca423c8, L:/127.0.0.1:59046 - R:localhost/127.0.0.1:41079]
14:26:36.836 [Forwarding getAlertText on session a76f7b419afaf21a3f436950d16eb628 to remote] DEBUG org.asynchttpclient.netty.request.NettyRequestSender - Using pooled Channel '[id: 0x4ca423c8, L:/127.0.0.1:59046 - R:localhost/127.0.0.1:41079]' for 'GET' to 'http://localhost:41079/session/a76f7b419afaf21a3f436950d16eb628/alert/text'
14:26:36.836 [Forwarding getAlertText on session a76f7b419afaf21a3f436950d16eb628 to remote] DEBUG org.asynchttpclient.netty.request.NettyRequestSender - Using open Channel [id: 0x4ca423c8, L:/127.0.0.1:59046 - R:localhost/127.0.0.1:41079] for GET '/session/a76f7b419afaf21a3f436950d16eb628/alert/text'
14:26:36.845 [AsyncHttpClient-1-4] DEBUG org.asynchttpclient.netty.handler.HttpHandler - 

Request DefaultFullHttpRequest(decodeResult: success, version: HTTP/1.1, content: EmptyByteBufBE)
GET /session/a76f7b419afaf21a3f436950d16eb628/alert/text HTTP/1.1
User-Agent: selenium/4.8.1 (java windows)
Cache-Control: no-cache
Content-Type: application/json; charset=utf-8
host: localhost:41079
accept: */*

Response DefaultHttpResponse(decodeResult: success, version: HTTP/1.1)
HTTP/1.1 404 Not Found
Content-Length: 821
Content-Type: application/json; charset=utf-8
cache-control: no-cache

14:26:36.845 [AsyncHttpClient-1-4] DEBUG org.asynchttpclient.netty.channel.ChannelManager - Adding key: http://localhost:41079 for channel [id: 0x4ca423c8, L:/127.0.0.1:59046 - R:localhost/127.0.0.1:41079]
14:26:36.853 [Forwarding getCurrentUrl on session a76f7b419afaf21a3f436950d16eb628 to remote] DEBUG org.asynchttpclient.netty.request.NettyRequestSender - Using pooled Channel '[id: 0x4ca423c8, L:/127.0.0.1:59046 - R:localhost/127.0.0.1:41079]' for 'GET' to 'http://localhost:41079/session/a76f7b419afaf21a3f436950d16eb628/url'
14:26:36.853 [Forwarding getCurrentUrl on session a76f7b419afaf21a3f436950d16eb628 to remote] DEBUG org.asynchttpclient.netty.request.NettyRequestSender - Using open Channel [id: 0x4ca423c8, L:/127.0.0.1:59046 - R:localhost/127.0.0.1:41079] for GET '/session/a76f7b419afaf21a3f436950d16eb628/url'
14:26:36.868 [AsyncHttpClient-1-4] DEBUG org.asynchttpclient.netty.handler.HttpHandler - 

Request DefaultFullHttpRequest(decodeResult: success, version: HTTP/1.1, content: EmptyByteBufBE)
GET /session/a76f7b419afaf21a3f436950d16eb628/url HTTP/1.1
User-Agent: selenium/4.8.1 (java windows)
Cache-Control: no-cache
Content-Type: application/json; charset=utf-8
host: localhost:41079
accept: */*

Response DefaultHttpResponse(decodeResult: success, version: HTTP/1.1)
HTTP/1.1 200 OK
Content-Length: 51
Content-Type: application/json; charset=utf-8
cache-control: no-cache

14:26:36.868 [AsyncHttpClient-1-4] DEBUG org.asynchttpclient.netty.channel.ChannelManager - Adding key: http://localhost:41079 for channel [id: 0x4ca423c8, L:/127.0.0.1:59046 - R:localhost/127.0.0.1:41079]
14:26:36.868 [Forwarding screenshot on session a76f7b419afaf21a3f436950d16eb628 to remote] DEBUG org.asynchttpclient.netty.request.NettyRequestSender - Using pooled Channel '[id: 0x4ca423c8, L:/127.0.0.1:59046 - R:localhost/127.0.0.1:41079]' for 'GET' to 'http://localhost:41079/session/a76f7b419afaf21a3f436950d16eb628/screenshot'
14:26:36.868 [Forwarding screenshot on session a76f7b419afaf21a3f436950d16eb628 to remote] DEBUG org.asynchttpclient.netty.request.NettyRequestSender - Using open Channel [id: 0x4ca423c8, L:/127.0.0.1:59046 - R:localhost/127.0.0.1:41079] for GET '/session/a76f7b419afaf21a3f436950d16eb628/screenshot'
14:26:37.087 [AsyncHttpClient-1-1] DEBUG org.asynchttpclient.netty.channel.DefaultChannelPool - Entry count for : http://localhost:59047 : 1
14:26:37.164 [AsyncHttpClient-1-4] DEBUG org.asynchttpclient.netty.handler.HttpHandler - 

Request DefaultFullHttpRequest(decodeResult: success, version: HTTP/1.1, content: EmptyByteBufBE)
GET /session/a76f7b419afaf21a3f436950d16eb628/screenshot HTTP/1.1
User-Agent: selenium/4.8.1 (java windows)
Cache-Control: no-cache
Content-Type: application/json; charset=utf-8
host: localhost:41079
accept: */*

Response DefaultHttpResponse(decodeResult: success, version: HTTP/1.1)
HTTP/1.1 200 OK
Content-Length: 379796
Content-Type: application/json; charset=utf-8
cache-control: no-cache

14:26:37.164 [AsyncHttpClient-1-4] DEBUG org.asynchttpclient.netty.channel.ChannelManager - Adding key: http://localhost:41079 for channel [id: 0x4ca423c8, L:/127.0.0.1:59046 - R:localhost/127.0.0.1:41079]
14:26:37.183 [main] DEBUG net.serenitybdd.core.photography.Darkroom - Send negative for processing for target\site\serenity\4d310f93478bcd27cebcb82179d5d4dbef500773ade1ac4b7a9e1a1c0e9203a8.png
14:26:37.183 [Forwarding getPageSource on session a76f7b419afaf21a3f436950d16eb628 to remote] DEBUG org.asynchttpclient.netty.request.NettyRequestSender - Using pooled Channel '[id: 0x4ca423c8, L:/127.0.0.1:59046 - R:localhost/127.0.0.1:41079]' for 'POST' to 'http://localhost:41079/session/a76f7b419afaf21a3f436950d16eb628/execute/sync'
14:26:37.183 [Forwarding getPageSource on session a76f7b419afaf21a3f436950d16eb628 to remote] DEBUG org.asynchttpclient.netty.request.NettyRequestSender - Using open Channel [id: 0x4ca423c8, L:/127.0.0.1:59046 - R:localhost/127.0.0.1:41079] for POST '/session/a76f7b419afaf21a3f436950d16eb628/execute/sync'
14:26:37.205 [AsyncHttpClient-1-4] DEBUG org.asynchttpclient.netty.handler.HttpHandler - 

Request DefaultHttpRequest(decodeResult: success, version: HTTP/1.1)
POST /session/a76f7b419afaf21a3f436950d16eb628/execute/sync HTTP/1.1
User-Agent: selenium/4.8.1 (java windows)
Content-Length: 176
Content-Type: application/json; charset=utf-8
host: localhost:41079
accept: */*

Response DefaultHttpResponse(decodeResult: success, version: HTTP/1.1)
HTTP/1.1 200 OK
Content-Length: 74008
Content-Type: application/json; charset=utf-8
cache-control: no-cache

14:26:37.205 [AsyncHttpClient-1-4] DEBUG org.asynchttpclient.netty.channel.ChannelManager - Adding key: http://localhost:41079 for channel [id: 0x4ca423c8, L:/127.0.0.1:59046 - R:localhost/127.0.0.1:41079]
14:26:37.215 [Forwarding getCurrentUrl on session a76f7b419afaf21a3f436950d16eb628 to remote] DEBUG org.asynchttpclient.netty.request.NettyRequestSender - Using pooled Channel '[id: 0x4ca423c8, L:/127.0.0.1:59046 - R:localhost/127.0.0.1:41079]' for 'GET' to 'http://localhost:41079/session/a76f7b419afaf21a3f436950d16eb628/url'
14:26:37.215 [Forwarding getCurrentUrl on session a76f7b419afaf21a3f436950d16eb628 to remote] DEBUG org.asynchttpclient.netty.request.NettyRequestSender - Using open Channel [id: 0x4ca423c8, L:/127.0.0.1:59046 - R:localhost/127.0.0.1:41079] for GET '/session/a76f7b419afaf21a3f436950d16eb628/url'
14:26:37.227 [AsyncHttpClient-1-4] DEBUG org.asynchttpclient.netty.handler.HttpHandler - 

Request DefaultFullHttpRequest(decodeResult: success, version: HTTP/1.1, content: EmptyByteBufBE)
GET /session/a76f7b419afaf21a3f436950d16eb628/url HTTP/1.1
User-Agent: selenium/4.8.1 (java windows)
Cache-Control: no-cache
Content-Type: application/json; charset=utf-8
host: localhost:41079
accept: */*

Response DefaultHttpResponse(decodeResult: success, version: HTTP/1.1)
HTTP/1.1 200 OK
Content-Length: 51
Content-Type: application/json; charset=utf-8
cache-control: no-cache

14:26:37.227 [AsyncHttpClient-1-4] DEBUG org.asynchttpclient.netty.channel.ChannelManager - Adding key: http://localhost:41079 for channel [id: 0x4ca423c8, L:/127.0.0.1:59046 - R:localhost/127.0.0.1:41079]
14:26:37.227 [main] DEBUG net.thucydides.core.steps.StepInterceptor - STARTING STEP: Afrexim_OurBank_Contactus_steps.validate_contact_us_page - Validate_Contactus_page
14:26:37.237 [Forwarding findElement on session a76f7b419afaf21a3f436950d16eb628 to remote] DEBUG org.asynchttpclient.netty.request.NettyRequestSender - Using pooled Channel '[id: 0x4ca423c8, L:/127.0.0.1:59046 - R:localhost/127.0.0.1:41079]' for 'POST' to 'http://localhost:41079/session/a76f7b419afaf21a3f436950d16eb628/element'
14:26:37.237 [Forwarding findElement on session a76f7b419afaf21a3f436950d16eb628 to remote] DEBUG org.asynchttpclient.netty.request.NettyRequestSender - Using open Channel [id: 0x4ca423c8, L:/127.0.0.1:59046 - R:localhost/127.0.0.1:41079] for POST '/session/a76f7b419afaf21a3f436950d16eb628/element'
14:26:37.259 [AsyncHttpClient-1-4] DEBUG org.asynchttpclient.netty.handler.HttpHandler - 

Request DefaultHttpRequest(decodeResult: success, version: HTTP/1.1)
POST /session/a76f7b419afaf21a3f436950d16eb628/element HTTP/1.1
User-Agent: selenium/4.8.1 (java windows)
Content-Length: 72
Content-Type: application/json; charset=utf-8
host: localhost:41079
accept: */*

Response DefaultHttpResponse(decodeResult: success, version: HTTP/1.1)
HTTP/1.1 200 OK
Content-Length: 95
Content-Type: application/json; charset=utf-8
cache-control: no-cache

14:26:37.259 [AsyncHttpClient-1-4] DEBUG org.asynchttpclient.netty.channel.ChannelManager - Adding key: http://localhost:41079 for channel [id: 0x4ca423c8, L:/127.0.0.1:59046 - R:localhost/127.0.0.1:41079]
14:26:37.259 [Forwarding isElementEnabled on session a76f7b419afaf21a3f436950d16eb628 to remote] DEBUG org.asynchttpclient.netty.request.NettyRequestSender - Using pooled Channel '[id: 0x4ca423c8, L:/127.0.0.1:59046 - R:localhost/127.0.0.1:41079]' for 'GET' to 'http://localhost:41079/session/a76f7b419afaf21a3f436950d16eb628/element/3888451E394C192F4F8DC3BF21D0F3A5_element_54/enabled'
14:26:37.259 [Forwarding isElementEnabled on session a76f7b419afaf21a3f436950d16eb628 to remote] DEBUG org.asynchttpclient.netty.request.NettyRequestSender - Using open Channel [id: 0x4ca423c8, L:/127.0.0.1:59046 - R:localhost/127.0.0.1:41079] for GET '/session/a76f7b419afaf21a3f436950d16eb628/element/3888451E394C192F4F8DC3BF21D0F3A5_element_54/enabled'
14:26:37.280 [AsyncHttpClient-1-4] DEBUG org.asynchttpclient.netty.handler.HttpHandler - 

Request DefaultFullHttpRequest(decodeResult: success, version: HTTP/1.1, content: EmptyByteBufBE)
GET /session/a76f7b419afaf21a3f436950d16eb628/element/3888451E394C192F4F8DC3BF21D0F3A5_element_54/enabled HTTP/1.1
User-Agent: selenium/4.8.1 (java windows)
Cache-Control: no-cache
Content-Type: application/json; charset=utf-8
host: localhost:41079
accept: */*

Response DefaultHttpResponse(decodeResult: success, version: HTTP/1.1)
HTTP/1.1 200 OK
Content-Length: 14
Content-Type: application/json; charset=utf-8
cache-control: no-cache

14:26:37.280 [AsyncHttpClient-1-4] DEBUG org.asynchttpclient.netty.channel.ChannelManager - Adding key: http://localhost:41079 for channel [id: 0x4ca423c8, L:/127.0.0.1:59046 - R:localhost/127.0.0.1:41079]
14:26:37.295 [Forwarding getAlertText on session a76f7b419afaf21a3f436950d16eb628 to remote] DEBUG org.asynchttpclient.netty.request.NettyRequestSender - Using pooled Channel '[id: 0x4ca423c8, L:/127.0.0.1:59046 - R:localhost/127.0.0.1:41079]' for 'GET' to 'http://localhost:41079/session/a76f7b419afaf21a3f436950d16eb628/alert/text'
14:26:37.295 [Forwarding getAlertText on session a76f7b419afaf21a3f436950d16eb628 to remote] DEBUG org.asynchttpclient.netty.request.NettyRequestSender - Using open Channel [id: 0x4ca423c8, L:/127.0.0.1:59046 - R:localhost/127.0.0.1:41079] for GET '/session/a76f7b419afaf21a3f436950d16eb628/alert/text'
14:26:37.306 [AsyncHttpClient-1-4] DEBUG org.asynchttpclient.netty.handler.HttpHandler - 

Request DefaultFullHttpRequest(decodeResult: success, version: HTTP/1.1, content: EmptyByteBufBE)
GET /session/a76f7b419afaf21a3f436950d16eb628/alert/text HTTP/1.1
User-Agent: selenium/4.8.1 (java windows)
Cache-Control: no-cache
Content-Type: application/json; charset=utf-8
host: localhost:41079
accept: */*

Response DefaultHttpResponse(decodeResult: success, version: HTTP/1.1)
HTTP/1.1 404 Not Found
Content-Length: 821
Content-Type: application/json; charset=utf-8
cache-control: no-cache

14:26:37.306 [AsyncHttpClient-1-4] DEBUG org.asynchttpclient.netty.channel.ChannelManager - Adding key: http://localhost:41079 for channel [id: 0x4ca423c8, L:/127.0.0.1:59046 - R:localhost/127.0.0.1:41079]
14:26:37.306 [Forwarding getCurrentUrl on session a76f7b419afaf21a3f436950d16eb628 to remote] DEBUG org.asynchttpclient.netty.request.NettyRequestSender - Using pooled Channel '[id: 0x4ca423c8, L:/127.0.0.1:59046 - R:localhost/127.0.0.1:41079]' for 'GET' to 'http://localhost:41079/session/a76f7b419afaf21a3f436950d16eb628/url'
14:26:37.306 [Forwarding getCurrentUrl on session a76f7b419afaf21a3f436950d16eb628 to remote] DEBUG org.asynchttpclient.netty.request.NettyRequestSender - Using open Channel [id: 0x4ca423c8, L:/127.0.0.1:59046 - R:localhost/127.0.0.1:41079] for GET '/session/a76f7b419afaf21a3f436950d16eb628/url'
14:26:37.322 [AsyncHttpClient-1-4] DEBUG org.asynchttpclient.netty.handler.HttpHandler - 

Request DefaultFullHttpRequest(decodeResult: success, version: HTTP/1.1, content: EmptyByteBufBE)
GET /session/a76f7b419afaf21a3f436950d16eb628/url HTTP/1.1
User-Agent: selenium/4.8.1 (java windows)
Cache-Control: no-cache
Content-Type: application/json; charset=utf-8
host: localhost:41079
accept: */*

Response DefaultHttpResponse(decodeResult: success, version: HTTP/1.1)
HTTP/1.1 200 OK
Content-Length: 51
Content-Type: application/json; charset=utf-8
cache-control: no-cache

14:26:37.322 [AsyncHttpClient-1-4] DEBUG org.asynchttpclient.netty.channel.ChannelManager - Adding key: http://localhost:41079 for channel [id: 0x4ca423c8, L:/127.0.0.1:59046 - R:localhost/127.0.0.1:41079]
14:26:37.322 [Forwarding screenshot on session a76f7b419afaf21a3f436950d16eb628 to remote] DEBUG org.asynchttpclient.netty.request.NettyRequestSender - Using pooled Channel '[id: 0x4ca423c8, L:/127.0.0.1:59046 - R:localhost/127.0.0.1:41079]' for 'GET' to 'http://localhost:41079/session/a76f7b419afaf21a3f436950d16eb628/screenshot'
14:26:37.322 [Forwarding screenshot on session a76f7b419afaf21a3f436950d16eb628 to remote] DEBUG org.asynchttpclient.netty.request.NettyRequestSender - Using open Channel [id: 0x4ca423c8, L:/127.0.0.1:59046 - R:localhost/127.0.0.1:41079] for GET '/session/a76f7b419afaf21a3f436950d16eb628/screenshot'
14:26:37.653 [AsyncHttpClient-1-4] DEBUG org.asynchttpclient.netty.handler.HttpHandler - 

Request DefaultFullHttpRequest(decodeResult: success, version: HTTP/1.1, content: EmptyByteBufBE)
GET /session/a76f7b419afaf21a3f436950d16eb628/screenshot HTTP/1.1
User-Agent: selenium/4.8.1 (java windows)
Cache-Control: no-cache
Content-Type: application/json; charset=utf-8
host: localhost:41079
accept: */*

Response DefaultHttpResponse(decodeResult: success, version: HTTP/1.1)
HTTP/1.1 200 OK
Content-Length: 379796
Content-Type: application/json; charset=utf-8
cache-control: no-cache

14:26:37.654 [AsyncHttpClient-1-4] DEBUG org.asynchttpclient.netty.channel.ChannelManager - Adding key: http://localhost:41079 for channel [id: 0x4ca423c8, L:/127.0.0.1:59046 - R:localhost/127.0.0.1:41079]
14:26:37.685 [main] DEBUG net.serenitybdd.core.photography.Darkroom - Send negative for processing for target\site\serenity\4d310f93478bcd27cebcb82179d5d4dbef500773ade1ac4b7a9e1a1c0e9203a8.png
14:26:37.685 [main] DEBUG net.thucydides.core.steps.StepInterceptor - STEP DONE: Validate_Contactus_page
14:26:37.706 [Forwarding getPageSource on session a76f7b419afaf21a3f436950d16eb628 to remote] DEBUG org.asynchttpclient.netty.request.NettyRequestSender - Using pooled Channel '[id: 0x4ca423c8, L:/127.0.0.1:59046 - R:localhost/127.0.0.1:41079]' for 'POST' to 'http://localhost:41079/session/a76f7b419afaf21a3f436950d16eb628/execute/sync'
14:26:37.706 [Forwarding getPageSource on session a76f7b419afaf21a3f436950d16eb628 to remote] DEBUG org.asynchttpclient.netty.request.NettyRequestSender - Using open Channel [id: 0x4ca423c8, L:/127.0.0.1:59046 - R:localhost/127.0.0.1:41079] for POST '/session/a76f7b419afaf21a3f436950d16eb628/execute/sync'
14:26:37.731 [AsyncHttpClient-1-4] DEBUG org.asynchttpclient.netty.handler.HttpHandler - 

Request DefaultHttpRequest(decodeResult: success, version: HTTP/1.1)
POST /session/a76f7b419afaf21a3f436950d16eb628/execute/sync HTTP/1.1
User-Agent: selenium/4.8.1 (java windows)
Content-Length: 176
Content-Type: application/json; charset=utf-8
host: localhost:41079
accept: */*

Response DefaultHttpResponse(decodeResult: success, version: HTTP/1.1)
HTTP/1.1 200 OK
Content-Length: 74008
Content-Type: application/json; charset=utf-8
cache-control: no-cache

14:26:37.731 [AsyncHttpClient-1-4] DEBUG org.asynchttpclient.netty.channel.ChannelManager - Adding key: http://localhost:41079 for channel [id: 0x4ca423c8, L:/127.0.0.1:59046 - R:localhost/127.0.0.1:41079]
14:26:37.749 [Forwarding getCurrentUrl on session a76f7b419afaf21a3f436950d16eb628 to remote] DEBUG org.asynchttpclient.netty.request.NettyRequestSender - Using pooled Channel '[id: 0x4ca423c8, L:/127.0.0.1:59046 - R:localhost/127.0.0.1:41079]' for 'GET' to 'http://localhost:41079/session/a76f7b419afaf21a3f436950d16eb628/url'
14:26:37.749 [Forwarding getCurrentUrl on session a76f7b419afaf21a3f436950d16eb628 to remote] DEBUG org.asynchttpclient.netty.request.NettyRequestSender - Using open Channel [id: 0x4ca423c8, L:/127.0.0.1:59046 - R:localhost/127.0.0.1:41079] for GET '/session/a76f7b419afaf21a3f436950d16eb628/url'
14:26:37.762 [AsyncHttpClient-1-4] DEBUG org.asynchttpclient.netty.handler.HttpHandler - 

Request DefaultFullHttpRequest(decodeResult: success, version: HTTP/1.1, content: EmptyByteBufBE)
GET /session/a76f7b419afaf21a3f436950d16eb628/url HTTP/1.1
User-Agent: selenium/4.8.1 (java windows)
Cache-Control: no-cache
Content-Type: application/json; charset=utf-8
host: localhost:41079
accept: */*

Response DefaultHttpResponse(decodeResult: success, version: HTTP/1.1)
HTTP/1.1 200 OK
Content-Length: 51
Content-Type: application/json; charset=utf-8
cache-control: no-cache

14:26:37.762 [AsyncHttpClient-1-4] DEBUG org.asynchttpclient.netty.channel.ChannelManager - Adding key: http://localhost:41079 for channel [id: 0x4ca423c8, L:/127.0.0.1:59046 - R:localhost/127.0.0.1:41079]
14:26:37.786 [Forwarding getAlertText on session a76f7b419afaf21a3f436950d16eb628 to remote] DEBUG org.asynchttpclient.netty.request.NettyRequestSender - Using pooled Channel '[id: 0x4ca423c8, L:/127.0.0.1:59046 - R:localhost/127.0.0.1:41079]' for 'GET' to 'http://localhost:41079/session/a76f7b419afaf21a3f436950d16eb628/alert/text'
14:26:37.786 [Forwarding getAlertText on session a76f7b419afaf21a3f436950d16eb628 to remote] DEBUG org.asynchttpclient.netty.request.NettyRequestSender - Using open Channel [id: 0x4ca423c8, L:/127.0.0.1:59046 - R:localhost/127.0.0.1:41079] for GET '/session/a76f7b419afaf21a3f436950d16eb628/alert/text'
14:26:37.786 [AsyncHttpClient-1-4] DEBUG org.asynchttpclient.netty.handler.HttpHandler - 

Request DefaultFullHttpRequest(decodeResult: success, version: HTTP/1.1, content: EmptyByteBufBE)
GET /session/a76f7b419afaf21a3f436950d16eb628/alert/text HTTP/1.1
User-Agent: selenium/4.8.1 (java windows)
Cache-Control: no-cache
Content-Type: application/json; charset=utf-8
host: localhost:41079
accept: */*

Response DefaultHttpResponse(decodeResult: success, version: HTTP/1.1)
HTTP/1.1 404 Not Found
Content-Length: 821
Content-Type: application/json; charset=utf-8
cache-control: no-cache

14:26:37.786 [AsyncHttpClient-1-4] DEBUG org.asynchttpclient.netty.channel.ChannelManager - Adding key: http://localhost:41079 for channel [id: 0x4ca423c8, L:/127.0.0.1:59046 - R:localhost/127.0.0.1:41079]
14:26:37.791 [Forwarding getCurrentUrl on session a76f7b419afaf21a3f436950d16eb628 to remote] DEBUG org.asynchttpclient.netty.request.NettyRequestSender - Using pooled Channel '[id: 0x4ca423c8, L:/127.0.0.1:59046 - R:localhost/127.0.0.1:41079]' for 'GET' to 'http://localhost:41079/session/a76f7b419afaf21a3f436950d16eb628/url'
14:26:37.791 [Forwarding getCurrentUrl on session a76f7b419afaf21a3f436950d16eb628 to remote] DEBUG org.asynchttpclient.netty.request.NettyRequestSender - Using open Channel [id: 0x4ca423c8, L:/127.0.0.1:59046 - R:localhost/127.0.0.1:41079] for GET '/session/a76f7b419afaf21a3f436950d16eb628/url'
14:26:37.802 [AsyncHttpClient-1-4] DEBUG org.asynchttpclient.netty.handler.HttpHandler - 

Request DefaultFullHttpRequest(decodeResult: success, version: HTTP/1.1, content: EmptyByteBufBE)
GET /session/a76f7b419afaf21a3f436950d16eb628/url HTTP/1.1
User-Agent: selenium/4.8.1 (java windows)
Cache-Control: no-cache
Content-Type: application/json; charset=utf-8
host: localhost:41079
accept: */*

Response DefaultHttpResponse(decodeResult: success, version: HTTP/1.1)
HTTP/1.1 200 OK
Content-Length: 51
Content-Type: application/json; charset=utf-8
cache-control: no-cache

14:26:37.802 [AsyncHttpClient-1-4] DEBUG org.asynchttpclient.netty.channel.ChannelManager - Adding key: http://localhost:41079 for channel [id: 0x4ca423c8, L:/127.0.0.1:59046 - R:localhost/127.0.0.1:41079]
14:26:37.802 [Forwarding screenshot on session a76f7b419afaf21a3f436950d16eb628 to remote] DEBUG org.asynchttpclient.netty.request.NettyRequestSender - Using pooled Channel '[id: 0x4ca423c8, L:/127.0.0.1:59046 - R:localhost/127.0.0.1:41079]' for 'GET' to 'http://localhost:41079/session/a76f7b419afaf21a3f436950d16eb628/screenshot'
14:26:37.802 [Forwarding screenshot on session a76f7b419afaf21a3f436950d16eb628 to remote] DEBUG org.asynchttpclient.netty.request.NettyRequestSender - Using open Channel [id: 0x4ca423c8, L:/127.0.0.1:59046 - R:localhost/127.0.0.1:41079] for GET '/session/a76f7b419afaf21a3f436950d16eb628/screenshot'
14:26:38.101 [AsyncHttpClient-1-4] DEBUG org.asynchttpclient.netty.handler.HttpHandler - 

Request DefaultFullHttpRequest(decodeResult: success, version: HTTP/1.1, content: EmptyByteBufBE)
GET /session/a76f7b419afaf21a3f436950d16eb628/screenshot HTTP/1.1
User-Agent: selenium/4.8.1 (java windows)
Cache-Control: no-cache
Content-Type: application/json; charset=utf-8
host: localhost:41079
accept: */*

Response DefaultHttpResponse(decodeResult: success, version: HTTP/1.1)
HTTP/1.1 200 OK
Content-Length: 379796
Content-Type: application/json; charset=utf-8
cache-control: no-cache

14:26:38.101 [AsyncHttpClient-1-4] DEBUG org.asynchttpclient.netty.channel.ChannelManager - Adding key: http://localhost:41079 for channel [id: 0x4ca423c8, L:/127.0.0.1:59046 - R:localhost/127.0.0.1:41079]
14:26:38.127 [main] DEBUG net.serenitybdd.core.photography.Darkroom - Send negative for processing for target\site\serenity\4d310f93478bcd27cebcb82179d5d4dbef500773ade1ac4b7a9e1a1c0e9203a8.png
14:26:38.133 [Forwarding getPageSource on session a76f7b419afaf21a3f436950d16eb628 to remote] DEBUG org.asynchttpclient.netty.request.NettyRequestSender - Using pooled Channel '[id: 0x4ca423c8, L:/127.0.0.1:59046 - R:localhost/127.0.0.1:41079]' for 'POST' to 'http://localhost:41079/session/a76f7b419afaf21a3f436950d16eb628/execute/sync'
14:26:38.133 [Forwarding getPageSource on session a76f7b419afaf21a3f436950d16eb628 to remote] DEBUG org.asynchttpclient.netty.request.NettyRequestSender - Using open Channel [id: 0x4ca423c8, L:/127.0.0.1:59046 - R:localhost/127.0.0.1:41079] for POST '/session/a76f7b419afaf21a3f436950d16eb628/execute/sync'
14:26:38.154 [AsyncHttpClient-1-4] DEBUG org.asynchttpclient.netty.handler.HttpHandler - 

Request DefaultHttpRequest(decodeResult: success, version: HTTP/1.1)
POST /session/a76f7b419afaf21a3f436950d16eb628/execute/sync HTTP/1.1
User-Agent: selenium/4.8.1 (java windows)
Content-Length: 176
Content-Type: application/json; charset=utf-8
host: localhost:41079
accept: */*

Response DefaultHttpResponse(decodeResult: success, version: HTTP/1.1)
HTTP/1.1 200 OK
Content-Length: 74008
Content-Type: application/json; charset=utf-8
cache-control: no-cache

14:26:38.154 [AsyncHttpClient-1-4] DEBUG org.asynchttpclient.netty.channel.ChannelManager - Adding key: http://localhost:41079 for channel [id: 0x4ca423c8, L:/127.0.0.1:59046 - R:localhost/127.0.0.1:41079]
14:26:38.168 [Forwarding getCurrentUrl on session a76f7b419afaf21a3f436950d16eb628 to remote] DEBUG org.asynchttpclient.netty.request.NettyRequestSender - Using pooled Channel '[id: 0x4ca423c8, L:/127.0.0.1:59046 - R:localhost/127.0.0.1:41079]' for 'GET' to 'http://localhost:41079/session/a76f7b419afaf21a3f436950d16eb628/url'
14:26:38.168 [Forwarding getCurrentUrl on session a76f7b419afaf21a3f436950d16eb628 to remote] DEBUG org.asynchttpclient.netty.request.NettyRequestSender - Using open Channel [id: 0x4ca423c8, L:/127.0.0.1:59046 - R:localhost/127.0.0.1:41079] for GET '/session/a76f7b419afaf21a3f436950d16eb628/url'
14:26:38.176 [AsyncHttpClient-1-4] DEBUG org.asynchttpclient.netty.handler.HttpHandler - 

Request DefaultFullHttpRequest(decodeResult: success, version: HTTP/1.1, content: EmptyByteBufBE)
GET /session/a76f7b419afaf21a3f436950d16eb628/url HTTP/1.1
User-Agent: selenium/4.8.1 (java windows)
Cache-Control: no-cache
Content-Type: application/json; charset=utf-8
host: localhost:41079
accept: */*

Response DefaultHttpResponse(decodeResult: success, version: HTTP/1.1)
HTTP/1.1 200 OK
Content-Length: 51
Content-Type: application/json; charset=utf-8
cache-control: no-cache

14:26:38.176 [AsyncHttpClient-1-4] DEBUG org.asynchttpclient.netty.channel.ChannelManager - Adding key: http://localhost:41079 for channel [id: 0x4ca423c8, L:/127.0.0.1:59046 - R:localhost/127.0.0.1:41079]
14:26:38.184 [main] DEBUG net.thucydides.core.steps.StepInterceptor - STARTING STEP: Afrexim_OurBank_Contactus_steps.click_read_more_in_find_branch - Click_Read_more_FindBranch
14:26:38.191 [Forwarding findElement on session a76f7b419afaf21a3f436950d16eb628 to remote] DEBUG org.asynchttpclient.netty.request.NettyRequestSender - Using pooled Channel '[id: 0x4ca423c8, L:/127.0.0.1:59046 - R:localhost/127.0.0.1:41079]' for 'POST' to 'http://localhost:41079/session/a76f7b419afaf21a3f436950d16eb628/element'
14:26:38.191 [Forwarding findElement on session a76f7b419afaf21a3f436950d16eb628 to remote] DEBUG org.asynchttpclient.netty.request.NettyRequestSender - Using open Channel [id: 0x4ca423c8, L:/127.0.0.1:59046 - R:localhost/127.0.0.1:41079] for POST '/session/a76f7b419afaf21a3f436950d16eb628/element'
14:26:38.200 [AsyncHttpClient-1-1] DEBUG org.asynchttpclient.netty.channel.DefaultChannelPool - Entry count for : http://localhost:59047 : 1
14:26:38.216 [AsyncHttpClient-1-4] DEBUG org.asynchttpclient.netty.handler.HttpHandler - 

Request DefaultHttpRequest(decodeResult: success, version: HTTP/1.1)
POST /session/a76f7b419afaf21a3f436950d16eb628/element HTTP/1.1
User-Agent: selenium/4.8.1 (java windows)
Content-Length: 78
Content-Type: application/json; charset=utf-8
host: localhost:41079
accept: */*

Response DefaultHttpResponse(decodeResult: success, version: HTTP/1.1)
HTTP/1.1 200 OK
Content-Length: 95
Content-Type: application/json; charset=utf-8
cache-control: no-cache

14:26:38.216 [AsyncHttpClient-1-4] DEBUG org.asynchttpclient.netty.channel.ChannelManager - Adding key: http://localhost:41079 for channel [id: 0x4ca423c8, L:/127.0.0.1:59046 - R:localhost/127.0.0.1:41079]
14:26:38.218 [Forwarding getElementTagName on session a76f7b419afaf21a3f436950d16eb628 to remote] DEBUG org.asynchttpclient.netty.request.NettyRequestSender - Using pooled Channel '[id: 0x4ca423c8, L:/127.0.0.1:59046 - R:localhost/127.0.0.1:41079]' for 'GET' to 'http://localhost:41079/session/a76f7b419afaf21a3f436950d16eb628/element/3888451E394C192F4F8DC3BF21D0F3A5_element_55/name'
14:26:38.218 [Forwarding getElementTagName on session a76f7b419afaf21a3f436950d16eb628 to remote] DEBUG org.asynchttpclient.netty.request.NettyRequestSender - Using open Channel [id: 0x4ca423c8, L:/127.0.0.1:59046 - R:localhost/127.0.0.1:41079] for GET '/session/a76f7b419afaf21a3f436950d16eb628/element/3888451E394C192F4F8DC3BF21D0F3A5_element_55/name'
14:26:38.229 [AsyncHttpClient-1-4] DEBUG org.asynchttpclient.netty.handler.HttpHandler - 

Request DefaultFullHttpRequest(decodeResult: success, version: HTTP/1.1, content: EmptyByteBufBE)
GET /session/a76f7b419afaf21a3f436950d16eb628/element/3888451E394C192F4F8DC3BF21D0F3A5_element_55/name HTTP/1.1
User-Agent: selenium/4.8.1 (java windows)
Cache-Control: no-cache
Content-Type: application/json; charset=utf-8
host: localhost:41079
accept: */*

Response DefaultHttpResponse(decodeResult: success, version: HTTP/1.1)
HTTP/1.1 200 OK
Content-Length: 16
Content-Type: application/json; charset=utf-8
cache-control: no-cache

14:26:38.229 [AsyncHttpClient-1-4] DEBUG org.asynchttpclient.netty.channel.ChannelManager - Adding key: http://localhost:41079 for channel [id: 0x4ca423c8, L:/127.0.0.1:59046 - R:localhost/127.0.0.1:41079]
14:26:38.232 [Forwarding getElementTagName on session a76f7b419afaf21a3f436950d16eb628 to remote] DEBUG org.asynchttpclient.netty.request.NettyRequestSender - Using pooled Channel '[id: 0x4ca423c8, L:/127.0.0.1:59046 - R:localhost/127.0.0.1:41079]' for 'GET' to 'http://localhost:41079/session/a76f7b419afaf21a3f436950d16eb628/element/3888451E394C192F4F8DC3BF21D0F3A5_element_55/name'
14:26:38.232 [Forwarding getElementTagName on session a76f7b419afaf21a3f436950d16eb628 to remote] DEBUG org.asynchttpclient.netty.request.NettyRequestSender - Using open Channel [id: 0x4ca423c8, L:/127.0.0.1:59046 - R:localhost/127.0.0.1:41079] for GET '/session/a76f7b419afaf21a3f436950d16eb628/element/3888451E394C192F4F8DC3BF21D0F3A5_element_55/name'
14:26:38.240 [AsyncHttpClient-1-4] DEBUG org.asynchttpclient.netty.handler.HttpHandler - 

Request DefaultFullHttpRequest(decodeResult: success, version: HTTP/1.1, content: EmptyByteBufBE)
GET /session/a76f7b419afaf21a3f436950d16eb628/element/3888451E394C192F4F8DC3BF21D0F3A5_element_55/name HTTP/1.1
User-Agent: selenium/4.8.1 (java windows)
Cache-Control: no-cache
Content-Type: application/json; charset=utf-8
host: localhost:41079
accept: */*

Response DefaultHttpResponse(decodeResult: success, version: HTTP/1.1)
HTTP/1.1 200 OK
Content-Length: 16
Content-Type: application/json; charset=utf-8
cache-control: no-cache

14:26:38.240 [AsyncHttpClient-1-4] DEBUG org.asynchttpclient.netty.channel.ChannelManager - Adding key: http://localhost:41079 for channel [id: 0x4ca423c8, L:/127.0.0.1:59046 - R:localhost/127.0.0.1:41079]
14:26:38.240 [Forwarding findElement on session a76f7b419afaf21a3f436950d16eb628 to remote] DEBUG org.asynchttpclient.netty.request.NettyRequestSender - Using pooled Channel '[id: 0x4ca423c8, L:/127.0.0.1:59046 - R:localhost/127.0.0.1:41079]' for 'POST' to 'http://localhost:41079/session/a76f7b419afaf21a3f436950d16eb628/element'
14:26:38.240 [Forwarding findElement on session a76f7b419afaf21a3f436950d16eb628 to remote] DEBUG org.asynchttpclient.netty.request.NettyRequestSender - Using open Channel [id: 0x4ca423c8, L:/127.0.0.1:59046 - R:localhost/127.0.0.1:41079] for POST '/session/a76f7b419afaf21a3f436950d16eb628/element'
14:26:38.253 [AsyncHttpClient-1-4] DEBUG org.asynchttpclient.netty.handler.HttpHandler - 

Request DefaultHttpRequest(decodeResult: success, version: HTTP/1.1)
POST /session/a76f7b419afaf21a3f436950d16eb628/element HTTP/1.1
User-Agent: selenium/4.8.1 (java windows)
Content-Length: 78
Content-Type: application/json; charset=utf-8
host: localhost:41079
accept: */*

Response DefaultHttpResponse(decodeResult: success, version: HTTP/1.1)
HTTP/1.1 200 OK
Content-Length: 95
Content-Type: application/json; charset=utf-8
cache-control: no-cache

14:26:38.253 [AsyncHttpClient-1-4] DEBUG org.asynchttpclient.netty.channel.ChannelManager - Adding key: http://localhost:41079 for channel [id: 0x4ca423c8, L:/127.0.0.1:59046 - R:localhost/127.0.0.1:41079]
14:26:38.253 [Forwarding clickElement on session a76f7b419afaf21a3f436950d16eb628 to remote] DEBUG org.asynchttpclient.netty.request.NettyRequestSender - Using pooled Channel '[id: 0x4ca423c8, L:/127.0.0.1:59046 - R:localhost/127.0.0.1:41079]' for 'POST' to 'http://localhost:41079/session/a76f7b419afaf21a3f436950d16eb628/element/3888451E394C192F4F8DC3BF21D0F3A5_element_55/click'
14:26:38.253 [Forwarding clickElement on session a76f7b419afaf21a3f436950d16eb628 to remote] DEBUG org.asynchttpclient.netty.request.NettyRequestSender - Using open Channel [id: 0x4ca423c8, L:/127.0.0.1:59046 - R:localhost/127.0.0.1:41079] for POST '/session/a76f7b419afaf21a3f436950d16eb628/element/3888451E394C192F4F8DC3BF21D0F3A5_element_55/click'
14:26:39.290 [AsyncHttpClient-1-1] DEBUG org.asynchttpclient.netty.channel.DefaultChannelPool - Entry count for : http://localhost:59047 : 1
14:26:40.267 [AsyncHttpClient-1-4] DEBUG org.asynchttpclient.netty.handler.HttpHandler - 

Request DefaultHttpRequest(decodeResult: success, version: HTTP/1.1)
POST /session/a76f7b419afaf21a3f436950d16eb628/element/3888451E394C192F4F8DC3BF21D0F3A5_element_55/click HTTP/1.1
User-Agent: selenium/4.8.1 (java windows)
Content-Length: 57
Content-Type: application/json; charset=utf-8
host: localhost:41079
accept: */*

Response DefaultHttpResponse(decodeResult: success, version: HTTP/1.1)
HTTP/1.1 200 OK
Content-Length: 14
Content-Type: application/json; charset=utf-8
cache-control: no-cache

14:26:40.267 [AsyncHttpClient-1-4] DEBUG org.asynchttpclient.netty.channel.ChannelManager - Adding key: http://localhost:41079 for channel [id: 0x4ca423c8, L:/127.0.0.1:59046 - R:localhost/127.0.0.1:41079]
14:26:40.280 [Forwarding getAlertText on session a76f7b419afaf21a3f436950d16eb628 to remote] DEBUG org.asynchttpclient.netty.request.NettyRequestSender - Using pooled Channel '[id: 0x4ca423c8, L:/127.0.0.1:59046 - R:localhost/127.0.0.1:41079]' for 'GET' to 'http://localhost:41079/session/a76f7b419afaf21a3f436950d16eb628/alert/text'
14:26:40.280 [Forwarding getAlertText on session a76f7b419afaf21a3f436950d16eb628 to remote] DEBUG org.asynchttpclient.netty.request.NettyRequestSender - Using open Channel [id: 0x4ca423c8, L:/127.0.0.1:59046 - R:localhost/127.0.0.1:41079] for GET '/session/a76f7b419afaf21a3f436950d16eb628/alert/text'
14:26:40.293 [AsyncHttpClient-1-4] DEBUG org.asynchttpclient.netty.handler.HttpHandler - 

Request DefaultFullHttpRequest(decodeResult: success, version: HTTP/1.1, content: EmptyByteBufBE)
GET /session/a76f7b419afaf21a3f436950d16eb628/alert/text HTTP/1.1
User-Agent: selenium/4.8.1 (java windows)
Cache-Control: no-cache
Content-Type: application/json; charset=utf-8
host: localhost:41079
accept: */*

Response DefaultHttpResponse(decodeResult: success, version: HTTP/1.1)
HTTP/1.1 404 Not Found
Content-Length: 821
Content-Type: application/json; charset=utf-8
cache-control: no-cache

14:26:40.293 [AsyncHttpClient-1-4] DEBUG org.asynchttpclient.netty.channel.ChannelManager - Adding key: http://localhost:41079 for channel [id: 0x4ca423c8, L:/127.0.0.1:59046 - R:localhost/127.0.0.1:41079]
14:26:40.296 [Forwarding getCurrentUrl on session a76f7b419afaf21a3f436950d16eb628 to remote] DEBUG org.asynchttpclient.netty.request.NettyRequestSender - Using pooled Channel '[id: 0x4ca423c8, L:/127.0.0.1:59046 - R:localhost/127.0.0.1:41079]' for 'GET' to 'http://localhost:41079/session/a76f7b419afaf21a3f436950d16eb628/url'
14:26:40.296 [Forwarding getCurrentUrl on session a76f7b419afaf21a3f436950d16eb628 to remote] DEBUG org.asynchttpclient.netty.request.NettyRequestSender - Using open Channel [id: 0x4ca423c8, L:/127.0.0.1:59046 - R:localhost/127.0.0.1:41079] for GET '/session/a76f7b419afaf21a3f436950d16eb628/url'
14:26:40.309 [AsyncHttpClient-1-4] DEBUG org.asynchttpclient.netty.handler.HttpHandler - 

Request DefaultFullHttpRequest(decodeResult: success, version: HTTP/1.1, content: EmptyByteBufBE)
GET /session/a76f7b419afaf21a3f436950d16eb628/url HTTP/1.1
User-Agent: selenium/4.8.1 (java windows)
Cache-Control: no-cache
Content-Type: application/json; charset=utf-8
host: localhost:41079
accept: */*

Response DefaultHttpResponse(decodeResult: success, version: HTTP/1.1)
HTTP/1.1 200 OK
Content-Length: 65
Content-Type: application/json; charset=utf-8
cache-control: no-cache

14:26:40.314 [AsyncHttpClient-1-4] DEBUG org.asynchttpclient.netty.channel.ChannelManager - Adding key: http://localhost:41079 for channel [id: 0x4ca423c8, L:/127.0.0.1:59046 - R:localhost/127.0.0.1:41079]
14:26:40.314 [Forwarding screenshot on session a76f7b419afaf21a3f436950d16eb628 to remote] DEBUG org.asynchttpclient.netty.request.NettyRequestSender - Using pooled Channel '[id: 0x4ca423c8, L:/127.0.0.1:59046 - R:localhost/127.0.0.1:41079]' for 'GET' to 'http://localhost:41079/session/a76f7b419afaf21a3f436950d16eb628/screenshot'
14:26:40.314 [Forwarding screenshot on session a76f7b419afaf21a3f436950d16eb628 to remote] DEBUG org.asynchttpclient.netty.request.NettyRequestSender - Using open Channel [id: 0x4ca423c8, L:/127.0.0.1:59046 - R:localhost/127.0.0.1:41079] for GET '/session/a76f7b419afaf21a3f436950d16eb628/screenshot'
14:26:40.426 [AsyncHttpClient-1-1] DEBUG org.asynchttpclient.netty.channel.DefaultChannelPool - Entry count for : http://localhost:59047 : 1
14:26:40.625 [AsyncHttpClient-1-4] DEBUG org.asynchttpclient.netty.handler.HttpHandler - 

Request DefaultFullHttpRequest(decodeResult: success, version: HTTP/1.1, content: EmptyByteBufBE)
GET /session/a76f7b419afaf21a3f436950d16eb628/screenshot HTTP/1.1
User-Agent: selenium/4.8.1 (java windows)
Cache-Control: no-cache
Content-Type: application/json; charset=utf-8
host: localhost:41079
accept: */*

Response DefaultHttpResponse(decodeResult: success, version: HTTP/1.1)
HTTP/1.1 200 OK
Content-Length: 262720
Content-Type: application/json; charset=utf-8
cache-control: no-cache

14:26:40.625 [AsyncHttpClient-1-4] DEBUG org.asynchttpclient.netty.channel.ChannelManager - Adding key: http://localhost:41079 for channel [id: 0x4ca423c8, L:/127.0.0.1:59046 - R:localhost/127.0.0.1:41079]
14:26:40.651 [main] DEBUG net.serenitybdd.core.photography.Darkroom - Send negative for processing for target\site\serenity\065a91f3aa943046fe3553e3b5a92a37623bdff19cac4810408006fce71e6812.png
14:26:40.651 [main] DEBUG net.thucydides.core.steps.StepInterceptor - STEP DONE: Click_Read_more_FindBranch
14:26:40.651 [Darkroom Processing Line] DEBUG net.serenitybdd.core.photography.DarkroomProcessingLine - Processing screenshot image in /var/screenshots/screenshot-5801851359461951060
14:26:40.651 [Darkroom Processing Line] DEBUG net.serenitybdd.core.photography.DarkroomProcessingLine - Saving screenshot to target\site\serenity\065a91f3aa943046fe3553e3b5a92a37623bdff19cac4810408006fce71e6812.png
14:26:40.698 [Forwarding getPageSource on session a76f7b419afaf21a3f436950d16eb628 to remote] DEBUG org.asynchttpclient.netty.request.NettyRequestSender - Using pooled Channel '[id: 0x4ca423c8, L:/127.0.0.1:59046 - R:localhost/127.0.0.1:41079]' for 'POST' to 'http://localhost:41079/session/a76f7b419afaf21a3f436950d16eb628/execute/sync'
14:26:40.698 [Forwarding getPageSource on session a76f7b419afaf21a3f436950d16eb628 to remote] DEBUG org.asynchttpclient.netty.request.NettyRequestSender - Using open Channel [id: 0x4ca423c8, L:/127.0.0.1:59046 - R:localhost/127.0.0.1:41079] for POST '/session/a76f7b419afaf21a3f436950d16eb628/execute/sync'
14:26:40.787 [AsyncHttpClient-1-4] DEBUG org.asynchttpclient.netty.handler.HttpHandler - 

Request DefaultHttpRequest(decodeResult: success, version: HTTP/1.1)
POST /session/a76f7b419afaf21a3f436950d16eb628/execute/sync HTTP/1.1
User-Agent: selenium/4.8.1 (java windows)
Content-Length: 176
Content-Type: application/json; charset=utf-8
host: localhost:41079
accept: */*

Response DefaultHttpResponse(decodeResult: success, version: HTTP/1.1)
HTTP/1.1 200 OK
Content-Length: 72296
Content-Type: application/json; charset=utf-8
cache-control: no-cache

14:26:40.789 [AsyncHttpClient-1-4] DEBUG org.asynchttpclient.netty.channel.ChannelManager - Adding key: http://localhost:41079 for channel [id: 0x4ca423c8, L:/127.0.0.1:59046 - R:localhost/127.0.0.1:41079]
14:26:40.801 [Forwarding getCurrentUrl on session a76f7b419afaf21a3f436950d16eb628 to remote] DEBUG org.asynchttpclient.netty.request.NettyRequestSender - Using pooled Channel '[id: 0x4ca423c8, L:/127.0.0.1:59046 - R:localhost/127.0.0.1:41079]' for 'GET' to 'http://localhost:41079/session/a76f7b419afaf21a3f436950d16eb628/url'
14:26:40.801 [Forwarding getCurrentUrl on session a76f7b419afaf21a3f436950d16eb628 to remote] DEBUG org.asynchttpclient.netty.request.NettyRequestSender - Using open Channel [id: 0x4ca423c8, L:/127.0.0.1:59046 - R:localhost/127.0.0.1:41079] for GET '/session/a76f7b419afaf21a3f436950d16eb628/url'
14:26:40.821 [AsyncHttpClient-1-4] DEBUG org.asynchttpclient.netty.handler.HttpHandler - 

Request DefaultFullHttpRequest(decodeResult: success, version: HTTP/1.1, content: EmptyByteBufBE)
GET /session/a76f7b419afaf21a3f436950d16eb628/url HTTP/1.1
User-Agent: selenium/4.8.1 (java windows)
Cache-Control: no-cache
Content-Type: application/json; charset=utf-8
host: localhost:41079
accept: */*

Response DefaultHttpResponse(decodeResult: success, version: HTTP/1.1)
HTTP/1.1 200 OK
Content-Length: 65
Content-Type: application/json; charset=utf-8
cache-control: no-cache

14:26:40.821 [AsyncHttpClient-1-4] DEBUG org.asynchttpclient.netty.channel.ChannelManager - Adding key: http://localhost:41079 for channel [id: 0x4ca423c8, L:/127.0.0.1:59046 - R:localhost/127.0.0.1:41079]
14:26:40.848 [Forwarding getAlertText on session a76f7b419afaf21a3f436950d16eb628 to remote] DEBUG org.asynchttpclient.netty.request.NettyRequestSender - Using pooled Channel '[id: 0x4ca423c8, L:/127.0.0.1:59046 - R:localhost/127.0.0.1:41079]' for 'GET' to 'http://localhost:41079/session/a76f7b419afaf21a3f436950d16eb628/alert/text'
14:26:40.848 [Forwarding getAlertText on session a76f7b419afaf21a3f436950d16eb628 to remote] DEBUG org.asynchttpclient.netty.request.NettyRequestSender - Using open Channel [id: 0x4ca423c8, L:/127.0.0.1:59046 - R:localhost/127.0.0.1:41079] for GET '/session/a76f7b419afaf21a3f436950d16eb628/alert/text'
14:26:40.848 [AsyncHttpClient-1-4] DEBUG org.asynchttpclient.netty.handler.HttpHandler - 

Request DefaultFullHttpRequest(decodeResult: success, version: HTTP/1.1, content: EmptyByteBufBE)
GET /session/a76f7b419afaf21a3f436950d16eb628/alert/text HTTP/1.1
User-Agent: selenium/4.8.1 (java windows)
Cache-Control: no-cache
Content-Type: application/json; charset=utf-8
host: localhost:41079
accept: */*

Response DefaultHttpResponse(decodeResult: success, version: HTTP/1.1)
HTTP/1.1 404 Not Found
Content-Length: 821
Content-Type: application/json; charset=utf-8
cache-control: no-cache

14:26:40.848 [AsyncHttpClient-1-4] DEBUG org.asynchttpclient.netty.channel.ChannelManager - Adding key: http://localhost:41079 for channel [id: 0x4ca423c8, L:/127.0.0.1:59046 - R:localhost/127.0.0.1:41079]
14:26:40.853 [Forwarding getCurrentUrl on session a76f7b419afaf21a3f436950d16eb628 to remote] DEBUG org.asynchttpclient.netty.request.NettyRequestSender - Using pooled Channel '[id: 0x4ca423c8, L:/127.0.0.1:59046 - R:localhost/127.0.0.1:41079]' for 'GET' to 'http://localhost:41079/session/a76f7b419afaf21a3f436950d16eb628/url'
14:26:40.853 [Forwarding getCurrentUrl on session a76f7b419afaf21a3f436950d16eb628 to remote] DEBUG org.asynchttpclient.netty.request.NettyRequestSender - Using open Channel [id: 0x4ca423c8, L:/127.0.0.1:59046 - R:localhost/127.0.0.1:41079] for GET '/session/a76f7b419afaf21a3f436950d16eb628/url'
14:26:40.880 [AsyncHttpClient-1-4] DEBUG org.asynchttpclient.netty.handler.HttpHandler - 

Request DefaultFullHttpRequest(decodeResult: success, version: HTTP/1.1, content: EmptyByteBufBE)
GET /session/a76f7b419afaf21a3f436950d16eb628/url HTTP/1.1
User-Agent: selenium/4.8.1 (java windows)
Cache-Control: no-cache
Content-Type: application/json; charset=utf-8
host: localhost:41079
accept: */*

Response DefaultHttpResponse(decodeResult: success, version: HTTP/1.1)
HTTP/1.1 200 OK
Content-Length: 65
Content-Type: application/json; charset=utf-8
cache-control: no-cache

14:26:40.880 [AsyncHttpClient-1-4] DEBUG org.asynchttpclient.netty.channel.ChannelManager - Adding key: http://localhost:41079 for channel [id: 0x4ca423c8, L:/127.0.0.1:59046 - R:localhost/127.0.0.1:41079]
14:26:40.880 [Forwarding screenshot on session a76f7b419afaf21a3f436950d16eb628 to remote] DEBUG org.asynchttpclient.netty.request.NettyRequestSender - Using pooled Channel '[id: 0x4ca423c8, L:/127.0.0.1:59046 - R:localhost/127.0.0.1:41079]' for 'GET' to 'http://localhost:41079/session/a76f7b419afaf21a3f436950d16eb628/screenshot'
14:26:40.880 [Forwarding screenshot on session a76f7b419afaf21a3f436950d16eb628 to remote] DEBUG org.asynchttpclient.netty.request.NettyRequestSender - Using open Channel [id: 0x4ca423c8, L:/127.0.0.1:59046 - R:localhost/127.0.0.1:41079] for GET '/session/a76f7b419afaf21a3f436950d16eb628/screenshot'
14:26:41.206 [AsyncHttpClient-1-4] DEBUG org.asynchttpclient.netty.handler.HttpHandler - 

Request DefaultFullHttpRequest(decodeResult: success, version: HTTP/1.1, content: EmptyByteBufBE)
GET /session/a76f7b419afaf21a3f436950d16eb628/screenshot HTTP/1.1
User-Agent: selenium/4.8.1 (java windows)
Cache-Control: no-cache
Content-Type: application/json; charset=utf-8
host: localhost:41079
accept: */*

Response DefaultHttpResponse(decodeResult: success, version: HTTP/1.1)
HTTP/1.1 200 OK
Content-Length: 262720
Content-Type: application/json; charset=utf-8
cache-control: no-cache

14:26:41.206 [AsyncHttpClient-1-4] DEBUG org.asynchttpclient.netty.channel.ChannelManager - Adding key: http://localhost:41079 for channel [id: 0x4ca423c8, L:/127.0.0.1:59046 - R:localhost/127.0.0.1:41079]
14:26:41.226 [main] DEBUG net.serenitybdd.core.photography.Darkroom - Send negative for processing for target\site\serenity\065a91f3aa943046fe3553e3b5a92a37623bdff19cac4810408006fce71e6812.png
14:26:41.234 [Forwarding getPageSource on session a76f7b419afaf21a3f436950d16eb628 to remote] DEBUG org.asynchttpclient.netty.request.NettyRequestSender - Using pooled Channel '[id: 0x4ca423c8, L:/127.0.0.1:59046 - R:localhost/127.0.0.1:41079]' for 'POST' to 'http://localhost:41079/session/a76f7b419afaf21a3f436950d16eb628/execute/sync'
14:26:41.234 [Forwarding getPageSource on session a76f7b419afaf21a3f436950d16eb628 to remote] DEBUG org.asynchttpclient.netty.request.NettyRequestSender - Using open Channel [id: 0x4ca423c8, L:/127.0.0.1:59046 - R:localhost/127.0.0.1:41079] for POST '/session/a76f7b419afaf21a3f436950d16eb628/execute/sync'
14:26:41.259 [AsyncHttpClient-1-4] DEBUG org.asynchttpclient.netty.handler.HttpHandler - 

Request DefaultHttpRequest(decodeResult: success, version: HTTP/1.1)
POST /session/a76f7b419afaf21a3f436950d16eb628/execute/sync HTTP/1.1
User-Agent: selenium/4.8.1 (java windows)
Content-Length: 176
Content-Type: application/json; charset=utf-8
host: localhost:41079
accept: */*

Response DefaultHttpResponse(decodeResult: success, version: HTTP/1.1)
HTTP/1.1 200 OK
Content-Length: 72296
Content-Type: application/json; charset=utf-8
cache-control: no-cache

14:26:41.259 [AsyncHttpClient-1-4] DEBUG org.asynchttpclient.netty.channel.ChannelManager - Adding key: http://localhost:41079 for channel [id: 0x4ca423c8, L:/127.0.0.1:59046 - R:localhost/127.0.0.1:41079]
14:26:41.271 [Forwarding getCurrentUrl on session a76f7b419afaf21a3f436950d16eb628 to remote] DEBUG org.asynchttpclient.netty.request.NettyRequestSender - Using pooled Channel '[id: 0x4ca423c8, L:/127.0.0.1:59046 - R:localhost/127.0.0.1:41079]' for 'GET' to 'http://localhost:41079/session/a76f7b419afaf21a3f436950d16eb628/url'
14:26:41.271 [Forwarding getCurrentUrl on session a76f7b419afaf21a3f436950d16eb628 to remote] DEBUG org.asynchttpclient.netty.request.NettyRequestSender - Using open Channel [id: 0x4ca423c8, L:/127.0.0.1:59046 - R:localhost/127.0.0.1:41079] for GET '/session/a76f7b419afaf21a3f436950d16eb628/url'
14:26:41.280 [AsyncHttpClient-1-4] DEBUG org.asynchttpclient.netty.handler.HttpHandler - 

Request DefaultFullHttpRequest(decodeResult: success, version: HTTP/1.1, content: EmptyByteBufBE)
GET /session/a76f7b419afaf21a3f436950d16eb628/url HTTP/1.1
User-Agent: selenium/4.8.1 (java windows)
Cache-Control: no-cache
Content-Type: application/json; charset=utf-8
host: localhost:41079
accept: */*

Response DefaultHttpResponse(decodeResult: success, version: HTTP/1.1)
HTTP/1.1 200 OK
Content-Length: 65
Content-Type: application/json; charset=utf-8
cache-control: no-cache

14:26:41.280 [AsyncHttpClient-1-4] DEBUG org.asynchttpclient.netty.channel.ChannelManager - Adding key: http://localhost:41079 for channel [id: 0x4ca423c8, L:/127.0.0.1:59046 - R:localhost/127.0.0.1:41079]
14:26:41.287 [main] DEBUG net.thucydides.core.steps.StepInterceptor - STARTING STEP: Afrexim_OurBank_Contactus_steps.validate_find_a_branch_page_is_displayed - Validate_Find_Branch_pageisdisplayed
14:26:41.291 [Forwarding findElement on session a76f7b419afaf21a3f436950d16eb628 to remote] DEBUG org.asynchttpclient.netty.request.NettyRequestSender - Using pooled Channel '[id: 0x4ca423c8, L:/127.0.0.1:59046 - R:localhost/127.0.0.1:41079]' for 'POST' to 'http://localhost:41079/session/a76f7b419afaf21a3f436950d16eb628/element'
14:26:41.291 [Forwarding findElement on session a76f7b419afaf21a3f436950d16eb628 to remote] DEBUG org.asynchttpclient.netty.request.NettyRequestSender - Using open Channel [id: 0x4ca423c8, L:/127.0.0.1:59046 - R:localhost/127.0.0.1:41079] for POST '/session/a76f7b419afaf21a3f436950d16eb628/element'
14:26:41.312 [AsyncHttpClient-1-4] DEBUG org.asynchttpclient.netty.handler.HttpHandler - 

Request DefaultHttpRequest(decodeResult: success, version: HTTP/1.1)
POST /session/a76f7b419afaf21a3f436950d16eb628/element HTTP/1.1
User-Agent: selenium/4.8.1 (java windows)
Content-Length: 75
Content-Type: application/json; charset=utf-8
host: localhost:41079
accept: */*

Response DefaultHttpResponse(decodeResult: success, version: HTTP/1.1)
HTTP/1.1 200 OK
Content-Length: 95
Content-Type: application/json; charset=utf-8
cache-control: no-cache

14:26:41.312 [AsyncHttpClient-1-4] DEBUG org.asynchttpclient.netty.channel.ChannelManager - Adding key: http://localhost:41079 for channel [id: 0x4ca423c8, L:/127.0.0.1:59046 - R:localhost/127.0.0.1:41079]
14:26:41.319 [Forwarding isElementDisplayed on session a76f7b419afaf21a3f436950d16eb628 to remote] DEBUG org.asynchttpclient.netty.request.NettyRequestSender - Using pooled Channel '[id: 0x4ca423c8, L:/127.0.0.1:59046 - R:localhost/127.0.0.1:41079]' for 'POST' to 'http://localhost:41079/session/a76f7b419afaf21a3f436950d16eb628/execute/sync'
14:26:41.319 [Forwarding isElementDisplayed on session a76f7b419afaf21a3f436950d16eb628 to remote] DEBUG org.asynchttpclient.netty.request.NettyRequestSender - Using open Channel [id: 0x4ca423c8, L:/127.0.0.1:59046 - R:localhost/127.0.0.1:41079] for POST '/session/a76f7b419afaf21a3f436950d16eb628/execute/sync'
14:26:41.379 [AsyncHttpClient-1-4] DEBUG org.asynchttpclient.netty.handler.HttpHandler - 

Request DefaultHttpRequest(decodeResult: success, version: HTTP/1.1)
POST /session/a76f7b419afaf21a3f436950d16eb628/execute/sync HTTP/1.1
User-Agent: selenium/4.8.1 (java windows)
Content-Length: 48814
Content-Type: application/json; charset=utf-8
host: localhost:41079
accept: */*

Response DefaultHttpResponse(decodeResult: success, version: HTTP/1.1)
HTTP/1.1 200 OK
Content-Length: 14
Content-Type: application/json; charset=utf-8
cache-control: no-cache

14:26:41.379 [AsyncHttpClient-1-4] DEBUG org.asynchttpclient.netty.channel.ChannelManager - Adding key: http://localhost:41079 for channel [id: 0x4ca423c8, L:/127.0.0.1:59046 - R:localhost/127.0.0.1:41079]
14:26:41.392 [Forwarding getAlertText on session a76f7b419afaf21a3f436950d16eb628 to remote] DEBUG org.asynchttpclient.netty.request.NettyRequestSender - Using pooled Channel '[id: 0x4ca423c8, L:/127.0.0.1:59046 - R:localhost/127.0.0.1:41079]' for 'GET' to 'http://localhost:41079/session/a76f7b419afaf21a3f436950d16eb628/alert/text'
14:26:41.392 [Forwarding getAlertText on session a76f7b419afaf21a3f436950d16eb628 to remote] DEBUG org.asynchttpclient.netty.request.NettyRequestSender - Using open Channel [id: 0x4ca423c8, L:/127.0.0.1:59046 - R:localhost/127.0.0.1:41079] for GET '/session/a76f7b419afaf21a3f436950d16eb628/alert/text'
14:26:41.411 [AsyncHttpClient-1-4] DEBUG org.asynchttpclient.netty.handler.HttpHandler - 

Request DefaultFullHttpRequest(decodeResult: success, version: HTTP/1.1, content: EmptyByteBufBE)
GET /session/a76f7b419afaf21a3f436950d16eb628/alert/text HTTP/1.1
User-Agent: selenium/4.8.1 (java windows)
Cache-Control: no-cache
Content-Type: application/json; charset=utf-8
host: localhost:41079
accept: */*

Response DefaultHttpResponse(decodeResult: success, version: HTTP/1.1)
HTTP/1.1 404 Not Found
Content-Length: 821
Content-Type: application/json; charset=utf-8
cache-control: no-cache

14:26:41.411 [AsyncHttpClient-1-4] DEBUG org.asynchttpclient.netty.channel.ChannelManager - Adding key: http://localhost:41079 for channel [id: 0x4ca423c8, L:/127.0.0.1:59046 - R:localhost/127.0.0.1:41079]
14:26:41.411 [Forwarding getCurrentUrl on session a76f7b419afaf21a3f436950d16eb628 to remote] DEBUG org.asynchttpclient.netty.request.NettyRequestSender - Using pooled Channel '[id: 0x4ca423c8, L:/127.0.0.1:59046 - R:localhost/127.0.0.1:41079]' for 'GET' to 'http://localhost:41079/session/a76f7b419afaf21a3f436950d16eb628/url'
14:26:41.411 [Forwarding getCurrentUrl on session a76f7b419afaf21a3f436950d16eb628 to remote] DEBUG org.asynchttpclient.netty.request.NettyRequestSender - Using open Channel [id: 0x4ca423c8, L:/127.0.0.1:59046 - R:localhost/127.0.0.1:41079] for GET '/session/a76f7b419afaf21a3f436950d16eb628/url'
14:26:41.474 [AsyncHttpClient-1-4] DEBUG org.asynchttpclient.netty.handler.HttpHandler - 

Request DefaultFullHttpRequest(decodeResult: success, version: HTTP/1.1, content: EmptyByteBufBE)
GET /session/a76f7b419afaf21a3f436950d16eb628/url HTTP/1.1
User-Agent: selenium/4.8.1 (java windows)
Cache-Control: no-cache
Content-Type: application/json; charset=utf-8
host: localhost:41079
accept: */*

Response DefaultHttpResponse(decodeResult: success, version: HTTP/1.1)
HTTP/1.1 200 OK
Content-Length: 65
Content-Type: application/json; charset=utf-8
cache-control: no-cache

14:26:41.474 [AsyncHttpClient-1-4] DEBUG org.asynchttpclient.netty.channel.ChannelManager - Adding key: http://localhost:41079 for channel [id: 0x4ca423c8, L:/127.0.0.1:59046 - R:localhost/127.0.0.1:41079]
14:26:41.474 [Forwarding screenshot on session a76f7b419afaf21a3f436950d16eb628 to remote] DEBUG org.asynchttpclient.netty.request.NettyRequestSender - Using pooled Channel '[id: 0x4ca423c8, L:/127.0.0.1:59046 - R:localhost/127.0.0.1:41079]' for 'GET' to 'http://localhost:41079/session/a76f7b419afaf21a3f436950d16eb628/screenshot'
14:26:41.474 [Forwarding screenshot on session a76f7b419afaf21a3f436950d16eb628 to remote] DEBUG org.asynchttpclient.netty.request.NettyRequestSender - Using open Channel [id: 0x4ca423c8, L:/127.0.0.1:59046 - R:localhost/127.0.0.1:41079] for GET '/session/a76f7b419afaf21a3f436950d16eb628/screenshot'
14:26:41.493 [AsyncHttpClient-1-1] DEBUG org.asynchttpclient.netty.channel.DefaultChannelPool - Entry count for : http://localhost:59047 : 1
14:26:41.824 [AsyncHttpClient-1-4] DEBUG org.asynchttpclient.netty.handler.HttpHandler - 

Request DefaultFullHttpRequest(decodeResult: success, version: HTTP/1.1, content: EmptyByteBufBE)
GET /session/a76f7b419afaf21a3f436950d16eb628/screenshot HTTP/1.1
User-Agent: selenium/4.8.1 (java windows)
Cache-Control: no-cache
Content-Type: application/json; charset=utf-8
host: localhost:41079
accept: */*

Response DefaultHttpResponse(decodeResult: success, version: HTTP/1.1)
HTTP/1.1 200 OK
Content-Length: 262720
Content-Type: application/json; charset=utf-8
cache-control: no-cache

14:26:41.825 [AsyncHttpClient-1-4] DEBUG org.asynchttpclient.netty.channel.ChannelManager - Adding key: http://localhost:41079 for channel [id: 0x4ca423c8, L:/127.0.0.1:59046 - R:localhost/127.0.0.1:41079]
14:26:41.845 [main] DEBUG net.serenitybdd.core.photography.Darkroom - Send negative for processing for target\site\serenity\065a91f3aa943046fe3553e3b5a92a37623bdff19cac4810408006fce71e6812.png
14:26:41.845 [main] DEBUG net.thucydides.core.steps.StepInterceptor - STEP DONE: Validate_Find_Branch_pageisdisplayed
14:26:42.588 [AsyncHttpClient-1-1] DEBUG org.asynchttpclient.netty.channel.DefaultChannelPool - Entry count for : http://localhost:59047 : 1
14:26:42.588 [AsyncHttpClient-1-1] DEBUG org.asynchttpclient.netty.channel.DefaultChannelPool - Entry count for : http://localhost:41079 : 1
14:26:43.695 [AsyncHttpClient-1-1] DEBUG org.asynchttpclient.netty.channel.DefaultChannelPool - Entry count for : http://localhost:59047 : 1
14:26:43.695 [AsyncHttpClient-1-1] DEBUG org.asynchttpclient.netty.channel.DefaultChannelPool - Entry count for : http://localhost:41079 : 1
14:26:44.795 [AsyncHttpClient-1-1] DEBUG org.asynchttpclient.netty.channel.DefaultChannelPool - Entry count for : http://localhost:59047 : 1
14:26:44.795 [AsyncHttpClient-1-1] DEBUG org.asynchttpclient.netty.channel.DefaultChannelPool - Entry count for : http://localhost:41079 : 1
14:26:44.876 [Forwarding getAlertText on session a76f7b419afaf21a3f436950d16eb628 to remote] DEBUG org.asynchttpclient.netty.request.NettyRequestSender - Using pooled Channel '[id: 0x4ca423c8, L:/127.0.0.1:59046 - R:localhost/127.0.0.1:41079]' for 'GET' to 'http://localhost:41079/session/a76f7b419afaf21a3f436950d16eb628/alert/text'
14:26:44.876 [Forwarding getAlertText on session a76f7b419afaf21a3f436950d16eb628 to remote] DEBUG org.asynchttpclient.netty.request.NettyRequestSender - Using open Channel [id: 0x4ca423c8, L:/127.0.0.1:59046 - R:localhost/127.0.0.1:41079] for GET '/session/a76f7b419afaf21a3f436950d16eb628/alert/text'
14:26:44.879 [AsyncHttpClient-1-4] DEBUG org.asynchttpclient.netty.handler.HttpHandler - 

Request DefaultFullHttpRequest(decodeResult: success, version: HTTP/1.1, content: EmptyByteBufBE)
GET /session/a76f7b419afaf21a3f436950d16eb628/alert/text HTTP/1.1
User-Agent: selenium/4.8.1 (java windows)
Cache-Control: no-cache
Content-Type: application/json; charset=utf-8
host: localhost:41079
accept: */*

Response DefaultHttpResponse(decodeResult: success, version: HTTP/1.1)
HTTP/1.1 404 Not Found
Content-Length: 821
Content-Type: application/json; charset=utf-8
cache-control: no-cache

14:26:44.879 [AsyncHttpClient-1-4] DEBUG org.asynchttpclient.netty.channel.ChannelManager - Adding key: http://localhost:41079 for channel [id: 0x4ca423c8, L:/127.0.0.1:59046 - R:localhost/127.0.0.1:41079]
14:26:44.887 [Forwarding getCurrentUrl on session a76f7b419afaf21a3f436950d16eb628 to remote] DEBUG org.asynchttpclient.netty.request.NettyRequestSender - Using pooled Channel '[id: 0x4ca423c8, L:/127.0.0.1:59046 - R:localhost/127.0.0.1:41079]' for 'GET' to 'http://localhost:41079/session/a76f7b419afaf21a3f436950d16eb628/url'
14:26:44.887 [Forwarding getCurrentUrl on session a76f7b419afaf21a3f436950d16eb628 to remote] DEBUG org.asynchttpclient.netty.request.NettyRequestSender - Using open Channel [id: 0x4ca423c8, L:/127.0.0.1:59046 - R:localhost/127.0.0.1:41079] for GET '/session/a76f7b419afaf21a3f436950d16eb628/url'
14:26:44.907 [AsyncHttpClient-1-4] DEBUG org.asynchttpclient.netty.handler.HttpHandler - 

Request DefaultFullHttpRequest(decodeResult: success, version: HTTP/1.1, content: EmptyByteBufBE)
GET /session/a76f7b419afaf21a3f436950d16eb628/url HTTP/1.1
User-Agent: selenium/4.8.1 (java windows)
Cache-Control: no-cache
Content-Type: application/json; charset=utf-8
host: localhost:41079
accept: */*

Response DefaultHttpResponse(decodeResult: success, version: HTTP/1.1)
HTTP/1.1 200 OK
Content-Length: 65
Content-Type: application/json; charset=utf-8
cache-control: no-cache

14:26:44.907 [AsyncHttpClient-1-4] DEBUG org.asynchttpclient.netty.channel.ChannelManager - Adding key: http://localhost:41079 for channel [id: 0x4ca423c8, L:/127.0.0.1:59046 - R:localhost/127.0.0.1:41079]
14:26:44.907 [Forwarding screenshot on session a76f7b419afaf21a3f436950d16eb628 to remote] DEBUG org.asynchttpclient.netty.request.NettyRequestSender - Using pooled Channel '[id: 0x4ca423c8, L:/127.0.0.1:59046 - R:localhost/127.0.0.1:41079]' for 'GET' to 'http://localhost:41079/session/a76f7b419afaf21a3f436950d16eb628/screenshot'
14:26:44.907 [Forwarding screenshot on session a76f7b419afaf21a3f436950d16eb628 to remote] DEBUG org.asynchttpclient.netty.request.NettyRequestSender - Using open Channel [id: 0x4ca423c8, L:/127.0.0.1:59046 - R:localhost/127.0.0.1:41079] for GET '/session/a76f7b419afaf21a3f436950d16eb628/screenshot'
14:26:45.240 [AsyncHttpClient-1-4] DEBUG org.asynchttpclient.netty.handler.HttpHandler - 

Request DefaultFullHttpRequest(decodeResult: success, version: HTTP/1.1, content: EmptyByteBufBE)
GET /session/a76f7b419afaf21a3f436950d16eb628/screenshot HTTP/1.1
User-Agent: selenium/4.8.1 (java windows)
Cache-Control: no-cache
Content-Type: application/json; charset=utf-8
host: localhost:41079
accept: */*

Response DefaultHttpResponse(decodeResult: success, version: HTTP/1.1)
HTTP/1.1 200 OK
Content-Length: 262720
Content-Type: application/json; charset=utf-8
cache-control: no-cache

14:26:45.240 [AsyncHttpClient-1-4] DEBUG org.asynchttpclient.netty.channel.ChannelManager - Adding key: http://localhost:41079 for channel [id: 0x4ca423c8, L:/127.0.0.1:59046 - R:localhost/127.0.0.1:41079]
14:26:45.259 [main] DEBUG net.serenitybdd.core.photography.Darkroom - Send negative for processing for target\site\serenity\065a91f3aa943046fe3553e3b5a92a37623bdff19cac4810408006fce71e6812.png
14:26:45.264 [AsyncHttpClient-1-6] DEBUG org.asynchttpclient.netty.handler.WebSocketHandler - Channel Closed: [id: 0x7f5eef69, L:/127.0.0.1:59054 ! R:localhost/127.0.0.1:59047] with attribute NettyResponseFuture{currentRetry=0,
	isDone=1,
	isCancelled=0,
	asyncHandler=org.asynchttpclient.ws.WebSocketUpgradeHandler@5139561c,
	nettyRequest=org.asynchttpclient.netty.request.NettyRequest@759fd01b,
	future=java.util.concurrent.CompletableFuture@f27f12d[Completed normally],
	uri=ws://localhost:59047/devtools/browser/f4d310c0-08ef-4d10-af40-4d97632f8be0,
	keepAlive=true,
	redirectCount=0,
	timeoutsHolder=null,
	inAuth=0,
	touch=1689756981124}
14:26:45.264 [AsyncHttpClient-1-6] DEBUG org.asynchttpclient.netty.channel.ChannelManager - Closing Channel [id: 0x7f5eef69, L:/127.0.0.1:59054 ! R:localhost/127.0.0.1:59047] 
14:26:45.264 [Driver Command Executor] DEBUG org.asynchttpclient.netty.request.NettyRequestSender - Using pooled Channel '[id: 0x4ca423c8, L:/127.0.0.1:59046 - R:localhost/127.0.0.1:41079]' for 'DELETE' to 'http://localhost:41079/session/a76f7b419afaf21a3f436950d16eb628'
14:26:45.264 [Driver Command Executor] DEBUG org.asynchttpclient.netty.request.NettyRequestSender - Using open Channel [id: 0x4ca423c8, L:/127.0.0.1:59046 - R:localhost/127.0.0.1:41079] for DELETE '/session/a76f7b419afaf21a3f436950d16eb628'
14:26:45.571 [AsyncHttpClient-1-5] DEBUG org.asynchttpclient.netty.handler.HttpHandler - Unexpected I/O exception on channel [id: 0x9e571d08, L:/127.0.0.1:59053 - R:localhost/127.0.0.1:59047]
java.io.IOException: An existing connection was forcibly closed by the remote host
	at sun.nio.ch.SocketDispatcher.read0(Native Method)
	at sun.nio.ch.SocketDispatcher.read(SocketDispatcher.java:43)
	at sun.nio.ch.IOUtil.readIntoNativeBuffer(IOUtil.java:223)
	at sun.nio.ch.IOUtil.read(IOUtil.java:192)
	at sun.nio.ch.SocketChannelImpl.read(SocketChannelImpl.java:380)
	at io.netty.buffer.PooledByteBuf.setBytes(PooledByteBuf.java:259)
	at io.netty.buffer.AbstractByteBuf.writeBytes(AbstractByteBuf.java:1132)
	at io.netty.channel.socket.nio.NioSocketChannel.doReadBytes(NioSocketChannel.java:357)
	at io.netty.channel.nio.AbstractNioByteChannel$NioByteUnsafe.read(AbstractNioByteChannel.java:151)
	at io.netty.channel.nio.NioEventLoop.processSelectedKey(NioEventLoop.java:788)
	at io.netty.channel.nio.NioEventLoop.processSelectedKeysOptimized(NioEventLoop.java:724)
	at io.netty.channel.nio.NioEventLoop.processSelectedKeys(NioEventLoop.java:650)
	at io.netty.channel.nio.NioEventLoop.run(NioEventLoop.java:562)
	at io.netty.util.concurrent.SingleThreadEventExecutor$4.run(SingleThreadEventExecutor.java:997)
	at io.netty.util.internal.ThreadExecutorMap$2.run(ThreadExecutorMap.java:74)
	at io.netty.util.concurrent.FastThreadLocalRunnable.run(FastThreadLocalRunnable.java:30)
	at java.lang.Thread.run(Thread.java:748)
14:26:45.571 [AsyncHttpClient-1-5] DEBUG org.asynchttpclient.netty.channel.ChannelManager - Closing Channel [id: 0x9e571d08, L:/127.0.0.1:59053 - R:localhost/127.0.0.1:59047] 
14:26:45.589 [AsyncHttpClient-1-5] DEBUG org.asynchttpclient.netty.handler.HttpHandler - Channel Closed: [id: 0x9e571d08, L:/127.0.0.1:59053 ! R:localhost/127.0.0.1:59047] with attribute DISCARD
14:26:45.701 [AsyncHttpClient-1-4] DEBUG org.asynchttpclient.netty.handler.HttpHandler - 

Request DefaultFullHttpRequest(decodeResult: success, version: HTTP/1.1, content: EmptyByteBufBE)
DELETE /session/a76f7b419afaf21a3f436950d16eb628 HTTP/1.1
User-Agent: selenium/4.8.1 (java windows)
Content-Type: application/json; charset=utf-8
host: localhost:41079
accept: */*

Response DefaultHttpResponse(decodeResult: success, version: HTTP/1.1)
HTTP/1.1 200 OK
Content-Length: 14
Content-Type: application/json; charset=utf-8
cache-control: no-cache

14:26:45.701 [AsyncHttpClient-1-4] DEBUG org.asynchttpclient.netty.channel.ChannelManager - Adding key: http://localhost:41079 for channel [id: 0x4ca423c8, L:/127.0.0.1:59046 - R:localhost/127.0.0.1:41079]
14:26:45.898 [AsyncHttpClient-1-1] DEBUG org.asynchttpclient.netty.channel.DefaultChannelPool - Entry count for : http://localhost:59047 : 1
14:26:45.898 [AsyncHttpClient-1-1] DEBUG org.asynchttpclient.netty.channel.DefaultChannelPool - Entry count for : http://localhost:41079 : 1
14:26:45.898 [AsyncHttpClient-1-1] DEBUG org.asynchttpclient.netty.channel.DefaultChannelPool - Adding Candidate expired Channel [id: 0x9e571d08, L:/127.0.0.1:59053 ! R:localhost/127.0.0.1:59047] isIdleTimeoutExpired=false isRemotelyClosed=true isTtlExpired=false
14:26:45.898 [AsyncHttpClient-1-1] DEBUG org.asynchttpclient.netty.channel.DefaultChannelPool - Closing Idle Channel [id: 0x9e571d08, L:/127.0.0.1:59053 ! R:localhost/127.0.0.1:59047]
14:26:45.898 [AsyncHttpClient-1-1] DEBUG org.asynchttpclient.netty.channel.DefaultChannelPool - Closed 1 connections out of 2 in 0 ms
14:26:45.946 [AsyncHttpClient-1-4] DEBUG org.asynchttpclient.netty.handler.HttpHandler - Channel Closed: [id: 0x4ca423c8, L:/127.0.0.1:59046 ! R:localhost/127.0.0.1:41079] with attribute DISCARD
]]></system-out>
    <system-err><![CDATA[Starting ChromeDriver 114.0.5735.90 (386bc09e8f4f2e025eddae123f36f6263096ae49-refs/branch-heads/5735@{#1052}) on port 41079
Only local connections are allowed.
Please see https://chromedriver.chromium.org/security-considerations for suggestions on keeping ChromeDriver safe.
ChromeDriver was started successfully.
Jul 19, 2023 2:26:21 PM org.openqa.selenium.devtools.CdpVersionFinder findNearestMatch
WARNING: Unable to find an exact match for CDP version 114, so returning the closest version found: 110
]]></system-err>
  </testcase>
  <testcase name=" #3" classname="To Test the Our Bank Option in the home page" time="46.091">
    <error type="net.thucydides.core.webdriver.exceptions.ElementShouldBeEnabledException"><![CDATA[net.thucydides.core.webdriver.exceptions.ElementShouldBeEnabledException: Expected enabled element was not enabled
Caused by: org.openqa.selenium.TimeoutException: Expected condition failed: waiting for By.id: recaptcha-anchor to be enabled (tried for 5 second(s) with 100 milliseconds interval)
Caused by: org.openqa.selenium.NoSuchElementException: 
no such element: Unable to locate element: {"method":"css selector","selector":"#recaptcha\-anchor"}
  (Session info: chrome=114.0.5735.199)
For documentation on this error, please visit: https://selenium.dev/exceptions/#no_such_element
Build info: version: '4.8.1', revision: '8ebccac989'
System info: os.name: 'Windows 10', os.arch: 'amd64', os.version: '10.0', java.version: '1.8.0_202'
Driver info: org.openqa.selenium.chrome.ChromeDriver
Command: [87eceb0d2ff57e1a97eb7724294c1da5, findElement {using=id, value=recaptcha-anchor}]
Capabilities {acceptInsecureCerts: false, browserName: chrome, browserVersion: 114.0.5735.199, chrome: {chromedriverVersion: 114.0.5735.90 (386bc09e8f4f..., userDataDir: C:\Users\hp\AppData\Local\T...}, goog:chromeOptions: {debuggerAddress: localhost:59086}, networkConnectionEnabled: false, pageLoadStrategy: normal, platformName: WINDOWS, proxy: Proxy(), se:cdp: ws://localhost:59086/devtoo..., se:cdpVersion: 114.0.5735.199, setWindowRect: true, strictFileInteractability: false, timeouts: {implicit: 0, pageLoad: 300000, script: 30000}, unhandledPromptBehavior: dismiss and notify, webauthn:extension:credBlob: true, webauthn:extension:largeBlob: true, webauthn:extension:minPinLength: true, webauthn:extension:prf: true, webauthn:virtualAuthenticators: true}
Session ID: 87eceb0d2ff57e1a97eb7724294c1da5
]]></error>
    <system-out><![CDATA[14:26:46.501 [main] DEBUG io.cucumber.core.plugin.SerenityReporter - Running feature from file:///C:/Users/hp/eclipse-workspace/AfreximBank_SerenityBDD_Framework/src/test/resources/Afrexim_features/Afrexim_Our_Bank.feature
14:26:46.501 [main] WARN io.cucumber.core.plugin.SerenityReporter - Feature from file:///C:/Users/hp/eclipse-workspace/AfreximBank_SerenityBDD_Framework/src/test/resources/Afrexim_features/Afrexim_Our_Bank.feature is not under the 'features' directory. Requirements report will not be correctly generated!
14:26:46.635 [main] INFO net.serenitybdd.core.webdriver.driverproviders.ChromeDriverProvider - Starting Chrome driver instance with capabilities:
14:26:46.635 [main] INFO net.serenitybdd.core.webdriver.driverproviders.ChromeDriverProvider - Capabilities {acceptInsecureCerts: false, browserName: chrome, goog:chromeOptions: {args: [remote-allow-origins=*], extensions: []}}
14:26:46.997 [AsyncHttpClient-1-1] DEBUG org.asynchttpclient.netty.channel.DefaultChannelPool - Entry count for : http://localhost:41079 : 1
14:26:46.997 [AsyncHttpClient-1-1] DEBUG org.asynchttpclient.netty.channel.DefaultChannelPool - Adding Candidate expired Channel [id: 0x4ca423c8, L:/127.0.0.1:59046 ! R:localhost/127.0.0.1:41079] isIdleTimeoutExpired=false isRemotelyClosed=true isTtlExpired=false
14:26:46.997 [AsyncHttpClient-1-1] DEBUG org.asynchttpclient.netty.channel.DefaultChannelPool - Closing Idle Channel [id: 0x4ca423c8, L:/127.0.0.1:59046 ! R:localhost/127.0.0.1:41079]
14:26:46.997 [AsyncHttpClient-1-1] DEBUG org.asynchttpclient.netty.channel.DefaultChannelPool - Closed 1 connections out of 1 in 0 ms
14:26:47.701 [AsyncHttpClient-1-7] DEBUG org.asynchttpclient.netty.channel.NettyConnectListener - Using new Channel '[id: 0xeaeee574, L:/127.0.0.1:59085 - R:localhost/127.0.0.1:12593]' for 'POST' to '/session'
14:26:50.085 [AsyncHttpClient-1-7] DEBUG org.asynchttpclient.netty.handler.HttpHandler - 

Request DefaultHttpRequest(decodeResult: success, version: HTTP/1.1)
POST /session HTTP/1.1
User-Agent: selenium/4.8.1 (java windows)
Content-Length: 507
Content-Type: application/json; charset=utf-8
host: localhost:12593
accept: */*

Response DefaultHttpResponse(decodeResult: success, version: HTTP/1.1)
HTTP/1.1 200 OK
Content-Length: 857
Content-Type: application/json; charset=utf-8
cache-control: no-cache

14:26:50.085 [AsyncHttpClient-1-7] DEBUG org.asynchttpclient.netty.channel.ChannelManager - Adding key: http://localhost:12593 for channel [id: 0xeaeee574, L:/127.0.0.1:59085 - R:localhost/127.0.0.1:12593]
14:26:50.123 [AsyncHttpClient-1-8] DEBUG org.asynchttpclient.netty.channel.NettyConnectListener - Using new Channel '[id: 0x31643c6c, L:/127.0.0.1:59093 - R:localhost/127.0.0.1:59086]' for 'GET' to '/json/version'
14:26:50.125 [AsyncHttpClient-1-8] DEBUG org.asynchttpclient.netty.handler.HttpHandler - 

Request DefaultFullHttpRequest(decodeResult: success, version: HTTP/1.1, content: EmptyByteBufBE)
GET /json/version HTTP/1.1
User-Agent: selenium/4.8.1 (java windows)
host: localhost:59086
accept: */*

Response DefaultHttpResponse(decodeResult: success, version: HTTP/1.1)
HTTP/1.1 200 OK
Content-Security-Policy: frame-ancestors 'none'
Content-Length: 424
Content-Type: application/json; charset=UTF-8

14:26:50.125 [AsyncHttpClient-1-8] DEBUG org.asynchttpclient.netty.channel.ChannelManager - Adding key: http://localhost:59086 for channel [id: 0x31643c6c, L:/127.0.0.1:59093 - R:localhost/127.0.0.1:59086]
14:26:50.138 [AsyncHttpClient-1-9] DEBUG org.asynchttpclient.netty.channel.NettyConnectListener - Using new Channel '[id: 0x00b70a03, L:/127.0.0.1:59094 - R:localhost/127.0.0.1:59086]' for 'GET' to '/devtools/browser/42a57b1f-5be6-4329-b971-557b02726927'
14:26:50.138 [AsyncHttpClient-1-9] DEBUG org.asynchttpclient.netty.handler.WebSocketHandler - 

Request DefaultFullHttpRequest(decodeResult: success, version: HTTP/1.1, content: EmptyByteBufBE)
GET /devtools/browser/42a57b1f-5be6-4329-b971-557b02726927 HTTP/1.1
upgrade: websocket
connection: upgrade
sec-websocket-key: 63q8P8mz2xCaWCvOoIhZtw==
sec-websocket-version: 13
origin: http://localhost:59086
host: localhost:59086
accept: */*
user-agent: AHC/2.1

Response DefaultHttpResponse(decodeResult: success, version: HTTP/1.1)
HTTP/1.1 101 WebSocket Protocol Handshake
Upgrade: WebSocket
Connection: Upgrade
Sec-WebSocket-Accept: EqxFX5jnuNQIEEn06giA3xKgUXE=

14:26:50.146 [Forwarding get on session 87eceb0d2ff57e1a97eb7724294c1da5 to remote] DEBUG org.asynchttpclient.netty.request.NettyRequestSender - Using pooled Channel '[id: 0xeaeee574, L:/127.0.0.1:59085 - R:localhost/127.0.0.1:12593]' for 'POST' to 'http://localhost:12593/session/87eceb0d2ff57e1a97eb7724294c1da5/url'
14:26:50.146 [Forwarding get on session 87eceb0d2ff57e1a97eb7724294c1da5 to remote] DEBUG org.asynchttpclient.netty.request.NettyRequestSender - Using open Channel [id: 0xeaeee574, L:/127.0.0.1:59085 - R:localhost/127.0.0.1:12593] for POST '/session/87eceb0d2ff57e1a97eb7724294c1da5/url'
14:26:50.298 [AsyncHttpClient-1-1] DEBUG org.asynchttpclient.netty.channel.DefaultChannelPool - Entry count for : http://localhost:59086 : 1
14:26:51.387 [AsyncHttpClient-1-1] DEBUG org.asynchttpclient.netty.channel.DefaultChannelPool - Entry count for : http://localhost:59086 : 1
14:26:52.511 [AsyncHttpClient-1-1] DEBUG org.asynchttpclient.netty.channel.DefaultChannelPool - Entry count for : http://localhost:59086 : 1
14:26:53.588 [AsyncHttpClient-1-1] DEBUG org.asynchttpclient.netty.channel.DefaultChannelPool - Entry count for : http://localhost:59086 : 1
14:26:54.011 [AsyncHttpClient-1-7] DEBUG org.asynchttpclient.netty.handler.HttpHandler - 

Request DefaultHttpRequest(decodeResult: success, version: HTTP/1.1)
POST /session/87eceb0d2ff57e1a97eb7724294c1da5/url HTTP/1.1
User-Agent: selenium/4.8.1 (java windows)
Content-Length: 58
Content-Type: application/json; charset=utf-8
host: localhost:12593
accept: */*

Response DefaultHttpResponse(decodeResult: success, version: HTTP/1.1)
HTTP/1.1 200 OK
Content-Length: 14
Content-Type: application/json; charset=utf-8
cache-control: no-cache

14:26:54.011 [AsyncHttpClient-1-7] DEBUG org.asynchttpclient.netty.channel.ChannelManager - Adding key: http://localhost:12593 for channel [id: 0xeaeee574, L:/127.0.0.1:59085 - R:localhost/127.0.0.1:12593]
14:26:54.014 [Forwarding setTimeout on session 87eceb0d2ff57e1a97eb7724294c1da5 to remote] DEBUG org.asynchttpclient.netty.request.NettyRequestSender - Using pooled Channel '[id: 0xeaeee574, L:/127.0.0.1:59085 - R:localhost/127.0.0.1:12593]' for 'POST' to 'http://localhost:12593/session/87eceb0d2ff57e1a97eb7724294c1da5/timeouts'
14:26:54.014 [Forwarding setTimeout on session 87eceb0d2ff57e1a97eb7724294c1da5 to remote] DEBUG org.asynchttpclient.netty.request.NettyRequestSender - Using open Channel [id: 0xeaeee574, L:/127.0.0.1:59085 - R:localhost/127.0.0.1:12593] for POST '/session/87eceb0d2ff57e1a97eb7724294c1da5/timeouts'
14:26:54.018 [AsyncHttpClient-1-7] DEBUG org.asynchttpclient.netty.handler.HttpHandler - 

Request DefaultHttpRequest(decodeResult: success, version: HTTP/1.1)
POST /session/87eceb0d2ff57e1a97eb7724294c1da5/timeouts HTTP/1.1
User-Agent: selenium/4.8.1 (java windows)
Content-Length: 22
Content-Type: application/json; charset=utf-8
host: localhost:12593
accept: */*

Response DefaultHttpResponse(decodeResult: success, version: HTTP/1.1)
HTTP/1.1 200 OK
Content-Length: 14
Content-Type: application/json; charset=utf-8
cache-control: no-cache

14:26:54.018 [AsyncHttpClient-1-7] DEBUG org.asynchttpclient.netty.channel.ChannelManager - Adding key: http://localhost:12593 for channel [id: 0xeaeee574, L:/127.0.0.1:59085 - R:localhost/127.0.0.1:12593]
14:26:54.023 [Forwarding maximizeCurrentWindow on session 87eceb0d2ff57e1a97eb7724294c1da5 to remote] DEBUG org.asynchttpclient.netty.request.NettyRequestSender - Using pooled Channel '[id: 0xeaeee574, L:/127.0.0.1:59085 - R:localhost/127.0.0.1:12593]' for 'POST' to 'http://localhost:12593/session/87eceb0d2ff57e1a97eb7724294c1da5/window/maximize'
14:26:54.023 [Forwarding maximizeCurrentWindow on session 87eceb0d2ff57e1a97eb7724294c1da5 to remote] DEBUG org.asynchttpclient.netty.request.NettyRequestSender - Using open Channel [id: 0xeaeee574, L:/127.0.0.1:59085 - R:localhost/127.0.0.1:12593] for POST '/session/87eceb0d2ff57e1a97eb7724294c1da5/window/maximize'
14:26:54.502 [AsyncHttpClient-1-7] DEBUG org.asynchttpclient.netty.handler.HttpHandler - 

Request DefaultHttpRequest(decodeResult: success, version: HTTP/1.1)
POST /session/87eceb0d2ff57e1a97eb7724294c1da5/window/maximize HTTP/1.1
User-Agent: selenium/4.8.1 (java windows)
Content-Length: 3
Content-Type: application/json; charset=utf-8
host: localhost:12593
accept: */*

Response DefaultHttpResponse(decodeResult: success, version: HTTP/1.1)
HTTP/1.1 200 OK
Content-Length: 51
Content-Type: application/json; charset=utf-8
cache-control: no-cache

14:26:54.502 [AsyncHttpClient-1-7] DEBUG org.asynchttpclient.netty.channel.ChannelManager - Adding key: http://localhost:12593 for channel [id: 0xeaeee574, L:/127.0.0.1:59085 - R:localhost/127.0.0.1:12593]
14:26:54.511 [Forwarding getAlertText on session 87eceb0d2ff57e1a97eb7724294c1da5 to remote] DEBUG org.asynchttpclient.netty.request.NettyRequestSender - Using pooled Channel '[id: 0xeaeee574, L:/127.0.0.1:59085 - R:localhost/127.0.0.1:12593]' for 'GET' to 'http://localhost:12593/session/87eceb0d2ff57e1a97eb7724294c1da5/alert/text'
14:26:54.512 [Forwarding getAlertText on session 87eceb0d2ff57e1a97eb7724294c1da5 to remote] DEBUG org.asynchttpclient.netty.request.NettyRequestSender - Using open Channel [id: 0xeaeee574, L:/127.0.0.1:59085 - R:localhost/127.0.0.1:12593] for GET '/session/87eceb0d2ff57e1a97eb7724294c1da5/alert/text'
14:26:54.682 [AsyncHttpClient-1-7] DEBUG org.asynchttpclient.netty.handler.HttpHandler - 

Request DefaultFullHttpRequest(decodeResult: success, version: HTTP/1.1, content: EmptyByteBufBE)
GET /session/87eceb0d2ff57e1a97eb7724294c1da5/alert/text HTTP/1.1
User-Agent: selenium/4.8.1 (java windows)
Cache-Control: no-cache
Content-Type: application/json; charset=utf-8
host: localhost:12593
accept: */*

Response DefaultHttpResponse(decodeResult: success, version: HTTP/1.1)
HTTP/1.1 404 Not Found
Content-Length: 821
Content-Type: application/json; charset=utf-8
cache-control: no-cache

14:26:54.683 [AsyncHttpClient-1-7] DEBUG org.asynchttpclient.netty.channel.ChannelManager - Adding key: http://localhost:12593 for channel [id: 0xeaeee574, L:/127.0.0.1:59085 - R:localhost/127.0.0.1:12593]
14:26:54.685 [Forwarding getCurrentUrl on session 87eceb0d2ff57e1a97eb7724294c1da5 to remote] DEBUG org.asynchttpclient.netty.request.NettyRequestSender - Using pooled Channel '[id: 0xeaeee574, L:/127.0.0.1:59085 - R:localhost/127.0.0.1:12593]' for 'GET' to 'http://localhost:12593/session/87eceb0d2ff57e1a97eb7724294c1da5/url'
14:26:54.685 [Forwarding getCurrentUrl on session 87eceb0d2ff57e1a97eb7724294c1da5 to remote] DEBUG org.asynchttpclient.netty.request.NettyRequestSender - Using open Channel [id: 0xeaeee574, L:/127.0.0.1:59085 - R:localhost/127.0.0.1:12593] for GET '/session/87eceb0d2ff57e1a97eb7724294c1da5/url'
14:26:54.722 [AsyncHttpClient-1-1] DEBUG org.asynchttpclient.netty.channel.DefaultChannelPool - Entry count for : http://localhost:59086 : 1
14:26:54.788 [AsyncHttpClient-1-7] DEBUG org.asynchttpclient.netty.handler.HttpHandler - 

Request DefaultFullHttpRequest(decodeResult: success, version: HTTP/1.1, content: EmptyByteBufBE)
GET /session/87eceb0d2ff57e1a97eb7724294c1da5/url HTTP/1.1
User-Agent: selenium/4.8.1 (java windows)
Cache-Control: no-cache
Content-Type: application/json; charset=utf-8
host: localhost:12593
accept: */*

Response DefaultHttpResponse(decodeResult: success, version: HTTP/1.1)
HTTP/1.1 200 OK
Content-Length: 40
Content-Type: application/json; charset=utf-8
cache-control: no-cache

14:26:54.788 [AsyncHttpClient-1-7] DEBUG org.asynchttpclient.netty.channel.ChannelManager - Adding key: http://localhost:12593 for channel [id: 0xeaeee574, L:/127.0.0.1:59085 - R:localhost/127.0.0.1:12593]
14:26:54.789 [Forwarding screenshot on session 87eceb0d2ff57e1a97eb7724294c1da5 to remote] DEBUG org.asynchttpclient.netty.request.NettyRequestSender - Using pooled Channel '[id: 0xeaeee574, L:/127.0.0.1:59085 - R:localhost/127.0.0.1:12593]' for 'GET' to 'http://localhost:12593/session/87eceb0d2ff57e1a97eb7724294c1da5/screenshot'
14:26:54.790 [Forwarding screenshot on session 87eceb0d2ff57e1a97eb7724294c1da5 to remote] DEBUG org.asynchttpclient.netty.request.NettyRequestSender - Using open Channel [id: 0xeaeee574, L:/127.0.0.1:59085 - R:localhost/127.0.0.1:12593] for GET '/session/87eceb0d2ff57e1a97eb7724294c1da5/screenshot'
14:26:55.794 [AsyncHttpClient-1-1] DEBUG org.asynchttpclient.netty.channel.DefaultChannelPool - Entry count for : http://localhost:59086 : 1
14:26:55.794 [AsyncHttpClient-1-7] DEBUG org.asynchttpclient.netty.handler.HttpHandler - 

Request DefaultFullHttpRequest(decodeResult: success, version: HTTP/1.1, content: EmptyByteBufBE)
GET /session/87eceb0d2ff57e1a97eb7724294c1da5/screenshot HTTP/1.1
User-Agent: selenium/4.8.1 (java windows)
Cache-Control: no-cache
Content-Type: application/json; charset=utf-8
host: localhost:12593
accept: */*

Response DefaultHttpResponse(decodeResult: success, version: HTTP/1.1)
HTTP/1.1 200 OK
Content-Length: 2003404
Content-Type: application/json; charset=utf-8
cache-control: no-cache

14:26:55.877 [AsyncHttpClient-1-7] DEBUG org.asynchttpclient.netty.channel.ChannelManager - Adding key: http://localhost:12593 for channel [id: 0xeaeee574, L:/127.0.0.1:59085 - R:localhost/127.0.0.1:12593]
14:26:56.027 [main] DEBUG net.serenitybdd.core.photography.Darkroom - Send negative for processing for target\site\serenity\c401649da90216e8b1b697388b433a291e55a9698b169a24420c9bac72a1146a.png
14:26:56.028 [Darkroom Processing Line] DEBUG net.serenitybdd.core.photography.DarkroomProcessingLine - Processing screenshot image in /var/screenshots/screenshot-7978166551149108196
14:26:56.028 [Darkroom Processing Line] DEBUG net.serenitybdd.core.photography.DarkroomProcessingLine - Saving screenshot to target\site\serenity\c401649da90216e8b1b697388b433a291e55a9698b169a24420c9bac72a1146a.png
14:26:56.044 [Forwarding getPageSource on session 87eceb0d2ff57e1a97eb7724294c1da5 to remote] DEBUG org.asynchttpclient.netty.request.NettyRequestSender - Using pooled Channel '[id: 0xeaeee574, L:/127.0.0.1:59085 - R:localhost/127.0.0.1:12593]' for 'POST' to 'http://localhost:12593/session/87eceb0d2ff57e1a97eb7724294c1da5/execute/sync'
14:26:56.044 [Forwarding getPageSource on session 87eceb0d2ff57e1a97eb7724294c1da5 to remote] DEBUG org.asynchttpclient.netty.request.NettyRequestSender - Using open Channel [id: 0xeaeee574, L:/127.0.0.1:59085 - R:localhost/127.0.0.1:12593] for POST '/session/87eceb0d2ff57e1a97eb7724294c1da5/execute/sync'
14:26:56.087 [AsyncHttpClient-1-7] DEBUG org.asynchttpclient.netty.handler.HttpHandler - 

Request DefaultHttpRequest(decodeResult: success, version: HTTP/1.1)
POST /session/87eceb0d2ff57e1a97eb7724294c1da5/execute/sync HTTP/1.1
User-Agent: selenium/4.8.1 (java windows)
Content-Length: 176
Content-Type: application/json; charset=utf-8
host: localhost:12593
accept: */*

Response DefaultHttpResponse(decodeResult: success, version: HTTP/1.1)
HTTP/1.1 200 OK
Content-Length: 129146
Content-Type: application/json; charset=utf-8
cache-control: no-cache

14:26:56.088 [AsyncHttpClient-1-7] DEBUG org.asynchttpclient.netty.channel.ChannelManager - Adding key: http://localhost:12593 for channel [id: 0xeaeee574, L:/127.0.0.1:59085 - R:localhost/127.0.0.1:12593]
14:26:56.116 [Forwarding getCurrentUrl on session 87eceb0d2ff57e1a97eb7724294c1da5 to remote] DEBUG org.asynchttpclient.netty.request.NettyRequestSender - Using pooled Channel '[id: 0xeaeee574, L:/127.0.0.1:59085 - R:localhost/127.0.0.1:12593]' for 'GET' to 'http://localhost:12593/session/87eceb0d2ff57e1a97eb7724294c1da5/url'
14:26:56.116 [Forwarding getCurrentUrl on session 87eceb0d2ff57e1a97eb7724294c1da5 to remote] DEBUG org.asynchttpclient.netty.request.NettyRequestSender - Using open Channel [id: 0xeaeee574, L:/127.0.0.1:59085 - R:localhost/127.0.0.1:12593] for GET '/session/87eceb0d2ff57e1a97eb7724294c1da5/url'
14:26:56.132 [AsyncHttpClient-1-7] DEBUG org.asynchttpclient.netty.handler.HttpHandler - 

Request DefaultFullHttpRequest(decodeResult: success, version: HTTP/1.1, content: EmptyByteBufBE)
GET /session/87eceb0d2ff57e1a97eb7724294c1da5/url HTTP/1.1
User-Agent: selenium/4.8.1 (java windows)
Cache-Control: no-cache
Content-Type: application/json; charset=utf-8
host: localhost:12593
accept: */*

Response DefaultHttpResponse(decodeResult: success, version: HTTP/1.1)
HTTP/1.1 200 OK
Content-Length: 40
Content-Type: application/json; charset=utf-8
cache-control: no-cache

14:26:56.133 [AsyncHttpClient-1-7] DEBUG org.asynchttpclient.netty.channel.ChannelManager - Adding key: http://localhost:12593 for channel [id: 0xeaeee574, L:/127.0.0.1:59085 - R:localhost/127.0.0.1:12593]
14:26:56.169 [Forwarding getAlertText on session 87eceb0d2ff57e1a97eb7724294c1da5 to remote] DEBUG org.asynchttpclient.netty.request.NettyRequestSender - Using pooled Channel '[id: 0xeaeee574, L:/127.0.0.1:59085 - R:localhost/127.0.0.1:12593]' for 'GET' to 'http://localhost:12593/session/87eceb0d2ff57e1a97eb7724294c1da5/alert/text'
14:26:56.169 [Forwarding getAlertText on session 87eceb0d2ff57e1a97eb7724294c1da5 to remote] DEBUG org.asynchttpclient.netty.request.NettyRequestSender - Using open Channel [id: 0xeaeee574, L:/127.0.0.1:59085 - R:localhost/127.0.0.1:12593] for GET '/session/87eceb0d2ff57e1a97eb7724294c1da5/alert/text'
14:26:56.178 [AsyncHttpClient-1-7] DEBUG org.asynchttpclient.netty.handler.HttpHandler - 

Request DefaultFullHttpRequest(decodeResult: success, version: HTTP/1.1, content: EmptyByteBufBE)
GET /session/87eceb0d2ff57e1a97eb7724294c1da5/alert/text HTTP/1.1
User-Agent: selenium/4.8.1 (java windows)
Cache-Control: no-cache
Content-Type: application/json; charset=utf-8
host: localhost:12593
accept: */*

Response DefaultHttpResponse(decodeResult: success, version: HTTP/1.1)
HTTP/1.1 404 Not Found
Content-Length: 821
Content-Type: application/json; charset=utf-8
cache-control: no-cache

14:26:56.178 [AsyncHttpClient-1-7] DEBUG org.asynchttpclient.netty.channel.ChannelManager - Adding key: http://localhost:12593 for channel [id: 0xeaeee574, L:/127.0.0.1:59085 - R:localhost/127.0.0.1:12593]
14:26:56.179 [Forwarding getCurrentUrl on session 87eceb0d2ff57e1a97eb7724294c1da5 to remote] DEBUG org.asynchttpclient.netty.request.NettyRequestSender - Using pooled Channel '[id: 0xeaeee574, L:/127.0.0.1:59085 - R:localhost/127.0.0.1:12593]' for 'GET' to 'http://localhost:12593/session/87eceb0d2ff57e1a97eb7724294c1da5/url'
14:26:56.179 [Forwarding getCurrentUrl on session 87eceb0d2ff57e1a97eb7724294c1da5 to remote] DEBUG org.asynchttpclient.netty.request.NettyRequestSender - Using open Channel [id: 0xeaeee574, L:/127.0.0.1:59085 - R:localhost/127.0.0.1:12593] for GET '/session/87eceb0d2ff57e1a97eb7724294c1da5/url'
14:26:56.189 [AsyncHttpClient-1-7] DEBUG org.asynchttpclient.netty.handler.HttpHandler - 

Request DefaultFullHttpRequest(decodeResult: success, version: HTTP/1.1, content: EmptyByteBufBE)
GET /session/87eceb0d2ff57e1a97eb7724294c1da5/url HTTP/1.1
User-Agent: selenium/4.8.1 (java windows)
Cache-Control: no-cache
Content-Type: application/json; charset=utf-8
host: localhost:12593
accept: */*

Response DefaultHttpResponse(decodeResult: success, version: HTTP/1.1)
HTTP/1.1 200 OK
Content-Length: 40
Content-Type: application/json; charset=utf-8
cache-control: no-cache

14:26:56.189 [AsyncHttpClient-1-7] DEBUG org.asynchttpclient.netty.channel.ChannelManager - Adding key: http://localhost:12593 for channel [id: 0xeaeee574, L:/127.0.0.1:59085 - R:localhost/127.0.0.1:12593]
14:26:56.190 [Forwarding screenshot on session 87eceb0d2ff57e1a97eb7724294c1da5 to remote] DEBUG org.asynchttpclient.netty.request.NettyRequestSender - Using pooled Channel '[id: 0xeaeee574, L:/127.0.0.1:59085 - R:localhost/127.0.0.1:12593]' for 'GET' to 'http://localhost:12593/session/87eceb0d2ff57e1a97eb7724294c1da5/screenshot'
14:26:56.190 [Forwarding screenshot on session 87eceb0d2ff57e1a97eb7724294c1da5 to remote] DEBUG org.asynchttpclient.netty.request.NettyRequestSender - Using open Channel [id: 0xeaeee574, L:/127.0.0.1:59085 - R:localhost/127.0.0.1:12593] for GET '/session/87eceb0d2ff57e1a97eb7724294c1da5/screenshot'
14:26:56.888 [AsyncHttpClient-1-1] DEBUG org.asynchttpclient.netty.channel.DefaultChannelPool - Entry count for : http://localhost:59086 : 1
14:26:57.360 [AsyncHttpClient-1-7] DEBUG org.asynchttpclient.netty.handler.HttpHandler - 

Request DefaultFullHttpRequest(decodeResult: success, version: HTTP/1.1, content: EmptyByteBufBE)
GET /session/87eceb0d2ff57e1a97eb7724294c1da5/screenshot HTTP/1.1
User-Agent: selenium/4.8.1 (java windows)
Cache-Control: no-cache
Content-Type: application/json; charset=utf-8
host: localhost:12593
accept: */*

Response DefaultHttpResponse(decodeResult: success, version: HTTP/1.1)
HTTP/1.1 200 OK
Content-Length: 2003404
Content-Type: application/json; charset=utf-8
cache-control: no-cache

14:26:57.366 [AsyncHttpClient-1-7] DEBUG org.asynchttpclient.netty.channel.ChannelManager - Adding key: http://localhost:12593 for channel [id: 0xeaeee574, L:/127.0.0.1:59085 - R:localhost/127.0.0.1:12593]
14:26:57.487 [main] DEBUG net.serenitybdd.core.photography.Darkroom - Send negative for processing for target\site\serenity\c401649da90216e8b1b697388b433a291e55a9698b169a24420c9bac72a1146a.png
14:26:57.489 [Forwarding getPageSource on session 87eceb0d2ff57e1a97eb7724294c1da5 to remote] DEBUG org.asynchttpclient.netty.request.NettyRequestSender - Using pooled Channel '[id: 0xeaeee574, L:/127.0.0.1:59085 - R:localhost/127.0.0.1:12593]' for 'POST' to 'http://localhost:12593/session/87eceb0d2ff57e1a97eb7724294c1da5/execute/sync'
14:26:57.489 [Forwarding getPageSource on session 87eceb0d2ff57e1a97eb7724294c1da5 to remote] DEBUG org.asynchttpclient.netty.request.NettyRequestSender - Using open Channel [id: 0xeaeee574, L:/127.0.0.1:59085 - R:localhost/127.0.0.1:12593] for POST '/session/87eceb0d2ff57e1a97eb7724294c1da5/execute/sync'
14:26:57.524 [AsyncHttpClient-1-7] DEBUG org.asynchttpclient.netty.handler.HttpHandler - 

Request DefaultHttpRequest(decodeResult: success, version: HTTP/1.1)
POST /session/87eceb0d2ff57e1a97eb7724294c1da5/execute/sync HTTP/1.1
User-Agent: selenium/4.8.1 (java windows)
Content-Length: 176
Content-Type: application/json; charset=utf-8
host: localhost:12593
accept: */*

Response DefaultHttpResponse(decodeResult: success, version: HTTP/1.1)
HTTP/1.1 200 OK
Content-Length: 129146
Content-Type: application/json; charset=utf-8
cache-control: no-cache

14:26:57.524 [AsyncHttpClient-1-7] DEBUG org.asynchttpclient.netty.channel.ChannelManager - Adding key: http://localhost:12593 for channel [id: 0xeaeee574, L:/127.0.0.1:59085 - R:localhost/127.0.0.1:12593]
14:26:57.543 [Forwarding getCurrentUrl on session 87eceb0d2ff57e1a97eb7724294c1da5 to remote] DEBUG org.asynchttpclient.netty.request.NettyRequestSender - Using pooled Channel '[id: 0xeaeee574, L:/127.0.0.1:59085 - R:localhost/127.0.0.1:12593]' for 'GET' to 'http://localhost:12593/session/87eceb0d2ff57e1a97eb7724294c1da5/url'
14:26:57.543 [Forwarding getCurrentUrl on session 87eceb0d2ff57e1a97eb7724294c1da5 to remote] DEBUG org.asynchttpclient.netty.request.NettyRequestSender - Using open Channel [id: 0xeaeee574, L:/127.0.0.1:59085 - R:localhost/127.0.0.1:12593] for GET '/session/87eceb0d2ff57e1a97eb7724294c1da5/url'
14:26:57.554 [AsyncHttpClient-1-7] DEBUG org.asynchttpclient.netty.handler.HttpHandler - 

Request DefaultFullHttpRequest(decodeResult: success, version: HTTP/1.1, content: EmptyByteBufBE)
GET /session/87eceb0d2ff57e1a97eb7724294c1da5/url HTTP/1.1
User-Agent: selenium/4.8.1 (java windows)
Cache-Control: no-cache
Content-Type: application/json; charset=utf-8
host: localhost:12593
accept: */*

Response DefaultHttpResponse(decodeResult: success, version: HTTP/1.1)
HTTP/1.1 200 OK
Content-Length: 40
Content-Type: application/json; charset=utf-8
cache-control: no-cache

14:26:57.555 [AsyncHttpClient-1-7] DEBUG org.asynchttpclient.netty.channel.ChannelManager - Adding key: http://localhost:12593 for channel [id: 0xeaeee574, L:/127.0.0.1:59085 - R:localhost/127.0.0.1:12593]
14:26:57.557 [main] DEBUG net.thucydides.core.steps.StepInterceptor - STARTING STEP: Afrexim_OurBank_Aboutus_Steps.to_click_the_our_bank_option - To_click_the_Our_Bank_Option
14:26:57.564 [Forwarding findElement on session 87eceb0d2ff57e1a97eb7724294c1da5 to remote] DEBUG org.asynchttpclient.netty.request.NettyRequestSender - Using pooled Channel '[id: 0xeaeee574, L:/127.0.0.1:59085 - R:localhost/127.0.0.1:12593]' for 'POST' to 'http://localhost:12593/session/87eceb0d2ff57e1a97eb7724294c1da5/element'
14:26:57.564 [Forwarding findElement on session 87eceb0d2ff57e1a97eb7724294c1da5 to remote] DEBUG org.asynchttpclient.netty.request.NettyRequestSender - Using open Channel [id: 0xeaeee574, L:/127.0.0.1:59085 - R:localhost/127.0.0.1:12593] for POST '/session/87eceb0d2ff57e1a97eb7724294c1da5/element'
14:26:57.588 [AsyncHttpClient-1-7] DEBUG org.asynchttpclient.netty.handler.HttpHandler - 

Request DefaultHttpRequest(decodeResult: success, version: HTTP/1.1)
POST /session/87eceb0d2ff57e1a97eb7724294c1da5/element HTTP/1.1
User-Agent: selenium/4.8.1 (java windows)
Content-Length: 77
Content-Type: application/json; charset=utf-8
host: localhost:12593
accept: */*

Response DefaultHttpResponse(decodeResult: success, version: HTTP/1.1)
HTTP/1.1 200 OK
Content-Length: 95
Content-Type: application/json; charset=utf-8
cache-control: no-cache

14:26:57.588 [AsyncHttpClient-1-7] DEBUG org.asynchttpclient.netty.channel.ChannelManager - Adding key: http://localhost:12593 for channel [id: 0xeaeee574, L:/127.0.0.1:59085 - R:localhost/127.0.0.1:12593]
14:26:57.592 [Forwarding getElementTagName on session 87eceb0d2ff57e1a97eb7724294c1da5 to remote] DEBUG org.asynchttpclient.netty.request.NettyRequestSender - Using pooled Channel '[id: 0xeaeee574, L:/127.0.0.1:59085 - R:localhost/127.0.0.1:12593]' for 'GET' to 'http://localhost:12593/session/87eceb0d2ff57e1a97eb7724294c1da5/element/A25F7565D1218FF7E757463A8A070CFC_element_44/name'
14:26:57.592 [Forwarding getElementTagName on session 87eceb0d2ff57e1a97eb7724294c1da5 to remote] DEBUG org.asynchttpclient.netty.request.NettyRequestSender - Using open Channel [id: 0xeaeee574, L:/127.0.0.1:59085 - R:localhost/127.0.0.1:12593] for GET '/session/87eceb0d2ff57e1a97eb7724294c1da5/element/A25F7565D1218FF7E757463A8A070CFC_element_44/name'
14:26:57.602 [AsyncHttpClient-1-7] DEBUG org.asynchttpclient.netty.handler.HttpHandler - 

Request DefaultFullHttpRequest(decodeResult: success, version: HTTP/1.1, content: EmptyByteBufBE)
GET /session/87eceb0d2ff57e1a97eb7724294c1da5/element/A25F7565D1218FF7E757463A8A070CFC_element_44/name HTTP/1.1
User-Agent: selenium/4.8.1 (java windows)
Cache-Control: no-cache
Content-Type: application/json; charset=utf-8
host: localhost:12593
accept: */*

Response DefaultHttpResponse(decodeResult: success, version: HTTP/1.1)
HTTP/1.1 200 OK
Content-Length: 16
Content-Type: application/json; charset=utf-8
cache-control: no-cache

14:26:57.602 [AsyncHttpClient-1-7] DEBUG org.asynchttpclient.netty.channel.ChannelManager - Adding key: http://localhost:12593 for channel [id: 0xeaeee574, L:/127.0.0.1:59085 - R:localhost/127.0.0.1:12593]
14:26:57.604 [Forwarding getElementTagName on session 87eceb0d2ff57e1a97eb7724294c1da5 to remote] DEBUG org.asynchttpclient.netty.request.NettyRequestSender - Using pooled Channel '[id: 0xeaeee574, L:/127.0.0.1:59085 - R:localhost/127.0.0.1:12593]' for 'GET' to 'http://localhost:12593/session/87eceb0d2ff57e1a97eb7724294c1da5/element/A25F7565D1218FF7E757463A8A070CFC_element_44/name'
14:26:57.604 [Forwarding getElementTagName on session 87eceb0d2ff57e1a97eb7724294c1da5 to remote] DEBUG org.asynchttpclient.netty.request.NettyRequestSender - Using open Channel [id: 0xeaeee574, L:/127.0.0.1:59085 - R:localhost/127.0.0.1:12593] for GET '/session/87eceb0d2ff57e1a97eb7724294c1da5/element/A25F7565D1218FF7E757463A8A070CFC_element_44/name'
14:26:57.613 [AsyncHttpClient-1-7] DEBUG org.asynchttpclient.netty.handler.HttpHandler - 

Request DefaultFullHttpRequest(decodeResult: success, version: HTTP/1.1, content: EmptyByteBufBE)
GET /session/87eceb0d2ff57e1a97eb7724294c1da5/element/A25F7565D1218FF7E757463A8A070CFC_element_44/name HTTP/1.1
User-Agent: selenium/4.8.1 (java windows)
Cache-Control: no-cache
Content-Type: application/json; charset=utf-8
host: localhost:12593
accept: */*

Response DefaultHttpResponse(decodeResult: success, version: HTTP/1.1)
HTTP/1.1 200 OK
Content-Length: 16
Content-Type: application/json; charset=utf-8
cache-control: no-cache

14:26:57.613 [AsyncHttpClient-1-7] DEBUG org.asynchttpclient.netty.channel.ChannelManager - Adding key: http://localhost:12593 for channel [id: 0xeaeee574, L:/127.0.0.1:59085 - R:localhost/127.0.0.1:12593]
14:26:57.616 [Forwarding findElement on session 87eceb0d2ff57e1a97eb7724294c1da5 to remote] DEBUG org.asynchttpclient.netty.request.NettyRequestSender - Using pooled Channel '[id: 0xeaeee574, L:/127.0.0.1:59085 - R:localhost/127.0.0.1:12593]' for 'POST' to 'http://localhost:12593/session/87eceb0d2ff57e1a97eb7724294c1da5/element'
14:26:57.616 [Forwarding findElement on session 87eceb0d2ff57e1a97eb7724294c1da5 to remote] DEBUG org.asynchttpclient.netty.request.NettyRequestSender - Using open Channel [id: 0xeaeee574, L:/127.0.0.1:59085 - R:localhost/127.0.0.1:12593] for POST '/session/87eceb0d2ff57e1a97eb7724294c1da5/element'
14:26:57.629 [AsyncHttpClient-1-7] DEBUG org.asynchttpclient.netty.handler.HttpHandler - 

Request DefaultHttpRequest(decodeResult: success, version: HTTP/1.1)
POST /session/87eceb0d2ff57e1a97eb7724294c1da5/element HTTP/1.1
User-Agent: selenium/4.8.1 (java windows)
Content-Length: 77
Content-Type: application/json; charset=utf-8
host: localhost:12593
accept: */*

Response DefaultHttpResponse(decodeResult: success, version: HTTP/1.1)
HTTP/1.1 200 OK
Content-Length: 95
Content-Type: application/json; charset=utf-8
cache-control: no-cache

14:26:57.629 [AsyncHttpClient-1-7] DEBUG org.asynchttpclient.netty.channel.ChannelManager - Adding key: http://localhost:12593 for channel [id: 0xeaeee574, L:/127.0.0.1:59085 - R:localhost/127.0.0.1:12593]
14:26:57.630 [Forwarding clickElement on session 87eceb0d2ff57e1a97eb7724294c1da5 to remote] DEBUG org.asynchttpclient.netty.request.NettyRequestSender - Using pooled Channel '[id: 0xeaeee574, L:/127.0.0.1:59085 - R:localhost/127.0.0.1:12593]' for 'POST' to 'http://localhost:12593/session/87eceb0d2ff57e1a97eb7724294c1da5/element/A25F7565D1218FF7E757463A8A070CFC_element_44/click'
14:26:57.630 [Forwarding clickElement on session 87eceb0d2ff57e1a97eb7724294c1da5 to remote] DEBUG org.asynchttpclient.netty.request.NettyRequestSender - Using open Channel [id: 0xeaeee574, L:/127.0.0.1:59085 - R:localhost/127.0.0.1:12593] for POST '/session/87eceb0d2ff57e1a97eb7724294c1da5/element/A25F7565D1218FF7E757463A8A070CFC_element_44/click'
14:26:57.767 [AsyncHttpClient-1-7] DEBUG org.asynchttpclient.netty.handler.HttpHandler - 

Request DefaultHttpRequest(decodeResult: success, version: HTTP/1.1)
POST /session/87eceb0d2ff57e1a97eb7724294c1da5/element/A25F7565D1218FF7E757463A8A070CFC_element_44/click HTTP/1.1
User-Agent: selenium/4.8.1 (java windows)
Content-Length: 57
Content-Type: application/json; charset=utf-8
host: localhost:12593
accept: */*

Response DefaultHttpResponse(decodeResult: success, version: HTTP/1.1)
HTTP/1.1 200 OK
Content-Length: 14
Content-Type: application/json; charset=utf-8
cache-control: no-cache

14:26:57.767 [AsyncHttpClient-1-7] DEBUG org.asynchttpclient.netty.channel.ChannelManager - Adding key: http://localhost:12593 for channel [id: 0xeaeee574, L:/127.0.0.1:59085 - R:localhost/127.0.0.1:12593]
14:26:57.786 [Forwarding getAlertText on session 87eceb0d2ff57e1a97eb7724294c1da5 to remote] DEBUG org.asynchttpclient.netty.request.NettyRequestSender - Using pooled Channel '[id: 0xeaeee574, L:/127.0.0.1:59085 - R:localhost/127.0.0.1:12593]' for 'GET' to 'http://localhost:12593/session/87eceb0d2ff57e1a97eb7724294c1da5/alert/text'
14:26:57.786 [Forwarding getAlertText on session 87eceb0d2ff57e1a97eb7724294c1da5 to remote] DEBUG org.asynchttpclient.netty.request.NettyRequestSender - Using open Channel [id: 0xeaeee574, L:/127.0.0.1:59085 - R:localhost/127.0.0.1:12593] for GET '/session/87eceb0d2ff57e1a97eb7724294c1da5/alert/text'
14:26:57.789 [AsyncHttpClient-1-7] DEBUG org.asynchttpclient.netty.handler.HttpHandler - 

Request DefaultFullHttpRequest(decodeResult: success, version: HTTP/1.1, content: EmptyByteBufBE)
GET /session/87eceb0d2ff57e1a97eb7724294c1da5/alert/text HTTP/1.1
User-Agent: selenium/4.8.1 (java windows)
Cache-Control: no-cache
Content-Type: application/json; charset=utf-8
host: localhost:12593
accept: */*

Response DefaultHttpResponse(decodeResult: success, version: HTTP/1.1)
HTTP/1.1 404 Not Found
Content-Length: 821
Content-Type: application/json; charset=utf-8
cache-control: no-cache

14:26:57.790 [AsyncHttpClient-1-7] DEBUG org.asynchttpclient.netty.channel.ChannelManager - Adding key: http://localhost:12593 for channel [id: 0xeaeee574, L:/127.0.0.1:59085 - R:localhost/127.0.0.1:12593]
14:26:57.791 [Forwarding getCurrentUrl on session 87eceb0d2ff57e1a97eb7724294c1da5 to remote] DEBUG org.asynchttpclient.netty.request.NettyRequestSender - Using pooled Channel '[id: 0xeaeee574, L:/127.0.0.1:59085 - R:localhost/127.0.0.1:12593]' for 'GET' to 'http://localhost:12593/session/87eceb0d2ff57e1a97eb7724294c1da5/url'
14:26:57.791 [Forwarding getCurrentUrl on session 87eceb0d2ff57e1a97eb7724294c1da5 to remote] DEBUG org.asynchttpclient.netty.request.NettyRequestSender - Using open Channel [id: 0xeaeee574, L:/127.0.0.1:59085 - R:localhost/127.0.0.1:12593] for GET '/session/87eceb0d2ff57e1a97eb7724294c1da5/url'
14:26:57.799 [AsyncHttpClient-1-7] DEBUG org.asynchttpclient.netty.handler.HttpHandler - 

Request DefaultFullHttpRequest(decodeResult: success, version: HTTP/1.1, content: EmptyByteBufBE)
GET /session/87eceb0d2ff57e1a97eb7724294c1da5/url HTTP/1.1
User-Agent: selenium/4.8.1 (java windows)
Cache-Control: no-cache
Content-Type: application/json; charset=utf-8
host: localhost:12593
accept: */*

Response DefaultHttpResponse(decodeResult: success, version: HTTP/1.1)
HTTP/1.1 200 OK
Content-Length: 40
Content-Type: application/json; charset=utf-8
cache-control: no-cache

14:26:57.799 [AsyncHttpClient-1-7] DEBUG org.asynchttpclient.netty.channel.ChannelManager - Adding key: http://localhost:12593 for channel [id: 0xeaeee574, L:/127.0.0.1:59085 - R:localhost/127.0.0.1:12593]
14:26:57.800 [Forwarding screenshot on session 87eceb0d2ff57e1a97eb7724294c1da5 to remote] DEBUG org.asynchttpclient.netty.request.NettyRequestSender - Using pooled Channel '[id: 0xeaeee574, L:/127.0.0.1:59085 - R:localhost/127.0.0.1:12593]' for 'GET' to 'http://localhost:12593/session/87eceb0d2ff57e1a97eb7724294c1da5/screenshot'
14:26:57.801 [Forwarding screenshot on session 87eceb0d2ff57e1a97eb7724294c1da5 to remote] DEBUG org.asynchttpclient.netty.request.NettyRequestSender - Using open Channel [id: 0xeaeee574, L:/127.0.0.1:59085 - R:localhost/127.0.0.1:12593] for GET '/session/87eceb0d2ff57e1a97eb7724294c1da5/screenshot'
14:26:58.001 [AsyncHttpClient-1-1] DEBUG org.asynchttpclient.netty.channel.DefaultChannelPool - Entry count for : http://localhost:59086 : 1
14:26:59.092 [AsyncHttpClient-1-1] DEBUG org.asynchttpclient.netty.channel.DefaultChannelPool - Entry count for : http://localhost:59086 : 1
14:26:59.339 [AsyncHttpClient-1-7] DEBUG org.asynchttpclient.netty.handler.HttpHandler - 

Request DefaultFullHttpRequest(decodeResult: success, version: HTTP/1.1, content: EmptyByteBufBE)
GET /session/87eceb0d2ff57e1a97eb7724294c1da5/screenshot HTTP/1.1
User-Agent: selenium/4.8.1 (java windows)
Cache-Control: no-cache
Content-Type: application/json; charset=utf-8
host: localhost:12593
accept: */*

Response DefaultHttpResponse(decodeResult: success, version: HTTP/1.1)
HTTP/1.1 200 OK
Content-Length: 2001364
Content-Type: application/json; charset=utf-8
cache-control: no-cache

14:26:59.348 [AsyncHttpClient-1-7] DEBUG org.asynchttpclient.netty.channel.ChannelManager - Adding key: http://localhost:12593 for channel [id: 0xeaeee574, L:/127.0.0.1:59085 - R:localhost/127.0.0.1:12593]
14:26:59.510 [main] DEBUG net.serenitybdd.core.photography.Darkroom - Send negative for processing for target\site\serenity\3bc33ad44d0409addfac4f8242959dcefb4362ff8b4b9974b90aca9415240f08.png
14:26:59.510 [main] DEBUG net.thucydides.core.steps.StepInterceptor - STEP DONE: To_click_the_Our_Bank_Option
14:26:59.511 [Darkroom Processing Line] DEBUG net.serenitybdd.core.photography.DarkroomProcessingLine - Processing screenshot image in /var/screenshots/screenshot-7185206024159121937
14:26:59.511 [Darkroom Processing Line] DEBUG net.serenitybdd.core.photography.DarkroomProcessingLine - Saving screenshot to target\site\serenity\3bc33ad44d0409addfac4f8242959dcefb4362ff8b4b9974b90aca9415240f08.png
14:26:59.527 [Forwarding getPageSource on session 87eceb0d2ff57e1a97eb7724294c1da5 to remote] DEBUG org.asynchttpclient.netty.request.NettyRequestSender - Using pooled Channel '[id: 0xeaeee574, L:/127.0.0.1:59085 - R:localhost/127.0.0.1:12593]' for 'POST' to 'http://localhost:12593/session/87eceb0d2ff57e1a97eb7724294c1da5/execute/sync'
14:26:59.528 [Forwarding getPageSource on session 87eceb0d2ff57e1a97eb7724294c1da5 to remote] DEBUG org.asynchttpclient.netty.request.NettyRequestSender - Using open Channel [id: 0xeaeee574, L:/127.0.0.1:59085 - R:localhost/127.0.0.1:12593] for POST '/session/87eceb0d2ff57e1a97eb7724294c1da5/execute/sync'
14:26:59.561 [AsyncHttpClient-1-7] DEBUG org.asynchttpclient.netty.handler.HttpHandler - 

Request DefaultHttpRequest(decodeResult: success, version: HTTP/1.1)
POST /session/87eceb0d2ff57e1a97eb7724294c1da5/execute/sync HTTP/1.1
User-Agent: selenium/4.8.1 (java windows)
Content-Length: 176
Content-Type: application/json; charset=utf-8
host: localhost:12593
accept: */*

Response DefaultHttpResponse(decodeResult: success, version: HTTP/1.1)
HTTP/1.1 200 OK
Content-Length: 129216
Content-Type: application/json; charset=utf-8
cache-control: no-cache

14:26:59.561 [AsyncHttpClient-1-7] DEBUG org.asynchttpclient.netty.channel.ChannelManager - Adding key: http://localhost:12593 for channel [id: 0xeaeee574, L:/127.0.0.1:59085 - R:localhost/127.0.0.1:12593]
14:26:59.582 [Forwarding getCurrentUrl on session 87eceb0d2ff57e1a97eb7724294c1da5 to remote] DEBUG org.asynchttpclient.netty.request.NettyRequestSender - Using pooled Channel '[id: 0xeaeee574, L:/127.0.0.1:59085 - R:localhost/127.0.0.1:12593]' for 'GET' to 'http://localhost:12593/session/87eceb0d2ff57e1a97eb7724294c1da5/url'
14:26:59.582 [Forwarding getCurrentUrl on session 87eceb0d2ff57e1a97eb7724294c1da5 to remote] DEBUG org.asynchttpclient.netty.request.NettyRequestSender - Using open Channel [id: 0xeaeee574, L:/127.0.0.1:59085 - R:localhost/127.0.0.1:12593] for GET '/session/87eceb0d2ff57e1a97eb7724294c1da5/url'
14:26:59.596 [AsyncHttpClient-1-7] DEBUG org.asynchttpclient.netty.handler.HttpHandler - 

Request DefaultFullHttpRequest(decodeResult: success, version: HTTP/1.1, content: EmptyByteBufBE)
GET /session/87eceb0d2ff57e1a97eb7724294c1da5/url HTTP/1.1
User-Agent: selenium/4.8.1 (java windows)
Cache-Control: no-cache
Content-Type: application/json; charset=utf-8
host: localhost:12593
accept: */*

Response DefaultHttpResponse(decodeResult: success, version: HTTP/1.1)
HTTP/1.1 200 OK
Content-Length: 40
Content-Type: application/json; charset=utf-8
cache-control: no-cache

14:26:59.596 [AsyncHttpClient-1-7] DEBUG org.asynchttpclient.netty.channel.ChannelManager - Adding key: http://localhost:12593 for channel [id: 0xeaeee574, L:/127.0.0.1:59085 - R:localhost/127.0.0.1:12593]
14:26:59.644 [Forwarding getAlertText on session 87eceb0d2ff57e1a97eb7724294c1da5 to remote] DEBUG org.asynchttpclient.netty.request.NettyRequestSender - Using pooled Channel '[id: 0xeaeee574, L:/127.0.0.1:59085 - R:localhost/127.0.0.1:12593]' for 'GET' to 'http://localhost:12593/session/87eceb0d2ff57e1a97eb7724294c1da5/alert/text'
14:26:59.644 [Forwarding getAlertText on session 87eceb0d2ff57e1a97eb7724294c1da5 to remote] DEBUG org.asynchttpclient.netty.request.NettyRequestSender - Using open Channel [id: 0xeaeee574, L:/127.0.0.1:59085 - R:localhost/127.0.0.1:12593] for GET '/session/87eceb0d2ff57e1a97eb7724294c1da5/alert/text'
14:26:59.647 [AsyncHttpClient-1-7] DEBUG org.asynchttpclient.netty.handler.HttpHandler - 

Request DefaultFullHttpRequest(decodeResult: success, version: HTTP/1.1, content: EmptyByteBufBE)
GET /session/87eceb0d2ff57e1a97eb7724294c1da5/alert/text HTTP/1.1
User-Agent: selenium/4.8.1 (java windows)
Cache-Control: no-cache
Content-Type: application/json; charset=utf-8
host: localhost:12593
accept: */*

Response DefaultHttpResponse(decodeResult: success, version: HTTP/1.1)
HTTP/1.1 404 Not Found
Content-Length: 821
Content-Type: application/json; charset=utf-8
cache-control: no-cache

14:26:59.648 [AsyncHttpClient-1-7] DEBUG org.asynchttpclient.netty.channel.ChannelManager - Adding key: http://localhost:12593 for channel [id: 0xeaeee574, L:/127.0.0.1:59085 - R:localhost/127.0.0.1:12593]
14:26:59.651 [Forwarding getCurrentUrl on session 87eceb0d2ff57e1a97eb7724294c1da5 to remote] DEBUG org.asynchttpclient.netty.request.NettyRequestSender - Using pooled Channel '[id: 0xeaeee574, L:/127.0.0.1:59085 - R:localhost/127.0.0.1:12593]' for 'GET' to 'http://localhost:12593/session/87eceb0d2ff57e1a97eb7724294c1da5/url'
14:26:59.651 [Forwarding getCurrentUrl on session 87eceb0d2ff57e1a97eb7724294c1da5 to remote] DEBUG org.asynchttpclient.netty.request.NettyRequestSender - Using open Channel [id: 0xeaeee574, L:/127.0.0.1:59085 - R:localhost/127.0.0.1:12593] for GET '/session/87eceb0d2ff57e1a97eb7724294c1da5/url'
14:26:59.672 [AsyncHttpClient-1-7] DEBUG org.asynchttpclient.netty.handler.HttpHandler - 

Request DefaultFullHttpRequest(decodeResult: success, version: HTTP/1.1, content: EmptyByteBufBE)
GET /session/87eceb0d2ff57e1a97eb7724294c1da5/url HTTP/1.1
User-Agent: selenium/4.8.1 (java windows)
Cache-Control: no-cache
Content-Type: application/json; charset=utf-8
host: localhost:12593
accept: */*

Response DefaultHttpResponse(decodeResult: success, version: HTTP/1.1)
HTTP/1.1 200 OK
Content-Length: 40
Content-Type: application/json; charset=utf-8
cache-control: no-cache

14:26:59.673 [AsyncHttpClient-1-7] DEBUG org.asynchttpclient.netty.channel.ChannelManager - Adding key: http://localhost:12593 for channel [id: 0xeaeee574, L:/127.0.0.1:59085 - R:localhost/127.0.0.1:12593]
14:26:59.674 [Forwarding screenshot on session 87eceb0d2ff57e1a97eb7724294c1da5 to remote] DEBUG org.asynchttpclient.netty.request.NettyRequestSender - Using pooled Channel '[id: 0xeaeee574, L:/127.0.0.1:59085 - R:localhost/127.0.0.1:12593]' for 'GET' to 'http://localhost:12593/session/87eceb0d2ff57e1a97eb7724294c1da5/screenshot'
14:26:59.674 [Forwarding screenshot on session 87eceb0d2ff57e1a97eb7724294c1da5 to remote] DEBUG org.asynchttpclient.netty.request.NettyRequestSender - Using open Channel [id: 0xeaeee574, L:/127.0.0.1:59085 - R:localhost/127.0.0.1:12593] for GET '/session/87eceb0d2ff57e1a97eb7724294c1da5/screenshot'
14:27:00.187 [AsyncHttpClient-1-1] DEBUG org.asynchttpclient.netty.channel.DefaultChannelPool - Entry count for : http://localhost:59086 : 1
14:27:01.288 [AsyncHttpClient-1-1] DEBUG org.asynchttpclient.netty.channel.DefaultChannelPool - Entry count for : http://localhost:59086 : 1
14:27:01.375 [AsyncHttpClient-1-7] DEBUG org.asynchttpclient.netty.handler.HttpHandler - 

Request DefaultFullHttpRequest(decodeResult: success, version: HTTP/1.1, content: EmptyByteBufBE)
GET /session/87eceb0d2ff57e1a97eb7724294c1da5/screenshot HTTP/1.1
User-Agent: selenium/4.8.1 (java windows)
Cache-Control: no-cache
Content-Type: application/json; charset=utf-8
host: localhost:12593
accept: */*

Response DefaultHttpResponse(decodeResult: success, version: HTTP/1.1)
HTTP/1.1 200 OK
Content-Length: 2533324
Content-Type: application/json; charset=utf-8
cache-control: no-cache

14:27:01.385 [AsyncHttpClient-1-7] DEBUG org.asynchttpclient.netty.channel.ChannelManager - Adding key: http://localhost:12593 for channel [id: 0xeaeee574, L:/127.0.0.1:59085 - R:localhost/127.0.0.1:12593]
14:27:01.529 [main] DEBUG net.serenitybdd.core.photography.Darkroom - Send negative for processing for target\site\serenity\a11b873305d73e16580c9ba13b39642da354f327108eeb92a71930857309394e.png
14:27:01.533 [Forwarding getPageSource on session 87eceb0d2ff57e1a97eb7724294c1da5 to remote] DEBUG org.asynchttpclient.netty.request.NettyRequestSender - Using pooled Channel '[id: 0xeaeee574, L:/127.0.0.1:59085 - R:localhost/127.0.0.1:12593]' for 'POST' to 'http://localhost:12593/session/87eceb0d2ff57e1a97eb7724294c1da5/execute/sync'
14:27:01.533 [Forwarding getPageSource on session 87eceb0d2ff57e1a97eb7724294c1da5 to remote] DEBUG org.asynchttpclient.netty.request.NettyRequestSender - Using open Channel [id: 0xeaeee574, L:/127.0.0.1:59085 - R:localhost/127.0.0.1:12593] for POST '/session/87eceb0d2ff57e1a97eb7724294c1da5/execute/sync'
14:27:01.563 [AsyncHttpClient-1-7] DEBUG org.asynchttpclient.netty.handler.HttpHandler - 

Request DefaultHttpRequest(decodeResult: success, version: HTTP/1.1)
POST /session/87eceb0d2ff57e1a97eb7724294c1da5/execute/sync HTTP/1.1
User-Agent: selenium/4.8.1 (java windows)
Content-Length: 176
Content-Type: application/json; charset=utf-8
host: localhost:12593
accept: */*

Response DefaultHttpResponse(decodeResult: success, version: HTTP/1.1)
HTTP/1.1 200 OK
Content-Length: 129216
Content-Type: application/json; charset=utf-8
cache-control: no-cache

14:27:01.564 [AsyncHttpClient-1-7] DEBUG org.asynchttpclient.netty.channel.ChannelManager - Adding key: http://localhost:12593 for channel [id: 0xeaeee574, L:/127.0.0.1:59085 - R:localhost/127.0.0.1:12593]
14:27:01.584 [Forwarding getCurrentUrl on session 87eceb0d2ff57e1a97eb7724294c1da5 to remote] DEBUG org.asynchttpclient.netty.request.NettyRequestSender - Using pooled Channel '[id: 0xeaeee574, L:/127.0.0.1:59085 - R:localhost/127.0.0.1:12593]' for 'GET' to 'http://localhost:12593/session/87eceb0d2ff57e1a97eb7724294c1da5/url'
14:27:01.584 [Forwarding getCurrentUrl on session 87eceb0d2ff57e1a97eb7724294c1da5 to remote] DEBUG org.asynchttpclient.netty.request.NettyRequestSender - Using open Channel [id: 0xeaeee574, L:/127.0.0.1:59085 - R:localhost/127.0.0.1:12593] for GET '/session/87eceb0d2ff57e1a97eb7724294c1da5/url'
14:27:01.592 [AsyncHttpClient-1-7] DEBUG org.asynchttpclient.netty.handler.HttpHandler - 

Request DefaultFullHttpRequest(decodeResult: success, version: HTTP/1.1, content: EmptyByteBufBE)
GET /session/87eceb0d2ff57e1a97eb7724294c1da5/url HTTP/1.1
User-Agent: selenium/4.8.1 (java windows)
Cache-Control: no-cache
Content-Type: application/json; charset=utf-8
host: localhost:12593
accept: */*

Response DefaultHttpResponse(decodeResult: success, version: HTTP/1.1)
HTTP/1.1 200 OK
Content-Length: 40
Content-Type: application/json; charset=utf-8
cache-control: no-cache

14:27:01.592 [AsyncHttpClient-1-7] DEBUG org.asynchttpclient.netty.channel.ChannelManager - Adding key: http://localhost:12593 for channel [id: 0xeaeee574, L:/127.0.0.1:59085 - R:localhost/127.0.0.1:12593]
14:27:01.596 [main] DEBUG net.thucydides.core.steps.StepInterceptor - STARTING STEP: Afrexim_OurBank_Contactus_steps.click_contact_us_page - Click_Contactus_page
14:27:01.601 [Forwarding findElement on session 87eceb0d2ff57e1a97eb7724294c1da5 to remote] DEBUG org.asynchttpclient.netty.request.NettyRequestSender - Using pooled Channel '[id: 0xeaeee574, L:/127.0.0.1:59085 - R:localhost/127.0.0.1:12593]' for 'POST' to 'http://localhost:12593/session/87eceb0d2ff57e1a97eb7724294c1da5/element'
14:27:01.601 [Forwarding findElement on session 87eceb0d2ff57e1a97eb7724294c1da5 to remote] DEBUG org.asynchttpclient.netty.request.NettyRequestSender - Using open Channel [id: 0xeaeee574, L:/127.0.0.1:59085 - R:localhost/127.0.0.1:12593] for POST '/session/87eceb0d2ff57e1a97eb7724294c1da5/element'
14:27:01.624 [AsyncHttpClient-1-7] DEBUG org.asynchttpclient.netty.handler.HttpHandler - 

Request DefaultHttpRequest(decodeResult: success, version: HTTP/1.1)
POST /session/87eceb0d2ff57e1a97eb7724294c1da5/element HTTP/1.1
User-Agent: selenium/4.8.1 (java windows)
Content-Length: 76
Content-Type: application/json; charset=utf-8
host: localhost:12593
accept: */*

Response DefaultHttpResponse(decodeResult: success, version: HTTP/1.1)
HTTP/1.1 200 OK
Content-Length: 95
Content-Type: application/json; charset=utf-8
cache-control: no-cache

14:27:01.625 [AsyncHttpClient-1-7] DEBUG org.asynchttpclient.netty.channel.ChannelManager - Adding key: http://localhost:12593 for channel [id: 0xeaeee574, L:/127.0.0.1:59085 - R:localhost/127.0.0.1:12593]
14:27:01.627 [Forwarding getElementTagName on session 87eceb0d2ff57e1a97eb7724294c1da5 to remote] DEBUG org.asynchttpclient.netty.request.NettyRequestSender - Using pooled Channel '[id: 0xeaeee574, L:/127.0.0.1:59085 - R:localhost/127.0.0.1:12593]' for 'GET' to 'http://localhost:12593/session/87eceb0d2ff57e1a97eb7724294c1da5/element/A25F7565D1218FF7E757463A8A070CFC_element_46/name'
14:27:01.627 [Forwarding getElementTagName on session 87eceb0d2ff57e1a97eb7724294c1da5 to remote] DEBUG org.asynchttpclient.netty.request.NettyRequestSender - Using open Channel [id: 0xeaeee574, L:/127.0.0.1:59085 - R:localhost/127.0.0.1:12593] for GET '/session/87eceb0d2ff57e1a97eb7724294c1da5/element/A25F7565D1218FF7E757463A8A070CFC_element_46/name'
14:27:01.636 [AsyncHttpClient-1-7] DEBUG org.asynchttpclient.netty.handler.HttpHandler - 

Request DefaultFullHttpRequest(decodeResult: success, version: HTTP/1.1, content: EmptyByteBufBE)
GET /session/87eceb0d2ff57e1a97eb7724294c1da5/element/A25F7565D1218FF7E757463A8A070CFC_element_46/name HTTP/1.1
User-Agent: selenium/4.8.1 (java windows)
Cache-Control: no-cache
Content-Type: application/json; charset=utf-8
host: localhost:12593
accept: */*

Response DefaultHttpResponse(decodeResult: success, version: HTTP/1.1)
HTTP/1.1 200 OK
Content-Length: 13
Content-Type: application/json; charset=utf-8
cache-control: no-cache

14:27:01.636 [AsyncHttpClient-1-7] DEBUG org.asynchttpclient.netty.channel.ChannelManager - Adding key: http://localhost:12593 for channel [id: 0xeaeee574, L:/127.0.0.1:59085 - R:localhost/127.0.0.1:12593]
14:27:01.637 [Forwarding getElementTagName on session 87eceb0d2ff57e1a97eb7724294c1da5 to remote] DEBUG org.asynchttpclient.netty.request.NettyRequestSender - Using pooled Channel '[id: 0xeaeee574, L:/127.0.0.1:59085 - R:localhost/127.0.0.1:12593]' for 'GET' to 'http://localhost:12593/session/87eceb0d2ff57e1a97eb7724294c1da5/element/A25F7565D1218FF7E757463A8A070CFC_element_46/name'
14:27:01.638 [Forwarding getElementTagName on session 87eceb0d2ff57e1a97eb7724294c1da5 to remote] DEBUG org.asynchttpclient.netty.request.NettyRequestSender - Using open Channel [id: 0xeaeee574, L:/127.0.0.1:59085 - R:localhost/127.0.0.1:12593] for GET '/session/87eceb0d2ff57e1a97eb7724294c1da5/element/A25F7565D1218FF7E757463A8A070CFC_element_46/name'
14:27:01.655 [AsyncHttpClient-1-7] DEBUG org.asynchttpclient.netty.handler.HttpHandler - 

Request DefaultFullHttpRequest(decodeResult: success, version: HTTP/1.1, content: EmptyByteBufBE)
GET /session/87eceb0d2ff57e1a97eb7724294c1da5/element/A25F7565D1218FF7E757463A8A070CFC_element_46/name HTTP/1.1
User-Agent: selenium/4.8.1 (java windows)
Cache-Control: no-cache
Content-Type: application/json; charset=utf-8
host: localhost:12593
accept: */*

Response DefaultHttpResponse(decodeResult: success, version: HTTP/1.1)
HTTP/1.1 200 OK
Content-Length: 13
Content-Type: application/json; charset=utf-8
cache-control: no-cache

14:27:01.655 [AsyncHttpClient-1-7] DEBUG org.asynchttpclient.netty.channel.ChannelManager - Adding key: http://localhost:12593 for channel [id: 0xeaeee574, L:/127.0.0.1:59085 - R:localhost/127.0.0.1:12593]
14:27:01.660 [Forwarding findElement on session 87eceb0d2ff57e1a97eb7724294c1da5 to remote] DEBUG org.asynchttpclient.netty.request.NettyRequestSender - Using pooled Channel '[id: 0xeaeee574, L:/127.0.0.1:59085 - R:localhost/127.0.0.1:12593]' for 'POST' to 'http://localhost:12593/session/87eceb0d2ff57e1a97eb7724294c1da5/element'
14:27:01.660 [Forwarding findElement on session 87eceb0d2ff57e1a97eb7724294c1da5 to remote] DEBUG org.asynchttpclient.netty.request.NettyRequestSender - Using open Channel [id: 0xeaeee574, L:/127.0.0.1:59085 - R:localhost/127.0.0.1:12593] for POST '/session/87eceb0d2ff57e1a97eb7724294c1da5/element'
14:27:01.680 [AsyncHttpClient-1-7] DEBUG org.asynchttpclient.netty.handler.HttpHandler - 

Request DefaultHttpRequest(decodeResult: success, version: HTTP/1.1)
POST /session/87eceb0d2ff57e1a97eb7724294c1da5/element HTTP/1.1
User-Agent: selenium/4.8.1 (java windows)
Content-Length: 76
Content-Type: application/json; charset=utf-8
host: localhost:12593
accept: */*

Response DefaultHttpResponse(decodeResult: success, version: HTTP/1.1)
HTTP/1.1 200 OK
Content-Length: 95
Content-Type: application/json; charset=utf-8
cache-control: no-cache

14:27:01.680 [AsyncHttpClient-1-7] DEBUG org.asynchttpclient.netty.channel.ChannelManager - Adding key: http://localhost:12593 for channel [id: 0xeaeee574, L:/127.0.0.1:59085 - R:localhost/127.0.0.1:12593]
14:27:01.681 [Forwarding clickElement on session 87eceb0d2ff57e1a97eb7724294c1da5 to remote] DEBUG org.asynchttpclient.netty.request.NettyRequestSender - Using pooled Channel '[id: 0xeaeee574, L:/127.0.0.1:59085 - R:localhost/127.0.0.1:12593]' for 'POST' to 'http://localhost:12593/session/87eceb0d2ff57e1a97eb7724294c1da5/element/A25F7565D1218FF7E757463A8A070CFC_element_46/click'
14:27:01.681 [Forwarding clickElement on session 87eceb0d2ff57e1a97eb7724294c1da5 to remote] DEBUG org.asynchttpclient.netty.request.NettyRequestSender - Using open Channel [id: 0xeaeee574, L:/127.0.0.1:59085 - R:localhost/127.0.0.1:12593] for POST '/session/87eceb0d2ff57e1a97eb7724294c1da5/element/A25F7565D1218FF7E757463A8A070CFC_element_46/click'
14:27:02.399 [AsyncHttpClient-1-1] DEBUG org.asynchttpclient.netty.channel.DefaultChannelPool - Entry count for : http://localhost:59086 : 1
14:27:03.102 [AsyncHttpClient-1-7] DEBUG org.asynchttpclient.netty.handler.HttpHandler - 

Request DefaultHttpRequest(decodeResult: success, version: HTTP/1.1)
POST /session/87eceb0d2ff57e1a97eb7724294c1da5/element/A25F7565D1218FF7E757463A8A070CFC_element_46/click HTTP/1.1
User-Agent: selenium/4.8.1 (java windows)
Content-Length: 57
Content-Type: application/json; charset=utf-8
host: localhost:12593
accept: */*

Response DefaultHttpResponse(decodeResult: success, version: HTTP/1.1)
HTTP/1.1 200 OK
Content-Length: 14
Content-Type: application/json; charset=utf-8
cache-control: no-cache

14:27:03.102 [AsyncHttpClient-1-7] DEBUG org.asynchttpclient.netty.channel.ChannelManager - Adding key: http://localhost:12593 for channel [id: 0xeaeee574, L:/127.0.0.1:59085 - R:localhost/127.0.0.1:12593]
14:27:03.119 [Forwarding getAlertText on session 87eceb0d2ff57e1a97eb7724294c1da5 to remote] DEBUG org.asynchttpclient.netty.request.NettyRequestSender - Using pooled Channel '[id: 0xeaeee574, L:/127.0.0.1:59085 - R:localhost/127.0.0.1:12593]' for 'GET' to 'http://localhost:12593/session/87eceb0d2ff57e1a97eb7724294c1da5/alert/text'
14:27:03.119 [Forwarding getAlertText on session 87eceb0d2ff57e1a97eb7724294c1da5 to remote] DEBUG org.asynchttpclient.netty.request.NettyRequestSender - Using open Channel [id: 0xeaeee574, L:/127.0.0.1:59085 - R:localhost/127.0.0.1:12593] for GET '/session/87eceb0d2ff57e1a97eb7724294c1da5/alert/text'
14:27:03.131 [AsyncHttpClient-1-7] DEBUG org.asynchttpclient.netty.handler.HttpHandler - 

Request DefaultFullHttpRequest(decodeResult: success, version: HTTP/1.1, content: EmptyByteBufBE)
GET /session/87eceb0d2ff57e1a97eb7724294c1da5/alert/text HTTP/1.1
User-Agent: selenium/4.8.1 (java windows)
Cache-Control: no-cache
Content-Type: application/json; charset=utf-8
host: localhost:12593
accept: */*

Response DefaultHttpResponse(decodeResult: success, version: HTTP/1.1)
HTTP/1.1 404 Not Found
Content-Length: 821
Content-Type: application/json; charset=utf-8
cache-control: no-cache

14:27:03.132 [AsyncHttpClient-1-7] DEBUG org.asynchttpclient.netty.channel.ChannelManager - Adding key: http://localhost:12593 for channel [id: 0xeaeee574, L:/127.0.0.1:59085 - R:localhost/127.0.0.1:12593]
14:27:03.133 [Forwarding getCurrentUrl on session 87eceb0d2ff57e1a97eb7724294c1da5 to remote] DEBUG org.asynchttpclient.netty.request.NettyRequestSender - Using pooled Channel '[id: 0xeaeee574, L:/127.0.0.1:59085 - R:localhost/127.0.0.1:12593]' for 'GET' to 'http://localhost:12593/session/87eceb0d2ff57e1a97eb7724294c1da5/url'
14:27:03.134 [Forwarding getCurrentUrl on session 87eceb0d2ff57e1a97eb7724294c1da5 to remote] DEBUG org.asynchttpclient.netty.request.NettyRequestSender - Using open Channel [id: 0xeaeee574, L:/127.0.0.1:59085 - R:localhost/127.0.0.1:12593] for GET '/session/87eceb0d2ff57e1a97eb7724294c1da5/url'
14:27:03.145 [AsyncHttpClient-1-7] DEBUG org.asynchttpclient.netty.handler.HttpHandler - 

Request DefaultFullHttpRequest(decodeResult: success, version: HTTP/1.1, content: EmptyByteBufBE)
GET /session/87eceb0d2ff57e1a97eb7724294c1da5/url HTTP/1.1
User-Agent: selenium/4.8.1 (java windows)
Cache-Control: no-cache
Content-Type: application/json; charset=utf-8
host: localhost:12593
accept: */*

Response DefaultHttpResponse(decodeResult: success, version: HTTP/1.1)
HTTP/1.1 200 OK
Content-Length: 51
Content-Type: application/json; charset=utf-8
cache-control: no-cache

14:27:03.145 [AsyncHttpClient-1-7] DEBUG org.asynchttpclient.netty.channel.ChannelManager - Adding key: http://localhost:12593 for channel [id: 0xeaeee574, L:/127.0.0.1:59085 - R:localhost/127.0.0.1:12593]
14:27:03.147 [Forwarding screenshot on session 87eceb0d2ff57e1a97eb7724294c1da5 to remote] DEBUG org.asynchttpclient.netty.request.NettyRequestSender - Using pooled Channel '[id: 0xeaeee574, L:/127.0.0.1:59085 - R:localhost/127.0.0.1:12593]' for 'GET' to 'http://localhost:12593/session/87eceb0d2ff57e1a97eb7724294c1da5/screenshot'
14:27:03.147 [Forwarding screenshot on session 87eceb0d2ff57e1a97eb7724294c1da5 to remote] DEBUG org.asynchttpclient.netty.request.NettyRequestSender - Using open Channel [id: 0xeaeee574, L:/127.0.0.1:59085 - R:localhost/127.0.0.1:12593] for GET '/session/87eceb0d2ff57e1a97eb7724294c1da5/screenshot'
14:27:03.489 [AsyncHttpClient-1-1] DEBUG org.asynchttpclient.netty.channel.DefaultChannelPool - Entry count for : http://localhost:59086 : 1
14:27:03.502 [AsyncHttpClient-1-7] DEBUG org.asynchttpclient.netty.handler.HttpHandler - 

Request DefaultFullHttpRequest(decodeResult: success, version: HTTP/1.1, content: EmptyByteBufBE)
GET /session/87eceb0d2ff57e1a97eb7724294c1da5/screenshot HTTP/1.1
User-Agent: selenium/4.8.1 (java windows)
Cache-Control: no-cache
Content-Type: application/json; charset=utf-8
host: localhost:12593
accept: */*

Response DefaultHttpResponse(decodeResult: success, version: HTTP/1.1)
HTTP/1.1 200 OK
Content-Length: 379796
Content-Type: application/json; charset=utf-8
cache-control: no-cache

14:27:03.504 [AsyncHttpClient-1-7] DEBUG org.asynchttpclient.netty.channel.ChannelManager - Adding key: http://localhost:12593 for channel [id: 0xeaeee574, L:/127.0.0.1:59085 - R:localhost/127.0.0.1:12593]
14:27:03.533 [main] DEBUG net.serenitybdd.core.photography.Darkroom - Send negative for processing for target\site\serenity\4d310f93478bcd27cebcb82179d5d4dbef500773ade1ac4b7a9e1a1c0e9203a8.png
14:27:03.534 [main] DEBUG net.thucydides.core.steps.StepInterceptor - STEP DONE: Click_Contactus_page
14:27:03.558 [Forwarding getPageSource on session 87eceb0d2ff57e1a97eb7724294c1da5 to remote] DEBUG org.asynchttpclient.netty.request.NettyRequestSender - Using pooled Channel '[id: 0xeaeee574, L:/127.0.0.1:59085 - R:localhost/127.0.0.1:12593]' for 'POST' to 'http://localhost:12593/session/87eceb0d2ff57e1a97eb7724294c1da5/execute/sync'
14:27:03.558 [Forwarding getPageSource on session 87eceb0d2ff57e1a97eb7724294c1da5 to remote] DEBUG org.asynchttpclient.netty.request.NettyRequestSender - Using open Channel [id: 0xeaeee574, L:/127.0.0.1:59085 - R:localhost/127.0.0.1:12593] for POST '/session/87eceb0d2ff57e1a97eb7724294c1da5/execute/sync'
14:27:03.599 [AsyncHttpClient-1-7] DEBUG org.asynchttpclient.netty.handler.HttpHandler - 

Request DefaultHttpRequest(decodeResult: success, version: HTTP/1.1)
POST /session/87eceb0d2ff57e1a97eb7724294c1da5/execute/sync HTTP/1.1
User-Agent: selenium/4.8.1 (java windows)
Content-Length: 176
Content-Type: application/json; charset=utf-8
host: localhost:12593
accept: */*

Response DefaultHttpResponse(decodeResult: success, version: HTTP/1.1)
HTTP/1.1 200 OK
Content-Length: 74008
Content-Type: application/json; charset=utf-8
cache-control: no-cache

14:27:03.599 [AsyncHttpClient-1-7] DEBUG org.asynchttpclient.netty.channel.ChannelManager - Adding key: http://localhost:12593 for channel [id: 0xeaeee574, L:/127.0.0.1:59085 - R:localhost/127.0.0.1:12593]
14:27:03.615 [Forwarding getCurrentUrl on session 87eceb0d2ff57e1a97eb7724294c1da5 to remote] DEBUG org.asynchttpclient.netty.request.NettyRequestSender - Using pooled Channel '[id: 0xeaeee574, L:/127.0.0.1:59085 - R:localhost/127.0.0.1:12593]' for 'GET' to 'http://localhost:12593/session/87eceb0d2ff57e1a97eb7724294c1da5/url'
14:27:03.615 [Forwarding getCurrentUrl on session 87eceb0d2ff57e1a97eb7724294c1da5 to remote] DEBUG org.asynchttpclient.netty.request.NettyRequestSender - Using open Channel [id: 0xeaeee574, L:/127.0.0.1:59085 - R:localhost/127.0.0.1:12593] for GET '/session/87eceb0d2ff57e1a97eb7724294c1da5/url'
14:27:03.648 [AsyncHttpClient-1-7] DEBUG org.asynchttpclient.netty.handler.HttpHandler - 

Request DefaultFullHttpRequest(decodeResult: success, version: HTTP/1.1, content: EmptyByteBufBE)
GET /session/87eceb0d2ff57e1a97eb7724294c1da5/url HTTP/1.1
User-Agent: selenium/4.8.1 (java windows)
Cache-Control: no-cache
Content-Type: application/json; charset=utf-8
host: localhost:12593
accept: */*

Response DefaultHttpResponse(decodeResult: success, version: HTTP/1.1)
HTTP/1.1 200 OK
Content-Length: 51
Content-Type: application/json; charset=utf-8
cache-control: no-cache

14:27:03.649 [AsyncHttpClient-1-7] DEBUG org.asynchttpclient.netty.channel.ChannelManager - Adding key: http://localhost:12593 for channel [id: 0xeaeee574, L:/127.0.0.1:59085 - R:localhost/127.0.0.1:12593]
14:27:03.670 [Forwarding getAlertText on session 87eceb0d2ff57e1a97eb7724294c1da5 to remote] DEBUG org.asynchttpclient.netty.request.NettyRequestSender - Using pooled Channel '[id: 0xeaeee574, L:/127.0.0.1:59085 - R:localhost/127.0.0.1:12593]' for 'GET' to 'http://localhost:12593/session/87eceb0d2ff57e1a97eb7724294c1da5/alert/text'
14:27:03.670 [Forwarding getAlertText on session 87eceb0d2ff57e1a97eb7724294c1da5 to remote] DEBUG org.asynchttpclient.netty.request.NettyRequestSender - Using open Channel [id: 0xeaeee574, L:/127.0.0.1:59085 - R:localhost/127.0.0.1:12593] for GET '/session/87eceb0d2ff57e1a97eb7724294c1da5/alert/text'
14:27:03.688 [AsyncHttpClient-1-7] DEBUG org.asynchttpclient.netty.handler.HttpHandler - 

Request DefaultFullHttpRequest(decodeResult: success, version: HTTP/1.1, content: EmptyByteBufBE)
GET /session/87eceb0d2ff57e1a97eb7724294c1da5/alert/text HTTP/1.1
User-Agent: selenium/4.8.1 (java windows)
Cache-Control: no-cache
Content-Type: application/json; charset=utf-8
host: localhost:12593
accept: */*

Response DefaultHttpResponse(decodeResult: success, version: HTTP/1.1)
HTTP/1.1 404 Not Found
Content-Length: 821
Content-Type: application/json; charset=utf-8
cache-control: no-cache

14:27:03.689 [AsyncHttpClient-1-7] DEBUG org.asynchttpclient.netty.channel.ChannelManager - Adding key: http://localhost:12593 for channel [id: 0xeaeee574, L:/127.0.0.1:59085 - R:localhost/127.0.0.1:12593]
14:27:03.691 [Forwarding getCurrentUrl on session 87eceb0d2ff57e1a97eb7724294c1da5 to remote] DEBUG org.asynchttpclient.netty.request.NettyRequestSender - Using pooled Channel '[id: 0xeaeee574, L:/127.0.0.1:59085 - R:localhost/127.0.0.1:12593]' for 'GET' to 'http://localhost:12593/session/87eceb0d2ff57e1a97eb7724294c1da5/url'
14:27:03.691 [Forwarding getCurrentUrl on session 87eceb0d2ff57e1a97eb7724294c1da5 to remote] DEBUG org.asynchttpclient.netty.request.NettyRequestSender - Using open Channel [id: 0xeaeee574, L:/127.0.0.1:59085 - R:localhost/127.0.0.1:12593] for GET '/session/87eceb0d2ff57e1a97eb7724294c1da5/url'
14:27:03.706 [AsyncHttpClient-1-7] DEBUG org.asynchttpclient.netty.handler.HttpHandler - 

Request DefaultFullHttpRequest(decodeResult: success, version: HTTP/1.1, content: EmptyByteBufBE)
GET /session/87eceb0d2ff57e1a97eb7724294c1da5/url HTTP/1.1
User-Agent: selenium/4.8.1 (java windows)
Cache-Control: no-cache
Content-Type: application/json; charset=utf-8
host: localhost:12593
accept: */*

Response DefaultHttpResponse(decodeResult: success, version: HTTP/1.1)
HTTP/1.1 200 OK
Content-Length: 51
Content-Type: application/json; charset=utf-8
cache-control: no-cache

14:27:03.706 [AsyncHttpClient-1-7] DEBUG org.asynchttpclient.netty.channel.ChannelManager - Adding key: http://localhost:12593 for channel [id: 0xeaeee574, L:/127.0.0.1:59085 - R:localhost/127.0.0.1:12593]
14:27:03.707 [Forwarding screenshot on session 87eceb0d2ff57e1a97eb7724294c1da5 to remote] DEBUG org.asynchttpclient.netty.request.NettyRequestSender - Using pooled Channel '[id: 0xeaeee574, L:/127.0.0.1:59085 - R:localhost/127.0.0.1:12593]' for 'GET' to 'http://localhost:12593/session/87eceb0d2ff57e1a97eb7724294c1da5/screenshot'
14:27:03.708 [Forwarding screenshot on session 87eceb0d2ff57e1a97eb7724294c1da5 to remote] DEBUG org.asynchttpclient.netty.request.NettyRequestSender - Using open Channel [id: 0xeaeee574, L:/127.0.0.1:59085 - R:localhost/127.0.0.1:12593] for GET '/session/87eceb0d2ff57e1a97eb7724294c1da5/screenshot'
14:27:04.010 [AsyncHttpClient-1-7] DEBUG org.asynchttpclient.netty.handler.HttpHandler - 

Request DefaultFullHttpRequest(decodeResult: success, version: HTTP/1.1, content: EmptyByteBufBE)
GET /session/87eceb0d2ff57e1a97eb7724294c1da5/screenshot HTTP/1.1
User-Agent: selenium/4.8.1 (java windows)
Cache-Control: no-cache
Content-Type: application/json; charset=utf-8
host: localhost:12593
accept: */*

Response DefaultHttpResponse(decodeResult: success, version: HTTP/1.1)
HTTP/1.1 200 OK
Content-Length: 379796
Content-Type: application/json; charset=utf-8
cache-control: no-cache

14:27:04.012 [AsyncHttpClient-1-7] DEBUG org.asynchttpclient.netty.channel.ChannelManager - Adding key: http://localhost:12593 for channel [id: 0xeaeee574, L:/127.0.0.1:59085 - R:localhost/127.0.0.1:12593]
14:27:04.045 [main] DEBUG net.serenitybdd.core.photography.Darkroom - Send negative for processing for target\site\serenity\4d310f93478bcd27cebcb82179d5d4dbef500773ade1ac4b7a9e1a1c0e9203a8.png
14:27:04.048 [Forwarding getPageSource on session 87eceb0d2ff57e1a97eb7724294c1da5 to remote] DEBUG org.asynchttpclient.netty.request.NettyRequestSender - Using pooled Channel '[id: 0xeaeee574, L:/127.0.0.1:59085 - R:localhost/127.0.0.1:12593]' for 'POST' to 'http://localhost:12593/session/87eceb0d2ff57e1a97eb7724294c1da5/execute/sync'
14:27:04.048 [Forwarding getPageSource on session 87eceb0d2ff57e1a97eb7724294c1da5 to remote] DEBUG org.asynchttpclient.netty.request.NettyRequestSender - Using open Channel [id: 0xeaeee574, L:/127.0.0.1:59085 - R:localhost/127.0.0.1:12593] for POST '/session/87eceb0d2ff57e1a97eb7724294c1da5/execute/sync'
14:27:04.067 [AsyncHttpClient-1-7] DEBUG org.asynchttpclient.netty.handler.HttpHandler - 

Request DefaultHttpRequest(decodeResult: success, version: HTTP/1.1)
POST /session/87eceb0d2ff57e1a97eb7724294c1da5/execute/sync HTTP/1.1
User-Agent: selenium/4.8.1 (java windows)
Content-Length: 176
Content-Type: application/json; charset=utf-8
host: localhost:12593
accept: */*

Response DefaultHttpResponse(decodeResult: success, version: HTTP/1.1)
HTTP/1.1 200 OK
Content-Length: 74008
Content-Type: application/json; charset=utf-8
cache-control: no-cache

14:27:04.067 [AsyncHttpClient-1-7] DEBUG org.asynchttpclient.netty.channel.ChannelManager - Adding key: http://localhost:12593 for channel [id: 0xeaeee574, L:/127.0.0.1:59085 - R:localhost/127.0.0.1:12593]
14:27:04.075 [Forwarding getCurrentUrl on session 87eceb0d2ff57e1a97eb7724294c1da5 to remote] DEBUG org.asynchttpclient.netty.request.NettyRequestSender - Using pooled Channel '[id: 0xeaeee574, L:/127.0.0.1:59085 - R:localhost/127.0.0.1:12593]' for 'GET' to 'http://localhost:12593/session/87eceb0d2ff57e1a97eb7724294c1da5/url'
14:27:04.075 [Forwarding getCurrentUrl on session 87eceb0d2ff57e1a97eb7724294c1da5 to remote] DEBUG org.asynchttpclient.netty.request.NettyRequestSender - Using open Channel [id: 0xeaeee574, L:/127.0.0.1:59085 - R:localhost/127.0.0.1:12593] for GET '/session/87eceb0d2ff57e1a97eb7724294c1da5/url'
14:27:04.085 [AsyncHttpClient-1-7] DEBUG org.asynchttpclient.netty.handler.HttpHandler - 

Request DefaultFullHttpRequest(decodeResult: success, version: HTTP/1.1, content: EmptyByteBufBE)
GET /session/87eceb0d2ff57e1a97eb7724294c1da5/url HTTP/1.1
User-Agent: selenium/4.8.1 (java windows)
Cache-Control: no-cache
Content-Type: application/json; charset=utf-8
host: localhost:12593
accept: */*

Response DefaultHttpResponse(decodeResult: success, version: HTTP/1.1)
HTTP/1.1 200 OK
Content-Length: 51
Content-Type: application/json; charset=utf-8
cache-control: no-cache

14:27:04.085 [AsyncHttpClient-1-7] DEBUG org.asynchttpclient.netty.channel.ChannelManager - Adding key: http://localhost:12593 for channel [id: 0xeaeee574, L:/127.0.0.1:59085 - R:localhost/127.0.0.1:12593]
14:27:04.093 [main] DEBUG net.thucydides.core.steps.StepInterceptor - STARTING STEP: Afrexim_OurBank_Contactus_steps.validate_contact_us_page - Validate_Contactus_page
14:27:04.099 [Forwarding findElement on session 87eceb0d2ff57e1a97eb7724294c1da5 to remote] DEBUG org.asynchttpclient.netty.request.NettyRequestSender - Using pooled Channel '[id: 0xeaeee574, L:/127.0.0.1:59085 - R:localhost/127.0.0.1:12593]' for 'POST' to 'http://localhost:12593/session/87eceb0d2ff57e1a97eb7724294c1da5/element'
14:27:04.099 [Forwarding findElement on session 87eceb0d2ff57e1a97eb7724294c1da5 to remote] DEBUG org.asynchttpclient.netty.request.NettyRequestSender - Using open Channel [id: 0xeaeee574, L:/127.0.0.1:59085 - R:localhost/127.0.0.1:12593] for POST '/session/87eceb0d2ff57e1a97eb7724294c1da5/element'
14:27:04.118 [AsyncHttpClient-1-7] DEBUG org.asynchttpclient.netty.handler.HttpHandler - 

Request DefaultHttpRequest(decodeResult: success, version: HTTP/1.1)
POST /session/87eceb0d2ff57e1a97eb7724294c1da5/element HTTP/1.1
User-Agent: selenium/4.8.1 (java windows)
Content-Length: 72
Content-Type: application/json; charset=utf-8
host: localhost:12593
accept: */*

Response DefaultHttpResponse(decodeResult: success, version: HTTP/1.1)
HTTP/1.1 200 OK
Content-Length: 95
Content-Type: application/json; charset=utf-8
cache-control: no-cache

14:27:04.118 [AsyncHttpClient-1-7] DEBUG org.asynchttpclient.netty.channel.ChannelManager - Adding key: http://localhost:12593 for channel [id: 0xeaeee574, L:/127.0.0.1:59085 - R:localhost/127.0.0.1:12593]
14:27:04.118 [Forwarding isElementEnabled on session 87eceb0d2ff57e1a97eb7724294c1da5 to remote] DEBUG org.asynchttpclient.netty.request.NettyRequestSender - Using pooled Channel '[id: 0xeaeee574, L:/127.0.0.1:59085 - R:localhost/127.0.0.1:12593]' for 'GET' to 'http://localhost:12593/session/87eceb0d2ff57e1a97eb7724294c1da5/element/CC8ECB9311D09294C9FBB1DA4C517CFC_element_71/enabled'
14:27:04.118 [Forwarding isElementEnabled on session 87eceb0d2ff57e1a97eb7724294c1da5 to remote] DEBUG org.asynchttpclient.netty.request.NettyRequestSender - Using open Channel [id: 0xeaeee574, L:/127.0.0.1:59085 - R:localhost/127.0.0.1:12593] for GET '/session/87eceb0d2ff57e1a97eb7724294c1da5/element/CC8ECB9311D09294C9FBB1DA4C517CFC_element_71/enabled'
14:27:04.139 [AsyncHttpClient-1-7] DEBUG org.asynchttpclient.netty.handler.HttpHandler - 

Request DefaultFullHttpRequest(decodeResult: success, version: HTTP/1.1, content: EmptyByteBufBE)
GET /session/87eceb0d2ff57e1a97eb7724294c1da5/element/CC8ECB9311D09294C9FBB1DA4C517CFC_element_71/enabled HTTP/1.1
User-Agent: selenium/4.8.1 (java windows)
Cache-Control: no-cache
Content-Type: application/json; charset=utf-8
host: localhost:12593
accept: */*

Response DefaultHttpResponse(decodeResult: success, version: HTTP/1.1)
HTTP/1.1 200 OK
Content-Length: 14
Content-Type: application/json; charset=utf-8
cache-control: no-cache

14:27:04.139 [AsyncHttpClient-1-7] DEBUG org.asynchttpclient.netty.channel.ChannelManager - Adding key: http://localhost:12593 for channel [id: 0xeaeee574, L:/127.0.0.1:59085 - R:localhost/127.0.0.1:12593]
14:27:04.150 [Forwarding getAlertText on session 87eceb0d2ff57e1a97eb7724294c1da5 to remote] DEBUG org.asynchttpclient.netty.request.NettyRequestSender - Using pooled Channel '[id: 0xeaeee574, L:/127.0.0.1:59085 - R:localhost/127.0.0.1:12593]' for 'GET' to 'http://localhost:12593/session/87eceb0d2ff57e1a97eb7724294c1da5/alert/text'
14:27:04.150 [Forwarding getAlertText on session 87eceb0d2ff57e1a97eb7724294c1da5 to remote] DEBUG org.asynchttpclient.netty.request.NettyRequestSender - Using open Channel [id: 0xeaeee574, L:/127.0.0.1:59085 - R:localhost/127.0.0.1:12593] for GET '/session/87eceb0d2ff57e1a97eb7724294c1da5/alert/text'
14:27:04.150 [AsyncHttpClient-1-7] DEBUG org.asynchttpclient.netty.handler.HttpHandler - 

Request DefaultFullHttpRequest(decodeResult: success, version: HTTP/1.1, content: EmptyByteBufBE)
GET /session/87eceb0d2ff57e1a97eb7724294c1da5/alert/text HTTP/1.1
User-Agent: selenium/4.8.1 (java windows)
Cache-Control: no-cache
Content-Type: application/json; charset=utf-8
host: localhost:12593
accept: */*

Response DefaultHttpResponse(decodeResult: success, version: HTTP/1.1)
HTTP/1.1 404 Not Found
Content-Length: 821
Content-Type: application/json; charset=utf-8
cache-control: no-cache

14:27:04.161 [AsyncHttpClient-1-7] DEBUG org.asynchttpclient.netty.channel.ChannelManager - Adding key: http://localhost:12593 for channel [id: 0xeaeee574, L:/127.0.0.1:59085 - R:localhost/127.0.0.1:12593]
14:27:04.162 [Forwarding getCurrentUrl on session 87eceb0d2ff57e1a97eb7724294c1da5 to remote] DEBUG org.asynchttpclient.netty.request.NettyRequestSender - Using pooled Channel '[id: 0xeaeee574, L:/127.0.0.1:59085 - R:localhost/127.0.0.1:12593]' for 'GET' to 'http://localhost:12593/session/87eceb0d2ff57e1a97eb7724294c1da5/url'
14:27:04.162 [Forwarding getCurrentUrl on session 87eceb0d2ff57e1a97eb7724294c1da5 to remote] DEBUG org.asynchttpclient.netty.request.NettyRequestSender - Using open Channel [id: 0xeaeee574, L:/127.0.0.1:59085 - R:localhost/127.0.0.1:12593] for GET '/session/87eceb0d2ff57e1a97eb7724294c1da5/url'
14:27:04.187 [AsyncHttpClient-1-7] DEBUG org.asynchttpclient.netty.handler.HttpHandler - 

Request DefaultFullHttpRequest(decodeResult: success, version: HTTP/1.1, content: EmptyByteBufBE)
GET /session/87eceb0d2ff57e1a97eb7724294c1da5/url HTTP/1.1
User-Agent: selenium/4.8.1 (java windows)
Cache-Control: no-cache
Content-Type: application/json; charset=utf-8
host: localhost:12593
accept: */*

Response DefaultHttpResponse(decodeResult: success, version: HTTP/1.1)
HTTP/1.1 200 OK
Content-Length: 51
Content-Type: application/json; charset=utf-8
cache-control: no-cache

14:27:04.187 [AsyncHttpClient-1-7] DEBUG org.asynchttpclient.netty.channel.ChannelManager - Adding key: http://localhost:12593 for channel [id: 0xeaeee574, L:/127.0.0.1:59085 - R:localhost/127.0.0.1:12593]
14:27:04.187 [Forwarding screenshot on session 87eceb0d2ff57e1a97eb7724294c1da5 to remote] DEBUG org.asynchttpclient.netty.request.NettyRequestSender - Using pooled Channel '[id: 0xeaeee574, L:/127.0.0.1:59085 - R:localhost/127.0.0.1:12593]' for 'GET' to 'http://localhost:12593/session/87eceb0d2ff57e1a97eb7724294c1da5/screenshot'
14:27:04.187 [Forwarding screenshot on session 87eceb0d2ff57e1a97eb7724294c1da5 to remote] DEBUG org.asynchttpclient.netty.request.NettyRequestSender - Using open Channel [id: 0xeaeee574, L:/127.0.0.1:59085 - R:localhost/127.0.0.1:12593] for GET '/session/87eceb0d2ff57e1a97eb7724294c1da5/screenshot'
14:27:04.523 [AsyncHttpClient-1-7] DEBUG org.asynchttpclient.netty.handler.HttpHandler - 

Request DefaultFullHttpRequest(decodeResult: success, version: HTTP/1.1, content: EmptyByteBufBE)
GET /session/87eceb0d2ff57e1a97eb7724294c1da5/screenshot HTTP/1.1
User-Agent: selenium/4.8.1 (java windows)
Cache-Control: no-cache
Content-Type: application/json; charset=utf-8
host: localhost:12593
accept: */*

Response DefaultHttpResponse(decodeResult: success, version: HTTP/1.1)
HTTP/1.1 200 OK
Content-Length: 379796
Content-Type: application/json; charset=utf-8
cache-control: no-cache

14:27:04.523 [AsyncHttpClient-1-7] DEBUG org.asynchttpclient.netty.channel.ChannelManager - Adding key: http://localhost:12593 for channel [id: 0xeaeee574, L:/127.0.0.1:59085 - R:localhost/127.0.0.1:12593]
14:27:04.550 [main] DEBUG net.serenitybdd.core.photography.Darkroom - Send negative for processing for target\site\serenity\4d310f93478bcd27cebcb82179d5d4dbef500773ade1ac4b7a9e1a1c0e9203a8.png
14:27:04.550 [main] DEBUG net.thucydides.core.steps.StepInterceptor - STEP DONE: Validate_Contactus_page
14:27:04.569 [Forwarding getPageSource on session 87eceb0d2ff57e1a97eb7724294c1da5 to remote] DEBUG org.asynchttpclient.netty.request.NettyRequestSender - Using pooled Channel '[id: 0xeaeee574, L:/127.0.0.1:59085 - R:localhost/127.0.0.1:12593]' for 'POST' to 'http://localhost:12593/session/87eceb0d2ff57e1a97eb7724294c1da5/execute/sync'
14:27:04.569 [Forwarding getPageSource on session 87eceb0d2ff57e1a97eb7724294c1da5 to remote] DEBUG org.asynchttpclient.netty.request.NettyRequestSender - Using open Channel [id: 0xeaeee574, L:/127.0.0.1:59085 - R:localhost/127.0.0.1:12593] for POST '/session/87eceb0d2ff57e1a97eb7724294c1da5/execute/sync'
14:27:04.587 [AsyncHttpClient-1-7] DEBUG org.asynchttpclient.netty.handler.HttpHandler - 

Request DefaultHttpRequest(decodeResult: success, version: HTTP/1.1)
POST /session/87eceb0d2ff57e1a97eb7724294c1da5/execute/sync HTTP/1.1
User-Agent: selenium/4.8.1 (java windows)
Content-Length: 176
Content-Type: application/json; charset=utf-8
host: localhost:12593
accept: */*

Response DefaultHttpResponse(decodeResult: success, version: HTTP/1.1)
HTTP/1.1 200 OK
Content-Length: 74008
Content-Type: application/json; charset=utf-8
cache-control: no-cache

14:27:04.587 [AsyncHttpClient-1-7] DEBUG org.asynchttpclient.netty.channel.ChannelManager - Adding key: http://localhost:12593 for channel [id: 0xeaeee574, L:/127.0.0.1:59085 - R:localhost/127.0.0.1:12593]
14:27:04.601 [AsyncHttpClient-1-1] DEBUG org.asynchttpclient.netty.channel.DefaultChannelPool - Entry count for : http://localhost:59086 : 1
14:27:04.601 [AsyncHttpClient-1-1] DEBUG org.asynchttpclient.netty.channel.DefaultChannelPool - Entry count for : http://localhost:12593 : 1
14:27:04.601 [Forwarding getCurrentUrl on session 87eceb0d2ff57e1a97eb7724294c1da5 to remote] DEBUG org.asynchttpclient.netty.request.NettyRequestSender - Using pooled Channel '[id: 0xeaeee574, L:/127.0.0.1:59085 - R:localhost/127.0.0.1:12593]' for 'GET' to 'http://localhost:12593/session/87eceb0d2ff57e1a97eb7724294c1da5/url'
14:27:04.601 [Forwarding getCurrentUrl on session 87eceb0d2ff57e1a97eb7724294c1da5 to remote] DEBUG org.asynchttpclient.netty.request.NettyRequestSender - Using open Channel [id: 0xeaeee574, L:/127.0.0.1:59085 - R:localhost/127.0.0.1:12593] for GET '/session/87eceb0d2ff57e1a97eb7724294c1da5/url'
14:27:04.608 [AsyncHttpClient-1-7] DEBUG org.asynchttpclient.netty.handler.HttpHandler - 

Request DefaultFullHttpRequest(decodeResult: success, version: HTTP/1.1, content: EmptyByteBufBE)
GET /session/87eceb0d2ff57e1a97eb7724294c1da5/url HTTP/1.1
User-Agent: selenium/4.8.1 (java windows)
Cache-Control: no-cache
Content-Type: application/json; charset=utf-8
host: localhost:12593
accept: */*

Response DefaultHttpResponse(decodeResult: success, version: HTTP/1.1)
HTTP/1.1 200 OK
Content-Length: 51
Content-Type: application/json; charset=utf-8
cache-control: no-cache

14:27:04.608 [AsyncHttpClient-1-7] DEBUG org.asynchttpclient.netty.channel.ChannelManager - Adding key: http://localhost:12593 for channel [id: 0xeaeee574, L:/127.0.0.1:59085 - R:localhost/127.0.0.1:12593]
14:27:04.807 [Forwarding getAlertText on session 87eceb0d2ff57e1a97eb7724294c1da5 to remote] DEBUG org.asynchttpclient.netty.request.NettyRequestSender - Using pooled Channel '[id: 0xeaeee574, L:/127.0.0.1:59085 - R:localhost/127.0.0.1:12593]' for 'GET' to 'http://localhost:12593/session/87eceb0d2ff57e1a97eb7724294c1da5/alert/text'
14:27:04.807 [Forwarding getAlertText on session 87eceb0d2ff57e1a97eb7724294c1da5 to remote] DEBUG org.asynchttpclient.netty.request.NettyRequestSender - Using open Channel [id: 0xeaeee574, L:/127.0.0.1:59085 - R:localhost/127.0.0.1:12593] for GET '/session/87eceb0d2ff57e1a97eb7724294c1da5/alert/text'
14:27:04.817 [AsyncHttpClient-1-7] DEBUG org.asynchttpclient.netty.handler.HttpHandler - 

Request DefaultFullHttpRequest(decodeResult: success, version: HTTP/1.1, content: EmptyByteBufBE)
GET /session/87eceb0d2ff57e1a97eb7724294c1da5/alert/text HTTP/1.1
User-Agent: selenium/4.8.1 (java windows)
Cache-Control: no-cache
Content-Type: application/json; charset=utf-8
host: localhost:12593
accept: */*

Response DefaultHttpResponse(decodeResult: success, version: HTTP/1.1)
HTTP/1.1 404 Not Found
Content-Length: 821
Content-Type: application/json; charset=utf-8
cache-control: no-cache

14:27:04.817 [AsyncHttpClient-1-7] DEBUG org.asynchttpclient.netty.channel.ChannelManager - Adding key: http://localhost:12593 for channel [id: 0xeaeee574, L:/127.0.0.1:59085 - R:localhost/127.0.0.1:12593]
14:27:04.817 [Forwarding getCurrentUrl on session 87eceb0d2ff57e1a97eb7724294c1da5 to remote] DEBUG org.asynchttpclient.netty.request.NettyRequestSender - Using pooled Channel '[id: 0xeaeee574, L:/127.0.0.1:59085 - R:localhost/127.0.0.1:12593]' for 'GET' to 'http://localhost:12593/session/87eceb0d2ff57e1a97eb7724294c1da5/url'
14:27:04.817 [Forwarding getCurrentUrl on session 87eceb0d2ff57e1a97eb7724294c1da5 to remote] DEBUG org.asynchttpclient.netty.request.NettyRequestSender - Using open Channel [id: 0xeaeee574, L:/127.0.0.1:59085 - R:localhost/127.0.0.1:12593] for GET '/session/87eceb0d2ff57e1a97eb7724294c1da5/url'
14:27:04.823 [AsyncHttpClient-1-7] DEBUG org.asynchttpclient.netty.handler.HttpHandler - 

Request DefaultFullHttpRequest(decodeResult: success, version: HTTP/1.1, content: EmptyByteBufBE)
GET /session/87eceb0d2ff57e1a97eb7724294c1da5/url HTTP/1.1
User-Agent: selenium/4.8.1 (java windows)
Cache-Control: no-cache
Content-Type: application/json; charset=utf-8
host: localhost:12593
accept: */*

Response DefaultHttpResponse(decodeResult: success, version: HTTP/1.1)
HTTP/1.1 200 OK
Content-Length: 51
Content-Type: application/json; charset=utf-8
cache-control: no-cache

14:27:04.823 [AsyncHttpClient-1-7] DEBUG org.asynchttpclient.netty.channel.ChannelManager - Adding key: http://localhost:12593 for channel [id: 0xeaeee574, L:/127.0.0.1:59085 - R:localhost/127.0.0.1:12593]
14:27:04.823 [Forwarding screenshot on session 87eceb0d2ff57e1a97eb7724294c1da5 to remote] DEBUG org.asynchttpclient.netty.request.NettyRequestSender - Using pooled Channel '[id: 0xeaeee574, L:/127.0.0.1:59085 - R:localhost/127.0.0.1:12593]' for 'GET' to 'http://localhost:12593/session/87eceb0d2ff57e1a97eb7724294c1da5/screenshot'
14:27:04.823 [Forwarding screenshot on session 87eceb0d2ff57e1a97eb7724294c1da5 to remote] DEBUG org.asynchttpclient.netty.request.NettyRequestSender - Using open Channel [id: 0xeaeee574, L:/127.0.0.1:59085 - R:localhost/127.0.0.1:12593] for GET '/session/87eceb0d2ff57e1a97eb7724294c1da5/screenshot'
14:27:05.142 [AsyncHttpClient-1-7] DEBUG org.asynchttpclient.netty.handler.HttpHandler - 

Request DefaultFullHttpRequest(decodeResult: success, version: HTTP/1.1, content: EmptyByteBufBE)
GET /session/87eceb0d2ff57e1a97eb7724294c1da5/screenshot HTTP/1.1
User-Agent: selenium/4.8.1 (java windows)
Cache-Control: no-cache
Content-Type: application/json; charset=utf-8
host: localhost:12593
accept: */*

Response DefaultHttpResponse(decodeResult: success, version: HTTP/1.1)
HTTP/1.1 200 OK
Content-Length: 379796
Content-Type: application/json; charset=utf-8
cache-control: no-cache

14:27:05.142 [AsyncHttpClient-1-7] DEBUG org.asynchttpclient.netty.channel.ChannelManager - Adding key: http://localhost:12593 for channel [id: 0xeaeee574, L:/127.0.0.1:59085 - R:localhost/127.0.0.1:12593]
14:27:05.165 [main] DEBUG net.serenitybdd.core.photography.Darkroom - Send negative for processing for target\site\serenity\4d310f93478bcd27cebcb82179d5d4dbef500773ade1ac4b7a9e1a1c0e9203a8.png
14:27:05.165 [Forwarding getPageSource on session 87eceb0d2ff57e1a97eb7724294c1da5 to remote] DEBUG org.asynchttpclient.netty.request.NettyRequestSender - Using pooled Channel '[id: 0xeaeee574, L:/127.0.0.1:59085 - R:localhost/127.0.0.1:12593]' for 'POST' to 'http://localhost:12593/session/87eceb0d2ff57e1a97eb7724294c1da5/execute/sync'
14:27:05.165 [Forwarding getPageSource on session 87eceb0d2ff57e1a97eb7724294c1da5 to remote] DEBUG org.asynchttpclient.netty.request.NettyRequestSender - Using open Channel [id: 0xeaeee574, L:/127.0.0.1:59085 - R:localhost/127.0.0.1:12593] for POST '/session/87eceb0d2ff57e1a97eb7724294c1da5/execute/sync'
14:27:05.213 [AsyncHttpClient-1-7] DEBUG org.asynchttpclient.netty.handler.HttpHandler - 

Request DefaultHttpRequest(decodeResult: success, version: HTTP/1.1)
POST /session/87eceb0d2ff57e1a97eb7724294c1da5/execute/sync HTTP/1.1
User-Agent: selenium/4.8.1 (java windows)
Content-Length: 176
Content-Type: application/json; charset=utf-8
host: localhost:12593
accept: */*

Response DefaultHttpResponse(decodeResult: success, version: HTTP/1.1)
HTTP/1.1 200 OK
Content-Length: 74008
Content-Type: application/json; charset=utf-8
cache-control: no-cache

14:27:05.213 [AsyncHttpClient-1-7] DEBUG org.asynchttpclient.netty.channel.ChannelManager - Adding key: http://localhost:12593 for channel [id: 0xeaeee574, L:/127.0.0.1:59085 - R:localhost/127.0.0.1:12593]
14:27:05.216 [Forwarding getCurrentUrl on session 87eceb0d2ff57e1a97eb7724294c1da5 to remote] DEBUG org.asynchttpclient.netty.request.NettyRequestSender - Using pooled Channel '[id: 0xeaeee574, L:/127.0.0.1:59085 - R:localhost/127.0.0.1:12593]' for 'GET' to 'http://localhost:12593/session/87eceb0d2ff57e1a97eb7724294c1da5/url'
14:27:05.216 [Forwarding getCurrentUrl on session 87eceb0d2ff57e1a97eb7724294c1da5 to remote] DEBUG org.asynchttpclient.netty.request.NettyRequestSender - Using open Channel [id: 0xeaeee574, L:/127.0.0.1:59085 - R:localhost/127.0.0.1:12593] for GET '/session/87eceb0d2ff57e1a97eb7724294c1da5/url'
14:27:05.237 [AsyncHttpClient-1-7] DEBUG org.asynchttpclient.netty.handler.HttpHandler - 

Request DefaultFullHttpRequest(decodeResult: success, version: HTTP/1.1, content: EmptyByteBufBE)
GET /session/87eceb0d2ff57e1a97eb7724294c1da5/url HTTP/1.1
User-Agent: selenium/4.8.1 (java windows)
Cache-Control: no-cache
Content-Type: application/json; charset=utf-8
host: localhost:12593
accept: */*

Response DefaultHttpResponse(decodeResult: success, version: HTTP/1.1)
HTTP/1.1 200 OK
Content-Length: 51
Content-Type: application/json; charset=utf-8
cache-control: no-cache

14:27:05.237 [AsyncHttpClient-1-7] DEBUG org.asynchttpclient.netty.channel.ChannelManager - Adding key: http://localhost:12593 for channel [id: 0xeaeee574, L:/127.0.0.1:59085 - R:localhost/127.0.0.1:12593]
14:27:05.237 [main] DEBUG net.thucydides.core.steps.StepInterceptor - STARTING STEP: Afrexim_OurBank_Contactus_Sendmessage_steps.click_readmore_option_in_send_us_a_message - Click_Readmoreoption_sendusamessage
14:27:05.245 [Forwarding findElement on session 87eceb0d2ff57e1a97eb7724294c1da5 to remote] DEBUG org.asynchttpclient.netty.request.NettyRequestSender - Using pooled Channel '[id: 0xeaeee574, L:/127.0.0.1:59085 - R:localhost/127.0.0.1:12593]' for 'POST' to 'http://localhost:12593/session/87eceb0d2ff57e1a97eb7724294c1da5/element'
14:27:05.245 [Forwarding findElement on session 87eceb0d2ff57e1a97eb7724294c1da5 to remote] DEBUG org.asynchttpclient.netty.request.NettyRequestSender - Using open Channel [id: 0xeaeee574, L:/127.0.0.1:59085 - R:localhost/127.0.0.1:12593] for POST '/session/87eceb0d2ff57e1a97eb7724294c1da5/element'
14:27:05.270 [AsyncHttpClient-1-7] DEBUG org.asynchttpclient.netty.handler.HttpHandler - 

Request DefaultHttpRequest(decodeResult: success, version: HTTP/1.1)
POST /session/87eceb0d2ff57e1a97eb7724294c1da5/element HTTP/1.1
User-Agent: selenium/4.8.1 (java windows)
Content-Length: 78
Content-Type: application/json; charset=utf-8
host: localhost:12593
accept: */*

Response DefaultHttpResponse(decodeResult: success, version: HTTP/1.1)
HTTP/1.1 200 OK
Content-Length: 95
Content-Type: application/json; charset=utf-8
cache-control: no-cache

14:27:05.270 [AsyncHttpClient-1-7] DEBUG org.asynchttpclient.netty.channel.ChannelManager - Adding key: http://localhost:12593 for channel [id: 0xeaeee574, L:/127.0.0.1:59085 - R:localhost/127.0.0.1:12593]
14:27:05.270 [Forwarding getElementTagName on session 87eceb0d2ff57e1a97eb7724294c1da5 to remote] DEBUG org.asynchttpclient.netty.request.NettyRequestSender - Using pooled Channel '[id: 0xeaeee574, L:/127.0.0.1:59085 - R:localhost/127.0.0.1:12593]' for 'GET' to 'http://localhost:12593/session/87eceb0d2ff57e1a97eb7724294c1da5/element/CC8ECB9311D09294C9FBB1DA4C517CFC_element_72/name'
14:27:05.270 [Forwarding getElementTagName on session 87eceb0d2ff57e1a97eb7724294c1da5 to remote] DEBUG org.asynchttpclient.netty.request.NettyRequestSender - Using open Channel [id: 0xeaeee574, L:/127.0.0.1:59085 - R:localhost/127.0.0.1:12593] for GET '/session/87eceb0d2ff57e1a97eb7724294c1da5/element/CC8ECB9311D09294C9FBB1DA4C517CFC_element_72/name'
14:27:05.280 [AsyncHttpClient-1-7] DEBUG org.asynchttpclient.netty.handler.HttpHandler - 

Request DefaultFullHttpRequest(decodeResult: success, version: HTTP/1.1, content: EmptyByteBufBE)
GET /session/87eceb0d2ff57e1a97eb7724294c1da5/element/CC8ECB9311D09294C9FBB1DA4C517CFC_element_72/name HTTP/1.1
User-Agent: selenium/4.8.1 (java windows)
Cache-Control: no-cache
Content-Type: application/json; charset=utf-8
host: localhost:12593
accept: */*

Response DefaultHttpResponse(decodeResult: success, version: HTTP/1.1)
HTTP/1.1 200 OK
Content-Length: 16
Content-Type: application/json; charset=utf-8
cache-control: no-cache

14:27:05.280 [AsyncHttpClient-1-7] DEBUG org.asynchttpclient.netty.channel.ChannelManager - Adding key: http://localhost:12593 for channel [id: 0xeaeee574, L:/127.0.0.1:59085 - R:localhost/127.0.0.1:12593]
14:27:05.280 [Forwarding getElementTagName on session 87eceb0d2ff57e1a97eb7724294c1da5 to remote] DEBUG org.asynchttpclient.netty.request.NettyRequestSender - Using pooled Channel '[id: 0xeaeee574, L:/127.0.0.1:59085 - R:localhost/127.0.0.1:12593]' for 'GET' to 'http://localhost:12593/session/87eceb0d2ff57e1a97eb7724294c1da5/element/CC8ECB9311D09294C9FBB1DA4C517CFC_element_72/name'
14:27:05.280 [Forwarding getElementTagName on session 87eceb0d2ff57e1a97eb7724294c1da5 to remote] DEBUG org.asynchttpclient.netty.request.NettyRequestSender - Using open Channel [id: 0xeaeee574, L:/127.0.0.1:59085 - R:localhost/127.0.0.1:12593] for GET '/session/87eceb0d2ff57e1a97eb7724294c1da5/element/CC8ECB9311D09294C9FBB1DA4C517CFC_element_72/name'
14:27:05.295 [AsyncHttpClient-1-7] DEBUG org.asynchttpclient.netty.handler.HttpHandler - 

Request DefaultFullHttpRequest(decodeResult: success, version: HTTP/1.1, content: EmptyByteBufBE)
GET /session/87eceb0d2ff57e1a97eb7724294c1da5/element/CC8ECB9311D09294C9FBB1DA4C517CFC_element_72/name HTTP/1.1
User-Agent: selenium/4.8.1 (java windows)
Cache-Control: no-cache
Content-Type: application/json; charset=utf-8
host: localhost:12593
accept: */*

Response DefaultHttpResponse(decodeResult: success, version: HTTP/1.1)
HTTP/1.1 200 OK
Content-Length: 16
Content-Type: application/json; charset=utf-8
cache-control: no-cache

14:27:05.295 [AsyncHttpClient-1-7] DEBUG org.asynchttpclient.netty.channel.ChannelManager - Adding key: http://localhost:12593 for channel [id: 0xeaeee574, L:/127.0.0.1:59085 - R:localhost/127.0.0.1:12593]
14:27:05.302 [Forwarding findElement on session 87eceb0d2ff57e1a97eb7724294c1da5 to remote] DEBUG org.asynchttpclient.netty.request.NettyRequestSender - Using pooled Channel '[id: 0xeaeee574, L:/127.0.0.1:59085 - R:localhost/127.0.0.1:12593]' for 'POST' to 'http://localhost:12593/session/87eceb0d2ff57e1a97eb7724294c1da5/element'
14:27:05.302 [Forwarding findElement on session 87eceb0d2ff57e1a97eb7724294c1da5 to remote] DEBUG org.asynchttpclient.netty.request.NettyRequestSender - Using open Channel [id: 0xeaeee574, L:/127.0.0.1:59085 - R:localhost/127.0.0.1:12593] for POST '/session/87eceb0d2ff57e1a97eb7724294c1da5/element'
14:27:05.313 [AsyncHttpClient-1-7] DEBUG org.asynchttpclient.netty.handler.HttpHandler - 

Request DefaultHttpRequest(decodeResult: success, version: HTTP/1.1)
POST /session/87eceb0d2ff57e1a97eb7724294c1da5/element HTTP/1.1
User-Agent: selenium/4.8.1 (java windows)
Content-Length: 78
Content-Type: application/json; charset=utf-8
host: localhost:12593
accept: */*

Response DefaultHttpResponse(decodeResult: success, version: HTTP/1.1)
HTTP/1.1 200 OK
Content-Length: 95
Content-Type: application/json; charset=utf-8
cache-control: no-cache

14:27:05.313 [AsyncHttpClient-1-7] DEBUG org.asynchttpclient.netty.channel.ChannelManager - Adding key: http://localhost:12593 for channel [id: 0xeaeee574, L:/127.0.0.1:59085 - R:localhost/127.0.0.1:12593]
14:27:05.313 [Forwarding clickElement on session 87eceb0d2ff57e1a97eb7724294c1da5 to remote] DEBUG org.asynchttpclient.netty.request.NettyRequestSender - Using pooled Channel '[id: 0xeaeee574, L:/127.0.0.1:59085 - R:localhost/127.0.0.1:12593]' for 'POST' to 'http://localhost:12593/session/87eceb0d2ff57e1a97eb7724294c1da5/element/CC8ECB9311D09294C9FBB1DA4C517CFC_element_72/click'
14:27:05.313 [Forwarding clickElement on session 87eceb0d2ff57e1a97eb7724294c1da5 to remote] DEBUG org.asynchttpclient.netty.request.NettyRequestSender - Using open Channel [id: 0xeaeee574, L:/127.0.0.1:59085 - R:localhost/127.0.0.1:12593] for POST '/session/87eceb0d2ff57e1a97eb7724294c1da5/element/CC8ECB9311D09294C9FBB1DA4C517CFC_element_72/click'
14:27:05.697 [AsyncHttpClient-1-1] DEBUG org.asynchttpclient.netty.channel.DefaultChannelPool - Entry count for : http://localhost:59086 : 1
14:27:06.798 [AsyncHttpClient-1-1] DEBUG org.asynchttpclient.netty.channel.DefaultChannelPool - Entry count for : http://localhost:59086 : 1
14:27:06.880 [AsyncHttpClient-1-7] DEBUG org.asynchttpclient.netty.handler.HttpHandler - 

Request DefaultHttpRequest(decodeResult: success, version: HTTP/1.1)
POST /session/87eceb0d2ff57e1a97eb7724294c1da5/element/CC8ECB9311D09294C9FBB1DA4C517CFC_element_72/click HTTP/1.1
User-Agent: selenium/4.8.1 (java windows)
Content-Length: 57
Content-Type: application/json; charset=utf-8
host: localhost:12593
accept: */*

Response DefaultHttpResponse(decodeResult: success, version: HTTP/1.1)
HTTP/1.1 200 OK
Content-Length: 14
Content-Type: application/json; charset=utf-8
cache-control: no-cache

14:27:06.880 [AsyncHttpClient-1-7] DEBUG org.asynchttpclient.netty.channel.ChannelManager - Adding key: http://localhost:12593 for channel [id: 0xeaeee574, L:/127.0.0.1:59085 - R:localhost/127.0.0.1:12593]
14:27:06.896 [Forwarding getAlertText on session 87eceb0d2ff57e1a97eb7724294c1da5 to remote] DEBUG org.asynchttpclient.netty.request.NettyRequestSender - Using pooled Channel '[id: 0xeaeee574, L:/127.0.0.1:59085 - R:localhost/127.0.0.1:12593]' for 'GET' to 'http://localhost:12593/session/87eceb0d2ff57e1a97eb7724294c1da5/alert/text'
14:27:06.896 [Forwarding getAlertText on session 87eceb0d2ff57e1a97eb7724294c1da5 to remote] DEBUG org.asynchttpclient.netty.request.NettyRequestSender - Using open Channel [id: 0xeaeee574, L:/127.0.0.1:59085 - R:localhost/127.0.0.1:12593] for GET '/session/87eceb0d2ff57e1a97eb7724294c1da5/alert/text'
14:27:06.960 [AsyncHttpClient-1-7] DEBUG org.asynchttpclient.netty.handler.HttpHandler - 

Request DefaultFullHttpRequest(decodeResult: success, version: HTTP/1.1, content: EmptyByteBufBE)
GET /session/87eceb0d2ff57e1a97eb7724294c1da5/alert/text HTTP/1.1
User-Agent: selenium/4.8.1 (java windows)
Cache-Control: no-cache
Content-Type: application/json; charset=utf-8
host: localhost:12593
accept: */*

Response DefaultHttpResponse(decodeResult: success, version: HTTP/1.1)
HTTP/1.1 404 Not Found
Content-Length: 821
Content-Type: application/json; charset=utf-8
cache-control: no-cache

14:27:06.960 [AsyncHttpClient-1-7] DEBUG org.asynchttpclient.netty.channel.ChannelManager - Adding key: http://localhost:12593 for channel [id: 0xeaeee574, L:/127.0.0.1:59085 - R:localhost/127.0.0.1:12593]
14:27:06.966 [Forwarding getCurrentUrl on session 87eceb0d2ff57e1a97eb7724294c1da5 to remote] DEBUG org.asynchttpclient.netty.request.NettyRequestSender - Using pooled Channel '[id: 0xeaeee574, L:/127.0.0.1:59085 - R:localhost/127.0.0.1:12593]' for 'GET' to 'http://localhost:12593/session/87eceb0d2ff57e1a97eb7724294c1da5/url'
14:27:06.966 [Forwarding getCurrentUrl on session 87eceb0d2ff57e1a97eb7724294c1da5 to remote] DEBUG org.asynchttpclient.netty.request.NettyRequestSender - Using open Channel [id: 0xeaeee574, L:/127.0.0.1:59085 - R:localhost/127.0.0.1:12593] for GET '/session/87eceb0d2ff57e1a97eb7724294c1da5/url'
14:27:06.985 [AsyncHttpClient-1-7] DEBUG org.asynchttpclient.netty.handler.HttpHandler - 

Request DefaultFullHttpRequest(decodeResult: success, version: HTTP/1.1, content: EmptyByteBufBE)
GET /session/87eceb0d2ff57e1a97eb7724294c1da5/url HTTP/1.1
User-Agent: selenium/4.8.1 (java windows)
Cache-Control: no-cache
Content-Type: application/json; charset=utf-8
host: localhost:12593
accept: */*

Response DefaultHttpResponse(decodeResult: success, version: HTTP/1.1)
HTTP/1.1 200 OK
Content-Length: 62
Content-Type: application/json; charset=utf-8
cache-control: no-cache

14:27:06.985 [AsyncHttpClient-1-7] DEBUG org.asynchttpclient.netty.channel.ChannelManager - Adding key: http://localhost:12593 for channel [id: 0xeaeee574, L:/127.0.0.1:59085 - R:localhost/127.0.0.1:12593]
14:27:06.987 [Forwarding screenshot on session 87eceb0d2ff57e1a97eb7724294c1da5 to remote] DEBUG org.asynchttpclient.netty.request.NettyRequestSender - Using pooled Channel '[id: 0xeaeee574, L:/127.0.0.1:59085 - R:localhost/127.0.0.1:12593]' for 'GET' to 'http://localhost:12593/session/87eceb0d2ff57e1a97eb7724294c1da5/screenshot'
14:27:06.987 [Forwarding screenshot on session 87eceb0d2ff57e1a97eb7724294c1da5 to remote] DEBUG org.asynchttpclient.netty.request.NettyRequestSender - Using open Channel [id: 0xeaeee574, L:/127.0.0.1:59085 - R:localhost/127.0.0.1:12593] for GET '/session/87eceb0d2ff57e1a97eb7724294c1da5/screenshot'
14:27:07.545 [AsyncHttpClient-1-7] DEBUG org.asynchttpclient.netty.handler.HttpHandler - 

Request DefaultFullHttpRequest(decodeResult: success, version: HTTP/1.1, content: EmptyByteBufBE)
GET /session/87eceb0d2ff57e1a97eb7724294c1da5/screenshot HTTP/1.1
User-Agent: selenium/4.8.1 (java windows)
Cache-Control: no-cache
Content-Type: application/json; charset=utf-8
host: localhost:12593
accept: */*

Response DefaultHttpResponse(decodeResult: success, version: HTTP/1.1)
HTTP/1.1 200 OK
Content-Length: 177264
Content-Type: application/json; charset=utf-8
cache-control: no-cache

14:27:07.545 [AsyncHttpClient-1-7] DEBUG org.asynchttpclient.netty.channel.ChannelManager - Adding key: http://localhost:12593 for channel [id: 0xeaeee574, L:/127.0.0.1:59085 - R:localhost/127.0.0.1:12593]
14:27:07.557 [main] DEBUG net.serenitybdd.core.photography.Darkroom - Send negative for processing for target\site\serenity\c9f5bb3ed2421ebf066a8b66d4d70aa6429f6bb5439d4c6d02ea7eab0ac78187.png
14:27:07.561 [main] DEBUG net.thucydides.core.steps.StepInterceptor - STEP DONE: Click_Readmoreoption_sendusamessage
14:27:07.563 [Darkroom Processing Line] DEBUG net.serenitybdd.core.photography.DarkroomProcessingLine - Processing screenshot image in /var/screenshots/screenshot-5177074042136932353
14:27:07.563 [Darkroom Processing Line] DEBUG net.serenitybdd.core.photography.DarkroomProcessingLine - Saving screenshot to target\site\serenity\c9f5bb3ed2421ebf066a8b66d4d70aa6429f6bb5439d4c6d02ea7eab0ac78187.png
14:27:07.589 [Forwarding getPageSource on session 87eceb0d2ff57e1a97eb7724294c1da5 to remote] DEBUG org.asynchttpclient.netty.request.NettyRequestSender - Using pooled Channel '[id: 0xeaeee574, L:/127.0.0.1:59085 - R:localhost/127.0.0.1:12593]' for 'POST' to 'http://localhost:12593/session/87eceb0d2ff57e1a97eb7724294c1da5/execute/sync'
14:27:07.589 [Forwarding getPageSource on session 87eceb0d2ff57e1a97eb7724294c1da5 to remote] DEBUG org.asynchttpclient.netty.request.NettyRequestSender - Using open Channel [id: 0xeaeee574, L:/127.0.0.1:59085 - R:localhost/127.0.0.1:12593] for POST '/session/87eceb0d2ff57e1a97eb7724294c1da5/execute/sync'
14:27:07.695 [AsyncHttpClient-1-7] DEBUG org.asynchttpclient.netty.handler.HttpHandler - 

Request DefaultHttpRequest(decodeResult: success, version: HTTP/1.1)
POST /session/87eceb0d2ff57e1a97eb7724294c1da5/execute/sync HTTP/1.1
User-Agent: selenium/4.8.1 (java windows)
Content-Length: 176
Content-Type: application/json; charset=utf-8
host: localhost:12593
accept: */*

Response DefaultHttpResponse(decodeResult: success, version: HTTP/1.1)
HTTP/1.1 200 OK
Content-Length: 92113
Content-Type: application/json; charset=utf-8
cache-control: no-cache

14:27:07.695 [AsyncHttpClient-1-7] DEBUG org.asynchttpclient.netty.channel.ChannelManager - Adding key: http://localhost:12593 for channel [id: 0xeaeee574, L:/127.0.0.1:59085 - R:localhost/127.0.0.1:12593]
14:27:07.714 [Forwarding getCurrentUrl on session 87eceb0d2ff57e1a97eb7724294c1da5 to remote] DEBUG org.asynchttpclient.netty.request.NettyRequestSender - Using pooled Channel '[id: 0xeaeee574, L:/127.0.0.1:59085 - R:localhost/127.0.0.1:12593]' for 'GET' to 'http://localhost:12593/session/87eceb0d2ff57e1a97eb7724294c1da5/url'
14:27:07.714 [Forwarding getCurrentUrl on session 87eceb0d2ff57e1a97eb7724294c1da5 to remote] DEBUG org.asynchttpclient.netty.request.NettyRequestSender - Using open Channel [id: 0xeaeee574, L:/127.0.0.1:59085 - R:localhost/127.0.0.1:12593] for GET '/session/87eceb0d2ff57e1a97eb7724294c1da5/url'
14:27:07.830 [AsyncHttpClient-1-7] DEBUG org.asynchttpclient.netty.handler.HttpHandler - 

Request DefaultFullHttpRequest(decodeResult: success, version: HTTP/1.1, content: EmptyByteBufBE)
GET /session/87eceb0d2ff57e1a97eb7724294c1da5/url HTTP/1.1
User-Agent: selenium/4.8.1 (java windows)
Cache-Control: no-cache
Content-Type: application/json; charset=utf-8
host: localhost:12593
accept: */*

Response DefaultHttpResponse(decodeResult: success, version: HTTP/1.1)
HTTP/1.1 200 OK
Content-Length: 62
Content-Type: application/json; charset=utf-8
cache-control: no-cache

14:27:07.830 [AsyncHttpClient-1-7] DEBUG org.asynchttpclient.netty.channel.ChannelManager - Adding key: http://localhost:12593 for channel [id: 0xeaeee574, L:/127.0.0.1:59085 - R:localhost/127.0.0.1:12593]
14:27:07.843 [Forwarding getAlertText on session 87eceb0d2ff57e1a97eb7724294c1da5 to remote] DEBUG org.asynchttpclient.netty.request.NettyRequestSender - Using pooled Channel '[id: 0xeaeee574, L:/127.0.0.1:59085 - R:localhost/127.0.0.1:12593]' for 'GET' to 'http://localhost:12593/session/87eceb0d2ff57e1a97eb7724294c1da5/alert/text'
14:27:07.843 [Forwarding getAlertText on session 87eceb0d2ff57e1a97eb7724294c1da5 to remote] DEBUG org.asynchttpclient.netty.request.NettyRequestSender - Using open Channel [id: 0xeaeee574, L:/127.0.0.1:59085 - R:localhost/127.0.0.1:12593] for GET '/session/87eceb0d2ff57e1a97eb7724294c1da5/alert/text'
14:27:07.843 [AsyncHttpClient-1-7] DEBUG org.asynchttpclient.netty.handler.HttpHandler - 

Request DefaultFullHttpRequest(decodeResult: success, version: HTTP/1.1, content: EmptyByteBufBE)
GET /session/87eceb0d2ff57e1a97eb7724294c1da5/alert/text HTTP/1.1
User-Agent: selenium/4.8.1 (java windows)
Cache-Control: no-cache
Content-Type: application/json; charset=utf-8
host: localhost:12593
accept: */*

Response DefaultHttpResponse(decodeResult: success, version: HTTP/1.1)
HTTP/1.1 404 Not Found
Content-Length: 821
Content-Type: application/json; charset=utf-8
cache-control: no-cache

14:27:07.851 [AsyncHttpClient-1-7] DEBUG org.asynchttpclient.netty.channel.ChannelManager - Adding key: http://localhost:12593 for channel [id: 0xeaeee574, L:/127.0.0.1:59085 - R:localhost/127.0.0.1:12593]
14:27:07.851 [Forwarding getCurrentUrl on session 87eceb0d2ff57e1a97eb7724294c1da5 to remote] DEBUG org.asynchttpclient.netty.request.NettyRequestSender - Using pooled Channel '[id: 0xeaeee574, L:/127.0.0.1:59085 - R:localhost/127.0.0.1:12593]' for 'GET' to 'http://localhost:12593/session/87eceb0d2ff57e1a97eb7724294c1da5/url'
14:27:07.851 [Forwarding getCurrentUrl on session 87eceb0d2ff57e1a97eb7724294c1da5 to remote] DEBUG org.asynchttpclient.netty.request.NettyRequestSender - Using open Channel [id: 0xeaeee574, L:/127.0.0.1:59085 - R:localhost/127.0.0.1:12593] for GET '/session/87eceb0d2ff57e1a97eb7724294c1da5/url'
14:27:07.862 [AsyncHttpClient-1-7] DEBUG org.asynchttpclient.netty.handler.HttpHandler - 

Request DefaultFullHttpRequest(decodeResult: success, version: HTTP/1.1, content: EmptyByteBufBE)
GET /session/87eceb0d2ff57e1a97eb7724294c1da5/url HTTP/1.1
User-Agent: selenium/4.8.1 (java windows)
Cache-Control: no-cache
Content-Type: application/json; charset=utf-8
host: localhost:12593
accept: */*

Response DefaultHttpResponse(decodeResult: success, version: HTTP/1.1)
HTTP/1.1 200 OK
Content-Length: 62
Content-Type: application/json; charset=utf-8
cache-control: no-cache

14:27:07.862 [AsyncHttpClient-1-7] DEBUG org.asynchttpclient.netty.channel.ChannelManager - Adding key: http://localhost:12593 for channel [id: 0xeaeee574, L:/127.0.0.1:59085 - R:localhost/127.0.0.1:12593]
14:27:07.862 [Forwarding screenshot on session 87eceb0d2ff57e1a97eb7724294c1da5 to remote] DEBUG org.asynchttpclient.netty.request.NettyRequestSender - Using pooled Channel '[id: 0xeaeee574, L:/127.0.0.1:59085 - R:localhost/127.0.0.1:12593]' for 'GET' to 'http://localhost:12593/session/87eceb0d2ff57e1a97eb7724294c1da5/screenshot'
14:27:07.862 [Forwarding screenshot on session 87eceb0d2ff57e1a97eb7724294c1da5 to remote] DEBUG org.asynchttpclient.netty.request.NettyRequestSender - Using open Channel [id: 0xeaeee574, L:/127.0.0.1:59085 - R:localhost/127.0.0.1:12593] for GET '/session/87eceb0d2ff57e1a97eb7724294c1da5/screenshot'
14:27:07.902 [AsyncHttpClient-1-1] DEBUG org.asynchttpclient.netty.channel.DefaultChannelPool - Entry count for : http://localhost:59086 : 1
14:27:08.097 [AsyncHttpClient-1-7] DEBUG org.asynchttpclient.netty.handler.HttpHandler - 

Request DefaultFullHttpRequest(decodeResult: success, version: HTTP/1.1, content: EmptyByteBufBE)
GET /session/87eceb0d2ff57e1a97eb7724294c1da5/screenshot HTTP/1.1
User-Agent: selenium/4.8.1 (java windows)
Cache-Control: no-cache
Content-Type: application/json; charset=utf-8
host: localhost:12593
accept: */*

Response DefaultHttpResponse(decodeResult: success, version: HTTP/1.1)
HTTP/1.1 200 OK
Content-Length: 177264
Content-Type: application/json; charset=utf-8
cache-control: no-cache

14:27:08.097 [AsyncHttpClient-1-7] DEBUG org.asynchttpclient.netty.channel.ChannelManager - Adding key: http://localhost:12593 for channel [id: 0xeaeee574, L:/127.0.0.1:59085 - R:localhost/127.0.0.1:12593]
14:27:08.107 [main] DEBUG net.serenitybdd.core.photography.Darkroom - Send negative for processing for target\site\serenity\c9f5bb3ed2421ebf066a8b66d4d70aa6429f6bb5439d4c6d02ea7eab0ac78187.png
14:27:08.107 [Forwarding getPageSource on session 87eceb0d2ff57e1a97eb7724294c1da5 to remote] DEBUG org.asynchttpclient.netty.request.NettyRequestSender - Using pooled Channel '[id: 0xeaeee574, L:/127.0.0.1:59085 - R:localhost/127.0.0.1:12593]' for 'POST' to 'http://localhost:12593/session/87eceb0d2ff57e1a97eb7724294c1da5/execute/sync'
14:27:08.107 [Forwarding getPageSource on session 87eceb0d2ff57e1a97eb7724294c1da5 to remote] DEBUG org.asynchttpclient.netty.request.NettyRequestSender - Using open Channel [id: 0xeaeee574, L:/127.0.0.1:59085 - R:localhost/127.0.0.1:12593] for POST '/session/87eceb0d2ff57e1a97eb7724294c1da5/execute/sync'
14:27:08.139 [AsyncHttpClient-1-7] DEBUG org.asynchttpclient.netty.handler.HttpHandler - 

Request DefaultHttpRequest(decodeResult: success, version: HTTP/1.1)
POST /session/87eceb0d2ff57e1a97eb7724294c1da5/execute/sync HTTP/1.1
User-Agent: selenium/4.8.1 (java windows)
Content-Length: 176
Content-Type: application/json; charset=utf-8
host: localhost:12593
accept: */*

Response DefaultHttpResponse(decodeResult: success, version: HTTP/1.1)
HTTP/1.1 200 OK
Content-Length: 92113
Content-Type: application/json; charset=utf-8
cache-control: no-cache

14:27:08.139 [AsyncHttpClient-1-7] DEBUG org.asynchttpclient.netty.channel.ChannelManager - Adding key: http://localhost:12593 for channel [id: 0xeaeee574, L:/127.0.0.1:59085 - R:localhost/127.0.0.1:12593]
14:27:08.156 [Forwarding getCurrentUrl on session 87eceb0d2ff57e1a97eb7724294c1da5 to remote] DEBUG org.asynchttpclient.netty.request.NettyRequestSender - Using pooled Channel '[id: 0xeaeee574, L:/127.0.0.1:59085 - R:localhost/127.0.0.1:12593]' for 'GET' to 'http://localhost:12593/session/87eceb0d2ff57e1a97eb7724294c1da5/url'
14:27:08.156 [Forwarding getCurrentUrl on session 87eceb0d2ff57e1a97eb7724294c1da5 to remote] DEBUG org.asynchttpclient.netty.request.NettyRequestSender - Using open Channel [id: 0xeaeee574, L:/127.0.0.1:59085 - R:localhost/127.0.0.1:12593] for GET '/session/87eceb0d2ff57e1a97eb7724294c1da5/url'
14:27:08.160 [AsyncHttpClient-1-7] DEBUG org.asynchttpclient.netty.handler.HttpHandler - 

Request DefaultFullHttpRequest(decodeResult: success, version: HTTP/1.1, content: EmptyByteBufBE)
GET /session/87eceb0d2ff57e1a97eb7724294c1da5/url HTTP/1.1
User-Agent: selenium/4.8.1 (java windows)
Cache-Control: no-cache
Content-Type: application/json; charset=utf-8
host: localhost:12593
accept: */*

Response DefaultHttpResponse(decodeResult: success, version: HTTP/1.1)
HTTP/1.1 200 OK
Content-Length: 62
Content-Type: application/json; charset=utf-8
cache-control: no-cache

14:27:08.160 [AsyncHttpClient-1-7] DEBUG org.asynchttpclient.netty.channel.ChannelManager - Adding key: http://localhost:12593 for channel [id: 0xeaeee574, L:/127.0.0.1:59085 - R:localhost/127.0.0.1:12593]
14:27:08.171 [main] DEBUG net.thucydides.core.steps.StepInterceptor - STARTING STEP: Afrexim_OurBank_Contactus_Sendmessage_steps.validate_send_us_a_message - Validate_Sendusamessage
14:27:08.171 [Forwarding findElement on session 87eceb0d2ff57e1a97eb7724294c1da5 to remote] DEBUG org.asynchttpclient.netty.request.NettyRequestSender - Using pooled Channel '[id: 0xeaeee574, L:/127.0.0.1:59085 - R:localhost/127.0.0.1:12593]' for 'POST' to 'http://localhost:12593/session/87eceb0d2ff57e1a97eb7724294c1da5/element'
14:27:08.171 [Forwarding findElement on session 87eceb0d2ff57e1a97eb7724294c1da5 to remote] DEBUG org.asynchttpclient.netty.request.NettyRequestSender - Using open Channel [id: 0xeaeee574, L:/127.0.0.1:59085 - R:localhost/127.0.0.1:12593] for POST '/session/87eceb0d2ff57e1a97eb7724294c1da5/element'
14:27:08.195 [AsyncHttpClient-1-7] DEBUG org.asynchttpclient.netty.handler.HttpHandler - 

Request DefaultHttpRequest(decodeResult: success, version: HTTP/1.1)
POST /session/87eceb0d2ff57e1a97eb7724294c1da5/element HTTP/1.1
User-Agent: selenium/4.8.1 (java windows)
Content-Length: 79
Content-Type: application/json; charset=utf-8
host: localhost:12593
accept: */*

Response DefaultHttpResponse(decodeResult: success, version: HTTP/1.1)
HTTP/1.1 200 OK
Content-Length: 95
Content-Type: application/json; charset=utf-8
cache-control: no-cache

14:27:08.195 [AsyncHttpClient-1-7] DEBUG org.asynchttpclient.netty.channel.ChannelManager - Adding key: http://localhost:12593 for channel [id: 0xeaeee574, L:/127.0.0.1:59085 - R:localhost/127.0.0.1:12593]
14:27:08.203 [Forwarding isElementDisplayed on session 87eceb0d2ff57e1a97eb7724294c1da5 to remote] DEBUG org.asynchttpclient.netty.request.NettyRequestSender - Using pooled Channel '[id: 0xeaeee574, L:/127.0.0.1:59085 - R:localhost/127.0.0.1:12593]' for 'POST' to 'http://localhost:12593/session/87eceb0d2ff57e1a97eb7724294c1da5/execute/sync'
14:27:08.203 [Forwarding isElementDisplayed on session 87eceb0d2ff57e1a97eb7724294c1da5 to remote] DEBUG org.asynchttpclient.netty.request.NettyRequestSender - Using open Channel [id: 0xeaeee574, L:/127.0.0.1:59085 - R:localhost/127.0.0.1:12593] for POST '/session/87eceb0d2ff57e1a97eb7724294c1da5/execute/sync'
14:27:08.229 [AsyncHttpClient-1-7] DEBUG org.asynchttpclient.netty.handler.HttpHandler - 

Request DefaultHttpRequest(decodeResult: success, version: HTTP/1.1)
POST /session/87eceb0d2ff57e1a97eb7724294c1da5/execute/sync HTTP/1.1
User-Agent: selenium/4.8.1 (java windows)
Content-Length: 48814
Content-Type: application/json; charset=utf-8
host: localhost:12593
accept: */*

Response DefaultHttpResponse(decodeResult: success, version: HTTP/1.1)
HTTP/1.1 200 OK
Content-Length: 14
Content-Type: application/json; charset=utf-8
cache-control: no-cache

14:27:08.229 [AsyncHttpClient-1-7] DEBUG org.asynchttpclient.netty.channel.ChannelManager - Adding key: http://localhost:12593 for channel [id: 0xeaeee574, L:/127.0.0.1:59085 - R:localhost/127.0.0.1:12593]
14:27:08.235 [Forwarding getAlertText on session 87eceb0d2ff57e1a97eb7724294c1da5 to remote] DEBUG org.asynchttpclient.netty.request.NettyRequestSender - Using pooled Channel '[id: 0xeaeee574, L:/127.0.0.1:59085 - R:localhost/127.0.0.1:12593]' for 'GET' to 'http://localhost:12593/session/87eceb0d2ff57e1a97eb7724294c1da5/alert/text'
14:27:08.235 [Forwarding getAlertText on session 87eceb0d2ff57e1a97eb7724294c1da5 to remote] DEBUG org.asynchttpclient.netty.request.NettyRequestSender - Using open Channel [id: 0xeaeee574, L:/127.0.0.1:59085 - R:localhost/127.0.0.1:12593] for GET '/session/87eceb0d2ff57e1a97eb7724294c1da5/alert/text'
14:27:08.235 [AsyncHttpClient-1-7] DEBUG org.asynchttpclient.netty.handler.HttpHandler - 

Request DefaultFullHttpRequest(decodeResult: success, version: HTTP/1.1, content: EmptyByteBufBE)
GET /session/87eceb0d2ff57e1a97eb7724294c1da5/alert/text HTTP/1.1
User-Agent: selenium/4.8.1 (java windows)
Cache-Control: no-cache
Content-Type: application/json; charset=utf-8
host: localhost:12593
accept: */*

Response DefaultHttpResponse(decodeResult: success, version: HTTP/1.1)
HTTP/1.1 404 Not Found
Content-Length: 821
Content-Type: application/json; charset=utf-8
cache-control: no-cache

14:27:08.235 [AsyncHttpClient-1-7] DEBUG org.asynchttpclient.netty.channel.ChannelManager - Adding key: http://localhost:12593 for channel [id: 0xeaeee574, L:/127.0.0.1:59085 - R:localhost/127.0.0.1:12593]
14:27:08.747 [Forwarding getAlertText on session 87eceb0d2ff57e1a97eb7724294c1da5 to remote] DEBUG org.asynchttpclient.netty.request.NettyRequestSender - Using pooled Channel '[id: 0xeaeee574, L:/127.0.0.1:59085 - R:localhost/127.0.0.1:12593]' for 'GET' to 'http://localhost:12593/session/87eceb0d2ff57e1a97eb7724294c1da5/alert/text'
14:27:08.747 [Forwarding getAlertText on session 87eceb0d2ff57e1a97eb7724294c1da5 to remote] DEBUG org.asynchttpclient.netty.request.NettyRequestSender - Using open Channel [id: 0xeaeee574, L:/127.0.0.1:59085 - R:localhost/127.0.0.1:12593] for GET '/session/87eceb0d2ff57e1a97eb7724294c1da5/alert/text'
14:27:08.747 [AsyncHttpClient-1-7] DEBUG org.asynchttpclient.netty.handler.HttpHandler - 

Request DefaultFullHttpRequest(decodeResult: success, version: HTTP/1.1, content: EmptyByteBufBE)
GET /session/87eceb0d2ff57e1a97eb7724294c1da5/alert/text HTTP/1.1
User-Agent: selenium/4.8.1 (java windows)
Cache-Control: no-cache
Content-Type: application/json; charset=utf-8
host: localhost:12593
accept: */*

Response DefaultHttpResponse(decodeResult: success, version: HTTP/1.1)
HTTP/1.1 404 Not Found
Content-Length: 821
Content-Type: application/json; charset=utf-8
cache-control: no-cache

14:27:08.747 [AsyncHttpClient-1-7] DEBUG org.asynchttpclient.netty.channel.ChannelManager - Adding key: http://localhost:12593 for channel [id: 0xeaeee574, L:/127.0.0.1:59085 - R:localhost/127.0.0.1:12593]
14:27:08.747 [Forwarding getCurrentUrl on session 87eceb0d2ff57e1a97eb7724294c1da5 to remote] DEBUG org.asynchttpclient.netty.request.NettyRequestSender - Using pooled Channel '[id: 0xeaeee574, L:/127.0.0.1:59085 - R:localhost/127.0.0.1:12593]' for 'GET' to 'http://localhost:12593/session/87eceb0d2ff57e1a97eb7724294c1da5/url'
14:27:08.747 [Forwarding getCurrentUrl on session 87eceb0d2ff57e1a97eb7724294c1da5 to remote] DEBUG org.asynchttpclient.netty.request.NettyRequestSender - Using open Channel [id: 0xeaeee574, L:/127.0.0.1:59085 - R:localhost/127.0.0.1:12593] for GET '/session/87eceb0d2ff57e1a97eb7724294c1da5/url'
14:27:08.763 [AsyncHttpClient-1-7] DEBUG org.asynchttpclient.netty.handler.HttpHandler - 

Request DefaultFullHttpRequest(decodeResult: success, version: HTTP/1.1, content: EmptyByteBufBE)
GET /session/87eceb0d2ff57e1a97eb7724294c1da5/url HTTP/1.1
User-Agent: selenium/4.8.1 (java windows)
Cache-Control: no-cache
Content-Type: application/json; charset=utf-8
host: localhost:12593
accept: */*

Response DefaultHttpResponse(decodeResult: success, version: HTTP/1.1)
HTTP/1.1 200 OK
Content-Length: 62
Content-Type: application/json; charset=utf-8
cache-control: no-cache

14:27:08.763 [AsyncHttpClient-1-7] DEBUG org.asynchttpclient.netty.channel.ChannelManager - Adding key: http://localhost:12593 for channel [id: 0xeaeee574, L:/127.0.0.1:59085 - R:localhost/127.0.0.1:12593]
14:27:08.769 [Forwarding screenshot on session 87eceb0d2ff57e1a97eb7724294c1da5 to remote] DEBUG org.asynchttpclient.netty.request.NettyRequestSender - Using pooled Channel '[id: 0xeaeee574, L:/127.0.0.1:59085 - R:localhost/127.0.0.1:12593]' for 'GET' to 'http://localhost:12593/session/87eceb0d2ff57e1a97eb7724294c1da5/screenshot'
14:27:08.769 [Forwarding screenshot on session 87eceb0d2ff57e1a97eb7724294c1da5 to remote] DEBUG org.asynchttpclient.netty.request.NettyRequestSender - Using open Channel [id: 0xeaeee574, L:/127.0.0.1:59085 - R:localhost/127.0.0.1:12593] for GET '/session/87eceb0d2ff57e1a97eb7724294c1da5/screenshot'
14:27:08.993 [AsyncHttpClient-1-1] DEBUG org.asynchttpclient.netty.channel.DefaultChannelPool - Entry count for : http://localhost:59086 : 1
14:27:09.131 [AsyncHttpClient-1-7] DEBUG org.asynchttpclient.netty.handler.HttpHandler - 

Request DefaultFullHttpRequest(decodeResult: success, version: HTTP/1.1, content: EmptyByteBufBE)
GET /session/87eceb0d2ff57e1a97eb7724294c1da5/screenshot HTTP/1.1
User-Agent: selenium/4.8.1 (java windows)
Cache-Control: no-cache
Content-Type: application/json; charset=utf-8
host: localhost:12593
accept: */*

Response DefaultHttpResponse(decodeResult: success, version: HTTP/1.1)
HTTP/1.1 200 OK
Content-Length: 177264
Content-Type: application/json; charset=utf-8
cache-control: no-cache

14:27:09.131 [AsyncHttpClient-1-7] DEBUG org.asynchttpclient.netty.channel.ChannelManager - Adding key: http://localhost:12593 for channel [id: 0xeaeee574, L:/127.0.0.1:59085 - R:localhost/127.0.0.1:12593]
14:27:09.147 [main] DEBUG net.serenitybdd.core.photography.Darkroom - Send negative for processing for target\site\serenity\c9f5bb3ed2421ebf066a8b66d4d70aa6429f6bb5439d4c6d02ea7eab0ac78187.png
14:27:09.147 [main] DEBUG net.thucydides.core.steps.StepInterceptor - STEP DONE: Validate_Sendusamessage
14:27:09.168 [Forwarding getPageSource on session 87eceb0d2ff57e1a97eb7724294c1da5 to remote] DEBUG org.asynchttpclient.netty.request.NettyRequestSender - Using pooled Channel '[id: 0xeaeee574, L:/127.0.0.1:59085 - R:localhost/127.0.0.1:12593]' for 'POST' to 'http://localhost:12593/session/87eceb0d2ff57e1a97eb7724294c1da5/execute/sync'
14:27:09.168 [Forwarding getPageSource on session 87eceb0d2ff57e1a97eb7724294c1da5 to remote] DEBUG org.asynchttpclient.netty.request.NettyRequestSender - Using open Channel [id: 0xeaeee574, L:/127.0.0.1:59085 - R:localhost/127.0.0.1:12593] for POST '/session/87eceb0d2ff57e1a97eb7724294c1da5/execute/sync'
14:27:09.201 [AsyncHttpClient-1-7] DEBUG org.asynchttpclient.netty.handler.HttpHandler - 

Request DefaultHttpRequest(decodeResult: success, version: HTTP/1.1)
POST /session/87eceb0d2ff57e1a97eb7724294c1da5/execute/sync HTTP/1.1
User-Agent: selenium/4.8.1 (java windows)
Content-Length: 176
Content-Type: application/json; charset=utf-8
host: localhost:12593
accept: */*

Response DefaultHttpResponse(decodeResult: success, version: HTTP/1.1)
HTTP/1.1 200 OK
Content-Length: 92113
Content-Type: application/json; charset=utf-8
cache-control: no-cache

14:27:09.201 [AsyncHttpClient-1-7] DEBUG org.asynchttpclient.netty.channel.ChannelManager - Adding key: http://localhost:12593 for channel [id: 0xeaeee574, L:/127.0.0.1:59085 - R:localhost/127.0.0.1:12593]
14:27:09.221 [Forwarding getCurrentUrl on session 87eceb0d2ff57e1a97eb7724294c1da5 to remote] DEBUG org.asynchttpclient.netty.request.NettyRequestSender - Using pooled Channel '[id: 0xeaeee574, L:/127.0.0.1:59085 - R:localhost/127.0.0.1:12593]' for 'GET' to 'http://localhost:12593/session/87eceb0d2ff57e1a97eb7724294c1da5/url'
14:27:09.221 [Forwarding getCurrentUrl on session 87eceb0d2ff57e1a97eb7724294c1da5 to remote] DEBUG org.asynchttpclient.netty.request.NettyRequestSender - Using open Channel [id: 0xeaeee574, L:/127.0.0.1:59085 - R:localhost/127.0.0.1:12593] for GET '/session/87eceb0d2ff57e1a97eb7724294c1da5/url'
14:27:09.238 [AsyncHttpClient-1-7] DEBUG org.asynchttpclient.netty.handler.HttpHandler - 

Request DefaultFullHttpRequest(decodeResult: success, version: HTTP/1.1, content: EmptyByteBufBE)
GET /session/87eceb0d2ff57e1a97eb7724294c1da5/url HTTP/1.1
User-Agent: selenium/4.8.1 (java windows)
Cache-Control: no-cache
Content-Type: application/json; charset=utf-8
host: localhost:12593
accept: */*

Response DefaultHttpResponse(decodeResult: success, version: HTTP/1.1)
HTTP/1.1 200 OK
Content-Length: 62
Content-Type: application/json; charset=utf-8
cache-control: no-cache

14:27:09.238 [AsyncHttpClient-1-7] DEBUG org.asynchttpclient.netty.channel.ChannelManager - Adding key: http://localhost:12593 for channel [id: 0xeaeee574, L:/127.0.0.1:59085 - R:localhost/127.0.0.1:12593]
14:27:09.264 [Forwarding getAlertText on session 87eceb0d2ff57e1a97eb7724294c1da5 to remote] DEBUG org.asynchttpclient.netty.request.NettyRequestSender - Using pooled Channel '[id: 0xeaeee574, L:/127.0.0.1:59085 - R:localhost/127.0.0.1:12593]' for 'GET' to 'http://localhost:12593/session/87eceb0d2ff57e1a97eb7724294c1da5/alert/text'
14:27:09.264 [Forwarding getAlertText on session 87eceb0d2ff57e1a97eb7724294c1da5 to remote] DEBUG org.asynchttpclient.netty.request.NettyRequestSender - Using open Channel [id: 0xeaeee574, L:/127.0.0.1:59085 - R:localhost/127.0.0.1:12593] for GET '/session/87eceb0d2ff57e1a97eb7724294c1da5/alert/text'
14:27:09.266 [AsyncHttpClient-1-7] DEBUG org.asynchttpclient.netty.handler.HttpHandler - 

Request DefaultFullHttpRequest(decodeResult: success, version: HTTP/1.1, content: EmptyByteBufBE)
GET /session/87eceb0d2ff57e1a97eb7724294c1da5/alert/text HTTP/1.1
User-Agent: selenium/4.8.1 (java windows)
Cache-Control: no-cache
Content-Type: application/json; charset=utf-8
host: localhost:12593
accept: */*

Response DefaultHttpResponse(decodeResult: success, version: HTTP/1.1)
HTTP/1.1 404 Not Found
Content-Length: 821
Content-Type: application/json; charset=utf-8
cache-control: no-cache

14:27:09.266 [AsyncHttpClient-1-7] DEBUG org.asynchttpclient.netty.channel.ChannelManager - Adding key: http://localhost:12593 for channel [id: 0xeaeee574, L:/127.0.0.1:59085 - R:localhost/127.0.0.1:12593]
14:27:09.270 [Forwarding getCurrentUrl on session 87eceb0d2ff57e1a97eb7724294c1da5 to remote] DEBUG org.asynchttpclient.netty.request.NettyRequestSender - Using pooled Channel '[id: 0xeaeee574, L:/127.0.0.1:59085 - R:localhost/127.0.0.1:12593]' for 'GET' to 'http://localhost:12593/session/87eceb0d2ff57e1a97eb7724294c1da5/url'
14:27:09.270 [Forwarding getCurrentUrl on session 87eceb0d2ff57e1a97eb7724294c1da5 to remote] DEBUG org.asynchttpclient.netty.request.NettyRequestSender - Using open Channel [id: 0xeaeee574, L:/127.0.0.1:59085 - R:localhost/127.0.0.1:12593] for GET '/session/87eceb0d2ff57e1a97eb7724294c1da5/url'
14:27:09.281 [AsyncHttpClient-1-7] DEBUG org.asynchttpclient.netty.handler.HttpHandler - 

Request DefaultFullHttpRequest(decodeResult: success, version: HTTP/1.1, content: EmptyByteBufBE)
GET /session/87eceb0d2ff57e1a97eb7724294c1da5/url HTTP/1.1
User-Agent: selenium/4.8.1 (java windows)
Cache-Control: no-cache
Content-Type: application/json; charset=utf-8
host: localhost:12593
accept: */*

Response DefaultHttpResponse(decodeResult: success, version: HTTP/1.1)
HTTP/1.1 200 OK
Content-Length: 62
Content-Type: application/json; charset=utf-8
cache-control: no-cache

14:27:09.281 [AsyncHttpClient-1-7] DEBUG org.asynchttpclient.netty.channel.ChannelManager - Adding key: http://localhost:12593 for channel [id: 0xeaeee574, L:/127.0.0.1:59085 - R:localhost/127.0.0.1:12593]
14:27:09.281 [Forwarding screenshot on session 87eceb0d2ff57e1a97eb7724294c1da5 to remote] DEBUG org.asynchttpclient.netty.request.NettyRequestSender - Using pooled Channel '[id: 0xeaeee574, L:/127.0.0.1:59085 - R:localhost/127.0.0.1:12593]' for 'GET' to 'http://localhost:12593/session/87eceb0d2ff57e1a97eb7724294c1da5/screenshot'
14:27:09.281 [Forwarding screenshot on session 87eceb0d2ff57e1a97eb7724294c1da5 to remote] DEBUG org.asynchttpclient.netty.request.NettyRequestSender - Using open Channel [id: 0xeaeee574, L:/127.0.0.1:59085 - R:localhost/127.0.0.1:12593] for GET '/session/87eceb0d2ff57e1a97eb7724294c1da5/screenshot'
14:27:09.531 [AsyncHttpClient-1-7] DEBUG org.asynchttpclient.netty.handler.HttpHandler - 

Request DefaultFullHttpRequest(decodeResult: success, version: HTTP/1.1, content: EmptyByteBufBE)
GET /session/87eceb0d2ff57e1a97eb7724294c1da5/screenshot HTTP/1.1
User-Agent: selenium/4.8.1 (java windows)
Cache-Control: no-cache
Content-Type: application/json; charset=utf-8
host: localhost:12593
accept: */*

Response DefaultHttpResponse(decodeResult: success, version: HTTP/1.1)
HTTP/1.1 200 OK
Content-Length: 177264
Content-Type: application/json; charset=utf-8
cache-control: no-cache

14:27:09.531 [AsyncHttpClient-1-7] DEBUG org.asynchttpclient.netty.channel.ChannelManager - Adding key: http://localhost:12593 for channel [id: 0xeaeee574, L:/127.0.0.1:59085 - R:localhost/127.0.0.1:12593]
14:27:09.540 [main] DEBUG net.serenitybdd.core.photography.Darkroom - Send negative for processing for target\site\serenity\c9f5bb3ed2421ebf066a8b66d4d70aa6429f6bb5439d4c6d02ea7eab0ac78187.png
14:27:09.548 [Forwarding getPageSource on session 87eceb0d2ff57e1a97eb7724294c1da5 to remote] DEBUG org.asynchttpclient.netty.request.NettyRequestSender - Using pooled Channel '[id: 0xeaeee574, L:/127.0.0.1:59085 - R:localhost/127.0.0.1:12593]' for 'POST' to 'http://localhost:12593/session/87eceb0d2ff57e1a97eb7724294c1da5/execute/sync'
14:27:09.548 [Forwarding getPageSource on session 87eceb0d2ff57e1a97eb7724294c1da5 to remote] DEBUG org.asynchttpclient.netty.request.NettyRequestSender - Using open Channel [id: 0xeaeee574, L:/127.0.0.1:59085 - R:localhost/127.0.0.1:12593] for POST '/session/87eceb0d2ff57e1a97eb7724294c1da5/execute/sync'
14:27:09.572 [AsyncHttpClient-1-7] DEBUG org.asynchttpclient.netty.handler.HttpHandler - 

Request DefaultHttpRequest(decodeResult: success, version: HTTP/1.1)
POST /session/87eceb0d2ff57e1a97eb7724294c1da5/execute/sync HTTP/1.1
User-Agent: selenium/4.8.1 (java windows)
Content-Length: 176
Content-Type: application/json; charset=utf-8
host: localhost:12593
accept: */*

Response DefaultHttpResponse(decodeResult: success, version: HTTP/1.1)
HTTP/1.1 200 OK
Content-Length: 92113
Content-Type: application/json; charset=utf-8
cache-control: no-cache

14:27:09.572 [AsyncHttpClient-1-7] DEBUG org.asynchttpclient.netty.channel.ChannelManager - Adding key: http://localhost:12593 for channel [id: 0xeaeee574, L:/127.0.0.1:59085 - R:localhost/127.0.0.1:12593]
14:27:09.583 [Forwarding getCurrentUrl on session 87eceb0d2ff57e1a97eb7724294c1da5 to remote] DEBUG org.asynchttpclient.netty.request.NettyRequestSender - Using pooled Channel '[id: 0xeaeee574, L:/127.0.0.1:59085 - R:localhost/127.0.0.1:12593]' for 'GET' to 'http://localhost:12593/session/87eceb0d2ff57e1a97eb7724294c1da5/url'
14:27:09.583 [Forwarding getCurrentUrl on session 87eceb0d2ff57e1a97eb7724294c1da5 to remote] DEBUG org.asynchttpclient.netty.request.NettyRequestSender - Using open Channel [id: 0xeaeee574, L:/127.0.0.1:59085 - R:localhost/127.0.0.1:12593] for GET '/session/87eceb0d2ff57e1a97eb7724294c1da5/url'
14:27:09.590 [AsyncHttpClient-1-7] DEBUG org.asynchttpclient.netty.handler.HttpHandler - 

Request DefaultFullHttpRequest(decodeResult: success, version: HTTP/1.1, content: EmptyByteBufBE)
GET /session/87eceb0d2ff57e1a97eb7724294c1da5/url HTTP/1.1
User-Agent: selenium/4.8.1 (java windows)
Cache-Control: no-cache
Content-Type: application/json; charset=utf-8
host: localhost:12593
accept: */*

Response DefaultHttpResponse(decodeResult: success, version: HTTP/1.1)
HTTP/1.1 200 OK
Content-Length: 62
Content-Type: application/json; charset=utf-8
cache-control: no-cache

14:27:09.590 [AsyncHttpClient-1-7] DEBUG org.asynchttpclient.netty.channel.ChannelManager - Adding key: http://localhost:12593 for channel [id: 0xeaeee574, L:/127.0.0.1:59085 - R:localhost/127.0.0.1:12593]
14:27:09.597 [main] DEBUG net.thucydides.core.steps.StepInterceptor - STARTING STEP: Afrexim_OurBank_Contactus_Sendmessage_steps.select_entity_title - Select_Entitytitle
14:27:09.601 [Forwarding findElement on session 87eceb0d2ff57e1a97eb7724294c1da5 to remote] DEBUG org.asynchttpclient.netty.request.NettyRequestSender - Using pooled Channel '[id: 0xeaeee574, L:/127.0.0.1:59085 - R:localhost/127.0.0.1:12593]' for 'POST' to 'http://localhost:12593/session/87eceb0d2ff57e1a97eb7724294c1da5/element'
14:27:09.601 [Forwarding findElement on session 87eceb0d2ff57e1a97eb7724294c1da5 to remote] DEBUG org.asynchttpclient.netty.request.NettyRequestSender - Using open Channel [id: 0xeaeee574, L:/127.0.0.1:59085 - R:localhost/127.0.0.1:12593] for POST '/session/87eceb0d2ff57e1a97eb7724294c1da5/element'
14:27:09.622 [AsyncHttpClient-1-7] DEBUG org.asynchttpclient.netty.handler.HttpHandler - 

Request DefaultHttpRequest(decodeResult: success, version: HTTP/1.1)
POST /session/87eceb0d2ff57e1a97eb7724294c1da5/element HTTP/1.1
User-Agent: selenium/4.8.1 (java windows)
Content-Length: 73
Content-Type: application/json; charset=utf-8
host: localhost:12593
accept: */*

Response DefaultHttpResponse(decodeResult: success, version: HTTP/1.1)
HTTP/1.1 200 OK
Content-Length: 95
Content-Type: application/json; charset=utf-8
cache-control: no-cache

14:27:09.622 [AsyncHttpClient-1-7] DEBUG org.asynchttpclient.netty.channel.ChannelManager - Adding key: http://localhost:12593 for channel [id: 0xeaeee574, L:/127.0.0.1:59085 - R:localhost/127.0.0.1:12593]
14:27:09.622 [Forwarding getElementTagName on session 87eceb0d2ff57e1a97eb7724294c1da5 to remote] DEBUG org.asynchttpclient.netty.request.NettyRequestSender - Using pooled Channel '[id: 0xeaeee574, L:/127.0.0.1:59085 - R:localhost/127.0.0.1:12593]' for 'GET' to 'http://localhost:12593/session/87eceb0d2ff57e1a97eb7724294c1da5/element/ED5D13787C8B0B69434DDA1B1349AB20_element_83/name'
14:27:09.622 [Forwarding getElementTagName on session 87eceb0d2ff57e1a97eb7724294c1da5 to remote] DEBUG org.asynchttpclient.netty.request.NettyRequestSender - Using open Channel [id: 0xeaeee574, L:/127.0.0.1:59085 - R:localhost/127.0.0.1:12593] for GET '/session/87eceb0d2ff57e1a97eb7724294c1da5/element/ED5D13787C8B0B69434DDA1B1349AB20_element_83/name'
14:27:09.632 [AsyncHttpClient-1-7] DEBUG org.asynchttpclient.netty.handler.HttpHandler - 

Request DefaultFullHttpRequest(decodeResult: success, version: HTTP/1.1, content: EmptyByteBufBE)
GET /session/87eceb0d2ff57e1a97eb7724294c1da5/element/ED5D13787C8B0B69434DDA1B1349AB20_element_83/name HTTP/1.1
User-Agent: selenium/4.8.1 (java windows)
Cache-Control: no-cache
Content-Type: application/json; charset=utf-8
host: localhost:12593
accept: */*

Response DefaultHttpResponse(decodeResult: success, version: HTTP/1.1)
HTTP/1.1 200 OK
Content-Length: 18
Content-Type: application/json; charset=utf-8
cache-control: no-cache

14:27:09.632 [AsyncHttpClient-1-7] DEBUG org.asynchttpclient.netty.channel.ChannelManager - Adding key: http://localhost:12593 for channel [id: 0xeaeee574, L:/127.0.0.1:59085 - R:localhost/127.0.0.1:12593]
14:27:09.632 [Forwarding getElementDomAttribute on session 87eceb0d2ff57e1a97eb7724294c1da5 to remote] DEBUG org.asynchttpclient.netty.request.NettyRequestSender - Using pooled Channel '[id: 0xeaeee574, L:/127.0.0.1:59085 - R:localhost/127.0.0.1:12593]' for 'GET' to 'http://localhost:12593/session/87eceb0d2ff57e1a97eb7724294c1da5/element/ED5D13787C8B0B69434DDA1B1349AB20_element_83/attribute/multiple'
14:27:09.632 [Forwarding getElementDomAttribute on session 87eceb0d2ff57e1a97eb7724294c1da5 to remote] DEBUG org.asynchttpclient.netty.request.NettyRequestSender - Using open Channel [id: 0xeaeee574, L:/127.0.0.1:59085 - R:localhost/127.0.0.1:12593] for GET '/session/87eceb0d2ff57e1a97eb7724294c1da5/element/ED5D13787C8B0B69434DDA1B1349AB20_element_83/attribute/multiple'
14:27:09.645 [AsyncHttpClient-1-7] DEBUG org.asynchttpclient.netty.handler.HttpHandler - 

Request DefaultFullHttpRequest(decodeResult: success, version: HTTP/1.1, content: EmptyByteBufBE)
GET /session/87eceb0d2ff57e1a97eb7724294c1da5/element/ED5D13787C8B0B69434DDA1B1349AB20_element_83/attribute/multiple HTTP/1.1
User-Agent: selenium/4.8.1 (java windows)
Cache-Control: no-cache
Content-Type: application/json; charset=utf-8
host: localhost:12593
accept: */*

Response DefaultHttpResponse(decodeResult: success, version: HTTP/1.1)
HTTP/1.1 200 OK
Content-Length: 14
Content-Type: application/json; charset=utf-8
cache-control: no-cache

14:27:09.645 [AsyncHttpClient-1-7] DEBUG org.asynchttpclient.netty.channel.ChannelManager - Adding key: http://localhost:12593 for channel [id: 0xeaeee574, L:/127.0.0.1:59085 - R:localhost/127.0.0.1:12593]
14:27:09.645 [Forwarding isElementEnabled on session 87eceb0d2ff57e1a97eb7724294c1da5 to remote] DEBUG org.asynchttpclient.netty.request.NettyRequestSender - Using pooled Channel '[id: 0xeaeee574, L:/127.0.0.1:59085 - R:localhost/127.0.0.1:12593]' for 'GET' to 'http://localhost:12593/session/87eceb0d2ff57e1a97eb7724294c1da5/element/ED5D13787C8B0B69434DDA1B1349AB20_element_83/enabled'
14:27:09.645 [Forwarding isElementEnabled on session 87eceb0d2ff57e1a97eb7724294c1da5 to remote] DEBUG org.asynchttpclient.netty.request.NettyRequestSender - Using open Channel [id: 0xeaeee574, L:/127.0.0.1:59085 - R:localhost/127.0.0.1:12593] for GET '/session/87eceb0d2ff57e1a97eb7724294c1da5/element/ED5D13787C8B0B69434DDA1B1349AB20_element_83/enabled'
14:27:09.677 [AsyncHttpClient-1-7] DEBUG org.asynchttpclient.netty.handler.HttpHandler - 

Request DefaultFullHttpRequest(decodeResult: success, version: HTTP/1.1, content: EmptyByteBufBE)
GET /session/87eceb0d2ff57e1a97eb7724294c1da5/element/ED5D13787C8B0B69434DDA1B1349AB20_element_83/enabled HTTP/1.1
User-Agent: selenium/4.8.1 (java windows)
Cache-Control: no-cache
Content-Type: application/json; charset=utf-8
host: localhost:12593
accept: */*

Response DefaultHttpResponse(decodeResult: success, version: HTTP/1.1)
HTTP/1.1 200 OK
Content-Length: 14
Content-Type: application/json; charset=utf-8
cache-control: no-cache

14:27:09.677 [AsyncHttpClient-1-7] DEBUG org.asynchttpclient.netty.channel.ChannelManager - Adding key: http://localhost:12593 for channel [id: 0xeaeee574, L:/127.0.0.1:59085 - R:localhost/127.0.0.1:12593]
14:27:09.677 [Forwarding findChildElements on session 87eceb0d2ff57e1a97eb7724294c1da5 to remote] DEBUG org.asynchttpclient.netty.request.NettyRequestSender - Using pooled Channel '[id: 0xeaeee574, L:/127.0.0.1:59085 - R:localhost/127.0.0.1:12593]' for 'POST' to 'http://localhost:12593/session/87eceb0d2ff57e1a97eb7724294c1da5/element/ED5D13787C8B0B69434DDA1B1349AB20_element_83/elements'
14:27:09.677 [Forwarding findChildElements on session 87eceb0d2ff57e1a97eb7724294c1da5 to remote] DEBUG org.asynchttpclient.netty.request.NettyRequestSender - Using open Channel [id: 0xeaeee574, L:/127.0.0.1:59085 - R:localhost/127.0.0.1:12593] for POST '/session/87eceb0d2ff57e1a97eb7724294c1da5/element/ED5D13787C8B0B69434DDA1B1349AB20_element_83/elements'
14:27:09.725 [AsyncHttpClient-1-7] DEBUG org.asynchttpclient.netty.handler.HttpHandler - 

Request DefaultHttpRequest(decodeResult: success, version: HTTP/1.1)
POST /session/87eceb0d2ff57e1a97eb7724294c1da5/element/ED5D13787C8B0B69434DDA1B1349AB20_element_83/elements HTTP/1.1
User-Agent: selenium/4.8.1 (java windows)
Content-Length: 101
Content-Type: application/json; charset=utf-8
host: localhost:12593
accept: */*

Response DefaultHttpResponse(decodeResult: success, version: HTTP/1.1)
HTTP/1.1 200 OK
Content-Length: 785
Content-Type: application/json; charset=utf-8
cache-control: no-cache

14:27:09.725 [AsyncHttpClient-1-7] DEBUG org.asynchttpclient.netty.channel.ChannelManager - Adding key: http://localhost:12593 for channel [id: 0xeaeee574, L:/127.0.0.1:59085 - R:localhost/127.0.0.1:12593]
14:27:09.734 [Forwarding getElementAttribute on session 87eceb0d2ff57e1a97eb7724294c1da5 to remote] DEBUG org.asynchttpclient.netty.request.NettyRequestSender - Using pooled Channel '[id: 0xeaeee574, L:/127.0.0.1:59085 - R:localhost/127.0.0.1:12593]' for 'POST' to 'http://localhost:12593/session/87eceb0d2ff57e1a97eb7724294c1da5/execute/sync'
14:27:09.734 [Forwarding getElementAttribute on session 87eceb0d2ff57e1a97eb7724294c1da5 to remote] DEBUG org.asynchttpclient.netty.request.NettyRequestSender - Using open Channel [id: 0xeaeee574, L:/127.0.0.1:59085 - R:localhost/127.0.0.1:12593] for POST '/session/87eceb0d2ff57e1a97eb7724294c1da5/execute/sync'
14:27:09.766 [AsyncHttpClient-1-7] DEBUG org.asynchttpclient.netty.handler.HttpHandler - 

Request DefaultHttpRequest(decodeResult: success, version: HTTP/1.1)
POST /session/87eceb0d2ff57e1a97eb7724294c1da5/execute/sync HTTP/1.1
User-Agent: selenium/4.8.1 (java windows)
Content-Length: 47375
Content-Type: application/json; charset=utf-8
host: localhost:12593
accept: */*

Response DefaultHttpResponse(decodeResult: success, version: HTTP/1.1)
HTTP/1.1 200 OK
Content-Length: 13
Content-Type: application/json; charset=utf-8
cache-control: no-cache

14:27:09.766 [AsyncHttpClient-1-7] DEBUG org.asynchttpclient.netty.channel.ChannelManager - Adding key: http://localhost:12593 for channel [id: 0xeaeee574, L:/127.0.0.1:59085 - R:localhost/127.0.0.1:12593]
14:27:09.771 [Forwarding getElementAttribute on session 87eceb0d2ff57e1a97eb7724294c1da5 to remote] DEBUG org.asynchttpclient.netty.request.NettyRequestSender - Using pooled Channel '[id: 0xeaeee574, L:/127.0.0.1:59085 - R:localhost/127.0.0.1:12593]' for 'POST' to 'http://localhost:12593/session/87eceb0d2ff57e1a97eb7724294c1da5/execute/sync'
14:27:09.771 [Forwarding getElementAttribute on session 87eceb0d2ff57e1a97eb7724294c1da5 to remote] DEBUG org.asynchttpclient.netty.request.NettyRequestSender - Using open Channel [id: 0xeaeee574, L:/127.0.0.1:59085 - R:localhost/127.0.0.1:12593] for POST '/session/87eceb0d2ff57e1a97eb7724294c1da5/execute/sync'
14:27:09.816 [AsyncHttpClient-1-7] DEBUG org.asynchttpclient.netty.handler.HttpHandler - 

Request DefaultHttpRequest(decodeResult: success, version: HTTP/1.1)
POST /session/87eceb0d2ff57e1a97eb7724294c1da5/execute/sync HTTP/1.1
User-Agent: selenium/4.8.1 (java windows)
Content-Length: 47375
Content-Type: application/json; charset=utf-8
host: localhost:12593
accept: */*

Response DefaultHttpResponse(decodeResult: success, version: HTTP/1.1)
HTTP/1.1 200 OK
Content-Length: 13
Content-Type: application/json; charset=utf-8
cache-control: no-cache

14:27:09.816 [AsyncHttpClient-1-7] DEBUG org.asynchttpclient.netty.channel.ChannelManager - Adding key: http://localhost:12593 for channel [id: 0xeaeee574, L:/127.0.0.1:59085 - R:localhost/127.0.0.1:12593]
14:27:09.819 [Forwarding getElementAttribute on session 87eceb0d2ff57e1a97eb7724294c1da5 to remote] DEBUG org.asynchttpclient.netty.request.NettyRequestSender - Using pooled Channel '[id: 0xeaeee574, L:/127.0.0.1:59085 - R:localhost/127.0.0.1:12593]' for 'POST' to 'http://localhost:12593/session/87eceb0d2ff57e1a97eb7724294c1da5/execute/sync'
14:27:09.819 [Forwarding getElementAttribute on session 87eceb0d2ff57e1a97eb7724294c1da5 to remote] DEBUG org.asynchttpclient.netty.request.NettyRequestSender - Using open Channel [id: 0xeaeee574, L:/127.0.0.1:59085 - R:localhost/127.0.0.1:12593] for POST '/session/87eceb0d2ff57e1a97eb7724294c1da5/execute/sync'
14:27:09.852 [AsyncHttpClient-1-7] DEBUG org.asynchttpclient.netty.handler.HttpHandler - 

Request DefaultHttpRequest(decodeResult: success, version: HTTP/1.1)
POST /session/87eceb0d2ff57e1a97eb7724294c1da5/execute/sync HTTP/1.1
User-Agent: selenium/4.8.1 (java windows)
Content-Length: 47375
Content-Type: application/json; charset=utf-8
host: localhost:12593
accept: */*

Response DefaultHttpResponse(decodeResult: success, version: HTTP/1.1)
HTTP/1.1 200 OK
Content-Length: 13
Content-Type: application/json; charset=utf-8
cache-control: no-cache

14:27:09.852 [AsyncHttpClient-1-7] DEBUG org.asynchttpclient.netty.channel.ChannelManager - Adding key: http://localhost:12593 for channel [id: 0xeaeee574, L:/127.0.0.1:59085 - R:localhost/127.0.0.1:12593]
14:27:09.860 [Forwarding getElementAttribute on session 87eceb0d2ff57e1a97eb7724294c1da5 to remote] DEBUG org.asynchttpclient.netty.request.NettyRequestSender - Using pooled Channel '[id: 0xeaeee574, L:/127.0.0.1:59085 - R:localhost/127.0.0.1:12593]' for 'POST' to 'http://localhost:12593/session/87eceb0d2ff57e1a97eb7724294c1da5/execute/sync'
14:27:09.860 [Forwarding getElementAttribute on session 87eceb0d2ff57e1a97eb7724294c1da5 to remote] DEBUG org.asynchttpclient.netty.request.NettyRequestSender - Using open Channel [id: 0xeaeee574, L:/127.0.0.1:59085 - R:localhost/127.0.0.1:12593] for POST '/session/87eceb0d2ff57e1a97eb7724294c1da5/execute/sync'
14:27:09.889 [AsyncHttpClient-1-7] DEBUG org.asynchttpclient.netty.handler.HttpHandler - 

Request DefaultHttpRequest(decodeResult: success, version: HTTP/1.1)
POST /session/87eceb0d2ff57e1a97eb7724294c1da5/execute/sync HTTP/1.1
User-Agent: selenium/4.8.1 (java windows)
Content-Length: 47375
Content-Type: application/json; charset=utf-8
host: localhost:12593
accept: */*

Response DefaultHttpResponse(decodeResult: success, version: HTTP/1.1)
HTTP/1.1 200 OK
Content-Length: 13
Content-Type: application/json; charset=utf-8
cache-control: no-cache

14:27:09.889 [AsyncHttpClient-1-7] DEBUG org.asynchttpclient.netty.channel.ChannelManager - Adding key: http://localhost:12593 for channel [id: 0xeaeee574, L:/127.0.0.1:59085 - R:localhost/127.0.0.1:12593]
14:27:09.891 [Forwarding isElementEnabled on session 87eceb0d2ff57e1a97eb7724294c1da5 to remote] DEBUG org.asynchttpclient.netty.request.NettyRequestSender - Using pooled Channel '[id: 0xeaeee574, L:/127.0.0.1:59085 - R:localhost/127.0.0.1:12593]' for 'GET' to 'http://localhost:12593/session/87eceb0d2ff57e1a97eb7724294c1da5/element/ED5D13787C8B0B69434DDA1B1349AB20_element_87/enabled'
14:27:09.891 [Forwarding isElementEnabled on session 87eceb0d2ff57e1a97eb7724294c1da5 to remote] DEBUG org.asynchttpclient.netty.request.NettyRequestSender - Using open Channel [id: 0xeaeee574, L:/127.0.0.1:59085 - R:localhost/127.0.0.1:12593] for GET '/session/87eceb0d2ff57e1a97eb7724294c1da5/element/ED5D13787C8B0B69434DDA1B1349AB20_element_87/enabled'
14:27:09.920 [AsyncHttpClient-1-7] DEBUG org.asynchttpclient.netty.handler.HttpHandler - 

Request DefaultFullHttpRequest(decodeResult: success, version: HTTP/1.1, content: EmptyByteBufBE)
GET /session/87eceb0d2ff57e1a97eb7724294c1da5/element/ED5D13787C8B0B69434DDA1B1349AB20_element_87/enabled HTTP/1.1
User-Agent: selenium/4.8.1 (java windows)
Cache-Control: no-cache
Content-Type: application/json; charset=utf-8
host: localhost:12593
accept: */*

Response DefaultHttpResponse(decodeResult: success, version: HTTP/1.1)
HTTP/1.1 200 OK
Content-Length: 14
Content-Type: application/json; charset=utf-8
cache-control: no-cache

14:27:09.920 [AsyncHttpClient-1-7] DEBUG org.asynchttpclient.netty.channel.ChannelManager - Adding key: http://localhost:12593 for channel [id: 0xeaeee574, L:/127.0.0.1:59085 - R:localhost/127.0.0.1:12593]
14:27:09.923 [Forwarding isElementSelected on session 87eceb0d2ff57e1a97eb7724294c1da5 to remote] DEBUG org.asynchttpclient.netty.request.NettyRequestSender - Using pooled Channel '[id: 0xeaeee574, L:/127.0.0.1:59085 - R:localhost/127.0.0.1:12593]' for 'GET' to 'http://localhost:12593/session/87eceb0d2ff57e1a97eb7724294c1da5/element/ED5D13787C8B0B69434DDA1B1349AB20_element_87/selected'
14:27:09.923 [Forwarding isElementSelected on session 87eceb0d2ff57e1a97eb7724294c1da5 to remote] DEBUG org.asynchttpclient.netty.request.NettyRequestSender - Using open Channel [id: 0xeaeee574, L:/127.0.0.1:59085 - R:localhost/127.0.0.1:12593] for GET '/session/87eceb0d2ff57e1a97eb7724294c1da5/element/ED5D13787C8B0B69434DDA1B1349AB20_element_87/selected'
14:27:09.952 [AsyncHttpClient-1-7] DEBUG org.asynchttpclient.netty.handler.HttpHandler - 

Request DefaultFullHttpRequest(decodeResult: success, version: HTTP/1.1, content: EmptyByteBufBE)
GET /session/87eceb0d2ff57e1a97eb7724294c1da5/element/ED5D13787C8B0B69434DDA1B1349AB20_element_87/selected HTTP/1.1
User-Agent: selenium/4.8.1 (java windows)
Cache-Control: no-cache
Content-Type: application/json; charset=utf-8
host: localhost:12593
accept: */*

Response DefaultHttpResponse(decodeResult: success, version: HTTP/1.1)
HTTP/1.1 200 OK
Content-Length: 15
Content-Type: application/json; charset=utf-8
cache-control: no-cache

14:27:09.952 [AsyncHttpClient-1-7] DEBUG org.asynchttpclient.netty.channel.ChannelManager - Adding key: http://localhost:12593 for channel [id: 0xeaeee574, L:/127.0.0.1:59085 - R:localhost/127.0.0.1:12593]
14:27:09.957 [Forwarding clickElement on session 87eceb0d2ff57e1a97eb7724294c1da5 to remote] DEBUG org.asynchttpclient.netty.request.NettyRequestSender - Using pooled Channel '[id: 0xeaeee574, L:/127.0.0.1:59085 - R:localhost/127.0.0.1:12593]' for 'POST' to 'http://localhost:12593/session/87eceb0d2ff57e1a97eb7724294c1da5/element/ED5D13787C8B0B69434DDA1B1349AB20_element_87/click'
14:27:09.957 [Forwarding clickElement on session 87eceb0d2ff57e1a97eb7724294c1da5 to remote] DEBUG org.asynchttpclient.netty.request.NettyRequestSender - Using open Channel [id: 0xeaeee574, L:/127.0.0.1:59085 - R:localhost/127.0.0.1:12593] for POST '/session/87eceb0d2ff57e1a97eb7724294c1da5/element/ED5D13787C8B0B69434DDA1B1349AB20_element_87/click'
14:27:10.113 [AsyncHttpClient-1-1] DEBUG org.asynchttpclient.netty.channel.DefaultChannelPool - Entry count for : http://localhost:59086 : 1
14:27:10.113 [AsyncHttpClient-1-7] DEBUG org.asynchttpclient.netty.handler.HttpHandler - 

Request DefaultHttpRequest(decodeResult: success, version: HTTP/1.1)
POST /session/87eceb0d2ff57e1a97eb7724294c1da5/element/ED5D13787C8B0B69434DDA1B1349AB20_element_87/click HTTP/1.1
User-Agent: selenium/4.8.1 (java windows)
Content-Length: 57
Content-Type: application/json; charset=utf-8
host: localhost:12593
accept: */*

Response DefaultHttpResponse(decodeResult: success, version: HTTP/1.1)
HTTP/1.1 200 OK
Content-Length: 14
Content-Type: application/json; charset=utf-8
cache-control: no-cache

14:27:10.118 [AsyncHttpClient-1-7] DEBUG org.asynchttpclient.netty.channel.ChannelManager - Adding key: http://localhost:12593 for channel [id: 0xeaeee574, L:/127.0.0.1:59085 - R:localhost/127.0.0.1:12593]
14:27:10.145 [Forwarding getAlertText on session 87eceb0d2ff57e1a97eb7724294c1da5 to remote] DEBUG org.asynchttpclient.netty.request.NettyRequestSender - Using pooled Channel '[id: 0xeaeee574, L:/127.0.0.1:59085 - R:localhost/127.0.0.1:12593]' for 'GET' to 'http://localhost:12593/session/87eceb0d2ff57e1a97eb7724294c1da5/alert/text'
14:27:10.145 [Forwarding getAlertText on session 87eceb0d2ff57e1a97eb7724294c1da5 to remote] DEBUG org.asynchttpclient.netty.request.NettyRequestSender - Using open Channel [id: 0xeaeee574, L:/127.0.0.1:59085 - R:localhost/127.0.0.1:12593] for GET '/session/87eceb0d2ff57e1a97eb7724294c1da5/alert/text'
14:27:10.166 [AsyncHttpClient-1-7] DEBUG org.asynchttpclient.netty.handler.HttpHandler - 

Request DefaultFullHttpRequest(decodeResult: success, version: HTTP/1.1, content: EmptyByteBufBE)
GET /session/87eceb0d2ff57e1a97eb7724294c1da5/alert/text HTTP/1.1
User-Agent: selenium/4.8.1 (java windows)
Cache-Control: no-cache
Content-Type: application/json; charset=utf-8
host: localhost:12593
accept: */*

Response DefaultHttpResponse(decodeResult: success, version: HTTP/1.1)
HTTP/1.1 404 Not Found
Content-Length: 821
Content-Type: application/json; charset=utf-8
cache-control: no-cache

14:27:10.187 [AsyncHttpClient-1-7] DEBUG org.asynchttpclient.netty.channel.ChannelManager - Adding key: http://localhost:12593 for channel [id: 0xeaeee574, L:/127.0.0.1:59085 - R:localhost/127.0.0.1:12593]
14:27:10.189 [Forwarding getCurrentUrl on session 87eceb0d2ff57e1a97eb7724294c1da5 to remote] DEBUG org.asynchttpclient.netty.request.NettyRequestSender - Using pooled Channel '[id: 0xeaeee574, L:/127.0.0.1:59085 - R:localhost/127.0.0.1:12593]' for 'GET' to 'http://localhost:12593/session/87eceb0d2ff57e1a97eb7724294c1da5/url'
14:27:10.189 [Forwarding getCurrentUrl on session 87eceb0d2ff57e1a97eb7724294c1da5 to remote] DEBUG org.asynchttpclient.netty.request.NettyRequestSender - Using open Channel [id: 0xeaeee574, L:/127.0.0.1:59085 - R:localhost/127.0.0.1:12593] for GET '/session/87eceb0d2ff57e1a97eb7724294c1da5/url'
14:27:10.235 [AsyncHttpClient-1-7] DEBUG org.asynchttpclient.netty.handler.HttpHandler - 

Request DefaultFullHttpRequest(decodeResult: success, version: HTTP/1.1, content: EmptyByteBufBE)
GET /session/87eceb0d2ff57e1a97eb7724294c1da5/url HTTP/1.1
User-Agent: selenium/4.8.1 (java windows)
Cache-Control: no-cache
Content-Type: application/json; charset=utf-8
host: localhost:12593
accept: */*

Response DefaultHttpResponse(decodeResult: success, version: HTTP/1.1)
HTTP/1.1 200 OK
Content-Length: 62
Content-Type: application/json; charset=utf-8
cache-control: no-cache

14:27:10.235 [AsyncHttpClient-1-7] DEBUG org.asynchttpclient.netty.channel.ChannelManager - Adding key: http://localhost:12593 for channel [id: 0xeaeee574, L:/127.0.0.1:59085 - R:localhost/127.0.0.1:12593]
14:27:10.236 [Forwarding screenshot on session 87eceb0d2ff57e1a97eb7724294c1da5 to remote] DEBUG org.asynchttpclient.netty.request.NettyRequestSender - Using pooled Channel '[id: 0xeaeee574, L:/127.0.0.1:59085 - R:localhost/127.0.0.1:12593]' for 'GET' to 'http://localhost:12593/session/87eceb0d2ff57e1a97eb7724294c1da5/screenshot'
14:27:10.236 [Forwarding screenshot on session 87eceb0d2ff57e1a97eb7724294c1da5 to remote] DEBUG org.asynchttpclient.netty.request.NettyRequestSender - Using open Channel [id: 0xeaeee574, L:/127.0.0.1:59085 - R:localhost/127.0.0.1:12593] for GET '/session/87eceb0d2ff57e1a97eb7724294c1da5/screenshot'
14:27:10.619 [AsyncHttpClient-1-7] DEBUG org.asynchttpclient.netty.handler.HttpHandler - 

Request DefaultFullHttpRequest(decodeResult: success, version: HTTP/1.1, content: EmptyByteBufBE)
GET /session/87eceb0d2ff57e1a97eb7724294c1da5/screenshot HTTP/1.1
User-Agent: selenium/4.8.1 (java windows)
Cache-Control: no-cache
Content-Type: application/json; charset=utf-8
host: localhost:12593
accept: */*

Response DefaultHttpResponse(decodeResult: success, version: HTTP/1.1)
HTTP/1.1 200 OK
Content-Length: 182144
Content-Type: application/json; charset=utf-8
cache-control: no-cache

14:27:10.619 [AsyncHttpClient-1-7] DEBUG org.asynchttpclient.netty.channel.ChannelManager - Adding key: http://localhost:12593 for channel [id: 0xeaeee574, L:/127.0.0.1:59085 - R:localhost/127.0.0.1:12593]
14:27:10.630 [main] DEBUG net.serenitybdd.core.photography.Darkroom - Send negative for processing for target\site\serenity\c6613de666b8c913a7b933d6cc2e4e90d8a7448be343ca59dbbc6c9e83d6ca65.png
14:27:10.630 [main] DEBUG net.thucydides.core.steps.StepInterceptor - STEP DONE: Select_Entitytitle
14:27:10.630 [Darkroom Processing Line] DEBUG net.serenitybdd.core.photography.DarkroomProcessingLine - Processing screenshot image in /var/screenshots/screenshot-2291756703443779818
14:27:10.630 [Darkroom Processing Line] DEBUG net.serenitybdd.core.photography.DarkroomProcessingLine - Saving screenshot to target\site\serenity\c6613de666b8c913a7b933d6cc2e4e90d8a7448be343ca59dbbc6c9e83d6ca65.png
14:27:10.659 [Forwarding getPageSource on session 87eceb0d2ff57e1a97eb7724294c1da5 to remote] DEBUG org.asynchttpclient.netty.request.NettyRequestSender - Using pooled Channel '[id: 0xeaeee574, L:/127.0.0.1:59085 - R:localhost/127.0.0.1:12593]' for 'POST' to 'http://localhost:12593/session/87eceb0d2ff57e1a97eb7724294c1da5/execute/sync'
14:27:10.659 [Forwarding getPageSource on session 87eceb0d2ff57e1a97eb7724294c1da5 to remote] DEBUG org.asynchttpclient.netty.request.NettyRequestSender - Using open Channel [id: 0xeaeee574, L:/127.0.0.1:59085 - R:localhost/127.0.0.1:12593] for POST '/session/87eceb0d2ff57e1a97eb7724294c1da5/execute/sync'
14:27:10.699 [AsyncHttpClient-1-7] DEBUG org.asynchttpclient.netty.handler.HttpHandler - 

Request DefaultHttpRequest(decodeResult: success, version: HTTP/1.1)
POST /session/87eceb0d2ff57e1a97eb7724294c1da5/execute/sync HTTP/1.1
User-Agent: selenium/4.8.1 (java windows)
Content-Length: 176
Content-Type: application/json; charset=utf-8
host: localhost:12593
accept: */*

Response DefaultHttpResponse(decodeResult: success, version: HTTP/1.1)
HTTP/1.1 200 OK
Content-Length: 92113
Content-Type: application/json; charset=utf-8
cache-control: no-cache

14:27:10.704 [AsyncHttpClient-1-7] DEBUG org.asynchttpclient.netty.channel.ChannelManager - Adding key: http://localhost:12593 for channel [id: 0xeaeee574, L:/127.0.0.1:59085 - R:localhost/127.0.0.1:12593]
14:27:10.726 [Forwarding getCurrentUrl on session 87eceb0d2ff57e1a97eb7724294c1da5 to remote] DEBUG org.asynchttpclient.netty.request.NettyRequestSender - Using pooled Channel '[id: 0xeaeee574, L:/127.0.0.1:59085 - R:localhost/127.0.0.1:12593]' for 'GET' to 'http://localhost:12593/session/87eceb0d2ff57e1a97eb7724294c1da5/url'
14:27:10.726 [Forwarding getCurrentUrl on session 87eceb0d2ff57e1a97eb7724294c1da5 to remote] DEBUG org.asynchttpclient.netty.request.NettyRequestSender - Using open Channel [id: 0xeaeee574, L:/127.0.0.1:59085 - R:localhost/127.0.0.1:12593] for GET '/session/87eceb0d2ff57e1a97eb7724294c1da5/url'
14:27:10.770 [AsyncHttpClient-1-7] DEBUG org.asynchttpclient.netty.handler.HttpHandler - 

Request DefaultFullHttpRequest(decodeResult: success, version: HTTP/1.1, content: EmptyByteBufBE)
GET /session/87eceb0d2ff57e1a97eb7724294c1da5/url HTTP/1.1
User-Agent: selenium/4.8.1 (java windows)
Cache-Control: no-cache
Content-Type: application/json; charset=utf-8
host: localhost:12593
accept: */*

Response DefaultHttpResponse(decodeResult: success, version: HTTP/1.1)
HTTP/1.1 200 OK
Content-Length: 62
Content-Type: application/json; charset=utf-8
cache-control: no-cache

14:27:10.770 [AsyncHttpClient-1-7] DEBUG org.asynchttpclient.netty.channel.ChannelManager - Adding key: http://localhost:12593 for channel [id: 0xeaeee574, L:/127.0.0.1:59085 - R:localhost/127.0.0.1:12593]
14:27:10.788 [Forwarding getAlertText on session 87eceb0d2ff57e1a97eb7724294c1da5 to remote] DEBUG org.asynchttpclient.netty.request.NettyRequestSender - Using pooled Channel '[id: 0xeaeee574, L:/127.0.0.1:59085 - R:localhost/127.0.0.1:12593]' for 'GET' to 'http://localhost:12593/session/87eceb0d2ff57e1a97eb7724294c1da5/alert/text'
14:27:10.788 [Forwarding getAlertText on session 87eceb0d2ff57e1a97eb7724294c1da5 to remote] DEBUG org.asynchttpclient.netty.request.NettyRequestSender - Using open Channel [id: 0xeaeee574, L:/127.0.0.1:59085 - R:localhost/127.0.0.1:12593] for GET '/session/87eceb0d2ff57e1a97eb7724294c1da5/alert/text'
14:27:10.801 [AsyncHttpClient-1-7] DEBUG org.asynchttpclient.netty.handler.HttpHandler - 

Request DefaultFullHttpRequest(decodeResult: success, version: HTTP/1.1, content: EmptyByteBufBE)
GET /session/87eceb0d2ff57e1a97eb7724294c1da5/alert/text HTTP/1.1
User-Agent: selenium/4.8.1 (java windows)
Cache-Control: no-cache
Content-Type: application/json; charset=utf-8
host: localhost:12593
accept: */*

Response DefaultHttpResponse(decodeResult: success, version: HTTP/1.1)
HTTP/1.1 404 Not Found
Content-Length: 821
Content-Type: application/json; charset=utf-8
cache-control: no-cache

14:27:10.801 [AsyncHttpClient-1-7] DEBUG org.asynchttpclient.netty.channel.ChannelManager - Adding key: http://localhost:12593 for channel [id: 0xeaeee574, L:/127.0.0.1:59085 - R:localhost/127.0.0.1:12593]
14:27:10.806 [Forwarding getCurrentUrl on session 87eceb0d2ff57e1a97eb7724294c1da5 to remote] DEBUG org.asynchttpclient.netty.request.NettyRequestSender - Using pooled Channel '[id: 0xeaeee574, L:/127.0.0.1:59085 - R:localhost/127.0.0.1:12593]' for 'GET' to 'http://localhost:12593/session/87eceb0d2ff57e1a97eb7724294c1da5/url'
14:27:10.806 [Forwarding getCurrentUrl on session 87eceb0d2ff57e1a97eb7724294c1da5 to remote] DEBUG org.asynchttpclient.netty.request.NettyRequestSender - Using open Channel [id: 0xeaeee574, L:/127.0.0.1:59085 - R:localhost/127.0.0.1:12593] for GET '/session/87eceb0d2ff57e1a97eb7724294c1da5/url'
14:27:10.871 [AsyncHttpClient-1-7] DEBUG org.asynchttpclient.netty.handler.HttpHandler - 

Request DefaultFullHttpRequest(decodeResult: success, version: HTTP/1.1, content: EmptyByteBufBE)
GET /session/87eceb0d2ff57e1a97eb7724294c1da5/url HTTP/1.1
User-Agent: selenium/4.8.1 (java windows)
Cache-Control: no-cache
Content-Type: application/json; charset=utf-8
host: localhost:12593
accept: */*

Response DefaultHttpResponse(decodeResult: success, version: HTTP/1.1)
HTTP/1.1 200 OK
Content-Length: 62
Content-Type: application/json; charset=utf-8
cache-control: no-cache

14:27:10.871 [AsyncHttpClient-1-7] DEBUG org.asynchttpclient.netty.channel.ChannelManager - Adding key: http://localhost:12593 for channel [id: 0xeaeee574, L:/127.0.0.1:59085 - R:localhost/127.0.0.1:12593]
14:27:10.880 [Forwarding screenshot on session 87eceb0d2ff57e1a97eb7724294c1da5 to remote] DEBUG org.asynchttpclient.netty.request.NettyRequestSender - Using pooled Channel '[id: 0xeaeee574, L:/127.0.0.1:59085 - R:localhost/127.0.0.1:12593]' for 'GET' to 'http://localhost:12593/session/87eceb0d2ff57e1a97eb7724294c1da5/screenshot'
14:27:10.880 [Forwarding screenshot on session 87eceb0d2ff57e1a97eb7724294c1da5 to remote] DEBUG org.asynchttpclient.netty.request.NettyRequestSender - Using open Channel [id: 0xeaeee574, L:/127.0.0.1:59085 - R:localhost/127.0.0.1:12593] for GET '/session/87eceb0d2ff57e1a97eb7724294c1da5/screenshot'
14:27:11.196 [AsyncHttpClient-1-1] DEBUG org.asynchttpclient.netty.channel.DefaultChannelPool - Entry count for : http://localhost:59086 : 1
14:27:11.207 [AsyncHttpClient-1-7] DEBUG org.asynchttpclient.netty.handler.HttpHandler - 

Request DefaultFullHttpRequest(decodeResult: success, version: HTTP/1.1, content: EmptyByteBufBE)
GET /session/87eceb0d2ff57e1a97eb7724294c1da5/screenshot HTTP/1.1
User-Agent: selenium/4.8.1 (java windows)
Cache-Control: no-cache
Content-Type: application/json; charset=utf-8
host: localhost:12593
accept: */*

Response DefaultHttpResponse(decodeResult: success, version: HTTP/1.1)
HTTP/1.1 200 OK
Content-Length: 182144
Content-Type: application/json; charset=utf-8
cache-control: no-cache

14:27:11.207 [AsyncHttpClient-1-7] DEBUG org.asynchttpclient.netty.channel.ChannelManager - Adding key: http://localhost:12593 for channel [id: 0xeaeee574, L:/127.0.0.1:59085 - R:localhost/127.0.0.1:12593]
14:27:11.230 [main] DEBUG net.serenitybdd.core.photography.Darkroom - Send negative for processing for target\site\serenity\c6613de666b8c913a7b933d6cc2e4e90d8a7448be343ca59dbbc6c9e83d6ca65.png
14:27:11.233 [Forwarding getPageSource on session 87eceb0d2ff57e1a97eb7724294c1da5 to remote] DEBUG org.asynchttpclient.netty.request.NettyRequestSender - Using pooled Channel '[id: 0xeaeee574, L:/127.0.0.1:59085 - R:localhost/127.0.0.1:12593]' for 'POST' to 'http://localhost:12593/session/87eceb0d2ff57e1a97eb7724294c1da5/execute/sync'
14:27:11.233 [Forwarding getPageSource on session 87eceb0d2ff57e1a97eb7724294c1da5 to remote] DEBUG org.asynchttpclient.netty.request.NettyRequestSender - Using open Channel [id: 0xeaeee574, L:/127.0.0.1:59085 - R:localhost/127.0.0.1:12593] for POST '/session/87eceb0d2ff57e1a97eb7724294c1da5/execute/sync'
14:27:11.316 [AsyncHttpClient-1-7] DEBUG org.asynchttpclient.netty.handler.HttpHandler - 

Request DefaultHttpRequest(decodeResult: success, version: HTTP/1.1)
POST /session/87eceb0d2ff57e1a97eb7724294c1da5/execute/sync HTTP/1.1
User-Agent: selenium/4.8.1 (java windows)
Content-Length: 176
Content-Type: application/json; charset=utf-8
host: localhost:12593
accept: */*

Response DefaultHttpResponse(decodeResult: success, version: HTTP/1.1)
HTTP/1.1 200 OK
Content-Length: 92113
Content-Type: application/json; charset=utf-8
cache-control: no-cache

14:27:11.316 [AsyncHttpClient-1-7] DEBUG org.asynchttpclient.netty.channel.ChannelManager - Adding key: http://localhost:12593 for channel [id: 0xeaeee574, L:/127.0.0.1:59085 - R:localhost/127.0.0.1:12593]
14:27:11.331 [Forwarding getCurrentUrl on session 87eceb0d2ff57e1a97eb7724294c1da5 to remote] DEBUG org.asynchttpclient.netty.request.NettyRequestSender - Using pooled Channel '[id: 0xeaeee574, L:/127.0.0.1:59085 - R:localhost/127.0.0.1:12593]' for 'GET' to 'http://localhost:12593/session/87eceb0d2ff57e1a97eb7724294c1da5/url'
14:27:11.331 [Forwarding getCurrentUrl on session 87eceb0d2ff57e1a97eb7724294c1da5 to remote] DEBUG org.asynchttpclient.netty.request.NettyRequestSender - Using open Channel [id: 0xeaeee574, L:/127.0.0.1:59085 - R:localhost/127.0.0.1:12593] for GET '/session/87eceb0d2ff57e1a97eb7724294c1da5/url'
14:27:11.384 [AsyncHttpClient-1-7] DEBUG org.asynchttpclient.netty.handler.HttpHandler - 

Request DefaultFullHttpRequest(decodeResult: success, version: HTTP/1.1, content: EmptyByteBufBE)
GET /session/87eceb0d2ff57e1a97eb7724294c1da5/url HTTP/1.1
User-Agent: selenium/4.8.1 (java windows)
Cache-Control: no-cache
Content-Type: application/json; charset=utf-8
host: localhost:12593
accept: */*

Response DefaultHttpResponse(decodeResult: success, version: HTTP/1.1)
HTTP/1.1 200 OK
Content-Length: 62
Content-Type: application/json; charset=utf-8
cache-control: no-cache

14:27:11.384 [AsyncHttpClient-1-7] DEBUG org.asynchttpclient.netty.channel.ChannelManager - Adding key: http://localhost:12593 for channel [id: 0xeaeee574, L:/127.0.0.1:59085 - R:localhost/127.0.0.1:12593]
14:27:11.392 [main] DEBUG net.thucydides.core.steps.StepInterceptor - STARTING STEP: Afrexim_OurBank_Contactus_Sendmessage_steps.select_interested_in - Select_interestedin
14:27:11.398 [Forwarding findElement on session 87eceb0d2ff57e1a97eb7724294c1da5 to remote] DEBUG org.asynchttpclient.netty.request.NettyRequestSender - Using pooled Channel '[id: 0xeaeee574, L:/127.0.0.1:59085 - R:localhost/127.0.0.1:12593]' for 'POST' to 'http://localhost:12593/session/87eceb0d2ff57e1a97eb7724294c1da5/element'
14:27:11.398 [Forwarding findElement on session 87eceb0d2ff57e1a97eb7724294c1da5 to remote] DEBUG org.asynchttpclient.netty.request.NettyRequestSender - Using open Channel [id: 0xeaeee574, L:/127.0.0.1:59085 - R:localhost/127.0.0.1:12593] for POST '/session/87eceb0d2ff57e1a97eb7724294c1da5/element'
14:27:11.472 [AsyncHttpClient-1-7] DEBUG org.asynchttpclient.netty.handler.HttpHandler - 

Request DefaultHttpRequest(decodeResult: success, version: HTTP/1.1)
POST /session/87eceb0d2ff57e1a97eb7724294c1da5/element HTTP/1.1
User-Agent: selenium/4.8.1 (java windows)
Content-Length: 72
Content-Type: application/json; charset=utf-8
host: localhost:12593
accept: */*

Response DefaultHttpResponse(decodeResult: success, version: HTTP/1.1)
HTTP/1.1 200 OK
Content-Length: 95
Content-Type: application/json; charset=utf-8
cache-control: no-cache

14:27:11.474 [AsyncHttpClient-1-7] DEBUG org.asynchttpclient.netty.channel.ChannelManager - Adding key: http://localhost:12593 for channel [id: 0xeaeee574, L:/127.0.0.1:59085 - R:localhost/127.0.0.1:12593]
14:27:11.474 [Forwarding getElementTagName on session 87eceb0d2ff57e1a97eb7724294c1da5 to remote] DEBUG org.asynchttpclient.netty.request.NettyRequestSender - Using pooled Channel '[id: 0xeaeee574, L:/127.0.0.1:59085 - R:localhost/127.0.0.1:12593]' for 'GET' to 'http://localhost:12593/session/87eceb0d2ff57e1a97eb7724294c1da5/element/ED5D13787C8B0B69434DDA1B1349AB20_element_93/name'
14:27:11.474 [Forwarding getElementTagName on session 87eceb0d2ff57e1a97eb7724294c1da5 to remote] DEBUG org.asynchttpclient.netty.request.NettyRequestSender - Using open Channel [id: 0xeaeee574, L:/127.0.0.1:59085 - R:localhost/127.0.0.1:12593] for GET '/session/87eceb0d2ff57e1a97eb7724294c1da5/element/ED5D13787C8B0B69434DDA1B1349AB20_element_93/name'
14:27:11.490 [AsyncHttpClient-1-7] DEBUG org.asynchttpclient.netty.handler.HttpHandler - 

Request DefaultFullHttpRequest(decodeResult: success, version: HTTP/1.1, content: EmptyByteBufBE)
GET /session/87eceb0d2ff57e1a97eb7724294c1da5/element/ED5D13787C8B0B69434DDA1B1349AB20_element_93/name HTTP/1.1
User-Agent: selenium/4.8.1 (java windows)
Cache-Control: no-cache
Content-Type: application/json; charset=utf-8
host: localhost:12593
accept: */*

Response DefaultHttpResponse(decodeResult: success, version: HTTP/1.1)
HTTP/1.1 200 OK
Content-Length: 18
Content-Type: application/json; charset=utf-8
cache-control: no-cache

14:27:11.490 [AsyncHttpClient-1-7] DEBUG org.asynchttpclient.netty.channel.ChannelManager - Adding key: http://localhost:12593 for channel [id: 0xeaeee574, L:/127.0.0.1:59085 - R:localhost/127.0.0.1:12593]
14:27:11.500 [Forwarding getElementDomAttribute on session 87eceb0d2ff57e1a97eb7724294c1da5 to remote] DEBUG org.asynchttpclient.netty.request.NettyRequestSender - Using pooled Channel '[id: 0xeaeee574, L:/127.0.0.1:59085 - R:localhost/127.0.0.1:12593]' for 'GET' to 'http://localhost:12593/session/87eceb0d2ff57e1a97eb7724294c1da5/element/ED5D13787C8B0B69434DDA1B1349AB20_element_93/attribute/multiple'
14:27:11.500 [Forwarding getElementDomAttribute on session 87eceb0d2ff57e1a97eb7724294c1da5 to remote] DEBUG org.asynchttpclient.netty.request.NettyRequestSender - Using open Channel [id: 0xeaeee574, L:/127.0.0.1:59085 - R:localhost/127.0.0.1:12593] for GET '/session/87eceb0d2ff57e1a97eb7724294c1da5/element/ED5D13787C8B0B69434DDA1B1349AB20_element_93/attribute/multiple'
14:27:11.515 [AsyncHttpClient-1-7] DEBUG org.asynchttpclient.netty.handler.HttpHandler - 

Request DefaultFullHttpRequest(decodeResult: success, version: HTTP/1.1, content: EmptyByteBufBE)
GET /session/87eceb0d2ff57e1a97eb7724294c1da5/element/ED5D13787C8B0B69434DDA1B1349AB20_element_93/attribute/multiple HTTP/1.1
User-Agent: selenium/4.8.1 (java windows)
Cache-Control: no-cache
Content-Type: application/json; charset=utf-8
host: localhost:12593
accept: */*

Response DefaultHttpResponse(decodeResult: success, version: HTTP/1.1)
HTTP/1.1 200 OK
Content-Length: 14
Content-Type: application/json; charset=utf-8
cache-control: no-cache

14:27:11.521 [AsyncHttpClient-1-7] DEBUG org.asynchttpclient.netty.channel.ChannelManager - Adding key: http://localhost:12593 for channel [id: 0xeaeee574, L:/127.0.0.1:59085 - R:localhost/127.0.0.1:12593]
14:27:11.522 [Forwarding isElementEnabled on session 87eceb0d2ff57e1a97eb7724294c1da5 to remote] DEBUG org.asynchttpclient.netty.request.NettyRequestSender - Using pooled Channel '[id: 0xeaeee574, L:/127.0.0.1:59085 - R:localhost/127.0.0.1:12593]' for 'GET' to 'http://localhost:12593/session/87eceb0d2ff57e1a97eb7724294c1da5/element/ED5D13787C8B0B69434DDA1B1349AB20_element_93/enabled'
14:27:11.522 [Forwarding isElementEnabled on session 87eceb0d2ff57e1a97eb7724294c1da5 to remote] DEBUG org.asynchttpclient.netty.request.NettyRequestSender - Using open Channel [id: 0xeaeee574, L:/127.0.0.1:59085 - R:localhost/127.0.0.1:12593] for GET '/session/87eceb0d2ff57e1a97eb7724294c1da5/element/ED5D13787C8B0B69434DDA1B1349AB20_element_93/enabled'
14:27:11.553 [AsyncHttpClient-1-7] DEBUG org.asynchttpclient.netty.handler.HttpHandler - 

Request DefaultFullHttpRequest(decodeResult: success, version: HTTP/1.1, content: EmptyByteBufBE)
GET /session/87eceb0d2ff57e1a97eb7724294c1da5/element/ED5D13787C8B0B69434DDA1B1349AB20_element_93/enabled HTTP/1.1
User-Agent: selenium/4.8.1 (java windows)
Cache-Control: no-cache
Content-Type: application/json; charset=utf-8
host: localhost:12593
accept: */*

Response DefaultHttpResponse(decodeResult: success, version: HTTP/1.1)
HTTP/1.1 200 OK
Content-Length: 14
Content-Type: application/json; charset=utf-8
cache-control: no-cache

14:27:11.553 [AsyncHttpClient-1-7] DEBUG org.asynchttpclient.netty.channel.ChannelManager - Adding key: http://localhost:12593 for channel [id: 0xeaeee574, L:/127.0.0.1:59085 - R:localhost/127.0.0.1:12593]
14:27:11.556 [Forwarding findChildElements on session 87eceb0d2ff57e1a97eb7724294c1da5 to remote] DEBUG org.asynchttpclient.netty.request.NettyRequestSender - Using pooled Channel '[id: 0xeaeee574, L:/127.0.0.1:59085 - R:localhost/127.0.0.1:12593]' for 'POST' to 'http://localhost:12593/session/87eceb0d2ff57e1a97eb7724294c1da5/element/ED5D13787C8B0B69434DDA1B1349AB20_element_93/elements'
14:27:11.556 [Forwarding findChildElements on session 87eceb0d2ff57e1a97eb7724294c1da5 to remote] DEBUG org.asynchttpclient.netty.request.NettyRequestSender - Using open Channel [id: 0xeaeee574, L:/127.0.0.1:59085 - R:localhost/127.0.0.1:12593] for POST '/session/87eceb0d2ff57e1a97eb7724294c1da5/element/ED5D13787C8B0B69434DDA1B1349AB20_element_93/elements'
14:27:11.600 [AsyncHttpClient-1-7] DEBUG org.asynchttpclient.netty.handler.HttpHandler - 

Request DefaultHttpRequest(decodeResult: success, version: HTTP/1.1)
POST /session/87eceb0d2ff57e1a97eb7724294c1da5/element/ED5D13787C8B0B69434DDA1B1349AB20_element_93/elements HTTP/1.1
User-Agent: selenium/4.8.1 (java windows)
Content-Length: 101
Content-Type: application/json; charset=utf-8
host: localhost:12593
accept: */*

Response DefaultHttpResponse(decodeResult: success, version: HTTP/1.1)
HTTP/1.1 200 OK
Content-Length: 1049
Content-Type: application/json; charset=utf-8
cache-control: no-cache

14:27:11.600 [AsyncHttpClient-1-7] DEBUG org.asynchttpclient.netty.channel.ChannelManager - Adding key: http://localhost:12593 for channel [id: 0xeaeee574, L:/127.0.0.1:59085 - R:localhost/127.0.0.1:12593]
14:27:11.606 [Forwarding getElementAttribute on session 87eceb0d2ff57e1a97eb7724294c1da5 to remote] DEBUG org.asynchttpclient.netty.request.NettyRequestSender - Using pooled Channel '[id: 0xeaeee574, L:/127.0.0.1:59085 - R:localhost/127.0.0.1:12593]' for 'POST' to 'http://localhost:12593/session/87eceb0d2ff57e1a97eb7724294c1da5/execute/sync'
14:27:11.606 [Forwarding getElementAttribute on session 87eceb0d2ff57e1a97eb7724294c1da5 to remote] DEBUG org.asynchttpclient.netty.request.NettyRequestSender - Using open Channel [id: 0xeaeee574, L:/127.0.0.1:59085 - R:localhost/127.0.0.1:12593] for POST '/session/87eceb0d2ff57e1a97eb7724294c1da5/execute/sync'
14:27:11.651 [AsyncHttpClient-1-7] DEBUG org.asynchttpclient.netty.handler.HttpHandler - 

Request DefaultHttpRequest(decodeResult: success, version: HTTP/1.1)
POST /session/87eceb0d2ff57e1a97eb7724294c1da5/execute/sync HTTP/1.1
User-Agent: selenium/4.8.1 (java windows)
Content-Length: 47375
Content-Type: application/json; charset=utf-8
host: localhost:12593
accept: */*

Response DefaultHttpResponse(decodeResult: success, version: HTTP/1.1)
HTTP/1.1 200 OK
Content-Length: 13
Content-Type: application/json; charset=utf-8
cache-control: no-cache

14:27:11.651 [AsyncHttpClient-1-7] DEBUG org.asynchttpclient.netty.channel.ChannelManager - Adding key: http://localhost:12593 for channel [id: 0xeaeee574, L:/127.0.0.1:59085 - R:localhost/127.0.0.1:12593]
14:27:11.660 [Forwarding getElementAttribute on session 87eceb0d2ff57e1a97eb7724294c1da5 to remote] DEBUG org.asynchttpclient.netty.request.NettyRequestSender - Using pooled Channel '[id: 0xeaeee574, L:/127.0.0.1:59085 - R:localhost/127.0.0.1:12593]' for 'POST' to 'http://localhost:12593/session/87eceb0d2ff57e1a97eb7724294c1da5/execute/sync'
14:27:11.660 [Forwarding getElementAttribute on session 87eceb0d2ff57e1a97eb7724294c1da5 to remote] DEBUG org.asynchttpclient.netty.request.NettyRequestSender - Using open Channel [id: 0xeaeee574, L:/127.0.0.1:59085 - R:localhost/127.0.0.1:12593] for POST '/session/87eceb0d2ff57e1a97eb7724294c1da5/execute/sync'
14:27:11.715 [AsyncHttpClient-1-7] DEBUG org.asynchttpclient.netty.handler.HttpHandler - 

Request DefaultHttpRequest(decodeResult: success, version: HTTP/1.1)
POST /session/87eceb0d2ff57e1a97eb7724294c1da5/execute/sync HTTP/1.1
User-Agent: selenium/4.8.1 (java windows)
Content-Length: 47375
Content-Type: application/json; charset=utf-8
host: localhost:12593
accept: */*

Response DefaultHttpResponse(decodeResult: success, version: HTTP/1.1)
HTTP/1.1 200 OK
Content-Length: 13
Content-Type: application/json; charset=utf-8
cache-control: no-cache

14:27:11.715 [AsyncHttpClient-1-7] DEBUG org.asynchttpclient.netty.channel.ChannelManager - Adding key: http://localhost:12593 for channel [id: 0xeaeee574, L:/127.0.0.1:59085 - R:localhost/127.0.0.1:12593]
14:27:11.723 [Forwarding getElementAttribute on session 87eceb0d2ff57e1a97eb7724294c1da5 to remote] DEBUG org.asynchttpclient.netty.request.NettyRequestSender - Using pooled Channel '[id: 0xeaeee574, L:/127.0.0.1:59085 - R:localhost/127.0.0.1:12593]' for 'POST' to 'http://localhost:12593/session/87eceb0d2ff57e1a97eb7724294c1da5/execute/sync'
14:27:11.723 [Forwarding getElementAttribute on session 87eceb0d2ff57e1a97eb7724294c1da5 to remote] DEBUG org.asynchttpclient.netty.request.NettyRequestSender - Using open Channel [id: 0xeaeee574, L:/127.0.0.1:59085 - R:localhost/127.0.0.1:12593] for POST '/session/87eceb0d2ff57e1a97eb7724294c1da5/execute/sync'
14:27:11.756 [AsyncHttpClient-1-7] DEBUG org.asynchttpclient.netty.handler.HttpHandler - 

Request DefaultHttpRequest(decodeResult: success, version: HTTP/1.1)
POST /session/87eceb0d2ff57e1a97eb7724294c1da5/execute/sync HTTP/1.1
User-Agent: selenium/4.8.1 (java windows)
Content-Length: 47375
Content-Type: application/json; charset=utf-8
host: localhost:12593
accept: */*

Response DefaultHttpResponse(decodeResult: success, version: HTTP/1.1)
HTTP/1.1 200 OK
Content-Length: 13
Content-Type: application/json; charset=utf-8
cache-control: no-cache

14:27:11.756 [AsyncHttpClient-1-7] DEBUG org.asynchttpclient.netty.channel.ChannelManager - Adding key: http://localhost:12593 for channel [id: 0xeaeee574, L:/127.0.0.1:59085 - R:localhost/127.0.0.1:12593]
14:27:11.763 [Forwarding getElementAttribute on session 87eceb0d2ff57e1a97eb7724294c1da5 to remote] DEBUG org.asynchttpclient.netty.request.NettyRequestSender - Using pooled Channel '[id: 0xeaeee574, L:/127.0.0.1:59085 - R:localhost/127.0.0.1:12593]' for 'POST' to 'http://localhost:12593/session/87eceb0d2ff57e1a97eb7724294c1da5/execute/sync'
14:27:11.763 [Forwarding getElementAttribute on session 87eceb0d2ff57e1a97eb7724294c1da5 to remote] DEBUG org.asynchttpclient.netty.request.NettyRequestSender - Using open Channel [id: 0xeaeee574, L:/127.0.0.1:59085 - R:localhost/127.0.0.1:12593] for POST '/session/87eceb0d2ff57e1a97eb7724294c1da5/execute/sync'
14:27:11.794 [AsyncHttpClient-1-7] DEBUG org.asynchttpclient.netty.handler.HttpHandler - 

Request DefaultHttpRequest(decodeResult: success, version: HTTP/1.1)
POST /session/87eceb0d2ff57e1a97eb7724294c1da5/execute/sync HTTP/1.1
User-Agent: selenium/4.8.1 (java windows)
Content-Length: 47375
Content-Type: application/json; charset=utf-8
host: localhost:12593
accept: */*

Response DefaultHttpResponse(decodeResult: success, version: HTTP/1.1)
HTTP/1.1 200 OK
Content-Length: 13
Content-Type: application/json; charset=utf-8
cache-control: no-cache

14:27:11.794 [AsyncHttpClient-1-7] DEBUG org.asynchttpclient.netty.channel.ChannelManager - Adding key: http://localhost:12593 for channel [id: 0xeaeee574, L:/127.0.0.1:59085 - R:localhost/127.0.0.1:12593]
14:27:11.798 [Forwarding isElementEnabled on session 87eceb0d2ff57e1a97eb7724294c1da5 to remote] DEBUG org.asynchttpclient.netty.request.NettyRequestSender - Using pooled Channel '[id: 0xeaeee574, L:/127.0.0.1:59085 - R:localhost/127.0.0.1:12593]' for 'GET' to 'http://localhost:12593/session/87eceb0d2ff57e1a97eb7724294c1da5/element/ED5D13787C8B0B69434DDA1B1349AB20_element_97/enabled'
14:27:11.798 [Forwarding isElementEnabled on session 87eceb0d2ff57e1a97eb7724294c1da5 to remote] DEBUG org.asynchttpclient.netty.request.NettyRequestSender - Using open Channel [id: 0xeaeee574, L:/127.0.0.1:59085 - R:localhost/127.0.0.1:12593] for GET '/session/87eceb0d2ff57e1a97eb7724294c1da5/element/ED5D13787C8B0B69434DDA1B1349AB20_element_97/enabled'
14:27:11.826 [AsyncHttpClient-1-7] DEBUG org.asynchttpclient.netty.handler.HttpHandler - 

Request DefaultFullHttpRequest(decodeResult: success, version: HTTP/1.1, content: EmptyByteBufBE)
GET /session/87eceb0d2ff57e1a97eb7724294c1da5/element/ED5D13787C8B0B69434DDA1B1349AB20_element_97/enabled HTTP/1.1
User-Agent: selenium/4.8.1 (java windows)
Cache-Control: no-cache
Content-Type: application/json; charset=utf-8
host: localhost:12593
accept: */*

Response DefaultHttpResponse(decodeResult: success, version: HTTP/1.1)
HTTP/1.1 200 OK
Content-Length: 14
Content-Type: application/json; charset=utf-8
cache-control: no-cache

14:27:11.826 [AsyncHttpClient-1-7] DEBUG org.asynchttpclient.netty.channel.ChannelManager - Adding key: http://localhost:12593 for channel [id: 0xeaeee574, L:/127.0.0.1:59085 - R:localhost/127.0.0.1:12593]
14:27:11.826 [Forwarding isElementSelected on session 87eceb0d2ff57e1a97eb7724294c1da5 to remote] DEBUG org.asynchttpclient.netty.request.NettyRequestSender - Using pooled Channel '[id: 0xeaeee574, L:/127.0.0.1:59085 - R:localhost/127.0.0.1:12593]' for 'GET' to 'http://localhost:12593/session/87eceb0d2ff57e1a97eb7724294c1da5/element/ED5D13787C8B0B69434DDA1B1349AB20_element_97/selected'
14:27:11.826 [Forwarding isElementSelected on session 87eceb0d2ff57e1a97eb7724294c1da5 to remote] DEBUG org.asynchttpclient.netty.request.NettyRequestSender - Using open Channel [id: 0xeaeee574, L:/127.0.0.1:59085 - R:localhost/127.0.0.1:12593] for GET '/session/87eceb0d2ff57e1a97eb7724294c1da5/element/ED5D13787C8B0B69434DDA1B1349AB20_element_97/selected'
14:27:11.851 [AsyncHttpClient-1-7] DEBUG org.asynchttpclient.netty.handler.HttpHandler - 

Request DefaultFullHttpRequest(decodeResult: success, version: HTTP/1.1, content: EmptyByteBufBE)
GET /session/87eceb0d2ff57e1a97eb7724294c1da5/element/ED5D13787C8B0B69434DDA1B1349AB20_element_97/selected HTTP/1.1
User-Agent: selenium/4.8.1 (java windows)
Cache-Control: no-cache
Content-Type: application/json; charset=utf-8
host: localhost:12593
accept: */*

Response DefaultHttpResponse(decodeResult: success, version: HTTP/1.1)
HTTP/1.1 200 OK
Content-Length: 15
Content-Type: application/json; charset=utf-8
cache-control: no-cache

14:27:11.854 [AsyncHttpClient-1-7] DEBUG org.asynchttpclient.netty.channel.ChannelManager - Adding key: http://localhost:12593 for channel [id: 0xeaeee574, L:/127.0.0.1:59085 - R:localhost/127.0.0.1:12593]
14:27:11.856 [Forwarding clickElement on session 87eceb0d2ff57e1a97eb7724294c1da5 to remote] DEBUG org.asynchttpclient.netty.request.NettyRequestSender - Using pooled Channel '[id: 0xeaeee574, L:/127.0.0.1:59085 - R:localhost/127.0.0.1:12593]' for 'POST' to 'http://localhost:12593/session/87eceb0d2ff57e1a97eb7724294c1da5/element/ED5D13787C8B0B69434DDA1B1349AB20_element_97/click'
14:27:11.856 [Forwarding clickElement on session 87eceb0d2ff57e1a97eb7724294c1da5 to remote] DEBUG org.asynchttpclient.netty.request.NettyRequestSender - Using open Channel [id: 0xeaeee574, L:/127.0.0.1:59085 - R:localhost/127.0.0.1:12593] for POST '/session/87eceb0d2ff57e1a97eb7724294c1da5/element/ED5D13787C8B0B69434DDA1B1349AB20_element_97/click'
14:27:11.969 [AsyncHttpClient-1-7] DEBUG org.asynchttpclient.netty.handler.HttpHandler - 

Request DefaultHttpRequest(decodeResult: success, version: HTTP/1.1)
POST /session/87eceb0d2ff57e1a97eb7724294c1da5/element/ED5D13787C8B0B69434DDA1B1349AB20_element_97/click HTTP/1.1
User-Agent: selenium/4.8.1 (java windows)
Content-Length: 57
Content-Type: application/json; charset=utf-8
host: localhost:12593
accept: */*

Response DefaultHttpResponse(decodeResult: success, version: HTTP/1.1)
HTTP/1.1 200 OK
Content-Length: 14
Content-Type: application/json; charset=utf-8
cache-control: no-cache

14:27:11.969 [AsyncHttpClient-1-7] DEBUG org.asynchttpclient.netty.channel.ChannelManager - Adding key: http://localhost:12593 for channel [id: 0xeaeee574, L:/127.0.0.1:59085 - R:localhost/127.0.0.1:12593]
14:27:11.990 [Forwarding getAlertText on session 87eceb0d2ff57e1a97eb7724294c1da5 to remote] DEBUG org.asynchttpclient.netty.request.NettyRequestSender - Using pooled Channel '[id: 0xeaeee574, L:/127.0.0.1:59085 - R:localhost/127.0.0.1:12593]' for 'GET' to 'http://localhost:12593/session/87eceb0d2ff57e1a97eb7724294c1da5/alert/text'
14:27:11.990 [Forwarding getAlertText on session 87eceb0d2ff57e1a97eb7724294c1da5 to remote] DEBUG org.asynchttpclient.netty.request.NettyRequestSender - Using open Channel [id: 0xeaeee574, L:/127.0.0.1:59085 - R:localhost/127.0.0.1:12593] for GET '/session/87eceb0d2ff57e1a97eb7724294c1da5/alert/text'
14:27:12.006 [AsyncHttpClient-1-7] DEBUG org.asynchttpclient.netty.handler.HttpHandler - 

Request DefaultFullHttpRequest(decodeResult: success, version: HTTP/1.1, content: EmptyByteBufBE)
GET /session/87eceb0d2ff57e1a97eb7724294c1da5/alert/text HTTP/1.1
User-Agent: selenium/4.8.1 (java windows)
Cache-Control: no-cache
Content-Type: application/json; charset=utf-8
host: localhost:12593
accept: */*

Response DefaultHttpResponse(decodeResult: success, version: HTTP/1.1)
HTTP/1.1 404 Not Found
Content-Length: 821
Content-Type: application/json; charset=utf-8
cache-control: no-cache

14:27:12.006 [AsyncHttpClient-1-7] DEBUG org.asynchttpclient.netty.channel.ChannelManager - Adding key: http://localhost:12593 for channel [id: 0xeaeee574, L:/127.0.0.1:59085 - R:localhost/127.0.0.1:12593]
14:27:12.016 [Forwarding getCurrentUrl on session 87eceb0d2ff57e1a97eb7724294c1da5 to remote] DEBUG org.asynchttpclient.netty.request.NettyRequestSender - Using pooled Channel '[id: 0xeaeee574, L:/127.0.0.1:59085 - R:localhost/127.0.0.1:12593]' for 'GET' to 'http://localhost:12593/session/87eceb0d2ff57e1a97eb7724294c1da5/url'
14:27:12.016 [Forwarding getCurrentUrl on session 87eceb0d2ff57e1a97eb7724294c1da5 to remote] DEBUG org.asynchttpclient.netty.request.NettyRequestSender - Using open Channel [id: 0xeaeee574, L:/127.0.0.1:59085 - R:localhost/127.0.0.1:12593] for GET '/session/87eceb0d2ff57e1a97eb7724294c1da5/url'
14:27:12.053 [AsyncHttpClient-1-7] DEBUG org.asynchttpclient.netty.handler.HttpHandler - 

Request DefaultFullHttpRequest(decodeResult: success, version: HTTP/1.1, content: EmptyByteBufBE)
GET /session/87eceb0d2ff57e1a97eb7724294c1da5/url HTTP/1.1
User-Agent: selenium/4.8.1 (java windows)
Cache-Control: no-cache
Content-Type: application/json; charset=utf-8
host: localhost:12593
accept: */*

Response DefaultHttpResponse(decodeResult: success, version: HTTP/1.1)
HTTP/1.1 200 OK
Content-Length: 62
Content-Type: application/json; charset=utf-8
cache-control: no-cache

14:27:12.054 [AsyncHttpClient-1-7] DEBUG org.asynchttpclient.netty.channel.ChannelManager - Adding key: http://localhost:12593 for channel [id: 0xeaeee574, L:/127.0.0.1:59085 - R:localhost/127.0.0.1:12593]
14:27:12.057 [Forwarding screenshot on session 87eceb0d2ff57e1a97eb7724294c1da5 to remote] DEBUG org.asynchttpclient.netty.request.NettyRequestSender - Using pooled Channel '[id: 0xeaeee574, L:/127.0.0.1:59085 - R:localhost/127.0.0.1:12593]' for 'GET' to 'http://localhost:12593/session/87eceb0d2ff57e1a97eb7724294c1da5/screenshot'
14:27:12.057 [Forwarding screenshot on session 87eceb0d2ff57e1a97eb7724294c1da5 to remote] DEBUG org.asynchttpclient.netty.request.NettyRequestSender - Using open Channel [id: 0xeaeee574, L:/127.0.0.1:59085 - R:localhost/127.0.0.1:12593] for GET '/session/87eceb0d2ff57e1a97eb7724294c1da5/screenshot'
14:27:12.296 [AsyncHttpClient-1-1] DEBUG org.asynchttpclient.netty.channel.DefaultChannelPool - Entry count for : http://localhost:59086 : 1
14:27:12.452 [AsyncHttpClient-1-7] DEBUG org.asynchttpclient.netty.handler.HttpHandler - 

Request DefaultFullHttpRequest(decodeResult: success, version: HTTP/1.1, content: EmptyByteBufBE)
GET /session/87eceb0d2ff57e1a97eb7724294c1da5/screenshot HTTP/1.1
User-Agent: selenium/4.8.1 (java windows)
Cache-Control: no-cache
Content-Type: application/json; charset=utf-8
host: localhost:12593
accept: */*

Response DefaultHttpResponse(decodeResult: success, version: HTTP/1.1)
HTTP/1.1 200 OK
Content-Length: 185024
Content-Type: application/json; charset=utf-8
cache-control: no-cache

14:27:12.452 [AsyncHttpClient-1-7] DEBUG org.asynchttpclient.netty.channel.ChannelManager - Adding key: http://localhost:12593 for channel [id: 0xeaeee574, L:/127.0.0.1:59085 - R:localhost/127.0.0.1:12593]
14:27:12.472 [main] DEBUG net.serenitybdd.core.photography.Darkroom - Send negative for processing for target\site\serenity\eeca40dafebf92099153ca687db0c161d7eb80d14a657430edf54b4c05255734.png
14:27:12.477 [main] DEBUG net.thucydides.core.steps.StepInterceptor - STEP DONE: Select_interestedin
14:27:12.477 [Darkroom Processing Line] DEBUG net.serenitybdd.core.photography.DarkroomProcessingLine - Processing screenshot image in /var/screenshots/screenshot-7047712954714560225
14:27:12.477 [Darkroom Processing Line] DEBUG net.serenitybdd.core.photography.DarkroomProcessingLine - Saving screenshot to target\site\serenity\eeca40dafebf92099153ca687db0c161d7eb80d14a657430edf54b4c05255734.png
14:27:12.519 [Forwarding getPageSource on session 87eceb0d2ff57e1a97eb7724294c1da5 to remote] DEBUG org.asynchttpclient.netty.request.NettyRequestSender - Using pooled Channel '[id: 0xeaeee574, L:/127.0.0.1:59085 - R:localhost/127.0.0.1:12593]' for 'POST' to 'http://localhost:12593/session/87eceb0d2ff57e1a97eb7724294c1da5/execute/sync'
14:27:12.519 [Forwarding getPageSource on session 87eceb0d2ff57e1a97eb7724294c1da5 to remote] DEBUG org.asynchttpclient.netty.request.NettyRequestSender - Using open Channel [id: 0xeaeee574, L:/127.0.0.1:59085 - R:localhost/127.0.0.1:12593] for POST '/session/87eceb0d2ff57e1a97eb7724294c1da5/execute/sync'
14:27:12.610 [AsyncHttpClient-1-7] DEBUG org.asynchttpclient.netty.handler.HttpHandler - 

Request DefaultHttpRequest(decodeResult: success, version: HTTP/1.1)
POST /session/87eceb0d2ff57e1a97eb7724294c1da5/execute/sync HTTP/1.1
User-Agent: selenium/4.8.1 (java windows)
Content-Length: 176
Content-Type: application/json; charset=utf-8
host: localhost:12593
accept: */*

Response DefaultHttpResponse(decodeResult: success, version: HTTP/1.1)
HTTP/1.1 200 OK
Content-Length: 92113
Content-Type: application/json; charset=utf-8
cache-control: no-cache

14:27:12.610 [AsyncHttpClient-1-7] DEBUG org.asynchttpclient.netty.channel.ChannelManager - Adding key: http://localhost:12593 for channel [id: 0xeaeee574, L:/127.0.0.1:59085 - R:localhost/127.0.0.1:12593]
14:27:12.633 [Forwarding getCurrentUrl on session 87eceb0d2ff57e1a97eb7724294c1da5 to remote] DEBUG org.asynchttpclient.netty.request.NettyRequestSender - Using pooled Channel '[id: 0xeaeee574, L:/127.0.0.1:59085 - R:localhost/127.0.0.1:12593]' for 'GET' to 'http://localhost:12593/session/87eceb0d2ff57e1a97eb7724294c1da5/url'
14:27:12.633 [Forwarding getCurrentUrl on session 87eceb0d2ff57e1a97eb7724294c1da5 to remote] DEBUG org.asynchttpclient.netty.request.NettyRequestSender - Using open Channel [id: 0xeaeee574, L:/127.0.0.1:59085 - R:localhost/127.0.0.1:12593] for GET '/session/87eceb0d2ff57e1a97eb7724294c1da5/url'
14:27:12.721 [AsyncHttpClient-1-7] DEBUG org.asynchttpclient.netty.handler.HttpHandler - 

Request DefaultFullHttpRequest(decodeResult: success, version: HTTP/1.1, content: EmptyByteBufBE)
GET /session/87eceb0d2ff57e1a97eb7724294c1da5/url HTTP/1.1
User-Agent: selenium/4.8.1 (java windows)
Cache-Control: no-cache
Content-Type: application/json; charset=utf-8
host: localhost:12593
accept: */*

Response DefaultHttpResponse(decodeResult: success, version: HTTP/1.1)
HTTP/1.1 200 OK
Content-Length: 62
Content-Type: application/json; charset=utf-8
cache-control: no-cache

14:27:12.721 [AsyncHttpClient-1-7] DEBUG org.asynchttpclient.netty.channel.ChannelManager - Adding key: http://localhost:12593 for channel [id: 0xeaeee574, L:/127.0.0.1:59085 - R:localhost/127.0.0.1:12593]
14:27:12.741 [Forwarding getAlertText on session 87eceb0d2ff57e1a97eb7724294c1da5 to remote] DEBUG org.asynchttpclient.netty.request.NettyRequestSender - Using pooled Channel '[id: 0xeaeee574, L:/127.0.0.1:59085 - R:localhost/127.0.0.1:12593]' for 'GET' to 'http://localhost:12593/session/87eceb0d2ff57e1a97eb7724294c1da5/alert/text'
14:27:12.741 [Forwarding getAlertText on session 87eceb0d2ff57e1a97eb7724294c1da5 to remote] DEBUG org.asynchttpclient.netty.request.NettyRequestSender - Using open Channel [id: 0xeaeee574, L:/127.0.0.1:59085 - R:localhost/127.0.0.1:12593] for GET '/session/87eceb0d2ff57e1a97eb7724294c1da5/alert/text'
14:27:12.793 [AsyncHttpClient-1-7] DEBUG org.asynchttpclient.netty.handler.HttpHandler - 

Request DefaultFullHttpRequest(decodeResult: success, version: HTTP/1.1, content: EmptyByteBufBE)
GET /session/87eceb0d2ff57e1a97eb7724294c1da5/alert/text HTTP/1.1
User-Agent: selenium/4.8.1 (java windows)
Cache-Control: no-cache
Content-Type: application/json; charset=utf-8
host: localhost:12593
accept: */*

Response DefaultHttpResponse(decodeResult: success, version: HTTP/1.1)
HTTP/1.1 404 Not Found
Content-Length: 821
Content-Type: application/json; charset=utf-8
cache-control: no-cache

14:27:12.793 [AsyncHttpClient-1-7] DEBUG org.asynchttpclient.netty.channel.ChannelManager - Adding key: http://localhost:12593 for channel [id: 0xeaeee574, L:/127.0.0.1:59085 - R:localhost/127.0.0.1:12593]
14:27:12.793 [Forwarding getCurrentUrl on session 87eceb0d2ff57e1a97eb7724294c1da5 to remote] DEBUG org.asynchttpclient.netty.request.NettyRequestSender - Using pooled Channel '[id: 0xeaeee574, L:/127.0.0.1:59085 - R:localhost/127.0.0.1:12593]' for 'GET' to 'http://localhost:12593/session/87eceb0d2ff57e1a97eb7724294c1da5/url'
14:27:12.793 [Forwarding getCurrentUrl on session 87eceb0d2ff57e1a97eb7724294c1da5 to remote] DEBUG org.asynchttpclient.netty.request.NettyRequestSender - Using open Channel [id: 0xeaeee574, L:/127.0.0.1:59085 - R:localhost/127.0.0.1:12593] for GET '/session/87eceb0d2ff57e1a97eb7724294c1da5/url'
14:27:12.886 [AsyncHttpClient-1-7] DEBUG org.asynchttpclient.netty.handler.HttpHandler - 

Request DefaultFullHttpRequest(decodeResult: success, version: HTTP/1.1, content: EmptyByteBufBE)
GET /session/87eceb0d2ff57e1a97eb7724294c1da5/url HTTP/1.1
User-Agent: selenium/4.8.1 (java windows)
Cache-Control: no-cache
Content-Type: application/json; charset=utf-8
host: localhost:12593
accept: */*

Response DefaultHttpResponse(decodeResult: success, version: HTTP/1.1)
HTTP/1.1 200 OK
Content-Length: 62
Content-Type: application/json; charset=utf-8
cache-control: no-cache

14:27:12.886 [AsyncHttpClient-1-7] DEBUG org.asynchttpclient.netty.channel.ChannelManager - Adding key: http://localhost:12593 for channel [id: 0xeaeee574, L:/127.0.0.1:59085 - R:localhost/127.0.0.1:12593]
14:27:12.890 [Forwarding screenshot on session 87eceb0d2ff57e1a97eb7724294c1da5 to remote] DEBUG org.asynchttpclient.netty.request.NettyRequestSender - Using pooled Channel '[id: 0xeaeee574, L:/127.0.0.1:59085 - R:localhost/127.0.0.1:12593]' for 'GET' to 'http://localhost:12593/session/87eceb0d2ff57e1a97eb7724294c1da5/screenshot'
14:27:12.890 [Forwarding screenshot on session 87eceb0d2ff57e1a97eb7724294c1da5 to remote] DEBUG org.asynchttpclient.netty.request.NettyRequestSender - Using open Channel [id: 0xeaeee574, L:/127.0.0.1:59085 - R:localhost/127.0.0.1:12593] for GET '/session/87eceb0d2ff57e1a97eb7724294c1da5/screenshot'
14:27:13.217 [AsyncHttpClient-1-7] DEBUG org.asynchttpclient.netty.handler.HttpHandler - 

Request DefaultFullHttpRequest(decodeResult: success, version: HTTP/1.1, content: EmptyByteBufBE)
GET /session/87eceb0d2ff57e1a97eb7724294c1da5/screenshot HTTP/1.1
User-Agent: selenium/4.8.1 (java windows)
Cache-Control: no-cache
Content-Type: application/json; charset=utf-8
host: localhost:12593
accept: */*

Response DefaultHttpResponse(decodeResult: success, version: HTTP/1.1)
HTTP/1.1 200 OK
Content-Length: 185024
Content-Type: application/json; charset=utf-8
cache-control: no-cache

14:27:13.217 [AsyncHttpClient-1-7] DEBUG org.asynchttpclient.netty.channel.ChannelManager - Adding key: http://localhost:12593 for channel [id: 0xeaeee574, L:/127.0.0.1:59085 - R:localhost/127.0.0.1:12593]
14:27:13.235 [main] DEBUG net.serenitybdd.core.photography.Darkroom - Send negative for processing for target\site\serenity\eeca40dafebf92099153ca687db0c161d7eb80d14a657430edf54b4c05255734.png
14:27:13.241 [Forwarding getPageSource on session 87eceb0d2ff57e1a97eb7724294c1da5 to remote] DEBUG org.asynchttpclient.netty.request.NettyRequestSender - Using pooled Channel '[id: 0xeaeee574, L:/127.0.0.1:59085 - R:localhost/127.0.0.1:12593]' for 'POST' to 'http://localhost:12593/session/87eceb0d2ff57e1a97eb7724294c1da5/execute/sync'
14:27:13.241 [Forwarding getPageSource on session 87eceb0d2ff57e1a97eb7724294c1da5 to remote] DEBUG org.asynchttpclient.netty.request.NettyRequestSender - Using open Channel [id: 0xeaeee574, L:/127.0.0.1:59085 - R:localhost/127.0.0.1:12593] for POST '/session/87eceb0d2ff57e1a97eb7724294c1da5/execute/sync'
14:27:13.305 [AsyncHttpClient-1-7] DEBUG org.asynchttpclient.netty.handler.HttpHandler - 

Request DefaultHttpRequest(decodeResult: success, version: HTTP/1.1)
POST /session/87eceb0d2ff57e1a97eb7724294c1da5/execute/sync HTTP/1.1
User-Agent: selenium/4.8.1 (java windows)
Content-Length: 176
Content-Type: application/json; charset=utf-8
host: localhost:12593
accept: */*

Response DefaultHttpResponse(decodeResult: success, version: HTTP/1.1)
HTTP/1.1 200 OK
Content-Length: 92113
Content-Type: application/json; charset=utf-8
cache-control: no-cache

14:27:13.306 [AsyncHttpClient-1-7] DEBUG org.asynchttpclient.netty.channel.ChannelManager - Adding key: http://localhost:12593 for channel [id: 0xeaeee574, L:/127.0.0.1:59085 - R:localhost/127.0.0.1:12593]
14:27:13.328 [Forwarding getCurrentUrl on session 87eceb0d2ff57e1a97eb7724294c1da5 to remote] DEBUG org.asynchttpclient.netty.request.NettyRequestSender - Using pooled Channel '[id: 0xeaeee574, L:/127.0.0.1:59085 - R:localhost/127.0.0.1:12593]' for 'GET' to 'http://localhost:12593/session/87eceb0d2ff57e1a97eb7724294c1da5/url'
14:27:13.328 [Forwarding getCurrentUrl on session 87eceb0d2ff57e1a97eb7724294c1da5 to remote] DEBUG org.asynchttpclient.netty.request.NettyRequestSender - Using open Channel [id: 0xeaeee574, L:/127.0.0.1:59085 - R:localhost/127.0.0.1:12593] for GET '/session/87eceb0d2ff57e1a97eb7724294c1da5/url'
14:27:13.365 [AsyncHttpClient-1-7] DEBUG org.asynchttpclient.netty.handler.HttpHandler - 

Request DefaultFullHttpRequest(decodeResult: success, version: HTTP/1.1, content: EmptyByteBufBE)
GET /session/87eceb0d2ff57e1a97eb7724294c1da5/url HTTP/1.1
User-Agent: selenium/4.8.1 (java windows)
Cache-Control: no-cache
Content-Type: application/json; charset=utf-8
host: localhost:12593
accept: */*

Response DefaultHttpResponse(decodeResult: success, version: HTTP/1.1)
HTTP/1.1 200 OK
Content-Length: 62
Content-Type: application/json; charset=utf-8
cache-control: no-cache

14:27:13.365 [AsyncHttpClient-1-7] DEBUG org.asynchttpclient.netty.channel.ChannelManager - Adding key: http://localhost:12593 for channel [id: 0xeaeee574, L:/127.0.0.1:59085 - R:localhost/127.0.0.1:12593]
14:27:13.369 [main] DEBUG net.thucydides.core.steps.StepInterceptor - STARTING STEP: Afrexim_OurBank_Contactus_Sendmessage_steps.type_company_name - Type_companyname
14:27:13.369 [Forwarding findElement on session 87eceb0d2ff57e1a97eb7724294c1da5 to remote] DEBUG org.asynchttpclient.netty.request.NettyRequestSender - Using pooled Channel '[id: 0xeaeee574, L:/127.0.0.1:59085 - R:localhost/127.0.0.1:12593]' for 'POST' to 'http://localhost:12593/session/87eceb0d2ff57e1a97eb7724294c1da5/element'
14:27:13.369 [Forwarding findElement on session 87eceb0d2ff57e1a97eb7724294c1da5 to remote] DEBUG org.asynchttpclient.netty.request.NettyRequestSender - Using open Channel [id: 0xeaeee574, L:/127.0.0.1:59085 - R:localhost/127.0.0.1:12593] for POST '/session/87eceb0d2ff57e1a97eb7724294c1da5/element'
14:27:13.398 [AsyncHttpClient-1-1] DEBUG org.asynchttpclient.netty.channel.DefaultChannelPool - Entry count for : http://localhost:59086 : 1
14:27:13.467 [AsyncHttpClient-1-7] DEBUG org.asynchttpclient.netty.handler.HttpHandler - 

Request DefaultHttpRequest(decodeResult: success, version: HTTP/1.1)
POST /session/87eceb0d2ff57e1a97eb7724294c1da5/element HTTP/1.1
User-Agent: selenium/4.8.1 (java windows)
Content-Length: 71
Content-Type: application/json; charset=utf-8
host: localhost:12593
accept: */*

Response DefaultHttpResponse(decodeResult: success, version: HTTP/1.1)
HTTP/1.1 200 OK
Content-Length: 96
Content-Type: application/json; charset=utf-8
cache-control: no-cache

14:27:13.469 [AsyncHttpClient-1-7] DEBUG org.asynchttpclient.netty.channel.ChannelManager - Adding key: http://localhost:12593 for channel [id: 0xeaeee574, L:/127.0.0.1:59085 - R:localhost/127.0.0.1:12593]
14:27:13.473 [Forwarding clearElement on session 87eceb0d2ff57e1a97eb7724294c1da5 to remote] DEBUG org.asynchttpclient.netty.request.NettyRequestSender - Using pooled Channel '[id: 0xeaeee574, L:/127.0.0.1:59085 - R:localhost/127.0.0.1:12593]' for 'POST' to 'http://localhost:12593/session/87eceb0d2ff57e1a97eb7724294c1da5/element/ED5D13787C8B0B69434DDA1B1349AB20_element_106/clear'
14:27:13.473 [Forwarding clearElement on session 87eceb0d2ff57e1a97eb7724294c1da5 to remote] DEBUG org.asynchttpclient.netty.request.NettyRequestSender - Using open Channel [id: 0xeaeee574, L:/127.0.0.1:59085 - R:localhost/127.0.0.1:12593] for POST '/session/87eceb0d2ff57e1a97eb7724294c1da5/element/ED5D13787C8B0B69434DDA1B1349AB20_element_106/clear'
14:27:13.616 [AsyncHttpClient-1-7] DEBUG org.asynchttpclient.netty.handler.HttpHandler - 

Request DefaultHttpRequest(decodeResult: success, version: HTTP/1.1)
POST /session/87eceb0d2ff57e1a97eb7724294c1da5/element/ED5D13787C8B0B69434DDA1B1349AB20_element_106/clear HTTP/1.1
User-Agent: selenium/4.8.1 (java windows)
Content-Length: 58
Content-Type: application/json; charset=utf-8
host: localhost:12593
accept: */*

Response DefaultHttpResponse(decodeResult: success, version: HTTP/1.1)
HTTP/1.1 200 OK
Content-Length: 14
Content-Type: application/json; charset=utf-8
cache-control: no-cache

14:27:13.616 [AsyncHttpClient-1-7] DEBUG org.asynchttpclient.netty.channel.ChannelManager - Adding key: http://localhost:12593 for channel [id: 0xeaeee574, L:/127.0.0.1:59085 - R:localhost/127.0.0.1:12593]
14:27:13.625 [Forwarding sendKeysToElement on session 87eceb0d2ff57e1a97eb7724294c1da5 to remote] DEBUG org.asynchttpclient.netty.request.NettyRequestSender - Using pooled Channel '[id: 0xeaeee574, L:/127.0.0.1:59085 - R:localhost/127.0.0.1:12593]' for 'POST' to 'http://localhost:12593/session/87eceb0d2ff57e1a97eb7724294c1da5/element/ED5D13787C8B0B69434DDA1B1349AB20_element_106/value'
14:27:13.625 [Forwarding sendKeysToElement on session 87eceb0d2ff57e1a97eb7724294c1da5 to remote] DEBUG org.asynchttpclient.netty.request.NettyRequestSender - Using open Channel [id: 0xeaeee574, L:/127.0.0.1:59085 - R:localhost/127.0.0.1:12593] for POST '/session/87eceb0d2ff57e1a97eb7724294c1da5/element/ED5D13787C8B0B69434DDA1B1349AB20_element_106/value'
14:27:14.160 [AsyncHttpClient-1-7] DEBUG org.asynchttpclient.netty.handler.HttpHandler - 

Request DefaultHttpRequest(decodeResult: success, version: HTTP/1.1)
POST /session/87eceb0d2ff57e1a97eb7724294c1da5/element/ED5D13787C8B0B69434DDA1B1349AB20_element_106/value HTTP/1.1
User-Agent: selenium/4.8.1 (java windows)
Content-Length: 199
Content-Type: application/json; charset=utf-8
host: localhost:12593
accept: */*

Response DefaultHttpResponse(decodeResult: success, version: HTTP/1.1)
HTTP/1.1 200 OK
Content-Length: 14
Content-Type: application/json; charset=utf-8
cache-control: no-cache

14:27:14.160 [AsyncHttpClient-1-7] DEBUG org.asynchttpclient.netty.channel.ChannelManager - Adding key: http://localhost:12593 for channel [id: 0xeaeee574, L:/127.0.0.1:59085 - R:localhost/127.0.0.1:12593]
14:27:14.209 [Forwarding sendKeysToElement on session 87eceb0d2ff57e1a97eb7724294c1da5 to remote] DEBUG org.asynchttpclient.netty.request.NettyRequestSender - Using pooled Channel '[id: 0xeaeee574, L:/127.0.0.1:59085 - R:localhost/127.0.0.1:12593]' for 'POST' to 'http://localhost:12593/session/87eceb0d2ff57e1a97eb7724294c1da5/element/ED5D13787C8B0B69434DDA1B1349AB20_element_106/value'
14:27:14.209 [Forwarding sendKeysToElement on session 87eceb0d2ff57e1a97eb7724294c1da5 to remote] DEBUG org.asynchttpclient.netty.request.NettyRequestSender - Using open Channel [id: 0xeaeee574, L:/127.0.0.1:59085 - R:localhost/127.0.0.1:12593] for POST '/session/87eceb0d2ff57e1a97eb7724294c1da5/element/ED5D13787C8B0B69434DDA1B1349AB20_element_106/value'
14:27:14.449 [AsyncHttpClient-1-7] DEBUG org.asynchttpclient.netty.handler.HttpHandler - 

Request DefaultHttpRequest(decodeResult: success, version: HTTP/1.1)
POST /session/87eceb0d2ff57e1a97eb7724294c1da5/element/ED5D13787C8B0B69434DDA1B1349AB20_element_106/value HTTP/1.1
User-Agent: selenium/4.8.1 (java windows)
Content-Length: 103
Content-Type: application/json; charset=utf-8
host: localhost:12593
accept: */*

Response DefaultHttpResponse(decodeResult: success, version: HTTP/1.1)
HTTP/1.1 200 OK
Content-Length: 14
Content-Type: application/json; charset=utf-8
cache-control: no-cache

14:27:14.455 [AsyncHttpClient-1-7] DEBUG org.asynchttpclient.netty.channel.ChannelManager - Adding key: http://localhost:12593 for channel [id: 0xeaeee574, L:/127.0.0.1:59085 - R:localhost/127.0.0.1:12593]
14:27:14.480 [Forwarding getAlertText on session 87eceb0d2ff57e1a97eb7724294c1da5 to remote] DEBUG org.asynchttpclient.netty.request.NettyRequestSender - Using pooled Channel '[id: 0xeaeee574, L:/127.0.0.1:59085 - R:localhost/127.0.0.1:12593]' for 'GET' to 'http://localhost:12593/session/87eceb0d2ff57e1a97eb7724294c1da5/alert/text'
14:27:14.480 [Forwarding getAlertText on session 87eceb0d2ff57e1a97eb7724294c1da5 to remote] DEBUG org.asynchttpclient.netty.request.NettyRequestSender - Using open Channel [id: 0xeaeee574, L:/127.0.0.1:59085 - R:localhost/127.0.0.1:12593] for GET '/session/87eceb0d2ff57e1a97eb7724294c1da5/alert/text'
14:27:14.504 [AsyncHttpClient-1-7] DEBUG org.asynchttpclient.netty.handler.HttpHandler - 

Request DefaultFullHttpRequest(decodeResult: success, version: HTTP/1.1, content: EmptyByteBufBE)
GET /session/87eceb0d2ff57e1a97eb7724294c1da5/alert/text HTTP/1.1
User-Agent: selenium/4.8.1 (java windows)
Cache-Control: no-cache
Content-Type: application/json; charset=utf-8
host: localhost:12593
accept: */*

Response DefaultHttpResponse(decodeResult: success, version: HTTP/1.1)
HTTP/1.1 404 Not Found
Content-Length: 821
Content-Type: application/json; charset=utf-8
cache-control: no-cache

14:27:14.504 [AsyncHttpClient-1-7] DEBUG org.asynchttpclient.netty.channel.ChannelManager - Adding key: http://localhost:12593 for channel [id: 0xeaeee574, L:/127.0.0.1:59085 - R:localhost/127.0.0.1:12593]
14:27:14.508 [Forwarding getCurrentUrl on session 87eceb0d2ff57e1a97eb7724294c1da5 to remote] DEBUG org.asynchttpclient.netty.request.NettyRequestSender - Using pooled Channel '[id: 0xeaeee574, L:/127.0.0.1:59085 - R:localhost/127.0.0.1:12593]' for 'GET' to 'http://localhost:12593/session/87eceb0d2ff57e1a97eb7724294c1da5/url'
14:27:14.508 [Forwarding getCurrentUrl on session 87eceb0d2ff57e1a97eb7724294c1da5 to remote] DEBUG org.asynchttpclient.netty.request.NettyRequestSender - Using open Channel [id: 0xeaeee574, L:/127.0.0.1:59085 - R:localhost/127.0.0.1:12593] for GET '/session/87eceb0d2ff57e1a97eb7724294c1da5/url'
14:27:14.521 [AsyncHttpClient-1-1] DEBUG org.asynchttpclient.netty.channel.DefaultChannelPool - Entry count for : http://localhost:59086 : 1
14:27:14.832 [AsyncHttpClient-1-7] DEBUG org.asynchttpclient.netty.handler.HttpHandler - 

Request DefaultFullHttpRequest(decodeResult: success, version: HTTP/1.1, content: EmptyByteBufBE)
GET /session/87eceb0d2ff57e1a97eb7724294c1da5/url HTTP/1.1
User-Agent: selenium/4.8.1 (java windows)
Cache-Control: no-cache
Content-Type: application/json; charset=utf-8
host: localhost:12593
accept: */*

Response DefaultHttpResponse(decodeResult: success, version: HTTP/1.1)
HTTP/1.1 200 OK
Content-Length: 62
Content-Type: application/json; charset=utf-8
cache-control: no-cache

14:27:14.832 [AsyncHttpClient-1-7] DEBUG org.asynchttpclient.netty.channel.ChannelManager - Adding key: http://localhost:12593 for channel [id: 0xeaeee574, L:/127.0.0.1:59085 - R:localhost/127.0.0.1:12593]
14:27:14.838 [Forwarding screenshot on session 87eceb0d2ff57e1a97eb7724294c1da5 to remote] DEBUG org.asynchttpclient.netty.request.NettyRequestSender - Using pooled Channel '[id: 0xeaeee574, L:/127.0.0.1:59085 - R:localhost/127.0.0.1:12593]' for 'GET' to 'http://localhost:12593/session/87eceb0d2ff57e1a97eb7724294c1da5/screenshot'
14:27:14.838 [Forwarding screenshot on session 87eceb0d2ff57e1a97eb7724294c1da5 to remote] DEBUG org.asynchttpclient.netty.request.NettyRequestSender - Using open Channel [id: 0xeaeee574, L:/127.0.0.1:59085 - R:localhost/127.0.0.1:12593] for GET '/session/87eceb0d2ff57e1a97eb7724294c1da5/screenshot'
14:27:15.293 [AsyncHttpClient-1-7] DEBUG org.asynchttpclient.netty.handler.HttpHandler - 

Request DefaultFullHttpRequest(decodeResult: success, version: HTTP/1.1, content: EmptyByteBufBE)
GET /session/87eceb0d2ff57e1a97eb7724294c1da5/screenshot HTTP/1.1
User-Agent: selenium/4.8.1 (java windows)
Cache-Control: no-cache
Content-Type: application/json; charset=utf-8
host: localhost:12593
accept: */*

Response DefaultHttpResponse(decodeResult: success, version: HTTP/1.1)
HTTP/1.1 200 OK
Content-Length: 101408
Content-Type: application/json; charset=utf-8
cache-control: no-cache

14:27:15.293 [AsyncHttpClient-1-7] DEBUG org.asynchttpclient.netty.channel.ChannelManager - Adding key: http://localhost:12593 for channel [id: 0xeaeee574, L:/127.0.0.1:59085 - R:localhost/127.0.0.1:12593]
14:27:15.305 [main] DEBUG net.serenitybdd.core.photography.Darkroom - Send negative for processing for target\site\serenity\c1c18369d42c622f2e991b4993e854b69aa16d6fbb0b9c4ff944913788631f29.png
14:27:15.305 [main] DEBUG net.thucydides.core.steps.StepInterceptor - STEP DONE: Type_companyname
14:27:15.305 [Darkroom Processing Line] DEBUG net.serenitybdd.core.photography.DarkroomProcessingLine - Processing screenshot image in /var/screenshots/screenshot-3588359247947751624
14:27:15.305 [Darkroom Processing Line] DEBUG net.serenitybdd.core.photography.DarkroomProcessingLine - Saving screenshot to target\site\serenity\c1c18369d42c622f2e991b4993e854b69aa16d6fbb0b9c4ff944913788631f29.png
14:27:15.364 [Forwarding getPageSource on session 87eceb0d2ff57e1a97eb7724294c1da5 to remote] DEBUG org.asynchttpclient.netty.request.NettyRequestSender - Using pooled Channel '[id: 0xeaeee574, L:/127.0.0.1:59085 - R:localhost/127.0.0.1:12593]' for 'POST' to 'http://localhost:12593/session/87eceb0d2ff57e1a97eb7724294c1da5/execute/sync'
14:27:15.364 [Forwarding getPageSource on session 87eceb0d2ff57e1a97eb7724294c1da5 to remote] DEBUG org.asynchttpclient.netty.request.NettyRequestSender - Using open Channel [id: 0xeaeee574, L:/127.0.0.1:59085 - R:localhost/127.0.0.1:12593] for POST '/session/87eceb0d2ff57e1a97eb7724294c1da5/execute/sync'
14:27:15.430 [AsyncHttpClient-1-7] DEBUG org.asynchttpclient.netty.handler.HttpHandler - 

Request DefaultHttpRequest(decodeResult: success, version: HTTP/1.1)
POST /session/87eceb0d2ff57e1a97eb7724294c1da5/execute/sync HTTP/1.1
User-Agent: selenium/4.8.1 (java windows)
Content-Length: 176
Content-Type: application/json; charset=utf-8
host: localhost:12593
accept: */*

Response DefaultHttpResponse(decodeResult: success, version: HTTP/1.1)
HTTP/1.1 200 OK
Content-Length: 92318
Content-Type: application/json; charset=utf-8
cache-control: no-cache

14:27:15.436 [AsyncHttpClient-1-7] DEBUG org.asynchttpclient.netty.channel.ChannelManager - Adding key: http://localhost:12593 for channel [id: 0xeaeee574, L:/127.0.0.1:59085 - R:localhost/127.0.0.1:12593]
14:27:15.457 [Forwarding getCurrentUrl on session 87eceb0d2ff57e1a97eb7724294c1da5 to remote] DEBUG org.asynchttpclient.netty.request.NettyRequestSender - Using pooled Channel '[id: 0xeaeee574, L:/127.0.0.1:59085 - R:localhost/127.0.0.1:12593]' for 'GET' to 'http://localhost:12593/session/87eceb0d2ff57e1a97eb7724294c1da5/url'
14:27:15.457 [Forwarding getCurrentUrl on session 87eceb0d2ff57e1a97eb7724294c1da5 to remote] DEBUG org.asynchttpclient.netty.request.NettyRequestSender - Using open Channel [id: 0xeaeee574, L:/127.0.0.1:59085 - R:localhost/127.0.0.1:12593] for GET '/session/87eceb0d2ff57e1a97eb7724294c1da5/url'
14:27:15.521 [AsyncHttpClient-1-7] DEBUG org.asynchttpclient.netty.handler.HttpHandler - 

Request DefaultFullHttpRequest(decodeResult: success, version: HTTP/1.1, content: EmptyByteBufBE)
GET /session/87eceb0d2ff57e1a97eb7724294c1da5/url HTTP/1.1
User-Agent: selenium/4.8.1 (java windows)
Cache-Control: no-cache
Content-Type: application/json; charset=utf-8
host: localhost:12593
accept: */*

Response DefaultHttpResponse(decodeResult: success, version: HTTP/1.1)
HTTP/1.1 200 OK
Content-Length: 62
Content-Type: application/json; charset=utf-8
cache-control: no-cache

14:27:15.521 [AsyncHttpClient-1-7] DEBUG org.asynchttpclient.netty.channel.ChannelManager - Adding key: http://localhost:12593 for channel [id: 0xeaeee574, L:/127.0.0.1:59085 - R:localhost/127.0.0.1:12593]
14:27:15.549 [Forwarding getAlertText on session 87eceb0d2ff57e1a97eb7724294c1da5 to remote] DEBUG org.asynchttpclient.netty.request.NettyRequestSender - Using pooled Channel '[id: 0xeaeee574, L:/127.0.0.1:59085 - R:localhost/127.0.0.1:12593]' for 'GET' to 'http://localhost:12593/session/87eceb0d2ff57e1a97eb7724294c1da5/alert/text'
14:27:15.549 [Forwarding getAlertText on session 87eceb0d2ff57e1a97eb7724294c1da5 to remote] DEBUG org.asynchttpclient.netty.request.NettyRequestSender - Using open Channel [id: 0xeaeee574, L:/127.0.0.1:59085 - R:localhost/127.0.0.1:12593] for GET '/session/87eceb0d2ff57e1a97eb7724294c1da5/alert/text'
14:27:15.590 [AsyncHttpClient-1-1] DEBUG org.asynchttpclient.netty.channel.DefaultChannelPool - Entry count for : http://localhost:59086 : 1
14:27:15.598 [AsyncHttpClient-1-7] DEBUG org.asynchttpclient.netty.handler.HttpHandler - 

Request DefaultFullHttpRequest(decodeResult: success, version: HTTP/1.1, content: EmptyByteBufBE)
GET /session/87eceb0d2ff57e1a97eb7724294c1da5/alert/text HTTP/1.1
User-Agent: selenium/4.8.1 (java windows)
Cache-Control: no-cache
Content-Type: application/json; charset=utf-8
host: localhost:12593
accept: */*

Response DefaultHttpResponse(decodeResult: success, version: HTTP/1.1)
HTTP/1.1 404 Not Found
Content-Length: 821
Content-Type: application/json; charset=utf-8
cache-control: no-cache

14:27:15.599 [AsyncHttpClient-1-7] DEBUG org.asynchttpclient.netty.channel.ChannelManager - Adding key: http://localhost:12593 for channel [id: 0xeaeee574, L:/127.0.0.1:59085 - R:localhost/127.0.0.1:12593]
14:27:15.600 [Forwarding getCurrentUrl on session 87eceb0d2ff57e1a97eb7724294c1da5 to remote] DEBUG org.asynchttpclient.netty.request.NettyRequestSender - Using pooled Channel '[id: 0xeaeee574, L:/127.0.0.1:59085 - R:localhost/127.0.0.1:12593]' for 'GET' to 'http://localhost:12593/session/87eceb0d2ff57e1a97eb7724294c1da5/url'
14:27:15.600 [Forwarding getCurrentUrl on session 87eceb0d2ff57e1a97eb7724294c1da5 to remote] DEBUG org.asynchttpclient.netty.request.NettyRequestSender - Using open Channel [id: 0xeaeee574, L:/127.0.0.1:59085 - R:localhost/127.0.0.1:12593] for GET '/session/87eceb0d2ff57e1a97eb7724294c1da5/url'
14:27:15.630 [AsyncHttpClient-1-7] DEBUG org.asynchttpclient.netty.handler.HttpHandler - 

Request DefaultFullHttpRequest(decodeResult: success, version: HTTP/1.1, content: EmptyByteBufBE)
GET /session/87eceb0d2ff57e1a97eb7724294c1da5/url HTTP/1.1
User-Agent: selenium/4.8.1 (java windows)
Cache-Control: no-cache
Content-Type: application/json; charset=utf-8
host: localhost:12593
accept: */*

Response DefaultHttpResponse(decodeResult: success, version: HTTP/1.1)
HTTP/1.1 200 OK
Content-Length: 62
Content-Type: application/json; charset=utf-8
cache-control: no-cache

14:27:15.630 [AsyncHttpClient-1-7] DEBUG org.asynchttpclient.netty.channel.ChannelManager - Adding key: http://localhost:12593 for channel [id: 0xeaeee574, L:/127.0.0.1:59085 - R:localhost/127.0.0.1:12593]
14:27:15.630 [Forwarding screenshot on session 87eceb0d2ff57e1a97eb7724294c1da5 to remote] DEBUG org.asynchttpclient.netty.request.NettyRequestSender - Using pooled Channel '[id: 0xeaeee574, L:/127.0.0.1:59085 - R:localhost/127.0.0.1:12593]' for 'GET' to 'http://localhost:12593/session/87eceb0d2ff57e1a97eb7724294c1da5/screenshot'
14:27:15.630 [Forwarding screenshot on session 87eceb0d2ff57e1a97eb7724294c1da5 to remote] DEBUG org.asynchttpclient.netty.request.NettyRequestSender - Using open Channel [id: 0xeaeee574, L:/127.0.0.1:59085 - R:localhost/127.0.0.1:12593] for GET '/session/87eceb0d2ff57e1a97eb7724294c1da5/screenshot'
14:27:15.958 [AsyncHttpClient-1-7] DEBUG org.asynchttpclient.netty.handler.HttpHandler - 

Request DefaultFullHttpRequest(decodeResult: success, version: HTTP/1.1, content: EmptyByteBufBE)
GET /session/87eceb0d2ff57e1a97eb7724294c1da5/screenshot HTTP/1.1
User-Agent: selenium/4.8.1 (java windows)
Cache-Control: no-cache
Content-Type: application/json; charset=utf-8
host: localhost:12593
accept: */*

Response DefaultHttpResponse(decodeResult: success, version: HTTP/1.1)
HTTP/1.1 200 OK
Content-Length: 101408
Content-Type: application/json; charset=utf-8
cache-control: no-cache

14:27:15.958 [AsyncHttpClient-1-7] DEBUG org.asynchttpclient.netty.channel.ChannelManager - Adding key: http://localhost:12593 for channel [id: 0xeaeee574, L:/127.0.0.1:59085 - R:localhost/127.0.0.1:12593]
14:27:15.969 [main] DEBUG net.serenitybdd.core.photography.Darkroom - Send negative for processing for target\site\serenity\c1c18369d42c622f2e991b4993e854b69aa16d6fbb0b9c4ff944913788631f29.png
14:27:15.969 [Forwarding getPageSource on session 87eceb0d2ff57e1a97eb7724294c1da5 to remote] DEBUG org.asynchttpclient.netty.request.NettyRequestSender - Using pooled Channel '[id: 0xeaeee574, L:/127.0.0.1:59085 - R:localhost/127.0.0.1:12593]' for 'POST' to 'http://localhost:12593/session/87eceb0d2ff57e1a97eb7724294c1da5/execute/sync'
14:27:15.974 [Forwarding getPageSource on session 87eceb0d2ff57e1a97eb7724294c1da5 to remote] DEBUG org.asynchttpclient.netty.request.NettyRequestSender - Using open Channel [id: 0xeaeee574, L:/127.0.0.1:59085 - R:localhost/127.0.0.1:12593] for POST '/session/87eceb0d2ff57e1a97eb7724294c1da5/execute/sync'
14:27:16.012 [AsyncHttpClient-1-7] DEBUG org.asynchttpclient.netty.handler.HttpHandler - 

Request DefaultHttpRequest(decodeResult: success, version: HTTP/1.1)
POST /session/87eceb0d2ff57e1a97eb7724294c1da5/execute/sync HTTP/1.1
User-Agent: selenium/4.8.1 (java windows)
Content-Length: 176
Content-Type: application/json; charset=utf-8
host: localhost:12593
accept: */*

Response DefaultHttpResponse(decodeResult: success, version: HTTP/1.1)
HTTP/1.1 200 OK
Content-Length: 92318
Content-Type: application/json; charset=utf-8
cache-control: no-cache

14:27:16.012 [AsyncHttpClient-1-7] DEBUG org.asynchttpclient.netty.channel.ChannelManager - Adding key: http://localhost:12593 for channel [id: 0xeaeee574, L:/127.0.0.1:59085 - R:localhost/127.0.0.1:12593]
14:27:16.033 [Forwarding getCurrentUrl on session 87eceb0d2ff57e1a97eb7724294c1da5 to remote] DEBUG org.asynchttpclient.netty.request.NettyRequestSender - Using pooled Channel '[id: 0xeaeee574, L:/127.0.0.1:59085 - R:localhost/127.0.0.1:12593]' for 'GET' to 'http://localhost:12593/session/87eceb0d2ff57e1a97eb7724294c1da5/url'
14:27:16.033 [Forwarding getCurrentUrl on session 87eceb0d2ff57e1a97eb7724294c1da5 to remote] DEBUG org.asynchttpclient.netty.request.NettyRequestSender - Using open Channel [id: 0xeaeee574, L:/127.0.0.1:59085 - R:localhost/127.0.0.1:12593] for GET '/session/87eceb0d2ff57e1a97eb7724294c1da5/url'
14:27:16.080 [AsyncHttpClient-1-7] DEBUG org.asynchttpclient.netty.handler.HttpHandler - 

Request DefaultFullHttpRequest(decodeResult: success, version: HTTP/1.1, content: EmptyByteBufBE)
GET /session/87eceb0d2ff57e1a97eb7724294c1da5/url HTTP/1.1
User-Agent: selenium/4.8.1 (java windows)
Cache-Control: no-cache
Content-Type: application/json; charset=utf-8
host: localhost:12593
accept: */*

Response DefaultHttpResponse(decodeResult: success, version: HTTP/1.1)
HTTP/1.1 200 OK
Content-Length: 62
Content-Type: application/json; charset=utf-8
cache-control: no-cache

14:27:16.080 [AsyncHttpClient-1-7] DEBUG org.asynchttpclient.netty.channel.ChannelManager - Adding key: http://localhost:12593 for channel [id: 0xeaeee574, L:/127.0.0.1:59085 - R:localhost/127.0.0.1:12593]
14:27:16.086 [main] DEBUG net.thucydides.core.steps.StepInterceptor - STARTING STEP: Afrexim_OurBank_Contactus_Sendmessage_steps.select_title_name - Select_titlename
14:27:16.093 [Forwarding findElement on session 87eceb0d2ff57e1a97eb7724294c1da5 to remote] DEBUG org.asynchttpclient.netty.request.NettyRequestSender - Using pooled Channel '[id: 0xeaeee574, L:/127.0.0.1:59085 - R:localhost/127.0.0.1:12593]' for 'POST' to 'http://localhost:12593/session/87eceb0d2ff57e1a97eb7724294c1da5/element'
14:27:16.093 [Forwarding findElement on session 87eceb0d2ff57e1a97eb7724294c1da5 to remote] DEBUG org.asynchttpclient.netty.request.NettyRequestSender - Using open Channel [id: 0xeaeee574, L:/127.0.0.1:59085 - R:localhost/127.0.0.1:12593] for POST '/session/87eceb0d2ff57e1a97eb7724294c1da5/element'
14:27:16.157 [AsyncHttpClient-1-7] DEBUG org.asynchttpclient.netty.handler.HttpHandler - 

Request DefaultHttpRequest(decodeResult: success, version: HTTP/1.1)
POST /session/87eceb0d2ff57e1a97eb7724294c1da5/element HTTP/1.1
User-Agent: selenium/4.8.1 (java windows)
Content-Length: 73
Content-Type: application/json; charset=utf-8
host: localhost:12593
accept: */*

Response DefaultHttpResponse(decodeResult: success, version: HTTP/1.1)
HTTP/1.1 200 OK
Content-Length: 96
Content-Type: application/json; charset=utf-8
cache-control: no-cache

14:27:16.157 [AsyncHttpClient-1-7] DEBUG org.asynchttpclient.netty.channel.ChannelManager - Adding key: http://localhost:12593 for channel [id: 0xeaeee574, L:/127.0.0.1:59085 - R:localhost/127.0.0.1:12593]
14:27:16.161 [Forwarding getElementTagName on session 87eceb0d2ff57e1a97eb7724294c1da5 to remote] DEBUG org.asynchttpclient.netty.request.NettyRequestSender - Using pooled Channel '[id: 0xeaeee574, L:/127.0.0.1:59085 - R:localhost/127.0.0.1:12593]' for 'GET' to 'http://localhost:12593/session/87eceb0d2ff57e1a97eb7724294c1da5/element/ED5D13787C8B0B69434DDA1B1349AB20_element_107/name'
14:27:16.161 [Forwarding getElementTagName on session 87eceb0d2ff57e1a97eb7724294c1da5 to remote] DEBUG org.asynchttpclient.netty.request.NettyRequestSender - Using open Channel [id: 0xeaeee574, L:/127.0.0.1:59085 - R:localhost/127.0.0.1:12593] for GET '/session/87eceb0d2ff57e1a97eb7724294c1da5/element/ED5D13787C8B0B69434DDA1B1349AB20_element_107/name'
14:27:16.193 [AsyncHttpClient-1-7] DEBUG org.asynchttpclient.netty.handler.HttpHandler - 

Request DefaultFullHttpRequest(decodeResult: success, version: HTTP/1.1, content: EmptyByteBufBE)
GET /session/87eceb0d2ff57e1a97eb7724294c1da5/element/ED5D13787C8B0B69434DDA1B1349AB20_element_107/name HTTP/1.1
User-Agent: selenium/4.8.1 (java windows)
Cache-Control: no-cache
Content-Type: application/json; charset=utf-8
host: localhost:12593
accept: */*

Response DefaultHttpResponse(decodeResult: success, version: HTTP/1.1)
HTTP/1.1 200 OK
Content-Length: 18
Content-Type: application/json; charset=utf-8
cache-control: no-cache

14:27:16.193 [AsyncHttpClient-1-7] DEBUG org.asynchttpclient.netty.channel.ChannelManager - Adding key: http://localhost:12593 for channel [id: 0xeaeee574, L:/127.0.0.1:59085 - R:localhost/127.0.0.1:12593]
14:27:16.193 [Forwarding getElementDomAttribute on session 87eceb0d2ff57e1a97eb7724294c1da5 to remote] DEBUG org.asynchttpclient.netty.request.NettyRequestSender - Using pooled Channel '[id: 0xeaeee574, L:/127.0.0.1:59085 - R:localhost/127.0.0.1:12593]' for 'GET' to 'http://localhost:12593/session/87eceb0d2ff57e1a97eb7724294c1da5/element/ED5D13787C8B0B69434DDA1B1349AB20_element_107/attribute/multiple'
14:27:16.193 [Forwarding getElementDomAttribute on session 87eceb0d2ff57e1a97eb7724294c1da5 to remote] DEBUG org.asynchttpclient.netty.request.NettyRequestSender - Using open Channel [id: 0xeaeee574, L:/127.0.0.1:59085 - R:localhost/127.0.0.1:12593] for GET '/session/87eceb0d2ff57e1a97eb7724294c1da5/element/ED5D13787C8B0B69434DDA1B1349AB20_element_107/attribute/multiple'
14:27:16.215 [AsyncHttpClient-1-7] DEBUG org.asynchttpclient.netty.handler.HttpHandler - 

Request DefaultFullHttpRequest(decodeResult: success, version: HTTP/1.1, content: EmptyByteBufBE)
GET /session/87eceb0d2ff57e1a97eb7724294c1da5/element/ED5D13787C8B0B69434DDA1B1349AB20_element_107/attribute/multiple HTTP/1.1
User-Agent: selenium/4.8.1 (java windows)
Cache-Control: no-cache
Content-Type: application/json; charset=utf-8
host: localhost:12593
accept: */*

Response DefaultHttpResponse(decodeResult: success, version: HTTP/1.1)
HTTP/1.1 200 OK
Content-Length: 14
Content-Type: application/json; charset=utf-8
cache-control: no-cache

14:27:16.215 [AsyncHttpClient-1-7] DEBUG org.asynchttpclient.netty.channel.ChannelManager - Adding key: http://localhost:12593 for channel [id: 0xeaeee574, L:/127.0.0.1:59085 - R:localhost/127.0.0.1:12593]
14:27:16.215 [Forwarding isElementEnabled on session 87eceb0d2ff57e1a97eb7724294c1da5 to remote] DEBUG org.asynchttpclient.netty.request.NettyRequestSender - Using pooled Channel '[id: 0xeaeee574, L:/127.0.0.1:59085 - R:localhost/127.0.0.1:12593]' for 'GET' to 'http://localhost:12593/session/87eceb0d2ff57e1a97eb7724294c1da5/element/ED5D13787C8B0B69434DDA1B1349AB20_element_107/enabled'
14:27:16.215 [Forwarding isElementEnabled on session 87eceb0d2ff57e1a97eb7724294c1da5 to remote] DEBUG org.asynchttpclient.netty.request.NettyRequestSender - Using open Channel [id: 0xeaeee574, L:/127.0.0.1:59085 - R:localhost/127.0.0.1:12593] for GET '/session/87eceb0d2ff57e1a97eb7724294c1da5/element/ED5D13787C8B0B69434DDA1B1349AB20_element_107/enabled'
14:27:16.239 [AsyncHttpClient-1-7] DEBUG org.asynchttpclient.netty.handler.HttpHandler - 

Request DefaultFullHttpRequest(decodeResult: success, version: HTTP/1.1, content: EmptyByteBufBE)
GET /session/87eceb0d2ff57e1a97eb7724294c1da5/element/ED5D13787C8B0B69434DDA1B1349AB20_element_107/enabled HTTP/1.1
User-Agent: selenium/4.8.1 (java windows)
Cache-Control: no-cache
Content-Type: application/json; charset=utf-8
host: localhost:12593
accept: */*

Response DefaultHttpResponse(decodeResult: success, version: HTTP/1.1)
HTTP/1.1 200 OK
Content-Length: 14
Content-Type: application/json; charset=utf-8
cache-control: no-cache

14:27:16.239 [AsyncHttpClient-1-7] DEBUG org.asynchttpclient.netty.channel.ChannelManager - Adding key: http://localhost:12593 for channel [id: 0xeaeee574, L:/127.0.0.1:59085 - R:localhost/127.0.0.1:12593]
14:27:16.239 [Forwarding findChildElements on session 87eceb0d2ff57e1a97eb7724294c1da5 to remote] DEBUG org.asynchttpclient.netty.request.NettyRequestSender - Using pooled Channel '[id: 0xeaeee574, L:/127.0.0.1:59085 - R:localhost/127.0.0.1:12593]' for 'POST' to 'http://localhost:12593/session/87eceb0d2ff57e1a97eb7724294c1da5/element/ED5D13787C8B0B69434DDA1B1349AB20_element_107/elements'
14:27:16.239 [Forwarding findChildElements on session 87eceb0d2ff57e1a97eb7724294c1da5 to remote] DEBUG org.asynchttpclient.netty.request.NettyRequestSender - Using open Channel [id: 0xeaeee574, L:/127.0.0.1:59085 - R:localhost/127.0.0.1:12593] for POST '/session/87eceb0d2ff57e1a97eb7724294c1da5/element/ED5D13787C8B0B69434DDA1B1349AB20_element_107/elements'
14:27:16.270 [AsyncHttpClient-1-7] DEBUG org.asynchttpclient.netty.handler.HttpHandler - 

Request DefaultHttpRequest(decodeResult: success, version: HTTP/1.1)
POST /session/87eceb0d2ff57e1a97eb7724294c1da5/element/ED5D13787C8B0B69434DDA1B1349AB20_element_107/elements HTTP/1.1
User-Agent: selenium/4.8.1 (java windows)
Content-Length: 102
Content-Type: application/json; charset=utf-8
host: localhost:12593
accept: */*

Response DefaultHttpResponse(decodeResult: success, version: HTTP/1.1)
HTTP/1.1 200 OK
Content-Length: 533
Content-Type: application/json; charset=utf-8
cache-control: no-cache

14:27:16.270 [AsyncHttpClient-1-7] DEBUG org.asynchttpclient.netty.channel.ChannelManager - Adding key: http://localhost:12593 for channel [id: 0xeaeee574, L:/127.0.0.1:59085 - R:localhost/127.0.0.1:12593]
14:27:16.277 [Forwarding getElementAttribute on session 87eceb0d2ff57e1a97eb7724294c1da5 to remote] DEBUG org.asynchttpclient.netty.request.NettyRequestSender - Using pooled Channel '[id: 0xeaeee574, L:/127.0.0.1:59085 - R:localhost/127.0.0.1:12593]' for 'POST' to 'http://localhost:12593/session/87eceb0d2ff57e1a97eb7724294c1da5/execute/sync'
14:27:16.277 [Forwarding getElementAttribute on session 87eceb0d2ff57e1a97eb7724294c1da5 to remote] DEBUG org.asynchttpclient.netty.request.NettyRequestSender - Using open Channel [id: 0xeaeee574, L:/127.0.0.1:59085 - R:localhost/127.0.0.1:12593] for POST '/session/87eceb0d2ff57e1a97eb7724294c1da5/execute/sync'
14:27:16.302 [AsyncHttpClient-1-7] DEBUG org.asynchttpclient.netty.handler.HttpHandler - 

Request DefaultHttpRequest(decodeResult: success, version: HTTP/1.1)
POST /session/87eceb0d2ff57e1a97eb7724294c1da5/execute/sync HTTP/1.1
User-Agent: selenium/4.8.1 (java windows)
Content-Length: 47376
Content-Type: application/json; charset=utf-8
host: localhost:12593
accept: */*

Response DefaultHttpResponse(decodeResult: success, version: HTTP/1.1)
HTTP/1.1 200 OK
Content-Length: 13
Content-Type: application/json; charset=utf-8
cache-control: no-cache

14:27:16.302 [AsyncHttpClient-1-7] DEBUG org.asynchttpclient.netty.channel.ChannelManager - Adding key: http://localhost:12593 for channel [id: 0xeaeee574, L:/127.0.0.1:59085 - R:localhost/127.0.0.1:12593]
14:27:16.310 [Forwarding getElementAttribute on session 87eceb0d2ff57e1a97eb7724294c1da5 to remote] DEBUG org.asynchttpclient.netty.request.NettyRequestSender - Using pooled Channel '[id: 0xeaeee574, L:/127.0.0.1:59085 - R:localhost/127.0.0.1:12593]' for 'POST' to 'http://localhost:12593/session/87eceb0d2ff57e1a97eb7724294c1da5/execute/sync'
14:27:16.310 [Forwarding getElementAttribute on session 87eceb0d2ff57e1a97eb7724294c1da5 to remote] DEBUG org.asynchttpclient.netty.request.NettyRequestSender - Using open Channel [id: 0xeaeee574, L:/127.0.0.1:59085 - R:localhost/127.0.0.1:12593] for POST '/session/87eceb0d2ff57e1a97eb7724294c1da5/execute/sync'
14:27:16.337 [AsyncHttpClient-1-7] DEBUG org.asynchttpclient.netty.handler.HttpHandler - 

Request DefaultHttpRequest(decodeResult: success, version: HTTP/1.1)
POST /session/87eceb0d2ff57e1a97eb7724294c1da5/execute/sync HTTP/1.1
User-Agent: selenium/4.8.1 (java windows)
Content-Length: 47376
Content-Type: application/json; charset=utf-8
host: localhost:12593
accept: */*

Response DefaultHttpResponse(decodeResult: success, version: HTTP/1.1)
HTTP/1.1 200 OK
Content-Length: 13
Content-Type: application/json; charset=utf-8
cache-control: no-cache

14:27:16.337 [AsyncHttpClient-1-7] DEBUG org.asynchttpclient.netty.channel.ChannelManager - Adding key: http://localhost:12593 for channel [id: 0xeaeee574, L:/127.0.0.1:59085 - R:localhost/127.0.0.1:12593]
14:27:16.343 [Forwarding getElementAttribute on session 87eceb0d2ff57e1a97eb7724294c1da5 to remote] DEBUG org.asynchttpclient.netty.request.NettyRequestSender - Using pooled Channel '[id: 0xeaeee574, L:/127.0.0.1:59085 - R:localhost/127.0.0.1:12593]' for 'POST' to 'http://localhost:12593/session/87eceb0d2ff57e1a97eb7724294c1da5/execute/sync'
14:27:16.344 [Forwarding getElementAttribute on session 87eceb0d2ff57e1a97eb7724294c1da5 to remote] DEBUG org.asynchttpclient.netty.request.NettyRequestSender - Using open Channel [id: 0xeaeee574, L:/127.0.0.1:59085 - R:localhost/127.0.0.1:12593] for POST '/session/87eceb0d2ff57e1a97eb7724294c1da5/execute/sync'
14:27:16.368 [AsyncHttpClient-1-7] DEBUG org.asynchttpclient.netty.handler.HttpHandler - 

Request DefaultHttpRequest(decodeResult: success, version: HTTP/1.1)
POST /session/87eceb0d2ff57e1a97eb7724294c1da5/execute/sync HTTP/1.1
User-Agent: selenium/4.8.1 (java windows)
Content-Length: 47376
Content-Type: application/json; charset=utf-8
host: localhost:12593
accept: */*

Response DefaultHttpResponse(decodeResult: success, version: HTTP/1.1)
HTTP/1.1 200 OK
Content-Length: 13
Content-Type: application/json; charset=utf-8
cache-control: no-cache

14:27:16.368 [AsyncHttpClient-1-7] DEBUG org.asynchttpclient.netty.channel.ChannelManager - Adding key: http://localhost:12593 for channel [id: 0xeaeee574, L:/127.0.0.1:59085 - R:localhost/127.0.0.1:12593]
14:27:16.368 [Forwarding isElementEnabled on session 87eceb0d2ff57e1a97eb7724294c1da5 to remote] DEBUG org.asynchttpclient.netty.request.NettyRequestSender - Using pooled Channel '[id: 0xeaeee574, L:/127.0.0.1:59085 - R:localhost/127.0.0.1:12593]' for 'GET' to 'http://localhost:12593/session/87eceb0d2ff57e1a97eb7724294c1da5/element/ED5D13787C8B0B69434DDA1B1349AB20_element_118/enabled'
14:27:16.368 [Forwarding isElementEnabled on session 87eceb0d2ff57e1a97eb7724294c1da5 to remote] DEBUG org.asynchttpclient.netty.request.NettyRequestSender - Using open Channel [id: 0xeaeee574, L:/127.0.0.1:59085 - R:localhost/127.0.0.1:12593] for GET '/session/87eceb0d2ff57e1a97eb7724294c1da5/element/ED5D13787C8B0B69434DDA1B1349AB20_element_118/enabled'
14:27:16.392 [AsyncHttpClient-1-7] DEBUG org.asynchttpclient.netty.handler.HttpHandler - 

Request DefaultFullHttpRequest(decodeResult: success, version: HTTP/1.1, content: EmptyByteBufBE)
GET /session/87eceb0d2ff57e1a97eb7724294c1da5/element/ED5D13787C8B0B69434DDA1B1349AB20_element_118/enabled HTTP/1.1
User-Agent: selenium/4.8.1 (java windows)
Cache-Control: no-cache
Content-Type: application/json; charset=utf-8
host: localhost:12593
accept: */*

Response DefaultHttpResponse(decodeResult: success, version: HTTP/1.1)
HTTP/1.1 200 OK
Content-Length: 14
Content-Type: application/json; charset=utf-8
cache-control: no-cache

14:27:16.392 [AsyncHttpClient-1-7] DEBUG org.asynchttpclient.netty.channel.ChannelManager - Adding key: http://localhost:12593 for channel [id: 0xeaeee574, L:/127.0.0.1:59085 - R:localhost/127.0.0.1:12593]
14:27:16.392 [Forwarding isElementSelected on session 87eceb0d2ff57e1a97eb7724294c1da5 to remote] DEBUG org.asynchttpclient.netty.request.NettyRequestSender - Using pooled Channel '[id: 0xeaeee574, L:/127.0.0.1:59085 - R:localhost/127.0.0.1:12593]' for 'GET' to 'http://localhost:12593/session/87eceb0d2ff57e1a97eb7724294c1da5/element/ED5D13787C8B0B69434DDA1B1349AB20_element_118/selected'
14:27:16.392 [Forwarding isElementSelected on session 87eceb0d2ff57e1a97eb7724294c1da5 to remote] DEBUG org.asynchttpclient.netty.request.NettyRequestSender - Using open Channel [id: 0xeaeee574, L:/127.0.0.1:59085 - R:localhost/127.0.0.1:12593] for GET '/session/87eceb0d2ff57e1a97eb7724294c1da5/element/ED5D13787C8B0B69434DDA1B1349AB20_element_118/selected'
14:27:16.418 [AsyncHttpClient-1-7] DEBUG org.asynchttpclient.netty.handler.HttpHandler - 

Request DefaultFullHttpRequest(decodeResult: success, version: HTTP/1.1, content: EmptyByteBufBE)
GET /session/87eceb0d2ff57e1a97eb7724294c1da5/element/ED5D13787C8B0B69434DDA1B1349AB20_element_118/selected HTTP/1.1
User-Agent: selenium/4.8.1 (java windows)
Cache-Control: no-cache
Content-Type: application/json; charset=utf-8
host: localhost:12593
accept: */*

Response DefaultHttpResponse(decodeResult: success, version: HTTP/1.1)
HTTP/1.1 200 OK
Content-Length: 15
Content-Type: application/json; charset=utf-8
cache-control: no-cache

14:27:16.418 [AsyncHttpClient-1-7] DEBUG org.asynchttpclient.netty.channel.ChannelManager - Adding key: http://localhost:12593 for channel [id: 0xeaeee574, L:/127.0.0.1:59085 - R:localhost/127.0.0.1:12593]
14:27:16.418 [Forwarding clickElement on session 87eceb0d2ff57e1a97eb7724294c1da5 to remote] DEBUG org.asynchttpclient.netty.request.NettyRequestSender - Using pooled Channel '[id: 0xeaeee574, L:/127.0.0.1:59085 - R:localhost/127.0.0.1:12593]' for 'POST' to 'http://localhost:12593/session/87eceb0d2ff57e1a97eb7724294c1da5/element/ED5D13787C8B0B69434DDA1B1349AB20_element_118/click'
14:27:16.418 [Forwarding clickElement on session 87eceb0d2ff57e1a97eb7724294c1da5 to remote] DEBUG org.asynchttpclient.netty.request.NettyRequestSender - Using open Channel [id: 0xeaeee574, L:/127.0.0.1:59085 - R:localhost/127.0.0.1:12593] for POST '/session/87eceb0d2ff57e1a97eb7724294c1da5/element/ED5D13787C8B0B69434DDA1B1349AB20_element_118/click'
14:27:16.489 [AsyncHttpClient-1-7] DEBUG org.asynchttpclient.netty.handler.HttpHandler - 

Request DefaultHttpRequest(decodeResult: success, version: HTTP/1.1)
POST /session/87eceb0d2ff57e1a97eb7724294c1da5/element/ED5D13787C8B0B69434DDA1B1349AB20_element_118/click HTTP/1.1
User-Agent: selenium/4.8.1 (java windows)
Content-Length: 58
Content-Type: application/json; charset=utf-8
host: localhost:12593
accept: */*

Response DefaultHttpResponse(decodeResult: success, version: HTTP/1.1)
HTTP/1.1 200 OK
Content-Length: 14
Content-Type: application/json; charset=utf-8
cache-control: no-cache

14:27:16.489 [AsyncHttpClient-1-7] DEBUG org.asynchttpclient.netty.channel.ChannelManager - Adding key: http://localhost:12593 for channel [id: 0xeaeee574, L:/127.0.0.1:59085 - R:localhost/127.0.0.1:12593]
14:27:16.506 [Forwarding getAlertText on session 87eceb0d2ff57e1a97eb7724294c1da5 to remote] DEBUG org.asynchttpclient.netty.request.NettyRequestSender - Using pooled Channel '[id: 0xeaeee574, L:/127.0.0.1:59085 - R:localhost/127.0.0.1:12593]' for 'GET' to 'http://localhost:12593/session/87eceb0d2ff57e1a97eb7724294c1da5/alert/text'
14:27:16.506 [Forwarding getAlertText on session 87eceb0d2ff57e1a97eb7724294c1da5 to remote] DEBUG org.asynchttpclient.netty.request.NettyRequestSender - Using open Channel [id: 0xeaeee574, L:/127.0.0.1:59085 - R:localhost/127.0.0.1:12593] for GET '/session/87eceb0d2ff57e1a97eb7724294c1da5/alert/text'
14:27:16.513 [AsyncHttpClient-1-7] DEBUG org.asynchttpclient.netty.handler.HttpHandler - 

Request DefaultFullHttpRequest(decodeResult: success, version: HTTP/1.1, content: EmptyByteBufBE)
GET /session/87eceb0d2ff57e1a97eb7724294c1da5/alert/text HTTP/1.1
User-Agent: selenium/4.8.1 (java windows)
Cache-Control: no-cache
Content-Type: application/json; charset=utf-8
host: localhost:12593
accept: */*

Response DefaultHttpResponse(decodeResult: success, version: HTTP/1.1)
HTTP/1.1 404 Not Found
Content-Length: 821
Content-Type: application/json; charset=utf-8
cache-control: no-cache

14:27:16.513 [AsyncHttpClient-1-7] DEBUG org.asynchttpclient.netty.channel.ChannelManager - Adding key: http://localhost:12593 for channel [id: 0xeaeee574, L:/127.0.0.1:59085 - R:localhost/127.0.0.1:12593]
14:27:16.513 [Forwarding getCurrentUrl on session 87eceb0d2ff57e1a97eb7724294c1da5 to remote] DEBUG org.asynchttpclient.netty.request.NettyRequestSender - Using pooled Channel '[id: 0xeaeee574, L:/127.0.0.1:59085 - R:localhost/127.0.0.1:12593]' for 'GET' to 'http://localhost:12593/session/87eceb0d2ff57e1a97eb7724294c1da5/url'
14:27:16.513 [Forwarding getCurrentUrl on session 87eceb0d2ff57e1a97eb7724294c1da5 to remote] DEBUG org.asynchttpclient.netty.request.NettyRequestSender - Using open Channel [id: 0xeaeee574, L:/127.0.0.1:59085 - R:localhost/127.0.0.1:12593] for GET '/session/87eceb0d2ff57e1a97eb7724294c1da5/url'
14:27:16.523 [AsyncHttpClient-1-7] DEBUG org.asynchttpclient.netty.handler.HttpHandler - 

Request DefaultFullHttpRequest(decodeResult: success, version: HTTP/1.1, content: EmptyByteBufBE)
GET /session/87eceb0d2ff57e1a97eb7724294c1da5/url HTTP/1.1
User-Agent: selenium/4.8.1 (java windows)
Cache-Control: no-cache
Content-Type: application/json; charset=utf-8
host: localhost:12593
accept: */*

Response DefaultHttpResponse(decodeResult: success, version: HTTP/1.1)
HTTP/1.1 200 OK
Content-Length: 62
Content-Type: application/json; charset=utf-8
cache-control: no-cache

14:27:16.523 [AsyncHttpClient-1-7] DEBUG org.asynchttpclient.netty.channel.ChannelManager - Adding key: http://localhost:12593 for channel [id: 0xeaeee574, L:/127.0.0.1:59085 - R:localhost/127.0.0.1:12593]
14:27:16.529 [Forwarding screenshot on session 87eceb0d2ff57e1a97eb7724294c1da5 to remote] DEBUG org.asynchttpclient.netty.request.NettyRequestSender - Using pooled Channel '[id: 0xeaeee574, L:/127.0.0.1:59085 - R:localhost/127.0.0.1:12593]' for 'GET' to 'http://localhost:12593/session/87eceb0d2ff57e1a97eb7724294c1da5/screenshot'
14:27:16.529 [Forwarding screenshot on session 87eceb0d2ff57e1a97eb7724294c1da5 to remote] DEBUG org.asynchttpclient.netty.request.NettyRequestSender - Using open Channel [id: 0xeaeee574, L:/127.0.0.1:59085 - R:localhost/127.0.0.1:12593] for GET '/session/87eceb0d2ff57e1a97eb7724294c1da5/screenshot'
14:27:16.694 [AsyncHttpClient-1-1] DEBUG org.asynchttpclient.netty.channel.DefaultChannelPool - Entry count for : http://localhost:59086 : 1
14:27:16.780 [AsyncHttpClient-1-7] DEBUG org.asynchttpclient.netty.handler.HttpHandler - 

Request DefaultFullHttpRequest(decodeResult: success, version: HTTP/1.1, content: EmptyByteBufBE)
GET /session/87eceb0d2ff57e1a97eb7724294c1da5/screenshot HTTP/1.1
User-Agent: selenium/4.8.1 (java windows)
Cache-Control: no-cache
Content-Type: application/json; charset=utf-8
host: localhost:12593
accept: */*

Response DefaultHttpResponse(decodeResult: success, version: HTTP/1.1)
HTTP/1.1 200 OK
Content-Length: 102436
Content-Type: application/json; charset=utf-8
cache-control: no-cache

14:27:16.780 [AsyncHttpClient-1-7] DEBUG org.asynchttpclient.netty.channel.ChannelManager - Adding key: http://localhost:12593 for channel [id: 0xeaeee574, L:/127.0.0.1:59085 - R:localhost/127.0.0.1:12593]
14:27:16.787 [main] DEBUG net.serenitybdd.core.photography.Darkroom - Send negative for processing for target\site\serenity\b4634bc9d4c2eb92e2e9399646982d8d6d9d912bc240b517fdac2121fc736521.png
14:27:16.787 [main] DEBUG net.thucydides.core.steps.StepInterceptor - STEP DONE: Select_titlename
14:27:16.787 [Darkroom Processing Line] DEBUG net.serenitybdd.core.photography.DarkroomProcessingLine - Processing screenshot image in /var/screenshots/screenshot-1252977221553688739
14:27:16.787 [Darkroom Processing Line] DEBUG net.serenitybdd.core.photography.DarkroomProcessingLine - Saving screenshot to target\site\serenity\b4634bc9d4c2eb92e2e9399646982d8d6d9d912bc240b517fdac2121fc736521.png
14:27:16.806 [Forwarding getPageSource on session 87eceb0d2ff57e1a97eb7724294c1da5 to remote] DEBUG org.asynchttpclient.netty.request.NettyRequestSender - Using pooled Channel '[id: 0xeaeee574, L:/127.0.0.1:59085 - R:localhost/127.0.0.1:12593]' for 'POST' to 'http://localhost:12593/session/87eceb0d2ff57e1a97eb7724294c1da5/execute/sync'
14:27:16.812 [Forwarding getPageSource on session 87eceb0d2ff57e1a97eb7724294c1da5 to remote] DEBUG org.asynchttpclient.netty.request.NettyRequestSender - Using open Channel [id: 0xeaeee574, L:/127.0.0.1:59085 - R:localhost/127.0.0.1:12593] for POST '/session/87eceb0d2ff57e1a97eb7724294c1da5/execute/sync'
14:27:16.847 [AsyncHttpClient-1-7] DEBUG org.asynchttpclient.netty.handler.HttpHandler - 

Request DefaultHttpRequest(decodeResult: success, version: HTTP/1.1)
POST /session/87eceb0d2ff57e1a97eb7724294c1da5/execute/sync HTTP/1.1
User-Agent: selenium/4.8.1 (java windows)
Content-Length: 176
Content-Type: application/json; charset=utf-8
host: localhost:12593
accept: */*

Response DefaultHttpResponse(decodeResult: success, version: HTTP/1.1)
HTTP/1.1 200 OK
Content-Length: 92318
Content-Type: application/json; charset=utf-8
cache-control: no-cache

14:27:16.847 [AsyncHttpClient-1-7] DEBUG org.asynchttpclient.netty.channel.ChannelManager - Adding key: http://localhost:12593 for channel [id: 0xeaeee574, L:/127.0.0.1:59085 - R:localhost/127.0.0.1:12593]
14:27:16.868 [Forwarding getCurrentUrl on session 87eceb0d2ff57e1a97eb7724294c1da5 to remote] DEBUG org.asynchttpclient.netty.request.NettyRequestSender - Using pooled Channel '[id: 0xeaeee574, L:/127.0.0.1:59085 - R:localhost/127.0.0.1:12593]' for 'GET' to 'http://localhost:12593/session/87eceb0d2ff57e1a97eb7724294c1da5/url'
14:27:16.868 [Forwarding getCurrentUrl on session 87eceb0d2ff57e1a97eb7724294c1da5 to remote] DEBUG org.asynchttpclient.netty.request.NettyRequestSender - Using open Channel [id: 0xeaeee574, L:/127.0.0.1:59085 - R:localhost/127.0.0.1:12593] for GET '/session/87eceb0d2ff57e1a97eb7724294c1da5/url'
14:27:16.886 [AsyncHttpClient-1-7] DEBUG org.asynchttpclient.netty.handler.HttpHandler - 

Request DefaultFullHttpRequest(decodeResult: success, version: HTTP/1.1, content: EmptyByteBufBE)
GET /session/87eceb0d2ff57e1a97eb7724294c1da5/url HTTP/1.1
User-Agent: selenium/4.8.1 (java windows)
Cache-Control: no-cache
Content-Type: application/json; charset=utf-8
host: localhost:12593
accept: */*

Response DefaultHttpResponse(decodeResult: success, version: HTTP/1.1)
HTTP/1.1 200 OK
Content-Length: 62
Content-Type: application/json; charset=utf-8
cache-control: no-cache

14:27:16.886 [AsyncHttpClient-1-7] DEBUG org.asynchttpclient.netty.channel.ChannelManager - Adding key: http://localhost:12593 for channel [id: 0xeaeee574, L:/127.0.0.1:59085 - R:localhost/127.0.0.1:12593]
14:27:16.911 [Forwarding getAlertText on session 87eceb0d2ff57e1a97eb7724294c1da5 to remote] DEBUG org.asynchttpclient.netty.request.NettyRequestSender - Using pooled Channel '[id: 0xeaeee574, L:/127.0.0.1:59085 - R:localhost/127.0.0.1:12593]' for 'GET' to 'http://localhost:12593/session/87eceb0d2ff57e1a97eb7724294c1da5/alert/text'
14:27:16.911 [Forwarding getAlertText on session 87eceb0d2ff57e1a97eb7724294c1da5 to remote] DEBUG org.asynchttpclient.netty.request.NettyRequestSender - Using open Channel [id: 0xeaeee574, L:/127.0.0.1:59085 - R:localhost/127.0.0.1:12593] for GET '/session/87eceb0d2ff57e1a97eb7724294c1da5/alert/text'
14:27:16.921 [AsyncHttpClient-1-7] DEBUG org.asynchttpclient.netty.handler.HttpHandler - 

Request DefaultFullHttpRequest(decodeResult: success, version: HTTP/1.1, content: EmptyByteBufBE)
GET /session/87eceb0d2ff57e1a97eb7724294c1da5/alert/text HTTP/1.1
User-Agent: selenium/4.8.1 (java windows)
Cache-Control: no-cache
Content-Type: application/json; charset=utf-8
host: localhost:12593
accept: */*

Response DefaultHttpResponse(decodeResult: success, version: HTTP/1.1)
HTTP/1.1 404 Not Found
Content-Length: 821
Content-Type: application/json; charset=utf-8
cache-control: no-cache

14:27:16.921 [AsyncHttpClient-1-7] DEBUG org.asynchttpclient.netty.channel.ChannelManager - Adding key: http://localhost:12593 for channel [id: 0xeaeee574, L:/127.0.0.1:59085 - R:localhost/127.0.0.1:12593]
14:27:16.921 [Forwarding getCurrentUrl on session 87eceb0d2ff57e1a97eb7724294c1da5 to remote] DEBUG org.asynchttpclient.netty.request.NettyRequestSender - Using pooled Channel '[id: 0xeaeee574, L:/127.0.0.1:59085 - R:localhost/127.0.0.1:12593]' for 'GET' to 'http://localhost:12593/session/87eceb0d2ff57e1a97eb7724294c1da5/url'
14:27:16.921 [Forwarding getCurrentUrl on session 87eceb0d2ff57e1a97eb7724294c1da5 to remote] DEBUG org.asynchttpclient.netty.request.NettyRequestSender - Using open Channel [id: 0xeaeee574, L:/127.0.0.1:59085 - R:localhost/127.0.0.1:12593] for GET '/session/87eceb0d2ff57e1a97eb7724294c1da5/url'
14:27:16.956 [AsyncHttpClient-1-7] DEBUG org.asynchttpclient.netty.handler.HttpHandler - 

Request DefaultFullHttpRequest(decodeResult: success, version: HTTP/1.1, content: EmptyByteBufBE)
GET /session/87eceb0d2ff57e1a97eb7724294c1da5/url HTTP/1.1
User-Agent: selenium/4.8.1 (java windows)
Cache-Control: no-cache
Content-Type: application/json; charset=utf-8
host: localhost:12593
accept: */*

Response DefaultHttpResponse(decodeResult: success, version: HTTP/1.1)
HTTP/1.1 200 OK
Content-Length: 62
Content-Type: application/json; charset=utf-8
cache-control: no-cache

14:27:16.956 [AsyncHttpClient-1-7] DEBUG org.asynchttpclient.netty.channel.ChannelManager - Adding key: http://localhost:12593 for channel [id: 0xeaeee574, L:/127.0.0.1:59085 - R:localhost/127.0.0.1:12593]
14:27:16.956 [Forwarding screenshot on session 87eceb0d2ff57e1a97eb7724294c1da5 to remote] DEBUG org.asynchttpclient.netty.request.NettyRequestSender - Using pooled Channel '[id: 0xeaeee574, L:/127.0.0.1:59085 - R:localhost/127.0.0.1:12593]' for 'GET' to 'http://localhost:12593/session/87eceb0d2ff57e1a97eb7724294c1da5/screenshot'
14:27:16.956 [Forwarding screenshot on session 87eceb0d2ff57e1a97eb7724294c1da5 to remote] DEBUG org.asynchttpclient.netty.request.NettyRequestSender - Using open Channel [id: 0xeaeee574, L:/127.0.0.1:59085 - R:localhost/127.0.0.1:12593] for GET '/session/87eceb0d2ff57e1a97eb7724294c1da5/screenshot'
14:27:17.230 [AsyncHttpClient-1-7] DEBUG org.asynchttpclient.netty.handler.HttpHandler - 

Request DefaultFullHttpRequest(decodeResult: success, version: HTTP/1.1, content: EmptyByteBufBE)
GET /session/87eceb0d2ff57e1a97eb7724294c1da5/screenshot HTTP/1.1
User-Agent: selenium/4.8.1 (java windows)
Cache-Control: no-cache
Content-Type: application/json; charset=utf-8
host: localhost:12593
accept: */*

Response DefaultHttpResponse(decodeResult: success, version: HTTP/1.1)
HTTP/1.1 200 OK
Content-Length: 102436
Content-Type: application/json; charset=utf-8
cache-control: no-cache

14:27:17.230 [AsyncHttpClient-1-7] DEBUG org.asynchttpclient.netty.channel.ChannelManager - Adding key: http://localhost:12593 for channel [id: 0xeaeee574, L:/127.0.0.1:59085 - R:localhost/127.0.0.1:12593]
14:27:17.233 [main] DEBUG net.serenitybdd.core.photography.Darkroom - Send negative for processing for target\site\serenity\b4634bc9d4c2eb92e2e9399646982d8d6d9d912bc240b517fdac2121fc736521.png
14:27:17.241 [Forwarding getPageSource on session 87eceb0d2ff57e1a97eb7724294c1da5 to remote] DEBUG org.asynchttpclient.netty.request.NettyRequestSender - Using pooled Channel '[id: 0xeaeee574, L:/127.0.0.1:59085 - R:localhost/127.0.0.1:12593]' for 'POST' to 'http://localhost:12593/session/87eceb0d2ff57e1a97eb7724294c1da5/execute/sync'
14:27:17.241 [Forwarding getPageSource on session 87eceb0d2ff57e1a97eb7724294c1da5 to remote] DEBUG org.asynchttpclient.netty.request.NettyRequestSender - Using open Channel [id: 0xeaeee574, L:/127.0.0.1:59085 - R:localhost/127.0.0.1:12593] for POST '/session/87eceb0d2ff57e1a97eb7724294c1da5/execute/sync'
14:27:17.296 [AsyncHttpClient-1-7] DEBUG org.asynchttpclient.netty.handler.HttpHandler - 

Request DefaultHttpRequest(decodeResult: success, version: HTTP/1.1)
POST /session/87eceb0d2ff57e1a97eb7724294c1da5/execute/sync HTTP/1.1
User-Agent: selenium/4.8.1 (java windows)
Content-Length: 176
Content-Type: application/json; charset=utf-8
host: localhost:12593
accept: */*

Response DefaultHttpResponse(decodeResult: success, version: HTTP/1.1)
HTTP/1.1 200 OK
Content-Length: 92318
Content-Type: application/json; charset=utf-8
cache-control: no-cache

14:27:17.296 [AsyncHttpClient-1-7] DEBUG org.asynchttpclient.netty.channel.ChannelManager - Adding key: http://localhost:12593 for channel [id: 0xeaeee574, L:/127.0.0.1:59085 - R:localhost/127.0.0.1:12593]
14:27:17.307 [Forwarding getCurrentUrl on session 87eceb0d2ff57e1a97eb7724294c1da5 to remote] DEBUG org.asynchttpclient.netty.request.NettyRequestSender - Using pooled Channel '[id: 0xeaeee574, L:/127.0.0.1:59085 - R:localhost/127.0.0.1:12593]' for 'GET' to 'http://localhost:12593/session/87eceb0d2ff57e1a97eb7724294c1da5/url'
14:27:17.307 [Forwarding getCurrentUrl on session 87eceb0d2ff57e1a97eb7724294c1da5 to remote] DEBUG org.asynchttpclient.netty.request.NettyRequestSender - Using open Channel [id: 0xeaeee574, L:/127.0.0.1:59085 - R:localhost/127.0.0.1:12593] for GET '/session/87eceb0d2ff57e1a97eb7724294c1da5/url'
14:27:17.328 [AsyncHttpClient-1-7] DEBUG org.asynchttpclient.netty.handler.HttpHandler - 

Request DefaultFullHttpRequest(decodeResult: success, version: HTTP/1.1, content: EmptyByteBufBE)
GET /session/87eceb0d2ff57e1a97eb7724294c1da5/url HTTP/1.1
User-Agent: selenium/4.8.1 (java windows)
Cache-Control: no-cache
Content-Type: application/json; charset=utf-8
host: localhost:12593
accept: */*

Response DefaultHttpResponse(decodeResult: success, version: HTTP/1.1)
HTTP/1.1 200 OK
Content-Length: 62
Content-Type: application/json; charset=utf-8
cache-control: no-cache

14:27:17.328 [AsyncHttpClient-1-7] DEBUG org.asynchttpclient.netty.channel.ChannelManager - Adding key: http://localhost:12593 for channel [id: 0xeaeee574, L:/127.0.0.1:59085 - R:localhost/127.0.0.1:12593]
14:27:17.328 [main] DEBUG net.thucydides.core.steps.StepInterceptor - STARTING STEP: Afrexim_OurBank_Contactus_Sendmessage_steps.enter_first_and_last_names - Enter_firstlastnames
14:27:17.339 [Forwarding findElement on session 87eceb0d2ff57e1a97eb7724294c1da5 to remote] DEBUG org.asynchttpclient.netty.request.NettyRequestSender - Using pooled Channel '[id: 0xeaeee574, L:/127.0.0.1:59085 - R:localhost/127.0.0.1:12593]' for 'POST' to 'http://localhost:12593/session/87eceb0d2ff57e1a97eb7724294c1da5/element'
14:27:17.339 [Forwarding findElement on session 87eceb0d2ff57e1a97eb7724294c1da5 to remote] DEBUG org.asynchttpclient.netty.request.NettyRequestSender - Using open Channel [id: 0xeaeee574, L:/127.0.0.1:59085 - R:localhost/127.0.0.1:12593] for POST '/session/87eceb0d2ff57e1a97eb7724294c1da5/element'
14:27:17.375 [AsyncHttpClient-1-7] DEBUG org.asynchttpclient.netty.handler.HttpHandler - 

Request DefaultHttpRequest(decodeResult: success, version: HTTP/1.1)
POST /session/87eceb0d2ff57e1a97eb7724294c1da5/element HTTP/1.1
User-Agent: selenium/4.8.1 (java windows)
Content-Length: 72
Content-Type: application/json; charset=utf-8
host: localhost:12593
accept: */*

Response DefaultHttpResponse(decodeResult: success, version: HTTP/1.1)
HTTP/1.1 200 OK
Content-Length: 96
Content-Type: application/json; charset=utf-8
cache-control: no-cache

14:27:17.375 [AsyncHttpClient-1-7] DEBUG org.asynchttpclient.netty.channel.ChannelManager - Adding key: http://localhost:12593 for channel [id: 0xeaeee574, L:/127.0.0.1:59085 - R:localhost/127.0.0.1:12593]
14:27:17.377 [Forwarding clearElement on session 87eceb0d2ff57e1a97eb7724294c1da5 to remote] DEBUG org.asynchttpclient.netty.request.NettyRequestSender - Using pooled Channel '[id: 0xeaeee574, L:/127.0.0.1:59085 - R:localhost/127.0.0.1:12593]' for 'POST' to 'http://localhost:12593/session/87eceb0d2ff57e1a97eb7724294c1da5/element/ED5D13787C8B0B69434DDA1B1349AB20_element_122/clear'
14:27:17.377 [Forwarding clearElement on session 87eceb0d2ff57e1a97eb7724294c1da5 to remote] DEBUG org.asynchttpclient.netty.request.NettyRequestSender - Using open Channel [id: 0xeaeee574, L:/127.0.0.1:59085 - R:localhost/127.0.0.1:12593] for POST '/session/87eceb0d2ff57e1a97eb7724294c1da5/element/ED5D13787C8B0B69434DDA1B1349AB20_element_122/clear'
14:27:17.488 [AsyncHttpClient-1-7] DEBUG org.asynchttpclient.netty.handler.HttpHandler - 

Request DefaultHttpRequest(decodeResult: success, version: HTTP/1.1)
POST /session/87eceb0d2ff57e1a97eb7724294c1da5/element/ED5D13787C8B0B69434DDA1B1349AB20_element_122/clear HTTP/1.1
User-Agent: selenium/4.8.1 (java windows)
Content-Length: 58
Content-Type: application/json; charset=utf-8
host: localhost:12593
accept: */*

Response DefaultHttpResponse(decodeResult: success, version: HTTP/1.1)
HTTP/1.1 200 OK
Content-Length: 14
Content-Type: application/json; charset=utf-8
cache-control: no-cache

14:27:17.488 [AsyncHttpClient-1-7] DEBUG org.asynchttpclient.netty.channel.ChannelManager - Adding key: http://localhost:12593 for channel [id: 0xeaeee574, L:/127.0.0.1:59085 - R:localhost/127.0.0.1:12593]
14:27:17.489 [Forwarding sendKeysToElement on session 87eceb0d2ff57e1a97eb7724294c1da5 to remote] DEBUG org.asynchttpclient.netty.request.NettyRequestSender - Using pooled Channel '[id: 0xeaeee574, L:/127.0.0.1:59085 - R:localhost/127.0.0.1:12593]' for 'POST' to 'http://localhost:12593/session/87eceb0d2ff57e1a97eb7724294c1da5/element/ED5D13787C8B0B69434DDA1B1349AB20_element_122/value'
14:27:17.489 [Forwarding sendKeysToElement on session 87eceb0d2ff57e1a97eb7724294c1da5 to remote] DEBUG org.asynchttpclient.netty.request.NettyRequestSender - Using open Channel [id: 0xeaeee574, L:/127.0.0.1:59085 - R:localhost/127.0.0.1:12593] for POST '/session/87eceb0d2ff57e1a97eb7724294c1da5/element/ED5D13787C8B0B69434DDA1B1349AB20_element_122/value'
14:27:17.807 [AsyncHttpClient-1-1] DEBUG org.asynchttpclient.netty.channel.DefaultChannelPool - Entry count for : http://localhost:59086 : 1
14:27:17.819 [AsyncHttpClient-1-7] DEBUG org.asynchttpclient.netty.handler.HttpHandler - 

Request DefaultHttpRequest(decodeResult: success, version: HTTP/1.1)
POST /session/87eceb0d2ff57e1a97eb7724294c1da5/element/ED5D13787C8B0B69434DDA1B1349AB20_element_122/value HTTP/1.1
User-Agent: selenium/4.8.1 (java windows)
Content-Length: 269
Content-Type: application/json; charset=utf-8
host: localhost:12593
accept: */*

Response DefaultHttpResponse(decodeResult: success, version: HTTP/1.1)
HTTP/1.1 200 OK
Content-Length: 14
Content-Type: application/json; charset=utf-8
cache-control: no-cache

14:27:17.819 [AsyncHttpClient-1-7] DEBUG org.asynchttpclient.netty.channel.ChannelManager - Adding key: http://localhost:12593 for channel [id: 0xeaeee574, L:/127.0.0.1:59085 - R:localhost/127.0.0.1:12593]
14:27:17.819 [Forwarding sendKeysToElement on session 87eceb0d2ff57e1a97eb7724294c1da5 to remote] DEBUG org.asynchttpclient.netty.request.NettyRequestSender - Using pooled Channel '[id: 0xeaeee574, L:/127.0.0.1:59085 - R:localhost/127.0.0.1:12593]' for 'POST' to 'http://localhost:12593/session/87eceb0d2ff57e1a97eb7724294c1da5/element/ED5D13787C8B0B69434DDA1B1349AB20_element_122/value'
14:27:17.819 [Forwarding sendKeysToElement on session 87eceb0d2ff57e1a97eb7724294c1da5 to remote] DEBUG org.asynchttpclient.netty.request.NettyRequestSender - Using open Channel [id: 0xeaeee574, L:/127.0.0.1:59085 - R:localhost/127.0.0.1:12593] for POST '/session/87eceb0d2ff57e1a97eb7724294c1da5/element/ED5D13787C8B0B69434DDA1B1349AB20_element_122/value'
14:27:17.969 [AsyncHttpClient-1-7] DEBUG org.asynchttpclient.netty.handler.HttpHandler - 

Request DefaultHttpRequest(decodeResult: success, version: HTTP/1.1)
POST /session/87eceb0d2ff57e1a97eb7724294c1da5/element/ED5D13787C8B0B69434DDA1B1349AB20_element_122/value HTTP/1.1
User-Agent: selenium/4.8.1 (java windows)
Content-Length: 103
Content-Type: application/json; charset=utf-8
host: localhost:12593
accept: */*

Response DefaultHttpResponse(decodeResult: success, version: HTTP/1.1)
HTTP/1.1 200 OK
Content-Length: 14
Content-Type: application/json; charset=utf-8
cache-control: no-cache

14:27:17.969 [AsyncHttpClient-1-7] DEBUG org.asynchttpclient.netty.channel.ChannelManager - Adding key: http://localhost:12593 for channel [id: 0xeaeee574, L:/127.0.0.1:59085 - R:localhost/127.0.0.1:12593]
14:27:17.996 [Forwarding getAlertText on session 87eceb0d2ff57e1a97eb7724294c1da5 to remote] DEBUG org.asynchttpclient.netty.request.NettyRequestSender - Using pooled Channel '[id: 0xeaeee574, L:/127.0.0.1:59085 - R:localhost/127.0.0.1:12593]' for 'GET' to 'http://localhost:12593/session/87eceb0d2ff57e1a97eb7724294c1da5/alert/text'
14:27:17.996 [Forwarding getAlertText on session 87eceb0d2ff57e1a97eb7724294c1da5 to remote] DEBUG org.asynchttpclient.netty.request.NettyRequestSender - Using open Channel [id: 0xeaeee574, L:/127.0.0.1:59085 - R:localhost/127.0.0.1:12593] for GET '/session/87eceb0d2ff57e1a97eb7724294c1da5/alert/text'
14:27:18.022 [AsyncHttpClient-1-7] DEBUG org.asynchttpclient.netty.handler.HttpHandler - 

Request DefaultFullHttpRequest(decodeResult: success, version: HTTP/1.1, content: EmptyByteBufBE)
GET /session/87eceb0d2ff57e1a97eb7724294c1da5/alert/text HTTP/1.1
User-Agent: selenium/4.8.1 (java windows)
Cache-Control: no-cache
Content-Type: application/json; charset=utf-8
host: localhost:12593
accept: */*

Response DefaultHttpResponse(decodeResult: success, version: HTTP/1.1)
HTTP/1.1 404 Not Found
Content-Length: 821
Content-Type: application/json; charset=utf-8
cache-control: no-cache

14:27:18.022 [AsyncHttpClient-1-7] DEBUG org.asynchttpclient.netty.channel.ChannelManager - Adding key: http://localhost:12593 for channel [id: 0xeaeee574, L:/127.0.0.1:59085 - R:localhost/127.0.0.1:12593]
14:27:18.022 [Forwarding getCurrentUrl on session 87eceb0d2ff57e1a97eb7724294c1da5 to remote] DEBUG org.asynchttpclient.netty.request.NettyRequestSender - Using pooled Channel '[id: 0xeaeee574, L:/127.0.0.1:59085 - R:localhost/127.0.0.1:12593]' for 'GET' to 'http://localhost:12593/session/87eceb0d2ff57e1a97eb7724294c1da5/url'
14:27:18.022 [Forwarding getCurrentUrl on session 87eceb0d2ff57e1a97eb7724294c1da5 to remote] DEBUG org.asynchttpclient.netty.request.NettyRequestSender - Using open Channel [id: 0xeaeee574, L:/127.0.0.1:59085 - R:localhost/127.0.0.1:12593] for GET '/session/87eceb0d2ff57e1a97eb7724294c1da5/url'
14:27:18.091 [AsyncHttpClient-1-7] DEBUG org.asynchttpclient.netty.handler.HttpHandler - 

Request DefaultFullHttpRequest(decodeResult: success, version: HTTP/1.1, content: EmptyByteBufBE)
GET /session/87eceb0d2ff57e1a97eb7724294c1da5/url HTTP/1.1
User-Agent: selenium/4.8.1 (java windows)
Cache-Control: no-cache
Content-Type: application/json; charset=utf-8
host: localhost:12593
accept: */*

Response DefaultHttpResponse(decodeResult: success, version: HTTP/1.1)
HTTP/1.1 200 OK
Content-Length: 62
Content-Type: application/json; charset=utf-8
cache-control: no-cache

14:27:18.091 [AsyncHttpClient-1-7] DEBUG org.asynchttpclient.netty.channel.ChannelManager - Adding key: http://localhost:12593 for channel [id: 0xeaeee574, L:/127.0.0.1:59085 - R:localhost/127.0.0.1:12593]
14:27:18.091 [Forwarding screenshot on session 87eceb0d2ff57e1a97eb7724294c1da5 to remote] DEBUG org.asynchttpclient.netty.request.NettyRequestSender - Using pooled Channel '[id: 0xeaeee574, L:/127.0.0.1:59085 - R:localhost/127.0.0.1:12593]' for 'GET' to 'http://localhost:12593/session/87eceb0d2ff57e1a97eb7724294c1da5/screenshot'
14:27:18.091 [Forwarding screenshot on session 87eceb0d2ff57e1a97eb7724294c1da5 to remote] DEBUG org.asynchttpclient.netty.request.NettyRequestSender - Using open Channel [id: 0xeaeee574, L:/127.0.0.1:59085 - R:localhost/127.0.0.1:12593] for GET '/session/87eceb0d2ff57e1a97eb7724294c1da5/screenshot'
14:27:18.331 [AsyncHttpClient-1-7] DEBUG org.asynchttpclient.netty.handler.HttpHandler - 

Request DefaultFullHttpRequest(decodeResult: success, version: HTTP/1.1, content: EmptyByteBufBE)
GET /session/87eceb0d2ff57e1a97eb7724294c1da5/screenshot HTTP/1.1
User-Agent: selenium/4.8.1 (java windows)
Cache-Control: no-cache
Content-Type: application/json; charset=utf-8
host: localhost:12593
accept: */*

Response DefaultHttpResponse(decodeResult: success, version: HTTP/1.1)
HTTP/1.1 200 OK
Content-Length: 105452
Content-Type: application/json; charset=utf-8
cache-control: no-cache

14:27:18.331 [AsyncHttpClient-1-7] DEBUG org.asynchttpclient.netty.channel.ChannelManager - Adding key: http://localhost:12593 for channel [id: 0xeaeee574, L:/127.0.0.1:59085 - R:localhost/127.0.0.1:12593]
14:27:18.339 [main] DEBUG net.serenitybdd.core.photography.Darkroom - Send negative for processing for target\site\serenity\261ed22dab0598b56be12d866950d95cb0404d13caaf62ec758186531872d19a.png
14:27:18.339 [main] DEBUG net.thucydides.core.steps.StepInterceptor - STEP DONE: Enter_firstlastnames
14:27:18.363 [Darkroom Processing Line] DEBUG net.serenitybdd.core.photography.DarkroomProcessingLine - Processing screenshot image in /var/screenshots/screenshot-8873519390383332765
14:27:18.363 [Darkroom Processing Line] DEBUG net.serenitybdd.core.photography.DarkroomProcessingLine - Saving screenshot to target\site\serenity\261ed22dab0598b56be12d866950d95cb0404d13caaf62ec758186531872d19a.png
14:27:18.380 [Forwarding getPageSource on session 87eceb0d2ff57e1a97eb7724294c1da5 to remote] DEBUG org.asynchttpclient.netty.request.NettyRequestSender - Using pooled Channel '[id: 0xeaeee574, L:/127.0.0.1:59085 - R:localhost/127.0.0.1:12593]' for 'POST' to 'http://localhost:12593/session/87eceb0d2ff57e1a97eb7724294c1da5/execute/sync'
14:27:18.380 [Forwarding getPageSource on session 87eceb0d2ff57e1a97eb7724294c1da5 to remote] DEBUG org.asynchttpclient.netty.request.NettyRequestSender - Using open Channel [id: 0xeaeee574, L:/127.0.0.1:59085 - R:localhost/127.0.0.1:12593] for POST '/session/87eceb0d2ff57e1a97eb7724294c1da5/execute/sync'
14:27:18.417 [AsyncHttpClient-1-7] DEBUG org.asynchttpclient.netty.handler.HttpHandler - 

Request DefaultHttpRequest(decodeResult: success, version: HTTP/1.1)
POST /session/87eceb0d2ff57e1a97eb7724294c1da5/execute/sync HTTP/1.1
User-Agent: selenium/4.8.1 (java windows)
Content-Length: 176
Content-Type: application/json; charset=utf-8
host: localhost:12593
accept: */*

Response DefaultHttpResponse(decodeResult: success, version: HTTP/1.1)
HTTP/1.1 200 OK
Content-Length: 92318
Content-Type: application/json; charset=utf-8
cache-control: no-cache

14:27:18.417 [AsyncHttpClient-1-7] DEBUG org.asynchttpclient.netty.channel.ChannelManager - Adding key: http://localhost:12593 for channel [id: 0xeaeee574, L:/127.0.0.1:59085 - R:localhost/127.0.0.1:12593]
14:27:18.427 [Forwarding getCurrentUrl on session 87eceb0d2ff57e1a97eb7724294c1da5 to remote] DEBUG org.asynchttpclient.netty.request.NettyRequestSender - Using pooled Channel '[id: 0xeaeee574, L:/127.0.0.1:59085 - R:localhost/127.0.0.1:12593]' for 'GET' to 'http://localhost:12593/session/87eceb0d2ff57e1a97eb7724294c1da5/url'
14:27:18.427 [Forwarding getCurrentUrl on session 87eceb0d2ff57e1a97eb7724294c1da5 to remote] DEBUG org.asynchttpclient.netty.request.NettyRequestSender - Using open Channel [id: 0xeaeee574, L:/127.0.0.1:59085 - R:localhost/127.0.0.1:12593] for GET '/session/87eceb0d2ff57e1a97eb7724294c1da5/url'
14:27:18.443 [AsyncHttpClient-1-7] DEBUG org.asynchttpclient.netty.handler.HttpHandler - 

Request DefaultFullHttpRequest(decodeResult: success, version: HTTP/1.1, content: EmptyByteBufBE)
GET /session/87eceb0d2ff57e1a97eb7724294c1da5/url HTTP/1.1
User-Agent: selenium/4.8.1 (java windows)
Cache-Control: no-cache
Content-Type: application/json; charset=utf-8
host: localhost:12593
accept: */*

Response DefaultHttpResponse(decodeResult: success, version: HTTP/1.1)
HTTP/1.1 200 OK
Content-Length: 62
Content-Type: application/json; charset=utf-8
cache-control: no-cache

14:27:18.443 [AsyncHttpClient-1-7] DEBUG org.asynchttpclient.netty.channel.ChannelManager - Adding key: http://localhost:12593 for channel [id: 0xeaeee574, L:/127.0.0.1:59085 - R:localhost/127.0.0.1:12593]
14:27:18.459 [Forwarding getAlertText on session 87eceb0d2ff57e1a97eb7724294c1da5 to remote] DEBUG org.asynchttpclient.netty.request.NettyRequestSender - Using pooled Channel '[id: 0xeaeee574, L:/127.0.0.1:59085 - R:localhost/127.0.0.1:12593]' for 'GET' to 'http://localhost:12593/session/87eceb0d2ff57e1a97eb7724294c1da5/alert/text'
14:27:18.459 [Forwarding getAlertText on session 87eceb0d2ff57e1a97eb7724294c1da5 to remote] DEBUG org.asynchttpclient.netty.request.NettyRequestSender - Using open Channel [id: 0xeaeee574, L:/127.0.0.1:59085 - R:localhost/127.0.0.1:12593] for GET '/session/87eceb0d2ff57e1a97eb7724294c1da5/alert/text'
14:27:18.466 [AsyncHttpClient-1-7] DEBUG org.asynchttpclient.netty.handler.HttpHandler - 

Request DefaultFullHttpRequest(decodeResult: success, version: HTTP/1.1, content: EmptyByteBufBE)
GET /session/87eceb0d2ff57e1a97eb7724294c1da5/alert/text HTTP/1.1
User-Agent: selenium/4.8.1 (java windows)
Cache-Control: no-cache
Content-Type: application/json; charset=utf-8
host: localhost:12593
accept: */*

Response DefaultHttpResponse(decodeResult: success, version: HTTP/1.1)
HTTP/1.1 404 Not Found
Content-Length: 821
Content-Type: application/json; charset=utf-8
cache-control: no-cache

14:27:18.466 [AsyncHttpClient-1-7] DEBUG org.asynchttpclient.netty.channel.ChannelManager - Adding key: http://localhost:12593 for channel [id: 0xeaeee574, L:/127.0.0.1:59085 - R:localhost/127.0.0.1:12593]
14:27:18.466 [Forwarding getCurrentUrl on session 87eceb0d2ff57e1a97eb7724294c1da5 to remote] DEBUG org.asynchttpclient.netty.request.NettyRequestSender - Using pooled Channel '[id: 0xeaeee574, L:/127.0.0.1:59085 - R:localhost/127.0.0.1:12593]' for 'GET' to 'http://localhost:12593/session/87eceb0d2ff57e1a97eb7724294c1da5/url'
14:27:18.466 [Forwarding getCurrentUrl on session 87eceb0d2ff57e1a97eb7724294c1da5 to remote] DEBUG org.asynchttpclient.netty.request.NettyRequestSender - Using open Channel [id: 0xeaeee574, L:/127.0.0.1:59085 - R:localhost/127.0.0.1:12593] for GET '/session/87eceb0d2ff57e1a97eb7724294c1da5/url'
14:27:18.484 [AsyncHttpClient-1-7] DEBUG org.asynchttpclient.netty.handler.HttpHandler - 

Request DefaultFullHttpRequest(decodeResult: success, version: HTTP/1.1, content: EmptyByteBufBE)
GET /session/87eceb0d2ff57e1a97eb7724294c1da5/url HTTP/1.1
User-Agent: selenium/4.8.1 (java windows)
Cache-Control: no-cache
Content-Type: application/json; charset=utf-8
host: localhost:12593
accept: */*

Response DefaultHttpResponse(decodeResult: success, version: HTTP/1.1)
HTTP/1.1 200 OK
Content-Length: 62
Content-Type: application/json; charset=utf-8
cache-control: no-cache

14:27:18.484 [AsyncHttpClient-1-7] DEBUG org.asynchttpclient.netty.channel.ChannelManager - Adding key: http://localhost:12593 for channel [id: 0xeaeee574, L:/127.0.0.1:59085 - R:localhost/127.0.0.1:12593]
14:27:18.484 [Forwarding screenshot on session 87eceb0d2ff57e1a97eb7724294c1da5 to remote] DEBUG org.asynchttpclient.netty.request.NettyRequestSender - Using pooled Channel '[id: 0xeaeee574, L:/127.0.0.1:59085 - R:localhost/127.0.0.1:12593]' for 'GET' to 'http://localhost:12593/session/87eceb0d2ff57e1a97eb7724294c1da5/screenshot'
14:27:18.484 [Forwarding screenshot on session 87eceb0d2ff57e1a97eb7724294c1da5 to remote] DEBUG org.asynchttpclient.netty.request.NettyRequestSender - Using open Channel [id: 0xeaeee574, L:/127.0.0.1:59085 - R:localhost/127.0.0.1:12593] for GET '/session/87eceb0d2ff57e1a97eb7724294c1da5/screenshot'
14:27:18.721 [AsyncHttpClient-1-7] DEBUG org.asynchttpclient.netty.handler.HttpHandler - 

Request DefaultFullHttpRequest(decodeResult: success, version: HTTP/1.1, content: EmptyByteBufBE)
GET /session/87eceb0d2ff57e1a97eb7724294c1da5/screenshot HTTP/1.1
User-Agent: selenium/4.8.1 (java windows)
Cache-Control: no-cache
Content-Type: application/json; charset=utf-8
host: localhost:12593
accept: */*

Response DefaultHttpResponse(decodeResult: success, version: HTTP/1.1)
HTTP/1.1 200 OK
Content-Length: 105428
Content-Type: application/json; charset=utf-8
cache-control: no-cache

14:27:18.721 [AsyncHttpClient-1-7] DEBUG org.asynchttpclient.netty.channel.ChannelManager - Adding key: http://localhost:12593 for channel [id: 0xeaeee574, L:/127.0.0.1:59085 - R:localhost/127.0.0.1:12593]
14:27:18.726 [main] DEBUG net.serenitybdd.core.photography.Darkroom - Send negative for processing for target\site\serenity\7abc355ab2222333f9a34a83e22ef2a967078b9832d83d85e6e11072590d4008.png
14:27:18.731 [Darkroom Processing Line] DEBUG net.serenitybdd.core.photography.DarkroomProcessingLine - Processing screenshot image in /var/screenshots/screenshot-5472586673682421967
14:27:18.731 [Darkroom Processing Line] DEBUG net.serenitybdd.core.photography.DarkroomProcessingLine - Saving screenshot to target\site\serenity\7abc355ab2222333f9a34a83e22ef2a967078b9832d83d85e6e11072590d4008.png
14:27:18.731 [Forwarding getPageSource on session 87eceb0d2ff57e1a97eb7724294c1da5 to remote] DEBUG org.asynchttpclient.netty.request.NettyRequestSender - Using pooled Channel '[id: 0xeaeee574, L:/127.0.0.1:59085 - R:localhost/127.0.0.1:12593]' for 'POST' to 'http://localhost:12593/session/87eceb0d2ff57e1a97eb7724294c1da5/execute/sync'
14:27:18.731 [Forwarding getPageSource on session 87eceb0d2ff57e1a97eb7724294c1da5 to remote] DEBUG org.asynchttpclient.netty.request.NettyRequestSender - Using open Channel [id: 0xeaeee574, L:/127.0.0.1:59085 - R:localhost/127.0.0.1:12593] for POST '/session/87eceb0d2ff57e1a97eb7724294c1da5/execute/sync'
14:27:18.768 [AsyncHttpClient-1-7] DEBUG org.asynchttpclient.netty.handler.HttpHandler - 

Request DefaultHttpRequest(decodeResult: success, version: HTTP/1.1)
POST /session/87eceb0d2ff57e1a97eb7724294c1da5/execute/sync HTTP/1.1
User-Agent: selenium/4.8.1 (java windows)
Content-Length: 176
Content-Type: application/json; charset=utf-8
host: localhost:12593
accept: */*

Response DefaultHttpResponse(decodeResult: success, version: HTTP/1.1)
HTTP/1.1 200 OK
Content-Length: 92318
Content-Type: application/json; charset=utf-8
cache-control: no-cache

14:27:18.768 [AsyncHttpClient-1-7] DEBUG org.asynchttpclient.netty.channel.ChannelManager - Adding key: http://localhost:12593 for channel [id: 0xeaeee574, L:/127.0.0.1:59085 - R:localhost/127.0.0.1:12593]
14:27:18.779 [Forwarding getCurrentUrl on session 87eceb0d2ff57e1a97eb7724294c1da5 to remote] DEBUG org.asynchttpclient.netty.request.NettyRequestSender - Using pooled Channel '[id: 0xeaeee574, L:/127.0.0.1:59085 - R:localhost/127.0.0.1:12593]' for 'GET' to 'http://localhost:12593/session/87eceb0d2ff57e1a97eb7724294c1da5/url'
14:27:18.779 [Forwarding getCurrentUrl on session 87eceb0d2ff57e1a97eb7724294c1da5 to remote] DEBUG org.asynchttpclient.netty.request.NettyRequestSender - Using open Channel [id: 0xeaeee574, L:/127.0.0.1:59085 - R:localhost/127.0.0.1:12593] for GET '/session/87eceb0d2ff57e1a97eb7724294c1da5/url'
14:27:18.790 [AsyncHttpClient-1-7] DEBUG org.asynchttpclient.netty.handler.HttpHandler - 

Request DefaultFullHttpRequest(decodeResult: success, version: HTTP/1.1, content: EmptyByteBufBE)
GET /session/87eceb0d2ff57e1a97eb7724294c1da5/url HTTP/1.1
User-Agent: selenium/4.8.1 (java windows)
Cache-Control: no-cache
Content-Type: application/json; charset=utf-8
host: localhost:12593
accept: */*

Response DefaultHttpResponse(decodeResult: success, version: HTTP/1.1)
HTTP/1.1 200 OK
Content-Length: 62
Content-Type: application/json; charset=utf-8
cache-control: no-cache

14:27:18.790 [AsyncHttpClient-1-7] DEBUG org.asynchttpclient.netty.channel.ChannelManager - Adding key: http://localhost:12593 for channel [id: 0xeaeee574, L:/127.0.0.1:59085 - R:localhost/127.0.0.1:12593]
14:27:18.795 [main] DEBUG net.thucydides.core.steps.StepInterceptor - STARTING STEP: Afrexim_OurBank_Contactus_Sendmessage_steps.enter_telephone_with_area_code - Enter_telephoneareacode
14:27:18.800 [Forwarding findElement on session 87eceb0d2ff57e1a97eb7724294c1da5 to remote] DEBUG org.asynchttpclient.netty.request.NettyRequestSender - Using pooled Channel '[id: 0xeaeee574, L:/127.0.0.1:59085 - R:localhost/127.0.0.1:12593]' for 'POST' to 'http://localhost:12593/session/87eceb0d2ff57e1a97eb7724294c1da5/element'
14:27:18.800 [Forwarding findElement on session 87eceb0d2ff57e1a97eb7724294c1da5 to remote] DEBUG org.asynchttpclient.netty.request.NettyRequestSender - Using open Channel [id: 0xeaeee574, L:/127.0.0.1:59085 - R:localhost/127.0.0.1:12593] for POST '/session/87eceb0d2ff57e1a97eb7724294c1da5/element'
14:27:18.817 [AsyncHttpClient-1-7] DEBUG org.asynchttpclient.netty.handler.HttpHandler - 

Request DefaultHttpRequest(decodeResult: success, version: HTTP/1.1)
POST /session/87eceb0d2ff57e1a97eb7724294c1da5/element HTTP/1.1
User-Agent: selenium/4.8.1 (java windows)
Content-Length: 72
Content-Type: application/json; charset=utf-8
host: localhost:12593
accept: */*

Response DefaultHttpResponse(decodeResult: success, version: HTTP/1.1)
HTTP/1.1 200 OK
Content-Length: 96
Content-Type: application/json; charset=utf-8
cache-control: no-cache

14:27:18.817 [AsyncHttpClient-1-7] DEBUG org.asynchttpclient.netty.channel.ChannelManager - Adding key: http://localhost:12593 for channel [id: 0xeaeee574, L:/127.0.0.1:59085 - R:localhost/127.0.0.1:12593]
14:27:18.822 [Forwarding clearElement on session 87eceb0d2ff57e1a97eb7724294c1da5 to remote] DEBUG org.asynchttpclient.netty.request.NettyRequestSender - Using pooled Channel '[id: 0xeaeee574, L:/127.0.0.1:59085 - R:localhost/127.0.0.1:12593]' for 'POST' to 'http://localhost:12593/session/87eceb0d2ff57e1a97eb7724294c1da5/element/ED5D13787C8B0B69434DDA1B1349AB20_element_123/clear'
14:27:18.822 [Forwarding clearElement on session 87eceb0d2ff57e1a97eb7724294c1da5 to remote] DEBUG org.asynchttpclient.netty.request.NettyRequestSender - Using open Channel [id: 0xeaeee574, L:/127.0.0.1:59085 - R:localhost/127.0.0.1:12593] for POST '/session/87eceb0d2ff57e1a97eb7724294c1da5/element/ED5D13787C8B0B69434DDA1B1349AB20_element_123/clear'
14:27:18.870 [AsyncHttpClient-1-7] DEBUG org.asynchttpclient.netty.handler.HttpHandler - 

Request DefaultHttpRequest(decodeResult: success, version: HTTP/1.1)
POST /session/87eceb0d2ff57e1a97eb7724294c1da5/element/ED5D13787C8B0B69434DDA1B1349AB20_element_123/clear HTTP/1.1
User-Agent: selenium/4.8.1 (java windows)
Content-Length: 58
Content-Type: application/json; charset=utf-8
host: localhost:12593
accept: */*

Response DefaultHttpResponse(decodeResult: success, version: HTTP/1.1)
HTTP/1.1 200 OK
Content-Length: 14
Content-Type: application/json; charset=utf-8
cache-control: no-cache

14:27:18.870 [AsyncHttpClient-1-7] DEBUG org.asynchttpclient.netty.channel.ChannelManager - Adding key: http://localhost:12593 for channel [id: 0xeaeee574, L:/127.0.0.1:59085 - R:localhost/127.0.0.1:12593]
14:27:18.870 [Forwarding sendKeysToElement on session 87eceb0d2ff57e1a97eb7724294c1da5 to remote] DEBUG org.asynchttpclient.netty.request.NettyRequestSender - Using pooled Channel '[id: 0xeaeee574, L:/127.0.0.1:59085 - R:localhost/127.0.0.1:12593]' for 'POST' to 'http://localhost:12593/session/87eceb0d2ff57e1a97eb7724294c1da5/element/ED5D13787C8B0B69434DDA1B1349AB20_element_123/value'
14:27:18.870 [Forwarding sendKeysToElement on session 87eceb0d2ff57e1a97eb7724294c1da5 to remote] DEBUG org.asynchttpclient.netty.request.NettyRequestSender - Using open Channel [id: 0xeaeee574, L:/127.0.0.1:59085 - R:localhost/127.0.0.1:12593] for POST '/session/87eceb0d2ff57e1a97eb7724294c1da5/element/ED5D13787C8B0B69434DDA1B1349AB20_element_123/value'
14:27:18.893 [AsyncHttpClient-1-1] DEBUG org.asynchttpclient.netty.channel.DefaultChannelPool - Entry count for : http://localhost:59086 : 1
14:27:18.991 [AsyncHttpClient-1-7] DEBUG org.asynchttpclient.netty.handler.HttpHandler - 

Request DefaultHttpRequest(decodeResult: success, version: HTTP/1.1)
POST /session/87eceb0d2ff57e1a97eb7724294c1da5/element/ED5D13787C8B0B69434DDA1B1349AB20_element_123/value HTTP/1.1
User-Agent: selenium/4.8.1 (java windows)
Content-Length: 189
Content-Type: application/json; charset=utf-8
host: localhost:12593
accept: */*

Response DefaultHttpResponse(decodeResult: success, version: HTTP/1.1)
HTTP/1.1 200 OK
Content-Length: 14
Content-Type: application/json; charset=utf-8
cache-control: no-cache

14:27:18.991 [AsyncHttpClient-1-7] DEBUG org.asynchttpclient.netty.channel.ChannelManager - Adding key: http://localhost:12593 for channel [id: 0xeaeee574, L:/127.0.0.1:59085 - R:localhost/127.0.0.1:12593]
14:27:18.998 [Forwarding sendKeysToElement on session 87eceb0d2ff57e1a97eb7724294c1da5 to remote] DEBUG org.asynchttpclient.netty.request.NettyRequestSender - Using pooled Channel '[id: 0xeaeee574, L:/127.0.0.1:59085 - R:localhost/127.0.0.1:12593]' for 'POST' to 'http://localhost:12593/session/87eceb0d2ff57e1a97eb7724294c1da5/element/ED5D13787C8B0B69434DDA1B1349AB20_element_123/value'
14:27:18.998 [Forwarding sendKeysToElement on session 87eceb0d2ff57e1a97eb7724294c1da5 to remote] DEBUG org.asynchttpclient.netty.request.NettyRequestSender - Using open Channel [id: 0xeaeee574, L:/127.0.0.1:59085 - R:localhost/127.0.0.1:12593] for POST '/session/87eceb0d2ff57e1a97eb7724294c1da5/element/ED5D13787C8B0B69434DDA1B1349AB20_element_123/value'
14:27:19.062 [AsyncHttpClient-1-7] DEBUG org.asynchttpclient.netty.handler.HttpHandler - 

Request DefaultHttpRequest(decodeResult: success, version: HTTP/1.1)
POST /session/87eceb0d2ff57e1a97eb7724294c1da5/element/ED5D13787C8B0B69434DDA1B1349AB20_element_123/value HTTP/1.1
User-Agent: selenium/4.8.1 (java windows)
Content-Length: 103
Content-Type: application/json; charset=utf-8
host: localhost:12593
accept: */*

Response DefaultHttpResponse(decodeResult: success, version: HTTP/1.1)
HTTP/1.1 200 OK
Content-Length: 14
Content-Type: application/json; charset=utf-8
cache-control: no-cache

14:27:19.067 [AsyncHttpClient-1-7] DEBUG org.asynchttpclient.netty.channel.ChannelManager - Adding key: http://localhost:12593 for channel [id: 0xeaeee574, L:/127.0.0.1:59085 - R:localhost/127.0.0.1:12593]
14:27:19.077 [Forwarding getAlertText on session 87eceb0d2ff57e1a97eb7724294c1da5 to remote] DEBUG org.asynchttpclient.netty.request.NettyRequestSender - Using pooled Channel '[id: 0xeaeee574, L:/127.0.0.1:59085 - R:localhost/127.0.0.1:12593]' for 'GET' to 'http://localhost:12593/session/87eceb0d2ff57e1a97eb7724294c1da5/alert/text'
14:27:19.077 [Forwarding getAlertText on session 87eceb0d2ff57e1a97eb7724294c1da5 to remote] DEBUG org.asynchttpclient.netty.request.NettyRequestSender - Using open Channel [id: 0xeaeee574, L:/127.0.0.1:59085 - R:localhost/127.0.0.1:12593] for GET '/session/87eceb0d2ff57e1a97eb7724294c1da5/alert/text'
14:27:19.077 [AsyncHttpClient-1-7] DEBUG org.asynchttpclient.netty.handler.HttpHandler - 

Request DefaultFullHttpRequest(decodeResult: success, version: HTTP/1.1, content: EmptyByteBufBE)
GET /session/87eceb0d2ff57e1a97eb7724294c1da5/alert/text HTTP/1.1
User-Agent: selenium/4.8.1 (java windows)
Cache-Control: no-cache
Content-Type: application/json; charset=utf-8
host: localhost:12593
accept: */*

Response DefaultHttpResponse(decodeResult: success, version: HTTP/1.1)
HTTP/1.1 404 Not Found
Content-Length: 821
Content-Type: application/json; charset=utf-8
cache-control: no-cache

14:27:19.077 [AsyncHttpClient-1-7] DEBUG org.asynchttpclient.netty.channel.ChannelManager - Adding key: http://localhost:12593 for channel [id: 0xeaeee574, L:/127.0.0.1:59085 - R:localhost/127.0.0.1:12593]
14:27:19.083 [Forwarding getCurrentUrl on session 87eceb0d2ff57e1a97eb7724294c1da5 to remote] DEBUG org.asynchttpclient.netty.request.NettyRequestSender - Using pooled Channel '[id: 0xeaeee574, L:/127.0.0.1:59085 - R:localhost/127.0.0.1:12593]' for 'GET' to 'http://localhost:12593/session/87eceb0d2ff57e1a97eb7724294c1da5/url'
14:27:19.083 [Forwarding getCurrentUrl on session 87eceb0d2ff57e1a97eb7724294c1da5 to remote] DEBUG org.asynchttpclient.netty.request.NettyRequestSender - Using open Channel [id: 0xeaeee574, L:/127.0.0.1:59085 - R:localhost/127.0.0.1:12593] for GET '/session/87eceb0d2ff57e1a97eb7724294c1da5/url'
14:27:19.085 [AsyncHttpClient-1-7] DEBUG org.asynchttpclient.netty.handler.HttpHandler - 

Request DefaultFullHttpRequest(decodeResult: success, version: HTTP/1.1, content: EmptyByteBufBE)
GET /session/87eceb0d2ff57e1a97eb7724294c1da5/url HTTP/1.1
User-Agent: selenium/4.8.1 (java windows)
Cache-Control: no-cache
Content-Type: application/json; charset=utf-8
host: localhost:12593
accept: */*

Response DefaultHttpResponse(decodeResult: success, version: HTTP/1.1)
HTTP/1.1 200 OK
Content-Length: 62
Content-Type: application/json; charset=utf-8
cache-control: no-cache

14:27:19.085 [AsyncHttpClient-1-7] DEBUG org.asynchttpclient.netty.channel.ChannelManager - Adding key: http://localhost:12593 for channel [id: 0xeaeee574, L:/127.0.0.1:59085 - R:localhost/127.0.0.1:12593]
14:27:19.096 [Forwarding screenshot on session 87eceb0d2ff57e1a97eb7724294c1da5 to remote] DEBUG org.asynchttpclient.netty.request.NettyRequestSender - Using pooled Channel '[id: 0xeaeee574, L:/127.0.0.1:59085 - R:localhost/127.0.0.1:12593]' for 'GET' to 'http://localhost:12593/session/87eceb0d2ff57e1a97eb7724294c1da5/screenshot'
14:27:19.096 [Forwarding screenshot on session 87eceb0d2ff57e1a97eb7724294c1da5 to remote] DEBUG org.asynchttpclient.netty.request.NettyRequestSender - Using open Channel [id: 0xeaeee574, L:/127.0.0.1:59085 - R:localhost/127.0.0.1:12593] for GET '/session/87eceb0d2ff57e1a97eb7724294c1da5/screenshot'
14:27:19.329 [AsyncHttpClient-1-7] DEBUG org.asynchttpclient.netty.handler.HttpHandler - 

Request DefaultFullHttpRequest(decodeResult: success, version: HTTP/1.1, content: EmptyByteBufBE)
GET /session/87eceb0d2ff57e1a97eb7724294c1da5/screenshot HTTP/1.1
User-Agent: selenium/4.8.1 (java windows)
Cache-Control: no-cache
Content-Type: application/json; charset=utf-8
host: localhost:12593
accept: */*

Response DefaultHttpResponse(decodeResult: success, version: HTTP/1.1)
HTTP/1.1 200 OK
Content-Length: 108524
Content-Type: application/json; charset=utf-8
cache-control: no-cache

14:27:19.329 [AsyncHttpClient-1-7] DEBUG org.asynchttpclient.netty.channel.ChannelManager - Adding key: http://localhost:12593 for channel [id: 0xeaeee574, L:/127.0.0.1:59085 - R:localhost/127.0.0.1:12593]
14:27:19.340 [main] DEBUG net.serenitybdd.core.photography.Darkroom - Send negative for processing for target\site\serenity\9c737012127411edc487ff99227abe25eb3313df1f229bb9b996d69d8e752a93.png
14:27:19.340 [Darkroom Processing Line] DEBUG net.serenitybdd.core.photography.DarkroomProcessingLine - Processing screenshot image in /var/screenshots/screenshot-8900483656079811307
14:27:19.340 [main] DEBUG net.thucydides.core.steps.StepInterceptor - STEP DONE: Enter_telephoneareacode
14:27:19.340 [Darkroom Processing Line] DEBUG net.serenitybdd.core.photography.DarkroomProcessingLine - Saving screenshot to target\site\serenity\9c737012127411edc487ff99227abe25eb3313df1f229bb9b996d69d8e752a93.png
14:27:19.350 [Forwarding getPageSource on session 87eceb0d2ff57e1a97eb7724294c1da5 to remote] DEBUG org.asynchttpclient.netty.request.NettyRequestSender - Using pooled Channel '[id: 0xeaeee574, L:/127.0.0.1:59085 - R:localhost/127.0.0.1:12593]' for 'POST' to 'http://localhost:12593/session/87eceb0d2ff57e1a97eb7724294c1da5/execute/sync'
14:27:19.350 [Forwarding getPageSource on session 87eceb0d2ff57e1a97eb7724294c1da5 to remote] DEBUG org.asynchttpclient.netty.request.NettyRequestSender - Using open Channel [id: 0xeaeee574, L:/127.0.0.1:59085 - R:localhost/127.0.0.1:12593] for POST '/session/87eceb0d2ff57e1a97eb7724294c1da5/execute/sync'
14:27:19.372 [AsyncHttpClient-1-7] DEBUG org.asynchttpclient.netty.handler.HttpHandler - 

Request DefaultHttpRequest(decodeResult: success, version: HTTP/1.1)
POST /session/87eceb0d2ff57e1a97eb7724294c1da5/execute/sync HTTP/1.1
User-Agent: selenium/4.8.1 (java windows)
Content-Length: 176
Content-Type: application/json; charset=utf-8
host: localhost:12593
accept: */*

Response DefaultHttpResponse(decodeResult: success, version: HTTP/1.1)
HTTP/1.1 200 OK
Content-Length: 92318
Content-Type: application/json; charset=utf-8
cache-control: no-cache

14:27:19.372 [AsyncHttpClient-1-7] DEBUG org.asynchttpclient.netty.channel.ChannelManager - Adding key: http://localhost:12593 for channel [id: 0xeaeee574, L:/127.0.0.1:59085 - R:localhost/127.0.0.1:12593]
14:27:19.388 [Forwarding getCurrentUrl on session 87eceb0d2ff57e1a97eb7724294c1da5 to remote] DEBUG org.asynchttpclient.netty.request.NettyRequestSender - Using pooled Channel '[id: 0xeaeee574, L:/127.0.0.1:59085 - R:localhost/127.0.0.1:12593]' for 'GET' to 'http://localhost:12593/session/87eceb0d2ff57e1a97eb7724294c1da5/url'
14:27:19.388 [Forwarding getCurrentUrl on session 87eceb0d2ff57e1a97eb7724294c1da5 to remote] DEBUG org.asynchttpclient.netty.request.NettyRequestSender - Using open Channel [id: 0xeaeee574, L:/127.0.0.1:59085 - R:localhost/127.0.0.1:12593] for GET '/session/87eceb0d2ff57e1a97eb7724294c1da5/url'
14:27:19.393 [AsyncHttpClient-1-7] DEBUG org.asynchttpclient.netty.handler.HttpHandler - 

Request DefaultFullHttpRequest(decodeResult: success, version: HTTP/1.1, content: EmptyByteBufBE)
GET /session/87eceb0d2ff57e1a97eb7724294c1da5/url HTTP/1.1
User-Agent: selenium/4.8.1 (java windows)
Cache-Control: no-cache
Content-Type: application/json; charset=utf-8
host: localhost:12593
accept: */*

Response DefaultHttpResponse(decodeResult: success, version: HTTP/1.1)
HTTP/1.1 200 OK
Content-Length: 62
Content-Type: application/json; charset=utf-8
cache-control: no-cache

14:27:19.393 [AsyncHttpClient-1-7] DEBUG org.asynchttpclient.netty.channel.ChannelManager - Adding key: http://localhost:12593 for channel [id: 0xeaeee574, L:/127.0.0.1:59085 - R:localhost/127.0.0.1:12593]
14:27:19.409 [Forwarding getAlertText on session 87eceb0d2ff57e1a97eb7724294c1da5 to remote] DEBUG org.asynchttpclient.netty.request.NettyRequestSender - Using pooled Channel '[id: 0xeaeee574, L:/127.0.0.1:59085 - R:localhost/127.0.0.1:12593]' for 'GET' to 'http://localhost:12593/session/87eceb0d2ff57e1a97eb7724294c1da5/alert/text'
14:27:19.409 [Forwarding getAlertText on session 87eceb0d2ff57e1a97eb7724294c1da5 to remote] DEBUG org.asynchttpclient.netty.request.NettyRequestSender - Using open Channel [id: 0xeaeee574, L:/127.0.0.1:59085 - R:localhost/127.0.0.1:12593] for GET '/session/87eceb0d2ff57e1a97eb7724294c1da5/alert/text'
14:27:19.409 [AsyncHttpClient-1-7] DEBUG org.asynchttpclient.netty.handler.HttpHandler - 

Request DefaultFullHttpRequest(decodeResult: success, version: HTTP/1.1, content: EmptyByteBufBE)
GET /session/87eceb0d2ff57e1a97eb7724294c1da5/alert/text HTTP/1.1
User-Agent: selenium/4.8.1 (java windows)
Cache-Control: no-cache
Content-Type: application/json; charset=utf-8
host: localhost:12593
accept: */*

Response DefaultHttpResponse(decodeResult: success, version: HTTP/1.1)
HTTP/1.1 404 Not Found
Content-Length: 821
Content-Type: application/json; charset=utf-8
cache-control: no-cache

14:27:19.409 [AsyncHttpClient-1-7] DEBUG org.asynchttpclient.netty.channel.ChannelManager - Adding key: http://localhost:12593 for channel [id: 0xeaeee574, L:/127.0.0.1:59085 - R:localhost/127.0.0.1:12593]
14:27:19.409 [Forwarding getCurrentUrl on session 87eceb0d2ff57e1a97eb7724294c1da5 to remote] DEBUG org.asynchttpclient.netty.request.NettyRequestSender - Using pooled Channel '[id: 0xeaeee574, L:/127.0.0.1:59085 - R:localhost/127.0.0.1:12593]' for 'GET' to 'http://localhost:12593/session/87eceb0d2ff57e1a97eb7724294c1da5/url'
14:27:19.409 [Forwarding getCurrentUrl on session 87eceb0d2ff57e1a97eb7724294c1da5 to remote] DEBUG org.asynchttpclient.netty.request.NettyRequestSender - Using open Channel [id: 0xeaeee574, L:/127.0.0.1:59085 - R:localhost/127.0.0.1:12593] for GET '/session/87eceb0d2ff57e1a97eb7724294c1da5/url'
14:27:19.425 [AsyncHttpClient-1-7] DEBUG org.asynchttpclient.netty.handler.HttpHandler - 

Request DefaultFullHttpRequest(decodeResult: success, version: HTTP/1.1, content: EmptyByteBufBE)
GET /session/87eceb0d2ff57e1a97eb7724294c1da5/url HTTP/1.1
User-Agent: selenium/4.8.1 (java windows)
Cache-Control: no-cache
Content-Type: application/json; charset=utf-8
host: localhost:12593
accept: */*

Response DefaultHttpResponse(decodeResult: success, version: HTTP/1.1)
HTTP/1.1 200 OK
Content-Length: 62
Content-Type: application/json; charset=utf-8
cache-control: no-cache

14:27:19.425 [AsyncHttpClient-1-7] DEBUG org.asynchttpclient.netty.channel.ChannelManager - Adding key: http://localhost:12593 for channel [id: 0xeaeee574, L:/127.0.0.1:59085 - R:localhost/127.0.0.1:12593]
14:27:19.425 [Forwarding screenshot on session 87eceb0d2ff57e1a97eb7724294c1da5 to remote] DEBUG org.asynchttpclient.netty.request.NettyRequestSender - Using pooled Channel '[id: 0xeaeee574, L:/127.0.0.1:59085 - R:localhost/127.0.0.1:12593]' for 'GET' to 'http://localhost:12593/session/87eceb0d2ff57e1a97eb7724294c1da5/screenshot'
14:27:19.425 [Forwarding screenshot on session 87eceb0d2ff57e1a97eb7724294c1da5 to remote] DEBUG org.asynchttpclient.netty.request.NettyRequestSender - Using open Channel [id: 0xeaeee574, L:/127.0.0.1:59085 - R:localhost/127.0.0.1:12593] for GET '/session/87eceb0d2ff57e1a97eb7724294c1da5/screenshot'
14:27:19.632 [AsyncHttpClient-1-7] DEBUG org.asynchttpclient.netty.handler.HttpHandler - 

Request DefaultFullHttpRequest(decodeResult: success, version: HTTP/1.1, content: EmptyByteBufBE)
GET /session/87eceb0d2ff57e1a97eb7724294c1da5/screenshot HTTP/1.1
User-Agent: selenium/4.8.1 (java windows)
Cache-Control: no-cache
Content-Type: application/json; charset=utf-8
host: localhost:12593
accept: */*

Response DefaultHttpResponse(decodeResult: success, version: HTTP/1.1)
HTTP/1.1 200 OK
Content-Length: 108792
Content-Type: application/json; charset=utf-8
cache-control: no-cache

14:27:19.632 [AsyncHttpClient-1-7] DEBUG org.asynchttpclient.netty.channel.ChannelManager - Adding key: http://localhost:12593 for channel [id: 0xeaeee574, L:/127.0.0.1:59085 - R:localhost/127.0.0.1:12593]
14:27:19.638 [main] DEBUG net.serenitybdd.core.photography.Darkroom - Send negative for processing for target\site\serenity\67163834fc7221d6f82c98ff74055f3b4c6781df13e9121db686af5196aa293f.png
14:27:19.638 [Darkroom Processing Line] DEBUG net.serenitybdd.core.photography.DarkroomProcessingLine - Processing screenshot image in /var/screenshots/screenshot-5292302390387113457
14:27:19.638 [Darkroom Processing Line] DEBUG net.serenitybdd.core.photography.DarkroomProcessingLine - Saving screenshot to target\site\serenity\67163834fc7221d6f82c98ff74055f3b4c6781df13e9121db686af5196aa293f.png
14:27:19.638 [Forwarding getPageSource on session 87eceb0d2ff57e1a97eb7724294c1da5 to remote] DEBUG org.asynchttpclient.netty.request.NettyRequestSender - Using pooled Channel '[id: 0xeaeee574, L:/127.0.0.1:59085 - R:localhost/127.0.0.1:12593]' for 'POST' to 'http://localhost:12593/session/87eceb0d2ff57e1a97eb7724294c1da5/execute/sync'
14:27:19.638 [Forwarding getPageSource on session 87eceb0d2ff57e1a97eb7724294c1da5 to remote] DEBUG org.asynchttpclient.netty.request.NettyRequestSender - Using open Channel [id: 0xeaeee574, L:/127.0.0.1:59085 - R:localhost/127.0.0.1:12593] for POST '/session/87eceb0d2ff57e1a97eb7724294c1da5/execute/sync'
14:27:19.673 [AsyncHttpClient-1-7] DEBUG org.asynchttpclient.netty.handler.HttpHandler - 

Request DefaultHttpRequest(decodeResult: success, version: HTTP/1.1)
POST /session/87eceb0d2ff57e1a97eb7724294c1da5/execute/sync HTTP/1.1
User-Agent: selenium/4.8.1 (java windows)
Content-Length: 176
Content-Type: application/json; charset=utf-8
host: localhost:12593
accept: */*

Response DefaultHttpResponse(decodeResult: success, version: HTTP/1.1)
HTTP/1.1 200 OK
Content-Length: 92318
Content-Type: application/json; charset=utf-8
cache-control: no-cache

14:27:19.673 [AsyncHttpClient-1-7] DEBUG org.asynchttpclient.netty.channel.ChannelManager - Adding key: http://localhost:12593 for channel [id: 0xeaeee574, L:/127.0.0.1:59085 - R:localhost/127.0.0.1:12593]
14:27:19.689 [Forwarding getCurrentUrl on session 87eceb0d2ff57e1a97eb7724294c1da5 to remote] DEBUG org.asynchttpclient.netty.request.NettyRequestSender - Using pooled Channel '[id: 0xeaeee574, L:/127.0.0.1:59085 - R:localhost/127.0.0.1:12593]' for 'GET' to 'http://localhost:12593/session/87eceb0d2ff57e1a97eb7724294c1da5/url'
14:27:19.689 [Forwarding getCurrentUrl on session 87eceb0d2ff57e1a97eb7724294c1da5 to remote] DEBUG org.asynchttpclient.netty.request.NettyRequestSender - Using open Channel [id: 0xeaeee574, L:/127.0.0.1:59085 - R:localhost/127.0.0.1:12593] for GET '/session/87eceb0d2ff57e1a97eb7724294c1da5/url'
14:27:19.705 [AsyncHttpClient-1-7] DEBUG org.asynchttpclient.netty.handler.HttpHandler - 

Request DefaultFullHttpRequest(decodeResult: success, version: HTTP/1.1, content: EmptyByteBufBE)
GET /session/87eceb0d2ff57e1a97eb7724294c1da5/url HTTP/1.1
User-Agent: selenium/4.8.1 (java windows)
Cache-Control: no-cache
Content-Type: application/json; charset=utf-8
host: localhost:12593
accept: */*

Response DefaultHttpResponse(decodeResult: success, version: HTTP/1.1)
HTTP/1.1 200 OK
Content-Length: 62
Content-Type: application/json; charset=utf-8
cache-control: no-cache

14:27:19.709 [AsyncHttpClient-1-7] DEBUG org.asynchttpclient.netty.channel.ChannelManager - Adding key: http://localhost:12593 for channel [id: 0xeaeee574, L:/127.0.0.1:59085 - R:localhost/127.0.0.1:12593]
14:27:19.713 [main] DEBUG net.thucydides.core.steps.StepInterceptor - STARTING STEP: Afrexim_OurBank_Contactus_Sendmessage_steps.enter_email_address_functionality - Enter_emailaddress
14:27:19.718 [Forwarding findElement on session 87eceb0d2ff57e1a97eb7724294c1da5 to remote] DEBUG org.asynchttpclient.netty.request.NettyRequestSender - Using pooled Channel '[id: 0xeaeee574, L:/127.0.0.1:59085 - R:localhost/127.0.0.1:12593]' for 'POST' to 'http://localhost:12593/session/87eceb0d2ff57e1a97eb7724294c1da5/element'
14:27:19.718 [Forwarding findElement on session 87eceb0d2ff57e1a97eb7724294c1da5 to remote] DEBUG org.asynchttpclient.netty.request.NettyRequestSender - Using open Channel [id: 0xeaeee574, L:/127.0.0.1:59085 - R:localhost/127.0.0.1:12593] for POST '/session/87eceb0d2ff57e1a97eb7724294c1da5/element'
14:27:19.745 [AsyncHttpClient-1-7] DEBUG org.asynchttpclient.netty.handler.HttpHandler - 

Request DefaultHttpRequest(decodeResult: success, version: HTTP/1.1)
POST /session/87eceb0d2ff57e1a97eb7724294c1da5/element HTTP/1.1
User-Agent: selenium/4.8.1 (java windows)
Content-Length: 72
Content-Type: application/json; charset=utf-8
host: localhost:12593
accept: */*

Response DefaultHttpResponse(decodeResult: success, version: HTTP/1.1)
HTTP/1.1 200 OK
Content-Length: 96
Content-Type: application/json; charset=utf-8
cache-control: no-cache

14:27:19.745 [AsyncHttpClient-1-7] DEBUG org.asynchttpclient.netty.channel.ChannelManager - Adding key: http://localhost:12593 for channel [id: 0xeaeee574, L:/127.0.0.1:59085 - R:localhost/127.0.0.1:12593]
14:27:19.745 [Forwarding clearElement on session 87eceb0d2ff57e1a97eb7724294c1da5 to remote] DEBUG org.asynchttpclient.netty.request.NettyRequestSender - Using pooled Channel '[id: 0xeaeee574, L:/127.0.0.1:59085 - R:localhost/127.0.0.1:12593]' for 'POST' to 'http://localhost:12593/session/87eceb0d2ff57e1a97eb7724294c1da5/element/ED5D13787C8B0B69434DDA1B1349AB20_element_125/clear'
14:27:19.745 [Forwarding clearElement on session 87eceb0d2ff57e1a97eb7724294c1da5 to remote] DEBUG org.asynchttpclient.netty.request.NettyRequestSender - Using open Channel [id: 0xeaeee574, L:/127.0.0.1:59085 - R:localhost/127.0.0.1:12593] for POST '/session/87eceb0d2ff57e1a97eb7724294c1da5/element/ED5D13787C8B0B69434DDA1B1349AB20_element_125/clear'
14:27:19.800 [AsyncHttpClient-1-7] DEBUG org.asynchttpclient.netty.handler.HttpHandler - 

Request DefaultHttpRequest(decodeResult: success, version: HTTP/1.1)
POST /session/87eceb0d2ff57e1a97eb7724294c1da5/element/ED5D13787C8B0B69434DDA1B1349AB20_element_125/clear HTTP/1.1
User-Agent: selenium/4.8.1 (java windows)
Content-Length: 58
Content-Type: application/json; charset=utf-8
host: localhost:12593
accept: */*

Response DefaultHttpResponse(decodeResult: success, version: HTTP/1.1)
HTTP/1.1 200 OK
Content-Length: 14
Content-Type: application/json; charset=utf-8
cache-control: no-cache

14:27:19.800 [AsyncHttpClient-1-7] DEBUG org.asynchttpclient.netty.channel.ChannelManager - Adding key: http://localhost:12593 for channel [id: 0xeaeee574, L:/127.0.0.1:59085 - R:localhost/127.0.0.1:12593]
14:27:19.800 [Forwarding sendKeysToElement on session 87eceb0d2ff57e1a97eb7724294c1da5 to remote] DEBUG org.asynchttpclient.netty.request.NettyRequestSender - Using pooled Channel '[id: 0xeaeee574, L:/127.0.0.1:59085 - R:localhost/127.0.0.1:12593]' for 'POST' to 'http://localhost:12593/session/87eceb0d2ff57e1a97eb7724294c1da5/element/ED5D13787C8B0B69434DDA1B1349AB20_element_125/value'
14:27:19.800 [Forwarding sendKeysToElement on session 87eceb0d2ff57e1a97eb7724294c1da5 to remote] DEBUG org.asynchttpclient.netty.request.NettyRequestSender - Using open Channel [id: 0xeaeee574, L:/127.0.0.1:59085 - R:localhost/127.0.0.1:12593] for POST '/session/87eceb0d2ff57e1a97eb7724294c1da5/element/ED5D13787C8B0B69434DDA1B1349AB20_element_125/value'
14:27:19.962 [AsyncHttpClient-1-7] DEBUG org.asynchttpclient.netty.handler.HttpHandler - 

Request DefaultHttpRequest(decodeResult: success, version: HTTP/1.1)
POST /session/87eceb0d2ff57e1a97eb7724294c1da5/element/ED5D13787C8B0B69434DDA1B1349AB20_element_125/value HTTP/1.1
User-Agent: selenium/4.8.1 (java windows)
Content-Length: 249
Content-Type: application/json; charset=utf-8
host: localhost:12593
accept: */*

Response DefaultHttpResponse(decodeResult: success, version: HTTP/1.1)
HTTP/1.1 200 OK
Content-Length: 14
Content-Type: application/json; charset=utf-8
cache-control: no-cache

14:27:19.962 [AsyncHttpClient-1-7] DEBUG org.asynchttpclient.netty.channel.ChannelManager - Adding key: http://localhost:12593 for channel [id: 0xeaeee574, L:/127.0.0.1:59085 - R:localhost/127.0.0.1:12593]
14:27:19.970 [Forwarding sendKeysToElement on session 87eceb0d2ff57e1a97eb7724294c1da5 to remote] DEBUG org.asynchttpclient.netty.request.NettyRequestSender - Using pooled Channel '[id: 0xeaeee574, L:/127.0.0.1:59085 - R:localhost/127.0.0.1:12593]' for 'POST' to 'http://localhost:12593/session/87eceb0d2ff57e1a97eb7724294c1da5/element/ED5D13787C8B0B69434DDA1B1349AB20_element_125/value'
14:27:19.970 [Forwarding sendKeysToElement on session 87eceb0d2ff57e1a97eb7724294c1da5 to remote] DEBUG org.asynchttpclient.netty.request.NettyRequestSender - Using open Channel [id: 0xeaeee574, L:/127.0.0.1:59085 - R:localhost/127.0.0.1:12593] for POST '/session/87eceb0d2ff57e1a97eb7724294c1da5/element/ED5D13787C8B0B69434DDA1B1349AB20_element_125/value'
14:27:20.002 [AsyncHttpClient-1-1] DEBUG org.asynchttpclient.netty.channel.DefaultChannelPool - Entry count for : http://localhost:59086 : 1
14:27:20.067 [AsyncHttpClient-1-7] DEBUG org.asynchttpclient.netty.handler.HttpHandler - 

Request DefaultHttpRequest(decodeResult: success, version: HTTP/1.1)
POST /session/87eceb0d2ff57e1a97eb7724294c1da5/element/ED5D13787C8B0B69434DDA1B1349AB20_element_125/value HTTP/1.1
User-Agent: selenium/4.8.1 (java windows)
Content-Length: 103
Content-Type: application/json; charset=utf-8
host: localhost:12593
accept: */*

Response DefaultHttpResponse(decodeResult: success, version: HTTP/1.1)
HTTP/1.1 200 OK
Content-Length: 14
Content-Type: application/json; charset=utf-8
cache-control: no-cache

14:27:20.067 [AsyncHttpClient-1-7] DEBUG org.asynchttpclient.netty.channel.ChannelManager - Adding key: http://localhost:12593 for channel [id: 0xeaeee574, L:/127.0.0.1:59085 - R:localhost/127.0.0.1:12593]
14:27:20.084 [Forwarding getAlertText on session 87eceb0d2ff57e1a97eb7724294c1da5 to remote] DEBUG org.asynchttpclient.netty.request.NettyRequestSender - Using pooled Channel '[id: 0xeaeee574, L:/127.0.0.1:59085 - R:localhost/127.0.0.1:12593]' for 'GET' to 'http://localhost:12593/session/87eceb0d2ff57e1a97eb7724294c1da5/alert/text'
14:27:20.084 [Forwarding getAlertText on session 87eceb0d2ff57e1a97eb7724294c1da5 to remote] DEBUG org.asynchttpclient.netty.request.NettyRequestSender - Using open Channel [id: 0xeaeee574, L:/127.0.0.1:59085 - R:localhost/127.0.0.1:12593] for GET '/session/87eceb0d2ff57e1a97eb7724294c1da5/alert/text'
14:27:20.090 [AsyncHttpClient-1-7] DEBUG org.asynchttpclient.netty.handler.HttpHandler - 

Request DefaultFullHttpRequest(decodeResult: success, version: HTTP/1.1, content: EmptyByteBufBE)
GET /session/87eceb0d2ff57e1a97eb7724294c1da5/alert/text HTTP/1.1
User-Agent: selenium/4.8.1 (java windows)
Cache-Control: no-cache
Content-Type: application/json; charset=utf-8
host: localhost:12593
accept: */*

Response DefaultHttpResponse(decodeResult: success, version: HTTP/1.1)
HTTP/1.1 404 Not Found
Content-Length: 821
Content-Type: application/json; charset=utf-8
cache-control: no-cache

14:27:20.090 [AsyncHttpClient-1-7] DEBUG org.asynchttpclient.netty.channel.ChannelManager - Adding key: http://localhost:12593 for channel [id: 0xeaeee574, L:/127.0.0.1:59085 - R:localhost/127.0.0.1:12593]
14:27:20.097 [Forwarding getCurrentUrl on session 87eceb0d2ff57e1a97eb7724294c1da5 to remote] DEBUG org.asynchttpclient.netty.request.NettyRequestSender - Using pooled Channel '[id: 0xeaeee574, L:/127.0.0.1:59085 - R:localhost/127.0.0.1:12593]' for 'GET' to 'http://localhost:12593/session/87eceb0d2ff57e1a97eb7724294c1da5/url'
14:27:20.097 [Forwarding getCurrentUrl on session 87eceb0d2ff57e1a97eb7724294c1da5 to remote] DEBUG org.asynchttpclient.netty.request.NettyRequestSender - Using open Channel [id: 0xeaeee574, L:/127.0.0.1:59085 - R:localhost/127.0.0.1:12593] for GET '/session/87eceb0d2ff57e1a97eb7724294c1da5/url'
14:27:20.118 [AsyncHttpClient-1-7] DEBUG org.asynchttpclient.netty.handler.HttpHandler - 

Request DefaultFullHttpRequest(decodeResult: success, version: HTTP/1.1, content: EmptyByteBufBE)
GET /session/87eceb0d2ff57e1a97eb7724294c1da5/url HTTP/1.1
User-Agent: selenium/4.8.1 (java windows)
Cache-Control: no-cache
Content-Type: application/json; charset=utf-8
host: localhost:12593
accept: */*

Response DefaultHttpResponse(decodeResult: success, version: HTTP/1.1)
HTTP/1.1 200 OK
Content-Length: 62
Content-Type: application/json; charset=utf-8
cache-control: no-cache

14:27:20.118 [AsyncHttpClient-1-7] DEBUG org.asynchttpclient.netty.channel.ChannelManager - Adding key: http://localhost:12593 for channel [id: 0xeaeee574, L:/127.0.0.1:59085 - R:localhost/127.0.0.1:12593]
14:27:20.123 [Forwarding screenshot on session 87eceb0d2ff57e1a97eb7724294c1da5 to remote] DEBUG org.asynchttpclient.netty.request.NettyRequestSender - Using pooled Channel '[id: 0xeaeee574, L:/127.0.0.1:59085 - R:localhost/127.0.0.1:12593]' for 'GET' to 'http://localhost:12593/session/87eceb0d2ff57e1a97eb7724294c1da5/screenshot'
14:27:20.123 [Forwarding screenshot on session 87eceb0d2ff57e1a97eb7724294c1da5 to remote] DEBUG org.asynchttpclient.netty.request.NettyRequestSender - Using open Channel [id: 0xeaeee574, L:/127.0.0.1:59085 - R:localhost/127.0.0.1:12593] for GET '/session/87eceb0d2ff57e1a97eb7724294c1da5/screenshot'
14:27:20.369 [AsyncHttpClient-1-7] DEBUG org.asynchttpclient.netty.handler.HttpHandler - 

Request DefaultFullHttpRequest(decodeResult: success, version: HTTP/1.1, content: EmptyByteBufBE)
GET /session/87eceb0d2ff57e1a97eb7724294c1da5/screenshot HTTP/1.1
User-Agent: selenium/4.8.1 (java windows)
Cache-Control: no-cache
Content-Type: application/json; charset=utf-8
host: localhost:12593
accept: */*

Response DefaultHttpResponse(decodeResult: success, version: HTTP/1.1)
HTTP/1.1 200 OK
Content-Length: 103568
Content-Type: application/json; charset=utf-8
cache-control: no-cache

14:27:20.369 [AsyncHttpClient-1-7] DEBUG org.asynchttpclient.netty.channel.ChannelManager - Adding key: http://localhost:12593 for channel [id: 0xeaeee574, L:/127.0.0.1:59085 - R:localhost/127.0.0.1:12593]
14:27:20.379 [main] DEBUG net.serenitybdd.core.photography.Darkroom - Send negative for processing for target\site\serenity\da02e97a48c13699056781fbf322c75957e65cb4aac769b2e24bb56a19d00161.png
14:27:20.379 [main] DEBUG net.thucydides.core.steps.StepInterceptor - STEP DONE: Enter_emailaddress
14:27:20.379 [Darkroom Processing Line] DEBUG net.serenitybdd.core.photography.DarkroomProcessingLine - Processing screenshot image in /var/screenshots/screenshot-299380510286589457
14:27:20.379 [Darkroom Processing Line] DEBUG net.serenitybdd.core.photography.DarkroomProcessingLine - Saving screenshot to target\site\serenity\da02e97a48c13699056781fbf322c75957e65cb4aac769b2e24bb56a19d00161.png
14:27:20.396 [Forwarding getPageSource on session 87eceb0d2ff57e1a97eb7724294c1da5 to remote] DEBUG org.asynchttpclient.netty.request.NettyRequestSender - Using pooled Channel '[id: 0xeaeee574, L:/127.0.0.1:59085 - R:localhost/127.0.0.1:12593]' for 'POST' to 'http://localhost:12593/session/87eceb0d2ff57e1a97eb7724294c1da5/execute/sync'
14:27:20.396 [Forwarding getPageSource on session 87eceb0d2ff57e1a97eb7724294c1da5 to remote] DEBUG org.asynchttpclient.netty.request.NettyRequestSender - Using open Channel [id: 0xeaeee574, L:/127.0.0.1:59085 - R:localhost/127.0.0.1:12593] for POST '/session/87eceb0d2ff57e1a97eb7724294c1da5/execute/sync'
14:27:20.417 [AsyncHttpClient-1-7] DEBUG org.asynchttpclient.netty.handler.HttpHandler - 

Request DefaultHttpRequest(decodeResult: success, version: HTTP/1.1)
POST /session/87eceb0d2ff57e1a97eb7724294c1da5/execute/sync HTTP/1.1
User-Agent: selenium/4.8.1 (java windows)
Content-Length: 176
Content-Type: application/json; charset=utf-8
host: localhost:12593
accept: */*

Response DefaultHttpResponse(decodeResult: success, version: HTTP/1.1)
HTTP/1.1 200 OK
Content-Length: 92318
Content-Type: application/json; charset=utf-8
cache-control: no-cache

14:27:20.417 [AsyncHttpClient-1-7] DEBUG org.asynchttpclient.netty.channel.ChannelManager - Adding key: http://localhost:12593 for channel [id: 0xeaeee574, L:/127.0.0.1:59085 - R:localhost/127.0.0.1:12593]
14:27:20.433 [Forwarding getCurrentUrl on session 87eceb0d2ff57e1a97eb7724294c1da5 to remote] DEBUG org.asynchttpclient.netty.request.NettyRequestSender - Using pooled Channel '[id: 0xeaeee574, L:/127.0.0.1:59085 - R:localhost/127.0.0.1:12593]' for 'GET' to 'http://localhost:12593/session/87eceb0d2ff57e1a97eb7724294c1da5/url'
14:27:20.433 [Forwarding getCurrentUrl on session 87eceb0d2ff57e1a97eb7724294c1da5 to remote] DEBUG org.asynchttpclient.netty.request.NettyRequestSender - Using open Channel [id: 0xeaeee574, L:/127.0.0.1:59085 - R:localhost/127.0.0.1:12593] for GET '/session/87eceb0d2ff57e1a97eb7724294c1da5/url'
14:27:20.438 [AsyncHttpClient-1-7] DEBUG org.asynchttpclient.netty.handler.HttpHandler - 

Request DefaultFullHttpRequest(decodeResult: success, version: HTTP/1.1, content: EmptyByteBufBE)
GET /session/87eceb0d2ff57e1a97eb7724294c1da5/url HTTP/1.1
User-Agent: selenium/4.8.1 (java windows)
Cache-Control: no-cache
Content-Type: application/json; charset=utf-8
host: localhost:12593
accept: */*

Response DefaultHttpResponse(decodeResult: success, version: HTTP/1.1)
HTTP/1.1 200 OK
Content-Length: 62
Content-Type: application/json; charset=utf-8
cache-control: no-cache

14:27:20.438 [AsyncHttpClient-1-7] DEBUG org.asynchttpclient.netty.channel.ChannelManager - Adding key: http://localhost:12593 for channel [id: 0xeaeee574, L:/127.0.0.1:59085 - R:localhost/127.0.0.1:12593]
14:27:20.461 [Forwarding getAlertText on session 87eceb0d2ff57e1a97eb7724294c1da5 to remote] DEBUG org.asynchttpclient.netty.request.NettyRequestSender - Using pooled Channel '[id: 0xeaeee574, L:/127.0.0.1:59085 - R:localhost/127.0.0.1:12593]' for 'GET' to 'http://localhost:12593/session/87eceb0d2ff57e1a97eb7724294c1da5/alert/text'
14:27:20.461 [Forwarding getAlertText on session 87eceb0d2ff57e1a97eb7724294c1da5 to remote] DEBUG org.asynchttpclient.netty.request.NettyRequestSender - Using open Channel [id: 0xeaeee574, L:/127.0.0.1:59085 - R:localhost/127.0.0.1:12593] for GET '/session/87eceb0d2ff57e1a97eb7724294c1da5/alert/text'
14:27:20.464 [AsyncHttpClient-1-7] DEBUG org.asynchttpclient.netty.handler.HttpHandler - 

Request DefaultFullHttpRequest(decodeResult: success, version: HTTP/1.1, content: EmptyByteBufBE)
GET /session/87eceb0d2ff57e1a97eb7724294c1da5/alert/text HTTP/1.1
User-Agent: selenium/4.8.1 (java windows)
Cache-Control: no-cache
Content-Type: application/json; charset=utf-8
host: localhost:12593
accept: */*

Response DefaultHttpResponse(decodeResult: success, version: HTTP/1.1)
HTTP/1.1 404 Not Found
Content-Length: 821
Content-Type: application/json; charset=utf-8
cache-control: no-cache

14:27:20.464 [AsyncHttpClient-1-7] DEBUG org.asynchttpclient.netty.channel.ChannelManager - Adding key: http://localhost:12593 for channel [id: 0xeaeee574, L:/127.0.0.1:59085 - R:localhost/127.0.0.1:12593]
14:27:20.464 [Forwarding getCurrentUrl on session 87eceb0d2ff57e1a97eb7724294c1da5 to remote] DEBUG org.asynchttpclient.netty.request.NettyRequestSender - Using pooled Channel '[id: 0xeaeee574, L:/127.0.0.1:59085 - R:localhost/127.0.0.1:12593]' for 'GET' to 'http://localhost:12593/session/87eceb0d2ff57e1a97eb7724294c1da5/url'
14:27:20.464 [Forwarding getCurrentUrl on session 87eceb0d2ff57e1a97eb7724294c1da5 to remote] DEBUG org.asynchttpclient.netty.request.NettyRequestSender - Using open Channel [id: 0xeaeee574, L:/127.0.0.1:59085 - R:localhost/127.0.0.1:12593] for GET '/session/87eceb0d2ff57e1a97eb7724294c1da5/url'
14:27:20.470 [AsyncHttpClient-1-7] DEBUG org.asynchttpclient.netty.handler.HttpHandler - 

Request DefaultFullHttpRequest(decodeResult: success, version: HTTP/1.1, content: EmptyByteBufBE)
GET /session/87eceb0d2ff57e1a97eb7724294c1da5/url HTTP/1.1
User-Agent: selenium/4.8.1 (java windows)
Cache-Control: no-cache
Content-Type: application/json; charset=utf-8
host: localhost:12593
accept: */*

Response DefaultHttpResponse(decodeResult: success, version: HTTP/1.1)
HTTP/1.1 200 OK
Content-Length: 62
Content-Type: application/json; charset=utf-8
cache-control: no-cache

14:27:20.470 [AsyncHttpClient-1-7] DEBUG org.asynchttpclient.netty.channel.ChannelManager - Adding key: http://localhost:12593 for channel [id: 0xeaeee574, L:/127.0.0.1:59085 - R:localhost/127.0.0.1:12593]
14:27:20.479 [Forwarding screenshot on session 87eceb0d2ff57e1a97eb7724294c1da5 to remote] DEBUG org.asynchttpclient.netty.request.NettyRequestSender - Using pooled Channel '[id: 0xeaeee574, L:/127.0.0.1:59085 - R:localhost/127.0.0.1:12593]' for 'GET' to 'http://localhost:12593/session/87eceb0d2ff57e1a97eb7724294c1da5/screenshot'
14:27:20.479 [Forwarding screenshot on session 87eceb0d2ff57e1a97eb7724294c1da5 to remote] DEBUG org.asynchttpclient.netty.request.NettyRequestSender - Using open Channel [id: 0xeaeee574, L:/127.0.0.1:59085 - R:localhost/127.0.0.1:12593] for GET '/session/87eceb0d2ff57e1a97eb7724294c1da5/screenshot'
14:27:20.673 [AsyncHttpClient-1-7] DEBUG org.asynchttpclient.netty.handler.HttpHandler - 

Request DefaultFullHttpRequest(decodeResult: success, version: HTTP/1.1, content: EmptyByteBufBE)
GET /session/87eceb0d2ff57e1a97eb7724294c1da5/screenshot HTTP/1.1
User-Agent: selenium/4.8.1 (java windows)
Cache-Control: no-cache
Content-Type: application/json; charset=utf-8
host: localhost:12593
accept: */*

Response DefaultHttpResponse(decodeResult: success, version: HTTP/1.1)
HTTP/1.1 200 OK
Content-Length: 103532
Content-Type: application/json; charset=utf-8
cache-control: no-cache

14:27:20.673 [AsyncHttpClient-1-7] DEBUG org.asynchttpclient.netty.channel.ChannelManager - Adding key: http://localhost:12593 for channel [id: 0xeaeee574, L:/127.0.0.1:59085 - R:localhost/127.0.0.1:12593]
14:27:20.683 [main] DEBUG net.serenitybdd.core.photography.Darkroom - Send negative for processing for target\site\serenity\69f56518964d9f8f03501224ceeb07290a520581f0e2bd8b39bd66d8b4d7c7ee.png
14:27:20.683 [Forwarding getPageSource on session 87eceb0d2ff57e1a97eb7724294c1da5 to remote] DEBUG org.asynchttpclient.netty.request.NettyRequestSender - Using pooled Channel '[id: 0xeaeee574, L:/127.0.0.1:59085 - R:localhost/127.0.0.1:12593]' for 'POST' to 'http://localhost:12593/session/87eceb0d2ff57e1a97eb7724294c1da5/execute/sync'
14:27:20.683 [Forwarding getPageSource on session 87eceb0d2ff57e1a97eb7724294c1da5 to remote] DEBUG org.asynchttpclient.netty.request.NettyRequestSender - Using open Channel [id: 0xeaeee574, L:/127.0.0.1:59085 - R:localhost/127.0.0.1:12593] for POST '/session/87eceb0d2ff57e1a97eb7724294c1da5/execute/sync'
14:27:20.683 [Darkroom Processing Line] DEBUG net.serenitybdd.core.photography.DarkroomProcessingLine - Processing screenshot image in /var/screenshots/screenshot-1978720710207107470
14:27:20.683 [Darkroom Processing Line] DEBUG net.serenitybdd.core.photography.DarkroomProcessingLine - Saving screenshot to target\site\serenity\69f56518964d9f8f03501224ceeb07290a520581f0e2bd8b39bd66d8b4d7c7ee.png
14:27:20.705 [AsyncHttpClient-1-7] DEBUG org.asynchttpclient.netty.handler.HttpHandler - 

Request DefaultHttpRequest(decodeResult: success, version: HTTP/1.1)
POST /session/87eceb0d2ff57e1a97eb7724294c1da5/execute/sync HTTP/1.1
User-Agent: selenium/4.8.1 (java windows)
Content-Length: 176
Content-Type: application/json; charset=utf-8
host: localhost:12593
accept: */*

Response DefaultHttpResponse(decodeResult: success, version: HTTP/1.1)
HTTP/1.1 200 OK
Content-Length: 92318
Content-Type: application/json; charset=utf-8
cache-control: no-cache

14:27:20.705 [AsyncHttpClient-1-7] DEBUG org.asynchttpclient.netty.channel.ChannelManager - Adding key: http://localhost:12593 for channel [id: 0xeaeee574, L:/127.0.0.1:59085 - R:localhost/127.0.0.1:12593]
14:27:20.716 [Forwarding getCurrentUrl on session 87eceb0d2ff57e1a97eb7724294c1da5 to remote] DEBUG org.asynchttpclient.netty.request.NettyRequestSender - Using pooled Channel '[id: 0xeaeee574, L:/127.0.0.1:59085 - R:localhost/127.0.0.1:12593]' for 'GET' to 'http://localhost:12593/session/87eceb0d2ff57e1a97eb7724294c1da5/url'
14:27:20.716 [Forwarding getCurrentUrl on session 87eceb0d2ff57e1a97eb7724294c1da5 to remote] DEBUG org.asynchttpclient.netty.request.NettyRequestSender - Using open Channel [id: 0xeaeee574, L:/127.0.0.1:59085 - R:localhost/127.0.0.1:12593] for GET '/session/87eceb0d2ff57e1a97eb7724294c1da5/url'
14:27:20.729 [AsyncHttpClient-1-7] DEBUG org.asynchttpclient.netty.handler.HttpHandler - 

Request DefaultFullHttpRequest(decodeResult: success, version: HTTP/1.1, content: EmptyByteBufBE)
GET /session/87eceb0d2ff57e1a97eb7724294c1da5/url HTTP/1.1
User-Agent: selenium/4.8.1 (java windows)
Cache-Control: no-cache
Content-Type: application/json; charset=utf-8
host: localhost:12593
accept: */*

Response DefaultHttpResponse(decodeResult: success, version: HTTP/1.1)
HTTP/1.1 200 OK
Content-Length: 62
Content-Type: application/json; charset=utf-8
cache-control: no-cache

14:27:20.729 [AsyncHttpClient-1-7] DEBUG org.asynchttpclient.netty.channel.ChannelManager - Adding key: http://localhost:12593 for channel [id: 0xeaeee574, L:/127.0.0.1:59085 - R:localhost/127.0.0.1:12593]
14:27:20.729 [main] DEBUG net.thucydides.core.steps.StepInterceptor - STARTING STEP: Afrexim_OurBank_Contactus_Sendmessage_steps.enter_function - Enter_function
14:27:20.737 [Forwarding findElement on session 87eceb0d2ff57e1a97eb7724294c1da5 to remote] DEBUG org.asynchttpclient.netty.request.NettyRequestSender - Using pooled Channel '[id: 0xeaeee574, L:/127.0.0.1:59085 - R:localhost/127.0.0.1:12593]' for 'POST' to 'http://localhost:12593/session/87eceb0d2ff57e1a97eb7724294c1da5/element'
14:27:20.737 [Forwarding findElement on session 87eceb0d2ff57e1a97eb7724294c1da5 to remote] DEBUG org.asynchttpclient.netty.request.NettyRequestSender - Using open Channel [id: 0xeaeee574, L:/127.0.0.1:59085 - R:localhost/127.0.0.1:12593] for POST '/session/87eceb0d2ff57e1a97eb7724294c1da5/element'
14:27:20.758 [AsyncHttpClient-1-7] DEBUG org.asynchttpclient.netty.handler.HttpHandler - 

Request DefaultHttpRequest(decodeResult: success, version: HTTP/1.1)
POST /session/87eceb0d2ff57e1a97eb7724294c1da5/element HTTP/1.1
User-Agent: selenium/4.8.1 (java windows)
Content-Length: 72
Content-Type: application/json; charset=utf-8
host: localhost:12593
accept: */*

Response DefaultHttpResponse(decodeResult: success, version: HTTP/1.1)
HTTP/1.1 200 OK
Content-Length: 96
Content-Type: application/json; charset=utf-8
cache-control: no-cache

14:27:20.758 [AsyncHttpClient-1-7] DEBUG org.asynchttpclient.netty.channel.ChannelManager - Adding key: http://localhost:12593 for channel [id: 0xeaeee574, L:/127.0.0.1:59085 - R:localhost/127.0.0.1:12593]
14:27:20.760 [Forwarding clearElement on session 87eceb0d2ff57e1a97eb7724294c1da5 to remote] DEBUG org.asynchttpclient.netty.request.NettyRequestSender - Using pooled Channel '[id: 0xeaeee574, L:/127.0.0.1:59085 - R:localhost/127.0.0.1:12593]' for 'POST' to 'http://localhost:12593/session/87eceb0d2ff57e1a97eb7724294c1da5/element/ED5D13787C8B0B69434DDA1B1349AB20_element_126/clear'
14:27:20.760 [Forwarding clearElement on session 87eceb0d2ff57e1a97eb7724294c1da5 to remote] DEBUG org.asynchttpclient.netty.request.NettyRequestSender - Using open Channel [id: 0xeaeee574, L:/127.0.0.1:59085 - R:localhost/127.0.0.1:12593] for POST '/session/87eceb0d2ff57e1a97eb7724294c1da5/element/ED5D13787C8B0B69434DDA1B1349AB20_element_126/clear'
14:27:20.811 [AsyncHttpClient-1-7] DEBUG org.asynchttpclient.netty.handler.HttpHandler - 

Request DefaultHttpRequest(decodeResult: success, version: HTTP/1.1)
POST /session/87eceb0d2ff57e1a97eb7724294c1da5/element/ED5D13787C8B0B69434DDA1B1349AB20_element_126/clear HTTP/1.1
User-Agent: selenium/4.8.1 (java windows)
Content-Length: 58
Content-Type: application/json; charset=utf-8
host: localhost:12593
accept: */*

Response DefaultHttpResponse(decodeResult: success, version: HTTP/1.1)
HTTP/1.1 200 OK
Content-Length: 14
Content-Type: application/json; charset=utf-8
cache-control: no-cache

14:27:20.811 [AsyncHttpClient-1-7] DEBUG org.asynchttpclient.netty.channel.ChannelManager - Adding key: http://localhost:12593 for channel [id: 0xeaeee574, L:/127.0.0.1:59085 - R:localhost/127.0.0.1:12593]
14:27:20.811 [Forwarding sendKeysToElement on session 87eceb0d2ff57e1a97eb7724294c1da5 to remote] DEBUG org.asynchttpclient.netty.request.NettyRequestSender - Using pooled Channel '[id: 0xeaeee574, L:/127.0.0.1:59085 - R:localhost/127.0.0.1:12593]' for 'POST' to 'http://localhost:12593/session/87eceb0d2ff57e1a97eb7724294c1da5/element/ED5D13787C8B0B69434DDA1B1349AB20_element_126/value'
14:27:20.811 [Forwarding sendKeysToElement on session 87eceb0d2ff57e1a97eb7724294c1da5 to remote] DEBUG org.asynchttpclient.netty.request.NettyRequestSender - Using open Channel [id: 0xeaeee574, L:/127.0.0.1:59085 - R:localhost/127.0.0.1:12593] for POST '/session/87eceb0d2ff57e1a97eb7724294c1da5/element/ED5D13787C8B0B69434DDA1B1349AB20_element_126/value'
14:27:20.914 [AsyncHttpClient-1-7] DEBUG org.asynchttpclient.netty.handler.HttpHandler - 

Request DefaultHttpRequest(decodeResult: success, version: HTTP/1.1)
POST /session/87eceb0d2ff57e1a97eb7724294c1da5/element/ED5D13787C8B0B69434DDA1B1349AB20_element_126/value HTTP/1.1
User-Agent: selenium/4.8.1 (java windows)
Content-Length: 219
Content-Type: application/json; charset=utf-8
host: localhost:12593
accept: */*

Response DefaultHttpResponse(decodeResult: success, version: HTTP/1.1)
HTTP/1.1 200 OK
Content-Length: 14
Content-Type: application/json; charset=utf-8
cache-control: no-cache

14:27:20.914 [AsyncHttpClient-1-7] DEBUG org.asynchttpclient.netty.channel.ChannelManager - Adding key: http://localhost:12593 for channel [id: 0xeaeee574, L:/127.0.0.1:59085 - R:localhost/127.0.0.1:12593]
14:27:20.919 [Forwarding sendKeysToElement on session 87eceb0d2ff57e1a97eb7724294c1da5 to remote] DEBUG org.asynchttpclient.netty.request.NettyRequestSender - Using pooled Channel '[id: 0xeaeee574, L:/127.0.0.1:59085 - R:localhost/127.0.0.1:12593]' for 'POST' to 'http://localhost:12593/session/87eceb0d2ff57e1a97eb7724294c1da5/element/ED5D13787C8B0B69434DDA1B1349AB20_element_126/value'
14:27:20.919 [Forwarding sendKeysToElement on session 87eceb0d2ff57e1a97eb7724294c1da5 to remote] DEBUG org.asynchttpclient.netty.request.NettyRequestSender - Using open Channel [id: 0xeaeee574, L:/127.0.0.1:59085 - R:localhost/127.0.0.1:12593] for POST '/session/87eceb0d2ff57e1a97eb7724294c1da5/element/ED5D13787C8B0B69434DDA1B1349AB20_element_126/value'
14:27:20.986 [AsyncHttpClient-1-7] DEBUG org.asynchttpclient.netty.handler.HttpHandler - 

Request DefaultHttpRequest(decodeResult: success, version: HTTP/1.1)
POST /session/87eceb0d2ff57e1a97eb7724294c1da5/element/ED5D13787C8B0B69434DDA1B1349AB20_element_126/value HTTP/1.1
User-Agent: selenium/4.8.1 (java windows)
Content-Length: 103
Content-Type: application/json; charset=utf-8
host: localhost:12593
accept: */*

Response DefaultHttpResponse(decodeResult: success, version: HTTP/1.1)
HTTP/1.1 200 OK
Content-Length: 14
Content-Type: application/json; charset=utf-8
cache-control: no-cache

14:27:20.986 [AsyncHttpClient-1-7] DEBUG org.asynchttpclient.netty.channel.ChannelManager - Adding key: http://localhost:12593 for channel [id: 0xeaeee574, L:/127.0.0.1:59085 - R:localhost/127.0.0.1:12593]
14:27:21.001 [Forwarding getAlertText on session 87eceb0d2ff57e1a97eb7724294c1da5 to remote] DEBUG org.asynchttpclient.netty.request.NettyRequestSender - Using pooled Channel '[id: 0xeaeee574, L:/127.0.0.1:59085 - R:localhost/127.0.0.1:12593]' for 'GET' to 'http://localhost:12593/session/87eceb0d2ff57e1a97eb7724294c1da5/alert/text'
14:27:21.001 [Forwarding getAlertText on session 87eceb0d2ff57e1a97eb7724294c1da5 to remote] DEBUG org.asynchttpclient.netty.request.NettyRequestSender - Using open Channel [id: 0xeaeee574, L:/127.0.0.1:59085 - R:localhost/127.0.0.1:12593] for GET '/session/87eceb0d2ff57e1a97eb7724294c1da5/alert/text'
14:27:21.019 [AsyncHttpClient-1-7] DEBUG org.asynchttpclient.netty.handler.HttpHandler - 

Request DefaultFullHttpRequest(decodeResult: success, version: HTTP/1.1, content: EmptyByteBufBE)
GET /session/87eceb0d2ff57e1a97eb7724294c1da5/alert/text HTTP/1.1
User-Agent: selenium/4.8.1 (java windows)
Cache-Control: no-cache
Content-Type: application/json; charset=utf-8
host: localhost:12593
accept: */*

Response DefaultHttpResponse(decodeResult: success, version: HTTP/1.1)
HTTP/1.1 404 Not Found
Content-Length: 821
Content-Type: application/json; charset=utf-8
cache-control: no-cache

14:27:21.019 [AsyncHttpClient-1-7] DEBUG org.asynchttpclient.netty.channel.ChannelManager - Adding key: http://localhost:12593 for channel [id: 0xeaeee574, L:/127.0.0.1:59085 - R:localhost/127.0.0.1:12593]
14:27:21.019 [Forwarding getCurrentUrl on session 87eceb0d2ff57e1a97eb7724294c1da5 to remote] DEBUG org.asynchttpclient.netty.request.NettyRequestSender - Using pooled Channel '[id: 0xeaeee574, L:/127.0.0.1:59085 - R:localhost/127.0.0.1:12593]' for 'GET' to 'http://localhost:12593/session/87eceb0d2ff57e1a97eb7724294c1da5/url'
14:27:21.019 [Forwarding getCurrentUrl on session 87eceb0d2ff57e1a97eb7724294c1da5 to remote] DEBUG org.asynchttpclient.netty.request.NettyRequestSender - Using open Channel [id: 0xeaeee574, L:/127.0.0.1:59085 - R:localhost/127.0.0.1:12593] for GET '/session/87eceb0d2ff57e1a97eb7724294c1da5/url'
14:27:21.046 [AsyncHttpClient-1-7] DEBUG org.asynchttpclient.netty.handler.HttpHandler - 

Request DefaultFullHttpRequest(decodeResult: success, version: HTTP/1.1, content: EmptyByteBufBE)
GET /session/87eceb0d2ff57e1a97eb7724294c1da5/url HTTP/1.1
User-Agent: selenium/4.8.1 (java windows)
Cache-Control: no-cache
Content-Type: application/json; charset=utf-8
host: localhost:12593
accept: */*

Response DefaultHttpResponse(decodeResult: success, version: HTTP/1.1)
HTTP/1.1 200 OK
Content-Length: 62
Content-Type: application/json; charset=utf-8
cache-control: no-cache

14:27:21.046 [AsyncHttpClient-1-7] DEBUG org.asynchttpclient.netty.channel.ChannelManager - Adding key: http://localhost:12593 for channel [id: 0xeaeee574, L:/127.0.0.1:59085 - R:localhost/127.0.0.1:12593]
14:27:21.046 [Forwarding screenshot on session 87eceb0d2ff57e1a97eb7724294c1da5 to remote] DEBUG org.asynchttpclient.netty.request.NettyRequestSender - Using pooled Channel '[id: 0xeaeee574, L:/127.0.0.1:59085 - R:localhost/127.0.0.1:12593]' for 'GET' to 'http://localhost:12593/session/87eceb0d2ff57e1a97eb7724294c1da5/screenshot'
14:27:21.046 [Forwarding screenshot on session 87eceb0d2ff57e1a97eb7724294c1da5 to remote] DEBUG org.asynchttpclient.netty.request.NettyRequestSender - Using open Channel [id: 0xeaeee574, L:/127.0.0.1:59085 - R:localhost/127.0.0.1:12593] for GET '/session/87eceb0d2ff57e1a97eb7724294c1da5/screenshot'
14:27:21.091 [AsyncHttpClient-1-1] DEBUG org.asynchttpclient.netty.channel.DefaultChannelPool - Entry count for : http://localhost:59086 : 1
14:27:21.265 [AsyncHttpClient-1-7] DEBUG org.asynchttpclient.netty.handler.HttpHandler - 

Request DefaultFullHttpRequest(decodeResult: success, version: HTTP/1.1, content: EmptyByteBufBE)
GET /session/87eceb0d2ff57e1a97eb7724294c1da5/screenshot HTTP/1.1
User-Agent: selenium/4.8.1 (java windows)
Cache-Control: no-cache
Content-Type: application/json; charset=utf-8
host: localhost:12593
accept: */*

Response DefaultHttpResponse(decodeResult: success, version: HTTP/1.1)
HTTP/1.1 200 OK
Content-Length: 105744
Content-Type: application/json; charset=utf-8
cache-control: no-cache

14:27:21.265 [AsyncHttpClient-1-7] DEBUG org.asynchttpclient.netty.channel.ChannelManager - Adding key: http://localhost:12593 for channel [id: 0xeaeee574, L:/127.0.0.1:59085 - R:localhost/127.0.0.1:12593]
14:27:21.270 [main] DEBUG net.serenitybdd.core.photography.Darkroom - Send negative for processing for target\site\serenity\3703feb820c172ce2ceae7603a0dcf5e17a9189ba43bcd1e57fef27075cf8294.png
14:27:21.270 [Darkroom Processing Line] DEBUG net.serenitybdd.core.photography.DarkroomProcessingLine - Processing screenshot image in /var/screenshots/screenshot-1079761705341532551
14:27:21.270 [main] DEBUG net.thucydides.core.steps.StepInterceptor - STEP DONE: Enter_function
14:27:21.270 [Darkroom Processing Line] DEBUG net.serenitybdd.core.photography.DarkroomProcessingLine - Saving screenshot to target\site\serenity\3703feb820c172ce2ceae7603a0dcf5e17a9189ba43bcd1e57fef27075cf8294.png
14:27:21.286 [Forwarding getPageSource on session 87eceb0d2ff57e1a97eb7724294c1da5 to remote] DEBUG org.asynchttpclient.netty.request.NettyRequestSender - Using pooled Channel '[id: 0xeaeee574, L:/127.0.0.1:59085 - R:localhost/127.0.0.1:12593]' for 'POST' to 'http://localhost:12593/session/87eceb0d2ff57e1a97eb7724294c1da5/execute/sync'
14:27:21.286 [Forwarding getPageSource on session 87eceb0d2ff57e1a97eb7724294c1da5 to remote] DEBUG org.asynchttpclient.netty.request.NettyRequestSender - Using open Channel [id: 0xeaeee574, L:/127.0.0.1:59085 - R:localhost/127.0.0.1:12593] for POST '/session/87eceb0d2ff57e1a97eb7724294c1da5/execute/sync'
14:27:21.313 [AsyncHttpClient-1-7] DEBUG org.asynchttpclient.netty.handler.HttpHandler - 

Request DefaultHttpRequest(decodeResult: success, version: HTTP/1.1)
POST /session/87eceb0d2ff57e1a97eb7724294c1da5/execute/sync HTTP/1.1
User-Agent: selenium/4.8.1 (java windows)
Content-Length: 176
Content-Type: application/json; charset=utf-8
host: localhost:12593
accept: */*

Response DefaultHttpResponse(decodeResult: success, version: HTTP/1.1)
HTTP/1.1 200 OK
Content-Length: 92318
Content-Type: application/json; charset=utf-8
cache-control: no-cache

14:27:21.313 [AsyncHttpClient-1-7] DEBUG org.asynchttpclient.netty.channel.ChannelManager - Adding key: http://localhost:12593 for channel [id: 0xeaeee574, L:/127.0.0.1:59085 - R:localhost/127.0.0.1:12593]
14:27:21.324 [Forwarding getCurrentUrl on session 87eceb0d2ff57e1a97eb7724294c1da5 to remote] DEBUG org.asynchttpclient.netty.request.NettyRequestSender - Using pooled Channel '[id: 0xeaeee574, L:/127.0.0.1:59085 - R:localhost/127.0.0.1:12593]' for 'GET' to 'http://localhost:12593/session/87eceb0d2ff57e1a97eb7724294c1da5/url'
14:27:21.324 [Forwarding getCurrentUrl on session 87eceb0d2ff57e1a97eb7724294c1da5 to remote] DEBUG org.asynchttpclient.netty.request.NettyRequestSender - Using open Channel [id: 0xeaeee574, L:/127.0.0.1:59085 - R:localhost/127.0.0.1:12593] for GET '/session/87eceb0d2ff57e1a97eb7724294c1da5/url'
14:27:21.339 [AsyncHttpClient-1-7] DEBUG org.asynchttpclient.netty.handler.HttpHandler - 

Request DefaultFullHttpRequest(decodeResult: success, version: HTTP/1.1, content: EmptyByteBufBE)
GET /session/87eceb0d2ff57e1a97eb7724294c1da5/url HTTP/1.1
User-Agent: selenium/4.8.1 (java windows)
Cache-Control: no-cache
Content-Type: application/json; charset=utf-8
host: localhost:12593
accept: */*

Response DefaultHttpResponse(decodeResult: success, version: HTTP/1.1)
HTTP/1.1 200 OK
Content-Length: 62
Content-Type: application/json; charset=utf-8
cache-control: no-cache

14:27:21.339 [AsyncHttpClient-1-7] DEBUG org.asynchttpclient.netty.channel.ChannelManager - Adding key: http://localhost:12593 for channel [id: 0xeaeee574, L:/127.0.0.1:59085 - R:localhost/127.0.0.1:12593]
14:27:21.350 [Forwarding getAlertText on session 87eceb0d2ff57e1a97eb7724294c1da5 to remote] DEBUG org.asynchttpclient.netty.request.NettyRequestSender - Using pooled Channel '[id: 0xeaeee574, L:/127.0.0.1:59085 - R:localhost/127.0.0.1:12593]' for 'GET' to 'http://localhost:12593/session/87eceb0d2ff57e1a97eb7724294c1da5/alert/text'
14:27:21.350 [Forwarding getAlertText on session 87eceb0d2ff57e1a97eb7724294c1da5 to remote] DEBUG org.asynchttpclient.netty.request.NettyRequestSender - Using open Channel [id: 0xeaeee574, L:/127.0.0.1:59085 - R:localhost/127.0.0.1:12593] for GET '/session/87eceb0d2ff57e1a97eb7724294c1da5/alert/text'
14:27:21.350 [AsyncHttpClient-1-7] DEBUG org.asynchttpclient.netty.handler.HttpHandler - 

Request DefaultFullHttpRequest(decodeResult: success, version: HTTP/1.1, content: EmptyByteBufBE)
GET /session/87eceb0d2ff57e1a97eb7724294c1da5/alert/text HTTP/1.1
User-Agent: selenium/4.8.1 (java windows)
Cache-Control: no-cache
Content-Type: application/json; charset=utf-8
host: localhost:12593
accept: */*

Response DefaultHttpResponse(decodeResult: success, version: HTTP/1.1)
HTTP/1.1 404 Not Found
Content-Length: 821
Content-Type: application/json; charset=utf-8
cache-control: no-cache

14:27:21.350 [AsyncHttpClient-1-7] DEBUG org.asynchttpclient.netty.channel.ChannelManager - Adding key: http://localhost:12593 for channel [id: 0xeaeee574, L:/127.0.0.1:59085 - R:localhost/127.0.0.1:12593]
14:27:21.355 [Forwarding getCurrentUrl on session 87eceb0d2ff57e1a97eb7724294c1da5 to remote] DEBUG org.asynchttpclient.netty.request.NettyRequestSender - Using pooled Channel '[id: 0xeaeee574, L:/127.0.0.1:59085 - R:localhost/127.0.0.1:12593]' for 'GET' to 'http://localhost:12593/session/87eceb0d2ff57e1a97eb7724294c1da5/url'
14:27:21.355 [Forwarding getCurrentUrl on session 87eceb0d2ff57e1a97eb7724294c1da5 to remote] DEBUG org.asynchttpclient.netty.request.NettyRequestSender - Using open Channel [id: 0xeaeee574, L:/127.0.0.1:59085 - R:localhost/127.0.0.1:12593] for GET '/session/87eceb0d2ff57e1a97eb7724294c1da5/url'
14:27:21.360 [AsyncHttpClient-1-7] DEBUG org.asynchttpclient.netty.handler.HttpHandler - 

Request DefaultFullHttpRequest(decodeResult: success, version: HTTP/1.1, content: EmptyByteBufBE)
GET /session/87eceb0d2ff57e1a97eb7724294c1da5/url HTTP/1.1
User-Agent: selenium/4.8.1 (java windows)
Cache-Control: no-cache
Content-Type: application/json; charset=utf-8
host: localhost:12593
accept: */*

Response DefaultHttpResponse(decodeResult: success, version: HTTP/1.1)
HTTP/1.1 200 OK
Content-Length: 62
Content-Type: application/json; charset=utf-8
cache-control: no-cache

14:27:21.360 [AsyncHttpClient-1-7] DEBUG org.asynchttpclient.netty.channel.ChannelManager - Adding key: http://localhost:12593 for channel [id: 0xeaeee574, L:/127.0.0.1:59085 - R:localhost/127.0.0.1:12593]
14:27:21.360 [Forwarding screenshot on session 87eceb0d2ff57e1a97eb7724294c1da5 to remote] DEBUG org.asynchttpclient.netty.request.NettyRequestSender - Using pooled Channel '[id: 0xeaeee574, L:/127.0.0.1:59085 - R:localhost/127.0.0.1:12593]' for 'GET' to 'http://localhost:12593/session/87eceb0d2ff57e1a97eb7724294c1da5/screenshot'
14:27:21.360 [Forwarding screenshot on session 87eceb0d2ff57e1a97eb7724294c1da5 to remote] DEBUG org.asynchttpclient.netty.request.NettyRequestSender - Using open Channel [id: 0xeaeee574, L:/127.0.0.1:59085 - R:localhost/127.0.0.1:12593] for GET '/session/87eceb0d2ff57e1a97eb7724294c1da5/screenshot'
14:27:21.548 [AsyncHttpClient-1-7] DEBUG org.asynchttpclient.netty.handler.HttpHandler - 

Request DefaultFullHttpRequest(decodeResult: success, version: HTTP/1.1, content: EmptyByteBufBE)
GET /session/87eceb0d2ff57e1a97eb7724294c1da5/screenshot HTTP/1.1
User-Agent: selenium/4.8.1 (java windows)
Cache-Control: no-cache
Content-Type: application/json; charset=utf-8
host: localhost:12593
accept: */*

Response DefaultHttpResponse(decodeResult: success, version: HTTP/1.1)
HTTP/1.1 200 OK
Content-Length: 105780
Content-Type: application/json; charset=utf-8
cache-control: no-cache

14:27:21.548 [AsyncHttpClient-1-7] DEBUG org.asynchttpclient.netty.channel.ChannelManager - Adding key: http://localhost:12593 for channel [id: 0xeaeee574, L:/127.0.0.1:59085 - R:localhost/127.0.0.1:12593]
14:27:21.550 [main] DEBUG net.serenitybdd.core.photography.Darkroom - Send negative for processing for target\site\serenity\4ad3178702f237071c1f499e06f8ab8bb99fee3ffe57b3d118a35d39a110c995.png
14:27:21.550 [Darkroom Processing Line] DEBUG net.serenitybdd.core.photography.DarkroomProcessingLine - Processing screenshot image in /var/screenshots/screenshot-7032458225841102590
14:27:21.550 [Darkroom Processing Line] DEBUG net.serenitybdd.core.photography.DarkroomProcessingLine - Saving screenshot to target\site\serenity\4ad3178702f237071c1f499e06f8ab8bb99fee3ffe57b3d118a35d39a110c995.png
14:27:21.558 [Forwarding getPageSource on session 87eceb0d2ff57e1a97eb7724294c1da5 to remote] DEBUG org.asynchttpclient.netty.request.NettyRequestSender - Using pooled Channel '[id: 0xeaeee574, L:/127.0.0.1:59085 - R:localhost/127.0.0.1:12593]' for 'POST' to 'http://localhost:12593/session/87eceb0d2ff57e1a97eb7724294c1da5/execute/sync'
14:27:21.558 [Forwarding getPageSource on session 87eceb0d2ff57e1a97eb7724294c1da5 to remote] DEBUG org.asynchttpclient.netty.request.NettyRequestSender - Using open Channel [id: 0xeaeee574, L:/127.0.0.1:59085 - R:localhost/127.0.0.1:12593] for POST '/session/87eceb0d2ff57e1a97eb7724294c1da5/execute/sync'
14:27:21.574 [AsyncHttpClient-1-7] DEBUG org.asynchttpclient.netty.handler.HttpHandler - 

Request DefaultHttpRequest(decodeResult: success, version: HTTP/1.1)
POST /session/87eceb0d2ff57e1a97eb7724294c1da5/execute/sync HTTP/1.1
User-Agent: selenium/4.8.1 (java windows)
Content-Length: 176
Content-Type: application/json; charset=utf-8
host: localhost:12593
accept: */*

Response DefaultHttpResponse(decodeResult: success, version: HTTP/1.1)
HTTP/1.1 200 OK
Content-Length: 92318
Content-Type: application/json; charset=utf-8
cache-control: no-cache

14:27:21.574 [AsyncHttpClient-1-7] DEBUG org.asynchttpclient.netty.channel.ChannelManager - Adding key: http://localhost:12593 for channel [id: 0xeaeee574, L:/127.0.0.1:59085 - R:localhost/127.0.0.1:12593]
14:27:21.590 [Forwarding getCurrentUrl on session 87eceb0d2ff57e1a97eb7724294c1da5 to remote] DEBUG org.asynchttpclient.netty.request.NettyRequestSender - Using pooled Channel '[id: 0xeaeee574, L:/127.0.0.1:59085 - R:localhost/127.0.0.1:12593]' for 'GET' to 'http://localhost:12593/session/87eceb0d2ff57e1a97eb7724294c1da5/url'
14:27:21.590 [Forwarding getCurrentUrl on session 87eceb0d2ff57e1a97eb7724294c1da5 to remote] DEBUG org.asynchttpclient.netty.request.NettyRequestSender - Using open Channel [id: 0xeaeee574, L:/127.0.0.1:59085 - R:localhost/127.0.0.1:12593] for GET '/session/87eceb0d2ff57e1a97eb7724294c1da5/url'
14:27:21.590 [AsyncHttpClient-1-7] DEBUG org.asynchttpclient.netty.handler.HttpHandler - 

Request DefaultFullHttpRequest(decodeResult: success, version: HTTP/1.1, content: EmptyByteBufBE)
GET /session/87eceb0d2ff57e1a97eb7724294c1da5/url HTTP/1.1
User-Agent: selenium/4.8.1 (java windows)
Cache-Control: no-cache
Content-Type: application/json; charset=utf-8
host: localhost:12593
accept: */*

Response DefaultHttpResponse(decodeResult: success, version: HTTP/1.1)
HTTP/1.1 200 OK
Content-Length: 62
Content-Type: application/json; charset=utf-8
cache-control: no-cache

14:27:21.590 [AsyncHttpClient-1-7] DEBUG org.asynchttpclient.netty.channel.ChannelManager - Adding key: http://localhost:12593 for channel [id: 0xeaeee574, L:/127.0.0.1:59085 - R:localhost/127.0.0.1:12593]
14:27:21.598 [main] DEBUG net.thucydides.core.steps.StepInterceptor - STARTING STEP: Afrexim_OurBank_Contactus_Sendmessage_steps.enter_organisation - Enter_organisation
14:27:21.601 [Forwarding findElement on session 87eceb0d2ff57e1a97eb7724294c1da5 to remote] DEBUG org.asynchttpclient.netty.request.NettyRequestSender - Using pooled Channel '[id: 0xeaeee574, L:/127.0.0.1:59085 - R:localhost/127.0.0.1:12593]' for 'POST' to 'http://localhost:12593/session/87eceb0d2ff57e1a97eb7724294c1da5/element'
14:27:21.601 [Forwarding findElement on session 87eceb0d2ff57e1a97eb7724294c1da5 to remote] DEBUG org.asynchttpclient.netty.request.NettyRequestSender - Using open Channel [id: 0xeaeee574, L:/127.0.0.1:59085 - R:localhost/127.0.0.1:12593] for POST '/session/87eceb0d2ff57e1a97eb7724294c1da5/element'
14:27:21.614 [AsyncHttpClient-1-7] DEBUG org.asynchttpclient.netty.handler.HttpHandler - 

Request DefaultHttpRequest(decodeResult: success, version: HTTP/1.1)
POST /session/87eceb0d2ff57e1a97eb7724294c1da5/element HTTP/1.1
User-Agent: selenium/4.8.1 (java windows)
Content-Length: 72
Content-Type: application/json; charset=utf-8
host: localhost:12593
accept: */*

Response DefaultHttpResponse(decodeResult: success, version: HTTP/1.1)
HTTP/1.1 200 OK
Content-Length: 96
Content-Type: application/json; charset=utf-8
cache-control: no-cache

14:27:21.614 [AsyncHttpClient-1-7] DEBUG org.asynchttpclient.netty.channel.ChannelManager - Adding key: http://localhost:12593 for channel [id: 0xeaeee574, L:/127.0.0.1:59085 - R:localhost/127.0.0.1:12593]
14:27:21.622 [Forwarding clearElement on session 87eceb0d2ff57e1a97eb7724294c1da5 to remote] DEBUG org.asynchttpclient.netty.request.NettyRequestSender - Using pooled Channel '[id: 0xeaeee574, L:/127.0.0.1:59085 - R:localhost/127.0.0.1:12593]' for 'POST' to 'http://localhost:12593/session/87eceb0d2ff57e1a97eb7724294c1da5/element/ED5D13787C8B0B69434DDA1B1349AB20_element_129/clear'
14:27:21.622 [Forwarding clearElement on session 87eceb0d2ff57e1a97eb7724294c1da5 to remote] DEBUG org.asynchttpclient.netty.request.NettyRequestSender - Using open Channel [id: 0xeaeee574, L:/127.0.0.1:59085 - R:localhost/127.0.0.1:12593] for POST '/session/87eceb0d2ff57e1a97eb7724294c1da5/element/ED5D13787C8B0B69434DDA1B1349AB20_element_129/clear'
14:27:21.665 [AsyncHttpClient-1-7] DEBUG org.asynchttpclient.netty.handler.HttpHandler - 

Request DefaultHttpRequest(decodeResult: success, version: HTTP/1.1)
POST /session/87eceb0d2ff57e1a97eb7724294c1da5/element/ED5D13787C8B0B69434DDA1B1349AB20_element_129/clear HTTP/1.1
User-Agent: selenium/4.8.1 (java windows)
Content-Length: 58
Content-Type: application/json; charset=utf-8
host: localhost:12593
accept: */*

Response DefaultHttpResponse(decodeResult: success, version: HTTP/1.1)
HTTP/1.1 200 OK
Content-Length: 14
Content-Type: application/json; charset=utf-8
cache-control: no-cache

14:27:21.665 [AsyncHttpClient-1-7] DEBUG org.asynchttpclient.netty.channel.ChannelManager - Adding key: http://localhost:12593 for channel [id: 0xeaeee574, L:/127.0.0.1:59085 - R:localhost/127.0.0.1:12593]
14:27:21.665 [Forwarding sendKeysToElement on session 87eceb0d2ff57e1a97eb7724294c1da5 to remote] DEBUG org.asynchttpclient.netty.request.NettyRequestSender - Using pooled Channel '[id: 0xeaeee574, L:/127.0.0.1:59085 - R:localhost/127.0.0.1:12593]' for 'POST' to 'http://localhost:12593/session/87eceb0d2ff57e1a97eb7724294c1da5/element/ED5D13787C8B0B69434DDA1B1349AB20_element_129/value'
14:27:21.665 [Forwarding sendKeysToElement on session 87eceb0d2ff57e1a97eb7724294c1da5 to remote] DEBUG org.asynchttpclient.netty.request.NettyRequestSender - Using open Channel [id: 0xeaeee574, L:/127.0.0.1:59085 - R:localhost/127.0.0.1:12593] for POST '/session/87eceb0d2ff57e1a97eb7724294c1da5/element/ED5D13787C8B0B69434DDA1B1349AB20_element_129/value'
14:27:21.764 [AsyncHttpClient-1-7] DEBUG org.asynchttpclient.netty.handler.HttpHandler - 

Request DefaultHttpRequest(decodeResult: success, version: HTTP/1.1)
POST /session/87eceb0d2ff57e1a97eb7724294c1da5/element/ED5D13787C8B0B69434DDA1B1349AB20_element_129/value HTTP/1.1
User-Agent: selenium/4.8.1 (java windows)
Content-Length: 259
Content-Type: application/json; charset=utf-8
host: localhost:12593
accept: */*

Response DefaultHttpResponse(decodeResult: success, version: HTTP/1.1)
HTTP/1.1 200 OK
Content-Length: 14
Content-Type: application/json; charset=utf-8
cache-control: no-cache

14:27:21.764 [AsyncHttpClient-1-7] DEBUG org.asynchttpclient.netty.channel.ChannelManager - Adding key: http://localhost:12593 for channel [id: 0xeaeee574, L:/127.0.0.1:59085 - R:localhost/127.0.0.1:12593]
14:27:21.772 [Forwarding sendKeysToElement on session 87eceb0d2ff57e1a97eb7724294c1da5 to remote] DEBUG org.asynchttpclient.netty.request.NettyRequestSender - Using pooled Channel '[id: 0xeaeee574, L:/127.0.0.1:59085 - R:localhost/127.0.0.1:12593]' for 'POST' to 'http://localhost:12593/session/87eceb0d2ff57e1a97eb7724294c1da5/element/ED5D13787C8B0B69434DDA1B1349AB20_element_129/value'
14:27:21.772 [Forwarding sendKeysToElement on session 87eceb0d2ff57e1a97eb7724294c1da5 to remote] DEBUG org.asynchttpclient.netty.request.NettyRequestSender - Using open Channel [id: 0xeaeee574, L:/127.0.0.1:59085 - R:localhost/127.0.0.1:12593] for POST '/session/87eceb0d2ff57e1a97eb7724294c1da5/element/ED5D13787C8B0B69434DDA1B1349AB20_element_129/value'
14:27:21.823 [AsyncHttpClient-1-7] DEBUG org.asynchttpclient.netty.handler.HttpHandler - 

Request DefaultHttpRequest(decodeResult: success, version: HTTP/1.1)
POST /session/87eceb0d2ff57e1a97eb7724294c1da5/element/ED5D13787C8B0B69434DDA1B1349AB20_element_129/value HTTP/1.1
User-Agent: selenium/4.8.1 (java windows)
Content-Length: 103
Content-Type: application/json; charset=utf-8
host: localhost:12593
accept: */*

Response DefaultHttpResponse(decodeResult: success, version: HTTP/1.1)
HTTP/1.1 200 OK
Content-Length: 14
Content-Type: application/json; charset=utf-8
cache-control: no-cache

14:27:21.823 [AsyncHttpClient-1-7] DEBUG org.asynchttpclient.netty.channel.ChannelManager - Adding key: http://localhost:12593 for channel [id: 0xeaeee574, L:/127.0.0.1:59085 - R:localhost/127.0.0.1:12593]
14:27:21.835 [Forwarding getAlertText on session 87eceb0d2ff57e1a97eb7724294c1da5 to remote] DEBUG org.asynchttpclient.netty.request.NettyRequestSender - Using pooled Channel '[id: 0xeaeee574, L:/127.0.0.1:59085 - R:localhost/127.0.0.1:12593]' for 'GET' to 'http://localhost:12593/session/87eceb0d2ff57e1a97eb7724294c1da5/alert/text'
14:27:21.835 [Forwarding getAlertText on session 87eceb0d2ff57e1a97eb7724294c1da5 to remote] DEBUG org.asynchttpclient.netty.request.NettyRequestSender - Using open Channel [id: 0xeaeee574, L:/127.0.0.1:59085 - R:localhost/127.0.0.1:12593] for GET '/session/87eceb0d2ff57e1a97eb7724294c1da5/alert/text'
14:27:21.840 [AsyncHttpClient-1-7] DEBUG org.asynchttpclient.netty.handler.HttpHandler - 

Request DefaultFullHttpRequest(decodeResult: success, version: HTTP/1.1, content: EmptyByteBufBE)
GET /session/87eceb0d2ff57e1a97eb7724294c1da5/alert/text HTTP/1.1
User-Agent: selenium/4.8.1 (java windows)
Cache-Control: no-cache
Content-Type: application/json; charset=utf-8
host: localhost:12593
accept: */*

Response DefaultHttpResponse(decodeResult: success, version: HTTP/1.1)
HTTP/1.1 404 Not Found
Content-Length: 821
Content-Type: application/json; charset=utf-8
cache-control: no-cache

14:27:21.840 [AsyncHttpClient-1-7] DEBUG org.asynchttpclient.netty.channel.ChannelManager - Adding key: http://localhost:12593 for channel [id: 0xeaeee574, L:/127.0.0.1:59085 - R:localhost/127.0.0.1:12593]
14:27:21.843 [Forwarding getCurrentUrl on session 87eceb0d2ff57e1a97eb7724294c1da5 to remote] DEBUG org.asynchttpclient.netty.request.NettyRequestSender - Using pooled Channel '[id: 0xeaeee574, L:/127.0.0.1:59085 - R:localhost/127.0.0.1:12593]' for 'GET' to 'http://localhost:12593/session/87eceb0d2ff57e1a97eb7724294c1da5/url'
14:27:21.843 [Forwarding getCurrentUrl on session 87eceb0d2ff57e1a97eb7724294c1da5 to remote] DEBUG org.asynchttpclient.netty.request.NettyRequestSender - Using open Channel [id: 0xeaeee574, L:/127.0.0.1:59085 - R:localhost/127.0.0.1:12593] for GET '/session/87eceb0d2ff57e1a97eb7724294c1da5/url'
14:27:21.848 [AsyncHttpClient-1-7] DEBUG org.asynchttpclient.netty.handler.HttpHandler - 

Request DefaultFullHttpRequest(decodeResult: success, version: HTTP/1.1, content: EmptyByteBufBE)
GET /session/87eceb0d2ff57e1a97eb7724294c1da5/url HTTP/1.1
User-Agent: selenium/4.8.1 (java windows)
Cache-Control: no-cache
Content-Type: application/json; charset=utf-8
host: localhost:12593
accept: */*

Response DefaultHttpResponse(decodeResult: success, version: HTTP/1.1)
HTTP/1.1 200 OK
Content-Length: 62
Content-Type: application/json; charset=utf-8
cache-control: no-cache

14:27:21.848 [AsyncHttpClient-1-7] DEBUG org.asynchttpclient.netty.channel.ChannelManager - Adding key: http://localhost:12593 for channel [id: 0xeaeee574, L:/127.0.0.1:59085 - R:localhost/127.0.0.1:12593]
14:27:21.848 [Forwarding screenshot on session 87eceb0d2ff57e1a97eb7724294c1da5 to remote] DEBUG org.asynchttpclient.netty.request.NettyRequestSender - Using pooled Channel '[id: 0xeaeee574, L:/127.0.0.1:59085 - R:localhost/127.0.0.1:12593]' for 'GET' to 'http://localhost:12593/session/87eceb0d2ff57e1a97eb7724294c1da5/screenshot'
14:27:21.848 [Forwarding screenshot on session 87eceb0d2ff57e1a97eb7724294c1da5 to remote] DEBUG org.asynchttpclient.netty.request.NettyRequestSender - Using open Channel [id: 0xeaeee574, L:/127.0.0.1:59085 - R:localhost/127.0.0.1:12593] for GET '/session/87eceb0d2ff57e1a97eb7724294c1da5/screenshot'
14:27:22.064 [AsyncHttpClient-1-7] DEBUG org.asynchttpclient.netty.handler.HttpHandler - 

Request DefaultFullHttpRequest(decodeResult: success, version: HTTP/1.1, content: EmptyByteBufBE)
GET /session/87eceb0d2ff57e1a97eb7724294c1da5/screenshot HTTP/1.1
User-Agent: selenium/4.8.1 (java windows)
Cache-Control: no-cache
Content-Type: application/json; charset=utf-8
host: localhost:12593
accept: */*

Response DefaultHttpResponse(decodeResult: success, version: HTTP/1.1)
HTTP/1.1 200 OK
Content-Length: 109064
Content-Type: application/json; charset=utf-8
cache-control: no-cache

14:27:22.064 [AsyncHttpClient-1-7] DEBUG org.asynchttpclient.netty.channel.ChannelManager - Adding key: http://localhost:12593 for channel [id: 0xeaeee574, L:/127.0.0.1:59085 - R:localhost/127.0.0.1:12593]
14:27:22.070 [main] DEBUG net.serenitybdd.core.photography.Darkroom - Send negative for processing for target\site\serenity\6ce4309d9793bd9d84966330d29c1e8b4578712d293f5facaffe53eb83c83c74.png
14:27:22.070 [main] DEBUG net.thucydides.core.steps.StepInterceptor - STEP DONE: Enter_organisation
14:27:22.070 [Darkroom Processing Line] DEBUG net.serenitybdd.core.photography.DarkroomProcessingLine - Processing screenshot image in /var/screenshots/screenshot-7284524306615846302
14:27:22.070 [Darkroom Processing Line] DEBUG net.serenitybdd.core.photography.DarkroomProcessingLine - Saving screenshot to target\site\serenity\6ce4309d9793bd9d84966330d29c1e8b4578712d293f5facaffe53eb83c83c74.png
14:27:22.085 [Forwarding getPageSource on session 87eceb0d2ff57e1a97eb7724294c1da5 to remote] DEBUG org.asynchttpclient.netty.request.NettyRequestSender - Using pooled Channel '[id: 0xeaeee574, L:/127.0.0.1:59085 - R:localhost/127.0.0.1:12593]' for 'POST' to 'http://localhost:12593/session/87eceb0d2ff57e1a97eb7724294c1da5/execute/sync'
14:27:22.092 [Forwarding getPageSource on session 87eceb0d2ff57e1a97eb7724294c1da5 to remote] DEBUG org.asynchttpclient.netty.request.NettyRequestSender - Using open Channel [id: 0xeaeee574, L:/127.0.0.1:59085 - R:localhost/127.0.0.1:12593] for POST '/session/87eceb0d2ff57e1a97eb7724294c1da5/execute/sync'
14:27:22.124 [AsyncHttpClient-1-7] DEBUG org.asynchttpclient.netty.handler.HttpHandler - 

Request DefaultHttpRequest(decodeResult: success, version: HTTP/1.1)
POST /session/87eceb0d2ff57e1a97eb7724294c1da5/execute/sync HTTP/1.1
User-Agent: selenium/4.8.1 (java windows)
Content-Length: 176
Content-Type: application/json; charset=utf-8
host: localhost:12593
accept: */*

Response DefaultHttpResponse(decodeResult: success, version: HTTP/1.1)
HTTP/1.1 200 OK
Content-Length: 92318
Content-Type: application/json; charset=utf-8
cache-control: no-cache

14:27:22.124 [AsyncHttpClient-1-7] DEBUG org.asynchttpclient.netty.channel.ChannelManager - Adding key: http://localhost:12593 for channel [id: 0xeaeee574, L:/127.0.0.1:59085 - R:localhost/127.0.0.1:12593]
14:27:22.134 [Forwarding getCurrentUrl on session 87eceb0d2ff57e1a97eb7724294c1da5 to remote] DEBUG org.asynchttpclient.netty.request.NettyRequestSender - Using pooled Channel '[id: 0xeaeee574, L:/127.0.0.1:59085 - R:localhost/127.0.0.1:12593]' for 'GET' to 'http://localhost:12593/session/87eceb0d2ff57e1a97eb7724294c1da5/url'
14:27:22.134 [Forwarding getCurrentUrl on session 87eceb0d2ff57e1a97eb7724294c1da5 to remote] DEBUG org.asynchttpclient.netty.request.NettyRequestSender - Using open Channel [id: 0xeaeee574, L:/127.0.0.1:59085 - R:localhost/127.0.0.1:12593] for GET '/session/87eceb0d2ff57e1a97eb7724294c1da5/url'
14:27:22.148 [AsyncHttpClient-1-7] DEBUG org.asynchttpclient.netty.handler.HttpHandler - 

Request DefaultFullHttpRequest(decodeResult: success, version: HTTP/1.1, content: EmptyByteBufBE)
GET /session/87eceb0d2ff57e1a97eb7724294c1da5/url HTTP/1.1
User-Agent: selenium/4.8.1 (java windows)
Cache-Control: no-cache
Content-Type: application/json; charset=utf-8
host: localhost:12593
accept: */*

Response DefaultHttpResponse(decodeResult: success, version: HTTP/1.1)
HTTP/1.1 200 OK
Content-Length: 62
Content-Type: application/json; charset=utf-8
cache-control: no-cache

14:27:22.148 [AsyncHttpClient-1-7] DEBUG org.asynchttpclient.netty.channel.ChannelManager - Adding key: http://localhost:12593 for channel [id: 0xeaeee574, L:/127.0.0.1:59085 - R:localhost/127.0.0.1:12593]
14:27:22.164 [Forwarding getAlertText on session 87eceb0d2ff57e1a97eb7724294c1da5 to remote] DEBUG org.asynchttpclient.netty.request.NettyRequestSender - Using pooled Channel '[id: 0xeaeee574, L:/127.0.0.1:59085 - R:localhost/127.0.0.1:12593]' for 'GET' to 'http://localhost:12593/session/87eceb0d2ff57e1a97eb7724294c1da5/alert/text'
14:27:22.164 [Forwarding getAlertText on session 87eceb0d2ff57e1a97eb7724294c1da5 to remote] DEBUG org.asynchttpclient.netty.request.NettyRequestSender - Using open Channel [id: 0xeaeee574, L:/127.0.0.1:59085 - R:localhost/127.0.0.1:12593] for GET '/session/87eceb0d2ff57e1a97eb7724294c1da5/alert/text'
14:27:22.166 [AsyncHttpClient-1-7] DEBUG org.asynchttpclient.netty.handler.HttpHandler - 

Request DefaultFullHttpRequest(decodeResult: success, version: HTTP/1.1, content: EmptyByteBufBE)
GET /session/87eceb0d2ff57e1a97eb7724294c1da5/alert/text HTTP/1.1
User-Agent: selenium/4.8.1 (java windows)
Cache-Control: no-cache
Content-Type: application/json; charset=utf-8
host: localhost:12593
accept: */*

Response DefaultHttpResponse(decodeResult: success, version: HTTP/1.1)
HTTP/1.1 404 Not Found
Content-Length: 821
Content-Type: application/json; charset=utf-8
cache-control: no-cache

14:27:22.166 [AsyncHttpClient-1-7] DEBUG org.asynchttpclient.netty.channel.ChannelManager - Adding key: http://localhost:12593 for channel [id: 0xeaeee574, L:/127.0.0.1:59085 - R:localhost/127.0.0.1:12593]
14:27:22.166 [Forwarding getCurrentUrl on session 87eceb0d2ff57e1a97eb7724294c1da5 to remote] DEBUG org.asynchttpclient.netty.request.NettyRequestSender - Using pooled Channel '[id: 0xeaeee574, L:/127.0.0.1:59085 - R:localhost/127.0.0.1:12593]' for 'GET' to 'http://localhost:12593/session/87eceb0d2ff57e1a97eb7724294c1da5/url'
14:27:22.166 [Forwarding getCurrentUrl on session 87eceb0d2ff57e1a97eb7724294c1da5 to remote] DEBUG org.asynchttpclient.netty.request.NettyRequestSender - Using open Channel [id: 0xeaeee574, L:/127.0.0.1:59085 - R:localhost/127.0.0.1:12593] for GET '/session/87eceb0d2ff57e1a97eb7724294c1da5/url'
14:27:22.177 [AsyncHttpClient-1-7] DEBUG org.asynchttpclient.netty.handler.HttpHandler - 

Request DefaultFullHttpRequest(decodeResult: success, version: HTTP/1.1, content: EmptyByteBufBE)
GET /session/87eceb0d2ff57e1a97eb7724294c1da5/url HTTP/1.1
User-Agent: selenium/4.8.1 (java windows)
Cache-Control: no-cache
Content-Type: application/json; charset=utf-8
host: localhost:12593
accept: */*

Response DefaultHttpResponse(decodeResult: success, version: HTTP/1.1)
HTTP/1.1 200 OK
Content-Length: 62
Content-Type: application/json; charset=utf-8
cache-control: no-cache

14:27:22.177 [AsyncHttpClient-1-7] DEBUG org.asynchttpclient.netty.channel.ChannelManager - Adding key: http://localhost:12593 for channel [id: 0xeaeee574, L:/127.0.0.1:59085 - R:localhost/127.0.0.1:12593]
14:27:22.179 [Forwarding screenshot on session 87eceb0d2ff57e1a97eb7724294c1da5 to remote] DEBUG org.asynchttpclient.netty.request.NettyRequestSender - Using pooled Channel '[id: 0xeaeee574, L:/127.0.0.1:59085 - R:localhost/127.0.0.1:12593]' for 'GET' to 'http://localhost:12593/session/87eceb0d2ff57e1a97eb7724294c1da5/screenshot'
14:27:22.179 [Forwarding screenshot on session 87eceb0d2ff57e1a97eb7724294c1da5 to remote] DEBUG org.asynchttpclient.netty.request.NettyRequestSender - Using open Channel [id: 0xeaeee574, L:/127.0.0.1:59085 - R:localhost/127.0.0.1:12593] for GET '/session/87eceb0d2ff57e1a97eb7724294c1da5/screenshot'
14:27:22.193 [AsyncHttpClient-1-1] DEBUG org.asynchttpclient.netty.channel.DefaultChannelPool - Entry count for : http://localhost:59086 : 1
14:27:22.380 [AsyncHttpClient-1-7] DEBUG org.asynchttpclient.netty.handler.HttpHandler - 

Request DefaultFullHttpRequest(decodeResult: success, version: HTTP/1.1, content: EmptyByteBufBE)
GET /session/87eceb0d2ff57e1a97eb7724294c1da5/screenshot HTTP/1.1
User-Agent: selenium/4.8.1 (java windows)
Cache-Control: no-cache
Content-Type: application/json; charset=utf-8
host: localhost:12593
accept: */*

Response DefaultHttpResponse(decodeResult: success, version: HTTP/1.1)
HTTP/1.1 200 OK
Content-Length: 109456
Content-Type: application/json; charset=utf-8
cache-control: no-cache

14:27:22.380 [AsyncHttpClient-1-7] DEBUG org.asynchttpclient.netty.channel.ChannelManager - Adding key: http://localhost:12593 for channel [id: 0xeaeee574, L:/127.0.0.1:59085 - R:localhost/127.0.0.1:12593]
14:27:22.385 [main] DEBUG net.serenitybdd.core.photography.Darkroom - Send negative for processing for target\site\serenity\37ab7046e745dc2bf58ea9a5b2a02a3d0f9459834f4a6f25c57a9df1235cf1e4.png
14:27:22.385 [Darkroom Processing Line] DEBUG net.serenitybdd.core.photography.DarkroomProcessingLine - Processing screenshot image in /var/screenshots/screenshot-6337556244122369796
14:27:22.385 [Darkroom Processing Line] DEBUG net.serenitybdd.core.photography.DarkroomProcessingLine - Saving screenshot to target\site\serenity\37ab7046e745dc2bf58ea9a5b2a02a3d0f9459834f4a6f25c57a9df1235cf1e4.png
14:27:22.390 [Forwarding getPageSource on session 87eceb0d2ff57e1a97eb7724294c1da5 to remote] DEBUG org.asynchttpclient.netty.request.NettyRequestSender - Using pooled Channel '[id: 0xeaeee574, L:/127.0.0.1:59085 - R:localhost/127.0.0.1:12593]' for 'POST' to 'http://localhost:12593/session/87eceb0d2ff57e1a97eb7724294c1da5/execute/sync'
14:27:22.390 [Forwarding getPageSource on session 87eceb0d2ff57e1a97eb7724294c1da5 to remote] DEBUG org.asynchttpclient.netty.request.NettyRequestSender - Using open Channel [id: 0xeaeee574, L:/127.0.0.1:59085 - R:localhost/127.0.0.1:12593] for POST '/session/87eceb0d2ff57e1a97eb7724294c1da5/execute/sync'
14:27:22.412 [AsyncHttpClient-1-7] DEBUG org.asynchttpclient.netty.handler.HttpHandler - 

Request DefaultHttpRequest(decodeResult: success, version: HTTP/1.1)
POST /session/87eceb0d2ff57e1a97eb7724294c1da5/execute/sync HTTP/1.1
User-Agent: selenium/4.8.1 (java windows)
Content-Length: 176
Content-Type: application/json; charset=utf-8
host: localhost:12593
accept: */*

Response DefaultHttpResponse(decodeResult: success, version: HTTP/1.1)
HTTP/1.1 200 OK
Content-Length: 92318
Content-Type: application/json; charset=utf-8
cache-control: no-cache

14:27:22.412 [AsyncHttpClient-1-7] DEBUG org.asynchttpclient.netty.channel.ChannelManager - Adding key: http://localhost:12593 for channel [id: 0xeaeee574, L:/127.0.0.1:59085 - R:localhost/127.0.0.1:12593]
14:27:22.449 [Forwarding getCurrentUrl on session 87eceb0d2ff57e1a97eb7724294c1da5 to remote] DEBUG org.asynchttpclient.netty.request.NettyRequestSender - Using pooled Channel '[id: 0xeaeee574, L:/127.0.0.1:59085 - R:localhost/127.0.0.1:12593]' for 'GET' to 'http://localhost:12593/session/87eceb0d2ff57e1a97eb7724294c1da5/url'
14:27:22.449 [Forwarding getCurrentUrl on session 87eceb0d2ff57e1a97eb7724294c1da5 to remote] DEBUG org.asynchttpclient.netty.request.NettyRequestSender - Using open Channel [id: 0xeaeee574, L:/127.0.0.1:59085 - R:localhost/127.0.0.1:12593] for GET '/session/87eceb0d2ff57e1a97eb7724294c1da5/url'
14:27:22.465 [AsyncHttpClient-1-7] DEBUG org.asynchttpclient.netty.handler.HttpHandler - 

Request DefaultFullHttpRequest(decodeResult: success, version: HTTP/1.1, content: EmptyByteBufBE)
GET /session/87eceb0d2ff57e1a97eb7724294c1da5/url HTTP/1.1
User-Agent: selenium/4.8.1 (java windows)
Cache-Control: no-cache
Content-Type: application/json; charset=utf-8
host: localhost:12593
accept: */*

Response DefaultHttpResponse(decodeResult: success, version: HTTP/1.1)
HTTP/1.1 200 OK
Content-Length: 62
Content-Type: application/json; charset=utf-8
cache-control: no-cache

14:27:22.465 [AsyncHttpClient-1-7] DEBUG org.asynchttpclient.netty.channel.ChannelManager - Adding key: http://localhost:12593 for channel [id: 0xeaeee574, L:/127.0.0.1:59085 - R:localhost/127.0.0.1:12593]
14:27:22.465 [main] DEBUG net.thucydides.core.steps.StepInterceptor - STARTING STEP: Afrexim_OurBank_Contactus_Sendmessage_steps.enter_country_of_operation - Enter_countryofoperation
14:27:22.475 [Forwarding findElement on session 87eceb0d2ff57e1a97eb7724294c1da5 to remote] DEBUG org.asynchttpclient.netty.request.NettyRequestSender - Using pooled Channel '[id: 0xeaeee574, L:/127.0.0.1:59085 - R:localhost/127.0.0.1:12593]' for 'POST' to 'http://localhost:12593/session/87eceb0d2ff57e1a97eb7724294c1da5/element'
14:27:22.475 [Forwarding findElement on session 87eceb0d2ff57e1a97eb7724294c1da5 to remote] DEBUG org.asynchttpclient.netty.request.NettyRequestSender - Using open Channel [id: 0xeaeee574, L:/127.0.0.1:59085 - R:localhost/127.0.0.1:12593] for POST '/session/87eceb0d2ff57e1a97eb7724294c1da5/element'
14:27:22.497 [AsyncHttpClient-1-7] DEBUG org.asynchttpclient.netty.handler.HttpHandler - 

Request DefaultHttpRequest(decodeResult: success, version: HTTP/1.1)
POST /session/87eceb0d2ff57e1a97eb7724294c1da5/element HTTP/1.1
User-Agent: selenium/4.8.1 (java windows)
Content-Length: 72
Content-Type: application/json; charset=utf-8
host: localhost:12593
accept: */*

Response DefaultHttpResponse(decodeResult: success, version: HTTP/1.1)
HTTP/1.1 200 OK
Content-Length: 96
Content-Type: application/json; charset=utf-8
cache-control: no-cache

14:27:22.497 [AsyncHttpClient-1-7] DEBUG org.asynchttpclient.netty.channel.ChannelManager - Adding key: http://localhost:12593 for channel [id: 0xeaeee574, L:/127.0.0.1:59085 - R:localhost/127.0.0.1:12593]
14:27:22.497 [Forwarding clearElement on session 87eceb0d2ff57e1a97eb7724294c1da5 to remote] DEBUG org.asynchttpclient.netty.request.NettyRequestSender - Using pooled Channel '[id: 0xeaeee574, L:/127.0.0.1:59085 - R:localhost/127.0.0.1:12593]' for 'POST' to 'http://localhost:12593/session/87eceb0d2ff57e1a97eb7724294c1da5/element/ED5D13787C8B0B69434DDA1B1349AB20_element_130/clear'
14:27:22.497 [Forwarding clearElement on session 87eceb0d2ff57e1a97eb7724294c1da5 to remote] DEBUG org.asynchttpclient.netty.request.NettyRequestSender - Using open Channel [id: 0xeaeee574, L:/127.0.0.1:59085 - R:localhost/127.0.0.1:12593] for POST '/session/87eceb0d2ff57e1a97eb7724294c1da5/element/ED5D13787C8B0B69434DDA1B1349AB20_element_130/clear'
14:27:22.572 [AsyncHttpClient-1-7] DEBUG org.asynchttpclient.netty.handler.HttpHandler - 

Request DefaultHttpRequest(decodeResult: success, version: HTTP/1.1)
POST /session/87eceb0d2ff57e1a97eb7724294c1da5/element/ED5D13787C8B0B69434DDA1B1349AB20_element_130/clear HTTP/1.1
User-Agent: selenium/4.8.1 (java windows)
Content-Length: 58
Content-Type: application/json; charset=utf-8
host: localhost:12593
accept: */*

Response DefaultHttpResponse(decodeResult: success, version: HTTP/1.1)
HTTP/1.1 200 OK
Content-Length: 14
Content-Type: application/json; charset=utf-8
cache-control: no-cache

14:27:22.572 [AsyncHttpClient-1-7] DEBUG org.asynchttpclient.netty.channel.ChannelManager - Adding key: http://localhost:12593 for channel [id: 0xeaeee574, L:/127.0.0.1:59085 - R:localhost/127.0.0.1:12593]
14:27:22.577 [Forwarding sendKeysToElement on session 87eceb0d2ff57e1a97eb7724294c1da5 to remote] DEBUG org.asynchttpclient.netty.request.NettyRequestSender - Using pooled Channel '[id: 0xeaeee574, L:/127.0.0.1:59085 - R:localhost/127.0.0.1:12593]' for 'POST' to 'http://localhost:12593/session/87eceb0d2ff57e1a97eb7724294c1da5/element/ED5D13787C8B0B69434DDA1B1349AB20_element_130/value'
14:27:22.577 [Forwarding sendKeysToElement on session 87eceb0d2ff57e1a97eb7724294c1da5 to remote] DEBUG org.asynchttpclient.netty.request.NettyRequestSender - Using open Channel [id: 0xeaeee574, L:/127.0.0.1:59085 - R:localhost/127.0.0.1:12593] for POST '/session/87eceb0d2ff57e1a97eb7724294c1da5/element/ED5D13787C8B0B69434DDA1B1349AB20_element_130/value'
14:27:22.740 [AsyncHttpClient-1-7] DEBUG org.asynchttpclient.netty.handler.HttpHandler - 

Request DefaultHttpRequest(decodeResult: success, version: HTTP/1.1)
POST /session/87eceb0d2ff57e1a97eb7724294c1da5/element/ED5D13787C8B0B69434DDA1B1349AB20_element_130/value HTTP/1.1
User-Agent: selenium/4.8.1 (java windows)
Content-Length: 209
Content-Type: application/json; charset=utf-8
host: localhost:12593
accept: */*

Response DefaultHttpResponse(decodeResult: success, version: HTTP/1.1)
HTTP/1.1 200 OK
Content-Length: 14
Content-Type: application/json; charset=utf-8
cache-control: no-cache

14:27:22.740 [AsyncHttpClient-1-7] DEBUG org.asynchttpclient.netty.channel.ChannelManager - Adding key: http://localhost:12593 for channel [id: 0xeaeee574, L:/127.0.0.1:59085 - R:localhost/127.0.0.1:12593]
14:27:22.743 [Forwarding sendKeysToElement on session 87eceb0d2ff57e1a97eb7724294c1da5 to remote] DEBUG org.asynchttpclient.netty.request.NettyRequestSender - Using pooled Channel '[id: 0xeaeee574, L:/127.0.0.1:59085 - R:localhost/127.0.0.1:12593]' for 'POST' to 'http://localhost:12593/session/87eceb0d2ff57e1a97eb7724294c1da5/element/ED5D13787C8B0B69434DDA1B1349AB20_element_130/value'
14:27:22.743 [Forwarding sendKeysToElement on session 87eceb0d2ff57e1a97eb7724294c1da5 to remote] DEBUG org.asynchttpclient.netty.request.NettyRequestSender - Using open Channel [id: 0xeaeee574, L:/127.0.0.1:59085 - R:localhost/127.0.0.1:12593] for POST '/session/87eceb0d2ff57e1a97eb7724294c1da5/element/ED5D13787C8B0B69434DDA1B1349AB20_element_130/value'
14:27:22.835 [AsyncHttpClient-1-7] DEBUG org.asynchttpclient.netty.handler.HttpHandler - 

Request DefaultHttpRequest(decodeResult: success, version: HTTP/1.1)
POST /session/87eceb0d2ff57e1a97eb7724294c1da5/element/ED5D13787C8B0B69434DDA1B1349AB20_element_130/value HTTP/1.1
User-Agent: selenium/4.8.1 (java windows)
Content-Length: 103
Content-Type: application/json; charset=utf-8
host: localhost:12593
accept: */*

Response DefaultHttpResponse(decodeResult: success, version: HTTP/1.1)
HTTP/1.1 200 OK
Content-Length: 14
Content-Type: application/json; charset=utf-8
cache-control: no-cache

14:27:22.835 [AsyncHttpClient-1-7] DEBUG org.asynchttpclient.netty.channel.ChannelManager - Adding key: http://localhost:12593 for channel [id: 0xeaeee574, L:/127.0.0.1:59085 - R:localhost/127.0.0.1:12593]
14:27:22.849 [Forwarding getAlertText on session 87eceb0d2ff57e1a97eb7724294c1da5 to remote] DEBUG org.asynchttpclient.netty.request.NettyRequestSender - Using pooled Channel '[id: 0xeaeee574, L:/127.0.0.1:59085 - R:localhost/127.0.0.1:12593]' for 'GET' to 'http://localhost:12593/session/87eceb0d2ff57e1a97eb7724294c1da5/alert/text'
14:27:22.849 [Forwarding getAlertText on session 87eceb0d2ff57e1a97eb7724294c1da5 to remote] DEBUG org.asynchttpclient.netty.request.NettyRequestSender - Using open Channel [id: 0xeaeee574, L:/127.0.0.1:59085 - R:localhost/127.0.0.1:12593] for GET '/session/87eceb0d2ff57e1a97eb7724294c1da5/alert/text'
14:27:22.854 [AsyncHttpClient-1-7] DEBUG org.asynchttpclient.netty.handler.HttpHandler - 

Request DefaultFullHttpRequest(decodeResult: success, version: HTTP/1.1, content: EmptyByteBufBE)
GET /session/87eceb0d2ff57e1a97eb7724294c1da5/alert/text HTTP/1.1
User-Agent: selenium/4.8.1 (java windows)
Cache-Control: no-cache
Content-Type: application/json; charset=utf-8
host: localhost:12593
accept: */*

Response DefaultHttpResponse(decodeResult: success, version: HTTP/1.1)
HTTP/1.1 404 Not Found
Content-Length: 821
Content-Type: application/json; charset=utf-8
cache-control: no-cache

14:27:22.854 [AsyncHttpClient-1-7] DEBUG org.asynchttpclient.netty.channel.ChannelManager - Adding key: http://localhost:12593 for channel [id: 0xeaeee574, L:/127.0.0.1:59085 - R:localhost/127.0.0.1:12593]
14:27:22.854 [Forwarding getCurrentUrl on session 87eceb0d2ff57e1a97eb7724294c1da5 to remote] DEBUG org.asynchttpclient.netty.request.NettyRequestSender - Using pooled Channel '[id: 0xeaeee574, L:/127.0.0.1:59085 - R:localhost/127.0.0.1:12593]' for 'GET' to 'http://localhost:12593/session/87eceb0d2ff57e1a97eb7724294c1da5/url'
14:27:22.854 [Forwarding getCurrentUrl on session 87eceb0d2ff57e1a97eb7724294c1da5 to remote] DEBUG org.asynchttpclient.netty.request.NettyRequestSender - Using open Channel [id: 0xeaeee574, L:/127.0.0.1:59085 - R:localhost/127.0.0.1:12593] for GET '/session/87eceb0d2ff57e1a97eb7724294c1da5/url'
14:27:22.909 [AsyncHttpClient-1-7] DEBUG org.asynchttpclient.netty.handler.HttpHandler - 

Request DefaultFullHttpRequest(decodeResult: success, version: HTTP/1.1, content: EmptyByteBufBE)
GET /session/87eceb0d2ff57e1a97eb7724294c1da5/url HTTP/1.1
User-Agent: selenium/4.8.1 (java windows)
Cache-Control: no-cache
Content-Type: application/json; charset=utf-8
host: localhost:12593
accept: */*

Response DefaultHttpResponse(decodeResult: success, version: HTTP/1.1)
HTTP/1.1 200 OK
Content-Length: 62
Content-Type: application/json; charset=utf-8
cache-control: no-cache

14:27:22.909 [AsyncHttpClient-1-7] DEBUG org.asynchttpclient.netty.channel.ChannelManager - Adding key: http://localhost:12593 for channel [id: 0xeaeee574, L:/127.0.0.1:59085 - R:localhost/127.0.0.1:12593]
14:27:22.909 [Forwarding screenshot on session 87eceb0d2ff57e1a97eb7724294c1da5 to remote] DEBUG org.asynchttpclient.netty.request.NettyRequestSender - Using pooled Channel '[id: 0xeaeee574, L:/127.0.0.1:59085 - R:localhost/127.0.0.1:12593]' for 'GET' to 'http://localhost:12593/session/87eceb0d2ff57e1a97eb7724294c1da5/screenshot'
14:27:22.909 [Forwarding screenshot on session 87eceb0d2ff57e1a97eb7724294c1da5 to remote] DEBUG org.asynchttpclient.netty.request.NettyRequestSender - Using open Channel [id: 0xeaeee574, L:/127.0.0.1:59085 - R:localhost/127.0.0.1:12593] for GET '/session/87eceb0d2ff57e1a97eb7724294c1da5/screenshot'
14:27:23.163 [AsyncHttpClient-1-7] DEBUG org.asynchttpclient.netty.handler.HttpHandler - 

Request DefaultFullHttpRequest(decodeResult: success, version: HTTP/1.1, content: EmptyByteBufBE)
GET /session/87eceb0d2ff57e1a97eb7724294c1da5/screenshot HTTP/1.1
User-Agent: selenium/4.8.1 (java windows)
Cache-Control: no-cache
Content-Type: application/json; charset=utf-8
host: localhost:12593
accept: */*

Response DefaultHttpResponse(decodeResult: success, version: HTTP/1.1)
HTTP/1.1 200 OK
Content-Length: 111080
Content-Type: application/json; charset=utf-8
cache-control: no-cache

14:27:23.163 [AsyncHttpClient-1-7] DEBUG org.asynchttpclient.netty.channel.ChannelManager - Adding key: http://localhost:12593 for channel [id: 0xeaeee574, L:/127.0.0.1:59085 - R:localhost/127.0.0.1:12593]
14:27:23.169 [main] DEBUG net.serenitybdd.core.photography.Darkroom - Send negative for processing for target\site\serenity\fd3f1fb7800d7e42ecc5a9219308c7f4ae97f3f1d29cfcec2b9d97b0ab174be3.png
14:27:23.169 [main] DEBUG net.thucydides.core.steps.StepInterceptor - STEP DONE: Enter_countryofoperation
14:27:23.169 [Darkroom Processing Line] DEBUG net.serenitybdd.core.photography.DarkroomProcessingLine - Processing screenshot image in /var/screenshots/screenshot-6380149033737861285
14:27:23.169 [Darkroom Processing Line] DEBUG net.serenitybdd.core.photography.DarkroomProcessingLine - Saving screenshot to target\site\serenity\fd3f1fb7800d7e42ecc5a9219308c7f4ae97f3f1d29cfcec2b9d97b0ab174be3.png
14:27:23.185 [Forwarding getPageSource on session 87eceb0d2ff57e1a97eb7724294c1da5 to remote] DEBUG org.asynchttpclient.netty.request.NettyRequestSender - Using pooled Channel '[id: 0xeaeee574, L:/127.0.0.1:59085 - R:localhost/127.0.0.1:12593]' for 'POST' to 'http://localhost:12593/session/87eceb0d2ff57e1a97eb7724294c1da5/execute/sync'
14:27:23.185 [Forwarding getPageSource on session 87eceb0d2ff57e1a97eb7724294c1da5 to remote] DEBUG org.asynchttpclient.netty.request.NettyRequestSender - Using open Channel [id: 0xeaeee574, L:/127.0.0.1:59085 - R:localhost/127.0.0.1:12593] for POST '/session/87eceb0d2ff57e1a97eb7724294c1da5/execute/sync'
14:27:23.212 [AsyncHttpClient-1-7] DEBUG org.asynchttpclient.netty.handler.HttpHandler - 

Request DefaultHttpRequest(decodeResult: success, version: HTTP/1.1)
POST /session/87eceb0d2ff57e1a97eb7724294c1da5/execute/sync HTTP/1.1
User-Agent: selenium/4.8.1 (java windows)
Content-Length: 176
Content-Type: application/json; charset=utf-8
host: localhost:12593
accept: */*

Response DefaultHttpResponse(decodeResult: success, version: HTTP/1.1)
HTTP/1.1 200 OK
Content-Length: 92318
Content-Type: application/json; charset=utf-8
cache-control: no-cache

14:27:23.212 [AsyncHttpClient-1-7] DEBUG org.asynchttpclient.netty.channel.ChannelManager - Adding key: http://localhost:12593 for channel [id: 0xeaeee574, L:/127.0.0.1:59085 - R:localhost/127.0.0.1:12593]
14:27:23.222 [Forwarding getCurrentUrl on session 87eceb0d2ff57e1a97eb7724294c1da5 to remote] DEBUG org.asynchttpclient.netty.request.NettyRequestSender - Using pooled Channel '[id: 0xeaeee574, L:/127.0.0.1:59085 - R:localhost/127.0.0.1:12593]' for 'GET' to 'http://localhost:12593/session/87eceb0d2ff57e1a97eb7724294c1da5/url'
14:27:23.222 [Forwarding getCurrentUrl on session 87eceb0d2ff57e1a97eb7724294c1da5 to remote] DEBUG org.asynchttpclient.netty.request.NettyRequestSender - Using open Channel [id: 0xeaeee574, L:/127.0.0.1:59085 - R:localhost/127.0.0.1:12593] for GET '/session/87eceb0d2ff57e1a97eb7724294c1da5/url'
14:27:23.226 [AsyncHttpClient-1-7] DEBUG org.asynchttpclient.netty.handler.HttpHandler - 

Request DefaultFullHttpRequest(decodeResult: success, version: HTTP/1.1, content: EmptyByteBufBE)
GET /session/87eceb0d2ff57e1a97eb7724294c1da5/url HTTP/1.1
User-Agent: selenium/4.8.1 (java windows)
Cache-Control: no-cache
Content-Type: application/json; charset=utf-8
host: localhost:12593
accept: */*

Response DefaultHttpResponse(decodeResult: success, version: HTTP/1.1)
HTTP/1.1 200 OK
Content-Length: 62
Content-Type: application/json; charset=utf-8
cache-control: no-cache

14:27:23.226 [AsyncHttpClient-1-7] DEBUG org.asynchttpclient.netty.channel.ChannelManager - Adding key: http://localhost:12593 for channel [id: 0xeaeee574, L:/127.0.0.1:59085 - R:localhost/127.0.0.1:12593]
14:27:23.233 [Forwarding getAlertText on session 87eceb0d2ff57e1a97eb7724294c1da5 to remote] DEBUG org.asynchttpclient.netty.request.NettyRequestSender - Using pooled Channel '[id: 0xeaeee574, L:/127.0.0.1:59085 - R:localhost/127.0.0.1:12593]' for 'GET' to 'http://localhost:12593/session/87eceb0d2ff57e1a97eb7724294c1da5/alert/text'
14:27:23.233 [Forwarding getAlertText on session 87eceb0d2ff57e1a97eb7724294c1da5 to remote] DEBUG org.asynchttpclient.netty.request.NettyRequestSender - Using open Channel [id: 0xeaeee574, L:/127.0.0.1:59085 - R:localhost/127.0.0.1:12593] for GET '/session/87eceb0d2ff57e1a97eb7724294c1da5/alert/text'
14:27:23.243 [AsyncHttpClient-1-7] DEBUG org.asynchttpclient.netty.handler.HttpHandler - 

Request DefaultFullHttpRequest(decodeResult: success, version: HTTP/1.1, content: EmptyByteBufBE)
GET /session/87eceb0d2ff57e1a97eb7724294c1da5/alert/text HTTP/1.1
User-Agent: selenium/4.8.1 (java windows)
Cache-Control: no-cache
Content-Type: application/json; charset=utf-8
host: localhost:12593
accept: */*

Response DefaultHttpResponse(decodeResult: success, version: HTTP/1.1)
HTTP/1.1 404 Not Found
Content-Length: 821
Content-Type: application/json; charset=utf-8
cache-control: no-cache

14:27:23.243 [AsyncHttpClient-1-7] DEBUG org.asynchttpclient.netty.channel.ChannelManager - Adding key: http://localhost:12593 for channel [id: 0xeaeee574, L:/127.0.0.1:59085 - R:localhost/127.0.0.1:12593]
14:27:23.243 [Forwarding getCurrentUrl on session 87eceb0d2ff57e1a97eb7724294c1da5 to remote] DEBUG org.asynchttpclient.netty.request.NettyRequestSender - Using pooled Channel '[id: 0xeaeee574, L:/127.0.0.1:59085 - R:localhost/127.0.0.1:12593]' for 'GET' to 'http://localhost:12593/session/87eceb0d2ff57e1a97eb7724294c1da5/url'
14:27:23.243 [Forwarding getCurrentUrl on session 87eceb0d2ff57e1a97eb7724294c1da5 to remote] DEBUG org.asynchttpclient.netty.request.NettyRequestSender - Using open Channel [id: 0xeaeee574, L:/127.0.0.1:59085 - R:localhost/127.0.0.1:12593] for GET '/session/87eceb0d2ff57e1a97eb7724294c1da5/url'
14:27:23.248 [AsyncHttpClient-1-7] DEBUG org.asynchttpclient.netty.handler.HttpHandler - 

Request DefaultFullHttpRequest(decodeResult: success, version: HTTP/1.1, content: EmptyByteBufBE)
GET /session/87eceb0d2ff57e1a97eb7724294c1da5/url HTTP/1.1
User-Agent: selenium/4.8.1 (java windows)
Cache-Control: no-cache
Content-Type: application/json; charset=utf-8
host: localhost:12593
accept: */*

Response DefaultHttpResponse(decodeResult: success, version: HTTP/1.1)
HTTP/1.1 200 OK
Content-Length: 62
Content-Type: application/json; charset=utf-8
cache-control: no-cache

14:27:23.248 [AsyncHttpClient-1-7] DEBUG org.asynchttpclient.netty.channel.ChannelManager - Adding key: http://localhost:12593 for channel [id: 0xeaeee574, L:/127.0.0.1:59085 - R:localhost/127.0.0.1:12593]
14:27:23.248 [Forwarding screenshot on session 87eceb0d2ff57e1a97eb7724294c1da5 to remote] DEBUG org.asynchttpclient.netty.request.NettyRequestSender - Using pooled Channel '[id: 0xeaeee574, L:/127.0.0.1:59085 - R:localhost/127.0.0.1:12593]' for 'GET' to 'http://localhost:12593/session/87eceb0d2ff57e1a97eb7724294c1da5/screenshot'
14:27:23.248 [Forwarding screenshot on session 87eceb0d2ff57e1a97eb7724294c1da5 to remote] DEBUG org.asynchttpclient.netty.request.NettyRequestSender - Using open Channel [id: 0xeaeee574, L:/127.0.0.1:59085 - R:localhost/127.0.0.1:12593] for GET '/session/87eceb0d2ff57e1a97eb7724294c1da5/screenshot'
14:27:23.293 [AsyncHttpClient-1-1] DEBUG org.asynchttpclient.netty.channel.DefaultChannelPool - Entry count for : http://localhost:59086 : 1
14:27:23.425 [AsyncHttpClient-1-7] DEBUG org.asynchttpclient.netty.handler.HttpHandler - 

Request DefaultFullHttpRequest(decodeResult: success, version: HTTP/1.1, content: EmptyByteBufBE)
GET /session/87eceb0d2ff57e1a97eb7724294c1da5/screenshot HTTP/1.1
User-Agent: selenium/4.8.1 (java windows)
Cache-Control: no-cache
Content-Type: application/json; charset=utf-8
host: localhost:12593
accept: */*

Response DefaultHttpResponse(decodeResult: success, version: HTTP/1.1)
HTTP/1.1 200 OK
Content-Length: 111080
Content-Type: application/json; charset=utf-8
cache-control: no-cache

14:27:23.425 [AsyncHttpClient-1-7] DEBUG org.asynchttpclient.netty.channel.ChannelManager - Adding key: http://localhost:12593 for channel [id: 0xeaeee574, L:/127.0.0.1:59085 - R:localhost/127.0.0.1:12593]
14:27:23.440 [main] DEBUG net.serenitybdd.core.photography.Darkroom - Send negative for processing for target\site\serenity\fd3f1fb7800d7e42ecc5a9219308c7f4ae97f3f1d29cfcec2b9d97b0ab174be3.png
14:27:23.440 [Forwarding getPageSource on session 87eceb0d2ff57e1a97eb7724294c1da5 to remote] DEBUG org.asynchttpclient.netty.request.NettyRequestSender - Using pooled Channel '[id: 0xeaeee574, L:/127.0.0.1:59085 - R:localhost/127.0.0.1:12593]' for 'POST' to 'http://localhost:12593/session/87eceb0d2ff57e1a97eb7724294c1da5/execute/sync'
14:27:23.440 [Forwarding getPageSource on session 87eceb0d2ff57e1a97eb7724294c1da5 to remote] DEBUG org.asynchttpclient.netty.request.NettyRequestSender - Using open Channel [id: 0xeaeee574, L:/127.0.0.1:59085 - R:localhost/127.0.0.1:12593] for POST '/session/87eceb0d2ff57e1a97eb7724294c1da5/execute/sync'
14:27:23.462 [AsyncHttpClient-1-7] DEBUG org.asynchttpclient.netty.handler.HttpHandler - 

Request DefaultHttpRequest(decodeResult: success, version: HTTP/1.1)
POST /session/87eceb0d2ff57e1a97eb7724294c1da5/execute/sync HTTP/1.1
User-Agent: selenium/4.8.1 (java windows)
Content-Length: 176
Content-Type: application/json; charset=utf-8
host: localhost:12593
accept: */*

Response DefaultHttpResponse(decodeResult: success, version: HTTP/1.1)
HTTP/1.1 200 OK
Content-Length: 92318
Content-Type: application/json; charset=utf-8
cache-control: no-cache

14:27:23.462 [AsyncHttpClient-1-7] DEBUG org.asynchttpclient.netty.channel.ChannelManager - Adding key: http://localhost:12593 for channel [id: 0xeaeee574, L:/127.0.0.1:59085 - R:localhost/127.0.0.1:12593]
14:27:23.472 [Forwarding getCurrentUrl on session 87eceb0d2ff57e1a97eb7724294c1da5 to remote] DEBUG org.asynchttpclient.netty.request.NettyRequestSender - Using pooled Channel '[id: 0xeaeee574, L:/127.0.0.1:59085 - R:localhost/127.0.0.1:12593]' for 'GET' to 'http://localhost:12593/session/87eceb0d2ff57e1a97eb7724294c1da5/url'
14:27:23.472 [Forwarding getCurrentUrl on session 87eceb0d2ff57e1a97eb7724294c1da5 to remote] DEBUG org.asynchttpclient.netty.request.NettyRequestSender - Using open Channel [id: 0xeaeee574, L:/127.0.0.1:59085 - R:localhost/127.0.0.1:12593] for GET '/session/87eceb0d2ff57e1a97eb7724294c1da5/url'
14:27:23.478 [AsyncHttpClient-1-7] DEBUG org.asynchttpclient.netty.handler.HttpHandler - 

Request DefaultFullHttpRequest(decodeResult: success, version: HTTP/1.1, content: EmptyByteBufBE)
GET /session/87eceb0d2ff57e1a97eb7724294c1da5/url HTTP/1.1
User-Agent: selenium/4.8.1 (java windows)
Cache-Control: no-cache
Content-Type: application/json; charset=utf-8
host: localhost:12593
accept: */*

Response DefaultHttpResponse(decodeResult: success, version: HTTP/1.1)
HTTP/1.1 200 OK
Content-Length: 62
Content-Type: application/json; charset=utf-8
cache-control: no-cache

14:27:23.478 [AsyncHttpClient-1-7] DEBUG org.asynchttpclient.netty.channel.ChannelManager - Adding key: http://localhost:12593 for channel [id: 0xeaeee574, L:/127.0.0.1:59085 - R:localhost/127.0.0.1:12593]
14:27:23.478 [main] DEBUG net.thucydides.core.steps.StepInterceptor - STARTING STEP: Afrexim_OurBank_Contactus_Sendmessage_steps.enter_requests_here - Enter_requestshere
14:27:23.478 [Forwarding findElement on session 87eceb0d2ff57e1a97eb7724294c1da5 to remote] DEBUG org.asynchttpclient.netty.request.NettyRequestSender - Using pooled Channel '[id: 0xeaeee574, L:/127.0.0.1:59085 - R:localhost/127.0.0.1:12593]' for 'POST' to 'http://localhost:12593/session/87eceb0d2ff57e1a97eb7724294c1da5/element'
14:27:23.478 [Forwarding findElement on session 87eceb0d2ff57e1a97eb7724294c1da5 to remote] DEBUG org.asynchttpclient.netty.request.NettyRequestSender - Using open Channel [id: 0xeaeee574, L:/127.0.0.1:59085 - R:localhost/127.0.0.1:12593] for POST '/session/87eceb0d2ff57e1a97eb7724294c1da5/element'
14:27:23.504 [AsyncHttpClient-1-7] DEBUG org.asynchttpclient.netty.handler.HttpHandler - 

Request DefaultHttpRequest(decodeResult: success, version: HTTP/1.1)
POST /session/87eceb0d2ff57e1a97eb7724294c1da5/element HTTP/1.1
User-Agent: selenium/4.8.1 (java windows)
Content-Length: 75
Content-Type: application/json; charset=utf-8
host: localhost:12593
accept: */*

Response DefaultHttpResponse(decodeResult: success, version: HTTP/1.1)
HTTP/1.1 200 OK
Content-Length: 96
Content-Type: application/json; charset=utf-8
cache-control: no-cache

14:27:23.504 [AsyncHttpClient-1-7] DEBUG org.asynchttpclient.netty.channel.ChannelManager - Adding key: http://localhost:12593 for channel [id: 0xeaeee574, L:/127.0.0.1:59085 - R:localhost/127.0.0.1:12593]
14:27:23.504 [Forwarding clearElement on session 87eceb0d2ff57e1a97eb7724294c1da5 to remote] DEBUG org.asynchttpclient.netty.request.NettyRequestSender - Using pooled Channel '[id: 0xeaeee574, L:/127.0.0.1:59085 - R:localhost/127.0.0.1:12593]' for 'POST' to 'http://localhost:12593/session/87eceb0d2ff57e1a97eb7724294c1da5/element/ED5D13787C8B0B69434DDA1B1349AB20_element_131/clear'
14:27:23.504 [Forwarding clearElement on session 87eceb0d2ff57e1a97eb7724294c1da5 to remote] DEBUG org.asynchttpclient.netty.request.NettyRequestSender - Using open Channel [id: 0xeaeee574, L:/127.0.0.1:59085 - R:localhost/127.0.0.1:12593] for POST '/session/87eceb0d2ff57e1a97eb7724294c1da5/element/ED5D13787C8B0B69434DDA1B1349AB20_element_131/clear'
14:27:23.542 [AsyncHttpClient-1-7] DEBUG org.asynchttpclient.netty.handler.HttpHandler - 

Request DefaultHttpRequest(decodeResult: success, version: HTTP/1.1)
POST /session/87eceb0d2ff57e1a97eb7724294c1da5/element/ED5D13787C8B0B69434DDA1B1349AB20_element_131/clear HTTP/1.1
User-Agent: selenium/4.8.1 (java windows)
Content-Length: 58
Content-Type: application/json; charset=utf-8
host: localhost:12593
accept: */*

Response DefaultHttpResponse(decodeResult: success, version: HTTP/1.1)
HTTP/1.1 200 OK
Content-Length: 14
Content-Type: application/json; charset=utf-8
cache-control: no-cache

14:27:23.542 [AsyncHttpClient-1-7] DEBUG org.asynchttpclient.netty.channel.ChannelManager - Adding key: http://localhost:12593 for channel [id: 0xeaeee574, L:/127.0.0.1:59085 - R:localhost/127.0.0.1:12593]
14:27:23.542 [Forwarding sendKeysToElement on session 87eceb0d2ff57e1a97eb7724294c1da5 to remote] DEBUG org.asynchttpclient.netty.request.NettyRequestSender - Using pooled Channel '[id: 0xeaeee574, L:/127.0.0.1:59085 - R:localhost/127.0.0.1:12593]' for 'POST' to 'http://localhost:12593/session/87eceb0d2ff57e1a97eb7724294c1da5/element/ED5D13787C8B0B69434DDA1B1349AB20_element_131/value'
14:27:23.542 [Forwarding sendKeysToElement on session 87eceb0d2ff57e1a97eb7724294c1da5 to remote] DEBUG org.asynchttpclient.netty.request.NettyRequestSender - Using open Channel [id: 0xeaeee574, L:/127.0.0.1:59085 - R:localhost/127.0.0.1:12593] for POST '/session/87eceb0d2ff57e1a97eb7724294c1da5/element/ED5D13787C8B0B69434DDA1B1349AB20_element_131/value'
14:27:23.617 [AsyncHttpClient-1-7] DEBUG org.asynchttpclient.netty.handler.HttpHandler - 

Request DefaultHttpRequest(decodeResult: success, version: HTTP/1.1)
POST /session/87eceb0d2ff57e1a97eb7724294c1da5/element/ED5D13787C8B0B69434DDA1B1349AB20_element_131/value HTTP/1.1
User-Agent: selenium/4.8.1 (java windows)
Content-Length: 219
Content-Type: application/json; charset=utf-8
host: localhost:12593
accept: */*

Response DefaultHttpResponse(decodeResult: success, version: HTTP/1.1)
HTTP/1.1 200 OK
Content-Length: 14
Content-Type: application/json; charset=utf-8
cache-control: no-cache

14:27:23.617 [AsyncHttpClient-1-7] DEBUG org.asynchttpclient.netty.channel.ChannelManager - Adding key: http://localhost:12593 for channel [id: 0xeaeee574, L:/127.0.0.1:59085 - R:localhost/127.0.0.1:12593]
14:27:23.617 [Forwarding sendKeysToElement on session 87eceb0d2ff57e1a97eb7724294c1da5 to remote] DEBUG org.asynchttpclient.netty.request.NettyRequestSender - Using pooled Channel '[id: 0xeaeee574, L:/127.0.0.1:59085 - R:localhost/127.0.0.1:12593]' for 'POST' to 'http://localhost:12593/session/87eceb0d2ff57e1a97eb7724294c1da5/element/ED5D13787C8B0B69434DDA1B1349AB20_element_131/value'
14:27:23.617 [Forwarding sendKeysToElement on session 87eceb0d2ff57e1a97eb7724294c1da5 to remote] DEBUG org.asynchttpclient.netty.request.NettyRequestSender - Using open Channel [id: 0xeaeee574, L:/127.0.0.1:59085 - R:localhost/127.0.0.1:12593] for POST '/session/87eceb0d2ff57e1a97eb7724294c1da5/element/ED5D13787C8B0B69434DDA1B1349AB20_element_131/value'
14:27:23.707 [AsyncHttpClient-1-7] DEBUG org.asynchttpclient.netty.handler.HttpHandler - 

Request DefaultHttpRequest(decodeResult: success, version: HTTP/1.1)
POST /session/87eceb0d2ff57e1a97eb7724294c1da5/element/ED5D13787C8B0B69434DDA1B1349AB20_element_131/value HTTP/1.1
User-Agent: selenium/4.8.1 (java windows)
Content-Length: 103
Content-Type: application/json; charset=utf-8
host: localhost:12593
accept: */*

Response DefaultHttpResponse(decodeResult: success, version: HTTP/1.1)
HTTP/1.1 200 OK
Content-Length: 14
Content-Type: application/json; charset=utf-8
cache-control: no-cache

14:27:23.707 [AsyncHttpClient-1-7] DEBUG org.asynchttpclient.netty.channel.ChannelManager - Adding key: http://localhost:12593 for channel [id: 0xeaeee574, L:/127.0.0.1:59085 - R:localhost/127.0.0.1:12593]
14:27:23.719 [Forwarding getAlertText on session 87eceb0d2ff57e1a97eb7724294c1da5 to remote] DEBUG org.asynchttpclient.netty.request.NettyRequestSender - Using pooled Channel '[id: 0xeaeee574, L:/127.0.0.1:59085 - R:localhost/127.0.0.1:12593]' for 'GET' to 'http://localhost:12593/session/87eceb0d2ff57e1a97eb7724294c1da5/alert/text'
14:27:23.719 [Forwarding getAlertText on session 87eceb0d2ff57e1a97eb7724294c1da5 to remote] DEBUG org.asynchttpclient.netty.request.NettyRequestSender - Using open Channel [id: 0xeaeee574, L:/127.0.0.1:59085 - R:localhost/127.0.0.1:12593] for GET '/session/87eceb0d2ff57e1a97eb7724294c1da5/alert/text'
14:27:23.743 [AsyncHttpClient-1-7] DEBUG org.asynchttpclient.netty.handler.HttpHandler - 

Request DefaultFullHttpRequest(decodeResult: success, version: HTTP/1.1, content: EmptyByteBufBE)
GET /session/87eceb0d2ff57e1a97eb7724294c1da5/alert/text HTTP/1.1
User-Agent: selenium/4.8.1 (java windows)
Cache-Control: no-cache
Content-Type: application/json; charset=utf-8
host: localhost:12593
accept: */*

Response DefaultHttpResponse(decodeResult: success, version: HTTP/1.1)
HTTP/1.1 404 Not Found
Content-Length: 821
Content-Type: application/json; charset=utf-8
cache-control: no-cache

14:27:23.743 [AsyncHttpClient-1-7] DEBUG org.asynchttpclient.netty.channel.ChannelManager - Adding key: http://localhost:12593 for channel [id: 0xeaeee574, L:/127.0.0.1:59085 - R:localhost/127.0.0.1:12593]
14:27:23.745 [Forwarding getCurrentUrl on session 87eceb0d2ff57e1a97eb7724294c1da5 to remote] DEBUG org.asynchttpclient.netty.request.NettyRequestSender - Using pooled Channel '[id: 0xeaeee574, L:/127.0.0.1:59085 - R:localhost/127.0.0.1:12593]' for 'GET' to 'http://localhost:12593/session/87eceb0d2ff57e1a97eb7724294c1da5/url'
14:27:23.745 [Forwarding getCurrentUrl on session 87eceb0d2ff57e1a97eb7724294c1da5 to remote] DEBUG org.asynchttpclient.netty.request.NettyRequestSender - Using open Channel [id: 0xeaeee574, L:/127.0.0.1:59085 - R:localhost/127.0.0.1:12593] for GET '/session/87eceb0d2ff57e1a97eb7724294c1da5/url'
14:27:23.770 [AsyncHttpClient-1-7] DEBUG org.asynchttpclient.netty.handler.HttpHandler - 

Request DefaultFullHttpRequest(decodeResult: success, version: HTTP/1.1, content: EmptyByteBufBE)
GET /session/87eceb0d2ff57e1a97eb7724294c1da5/url HTTP/1.1
User-Agent: selenium/4.8.1 (java windows)
Cache-Control: no-cache
Content-Type: application/json; charset=utf-8
host: localhost:12593
accept: */*

Response DefaultHttpResponse(decodeResult: success, version: HTTP/1.1)
HTTP/1.1 200 OK
Content-Length: 62
Content-Type: application/json; charset=utf-8
cache-control: no-cache

14:27:23.770 [AsyncHttpClient-1-7] DEBUG org.asynchttpclient.netty.channel.ChannelManager - Adding key: http://localhost:12593 for channel [id: 0xeaeee574, L:/127.0.0.1:59085 - R:localhost/127.0.0.1:12593]
14:27:23.779 [Forwarding screenshot on session 87eceb0d2ff57e1a97eb7724294c1da5 to remote] DEBUG org.asynchttpclient.netty.request.NettyRequestSender - Using pooled Channel '[id: 0xeaeee574, L:/127.0.0.1:59085 - R:localhost/127.0.0.1:12593]' for 'GET' to 'http://localhost:12593/session/87eceb0d2ff57e1a97eb7724294c1da5/screenshot'
14:27:23.779 [Forwarding screenshot on session 87eceb0d2ff57e1a97eb7724294c1da5 to remote] DEBUG org.asynchttpclient.netty.request.NettyRequestSender - Using open Channel [id: 0xeaeee574, L:/127.0.0.1:59085 - R:localhost/127.0.0.1:12593] for GET '/session/87eceb0d2ff57e1a97eb7724294c1da5/screenshot'
14:27:23.996 [AsyncHttpClient-1-7] DEBUG org.asynchttpclient.netty.handler.HttpHandler - 

Request DefaultFullHttpRequest(decodeResult: success, version: HTTP/1.1, content: EmptyByteBufBE)
GET /session/87eceb0d2ff57e1a97eb7724294c1da5/screenshot HTTP/1.1
User-Agent: selenium/4.8.1 (java windows)
Cache-Control: no-cache
Content-Type: application/json; charset=utf-8
host: localhost:12593
accept: */*

Response DefaultHttpResponse(decodeResult: success, version: HTTP/1.1)
HTTP/1.1 200 OK
Content-Length: 98140
Content-Type: application/json; charset=utf-8
cache-control: no-cache

14:27:23.996 [AsyncHttpClient-1-7] DEBUG org.asynchttpclient.netty.channel.ChannelManager - Adding key: http://localhost:12593 for channel [id: 0xeaeee574, L:/127.0.0.1:59085 - R:localhost/127.0.0.1:12593]
14:27:24.001 [main] DEBUG net.serenitybdd.core.photography.Darkroom - Send negative for processing for target\site\serenity\0af9f394de55ea6667ef5b3e8a55a12a870a47040bd55592bed375bc1302746f.png
14:27:24.001 [main] DEBUG net.thucydides.core.steps.StepInterceptor - STEP DONE: Enter_requestshere
14:27:24.001 [Darkroom Processing Line] DEBUG net.serenitybdd.core.photography.DarkroomProcessingLine - Processing screenshot image in /var/screenshots/screenshot-6388635404087437234
14:27:24.001 [Darkroom Processing Line] DEBUG net.serenitybdd.core.photography.DarkroomProcessingLine - Saving screenshot to target\site\serenity\0af9f394de55ea6667ef5b3e8a55a12a870a47040bd55592bed375bc1302746f.png
14:27:24.014 [Forwarding getPageSource on session 87eceb0d2ff57e1a97eb7724294c1da5 to remote] DEBUG org.asynchttpclient.netty.request.NettyRequestSender - Using pooled Channel '[id: 0xeaeee574, L:/127.0.0.1:59085 - R:localhost/127.0.0.1:12593]' for 'POST' to 'http://localhost:12593/session/87eceb0d2ff57e1a97eb7724294c1da5/execute/sync'
14:27:24.014 [Forwarding getPageSource on session 87eceb0d2ff57e1a97eb7724294c1da5 to remote] DEBUG org.asynchttpclient.netty.request.NettyRequestSender - Using open Channel [id: 0xeaeee574, L:/127.0.0.1:59085 - R:localhost/127.0.0.1:12593] for POST '/session/87eceb0d2ff57e1a97eb7724294c1da5/execute/sync'
14:27:24.044 [AsyncHttpClient-1-7] DEBUG org.asynchttpclient.netty.handler.HttpHandler - 

Request DefaultHttpRequest(decodeResult: success, version: HTTP/1.1)
POST /session/87eceb0d2ff57e1a97eb7724294c1da5/execute/sync HTTP/1.1
User-Agent: selenium/4.8.1 (java windows)
Content-Length: 176
Content-Type: application/json; charset=utf-8
host: localhost:12593
accept: */*

Response DefaultHttpResponse(decodeResult: success, version: HTTP/1.1)
HTTP/1.1 200 OK
Content-Length: 92318
Content-Type: application/json; charset=utf-8
cache-control: no-cache

14:27:24.044 [AsyncHttpClient-1-7] DEBUG org.asynchttpclient.netty.channel.ChannelManager - Adding key: http://localhost:12593 for channel [id: 0xeaeee574, L:/127.0.0.1:59085 - R:localhost/127.0.0.1:12593]
14:27:24.065 [Forwarding getCurrentUrl on session 87eceb0d2ff57e1a97eb7724294c1da5 to remote] DEBUG org.asynchttpclient.netty.request.NettyRequestSender - Using pooled Channel '[id: 0xeaeee574, L:/127.0.0.1:59085 - R:localhost/127.0.0.1:12593]' for 'GET' to 'http://localhost:12593/session/87eceb0d2ff57e1a97eb7724294c1da5/url'
14:27:24.065 [Forwarding getCurrentUrl on session 87eceb0d2ff57e1a97eb7724294c1da5 to remote] DEBUG org.asynchttpclient.netty.request.NettyRequestSender - Using open Channel [id: 0xeaeee574, L:/127.0.0.1:59085 - R:localhost/127.0.0.1:12593] for GET '/session/87eceb0d2ff57e1a97eb7724294c1da5/url'
14:27:24.076 [AsyncHttpClient-1-7] DEBUG org.asynchttpclient.netty.handler.HttpHandler - 

Request DefaultFullHttpRequest(decodeResult: success, version: HTTP/1.1, content: EmptyByteBufBE)
GET /session/87eceb0d2ff57e1a97eb7724294c1da5/url HTTP/1.1
User-Agent: selenium/4.8.1 (java windows)
Cache-Control: no-cache
Content-Type: application/json; charset=utf-8
host: localhost:12593
accept: */*

Response DefaultHttpResponse(decodeResult: success, version: HTTP/1.1)
HTTP/1.1 200 OK
Content-Length: 62
Content-Type: application/json; charset=utf-8
cache-control: no-cache

14:27:24.076 [AsyncHttpClient-1-7] DEBUG org.asynchttpclient.netty.channel.ChannelManager - Adding key: http://localhost:12593 for channel [id: 0xeaeee574, L:/127.0.0.1:59085 - R:localhost/127.0.0.1:12593]
14:27:24.091 [Forwarding getAlertText on session 87eceb0d2ff57e1a97eb7724294c1da5 to remote] DEBUG org.asynchttpclient.netty.request.NettyRequestSender - Using pooled Channel '[id: 0xeaeee574, L:/127.0.0.1:59085 - R:localhost/127.0.0.1:12593]' for 'GET' to 'http://localhost:12593/session/87eceb0d2ff57e1a97eb7724294c1da5/alert/text'
14:27:24.091 [Forwarding getAlertText on session 87eceb0d2ff57e1a97eb7724294c1da5 to remote] DEBUG org.asynchttpclient.netty.request.NettyRequestSender - Using open Channel [id: 0xeaeee574, L:/127.0.0.1:59085 - R:localhost/127.0.0.1:12593] for GET '/session/87eceb0d2ff57e1a97eb7724294c1da5/alert/text'
14:27:24.091 [AsyncHttpClient-1-7] DEBUG org.asynchttpclient.netty.handler.HttpHandler - 

Request DefaultFullHttpRequest(decodeResult: success, version: HTTP/1.1, content: EmptyByteBufBE)
GET /session/87eceb0d2ff57e1a97eb7724294c1da5/alert/text HTTP/1.1
User-Agent: selenium/4.8.1 (java windows)
Cache-Control: no-cache
Content-Type: application/json; charset=utf-8
host: localhost:12593
accept: */*

Response DefaultHttpResponse(decodeResult: success, version: HTTP/1.1)
HTTP/1.1 404 Not Found
Content-Length: 821
Content-Type: application/json; charset=utf-8
cache-control: no-cache

14:27:24.091 [AsyncHttpClient-1-7] DEBUG org.asynchttpclient.netty.channel.ChannelManager - Adding key: http://localhost:12593 for channel [id: 0xeaeee574, L:/127.0.0.1:59085 - R:localhost/127.0.0.1:12593]
14:27:24.391 [AsyncHttpClient-1-1] DEBUG org.asynchttpclient.netty.channel.DefaultChannelPool - Entry count for : http://localhost:59086 : 1
14:27:24.391 [AsyncHttpClient-1-1] DEBUG org.asynchttpclient.netty.channel.DefaultChannelPool - Entry count for : http://localhost:12593 : 1
14:27:24.598 [Forwarding getAlertText on session 87eceb0d2ff57e1a97eb7724294c1da5 to remote] DEBUG org.asynchttpclient.netty.request.NettyRequestSender - Using pooled Channel '[id: 0xeaeee574, L:/127.0.0.1:59085 - R:localhost/127.0.0.1:12593]' for 'GET' to 'http://localhost:12593/session/87eceb0d2ff57e1a97eb7724294c1da5/alert/text'
14:27:24.598 [Forwarding getAlertText on session 87eceb0d2ff57e1a97eb7724294c1da5 to remote] DEBUG org.asynchttpclient.netty.request.NettyRequestSender - Using open Channel [id: 0xeaeee574, L:/127.0.0.1:59085 - R:localhost/127.0.0.1:12593] for GET '/session/87eceb0d2ff57e1a97eb7724294c1da5/alert/text'
14:27:24.598 [AsyncHttpClient-1-7] DEBUG org.asynchttpclient.netty.handler.HttpHandler - 

Request DefaultFullHttpRequest(decodeResult: success, version: HTTP/1.1, content: EmptyByteBufBE)
GET /session/87eceb0d2ff57e1a97eb7724294c1da5/alert/text HTTP/1.1
User-Agent: selenium/4.8.1 (java windows)
Cache-Control: no-cache
Content-Type: application/json; charset=utf-8
host: localhost:12593
accept: */*

Response DefaultHttpResponse(decodeResult: success, version: HTTP/1.1)
HTTP/1.1 404 Not Found
Content-Length: 821
Content-Type: application/json; charset=utf-8
cache-control: no-cache

14:27:24.598 [AsyncHttpClient-1-7] DEBUG org.asynchttpclient.netty.channel.ChannelManager - Adding key: http://localhost:12593 for channel [id: 0xeaeee574, L:/127.0.0.1:59085 - R:localhost/127.0.0.1:12593]
14:27:24.598 [Forwarding getCurrentUrl on session 87eceb0d2ff57e1a97eb7724294c1da5 to remote] DEBUG org.asynchttpclient.netty.request.NettyRequestSender - Using pooled Channel '[id: 0xeaeee574, L:/127.0.0.1:59085 - R:localhost/127.0.0.1:12593]' for 'GET' to 'http://localhost:12593/session/87eceb0d2ff57e1a97eb7724294c1da5/url'
14:27:24.598 [Forwarding getCurrentUrl on session 87eceb0d2ff57e1a97eb7724294c1da5 to remote] DEBUG org.asynchttpclient.netty.request.NettyRequestSender - Using open Channel [id: 0xeaeee574, L:/127.0.0.1:59085 - R:localhost/127.0.0.1:12593] for GET '/session/87eceb0d2ff57e1a97eb7724294c1da5/url'
14:27:24.615 [AsyncHttpClient-1-7] DEBUG org.asynchttpclient.netty.handler.HttpHandler - 

Request DefaultFullHttpRequest(decodeResult: success, version: HTTP/1.1, content: EmptyByteBufBE)
GET /session/87eceb0d2ff57e1a97eb7724294c1da5/url HTTP/1.1
User-Agent: selenium/4.8.1 (java windows)
Cache-Control: no-cache
Content-Type: application/json; charset=utf-8
host: localhost:12593
accept: */*

Response DefaultHttpResponse(decodeResult: success, version: HTTP/1.1)
HTTP/1.1 200 OK
Content-Length: 62
Content-Type: application/json; charset=utf-8
cache-control: no-cache

14:27:24.615 [AsyncHttpClient-1-7] DEBUG org.asynchttpclient.netty.channel.ChannelManager - Adding key: http://localhost:12593 for channel [id: 0xeaeee574, L:/127.0.0.1:59085 - R:localhost/127.0.0.1:12593]
14:27:24.615 [Forwarding screenshot on session 87eceb0d2ff57e1a97eb7724294c1da5 to remote] DEBUG org.asynchttpclient.netty.request.NettyRequestSender - Using pooled Channel '[id: 0xeaeee574, L:/127.0.0.1:59085 - R:localhost/127.0.0.1:12593]' for 'GET' to 'http://localhost:12593/session/87eceb0d2ff57e1a97eb7724294c1da5/screenshot'
14:27:24.615 [Forwarding screenshot on session 87eceb0d2ff57e1a97eb7724294c1da5 to remote] DEBUG org.asynchttpclient.netty.request.NettyRequestSender - Using open Channel [id: 0xeaeee574, L:/127.0.0.1:59085 - R:localhost/127.0.0.1:12593] for GET '/session/87eceb0d2ff57e1a97eb7724294c1da5/screenshot'
14:27:24.865 [AsyncHttpClient-1-7] DEBUG org.asynchttpclient.netty.handler.HttpHandler - 

Request DefaultFullHttpRequest(decodeResult: success, version: HTTP/1.1, content: EmptyByteBufBE)
GET /session/87eceb0d2ff57e1a97eb7724294c1da5/screenshot HTTP/1.1
User-Agent: selenium/4.8.1 (java windows)
Cache-Control: no-cache
Content-Type: application/json; charset=utf-8
host: localhost:12593
accept: */*

Response DefaultHttpResponse(decodeResult: success, version: HTTP/1.1)
HTTP/1.1 200 OK
Content-Length: 98140
Content-Type: application/json; charset=utf-8
cache-control: no-cache

14:27:24.865 [AsyncHttpClient-1-7] DEBUG org.asynchttpclient.netty.channel.ChannelManager - Adding key: http://localhost:12593 for channel [id: 0xeaeee574, L:/127.0.0.1:59085 - R:localhost/127.0.0.1:12593]
14:27:24.873 [main] DEBUG net.serenitybdd.core.photography.Darkroom - Send negative for processing for target\site\serenity\0af9f394de55ea6667ef5b3e8a55a12a870a47040bd55592bed375bc1302746f.png
14:27:24.876 [Forwarding getPageSource on session 87eceb0d2ff57e1a97eb7724294c1da5 to remote] DEBUG org.asynchttpclient.netty.request.NettyRequestSender - Using pooled Channel '[id: 0xeaeee574, L:/127.0.0.1:59085 - R:localhost/127.0.0.1:12593]' for 'POST' to 'http://localhost:12593/session/87eceb0d2ff57e1a97eb7724294c1da5/execute/sync'
14:27:24.876 [Forwarding getPageSource on session 87eceb0d2ff57e1a97eb7724294c1da5 to remote] DEBUG org.asynchttpclient.netty.request.NettyRequestSender - Using open Channel [id: 0xeaeee574, L:/127.0.0.1:59085 - R:localhost/127.0.0.1:12593] for POST '/session/87eceb0d2ff57e1a97eb7724294c1da5/execute/sync'
14:27:24.920 [AsyncHttpClient-1-7] DEBUG org.asynchttpclient.netty.handler.HttpHandler - 

Request DefaultHttpRequest(decodeResult: success, version: HTTP/1.1)
POST /session/87eceb0d2ff57e1a97eb7724294c1da5/execute/sync HTTP/1.1
User-Agent: selenium/4.8.1 (java windows)
Content-Length: 176
Content-Type: application/json; charset=utf-8
host: localhost:12593
accept: */*

Response DefaultHttpResponse(decodeResult: success, version: HTTP/1.1)
HTTP/1.1 200 OK
Content-Length: 92318
Content-Type: application/json; charset=utf-8
cache-control: no-cache

14:27:24.920 [AsyncHttpClient-1-7] DEBUG org.asynchttpclient.netty.channel.ChannelManager - Adding key: http://localhost:12593 for channel [id: 0xeaeee574, L:/127.0.0.1:59085 - R:localhost/127.0.0.1:12593]
14:27:24.940 [Forwarding getCurrentUrl on session 87eceb0d2ff57e1a97eb7724294c1da5 to remote] DEBUG org.asynchttpclient.netty.request.NettyRequestSender - Using pooled Channel '[id: 0xeaeee574, L:/127.0.0.1:59085 - R:localhost/127.0.0.1:12593]' for 'GET' to 'http://localhost:12593/session/87eceb0d2ff57e1a97eb7724294c1da5/url'
14:27:24.940 [Forwarding getCurrentUrl on session 87eceb0d2ff57e1a97eb7724294c1da5 to remote] DEBUG org.asynchttpclient.netty.request.NettyRequestSender - Using open Channel [id: 0xeaeee574, L:/127.0.0.1:59085 - R:localhost/127.0.0.1:12593] for GET '/session/87eceb0d2ff57e1a97eb7724294c1da5/url'
14:27:24.951 [AsyncHttpClient-1-7] DEBUG org.asynchttpclient.netty.handler.HttpHandler - 

Request DefaultFullHttpRequest(decodeResult: success, version: HTTP/1.1, content: EmptyByteBufBE)
GET /session/87eceb0d2ff57e1a97eb7724294c1da5/url HTTP/1.1
User-Agent: selenium/4.8.1 (java windows)
Cache-Control: no-cache
Content-Type: application/json; charset=utf-8
host: localhost:12593
accept: */*

Response DefaultHttpResponse(decodeResult: success, version: HTTP/1.1)
HTTP/1.1 200 OK
Content-Length: 62
Content-Type: application/json; charset=utf-8
cache-control: no-cache

14:27:24.951 [AsyncHttpClient-1-7] DEBUG org.asynchttpclient.netty.channel.ChannelManager - Adding key: http://localhost:12593 for channel [id: 0xeaeee574, L:/127.0.0.1:59085 - R:localhost/127.0.0.1:12593]
14:27:24.951 [main] DEBUG net.thucydides.core.steps.StepInterceptor - STARTING STEP: Afrexim_OurBank_Contactus_Sendmessage_steps.click_confirm_check_box - Click_confirmcheckbox
14:27:24.967 [Forwarding findElement on session 87eceb0d2ff57e1a97eb7724294c1da5 to remote] DEBUG org.asynchttpclient.netty.request.NettyRequestSender - Using pooled Channel '[id: 0xeaeee574, L:/127.0.0.1:59085 - R:localhost/127.0.0.1:12593]' for 'POST' to 'http://localhost:12593/session/87eceb0d2ff57e1a97eb7724294c1da5/element'
14:27:24.967 [Forwarding findElement on session 87eceb0d2ff57e1a97eb7724294c1da5 to remote] DEBUG org.asynchttpclient.netty.request.NettyRequestSender - Using open Channel [id: 0xeaeee574, L:/127.0.0.1:59085 - R:localhost/127.0.0.1:12593] for POST '/session/87eceb0d2ff57e1a97eb7724294c1da5/element'
14:27:24.993 [AsyncHttpClient-1-7] DEBUG org.asynchttpclient.netty.handler.HttpHandler - 

Request DefaultHttpRequest(decodeResult: success, version: HTTP/1.1)
POST /session/87eceb0d2ff57e1a97eb7724294c1da5/element HTTP/1.1
User-Agent: selenium/4.8.1 (java windows)
Content-Length: 78
Content-Type: application/json; charset=utf-8
host: localhost:12593
accept: */*

Response DefaultHttpResponse(decodeResult: success, version: HTTP/1.1)
HTTP/1.1 200 OK
Content-Length: 96
Content-Type: application/json; charset=utf-8
cache-control: no-cache

14:27:24.993 [AsyncHttpClient-1-7] DEBUG org.asynchttpclient.netty.channel.ChannelManager - Adding key: http://localhost:12593 for channel [id: 0xeaeee574, L:/127.0.0.1:59085 - R:localhost/127.0.0.1:12593]
14:27:24.998 [Forwarding getElementTagName on session 87eceb0d2ff57e1a97eb7724294c1da5 to remote] DEBUG org.asynchttpclient.netty.request.NettyRequestSender - Using pooled Channel '[id: 0xeaeee574, L:/127.0.0.1:59085 - R:localhost/127.0.0.1:12593]' for 'GET' to 'http://localhost:12593/session/87eceb0d2ff57e1a97eb7724294c1da5/element/ED5D13787C8B0B69434DDA1B1349AB20_element_135/name'
14:27:24.998 [Forwarding getElementTagName on session 87eceb0d2ff57e1a97eb7724294c1da5 to remote] DEBUG org.asynchttpclient.netty.request.NettyRequestSender - Using open Channel [id: 0xeaeee574, L:/127.0.0.1:59085 - R:localhost/127.0.0.1:12593] for GET '/session/87eceb0d2ff57e1a97eb7724294c1da5/element/ED5D13787C8B0B69434DDA1B1349AB20_element_135/name'
14:27:25.019 [AsyncHttpClient-1-7] DEBUG org.asynchttpclient.netty.handler.HttpHandler - 

Request DefaultFullHttpRequest(decodeResult: success, version: HTTP/1.1, content: EmptyByteBufBE)
GET /session/87eceb0d2ff57e1a97eb7724294c1da5/element/ED5D13787C8B0B69434DDA1B1349AB20_element_135/name HTTP/1.1
User-Agent: selenium/4.8.1 (java windows)
Cache-Control: no-cache
Content-Type: application/json; charset=utf-8
host: localhost:12593
accept: */*

Response DefaultHttpResponse(decodeResult: success, version: HTTP/1.1)
HTTP/1.1 200 OK
Content-Length: 14
Content-Type: application/json; charset=utf-8
cache-control: no-cache

14:27:25.019 [AsyncHttpClient-1-7] DEBUG org.asynchttpclient.netty.channel.ChannelManager - Adding key: http://localhost:12593 for channel [id: 0xeaeee574, L:/127.0.0.1:59085 - R:localhost/127.0.0.1:12593]
14:27:25.019 [Forwarding getElementTagName on session 87eceb0d2ff57e1a97eb7724294c1da5 to remote] DEBUG org.asynchttpclient.netty.request.NettyRequestSender - Using pooled Channel '[id: 0xeaeee574, L:/127.0.0.1:59085 - R:localhost/127.0.0.1:12593]' for 'GET' to 'http://localhost:12593/session/87eceb0d2ff57e1a97eb7724294c1da5/element/ED5D13787C8B0B69434DDA1B1349AB20_element_135/name'
14:27:25.019 [Forwarding getElementTagName on session 87eceb0d2ff57e1a97eb7724294c1da5 to remote] DEBUG org.asynchttpclient.netty.request.NettyRequestSender - Using open Channel [id: 0xeaeee574, L:/127.0.0.1:59085 - R:localhost/127.0.0.1:12593] for GET '/session/87eceb0d2ff57e1a97eb7724294c1da5/element/ED5D13787C8B0B69434DDA1B1349AB20_element_135/name'
14:27:25.035 [AsyncHttpClient-1-7] DEBUG org.asynchttpclient.netty.handler.HttpHandler - 

Request DefaultFullHttpRequest(decodeResult: success, version: HTTP/1.1, content: EmptyByteBufBE)
GET /session/87eceb0d2ff57e1a97eb7724294c1da5/element/ED5D13787C8B0B69434DDA1B1349AB20_element_135/name HTTP/1.1
User-Agent: selenium/4.8.1 (java windows)
Cache-Control: no-cache
Content-Type: application/json; charset=utf-8
host: localhost:12593
accept: */*

Response DefaultHttpResponse(decodeResult: success, version: HTTP/1.1)
HTTP/1.1 200 OK
Content-Length: 14
Content-Type: application/json; charset=utf-8
cache-control: no-cache

14:27:25.035 [AsyncHttpClient-1-7] DEBUG org.asynchttpclient.netty.channel.ChannelManager - Adding key: http://localhost:12593 for channel [id: 0xeaeee574, L:/127.0.0.1:59085 - R:localhost/127.0.0.1:12593]
14:27:25.040 [Forwarding findElement on session 87eceb0d2ff57e1a97eb7724294c1da5 to remote] DEBUG org.asynchttpclient.netty.request.NettyRequestSender - Using pooled Channel '[id: 0xeaeee574, L:/127.0.0.1:59085 - R:localhost/127.0.0.1:12593]' for 'POST' to 'http://localhost:12593/session/87eceb0d2ff57e1a97eb7724294c1da5/element'
14:27:25.040 [Forwarding findElement on session 87eceb0d2ff57e1a97eb7724294c1da5 to remote] DEBUG org.asynchttpclient.netty.request.NettyRequestSender - Using open Channel [id: 0xeaeee574, L:/127.0.0.1:59085 - R:localhost/127.0.0.1:12593] for POST '/session/87eceb0d2ff57e1a97eb7724294c1da5/element'
14:27:25.061 [AsyncHttpClient-1-7] DEBUG org.asynchttpclient.netty.handler.HttpHandler - 

Request DefaultHttpRequest(decodeResult: success, version: HTTP/1.1)
POST /session/87eceb0d2ff57e1a97eb7724294c1da5/element HTTP/1.1
User-Agent: selenium/4.8.1 (java windows)
Content-Length: 78
Content-Type: application/json; charset=utf-8
host: localhost:12593
accept: */*

Response DefaultHttpResponse(decodeResult: success, version: HTTP/1.1)
HTTP/1.1 200 OK
Content-Length: 96
Content-Type: application/json; charset=utf-8
cache-control: no-cache

14:27:25.061 [AsyncHttpClient-1-7] DEBUG org.asynchttpclient.netty.channel.ChannelManager - Adding key: http://localhost:12593 for channel [id: 0xeaeee574, L:/127.0.0.1:59085 - R:localhost/127.0.0.1:12593]
14:27:25.061 [Forwarding clickElement on session 87eceb0d2ff57e1a97eb7724294c1da5 to remote] DEBUG org.asynchttpclient.netty.request.NettyRequestSender - Using pooled Channel '[id: 0xeaeee574, L:/127.0.0.1:59085 - R:localhost/127.0.0.1:12593]' for 'POST' to 'http://localhost:12593/session/87eceb0d2ff57e1a97eb7724294c1da5/element/ED5D13787C8B0B69434DDA1B1349AB20_element_135/click'
14:27:25.061 [Forwarding clickElement on session 87eceb0d2ff57e1a97eb7724294c1da5 to remote] DEBUG org.asynchttpclient.netty.request.NettyRequestSender - Using open Channel [id: 0xeaeee574, L:/127.0.0.1:59085 - R:localhost/127.0.0.1:12593] for POST '/session/87eceb0d2ff57e1a97eb7724294c1da5/element/ED5D13787C8B0B69434DDA1B1349AB20_element_135/click'
14:27:25.176 [AsyncHttpClient-1-7] DEBUG org.asynchttpclient.netty.handler.HttpHandler - 

Request DefaultHttpRequest(decodeResult: success, version: HTTP/1.1)
POST /session/87eceb0d2ff57e1a97eb7724294c1da5/element/ED5D13787C8B0B69434DDA1B1349AB20_element_135/click HTTP/1.1
User-Agent: selenium/4.8.1 (java windows)
Content-Length: 58
Content-Type: application/json; charset=utf-8
host: localhost:12593
accept: */*

Response DefaultHttpResponse(decodeResult: success, version: HTTP/1.1)
HTTP/1.1 200 OK
Content-Length: 14
Content-Type: application/json; charset=utf-8
cache-control: no-cache

14:27:25.176 [AsyncHttpClient-1-7] DEBUG org.asynchttpclient.netty.channel.ChannelManager - Adding key: http://localhost:12593 for channel [id: 0xeaeee574, L:/127.0.0.1:59085 - R:localhost/127.0.0.1:12593]
14:27:25.188 [Forwarding getAlertText on session 87eceb0d2ff57e1a97eb7724294c1da5 to remote] DEBUG org.asynchttpclient.netty.request.NettyRequestSender - Using pooled Channel '[id: 0xeaeee574, L:/127.0.0.1:59085 - R:localhost/127.0.0.1:12593]' for 'GET' to 'http://localhost:12593/session/87eceb0d2ff57e1a97eb7724294c1da5/alert/text'
14:27:25.188 [Forwarding getAlertText on session 87eceb0d2ff57e1a97eb7724294c1da5 to remote] DEBUG org.asynchttpclient.netty.request.NettyRequestSender - Using open Channel [id: 0xeaeee574, L:/127.0.0.1:59085 - R:localhost/127.0.0.1:12593] for GET '/session/87eceb0d2ff57e1a97eb7724294c1da5/alert/text'
14:27:25.196 [AsyncHttpClient-1-7] DEBUG org.asynchttpclient.netty.handler.HttpHandler - 

Request DefaultFullHttpRequest(decodeResult: success, version: HTTP/1.1, content: EmptyByteBufBE)
GET /session/87eceb0d2ff57e1a97eb7724294c1da5/alert/text HTTP/1.1
User-Agent: selenium/4.8.1 (java windows)
Cache-Control: no-cache
Content-Type: application/json; charset=utf-8
host: localhost:12593
accept: */*

Response DefaultHttpResponse(decodeResult: success, version: HTTP/1.1)
HTTP/1.1 404 Not Found
Content-Length: 821
Content-Type: application/json; charset=utf-8
cache-control: no-cache

14:27:25.196 [AsyncHttpClient-1-7] DEBUG org.asynchttpclient.netty.channel.ChannelManager - Adding key: http://localhost:12593 for channel [id: 0xeaeee574, L:/127.0.0.1:59085 - R:localhost/127.0.0.1:12593]
14:27:25.200 [Forwarding getCurrentUrl on session 87eceb0d2ff57e1a97eb7724294c1da5 to remote] DEBUG org.asynchttpclient.netty.request.NettyRequestSender - Using pooled Channel '[id: 0xeaeee574, L:/127.0.0.1:59085 - R:localhost/127.0.0.1:12593]' for 'GET' to 'http://localhost:12593/session/87eceb0d2ff57e1a97eb7724294c1da5/url'
14:27:25.200 [Forwarding getCurrentUrl on session 87eceb0d2ff57e1a97eb7724294c1da5 to remote] DEBUG org.asynchttpclient.netty.request.NettyRequestSender - Using open Channel [id: 0xeaeee574, L:/127.0.0.1:59085 - R:localhost/127.0.0.1:12593] for GET '/session/87eceb0d2ff57e1a97eb7724294c1da5/url'
14:27:25.212 [AsyncHttpClient-1-7] DEBUG org.asynchttpclient.netty.handler.HttpHandler - 

Request DefaultFullHttpRequest(decodeResult: success, version: HTTP/1.1, content: EmptyByteBufBE)
GET /session/87eceb0d2ff57e1a97eb7724294c1da5/url HTTP/1.1
User-Agent: selenium/4.8.1 (java windows)
Cache-Control: no-cache
Content-Type: application/json; charset=utf-8
host: localhost:12593
accept: */*

Response DefaultHttpResponse(decodeResult: success, version: HTTP/1.1)
HTTP/1.1 200 OK
Content-Length: 62
Content-Type: application/json; charset=utf-8
cache-control: no-cache

14:27:25.212 [AsyncHttpClient-1-7] DEBUG org.asynchttpclient.netty.channel.ChannelManager - Adding key: http://localhost:12593 for channel [id: 0xeaeee574, L:/127.0.0.1:59085 - R:localhost/127.0.0.1:12593]
14:27:25.217 [Forwarding screenshot on session 87eceb0d2ff57e1a97eb7724294c1da5 to remote] DEBUG org.asynchttpclient.netty.request.NettyRequestSender - Using pooled Channel '[id: 0xeaeee574, L:/127.0.0.1:59085 - R:localhost/127.0.0.1:12593]' for 'GET' to 'http://localhost:12593/session/87eceb0d2ff57e1a97eb7724294c1da5/screenshot'
14:27:25.217 [Forwarding screenshot on session 87eceb0d2ff57e1a97eb7724294c1da5 to remote] DEBUG org.asynchttpclient.netty.request.NettyRequestSender - Using open Channel [id: 0xeaeee574, L:/127.0.0.1:59085 - R:localhost/127.0.0.1:12593] for GET '/session/87eceb0d2ff57e1a97eb7724294c1da5/screenshot'
14:27:25.441 [AsyncHttpClient-1-7] DEBUG org.asynchttpclient.netty.handler.HttpHandler - 

Request DefaultFullHttpRequest(decodeResult: success, version: HTTP/1.1, content: EmptyByteBufBE)
GET /session/87eceb0d2ff57e1a97eb7724294c1da5/screenshot HTTP/1.1
User-Agent: selenium/4.8.1 (java windows)
Cache-Control: no-cache
Content-Type: application/json; charset=utf-8
host: localhost:12593
accept: */*

Response DefaultHttpResponse(decodeResult: success, version: HTTP/1.1)
HTTP/1.1 200 OK
Content-Length: 98140
Content-Type: application/json; charset=utf-8
cache-control: no-cache

14:27:25.446 [AsyncHttpClient-1-7] DEBUG org.asynchttpclient.netty.channel.ChannelManager - Adding key: http://localhost:12593 for channel [id: 0xeaeee574, L:/127.0.0.1:59085 - R:localhost/127.0.0.1:12593]
14:27:25.452 [main] DEBUG net.serenitybdd.core.photography.Darkroom - Send negative for processing for target\site\serenity\0af9f394de55ea6667ef5b3e8a55a12a870a47040bd55592bed375bc1302746f.png
14:27:25.452 [main] DEBUG net.thucydides.core.steps.StepInterceptor - STEP DONE: Click_confirmcheckbox
14:27:25.465 [Forwarding getPageSource on session 87eceb0d2ff57e1a97eb7724294c1da5 to remote] DEBUG org.asynchttpclient.netty.request.NettyRequestSender - Using pooled Channel '[id: 0xeaeee574, L:/127.0.0.1:59085 - R:localhost/127.0.0.1:12593]' for 'POST' to 'http://localhost:12593/session/87eceb0d2ff57e1a97eb7724294c1da5/execute/sync'
14:27:25.465 [Forwarding getPageSource on session 87eceb0d2ff57e1a97eb7724294c1da5 to remote] DEBUG org.asynchttpclient.netty.request.NettyRequestSender - Using open Channel [id: 0xeaeee574, L:/127.0.0.1:59085 - R:localhost/127.0.0.1:12593] for POST '/session/87eceb0d2ff57e1a97eb7724294c1da5/execute/sync'
14:27:25.495 [AsyncHttpClient-1-7] DEBUG org.asynchttpclient.netty.handler.HttpHandler - 

Request DefaultHttpRequest(decodeResult: success, version: HTTP/1.1)
POST /session/87eceb0d2ff57e1a97eb7724294c1da5/execute/sync HTTP/1.1
User-Agent: selenium/4.8.1 (java windows)
Content-Length: 176
Content-Type: application/json; charset=utf-8
host: localhost:12593
accept: */*

Response DefaultHttpResponse(decodeResult: success, version: HTTP/1.1)
HTTP/1.1 200 OK
Content-Length: 92378
Content-Type: application/json; charset=utf-8
cache-control: no-cache

14:27:25.496 [AsyncHttpClient-1-7] DEBUG org.asynchttpclient.netty.channel.ChannelManager - Adding key: http://localhost:12593 for channel [id: 0xeaeee574, L:/127.0.0.1:59085 - R:localhost/127.0.0.1:12593]
14:27:25.496 [AsyncHttpClient-1-1] DEBUG org.asynchttpclient.netty.channel.DefaultChannelPool - Entry count for : http://localhost:59086 : 1
14:27:25.496 [AsyncHttpClient-1-1] DEBUG org.asynchttpclient.netty.channel.DefaultChannelPool - Entry count for : http://localhost:12593 : 1
14:27:25.510 [Forwarding getCurrentUrl on session 87eceb0d2ff57e1a97eb7724294c1da5 to remote] DEBUG org.asynchttpclient.netty.request.NettyRequestSender - Using pooled Channel '[id: 0xeaeee574, L:/127.0.0.1:59085 - R:localhost/127.0.0.1:12593]' for 'GET' to 'http://localhost:12593/session/87eceb0d2ff57e1a97eb7724294c1da5/url'
14:27:25.510 [Forwarding getCurrentUrl on session 87eceb0d2ff57e1a97eb7724294c1da5 to remote] DEBUG org.asynchttpclient.netty.request.NettyRequestSender - Using open Channel [id: 0xeaeee574, L:/127.0.0.1:59085 - R:localhost/127.0.0.1:12593] for GET '/session/87eceb0d2ff57e1a97eb7724294c1da5/url'
14:27:25.520 [AsyncHttpClient-1-7] DEBUG org.asynchttpclient.netty.handler.HttpHandler - 

Request DefaultFullHttpRequest(decodeResult: success, version: HTTP/1.1, content: EmptyByteBufBE)
GET /session/87eceb0d2ff57e1a97eb7724294c1da5/url HTTP/1.1
User-Agent: selenium/4.8.1 (java windows)
Cache-Control: no-cache
Content-Type: application/json; charset=utf-8
host: localhost:12593
accept: */*

Response DefaultHttpResponse(decodeResult: success, version: HTTP/1.1)
HTTP/1.1 200 OK
Content-Length: 62
Content-Type: application/json; charset=utf-8
cache-control: no-cache

14:27:25.520 [AsyncHttpClient-1-7] DEBUG org.asynchttpclient.netty.channel.ChannelManager - Adding key: http://localhost:12593 for channel [id: 0xeaeee574, L:/127.0.0.1:59085 - R:localhost/127.0.0.1:12593]
14:27:25.537 [Forwarding getAlertText on session 87eceb0d2ff57e1a97eb7724294c1da5 to remote] DEBUG org.asynchttpclient.netty.request.NettyRequestSender - Using pooled Channel '[id: 0xeaeee574, L:/127.0.0.1:59085 - R:localhost/127.0.0.1:12593]' for 'GET' to 'http://localhost:12593/session/87eceb0d2ff57e1a97eb7724294c1da5/alert/text'
14:27:25.537 [Forwarding getAlertText on session 87eceb0d2ff57e1a97eb7724294c1da5 to remote] DEBUG org.asynchttpclient.netty.request.NettyRequestSender - Using open Channel [id: 0xeaeee574, L:/127.0.0.1:59085 - R:localhost/127.0.0.1:12593] for GET '/session/87eceb0d2ff57e1a97eb7724294c1da5/alert/text'
14:27:25.543 [AsyncHttpClient-1-7] DEBUG org.asynchttpclient.netty.handler.HttpHandler - 

Request DefaultFullHttpRequest(decodeResult: success, version: HTTP/1.1, content: EmptyByteBufBE)
GET /session/87eceb0d2ff57e1a97eb7724294c1da5/alert/text HTTP/1.1
User-Agent: selenium/4.8.1 (java windows)
Cache-Control: no-cache
Content-Type: application/json; charset=utf-8
host: localhost:12593
accept: */*

Response DefaultHttpResponse(decodeResult: success, version: HTTP/1.1)
HTTP/1.1 404 Not Found
Content-Length: 821
Content-Type: application/json; charset=utf-8
cache-control: no-cache

14:27:25.543 [AsyncHttpClient-1-7] DEBUG org.asynchttpclient.netty.channel.ChannelManager - Adding key: http://localhost:12593 for channel [id: 0xeaeee574, L:/127.0.0.1:59085 - R:localhost/127.0.0.1:12593]
14:27:25.548 [Forwarding getCurrentUrl on session 87eceb0d2ff57e1a97eb7724294c1da5 to remote] DEBUG org.asynchttpclient.netty.request.NettyRequestSender - Using pooled Channel '[id: 0xeaeee574, L:/127.0.0.1:59085 - R:localhost/127.0.0.1:12593]' for 'GET' to 'http://localhost:12593/session/87eceb0d2ff57e1a97eb7724294c1da5/url'
14:27:25.548 [Forwarding getCurrentUrl on session 87eceb0d2ff57e1a97eb7724294c1da5 to remote] DEBUG org.asynchttpclient.netty.request.NettyRequestSender - Using open Channel [id: 0xeaeee574, L:/127.0.0.1:59085 - R:localhost/127.0.0.1:12593] for GET '/session/87eceb0d2ff57e1a97eb7724294c1da5/url'
14:27:25.563 [AsyncHttpClient-1-7] DEBUG org.asynchttpclient.netty.handler.HttpHandler - 

Request DefaultFullHttpRequest(decodeResult: success, version: HTTP/1.1, content: EmptyByteBufBE)
GET /session/87eceb0d2ff57e1a97eb7724294c1da5/url HTTP/1.1
User-Agent: selenium/4.8.1 (java windows)
Cache-Control: no-cache
Content-Type: application/json; charset=utf-8
host: localhost:12593
accept: */*

Response DefaultHttpResponse(decodeResult: success, version: HTTP/1.1)
HTTP/1.1 200 OK
Content-Length: 62
Content-Type: application/json; charset=utf-8
cache-control: no-cache

14:27:25.563 [AsyncHttpClient-1-7] DEBUG org.asynchttpclient.netty.channel.ChannelManager - Adding key: http://localhost:12593 for channel [id: 0xeaeee574, L:/127.0.0.1:59085 - R:localhost/127.0.0.1:12593]
14:27:25.563 [Forwarding screenshot on session 87eceb0d2ff57e1a97eb7724294c1da5 to remote] DEBUG org.asynchttpclient.netty.request.NettyRequestSender - Using pooled Channel '[id: 0xeaeee574, L:/127.0.0.1:59085 - R:localhost/127.0.0.1:12593]' for 'GET' to 'http://localhost:12593/session/87eceb0d2ff57e1a97eb7724294c1da5/screenshot'
14:27:25.563 [Forwarding screenshot on session 87eceb0d2ff57e1a97eb7724294c1da5 to remote] DEBUG org.asynchttpclient.netty.request.NettyRequestSender - Using open Channel [id: 0xeaeee574, L:/127.0.0.1:59085 - R:localhost/127.0.0.1:12593] for GET '/session/87eceb0d2ff57e1a97eb7724294c1da5/screenshot'
14:27:25.798 [AsyncHttpClient-1-7] DEBUG org.asynchttpclient.netty.handler.HttpHandler - 

Request DefaultFullHttpRequest(decodeResult: success, version: HTTP/1.1, content: EmptyByteBufBE)
GET /session/87eceb0d2ff57e1a97eb7724294c1da5/screenshot HTTP/1.1
User-Agent: selenium/4.8.1 (java windows)
Cache-Control: no-cache
Content-Type: application/json; charset=utf-8
host: localhost:12593
accept: */*

Response DefaultHttpResponse(decodeResult: success, version: HTTP/1.1)
HTTP/1.1 200 OK
Content-Length: 98140
Content-Type: application/json; charset=utf-8
cache-control: no-cache

14:27:25.804 [AsyncHttpClient-1-7] DEBUG org.asynchttpclient.netty.channel.ChannelManager - Adding key: http://localhost:12593 for channel [id: 0xeaeee574, L:/127.0.0.1:59085 - R:localhost/127.0.0.1:12593]
14:27:25.809 [main] DEBUG net.serenitybdd.core.photography.Darkroom - Send negative for processing for target\site\serenity\0af9f394de55ea6667ef5b3e8a55a12a870a47040bd55592bed375bc1302746f.png
14:27:25.814 [Forwarding getPageSource on session 87eceb0d2ff57e1a97eb7724294c1da5 to remote] DEBUG org.asynchttpclient.netty.request.NettyRequestSender - Using pooled Channel '[id: 0xeaeee574, L:/127.0.0.1:59085 - R:localhost/127.0.0.1:12593]' for 'POST' to 'http://localhost:12593/session/87eceb0d2ff57e1a97eb7724294c1da5/execute/sync'
14:27:25.814 [Forwarding getPageSource on session 87eceb0d2ff57e1a97eb7724294c1da5 to remote] DEBUG org.asynchttpclient.netty.request.NettyRequestSender - Using open Channel [id: 0xeaeee574, L:/127.0.0.1:59085 - R:localhost/127.0.0.1:12593] for POST '/session/87eceb0d2ff57e1a97eb7724294c1da5/execute/sync'
14:27:25.841 [AsyncHttpClient-1-7] DEBUG org.asynchttpclient.netty.handler.HttpHandler - 

Request DefaultHttpRequest(decodeResult: success, version: HTTP/1.1)
POST /session/87eceb0d2ff57e1a97eb7724294c1da5/execute/sync HTTP/1.1
User-Agent: selenium/4.8.1 (java windows)
Content-Length: 176
Content-Type: application/json; charset=utf-8
host: localhost:12593
accept: */*

Response DefaultHttpResponse(decodeResult: success, version: HTTP/1.1)
HTTP/1.1 200 OK
Content-Length: 92378
Content-Type: application/json; charset=utf-8
cache-control: no-cache

14:27:25.841 [AsyncHttpClient-1-7] DEBUG org.asynchttpclient.netty.channel.ChannelManager - Adding key: http://localhost:12593 for channel [id: 0xeaeee574, L:/127.0.0.1:59085 - R:localhost/127.0.0.1:12593]
14:27:25.851 [Forwarding getCurrentUrl on session 87eceb0d2ff57e1a97eb7724294c1da5 to remote] DEBUG org.asynchttpclient.netty.request.NettyRequestSender - Using pooled Channel '[id: 0xeaeee574, L:/127.0.0.1:59085 - R:localhost/127.0.0.1:12593]' for 'GET' to 'http://localhost:12593/session/87eceb0d2ff57e1a97eb7724294c1da5/url'
14:27:25.851 [Forwarding getCurrentUrl on session 87eceb0d2ff57e1a97eb7724294c1da5 to remote] DEBUG org.asynchttpclient.netty.request.NettyRequestSender - Using open Channel [id: 0xeaeee574, L:/127.0.0.1:59085 - R:localhost/127.0.0.1:12593] for GET '/session/87eceb0d2ff57e1a97eb7724294c1da5/url'
14:27:25.862 [AsyncHttpClient-1-7] DEBUG org.asynchttpclient.netty.handler.HttpHandler - 

Request DefaultFullHttpRequest(decodeResult: success, version: HTTP/1.1, content: EmptyByteBufBE)
GET /session/87eceb0d2ff57e1a97eb7724294c1da5/url HTTP/1.1
User-Agent: selenium/4.8.1 (java windows)
Cache-Control: no-cache
Content-Type: application/json; charset=utf-8
host: localhost:12593
accept: */*

Response DefaultHttpResponse(decodeResult: success, version: HTTP/1.1)
HTTP/1.1 200 OK
Content-Length: 62
Content-Type: application/json; charset=utf-8
cache-control: no-cache

14:27:25.862 [AsyncHttpClient-1-7] DEBUG org.asynchttpclient.netty.channel.ChannelManager - Adding key: http://localhost:12593 for channel [id: 0xeaeee574, L:/127.0.0.1:59085 - R:localhost/127.0.0.1:12593]
14:27:25.867 [main] DEBUG net.thucydides.core.steps.StepInterceptor - STARTING STEP: Afrexim_OurBank_Contactus_Sendmessage_steps.click_robot_check_box - click_robotcheckbox
14:27:25.873 [Forwarding findElement on session 87eceb0d2ff57e1a97eb7724294c1da5 to remote] DEBUG org.asynchttpclient.netty.request.NettyRequestSender - Using pooled Channel '[id: 0xeaeee574, L:/127.0.0.1:59085 - R:localhost/127.0.0.1:12593]' for 'POST' to 'http://localhost:12593/session/87eceb0d2ff57e1a97eb7724294c1da5/element'
14:27:25.873 [Forwarding findElement on session 87eceb0d2ff57e1a97eb7724294c1da5 to remote] DEBUG org.asynchttpclient.netty.request.NettyRequestSender - Using open Channel [id: 0xeaeee574, L:/127.0.0.1:59085 - R:localhost/127.0.0.1:12593] for POST '/session/87eceb0d2ff57e1a97eb7724294c1da5/element'
14:27:26.594 [AsyncHttpClient-1-1] DEBUG org.asynchttpclient.netty.channel.DefaultChannelPool - Entry count for : http://localhost:59086 : 1
14:27:27.695 [AsyncHttpClient-1-1] DEBUG org.asynchttpclient.netty.channel.DefaultChannelPool - Entry count for : http://localhost:59086 : 1
14:27:27.942 [AsyncHttpClient-1-7] DEBUG org.asynchttpclient.netty.handler.HttpHandler - 

Request DefaultHttpRequest(decodeResult: success, version: HTTP/1.1)
POST /session/87eceb0d2ff57e1a97eb7724294c1da5/element HTTP/1.1
User-Agent: selenium/4.8.1 (java windows)
Content-Length: 63
Content-Type: application/json; charset=utf-8
host: localhost:12593
accept: */*

Response DefaultHttpResponse(decodeResult: success, version: HTTP/1.1)
HTTP/1.1 404 Not Found
Content-Length: 947
Content-Type: application/json; charset=utf-8
cache-control: no-cache

14:27:27.942 [AsyncHttpClient-1-7] DEBUG org.asynchttpclient.netty.channel.ChannelManager - Adding key: http://localhost:12593 for channel [id: 0xeaeee574, L:/127.0.0.1:59085 - R:localhost/127.0.0.1:12593]
14:27:28.059 [Forwarding findElement on session 87eceb0d2ff57e1a97eb7724294c1da5 to remote] DEBUG org.asynchttpclient.netty.request.NettyRequestSender - Using pooled Channel '[id: 0xeaeee574, L:/127.0.0.1:59085 - R:localhost/127.0.0.1:12593]' for 'POST' to 'http://localhost:12593/session/87eceb0d2ff57e1a97eb7724294c1da5/element'
14:27:28.059 [Forwarding findElement on session 87eceb0d2ff57e1a97eb7724294c1da5 to remote] DEBUG org.asynchttpclient.netty.request.NettyRequestSender - Using open Channel [id: 0xeaeee574, L:/127.0.0.1:59085 - R:localhost/127.0.0.1:12593] for POST '/session/87eceb0d2ff57e1a97eb7724294c1da5/element'
14:27:28.797 [AsyncHttpClient-1-1] DEBUG org.asynchttpclient.netty.channel.DefaultChannelPool - Entry count for : http://localhost:59086 : 1
14:27:29.892 [AsyncHttpClient-1-1] DEBUG org.asynchttpclient.netty.channel.DefaultChannelPool - Entry count for : http://localhost:59086 : 1
14:27:30.068 [AsyncHttpClient-1-7] DEBUG org.asynchttpclient.netty.handler.HttpHandler - 

Request DefaultHttpRequest(decodeResult: success, version: HTTP/1.1)
POST /session/87eceb0d2ff57e1a97eb7724294c1da5/element HTTP/1.1
User-Agent: selenium/4.8.1 (java windows)
Content-Length: 63
Content-Type: application/json; charset=utf-8
host: localhost:12593
accept: */*

Response DefaultHttpResponse(decodeResult: success, version: HTTP/1.1)
HTTP/1.1 404 Not Found
Content-Length: 947
Content-Type: application/json; charset=utf-8
cache-control: no-cache

14:27:30.068 [AsyncHttpClient-1-7] DEBUG org.asynchttpclient.netty.channel.ChannelManager - Adding key: http://localhost:12593 for channel [id: 0xeaeee574, L:/127.0.0.1:59085 - R:localhost/127.0.0.1:12593]
14:27:30.180 [Forwarding findElement on session 87eceb0d2ff57e1a97eb7724294c1da5 to remote] DEBUG org.asynchttpclient.netty.request.NettyRequestSender - Using pooled Channel '[id: 0xeaeee574, L:/127.0.0.1:59085 - R:localhost/127.0.0.1:12593]' for 'POST' to 'http://localhost:12593/session/87eceb0d2ff57e1a97eb7724294c1da5/element'
14:27:30.180 [Forwarding findElement on session 87eceb0d2ff57e1a97eb7724294c1da5 to remote] DEBUG org.asynchttpclient.netty.request.NettyRequestSender - Using open Channel [id: 0xeaeee574, L:/127.0.0.1:59085 - R:localhost/127.0.0.1:12593] for POST '/session/87eceb0d2ff57e1a97eb7724294c1da5/element'
14:27:30.988 [AsyncHttpClient-1-1] DEBUG org.asynchttpclient.netty.channel.DefaultChannelPool - Entry count for : http://localhost:59086 : 1
14:27:32.088 [AsyncHttpClient-1-1] DEBUG org.asynchttpclient.netty.channel.DefaultChannelPool - Entry count for : http://localhost:59086 : 1
14:27:32.215 [AsyncHttpClient-1-7] DEBUG org.asynchttpclient.netty.handler.HttpHandler - 

Request DefaultHttpRequest(decodeResult: success, version: HTTP/1.1)
POST /session/87eceb0d2ff57e1a97eb7724294c1da5/element HTTP/1.1
User-Agent: selenium/4.8.1 (java windows)
Content-Length: 63
Content-Type: application/json; charset=utf-8
host: localhost:12593
accept: */*

Response DefaultHttpResponse(decodeResult: success, version: HTTP/1.1)
HTTP/1.1 404 Not Found
Content-Length: 947
Content-Type: application/json; charset=utf-8
cache-control: no-cache

14:27:32.215 [AsyncHttpClient-1-7] DEBUG org.asynchttpclient.netty.channel.ChannelManager - Adding key: http://localhost:12593 for channel [id: 0xeaeee574, L:/127.0.0.1:59085 - R:localhost/127.0.0.1:12593]
14:27:32.225 [Forwarding getAlertText on session 87eceb0d2ff57e1a97eb7724294c1da5 to remote] DEBUG org.asynchttpclient.netty.request.NettyRequestSender - Using pooled Channel '[id: 0xeaeee574, L:/127.0.0.1:59085 - R:localhost/127.0.0.1:12593]' for 'GET' to 'http://localhost:12593/session/87eceb0d2ff57e1a97eb7724294c1da5/alert/text'
14:27:32.225 [Forwarding getAlertText on session 87eceb0d2ff57e1a97eb7724294c1da5 to remote] DEBUG org.asynchttpclient.netty.request.NettyRequestSender - Using open Channel [id: 0xeaeee574, L:/127.0.0.1:59085 - R:localhost/127.0.0.1:12593] for GET '/session/87eceb0d2ff57e1a97eb7724294c1da5/alert/text'
14:27:32.231 [AsyncHttpClient-1-7] DEBUG org.asynchttpclient.netty.handler.HttpHandler - 

Request DefaultFullHttpRequest(decodeResult: success, version: HTTP/1.1, content: EmptyByteBufBE)
GET /session/87eceb0d2ff57e1a97eb7724294c1da5/alert/text HTTP/1.1
User-Agent: selenium/4.8.1 (java windows)
Cache-Control: no-cache
Content-Type: application/json; charset=utf-8
host: localhost:12593
accept: */*

Response DefaultHttpResponse(decodeResult: success, version: HTTP/1.1)
HTTP/1.1 404 Not Found
Content-Length: 821
Content-Type: application/json; charset=utf-8
cache-control: no-cache

14:27:32.231 [AsyncHttpClient-1-7] DEBUG org.asynchttpclient.netty.channel.ChannelManager - Adding key: http://localhost:12593 for channel [id: 0xeaeee574, L:/127.0.0.1:59085 - R:localhost/127.0.0.1:12593]
14:27:32.231 [Forwarding getCurrentUrl on session 87eceb0d2ff57e1a97eb7724294c1da5 to remote] DEBUG org.asynchttpclient.netty.request.NettyRequestSender - Using pooled Channel '[id: 0xeaeee574, L:/127.0.0.1:59085 - R:localhost/127.0.0.1:12593]' for 'GET' to 'http://localhost:12593/session/87eceb0d2ff57e1a97eb7724294c1da5/url'
14:27:32.231 [Forwarding getCurrentUrl on session 87eceb0d2ff57e1a97eb7724294c1da5 to remote] DEBUG org.asynchttpclient.netty.request.NettyRequestSender - Using open Channel [id: 0xeaeee574, L:/127.0.0.1:59085 - R:localhost/127.0.0.1:12593] for GET '/session/87eceb0d2ff57e1a97eb7724294c1da5/url'
14:27:32.236 [AsyncHttpClient-1-7] DEBUG org.asynchttpclient.netty.handler.HttpHandler - 

Request DefaultFullHttpRequest(decodeResult: success, version: HTTP/1.1, content: EmptyByteBufBE)
GET /session/87eceb0d2ff57e1a97eb7724294c1da5/url HTTP/1.1
User-Agent: selenium/4.8.1 (java windows)
Cache-Control: no-cache
Content-Type: application/json; charset=utf-8
host: localhost:12593
accept: */*

Response DefaultHttpResponse(decodeResult: success, version: HTTP/1.1)
HTTP/1.1 200 OK
Content-Length: 62
Content-Type: application/json; charset=utf-8
cache-control: no-cache

14:27:32.236 [AsyncHttpClient-1-7] DEBUG org.asynchttpclient.netty.channel.ChannelManager - Adding key: http://localhost:12593 for channel [id: 0xeaeee574, L:/127.0.0.1:59085 - R:localhost/127.0.0.1:12593]
14:27:32.236 [Forwarding screenshot on session 87eceb0d2ff57e1a97eb7724294c1da5 to remote] DEBUG org.asynchttpclient.netty.request.NettyRequestSender - Using pooled Channel '[id: 0xeaeee574, L:/127.0.0.1:59085 - R:localhost/127.0.0.1:12593]' for 'GET' to 'http://localhost:12593/session/87eceb0d2ff57e1a97eb7724294c1da5/screenshot'
14:27:32.236 [Forwarding screenshot on session 87eceb0d2ff57e1a97eb7724294c1da5 to remote] DEBUG org.asynchttpclient.netty.request.NettyRequestSender - Using open Channel [id: 0xeaeee574, L:/127.0.0.1:59085 - R:localhost/127.0.0.1:12593] for GET '/session/87eceb0d2ff57e1a97eb7724294c1da5/screenshot'
14:27:32.451 [AsyncHttpClient-1-7] DEBUG org.asynchttpclient.netty.handler.HttpHandler - 

Request DefaultFullHttpRequest(decodeResult: success, version: HTTP/1.1, content: EmptyByteBufBE)
GET /session/87eceb0d2ff57e1a97eb7724294c1da5/screenshot HTTP/1.1
User-Agent: selenium/4.8.1 (java windows)
Cache-Control: no-cache
Content-Type: application/json; charset=utf-8
host: localhost:12593
accept: */*

Response DefaultHttpResponse(decodeResult: success, version: HTTP/1.1)
HTTP/1.1 200 OK
Content-Length: 98140
Content-Type: application/json; charset=utf-8
cache-control: no-cache

14:27:32.451 [AsyncHttpClient-1-7] DEBUG org.asynchttpclient.netty.channel.ChannelManager - Adding key: http://localhost:12593 for channel [id: 0xeaeee574, L:/127.0.0.1:59085 - R:localhost/127.0.0.1:12593]
14:27:32.460 [main] DEBUG net.serenitybdd.core.photography.Darkroom - Send negative for processing for target\site\serenity\0af9f394de55ea6667ef5b3e8a55a12a870a47040bd55592bed375bc1302746f.png
14:27:32.467 [Forwarding getPageSource on session 87eceb0d2ff57e1a97eb7724294c1da5 to remote] DEBUG org.asynchttpclient.netty.request.NettyRequestSender - Using pooled Channel '[id: 0xeaeee574, L:/127.0.0.1:59085 - R:localhost/127.0.0.1:12593]' for 'POST' to 'http://localhost:12593/session/87eceb0d2ff57e1a97eb7724294c1da5/execute/sync'
14:27:32.467 [Forwarding getPageSource on session 87eceb0d2ff57e1a97eb7724294c1da5 to remote] DEBUG org.asynchttpclient.netty.request.NettyRequestSender - Using open Channel [id: 0xeaeee574, L:/127.0.0.1:59085 - R:localhost/127.0.0.1:12593] for POST '/session/87eceb0d2ff57e1a97eb7724294c1da5/execute/sync'
14:27:32.492 [AsyncHttpClient-1-7] DEBUG org.asynchttpclient.netty.handler.HttpHandler - 

Request DefaultHttpRequest(decodeResult: success, version: HTTP/1.1)
POST /session/87eceb0d2ff57e1a97eb7724294c1da5/execute/sync HTTP/1.1
User-Agent: selenium/4.8.1 (java windows)
Content-Length: 176
Content-Type: application/json; charset=utf-8
host: localhost:12593
accept: */*

Response DefaultHttpResponse(decodeResult: success, version: HTTP/1.1)
HTTP/1.1 200 OK
Content-Length: 92378
Content-Type: application/json; charset=utf-8
cache-control: no-cache

14:27:32.492 [AsyncHttpClient-1-7] DEBUG org.asynchttpclient.netty.channel.ChannelManager - Adding key: http://localhost:12593 for channel [id: 0xeaeee574, L:/127.0.0.1:59085 - R:localhost/127.0.0.1:12593]
14:27:32.515 [Forwarding getCurrentUrl on session 87eceb0d2ff57e1a97eb7724294c1da5 to remote] DEBUG org.asynchttpclient.netty.request.NettyRequestSender - Using pooled Channel '[id: 0xeaeee574, L:/127.0.0.1:59085 - R:localhost/127.0.0.1:12593]' for 'GET' to 'http://localhost:12593/session/87eceb0d2ff57e1a97eb7724294c1da5/url'
14:27:32.515 [Forwarding getCurrentUrl on session 87eceb0d2ff57e1a97eb7724294c1da5 to remote] DEBUG org.asynchttpclient.netty.request.NettyRequestSender - Using open Channel [id: 0xeaeee574, L:/127.0.0.1:59085 - R:localhost/127.0.0.1:12593] for GET '/session/87eceb0d2ff57e1a97eb7724294c1da5/url'
14:27:32.524 [AsyncHttpClient-1-7] DEBUG org.asynchttpclient.netty.handler.HttpHandler - 

Request DefaultFullHttpRequest(decodeResult: success, version: HTTP/1.1, content: EmptyByteBufBE)
GET /session/87eceb0d2ff57e1a97eb7724294c1da5/url HTTP/1.1
User-Agent: selenium/4.8.1 (java windows)
Cache-Control: no-cache
Content-Type: application/json; charset=utf-8
host: localhost:12593
accept: */*

Response DefaultHttpResponse(decodeResult: success, version: HTTP/1.1)
HTTP/1.1 200 OK
Content-Length: 62
Content-Type: application/json; charset=utf-8
cache-control: no-cache

14:27:32.524 [AsyncHttpClient-1-7] DEBUG org.asynchttpclient.netty.channel.ChannelManager - Adding key: http://localhost:12593 for channel [id: 0xeaeee574, L:/127.0.0.1:59085 - R:localhost/127.0.0.1:12593]
]]></system-out>
    <system-err><![CDATA[Starting ChromeDriver 114.0.5735.90 (386bc09e8f4f2e025eddae123f36f6263096ae49-refs/branch-heads/5735@{#1052}) on port 12593
Only local connections are allowed.
Please see https://chromedriver.chromium.org/security-considerations for suggestions on keeping ChromeDriver safe.
ChromeDriver was started successfully.
Jul 19, 2023 2:26:50 PM org.openqa.selenium.devtools.CdpVersionFinder findNearestMatch
WARNING: Unable to find an exact match for CDP version 114, so returning the closest version found: 110
]]></system-err>
  </testcase>
  <testcase name=" #4" classname="To Test the Our Bank Option in the home page" time="42.965">
    <system-out><![CDATA[14:27:32.604 [main] DEBUG io.cucumber.core.plugin.SerenityReporter - Running feature from file:///C:/Users/hp/eclipse-workspace/AfreximBank_SerenityBDD_Framework/src/test/resources/Afrexim_features/Afrexim_Our_Bank.feature
14:27:32.604 [main] WARN io.cucumber.core.plugin.SerenityReporter - Feature from file:///C:/Users/hp/eclipse-workspace/AfreximBank_SerenityBDD_Framework/src/test/resources/Afrexim_features/Afrexim_Our_Bank.feature is not under the 'features' directory. Requirements report will not be correctly generated!
14:27:32.637 [Forwarding getAlertText on session 87eceb0d2ff57e1a97eb7724294c1da5 to remote] DEBUG org.asynchttpclient.netty.request.NettyRequestSender - Using pooled Channel '[id: 0xeaeee574, L:/127.0.0.1:59085 - R:localhost/127.0.0.1:12593]' for 'GET' to 'http://localhost:12593/session/87eceb0d2ff57e1a97eb7724294c1da5/alert/text'
14:27:32.637 [Forwarding getAlertText on session 87eceb0d2ff57e1a97eb7724294c1da5 to remote] DEBUG org.asynchttpclient.netty.request.NettyRequestSender - Using open Channel [id: 0xeaeee574, L:/127.0.0.1:59085 - R:localhost/127.0.0.1:12593] for GET '/session/87eceb0d2ff57e1a97eb7724294c1da5/alert/text'
14:27:32.642 [AsyncHttpClient-1-7] DEBUG org.asynchttpclient.netty.handler.HttpHandler - 

Request DefaultFullHttpRequest(decodeResult: success, version: HTTP/1.1, content: EmptyByteBufBE)
GET /session/87eceb0d2ff57e1a97eb7724294c1da5/alert/text HTTP/1.1
User-Agent: selenium/4.8.1 (java windows)
Cache-Control: no-cache
Content-Type: application/json; charset=utf-8
host: localhost:12593
accept: */*

Response DefaultHttpResponse(decodeResult: success, version: HTTP/1.1)
HTTP/1.1 404 Not Found
Content-Length: 821
Content-Type: application/json; charset=utf-8
cache-control: no-cache

14:27:32.642 [AsyncHttpClient-1-7] DEBUG org.asynchttpclient.netty.channel.ChannelManager - Adding key: http://localhost:12593 for channel [id: 0xeaeee574, L:/127.0.0.1:59085 - R:localhost/127.0.0.1:12593]
14:27:32.642 [Forwarding getCurrentUrl on session 87eceb0d2ff57e1a97eb7724294c1da5 to remote] DEBUG org.asynchttpclient.netty.request.NettyRequestSender - Using pooled Channel '[id: 0xeaeee574, L:/127.0.0.1:59085 - R:localhost/127.0.0.1:12593]' for 'GET' to 'http://localhost:12593/session/87eceb0d2ff57e1a97eb7724294c1da5/url'
14:27:32.642 [Forwarding getCurrentUrl on session 87eceb0d2ff57e1a97eb7724294c1da5 to remote] DEBUG org.asynchttpclient.netty.request.NettyRequestSender - Using open Channel [id: 0xeaeee574, L:/127.0.0.1:59085 - R:localhost/127.0.0.1:12593] for GET '/session/87eceb0d2ff57e1a97eb7724294c1da5/url'
14:27:32.663 [AsyncHttpClient-1-7] DEBUG org.asynchttpclient.netty.handler.HttpHandler - 

Request DefaultFullHttpRequest(decodeResult: success, version: HTTP/1.1, content: EmptyByteBufBE)
GET /session/87eceb0d2ff57e1a97eb7724294c1da5/url HTTP/1.1
User-Agent: selenium/4.8.1 (java windows)
Cache-Control: no-cache
Content-Type: application/json; charset=utf-8
host: localhost:12593
accept: */*

Response DefaultHttpResponse(decodeResult: success, version: HTTP/1.1)
HTTP/1.1 200 OK
Content-Length: 62
Content-Type: application/json; charset=utf-8
cache-control: no-cache

14:27:32.663 [AsyncHttpClient-1-7] DEBUG org.asynchttpclient.netty.channel.ChannelManager - Adding key: http://localhost:12593 for channel [id: 0xeaeee574, L:/127.0.0.1:59085 - R:localhost/127.0.0.1:12593]
14:27:32.663 [Forwarding screenshot on session 87eceb0d2ff57e1a97eb7724294c1da5 to remote] DEBUG org.asynchttpclient.netty.request.NettyRequestSender - Using pooled Channel '[id: 0xeaeee574, L:/127.0.0.1:59085 - R:localhost/127.0.0.1:12593]' for 'GET' to 'http://localhost:12593/session/87eceb0d2ff57e1a97eb7724294c1da5/screenshot'
14:27:32.663 [Forwarding screenshot on session 87eceb0d2ff57e1a97eb7724294c1da5 to remote] DEBUG org.asynchttpclient.netty.request.NettyRequestSender - Using open Channel [id: 0xeaeee574, L:/127.0.0.1:59085 - R:localhost/127.0.0.1:12593] for GET '/session/87eceb0d2ff57e1a97eb7724294c1da5/screenshot'
14:27:32.916 [AsyncHttpClient-1-7] DEBUG org.asynchttpclient.netty.handler.HttpHandler - 

Request DefaultFullHttpRequest(decodeResult: success, version: HTTP/1.1, content: EmptyByteBufBE)
GET /session/87eceb0d2ff57e1a97eb7724294c1da5/screenshot HTTP/1.1
User-Agent: selenium/4.8.1 (java windows)
Cache-Control: no-cache
Content-Type: application/json; charset=utf-8
host: localhost:12593
accept: */*

Response DefaultHttpResponse(decodeResult: success, version: HTTP/1.1)
HTTP/1.1 200 OK
Content-Length: 98140
Content-Type: application/json; charset=utf-8
cache-control: no-cache

14:27:32.916 [AsyncHttpClient-1-7] DEBUG org.asynchttpclient.netty.channel.ChannelManager - Adding key: http://localhost:12593 for channel [id: 0xeaeee574, L:/127.0.0.1:59085 - R:localhost/127.0.0.1:12593]
14:27:32.924 [main] DEBUG net.serenitybdd.core.photography.Darkroom - Send negative for processing for target\site\serenity\0af9f394de55ea6667ef5b3e8a55a12a870a47040bd55592bed375bc1302746f.png
14:27:32.924 [Forwarding getPageSource on session 87eceb0d2ff57e1a97eb7724294c1da5 to remote] DEBUG org.asynchttpclient.netty.request.NettyRequestSender - Using pooled Channel '[id: 0xeaeee574, L:/127.0.0.1:59085 - R:localhost/127.0.0.1:12593]' for 'POST' to 'http://localhost:12593/session/87eceb0d2ff57e1a97eb7724294c1da5/execute/sync'
14:27:32.924 [Forwarding getPageSource on session 87eceb0d2ff57e1a97eb7724294c1da5 to remote] DEBUG org.asynchttpclient.netty.request.NettyRequestSender - Using open Channel [id: 0xeaeee574, L:/127.0.0.1:59085 - R:localhost/127.0.0.1:12593] for POST '/session/87eceb0d2ff57e1a97eb7724294c1da5/execute/sync'
14:27:32.950 [AsyncHttpClient-1-7] DEBUG org.asynchttpclient.netty.handler.HttpHandler - 

Request DefaultHttpRequest(decodeResult: success, version: HTTP/1.1)
POST /session/87eceb0d2ff57e1a97eb7724294c1da5/execute/sync HTTP/1.1
User-Agent: selenium/4.8.1 (java windows)
Content-Length: 176
Content-Type: application/json; charset=utf-8
host: localhost:12593
accept: */*

Response DefaultHttpResponse(decodeResult: success, version: HTTP/1.1)
HTTP/1.1 200 OK
Content-Length: 92378
Content-Type: application/json; charset=utf-8
cache-control: no-cache

14:27:32.950 [AsyncHttpClient-1-7] DEBUG org.asynchttpclient.netty.channel.ChannelManager - Adding key: http://localhost:12593 for channel [id: 0xeaeee574, L:/127.0.0.1:59085 - R:localhost/127.0.0.1:12593]
14:27:32.963 [Forwarding getCurrentUrl on session 87eceb0d2ff57e1a97eb7724294c1da5 to remote] DEBUG org.asynchttpclient.netty.request.NettyRequestSender - Using pooled Channel '[id: 0xeaeee574, L:/127.0.0.1:59085 - R:localhost/127.0.0.1:12593]' for 'GET' to 'http://localhost:12593/session/87eceb0d2ff57e1a97eb7724294c1da5/url'
14:27:32.963 [Forwarding getCurrentUrl on session 87eceb0d2ff57e1a97eb7724294c1da5 to remote] DEBUG org.asynchttpclient.netty.request.NettyRequestSender - Using open Channel [id: 0xeaeee574, L:/127.0.0.1:59085 - R:localhost/127.0.0.1:12593] for GET '/session/87eceb0d2ff57e1a97eb7724294c1da5/url'
14:27:32.972 [AsyncHttpClient-1-7] DEBUG org.asynchttpclient.netty.handler.HttpHandler - 

Request DefaultFullHttpRequest(decodeResult: success, version: HTTP/1.1, content: EmptyByteBufBE)
GET /session/87eceb0d2ff57e1a97eb7724294c1da5/url HTTP/1.1
User-Agent: selenium/4.8.1 (java windows)
Cache-Control: no-cache
Content-Type: application/json; charset=utf-8
host: localhost:12593
accept: */*

Response DefaultHttpResponse(decodeResult: success, version: HTTP/1.1)
HTTP/1.1 200 OK
Content-Length: 62
Content-Type: application/json; charset=utf-8
cache-control: no-cache

14:27:32.972 [AsyncHttpClient-1-7] DEBUG org.asynchttpclient.netty.channel.ChannelManager - Adding key: http://localhost:12593 for channel [id: 0xeaeee574, L:/127.0.0.1:59085 - R:localhost/127.0.0.1:12593]
14:27:32.983 [Forwarding getAlertText on session 87eceb0d2ff57e1a97eb7724294c1da5 to remote] DEBUG org.asynchttpclient.netty.request.NettyRequestSender - Using pooled Channel '[id: 0xeaeee574, L:/127.0.0.1:59085 - R:localhost/127.0.0.1:12593]' for 'GET' to 'http://localhost:12593/session/87eceb0d2ff57e1a97eb7724294c1da5/alert/text'
14:27:32.983 [Forwarding getAlertText on session 87eceb0d2ff57e1a97eb7724294c1da5 to remote] DEBUG org.asynchttpclient.netty.request.NettyRequestSender - Using open Channel [id: 0xeaeee574, L:/127.0.0.1:59085 - R:localhost/127.0.0.1:12593] for GET '/session/87eceb0d2ff57e1a97eb7724294c1da5/alert/text'
14:27:32.993 [AsyncHttpClient-1-7] DEBUG org.asynchttpclient.netty.handler.HttpHandler - 

Request DefaultFullHttpRequest(decodeResult: success, version: HTTP/1.1, content: EmptyByteBufBE)
GET /session/87eceb0d2ff57e1a97eb7724294c1da5/alert/text HTTP/1.1
User-Agent: selenium/4.8.1 (java windows)
Cache-Control: no-cache
Content-Type: application/json; charset=utf-8
host: localhost:12593
accept: */*

Response DefaultHttpResponse(decodeResult: success, version: HTTP/1.1)
HTTP/1.1 404 Not Found
Content-Length: 821
Content-Type: application/json; charset=utf-8
cache-control: no-cache

14:27:33.005 [AsyncHttpClient-1-7] DEBUG org.asynchttpclient.netty.channel.ChannelManager - Adding key: http://localhost:12593 for channel [id: 0xeaeee574, L:/127.0.0.1:59085 - R:localhost/127.0.0.1:12593]
14:27:33.005 [Forwarding getCurrentUrl on session 87eceb0d2ff57e1a97eb7724294c1da5 to remote] DEBUG org.asynchttpclient.netty.request.NettyRequestSender - Using pooled Channel '[id: 0xeaeee574, L:/127.0.0.1:59085 - R:localhost/127.0.0.1:12593]' for 'GET' to 'http://localhost:12593/session/87eceb0d2ff57e1a97eb7724294c1da5/url'
14:27:33.005 [Forwarding getCurrentUrl on session 87eceb0d2ff57e1a97eb7724294c1da5 to remote] DEBUG org.asynchttpclient.netty.request.NettyRequestSender - Using open Channel [id: 0xeaeee574, L:/127.0.0.1:59085 - R:localhost/127.0.0.1:12593] for GET '/session/87eceb0d2ff57e1a97eb7724294c1da5/url'
14:27:33.014 [AsyncHttpClient-1-7] DEBUG org.asynchttpclient.netty.handler.HttpHandler - 

Request DefaultFullHttpRequest(decodeResult: success, version: HTTP/1.1, content: EmptyByteBufBE)
GET /session/87eceb0d2ff57e1a97eb7724294c1da5/url HTTP/1.1
User-Agent: selenium/4.8.1 (java windows)
Cache-Control: no-cache
Content-Type: application/json; charset=utf-8
host: localhost:12593
accept: */*

Response DefaultHttpResponse(decodeResult: success, version: HTTP/1.1)
HTTP/1.1 200 OK
Content-Length: 62
Content-Type: application/json; charset=utf-8
cache-control: no-cache

14:27:33.014 [AsyncHttpClient-1-7] DEBUG org.asynchttpclient.netty.channel.ChannelManager - Adding key: http://localhost:12593 for channel [id: 0xeaeee574, L:/127.0.0.1:59085 - R:localhost/127.0.0.1:12593]
14:27:33.014 [Forwarding screenshot on session 87eceb0d2ff57e1a97eb7724294c1da5 to remote] DEBUG org.asynchttpclient.netty.request.NettyRequestSender - Using pooled Channel '[id: 0xeaeee574, L:/127.0.0.1:59085 - R:localhost/127.0.0.1:12593]' for 'GET' to 'http://localhost:12593/session/87eceb0d2ff57e1a97eb7724294c1da5/screenshot'
14:27:33.014 [Forwarding screenshot on session 87eceb0d2ff57e1a97eb7724294c1da5 to remote] DEBUG org.asynchttpclient.netty.request.NettyRequestSender - Using open Channel [id: 0xeaeee574, L:/127.0.0.1:59085 - R:localhost/127.0.0.1:12593] for GET '/session/87eceb0d2ff57e1a97eb7724294c1da5/screenshot'
14:27:33.212 [AsyncHttpClient-1-1] DEBUG org.asynchttpclient.netty.channel.DefaultChannelPool - Entry count for : http://localhost:59086 : 1
14:27:33.346 [AsyncHttpClient-1-7] DEBUG org.asynchttpclient.netty.handler.HttpHandler - 

Request DefaultFullHttpRequest(decodeResult: success, version: HTTP/1.1, content: EmptyByteBufBE)
GET /session/87eceb0d2ff57e1a97eb7724294c1da5/screenshot HTTP/1.1
User-Agent: selenium/4.8.1 (java windows)
Cache-Control: no-cache
Content-Type: application/json; charset=utf-8
host: localhost:12593
accept: */*

Response DefaultHttpResponse(decodeResult: success, version: HTTP/1.1)
HTTP/1.1 200 OK
Content-Length: 98140
Content-Type: application/json; charset=utf-8
cache-control: no-cache

14:27:33.346 [AsyncHttpClient-1-7] DEBUG org.asynchttpclient.netty.channel.ChannelManager - Adding key: http://localhost:12593 for channel [id: 0xeaeee574, L:/127.0.0.1:59085 - R:localhost/127.0.0.1:12593]
14:27:33.351 [main] DEBUG net.serenitybdd.core.photography.Darkroom - Send negative for processing for target\site\serenity\0af9f394de55ea6667ef5b3e8a55a12a870a47040bd55592bed375bc1302746f.png
14:27:33.356 [Forwarding getPageSource on session 87eceb0d2ff57e1a97eb7724294c1da5 to remote] DEBUG org.asynchttpclient.netty.request.NettyRequestSender - Using pooled Channel '[id: 0xeaeee574, L:/127.0.0.1:59085 - R:localhost/127.0.0.1:12593]' for 'POST' to 'http://localhost:12593/session/87eceb0d2ff57e1a97eb7724294c1da5/execute/sync'
14:27:33.356 [Forwarding getPageSource on session 87eceb0d2ff57e1a97eb7724294c1da5 to remote] DEBUG org.asynchttpclient.netty.request.NettyRequestSender - Using open Channel [id: 0xeaeee574, L:/127.0.0.1:59085 - R:localhost/127.0.0.1:12593] for POST '/session/87eceb0d2ff57e1a97eb7724294c1da5/execute/sync'
14:27:33.468 [AsyncHttpClient-1-7] DEBUG org.asynchttpclient.netty.handler.HttpHandler - 

Request DefaultHttpRequest(decodeResult: success, version: HTTP/1.1)
POST /session/87eceb0d2ff57e1a97eb7724294c1da5/execute/sync HTTP/1.1
User-Agent: selenium/4.8.1 (java windows)
Content-Length: 176
Content-Type: application/json; charset=utf-8
host: localhost:12593
accept: */*

Response DefaultHttpResponse(decodeResult: success, version: HTTP/1.1)
HTTP/1.1 200 OK
Content-Length: 92378
Content-Type: application/json; charset=utf-8
cache-control: no-cache

14:27:33.468 [AsyncHttpClient-1-7] DEBUG org.asynchttpclient.netty.channel.ChannelManager - Adding key: http://localhost:12593 for channel [id: 0xeaeee574, L:/127.0.0.1:59085 - R:localhost/127.0.0.1:12593]
14:27:33.484 [Forwarding getCurrentUrl on session 87eceb0d2ff57e1a97eb7724294c1da5 to remote] DEBUG org.asynchttpclient.netty.request.NettyRequestSender - Using pooled Channel '[id: 0xeaeee574, L:/127.0.0.1:59085 - R:localhost/127.0.0.1:12593]' for 'GET' to 'http://localhost:12593/session/87eceb0d2ff57e1a97eb7724294c1da5/url'
14:27:33.484 [Forwarding getCurrentUrl on session 87eceb0d2ff57e1a97eb7724294c1da5 to remote] DEBUG org.asynchttpclient.netty.request.NettyRequestSender - Using open Channel [id: 0xeaeee574, L:/127.0.0.1:59085 - R:localhost/127.0.0.1:12593] for GET '/session/87eceb0d2ff57e1a97eb7724294c1da5/url'
14:27:33.537 [AsyncHttpClient-1-7] DEBUG org.asynchttpclient.netty.handler.HttpHandler - 

Request DefaultFullHttpRequest(decodeResult: success, version: HTTP/1.1, content: EmptyByteBufBE)
GET /session/87eceb0d2ff57e1a97eb7724294c1da5/url HTTP/1.1
User-Agent: selenium/4.8.1 (java windows)
Cache-Control: no-cache
Content-Type: application/json; charset=utf-8
host: localhost:12593
accept: */*

Response DefaultHttpResponse(decodeResult: success, version: HTTP/1.1)
HTTP/1.1 200 OK
Content-Length: 62
Content-Type: application/json; charset=utf-8
cache-control: no-cache

14:27:33.537 [AsyncHttpClient-1-7] DEBUG org.asynchttpclient.netty.channel.ChannelManager - Adding key: http://localhost:12593 for channel [id: 0xeaeee574, L:/127.0.0.1:59085 - R:localhost/127.0.0.1:12593]
14:27:33.558 [Forwarding get on session 87eceb0d2ff57e1a97eb7724294c1da5 to remote] DEBUG org.asynchttpclient.netty.request.NettyRequestSender - Using pooled Channel '[id: 0xeaeee574, L:/127.0.0.1:59085 - R:localhost/127.0.0.1:12593]' for 'POST' to 'http://localhost:12593/session/87eceb0d2ff57e1a97eb7724294c1da5/url'
14:27:33.558 [Forwarding get on session 87eceb0d2ff57e1a97eb7724294c1da5 to remote] DEBUG org.asynchttpclient.netty.request.NettyRequestSender - Using open Channel [id: 0xeaeee574, L:/127.0.0.1:59085 - R:localhost/127.0.0.1:12593] for POST '/session/87eceb0d2ff57e1a97eb7724294c1da5/url'
14:27:34.297 [AsyncHttpClient-1-1] DEBUG org.asynchttpclient.netty.channel.DefaultChannelPool - Entry count for : http://localhost:59086 : 1
14:27:35.391 [AsyncHttpClient-1-1] DEBUG org.asynchttpclient.netty.channel.DefaultChannelPool - Entry count for : http://localhost:59086 : 1
14:27:36.497 [AsyncHttpClient-1-1] DEBUG org.asynchttpclient.netty.channel.DefaultChannelPool - Entry count for : http://localhost:59086 : 1
14:27:37.091 [AsyncHttpClient-1-7] DEBUG org.asynchttpclient.netty.handler.HttpHandler - 

Request DefaultHttpRequest(decodeResult: success, version: HTTP/1.1)
POST /session/87eceb0d2ff57e1a97eb7724294c1da5/url HTTP/1.1
User-Agent: selenium/4.8.1 (java windows)
Content-Length: 58
Content-Type: application/json; charset=utf-8
host: localhost:12593
accept: */*

Response DefaultHttpResponse(decodeResult: success, version: HTTP/1.1)
HTTP/1.1 200 OK
Content-Length: 14
Content-Type: application/json; charset=utf-8
cache-control: no-cache

14:27:37.091 [AsyncHttpClient-1-7] DEBUG org.asynchttpclient.netty.channel.ChannelManager - Adding key: http://localhost:12593 for channel [id: 0xeaeee574, L:/127.0.0.1:59085 - R:localhost/127.0.0.1:12593]
14:27:37.091 [Forwarding maximizeCurrentWindow on session 87eceb0d2ff57e1a97eb7724294c1da5 to remote] DEBUG org.asynchttpclient.netty.request.NettyRequestSender - Using pooled Channel '[id: 0xeaeee574, L:/127.0.0.1:59085 - R:localhost/127.0.0.1:12593]' for 'POST' to 'http://localhost:12593/session/87eceb0d2ff57e1a97eb7724294c1da5/window/maximize'
14:27:37.091 [Forwarding maximizeCurrentWindow on session 87eceb0d2ff57e1a97eb7724294c1da5 to remote] DEBUG org.asynchttpclient.netty.request.NettyRequestSender - Using open Channel [id: 0xeaeee574, L:/127.0.0.1:59085 - R:localhost/127.0.0.1:12593] for POST '/session/87eceb0d2ff57e1a97eb7724294c1da5/window/maximize'
14:27:37.109 [AsyncHttpClient-1-7] DEBUG org.asynchttpclient.netty.handler.HttpHandler - 

Request DefaultHttpRequest(decodeResult: success, version: HTTP/1.1)
POST /session/87eceb0d2ff57e1a97eb7724294c1da5/window/maximize HTTP/1.1
User-Agent: selenium/4.8.1 (java windows)
Content-Length: 3
Content-Type: application/json; charset=utf-8
host: localhost:12593
accept: */*

Response DefaultHttpResponse(decodeResult: success, version: HTTP/1.1)
HTTP/1.1 200 OK
Content-Length: 51
Content-Type: application/json; charset=utf-8
cache-control: no-cache

14:27:37.109 [AsyncHttpClient-1-7] DEBUG org.asynchttpclient.netty.channel.ChannelManager - Adding key: http://localhost:12593 for channel [id: 0xeaeee574, L:/127.0.0.1:59085 - R:localhost/127.0.0.1:12593]
14:27:37.123 [Forwarding getAlertText on session 87eceb0d2ff57e1a97eb7724294c1da5 to remote] DEBUG org.asynchttpclient.netty.request.NettyRequestSender - Using pooled Channel '[id: 0xeaeee574, L:/127.0.0.1:59085 - R:localhost/127.0.0.1:12593]' for 'GET' to 'http://localhost:12593/session/87eceb0d2ff57e1a97eb7724294c1da5/alert/text'
14:27:37.123 [Forwarding getAlertText on session 87eceb0d2ff57e1a97eb7724294c1da5 to remote] DEBUG org.asynchttpclient.netty.request.NettyRequestSender - Using open Channel [id: 0xeaeee574, L:/127.0.0.1:59085 - R:localhost/127.0.0.1:12593] for GET '/session/87eceb0d2ff57e1a97eb7724294c1da5/alert/text'
14:27:37.130 [AsyncHttpClient-1-7] DEBUG org.asynchttpclient.netty.handler.HttpHandler - 

Request DefaultFullHttpRequest(decodeResult: success, version: HTTP/1.1, content: EmptyByteBufBE)
GET /session/87eceb0d2ff57e1a97eb7724294c1da5/alert/text HTTP/1.1
User-Agent: selenium/4.8.1 (java windows)
Cache-Control: no-cache
Content-Type: application/json; charset=utf-8
host: localhost:12593
accept: */*

Response DefaultHttpResponse(decodeResult: success, version: HTTP/1.1)
HTTP/1.1 404 Not Found
Content-Length: 821
Content-Type: application/json; charset=utf-8
cache-control: no-cache

14:27:37.130 [AsyncHttpClient-1-7] DEBUG org.asynchttpclient.netty.channel.ChannelManager - Adding key: http://localhost:12593 for channel [id: 0xeaeee574, L:/127.0.0.1:59085 - R:localhost/127.0.0.1:12593]
14:27:37.133 [Forwarding getCurrentUrl on session 87eceb0d2ff57e1a97eb7724294c1da5 to remote] DEBUG org.asynchttpclient.netty.request.NettyRequestSender - Using pooled Channel '[id: 0xeaeee574, L:/127.0.0.1:59085 - R:localhost/127.0.0.1:12593]' for 'GET' to 'http://localhost:12593/session/87eceb0d2ff57e1a97eb7724294c1da5/url'
14:27:37.133 [Forwarding getCurrentUrl on session 87eceb0d2ff57e1a97eb7724294c1da5 to remote] DEBUG org.asynchttpclient.netty.request.NettyRequestSender - Using open Channel [id: 0xeaeee574, L:/127.0.0.1:59085 - R:localhost/127.0.0.1:12593] for GET '/session/87eceb0d2ff57e1a97eb7724294c1da5/url'
14:27:37.147 [AsyncHttpClient-1-7] DEBUG org.asynchttpclient.netty.handler.HttpHandler - 

Request DefaultFullHttpRequest(decodeResult: success, version: HTTP/1.1, content: EmptyByteBufBE)
GET /session/87eceb0d2ff57e1a97eb7724294c1da5/url HTTP/1.1
User-Agent: selenium/4.8.1 (java windows)
Cache-Control: no-cache
Content-Type: application/json; charset=utf-8
host: localhost:12593
accept: */*

Response DefaultHttpResponse(decodeResult: success, version: HTTP/1.1)
HTTP/1.1 200 OK
Content-Length: 40
Content-Type: application/json; charset=utf-8
cache-control: no-cache

14:27:37.147 [AsyncHttpClient-1-7] DEBUG org.asynchttpclient.netty.channel.ChannelManager - Adding key: http://localhost:12593 for channel [id: 0xeaeee574, L:/127.0.0.1:59085 - R:localhost/127.0.0.1:12593]
14:27:37.147 [Forwarding screenshot on session 87eceb0d2ff57e1a97eb7724294c1da5 to remote] DEBUG org.asynchttpclient.netty.request.NettyRequestSender - Using pooled Channel '[id: 0xeaeee574, L:/127.0.0.1:59085 - R:localhost/127.0.0.1:12593]' for 'GET' to 'http://localhost:12593/session/87eceb0d2ff57e1a97eb7724294c1da5/screenshot'
14:27:37.147 [Forwarding screenshot on session 87eceb0d2ff57e1a97eb7724294c1da5 to remote] DEBUG org.asynchttpclient.netty.request.NettyRequestSender - Using open Channel [id: 0xeaeee574, L:/127.0.0.1:59085 - R:localhost/127.0.0.1:12593] for GET '/session/87eceb0d2ff57e1a97eb7724294c1da5/screenshot'
14:27:37.598 [AsyncHttpClient-1-1] DEBUG org.asynchttpclient.netty.channel.DefaultChannelPool - Entry count for : http://localhost:59086 : 1
14:27:38.477 [AsyncHttpClient-1-7] DEBUG org.asynchttpclient.netty.handler.HttpHandler - 

Request DefaultFullHttpRequest(decodeResult: success, version: HTTP/1.1, content: EmptyByteBufBE)
GET /session/87eceb0d2ff57e1a97eb7724294c1da5/screenshot HTTP/1.1
User-Agent: selenium/4.8.1 (java windows)
Cache-Control: no-cache
Content-Type: application/json; charset=utf-8
host: localhost:12593
accept: */*

Response DefaultHttpResponse(decodeResult: success, version: HTTP/1.1)
HTTP/1.1 200 OK
Content-Length: 2003408
Content-Type: application/json; charset=utf-8
cache-control: no-cache

14:27:38.489 [AsyncHttpClient-1-7] DEBUG org.asynchttpclient.netty.channel.ChannelManager - Adding key: http://localhost:12593 for channel [id: 0xeaeee574, L:/127.0.0.1:59085 - R:localhost/127.0.0.1:12593]
14:27:38.594 [main] DEBUG net.serenitybdd.core.photography.Darkroom - Send negative for processing for target\site\serenity\4d484c517c281bbf41062e29912a7e50e131e9ee9d88c678e6eceb22e3ff72aa.png
14:27:38.594 [Darkroom Processing Line] DEBUG net.serenitybdd.core.photography.DarkroomProcessingLine - Processing screenshot image in /var/screenshots/screenshot-8949176019895529527
14:27:38.594 [Darkroom Processing Line] DEBUG net.serenitybdd.core.photography.DarkroomProcessingLine - Saving screenshot to target\site\serenity\4d484c517c281bbf41062e29912a7e50e131e9ee9d88c678e6eceb22e3ff72aa.png
14:27:38.610 [Forwarding getPageSource on session 87eceb0d2ff57e1a97eb7724294c1da5 to remote] DEBUG org.asynchttpclient.netty.request.NettyRequestSender - Using pooled Channel '[id: 0xeaeee574, L:/127.0.0.1:59085 - R:localhost/127.0.0.1:12593]' for 'POST' to 'http://localhost:12593/session/87eceb0d2ff57e1a97eb7724294c1da5/execute/sync'
14:27:38.610 [Forwarding getPageSource on session 87eceb0d2ff57e1a97eb7724294c1da5 to remote] DEBUG org.asynchttpclient.netty.request.NettyRequestSender - Using open Channel [id: 0xeaeee574, L:/127.0.0.1:59085 - R:localhost/127.0.0.1:12593] for POST '/session/87eceb0d2ff57e1a97eb7724294c1da5/execute/sync'
14:27:38.648 [AsyncHttpClient-1-7] DEBUG org.asynchttpclient.netty.handler.HttpHandler - 

Request DefaultHttpRequest(decodeResult: success, version: HTTP/1.1)
POST /session/87eceb0d2ff57e1a97eb7724294c1da5/execute/sync HTTP/1.1
User-Agent: selenium/4.8.1 (java windows)
Content-Length: 176
Content-Type: application/json; charset=utf-8
host: localhost:12593
accept: */*

Response DefaultHttpResponse(decodeResult: success, version: HTTP/1.1)
HTTP/1.1 200 OK
Content-Length: 129146
Content-Type: application/json; charset=utf-8
cache-control: no-cache

14:27:38.648 [AsyncHttpClient-1-7] DEBUG org.asynchttpclient.netty.channel.ChannelManager - Adding key: http://localhost:12593 for channel [id: 0xeaeee574, L:/127.0.0.1:59085 - R:localhost/127.0.0.1:12593]
14:27:38.668 [Forwarding getCurrentUrl on session 87eceb0d2ff57e1a97eb7724294c1da5 to remote] DEBUG org.asynchttpclient.netty.request.NettyRequestSender - Using pooled Channel '[id: 0xeaeee574, L:/127.0.0.1:59085 - R:localhost/127.0.0.1:12593]' for 'GET' to 'http://localhost:12593/session/87eceb0d2ff57e1a97eb7724294c1da5/url'
14:27:38.668 [Forwarding getCurrentUrl on session 87eceb0d2ff57e1a97eb7724294c1da5 to remote] DEBUG org.asynchttpclient.netty.request.NettyRequestSender - Using open Channel [id: 0xeaeee574, L:/127.0.0.1:59085 - R:localhost/127.0.0.1:12593] for GET '/session/87eceb0d2ff57e1a97eb7724294c1da5/url'
14:27:38.680 [AsyncHttpClient-1-7] DEBUG org.asynchttpclient.netty.handler.HttpHandler - 

Request DefaultFullHttpRequest(decodeResult: success, version: HTTP/1.1, content: EmptyByteBufBE)
GET /session/87eceb0d2ff57e1a97eb7724294c1da5/url HTTP/1.1
User-Agent: selenium/4.8.1 (java windows)
Cache-Control: no-cache
Content-Type: application/json; charset=utf-8
host: localhost:12593
accept: */*

Response DefaultHttpResponse(decodeResult: success, version: HTTP/1.1)
HTTP/1.1 200 OK
Content-Length: 40
Content-Type: application/json; charset=utf-8
cache-control: no-cache

14:27:38.680 [AsyncHttpClient-1-7] DEBUG org.asynchttpclient.netty.channel.ChannelManager - Adding key: http://localhost:12593 for channel [id: 0xeaeee574, L:/127.0.0.1:59085 - R:localhost/127.0.0.1:12593]
14:27:38.688 [AsyncHttpClient-1-1] DEBUG org.asynchttpclient.netty.channel.DefaultChannelPool - Entry count for : http://localhost:59086 : 1
14:27:38.688 [AsyncHttpClient-1-1] DEBUG org.asynchttpclient.netty.channel.DefaultChannelPool - Entry count for : http://localhost:12593 : 1
14:27:38.705 [Forwarding getAlertText on session 87eceb0d2ff57e1a97eb7724294c1da5 to remote] DEBUG org.asynchttpclient.netty.request.NettyRequestSender - Using pooled Channel '[id: 0xeaeee574, L:/127.0.0.1:59085 - R:localhost/127.0.0.1:12593]' for 'GET' to 'http://localhost:12593/session/87eceb0d2ff57e1a97eb7724294c1da5/alert/text'
14:27:38.705 [Forwarding getAlertText on session 87eceb0d2ff57e1a97eb7724294c1da5 to remote] DEBUG org.asynchttpclient.netty.request.NettyRequestSender - Using open Channel [id: 0xeaeee574, L:/127.0.0.1:59085 - R:localhost/127.0.0.1:12593] for GET '/session/87eceb0d2ff57e1a97eb7724294c1da5/alert/text'
14:27:38.711 [AsyncHttpClient-1-7] DEBUG org.asynchttpclient.netty.handler.HttpHandler - 

Request DefaultFullHttpRequest(decodeResult: success, version: HTTP/1.1, content: EmptyByteBufBE)
GET /session/87eceb0d2ff57e1a97eb7724294c1da5/alert/text HTTP/1.1
User-Agent: selenium/4.8.1 (java windows)
Cache-Control: no-cache
Content-Type: application/json; charset=utf-8
host: localhost:12593
accept: */*

Response DefaultHttpResponse(decodeResult: success, version: HTTP/1.1)
HTTP/1.1 404 Not Found
Content-Length: 821
Content-Type: application/json; charset=utf-8
cache-control: no-cache

14:27:38.713 [AsyncHttpClient-1-7] DEBUG org.asynchttpclient.netty.channel.ChannelManager - Adding key: http://localhost:12593 for channel [id: 0xeaeee574, L:/127.0.0.1:59085 - R:localhost/127.0.0.1:12593]
14:27:38.713 [Forwarding getCurrentUrl on session 87eceb0d2ff57e1a97eb7724294c1da5 to remote] DEBUG org.asynchttpclient.netty.request.NettyRequestSender - Using pooled Channel '[id: 0xeaeee574, L:/127.0.0.1:59085 - R:localhost/127.0.0.1:12593]' for 'GET' to 'http://localhost:12593/session/87eceb0d2ff57e1a97eb7724294c1da5/url'
14:27:38.713 [Forwarding getCurrentUrl on session 87eceb0d2ff57e1a97eb7724294c1da5 to remote] DEBUG org.asynchttpclient.netty.request.NettyRequestSender - Using open Channel [id: 0xeaeee574, L:/127.0.0.1:59085 - R:localhost/127.0.0.1:12593] for GET '/session/87eceb0d2ff57e1a97eb7724294c1da5/url'
14:27:38.721 [AsyncHttpClient-1-7] DEBUG org.asynchttpclient.netty.handler.HttpHandler - 

Request DefaultFullHttpRequest(decodeResult: success, version: HTTP/1.1, content: EmptyByteBufBE)
GET /session/87eceb0d2ff57e1a97eb7724294c1da5/url HTTP/1.1
User-Agent: selenium/4.8.1 (java windows)
Cache-Control: no-cache
Content-Type: application/json; charset=utf-8
host: localhost:12593
accept: */*

Response DefaultHttpResponse(decodeResult: success, version: HTTP/1.1)
HTTP/1.1 200 OK
Content-Length: 40
Content-Type: application/json; charset=utf-8
cache-control: no-cache

14:27:38.721 [AsyncHttpClient-1-7] DEBUG org.asynchttpclient.netty.channel.ChannelManager - Adding key: http://localhost:12593 for channel [id: 0xeaeee574, L:/127.0.0.1:59085 - R:localhost/127.0.0.1:12593]
14:27:38.721 [Forwarding screenshot on session 87eceb0d2ff57e1a97eb7724294c1da5 to remote] DEBUG org.asynchttpclient.netty.request.NettyRequestSender - Using pooled Channel '[id: 0xeaeee574, L:/127.0.0.1:59085 - R:localhost/127.0.0.1:12593]' for 'GET' to 'http://localhost:12593/session/87eceb0d2ff57e1a97eb7724294c1da5/screenshot'
14:27:38.721 [Forwarding screenshot on session 87eceb0d2ff57e1a97eb7724294c1da5 to remote] DEBUG org.asynchttpclient.netty.request.NettyRequestSender - Using open Channel [id: 0xeaeee574, L:/127.0.0.1:59085 - R:localhost/127.0.0.1:12593] for GET '/session/87eceb0d2ff57e1a97eb7724294c1da5/screenshot'
14:27:39.798 [AsyncHttpClient-1-1] DEBUG org.asynchttpclient.netty.channel.DefaultChannelPool - Entry count for : http://localhost:59086 : 1
14:27:39.891 [AsyncHttpClient-1-7] DEBUG org.asynchttpclient.netty.handler.HttpHandler - 

Request DefaultFullHttpRequest(decodeResult: success, version: HTTP/1.1, content: EmptyByteBufBE)
GET /session/87eceb0d2ff57e1a97eb7724294c1da5/screenshot HTTP/1.1
User-Agent: selenium/4.8.1 (java windows)
Cache-Control: no-cache
Content-Type: application/json; charset=utf-8
host: localhost:12593
accept: */*

Response DefaultHttpResponse(decodeResult: success, version: HTTP/1.1)
HTTP/1.1 200 OK
Content-Length: 2003408
Content-Type: application/json; charset=utf-8
cache-control: no-cache

14:27:39.900 [AsyncHttpClient-1-7] DEBUG org.asynchttpclient.netty.channel.ChannelManager - Adding key: http://localhost:12593 for channel [id: 0xeaeee574, L:/127.0.0.1:59085 - R:localhost/127.0.0.1:12593]
14:27:40.023 [main] DEBUG net.serenitybdd.core.photography.Darkroom - Send negative for processing for target\site\serenity\4d484c517c281bbf41062e29912a7e50e131e9ee9d88c678e6eceb22e3ff72aa.png
14:27:40.028 [Forwarding getPageSource on session 87eceb0d2ff57e1a97eb7724294c1da5 to remote] DEBUG org.asynchttpclient.netty.request.NettyRequestSender - Using pooled Channel '[id: 0xeaeee574, L:/127.0.0.1:59085 - R:localhost/127.0.0.1:12593]' for 'POST' to 'http://localhost:12593/session/87eceb0d2ff57e1a97eb7724294c1da5/execute/sync'
14:27:40.028 [Forwarding getPageSource on session 87eceb0d2ff57e1a97eb7724294c1da5 to remote] DEBUG org.asynchttpclient.netty.request.NettyRequestSender - Using open Channel [id: 0xeaeee574, L:/127.0.0.1:59085 - R:localhost/127.0.0.1:12593] for POST '/session/87eceb0d2ff57e1a97eb7724294c1da5/execute/sync'
14:27:40.065 [AsyncHttpClient-1-7] DEBUG org.asynchttpclient.netty.handler.HttpHandler - 

Request DefaultHttpRequest(decodeResult: success, version: HTTP/1.1)
POST /session/87eceb0d2ff57e1a97eb7724294c1da5/execute/sync HTTP/1.1
User-Agent: selenium/4.8.1 (java windows)
Content-Length: 176
Content-Type: application/json; charset=utf-8
host: localhost:12593
accept: */*

Response DefaultHttpResponse(decodeResult: success, version: HTTP/1.1)
HTTP/1.1 200 OK
Content-Length: 129194
Content-Type: application/json; charset=utf-8
cache-control: no-cache

14:27:40.065 [AsyncHttpClient-1-7] DEBUG org.asynchttpclient.netty.channel.ChannelManager - Adding key: http://localhost:12593 for channel [id: 0xeaeee574, L:/127.0.0.1:59085 - R:localhost/127.0.0.1:12593]
14:27:40.115 [Forwarding getCurrentUrl on session 87eceb0d2ff57e1a97eb7724294c1da5 to remote] DEBUG org.asynchttpclient.netty.request.NettyRequestSender - Using pooled Channel '[id: 0xeaeee574, L:/127.0.0.1:59085 - R:localhost/127.0.0.1:12593]' for 'GET' to 'http://localhost:12593/session/87eceb0d2ff57e1a97eb7724294c1da5/url'
14:27:40.119 [Forwarding getCurrentUrl on session 87eceb0d2ff57e1a97eb7724294c1da5 to remote] DEBUG org.asynchttpclient.netty.request.NettyRequestSender - Using open Channel [id: 0xeaeee574, L:/127.0.0.1:59085 - R:localhost/127.0.0.1:12593] for GET '/session/87eceb0d2ff57e1a97eb7724294c1da5/url'
14:27:40.151 [AsyncHttpClient-1-7] DEBUG org.asynchttpclient.netty.handler.HttpHandler - 

Request DefaultFullHttpRequest(decodeResult: success, version: HTTP/1.1, content: EmptyByteBufBE)
GET /session/87eceb0d2ff57e1a97eb7724294c1da5/url HTTP/1.1
User-Agent: selenium/4.8.1 (java windows)
Cache-Control: no-cache
Content-Type: application/json; charset=utf-8
host: localhost:12593
accept: */*

Response DefaultHttpResponse(decodeResult: success, version: HTTP/1.1)
HTTP/1.1 200 OK
Content-Length: 40
Content-Type: application/json; charset=utf-8
cache-control: no-cache

14:27:40.151 [AsyncHttpClient-1-7] DEBUG org.asynchttpclient.netty.channel.ChannelManager - Adding key: http://localhost:12593 for channel [id: 0xeaeee574, L:/127.0.0.1:59085 - R:localhost/127.0.0.1:12593]
14:27:40.160 [main] DEBUG net.thucydides.core.steps.StepInterceptor - STARTING STEP: Afrexim_OurBank_Aboutus_Steps.to_click_the_our_bank_option - To_click_the_Our_Bank_Option
14:27:40.176 [Forwarding findElement on session 87eceb0d2ff57e1a97eb7724294c1da5 to remote] DEBUG org.asynchttpclient.netty.request.NettyRequestSender - Using pooled Channel '[id: 0xeaeee574, L:/127.0.0.1:59085 - R:localhost/127.0.0.1:12593]' for 'POST' to 'http://localhost:12593/session/87eceb0d2ff57e1a97eb7724294c1da5/element'
14:27:40.176 [Forwarding findElement on session 87eceb0d2ff57e1a97eb7724294c1da5 to remote] DEBUG org.asynchttpclient.netty.request.NettyRequestSender - Using open Channel [id: 0xeaeee574, L:/127.0.0.1:59085 - R:localhost/127.0.0.1:12593] for POST '/session/87eceb0d2ff57e1a97eb7724294c1da5/element'
14:27:40.223 [AsyncHttpClient-1-7] DEBUG org.asynchttpclient.netty.handler.HttpHandler - 

Request DefaultHttpRequest(decodeResult: success, version: HTTP/1.1)
POST /session/87eceb0d2ff57e1a97eb7724294c1da5/element HTTP/1.1
User-Agent: selenium/4.8.1 (java windows)
Content-Length: 77
Content-Type: application/json; charset=utf-8
host: localhost:12593
accept: */*

Response DefaultHttpResponse(decodeResult: success, version: HTTP/1.1)
HTTP/1.1 200 OK
Content-Length: 96
Content-Type: application/json; charset=utf-8
cache-control: no-cache

14:27:40.223 [AsyncHttpClient-1-7] DEBUG org.asynchttpclient.netty.channel.ChannelManager - Adding key: http://localhost:12593 for channel [id: 0xeaeee574, L:/127.0.0.1:59085 - R:localhost/127.0.0.1:12593]
14:27:40.226 [Forwarding getElementTagName on session 87eceb0d2ff57e1a97eb7724294c1da5 to remote] DEBUG org.asynchttpclient.netty.request.NettyRequestSender - Using pooled Channel '[id: 0xeaeee574, L:/127.0.0.1:59085 - R:localhost/127.0.0.1:12593]' for 'GET' to 'http://localhost:12593/session/87eceb0d2ff57e1a97eb7724294c1da5/element/5C39C05476F22AFF33AF932E3E2F4848_element_155/name'
14:27:40.226 [Forwarding getElementTagName on session 87eceb0d2ff57e1a97eb7724294c1da5 to remote] DEBUG org.asynchttpclient.netty.request.NettyRequestSender - Using open Channel [id: 0xeaeee574, L:/127.0.0.1:59085 - R:localhost/127.0.0.1:12593] for GET '/session/87eceb0d2ff57e1a97eb7724294c1da5/element/5C39C05476F22AFF33AF932E3E2F4848_element_155/name'
14:27:40.240 [AsyncHttpClient-1-7] DEBUG org.asynchttpclient.netty.handler.HttpHandler - 

Request DefaultFullHttpRequest(decodeResult: success, version: HTTP/1.1, content: EmptyByteBufBE)
GET /session/87eceb0d2ff57e1a97eb7724294c1da5/element/5C39C05476F22AFF33AF932E3E2F4848_element_155/name HTTP/1.1
User-Agent: selenium/4.8.1 (java windows)
Cache-Control: no-cache
Content-Type: application/json; charset=utf-8
host: localhost:12593
accept: */*

Response DefaultHttpResponse(decodeResult: success, version: HTTP/1.1)
HTTP/1.1 200 OK
Content-Length: 16
Content-Type: application/json; charset=utf-8
cache-control: no-cache

14:27:40.240 [AsyncHttpClient-1-7] DEBUG org.asynchttpclient.netty.channel.ChannelManager - Adding key: http://localhost:12593 for channel [id: 0xeaeee574, L:/127.0.0.1:59085 - R:localhost/127.0.0.1:12593]
14:27:40.247 [Forwarding getElementTagName on session 87eceb0d2ff57e1a97eb7724294c1da5 to remote] DEBUG org.asynchttpclient.netty.request.NettyRequestSender - Using pooled Channel '[id: 0xeaeee574, L:/127.0.0.1:59085 - R:localhost/127.0.0.1:12593]' for 'GET' to 'http://localhost:12593/session/87eceb0d2ff57e1a97eb7724294c1da5/element/5C39C05476F22AFF33AF932E3E2F4848_element_155/name'
14:27:40.247 [Forwarding getElementTagName on session 87eceb0d2ff57e1a97eb7724294c1da5 to remote] DEBUG org.asynchttpclient.netty.request.NettyRequestSender - Using open Channel [id: 0xeaeee574, L:/127.0.0.1:59085 - R:localhost/127.0.0.1:12593] for GET '/session/87eceb0d2ff57e1a97eb7724294c1da5/element/5C39C05476F22AFF33AF932E3E2F4848_element_155/name'
14:27:40.271 [AsyncHttpClient-1-7] DEBUG org.asynchttpclient.netty.handler.HttpHandler - 

Request DefaultFullHttpRequest(decodeResult: success, version: HTTP/1.1, content: EmptyByteBufBE)
GET /session/87eceb0d2ff57e1a97eb7724294c1da5/element/5C39C05476F22AFF33AF932E3E2F4848_element_155/name HTTP/1.1
User-Agent: selenium/4.8.1 (java windows)
Cache-Control: no-cache
Content-Type: application/json; charset=utf-8
host: localhost:12593
accept: */*

Response DefaultHttpResponse(decodeResult: success, version: HTTP/1.1)
HTTP/1.1 200 OK
Content-Length: 16
Content-Type: application/json; charset=utf-8
cache-control: no-cache

14:27:40.271 [AsyncHttpClient-1-7] DEBUG org.asynchttpclient.netty.channel.ChannelManager - Adding key: http://localhost:12593 for channel [id: 0xeaeee574, L:/127.0.0.1:59085 - R:localhost/127.0.0.1:12593]
14:27:40.279 [Forwarding findElement on session 87eceb0d2ff57e1a97eb7724294c1da5 to remote] DEBUG org.asynchttpclient.netty.request.NettyRequestSender - Using pooled Channel '[id: 0xeaeee574, L:/127.0.0.1:59085 - R:localhost/127.0.0.1:12593]' for 'POST' to 'http://localhost:12593/session/87eceb0d2ff57e1a97eb7724294c1da5/element'
14:27:40.279 [Forwarding findElement on session 87eceb0d2ff57e1a97eb7724294c1da5 to remote] DEBUG org.asynchttpclient.netty.request.NettyRequestSender - Using open Channel [id: 0xeaeee574, L:/127.0.0.1:59085 - R:localhost/127.0.0.1:12593] for POST '/session/87eceb0d2ff57e1a97eb7724294c1da5/element'
14:27:40.303 [AsyncHttpClient-1-7] DEBUG org.asynchttpclient.netty.handler.HttpHandler - 

Request DefaultHttpRequest(decodeResult: success, version: HTTP/1.1)
POST /session/87eceb0d2ff57e1a97eb7724294c1da5/element HTTP/1.1
User-Agent: selenium/4.8.1 (java windows)
Content-Length: 77
Content-Type: application/json; charset=utf-8
host: localhost:12593
accept: */*

Response DefaultHttpResponse(decodeResult: success, version: HTTP/1.1)
HTTP/1.1 200 OK
Content-Length: 96
Content-Type: application/json; charset=utf-8
cache-control: no-cache

14:27:40.303 [AsyncHttpClient-1-7] DEBUG org.asynchttpclient.netty.channel.ChannelManager - Adding key: http://localhost:12593 for channel [id: 0xeaeee574, L:/127.0.0.1:59085 - R:localhost/127.0.0.1:12593]
14:27:40.303 [Forwarding clickElement on session 87eceb0d2ff57e1a97eb7724294c1da5 to remote] DEBUG org.asynchttpclient.netty.request.NettyRequestSender - Using pooled Channel '[id: 0xeaeee574, L:/127.0.0.1:59085 - R:localhost/127.0.0.1:12593]' for 'POST' to 'http://localhost:12593/session/87eceb0d2ff57e1a97eb7724294c1da5/element/5C39C05476F22AFF33AF932E3E2F4848_element_155/click'
14:27:40.303 [Forwarding clickElement on session 87eceb0d2ff57e1a97eb7724294c1da5 to remote] DEBUG org.asynchttpclient.netty.request.NettyRequestSender - Using open Channel [id: 0xeaeee574, L:/127.0.0.1:59085 - R:localhost/127.0.0.1:12593] for POST '/session/87eceb0d2ff57e1a97eb7724294c1da5/element/5C39C05476F22AFF33AF932E3E2F4848_element_155/click'
14:27:40.547 [AsyncHttpClient-1-7] DEBUG org.asynchttpclient.netty.handler.HttpHandler - 

Request DefaultHttpRequest(decodeResult: success, version: HTTP/1.1)
POST /session/87eceb0d2ff57e1a97eb7724294c1da5/element/5C39C05476F22AFF33AF932E3E2F4848_element_155/click HTTP/1.1
User-Agent: selenium/4.8.1 (java windows)
Content-Length: 58
Content-Type: application/json; charset=utf-8
host: localhost:12593
accept: */*

Response DefaultHttpResponse(decodeResult: success, version: HTTP/1.1)
HTTP/1.1 200 OK
Content-Length: 14
Content-Type: application/json; charset=utf-8
cache-control: no-cache

14:27:40.547 [AsyncHttpClient-1-7] DEBUG org.asynchttpclient.netty.channel.ChannelManager - Adding key: http://localhost:12593 for channel [id: 0xeaeee574, L:/127.0.0.1:59085 - R:localhost/127.0.0.1:12593]
14:27:40.567 [Forwarding getAlertText on session 87eceb0d2ff57e1a97eb7724294c1da5 to remote] DEBUG org.asynchttpclient.netty.request.NettyRequestSender - Using pooled Channel '[id: 0xeaeee574, L:/127.0.0.1:59085 - R:localhost/127.0.0.1:12593]' for 'GET' to 'http://localhost:12593/session/87eceb0d2ff57e1a97eb7724294c1da5/alert/text'
14:27:40.567 [Forwarding getAlertText on session 87eceb0d2ff57e1a97eb7724294c1da5 to remote] DEBUG org.asynchttpclient.netty.request.NettyRequestSender - Using open Channel [id: 0xeaeee574, L:/127.0.0.1:59085 - R:localhost/127.0.0.1:12593] for GET '/session/87eceb0d2ff57e1a97eb7724294c1da5/alert/text'
14:27:40.580 [AsyncHttpClient-1-7] DEBUG org.asynchttpclient.netty.handler.HttpHandler - 

Request DefaultFullHttpRequest(decodeResult: success, version: HTTP/1.1, content: EmptyByteBufBE)
GET /session/87eceb0d2ff57e1a97eb7724294c1da5/alert/text HTTP/1.1
User-Agent: selenium/4.8.1 (java windows)
Cache-Control: no-cache
Content-Type: application/json; charset=utf-8
host: localhost:12593
accept: */*

Response DefaultHttpResponse(decodeResult: success, version: HTTP/1.1)
HTTP/1.1 404 Not Found
Content-Length: 821
Content-Type: application/json; charset=utf-8
cache-control: no-cache

14:27:40.580 [AsyncHttpClient-1-7] DEBUG org.asynchttpclient.netty.channel.ChannelManager - Adding key: http://localhost:12593 for channel [id: 0xeaeee574, L:/127.0.0.1:59085 - R:localhost/127.0.0.1:12593]
14:27:40.580 [Forwarding getCurrentUrl on session 87eceb0d2ff57e1a97eb7724294c1da5 to remote] DEBUG org.asynchttpclient.netty.request.NettyRequestSender - Using pooled Channel '[id: 0xeaeee574, L:/127.0.0.1:59085 - R:localhost/127.0.0.1:12593]' for 'GET' to 'http://localhost:12593/session/87eceb0d2ff57e1a97eb7724294c1da5/url'
14:27:40.580 [Forwarding getCurrentUrl on session 87eceb0d2ff57e1a97eb7724294c1da5 to remote] DEBUG org.asynchttpclient.netty.request.NettyRequestSender - Using open Channel [id: 0xeaeee574, L:/127.0.0.1:59085 - R:localhost/127.0.0.1:12593] for GET '/session/87eceb0d2ff57e1a97eb7724294c1da5/url'
14:27:40.604 [AsyncHttpClient-1-7] DEBUG org.asynchttpclient.netty.handler.HttpHandler - 

Request DefaultFullHttpRequest(decodeResult: success, version: HTTP/1.1, content: EmptyByteBufBE)
GET /session/87eceb0d2ff57e1a97eb7724294c1da5/url HTTP/1.1
User-Agent: selenium/4.8.1 (java windows)
Cache-Control: no-cache
Content-Type: application/json; charset=utf-8
host: localhost:12593
accept: */*

Response DefaultHttpResponse(decodeResult: success, version: HTTP/1.1)
HTTP/1.1 200 OK
Content-Length: 40
Content-Type: application/json; charset=utf-8
cache-control: no-cache

14:27:40.604 [AsyncHttpClient-1-7] DEBUG org.asynchttpclient.netty.channel.ChannelManager - Adding key: http://localhost:12593 for channel [id: 0xeaeee574, L:/127.0.0.1:59085 - R:localhost/127.0.0.1:12593]
14:27:40.604 [Forwarding screenshot on session 87eceb0d2ff57e1a97eb7724294c1da5 to remote] DEBUG org.asynchttpclient.netty.request.NettyRequestSender - Using pooled Channel '[id: 0xeaeee574, L:/127.0.0.1:59085 - R:localhost/127.0.0.1:12593]' for 'GET' to 'http://localhost:12593/session/87eceb0d2ff57e1a97eb7724294c1da5/screenshot'
14:27:40.604 [Forwarding screenshot on session 87eceb0d2ff57e1a97eb7724294c1da5 to remote] DEBUG org.asynchttpclient.netty.request.NettyRequestSender - Using open Channel [id: 0xeaeee574, L:/127.0.0.1:59085 - R:localhost/127.0.0.1:12593] for GET '/session/87eceb0d2ff57e1a97eb7724294c1da5/screenshot'
14:27:40.898 [AsyncHttpClient-1-1] DEBUG org.asynchttpclient.netty.channel.DefaultChannelPool - Entry count for : http://localhost:59086 : 1
14:27:41.995 [AsyncHttpClient-1-1] DEBUG org.asynchttpclient.netty.channel.DefaultChannelPool - Entry count for : http://localhost:59086 : 1
14:27:42.114 [AsyncHttpClient-1-7] DEBUG org.asynchttpclient.netty.handler.HttpHandler - 

Request DefaultFullHttpRequest(decodeResult: success, version: HTTP/1.1, content: EmptyByteBufBE)
GET /session/87eceb0d2ff57e1a97eb7724294c1da5/screenshot HTTP/1.1
User-Agent: selenium/4.8.1 (java windows)
Cache-Control: no-cache
Content-Type: application/json; charset=utf-8
host: localhost:12593
accept: */*

Response DefaultHttpResponse(decodeResult: success, version: HTTP/1.1)
HTTP/1.1 200 OK
Content-Length: 2539152
Content-Type: application/json; charset=utf-8
cache-control: no-cache

14:27:42.124 [AsyncHttpClient-1-7] DEBUG org.asynchttpclient.netty.channel.ChannelManager - Adding key: http://localhost:12593 for channel [id: 0xeaeee574, L:/127.0.0.1:59085 - R:localhost/127.0.0.1:12593]
14:27:42.258 [main] DEBUG net.serenitybdd.core.photography.Darkroom - Send negative for processing for target\site\serenity\1617ca9f86f0b417e3c2c4e4f132ff0f31b2b003d07cd21d7c0e85ce6ff3cbd4.png
14:27:42.258 [main] DEBUG net.thucydides.core.steps.StepInterceptor - STEP DONE: To_click_the_Our_Bank_Option
14:27:42.258 [Darkroom Processing Line] DEBUG net.serenitybdd.core.photography.DarkroomProcessingLine - Processing screenshot image in /var/screenshots/screenshot-6396712995983005404
14:27:42.258 [Darkroom Processing Line] DEBUG net.serenitybdd.core.photography.DarkroomProcessingLine - Saving screenshot to target\site\serenity\1617ca9f86f0b417e3c2c4e4f132ff0f31b2b003d07cd21d7c0e85ce6ff3cbd4.png
14:27:42.273 [Forwarding getPageSource on session 87eceb0d2ff57e1a97eb7724294c1da5 to remote] DEBUG org.asynchttpclient.netty.request.NettyRequestSender - Using pooled Channel '[id: 0xeaeee574, L:/127.0.0.1:59085 - R:localhost/127.0.0.1:12593]' for 'POST' to 'http://localhost:12593/session/87eceb0d2ff57e1a97eb7724294c1da5/execute/sync'
14:27:42.273 [Forwarding getPageSource on session 87eceb0d2ff57e1a97eb7724294c1da5 to remote] DEBUG org.asynchttpclient.netty.request.NettyRequestSender - Using open Channel [id: 0xeaeee574, L:/127.0.0.1:59085 - R:localhost/127.0.0.1:12593] for POST '/session/87eceb0d2ff57e1a97eb7724294c1da5/execute/sync'
14:27:42.310 [AsyncHttpClient-1-7] DEBUG org.asynchttpclient.netty.handler.HttpHandler - 

Request DefaultHttpRequest(decodeResult: success, version: HTTP/1.1)
POST /session/87eceb0d2ff57e1a97eb7724294c1da5/execute/sync HTTP/1.1
User-Agent: selenium/4.8.1 (java windows)
Content-Length: 176
Content-Type: application/json; charset=utf-8
host: localhost:12593
accept: */*

Response DefaultHttpResponse(decodeResult: success, version: HTTP/1.1)
HTTP/1.1 200 OK
Content-Length: 129216
Content-Type: application/json; charset=utf-8
cache-control: no-cache

14:27:42.310 [AsyncHttpClient-1-7] DEBUG org.asynchttpclient.netty.channel.ChannelManager - Adding key: http://localhost:12593 for channel [id: 0xeaeee574, L:/127.0.0.1:59085 - R:localhost/127.0.0.1:12593]
14:27:42.327 [Forwarding getCurrentUrl on session 87eceb0d2ff57e1a97eb7724294c1da5 to remote] DEBUG org.asynchttpclient.netty.request.NettyRequestSender - Using pooled Channel '[id: 0xeaeee574, L:/127.0.0.1:59085 - R:localhost/127.0.0.1:12593]' for 'GET' to 'http://localhost:12593/session/87eceb0d2ff57e1a97eb7724294c1da5/url'
14:27:42.327 [Forwarding getCurrentUrl on session 87eceb0d2ff57e1a97eb7724294c1da5 to remote] DEBUG org.asynchttpclient.netty.request.NettyRequestSender - Using open Channel [id: 0xeaeee574, L:/127.0.0.1:59085 - R:localhost/127.0.0.1:12593] for GET '/session/87eceb0d2ff57e1a97eb7724294c1da5/url'
14:27:42.337 [AsyncHttpClient-1-7] DEBUG org.asynchttpclient.netty.handler.HttpHandler - 

Request DefaultFullHttpRequest(decodeResult: success, version: HTTP/1.1, content: EmptyByteBufBE)
GET /session/87eceb0d2ff57e1a97eb7724294c1da5/url HTTP/1.1
User-Agent: selenium/4.8.1 (java windows)
Cache-Control: no-cache
Content-Type: application/json; charset=utf-8
host: localhost:12593
accept: */*

Response DefaultHttpResponse(decodeResult: success, version: HTTP/1.1)
HTTP/1.1 200 OK
Content-Length: 40
Content-Type: application/json; charset=utf-8
cache-control: no-cache

14:27:42.342 [AsyncHttpClient-1-7] DEBUG org.asynchttpclient.netty.channel.ChannelManager - Adding key: http://localhost:12593 for channel [id: 0xeaeee574, L:/127.0.0.1:59085 - R:localhost/127.0.0.1:12593]
14:27:42.380 [Forwarding getAlertText on session 87eceb0d2ff57e1a97eb7724294c1da5 to remote] DEBUG org.asynchttpclient.netty.request.NettyRequestSender - Using pooled Channel '[id: 0xeaeee574, L:/127.0.0.1:59085 - R:localhost/127.0.0.1:12593]' for 'GET' to 'http://localhost:12593/session/87eceb0d2ff57e1a97eb7724294c1da5/alert/text'
14:27:42.380 [Forwarding getAlertText on session 87eceb0d2ff57e1a97eb7724294c1da5 to remote] DEBUG org.asynchttpclient.netty.request.NettyRequestSender - Using open Channel [id: 0xeaeee574, L:/127.0.0.1:59085 - R:localhost/127.0.0.1:12593] for GET '/session/87eceb0d2ff57e1a97eb7724294c1da5/alert/text'
14:27:42.380 [AsyncHttpClient-1-7] DEBUG org.asynchttpclient.netty.handler.HttpHandler - 

Request DefaultFullHttpRequest(decodeResult: success, version: HTTP/1.1, content: EmptyByteBufBE)
GET /session/87eceb0d2ff57e1a97eb7724294c1da5/alert/text HTTP/1.1
User-Agent: selenium/4.8.1 (java windows)
Cache-Control: no-cache
Content-Type: application/json; charset=utf-8
host: localhost:12593
accept: */*

Response DefaultHttpResponse(decodeResult: success, version: HTTP/1.1)
HTTP/1.1 404 Not Found
Content-Length: 821
Content-Type: application/json; charset=utf-8
cache-control: no-cache

14:27:42.380 [AsyncHttpClient-1-7] DEBUG org.asynchttpclient.netty.channel.ChannelManager - Adding key: http://localhost:12593 for channel [id: 0xeaeee574, L:/127.0.0.1:59085 - R:localhost/127.0.0.1:12593]
14:27:42.884 [Forwarding getAlertText on session 87eceb0d2ff57e1a97eb7724294c1da5 to remote] DEBUG org.asynchttpclient.netty.request.NettyRequestSender - Using pooled Channel '[id: 0xeaeee574, L:/127.0.0.1:59085 - R:localhost/127.0.0.1:12593]' for 'GET' to 'http://localhost:12593/session/87eceb0d2ff57e1a97eb7724294c1da5/alert/text'
14:27:42.884 [Forwarding getAlertText on session 87eceb0d2ff57e1a97eb7724294c1da5 to remote] DEBUG org.asynchttpclient.netty.request.NettyRequestSender - Using open Channel [id: 0xeaeee574, L:/127.0.0.1:59085 - R:localhost/127.0.0.1:12593] for GET '/session/87eceb0d2ff57e1a97eb7724294c1da5/alert/text'
14:27:42.884 [AsyncHttpClient-1-7] DEBUG org.asynchttpclient.netty.handler.HttpHandler - 

Request DefaultFullHttpRequest(decodeResult: success, version: HTTP/1.1, content: EmptyByteBufBE)
GET /session/87eceb0d2ff57e1a97eb7724294c1da5/alert/text HTTP/1.1
User-Agent: selenium/4.8.1 (java windows)
Cache-Control: no-cache
Content-Type: application/json; charset=utf-8
host: localhost:12593
accept: */*

Response DefaultHttpResponse(decodeResult: success, version: HTTP/1.1)
HTTP/1.1 404 Not Found
Content-Length: 821
Content-Type: application/json; charset=utf-8
cache-control: no-cache

14:27:42.884 [AsyncHttpClient-1-7] DEBUG org.asynchttpclient.netty.channel.ChannelManager - Adding key: http://localhost:12593 for channel [id: 0xeaeee574, L:/127.0.0.1:59085 - R:localhost/127.0.0.1:12593]
14:27:42.884 [Forwarding getCurrentUrl on session 87eceb0d2ff57e1a97eb7724294c1da5 to remote] DEBUG org.asynchttpclient.netty.request.NettyRequestSender - Using pooled Channel '[id: 0xeaeee574, L:/127.0.0.1:59085 - R:localhost/127.0.0.1:12593]' for 'GET' to 'http://localhost:12593/session/87eceb0d2ff57e1a97eb7724294c1da5/url'
14:27:42.884 [Forwarding getCurrentUrl on session 87eceb0d2ff57e1a97eb7724294c1da5 to remote] DEBUG org.asynchttpclient.netty.request.NettyRequestSender - Using open Channel [id: 0xeaeee574, L:/127.0.0.1:59085 - R:localhost/127.0.0.1:12593] for GET '/session/87eceb0d2ff57e1a97eb7724294c1da5/url'
14:27:42.903 [AsyncHttpClient-1-7] DEBUG org.asynchttpclient.netty.handler.HttpHandler - 

Request DefaultFullHttpRequest(decodeResult: success, version: HTTP/1.1, content: EmptyByteBufBE)
GET /session/87eceb0d2ff57e1a97eb7724294c1da5/url HTTP/1.1
User-Agent: selenium/4.8.1 (java windows)
Cache-Control: no-cache
Content-Type: application/json; charset=utf-8
host: localhost:12593
accept: */*

Response DefaultHttpResponse(decodeResult: success, version: HTTP/1.1)
HTTP/1.1 200 OK
Content-Length: 40
Content-Type: application/json; charset=utf-8
cache-control: no-cache

14:27:42.903 [AsyncHttpClient-1-7] DEBUG org.asynchttpclient.netty.channel.ChannelManager - Adding key: http://localhost:12593 for channel [id: 0xeaeee574, L:/127.0.0.1:59085 - R:localhost/127.0.0.1:12593]
14:27:42.903 [Forwarding screenshot on session 87eceb0d2ff57e1a97eb7724294c1da5 to remote] DEBUG org.asynchttpclient.netty.request.NettyRequestSender - Using pooled Channel '[id: 0xeaeee574, L:/127.0.0.1:59085 - R:localhost/127.0.0.1:12593]' for 'GET' to 'http://localhost:12593/session/87eceb0d2ff57e1a97eb7724294c1da5/screenshot'
14:27:42.903 [Forwarding screenshot on session 87eceb0d2ff57e1a97eb7724294c1da5 to remote] DEBUG org.asynchttpclient.netty.request.NettyRequestSender - Using open Channel [id: 0xeaeee574, L:/127.0.0.1:59085 - R:localhost/127.0.0.1:12593] for GET '/session/87eceb0d2ff57e1a97eb7724294c1da5/screenshot'
14:27:43.097 [AsyncHttpClient-1-1] DEBUG org.asynchttpclient.netty.channel.DefaultChannelPool - Entry count for : http://localhost:59086 : 1
14:27:44.192 [AsyncHttpClient-1-1] DEBUG org.asynchttpclient.netty.channel.DefaultChannelPool - Entry count for : http://localhost:59086 : 1
14:27:44.430 [AsyncHttpClient-1-7] DEBUG org.asynchttpclient.netty.handler.HttpHandler - 

Request DefaultFullHttpRequest(decodeResult: success, version: HTTP/1.1, content: EmptyByteBufBE)
GET /session/87eceb0d2ff57e1a97eb7724294c1da5/screenshot HTTP/1.1
User-Agent: selenium/4.8.1 (java windows)
Cache-Control: no-cache
Content-Type: application/json; charset=utf-8
host: localhost:12593
accept: */*

Response DefaultHttpResponse(decodeResult: success, version: HTTP/1.1)
HTTP/1.1 200 OK
Content-Length: 2539152
Content-Type: application/json; charset=utf-8
cache-control: no-cache

14:27:44.439 [AsyncHttpClient-1-7] DEBUG org.asynchttpclient.netty.channel.ChannelManager - Adding key: http://localhost:12593 for channel [id: 0xeaeee574, L:/127.0.0.1:59085 - R:localhost/127.0.0.1:12593]
14:27:44.577 [main] DEBUG net.serenitybdd.core.photography.Darkroom - Send negative for processing for target\site\serenity\1617ca9f86f0b417e3c2c4e4f132ff0f31b2b003d07cd21d7c0e85ce6ff3cbd4.png
14:27:44.589 [Forwarding getPageSource on session 87eceb0d2ff57e1a97eb7724294c1da5 to remote] DEBUG org.asynchttpclient.netty.request.NettyRequestSender - Using pooled Channel '[id: 0xeaeee574, L:/127.0.0.1:59085 - R:localhost/127.0.0.1:12593]' for 'POST' to 'http://localhost:12593/session/87eceb0d2ff57e1a97eb7724294c1da5/execute/sync'
14:27:44.589 [Forwarding getPageSource on session 87eceb0d2ff57e1a97eb7724294c1da5 to remote] DEBUG org.asynchttpclient.netty.request.NettyRequestSender - Using open Channel [id: 0xeaeee574, L:/127.0.0.1:59085 - R:localhost/127.0.0.1:12593] for POST '/session/87eceb0d2ff57e1a97eb7724294c1da5/execute/sync'
14:27:44.617 [AsyncHttpClient-1-7] DEBUG org.asynchttpclient.netty.handler.HttpHandler - 

Request DefaultHttpRequest(decodeResult: success, version: HTTP/1.1)
POST /session/87eceb0d2ff57e1a97eb7724294c1da5/execute/sync HTTP/1.1
User-Agent: selenium/4.8.1 (java windows)
Content-Length: 176
Content-Type: application/json; charset=utf-8
host: localhost:12593
accept: */*

Response DefaultHttpResponse(decodeResult: success, version: HTTP/1.1)
HTTP/1.1 200 OK
Content-Length: 129216
Content-Type: application/json; charset=utf-8
cache-control: no-cache

14:27:44.617 [AsyncHttpClient-1-7] DEBUG org.asynchttpclient.netty.channel.ChannelManager - Adding key: http://localhost:12593 for channel [id: 0xeaeee574, L:/127.0.0.1:59085 - R:localhost/127.0.0.1:12593]
14:27:44.631 [Forwarding getCurrentUrl on session 87eceb0d2ff57e1a97eb7724294c1da5 to remote] DEBUG org.asynchttpclient.netty.request.NettyRequestSender - Using pooled Channel '[id: 0xeaeee574, L:/127.0.0.1:59085 - R:localhost/127.0.0.1:12593]' for 'GET' to 'http://localhost:12593/session/87eceb0d2ff57e1a97eb7724294c1da5/url'
14:27:44.631 [Forwarding getCurrentUrl on session 87eceb0d2ff57e1a97eb7724294c1da5 to remote] DEBUG org.asynchttpclient.netty.request.NettyRequestSender - Using open Channel [id: 0xeaeee574, L:/127.0.0.1:59085 - R:localhost/127.0.0.1:12593] for GET '/session/87eceb0d2ff57e1a97eb7724294c1da5/url'
14:27:44.642 [AsyncHttpClient-1-7] DEBUG org.asynchttpclient.netty.handler.HttpHandler - 

Request DefaultFullHttpRequest(decodeResult: success, version: HTTP/1.1, content: EmptyByteBufBE)
GET /session/87eceb0d2ff57e1a97eb7724294c1da5/url HTTP/1.1
User-Agent: selenium/4.8.1 (java windows)
Cache-Control: no-cache
Content-Type: application/json; charset=utf-8
host: localhost:12593
accept: */*

Response DefaultHttpResponse(decodeResult: success, version: HTTP/1.1)
HTTP/1.1 200 OK
Content-Length: 40
Content-Type: application/json; charset=utf-8
cache-control: no-cache

14:27:44.642 [AsyncHttpClient-1-7] DEBUG org.asynchttpclient.netty.channel.ChannelManager - Adding key: http://localhost:12593 for channel [id: 0xeaeee574, L:/127.0.0.1:59085 - R:localhost/127.0.0.1:12593]
14:27:44.642 [main] DEBUG net.thucydides.core.steps.StepInterceptor - STARTING STEP: Afrexim_OurBank_Contactus_steps.click_contact_us_page - Click_Contactus_page
14:27:44.652 [Forwarding findElement on session 87eceb0d2ff57e1a97eb7724294c1da5 to remote] DEBUG org.asynchttpclient.netty.request.NettyRequestSender - Using pooled Channel '[id: 0xeaeee574, L:/127.0.0.1:59085 - R:localhost/127.0.0.1:12593]' for 'POST' to 'http://localhost:12593/session/87eceb0d2ff57e1a97eb7724294c1da5/element'
14:27:44.652 [Forwarding findElement on session 87eceb0d2ff57e1a97eb7724294c1da5 to remote] DEBUG org.asynchttpclient.netty.request.NettyRequestSender - Using open Channel [id: 0xeaeee574, L:/127.0.0.1:59085 - R:localhost/127.0.0.1:12593] for POST '/session/87eceb0d2ff57e1a97eb7724294c1da5/element'
14:27:44.673 [AsyncHttpClient-1-7] DEBUG org.asynchttpclient.netty.handler.HttpHandler - 

Request DefaultHttpRequest(decodeResult: success, version: HTTP/1.1)
POST /session/87eceb0d2ff57e1a97eb7724294c1da5/element HTTP/1.1
User-Agent: selenium/4.8.1 (java windows)
Content-Length: 76
Content-Type: application/json; charset=utf-8
host: localhost:12593
accept: */*

Response DefaultHttpResponse(decodeResult: success, version: HTTP/1.1)
HTTP/1.1 200 OK
Content-Length: 96
Content-Type: application/json; charset=utf-8
cache-control: no-cache

14:27:44.673 [AsyncHttpClient-1-7] DEBUG org.asynchttpclient.netty.channel.ChannelManager - Adding key: http://localhost:12593 for channel [id: 0xeaeee574, L:/127.0.0.1:59085 - R:localhost/127.0.0.1:12593]
14:27:44.673 [Forwarding getElementTagName on session 87eceb0d2ff57e1a97eb7724294c1da5 to remote] DEBUG org.asynchttpclient.netty.request.NettyRequestSender - Using pooled Channel '[id: 0xeaeee574, L:/127.0.0.1:59085 - R:localhost/127.0.0.1:12593]' for 'GET' to 'http://localhost:12593/session/87eceb0d2ff57e1a97eb7724294c1da5/element/5C39C05476F22AFF33AF932E3E2F4848_element_158/name'
14:27:44.673 [Forwarding getElementTagName on session 87eceb0d2ff57e1a97eb7724294c1da5 to remote] DEBUG org.asynchttpclient.netty.request.NettyRequestSender - Using open Channel [id: 0xeaeee574, L:/127.0.0.1:59085 - R:localhost/127.0.0.1:12593] for GET '/session/87eceb0d2ff57e1a97eb7724294c1da5/element/5C39C05476F22AFF33AF932E3E2F4848_element_158/name'
14:27:44.684 [AsyncHttpClient-1-7] DEBUG org.asynchttpclient.netty.handler.HttpHandler - 

Request DefaultFullHttpRequest(decodeResult: success, version: HTTP/1.1, content: EmptyByteBufBE)
GET /session/87eceb0d2ff57e1a97eb7724294c1da5/element/5C39C05476F22AFF33AF932E3E2F4848_element_158/name HTTP/1.1
User-Agent: selenium/4.8.1 (java windows)
Cache-Control: no-cache
Content-Type: application/json; charset=utf-8
host: localhost:12593
accept: */*

Response DefaultHttpResponse(decodeResult: success, version: HTTP/1.1)
HTTP/1.1 200 OK
Content-Length: 13
Content-Type: application/json; charset=utf-8
cache-control: no-cache

14:27:44.684 [AsyncHttpClient-1-7] DEBUG org.asynchttpclient.netty.channel.ChannelManager - Adding key: http://localhost:12593 for channel [id: 0xeaeee574, L:/127.0.0.1:59085 - R:localhost/127.0.0.1:12593]
14:27:44.684 [Forwarding getElementTagName on session 87eceb0d2ff57e1a97eb7724294c1da5 to remote] DEBUG org.asynchttpclient.netty.request.NettyRequestSender - Using pooled Channel '[id: 0xeaeee574, L:/127.0.0.1:59085 - R:localhost/127.0.0.1:12593]' for 'GET' to 'http://localhost:12593/session/87eceb0d2ff57e1a97eb7724294c1da5/element/5C39C05476F22AFF33AF932E3E2F4848_element_158/name'
14:27:44.684 [Forwarding getElementTagName on session 87eceb0d2ff57e1a97eb7724294c1da5 to remote] DEBUG org.asynchttpclient.netty.request.NettyRequestSender - Using open Channel [id: 0xeaeee574, L:/127.0.0.1:59085 - R:localhost/127.0.0.1:12593] for GET '/session/87eceb0d2ff57e1a97eb7724294c1da5/element/5C39C05476F22AFF33AF932E3E2F4848_element_158/name'
14:27:44.700 [AsyncHttpClient-1-7] DEBUG org.asynchttpclient.netty.handler.HttpHandler - 

Request DefaultFullHttpRequest(decodeResult: success, version: HTTP/1.1, content: EmptyByteBufBE)
GET /session/87eceb0d2ff57e1a97eb7724294c1da5/element/5C39C05476F22AFF33AF932E3E2F4848_element_158/name HTTP/1.1
User-Agent: selenium/4.8.1 (java windows)
Cache-Control: no-cache
Content-Type: application/json; charset=utf-8
host: localhost:12593
accept: */*

Response DefaultHttpResponse(decodeResult: success, version: HTTP/1.1)
HTTP/1.1 200 OK
Content-Length: 13
Content-Type: application/json; charset=utf-8
cache-control: no-cache

14:27:44.700 [AsyncHttpClient-1-7] DEBUG org.asynchttpclient.netty.channel.ChannelManager - Adding key: http://localhost:12593 for channel [id: 0xeaeee574, L:/127.0.0.1:59085 - R:localhost/127.0.0.1:12593]
14:27:44.706 [Forwarding findElement on session 87eceb0d2ff57e1a97eb7724294c1da5 to remote] DEBUG org.asynchttpclient.netty.request.NettyRequestSender - Using pooled Channel '[id: 0xeaeee574, L:/127.0.0.1:59085 - R:localhost/127.0.0.1:12593]' for 'POST' to 'http://localhost:12593/session/87eceb0d2ff57e1a97eb7724294c1da5/element'
14:27:44.706 [Forwarding findElement on session 87eceb0d2ff57e1a97eb7724294c1da5 to remote] DEBUG org.asynchttpclient.netty.request.NettyRequestSender - Using open Channel [id: 0xeaeee574, L:/127.0.0.1:59085 - R:localhost/127.0.0.1:12593] for POST '/session/87eceb0d2ff57e1a97eb7724294c1da5/element'
14:27:44.717 [AsyncHttpClient-1-7] DEBUG org.asynchttpclient.netty.handler.HttpHandler - 

Request DefaultHttpRequest(decodeResult: success, version: HTTP/1.1)
POST /session/87eceb0d2ff57e1a97eb7724294c1da5/element HTTP/1.1
User-Agent: selenium/4.8.1 (java windows)
Content-Length: 76
Content-Type: application/json; charset=utf-8
host: localhost:12593
accept: */*

Response DefaultHttpResponse(decodeResult: success, version: HTTP/1.1)
HTTP/1.1 200 OK
Content-Length: 96
Content-Type: application/json; charset=utf-8
cache-control: no-cache

14:27:44.717 [AsyncHttpClient-1-7] DEBUG org.asynchttpclient.netty.channel.ChannelManager - Adding key: http://localhost:12593 for channel [id: 0xeaeee574, L:/127.0.0.1:59085 - R:localhost/127.0.0.1:12593]
14:27:44.717 [Forwarding clickElement on session 87eceb0d2ff57e1a97eb7724294c1da5 to remote] DEBUG org.asynchttpclient.netty.request.NettyRequestSender - Using pooled Channel '[id: 0xeaeee574, L:/127.0.0.1:59085 - R:localhost/127.0.0.1:12593]' for 'POST' to 'http://localhost:12593/session/87eceb0d2ff57e1a97eb7724294c1da5/element/5C39C05476F22AFF33AF932E3E2F4848_element_158/click'
14:27:44.717 [Forwarding clickElement on session 87eceb0d2ff57e1a97eb7724294c1da5 to remote] DEBUG org.asynchttpclient.netty.request.NettyRequestSender - Using open Channel [id: 0xeaeee574, L:/127.0.0.1:59085 - R:localhost/127.0.0.1:12593] for POST '/session/87eceb0d2ff57e1a97eb7724294c1da5/element/5C39C05476F22AFF33AF932E3E2F4848_element_158/click'
14:27:45.295 [AsyncHttpClient-1-1] DEBUG org.asynchttpclient.netty.channel.DefaultChannelPool - Entry count for : http://localhost:59086 : 1
14:27:46.054 [AsyncHttpClient-1-7] DEBUG org.asynchttpclient.netty.handler.HttpHandler - 

Request DefaultHttpRequest(decodeResult: success, version: HTTP/1.1)
POST /session/87eceb0d2ff57e1a97eb7724294c1da5/element/5C39C05476F22AFF33AF932E3E2F4848_element_158/click HTTP/1.1
User-Agent: selenium/4.8.1 (java windows)
Content-Length: 58
Content-Type: application/json; charset=utf-8
host: localhost:12593
accept: */*

Response DefaultHttpResponse(decodeResult: success, version: HTTP/1.1)
HTTP/1.1 200 OK
Content-Length: 14
Content-Type: application/json; charset=utf-8
cache-control: no-cache

14:27:46.054 [AsyncHttpClient-1-7] DEBUG org.asynchttpclient.netty.channel.ChannelManager - Adding key: http://localhost:12593 for channel [id: 0xeaeee574, L:/127.0.0.1:59085 - R:localhost/127.0.0.1:12593]
14:27:46.069 [Forwarding getAlertText on session 87eceb0d2ff57e1a97eb7724294c1da5 to remote] DEBUG org.asynchttpclient.netty.request.NettyRequestSender - Using pooled Channel '[id: 0xeaeee574, L:/127.0.0.1:59085 - R:localhost/127.0.0.1:12593]' for 'GET' to 'http://localhost:12593/session/87eceb0d2ff57e1a97eb7724294c1da5/alert/text'
14:27:46.069 [Forwarding getAlertText on session 87eceb0d2ff57e1a97eb7724294c1da5 to remote] DEBUG org.asynchttpclient.netty.request.NettyRequestSender - Using open Channel [id: 0xeaeee574, L:/127.0.0.1:59085 - R:localhost/127.0.0.1:12593] for GET '/session/87eceb0d2ff57e1a97eb7724294c1da5/alert/text'
14:27:46.076 [AsyncHttpClient-1-7] DEBUG org.asynchttpclient.netty.handler.HttpHandler - 

Request DefaultFullHttpRequest(decodeResult: success, version: HTTP/1.1, content: EmptyByteBufBE)
GET /session/87eceb0d2ff57e1a97eb7724294c1da5/alert/text HTTP/1.1
User-Agent: selenium/4.8.1 (java windows)
Cache-Control: no-cache
Content-Type: application/json; charset=utf-8
host: localhost:12593
accept: */*

Response DefaultHttpResponse(decodeResult: success, version: HTTP/1.1)
HTTP/1.1 404 Not Found
Content-Length: 821
Content-Type: application/json; charset=utf-8
cache-control: no-cache

14:27:46.077 [AsyncHttpClient-1-7] DEBUG org.asynchttpclient.netty.channel.ChannelManager - Adding key: http://localhost:12593 for channel [id: 0xeaeee574, L:/127.0.0.1:59085 - R:localhost/127.0.0.1:12593]
14:27:46.080 [Forwarding getCurrentUrl on session 87eceb0d2ff57e1a97eb7724294c1da5 to remote] DEBUG org.asynchttpclient.netty.request.NettyRequestSender - Using pooled Channel '[id: 0xeaeee574, L:/127.0.0.1:59085 - R:localhost/127.0.0.1:12593]' for 'GET' to 'http://localhost:12593/session/87eceb0d2ff57e1a97eb7724294c1da5/url'
14:27:46.080 [Forwarding getCurrentUrl on session 87eceb0d2ff57e1a97eb7724294c1da5 to remote] DEBUG org.asynchttpclient.netty.request.NettyRequestSender - Using open Channel [id: 0xeaeee574, L:/127.0.0.1:59085 - R:localhost/127.0.0.1:12593] for GET '/session/87eceb0d2ff57e1a97eb7724294c1da5/url'
14:27:46.094 [AsyncHttpClient-1-7] DEBUG org.asynchttpclient.netty.handler.HttpHandler - 

Request DefaultFullHttpRequest(decodeResult: success, version: HTTP/1.1, content: EmptyByteBufBE)
GET /session/87eceb0d2ff57e1a97eb7724294c1da5/url HTTP/1.1
User-Agent: selenium/4.8.1 (java windows)
Cache-Control: no-cache
Content-Type: application/json; charset=utf-8
host: localhost:12593
accept: */*

Response DefaultHttpResponse(decodeResult: success, version: HTTP/1.1)
HTTP/1.1 200 OK
Content-Length: 51
Content-Type: application/json; charset=utf-8
cache-control: no-cache

14:27:46.094 [AsyncHttpClient-1-7] DEBUG org.asynchttpclient.netty.channel.ChannelManager - Adding key: http://localhost:12593 for channel [id: 0xeaeee574, L:/127.0.0.1:59085 - R:localhost/127.0.0.1:12593]
14:27:46.094 [Forwarding screenshot on session 87eceb0d2ff57e1a97eb7724294c1da5 to remote] DEBUG org.asynchttpclient.netty.request.NettyRequestSender - Using pooled Channel '[id: 0xeaeee574, L:/127.0.0.1:59085 - R:localhost/127.0.0.1:12593]' for 'GET' to 'http://localhost:12593/session/87eceb0d2ff57e1a97eb7724294c1da5/screenshot'
14:27:46.094 [Forwarding screenshot on session 87eceb0d2ff57e1a97eb7724294c1da5 to remote] DEBUG org.asynchttpclient.netty.request.NettyRequestSender - Using open Channel [id: 0xeaeee574, L:/127.0.0.1:59085 - R:localhost/127.0.0.1:12593] for GET '/session/87eceb0d2ff57e1a97eb7724294c1da5/screenshot'
14:27:46.402 [AsyncHttpClient-1-1] DEBUG org.asynchttpclient.netty.channel.DefaultChannelPool - Entry count for : http://localhost:59086 : 1
14:27:46.412 [AsyncHttpClient-1-7] DEBUG org.asynchttpclient.netty.handler.HttpHandler - 

Request DefaultFullHttpRequest(decodeResult: success, version: HTTP/1.1, content: EmptyByteBufBE)
GET /session/87eceb0d2ff57e1a97eb7724294c1da5/screenshot HTTP/1.1
User-Agent: selenium/4.8.1 (java windows)
Cache-Control: no-cache
Content-Type: application/json; charset=utf-8
host: localhost:12593
accept: */*

Response DefaultHttpResponse(decodeResult: success, version: HTTP/1.1)
HTTP/1.1 200 OK
Content-Length: 379796
Content-Type: application/json; charset=utf-8
cache-control: no-cache

14:27:46.412 [AsyncHttpClient-1-7] DEBUG org.asynchttpclient.netty.channel.ChannelManager - Adding key: http://localhost:12593 for channel [id: 0xeaeee574, L:/127.0.0.1:59085 - R:localhost/127.0.0.1:12593]
14:27:46.438 [main] DEBUG net.serenitybdd.core.photography.Darkroom - Send negative for processing for target\site\serenity\4d310f93478bcd27cebcb82179d5d4dbef500773ade1ac4b7a9e1a1c0e9203a8.png
14:27:46.438 [main] DEBUG net.thucydides.core.steps.StepInterceptor - STEP DONE: Click_Contactus_page
14:27:46.459 [Forwarding getPageSource on session 87eceb0d2ff57e1a97eb7724294c1da5 to remote] DEBUG org.asynchttpclient.netty.request.NettyRequestSender - Using pooled Channel '[id: 0xeaeee574, L:/127.0.0.1:59085 - R:localhost/127.0.0.1:12593]' for 'POST' to 'http://localhost:12593/session/87eceb0d2ff57e1a97eb7724294c1da5/execute/sync'
14:27:46.459 [Forwarding getPageSource on session 87eceb0d2ff57e1a97eb7724294c1da5 to remote] DEBUG org.asynchttpclient.netty.request.NettyRequestSender - Using open Channel [id: 0xeaeee574, L:/127.0.0.1:59085 - R:localhost/127.0.0.1:12593] for POST '/session/87eceb0d2ff57e1a97eb7724294c1da5/execute/sync'
14:27:46.476 [AsyncHttpClient-1-7] DEBUG org.asynchttpclient.netty.handler.HttpHandler - 

Request DefaultHttpRequest(decodeResult: success, version: HTTP/1.1)
POST /session/87eceb0d2ff57e1a97eb7724294c1da5/execute/sync HTTP/1.1
User-Agent: selenium/4.8.1 (java windows)
Content-Length: 176
Content-Type: application/json; charset=utf-8
host: localhost:12593
accept: */*

Response DefaultHttpResponse(decodeResult: success, version: HTTP/1.1)
HTTP/1.1 200 OK
Content-Length: 74008
Content-Type: application/json; charset=utf-8
cache-control: no-cache

14:27:46.476 [AsyncHttpClient-1-7] DEBUG org.asynchttpclient.netty.channel.ChannelManager - Adding key: http://localhost:12593 for channel [id: 0xeaeee574, L:/127.0.0.1:59085 - R:localhost/127.0.0.1:12593]
14:27:46.491 [Forwarding getCurrentUrl on session 87eceb0d2ff57e1a97eb7724294c1da5 to remote] DEBUG org.asynchttpclient.netty.request.NettyRequestSender - Using pooled Channel '[id: 0xeaeee574, L:/127.0.0.1:59085 - R:localhost/127.0.0.1:12593]' for 'GET' to 'http://localhost:12593/session/87eceb0d2ff57e1a97eb7724294c1da5/url'
14:27:46.491 [Forwarding getCurrentUrl on session 87eceb0d2ff57e1a97eb7724294c1da5 to remote] DEBUG org.asynchttpclient.netty.request.NettyRequestSender - Using open Channel [id: 0xeaeee574, L:/127.0.0.1:59085 - R:localhost/127.0.0.1:12593] for GET '/session/87eceb0d2ff57e1a97eb7724294c1da5/url'
14:27:46.497 [AsyncHttpClient-1-7] DEBUG org.asynchttpclient.netty.handler.HttpHandler - 

Request DefaultFullHttpRequest(decodeResult: success, version: HTTP/1.1, content: EmptyByteBufBE)
GET /session/87eceb0d2ff57e1a97eb7724294c1da5/url HTTP/1.1
User-Agent: selenium/4.8.1 (java windows)
Cache-Control: no-cache
Content-Type: application/json; charset=utf-8
host: localhost:12593
accept: */*

Response DefaultHttpResponse(decodeResult: success, version: HTTP/1.1)
HTTP/1.1 200 OK
Content-Length: 51
Content-Type: application/json; charset=utf-8
cache-control: no-cache

14:27:46.497 [AsyncHttpClient-1-7] DEBUG org.asynchttpclient.netty.channel.ChannelManager - Adding key: http://localhost:12593 for channel [id: 0xeaeee574, L:/127.0.0.1:59085 - R:localhost/127.0.0.1:12593]
14:27:46.508 [Forwarding getAlertText on session 87eceb0d2ff57e1a97eb7724294c1da5 to remote] DEBUG org.asynchttpclient.netty.request.NettyRequestSender - Using pooled Channel '[id: 0xeaeee574, L:/127.0.0.1:59085 - R:localhost/127.0.0.1:12593]' for 'GET' to 'http://localhost:12593/session/87eceb0d2ff57e1a97eb7724294c1da5/alert/text'
14:27:46.508 [Forwarding getAlertText on session 87eceb0d2ff57e1a97eb7724294c1da5 to remote] DEBUG org.asynchttpclient.netty.request.NettyRequestSender - Using open Channel [id: 0xeaeee574, L:/127.0.0.1:59085 - R:localhost/127.0.0.1:12593] for GET '/session/87eceb0d2ff57e1a97eb7724294c1da5/alert/text'
14:27:46.519 [AsyncHttpClient-1-7] DEBUG org.asynchttpclient.netty.handler.HttpHandler - 

Request DefaultFullHttpRequest(decodeResult: success, version: HTTP/1.1, content: EmptyByteBufBE)
GET /session/87eceb0d2ff57e1a97eb7724294c1da5/alert/text HTTP/1.1
User-Agent: selenium/4.8.1 (java windows)
Cache-Control: no-cache
Content-Type: application/json; charset=utf-8
host: localhost:12593
accept: */*

Response DefaultHttpResponse(decodeResult: success, version: HTTP/1.1)
HTTP/1.1 404 Not Found
Content-Length: 821
Content-Type: application/json; charset=utf-8
cache-control: no-cache

14:27:46.519 [AsyncHttpClient-1-7] DEBUG org.asynchttpclient.netty.channel.ChannelManager - Adding key: http://localhost:12593 for channel [id: 0xeaeee574, L:/127.0.0.1:59085 - R:localhost/127.0.0.1:12593]
14:27:46.522 [Forwarding getCurrentUrl on session 87eceb0d2ff57e1a97eb7724294c1da5 to remote] DEBUG org.asynchttpclient.netty.request.NettyRequestSender - Using pooled Channel '[id: 0xeaeee574, L:/127.0.0.1:59085 - R:localhost/127.0.0.1:12593]' for 'GET' to 'http://localhost:12593/session/87eceb0d2ff57e1a97eb7724294c1da5/url'
14:27:46.522 [Forwarding getCurrentUrl on session 87eceb0d2ff57e1a97eb7724294c1da5 to remote] DEBUG org.asynchttpclient.netty.request.NettyRequestSender - Using open Channel [id: 0xeaeee574, L:/127.0.0.1:59085 - R:localhost/127.0.0.1:12593] for GET '/session/87eceb0d2ff57e1a97eb7724294c1da5/url'
14:27:46.535 [AsyncHttpClient-1-7] DEBUG org.asynchttpclient.netty.handler.HttpHandler - 

Request DefaultFullHttpRequest(decodeResult: success, version: HTTP/1.1, content: EmptyByteBufBE)
GET /session/87eceb0d2ff57e1a97eb7724294c1da5/url HTTP/1.1
User-Agent: selenium/4.8.1 (java windows)
Cache-Control: no-cache
Content-Type: application/json; charset=utf-8
host: localhost:12593
accept: */*

Response DefaultHttpResponse(decodeResult: success, version: HTTP/1.1)
HTTP/1.1 200 OK
Content-Length: 51
Content-Type: application/json; charset=utf-8
cache-control: no-cache

14:27:46.535 [AsyncHttpClient-1-7] DEBUG org.asynchttpclient.netty.channel.ChannelManager - Adding key: http://localhost:12593 for channel [id: 0xeaeee574, L:/127.0.0.1:59085 - R:localhost/127.0.0.1:12593]
14:27:46.535 [Forwarding screenshot on session 87eceb0d2ff57e1a97eb7724294c1da5 to remote] DEBUG org.asynchttpclient.netty.request.NettyRequestSender - Using pooled Channel '[id: 0xeaeee574, L:/127.0.0.1:59085 - R:localhost/127.0.0.1:12593]' for 'GET' to 'http://localhost:12593/session/87eceb0d2ff57e1a97eb7724294c1da5/screenshot'
14:27:46.535 [Forwarding screenshot on session 87eceb0d2ff57e1a97eb7724294c1da5 to remote] DEBUG org.asynchttpclient.netty.request.NettyRequestSender - Using open Channel [id: 0xeaeee574, L:/127.0.0.1:59085 - R:localhost/127.0.0.1:12593] for GET '/session/87eceb0d2ff57e1a97eb7724294c1da5/screenshot'
14:27:46.820 [AsyncHttpClient-1-7] DEBUG org.asynchttpclient.netty.handler.HttpHandler - 

Request DefaultFullHttpRequest(decodeResult: success, version: HTTP/1.1, content: EmptyByteBufBE)
GET /session/87eceb0d2ff57e1a97eb7724294c1da5/screenshot HTTP/1.1
User-Agent: selenium/4.8.1 (java windows)
Cache-Control: no-cache
Content-Type: application/json; charset=utf-8
host: localhost:12593
accept: */*

Response DefaultHttpResponse(decodeResult: success, version: HTTP/1.1)
HTTP/1.1 200 OK
Content-Length: 379796
Content-Type: application/json; charset=utf-8
cache-control: no-cache

14:27:46.820 [AsyncHttpClient-1-7] DEBUG org.asynchttpclient.netty.channel.ChannelManager - Adding key: http://localhost:12593 for channel [id: 0xeaeee574, L:/127.0.0.1:59085 - R:localhost/127.0.0.1:12593]
14:27:46.843 [main] DEBUG net.serenitybdd.core.photography.Darkroom - Send negative for processing for target\site\serenity\4d310f93478bcd27cebcb82179d5d4dbef500773ade1ac4b7a9e1a1c0e9203a8.png
14:27:46.843 [Forwarding getPageSource on session 87eceb0d2ff57e1a97eb7724294c1da5 to remote] DEBUG org.asynchttpclient.netty.request.NettyRequestSender - Using pooled Channel '[id: 0xeaeee574, L:/127.0.0.1:59085 - R:localhost/127.0.0.1:12593]' for 'POST' to 'http://localhost:12593/session/87eceb0d2ff57e1a97eb7724294c1da5/execute/sync'
14:27:46.843 [Forwarding getPageSource on session 87eceb0d2ff57e1a97eb7724294c1da5 to remote] DEBUG org.asynchttpclient.netty.request.NettyRequestSender - Using open Channel [id: 0xeaeee574, L:/127.0.0.1:59085 - R:localhost/127.0.0.1:12593] for POST '/session/87eceb0d2ff57e1a97eb7724294c1da5/execute/sync'
14:27:46.866 [AsyncHttpClient-1-7] DEBUG org.asynchttpclient.netty.handler.HttpHandler - 

Request DefaultHttpRequest(decodeResult: success, version: HTTP/1.1)
POST /session/87eceb0d2ff57e1a97eb7724294c1da5/execute/sync HTTP/1.1
User-Agent: selenium/4.8.1 (java windows)
Content-Length: 176
Content-Type: application/json; charset=utf-8
host: localhost:12593
accept: */*

Response DefaultHttpResponse(decodeResult: success, version: HTTP/1.1)
HTTP/1.1 200 OK
Content-Length: 74008
Content-Type: application/json; charset=utf-8
cache-control: no-cache

14:27:46.866 [AsyncHttpClient-1-7] DEBUG org.asynchttpclient.netty.channel.ChannelManager - Adding key: http://localhost:12593 for channel [id: 0xeaeee574, L:/127.0.0.1:59085 - R:localhost/127.0.0.1:12593]
14:27:46.875 [Forwarding getCurrentUrl on session 87eceb0d2ff57e1a97eb7724294c1da5 to remote] DEBUG org.asynchttpclient.netty.request.NettyRequestSender - Using pooled Channel '[id: 0xeaeee574, L:/127.0.0.1:59085 - R:localhost/127.0.0.1:12593]' for 'GET' to 'http://localhost:12593/session/87eceb0d2ff57e1a97eb7724294c1da5/url'
14:27:46.875 [Forwarding getCurrentUrl on session 87eceb0d2ff57e1a97eb7724294c1da5 to remote] DEBUG org.asynchttpclient.netty.request.NettyRequestSender - Using open Channel [id: 0xeaeee574, L:/127.0.0.1:59085 - R:localhost/127.0.0.1:12593] for GET '/session/87eceb0d2ff57e1a97eb7724294c1da5/url'
14:27:46.882 [AsyncHttpClient-1-7] DEBUG org.asynchttpclient.netty.handler.HttpHandler - 

Request DefaultFullHttpRequest(decodeResult: success, version: HTTP/1.1, content: EmptyByteBufBE)
GET /session/87eceb0d2ff57e1a97eb7724294c1da5/url HTTP/1.1
User-Agent: selenium/4.8.1 (java windows)
Cache-Control: no-cache
Content-Type: application/json; charset=utf-8
host: localhost:12593
accept: */*

Response DefaultHttpResponse(decodeResult: success, version: HTTP/1.1)
HTTP/1.1 200 OK
Content-Length: 51
Content-Type: application/json; charset=utf-8
cache-control: no-cache

14:27:46.882 [AsyncHttpClient-1-7] DEBUG org.asynchttpclient.netty.channel.ChannelManager - Adding key: http://localhost:12593 for channel [id: 0xeaeee574, L:/127.0.0.1:59085 - R:localhost/127.0.0.1:12593]
14:27:46.890 [main] DEBUG net.thucydides.core.steps.StepInterceptor - STARTING STEP: Afrexim_OurBank_Contactus_steps.validate_contact_us_page - Validate_Contactus_page
14:27:46.892 [Forwarding findElement on session 87eceb0d2ff57e1a97eb7724294c1da5 to remote] DEBUG org.asynchttpclient.netty.request.NettyRequestSender - Using pooled Channel '[id: 0xeaeee574, L:/127.0.0.1:59085 - R:localhost/127.0.0.1:12593]' for 'POST' to 'http://localhost:12593/session/87eceb0d2ff57e1a97eb7724294c1da5/element'
14:27:46.892 [Forwarding findElement on session 87eceb0d2ff57e1a97eb7724294c1da5 to remote] DEBUG org.asynchttpclient.netty.request.NettyRequestSender - Using open Channel [id: 0xeaeee574, L:/127.0.0.1:59085 - R:localhost/127.0.0.1:12593] for POST '/session/87eceb0d2ff57e1a97eb7724294c1da5/element'
14:27:46.906 [AsyncHttpClient-1-7] DEBUG org.asynchttpclient.netty.handler.HttpHandler - 

Request DefaultHttpRequest(decodeResult: success, version: HTTP/1.1)
POST /session/87eceb0d2ff57e1a97eb7724294c1da5/element HTTP/1.1
User-Agent: selenium/4.8.1 (java windows)
Content-Length: 72
Content-Type: application/json; charset=utf-8
host: localhost:12593
accept: */*

Response DefaultHttpResponse(decodeResult: success, version: HTTP/1.1)
HTTP/1.1 200 OK
Content-Length: 96
Content-Type: application/json; charset=utf-8
cache-control: no-cache

14:27:46.906 [AsyncHttpClient-1-7] DEBUG org.asynchttpclient.netty.channel.ChannelManager - Adding key: http://localhost:12593 for channel [id: 0xeaeee574, L:/127.0.0.1:59085 - R:localhost/127.0.0.1:12593]
14:27:46.906 [Forwarding isElementEnabled on session 87eceb0d2ff57e1a97eb7724294c1da5 to remote] DEBUG org.asynchttpclient.netty.request.NettyRequestSender - Using pooled Channel '[id: 0xeaeee574, L:/127.0.0.1:59085 - R:localhost/127.0.0.1:12593]' for 'GET' to 'http://localhost:12593/session/87eceb0d2ff57e1a97eb7724294c1da5/element/E1FB119FD8A2C883F083E271D2CF9B7B_element_166/enabled'
14:27:46.906 [Forwarding isElementEnabled on session 87eceb0d2ff57e1a97eb7724294c1da5 to remote] DEBUG org.asynchttpclient.netty.request.NettyRequestSender - Using open Channel [id: 0xeaeee574, L:/127.0.0.1:59085 - R:localhost/127.0.0.1:12593] for GET '/session/87eceb0d2ff57e1a97eb7724294c1da5/element/E1FB119FD8A2C883F083E271D2CF9B7B_element_166/enabled'
14:27:46.925 [AsyncHttpClient-1-7] DEBUG org.asynchttpclient.netty.handler.HttpHandler - 

Request DefaultFullHttpRequest(decodeResult: success, version: HTTP/1.1, content: EmptyByteBufBE)
GET /session/87eceb0d2ff57e1a97eb7724294c1da5/element/E1FB119FD8A2C883F083E271D2CF9B7B_element_166/enabled HTTP/1.1
User-Agent: selenium/4.8.1 (java windows)
Cache-Control: no-cache
Content-Type: application/json; charset=utf-8
host: localhost:12593
accept: */*

Response DefaultHttpResponse(decodeResult: success, version: HTTP/1.1)
HTTP/1.1 200 OK
Content-Length: 14
Content-Type: application/json; charset=utf-8
cache-control: no-cache

14:27:46.925 [AsyncHttpClient-1-7] DEBUG org.asynchttpclient.netty.channel.ChannelManager - Adding key: http://localhost:12593 for channel [id: 0xeaeee574, L:/127.0.0.1:59085 - R:localhost/127.0.0.1:12593]
14:27:46.925 [Forwarding getAlertText on session 87eceb0d2ff57e1a97eb7724294c1da5 to remote] DEBUG org.asynchttpclient.netty.request.NettyRequestSender - Using pooled Channel '[id: 0xeaeee574, L:/127.0.0.1:59085 - R:localhost/127.0.0.1:12593]' for 'GET' to 'http://localhost:12593/session/87eceb0d2ff57e1a97eb7724294c1da5/alert/text'
14:27:46.925 [Forwarding getAlertText on session 87eceb0d2ff57e1a97eb7724294c1da5 to remote] DEBUG org.asynchttpclient.netty.request.NettyRequestSender - Using open Channel [id: 0xeaeee574, L:/127.0.0.1:59085 - R:localhost/127.0.0.1:12593] for GET '/session/87eceb0d2ff57e1a97eb7724294c1da5/alert/text'
14:27:46.938 [AsyncHttpClient-1-7] DEBUG org.asynchttpclient.netty.handler.HttpHandler - 

Request DefaultFullHttpRequest(decodeResult: success, version: HTTP/1.1, content: EmptyByteBufBE)
GET /session/87eceb0d2ff57e1a97eb7724294c1da5/alert/text HTTP/1.1
User-Agent: selenium/4.8.1 (java windows)
Cache-Control: no-cache
Content-Type: application/json; charset=utf-8
host: localhost:12593
accept: */*

Response DefaultHttpResponse(decodeResult: success, version: HTTP/1.1)
HTTP/1.1 404 Not Found
Content-Length: 821
Content-Type: application/json; charset=utf-8
cache-control: no-cache

14:27:46.938 [AsyncHttpClient-1-7] DEBUG org.asynchttpclient.netty.channel.ChannelManager - Adding key: http://localhost:12593 for channel [id: 0xeaeee574, L:/127.0.0.1:59085 - R:localhost/127.0.0.1:12593]
14:27:46.938 [Forwarding getCurrentUrl on session 87eceb0d2ff57e1a97eb7724294c1da5 to remote] DEBUG org.asynchttpclient.netty.request.NettyRequestSender - Using pooled Channel '[id: 0xeaeee574, L:/127.0.0.1:59085 - R:localhost/127.0.0.1:12593]' for 'GET' to 'http://localhost:12593/session/87eceb0d2ff57e1a97eb7724294c1da5/url'
14:27:46.938 [Forwarding getCurrentUrl on session 87eceb0d2ff57e1a97eb7724294c1da5 to remote] DEBUG org.asynchttpclient.netty.request.NettyRequestSender - Using open Channel [id: 0xeaeee574, L:/127.0.0.1:59085 - R:localhost/127.0.0.1:12593] for GET '/session/87eceb0d2ff57e1a97eb7724294c1da5/url'
14:27:46.946 [AsyncHttpClient-1-7] DEBUG org.asynchttpclient.netty.handler.HttpHandler - 

Request DefaultFullHttpRequest(decodeResult: success, version: HTTP/1.1, content: EmptyByteBufBE)
GET /session/87eceb0d2ff57e1a97eb7724294c1da5/url HTTP/1.1
User-Agent: selenium/4.8.1 (java windows)
Cache-Control: no-cache
Content-Type: application/json; charset=utf-8
host: localhost:12593
accept: */*

Response DefaultHttpResponse(decodeResult: success, version: HTTP/1.1)
HTTP/1.1 200 OK
Content-Length: 51
Content-Type: application/json; charset=utf-8
cache-control: no-cache

14:27:46.946 [AsyncHttpClient-1-7] DEBUG org.asynchttpclient.netty.channel.ChannelManager - Adding key: http://localhost:12593 for channel [id: 0xeaeee574, L:/127.0.0.1:59085 - R:localhost/127.0.0.1:12593]
14:27:46.954 [Forwarding screenshot on session 87eceb0d2ff57e1a97eb7724294c1da5 to remote] DEBUG org.asynchttpclient.netty.request.NettyRequestSender - Using pooled Channel '[id: 0xeaeee574, L:/127.0.0.1:59085 - R:localhost/127.0.0.1:12593]' for 'GET' to 'http://localhost:12593/session/87eceb0d2ff57e1a97eb7724294c1da5/screenshot'
14:27:46.954 [Forwarding screenshot on session 87eceb0d2ff57e1a97eb7724294c1da5 to remote] DEBUG org.asynchttpclient.netty.request.NettyRequestSender - Using open Channel [id: 0xeaeee574, L:/127.0.0.1:59085 - R:localhost/127.0.0.1:12593] for GET '/session/87eceb0d2ff57e1a97eb7724294c1da5/screenshot'
14:27:47.249 [AsyncHttpClient-1-7] DEBUG org.asynchttpclient.netty.handler.HttpHandler - 

Request DefaultFullHttpRequest(decodeResult: success, version: HTTP/1.1, content: EmptyByteBufBE)
GET /session/87eceb0d2ff57e1a97eb7724294c1da5/screenshot HTTP/1.1
User-Agent: selenium/4.8.1 (java windows)
Cache-Control: no-cache
Content-Type: application/json; charset=utf-8
host: localhost:12593
accept: */*

Response DefaultHttpResponse(decodeResult: success, version: HTTP/1.1)
HTTP/1.1 200 OK
Content-Length: 379796
Content-Type: application/json; charset=utf-8
cache-control: no-cache

14:27:47.249 [AsyncHttpClient-1-7] DEBUG org.asynchttpclient.netty.channel.ChannelManager - Adding key: http://localhost:12593 for channel [id: 0xeaeee574, L:/127.0.0.1:59085 - R:localhost/127.0.0.1:12593]
14:27:47.266 [main] DEBUG net.serenitybdd.core.photography.Darkroom - Send negative for processing for target\site\serenity\4d310f93478bcd27cebcb82179d5d4dbef500773ade1ac4b7a9e1a1c0e9203a8.png
14:27:47.266 [main] DEBUG net.thucydides.core.steps.StepInterceptor - STEP DONE: Validate_Contactus_page
14:27:47.281 [Forwarding getPageSource on session 87eceb0d2ff57e1a97eb7724294c1da5 to remote] DEBUG org.asynchttpclient.netty.request.NettyRequestSender - Using pooled Channel '[id: 0xeaeee574, L:/127.0.0.1:59085 - R:localhost/127.0.0.1:12593]' for 'POST' to 'http://localhost:12593/session/87eceb0d2ff57e1a97eb7724294c1da5/execute/sync'
14:27:47.281 [Forwarding getPageSource on session 87eceb0d2ff57e1a97eb7724294c1da5 to remote] DEBUG org.asynchttpclient.netty.request.NettyRequestSender - Using open Channel [id: 0xeaeee574, L:/127.0.0.1:59085 - R:localhost/127.0.0.1:12593] for POST '/session/87eceb0d2ff57e1a97eb7724294c1da5/execute/sync'
14:27:47.308 [AsyncHttpClient-1-7] DEBUG org.asynchttpclient.netty.handler.HttpHandler - 

Request DefaultHttpRequest(decodeResult: success, version: HTTP/1.1)
POST /session/87eceb0d2ff57e1a97eb7724294c1da5/execute/sync HTTP/1.1
User-Agent: selenium/4.8.1 (java windows)
Content-Length: 176
Content-Type: application/json; charset=utf-8
host: localhost:12593
accept: */*

Response DefaultHttpResponse(decodeResult: success, version: HTTP/1.1)
HTTP/1.1 200 OK
Content-Length: 74008
Content-Type: application/json; charset=utf-8
cache-control: no-cache

14:27:47.308 [AsyncHttpClient-1-7] DEBUG org.asynchttpclient.netty.channel.ChannelManager - Adding key: http://localhost:12593 for channel [id: 0xeaeee574, L:/127.0.0.1:59085 - R:localhost/127.0.0.1:12593]
14:27:47.320 [Forwarding getCurrentUrl on session 87eceb0d2ff57e1a97eb7724294c1da5 to remote] DEBUG org.asynchttpclient.netty.request.NettyRequestSender - Using pooled Channel '[id: 0xeaeee574, L:/127.0.0.1:59085 - R:localhost/127.0.0.1:12593]' for 'GET' to 'http://localhost:12593/session/87eceb0d2ff57e1a97eb7724294c1da5/url'
14:27:47.320 [Forwarding getCurrentUrl on session 87eceb0d2ff57e1a97eb7724294c1da5 to remote] DEBUG org.asynchttpclient.netty.request.NettyRequestSender - Using open Channel [id: 0xeaeee574, L:/127.0.0.1:59085 - R:localhost/127.0.0.1:12593] for GET '/session/87eceb0d2ff57e1a97eb7724294c1da5/url'
14:27:47.329 [AsyncHttpClient-1-7] DEBUG org.asynchttpclient.netty.handler.HttpHandler - 

Request DefaultFullHttpRequest(decodeResult: success, version: HTTP/1.1, content: EmptyByteBufBE)
GET /session/87eceb0d2ff57e1a97eb7724294c1da5/url HTTP/1.1
User-Agent: selenium/4.8.1 (java windows)
Cache-Control: no-cache
Content-Type: application/json; charset=utf-8
host: localhost:12593
accept: */*

Response DefaultHttpResponse(decodeResult: success, version: HTTP/1.1)
HTTP/1.1 200 OK
Content-Length: 51
Content-Type: application/json; charset=utf-8
cache-control: no-cache

14:27:47.329 [AsyncHttpClient-1-7] DEBUG org.asynchttpclient.netty.channel.ChannelManager - Adding key: http://localhost:12593 for channel [id: 0xeaeee574, L:/127.0.0.1:59085 - R:localhost/127.0.0.1:12593]
14:27:47.487 [AsyncHttpClient-1-1] DEBUG org.asynchttpclient.netty.channel.DefaultChannelPool - Entry count for : http://localhost:59086 : 1
14:27:47.487 [AsyncHttpClient-1-1] DEBUG org.asynchttpclient.netty.channel.DefaultChannelPool - Entry count for : http://localhost:12593 : 1
14:27:47.490 [Forwarding getAlertText on session 87eceb0d2ff57e1a97eb7724294c1da5 to remote] DEBUG org.asynchttpclient.netty.request.NettyRequestSender - Using pooled Channel '[id: 0xeaeee574, L:/127.0.0.1:59085 - R:localhost/127.0.0.1:12593]' for 'GET' to 'http://localhost:12593/session/87eceb0d2ff57e1a97eb7724294c1da5/alert/text'
14:27:47.490 [Forwarding getAlertText on session 87eceb0d2ff57e1a97eb7724294c1da5 to remote] DEBUG org.asynchttpclient.netty.request.NettyRequestSender - Using open Channel [id: 0xeaeee574, L:/127.0.0.1:59085 - R:localhost/127.0.0.1:12593] for GET '/session/87eceb0d2ff57e1a97eb7724294c1da5/alert/text'
14:27:47.490 [AsyncHttpClient-1-7] DEBUG org.asynchttpclient.netty.handler.HttpHandler - 

Request DefaultFullHttpRequest(decodeResult: success, version: HTTP/1.1, content: EmptyByteBufBE)
GET /session/87eceb0d2ff57e1a97eb7724294c1da5/alert/text HTTP/1.1
User-Agent: selenium/4.8.1 (java windows)
Cache-Control: no-cache
Content-Type: application/json; charset=utf-8
host: localhost:12593
accept: */*

Response DefaultHttpResponse(decodeResult: success, version: HTTP/1.1)
HTTP/1.1 404 Not Found
Content-Length: 821
Content-Type: application/json; charset=utf-8
cache-control: no-cache

14:27:47.490 [AsyncHttpClient-1-7] DEBUG org.asynchttpclient.netty.channel.ChannelManager - Adding key: http://localhost:12593 for channel [id: 0xeaeee574, L:/127.0.0.1:59085 - R:localhost/127.0.0.1:12593]
14:27:47.993 [Forwarding getAlertText on session 87eceb0d2ff57e1a97eb7724294c1da5 to remote] DEBUG org.asynchttpclient.netty.request.NettyRequestSender - Using pooled Channel '[id: 0xeaeee574, L:/127.0.0.1:59085 - R:localhost/127.0.0.1:12593]' for 'GET' to 'http://localhost:12593/session/87eceb0d2ff57e1a97eb7724294c1da5/alert/text'
14:27:47.993 [Forwarding getAlertText on session 87eceb0d2ff57e1a97eb7724294c1da5 to remote] DEBUG org.asynchttpclient.netty.request.NettyRequestSender - Using open Channel [id: 0xeaeee574, L:/127.0.0.1:59085 - R:localhost/127.0.0.1:12593] for GET '/session/87eceb0d2ff57e1a97eb7724294c1da5/alert/text'
14:27:47.993 [AsyncHttpClient-1-7] DEBUG org.asynchttpclient.netty.handler.HttpHandler - 

Request DefaultFullHttpRequest(decodeResult: success, version: HTTP/1.1, content: EmptyByteBufBE)
GET /session/87eceb0d2ff57e1a97eb7724294c1da5/alert/text HTTP/1.1
User-Agent: selenium/4.8.1 (java windows)
Cache-Control: no-cache
Content-Type: application/json; charset=utf-8
host: localhost:12593
accept: */*

Response DefaultHttpResponse(decodeResult: success, version: HTTP/1.1)
HTTP/1.1 404 Not Found
Content-Length: 821
Content-Type: application/json; charset=utf-8
cache-control: no-cache

14:27:47.993 [AsyncHttpClient-1-7] DEBUG org.asynchttpclient.netty.channel.ChannelManager - Adding key: http://localhost:12593 for channel [id: 0xeaeee574, L:/127.0.0.1:59085 - R:localhost/127.0.0.1:12593]
14:27:47.993 [Forwarding getCurrentUrl on session 87eceb0d2ff57e1a97eb7724294c1da5 to remote] DEBUG org.asynchttpclient.netty.request.NettyRequestSender - Using pooled Channel '[id: 0xeaeee574, L:/127.0.0.1:59085 - R:localhost/127.0.0.1:12593]' for 'GET' to 'http://localhost:12593/session/87eceb0d2ff57e1a97eb7724294c1da5/url'
14:27:47.993 [Forwarding getCurrentUrl on session 87eceb0d2ff57e1a97eb7724294c1da5 to remote] DEBUG org.asynchttpclient.netty.request.NettyRequestSender - Using open Channel [id: 0xeaeee574, L:/127.0.0.1:59085 - R:localhost/127.0.0.1:12593] for GET '/session/87eceb0d2ff57e1a97eb7724294c1da5/url'
14:27:48.001 [AsyncHttpClient-1-7] DEBUG org.asynchttpclient.netty.handler.HttpHandler - 

Request DefaultFullHttpRequest(decodeResult: success, version: HTTP/1.1, content: EmptyByteBufBE)
GET /session/87eceb0d2ff57e1a97eb7724294c1da5/url HTTP/1.1
User-Agent: selenium/4.8.1 (java windows)
Cache-Control: no-cache
Content-Type: application/json; charset=utf-8
host: localhost:12593
accept: */*

Response DefaultHttpResponse(decodeResult: success, version: HTTP/1.1)
HTTP/1.1 200 OK
Content-Length: 51
Content-Type: application/json; charset=utf-8
cache-control: no-cache

14:27:48.001 [AsyncHttpClient-1-7] DEBUG org.asynchttpclient.netty.channel.ChannelManager - Adding key: http://localhost:12593 for channel [id: 0xeaeee574, L:/127.0.0.1:59085 - R:localhost/127.0.0.1:12593]
14:27:48.001 [Forwarding screenshot on session 87eceb0d2ff57e1a97eb7724294c1da5 to remote] DEBUG org.asynchttpclient.netty.request.NettyRequestSender - Using pooled Channel '[id: 0xeaeee574, L:/127.0.0.1:59085 - R:localhost/127.0.0.1:12593]' for 'GET' to 'http://localhost:12593/session/87eceb0d2ff57e1a97eb7724294c1da5/screenshot'
14:27:48.001 [Forwarding screenshot on session 87eceb0d2ff57e1a97eb7724294c1da5 to remote] DEBUG org.asynchttpclient.netty.request.NettyRequestSender - Using open Channel [id: 0xeaeee574, L:/127.0.0.1:59085 - R:localhost/127.0.0.1:12593] for GET '/session/87eceb0d2ff57e1a97eb7724294c1da5/screenshot'
14:27:48.279 [AsyncHttpClient-1-7] DEBUG org.asynchttpclient.netty.handler.HttpHandler - 

Request DefaultFullHttpRequest(decodeResult: success, version: HTTP/1.1, content: EmptyByteBufBE)
GET /session/87eceb0d2ff57e1a97eb7724294c1da5/screenshot HTTP/1.1
User-Agent: selenium/4.8.1 (java windows)
Cache-Control: no-cache
Content-Type: application/json; charset=utf-8
host: localhost:12593
accept: */*

Response DefaultHttpResponse(decodeResult: success, version: HTTP/1.1)
HTTP/1.1 200 OK
Content-Length: 379796
Content-Type: application/json; charset=utf-8
cache-control: no-cache

14:27:48.281 [AsyncHttpClient-1-7] DEBUG org.asynchttpclient.netty.channel.ChannelManager - Adding key: http://localhost:12593 for channel [id: 0xeaeee574, L:/127.0.0.1:59085 - R:localhost/127.0.0.1:12593]
14:27:48.300 [main] DEBUG net.serenitybdd.core.photography.Darkroom - Send negative for processing for target\site\serenity\4d310f93478bcd27cebcb82179d5d4dbef500773ade1ac4b7a9e1a1c0e9203a8.png
14:27:48.300 [Forwarding getPageSource on session 87eceb0d2ff57e1a97eb7724294c1da5 to remote] DEBUG org.asynchttpclient.netty.request.NettyRequestSender - Using pooled Channel '[id: 0xeaeee574, L:/127.0.0.1:59085 - R:localhost/127.0.0.1:12593]' for 'POST' to 'http://localhost:12593/session/87eceb0d2ff57e1a97eb7724294c1da5/execute/sync'
14:27:48.300 [Forwarding getPageSource on session 87eceb0d2ff57e1a97eb7724294c1da5 to remote] DEBUG org.asynchttpclient.netty.request.NettyRequestSender - Using open Channel [id: 0xeaeee574, L:/127.0.0.1:59085 - R:localhost/127.0.0.1:12593] for POST '/session/87eceb0d2ff57e1a97eb7724294c1da5/execute/sync'
14:27:48.322 [AsyncHttpClient-1-7] DEBUG org.asynchttpclient.netty.handler.HttpHandler - 

Request DefaultHttpRequest(decodeResult: success, version: HTTP/1.1)
POST /session/87eceb0d2ff57e1a97eb7724294c1da5/execute/sync HTTP/1.1
User-Agent: selenium/4.8.1 (java windows)
Content-Length: 176
Content-Type: application/json; charset=utf-8
host: localhost:12593
accept: */*

Response DefaultHttpResponse(decodeResult: success, version: HTTP/1.1)
HTTP/1.1 200 OK
Content-Length: 74008
Content-Type: application/json; charset=utf-8
cache-control: no-cache

14:27:48.322 [AsyncHttpClient-1-7] DEBUG org.asynchttpclient.netty.channel.ChannelManager - Adding key: http://localhost:12593 for channel [id: 0xeaeee574, L:/127.0.0.1:59085 - R:localhost/127.0.0.1:12593]
14:27:48.332 [Forwarding getCurrentUrl on session 87eceb0d2ff57e1a97eb7724294c1da5 to remote] DEBUG org.asynchttpclient.netty.request.NettyRequestSender - Using pooled Channel '[id: 0xeaeee574, L:/127.0.0.1:59085 - R:localhost/127.0.0.1:12593]' for 'GET' to 'http://localhost:12593/session/87eceb0d2ff57e1a97eb7724294c1da5/url'
14:27:48.332 [Forwarding getCurrentUrl on session 87eceb0d2ff57e1a97eb7724294c1da5 to remote] DEBUG org.asynchttpclient.netty.request.NettyRequestSender - Using open Channel [id: 0xeaeee574, L:/127.0.0.1:59085 - R:localhost/127.0.0.1:12593] for GET '/session/87eceb0d2ff57e1a97eb7724294c1da5/url'
14:27:48.343 [AsyncHttpClient-1-7] DEBUG org.asynchttpclient.netty.handler.HttpHandler - 

Request DefaultFullHttpRequest(decodeResult: success, version: HTTP/1.1, content: EmptyByteBufBE)
GET /session/87eceb0d2ff57e1a97eb7724294c1da5/url HTTP/1.1
User-Agent: selenium/4.8.1 (java windows)
Cache-Control: no-cache
Content-Type: application/json; charset=utf-8
host: localhost:12593
accept: */*

Response DefaultHttpResponse(decodeResult: success, version: HTTP/1.1)
HTTP/1.1 200 OK
Content-Length: 51
Content-Type: application/json; charset=utf-8
cache-control: no-cache

14:27:48.343 [AsyncHttpClient-1-7] DEBUG org.asynchttpclient.netty.channel.ChannelManager - Adding key: http://localhost:12593 for channel [id: 0xeaeee574, L:/127.0.0.1:59085 - R:localhost/127.0.0.1:12593]
14:27:48.344 [main] DEBUG net.thucydides.core.steps.StepInterceptor - STARTING STEP: Afrexim_OurBank_Contactus_Givefeedback_steps.click_read_more_in_give_us_a_feedback - Click_Read_more_GiveFeedback
14:27:48.344 [Forwarding findElement on session 87eceb0d2ff57e1a97eb7724294c1da5 to remote] DEBUG org.asynchttpclient.netty.request.NettyRequestSender - Using pooled Channel '[id: 0xeaeee574, L:/127.0.0.1:59085 - R:localhost/127.0.0.1:12593]' for 'POST' to 'http://localhost:12593/session/87eceb0d2ff57e1a97eb7724294c1da5/element'
14:27:48.344 [Forwarding findElement on session 87eceb0d2ff57e1a97eb7724294c1da5 to remote] DEBUG org.asynchttpclient.netty.request.NettyRequestSender - Using open Channel [id: 0xeaeee574, L:/127.0.0.1:59085 - R:localhost/127.0.0.1:12593] for POST '/session/87eceb0d2ff57e1a97eb7724294c1da5/element'
14:27:48.364 [AsyncHttpClient-1-7] DEBUG org.asynchttpclient.netty.handler.HttpHandler - 

Request DefaultHttpRequest(decodeResult: success, version: HTTP/1.1)
POST /session/87eceb0d2ff57e1a97eb7724294c1da5/element HTTP/1.1
User-Agent: selenium/4.8.1 (java windows)
Content-Length: 78
Content-Type: application/json; charset=utf-8
host: localhost:12593
accept: */*

Response DefaultHttpResponse(decodeResult: success, version: HTTP/1.1)
HTTP/1.1 200 OK
Content-Length: 96
Content-Type: application/json; charset=utf-8
cache-control: no-cache

14:27:48.364 [AsyncHttpClient-1-7] DEBUG org.asynchttpclient.netty.channel.ChannelManager - Adding key: http://localhost:12593 for channel [id: 0xeaeee574, L:/127.0.0.1:59085 - R:localhost/127.0.0.1:12593]
14:27:48.375 [Forwarding getElementTagName on session 87eceb0d2ff57e1a97eb7724294c1da5 to remote] DEBUG org.asynchttpclient.netty.request.NettyRequestSender - Using pooled Channel '[id: 0xeaeee574, L:/127.0.0.1:59085 - R:localhost/127.0.0.1:12593]' for 'GET' to 'http://localhost:12593/session/87eceb0d2ff57e1a97eb7724294c1da5/element/E1FB119FD8A2C883F083E271D2CF9B7B_element_167/name'
14:27:48.375 [Forwarding getElementTagName on session 87eceb0d2ff57e1a97eb7724294c1da5 to remote] DEBUG org.asynchttpclient.netty.request.NettyRequestSender - Using open Channel [id: 0xeaeee574, L:/127.0.0.1:59085 - R:localhost/127.0.0.1:12593] for GET '/session/87eceb0d2ff57e1a97eb7724294c1da5/element/E1FB119FD8A2C883F083E271D2CF9B7B_element_167/name'
14:27:48.385 [AsyncHttpClient-1-7] DEBUG org.asynchttpclient.netty.handler.HttpHandler - 

Request DefaultFullHttpRequest(decodeResult: success, version: HTTP/1.1, content: EmptyByteBufBE)
GET /session/87eceb0d2ff57e1a97eb7724294c1da5/element/E1FB119FD8A2C883F083E271D2CF9B7B_element_167/name HTTP/1.1
User-Agent: selenium/4.8.1 (java windows)
Cache-Control: no-cache
Content-Type: application/json; charset=utf-8
host: localhost:12593
accept: */*

Response DefaultHttpResponse(decodeResult: success, version: HTTP/1.1)
HTTP/1.1 200 OK
Content-Length: 16
Content-Type: application/json; charset=utf-8
cache-control: no-cache

14:27:48.385 [AsyncHttpClient-1-7] DEBUG org.asynchttpclient.netty.channel.ChannelManager - Adding key: http://localhost:12593 for channel [id: 0xeaeee574, L:/127.0.0.1:59085 - R:localhost/127.0.0.1:12593]
14:27:48.385 [Forwarding getElementTagName on session 87eceb0d2ff57e1a97eb7724294c1da5 to remote] DEBUG org.asynchttpclient.netty.request.NettyRequestSender - Using pooled Channel '[id: 0xeaeee574, L:/127.0.0.1:59085 - R:localhost/127.0.0.1:12593]' for 'GET' to 'http://localhost:12593/session/87eceb0d2ff57e1a97eb7724294c1da5/element/E1FB119FD8A2C883F083E271D2CF9B7B_element_167/name'
14:27:48.385 [Forwarding getElementTagName on session 87eceb0d2ff57e1a97eb7724294c1da5 to remote] DEBUG org.asynchttpclient.netty.request.NettyRequestSender - Using open Channel [id: 0xeaeee574, L:/127.0.0.1:59085 - R:localhost/127.0.0.1:12593] for GET '/session/87eceb0d2ff57e1a97eb7724294c1da5/element/E1FB119FD8A2C883F083E271D2CF9B7B_element_167/name'
14:27:48.396 [AsyncHttpClient-1-7] DEBUG org.asynchttpclient.netty.handler.HttpHandler - 

Request DefaultFullHttpRequest(decodeResult: success, version: HTTP/1.1, content: EmptyByteBufBE)
GET /session/87eceb0d2ff57e1a97eb7724294c1da5/element/E1FB119FD8A2C883F083E271D2CF9B7B_element_167/name HTTP/1.1
User-Agent: selenium/4.8.1 (java windows)
Cache-Control: no-cache
Content-Type: application/json; charset=utf-8
host: localhost:12593
accept: */*

Response DefaultHttpResponse(decodeResult: success, version: HTTP/1.1)
HTTP/1.1 200 OK
Content-Length: 16
Content-Type: application/json; charset=utf-8
cache-control: no-cache

14:27:48.396 [AsyncHttpClient-1-7] DEBUG org.asynchttpclient.netty.channel.ChannelManager - Adding key: http://localhost:12593 for channel [id: 0xeaeee574, L:/127.0.0.1:59085 - R:localhost/127.0.0.1:12593]
14:27:48.396 [Forwarding findElement on session 87eceb0d2ff57e1a97eb7724294c1da5 to remote] DEBUG org.asynchttpclient.netty.request.NettyRequestSender - Using pooled Channel '[id: 0xeaeee574, L:/127.0.0.1:59085 - R:localhost/127.0.0.1:12593]' for 'POST' to 'http://localhost:12593/session/87eceb0d2ff57e1a97eb7724294c1da5/element'
14:27:48.396 [Forwarding findElement on session 87eceb0d2ff57e1a97eb7724294c1da5 to remote] DEBUG org.asynchttpclient.netty.request.NettyRequestSender - Using open Channel [id: 0xeaeee574, L:/127.0.0.1:59085 - R:localhost/127.0.0.1:12593] for POST '/session/87eceb0d2ff57e1a97eb7724294c1da5/element'
14:27:48.408 [AsyncHttpClient-1-7] DEBUG org.asynchttpclient.netty.handler.HttpHandler - 

Request DefaultHttpRequest(decodeResult: success, version: HTTP/1.1)
POST /session/87eceb0d2ff57e1a97eb7724294c1da5/element HTTP/1.1
User-Agent: selenium/4.8.1 (java windows)
Content-Length: 78
Content-Type: application/json; charset=utf-8
host: localhost:12593
accept: */*

Response DefaultHttpResponse(decodeResult: success, version: HTTP/1.1)
HTTP/1.1 200 OK
Content-Length: 96
Content-Type: application/json; charset=utf-8
cache-control: no-cache

14:27:48.408 [AsyncHttpClient-1-7] DEBUG org.asynchttpclient.netty.channel.ChannelManager - Adding key: http://localhost:12593 for channel [id: 0xeaeee574, L:/127.0.0.1:59085 - R:localhost/127.0.0.1:12593]
14:27:48.418 [Forwarding clickElement on session 87eceb0d2ff57e1a97eb7724294c1da5 to remote] DEBUG org.asynchttpclient.netty.request.NettyRequestSender - Using pooled Channel '[id: 0xeaeee574, L:/127.0.0.1:59085 - R:localhost/127.0.0.1:12593]' for 'POST' to 'http://localhost:12593/session/87eceb0d2ff57e1a97eb7724294c1da5/element/E1FB119FD8A2C883F083E271D2CF9B7B_element_167/click'
14:27:48.418 [Forwarding clickElement on session 87eceb0d2ff57e1a97eb7724294c1da5 to remote] DEBUG org.asynchttpclient.netty.request.NettyRequestSender - Using open Channel [id: 0xeaeee574, L:/127.0.0.1:59085 - R:localhost/127.0.0.1:12593] for POST '/session/87eceb0d2ff57e1a97eb7724294c1da5/element/E1FB119FD8A2C883F083E271D2CF9B7B_element_167/click'
14:27:48.591 [AsyncHttpClient-1-1] DEBUG org.asynchttpclient.netty.channel.DefaultChannelPool - Entry count for : http://localhost:59086 : 1
14:27:49.722 [AsyncHttpClient-1-1] DEBUG org.asynchttpclient.netty.channel.DefaultChannelPool - Entry count for : http://localhost:59086 : 1
14:27:50.370 [AsyncHttpClient-1-7] DEBUG org.asynchttpclient.netty.handler.HttpHandler - 

Request DefaultHttpRequest(decodeResult: success, version: HTTP/1.1)
POST /session/87eceb0d2ff57e1a97eb7724294c1da5/element/E1FB119FD8A2C883F083E271D2CF9B7B_element_167/click HTTP/1.1
User-Agent: selenium/4.8.1 (java windows)
Content-Length: 58
Content-Type: application/json; charset=utf-8
host: localhost:12593
accept: */*

Response DefaultHttpResponse(decodeResult: success, version: HTTP/1.1)
HTTP/1.1 200 OK
Content-Length: 14
Content-Type: application/json; charset=utf-8
cache-control: no-cache

14:27:50.370 [AsyncHttpClient-1-7] DEBUG org.asynchttpclient.netty.channel.ChannelManager - Adding key: http://localhost:12593 for channel [id: 0xeaeee574, L:/127.0.0.1:59085 - R:localhost/127.0.0.1:12593]
14:27:50.383 [Forwarding getAlertText on session 87eceb0d2ff57e1a97eb7724294c1da5 to remote] DEBUG org.asynchttpclient.netty.request.NettyRequestSender - Using pooled Channel '[id: 0xeaeee574, L:/127.0.0.1:59085 - R:localhost/127.0.0.1:12593]' for 'GET' to 'http://localhost:12593/session/87eceb0d2ff57e1a97eb7724294c1da5/alert/text'
14:27:50.383 [Forwarding getAlertText on session 87eceb0d2ff57e1a97eb7724294c1da5 to remote] DEBUG org.asynchttpclient.netty.request.NettyRequestSender - Using open Channel [id: 0xeaeee574, L:/127.0.0.1:59085 - R:localhost/127.0.0.1:12593] for GET '/session/87eceb0d2ff57e1a97eb7724294c1da5/alert/text'
14:27:50.396 [AsyncHttpClient-1-7] DEBUG org.asynchttpclient.netty.handler.HttpHandler - 

Request DefaultFullHttpRequest(decodeResult: success, version: HTTP/1.1, content: EmptyByteBufBE)
GET /session/87eceb0d2ff57e1a97eb7724294c1da5/alert/text HTTP/1.1
User-Agent: selenium/4.8.1 (java windows)
Cache-Control: no-cache
Content-Type: application/json; charset=utf-8
host: localhost:12593
accept: */*

Response DefaultHttpResponse(decodeResult: success, version: HTTP/1.1)
HTTP/1.1 404 Not Found
Content-Length: 821
Content-Type: application/json; charset=utf-8
cache-control: no-cache

14:27:50.396 [AsyncHttpClient-1-7] DEBUG org.asynchttpclient.netty.channel.ChannelManager - Adding key: http://localhost:12593 for channel [id: 0xeaeee574, L:/127.0.0.1:59085 - R:localhost/127.0.0.1:12593]
14:27:50.399 [Forwarding getCurrentUrl on session 87eceb0d2ff57e1a97eb7724294c1da5 to remote] DEBUG org.asynchttpclient.netty.request.NettyRequestSender - Using pooled Channel '[id: 0xeaeee574, L:/127.0.0.1:59085 - R:localhost/127.0.0.1:12593]' for 'GET' to 'http://localhost:12593/session/87eceb0d2ff57e1a97eb7724294c1da5/url'
14:27:50.399 [Forwarding getCurrentUrl on session 87eceb0d2ff57e1a97eb7724294c1da5 to remote] DEBUG org.asynchttpclient.netty.request.NettyRequestSender - Using open Channel [id: 0xeaeee574, L:/127.0.0.1:59085 - R:localhost/127.0.0.1:12593] for GET '/session/87eceb0d2ff57e1a97eb7724294c1da5/url'
14:27:50.428 [AsyncHttpClient-1-7] DEBUG org.asynchttpclient.netty.handler.HttpHandler - 

Request DefaultFullHttpRequest(decodeResult: success, version: HTTP/1.1, content: EmptyByteBufBE)
GET /session/87eceb0d2ff57e1a97eb7724294c1da5/url HTTP/1.1
User-Agent: selenium/4.8.1 (java windows)
Cache-Control: no-cache
Content-Type: application/json; charset=utf-8
host: localhost:12593
accept: */*

Response DefaultHttpResponse(decodeResult: success, version: HTTP/1.1)
HTTP/1.1 200 OK
Content-Length: 68
Content-Type: application/json; charset=utf-8
cache-control: no-cache

14:27:50.428 [AsyncHttpClient-1-7] DEBUG org.asynchttpclient.netty.channel.ChannelManager - Adding key: http://localhost:12593 for channel [id: 0xeaeee574, L:/127.0.0.1:59085 - R:localhost/127.0.0.1:12593]
14:27:50.428 [Forwarding screenshot on session 87eceb0d2ff57e1a97eb7724294c1da5 to remote] DEBUG org.asynchttpclient.netty.request.NettyRequestSender - Using pooled Channel '[id: 0xeaeee574, L:/127.0.0.1:59085 - R:localhost/127.0.0.1:12593]' for 'GET' to 'http://localhost:12593/session/87eceb0d2ff57e1a97eb7724294c1da5/screenshot'
14:27:50.428 [Forwarding screenshot on session 87eceb0d2ff57e1a97eb7724294c1da5 to remote] DEBUG org.asynchttpclient.netty.request.NettyRequestSender - Using open Channel [id: 0xeaeee574, L:/127.0.0.1:59085 - R:localhost/127.0.0.1:12593] for GET '/session/87eceb0d2ff57e1a97eb7724294c1da5/screenshot'
14:27:50.799 [AsyncHttpClient-1-1] DEBUG org.asynchttpclient.netty.channel.DefaultChannelPool - Entry count for : http://localhost:59086 : 1
14:27:50.799 [AsyncHttpClient-1-1] DEBUG org.asynchttpclient.netty.channel.DefaultChannelPool - Adding Candidate expired Channel [id: 0x31643c6c, L:/127.0.0.1:59093 - R:localhost/127.0.0.1:59086] isIdleTimeoutExpired=true isRemotelyClosed=false isTtlExpired=false
14:27:50.799 [AsyncHttpClient-1-1] DEBUG org.asynchttpclient.netty.channel.DefaultChannelPool - Closing Idle Channel [id: 0x31643c6c, L:/127.0.0.1:59093 - R:localhost/127.0.0.1:59086]
14:27:50.799 [AsyncHttpClient-1-1] DEBUG org.asynchttpclient.netty.channel.DefaultChannelPool - Closed 1 connections out of 1 in 0 ms
14:27:50.799 [AsyncHttpClient-1-8] DEBUG org.asynchttpclient.netty.handler.HttpHandler - Channel Closed: [id: 0x31643c6c, L:/127.0.0.1:59093 ! R:localhost/127.0.0.1:59086] with attribute DISCARD
14:27:50.805 [AsyncHttpClient-1-7] DEBUG org.asynchttpclient.netty.handler.HttpHandler - 

Request DefaultFullHttpRequest(decodeResult: success, version: HTTP/1.1, content: EmptyByteBufBE)
GET /session/87eceb0d2ff57e1a97eb7724294c1da5/screenshot HTTP/1.1
User-Agent: selenium/4.8.1 (java windows)
Cache-Control: no-cache
Content-Type: application/json; charset=utf-8
host: localhost:12593
accept: */*

Response DefaultHttpResponse(decodeResult: success, version: HTTP/1.1)
HTTP/1.1 200 OK
Content-Length: 196436
Content-Type: application/json; charset=utf-8
cache-control: no-cache

14:27:50.805 [AsyncHttpClient-1-7] DEBUG org.asynchttpclient.netty.channel.ChannelManager - Adding key: http://localhost:12593 for channel [id: 0xeaeee574, L:/127.0.0.1:59085 - R:localhost/127.0.0.1:12593]
14:27:50.818 [main] DEBUG net.serenitybdd.core.photography.Darkroom - Send negative for processing for target\site\serenity\5c293f30177ecec6e8d0723568a4e94d12084d5db3104d50fb2efa2fe01762f4.png
14:27:50.818 [main] DEBUG net.thucydides.core.steps.StepInterceptor - STEP DONE: Click_Read_more_GiveFeedback
14:27:50.818 [Darkroom Processing Line] DEBUG net.serenitybdd.core.photography.DarkroomProcessingLine - Processing screenshot image in /var/screenshots/screenshot-4931525326775811986
14:27:50.818 [Darkroom Processing Line] DEBUG net.serenitybdd.core.photography.DarkroomProcessingLine - Saving screenshot to target\site\serenity\5c293f30177ecec6e8d0723568a4e94d12084d5db3104d50fb2efa2fe01762f4.png
14:27:50.834 [Forwarding getPageSource on session 87eceb0d2ff57e1a97eb7724294c1da5 to remote] DEBUG org.asynchttpclient.netty.request.NettyRequestSender - Using pooled Channel '[id: 0xeaeee574, L:/127.0.0.1:59085 - R:localhost/127.0.0.1:12593]' for 'POST' to 'http://localhost:12593/session/87eceb0d2ff57e1a97eb7724294c1da5/execute/sync'
14:27:50.834 [Forwarding getPageSource on session 87eceb0d2ff57e1a97eb7724294c1da5 to remote] DEBUG org.asynchttpclient.netty.request.NettyRequestSender - Using open Channel [id: 0xeaeee574, L:/127.0.0.1:59085 - R:localhost/127.0.0.1:12593] for POST '/session/87eceb0d2ff57e1a97eb7724294c1da5/execute/sync'
14:27:50.863 [AsyncHttpClient-1-7] DEBUG org.asynchttpclient.netty.handler.HttpHandler - 

Request DefaultHttpRequest(decodeResult: success, version: HTTP/1.1)
POST /session/87eceb0d2ff57e1a97eb7724294c1da5/execute/sync HTTP/1.1
User-Agent: selenium/4.8.1 (java windows)
Content-Length: 176
Content-Type: application/json; charset=utf-8
host: localhost:12593
accept: */*

Response DefaultHttpResponse(decodeResult: success, version: HTTP/1.1)
HTTP/1.1 200 OK
Content-Length: 105543
Content-Type: application/json; charset=utf-8
cache-control: no-cache

14:27:50.863 [AsyncHttpClient-1-7] DEBUG org.asynchttpclient.netty.channel.ChannelManager - Adding key: http://localhost:12593 for channel [id: 0xeaeee574, L:/127.0.0.1:59085 - R:localhost/127.0.0.1:12593]
14:27:50.871 [Forwarding getCurrentUrl on session 87eceb0d2ff57e1a97eb7724294c1da5 to remote] DEBUG org.asynchttpclient.netty.request.NettyRequestSender - Using pooled Channel '[id: 0xeaeee574, L:/127.0.0.1:59085 - R:localhost/127.0.0.1:12593]' for 'GET' to 'http://localhost:12593/session/87eceb0d2ff57e1a97eb7724294c1da5/url'
14:27:50.871 [Forwarding getCurrentUrl on session 87eceb0d2ff57e1a97eb7724294c1da5 to remote] DEBUG org.asynchttpclient.netty.request.NettyRequestSender - Using open Channel [id: 0xeaeee574, L:/127.0.0.1:59085 - R:localhost/127.0.0.1:12593] for GET '/session/87eceb0d2ff57e1a97eb7724294c1da5/url'
14:27:50.882 [AsyncHttpClient-1-7] DEBUG org.asynchttpclient.netty.handler.HttpHandler - 

Request DefaultFullHttpRequest(decodeResult: success, version: HTTP/1.1, content: EmptyByteBufBE)
GET /session/87eceb0d2ff57e1a97eb7724294c1da5/url HTTP/1.1
User-Agent: selenium/4.8.1 (java windows)
Cache-Control: no-cache
Content-Type: application/json; charset=utf-8
host: localhost:12593
accept: */*

Response DefaultHttpResponse(decodeResult: success, version: HTTP/1.1)
HTTP/1.1 200 OK
Content-Length: 68
Content-Type: application/json; charset=utf-8
cache-control: no-cache

14:27:50.882 [AsyncHttpClient-1-7] DEBUG org.asynchttpclient.netty.channel.ChannelManager - Adding key: http://localhost:12593 for channel [id: 0xeaeee574, L:/127.0.0.1:59085 - R:localhost/127.0.0.1:12593]
14:27:50.896 [Forwarding getAlertText on session 87eceb0d2ff57e1a97eb7724294c1da5 to remote] DEBUG org.asynchttpclient.netty.request.NettyRequestSender - Using pooled Channel '[id: 0xeaeee574, L:/127.0.0.1:59085 - R:localhost/127.0.0.1:12593]' for 'GET' to 'http://localhost:12593/session/87eceb0d2ff57e1a97eb7724294c1da5/alert/text'
14:27:50.896 [Forwarding getAlertText on session 87eceb0d2ff57e1a97eb7724294c1da5 to remote] DEBUG org.asynchttpclient.netty.request.NettyRequestSender - Using open Channel [id: 0xeaeee574, L:/127.0.0.1:59085 - R:localhost/127.0.0.1:12593] for GET '/session/87eceb0d2ff57e1a97eb7724294c1da5/alert/text'
14:27:50.903 [AsyncHttpClient-1-7] DEBUG org.asynchttpclient.netty.handler.HttpHandler - 

Request DefaultFullHttpRequest(decodeResult: success, version: HTTP/1.1, content: EmptyByteBufBE)
GET /session/87eceb0d2ff57e1a97eb7724294c1da5/alert/text HTTP/1.1
User-Agent: selenium/4.8.1 (java windows)
Cache-Control: no-cache
Content-Type: application/json; charset=utf-8
host: localhost:12593
accept: */*

Response DefaultHttpResponse(decodeResult: success, version: HTTP/1.1)
HTTP/1.1 404 Not Found
Content-Length: 821
Content-Type: application/json; charset=utf-8
cache-control: no-cache

14:27:50.903 [AsyncHttpClient-1-7] DEBUG org.asynchttpclient.netty.channel.ChannelManager - Adding key: http://localhost:12593 for channel [id: 0xeaeee574, L:/127.0.0.1:59085 - R:localhost/127.0.0.1:12593]
14:27:50.903 [Forwarding getCurrentUrl on session 87eceb0d2ff57e1a97eb7724294c1da5 to remote] DEBUG org.asynchttpclient.netty.request.NettyRequestSender - Using pooled Channel '[id: 0xeaeee574, L:/127.0.0.1:59085 - R:localhost/127.0.0.1:12593]' for 'GET' to 'http://localhost:12593/session/87eceb0d2ff57e1a97eb7724294c1da5/url'
14:27:50.903 [Forwarding getCurrentUrl on session 87eceb0d2ff57e1a97eb7724294c1da5 to remote] DEBUG org.asynchttpclient.netty.request.NettyRequestSender - Using open Channel [id: 0xeaeee574, L:/127.0.0.1:59085 - R:localhost/127.0.0.1:12593] for GET '/session/87eceb0d2ff57e1a97eb7724294c1da5/url'
14:27:50.914 [AsyncHttpClient-1-7] DEBUG org.asynchttpclient.netty.handler.HttpHandler - 

Request DefaultFullHttpRequest(decodeResult: success, version: HTTP/1.1, content: EmptyByteBufBE)
GET /session/87eceb0d2ff57e1a97eb7724294c1da5/url HTTP/1.1
User-Agent: selenium/4.8.1 (java windows)
Cache-Control: no-cache
Content-Type: application/json; charset=utf-8
host: localhost:12593
accept: */*

Response DefaultHttpResponse(decodeResult: success, version: HTTP/1.1)
HTTP/1.1 200 OK
Content-Length: 68
Content-Type: application/json; charset=utf-8
cache-control: no-cache

14:27:50.914 [AsyncHttpClient-1-7] DEBUG org.asynchttpclient.netty.channel.ChannelManager - Adding key: http://localhost:12593 for channel [id: 0xeaeee574, L:/127.0.0.1:59085 - R:localhost/127.0.0.1:12593]
14:27:50.914 [Forwarding screenshot on session 87eceb0d2ff57e1a97eb7724294c1da5 to remote] DEBUG org.asynchttpclient.netty.request.NettyRequestSender - Using pooled Channel '[id: 0xeaeee574, L:/127.0.0.1:59085 - R:localhost/127.0.0.1:12593]' for 'GET' to 'http://localhost:12593/session/87eceb0d2ff57e1a97eb7724294c1da5/screenshot'
14:27:50.914 [Forwarding screenshot on session 87eceb0d2ff57e1a97eb7724294c1da5 to remote] DEBUG org.asynchttpclient.netty.request.NettyRequestSender - Using open Channel [id: 0xeaeee574, L:/127.0.0.1:59085 - R:localhost/127.0.0.1:12593] for GET '/session/87eceb0d2ff57e1a97eb7724294c1da5/screenshot'
14:27:51.163 [AsyncHttpClient-1-7] DEBUG org.asynchttpclient.netty.handler.HttpHandler - 

Request DefaultFullHttpRequest(decodeResult: success, version: HTTP/1.1, content: EmptyByteBufBE)
GET /session/87eceb0d2ff57e1a97eb7724294c1da5/screenshot HTTP/1.1
User-Agent: selenium/4.8.1 (java windows)
Cache-Control: no-cache
Content-Type: application/json; charset=utf-8
host: localhost:12593
accept: */*

Response DefaultHttpResponse(decodeResult: success, version: HTTP/1.1)
HTTP/1.1 200 OK
Content-Length: 196436
Content-Type: application/json; charset=utf-8
cache-control: no-cache

14:27:51.163 [AsyncHttpClient-1-7] DEBUG org.asynchttpclient.netty.channel.ChannelManager - Adding key: http://localhost:12593 for channel [id: 0xeaeee574, L:/127.0.0.1:59085 - R:localhost/127.0.0.1:12593]
14:27:51.181 [main] DEBUG net.serenitybdd.core.photography.Darkroom - Send negative for processing for target\site\serenity\5c293f30177ecec6e8d0723568a4e94d12084d5db3104d50fb2efa2fe01762f4.png
14:27:51.181 [Forwarding getPageSource on session 87eceb0d2ff57e1a97eb7724294c1da5 to remote] DEBUG org.asynchttpclient.netty.request.NettyRequestSender - Using pooled Channel '[id: 0xeaeee574, L:/127.0.0.1:59085 - R:localhost/127.0.0.1:12593]' for 'POST' to 'http://localhost:12593/session/87eceb0d2ff57e1a97eb7724294c1da5/execute/sync'
14:27:51.181 [Forwarding getPageSource on session 87eceb0d2ff57e1a97eb7724294c1da5 to remote] DEBUG org.asynchttpclient.netty.request.NettyRequestSender - Using open Channel [id: 0xeaeee574, L:/127.0.0.1:59085 - R:localhost/127.0.0.1:12593] for POST '/session/87eceb0d2ff57e1a97eb7724294c1da5/execute/sync'
14:27:51.202 [AsyncHttpClient-1-7] DEBUG org.asynchttpclient.netty.handler.HttpHandler - 

Request DefaultHttpRequest(decodeResult: success, version: HTTP/1.1)
POST /session/87eceb0d2ff57e1a97eb7724294c1da5/execute/sync HTTP/1.1
User-Agent: selenium/4.8.1 (java windows)
Content-Length: 176
Content-Type: application/json; charset=utf-8
host: localhost:12593
accept: */*

Response DefaultHttpResponse(decodeResult: success, version: HTTP/1.1)
HTTP/1.1 200 OK
Content-Length: 105543
Content-Type: application/json; charset=utf-8
cache-control: no-cache

14:27:51.202 [AsyncHttpClient-1-7] DEBUG org.asynchttpclient.netty.channel.ChannelManager - Adding key: http://localhost:12593 for channel [id: 0xeaeee574, L:/127.0.0.1:59085 - R:localhost/127.0.0.1:12593]
14:27:51.212 [Forwarding getCurrentUrl on session 87eceb0d2ff57e1a97eb7724294c1da5 to remote] DEBUG org.asynchttpclient.netty.request.NettyRequestSender - Using pooled Channel '[id: 0xeaeee574, L:/127.0.0.1:59085 - R:localhost/127.0.0.1:12593]' for 'GET' to 'http://localhost:12593/session/87eceb0d2ff57e1a97eb7724294c1da5/url'
14:27:51.212 [Forwarding getCurrentUrl on session 87eceb0d2ff57e1a97eb7724294c1da5 to remote] DEBUG org.asynchttpclient.netty.request.NettyRequestSender - Using open Channel [id: 0xeaeee574, L:/127.0.0.1:59085 - R:localhost/127.0.0.1:12593] for GET '/session/87eceb0d2ff57e1a97eb7724294c1da5/url'
14:27:51.226 [AsyncHttpClient-1-7] DEBUG org.asynchttpclient.netty.handler.HttpHandler - 

Request DefaultFullHttpRequest(decodeResult: success, version: HTTP/1.1, content: EmptyByteBufBE)
GET /session/87eceb0d2ff57e1a97eb7724294c1da5/url HTTP/1.1
User-Agent: selenium/4.8.1 (java windows)
Cache-Control: no-cache
Content-Type: application/json; charset=utf-8
host: localhost:12593
accept: */*

Response DefaultHttpResponse(decodeResult: success, version: HTTP/1.1)
HTTP/1.1 200 OK
Content-Length: 68
Content-Type: application/json; charset=utf-8
cache-control: no-cache

14:27:51.226 [AsyncHttpClient-1-7] DEBUG org.asynchttpclient.netty.channel.ChannelManager - Adding key: http://localhost:12593 for channel [id: 0xeaeee574, L:/127.0.0.1:59085 - R:localhost/127.0.0.1:12593]
14:27:51.234 [main] DEBUG net.thucydides.core.steps.StepInterceptor - STARTING STEP: Afrexim_OurBank_Contactus_Givefeedback_steps.validate_give_us_a_feedback_page - Validate_Giveusafeedbackpage
14:27:51.239 [Forwarding findElement on session 87eceb0d2ff57e1a97eb7724294c1da5 to remote] DEBUG org.asynchttpclient.netty.request.NettyRequestSender - Using pooled Channel '[id: 0xeaeee574, L:/127.0.0.1:59085 - R:localhost/127.0.0.1:12593]' for 'POST' to 'http://localhost:12593/session/87eceb0d2ff57e1a97eb7724294c1da5/element'
14:27:51.239 [Forwarding findElement on session 87eceb0d2ff57e1a97eb7724294c1da5 to remote] DEBUG org.asynchttpclient.netty.request.NettyRequestSender - Using open Channel [id: 0xeaeee574, L:/127.0.0.1:59085 - R:localhost/127.0.0.1:12593] for POST '/session/87eceb0d2ff57e1a97eb7724294c1da5/element'
14:27:51.259 [AsyncHttpClient-1-7] DEBUG org.asynchttpclient.netty.handler.HttpHandler - 

Request DefaultHttpRequest(decodeResult: success, version: HTTP/1.1)
POST /session/87eceb0d2ff57e1a97eb7724294c1da5/element HTTP/1.1
User-Agent: selenium/4.8.1 (java windows)
Content-Length: 80
Content-Type: application/json; charset=utf-8
host: localhost:12593
accept: */*

Response DefaultHttpResponse(decodeResult: success, version: HTTP/1.1)
HTTP/1.1 200 OK
Content-Length: 96
Content-Type: application/json; charset=utf-8
cache-control: no-cache

14:27:51.259 [AsyncHttpClient-1-7] DEBUG org.asynchttpclient.netty.channel.ChannelManager - Adding key: http://localhost:12593 for channel [id: 0xeaeee574, L:/127.0.0.1:59085 - R:localhost/127.0.0.1:12593]
14:27:51.271 [Forwarding isElementDisplayed on session 87eceb0d2ff57e1a97eb7724294c1da5 to remote] DEBUG org.asynchttpclient.netty.request.NettyRequestSender - Using pooled Channel '[id: 0xeaeee574, L:/127.0.0.1:59085 - R:localhost/127.0.0.1:12593]' for 'POST' to 'http://localhost:12593/session/87eceb0d2ff57e1a97eb7724294c1da5/execute/sync'
14:27:51.271 [Forwarding isElementDisplayed on session 87eceb0d2ff57e1a97eb7724294c1da5 to remote] DEBUG org.asynchttpclient.netty.request.NettyRequestSender - Using open Channel [id: 0xeaeee574, L:/127.0.0.1:59085 - R:localhost/127.0.0.1:12593] for POST '/session/87eceb0d2ff57e1a97eb7724294c1da5/execute/sync'
14:27:51.290 [AsyncHttpClient-1-7] DEBUG org.asynchttpclient.netty.handler.HttpHandler - 

Request DefaultHttpRequest(decodeResult: success, version: HTTP/1.1)
POST /session/87eceb0d2ff57e1a97eb7724294c1da5/execute/sync HTTP/1.1
User-Agent: selenium/4.8.1 (java windows)
Content-Length: 48815
Content-Type: application/json; charset=utf-8
host: localhost:12593
accept: */*

Response DefaultHttpResponse(decodeResult: success, version: HTTP/1.1)
HTTP/1.1 200 OK
Content-Length: 14
Content-Type: application/json; charset=utf-8
cache-control: no-cache

14:27:51.290 [AsyncHttpClient-1-7] DEBUG org.asynchttpclient.netty.channel.ChannelManager - Adding key: http://localhost:12593 for channel [id: 0xeaeee574, L:/127.0.0.1:59085 - R:localhost/127.0.0.1:12593]
14:27:51.303 [Forwarding getAlertText on session 87eceb0d2ff57e1a97eb7724294c1da5 to remote] DEBUG org.asynchttpclient.netty.request.NettyRequestSender - Using pooled Channel '[id: 0xeaeee574, L:/127.0.0.1:59085 - R:localhost/127.0.0.1:12593]' for 'GET' to 'http://localhost:12593/session/87eceb0d2ff57e1a97eb7724294c1da5/alert/text'
14:27:51.303 [Forwarding getAlertText on session 87eceb0d2ff57e1a97eb7724294c1da5 to remote] DEBUG org.asynchttpclient.netty.request.NettyRequestSender - Using open Channel [id: 0xeaeee574, L:/127.0.0.1:59085 - R:localhost/127.0.0.1:12593] for GET '/session/87eceb0d2ff57e1a97eb7724294c1da5/alert/text'
14:27:51.305 [AsyncHttpClient-1-7] DEBUG org.asynchttpclient.netty.handler.HttpHandler - 

Request DefaultFullHttpRequest(decodeResult: success, version: HTTP/1.1, content: EmptyByteBufBE)
GET /session/87eceb0d2ff57e1a97eb7724294c1da5/alert/text HTTP/1.1
User-Agent: selenium/4.8.1 (java windows)
Cache-Control: no-cache
Content-Type: application/json; charset=utf-8
host: localhost:12593
accept: */*

Response DefaultHttpResponse(decodeResult: success, version: HTTP/1.1)
HTTP/1.1 404 Not Found
Content-Length: 821
Content-Type: application/json; charset=utf-8
cache-control: no-cache

14:27:51.305 [AsyncHttpClient-1-7] DEBUG org.asynchttpclient.netty.channel.ChannelManager - Adding key: http://localhost:12593 for channel [id: 0xeaeee574, L:/127.0.0.1:59085 - R:localhost/127.0.0.1:12593]
14:27:51.308 [Forwarding getCurrentUrl on session 87eceb0d2ff57e1a97eb7724294c1da5 to remote] DEBUG org.asynchttpclient.netty.request.NettyRequestSender - Using pooled Channel '[id: 0xeaeee574, L:/127.0.0.1:59085 - R:localhost/127.0.0.1:12593]' for 'GET' to 'http://localhost:12593/session/87eceb0d2ff57e1a97eb7724294c1da5/url'
14:27:51.308 [Forwarding getCurrentUrl on session 87eceb0d2ff57e1a97eb7724294c1da5 to remote] DEBUG org.asynchttpclient.netty.request.NettyRequestSender - Using open Channel [id: 0xeaeee574, L:/127.0.0.1:59085 - R:localhost/127.0.0.1:12593] for GET '/session/87eceb0d2ff57e1a97eb7724294c1da5/url'
14:27:51.308 [AsyncHttpClient-1-7] DEBUG org.asynchttpclient.netty.handler.HttpHandler - 

Request DefaultFullHttpRequest(decodeResult: success, version: HTTP/1.1, content: EmptyByteBufBE)
GET /session/87eceb0d2ff57e1a97eb7724294c1da5/url HTTP/1.1
User-Agent: selenium/4.8.1 (java windows)
Cache-Control: no-cache
Content-Type: application/json; charset=utf-8
host: localhost:12593
accept: */*

Response DefaultHttpResponse(decodeResult: success, version: HTTP/1.1)
HTTP/1.1 200 OK
Content-Length: 68
Content-Type: application/json; charset=utf-8
cache-control: no-cache

14:27:51.308 [AsyncHttpClient-1-7] DEBUG org.asynchttpclient.netty.channel.ChannelManager - Adding key: http://localhost:12593 for channel [id: 0xeaeee574, L:/127.0.0.1:59085 - R:localhost/127.0.0.1:12593]
14:27:51.319 [Forwarding screenshot on session 87eceb0d2ff57e1a97eb7724294c1da5 to remote] DEBUG org.asynchttpclient.netty.request.NettyRequestSender - Using pooled Channel '[id: 0xeaeee574, L:/127.0.0.1:59085 - R:localhost/127.0.0.1:12593]' for 'GET' to 'http://localhost:12593/session/87eceb0d2ff57e1a97eb7724294c1da5/screenshot'
14:27:51.319 [Forwarding screenshot on session 87eceb0d2ff57e1a97eb7724294c1da5 to remote] DEBUG org.asynchttpclient.netty.request.NettyRequestSender - Using open Channel [id: 0xeaeee574, L:/127.0.0.1:59085 - R:localhost/127.0.0.1:12593] for GET '/session/87eceb0d2ff57e1a97eb7724294c1da5/screenshot'
14:27:51.569 [AsyncHttpClient-1-7] DEBUG org.asynchttpclient.netty.handler.HttpHandler - 

Request DefaultFullHttpRequest(decodeResult: success, version: HTTP/1.1, content: EmptyByteBufBE)
GET /session/87eceb0d2ff57e1a97eb7724294c1da5/screenshot HTTP/1.1
User-Agent: selenium/4.8.1 (java windows)
Cache-Control: no-cache
Content-Type: application/json; charset=utf-8
host: localhost:12593
accept: */*

Response DefaultHttpResponse(decodeResult: success, version: HTTP/1.1)
HTTP/1.1 200 OK
Content-Length: 196436
Content-Type: application/json; charset=utf-8
cache-control: no-cache

14:27:51.569 [AsyncHttpClient-1-7] DEBUG org.asynchttpclient.netty.channel.ChannelManager - Adding key: http://localhost:12593 for channel [id: 0xeaeee574, L:/127.0.0.1:59085 - R:localhost/127.0.0.1:12593]
14:27:51.575 [main] DEBUG net.serenitybdd.core.photography.Darkroom - Send negative for processing for target\site\serenity\5c293f30177ecec6e8d0723568a4e94d12084d5db3104d50fb2efa2fe01762f4.png
14:27:51.575 [main] DEBUG net.thucydides.core.steps.StepInterceptor - STEP DONE: Validate_Giveusafeedbackpage
14:27:51.591 [Forwarding getPageSource on session 87eceb0d2ff57e1a97eb7724294c1da5 to remote] DEBUG org.asynchttpclient.netty.request.NettyRequestSender - Using pooled Channel '[id: 0xeaeee574, L:/127.0.0.1:59085 - R:localhost/127.0.0.1:12593]' for 'POST' to 'http://localhost:12593/session/87eceb0d2ff57e1a97eb7724294c1da5/execute/sync'
14:27:51.591 [Forwarding getPageSource on session 87eceb0d2ff57e1a97eb7724294c1da5 to remote] DEBUG org.asynchttpclient.netty.request.NettyRequestSender - Using open Channel [id: 0xeaeee574, L:/127.0.0.1:59085 - R:localhost/127.0.0.1:12593] for POST '/session/87eceb0d2ff57e1a97eb7724294c1da5/execute/sync'
14:27:51.618 [AsyncHttpClient-1-7] DEBUG org.asynchttpclient.netty.handler.HttpHandler - 

Request DefaultHttpRequest(decodeResult: success, version: HTTP/1.1)
POST /session/87eceb0d2ff57e1a97eb7724294c1da5/execute/sync HTTP/1.1
User-Agent: selenium/4.8.1 (java windows)
Content-Length: 176
Content-Type: application/json; charset=utf-8
host: localhost:12593
accept: */*

Response DefaultHttpResponse(decodeResult: success, version: HTTP/1.1)
HTTP/1.1 200 OK
Content-Length: 105543
Content-Type: application/json; charset=utf-8
cache-control: no-cache

14:27:51.618 [AsyncHttpClient-1-7] DEBUG org.asynchttpclient.netty.channel.ChannelManager - Adding key: http://localhost:12593 for channel [id: 0xeaeee574, L:/127.0.0.1:59085 - R:localhost/127.0.0.1:12593]
14:27:51.632 [Forwarding getCurrentUrl on session 87eceb0d2ff57e1a97eb7724294c1da5 to remote] DEBUG org.asynchttpclient.netty.request.NettyRequestSender - Using pooled Channel '[id: 0xeaeee574, L:/127.0.0.1:59085 - R:localhost/127.0.0.1:12593]' for 'GET' to 'http://localhost:12593/session/87eceb0d2ff57e1a97eb7724294c1da5/url'
14:27:51.632 [Forwarding getCurrentUrl on session 87eceb0d2ff57e1a97eb7724294c1da5 to remote] DEBUG org.asynchttpclient.netty.request.NettyRequestSender - Using open Channel [id: 0xeaeee574, L:/127.0.0.1:59085 - R:localhost/127.0.0.1:12593] for GET '/session/87eceb0d2ff57e1a97eb7724294c1da5/url'
14:27:51.639 [AsyncHttpClient-1-7] DEBUG org.asynchttpclient.netty.handler.HttpHandler - 

Request DefaultFullHttpRequest(decodeResult: success, version: HTTP/1.1, content: EmptyByteBufBE)
GET /session/87eceb0d2ff57e1a97eb7724294c1da5/url HTTP/1.1
User-Agent: selenium/4.8.1 (java windows)
Cache-Control: no-cache
Content-Type: application/json; charset=utf-8
host: localhost:12593
accept: */*

Response DefaultHttpResponse(decodeResult: success, version: HTTP/1.1)
HTTP/1.1 200 OK
Content-Length: 68
Content-Type: application/json; charset=utf-8
cache-control: no-cache

14:27:51.639 [AsyncHttpClient-1-7] DEBUG org.asynchttpclient.netty.channel.ChannelManager - Adding key: http://localhost:12593 for channel [id: 0xeaeee574, L:/127.0.0.1:59085 - R:localhost/127.0.0.1:12593]
14:27:51.661 [Forwarding getAlertText on session 87eceb0d2ff57e1a97eb7724294c1da5 to remote] DEBUG org.asynchttpclient.netty.request.NettyRequestSender - Using pooled Channel '[id: 0xeaeee574, L:/127.0.0.1:59085 - R:localhost/127.0.0.1:12593]' for 'GET' to 'http://localhost:12593/session/87eceb0d2ff57e1a97eb7724294c1da5/alert/text'
14:27:51.661 [Forwarding getAlertText on session 87eceb0d2ff57e1a97eb7724294c1da5 to remote] DEBUG org.asynchttpclient.netty.request.NettyRequestSender - Using open Channel [id: 0xeaeee574, L:/127.0.0.1:59085 - R:localhost/127.0.0.1:12593] for GET '/session/87eceb0d2ff57e1a97eb7724294c1da5/alert/text'
14:27:51.664 [AsyncHttpClient-1-7] DEBUG org.asynchttpclient.netty.handler.HttpHandler - 

Request DefaultFullHttpRequest(decodeResult: success, version: HTTP/1.1, content: EmptyByteBufBE)
GET /session/87eceb0d2ff57e1a97eb7724294c1da5/alert/text HTTP/1.1
User-Agent: selenium/4.8.1 (java windows)
Cache-Control: no-cache
Content-Type: application/json; charset=utf-8
host: localhost:12593
accept: */*

Response DefaultHttpResponse(decodeResult: success, version: HTTP/1.1)
HTTP/1.1 404 Not Found
Content-Length: 821
Content-Type: application/json; charset=utf-8
cache-control: no-cache

14:27:51.664 [AsyncHttpClient-1-7] DEBUG org.asynchttpclient.netty.channel.ChannelManager - Adding key: http://localhost:12593 for channel [id: 0xeaeee574, L:/127.0.0.1:59085 - R:localhost/127.0.0.1:12593]
14:27:51.671 [Forwarding getCurrentUrl on session 87eceb0d2ff57e1a97eb7724294c1da5 to remote] DEBUG org.asynchttpclient.netty.request.NettyRequestSender - Using pooled Channel '[id: 0xeaeee574, L:/127.0.0.1:59085 - R:localhost/127.0.0.1:12593]' for 'GET' to 'http://localhost:12593/session/87eceb0d2ff57e1a97eb7724294c1da5/url'
14:27:51.671 [Forwarding getCurrentUrl on session 87eceb0d2ff57e1a97eb7724294c1da5 to remote] DEBUG org.asynchttpclient.netty.request.NettyRequestSender - Using open Channel [id: 0xeaeee574, L:/127.0.0.1:59085 - R:localhost/127.0.0.1:12593] for GET '/session/87eceb0d2ff57e1a97eb7724294c1da5/url'
14:27:51.680 [AsyncHttpClient-1-7] DEBUG org.asynchttpclient.netty.handler.HttpHandler - 

Request DefaultFullHttpRequest(decodeResult: success, version: HTTP/1.1, content: EmptyByteBufBE)
GET /session/87eceb0d2ff57e1a97eb7724294c1da5/url HTTP/1.1
User-Agent: selenium/4.8.1 (java windows)
Cache-Control: no-cache
Content-Type: application/json; charset=utf-8
host: localhost:12593
accept: */*

Response DefaultHttpResponse(decodeResult: success, version: HTTP/1.1)
HTTP/1.1 200 OK
Content-Length: 68
Content-Type: application/json; charset=utf-8
cache-control: no-cache

14:27:51.680 [AsyncHttpClient-1-7] DEBUG org.asynchttpclient.netty.channel.ChannelManager - Adding key: http://localhost:12593 for channel [id: 0xeaeee574, L:/127.0.0.1:59085 - R:localhost/127.0.0.1:12593]
14:27:51.682 [Forwarding screenshot on session 87eceb0d2ff57e1a97eb7724294c1da5 to remote] DEBUG org.asynchttpclient.netty.request.NettyRequestSender - Using pooled Channel '[id: 0xeaeee574, L:/127.0.0.1:59085 - R:localhost/127.0.0.1:12593]' for 'GET' to 'http://localhost:12593/session/87eceb0d2ff57e1a97eb7724294c1da5/screenshot'
14:27:51.682 [Forwarding screenshot on session 87eceb0d2ff57e1a97eb7724294c1da5 to remote] DEBUG org.asynchttpclient.netty.request.NettyRequestSender - Using open Channel [id: 0xeaeee574, L:/127.0.0.1:59085 - R:localhost/127.0.0.1:12593] for GET '/session/87eceb0d2ff57e1a97eb7724294c1da5/screenshot'
14:27:51.927 [AsyncHttpClient-1-7] DEBUG org.asynchttpclient.netty.handler.HttpHandler - 

Request DefaultFullHttpRequest(decodeResult: success, version: HTTP/1.1, content: EmptyByteBufBE)
GET /session/87eceb0d2ff57e1a97eb7724294c1da5/screenshot HTTP/1.1
User-Agent: selenium/4.8.1 (java windows)
Cache-Control: no-cache
Content-Type: application/json; charset=utf-8
host: localhost:12593
accept: */*

Response DefaultHttpResponse(decodeResult: success, version: HTTP/1.1)
HTTP/1.1 200 OK
Content-Length: 196436
Content-Type: application/json; charset=utf-8
cache-control: no-cache

14:27:51.933 [AsyncHttpClient-1-7] DEBUG org.asynchttpclient.netty.channel.ChannelManager - Adding key: http://localhost:12593 for channel [id: 0xeaeee574, L:/127.0.0.1:59085 - R:localhost/127.0.0.1:12593]
14:27:51.943 [main] DEBUG net.serenitybdd.core.photography.Darkroom - Send negative for processing for target\site\serenity\5c293f30177ecec6e8d0723568a4e94d12084d5db3104d50fb2efa2fe01762f4.png
14:27:51.943 [Forwarding getPageSource on session 87eceb0d2ff57e1a97eb7724294c1da5 to remote] DEBUG org.asynchttpclient.netty.request.NettyRequestSender - Using pooled Channel '[id: 0xeaeee574, L:/127.0.0.1:59085 - R:localhost/127.0.0.1:12593]' for 'POST' to 'http://localhost:12593/session/87eceb0d2ff57e1a97eb7724294c1da5/execute/sync'
14:27:51.943 [Forwarding getPageSource on session 87eceb0d2ff57e1a97eb7724294c1da5 to remote] DEBUG org.asynchttpclient.netty.request.NettyRequestSender - Using open Channel [id: 0xeaeee574, L:/127.0.0.1:59085 - R:localhost/127.0.0.1:12593] for POST '/session/87eceb0d2ff57e1a97eb7724294c1da5/execute/sync'
14:27:51.971 [AsyncHttpClient-1-7] DEBUG org.asynchttpclient.netty.handler.HttpHandler - 

Request DefaultHttpRequest(decodeResult: success, version: HTTP/1.1)
POST /session/87eceb0d2ff57e1a97eb7724294c1da5/execute/sync HTTP/1.1
User-Agent: selenium/4.8.1 (java windows)
Content-Length: 176
Content-Type: application/json; charset=utf-8
host: localhost:12593
accept: */*

Response DefaultHttpResponse(decodeResult: success, version: HTTP/1.1)
HTTP/1.1 200 OK
Content-Length: 105543
Content-Type: application/json; charset=utf-8
cache-control: no-cache

14:27:51.971 [AsyncHttpClient-1-7] DEBUG org.asynchttpclient.netty.channel.ChannelManager - Adding key: http://localhost:12593 for channel [id: 0xeaeee574, L:/127.0.0.1:59085 - R:localhost/127.0.0.1:12593]
14:27:51.980 [Forwarding getCurrentUrl on session 87eceb0d2ff57e1a97eb7724294c1da5 to remote] DEBUG org.asynchttpclient.netty.request.NettyRequestSender - Using pooled Channel '[id: 0xeaeee574, L:/127.0.0.1:59085 - R:localhost/127.0.0.1:12593]' for 'GET' to 'http://localhost:12593/session/87eceb0d2ff57e1a97eb7724294c1da5/url'
14:27:51.980 [Forwarding getCurrentUrl on session 87eceb0d2ff57e1a97eb7724294c1da5 to remote] DEBUG org.asynchttpclient.netty.request.NettyRequestSender - Using open Channel [id: 0xeaeee574, L:/127.0.0.1:59085 - R:localhost/127.0.0.1:12593] for GET '/session/87eceb0d2ff57e1a97eb7724294c1da5/url'
14:27:51.996 [AsyncHttpClient-1-7] DEBUG org.asynchttpclient.netty.handler.HttpHandler - 

Request DefaultFullHttpRequest(decodeResult: success, version: HTTP/1.1, content: EmptyByteBufBE)
GET /session/87eceb0d2ff57e1a97eb7724294c1da5/url HTTP/1.1
User-Agent: selenium/4.8.1 (java windows)
Cache-Control: no-cache
Content-Type: application/json; charset=utf-8
host: localhost:12593
accept: */*

Response DefaultHttpResponse(decodeResult: success, version: HTTP/1.1)
HTTP/1.1 200 OK
Content-Length: 68
Content-Type: application/json; charset=utf-8
cache-control: no-cache

14:27:51.996 [AsyncHttpClient-1-7] DEBUG org.asynchttpclient.netty.channel.ChannelManager - Adding key: http://localhost:12593 for channel [id: 0xeaeee574, L:/127.0.0.1:59085 - R:localhost/127.0.0.1:12593]
14:27:52.002 [main] DEBUG net.thucydides.core.steps.StepInterceptor - STARTING STEP: Afrexim_OurBank_Contactus_Givefeedback_steps.enter_organization_name - Enter_organizationname
14:27:52.007 [Forwarding findElement on session 87eceb0d2ff57e1a97eb7724294c1da5 to remote] DEBUG org.asynchttpclient.netty.request.NettyRequestSender - Using pooled Channel '[id: 0xeaeee574, L:/127.0.0.1:59085 - R:localhost/127.0.0.1:12593]' for 'POST' to 'http://localhost:12593/session/87eceb0d2ff57e1a97eb7724294c1da5/element'
14:27:52.007 [Forwarding findElement on session 87eceb0d2ff57e1a97eb7724294c1da5 to remote] DEBUG org.asynchttpclient.netty.request.NettyRequestSender - Using open Channel [id: 0xeaeee574, L:/127.0.0.1:59085 - R:localhost/127.0.0.1:12593] for POST '/session/87eceb0d2ff57e1a97eb7724294c1da5/element'
14:27:52.035 [AsyncHttpClient-1-7] DEBUG org.asynchttpclient.netty.handler.HttpHandler - 

Request DefaultHttpRequest(decodeResult: success, version: HTTP/1.1)
POST /session/87eceb0d2ff57e1a97eb7724294c1da5/element HTTP/1.1
User-Agent: selenium/4.8.1 (java windows)
Content-Length: 72
Content-Type: application/json; charset=utf-8
host: localhost:12593
accept: */*

Response DefaultHttpResponse(decodeResult: success, version: HTTP/1.1)
HTTP/1.1 200 OK
Content-Length: 96
Content-Type: application/json; charset=utf-8
cache-control: no-cache

14:27:52.035 [AsyncHttpClient-1-7] DEBUG org.asynchttpclient.netty.channel.ChannelManager - Adding key: http://localhost:12593 for channel [id: 0xeaeee574, L:/127.0.0.1:59085 - R:localhost/127.0.0.1:12593]
14:27:52.035 [Forwarding clearElement on session 87eceb0d2ff57e1a97eb7724294c1da5 to remote] DEBUG org.asynchttpclient.netty.request.NettyRequestSender - Using pooled Channel '[id: 0xeaeee574, L:/127.0.0.1:59085 - R:localhost/127.0.0.1:12593]' for 'POST' to 'http://localhost:12593/session/87eceb0d2ff57e1a97eb7724294c1da5/element/345A8A1F9EC063DC529B28BE30AC8A01_element_174/clear'
14:27:52.035 [Forwarding clearElement on session 87eceb0d2ff57e1a97eb7724294c1da5 to remote] DEBUG org.asynchttpclient.netty.request.NettyRequestSender - Using open Channel [id: 0xeaeee574, L:/127.0.0.1:59085 - R:localhost/127.0.0.1:12593] for POST '/session/87eceb0d2ff57e1a97eb7724294c1da5/element/345A8A1F9EC063DC529B28BE30AC8A01_element_174/clear'
14:27:52.092 [AsyncHttpClient-1-7] DEBUG org.asynchttpclient.netty.handler.HttpHandler - 

Request DefaultHttpRequest(decodeResult: success, version: HTTP/1.1)
POST /session/87eceb0d2ff57e1a97eb7724294c1da5/element/345A8A1F9EC063DC529B28BE30AC8A01_element_174/clear HTTP/1.1
User-Agent: selenium/4.8.1 (java windows)
Content-Length: 58
Content-Type: application/json; charset=utf-8
host: localhost:12593
accept: */*

Response DefaultHttpResponse(decodeResult: success, version: HTTP/1.1)
HTTP/1.1 200 OK
Content-Length: 14
Content-Type: application/json; charset=utf-8
cache-control: no-cache

14:27:52.092 [AsyncHttpClient-1-7] DEBUG org.asynchttpclient.netty.channel.ChannelManager - Adding key: http://localhost:12593 for channel [id: 0xeaeee574, L:/127.0.0.1:59085 - R:localhost/127.0.0.1:12593]
14:27:52.092 [Forwarding sendKeysToElement on session 87eceb0d2ff57e1a97eb7724294c1da5 to remote] DEBUG org.asynchttpclient.netty.request.NettyRequestSender - Using pooled Channel '[id: 0xeaeee574, L:/127.0.0.1:59085 - R:localhost/127.0.0.1:12593]' for 'POST' to 'http://localhost:12593/session/87eceb0d2ff57e1a97eb7724294c1da5/element/345A8A1F9EC063DC529B28BE30AC8A01_element_174/value'
14:27:52.092 [Forwarding sendKeysToElement on session 87eceb0d2ff57e1a97eb7724294c1da5 to remote] DEBUG org.asynchttpclient.netty.request.NettyRequestSender - Using open Channel [id: 0xeaeee574, L:/127.0.0.1:59085 - R:localhost/127.0.0.1:12593] for POST '/session/87eceb0d2ff57e1a97eb7724294c1da5/element/345A8A1F9EC063DC529B28BE30AC8A01_element_174/value'
14:27:52.339 [AsyncHttpClient-1-7] DEBUG org.asynchttpclient.netty.handler.HttpHandler - 

Request DefaultHttpRequest(decodeResult: success, version: HTTP/1.1)
POST /session/87eceb0d2ff57e1a97eb7724294c1da5/element/345A8A1F9EC063DC529B28BE30AC8A01_element_174/value HTTP/1.1
User-Agent: selenium/4.8.1 (java windows)
Content-Length: 279
Content-Type: application/json; charset=utf-8
host: localhost:12593
accept: */*

Response DefaultHttpResponse(decodeResult: success, version: HTTP/1.1)
HTTP/1.1 200 OK
Content-Length: 14
Content-Type: application/json; charset=utf-8
cache-control: no-cache

14:27:52.343 [AsyncHttpClient-1-7] DEBUG org.asynchttpclient.netty.channel.ChannelManager - Adding key: http://localhost:12593 for channel [id: 0xeaeee574, L:/127.0.0.1:59085 - R:localhost/127.0.0.1:12593]
14:27:52.346 [Forwarding sendKeysToElement on session 87eceb0d2ff57e1a97eb7724294c1da5 to remote] DEBUG org.asynchttpclient.netty.request.NettyRequestSender - Using pooled Channel '[id: 0xeaeee574, L:/127.0.0.1:59085 - R:localhost/127.0.0.1:12593]' for 'POST' to 'http://localhost:12593/session/87eceb0d2ff57e1a97eb7724294c1da5/element/345A8A1F9EC063DC529B28BE30AC8A01_element_174/value'
14:27:52.346 [Forwarding sendKeysToElement on session 87eceb0d2ff57e1a97eb7724294c1da5 to remote] DEBUG org.asynchttpclient.netty.request.NettyRequestSender - Using open Channel [id: 0xeaeee574, L:/127.0.0.1:59085 - R:localhost/127.0.0.1:12593] for POST '/session/87eceb0d2ff57e1a97eb7724294c1da5/element/345A8A1F9EC063DC529B28BE30AC8A01_element_174/value'
14:27:52.426 [AsyncHttpClient-1-7] DEBUG org.asynchttpclient.netty.handler.HttpHandler - 

Request DefaultHttpRequest(decodeResult: success, version: HTTP/1.1)
POST /session/87eceb0d2ff57e1a97eb7724294c1da5/element/345A8A1F9EC063DC529B28BE30AC8A01_element_174/value HTTP/1.1
User-Agent: selenium/4.8.1 (java windows)
Content-Length: 103
Content-Type: application/json; charset=utf-8
host: localhost:12593
accept: */*

Response DefaultHttpResponse(decodeResult: success, version: HTTP/1.1)
HTTP/1.1 200 OK
Content-Length: 14
Content-Type: application/json; charset=utf-8
cache-control: no-cache

14:27:52.428 [AsyncHttpClient-1-7] DEBUG org.asynchttpclient.netty.channel.ChannelManager - Adding key: http://localhost:12593 for channel [id: 0xeaeee574, L:/127.0.0.1:59085 - R:localhost/127.0.0.1:12593]
14:27:52.443 [Forwarding getAlertText on session 87eceb0d2ff57e1a97eb7724294c1da5 to remote] DEBUG org.asynchttpclient.netty.request.NettyRequestSender - Using pooled Channel '[id: 0xeaeee574, L:/127.0.0.1:59085 - R:localhost/127.0.0.1:12593]' for 'GET' to 'http://localhost:12593/session/87eceb0d2ff57e1a97eb7724294c1da5/alert/text'
14:27:52.443 [Forwarding getAlertText on session 87eceb0d2ff57e1a97eb7724294c1da5 to remote] DEBUG org.asynchttpclient.netty.request.NettyRequestSender - Using open Channel [id: 0xeaeee574, L:/127.0.0.1:59085 - R:localhost/127.0.0.1:12593] for GET '/session/87eceb0d2ff57e1a97eb7724294c1da5/alert/text'
14:27:52.443 [AsyncHttpClient-1-7] DEBUG org.asynchttpclient.netty.handler.HttpHandler - 

Request DefaultFullHttpRequest(decodeResult: success, version: HTTP/1.1, content: EmptyByteBufBE)
GET /session/87eceb0d2ff57e1a97eb7724294c1da5/alert/text HTTP/1.1
User-Agent: selenium/4.8.1 (java windows)
Cache-Control: no-cache
Content-Type: application/json; charset=utf-8
host: localhost:12593
accept: */*

Response DefaultHttpResponse(decodeResult: success, version: HTTP/1.1)
HTTP/1.1 404 Not Found
Content-Length: 821
Content-Type: application/json; charset=utf-8
cache-control: no-cache

14:27:52.443 [AsyncHttpClient-1-7] DEBUG org.asynchttpclient.netty.channel.ChannelManager - Adding key: http://localhost:12593 for channel [id: 0xeaeee574, L:/127.0.0.1:59085 - R:localhost/127.0.0.1:12593]
14:27:52.443 [Forwarding getCurrentUrl on session 87eceb0d2ff57e1a97eb7724294c1da5 to remote] DEBUG org.asynchttpclient.netty.request.NettyRequestSender - Using pooled Channel '[id: 0xeaeee574, L:/127.0.0.1:59085 - R:localhost/127.0.0.1:12593]' for 'GET' to 'http://localhost:12593/session/87eceb0d2ff57e1a97eb7724294c1da5/url'
14:27:52.443 [Forwarding getCurrentUrl on session 87eceb0d2ff57e1a97eb7724294c1da5 to remote] DEBUG org.asynchttpclient.netty.request.NettyRequestSender - Using open Channel [id: 0xeaeee574, L:/127.0.0.1:59085 - R:localhost/127.0.0.1:12593] for GET '/session/87eceb0d2ff57e1a97eb7724294c1da5/url'
14:27:52.459 [AsyncHttpClient-1-7] DEBUG org.asynchttpclient.netty.handler.HttpHandler - 

Request DefaultFullHttpRequest(decodeResult: success, version: HTTP/1.1, content: EmptyByteBufBE)
GET /session/87eceb0d2ff57e1a97eb7724294c1da5/url HTTP/1.1
User-Agent: selenium/4.8.1 (java windows)
Cache-Control: no-cache
Content-Type: application/json; charset=utf-8
host: localhost:12593
accept: */*

Response DefaultHttpResponse(decodeResult: success, version: HTTP/1.1)
HTTP/1.1 200 OK
Content-Length: 68
Content-Type: application/json; charset=utf-8
cache-control: no-cache

14:27:52.460 [AsyncHttpClient-1-7] DEBUG org.asynchttpclient.netty.channel.ChannelManager - Adding key: http://localhost:12593 for channel [id: 0xeaeee574, L:/127.0.0.1:59085 - R:localhost/127.0.0.1:12593]
14:27:52.460 [Forwarding screenshot on session 87eceb0d2ff57e1a97eb7724294c1da5 to remote] DEBUG org.asynchttpclient.netty.request.NettyRequestSender - Using pooled Channel '[id: 0xeaeee574, L:/127.0.0.1:59085 - R:localhost/127.0.0.1:12593]' for 'GET' to 'http://localhost:12593/session/87eceb0d2ff57e1a97eb7724294c1da5/screenshot'
14:27:52.460 [Forwarding screenshot on session 87eceb0d2ff57e1a97eb7724294c1da5 to remote] DEBUG org.asynchttpclient.netty.request.NettyRequestSender - Using open Channel [id: 0xeaeee574, L:/127.0.0.1:59085 - R:localhost/127.0.0.1:12593] for GET '/session/87eceb0d2ff57e1a97eb7724294c1da5/screenshot'
14:27:52.700 [AsyncHttpClient-1-7] DEBUG org.asynchttpclient.netty.handler.HttpHandler - 

Request DefaultFullHttpRequest(decodeResult: success, version: HTTP/1.1, content: EmptyByteBufBE)
GET /session/87eceb0d2ff57e1a97eb7724294c1da5/screenshot HTTP/1.1
User-Agent: selenium/4.8.1 (java windows)
Cache-Control: no-cache
Content-Type: application/json; charset=utf-8
host: localhost:12593
accept: */*

Response DefaultHttpResponse(decodeResult: success, version: HTTP/1.1)
HTTP/1.1 200 OK
Content-Length: 193912
Content-Type: application/json; charset=utf-8
cache-control: no-cache

14:27:52.700 [AsyncHttpClient-1-7] DEBUG org.asynchttpclient.netty.channel.ChannelManager - Adding key: http://localhost:12593 for channel [id: 0xeaeee574, L:/127.0.0.1:59085 - R:localhost/127.0.0.1:12593]
14:27:52.717 [main] DEBUG net.serenitybdd.core.photography.Darkroom - Send negative for processing for target\site\serenity\806f8b0b7b59a378a3847ff897f744b71729d8609efd6bc87922d853e622bf09.png
14:27:52.717 [main] DEBUG net.thucydides.core.steps.StepInterceptor - STEP DONE: Enter_organizationname
14:27:52.717 [Darkroom Processing Line] DEBUG net.serenitybdd.core.photography.DarkroomProcessingLine - Processing screenshot image in /var/screenshots/screenshot-8079256876859132644
14:27:52.717 [Darkroom Processing Line] DEBUG net.serenitybdd.core.photography.DarkroomProcessingLine - Saving screenshot to target\site\serenity\806f8b0b7b59a378a3847ff897f744b71729d8609efd6bc87922d853e622bf09.png
14:27:52.732 [Forwarding getPageSource on session 87eceb0d2ff57e1a97eb7724294c1da5 to remote] DEBUG org.asynchttpclient.netty.request.NettyRequestSender - Using pooled Channel '[id: 0xeaeee574, L:/127.0.0.1:59085 - R:localhost/127.0.0.1:12593]' for 'POST' to 'http://localhost:12593/session/87eceb0d2ff57e1a97eb7724294c1da5/execute/sync'
14:27:52.732 [Forwarding getPageSource on session 87eceb0d2ff57e1a97eb7724294c1da5 to remote] DEBUG org.asynchttpclient.netty.request.NettyRequestSender - Using open Channel [id: 0xeaeee574, L:/127.0.0.1:59085 - R:localhost/127.0.0.1:12593] for POST '/session/87eceb0d2ff57e1a97eb7724294c1da5/execute/sync'
14:27:52.759 [AsyncHttpClient-1-7] DEBUG org.asynchttpclient.netty.handler.HttpHandler - 

Request DefaultHttpRequest(decodeResult: success, version: HTTP/1.1)
POST /session/87eceb0d2ff57e1a97eb7724294c1da5/execute/sync HTTP/1.1
User-Agent: selenium/4.8.1 (java windows)
Content-Length: 176
Content-Type: application/json; charset=utf-8
host: localhost:12593
accept: */*

Response DefaultHttpResponse(decodeResult: success, version: HTTP/1.1)
HTTP/1.1 200 OK
Content-Length: 105543
Content-Type: application/json; charset=utf-8
cache-control: no-cache

14:27:52.759 [AsyncHttpClient-1-7] DEBUG org.asynchttpclient.netty.channel.ChannelManager - Adding key: http://localhost:12593 for channel [id: 0xeaeee574, L:/127.0.0.1:59085 - R:localhost/127.0.0.1:12593]
14:27:52.770 [Forwarding getCurrentUrl on session 87eceb0d2ff57e1a97eb7724294c1da5 to remote] DEBUG org.asynchttpclient.netty.request.NettyRequestSender - Using pooled Channel '[id: 0xeaeee574, L:/127.0.0.1:59085 - R:localhost/127.0.0.1:12593]' for 'GET' to 'http://localhost:12593/session/87eceb0d2ff57e1a97eb7724294c1da5/url'
14:27:52.770 [Forwarding getCurrentUrl on session 87eceb0d2ff57e1a97eb7724294c1da5 to remote] DEBUG org.asynchttpclient.netty.request.NettyRequestSender - Using open Channel [id: 0xeaeee574, L:/127.0.0.1:59085 - R:localhost/127.0.0.1:12593] for GET '/session/87eceb0d2ff57e1a97eb7724294c1da5/url'
14:27:52.780 [AsyncHttpClient-1-7] DEBUG org.asynchttpclient.netty.handler.HttpHandler - 

Request DefaultFullHttpRequest(decodeResult: success, version: HTTP/1.1, content: EmptyByteBufBE)
GET /session/87eceb0d2ff57e1a97eb7724294c1da5/url HTTP/1.1
User-Agent: selenium/4.8.1 (java windows)
Cache-Control: no-cache
Content-Type: application/json; charset=utf-8
host: localhost:12593
accept: */*

Response DefaultHttpResponse(decodeResult: success, version: HTTP/1.1)
HTTP/1.1 200 OK
Content-Length: 68
Content-Type: application/json; charset=utf-8
cache-control: no-cache

14:27:52.780 [AsyncHttpClient-1-7] DEBUG org.asynchttpclient.netty.channel.ChannelManager - Adding key: http://localhost:12593 for channel [id: 0xeaeee574, L:/127.0.0.1:59085 - R:localhost/127.0.0.1:12593]
14:27:52.795 [Forwarding getAlertText on session 87eceb0d2ff57e1a97eb7724294c1da5 to remote] DEBUG org.asynchttpclient.netty.request.NettyRequestSender - Using pooled Channel '[id: 0xeaeee574, L:/127.0.0.1:59085 - R:localhost/127.0.0.1:12593]' for 'GET' to 'http://localhost:12593/session/87eceb0d2ff57e1a97eb7724294c1da5/alert/text'
14:27:52.795 [Forwarding getAlertText on session 87eceb0d2ff57e1a97eb7724294c1da5 to remote] DEBUG org.asynchttpclient.netty.request.NettyRequestSender - Using open Channel [id: 0xeaeee574, L:/127.0.0.1:59085 - R:localhost/127.0.0.1:12593] for GET '/session/87eceb0d2ff57e1a97eb7724294c1da5/alert/text'
14:27:52.802 [AsyncHttpClient-1-7] DEBUG org.asynchttpclient.netty.handler.HttpHandler - 

Request DefaultFullHttpRequest(decodeResult: success, version: HTTP/1.1, content: EmptyByteBufBE)
GET /session/87eceb0d2ff57e1a97eb7724294c1da5/alert/text HTTP/1.1
User-Agent: selenium/4.8.1 (java windows)
Cache-Control: no-cache
Content-Type: application/json; charset=utf-8
host: localhost:12593
accept: */*

Response DefaultHttpResponse(decodeResult: success, version: HTTP/1.1)
HTTP/1.1 404 Not Found
Content-Length: 821
Content-Type: application/json; charset=utf-8
cache-control: no-cache

14:27:52.802 [AsyncHttpClient-1-7] DEBUG org.asynchttpclient.netty.channel.ChannelManager - Adding key: http://localhost:12593 for channel [id: 0xeaeee574, L:/127.0.0.1:59085 - R:localhost/127.0.0.1:12593]
14:27:52.802 [Forwarding getCurrentUrl on session 87eceb0d2ff57e1a97eb7724294c1da5 to remote] DEBUG org.asynchttpclient.netty.request.NettyRequestSender - Using pooled Channel '[id: 0xeaeee574, L:/127.0.0.1:59085 - R:localhost/127.0.0.1:12593]' for 'GET' to 'http://localhost:12593/session/87eceb0d2ff57e1a97eb7724294c1da5/url'
14:27:52.802 [Forwarding getCurrentUrl on session 87eceb0d2ff57e1a97eb7724294c1da5 to remote] DEBUG org.asynchttpclient.netty.request.NettyRequestSender - Using open Channel [id: 0xeaeee574, L:/127.0.0.1:59085 - R:localhost/127.0.0.1:12593] for GET '/session/87eceb0d2ff57e1a97eb7724294c1da5/url'
14:27:52.813 [AsyncHttpClient-1-7] DEBUG org.asynchttpclient.netty.handler.HttpHandler - 

Request DefaultFullHttpRequest(decodeResult: success, version: HTTP/1.1, content: EmptyByteBufBE)
GET /session/87eceb0d2ff57e1a97eb7724294c1da5/url HTTP/1.1
User-Agent: selenium/4.8.1 (java windows)
Cache-Control: no-cache
Content-Type: application/json; charset=utf-8
host: localhost:12593
accept: */*

Response DefaultHttpResponse(decodeResult: success, version: HTTP/1.1)
HTTP/1.1 200 OK
Content-Length: 68
Content-Type: application/json; charset=utf-8
cache-control: no-cache

14:27:52.813 [AsyncHttpClient-1-7] DEBUG org.asynchttpclient.netty.channel.ChannelManager - Adding key: http://localhost:12593 for channel [id: 0xeaeee574, L:/127.0.0.1:59085 - R:localhost/127.0.0.1:12593]
14:27:52.813 [Forwarding screenshot on session 87eceb0d2ff57e1a97eb7724294c1da5 to remote] DEBUG org.asynchttpclient.netty.request.NettyRequestSender - Using pooled Channel '[id: 0xeaeee574, L:/127.0.0.1:59085 - R:localhost/127.0.0.1:12593]' for 'GET' to 'http://localhost:12593/session/87eceb0d2ff57e1a97eb7724294c1da5/screenshot'
14:27:52.813 [Forwarding screenshot on session 87eceb0d2ff57e1a97eb7724294c1da5 to remote] DEBUG org.asynchttpclient.netty.request.NettyRequestSender - Using open Channel [id: 0xeaeee574, L:/127.0.0.1:59085 - R:localhost/127.0.0.1:12593] for GET '/session/87eceb0d2ff57e1a97eb7724294c1da5/screenshot'
14:27:53.047 [AsyncHttpClient-1-7] DEBUG org.asynchttpclient.netty.handler.HttpHandler - 

Request DefaultFullHttpRequest(decodeResult: success, version: HTTP/1.1, content: EmptyByteBufBE)
GET /session/87eceb0d2ff57e1a97eb7724294c1da5/screenshot HTTP/1.1
User-Agent: selenium/4.8.1 (java windows)
Cache-Control: no-cache
Content-Type: application/json; charset=utf-8
host: localhost:12593
accept: */*

Response DefaultHttpResponse(decodeResult: success, version: HTTP/1.1)
HTTP/1.1 200 OK
Content-Length: 193912
Content-Type: application/json; charset=utf-8
cache-control: no-cache

14:27:53.047 [AsyncHttpClient-1-7] DEBUG org.asynchttpclient.netty.channel.ChannelManager - Adding key: http://localhost:12593 for channel [id: 0xeaeee574, L:/127.0.0.1:59085 - R:localhost/127.0.0.1:12593]
14:27:53.074 [main] DEBUG net.serenitybdd.core.photography.Darkroom - Send negative for processing for target\site\serenity\806f8b0b7b59a378a3847ff897f744b71729d8609efd6bc87922d853e622bf09.png
14:27:53.074 [Forwarding getPageSource on session 87eceb0d2ff57e1a97eb7724294c1da5 to remote] DEBUG org.asynchttpclient.netty.request.NettyRequestSender - Using pooled Channel '[id: 0xeaeee574, L:/127.0.0.1:59085 - R:localhost/127.0.0.1:12593]' for 'POST' to 'http://localhost:12593/session/87eceb0d2ff57e1a97eb7724294c1da5/execute/sync'
14:27:53.074 [Forwarding getPageSource on session 87eceb0d2ff57e1a97eb7724294c1da5 to remote] DEBUG org.asynchttpclient.netty.request.NettyRequestSender - Using open Channel [id: 0xeaeee574, L:/127.0.0.1:59085 - R:localhost/127.0.0.1:12593] for POST '/session/87eceb0d2ff57e1a97eb7724294c1da5/execute/sync'
14:27:53.105 [AsyncHttpClient-1-7] DEBUG org.asynchttpclient.netty.handler.HttpHandler - 

Request DefaultHttpRequest(decodeResult: success, version: HTTP/1.1)
POST /session/87eceb0d2ff57e1a97eb7724294c1da5/execute/sync HTTP/1.1
User-Agent: selenium/4.8.1 (java windows)
Content-Length: 176
Content-Type: application/json; charset=utf-8
host: localhost:12593
accept: */*

Response DefaultHttpResponse(decodeResult: success, version: HTTP/1.1)
HTTP/1.1 200 OK
Content-Length: 105543
Content-Type: application/json; charset=utf-8
cache-control: no-cache

14:27:53.105 [AsyncHttpClient-1-7] DEBUG org.asynchttpclient.netty.channel.ChannelManager - Adding key: http://localhost:12593 for channel [id: 0xeaeee574, L:/127.0.0.1:59085 - R:localhost/127.0.0.1:12593]
14:27:53.125 [Forwarding getCurrentUrl on session 87eceb0d2ff57e1a97eb7724294c1da5 to remote] DEBUG org.asynchttpclient.netty.request.NettyRequestSender - Using pooled Channel '[id: 0xeaeee574, L:/127.0.0.1:59085 - R:localhost/127.0.0.1:12593]' for 'GET' to 'http://localhost:12593/session/87eceb0d2ff57e1a97eb7724294c1da5/url'
14:27:53.125 [Forwarding getCurrentUrl on session 87eceb0d2ff57e1a97eb7724294c1da5 to remote] DEBUG org.asynchttpclient.netty.request.NettyRequestSender - Using open Channel [id: 0xeaeee574, L:/127.0.0.1:59085 - R:localhost/127.0.0.1:12593] for GET '/session/87eceb0d2ff57e1a97eb7724294c1da5/url'
14:27:53.132 [AsyncHttpClient-1-7] DEBUG org.asynchttpclient.netty.handler.HttpHandler - 

Request DefaultFullHttpRequest(decodeResult: success, version: HTTP/1.1, content: EmptyByteBufBE)
GET /session/87eceb0d2ff57e1a97eb7724294c1da5/url HTTP/1.1
User-Agent: selenium/4.8.1 (java windows)
Cache-Control: no-cache
Content-Type: application/json; charset=utf-8
host: localhost:12593
accept: */*

Response DefaultHttpResponse(decodeResult: success, version: HTTP/1.1)
HTTP/1.1 200 OK
Content-Length: 68
Content-Type: application/json; charset=utf-8
cache-control: no-cache

14:27:53.132 [AsyncHttpClient-1-7] DEBUG org.asynchttpclient.netty.channel.ChannelManager - Adding key: http://localhost:12593 for channel [id: 0xeaeee574, L:/127.0.0.1:59085 - R:localhost/127.0.0.1:12593]
14:27:53.137 [main] DEBUG net.thucydides.core.steps.StepInterceptor - STARTING STEP: Afrexim_OurBank_Contactus_Givefeedback_steps.select_title - Select_Title
14:27:53.143 [Forwarding findElement on session 87eceb0d2ff57e1a97eb7724294c1da5 to remote] DEBUG org.asynchttpclient.netty.request.NettyRequestSender - Using pooled Channel '[id: 0xeaeee574, L:/127.0.0.1:59085 - R:localhost/127.0.0.1:12593]' for 'POST' to 'http://localhost:12593/session/87eceb0d2ff57e1a97eb7724294c1da5/element'
14:27:53.143 [Forwarding findElement on session 87eceb0d2ff57e1a97eb7724294c1da5 to remote] DEBUG org.asynchttpclient.netty.request.NettyRequestSender - Using open Channel [id: 0xeaeee574, L:/127.0.0.1:59085 - R:localhost/127.0.0.1:12593] for POST '/session/87eceb0d2ff57e1a97eb7724294c1da5/element'
14:27:53.169 [AsyncHttpClient-1-7] DEBUG org.asynchttpclient.netty.handler.HttpHandler - 

Request DefaultHttpRequest(decodeResult: success, version: HTTP/1.1)
POST /session/87eceb0d2ff57e1a97eb7724294c1da5/element HTTP/1.1
User-Agent: selenium/4.8.1 (java windows)
Content-Length: 74
Content-Type: application/json; charset=utf-8
host: localhost:12593
accept: */*

Response DefaultHttpResponse(decodeResult: success, version: HTTP/1.1)
HTTP/1.1 200 OK
Content-Length: 96
Content-Type: application/json; charset=utf-8
cache-control: no-cache

14:27:53.169 [AsyncHttpClient-1-7] DEBUG org.asynchttpclient.netty.channel.ChannelManager - Adding key: http://localhost:12593 for channel [id: 0xeaeee574, L:/127.0.0.1:59085 - R:localhost/127.0.0.1:12593]
14:27:53.169 [Forwarding getElementTagName on session 87eceb0d2ff57e1a97eb7724294c1da5 to remote] DEBUG org.asynchttpclient.netty.request.NettyRequestSender - Using pooled Channel '[id: 0xeaeee574, L:/127.0.0.1:59085 - R:localhost/127.0.0.1:12593]' for 'GET' to 'http://localhost:12593/session/87eceb0d2ff57e1a97eb7724294c1da5/element/345A8A1F9EC063DC529B28BE30AC8A01_element_176/name'
14:27:53.169 [Forwarding getElementTagName on session 87eceb0d2ff57e1a97eb7724294c1da5 to remote] DEBUG org.asynchttpclient.netty.request.NettyRequestSender - Using open Channel [id: 0xeaeee574, L:/127.0.0.1:59085 - R:localhost/127.0.0.1:12593] for GET '/session/87eceb0d2ff57e1a97eb7724294c1da5/element/345A8A1F9EC063DC529B28BE30AC8A01_element_176/name'
14:27:53.176 [AsyncHttpClient-1-7] DEBUG org.asynchttpclient.netty.handler.HttpHandler - 

Request DefaultFullHttpRequest(decodeResult: success, version: HTTP/1.1, content: EmptyByteBufBE)
GET /session/87eceb0d2ff57e1a97eb7724294c1da5/element/345A8A1F9EC063DC529B28BE30AC8A01_element_176/name HTTP/1.1
User-Agent: selenium/4.8.1 (java windows)
Cache-Control: no-cache
Content-Type: application/json; charset=utf-8
host: localhost:12593
accept: */*

Response DefaultHttpResponse(decodeResult: success, version: HTTP/1.1)
HTTP/1.1 200 OK
Content-Length: 18
Content-Type: application/json; charset=utf-8
cache-control: no-cache

14:27:53.176 [AsyncHttpClient-1-7] DEBUG org.asynchttpclient.netty.channel.ChannelManager - Adding key: http://localhost:12593 for channel [id: 0xeaeee574, L:/127.0.0.1:59085 - R:localhost/127.0.0.1:12593]
14:27:53.176 [Forwarding getElementDomAttribute on session 87eceb0d2ff57e1a97eb7724294c1da5 to remote] DEBUG org.asynchttpclient.netty.request.NettyRequestSender - Using pooled Channel '[id: 0xeaeee574, L:/127.0.0.1:59085 - R:localhost/127.0.0.1:12593]' for 'GET' to 'http://localhost:12593/session/87eceb0d2ff57e1a97eb7724294c1da5/element/345A8A1F9EC063DC529B28BE30AC8A01_element_176/attribute/multiple'
14:27:53.176 [Forwarding getElementDomAttribute on session 87eceb0d2ff57e1a97eb7724294c1da5 to remote] DEBUG org.asynchttpclient.netty.request.NettyRequestSender - Using open Channel [id: 0xeaeee574, L:/127.0.0.1:59085 - R:localhost/127.0.0.1:12593] for GET '/session/87eceb0d2ff57e1a97eb7724294c1da5/element/345A8A1F9EC063DC529B28BE30AC8A01_element_176/attribute/multiple'
14:27:53.186 [AsyncHttpClient-1-7] DEBUG org.asynchttpclient.netty.handler.HttpHandler - 

Request DefaultFullHttpRequest(decodeResult: success, version: HTTP/1.1, content: EmptyByteBufBE)
GET /session/87eceb0d2ff57e1a97eb7724294c1da5/element/345A8A1F9EC063DC529B28BE30AC8A01_element_176/attribute/multiple HTTP/1.1
User-Agent: selenium/4.8.1 (java windows)
Cache-Control: no-cache
Content-Type: application/json; charset=utf-8
host: localhost:12593
accept: */*

Response DefaultHttpResponse(decodeResult: success, version: HTTP/1.1)
HTTP/1.1 200 OK
Content-Length: 14
Content-Type: application/json; charset=utf-8
cache-control: no-cache

14:27:53.186 [AsyncHttpClient-1-7] DEBUG org.asynchttpclient.netty.channel.ChannelManager - Adding key: http://localhost:12593 for channel [id: 0xeaeee574, L:/127.0.0.1:59085 - R:localhost/127.0.0.1:12593]
14:27:53.186 [Forwarding isElementEnabled on session 87eceb0d2ff57e1a97eb7724294c1da5 to remote] DEBUG org.asynchttpclient.netty.request.NettyRequestSender - Using pooled Channel '[id: 0xeaeee574, L:/127.0.0.1:59085 - R:localhost/127.0.0.1:12593]' for 'GET' to 'http://localhost:12593/session/87eceb0d2ff57e1a97eb7724294c1da5/element/345A8A1F9EC063DC529B28BE30AC8A01_element_176/enabled'
14:27:53.186 [Forwarding isElementEnabled on session 87eceb0d2ff57e1a97eb7724294c1da5 to remote] DEBUG org.asynchttpclient.netty.request.NettyRequestSender - Using open Channel [id: 0xeaeee574, L:/127.0.0.1:59085 - R:localhost/127.0.0.1:12593] for GET '/session/87eceb0d2ff57e1a97eb7724294c1da5/element/345A8A1F9EC063DC529B28BE30AC8A01_element_176/enabled'
14:27:53.207 [AsyncHttpClient-1-7] DEBUG org.asynchttpclient.netty.handler.HttpHandler - 

Request DefaultFullHttpRequest(decodeResult: success, version: HTTP/1.1, content: EmptyByteBufBE)
GET /session/87eceb0d2ff57e1a97eb7724294c1da5/element/345A8A1F9EC063DC529B28BE30AC8A01_element_176/enabled HTTP/1.1
User-Agent: selenium/4.8.1 (java windows)
Cache-Control: no-cache
Content-Type: application/json; charset=utf-8
host: localhost:12593
accept: */*

Response DefaultHttpResponse(decodeResult: success, version: HTTP/1.1)
HTTP/1.1 200 OK
Content-Length: 14
Content-Type: application/json; charset=utf-8
cache-control: no-cache

14:27:53.207 [AsyncHttpClient-1-7] DEBUG org.asynchttpclient.netty.channel.ChannelManager - Adding key: http://localhost:12593 for channel [id: 0xeaeee574, L:/127.0.0.1:59085 - R:localhost/127.0.0.1:12593]
14:27:53.207 [Forwarding findChildElements on session 87eceb0d2ff57e1a97eb7724294c1da5 to remote] DEBUG org.asynchttpclient.netty.request.NettyRequestSender - Using pooled Channel '[id: 0xeaeee574, L:/127.0.0.1:59085 - R:localhost/127.0.0.1:12593]' for 'POST' to 'http://localhost:12593/session/87eceb0d2ff57e1a97eb7724294c1da5/element/345A8A1F9EC063DC529B28BE30AC8A01_element_176/elements'
14:27:53.207 [Forwarding findChildElements on session 87eceb0d2ff57e1a97eb7724294c1da5 to remote] DEBUG org.asynchttpclient.netty.request.NettyRequestSender - Using open Channel [id: 0xeaeee574, L:/127.0.0.1:59085 - R:localhost/127.0.0.1:12593] for POST '/session/87eceb0d2ff57e1a97eb7724294c1da5/element/345A8A1F9EC063DC529B28BE30AC8A01_element_176/elements'
14:27:53.226 [AsyncHttpClient-1-7] DEBUG org.asynchttpclient.netty.handler.HttpHandler - 

Request DefaultHttpRequest(decodeResult: success, version: HTTP/1.1)
POST /session/87eceb0d2ff57e1a97eb7724294c1da5/element/345A8A1F9EC063DC529B28BE30AC8A01_element_176/elements HTTP/1.1
User-Agent: selenium/4.8.1 (java windows)
Content-Length: 102
Content-Type: application/json; charset=utf-8
host: localhost:12593
accept: */*

Response DefaultHttpResponse(decodeResult: success, version: HTTP/1.1)
HTTP/1.1 200 OK
Content-Length: 533
Content-Type: application/json; charset=utf-8
cache-control: no-cache

14:27:53.226 [AsyncHttpClient-1-7] DEBUG org.asynchttpclient.netty.channel.ChannelManager - Adding key: http://localhost:12593 for channel [id: 0xeaeee574, L:/127.0.0.1:59085 - R:localhost/127.0.0.1:12593]
14:27:53.229 [Forwarding getElementAttribute on session 87eceb0d2ff57e1a97eb7724294c1da5 to remote] DEBUG org.asynchttpclient.netty.request.NettyRequestSender - Using pooled Channel '[id: 0xeaeee574, L:/127.0.0.1:59085 - R:localhost/127.0.0.1:12593]' for 'POST' to 'http://localhost:12593/session/87eceb0d2ff57e1a97eb7724294c1da5/execute/sync'
14:27:53.229 [Forwarding getElementAttribute on session 87eceb0d2ff57e1a97eb7724294c1da5 to remote] DEBUG org.asynchttpclient.netty.request.NettyRequestSender - Using open Channel [id: 0xeaeee574, L:/127.0.0.1:59085 - R:localhost/127.0.0.1:12593] for POST '/session/87eceb0d2ff57e1a97eb7724294c1da5/execute/sync'
14:27:53.239 [AsyncHttpClient-1-7] DEBUG org.asynchttpclient.netty.handler.HttpHandler - 

Request DefaultHttpRequest(decodeResult: success, version: HTTP/1.1)
POST /session/87eceb0d2ff57e1a97eb7724294c1da5/execute/sync HTTP/1.1
User-Agent: selenium/4.8.1 (java windows)
Content-Length: 47376
Content-Type: application/json; charset=utf-8
host: localhost:12593
accept: */*

Response DefaultHttpResponse(decodeResult: success, version: HTTP/1.1)
HTTP/1.1 200 OK
Content-Length: 13
Content-Type: application/json; charset=utf-8
cache-control: no-cache

14:27:53.239 [AsyncHttpClient-1-7] DEBUG org.asynchttpclient.netty.channel.ChannelManager - Adding key: http://localhost:12593 for channel [id: 0xeaeee574, L:/127.0.0.1:59085 - R:localhost/127.0.0.1:12593]
14:27:53.250 [Forwarding getElementAttribute on session 87eceb0d2ff57e1a97eb7724294c1da5 to remote] DEBUG org.asynchttpclient.netty.request.NettyRequestSender - Using pooled Channel '[id: 0xeaeee574, L:/127.0.0.1:59085 - R:localhost/127.0.0.1:12593]' for 'POST' to 'http://localhost:12593/session/87eceb0d2ff57e1a97eb7724294c1da5/execute/sync'
14:27:53.250 [Forwarding getElementAttribute on session 87eceb0d2ff57e1a97eb7724294c1da5 to remote] DEBUG org.asynchttpclient.netty.request.NettyRequestSender - Using open Channel [id: 0xeaeee574, L:/127.0.0.1:59085 - R:localhost/127.0.0.1:12593] for POST '/session/87eceb0d2ff57e1a97eb7724294c1da5/execute/sync'
14:27:53.267 [AsyncHttpClient-1-7] DEBUG org.asynchttpclient.netty.handler.HttpHandler - 

Request DefaultHttpRequest(decodeResult: success, version: HTTP/1.1)
POST /session/87eceb0d2ff57e1a97eb7724294c1da5/execute/sync HTTP/1.1
User-Agent: selenium/4.8.1 (java windows)
Content-Length: 47376
Content-Type: application/json; charset=utf-8
host: localhost:12593
accept: */*

Response DefaultHttpResponse(decodeResult: success, version: HTTP/1.1)
HTTP/1.1 200 OK
Content-Length: 13
Content-Type: application/json; charset=utf-8
cache-control: no-cache

14:27:53.267 [AsyncHttpClient-1-7] DEBUG org.asynchttpclient.netty.channel.ChannelManager - Adding key: http://localhost:12593 for channel [id: 0xeaeee574, L:/127.0.0.1:59085 - R:localhost/127.0.0.1:12593]
14:27:53.276 [Forwarding getElementAttribute on session 87eceb0d2ff57e1a97eb7724294c1da5 to remote] DEBUG org.asynchttpclient.netty.request.NettyRequestSender - Using pooled Channel '[id: 0xeaeee574, L:/127.0.0.1:59085 - R:localhost/127.0.0.1:12593]' for 'POST' to 'http://localhost:12593/session/87eceb0d2ff57e1a97eb7724294c1da5/execute/sync'
14:27:53.276 [Forwarding getElementAttribute on session 87eceb0d2ff57e1a97eb7724294c1da5 to remote] DEBUG org.asynchttpclient.netty.request.NettyRequestSender - Using open Channel [id: 0xeaeee574, L:/127.0.0.1:59085 - R:localhost/127.0.0.1:12593] for POST '/session/87eceb0d2ff57e1a97eb7724294c1da5/execute/sync'
14:27:53.298 [AsyncHttpClient-1-7] DEBUG org.asynchttpclient.netty.handler.HttpHandler - 

Request DefaultHttpRequest(decodeResult: success, version: HTTP/1.1)
POST /session/87eceb0d2ff57e1a97eb7724294c1da5/execute/sync HTTP/1.1
User-Agent: selenium/4.8.1 (java windows)
Content-Length: 47376
Content-Type: application/json; charset=utf-8
host: localhost:12593
accept: */*

Response DefaultHttpResponse(decodeResult: success, version: HTTP/1.1)
HTTP/1.1 200 OK
Content-Length: 13
Content-Type: application/json; charset=utf-8
cache-control: no-cache

14:27:53.298 [AsyncHttpClient-1-7] DEBUG org.asynchttpclient.netty.channel.ChannelManager - Adding key: http://localhost:12593 for channel [id: 0xeaeee574, L:/127.0.0.1:59085 - R:localhost/127.0.0.1:12593]
14:27:53.303 [Forwarding getElementAttribute on session 87eceb0d2ff57e1a97eb7724294c1da5 to remote] DEBUG org.asynchttpclient.netty.request.NettyRequestSender - Using pooled Channel '[id: 0xeaeee574, L:/127.0.0.1:59085 - R:localhost/127.0.0.1:12593]' for 'POST' to 'http://localhost:12593/session/87eceb0d2ff57e1a97eb7724294c1da5/execute/sync'
14:27:53.303 [Forwarding getElementAttribute on session 87eceb0d2ff57e1a97eb7724294c1da5 to remote] DEBUG org.asynchttpclient.netty.request.NettyRequestSender - Using open Channel [id: 0xeaeee574, L:/127.0.0.1:59085 - R:localhost/127.0.0.1:12593] for POST '/session/87eceb0d2ff57e1a97eb7724294c1da5/execute/sync'
14:27:53.319 [AsyncHttpClient-1-7] DEBUG org.asynchttpclient.netty.handler.HttpHandler - 

Request DefaultHttpRequest(decodeResult: success, version: HTTP/1.1)
POST /session/87eceb0d2ff57e1a97eb7724294c1da5/execute/sync HTTP/1.1
User-Agent: selenium/4.8.1 (java windows)
Content-Length: 47376
Content-Type: application/json; charset=utf-8
host: localhost:12593
accept: */*

Response DefaultHttpResponse(decodeResult: success, version: HTTP/1.1)
HTTP/1.1 200 OK
Content-Length: 13
Content-Type: application/json; charset=utf-8
cache-control: no-cache

14:27:53.319 [AsyncHttpClient-1-7] DEBUG org.asynchttpclient.netty.channel.ChannelManager - Adding key: http://localhost:12593 for channel [id: 0xeaeee574, L:/127.0.0.1:59085 - R:localhost/127.0.0.1:12593]
14:27:53.319 [Forwarding isElementEnabled on session 87eceb0d2ff57e1a97eb7724294c1da5 to remote] DEBUG org.asynchttpclient.netty.request.NettyRequestSender - Using pooled Channel '[id: 0xeaeee574, L:/127.0.0.1:59085 - R:localhost/127.0.0.1:12593]' for 'GET' to 'http://localhost:12593/session/87eceb0d2ff57e1a97eb7724294c1da5/element/345A8A1F9EC063DC529B28BE30AC8A01_element_180/enabled'
14:27:53.319 [Forwarding isElementEnabled on session 87eceb0d2ff57e1a97eb7724294c1da5 to remote] DEBUG org.asynchttpclient.netty.request.NettyRequestSender - Using open Channel [id: 0xeaeee574, L:/127.0.0.1:59085 - R:localhost/127.0.0.1:12593] for GET '/session/87eceb0d2ff57e1a97eb7724294c1da5/element/345A8A1F9EC063DC529B28BE30AC8A01_element_180/enabled'
14:27:53.335 [AsyncHttpClient-1-7] DEBUG org.asynchttpclient.netty.handler.HttpHandler - 

Request DefaultFullHttpRequest(decodeResult: success, version: HTTP/1.1, content: EmptyByteBufBE)
GET /session/87eceb0d2ff57e1a97eb7724294c1da5/element/345A8A1F9EC063DC529B28BE30AC8A01_element_180/enabled HTTP/1.1
User-Agent: selenium/4.8.1 (java windows)
Cache-Control: no-cache
Content-Type: application/json; charset=utf-8
host: localhost:12593
accept: */*

Response DefaultHttpResponse(decodeResult: success, version: HTTP/1.1)
HTTP/1.1 200 OK
Content-Length: 14
Content-Type: application/json; charset=utf-8
cache-control: no-cache

14:27:53.335 [AsyncHttpClient-1-7] DEBUG org.asynchttpclient.netty.channel.ChannelManager - Adding key: http://localhost:12593 for channel [id: 0xeaeee574, L:/127.0.0.1:59085 - R:localhost/127.0.0.1:12593]
14:27:53.335 [Forwarding isElementSelected on session 87eceb0d2ff57e1a97eb7724294c1da5 to remote] DEBUG org.asynchttpclient.netty.request.NettyRequestSender - Using pooled Channel '[id: 0xeaeee574, L:/127.0.0.1:59085 - R:localhost/127.0.0.1:12593]' for 'GET' to 'http://localhost:12593/session/87eceb0d2ff57e1a97eb7724294c1da5/element/345A8A1F9EC063DC529B28BE30AC8A01_element_180/selected'
14:27:53.335 [Forwarding isElementSelected on session 87eceb0d2ff57e1a97eb7724294c1da5 to remote] DEBUG org.asynchttpclient.netty.request.NettyRequestSender - Using open Channel [id: 0xeaeee574, L:/127.0.0.1:59085 - R:localhost/127.0.0.1:12593] for GET '/session/87eceb0d2ff57e1a97eb7724294c1da5/element/345A8A1F9EC063DC529B28BE30AC8A01_element_180/selected'
14:27:53.346 [AsyncHttpClient-1-7] DEBUG org.asynchttpclient.netty.handler.HttpHandler - 

Request DefaultFullHttpRequest(decodeResult: success, version: HTTP/1.1, content: EmptyByteBufBE)
GET /session/87eceb0d2ff57e1a97eb7724294c1da5/element/345A8A1F9EC063DC529B28BE30AC8A01_element_180/selected HTTP/1.1
User-Agent: selenium/4.8.1 (java windows)
Cache-Control: no-cache
Content-Type: application/json; charset=utf-8
host: localhost:12593
accept: */*

Response DefaultHttpResponse(decodeResult: success, version: HTTP/1.1)
HTTP/1.1 200 OK
Content-Length: 15
Content-Type: application/json; charset=utf-8
cache-control: no-cache

14:27:53.346 [AsyncHttpClient-1-7] DEBUG org.asynchttpclient.netty.channel.ChannelManager - Adding key: http://localhost:12593 for channel [id: 0xeaeee574, L:/127.0.0.1:59085 - R:localhost/127.0.0.1:12593]
14:27:53.346 [Forwarding clickElement on session 87eceb0d2ff57e1a97eb7724294c1da5 to remote] DEBUG org.asynchttpclient.netty.request.NettyRequestSender - Using pooled Channel '[id: 0xeaeee574, L:/127.0.0.1:59085 - R:localhost/127.0.0.1:12593]' for 'POST' to 'http://localhost:12593/session/87eceb0d2ff57e1a97eb7724294c1da5/element/345A8A1F9EC063DC529B28BE30AC8A01_element_180/click'
14:27:53.346 [Forwarding clickElement on session 87eceb0d2ff57e1a97eb7724294c1da5 to remote] DEBUG org.asynchttpclient.netty.request.NettyRequestSender - Using open Channel [id: 0xeaeee574, L:/127.0.0.1:59085 - R:localhost/127.0.0.1:12593] for POST '/session/87eceb0d2ff57e1a97eb7724294c1da5/element/345A8A1F9EC063DC529B28BE30AC8A01_element_180/click'
14:27:53.394 [AsyncHttpClient-1-7] DEBUG org.asynchttpclient.netty.handler.HttpHandler - 

Request DefaultHttpRequest(decodeResult: success, version: HTTP/1.1)
POST /session/87eceb0d2ff57e1a97eb7724294c1da5/element/345A8A1F9EC063DC529B28BE30AC8A01_element_180/click HTTP/1.1
User-Agent: selenium/4.8.1 (java windows)
Content-Length: 58
Content-Type: application/json; charset=utf-8
host: localhost:12593
accept: */*

Response DefaultHttpResponse(decodeResult: success, version: HTTP/1.1)
HTTP/1.1 200 OK
Content-Length: 14
Content-Type: application/json; charset=utf-8
cache-control: no-cache

14:27:53.394 [AsyncHttpClient-1-7] DEBUG org.asynchttpclient.netty.channel.ChannelManager - Adding key: http://localhost:12593 for channel [id: 0xeaeee574, L:/127.0.0.1:59085 - R:localhost/127.0.0.1:12593]
14:27:53.403 [Forwarding getAlertText on session 87eceb0d2ff57e1a97eb7724294c1da5 to remote] DEBUG org.asynchttpclient.netty.request.NettyRequestSender - Using pooled Channel '[id: 0xeaeee574, L:/127.0.0.1:59085 - R:localhost/127.0.0.1:12593]' for 'GET' to 'http://localhost:12593/session/87eceb0d2ff57e1a97eb7724294c1da5/alert/text'
14:27:53.403 [Forwarding getAlertText on session 87eceb0d2ff57e1a97eb7724294c1da5 to remote] DEBUG org.asynchttpclient.netty.request.NettyRequestSender - Using open Channel [id: 0xeaeee574, L:/127.0.0.1:59085 - R:localhost/127.0.0.1:12593] for GET '/session/87eceb0d2ff57e1a97eb7724294c1da5/alert/text'
14:27:53.403 [AsyncHttpClient-1-7] DEBUG org.asynchttpclient.netty.handler.HttpHandler - 

Request DefaultFullHttpRequest(decodeResult: success, version: HTTP/1.1, content: EmptyByteBufBE)
GET /session/87eceb0d2ff57e1a97eb7724294c1da5/alert/text HTTP/1.1
User-Agent: selenium/4.8.1 (java windows)
Cache-Control: no-cache
Content-Type: application/json; charset=utf-8
host: localhost:12593
accept: */*

Response DefaultHttpResponse(decodeResult: success, version: HTTP/1.1)
HTTP/1.1 404 Not Found
Content-Length: 821
Content-Type: application/json; charset=utf-8
cache-control: no-cache

14:27:53.403 [AsyncHttpClient-1-7] DEBUG org.asynchttpclient.netty.channel.ChannelManager - Adding key: http://localhost:12593 for channel [id: 0xeaeee574, L:/127.0.0.1:59085 - R:localhost/127.0.0.1:12593]
14:27:53.917 [Forwarding getAlertText on session 87eceb0d2ff57e1a97eb7724294c1da5 to remote] DEBUG org.asynchttpclient.netty.request.NettyRequestSender - Using pooled Channel '[id: 0xeaeee574, L:/127.0.0.1:59085 - R:localhost/127.0.0.1:12593]' for 'GET' to 'http://localhost:12593/session/87eceb0d2ff57e1a97eb7724294c1da5/alert/text'
14:27:53.917 [Forwarding getAlertText on session 87eceb0d2ff57e1a97eb7724294c1da5 to remote] DEBUG org.asynchttpclient.netty.request.NettyRequestSender - Using open Channel [id: 0xeaeee574, L:/127.0.0.1:59085 - R:localhost/127.0.0.1:12593] for GET '/session/87eceb0d2ff57e1a97eb7724294c1da5/alert/text'
14:27:53.922 [AsyncHttpClient-1-7] DEBUG org.asynchttpclient.netty.handler.HttpHandler - 

Request DefaultFullHttpRequest(decodeResult: success, version: HTTP/1.1, content: EmptyByteBufBE)
GET /session/87eceb0d2ff57e1a97eb7724294c1da5/alert/text HTTP/1.1
User-Agent: selenium/4.8.1 (java windows)
Cache-Control: no-cache
Content-Type: application/json; charset=utf-8
host: localhost:12593
accept: */*

Response DefaultHttpResponse(decodeResult: success, version: HTTP/1.1)
HTTP/1.1 404 Not Found
Content-Length: 821
Content-Type: application/json; charset=utf-8
cache-control: no-cache

14:27:53.922 [AsyncHttpClient-1-7] DEBUG org.asynchttpclient.netty.channel.ChannelManager - Adding key: http://localhost:12593 for channel [id: 0xeaeee574, L:/127.0.0.1:59085 - R:localhost/127.0.0.1:12593]
14:27:53.922 [Forwarding getCurrentUrl on session 87eceb0d2ff57e1a97eb7724294c1da5 to remote] DEBUG org.asynchttpclient.netty.request.NettyRequestSender - Using pooled Channel '[id: 0xeaeee574, L:/127.0.0.1:59085 - R:localhost/127.0.0.1:12593]' for 'GET' to 'http://localhost:12593/session/87eceb0d2ff57e1a97eb7724294c1da5/url'
14:27:53.922 [Forwarding getCurrentUrl on session 87eceb0d2ff57e1a97eb7724294c1da5 to remote] DEBUG org.asynchttpclient.netty.request.NettyRequestSender - Using open Channel [id: 0xeaeee574, L:/127.0.0.1:59085 - R:localhost/127.0.0.1:12593] for GET '/session/87eceb0d2ff57e1a97eb7724294c1da5/url'
14:27:53.939 [AsyncHttpClient-1-7] DEBUG org.asynchttpclient.netty.handler.HttpHandler - 

Request DefaultFullHttpRequest(decodeResult: success, version: HTTP/1.1, content: EmptyByteBufBE)
GET /session/87eceb0d2ff57e1a97eb7724294c1da5/url HTTP/1.1
User-Agent: selenium/4.8.1 (java windows)
Cache-Control: no-cache
Content-Type: application/json; charset=utf-8
host: localhost:12593
accept: */*

Response DefaultHttpResponse(decodeResult: success, version: HTTP/1.1)
HTTP/1.1 200 OK
Content-Length: 68
Content-Type: application/json; charset=utf-8
cache-control: no-cache

14:27:53.939 [AsyncHttpClient-1-7] DEBUG org.asynchttpclient.netty.channel.ChannelManager - Adding key: http://localhost:12593 for channel [id: 0xeaeee574, L:/127.0.0.1:59085 - R:localhost/127.0.0.1:12593]
14:27:53.939 [Forwarding screenshot on session 87eceb0d2ff57e1a97eb7724294c1da5 to remote] DEBUG org.asynchttpclient.netty.request.NettyRequestSender - Using pooled Channel '[id: 0xeaeee574, L:/127.0.0.1:59085 - R:localhost/127.0.0.1:12593]' for 'GET' to 'http://localhost:12593/session/87eceb0d2ff57e1a97eb7724294c1da5/screenshot'
14:27:53.939 [Forwarding screenshot on session 87eceb0d2ff57e1a97eb7724294c1da5 to remote] DEBUG org.asynchttpclient.netty.request.NettyRequestSender - Using open Channel [id: 0xeaeee574, L:/127.0.0.1:59085 - R:localhost/127.0.0.1:12593] for GET '/session/87eceb0d2ff57e1a97eb7724294c1da5/screenshot'
14:27:54.189 [AsyncHttpClient-1-7] DEBUG org.asynchttpclient.netty.handler.HttpHandler - 

Request DefaultFullHttpRequest(decodeResult: success, version: HTTP/1.1, content: EmptyByteBufBE)
GET /session/87eceb0d2ff57e1a97eb7724294c1da5/screenshot HTTP/1.1
User-Agent: selenium/4.8.1 (java windows)
Cache-Control: no-cache
Content-Type: application/json; charset=utf-8
host: localhost:12593
accept: */*

Response DefaultHttpResponse(decodeResult: success, version: HTTP/1.1)
HTTP/1.1 200 OK
Content-Length: 193968
Content-Type: application/json; charset=utf-8
cache-control: no-cache

14:27:54.189 [AsyncHttpClient-1-7] DEBUG org.asynchttpclient.netty.channel.ChannelManager - Adding key: http://localhost:12593 for channel [id: 0xeaeee574, L:/127.0.0.1:59085 - R:localhost/127.0.0.1:12593]
14:27:54.201 [main] DEBUG net.serenitybdd.core.photography.Darkroom - Send negative for processing for target\site\serenity\1ea71198348ff943a984a4249ac8c049c22dc83e31f0a456dc53463ea3d9d2e4.png
14:27:54.201 [main] DEBUG net.thucydides.core.steps.StepInterceptor - STEP DONE: Select_Title
14:27:54.201 [Darkroom Processing Line] DEBUG net.serenitybdd.core.photography.DarkroomProcessingLine - Processing screenshot image in /var/screenshots/screenshot-8484659080589668774
14:27:54.201 [Darkroom Processing Line] DEBUG net.serenitybdd.core.photography.DarkroomProcessingLine - Saving screenshot to target\site\serenity\1ea71198348ff943a984a4249ac8c049c22dc83e31f0a456dc53463ea3d9d2e4.png
14:27:54.220 [Forwarding getPageSource on session 87eceb0d2ff57e1a97eb7724294c1da5 to remote] DEBUG org.asynchttpclient.netty.request.NettyRequestSender - Using pooled Channel '[id: 0xeaeee574, L:/127.0.0.1:59085 - R:localhost/127.0.0.1:12593]' for 'POST' to 'http://localhost:12593/session/87eceb0d2ff57e1a97eb7724294c1da5/execute/sync'
14:27:54.220 [Forwarding getPageSource on session 87eceb0d2ff57e1a97eb7724294c1da5 to remote] DEBUG org.asynchttpclient.netty.request.NettyRequestSender - Using open Channel [id: 0xeaeee574, L:/127.0.0.1:59085 - R:localhost/127.0.0.1:12593] for POST '/session/87eceb0d2ff57e1a97eb7724294c1da5/execute/sync'
14:27:54.248 [AsyncHttpClient-1-7] DEBUG org.asynchttpclient.netty.handler.HttpHandler - 

Request DefaultHttpRequest(decodeResult: success, version: HTTP/1.1)
POST /session/87eceb0d2ff57e1a97eb7724294c1da5/execute/sync HTTP/1.1
User-Agent: selenium/4.8.1 (java windows)
Content-Length: 176
Content-Type: application/json; charset=utf-8
host: localhost:12593
accept: */*

Response DefaultHttpResponse(decodeResult: success, version: HTTP/1.1)
HTTP/1.1 200 OK
Content-Length: 105543
Content-Type: application/json; charset=utf-8
cache-control: no-cache

14:27:54.248 [AsyncHttpClient-1-7] DEBUG org.asynchttpclient.netty.channel.ChannelManager - Adding key: http://localhost:12593 for channel [id: 0xeaeee574, L:/127.0.0.1:59085 - R:localhost/127.0.0.1:12593]
14:27:54.253 [Forwarding getCurrentUrl on session 87eceb0d2ff57e1a97eb7724294c1da5 to remote] DEBUG org.asynchttpclient.netty.request.NettyRequestSender - Using pooled Channel '[id: 0xeaeee574, L:/127.0.0.1:59085 - R:localhost/127.0.0.1:12593]' for 'GET' to 'http://localhost:12593/session/87eceb0d2ff57e1a97eb7724294c1da5/url'
14:27:54.253 [Forwarding getCurrentUrl on session 87eceb0d2ff57e1a97eb7724294c1da5 to remote] DEBUG org.asynchttpclient.netty.request.NettyRequestSender - Using open Channel [id: 0xeaeee574, L:/127.0.0.1:59085 - R:localhost/127.0.0.1:12593] for GET '/session/87eceb0d2ff57e1a97eb7724294c1da5/url'
14:27:54.263 [AsyncHttpClient-1-7] DEBUG org.asynchttpclient.netty.handler.HttpHandler - 

Request DefaultFullHttpRequest(decodeResult: success, version: HTTP/1.1, content: EmptyByteBufBE)
GET /session/87eceb0d2ff57e1a97eb7724294c1da5/url HTTP/1.1
User-Agent: selenium/4.8.1 (java windows)
Cache-Control: no-cache
Content-Type: application/json; charset=utf-8
host: localhost:12593
accept: */*

Response DefaultHttpResponse(decodeResult: success, version: HTTP/1.1)
HTTP/1.1 200 OK
Content-Length: 68
Content-Type: application/json; charset=utf-8
cache-control: no-cache

14:27:54.263 [AsyncHttpClient-1-7] DEBUG org.asynchttpclient.netty.channel.ChannelManager - Adding key: http://localhost:12593 for channel [id: 0xeaeee574, L:/127.0.0.1:59085 - R:localhost/127.0.0.1:12593]
14:27:54.284 [Forwarding getAlertText on session 87eceb0d2ff57e1a97eb7724294c1da5 to remote] DEBUG org.asynchttpclient.netty.request.NettyRequestSender - Using pooled Channel '[id: 0xeaeee574, L:/127.0.0.1:59085 - R:localhost/127.0.0.1:12593]' for 'GET' to 'http://localhost:12593/session/87eceb0d2ff57e1a97eb7724294c1da5/alert/text'
14:27:54.284 [Forwarding getAlertText on session 87eceb0d2ff57e1a97eb7724294c1da5 to remote] DEBUG org.asynchttpclient.netty.request.NettyRequestSender - Using open Channel [id: 0xeaeee574, L:/127.0.0.1:59085 - R:localhost/127.0.0.1:12593] for GET '/session/87eceb0d2ff57e1a97eb7724294c1da5/alert/text'
14:27:54.289 [AsyncHttpClient-1-7] DEBUG org.asynchttpclient.netty.handler.HttpHandler - 

Request DefaultFullHttpRequest(decodeResult: success, version: HTTP/1.1, content: EmptyByteBufBE)
GET /session/87eceb0d2ff57e1a97eb7724294c1da5/alert/text HTTP/1.1
User-Agent: selenium/4.8.1 (java windows)
Cache-Control: no-cache
Content-Type: application/json; charset=utf-8
host: localhost:12593
accept: */*

Response DefaultHttpResponse(decodeResult: success, version: HTTP/1.1)
HTTP/1.1 404 Not Found
Content-Length: 821
Content-Type: application/json; charset=utf-8
cache-control: no-cache

14:27:54.289 [AsyncHttpClient-1-7] DEBUG org.asynchttpclient.netty.channel.ChannelManager - Adding key: http://localhost:12593 for channel [id: 0xeaeee574, L:/127.0.0.1:59085 - R:localhost/127.0.0.1:12593]
14:27:54.289 [Forwarding getCurrentUrl on session 87eceb0d2ff57e1a97eb7724294c1da5 to remote] DEBUG org.asynchttpclient.netty.request.NettyRequestSender - Using pooled Channel '[id: 0xeaeee574, L:/127.0.0.1:59085 - R:localhost/127.0.0.1:12593]' for 'GET' to 'http://localhost:12593/session/87eceb0d2ff57e1a97eb7724294c1da5/url'
14:27:54.289 [Forwarding getCurrentUrl on session 87eceb0d2ff57e1a97eb7724294c1da5 to remote] DEBUG org.asynchttpclient.netty.request.NettyRequestSender - Using open Channel [id: 0xeaeee574, L:/127.0.0.1:59085 - R:localhost/127.0.0.1:12593] for GET '/session/87eceb0d2ff57e1a97eb7724294c1da5/url'
14:27:54.295 [AsyncHttpClient-1-7] DEBUG org.asynchttpclient.netty.handler.HttpHandler - 

Request DefaultFullHttpRequest(decodeResult: success, version: HTTP/1.1, content: EmptyByteBufBE)
GET /session/87eceb0d2ff57e1a97eb7724294c1da5/url HTTP/1.1
User-Agent: selenium/4.8.1 (java windows)
Cache-Control: no-cache
Content-Type: application/json; charset=utf-8
host: localhost:12593
accept: */*

Response DefaultHttpResponse(decodeResult: success, version: HTTP/1.1)
HTTP/1.1 200 OK
Content-Length: 68
Content-Type: application/json; charset=utf-8
cache-control: no-cache

14:27:54.295 [AsyncHttpClient-1-7] DEBUG org.asynchttpclient.netty.channel.ChannelManager - Adding key: http://localhost:12593 for channel [id: 0xeaeee574, L:/127.0.0.1:59085 - R:localhost/127.0.0.1:12593]
14:27:54.295 [Forwarding screenshot on session 87eceb0d2ff57e1a97eb7724294c1da5 to remote] DEBUG org.asynchttpclient.netty.request.NettyRequestSender - Using pooled Channel '[id: 0xeaeee574, L:/127.0.0.1:59085 - R:localhost/127.0.0.1:12593]' for 'GET' to 'http://localhost:12593/session/87eceb0d2ff57e1a97eb7724294c1da5/screenshot'
14:27:54.295 [Forwarding screenshot on session 87eceb0d2ff57e1a97eb7724294c1da5 to remote] DEBUG org.asynchttpclient.netty.request.NettyRequestSender - Using open Channel [id: 0xeaeee574, L:/127.0.0.1:59085 - R:localhost/127.0.0.1:12593] for GET '/session/87eceb0d2ff57e1a97eb7724294c1da5/screenshot'
14:27:54.575 [AsyncHttpClient-1-7] DEBUG org.asynchttpclient.netty.handler.HttpHandler - 

Request DefaultFullHttpRequest(decodeResult: success, version: HTTP/1.1, content: EmptyByteBufBE)
GET /session/87eceb0d2ff57e1a97eb7724294c1da5/screenshot HTTP/1.1
User-Agent: selenium/4.8.1 (java windows)
Cache-Control: no-cache
Content-Type: application/json; charset=utf-8
host: localhost:12593
accept: */*

Response DefaultHttpResponse(decodeResult: success, version: HTTP/1.1)
HTTP/1.1 200 OK
Content-Length: 193968
Content-Type: application/json; charset=utf-8
cache-control: no-cache

14:27:54.575 [AsyncHttpClient-1-7] DEBUG org.asynchttpclient.netty.channel.ChannelManager - Adding key: http://localhost:12593 for channel [id: 0xeaeee574, L:/127.0.0.1:59085 - R:localhost/127.0.0.1:12593]
14:27:54.590 [main] DEBUG net.serenitybdd.core.photography.Darkroom - Send negative for processing for target\site\serenity\1ea71198348ff943a984a4249ac8c049c22dc83e31f0a456dc53463ea3d9d2e4.png
14:27:54.594 [Forwarding getPageSource on session 87eceb0d2ff57e1a97eb7724294c1da5 to remote] DEBUG org.asynchttpclient.netty.request.NettyRequestSender - Using pooled Channel '[id: 0xeaeee574, L:/127.0.0.1:59085 - R:localhost/127.0.0.1:12593]' for 'POST' to 'http://localhost:12593/session/87eceb0d2ff57e1a97eb7724294c1da5/execute/sync'
14:27:54.594 [Forwarding getPageSource on session 87eceb0d2ff57e1a97eb7724294c1da5 to remote] DEBUG org.asynchttpclient.netty.request.NettyRequestSender - Using open Channel [id: 0xeaeee574, L:/127.0.0.1:59085 - R:localhost/127.0.0.1:12593] for POST '/session/87eceb0d2ff57e1a97eb7724294c1da5/execute/sync'
14:27:54.622 [AsyncHttpClient-1-7] DEBUG org.asynchttpclient.netty.handler.HttpHandler - 

Request DefaultHttpRequest(decodeResult: success, version: HTTP/1.1)
POST /session/87eceb0d2ff57e1a97eb7724294c1da5/execute/sync HTTP/1.1
User-Agent: selenium/4.8.1 (java windows)
Content-Length: 176
Content-Type: application/json; charset=utf-8
host: localhost:12593
accept: */*

Response DefaultHttpResponse(decodeResult: success, version: HTTP/1.1)
HTTP/1.1 200 OK
Content-Length: 105543
Content-Type: application/json; charset=utf-8
cache-control: no-cache

14:27:54.622 [AsyncHttpClient-1-7] DEBUG org.asynchttpclient.netty.channel.ChannelManager - Adding key: http://localhost:12593 for channel [id: 0xeaeee574, L:/127.0.0.1:59085 - R:localhost/127.0.0.1:12593]
14:27:54.637 [Forwarding getCurrentUrl on session 87eceb0d2ff57e1a97eb7724294c1da5 to remote] DEBUG org.asynchttpclient.netty.request.NettyRequestSender - Using pooled Channel '[id: 0xeaeee574, L:/127.0.0.1:59085 - R:localhost/127.0.0.1:12593]' for 'GET' to 'http://localhost:12593/session/87eceb0d2ff57e1a97eb7724294c1da5/url'
14:27:54.637 [Forwarding getCurrentUrl on session 87eceb0d2ff57e1a97eb7724294c1da5 to remote] DEBUG org.asynchttpclient.netty.request.NettyRequestSender - Using open Channel [id: 0xeaeee574, L:/127.0.0.1:59085 - R:localhost/127.0.0.1:12593] for GET '/session/87eceb0d2ff57e1a97eb7724294c1da5/url'
14:27:54.647 [AsyncHttpClient-1-7] DEBUG org.asynchttpclient.netty.handler.HttpHandler - 

Request DefaultFullHttpRequest(decodeResult: success, version: HTTP/1.1, content: EmptyByteBufBE)
GET /session/87eceb0d2ff57e1a97eb7724294c1da5/url HTTP/1.1
User-Agent: selenium/4.8.1 (java windows)
Cache-Control: no-cache
Content-Type: application/json; charset=utf-8
host: localhost:12593
accept: */*

Response DefaultHttpResponse(decodeResult: success, version: HTTP/1.1)
HTTP/1.1 200 OK
Content-Length: 68
Content-Type: application/json; charset=utf-8
cache-control: no-cache

14:27:54.647 [AsyncHttpClient-1-7] DEBUG org.asynchttpclient.netty.channel.ChannelManager - Adding key: http://localhost:12593 for channel [id: 0xeaeee574, L:/127.0.0.1:59085 - R:localhost/127.0.0.1:12593]
14:27:54.647 [main] DEBUG net.thucydides.core.steps.StepInterceptor - STARTING STEP: Afrexim_OurBank_Contactus_Givefeedback_steps.enter_full_contact_name - Enter_FullContactname
14:27:54.658 [Forwarding findElement on session 87eceb0d2ff57e1a97eb7724294c1da5 to remote] DEBUG org.asynchttpclient.netty.request.NettyRequestSender - Using pooled Channel '[id: 0xeaeee574, L:/127.0.0.1:59085 - R:localhost/127.0.0.1:12593]' for 'POST' to 'http://localhost:12593/session/87eceb0d2ff57e1a97eb7724294c1da5/element'
14:27:54.658 [Forwarding findElement on session 87eceb0d2ff57e1a97eb7724294c1da5 to remote] DEBUG org.asynchttpclient.netty.request.NettyRequestSender - Using open Channel [id: 0xeaeee574, L:/127.0.0.1:59085 - R:localhost/127.0.0.1:12593] for POST '/session/87eceb0d2ff57e1a97eb7724294c1da5/element'
14:27:54.695 [AsyncHttpClient-1-7] DEBUG org.asynchttpclient.netty.handler.HttpHandler - 

Request DefaultHttpRequest(decodeResult: success, version: HTTP/1.1)
POST /session/87eceb0d2ff57e1a97eb7724294c1da5/element HTTP/1.1
User-Agent: selenium/4.8.1 (java windows)
Content-Length: 72
Content-Type: application/json; charset=utf-8
host: localhost:12593
accept: */*

Response DefaultHttpResponse(decodeResult: success, version: HTTP/1.1)
HTTP/1.1 200 OK
Content-Length: 96
Content-Type: application/json; charset=utf-8
cache-control: no-cache

14:27:54.695 [AsyncHttpClient-1-7] DEBUG org.asynchttpclient.netty.channel.ChannelManager - Adding key: http://localhost:12593 for channel [id: 0xeaeee574, L:/127.0.0.1:59085 - R:localhost/127.0.0.1:12593]
14:27:54.695 [Forwarding clearElement on session 87eceb0d2ff57e1a97eb7724294c1da5 to remote] DEBUG org.asynchttpclient.netty.request.NettyRequestSender - Using pooled Channel '[id: 0xeaeee574, L:/127.0.0.1:59085 - R:localhost/127.0.0.1:12593]' for 'POST' to 'http://localhost:12593/session/87eceb0d2ff57e1a97eb7724294c1da5/element/345A8A1F9EC063DC529B28BE30AC8A01_element_183/clear'
14:27:54.695 [Forwarding clearElement on session 87eceb0d2ff57e1a97eb7724294c1da5 to remote] DEBUG org.asynchttpclient.netty.request.NettyRequestSender - Using open Channel [id: 0xeaeee574, L:/127.0.0.1:59085 - R:localhost/127.0.0.1:12593] for POST '/session/87eceb0d2ff57e1a97eb7724294c1da5/element/345A8A1F9EC063DC529B28BE30AC8A01_element_183/clear'
14:27:54.797 [AsyncHttpClient-1-7] DEBUG org.asynchttpclient.netty.handler.HttpHandler - 

Request DefaultHttpRequest(decodeResult: success, version: HTTP/1.1)
POST /session/87eceb0d2ff57e1a97eb7724294c1da5/element/345A8A1F9EC063DC529B28BE30AC8A01_element_183/clear HTTP/1.1
User-Agent: selenium/4.8.1 (java windows)
Content-Length: 58
Content-Type: application/json; charset=utf-8
host: localhost:12593
accept: */*

Response DefaultHttpResponse(decodeResult: success, version: HTTP/1.1)
HTTP/1.1 200 OK
Content-Length: 14
Content-Type: application/json; charset=utf-8
cache-control: no-cache

14:27:54.797 [AsyncHttpClient-1-7] DEBUG org.asynchttpclient.netty.channel.ChannelManager - Adding key: http://localhost:12593 for channel [id: 0xeaeee574, L:/127.0.0.1:59085 - R:localhost/127.0.0.1:12593]
14:27:54.797 [Forwarding sendKeysToElement on session 87eceb0d2ff57e1a97eb7724294c1da5 to remote] DEBUG org.asynchttpclient.netty.request.NettyRequestSender - Using pooled Channel '[id: 0xeaeee574, L:/127.0.0.1:59085 - R:localhost/127.0.0.1:12593]' for 'POST' to 'http://localhost:12593/session/87eceb0d2ff57e1a97eb7724294c1da5/element/345A8A1F9EC063DC529B28BE30AC8A01_element_183/value'
14:27:54.797 [Forwarding sendKeysToElement on session 87eceb0d2ff57e1a97eb7724294c1da5 to remote] DEBUG org.asynchttpclient.netty.request.NettyRequestSender - Using open Channel [id: 0xeaeee574, L:/127.0.0.1:59085 - R:localhost/127.0.0.1:12593] for POST '/session/87eceb0d2ff57e1a97eb7724294c1da5/element/345A8A1F9EC063DC529B28BE30AC8A01_element_183/value'
14:27:55.100 [AsyncHttpClient-1-7] DEBUG org.asynchttpclient.netty.handler.HttpHandler - 

Request DefaultHttpRequest(decodeResult: success, version: HTTP/1.1)
POST /session/87eceb0d2ff57e1a97eb7724294c1da5/element/345A8A1F9EC063DC529B28BE30AC8A01_element_183/value HTTP/1.1
User-Agent: selenium/4.8.1 (java windows)
Content-Length: 179
Content-Type: application/json; charset=utf-8
host: localhost:12593
accept: */*

Response DefaultHttpResponse(decodeResult: success, version: HTTP/1.1)
HTTP/1.1 200 OK
Content-Length: 14
Content-Type: application/json; charset=utf-8
cache-control: no-cache

14:27:55.100 [AsyncHttpClient-1-7] DEBUG org.asynchttpclient.netty.channel.ChannelManager - Adding key: http://localhost:12593 for channel [id: 0xeaeee574, L:/127.0.0.1:59085 - R:localhost/127.0.0.1:12593]
14:27:55.106 [Forwarding sendKeysToElement on session 87eceb0d2ff57e1a97eb7724294c1da5 to remote] DEBUG org.asynchttpclient.netty.request.NettyRequestSender - Using pooled Channel '[id: 0xeaeee574, L:/127.0.0.1:59085 - R:localhost/127.0.0.1:12593]' for 'POST' to 'http://localhost:12593/session/87eceb0d2ff57e1a97eb7724294c1da5/element/345A8A1F9EC063DC529B28BE30AC8A01_element_183/value'
14:27:55.106 [Forwarding sendKeysToElement on session 87eceb0d2ff57e1a97eb7724294c1da5 to remote] DEBUG org.asynchttpclient.netty.request.NettyRequestSender - Using open Channel [id: 0xeaeee574, L:/127.0.0.1:59085 - R:localhost/127.0.0.1:12593] for POST '/session/87eceb0d2ff57e1a97eb7724294c1da5/element/345A8A1F9EC063DC529B28BE30AC8A01_element_183/value'
14:27:55.228 [AsyncHttpClient-1-7] DEBUG org.asynchttpclient.netty.handler.HttpHandler - 

Request DefaultHttpRequest(decodeResult: success, version: HTTP/1.1)
POST /session/87eceb0d2ff57e1a97eb7724294c1da5/element/345A8A1F9EC063DC529B28BE30AC8A01_element_183/value HTTP/1.1
User-Agent: selenium/4.8.1 (java windows)
Content-Length: 103
Content-Type: application/json; charset=utf-8
host: localhost:12593
accept: */*

Response DefaultHttpResponse(decodeResult: success, version: HTTP/1.1)
HTTP/1.1 200 OK
Content-Length: 14
Content-Type: application/json; charset=utf-8
cache-control: no-cache

14:27:55.228 [AsyncHttpClient-1-7] DEBUG org.asynchttpclient.netty.channel.ChannelManager - Adding key: http://localhost:12593 for channel [id: 0xeaeee574, L:/127.0.0.1:59085 - R:localhost/127.0.0.1:12593]
14:27:55.264 [Forwarding getAlertText on session 87eceb0d2ff57e1a97eb7724294c1da5 to remote] DEBUG org.asynchttpclient.netty.request.NettyRequestSender - Using pooled Channel '[id: 0xeaeee574, L:/127.0.0.1:59085 - R:localhost/127.0.0.1:12593]' for 'GET' to 'http://localhost:12593/session/87eceb0d2ff57e1a97eb7724294c1da5/alert/text'
14:27:55.264 [Forwarding getAlertText on session 87eceb0d2ff57e1a97eb7724294c1da5 to remote] DEBUG org.asynchttpclient.netty.request.NettyRequestSender - Using open Channel [id: 0xeaeee574, L:/127.0.0.1:59085 - R:localhost/127.0.0.1:12593] for GET '/session/87eceb0d2ff57e1a97eb7724294c1da5/alert/text'
14:27:55.303 [AsyncHttpClient-1-7] DEBUG org.asynchttpclient.netty.handler.HttpHandler - 

Request DefaultFullHttpRequest(decodeResult: success, version: HTTP/1.1, content: EmptyByteBufBE)
GET /session/87eceb0d2ff57e1a97eb7724294c1da5/alert/text HTTP/1.1
User-Agent: selenium/4.8.1 (java windows)
Cache-Control: no-cache
Content-Type: application/json; charset=utf-8
host: localhost:12593
accept: */*

Response DefaultHttpResponse(decodeResult: success, version: HTTP/1.1)
HTTP/1.1 404 Not Found
Content-Length: 821
Content-Type: application/json; charset=utf-8
cache-control: no-cache

14:27:55.303 [AsyncHttpClient-1-7] DEBUG org.asynchttpclient.netty.channel.ChannelManager - Adding key: http://localhost:12593 for channel [id: 0xeaeee574, L:/127.0.0.1:59085 - R:localhost/127.0.0.1:12593]
14:27:55.303 [Forwarding getCurrentUrl on session 87eceb0d2ff57e1a97eb7724294c1da5 to remote] DEBUG org.asynchttpclient.netty.request.NettyRequestSender - Using pooled Channel '[id: 0xeaeee574, L:/127.0.0.1:59085 - R:localhost/127.0.0.1:12593]' for 'GET' to 'http://localhost:12593/session/87eceb0d2ff57e1a97eb7724294c1da5/url'
14:27:55.303 [Forwarding getCurrentUrl on session 87eceb0d2ff57e1a97eb7724294c1da5 to remote] DEBUG org.asynchttpclient.netty.request.NettyRequestSender - Using open Channel [id: 0xeaeee574, L:/127.0.0.1:59085 - R:localhost/127.0.0.1:12593] for GET '/session/87eceb0d2ff57e1a97eb7724294c1da5/url'
14:27:55.367 [AsyncHttpClient-1-7] DEBUG org.asynchttpclient.netty.handler.HttpHandler - 

Request DefaultFullHttpRequest(decodeResult: success, version: HTTP/1.1, content: EmptyByteBufBE)
GET /session/87eceb0d2ff57e1a97eb7724294c1da5/url HTTP/1.1
User-Agent: selenium/4.8.1 (java windows)
Cache-Control: no-cache
Content-Type: application/json; charset=utf-8
host: localhost:12593
accept: */*

Response DefaultHttpResponse(decodeResult: success, version: HTTP/1.1)
HTTP/1.1 200 OK
Content-Length: 68
Content-Type: application/json; charset=utf-8
cache-control: no-cache

14:27:55.367 [AsyncHttpClient-1-7] DEBUG org.asynchttpclient.netty.channel.ChannelManager - Adding key: http://localhost:12593 for channel [id: 0xeaeee574, L:/127.0.0.1:59085 - R:localhost/127.0.0.1:12593]
14:27:55.373 [Forwarding screenshot on session 87eceb0d2ff57e1a97eb7724294c1da5 to remote] DEBUG org.asynchttpclient.netty.request.NettyRequestSender - Using pooled Channel '[id: 0xeaeee574, L:/127.0.0.1:59085 - R:localhost/127.0.0.1:12593]' for 'GET' to 'http://localhost:12593/session/87eceb0d2ff57e1a97eb7724294c1da5/screenshot'
14:27:55.373 [Forwarding screenshot on session 87eceb0d2ff57e1a97eb7724294c1da5 to remote] DEBUG org.asynchttpclient.netty.request.NettyRequestSender - Using open Channel [id: 0xeaeee574, L:/127.0.0.1:59085 - R:localhost/127.0.0.1:12593] for GET '/session/87eceb0d2ff57e1a97eb7724294c1da5/screenshot'
14:27:55.764 [AsyncHttpClient-1-7] DEBUG org.asynchttpclient.netty.handler.HttpHandler - 

Request DefaultFullHttpRequest(decodeResult: success, version: HTTP/1.1, content: EmptyByteBufBE)
GET /session/87eceb0d2ff57e1a97eb7724294c1da5/screenshot HTTP/1.1
User-Agent: selenium/4.8.1 (java windows)
Cache-Control: no-cache
Content-Type: application/json; charset=utf-8
host: localhost:12593
accept: */*

Response DefaultHttpResponse(decodeResult: success, version: HTTP/1.1)
HTTP/1.1 200 OK
Content-Length: 119668
Content-Type: application/json; charset=utf-8
cache-control: no-cache

14:27:55.764 [AsyncHttpClient-1-7] DEBUG org.asynchttpclient.netty.channel.ChannelManager - Adding key: http://localhost:12593 for channel [id: 0xeaeee574, L:/127.0.0.1:59085 - R:localhost/127.0.0.1:12593]
14:27:55.772 [main] DEBUG net.serenitybdd.core.photography.Darkroom - Send negative for processing for target\site\serenity\0163ec2308f069550e9eed0b595c63c963754b7d7d434889fdd225fafff114f7.png
14:27:55.772 [main] DEBUG net.thucydides.core.steps.StepInterceptor - STEP DONE: Enter_FullContactname
14:27:55.772 [Darkroom Processing Line] DEBUG net.serenitybdd.core.photography.DarkroomProcessingLine - Processing screenshot image in /var/screenshots/screenshot-8939048545628333856
14:27:55.772 [Darkroom Processing Line] DEBUG net.serenitybdd.core.photography.DarkroomProcessingLine - Saving screenshot to target\site\serenity\0163ec2308f069550e9eed0b595c63c963754b7d7d434889fdd225fafff114f7.png
14:27:55.789 [Forwarding getPageSource on session 87eceb0d2ff57e1a97eb7724294c1da5 to remote] DEBUG org.asynchttpclient.netty.request.NettyRequestSender - Using pooled Channel '[id: 0xeaeee574, L:/127.0.0.1:59085 - R:localhost/127.0.0.1:12593]' for 'POST' to 'http://localhost:12593/session/87eceb0d2ff57e1a97eb7724294c1da5/execute/sync'
14:27:55.789 [Forwarding getPageSource on session 87eceb0d2ff57e1a97eb7724294c1da5 to remote] DEBUG org.asynchttpclient.netty.request.NettyRequestSender - Using open Channel [id: 0xeaeee574, L:/127.0.0.1:59085 - R:localhost/127.0.0.1:12593] for POST '/session/87eceb0d2ff57e1a97eb7724294c1da5/execute/sync'
14:27:55.821 [AsyncHttpClient-1-7] DEBUG org.asynchttpclient.netty.handler.HttpHandler - 

Request DefaultHttpRequest(decodeResult: success, version: HTTP/1.1)
POST /session/87eceb0d2ff57e1a97eb7724294c1da5/execute/sync HTTP/1.1
User-Agent: selenium/4.8.1 (java windows)
Content-Length: 176
Content-Type: application/json; charset=utf-8
host: localhost:12593
accept: */*

Response DefaultHttpResponse(decodeResult: success, version: HTTP/1.1)
HTTP/1.1 200 OK
Content-Length: 105748
Content-Type: application/json; charset=utf-8
cache-control: no-cache

14:27:55.821 [AsyncHttpClient-1-7] DEBUG org.asynchttpclient.netty.channel.ChannelManager - Adding key: http://localhost:12593 for channel [id: 0xeaeee574, L:/127.0.0.1:59085 - R:localhost/127.0.0.1:12593]
14:27:55.842 [Forwarding getCurrentUrl on session 87eceb0d2ff57e1a97eb7724294c1da5 to remote] DEBUG org.asynchttpclient.netty.request.NettyRequestSender - Using pooled Channel '[id: 0xeaeee574, L:/127.0.0.1:59085 - R:localhost/127.0.0.1:12593]' for 'GET' to 'http://localhost:12593/session/87eceb0d2ff57e1a97eb7724294c1da5/url'
14:27:55.842 [Forwarding getCurrentUrl on session 87eceb0d2ff57e1a97eb7724294c1da5 to remote] DEBUG org.asynchttpclient.netty.request.NettyRequestSender - Using open Channel [id: 0xeaeee574, L:/127.0.0.1:59085 - R:localhost/127.0.0.1:12593] for GET '/session/87eceb0d2ff57e1a97eb7724294c1da5/url'
14:27:55.853 [AsyncHttpClient-1-7] DEBUG org.asynchttpclient.netty.handler.HttpHandler - 

Request DefaultFullHttpRequest(decodeResult: success, version: HTTP/1.1, content: EmptyByteBufBE)
GET /session/87eceb0d2ff57e1a97eb7724294c1da5/url HTTP/1.1
User-Agent: selenium/4.8.1 (java windows)
Cache-Control: no-cache
Content-Type: application/json; charset=utf-8
host: localhost:12593
accept: */*

Response DefaultHttpResponse(decodeResult: success, version: HTTP/1.1)
HTTP/1.1 200 OK
Content-Length: 68
Content-Type: application/json; charset=utf-8
cache-control: no-cache

14:27:55.853 [AsyncHttpClient-1-7] DEBUG org.asynchttpclient.netty.channel.ChannelManager - Adding key: http://localhost:12593 for channel [id: 0xeaeee574, L:/127.0.0.1:59085 - R:localhost/127.0.0.1:12593]
14:27:55.868 [Forwarding getAlertText on session 87eceb0d2ff57e1a97eb7724294c1da5 to remote] DEBUG org.asynchttpclient.netty.request.NettyRequestSender - Using pooled Channel '[id: 0xeaeee574, L:/127.0.0.1:59085 - R:localhost/127.0.0.1:12593]' for 'GET' to 'http://localhost:12593/session/87eceb0d2ff57e1a97eb7724294c1da5/alert/text'
14:27:55.868 [Forwarding getAlertText on session 87eceb0d2ff57e1a97eb7724294c1da5 to remote] DEBUG org.asynchttpclient.netty.request.NettyRequestSender - Using open Channel [id: 0xeaeee574, L:/127.0.0.1:59085 - R:localhost/127.0.0.1:12593] for GET '/session/87eceb0d2ff57e1a97eb7724294c1da5/alert/text'
14:27:55.877 [AsyncHttpClient-1-7] DEBUG org.asynchttpclient.netty.handler.HttpHandler - 

Request DefaultFullHttpRequest(decodeResult: success, version: HTTP/1.1, content: EmptyByteBufBE)
GET /session/87eceb0d2ff57e1a97eb7724294c1da5/alert/text HTTP/1.1
User-Agent: selenium/4.8.1 (java windows)
Cache-Control: no-cache
Content-Type: application/json; charset=utf-8
host: localhost:12593
accept: */*

Response DefaultHttpResponse(decodeResult: success, version: HTTP/1.1)
HTTP/1.1 404 Not Found
Content-Length: 821
Content-Type: application/json; charset=utf-8
cache-control: no-cache

14:27:55.877 [AsyncHttpClient-1-7] DEBUG org.asynchttpclient.netty.channel.ChannelManager - Adding key: http://localhost:12593 for channel [id: 0xeaeee574, L:/127.0.0.1:59085 - R:localhost/127.0.0.1:12593]
14:27:55.877 [Forwarding getCurrentUrl on session 87eceb0d2ff57e1a97eb7724294c1da5 to remote] DEBUG org.asynchttpclient.netty.request.NettyRequestSender - Using pooled Channel '[id: 0xeaeee574, L:/127.0.0.1:59085 - R:localhost/127.0.0.1:12593]' for 'GET' to 'http://localhost:12593/session/87eceb0d2ff57e1a97eb7724294c1da5/url'
14:27:55.877 [Forwarding getCurrentUrl on session 87eceb0d2ff57e1a97eb7724294c1da5 to remote] DEBUG org.asynchttpclient.netty.request.NettyRequestSender - Using open Channel [id: 0xeaeee574, L:/127.0.0.1:59085 - R:localhost/127.0.0.1:12593] for GET '/session/87eceb0d2ff57e1a97eb7724294c1da5/url'
14:27:55.885 [AsyncHttpClient-1-7] DEBUG org.asynchttpclient.netty.handler.HttpHandler - 

Request DefaultFullHttpRequest(decodeResult: success, version: HTTP/1.1, content: EmptyByteBufBE)
GET /session/87eceb0d2ff57e1a97eb7724294c1da5/url HTTP/1.1
User-Agent: selenium/4.8.1 (java windows)
Cache-Control: no-cache
Content-Type: application/json; charset=utf-8
host: localhost:12593
accept: */*

Response DefaultHttpResponse(decodeResult: success, version: HTTP/1.1)
HTTP/1.1 200 OK
Content-Length: 68
Content-Type: application/json; charset=utf-8
cache-control: no-cache

14:27:55.885 [AsyncHttpClient-1-7] DEBUG org.asynchttpclient.netty.channel.ChannelManager - Adding key: http://localhost:12593 for channel [id: 0xeaeee574, L:/127.0.0.1:59085 - R:localhost/127.0.0.1:12593]
14:27:55.885 [Forwarding screenshot on session 87eceb0d2ff57e1a97eb7724294c1da5 to remote] DEBUG org.asynchttpclient.netty.request.NettyRequestSender - Using pooled Channel '[id: 0xeaeee574, L:/127.0.0.1:59085 - R:localhost/127.0.0.1:12593]' for 'GET' to 'http://localhost:12593/session/87eceb0d2ff57e1a97eb7724294c1da5/screenshot'
14:27:55.885 [Forwarding screenshot on session 87eceb0d2ff57e1a97eb7724294c1da5 to remote] DEBUG org.asynchttpclient.netty.request.NettyRequestSender - Using open Channel [id: 0xeaeee574, L:/127.0.0.1:59085 - R:localhost/127.0.0.1:12593] for GET '/session/87eceb0d2ff57e1a97eb7724294c1da5/screenshot'
14:27:56.151 [AsyncHttpClient-1-7] DEBUG org.asynchttpclient.netty.handler.HttpHandler - 

Request DefaultFullHttpRequest(decodeResult: success, version: HTTP/1.1, content: EmptyByteBufBE)
GET /session/87eceb0d2ff57e1a97eb7724294c1da5/screenshot HTTP/1.1
User-Agent: selenium/4.8.1 (java windows)
Cache-Control: no-cache
Content-Type: application/json; charset=utf-8
host: localhost:12593
accept: */*

Response DefaultHttpResponse(decodeResult: success, version: HTTP/1.1)
HTTP/1.1 200 OK
Content-Length: 118860
Content-Type: application/json; charset=utf-8
cache-control: no-cache

14:27:56.151 [AsyncHttpClient-1-7] DEBUG org.asynchttpclient.netty.channel.ChannelManager - Adding key: http://localhost:12593 for channel [id: 0xeaeee574, L:/127.0.0.1:59085 - R:localhost/127.0.0.1:12593]
14:27:56.151 [main] DEBUG net.serenitybdd.core.photography.Darkroom - Send negative for processing for target\site\serenity\55c190783c794a0d48ecb883bf80c21b334237bf530ea30b827d7dde37608cf6.png
14:27:56.151 [Darkroom Processing Line] DEBUG net.serenitybdd.core.photography.DarkroomProcessingLine - Processing screenshot image in /var/screenshots/screenshot-9193130647706224019
14:27:56.151 [Darkroom Processing Line] DEBUG net.serenitybdd.core.photography.DarkroomProcessingLine - Saving screenshot to target\site\serenity\55c190783c794a0d48ecb883bf80c21b334237bf530ea30b827d7dde37608cf6.png
14:27:56.162 [Forwarding getPageSource on session 87eceb0d2ff57e1a97eb7724294c1da5 to remote] DEBUG org.asynchttpclient.netty.request.NettyRequestSender - Using pooled Channel '[id: 0xeaeee574, L:/127.0.0.1:59085 - R:localhost/127.0.0.1:12593]' for 'POST' to 'http://localhost:12593/session/87eceb0d2ff57e1a97eb7724294c1da5/execute/sync'
14:27:56.162 [Forwarding getPageSource on session 87eceb0d2ff57e1a97eb7724294c1da5 to remote] DEBUG org.asynchttpclient.netty.request.NettyRequestSender - Using open Channel [id: 0xeaeee574, L:/127.0.0.1:59085 - R:localhost/127.0.0.1:12593] for POST '/session/87eceb0d2ff57e1a97eb7724294c1da5/execute/sync'
14:27:56.183 [AsyncHttpClient-1-7] DEBUG org.asynchttpclient.netty.handler.HttpHandler - 

Request DefaultHttpRequest(decodeResult: success, version: HTTP/1.1)
POST /session/87eceb0d2ff57e1a97eb7724294c1da5/execute/sync HTTP/1.1
User-Agent: selenium/4.8.1 (java windows)
Content-Length: 176
Content-Type: application/json; charset=utf-8
host: localhost:12593
accept: */*

Response DefaultHttpResponse(decodeResult: success, version: HTTP/1.1)
HTTP/1.1 200 OK
Content-Length: 105748
Content-Type: application/json; charset=utf-8
cache-control: no-cache

14:27:56.183 [AsyncHttpClient-1-7] DEBUG org.asynchttpclient.netty.channel.ChannelManager - Adding key: http://localhost:12593 for channel [id: 0xeaeee574, L:/127.0.0.1:59085 - R:localhost/127.0.0.1:12593]
14:27:56.205 [Forwarding getCurrentUrl on session 87eceb0d2ff57e1a97eb7724294c1da5 to remote] DEBUG org.asynchttpclient.netty.request.NettyRequestSender - Using pooled Channel '[id: 0xeaeee574, L:/127.0.0.1:59085 - R:localhost/127.0.0.1:12593]' for 'GET' to 'http://localhost:12593/session/87eceb0d2ff57e1a97eb7724294c1da5/url'
14:27:56.205 [Forwarding getCurrentUrl on session 87eceb0d2ff57e1a97eb7724294c1da5 to remote] DEBUG org.asynchttpclient.netty.request.NettyRequestSender - Using open Channel [id: 0xeaeee574, L:/127.0.0.1:59085 - R:localhost/127.0.0.1:12593] for GET '/session/87eceb0d2ff57e1a97eb7724294c1da5/url'
14:27:56.215 [AsyncHttpClient-1-7] DEBUG org.asynchttpclient.netty.handler.HttpHandler - 

Request DefaultFullHttpRequest(decodeResult: success, version: HTTP/1.1, content: EmptyByteBufBE)
GET /session/87eceb0d2ff57e1a97eb7724294c1da5/url HTTP/1.1
User-Agent: selenium/4.8.1 (java windows)
Cache-Control: no-cache
Content-Type: application/json; charset=utf-8
host: localhost:12593
accept: */*

Response DefaultHttpResponse(decodeResult: success, version: HTTP/1.1)
HTTP/1.1 200 OK
Content-Length: 68
Content-Type: application/json; charset=utf-8
cache-control: no-cache

14:27:56.215 [AsyncHttpClient-1-7] DEBUG org.asynchttpclient.netty.channel.ChannelManager - Adding key: http://localhost:12593 for channel [id: 0xeaeee574, L:/127.0.0.1:59085 - R:localhost/127.0.0.1:12593]
14:27:56.215 [main] DEBUG net.thucydides.core.steps.StepInterceptor - STARTING STEP: Afrexim_OurBank_Contactus_Givefeedback_steps.enter_contact_number_with_country_code - Enter_contactnumber
14:27:56.215 [Forwarding findElement on session 87eceb0d2ff57e1a97eb7724294c1da5 to remote] DEBUG org.asynchttpclient.netty.request.NettyRequestSender - Using pooled Channel '[id: 0xeaeee574, L:/127.0.0.1:59085 - R:localhost/127.0.0.1:12593]' for 'POST' to 'http://localhost:12593/session/87eceb0d2ff57e1a97eb7724294c1da5/element'
14:27:56.215 [Forwarding findElement on session 87eceb0d2ff57e1a97eb7724294c1da5 to remote] DEBUG org.asynchttpclient.netty.request.NettyRequestSender - Using open Channel [id: 0xeaeee574, L:/127.0.0.1:59085 - R:localhost/127.0.0.1:12593] for POST '/session/87eceb0d2ff57e1a97eb7724294c1da5/element'
14:27:56.237 [AsyncHttpClient-1-7] DEBUG org.asynchttpclient.netty.handler.HttpHandler - 

Request DefaultHttpRequest(decodeResult: success, version: HTTP/1.1)
POST /session/87eceb0d2ff57e1a97eb7724294c1da5/element HTTP/1.1
User-Agent: selenium/4.8.1 (java windows)
Content-Length: 73
Content-Type: application/json; charset=utf-8
host: localhost:12593
accept: */*

Response DefaultHttpResponse(decodeResult: success, version: HTTP/1.1)
HTTP/1.1 200 OK
Content-Length: 96
Content-Type: application/json; charset=utf-8
cache-control: no-cache

14:27:56.237 [AsyncHttpClient-1-7] DEBUG org.asynchttpclient.netty.channel.ChannelManager - Adding key: http://localhost:12593 for channel [id: 0xeaeee574, L:/127.0.0.1:59085 - R:localhost/127.0.0.1:12593]
14:27:56.247 [Forwarding clearElement on session 87eceb0d2ff57e1a97eb7724294c1da5 to remote] DEBUG org.asynchttpclient.netty.request.NettyRequestSender - Using pooled Channel '[id: 0xeaeee574, L:/127.0.0.1:59085 - R:localhost/127.0.0.1:12593]' for 'POST' to 'http://localhost:12593/session/87eceb0d2ff57e1a97eb7724294c1da5/element/345A8A1F9EC063DC529B28BE30AC8A01_element_184/clear'
14:27:56.247 [Forwarding clearElement on session 87eceb0d2ff57e1a97eb7724294c1da5 to remote] DEBUG org.asynchttpclient.netty.request.NettyRequestSender - Using open Channel [id: 0xeaeee574, L:/127.0.0.1:59085 - R:localhost/127.0.0.1:12593] for POST '/session/87eceb0d2ff57e1a97eb7724294c1da5/element/345A8A1F9EC063DC529B28BE30AC8A01_element_184/clear'
14:27:56.293 [AsyncHttpClient-1-7] DEBUG org.asynchttpclient.netty.handler.HttpHandler - 

Request DefaultHttpRequest(decodeResult: success, version: HTTP/1.1)
POST /session/87eceb0d2ff57e1a97eb7724294c1da5/element/345A8A1F9EC063DC529B28BE30AC8A01_element_184/clear HTTP/1.1
User-Agent: selenium/4.8.1 (java windows)
Content-Length: 58
Content-Type: application/json; charset=utf-8
host: localhost:12593
accept: */*

Response DefaultHttpResponse(decodeResult: success, version: HTTP/1.1)
HTTP/1.1 200 OK
Content-Length: 14
Content-Type: application/json; charset=utf-8
cache-control: no-cache

14:27:56.293 [AsyncHttpClient-1-7] DEBUG org.asynchttpclient.netty.channel.ChannelManager - Adding key: http://localhost:12593 for channel [id: 0xeaeee574, L:/127.0.0.1:59085 - R:localhost/127.0.0.1:12593]
14:27:56.301 [Forwarding sendKeysToElement on session 87eceb0d2ff57e1a97eb7724294c1da5 to remote] DEBUG org.asynchttpclient.netty.request.NettyRequestSender - Using pooled Channel '[id: 0xeaeee574, L:/127.0.0.1:59085 - R:localhost/127.0.0.1:12593]' for 'POST' to 'http://localhost:12593/session/87eceb0d2ff57e1a97eb7724294c1da5/element/345A8A1F9EC063DC529B28BE30AC8A01_element_184/value'
14:27:56.301 [Forwarding sendKeysToElement on session 87eceb0d2ff57e1a97eb7724294c1da5 to remote] DEBUG org.asynchttpclient.netty.request.NettyRequestSender - Using open Channel [id: 0xeaeee574, L:/127.0.0.1:59085 - R:localhost/127.0.0.1:12593] for POST '/session/87eceb0d2ff57e1a97eb7724294c1da5/element/345A8A1F9EC063DC529B28BE30AC8A01_element_184/value'
14:27:56.399 [AsyncHttpClient-1-7] DEBUG org.asynchttpclient.netty.handler.HttpHandler - 

Request DefaultHttpRequest(decodeResult: success, version: HTTP/1.1)
POST /session/87eceb0d2ff57e1a97eb7724294c1da5/element/345A8A1F9EC063DC529B28BE30AC8A01_element_184/value HTTP/1.1
User-Agent: selenium/4.8.1 (java windows)
Content-Length: 189
Content-Type: application/json; charset=utf-8
host: localhost:12593
accept: */*

Response DefaultHttpResponse(decodeResult: success, version: HTTP/1.1)
HTTP/1.1 200 OK
Content-Length: 14
Content-Type: application/json; charset=utf-8
cache-control: no-cache

14:27:56.399 [AsyncHttpClient-1-7] DEBUG org.asynchttpclient.netty.channel.ChannelManager - Adding key: http://localhost:12593 for channel [id: 0xeaeee574, L:/127.0.0.1:59085 - R:localhost/127.0.0.1:12593]
14:27:56.407 [Forwarding sendKeysToElement on session 87eceb0d2ff57e1a97eb7724294c1da5 to remote] DEBUG org.asynchttpclient.netty.request.NettyRequestSender - Using pooled Channel '[id: 0xeaeee574, L:/127.0.0.1:59085 - R:localhost/127.0.0.1:12593]' for 'POST' to 'http://localhost:12593/session/87eceb0d2ff57e1a97eb7724294c1da5/element/345A8A1F9EC063DC529B28BE30AC8A01_element_184/value'
14:27:56.407 [Forwarding sendKeysToElement on session 87eceb0d2ff57e1a97eb7724294c1da5 to remote] DEBUG org.asynchttpclient.netty.request.NettyRequestSender - Using open Channel [id: 0xeaeee574, L:/127.0.0.1:59085 - R:localhost/127.0.0.1:12593] for POST '/session/87eceb0d2ff57e1a97eb7724294c1da5/element/345A8A1F9EC063DC529B28BE30AC8A01_element_184/value'
14:27:56.485 [AsyncHttpClient-1-7] DEBUG org.asynchttpclient.netty.handler.HttpHandler - 

Request DefaultHttpRequest(decodeResult: success, version: HTTP/1.1)
POST /session/87eceb0d2ff57e1a97eb7724294c1da5/element/345A8A1F9EC063DC529B28BE30AC8A01_element_184/value HTTP/1.1
User-Agent: selenium/4.8.1 (java windows)
Content-Length: 103
Content-Type: application/json; charset=utf-8
host: localhost:12593
accept: */*

Response DefaultHttpResponse(decodeResult: success, version: HTTP/1.1)
HTTP/1.1 200 OK
Content-Length: 14
Content-Type: application/json; charset=utf-8
cache-control: no-cache

14:27:56.485 [AsyncHttpClient-1-7] DEBUG org.asynchttpclient.netty.channel.ChannelManager - Adding key: http://localhost:12593 for channel [id: 0xeaeee574, L:/127.0.0.1:59085 - R:localhost/127.0.0.1:12593]
14:27:56.503 [Forwarding getAlertText on session 87eceb0d2ff57e1a97eb7724294c1da5 to remote] DEBUG org.asynchttpclient.netty.request.NettyRequestSender - Using pooled Channel '[id: 0xeaeee574, L:/127.0.0.1:59085 - R:localhost/127.0.0.1:12593]' for 'GET' to 'http://localhost:12593/session/87eceb0d2ff57e1a97eb7724294c1da5/alert/text'
14:27:56.503 [Forwarding getAlertText on session 87eceb0d2ff57e1a97eb7724294c1da5 to remote] DEBUG org.asynchttpclient.netty.request.NettyRequestSender - Using open Channel [id: 0xeaeee574, L:/127.0.0.1:59085 - R:localhost/127.0.0.1:12593] for GET '/session/87eceb0d2ff57e1a97eb7724294c1da5/alert/text'
14:27:56.508 [AsyncHttpClient-1-7] DEBUG org.asynchttpclient.netty.handler.HttpHandler - 

Request DefaultFullHttpRequest(decodeResult: success, version: HTTP/1.1, content: EmptyByteBufBE)
GET /session/87eceb0d2ff57e1a97eb7724294c1da5/alert/text HTTP/1.1
User-Agent: selenium/4.8.1 (java windows)
Cache-Control: no-cache
Content-Type: application/json; charset=utf-8
host: localhost:12593
accept: */*

Response DefaultHttpResponse(decodeResult: success, version: HTTP/1.1)
HTTP/1.1 404 Not Found
Content-Length: 821
Content-Type: application/json; charset=utf-8
cache-control: no-cache

14:27:56.508 [AsyncHttpClient-1-7] DEBUG org.asynchttpclient.netty.channel.ChannelManager - Adding key: http://localhost:12593 for channel [id: 0xeaeee574, L:/127.0.0.1:59085 - R:localhost/127.0.0.1:12593]
14:27:56.514 [Forwarding getCurrentUrl on session 87eceb0d2ff57e1a97eb7724294c1da5 to remote] DEBUG org.asynchttpclient.netty.request.NettyRequestSender - Using pooled Channel '[id: 0xeaeee574, L:/127.0.0.1:59085 - R:localhost/127.0.0.1:12593]' for 'GET' to 'http://localhost:12593/session/87eceb0d2ff57e1a97eb7724294c1da5/url'
14:27:56.514 [Forwarding getCurrentUrl on session 87eceb0d2ff57e1a97eb7724294c1da5 to remote] DEBUG org.asynchttpclient.netty.request.NettyRequestSender - Using open Channel [id: 0xeaeee574, L:/127.0.0.1:59085 - R:localhost/127.0.0.1:12593] for GET '/session/87eceb0d2ff57e1a97eb7724294c1da5/url'
14:27:56.529 [AsyncHttpClient-1-7] DEBUG org.asynchttpclient.netty.handler.HttpHandler - 

Request DefaultFullHttpRequest(decodeResult: success, version: HTTP/1.1, content: EmptyByteBufBE)
GET /session/87eceb0d2ff57e1a97eb7724294c1da5/url HTTP/1.1
User-Agent: selenium/4.8.1 (java windows)
Cache-Control: no-cache
Content-Type: application/json; charset=utf-8
host: localhost:12593
accept: */*

Response DefaultHttpResponse(decodeResult: success, version: HTTP/1.1)
HTTP/1.1 200 OK
Content-Length: 68
Content-Type: application/json; charset=utf-8
cache-control: no-cache

14:27:56.529 [AsyncHttpClient-1-7] DEBUG org.asynchttpclient.netty.channel.ChannelManager - Adding key: http://localhost:12593 for channel [id: 0xeaeee574, L:/127.0.0.1:59085 - R:localhost/127.0.0.1:12593]
14:27:56.529 [Forwarding screenshot on session 87eceb0d2ff57e1a97eb7724294c1da5 to remote] DEBUG org.asynchttpclient.netty.request.NettyRequestSender - Using pooled Channel '[id: 0xeaeee574, L:/127.0.0.1:59085 - R:localhost/127.0.0.1:12593]' for 'GET' to 'http://localhost:12593/session/87eceb0d2ff57e1a97eb7724294c1da5/screenshot'
14:27:56.529 [Forwarding screenshot on session 87eceb0d2ff57e1a97eb7724294c1da5 to remote] DEBUG org.asynchttpclient.netty.request.NettyRequestSender - Using open Channel [id: 0xeaeee574, L:/127.0.0.1:59085 - R:localhost/127.0.0.1:12593] for GET '/session/87eceb0d2ff57e1a97eb7724294c1da5/screenshot'
14:27:56.802 [AsyncHttpClient-1-7] DEBUG org.asynchttpclient.netty.handler.HttpHandler - 

Request DefaultFullHttpRequest(decodeResult: success, version: HTTP/1.1, content: EmptyByteBufBE)
GET /session/87eceb0d2ff57e1a97eb7724294c1da5/screenshot HTTP/1.1
User-Agent: selenium/4.8.1 (java windows)
Cache-Control: no-cache
Content-Type: application/json; charset=utf-8
host: localhost:12593
accept: */*

Response DefaultHttpResponse(decodeResult: success, version: HTTP/1.1)
HTTP/1.1 200 OK
Content-Length: 118588
Content-Type: application/json; charset=utf-8
cache-control: no-cache

14:27:56.802 [AsyncHttpClient-1-7] DEBUG org.asynchttpclient.netty.channel.ChannelManager - Adding key: http://localhost:12593 for channel [id: 0xeaeee574, L:/127.0.0.1:59085 - R:localhost/127.0.0.1:12593]
14:27:56.807 [main] DEBUG net.serenitybdd.core.photography.Darkroom - Send negative for processing for target\site\serenity\8ca9b9e376e80162bb2c5fd245143dfce439b28c0d383f9b765d3e101380116b.png
14:27:56.807 [main] DEBUG net.thucydides.core.steps.StepInterceptor - STEP DONE: Enter_contactnumber
14:27:56.807 [Darkroom Processing Line] DEBUG net.serenitybdd.core.photography.DarkroomProcessingLine - Processing screenshot image in /var/screenshots/screenshot-1032401420796304366
14:27:56.807 [Darkroom Processing Line] DEBUG net.serenitybdd.core.photography.DarkroomProcessingLine - Saving screenshot to target\site\serenity\8ca9b9e376e80162bb2c5fd245143dfce439b28c0d383f9b765d3e101380116b.png
14:27:56.830 [Forwarding getPageSource on session 87eceb0d2ff57e1a97eb7724294c1da5 to remote] DEBUG org.asynchttpclient.netty.request.NettyRequestSender - Using pooled Channel '[id: 0xeaeee574, L:/127.0.0.1:59085 - R:localhost/127.0.0.1:12593]' for 'POST' to 'http://localhost:12593/session/87eceb0d2ff57e1a97eb7724294c1da5/execute/sync'
14:27:56.830 [Forwarding getPageSource on session 87eceb0d2ff57e1a97eb7724294c1da5 to remote] DEBUG org.asynchttpclient.netty.request.NettyRequestSender - Using open Channel [id: 0xeaeee574, L:/127.0.0.1:59085 - R:localhost/127.0.0.1:12593] for POST '/session/87eceb0d2ff57e1a97eb7724294c1da5/execute/sync'
14:27:56.866 [AsyncHttpClient-1-7] DEBUG org.asynchttpclient.netty.handler.HttpHandler - 

Request DefaultHttpRequest(decodeResult: success, version: HTTP/1.1)
POST /session/87eceb0d2ff57e1a97eb7724294c1da5/execute/sync HTTP/1.1
User-Agent: selenium/4.8.1 (java windows)
Content-Length: 176
Content-Type: application/json; charset=utf-8
host: localhost:12593
accept: */*

Response DefaultHttpResponse(decodeResult: success, version: HTTP/1.1)
HTTP/1.1 200 OK
Content-Length: 105748
Content-Type: application/json; charset=utf-8
cache-control: no-cache

14:27:56.866 [AsyncHttpClient-1-7] DEBUG org.asynchttpclient.netty.channel.ChannelManager - Adding key: http://localhost:12593 for channel [id: 0xeaeee574, L:/127.0.0.1:59085 - R:localhost/127.0.0.1:12593]
14:27:56.882 [Forwarding getCurrentUrl on session 87eceb0d2ff57e1a97eb7724294c1da5 to remote] DEBUG org.asynchttpclient.netty.request.NettyRequestSender - Using pooled Channel '[id: 0xeaeee574, L:/127.0.0.1:59085 - R:localhost/127.0.0.1:12593]' for 'GET' to 'http://localhost:12593/session/87eceb0d2ff57e1a97eb7724294c1da5/url'
14:27:56.882 [Forwarding getCurrentUrl on session 87eceb0d2ff57e1a97eb7724294c1da5 to remote] DEBUG org.asynchttpclient.netty.request.NettyRequestSender - Using open Channel [id: 0xeaeee574, L:/127.0.0.1:59085 - R:localhost/127.0.0.1:12593] for GET '/session/87eceb0d2ff57e1a97eb7724294c1da5/url'
14:27:56.887 [AsyncHttpClient-1-7] DEBUG org.asynchttpclient.netty.handler.HttpHandler - 

Request DefaultFullHttpRequest(decodeResult: success, version: HTTP/1.1, content: EmptyByteBufBE)
GET /session/87eceb0d2ff57e1a97eb7724294c1da5/url HTTP/1.1
User-Agent: selenium/4.8.1 (java windows)
Cache-Control: no-cache
Content-Type: application/json; charset=utf-8
host: localhost:12593
accept: */*

Response DefaultHttpResponse(decodeResult: success, version: HTTP/1.1)
HTTP/1.1 200 OK
Content-Length: 68
Content-Type: application/json; charset=utf-8
cache-control: no-cache

14:27:56.887 [AsyncHttpClient-1-7] DEBUG org.asynchttpclient.netty.channel.ChannelManager - Adding key: http://localhost:12593 for channel [id: 0xeaeee574, L:/127.0.0.1:59085 - R:localhost/127.0.0.1:12593]
14:27:56.908 [Forwarding getAlertText on session 87eceb0d2ff57e1a97eb7724294c1da5 to remote] DEBUG org.asynchttpclient.netty.request.NettyRequestSender - Using pooled Channel '[id: 0xeaeee574, L:/127.0.0.1:59085 - R:localhost/127.0.0.1:12593]' for 'GET' to 'http://localhost:12593/session/87eceb0d2ff57e1a97eb7724294c1da5/alert/text'
14:27:56.908 [Forwarding getAlertText on session 87eceb0d2ff57e1a97eb7724294c1da5 to remote] DEBUG org.asynchttpclient.netty.request.NettyRequestSender - Using open Channel [id: 0xeaeee574, L:/127.0.0.1:59085 - R:localhost/127.0.0.1:12593] for GET '/session/87eceb0d2ff57e1a97eb7724294c1da5/alert/text'
14:27:56.913 [AsyncHttpClient-1-7] DEBUG org.asynchttpclient.netty.handler.HttpHandler - 

Request DefaultFullHttpRequest(decodeResult: success, version: HTTP/1.1, content: EmptyByteBufBE)
GET /session/87eceb0d2ff57e1a97eb7724294c1da5/alert/text HTTP/1.1
User-Agent: selenium/4.8.1 (java windows)
Cache-Control: no-cache
Content-Type: application/json; charset=utf-8
host: localhost:12593
accept: */*

Response DefaultHttpResponse(decodeResult: success, version: HTTP/1.1)
HTTP/1.1 404 Not Found
Content-Length: 821
Content-Type: application/json; charset=utf-8
cache-control: no-cache

14:27:56.913 [AsyncHttpClient-1-7] DEBUG org.asynchttpclient.netty.channel.ChannelManager - Adding key: http://localhost:12593 for channel [id: 0xeaeee574, L:/127.0.0.1:59085 - R:localhost/127.0.0.1:12593]
14:27:56.913 [Forwarding getCurrentUrl on session 87eceb0d2ff57e1a97eb7724294c1da5 to remote] DEBUG org.asynchttpclient.netty.request.NettyRequestSender - Using pooled Channel '[id: 0xeaeee574, L:/127.0.0.1:59085 - R:localhost/127.0.0.1:12593]' for 'GET' to 'http://localhost:12593/session/87eceb0d2ff57e1a97eb7724294c1da5/url'
14:27:56.913 [Forwarding getCurrentUrl on session 87eceb0d2ff57e1a97eb7724294c1da5 to remote] DEBUG org.asynchttpclient.netty.request.NettyRequestSender - Using open Channel [id: 0xeaeee574, L:/127.0.0.1:59085 - R:localhost/127.0.0.1:12593] for GET '/session/87eceb0d2ff57e1a97eb7724294c1da5/url'
14:27:56.919 [AsyncHttpClient-1-7] DEBUG org.asynchttpclient.netty.handler.HttpHandler - 

Request DefaultFullHttpRequest(decodeResult: success, version: HTTP/1.1, content: EmptyByteBufBE)
GET /session/87eceb0d2ff57e1a97eb7724294c1da5/url HTTP/1.1
User-Agent: selenium/4.8.1 (java windows)
Cache-Control: no-cache
Content-Type: application/json; charset=utf-8
host: localhost:12593
accept: */*

Response DefaultHttpResponse(decodeResult: success, version: HTTP/1.1)
HTTP/1.1 200 OK
Content-Length: 68
Content-Type: application/json; charset=utf-8
cache-control: no-cache

14:27:56.919 [AsyncHttpClient-1-7] DEBUG org.asynchttpclient.netty.channel.ChannelManager - Adding key: http://localhost:12593 for channel [id: 0xeaeee574, L:/127.0.0.1:59085 - R:localhost/127.0.0.1:12593]
14:27:56.919 [Forwarding screenshot on session 87eceb0d2ff57e1a97eb7724294c1da5 to remote] DEBUG org.asynchttpclient.netty.request.NettyRequestSender - Using pooled Channel '[id: 0xeaeee574, L:/127.0.0.1:59085 - R:localhost/127.0.0.1:12593]' for 'GET' to 'http://localhost:12593/session/87eceb0d2ff57e1a97eb7724294c1da5/screenshot'
14:27:56.919 [Forwarding screenshot on session 87eceb0d2ff57e1a97eb7724294c1da5 to remote] DEBUG org.asynchttpclient.netty.request.NettyRequestSender - Using open Channel [id: 0xeaeee574, L:/127.0.0.1:59085 - R:localhost/127.0.0.1:12593] for GET '/session/87eceb0d2ff57e1a97eb7724294c1da5/screenshot'
14:27:57.165 [AsyncHttpClient-1-7] DEBUG org.asynchttpclient.netty.handler.HttpHandler - 

Request DefaultFullHttpRequest(decodeResult: success, version: HTTP/1.1, content: EmptyByteBufBE)
GET /session/87eceb0d2ff57e1a97eb7724294c1da5/screenshot HTTP/1.1
User-Agent: selenium/4.8.1 (java windows)
Cache-Control: no-cache
Content-Type: application/json; charset=utf-8
host: localhost:12593
accept: */*

Response DefaultHttpResponse(decodeResult: success, version: HTTP/1.1)
HTTP/1.1 200 OK
Content-Length: 118588
Content-Type: application/json; charset=utf-8
cache-control: no-cache

14:27:57.165 [AsyncHttpClient-1-7] DEBUG org.asynchttpclient.netty.channel.ChannelManager - Adding key: http://localhost:12593 for channel [id: 0xeaeee574, L:/127.0.0.1:59085 - R:localhost/127.0.0.1:12593]
14:27:57.177 [main] DEBUG net.serenitybdd.core.photography.Darkroom - Send negative for processing for target\site\serenity\fd66207e5edb8d60595b31c7baa8446190ac982880a51492605d024b1824b651.png
14:27:57.177 [Darkroom Processing Line] DEBUG net.serenitybdd.core.photography.DarkroomProcessingLine - Processing screenshot image in /var/screenshots/screenshot-4334654834344251437
14:27:57.177 [Darkroom Processing Line] DEBUG net.serenitybdd.core.photography.DarkroomProcessingLine - Saving screenshot to target\site\serenity\fd66207e5edb8d60595b31c7baa8446190ac982880a51492605d024b1824b651.png
14:27:57.177 [Forwarding getPageSource on session 87eceb0d2ff57e1a97eb7724294c1da5 to remote] DEBUG org.asynchttpclient.netty.request.NettyRequestSender - Using pooled Channel '[id: 0xeaeee574, L:/127.0.0.1:59085 - R:localhost/127.0.0.1:12593]' for 'POST' to 'http://localhost:12593/session/87eceb0d2ff57e1a97eb7724294c1da5/execute/sync'
14:27:57.177 [Forwarding getPageSource on session 87eceb0d2ff57e1a97eb7724294c1da5 to remote] DEBUG org.asynchttpclient.netty.request.NettyRequestSender - Using open Channel [id: 0xeaeee574, L:/127.0.0.1:59085 - R:localhost/127.0.0.1:12593] for POST '/session/87eceb0d2ff57e1a97eb7724294c1da5/execute/sync'
14:27:57.197 [AsyncHttpClient-1-7] DEBUG org.asynchttpclient.netty.handler.HttpHandler - 

Request DefaultHttpRequest(decodeResult: success, version: HTTP/1.1)
POST /session/87eceb0d2ff57e1a97eb7724294c1da5/execute/sync HTTP/1.1
User-Agent: selenium/4.8.1 (java windows)
Content-Length: 176
Content-Type: application/json; charset=utf-8
host: localhost:12593
accept: */*

Response DefaultHttpResponse(decodeResult: success, version: HTTP/1.1)
HTTP/1.1 200 OK
Content-Length: 105748
Content-Type: application/json; charset=utf-8
cache-control: no-cache

14:27:57.197 [AsyncHttpClient-1-7] DEBUG org.asynchttpclient.netty.channel.ChannelManager - Adding key: http://localhost:12593 for channel [id: 0xeaeee574, L:/127.0.0.1:59085 - R:localhost/127.0.0.1:12593]
14:27:57.230 [Forwarding getCurrentUrl on session 87eceb0d2ff57e1a97eb7724294c1da5 to remote] DEBUG org.asynchttpclient.netty.request.NettyRequestSender - Using pooled Channel '[id: 0xeaeee574, L:/127.0.0.1:59085 - R:localhost/127.0.0.1:12593]' for 'GET' to 'http://localhost:12593/session/87eceb0d2ff57e1a97eb7724294c1da5/url'
14:27:57.230 [Forwarding getCurrentUrl on session 87eceb0d2ff57e1a97eb7724294c1da5 to remote] DEBUG org.asynchttpclient.netty.request.NettyRequestSender - Using open Channel [id: 0xeaeee574, L:/127.0.0.1:59085 - R:localhost/127.0.0.1:12593] for GET '/session/87eceb0d2ff57e1a97eb7724294c1da5/url'
14:27:57.241 [AsyncHttpClient-1-7] DEBUG org.asynchttpclient.netty.handler.HttpHandler - 

Request DefaultFullHttpRequest(decodeResult: success, version: HTTP/1.1, content: EmptyByteBufBE)
GET /session/87eceb0d2ff57e1a97eb7724294c1da5/url HTTP/1.1
User-Agent: selenium/4.8.1 (java windows)
Cache-Control: no-cache
Content-Type: application/json; charset=utf-8
host: localhost:12593
accept: */*

Response DefaultHttpResponse(decodeResult: success, version: HTTP/1.1)
HTTP/1.1 200 OK
Content-Length: 68
Content-Type: application/json; charset=utf-8
cache-control: no-cache

14:27:57.241 [AsyncHttpClient-1-7] DEBUG org.asynchttpclient.netty.channel.ChannelManager - Adding key: http://localhost:12593 for channel [id: 0xeaeee574, L:/127.0.0.1:59085 - R:localhost/127.0.0.1:12593]
14:27:57.250 [main] DEBUG net.thucydides.core.steps.StepInterceptor - STARTING STEP: Afrexim_OurBank_Contactus_Givefeedback_steps.enter_email_address - Enter_emailaddress
14:27:57.401 [AsyncHttpClient-1-1] DEBUG org.asynchttpclient.netty.channel.DefaultChannelPool - Entry count for : http://localhost:12593 : 1
14:27:58.498 [AsyncHttpClient-1-1] DEBUG org.asynchttpclient.netty.channel.DefaultChannelPool - Entry count for : http://localhost:12593 : 1
14:27:59.266 [Forwarding findElement on session 87eceb0d2ff57e1a97eb7724294c1da5 to remote] DEBUG org.asynchttpclient.netty.request.NettyRequestSender - Using pooled Channel '[id: 0xeaeee574, L:/127.0.0.1:59085 - R:localhost/127.0.0.1:12593]' for 'POST' to 'http://localhost:12593/session/87eceb0d2ff57e1a97eb7724294c1da5/element'
14:27:59.266 [Forwarding findElement on session 87eceb0d2ff57e1a97eb7724294c1da5 to remote] DEBUG org.asynchttpclient.netty.request.NettyRequestSender - Using open Channel [id: 0xeaeee574, L:/127.0.0.1:59085 - R:localhost/127.0.0.1:12593] for POST '/session/87eceb0d2ff57e1a97eb7724294c1da5/element'
14:27:59.298 [AsyncHttpClient-1-7] DEBUG org.asynchttpclient.netty.handler.HttpHandler - 

Request DefaultHttpRequest(decodeResult: success, version: HTTP/1.1)
POST /session/87eceb0d2ff57e1a97eb7724294c1da5/element HTTP/1.1
User-Agent: selenium/4.8.1 (java windows)
Content-Length: 72
Content-Type: application/json; charset=utf-8
host: localhost:12593
accept: */*

Response DefaultHttpResponse(decodeResult: success, version: HTTP/1.1)
HTTP/1.1 200 OK
Content-Length: 96
Content-Type: application/json; charset=utf-8
cache-control: no-cache

14:27:59.298 [AsyncHttpClient-1-7] DEBUG org.asynchttpclient.netty.channel.ChannelManager - Adding key: http://localhost:12593 for channel [id: 0xeaeee574, L:/127.0.0.1:59085 - R:localhost/127.0.0.1:12593]
14:27:59.298 [Forwarding clearElement on session 87eceb0d2ff57e1a97eb7724294c1da5 to remote] DEBUG org.asynchttpclient.netty.request.NettyRequestSender - Using pooled Channel '[id: 0xeaeee574, L:/127.0.0.1:59085 - R:localhost/127.0.0.1:12593]' for 'POST' to 'http://localhost:12593/session/87eceb0d2ff57e1a97eb7724294c1da5/element/345A8A1F9EC063DC529B28BE30AC8A01_element_193/clear'
14:27:59.298 [Forwarding clearElement on session 87eceb0d2ff57e1a97eb7724294c1da5 to remote] DEBUG org.asynchttpclient.netty.request.NettyRequestSender - Using open Channel [id: 0xeaeee574, L:/127.0.0.1:59085 - R:localhost/127.0.0.1:12593] for POST '/session/87eceb0d2ff57e1a97eb7724294c1da5/element/345A8A1F9EC063DC529B28BE30AC8A01_element_193/clear'
14:27:59.362 [AsyncHttpClient-1-7] DEBUG org.asynchttpclient.netty.handler.HttpHandler - 

Request DefaultHttpRequest(decodeResult: success, version: HTTP/1.1)
POST /session/87eceb0d2ff57e1a97eb7724294c1da5/element/345A8A1F9EC063DC529B28BE30AC8A01_element_193/clear HTTP/1.1
User-Agent: selenium/4.8.1 (java windows)
Content-Length: 58
Content-Type: application/json; charset=utf-8
host: localhost:12593
accept: */*

Response DefaultHttpResponse(decodeResult: success, version: HTTP/1.1)
HTTP/1.1 200 OK
Content-Length: 14
Content-Type: application/json; charset=utf-8
cache-control: no-cache

14:27:59.362 [AsyncHttpClient-1-7] DEBUG org.asynchttpclient.netty.channel.ChannelManager - Adding key: http://localhost:12593 for channel [id: 0xeaeee574, L:/127.0.0.1:59085 - R:localhost/127.0.0.1:12593]
14:27:59.362 [Forwarding sendKeysToElement on session 87eceb0d2ff57e1a97eb7724294c1da5 to remote] DEBUG org.asynchttpclient.netty.request.NettyRequestSender - Using pooled Channel '[id: 0xeaeee574, L:/127.0.0.1:59085 - R:localhost/127.0.0.1:12593]' for 'POST' to 'http://localhost:12593/session/87eceb0d2ff57e1a97eb7724294c1da5/element/345A8A1F9EC063DC529B28BE30AC8A01_element_193/value'
14:27:59.362 [Forwarding sendKeysToElement on session 87eceb0d2ff57e1a97eb7724294c1da5 to remote] DEBUG org.asynchttpclient.netty.request.NettyRequestSender - Using open Channel [id: 0xeaeee574, L:/127.0.0.1:59085 - R:localhost/127.0.0.1:12593] for POST '/session/87eceb0d2ff57e1a97eb7724294c1da5/element/345A8A1F9EC063DC529B28BE30AC8A01_element_193/value'
14:27:59.480 [AsyncHttpClient-1-7] DEBUG org.asynchttpclient.netty.handler.HttpHandler - 

Request DefaultHttpRequest(decodeResult: success, version: HTTP/1.1)
POST /session/87eceb0d2ff57e1a97eb7724294c1da5/element/345A8A1F9EC063DC529B28BE30AC8A01_element_193/value HTTP/1.1
User-Agent: selenium/4.8.1 (java windows)
Content-Length: 229
Content-Type: application/json; charset=utf-8
host: localhost:12593
accept: */*

Response DefaultHttpResponse(decodeResult: success, version: HTTP/1.1)
HTTP/1.1 200 OK
Content-Length: 14
Content-Type: application/json; charset=utf-8
cache-control: no-cache

14:27:59.480 [AsyncHttpClient-1-7] DEBUG org.asynchttpclient.netty.channel.ChannelManager - Adding key: http://localhost:12593 for channel [id: 0xeaeee574, L:/127.0.0.1:59085 - R:localhost/127.0.0.1:12593]
14:27:59.480 [Forwarding sendKeysToElement on session 87eceb0d2ff57e1a97eb7724294c1da5 to remote] DEBUG org.asynchttpclient.netty.request.NettyRequestSender - Using pooled Channel '[id: 0xeaeee574, L:/127.0.0.1:59085 - R:localhost/127.0.0.1:12593]' for 'POST' to 'http://localhost:12593/session/87eceb0d2ff57e1a97eb7724294c1da5/element/345A8A1F9EC063DC529B28BE30AC8A01_element_193/value'
14:27:59.480 [Forwarding sendKeysToElement on session 87eceb0d2ff57e1a97eb7724294c1da5 to remote] DEBUG org.asynchttpclient.netty.request.NettyRequestSender - Using open Channel [id: 0xeaeee574, L:/127.0.0.1:59085 - R:localhost/127.0.0.1:12593] for POST '/session/87eceb0d2ff57e1a97eb7724294c1da5/element/345A8A1F9EC063DC529B28BE30AC8A01_element_193/value'
14:27:59.560 [AsyncHttpClient-1-7] DEBUG org.asynchttpclient.netty.handler.HttpHandler - 

Request DefaultHttpRequest(decodeResult: success, version: HTTP/1.1)
POST /session/87eceb0d2ff57e1a97eb7724294c1da5/element/345A8A1F9EC063DC529B28BE30AC8A01_element_193/value HTTP/1.1
User-Agent: selenium/4.8.1 (java windows)
Content-Length: 103
Content-Type: application/json; charset=utf-8
host: localhost:12593
accept: */*

Response DefaultHttpResponse(decodeResult: success, version: HTTP/1.1)
HTTP/1.1 200 OK
Content-Length: 14
Content-Type: application/json; charset=utf-8
cache-control: no-cache

14:27:59.560 [AsyncHttpClient-1-7] DEBUG org.asynchttpclient.netty.channel.ChannelManager - Adding key: http://localhost:12593 for channel [id: 0xeaeee574, L:/127.0.0.1:59085 - R:localhost/127.0.0.1:12593]
14:27:59.579 [Forwarding getAlertText on session 87eceb0d2ff57e1a97eb7724294c1da5 to remote] DEBUG org.asynchttpclient.netty.request.NettyRequestSender - Using pooled Channel '[id: 0xeaeee574, L:/127.0.0.1:59085 - R:localhost/127.0.0.1:12593]' for 'GET' to 'http://localhost:12593/session/87eceb0d2ff57e1a97eb7724294c1da5/alert/text'
14:27:59.579 [Forwarding getAlertText on session 87eceb0d2ff57e1a97eb7724294c1da5 to remote] DEBUG org.asynchttpclient.netty.request.NettyRequestSender - Using open Channel [id: 0xeaeee574, L:/127.0.0.1:59085 - R:localhost/127.0.0.1:12593] for GET '/session/87eceb0d2ff57e1a97eb7724294c1da5/alert/text'
14:27:59.592 [AsyncHttpClient-1-7] DEBUG org.asynchttpclient.netty.handler.HttpHandler - 

Request DefaultFullHttpRequest(decodeResult: success, version: HTTP/1.1, content: EmptyByteBufBE)
GET /session/87eceb0d2ff57e1a97eb7724294c1da5/alert/text HTTP/1.1
User-Agent: selenium/4.8.1 (java windows)
Cache-Control: no-cache
Content-Type: application/json; charset=utf-8
host: localhost:12593
accept: */*

Response DefaultHttpResponse(decodeResult: success, version: HTTP/1.1)
HTTP/1.1 404 Not Found
Content-Length: 821
Content-Type: application/json; charset=utf-8
cache-control: no-cache

14:27:59.592 [AsyncHttpClient-1-7] DEBUG org.asynchttpclient.netty.channel.ChannelManager - Adding key: http://localhost:12593 for channel [id: 0xeaeee574, L:/127.0.0.1:59085 - R:localhost/127.0.0.1:12593]
14:27:59.594 [Forwarding getCurrentUrl on session 87eceb0d2ff57e1a97eb7724294c1da5 to remote] DEBUG org.asynchttpclient.netty.request.NettyRequestSender - Using pooled Channel '[id: 0xeaeee574, L:/127.0.0.1:59085 - R:localhost/127.0.0.1:12593]' for 'GET' to 'http://localhost:12593/session/87eceb0d2ff57e1a97eb7724294c1da5/url'
14:27:59.594 [Forwarding getCurrentUrl on session 87eceb0d2ff57e1a97eb7724294c1da5 to remote] DEBUG org.asynchttpclient.netty.request.NettyRequestSender - Using open Channel [id: 0xeaeee574, L:/127.0.0.1:59085 - R:localhost/127.0.0.1:12593] for GET '/session/87eceb0d2ff57e1a97eb7724294c1da5/url'
14:27:59.618 [AsyncHttpClient-1-7] DEBUG org.asynchttpclient.netty.handler.HttpHandler - 

Request DefaultFullHttpRequest(decodeResult: success, version: HTTP/1.1, content: EmptyByteBufBE)
GET /session/87eceb0d2ff57e1a97eb7724294c1da5/url HTTP/1.1
User-Agent: selenium/4.8.1 (java windows)
Cache-Control: no-cache
Content-Type: application/json; charset=utf-8
host: localhost:12593
accept: */*

Response DefaultHttpResponse(decodeResult: success, version: HTTP/1.1)
HTTP/1.1 200 OK
Content-Length: 68
Content-Type: application/json; charset=utf-8
cache-control: no-cache

14:27:59.618 [AsyncHttpClient-1-7] DEBUG org.asynchttpclient.netty.channel.ChannelManager - Adding key: http://localhost:12593 for channel [id: 0xeaeee574, L:/127.0.0.1:59085 - R:localhost/127.0.0.1:12593]
14:27:59.618 [Forwarding screenshot on session 87eceb0d2ff57e1a97eb7724294c1da5 to remote] DEBUG org.asynchttpclient.netty.request.NettyRequestSender - Using pooled Channel '[id: 0xeaeee574, L:/127.0.0.1:59085 - R:localhost/127.0.0.1:12593]' for 'GET' to 'http://localhost:12593/session/87eceb0d2ff57e1a97eb7724294c1da5/screenshot'
14:27:59.618 [Forwarding screenshot on session 87eceb0d2ff57e1a97eb7724294c1da5 to remote] DEBUG org.asynchttpclient.netty.request.NettyRequestSender - Using open Channel [id: 0xeaeee574, L:/127.0.0.1:59085 - R:localhost/127.0.0.1:12593] for GET '/session/87eceb0d2ff57e1a97eb7724294c1da5/screenshot'
14:27:59.868 [AsyncHttpClient-1-7] DEBUG org.asynchttpclient.netty.handler.HttpHandler - 

Request DefaultFullHttpRequest(decodeResult: success, version: HTTP/1.1, content: EmptyByteBufBE)
GET /session/87eceb0d2ff57e1a97eb7724294c1da5/screenshot HTTP/1.1
User-Agent: selenium/4.8.1 (java windows)
Cache-Control: no-cache
Content-Type: application/json; charset=utf-8
host: localhost:12593
accept: */*

Response DefaultHttpResponse(decodeResult: success, version: HTTP/1.1)
HTTP/1.1 200 OK
Content-Length: 121808
Content-Type: application/json; charset=utf-8
cache-control: no-cache

14:27:59.868 [AsyncHttpClient-1-7] DEBUG org.asynchttpclient.netty.channel.ChannelManager - Adding key: http://localhost:12593 for channel [id: 0xeaeee574, L:/127.0.0.1:59085 - R:localhost/127.0.0.1:12593]
14:27:59.879 [main] DEBUG net.serenitybdd.core.photography.Darkroom - Send negative for processing for target\site\serenity\23e81ff430572494c604f5af1f65654f81b28be49b8673997c6b9a5e1be82813.png
14:27:59.879 [main] DEBUG net.thucydides.core.steps.StepInterceptor - STEP DONE: Enter_emailaddress
14:27:59.879 [Darkroom Processing Line] DEBUG net.serenitybdd.core.photography.DarkroomProcessingLine - Processing screenshot image in /var/screenshots/screenshot-9007723856109956585
14:27:59.879 [Darkroom Processing Line] DEBUG net.serenitybdd.core.photography.DarkroomProcessingLine - Saving screenshot to target\site\serenity\23e81ff430572494c604f5af1f65654f81b28be49b8673997c6b9a5e1be82813.png
14:27:59.901 [Forwarding getPageSource on session 87eceb0d2ff57e1a97eb7724294c1da5 to remote] DEBUG org.asynchttpclient.netty.request.NettyRequestSender - Using pooled Channel '[id: 0xeaeee574, L:/127.0.0.1:59085 - R:localhost/127.0.0.1:12593]' for 'POST' to 'http://localhost:12593/session/87eceb0d2ff57e1a97eb7724294c1da5/execute/sync'
14:27:59.901 [Forwarding getPageSource on session 87eceb0d2ff57e1a97eb7724294c1da5 to remote] DEBUG org.asynchttpclient.netty.request.NettyRequestSender - Using open Channel [id: 0xeaeee574, L:/127.0.0.1:59085 - R:localhost/127.0.0.1:12593] for POST '/session/87eceb0d2ff57e1a97eb7724294c1da5/execute/sync'
14:27:59.928 [AsyncHttpClient-1-7] DEBUG org.asynchttpclient.netty.handler.HttpHandler - 

Request DefaultHttpRequest(decodeResult: success, version: HTTP/1.1)
POST /session/87eceb0d2ff57e1a97eb7724294c1da5/execute/sync HTTP/1.1
User-Agent: selenium/4.8.1 (java windows)
Content-Length: 176
Content-Type: application/json; charset=utf-8
host: localhost:12593
accept: */*

Response DefaultHttpResponse(decodeResult: success, version: HTTP/1.1)
HTTP/1.1 200 OK
Content-Length: 105748
Content-Type: application/json; charset=utf-8
cache-control: no-cache

14:27:59.928 [AsyncHttpClient-1-7] DEBUG org.asynchttpclient.netty.channel.ChannelManager - Adding key: http://localhost:12593 for channel [id: 0xeaeee574, L:/127.0.0.1:59085 - R:localhost/127.0.0.1:12593]
14:27:59.943 [Forwarding getCurrentUrl on session 87eceb0d2ff57e1a97eb7724294c1da5 to remote] DEBUG org.asynchttpclient.netty.request.NettyRequestSender - Using pooled Channel '[id: 0xeaeee574, L:/127.0.0.1:59085 - R:localhost/127.0.0.1:12593]' for 'GET' to 'http://localhost:12593/session/87eceb0d2ff57e1a97eb7724294c1da5/url'
14:27:59.943 [Forwarding getCurrentUrl on session 87eceb0d2ff57e1a97eb7724294c1da5 to remote] DEBUG org.asynchttpclient.netty.request.NettyRequestSender - Using open Channel [id: 0xeaeee574, L:/127.0.0.1:59085 - R:localhost/127.0.0.1:12593] for GET '/session/87eceb0d2ff57e1a97eb7724294c1da5/url'
14:27:59.949 [AsyncHttpClient-1-7] DEBUG org.asynchttpclient.netty.handler.HttpHandler - 

Request DefaultFullHttpRequest(decodeResult: success, version: HTTP/1.1, content: EmptyByteBufBE)
GET /session/87eceb0d2ff57e1a97eb7724294c1da5/url HTTP/1.1
User-Agent: selenium/4.8.1 (java windows)
Cache-Control: no-cache
Content-Type: application/json; charset=utf-8
host: localhost:12593
accept: */*

Response DefaultHttpResponse(decodeResult: success, version: HTTP/1.1)
HTTP/1.1 200 OK
Content-Length: 68
Content-Type: application/json; charset=utf-8
cache-control: no-cache

14:27:59.949 [AsyncHttpClient-1-7] DEBUG org.asynchttpclient.netty.channel.ChannelManager - Adding key: http://localhost:12593 for channel [id: 0xeaeee574, L:/127.0.0.1:59085 - R:localhost/127.0.0.1:12593]
14:27:59.960 [Forwarding getAlertText on session 87eceb0d2ff57e1a97eb7724294c1da5 to remote] DEBUG org.asynchttpclient.netty.request.NettyRequestSender - Using pooled Channel '[id: 0xeaeee574, L:/127.0.0.1:59085 - R:localhost/127.0.0.1:12593]' for 'GET' to 'http://localhost:12593/session/87eceb0d2ff57e1a97eb7724294c1da5/alert/text'
14:27:59.960 [Forwarding getAlertText on session 87eceb0d2ff57e1a97eb7724294c1da5 to remote] DEBUG org.asynchttpclient.netty.request.NettyRequestSender - Using open Channel [id: 0xeaeee574, L:/127.0.0.1:59085 - R:localhost/127.0.0.1:12593] for GET '/session/87eceb0d2ff57e1a97eb7724294c1da5/alert/text'
14:27:59.970 [AsyncHttpClient-1-7] DEBUG org.asynchttpclient.netty.handler.HttpHandler - 

Request DefaultFullHttpRequest(decodeResult: success, version: HTTP/1.1, content: EmptyByteBufBE)
GET /session/87eceb0d2ff57e1a97eb7724294c1da5/alert/text HTTP/1.1
User-Agent: selenium/4.8.1 (java windows)
Cache-Control: no-cache
Content-Type: application/json; charset=utf-8
host: localhost:12593
accept: */*

Response DefaultHttpResponse(decodeResult: success, version: HTTP/1.1)
HTTP/1.1 404 Not Found
Content-Length: 821
Content-Type: application/json; charset=utf-8
cache-control: no-cache

14:27:59.970 [AsyncHttpClient-1-7] DEBUG org.asynchttpclient.netty.channel.ChannelManager - Adding key: http://localhost:12593 for channel [id: 0xeaeee574, L:/127.0.0.1:59085 - R:localhost/127.0.0.1:12593]
14:27:59.970 [Forwarding getCurrentUrl on session 87eceb0d2ff57e1a97eb7724294c1da5 to remote] DEBUG org.asynchttpclient.netty.request.NettyRequestSender - Using pooled Channel '[id: 0xeaeee574, L:/127.0.0.1:59085 - R:localhost/127.0.0.1:12593]' for 'GET' to 'http://localhost:12593/session/87eceb0d2ff57e1a97eb7724294c1da5/url'
14:27:59.970 [Forwarding getCurrentUrl on session 87eceb0d2ff57e1a97eb7724294c1da5 to remote] DEBUG org.asynchttpclient.netty.request.NettyRequestSender - Using open Channel [id: 0xeaeee574, L:/127.0.0.1:59085 - R:localhost/127.0.0.1:12593] for GET '/session/87eceb0d2ff57e1a97eb7724294c1da5/url'
14:27:59.981 [AsyncHttpClient-1-7] DEBUG org.asynchttpclient.netty.handler.HttpHandler - 

Request DefaultFullHttpRequest(decodeResult: success, version: HTTP/1.1, content: EmptyByteBufBE)
GET /session/87eceb0d2ff57e1a97eb7724294c1da5/url HTTP/1.1
User-Agent: selenium/4.8.1 (java windows)
Cache-Control: no-cache
Content-Type: application/json; charset=utf-8
host: localhost:12593
accept: */*

Response DefaultHttpResponse(decodeResult: success, version: HTTP/1.1)
HTTP/1.1 200 OK
Content-Length: 68
Content-Type: application/json; charset=utf-8
cache-control: no-cache

14:27:59.981 [AsyncHttpClient-1-7] DEBUG org.asynchttpclient.netty.channel.ChannelManager - Adding key: http://localhost:12593 for channel [id: 0xeaeee574, L:/127.0.0.1:59085 - R:localhost/127.0.0.1:12593]
14:27:59.981 [Forwarding screenshot on session 87eceb0d2ff57e1a97eb7724294c1da5 to remote] DEBUG org.asynchttpclient.netty.request.NettyRequestSender - Using pooled Channel '[id: 0xeaeee574, L:/127.0.0.1:59085 - R:localhost/127.0.0.1:12593]' for 'GET' to 'http://localhost:12593/session/87eceb0d2ff57e1a97eb7724294c1da5/screenshot'
14:27:59.981 [Forwarding screenshot on session 87eceb0d2ff57e1a97eb7724294c1da5 to remote] DEBUG org.asynchttpclient.netty.request.NettyRequestSender - Using open Channel [id: 0xeaeee574, L:/127.0.0.1:59085 - R:localhost/127.0.0.1:12593] for GET '/session/87eceb0d2ff57e1a97eb7724294c1da5/screenshot'
14:28:00.226 [AsyncHttpClient-1-7] DEBUG org.asynchttpclient.netty.handler.HttpHandler - 

Request DefaultFullHttpRequest(decodeResult: success, version: HTTP/1.1, content: EmptyByteBufBE)
GET /session/87eceb0d2ff57e1a97eb7724294c1da5/screenshot HTTP/1.1
User-Agent: selenium/4.8.1 (java windows)
Cache-Control: no-cache
Content-Type: application/json; charset=utf-8
host: localhost:12593
accept: */*

Response DefaultHttpResponse(decodeResult: success, version: HTTP/1.1)
HTTP/1.1 200 OK
Content-Length: 121808
Content-Type: application/json; charset=utf-8
cache-control: no-cache

14:28:00.226 [AsyncHttpClient-1-7] DEBUG org.asynchttpclient.netty.channel.ChannelManager - Adding key: http://localhost:12593 for channel [id: 0xeaeee574, L:/127.0.0.1:59085 - R:localhost/127.0.0.1:12593]
14:28:00.239 [main] DEBUG net.serenitybdd.core.photography.Darkroom - Send negative for processing for target\site\serenity\3160c292668a827564f72e8e8e2b66462537c9b33af45106d10d39c5cb1f0b5d.png
14:28:00.239 [Darkroom Processing Line] DEBUG net.serenitybdd.core.photography.DarkroomProcessingLine - Processing screenshot image in /var/screenshots/screenshot-5805873426507683745
14:28:00.239 [Darkroom Processing Line] DEBUG net.serenitybdd.core.photography.DarkroomProcessingLine - Saving screenshot to target\site\serenity\3160c292668a827564f72e8e8e2b66462537c9b33af45106d10d39c5cb1f0b5d.png
14:28:00.239 [Forwarding getPageSource on session 87eceb0d2ff57e1a97eb7724294c1da5 to remote] DEBUG org.asynchttpclient.netty.request.NettyRequestSender - Using pooled Channel '[id: 0xeaeee574, L:/127.0.0.1:59085 - R:localhost/127.0.0.1:12593]' for 'POST' to 'http://localhost:12593/session/87eceb0d2ff57e1a97eb7724294c1da5/execute/sync'
14:28:00.239 [Forwarding getPageSource on session 87eceb0d2ff57e1a97eb7724294c1da5 to remote] DEBUG org.asynchttpclient.netty.request.NettyRequestSender - Using open Channel [id: 0xeaeee574, L:/127.0.0.1:59085 - R:localhost/127.0.0.1:12593] for POST '/session/87eceb0d2ff57e1a97eb7724294c1da5/execute/sync'
14:28:00.271 [AsyncHttpClient-1-7] DEBUG org.asynchttpclient.netty.handler.HttpHandler - 

Request DefaultHttpRequest(decodeResult: success, version: HTTP/1.1)
POST /session/87eceb0d2ff57e1a97eb7724294c1da5/execute/sync HTTP/1.1
User-Agent: selenium/4.8.1 (java windows)
Content-Length: 176
Content-Type: application/json; charset=utf-8
host: localhost:12593
accept: */*

Response DefaultHttpResponse(decodeResult: success, version: HTTP/1.1)
HTTP/1.1 200 OK
Content-Length: 105748
Content-Type: application/json; charset=utf-8
cache-control: no-cache

14:28:00.271 [AsyncHttpClient-1-7] DEBUG org.asynchttpclient.netty.channel.ChannelManager - Adding key: http://localhost:12593 for channel [id: 0xeaeee574, L:/127.0.0.1:59085 - R:localhost/127.0.0.1:12593]
14:28:00.290 [Forwarding getCurrentUrl on session 87eceb0d2ff57e1a97eb7724294c1da5 to remote] DEBUG org.asynchttpclient.netty.request.NettyRequestSender - Using pooled Channel '[id: 0xeaeee574, L:/127.0.0.1:59085 - R:localhost/127.0.0.1:12593]' for 'GET' to 'http://localhost:12593/session/87eceb0d2ff57e1a97eb7724294c1da5/url'
14:28:00.290 [Forwarding getCurrentUrl on session 87eceb0d2ff57e1a97eb7724294c1da5 to remote] DEBUG org.asynchttpclient.netty.request.NettyRequestSender - Using open Channel [id: 0xeaeee574, L:/127.0.0.1:59085 - R:localhost/127.0.0.1:12593] for GET '/session/87eceb0d2ff57e1a97eb7724294c1da5/url'
14:28:00.303 [AsyncHttpClient-1-7] DEBUG org.asynchttpclient.netty.handler.HttpHandler - 

Request DefaultFullHttpRequest(decodeResult: success, version: HTTP/1.1, content: EmptyByteBufBE)
GET /session/87eceb0d2ff57e1a97eb7724294c1da5/url HTTP/1.1
User-Agent: selenium/4.8.1 (java windows)
Cache-Control: no-cache
Content-Type: application/json; charset=utf-8
host: localhost:12593
accept: */*

Response DefaultHttpResponse(decodeResult: success, version: HTTP/1.1)
HTTP/1.1 200 OK
Content-Length: 68
Content-Type: application/json; charset=utf-8
cache-control: no-cache

14:28:00.303 [AsyncHttpClient-1-7] DEBUG org.asynchttpclient.netty.channel.ChannelManager - Adding key: http://localhost:12593 for channel [id: 0xeaeee574, L:/127.0.0.1:59085 - R:localhost/127.0.0.1:12593]
14:28:00.303 [main] DEBUG net.thucydides.core.steps.StepInterceptor - STARTING STEP: Afrexim_OurBank_Contactus_Givefeedback_steps.enter_confirm_email_address - Enter_confirmemailaddress
14:28:00.312 [Forwarding findElement on session 87eceb0d2ff57e1a97eb7724294c1da5 to remote] DEBUG org.asynchttpclient.netty.request.NettyRequestSender - Using pooled Channel '[id: 0xeaeee574, L:/127.0.0.1:59085 - R:localhost/127.0.0.1:12593]' for 'POST' to 'http://localhost:12593/session/87eceb0d2ff57e1a97eb7724294c1da5/element'
14:28:00.312 [Forwarding findElement on session 87eceb0d2ff57e1a97eb7724294c1da5 to remote] DEBUG org.asynchttpclient.netty.request.NettyRequestSender - Using open Channel [id: 0xeaeee574, L:/127.0.0.1:59085 - R:localhost/127.0.0.1:12593] for POST '/session/87eceb0d2ff57e1a97eb7724294c1da5/element'
14:28:00.336 [AsyncHttpClient-1-7] DEBUG org.asynchttpclient.netty.handler.HttpHandler - 

Request DefaultHttpRequest(decodeResult: success, version: HTTP/1.1)
POST /session/87eceb0d2ff57e1a97eb7724294c1da5/element HTTP/1.1
User-Agent: selenium/4.8.1 (java windows)
Content-Length: 75
Content-Type: application/json; charset=utf-8
host: localhost:12593
accept: */*

Response DefaultHttpResponse(decodeResult: success, version: HTTP/1.1)
HTTP/1.1 200 OK
Content-Length: 96
Content-Type: application/json; charset=utf-8
cache-control: no-cache

14:28:00.336 [AsyncHttpClient-1-7] DEBUG org.asynchttpclient.netty.channel.ChannelManager - Adding key: http://localhost:12593 for channel [id: 0xeaeee574, L:/127.0.0.1:59085 - R:localhost/127.0.0.1:12593]
14:28:00.336 [Forwarding clearElement on session 87eceb0d2ff57e1a97eb7724294c1da5 to remote] DEBUG org.asynchttpclient.netty.request.NettyRequestSender - Using pooled Channel '[id: 0xeaeee574, L:/127.0.0.1:59085 - R:localhost/127.0.0.1:12593]' for 'POST' to 'http://localhost:12593/session/87eceb0d2ff57e1a97eb7724294c1da5/element/345A8A1F9EC063DC529B28BE30AC8A01_element_194/clear'
14:28:00.336 [Forwarding clearElement on session 87eceb0d2ff57e1a97eb7724294c1da5 to remote] DEBUG org.asynchttpclient.netty.request.NettyRequestSender - Using open Channel [id: 0xeaeee574, L:/127.0.0.1:59085 - R:localhost/127.0.0.1:12593] for POST '/session/87eceb0d2ff57e1a97eb7724294c1da5/element/345A8A1F9EC063DC529B28BE30AC8A01_element_194/clear'
14:28:00.397 [AsyncHttpClient-1-7] DEBUG org.asynchttpclient.netty.handler.HttpHandler - 

Request DefaultHttpRequest(decodeResult: success, version: HTTP/1.1)
POST /session/87eceb0d2ff57e1a97eb7724294c1da5/element/345A8A1F9EC063DC529B28BE30AC8A01_element_194/clear HTTP/1.1
User-Agent: selenium/4.8.1 (java windows)
Content-Length: 58
Content-Type: application/json; charset=utf-8
host: localhost:12593
accept: */*

Response DefaultHttpResponse(decodeResult: success, version: HTTP/1.1)
HTTP/1.1 200 OK
Content-Length: 14
Content-Type: application/json; charset=utf-8
cache-control: no-cache

14:28:00.397 [AsyncHttpClient-1-7] DEBUG org.asynchttpclient.netty.channel.ChannelManager - Adding key: http://localhost:12593 for channel [id: 0xeaeee574, L:/127.0.0.1:59085 - R:localhost/127.0.0.1:12593]
14:28:00.397 [Forwarding sendKeysToElement on session 87eceb0d2ff57e1a97eb7724294c1da5 to remote] DEBUG org.asynchttpclient.netty.request.NettyRequestSender - Using pooled Channel '[id: 0xeaeee574, L:/127.0.0.1:59085 - R:localhost/127.0.0.1:12593]' for 'POST' to 'http://localhost:12593/session/87eceb0d2ff57e1a97eb7724294c1da5/element/345A8A1F9EC063DC529B28BE30AC8A01_element_194/value'
14:28:00.397 [Forwarding sendKeysToElement on session 87eceb0d2ff57e1a97eb7724294c1da5 to remote] DEBUG org.asynchttpclient.netty.request.NettyRequestSender - Using open Channel [id: 0xeaeee574, L:/127.0.0.1:59085 - R:localhost/127.0.0.1:12593] for POST '/session/87eceb0d2ff57e1a97eb7724294c1da5/element/345A8A1F9EC063DC529B28BE30AC8A01_element_194/value'
14:28:00.496 [AsyncHttpClient-1-7] DEBUG org.asynchttpclient.netty.handler.HttpHandler - 

Request DefaultHttpRequest(decodeResult: success, version: HTTP/1.1)
POST /session/87eceb0d2ff57e1a97eb7724294c1da5/element/345A8A1F9EC063DC529B28BE30AC8A01_element_194/value HTTP/1.1
User-Agent: selenium/4.8.1 (java windows)
Content-Length: 229
Content-Type: application/json; charset=utf-8
host: localhost:12593
accept: */*

Response DefaultHttpResponse(decodeResult: success, version: HTTP/1.1)
HTTP/1.1 200 OK
Content-Length: 14
Content-Type: application/json; charset=utf-8
cache-control: no-cache

14:28:00.496 [AsyncHttpClient-1-7] DEBUG org.asynchttpclient.netty.channel.ChannelManager - Adding key: http://localhost:12593 for channel [id: 0xeaeee574, L:/127.0.0.1:59085 - R:localhost/127.0.0.1:12593]
14:28:00.503 [Forwarding sendKeysToElement on session 87eceb0d2ff57e1a97eb7724294c1da5 to remote] DEBUG org.asynchttpclient.netty.request.NettyRequestSender - Using pooled Channel '[id: 0xeaeee574, L:/127.0.0.1:59085 - R:localhost/127.0.0.1:12593]' for 'POST' to 'http://localhost:12593/session/87eceb0d2ff57e1a97eb7724294c1da5/element/345A8A1F9EC063DC529B28BE30AC8A01_element_194/value'
14:28:00.503 [Forwarding sendKeysToElement on session 87eceb0d2ff57e1a97eb7724294c1da5 to remote] DEBUG org.asynchttpclient.netty.request.NettyRequestSender - Using open Channel [id: 0xeaeee574, L:/127.0.0.1:59085 - R:localhost/127.0.0.1:12593] for POST '/session/87eceb0d2ff57e1a97eb7724294c1da5/element/345A8A1F9EC063DC529B28BE30AC8A01_element_194/value'
14:28:00.590 [AsyncHttpClient-1-7] DEBUG org.asynchttpclient.netty.handler.HttpHandler - 

Request DefaultHttpRequest(decodeResult: success, version: HTTP/1.1)
POST /session/87eceb0d2ff57e1a97eb7724294c1da5/element/345A8A1F9EC063DC529B28BE30AC8A01_element_194/value HTTP/1.1
User-Agent: selenium/4.8.1 (java windows)
Content-Length: 103
Content-Type: application/json; charset=utf-8
host: localhost:12593
accept: */*

Response DefaultHttpResponse(decodeResult: success, version: HTTP/1.1)
HTTP/1.1 200 OK
Content-Length: 14
Content-Type: application/json; charset=utf-8
cache-control: no-cache

14:28:00.590 [AsyncHttpClient-1-7] DEBUG org.asynchttpclient.netty.channel.ChannelManager - Adding key: http://localhost:12593 for channel [id: 0xeaeee574, L:/127.0.0.1:59085 - R:localhost/127.0.0.1:12593]
14:28:00.603 [Forwarding getAlertText on session 87eceb0d2ff57e1a97eb7724294c1da5 to remote] DEBUG org.asynchttpclient.netty.request.NettyRequestSender - Using pooled Channel '[id: 0xeaeee574, L:/127.0.0.1:59085 - R:localhost/127.0.0.1:12593]' for 'GET' to 'http://localhost:12593/session/87eceb0d2ff57e1a97eb7724294c1da5/alert/text'
14:28:00.603 [Forwarding getAlertText on session 87eceb0d2ff57e1a97eb7724294c1da5 to remote] DEBUG org.asynchttpclient.netty.request.NettyRequestSender - Using open Channel [id: 0xeaeee574, L:/127.0.0.1:59085 - R:localhost/127.0.0.1:12593] for GET '/session/87eceb0d2ff57e1a97eb7724294c1da5/alert/text'
14:28:00.603 [AsyncHttpClient-1-7] DEBUG org.asynchttpclient.netty.handler.HttpHandler - 

Request DefaultFullHttpRequest(decodeResult: success, version: HTTP/1.1, content: EmptyByteBufBE)
GET /session/87eceb0d2ff57e1a97eb7724294c1da5/alert/text HTTP/1.1
User-Agent: selenium/4.8.1 (java windows)
Cache-Control: no-cache
Content-Type: application/json; charset=utf-8
host: localhost:12593
accept: */*

Response DefaultHttpResponse(decodeResult: success, version: HTTP/1.1)
HTTP/1.1 404 Not Found
Content-Length: 821
Content-Type: application/json; charset=utf-8
cache-control: no-cache

14:28:00.603 [AsyncHttpClient-1-7] DEBUG org.asynchttpclient.netty.channel.ChannelManager - Adding key: http://localhost:12593 for channel [id: 0xeaeee574, L:/127.0.0.1:59085 - R:localhost/127.0.0.1:12593]
14:28:00.693 [AsyncHttpClient-1-1] DEBUG org.asynchttpclient.netty.channel.DefaultChannelPool - Entry count for : http://localhost:12593 : 1
14:28:01.109 [Forwarding getAlertText on session 87eceb0d2ff57e1a97eb7724294c1da5 to remote] DEBUG org.asynchttpclient.netty.request.NettyRequestSender - Using pooled Channel '[id: 0xeaeee574, L:/127.0.0.1:59085 - R:localhost/127.0.0.1:12593]' for 'GET' to 'http://localhost:12593/session/87eceb0d2ff57e1a97eb7724294c1da5/alert/text'
14:28:01.109 [Forwarding getAlertText on session 87eceb0d2ff57e1a97eb7724294c1da5 to remote] DEBUG org.asynchttpclient.netty.request.NettyRequestSender - Using open Channel [id: 0xeaeee574, L:/127.0.0.1:59085 - R:localhost/127.0.0.1:12593] for GET '/session/87eceb0d2ff57e1a97eb7724294c1da5/alert/text'
14:28:01.112 [AsyncHttpClient-1-7] DEBUG org.asynchttpclient.netty.handler.HttpHandler - 

Request DefaultFullHttpRequest(decodeResult: success, version: HTTP/1.1, content: EmptyByteBufBE)
GET /session/87eceb0d2ff57e1a97eb7724294c1da5/alert/text HTTP/1.1
User-Agent: selenium/4.8.1 (java windows)
Cache-Control: no-cache
Content-Type: application/json; charset=utf-8
host: localhost:12593
accept: */*

Response DefaultHttpResponse(decodeResult: success, version: HTTP/1.1)
HTTP/1.1 404 Not Found
Content-Length: 821
Content-Type: application/json; charset=utf-8
cache-control: no-cache

14:28:01.112 [AsyncHttpClient-1-7] DEBUG org.asynchttpclient.netty.channel.ChannelManager - Adding key: http://localhost:12593 for channel [id: 0xeaeee574, L:/127.0.0.1:59085 - R:localhost/127.0.0.1:12593]
14:28:01.112 [Forwarding getCurrentUrl on session 87eceb0d2ff57e1a97eb7724294c1da5 to remote] DEBUG org.asynchttpclient.netty.request.NettyRequestSender - Using pooled Channel '[id: 0xeaeee574, L:/127.0.0.1:59085 - R:localhost/127.0.0.1:12593]' for 'GET' to 'http://localhost:12593/session/87eceb0d2ff57e1a97eb7724294c1da5/url'
14:28:01.112 [Forwarding getCurrentUrl on session 87eceb0d2ff57e1a97eb7724294c1da5 to remote] DEBUG org.asynchttpclient.netty.request.NettyRequestSender - Using open Channel [id: 0xeaeee574, L:/127.0.0.1:59085 - R:localhost/127.0.0.1:12593] for GET '/session/87eceb0d2ff57e1a97eb7724294c1da5/url'
14:28:01.137 [AsyncHttpClient-1-7] DEBUG org.asynchttpclient.netty.handler.HttpHandler - 

Request DefaultFullHttpRequest(decodeResult: success, version: HTTP/1.1, content: EmptyByteBufBE)
GET /session/87eceb0d2ff57e1a97eb7724294c1da5/url HTTP/1.1
User-Agent: selenium/4.8.1 (java windows)
Cache-Control: no-cache
Content-Type: application/json; charset=utf-8
host: localhost:12593
accept: */*

Response DefaultHttpResponse(decodeResult: success, version: HTTP/1.1)
HTTP/1.1 200 OK
Content-Length: 68
Content-Type: application/json; charset=utf-8
cache-control: no-cache

14:28:01.137 [AsyncHttpClient-1-7] DEBUG org.asynchttpclient.netty.channel.ChannelManager - Adding key: http://localhost:12593 for channel [id: 0xeaeee574, L:/127.0.0.1:59085 - R:localhost/127.0.0.1:12593]
14:28:01.137 [Forwarding screenshot on session 87eceb0d2ff57e1a97eb7724294c1da5 to remote] DEBUG org.asynchttpclient.netty.request.NettyRequestSender - Using pooled Channel '[id: 0xeaeee574, L:/127.0.0.1:59085 - R:localhost/127.0.0.1:12593]' for 'GET' to 'http://localhost:12593/session/87eceb0d2ff57e1a97eb7724294c1da5/screenshot'
14:28:01.137 [Forwarding screenshot on session 87eceb0d2ff57e1a97eb7724294c1da5 to remote] DEBUG org.asynchttpclient.netty.request.NettyRequestSender - Using open Channel [id: 0xeaeee574, L:/127.0.0.1:59085 - R:localhost/127.0.0.1:12593] for GET '/session/87eceb0d2ff57e1a97eb7724294c1da5/screenshot'
14:28:01.386 [AsyncHttpClient-1-7] DEBUG org.asynchttpclient.netty.handler.HttpHandler - 

Request DefaultFullHttpRequest(decodeResult: success, version: HTTP/1.1, content: EmptyByteBufBE)
GET /session/87eceb0d2ff57e1a97eb7724294c1da5/screenshot HTTP/1.1
User-Agent: selenium/4.8.1 (java windows)
Cache-Control: no-cache
Content-Type: application/json; charset=utf-8
host: localhost:12593
accept: */*

Response DefaultHttpResponse(decodeResult: success, version: HTTP/1.1)
HTTP/1.1 200 OK
Content-Length: 120644
Content-Type: application/json; charset=utf-8
cache-control: no-cache

14:28:01.386 [AsyncHttpClient-1-7] DEBUG org.asynchttpclient.netty.channel.ChannelManager - Adding key: http://localhost:12593 for channel [id: 0xeaeee574, L:/127.0.0.1:59085 - R:localhost/127.0.0.1:12593]
14:28:01.394 [main] DEBUG net.serenitybdd.core.photography.Darkroom - Send negative for processing for target\site\serenity\c7c8c06d5729fba7215b5f83b9639a9cab62574688ec74c33f2a509013598477.png
14:28:01.394 [main] DEBUG net.thucydides.core.steps.StepInterceptor - STEP DONE: Enter_confirmemailaddress
14:28:01.394 [Darkroom Processing Line] DEBUG net.serenitybdd.core.photography.DarkroomProcessingLine - Processing screenshot image in /var/screenshots/screenshot-3651447709986935203
14:28:01.394 [Darkroom Processing Line] DEBUG net.serenitybdd.core.photography.DarkroomProcessingLine - Saving screenshot to target\site\serenity\c7c8c06d5729fba7215b5f83b9639a9cab62574688ec74c33f2a509013598477.png
14:28:01.418 [Forwarding getPageSource on session 87eceb0d2ff57e1a97eb7724294c1da5 to remote] DEBUG org.asynchttpclient.netty.request.NettyRequestSender - Using pooled Channel '[id: 0xeaeee574, L:/127.0.0.1:59085 - R:localhost/127.0.0.1:12593]' for 'POST' to 'http://localhost:12593/session/87eceb0d2ff57e1a97eb7724294c1da5/execute/sync'
14:28:01.418 [Forwarding getPageSource on session 87eceb0d2ff57e1a97eb7724294c1da5 to remote] DEBUG org.asynchttpclient.netty.request.NettyRequestSender - Using open Channel [id: 0xeaeee574, L:/127.0.0.1:59085 - R:localhost/127.0.0.1:12593] for POST '/session/87eceb0d2ff57e1a97eb7724294c1da5/execute/sync'
14:28:01.449 [AsyncHttpClient-1-7] DEBUG org.asynchttpclient.netty.handler.HttpHandler - 

Request DefaultHttpRequest(decodeResult: success, version: HTTP/1.1)
POST /session/87eceb0d2ff57e1a97eb7724294c1da5/execute/sync HTTP/1.1
User-Agent: selenium/4.8.1 (java windows)
Content-Length: 176
Content-Type: application/json; charset=utf-8
host: localhost:12593
accept: */*

Response DefaultHttpResponse(decodeResult: success, version: HTTP/1.1)
HTTP/1.1 200 OK
Content-Length: 105748
Content-Type: application/json; charset=utf-8
cache-control: no-cache

14:28:01.449 [AsyncHttpClient-1-7] DEBUG org.asynchttpclient.netty.channel.ChannelManager - Adding key: http://localhost:12593 for channel [id: 0xeaeee574, L:/127.0.0.1:59085 - R:localhost/127.0.0.1:12593]
14:28:01.465 [Forwarding getCurrentUrl on session 87eceb0d2ff57e1a97eb7724294c1da5 to remote] DEBUG org.asynchttpclient.netty.request.NettyRequestSender - Using pooled Channel '[id: 0xeaeee574, L:/127.0.0.1:59085 - R:localhost/127.0.0.1:12593]' for 'GET' to 'http://localhost:12593/session/87eceb0d2ff57e1a97eb7724294c1da5/url'
14:28:01.465 [Forwarding getCurrentUrl on session 87eceb0d2ff57e1a97eb7724294c1da5 to remote] DEBUG org.asynchttpclient.netty.request.NettyRequestSender - Using open Channel [id: 0xeaeee574, L:/127.0.0.1:59085 - R:localhost/127.0.0.1:12593] for GET '/session/87eceb0d2ff57e1a97eb7724294c1da5/url'
14:28:01.474 [AsyncHttpClient-1-7] DEBUG org.asynchttpclient.netty.handler.HttpHandler - 

Request DefaultFullHttpRequest(decodeResult: success, version: HTTP/1.1, content: EmptyByteBufBE)
GET /session/87eceb0d2ff57e1a97eb7724294c1da5/url HTTP/1.1
User-Agent: selenium/4.8.1 (java windows)
Cache-Control: no-cache
Content-Type: application/json; charset=utf-8
host: localhost:12593
accept: */*

Response DefaultHttpResponse(decodeResult: success, version: HTTP/1.1)
HTTP/1.1 200 OK
Content-Length: 68
Content-Type: application/json; charset=utf-8
cache-control: no-cache

14:28:01.474 [AsyncHttpClient-1-7] DEBUG org.asynchttpclient.netty.channel.ChannelManager - Adding key: http://localhost:12593 for channel [id: 0xeaeee574, L:/127.0.0.1:59085 - R:localhost/127.0.0.1:12593]
14:28:01.490 [Forwarding getAlertText on session 87eceb0d2ff57e1a97eb7724294c1da5 to remote] DEBUG org.asynchttpclient.netty.request.NettyRequestSender - Using pooled Channel '[id: 0xeaeee574, L:/127.0.0.1:59085 - R:localhost/127.0.0.1:12593]' for 'GET' to 'http://localhost:12593/session/87eceb0d2ff57e1a97eb7724294c1da5/alert/text'
14:28:01.490 [Forwarding getAlertText on session 87eceb0d2ff57e1a97eb7724294c1da5 to remote] DEBUG org.asynchttpclient.netty.request.NettyRequestSender - Using open Channel [id: 0xeaeee574, L:/127.0.0.1:59085 - R:localhost/127.0.0.1:12593] for GET '/session/87eceb0d2ff57e1a97eb7724294c1da5/alert/text'
14:28:01.498 [AsyncHttpClient-1-7] DEBUG org.asynchttpclient.netty.handler.HttpHandler - 

Request DefaultFullHttpRequest(decodeResult: success, version: HTTP/1.1, content: EmptyByteBufBE)
GET /session/87eceb0d2ff57e1a97eb7724294c1da5/alert/text HTTP/1.1
User-Agent: selenium/4.8.1 (java windows)
Cache-Control: no-cache
Content-Type: application/json; charset=utf-8
host: localhost:12593
accept: */*

Response DefaultHttpResponse(decodeResult: success, version: HTTP/1.1)
HTTP/1.1 404 Not Found
Content-Length: 821
Content-Type: application/json; charset=utf-8
cache-control: no-cache

14:28:01.498 [AsyncHttpClient-1-7] DEBUG org.asynchttpclient.netty.channel.ChannelManager - Adding key: http://localhost:12593 for channel [id: 0xeaeee574, L:/127.0.0.1:59085 - R:localhost/127.0.0.1:12593]
14:28:01.498 [Forwarding getCurrentUrl on session 87eceb0d2ff57e1a97eb7724294c1da5 to remote] DEBUG org.asynchttpclient.netty.request.NettyRequestSender - Using pooled Channel '[id: 0xeaeee574, L:/127.0.0.1:59085 - R:localhost/127.0.0.1:12593]' for 'GET' to 'http://localhost:12593/session/87eceb0d2ff57e1a97eb7724294c1da5/url'
14:28:01.498 [Forwarding getCurrentUrl on session 87eceb0d2ff57e1a97eb7724294c1da5 to remote] DEBUG org.asynchttpclient.netty.request.NettyRequestSender - Using open Channel [id: 0xeaeee574, L:/127.0.0.1:59085 - R:localhost/127.0.0.1:12593] for GET '/session/87eceb0d2ff57e1a97eb7724294c1da5/url'
14:28:01.506 [AsyncHttpClient-1-7] DEBUG org.asynchttpclient.netty.handler.HttpHandler - 

Request DefaultFullHttpRequest(decodeResult: success, version: HTTP/1.1, content: EmptyByteBufBE)
GET /session/87eceb0d2ff57e1a97eb7724294c1da5/url HTTP/1.1
User-Agent: selenium/4.8.1 (java windows)
Cache-Control: no-cache
Content-Type: application/json; charset=utf-8
host: localhost:12593
accept: */*

Response DefaultHttpResponse(decodeResult: success, version: HTTP/1.1)
HTTP/1.1 200 OK
Content-Length: 68
Content-Type: application/json; charset=utf-8
cache-control: no-cache

14:28:01.506 [AsyncHttpClient-1-7] DEBUG org.asynchttpclient.netty.channel.ChannelManager - Adding key: http://localhost:12593 for channel [id: 0xeaeee574, L:/127.0.0.1:59085 - R:localhost/127.0.0.1:12593]
14:28:01.506 [Forwarding screenshot on session 87eceb0d2ff57e1a97eb7724294c1da5 to remote] DEBUG org.asynchttpclient.netty.request.NettyRequestSender - Using pooled Channel '[id: 0xeaeee574, L:/127.0.0.1:59085 - R:localhost/127.0.0.1:12593]' for 'GET' to 'http://localhost:12593/session/87eceb0d2ff57e1a97eb7724294c1da5/screenshot'
14:28:01.506 [Forwarding screenshot on session 87eceb0d2ff57e1a97eb7724294c1da5 to remote] DEBUG org.asynchttpclient.netty.request.NettyRequestSender - Using open Channel [id: 0xeaeee574, L:/127.0.0.1:59085 - R:localhost/127.0.0.1:12593] for GET '/session/87eceb0d2ff57e1a97eb7724294c1da5/screenshot'
14:28:01.743 [AsyncHttpClient-1-7] DEBUG org.asynchttpclient.netty.handler.HttpHandler - 

Request DefaultFullHttpRequest(decodeResult: success, version: HTTP/1.1, content: EmptyByteBufBE)
GET /session/87eceb0d2ff57e1a97eb7724294c1da5/screenshot HTTP/1.1
User-Agent: selenium/4.8.1 (java windows)
Cache-Control: no-cache
Content-Type: application/json; charset=utf-8
host: localhost:12593
accept: */*

Response DefaultHttpResponse(decodeResult: success, version: HTTP/1.1)
HTTP/1.1 200 OK
Content-Length: 120644
Content-Type: application/json; charset=utf-8
cache-control: no-cache

14:28:01.743 [AsyncHttpClient-1-7] DEBUG org.asynchttpclient.netty.channel.ChannelManager - Adding key: http://localhost:12593 for channel [id: 0xeaeee574, L:/127.0.0.1:59085 - R:localhost/127.0.0.1:12593]
14:28:01.752 [main] DEBUG net.serenitybdd.core.photography.Darkroom - Send negative for processing for target\site\serenity\c7c8c06d5729fba7215b5f83b9639a9cab62574688ec74c33f2a509013598477.png
14:28:01.759 [Forwarding getPageSource on session 87eceb0d2ff57e1a97eb7724294c1da5 to remote] DEBUG org.asynchttpclient.netty.request.NettyRequestSender - Using pooled Channel '[id: 0xeaeee574, L:/127.0.0.1:59085 - R:localhost/127.0.0.1:12593]' for 'POST' to 'http://localhost:12593/session/87eceb0d2ff57e1a97eb7724294c1da5/execute/sync'
14:28:01.759 [Forwarding getPageSource on session 87eceb0d2ff57e1a97eb7724294c1da5 to remote] DEBUG org.asynchttpclient.netty.request.NettyRequestSender - Using open Channel [id: 0xeaeee574, L:/127.0.0.1:59085 - R:localhost/127.0.0.1:12593] for POST '/session/87eceb0d2ff57e1a97eb7724294c1da5/execute/sync'
14:28:01.783 [AsyncHttpClient-1-7] DEBUG org.asynchttpclient.netty.handler.HttpHandler - 

Request DefaultHttpRequest(decodeResult: success, version: HTTP/1.1)
POST /session/87eceb0d2ff57e1a97eb7724294c1da5/execute/sync HTTP/1.1
User-Agent: selenium/4.8.1 (java windows)
Content-Length: 176
Content-Type: application/json; charset=utf-8
host: localhost:12593
accept: */*

Response DefaultHttpResponse(decodeResult: success, version: HTTP/1.1)
HTTP/1.1 200 OK
Content-Length: 105748
Content-Type: application/json; charset=utf-8
cache-control: no-cache

14:28:01.783 [AsyncHttpClient-1-7] DEBUG org.asynchttpclient.netty.channel.ChannelManager - Adding key: http://localhost:12593 for channel [id: 0xeaeee574, L:/127.0.0.1:59085 - R:localhost/127.0.0.1:12593]
14:28:01.790 [AsyncHttpClient-1-1] DEBUG org.asynchttpclient.netty.channel.DefaultChannelPool - Entry count for : http://localhost:12593 : 1
14:28:01.794 [Forwarding getCurrentUrl on session 87eceb0d2ff57e1a97eb7724294c1da5 to remote] DEBUG org.asynchttpclient.netty.request.NettyRequestSender - Using pooled Channel '[id: 0xeaeee574, L:/127.0.0.1:59085 - R:localhost/127.0.0.1:12593]' for 'GET' to 'http://localhost:12593/session/87eceb0d2ff57e1a97eb7724294c1da5/url'
14:28:01.794 [Forwarding getCurrentUrl on session 87eceb0d2ff57e1a97eb7724294c1da5 to remote] DEBUG org.asynchttpclient.netty.request.NettyRequestSender - Using open Channel [id: 0xeaeee574, L:/127.0.0.1:59085 - R:localhost/127.0.0.1:12593] for GET '/session/87eceb0d2ff57e1a97eb7724294c1da5/url'
14:28:01.806 [AsyncHttpClient-1-7] DEBUG org.asynchttpclient.netty.handler.HttpHandler - 

Request DefaultFullHttpRequest(decodeResult: success, version: HTTP/1.1, content: EmptyByteBufBE)
GET /session/87eceb0d2ff57e1a97eb7724294c1da5/url HTTP/1.1
User-Agent: selenium/4.8.1 (java windows)
Cache-Control: no-cache
Content-Type: application/json; charset=utf-8
host: localhost:12593
accept: */*

Response DefaultHttpResponse(decodeResult: success, version: HTTP/1.1)
HTTP/1.1 200 OK
Content-Length: 68
Content-Type: application/json; charset=utf-8
cache-control: no-cache

14:28:01.806 [AsyncHttpClient-1-7] DEBUG org.asynchttpclient.netty.channel.ChannelManager - Adding key: http://localhost:12593 for channel [id: 0xeaeee574, L:/127.0.0.1:59085 - R:localhost/127.0.0.1:12593]
14:28:01.806 [main] DEBUG net.thucydides.core.steps.StepInterceptor - STARTING STEP: Afrexim_OurBank_Contactus_Givefeedback_steps.select_country_name - Select_countryname
14:28:01.806 [Forwarding findElement on session 87eceb0d2ff57e1a97eb7724294c1da5 to remote] DEBUG org.asynchttpclient.netty.request.NettyRequestSender - Using pooled Channel '[id: 0xeaeee574, L:/127.0.0.1:59085 - R:localhost/127.0.0.1:12593]' for 'POST' to 'http://localhost:12593/session/87eceb0d2ff57e1a97eb7724294c1da5/element'
14:28:01.806 [Forwarding findElement on session 87eceb0d2ff57e1a97eb7724294c1da5 to remote] DEBUG org.asynchttpclient.netty.request.NettyRequestSender - Using open Channel [id: 0xeaeee574, L:/127.0.0.1:59085 - R:localhost/127.0.0.1:12593] for POST '/session/87eceb0d2ff57e1a97eb7724294c1da5/element'
14:28:01.838 [AsyncHttpClient-1-7] DEBUG org.asynchttpclient.netty.handler.HttpHandler - 

Request DefaultHttpRequest(decodeResult: success, version: HTTP/1.1)
POST /session/87eceb0d2ff57e1a97eb7724294c1da5/element HTTP/1.1
User-Agent: selenium/4.8.1 (java windows)
Content-Length: 73
Content-Type: application/json; charset=utf-8
host: localhost:12593
accept: */*

Response DefaultHttpResponse(decodeResult: success, version: HTTP/1.1)
HTTP/1.1 200 OK
Content-Length: 96
Content-Type: application/json; charset=utf-8
cache-control: no-cache

14:28:01.838 [AsyncHttpClient-1-7] DEBUG org.asynchttpclient.netty.channel.ChannelManager - Adding key: http://localhost:12593 for channel [id: 0xeaeee574, L:/127.0.0.1:59085 - R:localhost/127.0.0.1:12593]
14:28:01.839 [Forwarding getElementTagName on session 87eceb0d2ff57e1a97eb7724294c1da5 to remote] DEBUG org.asynchttpclient.netty.request.NettyRequestSender - Using pooled Channel '[id: 0xeaeee574, L:/127.0.0.1:59085 - R:localhost/127.0.0.1:12593]' for 'GET' to 'http://localhost:12593/session/87eceb0d2ff57e1a97eb7724294c1da5/element/345A8A1F9EC063DC529B28BE30AC8A01_element_195/name'
14:28:01.839 [Forwarding getElementTagName on session 87eceb0d2ff57e1a97eb7724294c1da5 to remote] DEBUG org.asynchttpclient.netty.request.NettyRequestSender - Using open Channel [id: 0xeaeee574, L:/127.0.0.1:59085 - R:localhost/127.0.0.1:12593] for GET '/session/87eceb0d2ff57e1a97eb7724294c1da5/element/345A8A1F9EC063DC529B28BE30AC8A01_element_195/name'
14:28:01.848 [AsyncHttpClient-1-7] DEBUG org.asynchttpclient.netty.handler.HttpHandler - 

Request DefaultFullHttpRequest(decodeResult: success, version: HTTP/1.1, content: EmptyByteBufBE)
GET /session/87eceb0d2ff57e1a97eb7724294c1da5/element/345A8A1F9EC063DC529B28BE30AC8A01_element_195/name HTTP/1.1
User-Agent: selenium/4.8.1 (java windows)
Cache-Control: no-cache
Content-Type: application/json; charset=utf-8
host: localhost:12593
accept: */*

Response DefaultHttpResponse(decodeResult: success, version: HTTP/1.1)
HTTP/1.1 200 OK
Content-Length: 18
Content-Type: application/json; charset=utf-8
cache-control: no-cache

14:28:01.848 [AsyncHttpClient-1-7] DEBUG org.asynchttpclient.netty.channel.ChannelManager - Adding key: http://localhost:12593 for channel [id: 0xeaeee574, L:/127.0.0.1:59085 - R:localhost/127.0.0.1:12593]
14:28:01.848 [Forwarding getElementDomAttribute on session 87eceb0d2ff57e1a97eb7724294c1da5 to remote] DEBUG org.asynchttpclient.netty.request.NettyRequestSender - Using pooled Channel '[id: 0xeaeee574, L:/127.0.0.1:59085 - R:localhost/127.0.0.1:12593]' for 'GET' to 'http://localhost:12593/session/87eceb0d2ff57e1a97eb7724294c1da5/element/345A8A1F9EC063DC529B28BE30AC8A01_element_195/attribute/multiple'
14:28:01.848 [Forwarding getElementDomAttribute on session 87eceb0d2ff57e1a97eb7724294c1da5 to remote] DEBUG org.asynchttpclient.netty.request.NettyRequestSender - Using open Channel [id: 0xeaeee574, L:/127.0.0.1:59085 - R:localhost/127.0.0.1:12593] for GET '/session/87eceb0d2ff57e1a97eb7724294c1da5/element/345A8A1F9EC063DC529B28BE30AC8A01_element_195/attribute/multiple'
14:28:01.863 [AsyncHttpClient-1-7] DEBUG org.asynchttpclient.netty.handler.HttpHandler - 

Request DefaultFullHttpRequest(decodeResult: success, version: HTTP/1.1, content: EmptyByteBufBE)
GET /session/87eceb0d2ff57e1a97eb7724294c1da5/element/345A8A1F9EC063DC529B28BE30AC8A01_element_195/attribute/multiple HTTP/1.1
User-Agent: selenium/4.8.1 (java windows)
Cache-Control: no-cache
Content-Type: application/json; charset=utf-8
host: localhost:12593
accept: */*

Response DefaultHttpResponse(decodeResult: success, version: HTTP/1.1)
HTTP/1.1 200 OK
Content-Length: 14
Content-Type: application/json; charset=utf-8
cache-control: no-cache

14:28:01.863 [AsyncHttpClient-1-7] DEBUG org.asynchttpclient.netty.channel.ChannelManager - Adding key: http://localhost:12593 for channel [id: 0xeaeee574, L:/127.0.0.1:59085 - R:localhost/127.0.0.1:12593]
14:28:01.863 [Forwarding isElementEnabled on session 87eceb0d2ff57e1a97eb7724294c1da5 to remote] DEBUG org.asynchttpclient.netty.request.NettyRequestSender - Using pooled Channel '[id: 0xeaeee574, L:/127.0.0.1:59085 - R:localhost/127.0.0.1:12593]' for 'GET' to 'http://localhost:12593/session/87eceb0d2ff57e1a97eb7724294c1da5/element/345A8A1F9EC063DC529B28BE30AC8A01_element_195/enabled'
14:28:01.863 [Forwarding isElementEnabled on session 87eceb0d2ff57e1a97eb7724294c1da5 to remote] DEBUG org.asynchttpclient.netty.request.NettyRequestSender - Using open Channel [id: 0xeaeee574, L:/127.0.0.1:59085 - R:localhost/127.0.0.1:12593] for GET '/session/87eceb0d2ff57e1a97eb7724294c1da5/element/345A8A1F9EC063DC529B28BE30AC8A01_element_195/enabled'
14:28:01.879 [AsyncHttpClient-1-7] DEBUG org.asynchttpclient.netty.handler.HttpHandler - 

Request DefaultFullHttpRequest(decodeResult: success, version: HTTP/1.1, content: EmptyByteBufBE)
GET /session/87eceb0d2ff57e1a97eb7724294c1da5/element/345A8A1F9EC063DC529B28BE30AC8A01_element_195/enabled HTTP/1.1
User-Agent: selenium/4.8.1 (java windows)
Cache-Control: no-cache
Content-Type: application/json; charset=utf-8
host: localhost:12593
accept: */*

Response DefaultHttpResponse(decodeResult: success, version: HTTP/1.1)
HTTP/1.1 200 OK
Content-Length: 14
Content-Type: application/json; charset=utf-8
cache-control: no-cache

14:28:01.879 [AsyncHttpClient-1-7] DEBUG org.asynchttpclient.netty.channel.ChannelManager - Adding key: http://localhost:12593 for channel [id: 0xeaeee574, L:/127.0.0.1:59085 - R:localhost/127.0.0.1:12593]
14:28:01.879 [Forwarding findChildElements on session 87eceb0d2ff57e1a97eb7724294c1da5 to remote] DEBUG org.asynchttpclient.netty.request.NettyRequestSender - Using pooled Channel '[id: 0xeaeee574, L:/127.0.0.1:59085 - R:localhost/127.0.0.1:12593]' for 'POST' to 'http://localhost:12593/session/87eceb0d2ff57e1a97eb7724294c1da5/element/345A8A1F9EC063DC529B28BE30AC8A01_element_195/elements'
14:28:01.879 [Forwarding findChildElements on session 87eceb0d2ff57e1a97eb7724294c1da5 to remote] DEBUG org.asynchttpclient.netty.request.NettyRequestSender - Using open Channel [id: 0xeaeee574, L:/127.0.0.1:59085 - R:localhost/127.0.0.1:12593] for POST '/session/87eceb0d2ff57e1a97eb7724294c1da5/element/345A8A1F9EC063DC529B28BE30AC8A01_element_195/elements'
14:28:01.911 [AsyncHttpClient-1-7] DEBUG org.asynchttpclient.netty.handler.HttpHandler - 

Request DefaultHttpRequest(decodeResult: success, version: HTTP/1.1)
POST /session/87eceb0d2ff57e1a97eb7724294c1da5/element/345A8A1F9EC063DC529B28BE30AC8A01_element_195/elements HTTP/1.1
User-Agent: selenium/4.8.1 (java windows)
Content-Length: 102
Content-Type: application/json; charset=utf-8
host: localhost:12593
accept: */*

Response DefaultHttpResponse(decodeResult: success, version: HTTP/1.1)
HTTP/1.1 200 OK
Content-Length: 21761
Content-Type: application/json; charset=utf-8
cache-control: no-cache

14:28:01.911 [AsyncHttpClient-1-7] DEBUG org.asynchttpclient.netty.channel.ChannelManager - Adding key: http://localhost:12593 for channel [id: 0xeaeee574, L:/127.0.0.1:59085 - R:localhost/127.0.0.1:12593]
14:28:01.922 [Forwarding getElementAttribute on session 87eceb0d2ff57e1a97eb7724294c1da5 to remote] DEBUG org.asynchttpclient.netty.request.NettyRequestSender - Using pooled Channel '[id: 0xeaeee574, L:/127.0.0.1:59085 - R:localhost/127.0.0.1:12593]' for 'POST' to 'http://localhost:12593/session/87eceb0d2ff57e1a97eb7724294c1da5/execute/sync'
14:28:01.922 [Forwarding getElementAttribute on session 87eceb0d2ff57e1a97eb7724294c1da5 to remote] DEBUG org.asynchttpclient.netty.request.NettyRequestSender - Using open Channel [id: 0xeaeee574, L:/127.0.0.1:59085 - R:localhost/127.0.0.1:12593] for POST '/session/87eceb0d2ff57e1a97eb7724294c1da5/execute/sync'
14:28:01.943 [AsyncHttpClient-1-7] DEBUG org.asynchttpclient.netty.handler.HttpHandler - 

Request DefaultHttpRequest(decodeResult: success, version: HTTP/1.1)
POST /session/87eceb0d2ff57e1a97eb7724294c1da5/execute/sync HTTP/1.1
User-Agent: selenium/4.8.1 (java windows)
Content-Length: 47376
Content-Type: application/json; charset=utf-8
host: localhost:12593
accept: */*

Response DefaultHttpResponse(decodeResult: success, version: HTTP/1.1)
HTTP/1.1 200 OK
Content-Length: 13
Content-Type: application/json; charset=utf-8
cache-control: no-cache

14:28:01.943 [AsyncHttpClient-1-7] DEBUG org.asynchttpclient.netty.channel.ChannelManager - Adding key: http://localhost:12593 for channel [id: 0xeaeee574, L:/127.0.0.1:59085 - R:localhost/127.0.0.1:12593]
14:28:01.943 [Forwarding getElementAttribute on session 87eceb0d2ff57e1a97eb7724294c1da5 to remote] DEBUG org.asynchttpclient.netty.request.NettyRequestSender - Using pooled Channel '[id: 0xeaeee574, L:/127.0.0.1:59085 - R:localhost/127.0.0.1:12593]' for 'POST' to 'http://localhost:12593/session/87eceb0d2ff57e1a97eb7724294c1da5/execute/sync'
14:28:01.943 [Forwarding getElementAttribute on session 87eceb0d2ff57e1a97eb7724294c1da5 to remote] DEBUG org.asynchttpclient.netty.request.NettyRequestSender - Using open Channel [id: 0xeaeee574, L:/127.0.0.1:59085 - R:localhost/127.0.0.1:12593] for POST '/session/87eceb0d2ff57e1a97eb7724294c1da5/execute/sync'
14:28:01.965 [AsyncHttpClient-1-7] DEBUG org.asynchttpclient.netty.handler.HttpHandler - 

Request DefaultHttpRequest(decodeResult: success, version: HTTP/1.1)
POST /session/87eceb0d2ff57e1a97eb7724294c1da5/execute/sync HTTP/1.1
User-Agent: selenium/4.8.1 (java windows)
Content-Length: 47376
Content-Type: application/json; charset=utf-8
host: localhost:12593
accept: */*

Response DefaultHttpResponse(decodeResult: success, version: HTTP/1.1)
HTTP/1.1 200 OK
Content-Length: 13
Content-Type: application/json; charset=utf-8
cache-control: no-cache

14:28:01.965 [AsyncHttpClient-1-7] DEBUG org.asynchttpclient.netty.channel.ChannelManager - Adding key: http://localhost:12593 for channel [id: 0xeaeee574, L:/127.0.0.1:59085 - R:localhost/127.0.0.1:12593]
14:28:01.965 [Forwarding getElementAttribute on session 87eceb0d2ff57e1a97eb7724294c1da5 to remote] DEBUG org.asynchttpclient.netty.request.NettyRequestSender - Using pooled Channel '[id: 0xeaeee574, L:/127.0.0.1:59085 - R:localhost/127.0.0.1:12593]' for 'POST' to 'http://localhost:12593/session/87eceb0d2ff57e1a97eb7724294c1da5/execute/sync'
14:28:01.965 [Forwarding getElementAttribute on session 87eceb0d2ff57e1a97eb7724294c1da5 to remote] DEBUG org.asynchttpclient.netty.request.NettyRequestSender - Using open Channel [id: 0xeaeee574, L:/127.0.0.1:59085 - R:localhost/127.0.0.1:12593] for POST '/session/87eceb0d2ff57e1a97eb7724294c1da5/execute/sync'
14:28:01.986 [AsyncHttpClient-1-7] DEBUG org.asynchttpclient.netty.handler.HttpHandler - 

Request DefaultHttpRequest(decodeResult: success, version: HTTP/1.1)
POST /session/87eceb0d2ff57e1a97eb7724294c1da5/execute/sync HTTP/1.1
User-Agent: selenium/4.8.1 (java windows)
Content-Length: 47376
Content-Type: application/json; charset=utf-8
host: localhost:12593
accept: */*

Response DefaultHttpResponse(decodeResult: success, version: HTTP/1.1)
HTTP/1.1 200 OK
Content-Length: 13
Content-Type: application/json; charset=utf-8
cache-control: no-cache

14:28:01.986 [AsyncHttpClient-1-7] DEBUG org.asynchttpclient.netty.channel.ChannelManager - Adding key: http://localhost:12593 for channel [id: 0xeaeee574, L:/127.0.0.1:59085 - R:localhost/127.0.0.1:12593]
14:28:01.992 [Forwarding getElementAttribute on session 87eceb0d2ff57e1a97eb7724294c1da5 to remote] DEBUG org.asynchttpclient.netty.request.NettyRequestSender - Using pooled Channel '[id: 0xeaeee574, L:/127.0.0.1:59085 - R:localhost/127.0.0.1:12593]' for 'POST' to 'http://localhost:12593/session/87eceb0d2ff57e1a97eb7724294c1da5/execute/sync'
14:28:01.992 [Forwarding getElementAttribute on session 87eceb0d2ff57e1a97eb7724294c1da5 to remote] DEBUG org.asynchttpclient.netty.request.NettyRequestSender - Using open Channel [id: 0xeaeee574, L:/127.0.0.1:59085 - R:localhost/127.0.0.1:12593] for POST '/session/87eceb0d2ff57e1a97eb7724294c1da5/execute/sync'
14:28:02.008 [AsyncHttpClient-1-7] DEBUG org.asynchttpclient.netty.handler.HttpHandler - 

Request DefaultHttpRequest(decodeResult: success, version: HTTP/1.1)
POST /session/87eceb0d2ff57e1a97eb7724294c1da5/execute/sync HTTP/1.1
User-Agent: selenium/4.8.1 (java windows)
Content-Length: 47376
Content-Type: application/json; charset=utf-8
host: localhost:12593
accept: */*

Response DefaultHttpResponse(decodeResult: success, version: HTTP/1.1)
HTTP/1.1 200 OK
Content-Length: 13
Content-Type: application/json; charset=utf-8
cache-control: no-cache

14:28:02.008 [AsyncHttpClient-1-7] DEBUG org.asynchttpclient.netty.channel.ChannelManager - Adding key: http://localhost:12593 for channel [id: 0xeaeee574, L:/127.0.0.1:59085 - R:localhost/127.0.0.1:12593]
14:28:02.008 [Forwarding getElementAttribute on session 87eceb0d2ff57e1a97eb7724294c1da5 to remote] DEBUG org.asynchttpclient.netty.request.NettyRequestSender - Using pooled Channel '[id: 0xeaeee574, L:/127.0.0.1:59085 - R:localhost/127.0.0.1:12593]' for 'POST' to 'http://localhost:12593/session/87eceb0d2ff57e1a97eb7724294c1da5/execute/sync'
14:28:02.008 [Forwarding getElementAttribute on session 87eceb0d2ff57e1a97eb7724294c1da5 to remote] DEBUG org.asynchttpclient.netty.request.NettyRequestSender - Using open Channel [id: 0xeaeee574, L:/127.0.0.1:59085 - R:localhost/127.0.0.1:12593] for POST '/session/87eceb0d2ff57e1a97eb7724294c1da5/execute/sync'
14:28:02.029 [AsyncHttpClient-1-7] DEBUG org.asynchttpclient.netty.handler.HttpHandler - 

Request DefaultHttpRequest(decodeResult: success, version: HTTP/1.1)
POST /session/87eceb0d2ff57e1a97eb7724294c1da5/execute/sync HTTP/1.1
User-Agent: selenium/4.8.1 (java windows)
Content-Length: 47376
Content-Type: application/json; charset=utf-8
host: localhost:12593
accept: */*

Response DefaultHttpResponse(decodeResult: success, version: HTTP/1.1)
HTTP/1.1 200 OK
Content-Length: 13
Content-Type: application/json; charset=utf-8
cache-control: no-cache

14:28:02.029 [AsyncHttpClient-1-7] DEBUG org.asynchttpclient.netty.channel.ChannelManager - Adding key: http://localhost:12593 for channel [id: 0xeaeee574, L:/127.0.0.1:59085 - R:localhost/127.0.0.1:12593]
14:28:02.029 [Forwarding getElementAttribute on session 87eceb0d2ff57e1a97eb7724294c1da5 to remote] DEBUG org.asynchttpclient.netty.request.NettyRequestSender - Using pooled Channel '[id: 0xeaeee574, L:/127.0.0.1:59085 - R:localhost/127.0.0.1:12593]' for 'POST' to 'http://localhost:12593/session/87eceb0d2ff57e1a97eb7724294c1da5/execute/sync'
14:28:02.029 [Forwarding getElementAttribute on session 87eceb0d2ff57e1a97eb7724294c1da5 to remote] DEBUG org.asynchttpclient.netty.request.NettyRequestSender - Using open Channel [id: 0xeaeee574, L:/127.0.0.1:59085 - R:localhost/127.0.0.1:12593] for POST '/session/87eceb0d2ff57e1a97eb7724294c1da5/execute/sync'
14:28:02.050 [AsyncHttpClient-1-7] DEBUG org.asynchttpclient.netty.handler.HttpHandler - 

Request DefaultHttpRequest(decodeResult: success, version: HTTP/1.1)
POST /session/87eceb0d2ff57e1a97eb7724294c1da5/execute/sync HTTP/1.1
User-Agent: selenium/4.8.1 (java windows)
Content-Length: 47376
Content-Type: application/json; charset=utf-8
host: localhost:12593
accept: */*

Response DefaultHttpResponse(decodeResult: success, version: HTTP/1.1)
HTTP/1.1 200 OK
Content-Length: 13
Content-Type: application/json; charset=utf-8
cache-control: no-cache

14:28:02.050 [AsyncHttpClient-1-7] DEBUG org.asynchttpclient.netty.channel.ChannelManager - Adding key: http://localhost:12593 for channel [id: 0xeaeee574, L:/127.0.0.1:59085 - R:localhost/127.0.0.1:12593]
14:28:02.055 [Forwarding isElementEnabled on session 87eceb0d2ff57e1a97eb7724294c1da5 to remote] DEBUG org.asynchttpclient.netty.request.NettyRequestSender - Using pooled Channel '[id: 0xeaeee574, L:/127.0.0.1:59085 - R:localhost/127.0.0.1:12593]' for 'GET' to 'http://localhost:12593/session/87eceb0d2ff57e1a97eb7724294c1da5/element/345A8A1F9EC063DC529B28BE30AC8A01_element_201/enabled'
14:28:02.055 [Forwarding isElementEnabled on session 87eceb0d2ff57e1a97eb7724294c1da5 to remote] DEBUG org.asynchttpclient.netty.request.NettyRequestSender - Using open Channel [id: 0xeaeee574, L:/127.0.0.1:59085 - R:localhost/127.0.0.1:12593] for GET '/session/87eceb0d2ff57e1a97eb7724294c1da5/element/345A8A1F9EC063DC529B28BE30AC8A01_element_201/enabled'
14:28:02.061 [AsyncHttpClient-1-7] DEBUG org.asynchttpclient.netty.handler.HttpHandler - 

Request DefaultFullHttpRequest(decodeResult: success, version: HTTP/1.1, content: EmptyByteBufBE)
GET /session/87eceb0d2ff57e1a97eb7724294c1da5/element/345A8A1F9EC063DC529B28BE30AC8A01_element_201/enabled HTTP/1.1
User-Agent: selenium/4.8.1 (java windows)
Cache-Control: no-cache
Content-Type: application/json; charset=utf-8
host: localhost:12593
accept: */*

Response DefaultHttpResponse(decodeResult: success, version: HTTP/1.1)
HTTP/1.1 200 OK
Content-Length: 14
Content-Type: application/json; charset=utf-8
cache-control: no-cache

14:28:02.061 [AsyncHttpClient-1-7] DEBUG org.asynchttpclient.netty.channel.ChannelManager - Adding key: http://localhost:12593 for channel [id: 0xeaeee574, L:/127.0.0.1:59085 - R:localhost/127.0.0.1:12593]
14:28:02.072 [Forwarding isElementSelected on session 87eceb0d2ff57e1a97eb7724294c1da5 to remote] DEBUG org.asynchttpclient.netty.request.NettyRequestSender - Using pooled Channel '[id: 0xeaeee574, L:/127.0.0.1:59085 - R:localhost/127.0.0.1:12593]' for 'GET' to 'http://localhost:12593/session/87eceb0d2ff57e1a97eb7724294c1da5/element/345A8A1F9EC063DC529B28BE30AC8A01_element_201/selected'
14:28:02.072 [Forwarding isElementSelected on session 87eceb0d2ff57e1a97eb7724294c1da5 to remote] DEBUG org.asynchttpclient.netty.request.NettyRequestSender - Using open Channel [id: 0xeaeee574, L:/127.0.0.1:59085 - R:localhost/127.0.0.1:12593] for GET '/session/87eceb0d2ff57e1a97eb7724294c1da5/element/345A8A1F9EC063DC529B28BE30AC8A01_element_201/selected'
14:28:02.087 [AsyncHttpClient-1-7] DEBUG org.asynchttpclient.netty.handler.HttpHandler - 

Request DefaultFullHttpRequest(decodeResult: success, version: HTTP/1.1, content: EmptyByteBufBE)
GET /session/87eceb0d2ff57e1a97eb7724294c1da5/element/345A8A1F9EC063DC529B28BE30AC8A01_element_201/selected HTTP/1.1
User-Agent: selenium/4.8.1 (java windows)
Cache-Control: no-cache
Content-Type: application/json; charset=utf-8
host: localhost:12593
accept: */*

Response DefaultHttpResponse(decodeResult: success, version: HTTP/1.1)
HTTP/1.1 200 OK
Content-Length: 15
Content-Type: application/json; charset=utf-8
cache-control: no-cache

14:28:02.087 [AsyncHttpClient-1-7] DEBUG org.asynchttpclient.netty.channel.ChannelManager - Adding key: http://localhost:12593 for channel [id: 0xeaeee574, L:/127.0.0.1:59085 - R:localhost/127.0.0.1:12593]
14:28:02.087 [Forwarding clickElement on session 87eceb0d2ff57e1a97eb7724294c1da5 to remote] DEBUG org.asynchttpclient.netty.request.NettyRequestSender - Using pooled Channel '[id: 0xeaeee574, L:/127.0.0.1:59085 - R:localhost/127.0.0.1:12593]' for 'POST' to 'http://localhost:12593/session/87eceb0d2ff57e1a97eb7724294c1da5/element/345A8A1F9EC063DC529B28BE30AC8A01_element_201/click'
14:28:02.087 [Forwarding clickElement on session 87eceb0d2ff57e1a97eb7724294c1da5 to remote] DEBUG org.asynchttpclient.netty.request.NettyRequestSender - Using open Channel [id: 0xeaeee574, L:/127.0.0.1:59085 - R:localhost/127.0.0.1:12593] for POST '/session/87eceb0d2ff57e1a97eb7724294c1da5/element/345A8A1F9EC063DC529B28BE30AC8A01_element_201/click'
14:28:02.135 [AsyncHttpClient-1-7] DEBUG org.asynchttpclient.netty.handler.HttpHandler - 

Request DefaultHttpRequest(decodeResult: success, version: HTTP/1.1)
POST /session/87eceb0d2ff57e1a97eb7724294c1da5/element/345A8A1F9EC063DC529B28BE30AC8A01_element_201/click HTTP/1.1
User-Agent: selenium/4.8.1 (java windows)
Content-Length: 58
Content-Type: application/json; charset=utf-8
host: localhost:12593
accept: */*

Response DefaultHttpResponse(decodeResult: success, version: HTTP/1.1)
HTTP/1.1 200 OK
Content-Length: 14
Content-Type: application/json; charset=utf-8
cache-control: no-cache

14:28:02.135 [AsyncHttpClient-1-7] DEBUG org.asynchttpclient.netty.channel.ChannelManager - Adding key: http://localhost:12593 for channel [id: 0xeaeee574, L:/127.0.0.1:59085 - R:localhost/127.0.0.1:12593]
14:28:02.146 [Forwarding getAlertText on session 87eceb0d2ff57e1a97eb7724294c1da5 to remote] DEBUG org.asynchttpclient.netty.request.NettyRequestSender - Using pooled Channel '[id: 0xeaeee574, L:/127.0.0.1:59085 - R:localhost/127.0.0.1:12593]' for 'GET' to 'http://localhost:12593/session/87eceb0d2ff57e1a97eb7724294c1da5/alert/text'
14:28:02.146 [Forwarding getAlertText on session 87eceb0d2ff57e1a97eb7724294c1da5 to remote] DEBUG org.asynchttpclient.netty.request.NettyRequestSender - Using open Channel [id: 0xeaeee574, L:/127.0.0.1:59085 - R:localhost/127.0.0.1:12593] for GET '/session/87eceb0d2ff57e1a97eb7724294c1da5/alert/text'
14:28:02.152 [AsyncHttpClient-1-7] DEBUG org.asynchttpclient.netty.handler.HttpHandler - 

Request DefaultFullHttpRequest(decodeResult: success, version: HTTP/1.1, content: EmptyByteBufBE)
GET /session/87eceb0d2ff57e1a97eb7724294c1da5/alert/text HTTP/1.1
User-Agent: selenium/4.8.1 (java windows)
Cache-Control: no-cache
Content-Type: application/json; charset=utf-8
host: localhost:12593
accept: */*

Response DefaultHttpResponse(decodeResult: success, version: HTTP/1.1)
HTTP/1.1 404 Not Found
Content-Length: 821
Content-Type: application/json; charset=utf-8
cache-control: no-cache

14:28:02.152 [AsyncHttpClient-1-7] DEBUG org.asynchttpclient.netty.channel.ChannelManager - Adding key: http://localhost:12593 for channel [id: 0xeaeee574, L:/127.0.0.1:59085 - R:localhost/127.0.0.1:12593]
14:28:02.152 [Forwarding getCurrentUrl on session 87eceb0d2ff57e1a97eb7724294c1da5 to remote] DEBUG org.asynchttpclient.netty.request.NettyRequestSender - Using pooled Channel '[id: 0xeaeee574, L:/127.0.0.1:59085 - R:localhost/127.0.0.1:12593]' for 'GET' to 'http://localhost:12593/session/87eceb0d2ff57e1a97eb7724294c1da5/url'
14:28:02.152 [Forwarding getCurrentUrl on session 87eceb0d2ff57e1a97eb7724294c1da5 to remote] DEBUG org.asynchttpclient.netty.request.NettyRequestSender - Using open Channel [id: 0xeaeee574, L:/127.0.0.1:59085 - R:localhost/127.0.0.1:12593] for GET '/session/87eceb0d2ff57e1a97eb7724294c1da5/url'
14:28:02.160 [AsyncHttpClient-1-7] DEBUG org.asynchttpclient.netty.handler.HttpHandler - 

Request DefaultFullHttpRequest(decodeResult: success, version: HTTP/1.1, content: EmptyByteBufBE)
GET /session/87eceb0d2ff57e1a97eb7724294c1da5/url HTTP/1.1
User-Agent: selenium/4.8.1 (java windows)
Cache-Control: no-cache
Content-Type: application/json; charset=utf-8
host: localhost:12593
accept: */*

Response DefaultHttpResponse(decodeResult: success, version: HTTP/1.1)
HTTP/1.1 200 OK
Content-Length: 68
Content-Type: application/json; charset=utf-8
cache-control: no-cache

14:28:02.160 [AsyncHttpClient-1-7] DEBUG org.asynchttpclient.netty.channel.ChannelManager - Adding key: http://localhost:12593 for channel [id: 0xeaeee574, L:/127.0.0.1:59085 - R:localhost/127.0.0.1:12593]
14:28:02.160 [Forwarding screenshot on session 87eceb0d2ff57e1a97eb7724294c1da5 to remote] DEBUG org.asynchttpclient.netty.request.NettyRequestSender - Using pooled Channel '[id: 0xeaeee574, L:/127.0.0.1:59085 - R:localhost/127.0.0.1:12593]' for 'GET' to 'http://localhost:12593/session/87eceb0d2ff57e1a97eb7724294c1da5/screenshot'
14:28:02.160 [Forwarding screenshot on session 87eceb0d2ff57e1a97eb7724294c1da5 to remote] DEBUG org.asynchttpclient.netty.request.NettyRequestSender - Using open Channel [id: 0xeaeee574, L:/127.0.0.1:59085 - R:localhost/127.0.0.1:12593] for GET '/session/87eceb0d2ff57e1a97eb7724294c1da5/screenshot'
14:28:02.391 [AsyncHttpClient-1-7] DEBUG org.asynchttpclient.netty.handler.HttpHandler - 

Request DefaultFullHttpRequest(decodeResult: success, version: HTTP/1.1, content: EmptyByteBufBE)
GET /session/87eceb0d2ff57e1a97eb7724294c1da5/screenshot HTTP/1.1
User-Agent: selenium/4.8.1 (java windows)
Cache-Control: no-cache
Content-Type: application/json; charset=utf-8
host: localhost:12593
accept: */*

Response DefaultHttpResponse(decodeResult: success, version: HTTP/1.1)
HTTP/1.1 200 OK
Content-Length: 119540
Content-Type: application/json; charset=utf-8
cache-control: no-cache

14:28:02.391 [AsyncHttpClient-1-7] DEBUG org.asynchttpclient.netty.channel.ChannelManager - Adding key: http://localhost:12593 for channel [id: 0xeaeee574, L:/127.0.0.1:59085 - R:localhost/127.0.0.1:12593]
14:28:02.399 [main] DEBUG net.serenitybdd.core.photography.Darkroom - Send negative for processing for target\site\serenity\31020d8dc737fba7c79239c20a81e41bf9a33846c792cc13d3a922874ebad913.png
14:28:02.402 [main] DEBUG net.thucydides.core.steps.StepInterceptor - STEP DONE: Select_countryname
14:28:02.402 [Darkroom Processing Line] DEBUG net.serenitybdd.core.photography.DarkroomProcessingLine - Processing screenshot image in /var/screenshots/screenshot-5327810953100458508
14:28:02.402 [Darkroom Processing Line] DEBUG net.serenitybdd.core.photography.DarkroomProcessingLine - Saving screenshot to target\site\serenity\31020d8dc737fba7c79239c20a81e41bf9a33846c792cc13d3a922874ebad913.png
14:28:02.415 [Forwarding getPageSource on session 87eceb0d2ff57e1a97eb7724294c1da5 to remote] DEBUG org.asynchttpclient.netty.request.NettyRequestSender - Using pooled Channel '[id: 0xeaeee574, L:/127.0.0.1:59085 - R:localhost/127.0.0.1:12593]' for 'POST' to 'http://localhost:12593/session/87eceb0d2ff57e1a97eb7724294c1da5/execute/sync'
14:28:02.415 [Forwarding getPageSource on session 87eceb0d2ff57e1a97eb7724294c1da5 to remote] DEBUG org.asynchttpclient.netty.request.NettyRequestSender - Using open Channel [id: 0xeaeee574, L:/127.0.0.1:59085 - R:localhost/127.0.0.1:12593] for POST '/session/87eceb0d2ff57e1a97eb7724294c1da5/execute/sync'
14:28:02.456 [AsyncHttpClient-1-7] DEBUG org.asynchttpclient.netty.handler.HttpHandler - 

Request DefaultHttpRequest(decodeResult: success, version: HTTP/1.1)
POST /session/87eceb0d2ff57e1a97eb7724294c1da5/execute/sync HTTP/1.1
User-Agent: selenium/4.8.1 (java windows)
Content-Length: 176
Content-Type: application/json; charset=utf-8
host: localhost:12593
accept: */*

Response DefaultHttpResponse(decodeResult: success, version: HTTP/1.1)
HTTP/1.1 200 OK
Content-Length: 105748
Content-Type: application/json; charset=utf-8
cache-control: no-cache

14:28:02.456 [AsyncHttpClient-1-7] DEBUG org.asynchttpclient.netty.channel.ChannelManager - Adding key: http://localhost:12593 for channel [id: 0xeaeee574, L:/127.0.0.1:59085 - R:localhost/127.0.0.1:12593]
14:28:02.471 [Forwarding getCurrentUrl on session 87eceb0d2ff57e1a97eb7724294c1da5 to remote] DEBUG org.asynchttpclient.netty.request.NettyRequestSender - Using pooled Channel '[id: 0xeaeee574, L:/127.0.0.1:59085 - R:localhost/127.0.0.1:12593]' for 'GET' to 'http://localhost:12593/session/87eceb0d2ff57e1a97eb7724294c1da5/url'
14:28:02.471 [Forwarding getCurrentUrl on session 87eceb0d2ff57e1a97eb7724294c1da5 to remote] DEBUG org.asynchttpclient.netty.request.NettyRequestSender - Using open Channel [id: 0xeaeee574, L:/127.0.0.1:59085 - R:localhost/127.0.0.1:12593] for GET '/session/87eceb0d2ff57e1a97eb7724294c1da5/url'
14:28:02.478 [AsyncHttpClient-1-7] DEBUG org.asynchttpclient.netty.handler.HttpHandler - 

Request DefaultFullHttpRequest(decodeResult: success, version: HTTP/1.1, content: EmptyByteBufBE)
GET /session/87eceb0d2ff57e1a97eb7724294c1da5/url HTTP/1.1
User-Agent: selenium/4.8.1 (java windows)
Cache-Control: no-cache
Content-Type: application/json; charset=utf-8
host: localhost:12593
accept: */*

Response DefaultHttpResponse(decodeResult: success, version: HTTP/1.1)
HTTP/1.1 200 OK
Content-Length: 68
Content-Type: application/json; charset=utf-8
cache-control: no-cache

14:28:02.478 [AsyncHttpClient-1-7] DEBUG org.asynchttpclient.netty.channel.ChannelManager - Adding key: http://localhost:12593 for channel [id: 0xeaeee574, L:/127.0.0.1:59085 - R:localhost/127.0.0.1:12593]
14:28:02.498 [Forwarding getAlertText on session 87eceb0d2ff57e1a97eb7724294c1da5 to remote] DEBUG org.asynchttpclient.netty.request.NettyRequestSender - Using pooled Channel '[id: 0xeaeee574, L:/127.0.0.1:59085 - R:localhost/127.0.0.1:12593]' for 'GET' to 'http://localhost:12593/session/87eceb0d2ff57e1a97eb7724294c1da5/alert/text'
14:28:02.498 [Forwarding getAlertText on session 87eceb0d2ff57e1a97eb7724294c1da5 to remote] DEBUG org.asynchttpclient.netty.request.NettyRequestSender - Using open Channel [id: 0xeaeee574, L:/127.0.0.1:59085 - R:localhost/127.0.0.1:12593] for GET '/session/87eceb0d2ff57e1a97eb7724294c1da5/alert/text'
14:28:02.498 [AsyncHttpClient-1-7] DEBUG org.asynchttpclient.netty.handler.HttpHandler - 

Request DefaultFullHttpRequest(decodeResult: success, version: HTTP/1.1, content: EmptyByteBufBE)
GET /session/87eceb0d2ff57e1a97eb7724294c1da5/alert/text HTTP/1.1
User-Agent: selenium/4.8.1 (java windows)
Cache-Control: no-cache
Content-Type: application/json; charset=utf-8
host: localhost:12593
accept: */*

Response DefaultHttpResponse(decodeResult: success, version: HTTP/1.1)
HTTP/1.1 404 Not Found
Content-Length: 821
Content-Type: application/json; charset=utf-8
cache-control: no-cache

14:28:02.498 [AsyncHttpClient-1-7] DEBUG org.asynchttpclient.netty.channel.ChannelManager - Adding key: http://localhost:12593 for channel [id: 0xeaeee574, L:/127.0.0.1:59085 - R:localhost/127.0.0.1:12593]
14:28:02.498 [Forwarding getCurrentUrl on session 87eceb0d2ff57e1a97eb7724294c1da5 to remote] DEBUG org.asynchttpclient.netty.request.NettyRequestSender - Using pooled Channel '[id: 0xeaeee574, L:/127.0.0.1:59085 - R:localhost/127.0.0.1:12593]' for 'GET' to 'http://localhost:12593/session/87eceb0d2ff57e1a97eb7724294c1da5/url'
14:28:02.498 [Forwarding getCurrentUrl on session 87eceb0d2ff57e1a97eb7724294c1da5 to remote] DEBUG org.asynchttpclient.netty.request.NettyRequestSender - Using open Channel [id: 0xeaeee574, L:/127.0.0.1:59085 - R:localhost/127.0.0.1:12593] for GET '/session/87eceb0d2ff57e1a97eb7724294c1da5/url'
14:28:02.511 [AsyncHttpClient-1-7] DEBUG org.asynchttpclient.netty.handler.HttpHandler - 

Request DefaultFullHttpRequest(decodeResult: success, version: HTTP/1.1, content: EmptyByteBufBE)
GET /session/87eceb0d2ff57e1a97eb7724294c1da5/url HTTP/1.1
User-Agent: selenium/4.8.1 (java windows)
Cache-Control: no-cache
Content-Type: application/json; charset=utf-8
host: localhost:12593
accept: */*

Response DefaultHttpResponse(decodeResult: success, version: HTTP/1.1)
HTTP/1.1 200 OK
Content-Length: 68
Content-Type: application/json; charset=utf-8
cache-control: no-cache

14:28:02.511 [AsyncHttpClient-1-7] DEBUG org.asynchttpclient.netty.channel.ChannelManager - Adding key: http://localhost:12593 for channel [id: 0xeaeee574, L:/127.0.0.1:59085 - R:localhost/127.0.0.1:12593]
14:28:02.511 [Forwarding screenshot on session 87eceb0d2ff57e1a97eb7724294c1da5 to remote] DEBUG org.asynchttpclient.netty.request.NettyRequestSender - Using pooled Channel '[id: 0xeaeee574, L:/127.0.0.1:59085 - R:localhost/127.0.0.1:12593]' for 'GET' to 'http://localhost:12593/session/87eceb0d2ff57e1a97eb7724294c1da5/screenshot'
14:28:02.511 [Forwarding screenshot on session 87eceb0d2ff57e1a97eb7724294c1da5 to remote] DEBUG org.asynchttpclient.netty.request.NettyRequestSender - Using open Channel [id: 0xeaeee574, L:/127.0.0.1:59085 - R:localhost/127.0.0.1:12593] for GET '/session/87eceb0d2ff57e1a97eb7724294c1da5/screenshot'
14:28:02.738 [AsyncHttpClient-1-7] DEBUG org.asynchttpclient.netty.handler.HttpHandler - 

Request DefaultFullHttpRequest(decodeResult: success, version: HTTP/1.1, content: EmptyByteBufBE)
GET /session/87eceb0d2ff57e1a97eb7724294c1da5/screenshot HTTP/1.1
User-Agent: selenium/4.8.1 (java windows)
Cache-Control: no-cache
Content-Type: application/json; charset=utf-8
host: localhost:12593
accept: */*

Response DefaultHttpResponse(decodeResult: success, version: HTTP/1.1)
HTTP/1.1 200 OK
Content-Length: 119540
Content-Type: application/json; charset=utf-8
cache-control: no-cache

14:28:02.738 [AsyncHttpClient-1-7] DEBUG org.asynchttpclient.netty.channel.ChannelManager - Adding key: http://localhost:12593 for channel [id: 0xeaeee574, L:/127.0.0.1:59085 - R:localhost/127.0.0.1:12593]
14:28:02.744 [main] DEBUG net.serenitybdd.core.photography.Darkroom - Send negative for processing for target\site\serenity\31020d8dc737fba7c79239c20a81e41bf9a33846c792cc13d3a922874ebad913.png
14:28:02.744 [Forwarding getPageSource on session 87eceb0d2ff57e1a97eb7724294c1da5 to remote] DEBUG org.asynchttpclient.netty.request.NettyRequestSender - Using pooled Channel '[id: 0xeaeee574, L:/127.0.0.1:59085 - R:localhost/127.0.0.1:12593]' for 'POST' to 'http://localhost:12593/session/87eceb0d2ff57e1a97eb7724294c1da5/execute/sync'
14:28:02.744 [Forwarding getPageSource on session 87eceb0d2ff57e1a97eb7724294c1da5 to remote] DEBUG org.asynchttpclient.netty.request.NettyRequestSender - Using open Channel [id: 0xeaeee574, L:/127.0.0.1:59085 - R:localhost/127.0.0.1:12593] for POST '/session/87eceb0d2ff57e1a97eb7724294c1da5/execute/sync'
14:28:02.765 [AsyncHttpClient-1-7] DEBUG org.asynchttpclient.netty.handler.HttpHandler - 

Request DefaultHttpRequest(decodeResult: success, version: HTTP/1.1)
POST /session/87eceb0d2ff57e1a97eb7724294c1da5/execute/sync HTTP/1.1
User-Agent: selenium/4.8.1 (java windows)
Content-Length: 176
Content-Type: application/json; charset=utf-8
host: localhost:12593
accept: */*

Response DefaultHttpResponse(decodeResult: success, version: HTTP/1.1)
HTTP/1.1 200 OK
Content-Length: 105748
Content-Type: application/json; charset=utf-8
cache-control: no-cache

14:28:02.765 [AsyncHttpClient-1-7] DEBUG org.asynchttpclient.netty.channel.ChannelManager - Adding key: http://localhost:12593 for channel [id: 0xeaeee574, L:/127.0.0.1:59085 - R:localhost/127.0.0.1:12593]
14:28:02.777 [Forwarding getCurrentUrl on session 87eceb0d2ff57e1a97eb7724294c1da5 to remote] DEBUG org.asynchttpclient.netty.request.NettyRequestSender - Using pooled Channel '[id: 0xeaeee574, L:/127.0.0.1:59085 - R:localhost/127.0.0.1:12593]' for 'GET' to 'http://localhost:12593/session/87eceb0d2ff57e1a97eb7724294c1da5/url'
14:28:02.777 [Forwarding getCurrentUrl on session 87eceb0d2ff57e1a97eb7724294c1da5 to remote] DEBUG org.asynchttpclient.netty.request.NettyRequestSender - Using open Channel [id: 0xeaeee574, L:/127.0.0.1:59085 - R:localhost/127.0.0.1:12593] for GET '/session/87eceb0d2ff57e1a97eb7724294c1da5/url'
14:28:02.793 [AsyncHttpClient-1-7] DEBUG org.asynchttpclient.netty.handler.HttpHandler - 

Request DefaultFullHttpRequest(decodeResult: success, version: HTTP/1.1, content: EmptyByteBufBE)
GET /session/87eceb0d2ff57e1a97eb7724294c1da5/url HTTP/1.1
User-Agent: selenium/4.8.1 (java windows)
Cache-Control: no-cache
Content-Type: application/json; charset=utf-8
host: localhost:12593
accept: */*

Response DefaultHttpResponse(decodeResult: success, version: HTTP/1.1)
HTTP/1.1 200 OK
Content-Length: 68
Content-Type: application/json; charset=utf-8
cache-control: no-cache

14:28:02.793 [AsyncHttpClient-1-7] DEBUG org.asynchttpclient.netty.channel.ChannelManager - Adding key: http://localhost:12593 for channel [id: 0xeaeee574, L:/127.0.0.1:59085 - R:localhost/127.0.0.1:12593]
14:28:02.797 [main] DEBUG net.thucydides.core.steps.StepInterceptor - STARTING STEP: Afrexim_OurBank_Contactus_Givefeedback_steps.click_existing_customer - Click_existingcustomer
14:28:02.802 [Forwarding findElement on session 87eceb0d2ff57e1a97eb7724294c1da5 to remote] DEBUG org.asynchttpclient.netty.request.NettyRequestSender - Using pooled Channel '[id: 0xeaeee574, L:/127.0.0.1:59085 - R:localhost/127.0.0.1:12593]' for 'POST' to 'http://localhost:12593/session/87eceb0d2ff57e1a97eb7724294c1da5/element'
14:28:02.802 [Forwarding findElement on session 87eceb0d2ff57e1a97eb7724294c1da5 to remote] DEBUG org.asynchttpclient.netty.request.NettyRequestSender - Using open Channel [id: 0xeaeee574, L:/127.0.0.1:59085 - R:localhost/127.0.0.1:12593] for POST '/session/87eceb0d2ff57e1a97eb7724294c1da5/element'
14:28:02.824 [AsyncHttpClient-1-7] DEBUG org.asynchttpclient.netty.handler.HttpHandler - 

Request DefaultHttpRequest(decodeResult: success, version: HTTP/1.1)
POST /session/87eceb0d2ff57e1a97eb7724294c1da5/element HTTP/1.1
User-Agent: selenium/4.8.1 (java windows)
Content-Length: 75
Content-Type: application/json; charset=utf-8
host: localhost:12593
accept: */*

Response DefaultHttpResponse(decodeResult: success, version: HTTP/1.1)
HTTP/1.1 200 OK
Content-Length: 96
Content-Type: application/json; charset=utf-8
cache-control: no-cache

14:28:02.824 [AsyncHttpClient-1-7] DEBUG org.asynchttpclient.netty.channel.ChannelManager - Adding key: http://localhost:12593 for channel [id: 0xeaeee574, L:/127.0.0.1:59085 - R:localhost/127.0.0.1:12593]
14:28:02.829 [Forwarding getElementTagName on session 87eceb0d2ff57e1a97eb7724294c1da5 to remote] DEBUG org.asynchttpclient.netty.request.NettyRequestSender - Using pooled Channel '[id: 0xeaeee574, L:/127.0.0.1:59085 - R:localhost/127.0.0.1:12593]' for 'GET' to 'http://localhost:12593/session/87eceb0d2ff57e1a97eb7724294c1da5/element/345A8A1F9EC063DC529B28BE30AC8A01_element_446/name'
14:28:02.829 [Forwarding getElementTagName on session 87eceb0d2ff57e1a97eb7724294c1da5 to remote] DEBUG org.asynchttpclient.netty.request.NettyRequestSender - Using open Channel [id: 0xeaeee574, L:/127.0.0.1:59085 - R:localhost/127.0.0.1:12593] for GET '/session/87eceb0d2ff57e1a97eb7724294c1da5/element/345A8A1F9EC063DC529B28BE30AC8A01_element_446/name'
14:28:02.839 [AsyncHttpClient-1-7] DEBUG org.asynchttpclient.netty.handler.HttpHandler - 

Request DefaultFullHttpRequest(decodeResult: success, version: HTTP/1.1, content: EmptyByteBufBE)
GET /session/87eceb0d2ff57e1a97eb7724294c1da5/element/345A8A1F9EC063DC529B28BE30AC8A01_element_446/name HTTP/1.1
User-Agent: selenium/4.8.1 (java windows)
Cache-Control: no-cache
Content-Type: application/json; charset=utf-8
host: localhost:12593
accept: */*

Response DefaultHttpResponse(decodeResult: success, version: HTTP/1.1)
HTTP/1.1 200 OK
Content-Length: 17
Content-Type: application/json; charset=utf-8
cache-control: no-cache

14:28:02.839 [AsyncHttpClient-1-7] DEBUG org.asynchttpclient.netty.channel.ChannelManager - Adding key: http://localhost:12593 for channel [id: 0xeaeee574, L:/127.0.0.1:59085 - R:localhost/127.0.0.1:12593]
14:28:02.839 [Forwarding getElementTagName on session 87eceb0d2ff57e1a97eb7724294c1da5 to remote] DEBUG org.asynchttpclient.netty.request.NettyRequestSender - Using pooled Channel '[id: 0xeaeee574, L:/127.0.0.1:59085 - R:localhost/127.0.0.1:12593]' for 'GET' to 'http://localhost:12593/session/87eceb0d2ff57e1a97eb7724294c1da5/element/345A8A1F9EC063DC529B28BE30AC8A01_element_446/name'
14:28:02.839 [Forwarding getElementTagName on session 87eceb0d2ff57e1a97eb7724294c1da5 to remote] DEBUG org.asynchttpclient.netty.request.NettyRequestSender - Using open Channel [id: 0xeaeee574, L:/127.0.0.1:59085 - R:localhost/127.0.0.1:12593] for GET '/session/87eceb0d2ff57e1a97eb7724294c1da5/element/345A8A1F9EC063DC529B28BE30AC8A01_element_446/name'
14:28:02.855 [AsyncHttpClient-1-7] DEBUG org.asynchttpclient.netty.handler.HttpHandler - 

Request DefaultFullHttpRequest(decodeResult: success, version: HTTP/1.1, content: EmptyByteBufBE)
GET /session/87eceb0d2ff57e1a97eb7724294c1da5/element/345A8A1F9EC063DC529B28BE30AC8A01_element_446/name HTTP/1.1
User-Agent: selenium/4.8.1 (java windows)
Cache-Control: no-cache
Content-Type: application/json; charset=utf-8
host: localhost:12593
accept: */*

Response DefaultHttpResponse(decodeResult: success, version: HTTP/1.1)
HTTP/1.1 200 OK
Content-Length: 17
Content-Type: application/json; charset=utf-8
cache-control: no-cache

14:28:02.855 [AsyncHttpClient-1-7] DEBUG org.asynchttpclient.netty.channel.ChannelManager - Adding key: http://localhost:12593 for channel [id: 0xeaeee574, L:/127.0.0.1:59085 - R:localhost/127.0.0.1:12593]
14:28:02.861 [Forwarding isElementEnabled on session 87eceb0d2ff57e1a97eb7724294c1da5 to remote] DEBUG org.asynchttpclient.netty.request.NettyRequestSender - Using pooled Channel '[id: 0xeaeee574, L:/127.0.0.1:59085 - R:localhost/127.0.0.1:12593]' for 'GET' to 'http://localhost:12593/session/87eceb0d2ff57e1a97eb7724294c1da5/element/345A8A1F9EC063DC529B28BE30AC8A01_element_446/enabled'
14:28:02.861 [Forwarding isElementEnabled on session 87eceb0d2ff57e1a97eb7724294c1da5 to remote] DEBUG org.asynchttpclient.netty.request.NettyRequestSender - Using open Channel [id: 0xeaeee574, L:/127.0.0.1:59085 - R:localhost/127.0.0.1:12593] for GET '/session/87eceb0d2ff57e1a97eb7724294c1da5/element/345A8A1F9EC063DC529B28BE30AC8A01_element_446/enabled'
14:28:02.872 [AsyncHttpClient-1-7] DEBUG org.asynchttpclient.netty.handler.HttpHandler - 

Request DefaultFullHttpRequest(decodeResult: success, version: HTTP/1.1, content: EmptyByteBufBE)
GET /session/87eceb0d2ff57e1a97eb7724294c1da5/element/345A8A1F9EC063DC529B28BE30AC8A01_element_446/enabled HTTP/1.1
User-Agent: selenium/4.8.1 (java windows)
Cache-Control: no-cache
Content-Type: application/json; charset=utf-8
host: localhost:12593
accept: */*

Response DefaultHttpResponse(decodeResult: success, version: HTTP/1.1)
HTTP/1.1 200 OK
Content-Length: 14
Content-Type: application/json; charset=utf-8
cache-control: no-cache

14:28:02.872 [AsyncHttpClient-1-7] DEBUG org.asynchttpclient.netty.channel.ChannelManager - Adding key: http://localhost:12593 for channel [id: 0xeaeee574, L:/127.0.0.1:59085 - R:localhost/127.0.0.1:12593]
14:28:02.872 [Forwarding isElementEnabled on session 87eceb0d2ff57e1a97eb7724294c1da5 to remote] DEBUG org.asynchttpclient.netty.request.NettyRequestSender - Using pooled Channel '[id: 0xeaeee574, L:/127.0.0.1:59085 - R:localhost/127.0.0.1:12593]' for 'GET' to 'http://localhost:12593/session/87eceb0d2ff57e1a97eb7724294c1da5/element/345A8A1F9EC063DC529B28BE30AC8A01_element_446/enabled'
14:28:02.872 [Forwarding isElementEnabled on session 87eceb0d2ff57e1a97eb7724294c1da5 to remote] DEBUG org.asynchttpclient.netty.request.NettyRequestSender - Using open Channel [id: 0xeaeee574, L:/127.0.0.1:59085 - R:localhost/127.0.0.1:12593] for GET '/session/87eceb0d2ff57e1a97eb7724294c1da5/element/345A8A1F9EC063DC529B28BE30AC8A01_element_446/enabled'
14:28:02.893 [AsyncHttpClient-1-7] DEBUG org.asynchttpclient.netty.handler.HttpHandler - 

Request DefaultFullHttpRequest(decodeResult: success, version: HTTP/1.1, content: EmptyByteBufBE)
GET /session/87eceb0d2ff57e1a97eb7724294c1da5/element/345A8A1F9EC063DC529B28BE30AC8A01_element_446/enabled HTTP/1.1
User-Agent: selenium/4.8.1 (java windows)
Cache-Control: no-cache
Content-Type: application/json; charset=utf-8
host: localhost:12593
accept: */*

Response DefaultHttpResponse(decodeResult: success, version: HTTP/1.1)
HTTP/1.1 200 OK
Content-Length: 14
Content-Type: application/json; charset=utf-8
cache-control: no-cache

14:28:02.893 [AsyncHttpClient-1-7] DEBUG org.asynchttpclient.netty.channel.ChannelManager - Adding key: http://localhost:12593 for channel [id: 0xeaeee574, L:/127.0.0.1:59085 - R:localhost/127.0.0.1:12593]
14:28:02.893 [Forwarding findElement on session 87eceb0d2ff57e1a97eb7724294c1da5 to remote] DEBUG org.asynchttpclient.netty.request.NettyRequestSender - Using pooled Channel '[id: 0xeaeee574, L:/127.0.0.1:59085 - R:localhost/127.0.0.1:12593]' for 'POST' to 'http://localhost:12593/session/87eceb0d2ff57e1a97eb7724294c1da5/element'
14:28:02.893 [Forwarding findElement on session 87eceb0d2ff57e1a97eb7724294c1da5 to remote] DEBUG org.asynchttpclient.netty.request.NettyRequestSender - Using open Channel [id: 0xeaeee574, L:/127.0.0.1:59085 - R:localhost/127.0.0.1:12593] for POST '/session/87eceb0d2ff57e1a97eb7724294c1da5/element'
14:28:02.914 [AsyncHttpClient-1-7] DEBUG org.asynchttpclient.netty.handler.HttpHandler - 

Request DefaultHttpRequest(decodeResult: success, version: HTTP/1.1)
POST /session/87eceb0d2ff57e1a97eb7724294c1da5/element HTTP/1.1
User-Agent: selenium/4.8.1 (java windows)
Content-Length: 75
Content-Type: application/json; charset=utf-8
host: localhost:12593
accept: */*

Response DefaultHttpResponse(decodeResult: success, version: HTTP/1.1)
HTTP/1.1 200 OK
Content-Length: 96
Content-Type: application/json; charset=utf-8
cache-control: no-cache

14:28:02.914 [AsyncHttpClient-1-7] DEBUG org.asynchttpclient.netty.channel.ChannelManager - Adding key: http://localhost:12593 for channel [id: 0xeaeee574, L:/127.0.0.1:59085 - R:localhost/127.0.0.1:12593]
14:28:02.914 [Forwarding clickElement on session 87eceb0d2ff57e1a97eb7724294c1da5 to remote] DEBUG org.asynchttpclient.netty.request.NettyRequestSender - Using pooled Channel '[id: 0xeaeee574, L:/127.0.0.1:59085 - R:localhost/127.0.0.1:12593]' for 'POST' to 'http://localhost:12593/session/87eceb0d2ff57e1a97eb7724294c1da5/element/345A8A1F9EC063DC529B28BE30AC8A01_element_446/click'
14:28:02.914 [Forwarding clickElement on session 87eceb0d2ff57e1a97eb7724294c1da5 to remote] DEBUG org.asynchttpclient.netty.request.NettyRequestSender - Using open Channel [id: 0xeaeee574, L:/127.0.0.1:59085 - R:localhost/127.0.0.1:12593] for POST '/session/87eceb0d2ff57e1a97eb7724294c1da5/element/345A8A1F9EC063DC529B28BE30AC8A01_element_446/click'
14:28:03.024 [AsyncHttpClient-1-7] DEBUG org.asynchttpclient.netty.handler.HttpHandler - 

Request DefaultHttpRequest(decodeResult: success, version: HTTP/1.1)
POST /session/87eceb0d2ff57e1a97eb7724294c1da5/element/345A8A1F9EC063DC529B28BE30AC8A01_element_446/click HTTP/1.1
User-Agent: selenium/4.8.1 (java windows)
Content-Length: 58
Content-Type: application/json; charset=utf-8
host: localhost:12593
accept: */*

Response DefaultHttpResponse(decodeResult: success, version: HTTP/1.1)
HTTP/1.1 200 OK
Content-Length: 14
Content-Type: application/json; charset=utf-8
cache-control: no-cache

14:28:03.029 [AsyncHttpClient-1-7] DEBUG org.asynchttpclient.netty.channel.ChannelManager - Adding key: http://localhost:12593 for channel [id: 0xeaeee574, L:/127.0.0.1:59085 - R:localhost/127.0.0.1:12593]
14:28:03.040 [Forwarding getAlertText on session 87eceb0d2ff57e1a97eb7724294c1da5 to remote] DEBUG org.asynchttpclient.netty.request.NettyRequestSender - Using pooled Channel '[id: 0xeaeee574, L:/127.0.0.1:59085 - R:localhost/127.0.0.1:12593]' for 'GET' to 'http://localhost:12593/session/87eceb0d2ff57e1a97eb7724294c1da5/alert/text'
14:28:03.040 [Forwarding getAlertText on session 87eceb0d2ff57e1a97eb7724294c1da5 to remote] DEBUG org.asynchttpclient.netty.request.NettyRequestSender - Using open Channel [id: 0xeaeee574, L:/127.0.0.1:59085 - R:localhost/127.0.0.1:12593] for GET '/session/87eceb0d2ff57e1a97eb7724294c1da5/alert/text'
14:28:03.044 [AsyncHttpClient-1-7] DEBUG org.asynchttpclient.netty.handler.HttpHandler - 

Request DefaultFullHttpRequest(decodeResult: success, version: HTTP/1.1, content: EmptyByteBufBE)
GET /session/87eceb0d2ff57e1a97eb7724294c1da5/alert/text HTTP/1.1
User-Agent: selenium/4.8.1 (java windows)
Cache-Control: no-cache
Content-Type: application/json; charset=utf-8
host: localhost:12593
accept: */*

Response DefaultHttpResponse(decodeResult: success, version: HTTP/1.1)
HTTP/1.1 404 Not Found
Content-Length: 821
Content-Type: application/json; charset=utf-8
cache-control: no-cache

14:28:03.056 [AsyncHttpClient-1-7] DEBUG org.asynchttpclient.netty.channel.ChannelManager - Adding key: http://localhost:12593 for channel [id: 0xeaeee574, L:/127.0.0.1:59085 - R:localhost/127.0.0.1:12593]
14:28:03.056 [Forwarding getCurrentUrl on session 87eceb0d2ff57e1a97eb7724294c1da5 to remote] DEBUG org.asynchttpclient.netty.request.NettyRequestSender - Using pooled Channel '[id: 0xeaeee574, L:/127.0.0.1:59085 - R:localhost/127.0.0.1:12593]' for 'GET' to 'http://localhost:12593/session/87eceb0d2ff57e1a97eb7724294c1da5/url'
14:28:03.056 [Forwarding getCurrentUrl on session 87eceb0d2ff57e1a97eb7724294c1da5 to remote] DEBUG org.asynchttpclient.netty.request.NettyRequestSender - Using open Channel [id: 0xeaeee574, L:/127.0.0.1:59085 - R:localhost/127.0.0.1:12593] for GET '/session/87eceb0d2ff57e1a97eb7724294c1da5/url'
14:28:03.063 [AsyncHttpClient-1-7] DEBUG org.asynchttpclient.netty.handler.HttpHandler - 

Request DefaultFullHttpRequest(decodeResult: success, version: HTTP/1.1, content: EmptyByteBufBE)
GET /session/87eceb0d2ff57e1a97eb7724294c1da5/url HTTP/1.1
User-Agent: selenium/4.8.1 (java windows)
Cache-Control: no-cache
Content-Type: application/json; charset=utf-8
host: localhost:12593
accept: */*

Response DefaultHttpResponse(decodeResult: success, version: HTTP/1.1)
HTTP/1.1 200 OK
Content-Length: 68
Content-Type: application/json; charset=utf-8
cache-control: no-cache

14:28:03.063 [AsyncHttpClient-1-7] DEBUG org.asynchttpclient.netty.channel.ChannelManager - Adding key: http://localhost:12593 for channel [id: 0xeaeee574, L:/127.0.0.1:59085 - R:localhost/127.0.0.1:12593]
14:28:03.071 [Forwarding screenshot on session 87eceb0d2ff57e1a97eb7724294c1da5 to remote] DEBUG org.asynchttpclient.netty.request.NettyRequestSender - Using pooled Channel '[id: 0xeaeee574, L:/127.0.0.1:59085 - R:localhost/127.0.0.1:12593]' for 'GET' to 'http://localhost:12593/session/87eceb0d2ff57e1a97eb7724294c1da5/screenshot'
14:28:03.071 [Forwarding screenshot on session 87eceb0d2ff57e1a97eb7724294c1da5 to remote] DEBUG org.asynchttpclient.netty.request.NettyRequestSender - Using open Channel [id: 0xeaeee574, L:/127.0.0.1:59085 - R:localhost/127.0.0.1:12593] for GET '/session/87eceb0d2ff57e1a97eb7724294c1da5/screenshot'
14:28:03.302 [AsyncHttpClient-1-7] DEBUG org.asynchttpclient.netty.handler.HttpHandler - 

Request DefaultFullHttpRequest(decodeResult: success, version: HTTP/1.1, content: EmptyByteBufBE)
GET /session/87eceb0d2ff57e1a97eb7724294c1da5/screenshot HTTP/1.1
User-Agent: selenium/4.8.1 (java windows)
Cache-Control: no-cache
Content-Type: application/json; charset=utf-8
host: localhost:12593
accept: */*

Response DefaultHttpResponse(decodeResult: success, version: HTTP/1.1)
HTTP/1.1 200 OK
Content-Length: 119488
Content-Type: application/json; charset=utf-8
cache-control: no-cache

14:28:03.302 [AsyncHttpClient-1-7] DEBUG org.asynchttpclient.netty.channel.ChannelManager - Adding key: http://localhost:12593 for channel [id: 0xeaeee574, L:/127.0.0.1:59085 - R:localhost/127.0.0.1:12593]
14:28:03.309 [main] DEBUG net.serenitybdd.core.photography.Darkroom - Send negative for processing for target\site\serenity\64ebe0e393fec00dd1db42ddfbd34783e0d543a6ac926fbffb106bd3623ffb00.png
14:28:03.309 [main] DEBUG net.thucydides.core.steps.StepInterceptor - STEP DONE: Click_existingcustomer
14:28:03.309 [Darkroom Processing Line] DEBUG net.serenitybdd.core.photography.DarkroomProcessingLine - Processing screenshot image in /var/screenshots/screenshot-2333116943160971743
14:28:03.309 [Darkroom Processing Line] DEBUG net.serenitybdd.core.photography.DarkroomProcessingLine - Saving screenshot to target\site\serenity\64ebe0e393fec00dd1db42ddfbd34783e0d543a6ac926fbffb106bd3623ffb00.png
14:28:03.330 [Forwarding getPageSource on session 87eceb0d2ff57e1a97eb7724294c1da5 to remote] DEBUG org.asynchttpclient.netty.request.NettyRequestSender - Using pooled Channel '[id: 0xeaeee574, L:/127.0.0.1:59085 - R:localhost/127.0.0.1:12593]' for 'POST' to 'http://localhost:12593/session/87eceb0d2ff57e1a97eb7724294c1da5/execute/sync'
14:28:03.330 [Forwarding getPageSource on session 87eceb0d2ff57e1a97eb7724294c1da5 to remote] DEBUG org.asynchttpclient.netty.request.NettyRequestSender - Using open Channel [id: 0xeaeee574, L:/127.0.0.1:59085 - R:localhost/127.0.0.1:12593] for POST '/session/87eceb0d2ff57e1a97eb7724294c1da5/execute/sync'
14:28:03.351 [AsyncHttpClient-1-7] DEBUG org.asynchttpclient.netty.handler.HttpHandler - 

Request DefaultHttpRequest(decodeResult: success, version: HTTP/1.1)
POST /session/87eceb0d2ff57e1a97eb7724294c1da5/execute/sync HTTP/1.1
User-Agent: selenium/4.8.1 (java windows)
Content-Length: 176
Content-Type: application/json; charset=utf-8
host: localhost:12593
accept: */*

Response DefaultHttpResponse(decodeResult: success, version: HTTP/1.1)
HTTP/1.1 200 OK
Content-Length: 105808
Content-Type: application/json; charset=utf-8
cache-control: no-cache

14:28:03.351 [AsyncHttpClient-1-7] DEBUG org.asynchttpclient.netty.channel.ChannelManager - Adding key: http://localhost:12593 for channel [id: 0xeaeee574, L:/127.0.0.1:59085 - R:localhost/127.0.0.1:12593]
14:28:03.369 [Forwarding getCurrentUrl on session 87eceb0d2ff57e1a97eb7724294c1da5 to remote] DEBUG org.asynchttpclient.netty.request.NettyRequestSender - Using pooled Channel '[id: 0xeaeee574, L:/127.0.0.1:59085 - R:localhost/127.0.0.1:12593]' for 'GET' to 'http://localhost:12593/session/87eceb0d2ff57e1a97eb7724294c1da5/url'
14:28:03.369 [Forwarding getCurrentUrl on session 87eceb0d2ff57e1a97eb7724294c1da5 to remote] DEBUG org.asynchttpclient.netty.request.NettyRequestSender - Using open Channel [id: 0xeaeee574, L:/127.0.0.1:59085 - R:localhost/127.0.0.1:12593] for GET '/session/87eceb0d2ff57e1a97eb7724294c1da5/url'
14:28:03.378 [AsyncHttpClient-1-7] DEBUG org.asynchttpclient.netty.handler.HttpHandler - 

Request DefaultFullHttpRequest(decodeResult: success, version: HTTP/1.1, content: EmptyByteBufBE)
GET /session/87eceb0d2ff57e1a97eb7724294c1da5/url HTTP/1.1
User-Agent: selenium/4.8.1 (java windows)
Cache-Control: no-cache
Content-Type: application/json; charset=utf-8
host: localhost:12593
accept: */*

Response DefaultHttpResponse(decodeResult: success, version: HTTP/1.1)
HTTP/1.1 200 OK
Content-Length: 68
Content-Type: application/json; charset=utf-8
cache-control: no-cache

14:28:03.378 [AsyncHttpClient-1-7] DEBUG org.asynchttpclient.netty.channel.ChannelManager - Adding key: http://localhost:12593 for channel [id: 0xeaeee574, L:/127.0.0.1:59085 - R:localhost/127.0.0.1:12593]
14:28:03.394 [Forwarding getAlertText on session 87eceb0d2ff57e1a97eb7724294c1da5 to remote] DEBUG org.asynchttpclient.netty.request.NettyRequestSender - Using pooled Channel '[id: 0xeaeee574, L:/127.0.0.1:59085 - R:localhost/127.0.0.1:12593]' for 'GET' to 'http://localhost:12593/session/87eceb0d2ff57e1a97eb7724294c1da5/alert/text'
14:28:03.394 [Forwarding getAlertText on session 87eceb0d2ff57e1a97eb7724294c1da5 to remote] DEBUG org.asynchttpclient.netty.request.NettyRequestSender - Using open Channel [id: 0xeaeee574, L:/127.0.0.1:59085 - R:localhost/127.0.0.1:12593] for GET '/session/87eceb0d2ff57e1a97eb7724294c1da5/alert/text'
14:28:03.397 [AsyncHttpClient-1-7] DEBUG org.asynchttpclient.netty.handler.HttpHandler - 

Request DefaultFullHttpRequest(decodeResult: success, version: HTTP/1.1, content: EmptyByteBufBE)
GET /session/87eceb0d2ff57e1a97eb7724294c1da5/alert/text HTTP/1.1
User-Agent: selenium/4.8.1 (java windows)
Cache-Control: no-cache
Content-Type: application/json; charset=utf-8
host: localhost:12593
accept: */*

Response DefaultHttpResponse(decodeResult: success, version: HTTP/1.1)
HTTP/1.1 404 Not Found
Content-Length: 821
Content-Type: application/json; charset=utf-8
cache-control: no-cache

14:28:03.397 [AsyncHttpClient-1-7] DEBUG org.asynchttpclient.netty.channel.ChannelManager - Adding key: http://localhost:12593 for channel [id: 0xeaeee574, L:/127.0.0.1:59085 - R:localhost/127.0.0.1:12593]
14:28:03.397 [Forwarding getCurrentUrl on session 87eceb0d2ff57e1a97eb7724294c1da5 to remote] DEBUG org.asynchttpclient.netty.request.NettyRequestSender - Using pooled Channel '[id: 0xeaeee574, L:/127.0.0.1:59085 - R:localhost/127.0.0.1:12593]' for 'GET' to 'http://localhost:12593/session/87eceb0d2ff57e1a97eb7724294c1da5/url'
14:28:03.397 [Forwarding getCurrentUrl on session 87eceb0d2ff57e1a97eb7724294c1da5 to remote] DEBUG org.asynchttpclient.netty.request.NettyRequestSender - Using open Channel [id: 0xeaeee574, L:/127.0.0.1:59085 - R:localhost/127.0.0.1:12593] for GET '/session/87eceb0d2ff57e1a97eb7724294c1da5/url'
14:28:03.405 [AsyncHttpClient-1-7] DEBUG org.asynchttpclient.netty.handler.HttpHandler - 

Request DefaultFullHttpRequest(decodeResult: success, version: HTTP/1.1, content: EmptyByteBufBE)
GET /session/87eceb0d2ff57e1a97eb7724294c1da5/url HTTP/1.1
User-Agent: selenium/4.8.1 (java windows)
Cache-Control: no-cache
Content-Type: application/json; charset=utf-8
host: localhost:12593
accept: */*

Response DefaultHttpResponse(decodeResult: success, version: HTTP/1.1)
HTTP/1.1 200 OK
Content-Length: 68
Content-Type: application/json; charset=utf-8
cache-control: no-cache

14:28:03.405 [AsyncHttpClient-1-7] DEBUG org.asynchttpclient.netty.channel.ChannelManager - Adding key: http://localhost:12593 for channel [id: 0xeaeee574, L:/127.0.0.1:59085 - R:localhost/127.0.0.1:12593]
14:28:03.405 [Forwarding screenshot on session 87eceb0d2ff57e1a97eb7724294c1da5 to remote] DEBUG org.asynchttpclient.netty.request.NettyRequestSender - Using pooled Channel '[id: 0xeaeee574, L:/127.0.0.1:59085 - R:localhost/127.0.0.1:12593]' for 'GET' to 'http://localhost:12593/session/87eceb0d2ff57e1a97eb7724294c1da5/screenshot'
14:28:03.405 [Forwarding screenshot on session 87eceb0d2ff57e1a97eb7724294c1da5 to remote] DEBUG org.asynchttpclient.netty.request.NettyRequestSender - Using open Channel [id: 0xeaeee574, L:/127.0.0.1:59085 - R:localhost/127.0.0.1:12593] for GET '/session/87eceb0d2ff57e1a97eb7724294c1da5/screenshot'
14:28:03.629 [AsyncHttpClient-1-7] DEBUG org.asynchttpclient.netty.handler.HttpHandler - 

Request DefaultFullHttpRequest(decodeResult: success, version: HTTP/1.1, content: EmptyByteBufBE)
GET /session/87eceb0d2ff57e1a97eb7724294c1da5/screenshot HTTP/1.1
User-Agent: selenium/4.8.1 (java windows)
Cache-Control: no-cache
Content-Type: application/json; charset=utf-8
host: localhost:12593
accept: */*

Response DefaultHttpResponse(decodeResult: success, version: HTTP/1.1)
HTTP/1.1 200 OK
Content-Length: 119488
Content-Type: application/json; charset=utf-8
cache-control: no-cache

14:28:03.629 [AsyncHttpClient-1-7] DEBUG org.asynchttpclient.netty.channel.ChannelManager - Adding key: http://localhost:12593 for channel [id: 0xeaeee574, L:/127.0.0.1:59085 - R:localhost/127.0.0.1:12593]
14:28:03.634 [main] DEBUG net.serenitybdd.core.photography.Darkroom - Send negative for processing for target\site\serenity\64ebe0e393fec00dd1db42ddfbd34783e0d543a6ac926fbffb106bd3623ffb00.png
14:28:03.639 [Forwarding getPageSource on session 87eceb0d2ff57e1a97eb7724294c1da5 to remote] DEBUG org.asynchttpclient.netty.request.NettyRequestSender - Using pooled Channel '[id: 0xeaeee574, L:/127.0.0.1:59085 - R:localhost/127.0.0.1:12593]' for 'POST' to 'http://localhost:12593/session/87eceb0d2ff57e1a97eb7724294c1da5/execute/sync'
14:28:03.639 [Forwarding getPageSource on session 87eceb0d2ff57e1a97eb7724294c1da5 to remote] DEBUG org.asynchttpclient.netty.request.NettyRequestSender - Using open Channel [id: 0xeaeee574, L:/127.0.0.1:59085 - R:localhost/127.0.0.1:12593] for POST '/session/87eceb0d2ff57e1a97eb7724294c1da5/execute/sync'
14:28:03.676 [AsyncHttpClient-1-7] DEBUG org.asynchttpclient.netty.handler.HttpHandler - 

Request DefaultHttpRequest(decodeResult: success, version: HTTP/1.1)
POST /session/87eceb0d2ff57e1a97eb7724294c1da5/execute/sync HTTP/1.1
User-Agent: selenium/4.8.1 (java windows)
Content-Length: 176
Content-Type: application/json; charset=utf-8
host: localhost:12593
accept: */*

Response DefaultHttpResponse(decodeResult: success, version: HTTP/1.1)
HTTP/1.1 200 OK
Content-Length: 105808
Content-Type: application/json; charset=utf-8
cache-control: no-cache

14:28:03.676 [AsyncHttpClient-1-7] DEBUG org.asynchttpclient.netty.channel.ChannelManager - Adding key: http://localhost:12593 for channel [id: 0xeaeee574, L:/127.0.0.1:59085 - R:localhost/127.0.0.1:12593]
14:28:03.693 [Forwarding getCurrentUrl on session 87eceb0d2ff57e1a97eb7724294c1da5 to remote] DEBUG org.asynchttpclient.netty.request.NettyRequestSender - Using pooled Channel '[id: 0xeaeee574, L:/127.0.0.1:59085 - R:localhost/127.0.0.1:12593]' for 'GET' to 'http://localhost:12593/session/87eceb0d2ff57e1a97eb7724294c1da5/url'
14:28:03.693 [Forwarding getCurrentUrl on session 87eceb0d2ff57e1a97eb7724294c1da5 to remote] DEBUG org.asynchttpclient.netty.request.NettyRequestSender - Using open Channel [id: 0xeaeee574, L:/127.0.0.1:59085 - R:localhost/127.0.0.1:12593] for GET '/session/87eceb0d2ff57e1a97eb7724294c1da5/url'
14:28:03.703 [AsyncHttpClient-1-7] DEBUG org.asynchttpclient.netty.handler.HttpHandler - 

Request DefaultFullHttpRequest(decodeResult: success, version: HTTP/1.1, content: EmptyByteBufBE)
GET /session/87eceb0d2ff57e1a97eb7724294c1da5/url HTTP/1.1
User-Agent: selenium/4.8.1 (java windows)
Cache-Control: no-cache
Content-Type: application/json; charset=utf-8
host: localhost:12593
accept: */*

Response DefaultHttpResponse(decodeResult: success, version: HTTP/1.1)
HTTP/1.1 200 OK
Content-Length: 68
Content-Type: application/json; charset=utf-8
cache-control: no-cache

14:28:03.703 [AsyncHttpClient-1-7] DEBUG org.asynchttpclient.netty.channel.ChannelManager - Adding key: http://localhost:12593 for channel [id: 0xeaeee574, L:/127.0.0.1:59085 - R:localhost/127.0.0.1:12593]
14:28:03.708 [main] DEBUG net.thucydides.core.steps.StepInterceptor - STARTING STEP: Afrexim_OurBank_Contactus_Givefeedback_steps.click_preferred_contact_method - Click_preferred_contactmethod
14:28:03.714 [Forwarding findElement on session 87eceb0d2ff57e1a97eb7724294c1da5 to remote] DEBUG org.asynchttpclient.netty.request.NettyRequestSender - Using pooled Channel '[id: 0xeaeee574, L:/127.0.0.1:59085 - R:localhost/127.0.0.1:12593]' for 'POST' to 'http://localhost:12593/session/87eceb0d2ff57e1a97eb7724294c1da5/element'
14:28:03.714 [Forwarding findElement on session 87eceb0d2ff57e1a97eb7724294c1da5 to remote] DEBUG org.asynchttpclient.netty.request.NettyRequestSender - Using open Channel [id: 0xeaeee574, L:/127.0.0.1:59085 - R:localhost/127.0.0.1:12593] for POST '/session/87eceb0d2ff57e1a97eb7724294c1da5/element'
14:28:03.736 [AsyncHttpClient-1-7] DEBUG org.asynchttpclient.netty.handler.HttpHandler - 

Request DefaultHttpRequest(decodeResult: success, version: HTTP/1.1)
POST /session/87eceb0d2ff57e1a97eb7724294c1da5/element HTTP/1.1
User-Agent: selenium/4.8.1 (java windows)
Content-Length: 75
Content-Type: application/json; charset=utf-8
host: localhost:12593
accept: */*

Response DefaultHttpResponse(decodeResult: success, version: HTTP/1.1)
HTTP/1.1 200 OK
Content-Length: 96
Content-Type: application/json; charset=utf-8
cache-control: no-cache

14:28:03.736 [AsyncHttpClient-1-7] DEBUG org.asynchttpclient.netty.channel.ChannelManager - Adding key: http://localhost:12593 for channel [id: 0xeaeee574, L:/127.0.0.1:59085 - R:localhost/127.0.0.1:12593]
14:28:03.736 [Forwarding getElementTagName on session 87eceb0d2ff57e1a97eb7724294c1da5 to remote] DEBUG org.asynchttpclient.netty.request.NettyRequestSender - Using pooled Channel '[id: 0xeaeee574, L:/127.0.0.1:59085 - R:localhost/127.0.0.1:12593]' for 'GET' to 'http://localhost:12593/session/87eceb0d2ff57e1a97eb7724294c1da5/element/345A8A1F9EC063DC529B28BE30AC8A01_element_447/name'
14:28:03.736 [Forwarding getElementTagName on session 87eceb0d2ff57e1a97eb7724294c1da5 to remote] DEBUG org.asynchttpclient.netty.request.NettyRequestSender - Using open Channel [id: 0xeaeee574, L:/127.0.0.1:59085 - R:localhost/127.0.0.1:12593] for GET '/session/87eceb0d2ff57e1a97eb7724294c1da5/element/345A8A1F9EC063DC529B28BE30AC8A01_element_447/name'
14:28:03.746 [AsyncHttpClient-1-7] DEBUG org.asynchttpclient.netty.handler.HttpHandler - 

Request DefaultFullHttpRequest(decodeResult: success, version: HTTP/1.1, content: EmptyByteBufBE)
GET /session/87eceb0d2ff57e1a97eb7724294c1da5/element/345A8A1F9EC063DC529B28BE30AC8A01_element_447/name HTTP/1.1
User-Agent: selenium/4.8.1 (java windows)
Cache-Control: no-cache
Content-Type: application/json; charset=utf-8
host: localhost:12593
accept: */*

Response DefaultHttpResponse(decodeResult: success, version: HTTP/1.1)
HTTP/1.1 200 OK
Content-Length: 17
Content-Type: application/json; charset=utf-8
cache-control: no-cache

14:28:03.746 [AsyncHttpClient-1-7] DEBUG org.asynchttpclient.netty.channel.ChannelManager - Adding key: http://localhost:12593 for channel [id: 0xeaeee574, L:/127.0.0.1:59085 - R:localhost/127.0.0.1:12593]
14:28:03.746 [Forwarding getElementTagName on session 87eceb0d2ff57e1a97eb7724294c1da5 to remote] DEBUG org.asynchttpclient.netty.request.NettyRequestSender - Using pooled Channel '[id: 0xeaeee574, L:/127.0.0.1:59085 - R:localhost/127.0.0.1:12593]' for 'GET' to 'http://localhost:12593/session/87eceb0d2ff57e1a97eb7724294c1da5/element/345A8A1F9EC063DC529B28BE30AC8A01_element_447/name'
14:28:03.746 [Forwarding getElementTagName on session 87eceb0d2ff57e1a97eb7724294c1da5 to remote] DEBUG org.asynchttpclient.netty.request.NettyRequestSender - Using open Channel [id: 0xeaeee574, L:/127.0.0.1:59085 - R:localhost/127.0.0.1:12593] for GET '/session/87eceb0d2ff57e1a97eb7724294c1da5/element/345A8A1F9EC063DC529B28BE30AC8A01_element_447/name'
14:28:03.746 [AsyncHttpClient-1-7] DEBUG org.asynchttpclient.netty.handler.HttpHandler - 

Request DefaultFullHttpRequest(decodeResult: success, version: HTTP/1.1, content: EmptyByteBufBE)
GET /session/87eceb0d2ff57e1a97eb7724294c1da5/element/345A8A1F9EC063DC529B28BE30AC8A01_element_447/name HTTP/1.1
User-Agent: selenium/4.8.1 (java windows)
Cache-Control: no-cache
Content-Type: application/json; charset=utf-8
host: localhost:12593
accept: */*

Response DefaultHttpResponse(decodeResult: success, version: HTTP/1.1)
HTTP/1.1 200 OK
Content-Length: 17
Content-Type: application/json; charset=utf-8
cache-control: no-cache

14:28:03.757 [AsyncHttpClient-1-7] DEBUG org.asynchttpclient.netty.channel.ChannelManager - Adding key: http://localhost:12593 for channel [id: 0xeaeee574, L:/127.0.0.1:59085 - R:localhost/127.0.0.1:12593]
14:28:03.757 [Forwarding isElementEnabled on session 87eceb0d2ff57e1a97eb7724294c1da5 to remote] DEBUG org.asynchttpclient.netty.request.NettyRequestSender - Using pooled Channel '[id: 0xeaeee574, L:/127.0.0.1:59085 - R:localhost/127.0.0.1:12593]' for 'GET' to 'http://localhost:12593/session/87eceb0d2ff57e1a97eb7724294c1da5/element/345A8A1F9EC063DC529B28BE30AC8A01_element_447/enabled'
14:28:03.757 [Forwarding isElementEnabled on session 87eceb0d2ff57e1a97eb7724294c1da5 to remote] DEBUG org.asynchttpclient.netty.request.NettyRequestSender - Using open Channel [id: 0xeaeee574, L:/127.0.0.1:59085 - R:localhost/127.0.0.1:12593] for GET '/session/87eceb0d2ff57e1a97eb7724294c1da5/element/345A8A1F9EC063DC529B28BE30AC8A01_element_447/enabled'
14:28:03.772 [AsyncHttpClient-1-7] DEBUG org.asynchttpclient.netty.handler.HttpHandler - 

Request DefaultFullHttpRequest(decodeResult: success, version: HTTP/1.1, content: EmptyByteBufBE)
GET /session/87eceb0d2ff57e1a97eb7724294c1da5/element/345A8A1F9EC063DC529B28BE30AC8A01_element_447/enabled HTTP/1.1
User-Agent: selenium/4.8.1 (java windows)
Cache-Control: no-cache
Content-Type: application/json; charset=utf-8
host: localhost:12593
accept: */*

Response DefaultHttpResponse(decodeResult: success, version: HTTP/1.1)
HTTP/1.1 200 OK
Content-Length: 14
Content-Type: application/json; charset=utf-8
cache-control: no-cache

14:28:03.772 [AsyncHttpClient-1-7] DEBUG org.asynchttpclient.netty.channel.ChannelManager - Adding key: http://localhost:12593 for channel [id: 0xeaeee574, L:/127.0.0.1:59085 - R:localhost/127.0.0.1:12593]
14:28:03.772 [Forwarding isElementEnabled on session 87eceb0d2ff57e1a97eb7724294c1da5 to remote] DEBUG org.asynchttpclient.netty.request.NettyRequestSender - Using pooled Channel '[id: 0xeaeee574, L:/127.0.0.1:59085 - R:localhost/127.0.0.1:12593]' for 'GET' to 'http://localhost:12593/session/87eceb0d2ff57e1a97eb7724294c1da5/element/345A8A1F9EC063DC529B28BE30AC8A01_element_447/enabled'
14:28:03.772 [Forwarding isElementEnabled on session 87eceb0d2ff57e1a97eb7724294c1da5 to remote] DEBUG org.asynchttpclient.netty.request.NettyRequestSender - Using open Channel [id: 0xeaeee574, L:/127.0.0.1:59085 - R:localhost/127.0.0.1:12593] for GET '/session/87eceb0d2ff57e1a97eb7724294c1da5/element/345A8A1F9EC063DC529B28BE30AC8A01_element_447/enabled'
14:28:03.778 [AsyncHttpClient-1-7] DEBUG org.asynchttpclient.netty.handler.HttpHandler - 

Request DefaultFullHttpRequest(decodeResult: success, version: HTTP/1.1, content: EmptyByteBufBE)
GET /session/87eceb0d2ff57e1a97eb7724294c1da5/element/345A8A1F9EC063DC529B28BE30AC8A01_element_447/enabled HTTP/1.1
User-Agent: selenium/4.8.1 (java windows)
Cache-Control: no-cache
Content-Type: application/json; charset=utf-8
host: localhost:12593
accept: */*

Response DefaultHttpResponse(decodeResult: success, version: HTTP/1.1)
HTTP/1.1 200 OK
Content-Length: 14
Content-Type: application/json; charset=utf-8
cache-control: no-cache

14:28:03.778 [AsyncHttpClient-1-7] DEBUG org.asynchttpclient.netty.channel.ChannelManager - Adding key: http://localhost:12593 for channel [id: 0xeaeee574, L:/127.0.0.1:59085 - R:localhost/127.0.0.1:12593]
14:28:03.778 [Forwarding findElement on session 87eceb0d2ff57e1a97eb7724294c1da5 to remote] DEBUG org.asynchttpclient.netty.request.NettyRequestSender - Using pooled Channel '[id: 0xeaeee574, L:/127.0.0.1:59085 - R:localhost/127.0.0.1:12593]' for 'POST' to 'http://localhost:12593/session/87eceb0d2ff57e1a97eb7724294c1da5/element'
14:28:03.778 [Forwarding findElement on session 87eceb0d2ff57e1a97eb7724294c1da5 to remote] DEBUG org.asynchttpclient.netty.request.NettyRequestSender - Using open Channel [id: 0xeaeee574, L:/127.0.0.1:59085 - R:localhost/127.0.0.1:12593] for POST '/session/87eceb0d2ff57e1a97eb7724294c1da5/element'
14:28:03.800 [AsyncHttpClient-1-7] DEBUG org.asynchttpclient.netty.handler.HttpHandler - 

Request DefaultHttpRequest(decodeResult: success, version: HTTP/1.1)
POST /session/87eceb0d2ff57e1a97eb7724294c1da5/element HTTP/1.1
User-Agent: selenium/4.8.1 (java windows)
Content-Length: 75
Content-Type: application/json; charset=utf-8
host: localhost:12593
accept: */*

Response DefaultHttpResponse(decodeResult: success, version: HTTP/1.1)
HTTP/1.1 200 OK
Content-Length: 96
Content-Type: application/json; charset=utf-8
cache-control: no-cache

14:28:03.800 [AsyncHttpClient-1-7] DEBUG org.asynchttpclient.netty.channel.ChannelManager - Adding key: http://localhost:12593 for channel [id: 0xeaeee574, L:/127.0.0.1:59085 - R:localhost/127.0.0.1:12593]
14:28:03.800 [Forwarding clickElement on session 87eceb0d2ff57e1a97eb7724294c1da5 to remote] DEBUG org.asynchttpclient.netty.request.NettyRequestSender - Using pooled Channel '[id: 0xeaeee574, L:/127.0.0.1:59085 - R:localhost/127.0.0.1:12593]' for 'POST' to 'http://localhost:12593/session/87eceb0d2ff57e1a97eb7724294c1da5/element/345A8A1F9EC063DC529B28BE30AC8A01_element_447/click'
14:28:03.800 [Forwarding clickElement on session 87eceb0d2ff57e1a97eb7724294c1da5 to remote] DEBUG org.asynchttpclient.netty.request.NettyRequestSender - Using open Channel [id: 0xeaeee574, L:/127.0.0.1:59085 - R:localhost/127.0.0.1:12593] for POST '/session/87eceb0d2ff57e1a97eb7724294c1da5/element/345A8A1F9EC063DC529B28BE30AC8A01_element_447/click'
14:28:03.899 [AsyncHttpClient-1-7] DEBUG org.asynchttpclient.netty.handler.HttpHandler - 

Request DefaultHttpRequest(decodeResult: success, version: HTTP/1.1)
POST /session/87eceb0d2ff57e1a97eb7724294c1da5/element/345A8A1F9EC063DC529B28BE30AC8A01_element_447/click HTTP/1.1
User-Agent: selenium/4.8.1 (java windows)
Content-Length: 58
Content-Type: application/json; charset=utf-8
host: localhost:12593
accept: */*

Response DefaultHttpResponse(decodeResult: success, version: HTTP/1.1)
HTTP/1.1 200 OK
Content-Length: 14
Content-Type: application/json; charset=utf-8
cache-control: no-cache

14:28:03.899 [AsyncHttpClient-1-7] DEBUG org.asynchttpclient.netty.channel.ChannelManager - Adding key: http://localhost:12593 for channel [id: 0xeaeee574, L:/127.0.0.1:59085 - R:localhost/127.0.0.1:12593]
14:28:03.909 [Forwarding getAlertText on session 87eceb0d2ff57e1a97eb7724294c1da5 to remote] DEBUG org.asynchttpclient.netty.request.NettyRequestSender - Using pooled Channel '[id: 0xeaeee574, L:/127.0.0.1:59085 - R:localhost/127.0.0.1:12593]' for 'GET' to 'http://localhost:12593/session/87eceb0d2ff57e1a97eb7724294c1da5/alert/text'
14:28:03.909 [Forwarding getAlertText on session 87eceb0d2ff57e1a97eb7724294c1da5 to remote] DEBUG org.asynchttpclient.netty.request.NettyRequestSender - Using open Channel [id: 0xeaeee574, L:/127.0.0.1:59085 - R:localhost/127.0.0.1:12593] for GET '/session/87eceb0d2ff57e1a97eb7724294c1da5/alert/text'
14:28:03.917 [AsyncHttpClient-1-7] DEBUG org.asynchttpclient.netty.handler.HttpHandler - 

Request DefaultFullHttpRequest(decodeResult: success, version: HTTP/1.1, content: EmptyByteBufBE)
GET /session/87eceb0d2ff57e1a97eb7724294c1da5/alert/text HTTP/1.1
User-Agent: selenium/4.8.1 (java windows)
Cache-Control: no-cache
Content-Type: application/json; charset=utf-8
host: localhost:12593
accept: */*

Response DefaultHttpResponse(decodeResult: success, version: HTTP/1.1)
HTTP/1.1 404 Not Found
Content-Length: 821
Content-Type: application/json; charset=utf-8
cache-control: no-cache

14:28:03.917 [AsyncHttpClient-1-7] DEBUG org.asynchttpclient.netty.channel.ChannelManager - Adding key: http://localhost:12593 for channel [id: 0xeaeee574, L:/127.0.0.1:59085 - R:localhost/127.0.0.1:12593]
14:28:03.917 [Forwarding getCurrentUrl on session 87eceb0d2ff57e1a97eb7724294c1da5 to remote] DEBUG org.asynchttpclient.netty.request.NettyRequestSender - Using pooled Channel '[id: 0xeaeee574, L:/127.0.0.1:59085 - R:localhost/127.0.0.1:12593]' for 'GET' to 'http://localhost:12593/session/87eceb0d2ff57e1a97eb7724294c1da5/url'
14:28:03.917 [Forwarding getCurrentUrl on session 87eceb0d2ff57e1a97eb7724294c1da5 to remote] DEBUG org.asynchttpclient.netty.request.NettyRequestSender - Using open Channel [id: 0xeaeee574, L:/127.0.0.1:59085 - R:localhost/127.0.0.1:12593] for GET '/session/87eceb0d2ff57e1a97eb7724294c1da5/url'
14:28:03.927 [AsyncHttpClient-1-7] DEBUG org.asynchttpclient.netty.handler.HttpHandler - 

Request DefaultFullHttpRequest(decodeResult: success, version: HTTP/1.1, content: EmptyByteBufBE)
GET /session/87eceb0d2ff57e1a97eb7724294c1da5/url HTTP/1.1
User-Agent: selenium/4.8.1 (java windows)
Cache-Control: no-cache
Content-Type: application/json; charset=utf-8
host: localhost:12593
accept: */*

Response DefaultHttpResponse(decodeResult: success, version: HTTP/1.1)
HTTP/1.1 200 OK
Content-Length: 68
Content-Type: application/json; charset=utf-8
cache-control: no-cache

14:28:03.927 [AsyncHttpClient-1-7] DEBUG org.asynchttpclient.netty.channel.ChannelManager - Adding key: http://localhost:12593 for channel [id: 0xeaeee574, L:/127.0.0.1:59085 - R:localhost/127.0.0.1:12593]
14:28:03.927 [Forwarding screenshot on session 87eceb0d2ff57e1a97eb7724294c1da5 to remote] DEBUG org.asynchttpclient.netty.request.NettyRequestSender - Using pooled Channel '[id: 0xeaeee574, L:/127.0.0.1:59085 - R:localhost/127.0.0.1:12593]' for 'GET' to 'http://localhost:12593/session/87eceb0d2ff57e1a97eb7724294c1da5/screenshot'
14:28:03.927 [Forwarding screenshot on session 87eceb0d2ff57e1a97eb7724294c1da5 to remote] DEBUG org.asynchttpclient.netty.request.NettyRequestSender - Using open Channel [id: 0xeaeee574, L:/127.0.0.1:59085 - R:localhost/127.0.0.1:12593] for GET '/session/87eceb0d2ff57e1a97eb7724294c1da5/screenshot'
14:28:04.176 [AsyncHttpClient-1-7] DEBUG org.asynchttpclient.netty.handler.HttpHandler - 

Request DefaultFullHttpRequest(decodeResult: success, version: HTTP/1.1, content: EmptyByteBufBE)
GET /session/87eceb0d2ff57e1a97eb7724294c1da5/screenshot HTTP/1.1
User-Agent: selenium/4.8.1 (java windows)
Cache-Control: no-cache
Content-Type: application/json; charset=utf-8
host: localhost:12593
accept: */*

Response DefaultHttpResponse(decodeResult: success, version: HTTP/1.1)
HTTP/1.1 200 OK
Content-Length: 119188
Content-Type: application/json; charset=utf-8
cache-control: no-cache

14:28:04.176 [AsyncHttpClient-1-7] DEBUG org.asynchttpclient.netty.channel.ChannelManager - Adding key: http://localhost:12593 for channel [id: 0xeaeee574, L:/127.0.0.1:59085 - R:localhost/127.0.0.1:12593]
14:28:04.184 [main] DEBUG net.serenitybdd.core.photography.Darkroom - Send negative for processing for target\site\serenity\45aeafc690ab787557cfd56dfd6d94b7a77954a3bcfd53063d37adfde2d3d8fc.png
14:28:04.184 [main] DEBUG net.thucydides.core.steps.StepInterceptor - STEP DONE: Click_preferred_contactmethod
14:28:04.184 [Darkroom Processing Line] DEBUG net.serenitybdd.core.photography.DarkroomProcessingLine - Processing screenshot image in /var/screenshots/screenshot-3539498586282406099
14:28:04.184 [Darkroom Processing Line] DEBUG net.serenitybdd.core.photography.DarkroomProcessingLine - Saving screenshot to target\site\serenity\45aeafc690ab787557cfd56dfd6d94b7a77954a3bcfd53063d37adfde2d3d8fc.png
14:28:04.199 [Forwarding getPageSource on session 87eceb0d2ff57e1a97eb7724294c1da5 to remote] DEBUG org.asynchttpclient.netty.request.NettyRequestSender - Using pooled Channel '[id: 0xeaeee574, L:/127.0.0.1:59085 - R:localhost/127.0.0.1:12593]' for 'POST' to 'http://localhost:12593/session/87eceb0d2ff57e1a97eb7724294c1da5/execute/sync'
14:28:04.199 [Forwarding getPageSource on session 87eceb0d2ff57e1a97eb7724294c1da5 to remote] DEBUG org.asynchttpclient.netty.request.NettyRequestSender - Using open Channel [id: 0xeaeee574, L:/127.0.0.1:59085 - R:localhost/127.0.0.1:12593] for POST '/session/87eceb0d2ff57e1a97eb7724294c1da5/execute/sync'
14:28:04.226 [AsyncHttpClient-1-7] DEBUG org.asynchttpclient.netty.handler.HttpHandler - 

Request DefaultHttpRequest(decodeResult: success, version: HTTP/1.1)
POST /session/87eceb0d2ff57e1a97eb7724294c1da5/execute/sync HTTP/1.1
User-Agent: selenium/4.8.1 (java windows)
Content-Length: 176
Content-Type: application/json; charset=utf-8
host: localhost:12593
accept: */*

Response DefaultHttpResponse(decodeResult: success, version: HTTP/1.1)
HTTP/1.1 200 OK
Content-Length: 105808
Content-Type: application/json; charset=utf-8
cache-control: no-cache

14:28:04.226 [AsyncHttpClient-1-7] DEBUG org.asynchttpclient.netty.channel.ChannelManager - Adding key: http://localhost:12593 for channel [id: 0xeaeee574, L:/127.0.0.1:59085 - R:localhost/127.0.0.1:12593]
14:28:04.242 [Forwarding getCurrentUrl on session 87eceb0d2ff57e1a97eb7724294c1da5 to remote] DEBUG org.asynchttpclient.netty.request.NettyRequestSender - Using pooled Channel '[id: 0xeaeee574, L:/127.0.0.1:59085 - R:localhost/127.0.0.1:12593]' for 'GET' to 'http://localhost:12593/session/87eceb0d2ff57e1a97eb7724294c1da5/url'
14:28:04.242 [Forwarding getCurrentUrl on session 87eceb0d2ff57e1a97eb7724294c1da5 to remote] DEBUG org.asynchttpclient.netty.request.NettyRequestSender - Using open Channel [id: 0xeaeee574, L:/127.0.0.1:59085 - R:localhost/127.0.0.1:12593] for GET '/session/87eceb0d2ff57e1a97eb7724294c1da5/url'
14:28:04.248 [AsyncHttpClient-1-7] DEBUG org.asynchttpclient.netty.handler.HttpHandler - 

Request DefaultFullHttpRequest(decodeResult: success, version: HTTP/1.1, content: EmptyByteBufBE)
GET /session/87eceb0d2ff57e1a97eb7724294c1da5/url HTTP/1.1
User-Agent: selenium/4.8.1 (java windows)
Cache-Control: no-cache
Content-Type: application/json; charset=utf-8
host: localhost:12593
accept: */*

Response DefaultHttpResponse(decodeResult: success, version: HTTP/1.1)
HTTP/1.1 200 OK
Content-Length: 68
Content-Type: application/json; charset=utf-8
cache-control: no-cache

14:28:04.248 [AsyncHttpClient-1-7] DEBUG org.asynchttpclient.netty.channel.ChannelManager - Adding key: http://localhost:12593 for channel [id: 0xeaeee574, L:/127.0.0.1:59085 - R:localhost/127.0.0.1:12593]
14:28:04.258 [Forwarding getAlertText on session 87eceb0d2ff57e1a97eb7724294c1da5 to remote] DEBUG org.asynchttpclient.netty.request.NettyRequestSender - Using pooled Channel '[id: 0xeaeee574, L:/127.0.0.1:59085 - R:localhost/127.0.0.1:12593]' for 'GET' to 'http://localhost:12593/session/87eceb0d2ff57e1a97eb7724294c1da5/alert/text'
14:28:04.258 [Forwarding getAlertText on session 87eceb0d2ff57e1a97eb7724294c1da5 to remote] DEBUG org.asynchttpclient.netty.request.NettyRequestSender - Using open Channel [id: 0xeaeee574, L:/127.0.0.1:59085 - R:localhost/127.0.0.1:12593] for GET '/session/87eceb0d2ff57e1a97eb7724294c1da5/alert/text'
14:28:04.258 [AsyncHttpClient-1-7] DEBUG org.asynchttpclient.netty.handler.HttpHandler - 

Request DefaultFullHttpRequest(decodeResult: success, version: HTTP/1.1, content: EmptyByteBufBE)
GET /session/87eceb0d2ff57e1a97eb7724294c1da5/alert/text HTTP/1.1
User-Agent: selenium/4.8.1 (java windows)
Cache-Control: no-cache
Content-Type: application/json; charset=utf-8
host: localhost:12593
accept: */*

Response DefaultHttpResponse(decodeResult: success, version: HTTP/1.1)
HTTP/1.1 404 Not Found
Content-Length: 821
Content-Type: application/json; charset=utf-8
cache-control: no-cache

14:28:04.258 [AsyncHttpClient-1-7] DEBUG org.asynchttpclient.netty.channel.ChannelManager - Adding key: http://localhost:12593 for channel [id: 0xeaeee574, L:/127.0.0.1:59085 - R:localhost/127.0.0.1:12593]
14:28:04.269 [Forwarding getCurrentUrl on session 87eceb0d2ff57e1a97eb7724294c1da5 to remote] DEBUG org.asynchttpclient.netty.request.NettyRequestSender - Using pooled Channel '[id: 0xeaeee574, L:/127.0.0.1:59085 - R:localhost/127.0.0.1:12593]' for 'GET' to 'http://localhost:12593/session/87eceb0d2ff57e1a97eb7724294c1da5/url'
14:28:04.269 [Forwarding getCurrentUrl on session 87eceb0d2ff57e1a97eb7724294c1da5 to remote] DEBUG org.asynchttpclient.netty.request.NettyRequestSender - Using open Channel [id: 0xeaeee574, L:/127.0.0.1:59085 - R:localhost/127.0.0.1:12593] for GET '/session/87eceb0d2ff57e1a97eb7724294c1da5/url'
14:28:04.269 [AsyncHttpClient-1-7] DEBUG org.asynchttpclient.netty.handler.HttpHandler - 

Request DefaultFullHttpRequest(decodeResult: success, version: HTTP/1.1, content: EmptyByteBufBE)
GET /session/87eceb0d2ff57e1a97eb7724294c1da5/url HTTP/1.1
User-Agent: selenium/4.8.1 (java windows)
Cache-Control: no-cache
Content-Type: application/json; charset=utf-8
host: localhost:12593
accept: */*

Response DefaultHttpResponse(decodeResult: success, version: HTTP/1.1)
HTTP/1.1 200 OK
Content-Length: 68
Content-Type: application/json; charset=utf-8
cache-control: no-cache

14:28:04.269 [AsyncHttpClient-1-7] DEBUG org.asynchttpclient.netty.channel.ChannelManager - Adding key: http://localhost:12593 for channel [id: 0xeaeee574, L:/127.0.0.1:59085 - R:localhost/127.0.0.1:12593]
14:28:04.279 [Forwarding screenshot on session 87eceb0d2ff57e1a97eb7724294c1da5 to remote] DEBUG org.asynchttpclient.netty.request.NettyRequestSender - Using pooled Channel '[id: 0xeaeee574, L:/127.0.0.1:59085 - R:localhost/127.0.0.1:12593]' for 'GET' to 'http://localhost:12593/session/87eceb0d2ff57e1a97eb7724294c1da5/screenshot'
14:28:04.279 [Forwarding screenshot on session 87eceb0d2ff57e1a97eb7724294c1da5 to remote] DEBUG org.asynchttpclient.netty.request.NettyRequestSender - Using open Channel [id: 0xeaeee574, L:/127.0.0.1:59085 - R:localhost/127.0.0.1:12593] for GET '/session/87eceb0d2ff57e1a97eb7724294c1da5/screenshot'
14:28:04.542 [AsyncHttpClient-1-7] DEBUG org.asynchttpclient.netty.handler.HttpHandler - 

Request DefaultFullHttpRequest(decodeResult: success, version: HTTP/1.1, content: EmptyByteBufBE)
GET /session/87eceb0d2ff57e1a97eb7724294c1da5/screenshot HTTP/1.1
User-Agent: selenium/4.8.1 (java windows)
Cache-Control: no-cache
Content-Type: application/json; charset=utf-8
host: localhost:12593
accept: */*

Response DefaultHttpResponse(decodeResult: success, version: HTTP/1.1)
HTTP/1.1 200 OK
Content-Length: 119188
Content-Type: application/json; charset=utf-8
cache-control: no-cache

14:28:04.542 [AsyncHttpClient-1-7] DEBUG org.asynchttpclient.netty.channel.ChannelManager - Adding key: http://localhost:12593 for channel [id: 0xeaeee574, L:/127.0.0.1:59085 - R:localhost/127.0.0.1:12593]
14:28:04.551 [main] DEBUG net.serenitybdd.core.photography.Darkroom - Send negative for processing for target\site\serenity\45aeafc690ab787557cfd56dfd6d94b7a77954a3bcfd53063d37adfde2d3d8fc.png
14:28:04.551 [Forwarding getPageSource on session 87eceb0d2ff57e1a97eb7724294c1da5 to remote] DEBUG org.asynchttpclient.netty.request.NettyRequestSender - Using pooled Channel '[id: 0xeaeee574, L:/127.0.0.1:59085 - R:localhost/127.0.0.1:12593]' for 'POST' to 'http://localhost:12593/session/87eceb0d2ff57e1a97eb7724294c1da5/execute/sync'
14:28:04.551 [Forwarding getPageSource on session 87eceb0d2ff57e1a97eb7724294c1da5 to remote] DEBUG org.asynchttpclient.netty.request.NettyRequestSender - Using open Channel [id: 0xeaeee574, L:/127.0.0.1:59085 - R:localhost/127.0.0.1:12593] for POST '/session/87eceb0d2ff57e1a97eb7724294c1da5/execute/sync'
14:28:04.578 [AsyncHttpClient-1-7] DEBUG org.asynchttpclient.netty.handler.HttpHandler - 

Request DefaultHttpRequest(decodeResult: success, version: HTTP/1.1)
POST /session/87eceb0d2ff57e1a97eb7724294c1da5/execute/sync HTTP/1.1
User-Agent: selenium/4.8.1 (java windows)
Content-Length: 176
Content-Type: application/json; charset=utf-8
host: localhost:12593
accept: */*

Response DefaultHttpResponse(decodeResult: success, version: HTTP/1.1)
HTTP/1.1 200 OK
Content-Length: 105808
Content-Type: application/json; charset=utf-8
cache-control: no-cache

14:28:04.578 [AsyncHttpClient-1-7] DEBUG org.asynchttpclient.netty.channel.ChannelManager - Adding key: http://localhost:12593 for channel [id: 0xeaeee574, L:/127.0.0.1:59085 - R:localhost/127.0.0.1:12593]
14:28:04.594 [Forwarding getCurrentUrl on session 87eceb0d2ff57e1a97eb7724294c1da5 to remote] DEBUG org.asynchttpclient.netty.request.NettyRequestSender - Using pooled Channel '[id: 0xeaeee574, L:/127.0.0.1:59085 - R:localhost/127.0.0.1:12593]' for 'GET' to 'http://localhost:12593/session/87eceb0d2ff57e1a97eb7724294c1da5/url'
14:28:04.594 [Forwarding getCurrentUrl on session 87eceb0d2ff57e1a97eb7724294c1da5 to remote] DEBUG org.asynchttpclient.netty.request.NettyRequestSender - Using open Channel [id: 0xeaeee574, L:/127.0.0.1:59085 - R:localhost/127.0.0.1:12593] for GET '/session/87eceb0d2ff57e1a97eb7724294c1da5/url'
14:28:04.599 [AsyncHttpClient-1-7] DEBUG org.asynchttpclient.netty.handler.HttpHandler - 

Request DefaultFullHttpRequest(decodeResult: success, version: HTTP/1.1, content: EmptyByteBufBE)
GET /session/87eceb0d2ff57e1a97eb7724294c1da5/url HTTP/1.1
User-Agent: selenium/4.8.1 (java windows)
Cache-Control: no-cache
Content-Type: application/json; charset=utf-8
host: localhost:12593
accept: */*

Response DefaultHttpResponse(decodeResult: success, version: HTTP/1.1)
HTTP/1.1 200 OK
Content-Length: 68
Content-Type: application/json; charset=utf-8
cache-control: no-cache

14:28:04.599 [AsyncHttpClient-1-7] DEBUG org.asynchttpclient.netty.channel.ChannelManager - Adding key: http://localhost:12593 for channel [id: 0xeaeee574, L:/127.0.0.1:59085 - R:localhost/127.0.0.1:12593]
14:28:04.610 [main] DEBUG net.thucydides.core.steps.StepInterceptor - STARTING STEP: Afrexim_OurBank_Contactus_Givefeedback_steps.enter_preferred_contact_time - Enter_preferred_contacttime
14:28:04.615 [Forwarding findElement on session 87eceb0d2ff57e1a97eb7724294c1da5 to remote] DEBUG org.asynchttpclient.netty.request.NettyRequestSender - Using pooled Channel '[id: 0xeaeee574, L:/127.0.0.1:59085 - R:localhost/127.0.0.1:12593]' for 'POST' to 'http://localhost:12593/session/87eceb0d2ff57e1a97eb7724294c1da5/element'
14:28:04.615 [Forwarding findElement on session 87eceb0d2ff57e1a97eb7724294c1da5 to remote] DEBUG org.asynchttpclient.netty.request.NettyRequestSender - Using open Channel [id: 0xeaeee574, L:/127.0.0.1:59085 - R:localhost/127.0.0.1:12593] for POST '/session/87eceb0d2ff57e1a97eb7724294c1da5/element'
14:28:04.632 [AsyncHttpClient-1-7] DEBUG org.asynchttpclient.netty.handler.HttpHandler - 

Request DefaultHttpRequest(decodeResult: success, version: HTTP/1.1)
POST /session/87eceb0d2ff57e1a97eb7724294c1da5/element HTTP/1.1
User-Agent: selenium/4.8.1 (java windows)
Content-Length: 88
Content-Type: application/json; charset=utf-8
host: localhost:12593
accept: */*

Response DefaultHttpResponse(decodeResult: success, version: HTTP/1.1)
HTTP/1.1 200 OK
Content-Length: 96
Content-Type: application/json; charset=utf-8
cache-control: no-cache

14:28:04.632 [AsyncHttpClient-1-7] DEBUG org.asynchttpclient.netty.channel.ChannelManager - Adding key: http://localhost:12593 for channel [id: 0xeaeee574, L:/127.0.0.1:59085 - R:localhost/127.0.0.1:12593]
14:28:04.632 [Forwarding clearElement on session 87eceb0d2ff57e1a97eb7724294c1da5 to remote] DEBUG org.asynchttpclient.netty.request.NettyRequestSender - Using pooled Channel '[id: 0xeaeee574, L:/127.0.0.1:59085 - R:localhost/127.0.0.1:12593]' for 'POST' to 'http://localhost:12593/session/87eceb0d2ff57e1a97eb7724294c1da5/element/345A8A1F9EC063DC529B28BE30AC8A01_element_448/clear'
14:28:04.632 [Forwarding clearElement on session 87eceb0d2ff57e1a97eb7724294c1da5 to remote] DEBUG org.asynchttpclient.netty.request.NettyRequestSender - Using open Channel [id: 0xeaeee574, L:/127.0.0.1:59085 - R:localhost/127.0.0.1:12593] for POST '/session/87eceb0d2ff57e1a97eb7724294c1da5/element/345A8A1F9EC063DC529B28BE30AC8A01_element_448/clear'
14:28:04.685 [AsyncHttpClient-1-7] DEBUG org.asynchttpclient.netty.handler.HttpHandler - 

Request DefaultHttpRequest(decodeResult: success, version: HTTP/1.1)
POST /session/87eceb0d2ff57e1a97eb7724294c1da5/element/345A8A1F9EC063DC529B28BE30AC8A01_element_448/clear HTTP/1.1
User-Agent: selenium/4.8.1 (java windows)
Content-Length: 58
Content-Type: application/json; charset=utf-8
host: localhost:12593
accept: */*

Response DefaultHttpResponse(decodeResult: success, version: HTTP/1.1)
HTTP/1.1 200 OK
Content-Length: 14
Content-Type: application/json; charset=utf-8
cache-control: no-cache

14:28:04.685 [AsyncHttpClient-1-7] DEBUG org.asynchttpclient.netty.channel.ChannelManager - Adding key: http://localhost:12593 for channel [id: 0xeaeee574, L:/127.0.0.1:59085 - R:localhost/127.0.0.1:12593]
14:28:04.685 [Forwarding sendKeysToElement on session 87eceb0d2ff57e1a97eb7724294c1da5 to remote] DEBUG org.asynchttpclient.netty.request.NettyRequestSender - Using pooled Channel '[id: 0xeaeee574, L:/127.0.0.1:59085 - R:localhost/127.0.0.1:12593]' for 'POST' to 'http://localhost:12593/session/87eceb0d2ff57e1a97eb7724294c1da5/element/345A8A1F9EC063DC529B28BE30AC8A01_element_448/value'
14:28:04.685 [Forwarding sendKeysToElement on session 87eceb0d2ff57e1a97eb7724294c1da5 to remote] DEBUG org.asynchttpclient.netty.request.NettyRequestSender - Using open Channel [id: 0xeaeee574, L:/127.0.0.1:59085 - R:localhost/127.0.0.1:12593] for POST '/session/87eceb0d2ff57e1a97eb7724294c1da5/element/345A8A1F9EC063DC529B28BE30AC8A01_element_448/value'
14:28:04.815 [AsyncHttpClient-1-7] DEBUG org.asynchttpclient.netty.handler.HttpHandler - 

Request DefaultHttpRequest(decodeResult: success, version: HTTP/1.1)
POST /session/87eceb0d2ff57e1a97eb7724294c1da5/element/345A8A1F9EC063DC529B28BE30AC8A01_element_448/value HTTP/1.1
User-Agent: selenium/4.8.1 (java windows)
Content-Length: 99
Content-Type: application/json; charset=utf-8
host: localhost:12593
accept: */*

Response DefaultHttpResponse(decodeResult: success, version: HTTP/1.1)
HTTP/1.1 200 OK
Content-Length: 14
Content-Type: application/json; charset=utf-8
cache-control: no-cache

14:28:04.815 [AsyncHttpClient-1-7] DEBUG org.asynchttpclient.netty.channel.ChannelManager - Adding key: http://localhost:12593 for channel [id: 0xeaeee574, L:/127.0.0.1:59085 - R:localhost/127.0.0.1:12593]
14:28:04.815 [Forwarding sendKeysToElement on session 87eceb0d2ff57e1a97eb7724294c1da5 to remote] DEBUG org.asynchttpclient.netty.request.NettyRequestSender - Using pooled Channel '[id: 0xeaeee574, L:/127.0.0.1:59085 - R:localhost/127.0.0.1:12593]' for 'POST' to 'http://localhost:12593/session/87eceb0d2ff57e1a97eb7724294c1da5/element/345A8A1F9EC063DC529B28BE30AC8A01_element_448/value'
14:28:04.815 [Forwarding sendKeysToElement on session 87eceb0d2ff57e1a97eb7724294c1da5 to remote] DEBUG org.asynchttpclient.netty.request.NettyRequestSender - Using open Channel [id: 0xeaeee574, L:/127.0.0.1:59085 - R:localhost/127.0.0.1:12593] for POST '/session/87eceb0d2ff57e1a97eb7724294c1da5/element/345A8A1F9EC063DC529B28BE30AC8A01_element_448/value'
14:28:04.983 [AsyncHttpClient-1-7] DEBUG org.asynchttpclient.netty.handler.HttpHandler - 

Request DefaultHttpRequest(decodeResult: success, version: HTTP/1.1)
POST /session/87eceb0d2ff57e1a97eb7724294c1da5/element/345A8A1F9EC063DC529B28BE30AC8A01_element_448/value HTTP/1.1
User-Agent: selenium/4.8.1 (java windows)
Content-Length: 103
Content-Type: application/json; charset=utf-8
host: localhost:12593
accept: */*

Response DefaultHttpResponse(decodeResult: success, version: HTTP/1.1)
HTTP/1.1 200 OK
Content-Length: 14
Content-Type: application/json; charset=utf-8
cache-control: no-cache

14:28:04.983 [AsyncHttpClient-1-7] DEBUG org.asynchttpclient.netty.channel.ChannelManager - Adding key: http://localhost:12593 for channel [id: 0xeaeee574, L:/127.0.0.1:59085 - R:localhost/127.0.0.1:12593]
14:28:05.005 [Forwarding findElement on session 87eceb0d2ff57e1a97eb7724294c1da5 to remote] DEBUG org.asynchttpclient.netty.request.NettyRequestSender - Using pooled Channel '[id: 0xeaeee574, L:/127.0.0.1:59085 - R:localhost/127.0.0.1:12593]' for 'POST' to 'http://localhost:12593/session/87eceb0d2ff57e1a97eb7724294c1da5/element'
14:28:05.005 [Forwarding findElement on session 87eceb0d2ff57e1a97eb7724294c1da5 to remote] DEBUG org.asynchttpclient.netty.request.NettyRequestSender - Using open Channel [id: 0xeaeee574, L:/127.0.0.1:59085 - R:localhost/127.0.0.1:12593] for POST '/session/87eceb0d2ff57e1a97eb7724294c1da5/element'
14:28:05.050 [AsyncHttpClient-1-7] DEBUG org.asynchttpclient.netty.handler.HttpHandler - 

Request DefaultHttpRequest(decodeResult: success, version: HTTP/1.1)
POST /session/87eceb0d2ff57e1a97eb7724294c1da5/element HTTP/1.1
User-Agent: selenium/4.8.1 (java windows)
Content-Length: 75
Content-Type: application/json; charset=utf-8
host: localhost:12593
accept: */*

Response DefaultHttpResponse(decodeResult: success, version: HTTP/1.1)
HTTP/1.1 200 OK
Content-Length: 96
Content-Type: application/json; charset=utf-8
cache-control: no-cache

14:28:05.050 [AsyncHttpClient-1-7] DEBUG org.asynchttpclient.netty.channel.ChannelManager - Adding key: http://localhost:12593 for channel [id: 0xeaeee574, L:/127.0.0.1:59085 - R:localhost/127.0.0.1:12593]
14:28:05.050 [Forwarding clearElement on session 87eceb0d2ff57e1a97eb7724294c1da5 to remote] DEBUG org.asynchttpclient.netty.request.NettyRequestSender - Using pooled Channel '[id: 0xeaeee574, L:/127.0.0.1:59085 - R:localhost/127.0.0.1:12593]' for 'POST' to 'http://localhost:12593/session/87eceb0d2ff57e1a97eb7724294c1da5/element/345A8A1F9EC063DC529B28BE30AC8A01_element_451/clear'
14:28:05.050 [Forwarding clearElement on session 87eceb0d2ff57e1a97eb7724294c1da5 to remote] DEBUG org.asynchttpclient.netty.request.NettyRequestSender - Using open Channel [id: 0xeaeee574, L:/127.0.0.1:59085 - R:localhost/127.0.0.1:12593] for POST '/session/87eceb0d2ff57e1a97eb7724294c1da5/element/345A8A1F9EC063DC529B28BE30AC8A01_element_451/clear'
14:28:05.133 [AsyncHttpClient-1-7] DEBUG org.asynchttpclient.netty.handler.HttpHandler - 

Request DefaultHttpRequest(decodeResult: success, version: HTTP/1.1)
POST /session/87eceb0d2ff57e1a97eb7724294c1da5/element/345A8A1F9EC063DC529B28BE30AC8A01_element_451/clear HTTP/1.1
User-Agent: selenium/4.8.1 (java windows)
Content-Length: 58
Content-Type: application/json; charset=utf-8
host: localhost:12593
accept: */*

Response DefaultHttpResponse(decodeResult: success, version: HTTP/1.1)
HTTP/1.1 200 OK
Content-Length: 14
Content-Type: application/json; charset=utf-8
cache-control: no-cache

14:28:05.133 [AsyncHttpClient-1-7] DEBUG org.asynchttpclient.netty.channel.ChannelManager - Adding key: http://localhost:12593 for channel [id: 0xeaeee574, L:/127.0.0.1:59085 - R:localhost/127.0.0.1:12593]
14:28:05.133 [Forwarding sendKeysToElement on session 87eceb0d2ff57e1a97eb7724294c1da5 to remote] DEBUG org.asynchttpclient.netty.request.NettyRequestSender - Using pooled Channel '[id: 0xeaeee574, L:/127.0.0.1:59085 - R:localhost/127.0.0.1:12593]' for 'POST' to 'http://localhost:12593/session/87eceb0d2ff57e1a97eb7724294c1da5/element/345A8A1F9EC063DC529B28BE30AC8A01_element_451/value'
14:28:05.133 [Forwarding sendKeysToElement on session 87eceb0d2ff57e1a97eb7724294c1da5 to remote] DEBUG org.asynchttpclient.netty.request.NettyRequestSender - Using open Channel [id: 0xeaeee574, L:/127.0.0.1:59085 - R:localhost/127.0.0.1:12593] for POST '/session/87eceb0d2ff57e1a97eb7724294c1da5/element/345A8A1F9EC063DC529B28BE30AC8A01_element_451/value'
14:28:05.218 [AsyncHttpClient-1-7] DEBUG org.asynchttpclient.netty.handler.HttpHandler - 

Request DefaultHttpRequest(decodeResult: success, version: HTTP/1.1)
POST /session/87eceb0d2ff57e1a97eb7724294c1da5/element/345A8A1F9EC063DC529B28BE30AC8A01_element_451/value HTTP/1.1
User-Agent: selenium/4.8.1 (java windows)
Content-Length: 99
Content-Type: application/json; charset=utf-8
host: localhost:12593
accept: */*

Response DefaultHttpResponse(decodeResult: success, version: HTTP/1.1)
HTTP/1.1 200 OK
Content-Length: 14
Content-Type: application/json; charset=utf-8
cache-control: no-cache

14:28:05.218 [AsyncHttpClient-1-7] DEBUG org.asynchttpclient.netty.channel.ChannelManager - Adding key: http://localhost:12593 for channel [id: 0xeaeee574, L:/127.0.0.1:59085 - R:localhost/127.0.0.1:12593]
14:28:05.223 [Forwarding sendKeysToElement on session 87eceb0d2ff57e1a97eb7724294c1da5 to remote] DEBUG org.asynchttpclient.netty.request.NettyRequestSender - Using pooled Channel '[id: 0xeaeee574, L:/127.0.0.1:59085 - R:localhost/127.0.0.1:12593]' for 'POST' to 'http://localhost:12593/session/87eceb0d2ff57e1a97eb7724294c1da5/element/345A8A1F9EC063DC529B28BE30AC8A01_element_451/value'
14:28:05.223 [Forwarding sendKeysToElement on session 87eceb0d2ff57e1a97eb7724294c1da5 to remote] DEBUG org.asynchttpclient.netty.request.NettyRequestSender - Using open Channel [id: 0xeaeee574, L:/127.0.0.1:59085 - R:localhost/127.0.0.1:12593] for POST '/session/87eceb0d2ff57e1a97eb7724294c1da5/element/345A8A1F9EC063DC529B28BE30AC8A01_element_451/value'
14:28:05.314 [AsyncHttpClient-1-7] DEBUG org.asynchttpclient.netty.handler.HttpHandler - 

Request DefaultHttpRequest(decodeResult: success, version: HTTP/1.1)
POST /session/87eceb0d2ff57e1a97eb7724294c1da5/element/345A8A1F9EC063DC529B28BE30AC8A01_element_451/value HTTP/1.1
User-Agent: selenium/4.8.1 (java windows)
Content-Length: 103
Content-Type: application/json; charset=utf-8
host: localhost:12593
accept: */*

Response DefaultHttpResponse(decodeResult: success, version: HTTP/1.1)
HTTP/1.1 200 OK
Content-Length: 14
Content-Type: application/json; charset=utf-8
cache-control: no-cache

14:28:05.314 [AsyncHttpClient-1-7] DEBUG org.asynchttpclient.netty.channel.ChannelManager - Adding key: http://localhost:12593 for channel [id: 0xeaeee574, L:/127.0.0.1:59085 - R:localhost/127.0.0.1:12593]
14:28:05.325 [Forwarding findElement on session 87eceb0d2ff57e1a97eb7724294c1da5 to remote] DEBUG org.asynchttpclient.netty.request.NettyRequestSender - Using pooled Channel '[id: 0xeaeee574, L:/127.0.0.1:59085 - R:localhost/127.0.0.1:12593]' for 'POST' to 'http://localhost:12593/session/87eceb0d2ff57e1a97eb7724294c1da5/element'
14:28:05.327 [Forwarding findElement on session 87eceb0d2ff57e1a97eb7724294c1da5 to remote] DEBUG org.asynchttpclient.netty.request.NettyRequestSender - Using open Channel [id: 0xeaeee574, L:/127.0.0.1:59085 - R:localhost/127.0.0.1:12593] for POST '/session/87eceb0d2ff57e1a97eb7724294c1da5/element'
14:28:05.379 [AsyncHttpClient-1-7] DEBUG org.asynchttpclient.netty.handler.HttpHandler - 

Request DefaultHttpRequest(decodeResult: success, version: HTTP/1.1)
POST /session/87eceb0d2ff57e1a97eb7724294c1da5/element HTTP/1.1
User-Agent: selenium/4.8.1 (java windows)
Content-Length: 76
Content-Type: application/json; charset=utf-8
host: localhost:12593
accept: */*

Response DefaultHttpResponse(decodeResult: success, version: HTTP/1.1)
HTTP/1.1 200 OK
Content-Length: 96
Content-Type: application/json; charset=utf-8
cache-control: no-cache

14:28:05.379 [AsyncHttpClient-1-7] DEBUG org.asynchttpclient.netty.channel.ChannelManager - Adding key: http://localhost:12593 for channel [id: 0xeaeee574, L:/127.0.0.1:59085 - R:localhost/127.0.0.1:12593]
14:28:05.379 [Forwarding getElementTagName on session 87eceb0d2ff57e1a97eb7724294c1da5 to remote] DEBUG org.asynchttpclient.netty.request.NettyRequestSender - Using pooled Channel '[id: 0xeaeee574, L:/127.0.0.1:59085 - R:localhost/127.0.0.1:12593]' for 'GET' to 'http://localhost:12593/session/87eceb0d2ff57e1a97eb7724294c1da5/element/345A8A1F9EC063DC529B28BE30AC8A01_element_452/name'
14:28:05.379 [Forwarding getElementTagName on session 87eceb0d2ff57e1a97eb7724294c1da5 to remote] DEBUG org.asynchttpclient.netty.request.NettyRequestSender - Using open Channel [id: 0xeaeee574, L:/127.0.0.1:59085 - R:localhost/127.0.0.1:12593] for GET '/session/87eceb0d2ff57e1a97eb7724294c1da5/element/345A8A1F9EC063DC529B28BE30AC8A01_element_452/name'
14:28:05.412 [AsyncHttpClient-1-7] DEBUG org.asynchttpclient.netty.handler.HttpHandler - 

Request DefaultFullHttpRequest(decodeResult: success, version: HTTP/1.1, content: EmptyByteBufBE)
GET /session/87eceb0d2ff57e1a97eb7724294c1da5/element/345A8A1F9EC063DC529B28BE30AC8A01_element_452/name HTTP/1.1
User-Agent: selenium/4.8.1 (java windows)
Cache-Control: no-cache
Content-Type: application/json; charset=utf-8
host: localhost:12593
accept: */*

Response DefaultHttpResponse(decodeResult: success, version: HTTP/1.1)
HTTP/1.1 200 OK
Content-Length: 18
Content-Type: application/json; charset=utf-8
cache-control: no-cache

14:28:05.412 [AsyncHttpClient-1-7] DEBUG org.asynchttpclient.netty.channel.ChannelManager - Adding key: http://localhost:12593 for channel [id: 0xeaeee574, L:/127.0.0.1:59085 - R:localhost/127.0.0.1:12593]
14:28:05.420 [Forwarding getElementDomAttribute on session 87eceb0d2ff57e1a97eb7724294c1da5 to remote] DEBUG org.asynchttpclient.netty.request.NettyRequestSender - Using pooled Channel '[id: 0xeaeee574, L:/127.0.0.1:59085 - R:localhost/127.0.0.1:12593]' for 'GET' to 'http://localhost:12593/session/87eceb0d2ff57e1a97eb7724294c1da5/element/345A8A1F9EC063DC529B28BE30AC8A01_element_452/attribute/multiple'
14:28:05.420 [Forwarding getElementDomAttribute on session 87eceb0d2ff57e1a97eb7724294c1da5 to remote] DEBUG org.asynchttpclient.netty.request.NettyRequestSender - Using open Channel [id: 0xeaeee574, L:/127.0.0.1:59085 - R:localhost/127.0.0.1:12593] for GET '/session/87eceb0d2ff57e1a97eb7724294c1da5/element/345A8A1F9EC063DC529B28BE30AC8A01_element_452/attribute/multiple'
14:28:05.437 [AsyncHttpClient-1-7] DEBUG org.asynchttpclient.netty.handler.HttpHandler - 

Request DefaultFullHttpRequest(decodeResult: success, version: HTTP/1.1, content: EmptyByteBufBE)
GET /session/87eceb0d2ff57e1a97eb7724294c1da5/element/345A8A1F9EC063DC529B28BE30AC8A01_element_452/attribute/multiple HTTP/1.1
User-Agent: selenium/4.8.1 (java windows)
Cache-Control: no-cache
Content-Type: application/json; charset=utf-8
host: localhost:12593
accept: */*

Response DefaultHttpResponse(decodeResult: success, version: HTTP/1.1)
HTTP/1.1 200 OK
Content-Length: 14
Content-Type: application/json; charset=utf-8
cache-control: no-cache

14:28:05.437 [AsyncHttpClient-1-7] DEBUG org.asynchttpclient.netty.channel.ChannelManager - Adding key: http://localhost:12593 for channel [id: 0xeaeee574, L:/127.0.0.1:59085 - R:localhost/127.0.0.1:12593]
14:28:05.437 [Forwarding isElementEnabled on session 87eceb0d2ff57e1a97eb7724294c1da5 to remote] DEBUG org.asynchttpclient.netty.request.NettyRequestSender - Using pooled Channel '[id: 0xeaeee574, L:/127.0.0.1:59085 - R:localhost/127.0.0.1:12593]' for 'GET' to 'http://localhost:12593/session/87eceb0d2ff57e1a97eb7724294c1da5/element/345A8A1F9EC063DC529B28BE30AC8A01_element_452/enabled'
14:28:05.437 [Forwarding isElementEnabled on session 87eceb0d2ff57e1a97eb7724294c1da5 to remote] DEBUG org.asynchttpclient.netty.request.NettyRequestSender - Using open Channel [id: 0xeaeee574, L:/127.0.0.1:59085 - R:localhost/127.0.0.1:12593] for GET '/session/87eceb0d2ff57e1a97eb7724294c1da5/element/345A8A1F9EC063DC529B28BE30AC8A01_element_452/enabled'
14:28:05.469 [AsyncHttpClient-1-7] DEBUG org.asynchttpclient.netty.handler.HttpHandler - 

Request DefaultFullHttpRequest(decodeResult: success, version: HTTP/1.1, content: EmptyByteBufBE)
GET /session/87eceb0d2ff57e1a97eb7724294c1da5/element/345A8A1F9EC063DC529B28BE30AC8A01_element_452/enabled HTTP/1.1
User-Agent: selenium/4.8.1 (java windows)
Cache-Control: no-cache
Content-Type: application/json; charset=utf-8
host: localhost:12593
accept: */*

Response DefaultHttpResponse(decodeResult: success, version: HTTP/1.1)
HTTP/1.1 200 OK
Content-Length: 14
Content-Type: application/json; charset=utf-8
cache-control: no-cache

14:28:05.474 [AsyncHttpClient-1-7] DEBUG org.asynchttpclient.netty.channel.ChannelManager - Adding key: http://localhost:12593 for channel [id: 0xeaeee574, L:/127.0.0.1:59085 - R:localhost/127.0.0.1:12593]
14:28:05.474 [Forwarding findChildElements on session 87eceb0d2ff57e1a97eb7724294c1da5 to remote] DEBUG org.asynchttpclient.netty.request.NettyRequestSender - Using pooled Channel '[id: 0xeaeee574, L:/127.0.0.1:59085 - R:localhost/127.0.0.1:12593]' for 'POST' to 'http://localhost:12593/session/87eceb0d2ff57e1a97eb7724294c1da5/element/345A8A1F9EC063DC529B28BE30AC8A01_element_452/elements'
14:28:05.474 [Forwarding findChildElements on session 87eceb0d2ff57e1a97eb7724294c1da5 to remote] DEBUG org.asynchttpclient.netty.request.NettyRequestSender - Using open Channel [id: 0xeaeee574, L:/127.0.0.1:59085 - R:localhost/127.0.0.1:12593] for POST '/session/87eceb0d2ff57e1a97eb7724294c1da5/element/345A8A1F9EC063DC529B28BE30AC8A01_element_452/elements'
14:28:05.501 [AsyncHttpClient-1-7] DEBUG org.asynchttpclient.netty.handler.HttpHandler - 

Request DefaultHttpRequest(decodeResult: success, version: HTTP/1.1)
POST /session/87eceb0d2ff57e1a97eb7724294c1da5/element/345A8A1F9EC063DC529B28BE30AC8A01_element_452/elements HTTP/1.1
User-Agent: selenium/4.8.1 (java windows)
Content-Length: 102
Content-Type: application/json; charset=utf-8
host: localhost:12593
accept: */*

Response DefaultHttpResponse(decodeResult: success, version: HTTP/1.1)
HTTP/1.1 200 OK
Content-Length: 185
Content-Type: application/json; charset=utf-8
cache-control: no-cache

14:28:05.501 [AsyncHttpClient-1-7] DEBUG org.asynchttpclient.netty.channel.ChannelManager - Adding key: http://localhost:12593 for channel [id: 0xeaeee574, L:/127.0.0.1:59085 - R:localhost/127.0.0.1:12593]
14:28:05.506 [Forwarding getElementAttribute on session 87eceb0d2ff57e1a97eb7724294c1da5 to remote] DEBUG org.asynchttpclient.netty.request.NettyRequestSender - Using pooled Channel '[id: 0xeaeee574, L:/127.0.0.1:59085 - R:localhost/127.0.0.1:12593]' for 'POST' to 'http://localhost:12593/session/87eceb0d2ff57e1a97eb7724294c1da5/execute/sync'
14:28:05.506 [Forwarding getElementAttribute on session 87eceb0d2ff57e1a97eb7724294c1da5 to remote] DEBUG org.asynchttpclient.netty.request.NettyRequestSender - Using open Channel [id: 0xeaeee574, L:/127.0.0.1:59085 - R:localhost/127.0.0.1:12593] for POST '/session/87eceb0d2ff57e1a97eb7724294c1da5/execute/sync'
14:28:05.528 [AsyncHttpClient-1-7] DEBUG org.asynchttpclient.netty.handler.HttpHandler - 

Request DefaultHttpRequest(decodeResult: success, version: HTTP/1.1)
POST /session/87eceb0d2ff57e1a97eb7724294c1da5/execute/sync HTTP/1.1
User-Agent: selenium/4.8.1 (java windows)
Content-Length: 47376
Content-Type: application/json; charset=utf-8
host: localhost:12593
accept: */*

Response DefaultHttpResponse(decodeResult: success, version: HTTP/1.1)
HTTP/1.1 200 OK
Content-Length: 13
Content-Type: application/json; charset=utf-8
cache-control: no-cache

14:28:05.528 [AsyncHttpClient-1-7] DEBUG org.asynchttpclient.netty.channel.ChannelManager - Adding key: http://localhost:12593 for channel [id: 0xeaeee574, L:/127.0.0.1:59085 - R:localhost/127.0.0.1:12593]
14:28:05.528 [Forwarding getElementAttribute on session 87eceb0d2ff57e1a97eb7724294c1da5 to remote] DEBUG org.asynchttpclient.netty.request.NettyRequestSender - Using pooled Channel '[id: 0xeaeee574, L:/127.0.0.1:59085 - R:localhost/127.0.0.1:12593]' for 'POST' to 'http://localhost:12593/session/87eceb0d2ff57e1a97eb7724294c1da5/execute/sync'
14:28:05.528 [Forwarding getElementAttribute on session 87eceb0d2ff57e1a97eb7724294c1da5 to remote] DEBUG org.asynchttpclient.netty.request.NettyRequestSender - Using open Channel [id: 0xeaeee574, L:/127.0.0.1:59085 - R:localhost/127.0.0.1:12593] for POST '/session/87eceb0d2ff57e1a97eb7724294c1da5/execute/sync'
14:28:05.559 [AsyncHttpClient-1-7] DEBUG org.asynchttpclient.netty.handler.HttpHandler - 

Request DefaultHttpRequest(decodeResult: success, version: HTTP/1.1)
POST /session/87eceb0d2ff57e1a97eb7724294c1da5/execute/sync HTTP/1.1
User-Agent: selenium/4.8.1 (java windows)
Content-Length: 47376
Content-Type: application/json; charset=utf-8
host: localhost:12593
accept: */*

Response DefaultHttpResponse(decodeResult: success, version: HTTP/1.1)
HTTP/1.1 200 OK
Content-Length: 13
Content-Type: application/json; charset=utf-8
cache-control: no-cache

14:28:05.559 [AsyncHttpClient-1-7] DEBUG org.asynchttpclient.netty.channel.ChannelManager - Adding key: http://localhost:12593 for channel [id: 0xeaeee574, L:/127.0.0.1:59085 - R:localhost/127.0.0.1:12593]
14:28:05.559 [Forwarding isElementEnabled on session 87eceb0d2ff57e1a97eb7724294c1da5 to remote] DEBUG org.asynchttpclient.netty.request.NettyRequestSender - Using pooled Channel '[id: 0xeaeee574, L:/127.0.0.1:59085 - R:localhost/127.0.0.1:12593]' for 'GET' to 'http://localhost:12593/session/87eceb0d2ff57e1a97eb7724294c1da5/element/345A8A1F9EC063DC529B28BE30AC8A01_element_454/enabled'
14:28:05.559 [Forwarding isElementEnabled on session 87eceb0d2ff57e1a97eb7724294c1da5 to remote] DEBUG org.asynchttpclient.netty.request.NettyRequestSender - Using open Channel [id: 0xeaeee574, L:/127.0.0.1:59085 - R:localhost/127.0.0.1:12593] for GET '/session/87eceb0d2ff57e1a97eb7724294c1da5/element/345A8A1F9EC063DC529B28BE30AC8A01_element_454/enabled'
14:28:05.572 [AsyncHttpClient-1-7] DEBUG org.asynchttpclient.netty.handler.HttpHandler - 

Request DefaultFullHttpRequest(decodeResult: success, version: HTTP/1.1, content: EmptyByteBufBE)
GET /session/87eceb0d2ff57e1a97eb7724294c1da5/element/345A8A1F9EC063DC529B28BE30AC8A01_element_454/enabled HTTP/1.1
User-Agent: selenium/4.8.1 (java windows)
Cache-Control: no-cache
Content-Type: application/json; charset=utf-8
host: localhost:12593
accept: */*

Response DefaultHttpResponse(decodeResult: success, version: HTTP/1.1)
HTTP/1.1 200 OK
Content-Length: 14
Content-Type: application/json; charset=utf-8
cache-control: no-cache

14:28:05.572 [AsyncHttpClient-1-7] DEBUG org.asynchttpclient.netty.channel.ChannelManager - Adding key: http://localhost:12593 for channel [id: 0xeaeee574, L:/127.0.0.1:59085 - R:localhost/127.0.0.1:12593]
14:28:05.572 [Forwarding isElementSelected on session 87eceb0d2ff57e1a97eb7724294c1da5 to remote] DEBUG org.asynchttpclient.netty.request.NettyRequestSender - Using pooled Channel '[id: 0xeaeee574, L:/127.0.0.1:59085 - R:localhost/127.0.0.1:12593]' for 'GET' to 'http://localhost:12593/session/87eceb0d2ff57e1a97eb7724294c1da5/element/345A8A1F9EC063DC529B28BE30AC8A01_element_454/selected'
14:28:05.572 [Forwarding isElementSelected on session 87eceb0d2ff57e1a97eb7724294c1da5 to remote] DEBUG org.asynchttpclient.netty.request.NettyRequestSender - Using open Channel [id: 0xeaeee574, L:/127.0.0.1:59085 - R:localhost/127.0.0.1:12593] for GET '/session/87eceb0d2ff57e1a97eb7724294c1da5/element/345A8A1F9EC063DC529B28BE30AC8A01_element_454/selected'
14:28:05.591 [AsyncHttpClient-1-7] DEBUG org.asynchttpclient.netty.handler.HttpHandler - 

Request DefaultFullHttpRequest(decodeResult: success, version: HTTP/1.1, content: EmptyByteBufBE)
GET /session/87eceb0d2ff57e1a97eb7724294c1da5/element/345A8A1F9EC063DC529B28BE30AC8A01_element_454/selected HTTP/1.1
User-Agent: selenium/4.8.1 (java windows)
Cache-Control: no-cache
Content-Type: application/json; charset=utf-8
host: localhost:12593
accept: */*

Response DefaultHttpResponse(decodeResult: success, version: HTTP/1.1)
HTTP/1.1 200 OK
Content-Length: 15
Content-Type: application/json; charset=utf-8
cache-control: no-cache

14:28:05.591 [AsyncHttpClient-1-7] DEBUG org.asynchttpclient.netty.channel.ChannelManager - Adding key: http://localhost:12593 for channel [id: 0xeaeee574, L:/127.0.0.1:59085 - R:localhost/127.0.0.1:12593]
14:28:05.591 [Forwarding clickElement on session 87eceb0d2ff57e1a97eb7724294c1da5 to remote] DEBUG org.asynchttpclient.netty.request.NettyRequestSender - Using pooled Channel '[id: 0xeaeee574, L:/127.0.0.1:59085 - R:localhost/127.0.0.1:12593]' for 'POST' to 'http://localhost:12593/session/87eceb0d2ff57e1a97eb7724294c1da5/element/345A8A1F9EC063DC529B28BE30AC8A01_element_454/click'
14:28:05.591 [Forwarding clickElement on session 87eceb0d2ff57e1a97eb7724294c1da5 to remote] DEBUG org.asynchttpclient.netty.request.NettyRequestSender - Using open Channel [id: 0xeaeee574, L:/127.0.0.1:59085 - R:localhost/127.0.0.1:12593] for POST '/session/87eceb0d2ff57e1a97eb7724294c1da5/element/345A8A1F9EC063DC529B28BE30AC8A01_element_454/click'
14:28:05.646 [AsyncHttpClient-1-7] DEBUG org.asynchttpclient.netty.handler.HttpHandler - 

Request DefaultHttpRequest(decodeResult: success, version: HTTP/1.1)
POST /session/87eceb0d2ff57e1a97eb7724294c1da5/element/345A8A1F9EC063DC529B28BE30AC8A01_element_454/click HTTP/1.1
User-Agent: selenium/4.8.1 (java windows)
Content-Length: 58
Content-Type: application/json; charset=utf-8
host: localhost:12593
accept: */*

Response DefaultHttpResponse(decodeResult: success, version: HTTP/1.1)
HTTP/1.1 200 OK
Content-Length: 14
Content-Type: application/json; charset=utf-8
cache-control: no-cache

14:28:05.646 [AsyncHttpClient-1-7] DEBUG org.asynchttpclient.netty.channel.ChannelManager - Adding key: http://localhost:12593 for channel [id: 0xeaeee574, L:/127.0.0.1:59085 - R:localhost/127.0.0.1:12593]
14:28:05.656 [Forwarding getAlertText on session 87eceb0d2ff57e1a97eb7724294c1da5 to remote] DEBUG org.asynchttpclient.netty.request.NettyRequestSender - Using pooled Channel '[id: 0xeaeee574, L:/127.0.0.1:59085 - R:localhost/127.0.0.1:12593]' for 'GET' to 'http://localhost:12593/session/87eceb0d2ff57e1a97eb7724294c1da5/alert/text'
14:28:05.656 [Forwarding getAlertText on session 87eceb0d2ff57e1a97eb7724294c1da5 to remote] DEBUG org.asynchttpclient.netty.request.NettyRequestSender - Using open Channel [id: 0xeaeee574, L:/127.0.0.1:59085 - R:localhost/127.0.0.1:12593] for GET '/session/87eceb0d2ff57e1a97eb7724294c1da5/alert/text'
14:28:05.663 [AsyncHttpClient-1-7] DEBUG org.asynchttpclient.netty.handler.HttpHandler - 

Request DefaultFullHttpRequest(decodeResult: success, version: HTTP/1.1, content: EmptyByteBufBE)
GET /session/87eceb0d2ff57e1a97eb7724294c1da5/alert/text HTTP/1.1
User-Agent: selenium/4.8.1 (java windows)
Cache-Control: no-cache
Content-Type: application/json; charset=utf-8
host: localhost:12593
accept: */*

Response DefaultHttpResponse(decodeResult: success, version: HTTP/1.1)
HTTP/1.1 404 Not Found
Content-Length: 821
Content-Type: application/json; charset=utf-8
cache-control: no-cache

14:28:05.663 [AsyncHttpClient-1-7] DEBUG org.asynchttpclient.netty.channel.ChannelManager - Adding key: http://localhost:12593 for channel [id: 0xeaeee574, L:/127.0.0.1:59085 - R:localhost/127.0.0.1:12593]
14:28:05.666 [Forwarding getCurrentUrl on session 87eceb0d2ff57e1a97eb7724294c1da5 to remote] DEBUG org.asynchttpclient.netty.request.NettyRequestSender - Using pooled Channel '[id: 0xeaeee574, L:/127.0.0.1:59085 - R:localhost/127.0.0.1:12593]' for 'GET' to 'http://localhost:12593/session/87eceb0d2ff57e1a97eb7724294c1da5/url'
14:28:05.666 [Forwarding getCurrentUrl on session 87eceb0d2ff57e1a97eb7724294c1da5 to remote] DEBUG org.asynchttpclient.netty.request.NettyRequestSender - Using open Channel [id: 0xeaeee574, L:/127.0.0.1:59085 - R:localhost/127.0.0.1:12593] for GET '/session/87eceb0d2ff57e1a97eb7724294c1da5/url'
14:28:05.671 [AsyncHttpClient-1-7] DEBUG org.asynchttpclient.netty.handler.HttpHandler - 

Request DefaultFullHttpRequest(decodeResult: success, version: HTTP/1.1, content: EmptyByteBufBE)
GET /session/87eceb0d2ff57e1a97eb7724294c1da5/url HTTP/1.1
User-Agent: selenium/4.8.1 (java windows)
Cache-Control: no-cache
Content-Type: application/json; charset=utf-8
host: localhost:12593
accept: */*

Response DefaultHttpResponse(decodeResult: success, version: HTTP/1.1)
HTTP/1.1 200 OK
Content-Length: 68
Content-Type: application/json; charset=utf-8
cache-control: no-cache

14:28:05.671 [AsyncHttpClient-1-7] DEBUG org.asynchttpclient.netty.channel.ChannelManager - Adding key: http://localhost:12593 for channel [id: 0xeaeee574, L:/127.0.0.1:59085 - R:localhost/127.0.0.1:12593]
14:28:05.671 [Forwarding screenshot on session 87eceb0d2ff57e1a97eb7724294c1da5 to remote] DEBUG org.asynchttpclient.netty.request.NettyRequestSender - Using pooled Channel '[id: 0xeaeee574, L:/127.0.0.1:59085 - R:localhost/127.0.0.1:12593]' for 'GET' to 'http://localhost:12593/session/87eceb0d2ff57e1a97eb7724294c1da5/screenshot'
14:28:05.671 [Forwarding screenshot on session 87eceb0d2ff57e1a97eb7724294c1da5 to remote] DEBUG org.asynchttpclient.netty.request.NettyRequestSender - Using open Channel [id: 0xeaeee574, L:/127.0.0.1:59085 - R:localhost/127.0.0.1:12593] for GET '/session/87eceb0d2ff57e1a97eb7724294c1da5/screenshot'
14:28:05.901 [AsyncHttpClient-1-7] DEBUG org.asynchttpclient.netty.handler.HttpHandler - 

Request DefaultFullHttpRequest(decodeResult: success, version: HTTP/1.1, content: EmptyByteBufBE)
GET /session/87eceb0d2ff57e1a97eb7724294c1da5/screenshot HTTP/1.1
User-Agent: selenium/4.8.1 (java windows)
Cache-Control: no-cache
Content-Type: application/json; charset=utf-8
host: localhost:12593
accept: */*

Response DefaultHttpResponse(decodeResult: success, version: HTTP/1.1)
HTTP/1.1 200 OK
Content-Length: 113068
Content-Type: application/json; charset=utf-8
cache-control: no-cache

14:28:05.901 [AsyncHttpClient-1-7] DEBUG org.asynchttpclient.netty.channel.ChannelManager - Adding key: http://localhost:12593 for channel [id: 0xeaeee574, L:/127.0.0.1:59085 - R:localhost/127.0.0.1:12593]
14:28:05.911 [main] DEBUG net.serenitybdd.core.photography.Darkroom - Send negative for processing for target\site\serenity\f74ee9e728b73ebe8977dea6188f17ba7f2d8d5b8176055e2c331df59b3cb8fb.png
14:28:05.911 [main] DEBUG net.thucydides.core.steps.StepInterceptor - STEP DONE: Enter_preferred_contacttime
14:28:05.911 [Darkroom Processing Line] DEBUG net.serenitybdd.core.photography.DarkroomProcessingLine - Processing screenshot image in /var/screenshots/screenshot-1211080518237554571
14:28:05.911 [Darkroom Processing Line] DEBUG net.serenitybdd.core.photography.DarkroomProcessingLine - Saving screenshot to target\site\serenity\f74ee9e728b73ebe8977dea6188f17ba7f2d8d5b8176055e2c331df59b3cb8fb.png
14:28:05.926 [Forwarding getPageSource on session 87eceb0d2ff57e1a97eb7724294c1da5 to remote] DEBUG org.asynchttpclient.netty.request.NettyRequestSender - Using pooled Channel '[id: 0xeaeee574, L:/127.0.0.1:59085 - R:localhost/127.0.0.1:12593]' for 'POST' to 'http://localhost:12593/session/87eceb0d2ff57e1a97eb7724294c1da5/execute/sync'
14:28:05.926 [Forwarding getPageSource on session 87eceb0d2ff57e1a97eb7724294c1da5 to remote] DEBUG org.asynchttpclient.netty.request.NettyRequestSender - Using open Channel [id: 0xeaeee574, L:/127.0.0.1:59085 - R:localhost/127.0.0.1:12593] for POST '/session/87eceb0d2ff57e1a97eb7724294c1da5/execute/sync'
14:28:05.957 [AsyncHttpClient-1-7] DEBUG org.asynchttpclient.netty.handler.HttpHandler - 

Request DefaultHttpRequest(decodeResult: success, version: HTTP/1.1)
POST /session/87eceb0d2ff57e1a97eb7724294c1da5/execute/sync HTTP/1.1
User-Agent: selenium/4.8.1 (java windows)
Content-Length: 176
Content-Type: application/json; charset=utf-8
host: localhost:12593
accept: */*

Response DefaultHttpResponse(decodeResult: success, version: HTTP/1.1)
HTTP/1.1 200 OK
Content-Length: 105748
Content-Type: application/json; charset=utf-8
cache-control: no-cache

14:28:05.957 [AsyncHttpClient-1-7] DEBUG org.asynchttpclient.netty.channel.ChannelManager - Adding key: http://localhost:12593 for channel [id: 0xeaeee574, L:/127.0.0.1:59085 - R:localhost/127.0.0.1:12593]
14:28:05.976 [Forwarding getCurrentUrl on session 87eceb0d2ff57e1a97eb7724294c1da5 to remote] DEBUG org.asynchttpclient.netty.request.NettyRequestSender - Using pooled Channel '[id: 0xeaeee574, L:/127.0.0.1:59085 - R:localhost/127.0.0.1:12593]' for 'GET' to 'http://localhost:12593/session/87eceb0d2ff57e1a97eb7724294c1da5/url'
14:28:05.976 [Forwarding getCurrentUrl on session 87eceb0d2ff57e1a97eb7724294c1da5 to remote] DEBUG org.asynchttpclient.netty.request.NettyRequestSender - Using open Channel [id: 0xeaeee574, L:/127.0.0.1:59085 - R:localhost/127.0.0.1:12593] for GET '/session/87eceb0d2ff57e1a97eb7724294c1da5/url'
14:28:05.989 [AsyncHttpClient-1-7] DEBUG org.asynchttpclient.netty.handler.HttpHandler - 

Request DefaultFullHttpRequest(decodeResult: success, version: HTTP/1.1, content: EmptyByteBufBE)
GET /session/87eceb0d2ff57e1a97eb7724294c1da5/url HTTP/1.1
User-Agent: selenium/4.8.1 (java windows)
Cache-Control: no-cache
Content-Type: application/json; charset=utf-8
host: localhost:12593
accept: */*

Response DefaultHttpResponse(decodeResult: success, version: HTTP/1.1)
HTTP/1.1 200 OK
Content-Length: 68
Content-Type: application/json; charset=utf-8
cache-control: no-cache

14:28:05.989 [AsyncHttpClient-1-7] DEBUG org.asynchttpclient.netty.channel.ChannelManager - Adding key: http://localhost:12593 for channel [id: 0xeaeee574, L:/127.0.0.1:59085 - R:localhost/127.0.0.1:12593]
14:28:06.008 [Forwarding getAlertText on session 87eceb0d2ff57e1a97eb7724294c1da5 to remote] DEBUG org.asynchttpclient.netty.request.NettyRequestSender - Using pooled Channel '[id: 0xeaeee574, L:/127.0.0.1:59085 - R:localhost/127.0.0.1:12593]' for 'GET' to 'http://localhost:12593/session/87eceb0d2ff57e1a97eb7724294c1da5/alert/text'
14:28:06.008 [Forwarding getAlertText on session 87eceb0d2ff57e1a97eb7724294c1da5 to remote] DEBUG org.asynchttpclient.netty.request.NettyRequestSender - Using open Channel [id: 0xeaeee574, L:/127.0.0.1:59085 - R:localhost/127.0.0.1:12593] for GET '/session/87eceb0d2ff57e1a97eb7724294c1da5/alert/text'
14:28:06.008 [AsyncHttpClient-1-7] DEBUG org.asynchttpclient.netty.handler.HttpHandler - 

Request DefaultFullHttpRequest(decodeResult: success, version: HTTP/1.1, content: EmptyByteBufBE)
GET /session/87eceb0d2ff57e1a97eb7724294c1da5/alert/text HTTP/1.1
User-Agent: selenium/4.8.1 (java windows)
Cache-Control: no-cache
Content-Type: application/json; charset=utf-8
host: localhost:12593
accept: */*

Response DefaultHttpResponse(decodeResult: success, version: HTTP/1.1)
HTTP/1.1 404 Not Found
Content-Length: 821
Content-Type: application/json; charset=utf-8
cache-control: no-cache

14:28:06.008 [AsyncHttpClient-1-7] DEBUG org.asynchttpclient.netty.channel.ChannelManager - Adding key: http://localhost:12593 for channel [id: 0xeaeee574, L:/127.0.0.1:59085 - R:localhost/127.0.0.1:12593]
14:28:06.196 [AsyncHttpClient-1-1] DEBUG org.asynchttpclient.netty.channel.DefaultChannelPool - Entry count for : http://localhost:12593 : 1
14:28:06.514 [Forwarding getAlertText on session 87eceb0d2ff57e1a97eb7724294c1da5 to remote] DEBUG org.asynchttpclient.netty.request.NettyRequestSender - Using pooled Channel '[id: 0xeaeee574, L:/127.0.0.1:59085 - R:localhost/127.0.0.1:12593]' for 'GET' to 'http://localhost:12593/session/87eceb0d2ff57e1a97eb7724294c1da5/alert/text'
14:28:06.514 [Forwarding getAlertText on session 87eceb0d2ff57e1a97eb7724294c1da5 to remote] DEBUG org.asynchttpclient.netty.request.NettyRequestSender - Using open Channel [id: 0xeaeee574, L:/127.0.0.1:59085 - R:localhost/127.0.0.1:12593] for GET '/session/87eceb0d2ff57e1a97eb7724294c1da5/alert/text'
14:28:06.520 [AsyncHttpClient-1-7] DEBUG org.asynchttpclient.netty.handler.HttpHandler - 

Request DefaultFullHttpRequest(decodeResult: success, version: HTTP/1.1, content: EmptyByteBufBE)
GET /session/87eceb0d2ff57e1a97eb7724294c1da5/alert/text HTTP/1.1
User-Agent: selenium/4.8.1 (java windows)
Cache-Control: no-cache
Content-Type: application/json; charset=utf-8
host: localhost:12593
accept: */*

Response DefaultHttpResponse(decodeResult: success, version: HTTP/1.1)
HTTP/1.1 404 Not Found
Content-Length: 821
Content-Type: application/json; charset=utf-8
cache-control: no-cache

14:28:06.520 [AsyncHttpClient-1-7] DEBUG org.asynchttpclient.netty.channel.ChannelManager - Adding key: http://localhost:12593 for channel [id: 0xeaeee574, L:/127.0.0.1:59085 - R:localhost/127.0.0.1:12593]
14:28:06.520 [Forwarding getCurrentUrl on session 87eceb0d2ff57e1a97eb7724294c1da5 to remote] DEBUG org.asynchttpclient.netty.request.NettyRequestSender - Using pooled Channel '[id: 0xeaeee574, L:/127.0.0.1:59085 - R:localhost/127.0.0.1:12593]' for 'GET' to 'http://localhost:12593/session/87eceb0d2ff57e1a97eb7724294c1da5/url'
14:28:06.520 [Forwarding getCurrentUrl on session 87eceb0d2ff57e1a97eb7724294c1da5 to remote] DEBUG org.asynchttpclient.netty.request.NettyRequestSender - Using open Channel [id: 0xeaeee574, L:/127.0.0.1:59085 - R:localhost/127.0.0.1:12593] for GET '/session/87eceb0d2ff57e1a97eb7724294c1da5/url'
14:28:06.530 [AsyncHttpClient-1-7] DEBUG org.asynchttpclient.netty.handler.HttpHandler - 

Request DefaultFullHttpRequest(decodeResult: success, version: HTTP/1.1, content: EmptyByteBufBE)
GET /session/87eceb0d2ff57e1a97eb7724294c1da5/url HTTP/1.1
User-Agent: selenium/4.8.1 (java windows)
Cache-Control: no-cache
Content-Type: application/json; charset=utf-8
host: localhost:12593
accept: */*

Response DefaultHttpResponse(decodeResult: success, version: HTTP/1.1)
HTTP/1.1 200 OK
Content-Length: 68
Content-Type: application/json; charset=utf-8
cache-control: no-cache

14:28:06.530 [AsyncHttpClient-1-7] DEBUG org.asynchttpclient.netty.channel.ChannelManager - Adding key: http://localhost:12593 for channel [id: 0xeaeee574, L:/127.0.0.1:59085 - R:localhost/127.0.0.1:12593]
14:28:06.530 [Forwarding screenshot on session 87eceb0d2ff57e1a97eb7724294c1da5 to remote] DEBUG org.asynchttpclient.netty.request.NettyRequestSender - Using pooled Channel '[id: 0xeaeee574, L:/127.0.0.1:59085 - R:localhost/127.0.0.1:12593]' for 'GET' to 'http://localhost:12593/session/87eceb0d2ff57e1a97eb7724294c1da5/screenshot'
14:28:06.530 [Forwarding screenshot on session 87eceb0d2ff57e1a97eb7724294c1da5 to remote] DEBUG org.asynchttpclient.netty.request.NettyRequestSender - Using open Channel [id: 0xeaeee574, L:/127.0.0.1:59085 - R:localhost/127.0.0.1:12593] for GET '/session/87eceb0d2ff57e1a97eb7724294c1da5/screenshot'
14:28:06.816 [AsyncHttpClient-1-7] DEBUG org.asynchttpclient.netty.handler.HttpHandler - 

Request DefaultFullHttpRequest(decodeResult: success, version: HTTP/1.1, content: EmptyByteBufBE)
GET /session/87eceb0d2ff57e1a97eb7724294c1da5/screenshot HTTP/1.1
User-Agent: selenium/4.8.1 (java windows)
Cache-Control: no-cache
Content-Type: application/json; charset=utf-8
host: localhost:12593
accept: */*

Response DefaultHttpResponse(decodeResult: success, version: HTTP/1.1)
HTTP/1.1 200 OK
Content-Length: 113068
Content-Type: application/json; charset=utf-8
cache-control: no-cache

14:28:06.816 [AsyncHttpClient-1-7] DEBUG org.asynchttpclient.netty.channel.ChannelManager - Adding key: http://localhost:12593 for channel [id: 0xeaeee574, L:/127.0.0.1:59085 - R:localhost/127.0.0.1:12593]
14:28:06.823 [main] DEBUG net.serenitybdd.core.photography.Darkroom - Send negative for processing for target\site\serenity\f74ee9e728b73ebe8977dea6188f17ba7f2d8d5b8176055e2c331df59b3cb8fb.png
14:28:06.823 [Forwarding getPageSource on session 87eceb0d2ff57e1a97eb7724294c1da5 to remote] DEBUG org.asynchttpclient.netty.request.NettyRequestSender - Using pooled Channel '[id: 0xeaeee574, L:/127.0.0.1:59085 - R:localhost/127.0.0.1:12593]' for 'POST' to 'http://localhost:12593/session/87eceb0d2ff57e1a97eb7724294c1da5/execute/sync'
14:28:06.823 [Forwarding getPageSource on session 87eceb0d2ff57e1a97eb7724294c1da5 to remote] DEBUG org.asynchttpclient.netty.request.NettyRequestSender - Using open Channel [id: 0xeaeee574, L:/127.0.0.1:59085 - R:localhost/127.0.0.1:12593] for POST '/session/87eceb0d2ff57e1a97eb7724294c1da5/execute/sync'
14:28:06.850 [AsyncHttpClient-1-7] DEBUG org.asynchttpclient.netty.handler.HttpHandler - 

Request DefaultHttpRequest(decodeResult: success, version: HTTP/1.1)
POST /session/87eceb0d2ff57e1a97eb7724294c1da5/execute/sync HTTP/1.1
User-Agent: selenium/4.8.1 (java windows)
Content-Length: 176
Content-Type: application/json; charset=utf-8
host: localhost:12593
accept: */*

Response DefaultHttpResponse(decodeResult: success, version: HTTP/1.1)
HTTP/1.1 200 OK
Content-Length: 105748
Content-Type: application/json; charset=utf-8
cache-control: no-cache

14:28:06.850 [AsyncHttpClient-1-7] DEBUG org.asynchttpclient.netty.channel.ChannelManager - Adding key: http://localhost:12593 for channel [id: 0xeaeee574, L:/127.0.0.1:59085 - R:localhost/127.0.0.1:12593]
14:28:06.864 [Forwarding getCurrentUrl on session 87eceb0d2ff57e1a97eb7724294c1da5 to remote] DEBUG org.asynchttpclient.netty.request.NettyRequestSender - Using pooled Channel '[id: 0xeaeee574, L:/127.0.0.1:59085 - R:localhost/127.0.0.1:12593]' for 'GET' to 'http://localhost:12593/session/87eceb0d2ff57e1a97eb7724294c1da5/url'
14:28:06.864 [Forwarding getCurrentUrl on session 87eceb0d2ff57e1a97eb7724294c1da5 to remote] DEBUG org.asynchttpclient.netty.request.NettyRequestSender - Using open Channel [id: 0xeaeee574, L:/127.0.0.1:59085 - R:localhost/127.0.0.1:12593] for GET '/session/87eceb0d2ff57e1a97eb7724294c1da5/url'
14:28:06.872 [AsyncHttpClient-1-7] DEBUG org.asynchttpclient.netty.handler.HttpHandler - 

Request DefaultFullHttpRequest(decodeResult: success, version: HTTP/1.1, content: EmptyByteBufBE)
GET /session/87eceb0d2ff57e1a97eb7724294c1da5/url HTTP/1.1
User-Agent: selenium/4.8.1 (java windows)
Cache-Control: no-cache
Content-Type: application/json; charset=utf-8
host: localhost:12593
accept: */*

Response DefaultHttpResponse(decodeResult: success, version: HTTP/1.1)
HTTP/1.1 200 OK
Content-Length: 68
Content-Type: application/json; charset=utf-8
cache-control: no-cache

14:28:06.872 [AsyncHttpClient-1-7] DEBUG org.asynchttpclient.netty.channel.ChannelManager - Adding key: http://localhost:12593 for channel [id: 0xeaeee574, L:/127.0.0.1:59085 - R:localhost/127.0.0.1:12593]
14:28:06.882 [main] DEBUG net.thucydides.core.steps.StepInterceptor - STARTING STEP: Afrexim_OurBank_Contactus_Givefeedback_steps.select_feedback_type - Select_feedback_type
14:28:06.882 [Forwarding findElement on session 87eceb0d2ff57e1a97eb7724294c1da5 to remote] DEBUG org.asynchttpclient.netty.request.NettyRequestSender - Using pooled Channel '[id: 0xeaeee574, L:/127.0.0.1:59085 - R:localhost/127.0.0.1:12593]' for 'POST' to 'http://localhost:12593/session/87eceb0d2ff57e1a97eb7724294c1da5/element'
14:28:06.882 [Forwarding findElement on session 87eceb0d2ff57e1a97eb7724294c1da5 to remote] DEBUG org.asynchttpclient.netty.request.NettyRequestSender - Using open Channel [id: 0xeaeee574, L:/127.0.0.1:59085 - R:localhost/127.0.0.1:12593] for POST '/session/87eceb0d2ff57e1a97eb7724294c1da5/element'
14:28:06.904 [AsyncHttpClient-1-7] DEBUG org.asynchttpclient.netty.handler.HttpHandler - 

Request DefaultHttpRequest(decodeResult: success, version: HTTP/1.1)
POST /session/87eceb0d2ff57e1a97eb7724294c1da5/element HTTP/1.1
User-Agent: selenium/4.8.1 (java windows)
Content-Length: 73
Content-Type: application/json; charset=utf-8
host: localhost:12593
accept: */*

Response DefaultHttpResponse(decodeResult: success, version: HTTP/1.1)
HTTP/1.1 200 OK
Content-Length: 96
Content-Type: application/json; charset=utf-8
cache-control: no-cache

14:28:06.904 [AsyncHttpClient-1-7] DEBUG org.asynchttpclient.netty.channel.ChannelManager - Adding key: http://localhost:12593 for channel [id: 0xeaeee574, L:/127.0.0.1:59085 - R:localhost/127.0.0.1:12593]
14:28:06.904 [Forwarding getElementTagName on session 87eceb0d2ff57e1a97eb7724294c1da5 to remote] DEBUG org.asynchttpclient.netty.request.NettyRequestSender - Using pooled Channel '[id: 0xeaeee574, L:/127.0.0.1:59085 - R:localhost/127.0.0.1:12593]' for 'GET' to 'http://localhost:12593/session/87eceb0d2ff57e1a97eb7724294c1da5/element/345A8A1F9EC063DC529B28BE30AC8A01_element_455/name'
14:28:06.904 [Forwarding getElementTagName on session 87eceb0d2ff57e1a97eb7724294c1da5 to remote] DEBUG org.asynchttpclient.netty.request.NettyRequestSender - Using open Channel [id: 0xeaeee574, L:/127.0.0.1:59085 - R:localhost/127.0.0.1:12593] for GET '/session/87eceb0d2ff57e1a97eb7724294c1da5/element/345A8A1F9EC063DC529B28BE30AC8A01_element_455/name'
14:28:06.915 [AsyncHttpClient-1-7] DEBUG org.asynchttpclient.netty.handler.HttpHandler - 

Request DefaultFullHttpRequest(decodeResult: success, version: HTTP/1.1, content: EmptyByteBufBE)
GET /session/87eceb0d2ff57e1a97eb7724294c1da5/element/345A8A1F9EC063DC529B28BE30AC8A01_element_455/name HTTP/1.1
User-Agent: selenium/4.8.1 (java windows)
Cache-Control: no-cache
Content-Type: application/json; charset=utf-8
host: localhost:12593
accept: */*

Response DefaultHttpResponse(decodeResult: success, version: HTTP/1.1)
HTTP/1.1 200 OK
Content-Length: 18
Content-Type: application/json; charset=utf-8
cache-control: no-cache

14:28:06.915 [AsyncHttpClient-1-7] DEBUG org.asynchttpclient.netty.channel.ChannelManager - Adding key: http://localhost:12593 for channel [id: 0xeaeee574, L:/127.0.0.1:59085 - R:localhost/127.0.0.1:12593]
14:28:06.915 [Forwarding getElementDomAttribute on session 87eceb0d2ff57e1a97eb7724294c1da5 to remote] DEBUG org.asynchttpclient.netty.request.NettyRequestSender - Using pooled Channel '[id: 0xeaeee574, L:/127.0.0.1:59085 - R:localhost/127.0.0.1:12593]' for 'GET' to 'http://localhost:12593/session/87eceb0d2ff57e1a97eb7724294c1da5/element/345A8A1F9EC063DC529B28BE30AC8A01_element_455/attribute/multiple'
14:28:06.915 [Forwarding getElementDomAttribute on session 87eceb0d2ff57e1a97eb7724294c1da5 to remote] DEBUG org.asynchttpclient.netty.request.NettyRequestSender - Using open Channel [id: 0xeaeee574, L:/127.0.0.1:59085 - R:localhost/127.0.0.1:12593] for GET '/session/87eceb0d2ff57e1a97eb7724294c1da5/element/345A8A1F9EC063DC529B28BE30AC8A01_element_455/attribute/multiple'
14:28:06.927 [AsyncHttpClient-1-7] DEBUG org.asynchttpclient.netty.handler.HttpHandler - 

Request DefaultFullHttpRequest(decodeResult: success, version: HTTP/1.1, content: EmptyByteBufBE)
GET /session/87eceb0d2ff57e1a97eb7724294c1da5/element/345A8A1F9EC063DC529B28BE30AC8A01_element_455/attribute/multiple HTTP/1.1
User-Agent: selenium/4.8.1 (java windows)
Cache-Control: no-cache
Content-Type: application/json; charset=utf-8
host: localhost:12593
accept: */*

Response DefaultHttpResponse(decodeResult: success, version: HTTP/1.1)
HTTP/1.1 200 OK
Content-Length: 14
Content-Type: application/json; charset=utf-8
cache-control: no-cache

14:28:06.927 [AsyncHttpClient-1-7] DEBUG org.asynchttpclient.netty.channel.ChannelManager - Adding key: http://localhost:12593 for channel [id: 0xeaeee574, L:/127.0.0.1:59085 - R:localhost/127.0.0.1:12593]
14:28:06.936 [Forwarding isElementEnabled on session 87eceb0d2ff57e1a97eb7724294c1da5 to remote] DEBUG org.asynchttpclient.netty.request.NettyRequestSender - Using pooled Channel '[id: 0xeaeee574, L:/127.0.0.1:59085 - R:localhost/127.0.0.1:12593]' for 'GET' to 'http://localhost:12593/session/87eceb0d2ff57e1a97eb7724294c1da5/element/345A8A1F9EC063DC529B28BE30AC8A01_element_455/enabled'
14:28:06.936 [Forwarding isElementEnabled on session 87eceb0d2ff57e1a97eb7724294c1da5 to remote] DEBUG org.asynchttpclient.netty.request.NettyRequestSender - Using open Channel [id: 0xeaeee574, L:/127.0.0.1:59085 - R:localhost/127.0.0.1:12593] for GET '/session/87eceb0d2ff57e1a97eb7724294c1da5/element/345A8A1F9EC063DC529B28BE30AC8A01_element_455/enabled'
14:28:06.946 [AsyncHttpClient-1-7] DEBUG org.asynchttpclient.netty.handler.HttpHandler - 

Request DefaultFullHttpRequest(decodeResult: success, version: HTTP/1.1, content: EmptyByteBufBE)
GET /session/87eceb0d2ff57e1a97eb7724294c1da5/element/345A8A1F9EC063DC529B28BE30AC8A01_element_455/enabled HTTP/1.1
User-Agent: selenium/4.8.1 (java windows)
Cache-Control: no-cache
Content-Type: application/json; charset=utf-8
host: localhost:12593
accept: */*

Response DefaultHttpResponse(decodeResult: success, version: HTTP/1.1)
HTTP/1.1 200 OK
Content-Length: 14
Content-Type: application/json; charset=utf-8
cache-control: no-cache

14:28:06.946 [AsyncHttpClient-1-7] DEBUG org.asynchttpclient.netty.channel.ChannelManager - Adding key: http://localhost:12593 for channel [id: 0xeaeee574, L:/127.0.0.1:59085 - R:localhost/127.0.0.1:12593]
14:28:06.946 [Forwarding findChildElements on session 87eceb0d2ff57e1a97eb7724294c1da5 to remote] DEBUG org.asynchttpclient.netty.request.NettyRequestSender - Using pooled Channel '[id: 0xeaeee574, L:/127.0.0.1:59085 - R:localhost/127.0.0.1:12593]' for 'POST' to 'http://localhost:12593/session/87eceb0d2ff57e1a97eb7724294c1da5/element/345A8A1F9EC063DC529B28BE30AC8A01_element_455/elements'
14:28:06.946 [Forwarding findChildElements on session 87eceb0d2ff57e1a97eb7724294c1da5 to remote] DEBUG org.asynchttpclient.netty.request.NettyRequestSender - Using open Channel [id: 0xeaeee574, L:/127.0.0.1:59085 - R:localhost/127.0.0.1:12593] for POST '/session/87eceb0d2ff57e1a97eb7724294c1da5/element/345A8A1F9EC063DC529B28BE30AC8A01_element_455/elements'
14:28:06.968 [AsyncHttpClient-1-7] DEBUG org.asynchttpclient.netty.handler.HttpHandler - 

Request DefaultHttpRequest(decodeResult: success, version: HTTP/1.1)
POST /session/87eceb0d2ff57e1a97eb7724294c1da5/element/345A8A1F9EC063DC529B28BE30AC8A01_element_455/elements HTTP/1.1
User-Agent: selenium/4.8.1 (java windows)
Content-Length: 102
Content-Type: application/json; charset=utf-8
host: localhost:12593
accept: */*

Response DefaultHttpResponse(decodeResult: success, version: HTTP/1.1)
HTTP/1.1 200 OK
Content-Length: 446
Content-Type: application/json; charset=utf-8
cache-control: no-cache

14:28:06.968 [AsyncHttpClient-1-7] DEBUG org.asynchttpclient.netty.channel.ChannelManager - Adding key: http://localhost:12593 for channel [id: 0xeaeee574, L:/127.0.0.1:59085 - R:localhost/127.0.0.1:12593]
14:28:06.968 [Forwarding getElementAttribute on session 87eceb0d2ff57e1a97eb7724294c1da5 to remote] DEBUG org.asynchttpclient.netty.request.NettyRequestSender - Using pooled Channel '[id: 0xeaeee574, L:/127.0.0.1:59085 - R:localhost/127.0.0.1:12593]' for 'POST' to 'http://localhost:12593/session/87eceb0d2ff57e1a97eb7724294c1da5/execute/sync'
14:28:06.968 [Forwarding getElementAttribute on session 87eceb0d2ff57e1a97eb7724294c1da5 to remote] DEBUG org.asynchttpclient.netty.request.NettyRequestSender - Using open Channel [id: 0xeaeee574, L:/127.0.0.1:59085 - R:localhost/127.0.0.1:12593] for POST '/session/87eceb0d2ff57e1a97eb7724294c1da5/execute/sync'
14:28:06.989 [AsyncHttpClient-1-7] DEBUG org.asynchttpclient.netty.handler.HttpHandler - 

Request DefaultHttpRequest(decodeResult: success, version: HTTP/1.1)
POST /session/87eceb0d2ff57e1a97eb7724294c1da5/execute/sync HTTP/1.1
User-Agent: selenium/4.8.1 (java windows)
Content-Length: 47376
Content-Type: application/json; charset=utf-8
host: localhost:12593
accept: */*

Response DefaultHttpResponse(decodeResult: success, version: HTTP/1.1)
HTTP/1.1 200 OK
Content-Length: 13
Content-Type: application/json; charset=utf-8
cache-control: no-cache

14:28:06.989 [AsyncHttpClient-1-7] DEBUG org.asynchttpclient.netty.channel.ChannelManager - Adding key: http://localhost:12593 for channel [id: 0xeaeee574, L:/127.0.0.1:59085 - R:localhost/127.0.0.1:12593]
14:28:06.993 [Forwarding getElementAttribute on session 87eceb0d2ff57e1a97eb7724294c1da5 to remote] DEBUG org.asynchttpclient.netty.request.NettyRequestSender - Using pooled Channel '[id: 0xeaeee574, L:/127.0.0.1:59085 - R:localhost/127.0.0.1:12593]' for 'POST' to 'http://localhost:12593/session/87eceb0d2ff57e1a97eb7724294c1da5/execute/sync'
14:28:06.993 [Forwarding getElementAttribute on session 87eceb0d2ff57e1a97eb7724294c1da5 to remote] DEBUG org.asynchttpclient.netty.request.NettyRequestSender - Using open Channel [id: 0xeaeee574, L:/127.0.0.1:59085 - R:localhost/127.0.0.1:12593] for POST '/session/87eceb0d2ff57e1a97eb7724294c1da5/execute/sync'
14:28:07.011 [AsyncHttpClient-1-7] DEBUG org.asynchttpclient.netty.handler.HttpHandler - 

Request DefaultHttpRequest(decodeResult: success, version: HTTP/1.1)
POST /session/87eceb0d2ff57e1a97eb7724294c1da5/execute/sync HTTP/1.1
User-Agent: selenium/4.8.1 (java windows)
Content-Length: 47376
Content-Type: application/json; charset=utf-8
host: localhost:12593
accept: */*

Response DefaultHttpResponse(decodeResult: success, version: HTTP/1.1)
HTTP/1.1 200 OK
Content-Length: 13
Content-Type: application/json; charset=utf-8
cache-control: no-cache

14:28:07.011 [AsyncHttpClient-1-7] DEBUG org.asynchttpclient.netty.channel.ChannelManager - Adding key: http://localhost:12593 for channel [id: 0xeaeee574, L:/127.0.0.1:59085 - R:localhost/127.0.0.1:12593]
14:28:07.011 [Forwarding getElementAttribute on session 87eceb0d2ff57e1a97eb7724294c1da5 to remote] DEBUG org.asynchttpclient.netty.request.NettyRequestSender - Using pooled Channel '[id: 0xeaeee574, L:/127.0.0.1:59085 - R:localhost/127.0.0.1:12593]' for 'POST' to 'http://localhost:12593/session/87eceb0d2ff57e1a97eb7724294c1da5/execute/sync'
14:28:07.011 [Forwarding getElementAttribute on session 87eceb0d2ff57e1a97eb7724294c1da5 to remote] DEBUG org.asynchttpclient.netty.request.NettyRequestSender - Using open Channel [id: 0xeaeee574, L:/127.0.0.1:59085 - R:localhost/127.0.0.1:12593] for POST '/session/87eceb0d2ff57e1a97eb7724294c1da5/execute/sync'
14:28:07.032 [AsyncHttpClient-1-7] DEBUG org.asynchttpclient.netty.handler.HttpHandler - 

Request DefaultHttpRequest(decodeResult: success, version: HTTP/1.1)
POST /session/87eceb0d2ff57e1a97eb7724294c1da5/execute/sync HTTP/1.1
User-Agent: selenium/4.8.1 (java windows)
Content-Length: 47376
Content-Type: application/json; charset=utf-8
host: localhost:12593
accept: */*

Response DefaultHttpResponse(decodeResult: success, version: HTTP/1.1)
HTTP/1.1 200 OK
Content-Length: 13
Content-Type: application/json; charset=utf-8
cache-control: no-cache

14:28:07.032 [AsyncHttpClient-1-7] DEBUG org.asynchttpclient.netty.channel.ChannelManager - Adding key: http://localhost:12593 for channel [id: 0xeaeee574, L:/127.0.0.1:59085 - R:localhost/127.0.0.1:12593]
14:28:07.032 [Forwarding getElementAttribute on session 87eceb0d2ff57e1a97eb7724294c1da5 to remote] DEBUG org.asynchttpclient.netty.request.NettyRequestSender - Using pooled Channel '[id: 0xeaeee574, L:/127.0.0.1:59085 - R:localhost/127.0.0.1:12593]' for 'POST' to 'http://localhost:12593/session/87eceb0d2ff57e1a97eb7724294c1da5/execute/sync'
14:28:07.032 [Forwarding getElementAttribute on session 87eceb0d2ff57e1a97eb7724294c1da5 to remote] DEBUG org.asynchttpclient.netty.request.NettyRequestSender - Using open Channel [id: 0xeaeee574, L:/127.0.0.1:59085 - R:localhost/127.0.0.1:12593] for POST '/session/87eceb0d2ff57e1a97eb7724294c1da5/execute/sync'
14:28:07.053 [AsyncHttpClient-1-7] DEBUG org.asynchttpclient.netty.handler.HttpHandler - 

Request DefaultHttpRequest(decodeResult: success, version: HTTP/1.1)
POST /session/87eceb0d2ff57e1a97eb7724294c1da5/execute/sync HTTP/1.1
User-Agent: selenium/4.8.1 (java windows)
Content-Length: 47376
Content-Type: application/json; charset=utf-8
host: localhost:12593
accept: */*

Response DefaultHttpResponse(decodeResult: success, version: HTTP/1.1)
HTTP/1.1 200 OK
Content-Length: 13
Content-Type: application/json; charset=utf-8
cache-control: no-cache

14:28:07.053 [AsyncHttpClient-1-7] DEBUG org.asynchttpclient.netty.channel.ChannelManager - Adding key: http://localhost:12593 for channel [id: 0xeaeee574, L:/127.0.0.1:59085 - R:localhost/127.0.0.1:12593]
14:28:07.053 [Forwarding isElementEnabled on session 87eceb0d2ff57e1a97eb7724294c1da5 to remote] DEBUG org.asynchttpclient.netty.request.NettyRequestSender - Using pooled Channel '[id: 0xeaeee574, L:/127.0.0.1:59085 - R:localhost/127.0.0.1:12593]' for 'GET' to 'http://localhost:12593/session/87eceb0d2ff57e1a97eb7724294c1da5/element/345A8A1F9EC063DC529B28BE30AC8A01_element_459/enabled'
14:28:07.055 [Forwarding isElementEnabled on session 87eceb0d2ff57e1a97eb7724294c1da5 to remote] DEBUG org.asynchttpclient.netty.request.NettyRequestSender - Using open Channel [id: 0xeaeee574, L:/127.0.0.1:59085 - R:localhost/127.0.0.1:12593] for GET '/session/87eceb0d2ff57e1a97eb7724294c1da5/element/345A8A1F9EC063DC529B28BE30AC8A01_element_459/enabled'
14:28:07.074 [AsyncHttpClient-1-7] DEBUG org.asynchttpclient.netty.handler.HttpHandler - 

Request DefaultFullHttpRequest(decodeResult: success, version: HTTP/1.1, content: EmptyByteBufBE)
GET /session/87eceb0d2ff57e1a97eb7724294c1da5/element/345A8A1F9EC063DC529B28BE30AC8A01_element_459/enabled HTTP/1.1
User-Agent: selenium/4.8.1 (java windows)
Cache-Control: no-cache
Content-Type: application/json; charset=utf-8
host: localhost:12593
accept: */*

Response DefaultHttpResponse(decodeResult: success, version: HTTP/1.1)
HTTP/1.1 200 OK
Content-Length: 14
Content-Type: application/json; charset=utf-8
cache-control: no-cache

14:28:07.074 [AsyncHttpClient-1-7] DEBUG org.asynchttpclient.netty.channel.ChannelManager - Adding key: http://localhost:12593 for channel [id: 0xeaeee574, L:/127.0.0.1:59085 - R:localhost/127.0.0.1:12593]
14:28:07.074 [Forwarding isElementSelected on session 87eceb0d2ff57e1a97eb7724294c1da5 to remote] DEBUG org.asynchttpclient.netty.request.NettyRequestSender - Using pooled Channel '[id: 0xeaeee574, L:/127.0.0.1:59085 - R:localhost/127.0.0.1:12593]' for 'GET' to 'http://localhost:12593/session/87eceb0d2ff57e1a97eb7724294c1da5/element/345A8A1F9EC063DC529B28BE30AC8A01_element_459/selected'
14:28:07.074 [Forwarding isElementSelected on session 87eceb0d2ff57e1a97eb7724294c1da5 to remote] DEBUG org.asynchttpclient.netty.request.NettyRequestSender - Using open Channel [id: 0xeaeee574, L:/127.0.0.1:59085 - R:localhost/127.0.0.1:12593] for GET '/session/87eceb0d2ff57e1a97eb7724294c1da5/element/345A8A1F9EC063DC529B28BE30AC8A01_element_459/selected'
14:28:07.096 [AsyncHttpClient-1-7] DEBUG org.asynchttpclient.netty.handler.HttpHandler - 

Request DefaultFullHttpRequest(decodeResult: success, version: HTTP/1.1, content: EmptyByteBufBE)
GET /session/87eceb0d2ff57e1a97eb7724294c1da5/element/345A8A1F9EC063DC529B28BE30AC8A01_element_459/selected HTTP/1.1
User-Agent: selenium/4.8.1 (java windows)
Cache-Control: no-cache
Content-Type: application/json; charset=utf-8
host: localhost:12593
accept: */*

Response DefaultHttpResponse(decodeResult: success, version: HTTP/1.1)
HTTP/1.1 200 OK
Content-Length: 15
Content-Type: application/json; charset=utf-8
cache-control: no-cache

14:28:07.096 [AsyncHttpClient-1-7] DEBUG org.asynchttpclient.netty.channel.ChannelManager - Adding key: http://localhost:12593 for channel [id: 0xeaeee574, L:/127.0.0.1:59085 - R:localhost/127.0.0.1:12593]
14:28:07.096 [Forwarding clickElement on session 87eceb0d2ff57e1a97eb7724294c1da5 to remote] DEBUG org.asynchttpclient.netty.request.NettyRequestSender - Using pooled Channel '[id: 0xeaeee574, L:/127.0.0.1:59085 - R:localhost/127.0.0.1:12593]' for 'POST' to 'http://localhost:12593/session/87eceb0d2ff57e1a97eb7724294c1da5/element/345A8A1F9EC063DC529B28BE30AC8A01_element_459/click'
14:28:07.096 [Forwarding clickElement on session 87eceb0d2ff57e1a97eb7724294c1da5 to remote] DEBUG org.asynchttpclient.netty.request.NettyRequestSender - Using open Channel [id: 0xeaeee574, L:/127.0.0.1:59085 - R:localhost/127.0.0.1:12593] for POST '/session/87eceb0d2ff57e1a97eb7724294c1da5/element/345A8A1F9EC063DC529B28BE30AC8A01_element_459/click'
14:28:07.164 [AsyncHttpClient-1-7] DEBUG org.asynchttpclient.netty.handler.HttpHandler - 

Request DefaultHttpRequest(decodeResult: success, version: HTTP/1.1)
POST /session/87eceb0d2ff57e1a97eb7724294c1da5/element/345A8A1F9EC063DC529B28BE30AC8A01_element_459/click HTTP/1.1
User-Agent: selenium/4.8.1 (java windows)
Content-Length: 58
Content-Type: application/json; charset=utf-8
host: localhost:12593
accept: */*

Response DefaultHttpResponse(decodeResult: success, version: HTTP/1.1)
HTTP/1.1 200 OK
Content-Length: 14
Content-Type: application/json; charset=utf-8
cache-control: no-cache

14:28:07.164 [AsyncHttpClient-1-7] DEBUG org.asynchttpclient.netty.channel.ChannelManager - Adding key: http://localhost:12593 for channel [id: 0xeaeee574, L:/127.0.0.1:59085 - R:localhost/127.0.0.1:12593]
14:28:07.180 [Forwarding getAlertText on session 87eceb0d2ff57e1a97eb7724294c1da5 to remote] DEBUG org.asynchttpclient.netty.request.NettyRequestSender - Using pooled Channel '[id: 0xeaeee574, L:/127.0.0.1:59085 - R:localhost/127.0.0.1:12593]' for 'GET' to 'http://localhost:12593/session/87eceb0d2ff57e1a97eb7724294c1da5/alert/text'
14:28:07.180 [Forwarding getAlertText on session 87eceb0d2ff57e1a97eb7724294c1da5 to remote] DEBUG org.asynchttpclient.netty.request.NettyRequestSender - Using open Channel [id: 0xeaeee574, L:/127.0.0.1:59085 - R:localhost/127.0.0.1:12593] for GET '/session/87eceb0d2ff57e1a97eb7724294c1da5/alert/text'
14:28:07.181 [AsyncHttpClient-1-7] DEBUG org.asynchttpclient.netty.handler.HttpHandler - 

Request DefaultFullHttpRequest(decodeResult: success, version: HTTP/1.1, content: EmptyByteBufBE)
GET /session/87eceb0d2ff57e1a97eb7724294c1da5/alert/text HTTP/1.1
User-Agent: selenium/4.8.1 (java windows)
Cache-Control: no-cache
Content-Type: application/json; charset=utf-8
host: localhost:12593
accept: */*

Response DefaultHttpResponse(decodeResult: success, version: HTTP/1.1)
HTTP/1.1 404 Not Found
Content-Length: 821
Content-Type: application/json; charset=utf-8
cache-control: no-cache

14:28:07.181 [AsyncHttpClient-1-7] DEBUG org.asynchttpclient.netty.channel.ChannelManager - Adding key: http://localhost:12593 for channel [id: 0xeaeee574, L:/127.0.0.1:59085 - R:localhost/127.0.0.1:12593]
14:28:07.181 [Forwarding getCurrentUrl on session 87eceb0d2ff57e1a97eb7724294c1da5 to remote] DEBUG org.asynchttpclient.netty.request.NettyRequestSender - Using pooled Channel '[id: 0xeaeee574, L:/127.0.0.1:59085 - R:localhost/127.0.0.1:12593]' for 'GET' to 'http://localhost:12593/session/87eceb0d2ff57e1a97eb7724294c1da5/url'
14:28:07.181 [Forwarding getCurrentUrl on session 87eceb0d2ff57e1a97eb7724294c1da5 to remote] DEBUG org.asynchttpclient.netty.request.NettyRequestSender - Using open Channel [id: 0xeaeee574, L:/127.0.0.1:59085 - R:localhost/127.0.0.1:12593] for GET '/session/87eceb0d2ff57e1a97eb7724294c1da5/url'
14:28:07.194 [AsyncHttpClient-1-7] DEBUG org.asynchttpclient.netty.handler.HttpHandler - 

Request DefaultFullHttpRequest(decodeResult: success, version: HTTP/1.1, content: EmptyByteBufBE)
GET /session/87eceb0d2ff57e1a97eb7724294c1da5/url HTTP/1.1
User-Agent: selenium/4.8.1 (java windows)
Cache-Control: no-cache
Content-Type: application/json; charset=utf-8
host: localhost:12593
accept: */*

Response DefaultHttpResponse(decodeResult: success, version: HTTP/1.1)
HTTP/1.1 200 OK
Content-Length: 68
Content-Type: application/json; charset=utf-8
cache-control: no-cache

14:28:07.194 [AsyncHttpClient-1-7] DEBUG org.asynchttpclient.netty.channel.ChannelManager - Adding key: http://localhost:12593 for channel [id: 0xeaeee574, L:/127.0.0.1:59085 - R:localhost/127.0.0.1:12593]
14:28:07.194 [Forwarding screenshot on session 87eceb0d2ff57e1a97eb7724294c1da5 to remote] DEBUG org.asynchttpclient.netty.request.NettyRequestSender - Using pooled Channel '[id: 0xeaeee574, L:/127.0.0.1:59085 - R:localhost/127.0.0.1:12593]' for 'GET' to 'http://localhost:12593/session/87eceb0d2ff57e1a97eb7724294c1da5/screenshot'
14:28:07.194 [Forwarding screenshot on session 87eceb0d2ff57e1a97eb7724294c1da5 to remote] DEBUG org.asynchttpclient.netty.request.NettyRequestSender - Using open Channel [id: 0xeaeee574, L:/127.0.0.1:59085 - R:localhost/127.0.0.1:12593] for GET '/session/87eceb0d2ff57e1a97eb7724294c1da5/screenshot'
14:28:07.415 [AsyncHttpClient-1-7] DEBUG org.asynchttpclient.netty.handler.HttpHandler - 

Request DefaultFullHttpRequest(decodeResult: success, version: HTTP/1.1, content: EmptyByteBufBE)
GET /session/87eceb0d2ff57e1a97eb7724294c1da5/screenshot HTTP/1.1
User-Agent: selenium/4.8.1 (java windows)
Cache-Control: no-cache
Content-Type: application/json; charset=utf-8
host: localhost:12593
accept: */*

Response DefaultHttpResponse(decodeResult: success, version: HTTP/1.1)
HTTP/1.1 200 OK
Content-Length: 119076
Content-Type: application/json; charset=utf-8
cache-control: no-cache

14:28:07.415 [AsyncHttpClient-1-7] DEBUG org.asynchttpclient.netty.channel.ChannelManager - Adding key: http://localhost:12593 for channel [id: 0xeaeee574, L:/127.0.0.1:59085 - R:localhost/127.0.0.1:12593]
14:28:07.427 [main] DEBUG net.serenitybdd.core.photography.Darkroom - Send negative for processing for target\site\serenity\3302547a099cf4a914f55e5986bbaed5b1bfb09450efc1124fb9a96f830d5d91.png
14:28:07.427 [main] DEBUG net.thucydides.core.steps.StepInterceptor - STEP DONE: Select_feedback_type
14:28:07.427 [Darkroom Processing Line] DEBUG net.serenitybdd.core.photography.DarkroomProcessingLine - Processing screenshot image in /var/screenshots/screenshot-7732968602140272552
14:28:07.427 [Darkroom Processing Line] DEBUG net.serenitybdd.core.photography.DarkroomProcessingLine - Saving screenshot to target\site\serenity\3302547a099cf4a914f55e5986bbaed5b1bfb09450efc1124fb9a96f830d5d91.png
14:28:07.447 [Forwarding getPageSource on session 87eceb0d2ff57e1a97eb7724294c1da5 to remote] DEBUG org.asynchttpclient.netty.request.NettyRequestSender - Using pooled Channel '[id: 0xeaeee574, L:/127.0.0.1:59085 - R:localhost/127.0.0.1:12593]' for 'POST' to 'http://localhost:12593/session/87eceb0d2ff57e1a97eb7724294c1da5/execute/sync'
14:28:07.447 [Forwarding getPageSource on session 87eceb0d2ff57e1a97eb7724294c1da5 to remote] DEBUG org.asynchttpclient.netty.request.NettyRequestSender - Using open Channel [id: 0xeaeee574, L:/127.0.0.1:59085 - R:localhost/127.0.0.1:12593] for POST '/session/87eceb0d2ff57e1a97eb7724294c1da5/execute/sync'
14:28:07.474 [AsyncHttpClient-1-7] DEBUG org.asynchttpclient.netty.handler.HttpHandler - 

Request DefaultHttpRequest(decodeResult: success, version: HTTP/1.1)
POST /session/87eceb0d2ff57e1a97eb7724294c1da5/execute/sync HTTP/1.1
User-Agent: selenium/4.8.1 (java windows)
Content-Length: 176
Content-Type: application/json; charset=utf-8
host: localhost:12593
accept: */*

Response DefaultHttpResponse(decodeResult: success, version: HTTP/1.1)
HTTP/1.1 200 OK
Content-Length: 105748
Content-Type: application/json; charset=utf-8
cache-control: no-cache

14:28:07.474 [AsyncHttpClient-1-7] DEBUG org.asynchttpclient.netty.channel.ChannelManager - Adding key: http://localhost:12593 for channel [id: 0xeaeee574, L:/127.0.0.1:59085 - R:localhost/127.0.0.1:12593]
14:28:07.490 [Forwarding getCurrentUrl on session 87eceb0d2ff57e1a97eb7724294c1da5 to remote] DEBUG org.asynchttpclient.netty.request.NettyRequestSender - Using pooled Channel '[id: 0xeaeee574, L:/127.0.0.1:59085 - R:localhost/127.0.0.1:12593]' for 'GET' to 'http://localhost:12593/session/87eceb0d2ff57e1a97eb7724294c1da5/url'
14:28:07.490 [Forwarding getCurrentUrl on session 87eceb0d2ff57e1a97eb7724294c1da5 to remote] DEBUG org.asynchttpclient.netty.request.NettyRequestSender - Using open Channel [id: 0xeaeee574, L:/127.0.0.1:59085 - R:localhost/127.0.0.1:12593] for GET '/session/87eceb0d2ff57e1a97eb7724294c1da5/url'
14:28:07.501 [AsyncHttpClient-1-7] DEBUG org.asynchttpclient.netty.handler.HttpHandler - 

Request DefaultFullHttpRequest(decodeResult: success, version: HTTP/1.1, content: EmptyByteBufBE)
GET /session/87eceb0d2ff57e1a97eb7724294c1da5/url HTTP/1.1
User-Agent: selenium/4.8.1 (java windows)
Cache-Control: no-cache
Content-Type: application/json; charset=utf-8
host: localhost:12593
accept: */*

Response DefaultHttpResponse(decodeResult: success, version: HTTP/1.1)
HTTP/1.1 200 OK
Content-Length: 68
Content-Type: application/json; charset=utf-8
cache-control: no-cache

14:28:07.501 [AsyncHttpClient-1-7] DEBUG org.asynchttpclient.netty.channel.ChannelManager - Adding key: http://localhost:12593 for channel [id: 0xeaeee574, L:/127.0.0.1:59085 - R:localhost/127.0.0.1:12593]
14:28:07.512 [Forwarding getAlertText on session 87eceb0d2ff57e1a97eb7724294c1da5 to remote] DEBUG org.asynchttpclient.netty.request.NettyRequestSender - Using pooled Channel '[id: 0xeaeee574, L:/127.0.0.1:59085 - R:localhost/127.0.0.1:12593]' for 'GET' to 'http://localhost:12593/session/87eceb0d2ff57e1a97eb7724294c1da5/alert/text'
14:28:07.512 [Forwarding getAlertText on session 87eceb0d2ff57e1a97eb7724294c1da5 to remote] DEBUG org.asynchttpclient.netty.request.NettyRequestSender - Using open Channel [id: 0xeaeee574, L:/127.0.0.1:59085 - R:localhost/127.0.0.1:12593] for GET '/session/87eceb0d2ff57e1a97eb7724294c1da5/alert/text'
14:28:07.523 [AsyncHttpClient-1-7] DEBUG org.asynchttpclient.netty.handler.HttpHandler - 

Request DefaultFullHttpRequest(decodeResult: success, version: HTTP/1.1, content: EmptyByteBufBE)
GET /session/87eceb0d2ff57e1a97eb7724294c1da5/alert/text HTTP/1.1
User-Agent: selenium/4.8.1 (java windows)
Cache-Control: no-cache
Content-Type: application/json; charset=utf-8
host: localhost:12593
accept: */*

Response DefaultHttpResponse(decodeResult: success, version: HTTP/1.1)
HTTP/1.1 404 Not Found
Content-Length: 821
Content-Type: application/json; charset=utf-8
cache-control: no-cache

14:28:07.523 [AsyncHttpClient-1-7] DEBUG org.asynchttpclient.netty.channel.ChannelManager - Adding key: http://localhost:12593 for channel [id: 0xeaeee574, L:/127.0.0.1:59085 - R:localhost/127.0.0.1:12593]
14:28:07.523 [Forwarding getCurrentUrl on session 87eceb0d2ff57e1a97eb7724294c1da5 to remote] DEBUG org.asynchttpclient.netty.request.NettyRequestSender - Using pooled Channel '[id: 0xeaeee574, L:/127.0.0.1:59085 - R:localhost/127.0.0.1:12593]' for 'GET' to 'http://localhost:12593/session/87eceb0d2ff57e1a97eb7724294c1da5/url'
14:28:07.523 [Forwarding getCurrentUrl on session 87eceb0d2ff57e1a97eb7724294c1da5 to remote] DEBUG org.asynchttpclient.netty.request.NettyRequestSender - Using open Channel [id: 0xeaeee574, L:/127.0.0.1:59085 - R:localhost/127.0.0.1:12593] for GET '/session/87eceb0d2ff57e1a97eb7724294c1da5/url'
14:28:07.533 [AsyncHttpClient-1-7] DEBUG org.asynchttpclient.netty.handler.HttpHandler - 

Request DefaultFullHttpRequest(decodeResult: success, version: HTTP/1.1, content: EmptyByteBufBE)
GET /session/87eceb0d2ff57e1a97eb7724294c1da5/url HTTP/1.1
User-Agent: selenium/4.8.1 (java windows)
Cache-Control: no-cache
Content-Type: application/json; charset=utf-8
host: localhost:12593
accept: */*

Response DefaultHttpResponse(decodeResult: success, version: HTTP/1.1)
HTTP/1.1 200 OK
Content-Length: 68
Content-Type: application/json; charset=utf-8
cache-control: no-cache

14:28:07.533 [AsyncHttpClient-1-7] DEBUG org.asynchttpclient.netty.channel.ChannelManager - Adding key: http://localhost:12593 for channel [id: 0xeaeee574, L:/127.0.0.1:59085 - R:localhost/127.0.0.1:12593]
14:28:07.533 [Forwarding screenshot on session 87eceb0d2ff57e1a97eb7724294c1da5 to remote] DEBUG org.asynchttpclient.netty.request.NettyRequestSender - Using pooled Channel '[id: 0xeaeee574, L:/127.0.0.1:59085 - R:localhost/127.0.0.1:12593]' for 'GET' to 'http://localhost:12593/session/87eceb0d2ff57e1a97eb7724294c1da5/screenshot'
14:28:07.533 [Forwarding screenshot on session 87eceb0d2ff57e1a97eb7724294c1da5 to remote] DEBUG org.asynchttpclient.netty.request.NettyRequestSender - Using open Channel [id: 0xeaeee574, L:/127.0.0.1:59085 - R:localhost/127.0.0.1:12593] for GET '/session/87eceb0d2ff57e1a97eb7724294c1da5/screenshot'
14:28:07.749 [AsyncHttpClient-1-7] DEBUG org.asynchttpclient.netty.handler.HttpHandler - 

Request DefaultFullHttpRequest(decodeResult: success, version: HTTP/1.1, content: EmptyByteBufBE)
GET /session/87eceb0d2ff57e1a97eb7724294c1da5/screenshot HTTP/1.1
User-Agent: selenium/4.8.1 (java windows)
Cache-Control: no-cache
Content-Type: application/json; charset=utf-8
host: localhost:12593
accept: */*

Response DefaultHttpResponse(decodeResult: success, version: HTTP/1.1)
HTTP/1.1 200 OK
Content-Length: 119076
Content-Type: application/json; charset=utf-8
cache-control: no-cache

14:28:07.749 [AsyncHttpClient-1-7] DEBUG org.asynchttpclient.netty.channel.ChannelManager - Adding key: http://localhost:12593 for channel [id: 0xeaeee574, L:/127.0.0.1:59085 - R:localhost/127.0.0.1:12593]
14:28:07.768 [main] DEBUG net.serenitybdd.core.photography.Darkroom - Send negative for processing for target\site\serenity\3302547a099cf4a914f55e5986bbaed5b1bfb09450efc1124fb9a96f830d5d91.png
14:28:07.768 [Forwarding getPageSource on session 87eceb0d2ff57e1a97eb7724294c1da5 to remote] DEBUG org.asynchttpclient.netty.request.NettyRequestSender - Using pooled Channel '[id: 0xeaeee574, L:/127.0.0.1:59085 - R:localhost/127.0.0.1:12593]' for 'POST' to 'http://localhost:12593/session/87eceb0d2ff57e1a97eb7724294c1da5/execute/sync'
14:28:07.768 [Forwarding getPageSource on session 87eceb0d2ff57e1a97eb7724294c1da5 to remote] DEBUG org.asynchttpclient.netty.request.NettyRequestSender - Using open Channel [id: 0xeaeee574, L:/127.0.0.1:59085 - R:localhost/127.0.0.1:12593] for POST '/session/87eceb0d2ff57e1a97eb7724294c1da5/execute/sync'
14:28:07.796 [AsyncHttpClient-1-7] DEBUG org.asynchttpclient.netty.handler.HttpHandler - 

Request DefaultHttpRequest(decodeResult: success, version: HTTP/1.1)
POST /session/87eceb0d2ff57e1a97eb7724294c1da5/execute/sync HTTP/1.1
User-Agent: selenium/4.8.1 (java windows)
Content-Length: 176
Content-Type: application/json; charset=utf-8
host: localhost:12593
accept: */*

Response DefaultHttpResponse(decodeResult: success, version: HTTP/1.1)
HTTP/1.1 200 OK
Content-Length: 105748
Content-Type: application/json; charset=utf-8
cache-control: no-cache

14:28:07.796 [AsyncHttpClient-1-7] DEBUG org.asynchttpclient.netty.channel.ChannelManager - Adding key: http://localhost:12593 for channel [id: 0xeaeee574, L:/127.0.0.1:59085 - R:localhost/127.0.0.1:12593]
14:28:07.812 [Forwarding getCurrentUrl on session 87eceb0d2ff57e1a97eb7724294c1da5 to remote] DEBUG org.asynchttpclient.netty.request.NettyRequestSender - Using pooled Channel '[id: 0xeaeee574, L:/127.0.0.1:59085 - R:localhost/127.0.0.1:12593]' for 'GET' to 'http://localhost:12593/session/87eceb0d2ff57e1a97eb7724294c1da5/url'
14:28:07.812 [Forwarding getCurrentUrl on session 87eceb0d2ff57e1a97eb7724294c1da5 to remote] DEBUG org.asynchttpclient.netty.request.NettyRequestSender - Using open Channel [id: 0xeaeee574, L:/127.0.0.1:59085 - R:localhost/127.0.0.1:12593] for GET '/session/87eceb0d2ff57e1a97eb7724294c1da5/url'
14:28:07.821 [AsyncHttpClient-1-7] DEBUG org.asynchttpclient.netty.handler.HttpHandler - 

Request DefaultFullHttpRequest(decodeResult: success, version: HTTP/1.1, content: EmptyByteBufBE)
GET /session/87eceb0d2ff57e1a97eb7724294c1da5/url HTTP/1.1
User-Agent: selenium/4.8.1 (java windows)
Cache-Control: no-cache
Content-Type: application/json; charset=utf-8
host: localhost:12593
accept: */*

Response DefaultHttpResponse(decodeResult: success, version: HTTP/1.1)
HTTP/1.1 200 OK
Content-Length: 68
Content-Type: application/json; charset=utf-8
cache-control: no-cache

14:28:07.821 [AsyncHttpClient-1-7] DEBUG org.asynchttpclient.netty.channel.ChannelManager - Adding key: http://localhost:12593 for channel [id: 0xeaeee574, L:/127.0.0.1:59085 - R:localhost/127.0.0.1:12593]
14:28:07.828 [main] DEBUG net.thucydides.core.steps.StepInterceptor - STARTING STEP: Afrexim_OurBank_Contactus_Givefeedback_steps.enter_comments - Enter_comments
14:28:07.837 [Forwarding findElement on session 87eceb0d2ff57e1a97eb7724294c1da5 to remote] DEBUG org.asynchttpclient.netty.request.NettyRequestSender - Using pooled Channel '[id: 0xeaeee574, L:/127.0.0.1:59085 - R:localhost/127.0.0.1:12593]' for 'POST' to 'http://localhost:12593/session/87eceb0d2ff57e1a97eb7724294c1da5/element'
14:28:07.837 [Forwarding findElement on session 87eceb0d2ff57e1a97eb7724294c1da5 to remote] DEBUG org.asynchttpclient.netty.request.NettyRequestSender - Using open Channel [id: 0xeaeee574, L:/127.0.0.1:59085 - R:localhost/127.0.0.1:12593] for POST '/session/87eceb0d2ff57e1a97eb7724294c1da5/element'
14:28:07.863 [AsyncHttpClient-1-7] DEBUG org.asynchttpclient.netty.handler.HttpHandler - 

Request DefaultHttpRequest(decodeResult: success, version: HTTP/1.1)
POST /session/87eceb0d2ff57e1a97eb7724294c1da5/element HTTP/1.1
User-Agent: selenium/4.8.1 (java windows)
Content-Length: 75
Content-Type: application/json; charset=utf-8
host: localhost:12593
accept: */*

Response DefaultHttpResponse(decodeResult: success, version: HTTP/1.1)
HTTP/1.1 200 OK
Content-Length: 96
Content-Type: application/json; charset=utf-8
cache-control: no-cache

14:28:07.863 [AsyncHttpClient-1-7] DEBUG org.asynchttpclient.netty.channel.ChannelManager - Adding key: http://localhost:12593 for channel [id: 0xeaeee574, L:/127.0.0.1:59085 - R:localhost/127.0.0.1:12593]
14:28:07.863 [Forwarding clearElement on session 87eceb0d2ff57e1a97eb7724294c1da5 to remote] DEBUG org.asynchttpclient.netty.request.NettyRequestSender - Using pooled Channel '[id: 0xeaeee574, L:/127.0.0.1:59085 - R:localhost/127.0.0.1:12593]' for 'POST' to 'http://localhost:12593/session/87eceb0d2ff57e1a97eb7724294c1da5/element/345A8A1F9EC063DC529B28BE30AC8A01_element_461/clear'
14:28:07.863 [Forwarding clearElement on session 87eceb0d2ff57e1a97eb7724294c1da5 to remote] DEBUG org.asynchttpclient.netty.request.NettyRequestSender - Using open Channel [id: 0xeaeee574, L:/127.0.0.1:59085 - R:localhost/127.0.0.1:12593] for POST '/session/87eceb0d2ff57e1a97eb7724294c1da5/element/345A8A1F9EC063DC529B28BE30AC8A01_element_461/clear'
14:28:07.917 [AsyncHttpClient-1-7] DEBUG org.asynchttpclient.netty.handler.HttpHandler - 

Request DefaultHttpRequest(decodeResult: success, version: HTTP/1.1)
POST /session/87eceb0d2ff57e1a97eb7724294c1da5/element/345A8A1F9EC063DC529B28BE30AC8A01_element_461/clear HTTP/1.1
User-Agent: selenium/4.8.1 (java windows)
Content-Length: 58
Content-Type: application/json; charset=utf-8
host: localhost:12593
accept: */*

Response DefaultHttpResponse(decodeResult: success, version: HTTP/1.1)
HTTP/1.1 200 OK
Content-Length: 14
Content-Type: application/json; charset=utf-8
cache-control: no-cache

14:28:07.917 [AsyncHttpClient-1-7] DEBUG org.asynchttpclient.netty.channel.ChannelManager - Adding key: http://localhost:12593 for channel [id: 0xeaeee574, L:/127.0.0.1:59085 - R:localhost/127.0.0.1:12593]
14:28:07.917 [Forwarding sendKeysToElement on session 87eceb0d2ff57e1a97eb7724294c1da5 to remote] DEBUG org.asynchttpclient.netty.request.NettyRequestSender - Using pooled Channel '[id: 0xeaeee574, L:/127.0.0.1:59085 - R:localhost/127.0.0.1:12593]' for 'POST' to 'http://localhost:12593/session/87eceb0d2ff57e1a97eb7724294c1da5/element/345A8A1F9EC063DC529B28BE30AC8A01_element_461/value'
14:28:07.917 [Forwarding sendKeysToElement on session 87eceb0d2ff57e1a97eb7724294c1da5 to remote] DEBUG org.asynchttpclient.netty.request.NettyRequestSender - Using open Channel [id: 0xeaeee574, L:/127.0.0.1:59085 - R:localhost/127.0.0.1:12593] for POST '/session/87eceb0d2ff57e1a97eb7724294c1da5/element/345A8A1F9EC063DC529B28BE30AC8A01_element_461/value'
14:28:08.093 [AsyncHttpClient-1-7] DEBUG org.asynchttpclient.netty.handler.HttpHandler - 

Request DefaultHttpRequest(decodeResult: success, version: HTTP/1.1)
POST /session/87eceb0d2ff57e1a97eb7724294c1da5/element/345A8A1F9EC063DC529B28BE30AC8A01_element_461/value HTTP/1.1
User-Agent: selenium/4.8.1 (java windows)
Content-Length: 219
Content-Type: application/json; charset=utf-8
host: localhost:12593
accept: */*

Response DefaultHttpResponse(decodeResult: success, version: HTTP/1.1)
HTTP/1.1 200 OK
Content-Length: 14
Content-Type: application/json; charset=utf-8
cache-control: no-cache

14:28:08.093 [AsyncHttpClient-1-7] DEBUG org.asynchttpclient.netty.channel.ChannelManager - Adding key: http://localhost:12593 for channel [id: 0xeaeee574, L:/127.0.0.1:59085 - R:localhost/127.0.0.1:12593]
14:28:08.093 [Forwarding sendKeysToElement on session 87eceb0d2ff57e1a97eb7724294c1da5 to remote] DEBUG org.asynchttpclient.netty.request.NettyRequestSender - Using pooled Channel '[id: 0xeaeee574, L:/127.0.0.1:59085 - R:localhost/127.0.0.1:12593]' for 'POST' to 'http://localhost:12593/session/87eceb0d2ff57e1a97eb7724294c1da5/element/345A8A1F9EC063DC529B28BE30AC8A01_element_461/value'
14:28:08.093 [Forwarding sendKeysToElement on session 87eceb0d2ff57e1a97eb7724294c1da5 to remote] DEBUG org.asynchttpclient.netty.request.NettyRequestSender - Using open Channel [id: 0xeaeee574, L:/127.0.0.1:59085 - R:localhost/127.0.0.1:12593] for POST '/session/87eceb0d2ff57e1a97eb7724294c1da5/element/345A8A1F9EC063DC529B28BE30AC8A01_element_461/value'
14:28:08.189 [AsyncHttpClient-1-7] DEBUG org.asynchttpclient.netty.handler.HttpHandler - 

Request DefaultHttpRequest(decodeResult: success, version: HTTP/1.1)
POST /session/87eceb0d2ff57e1a97eb7724294c1da5/element/345A8A1F9EC063DC529B28BE30AC8A01_element_461/value HTTP/1.1
User-Agent: selenium/4.8.1 (java windows)
Content-Length: 103
Content-Type: application/json; charset=utf-8
host: localhost:12593
accept: */*

Response DefaultHttpResponse(decodeResult: success, version: HTTP/1.1)
HTTP/1.1 200 OK
Content-Length: 14
Content-Type: application/json; charset=utf-8
cache-control: no-cache

14:28:08.189 [AsyncHttpClient-1-7] DEBUG org.asynchttpclient.netty.channel.ChannelManager - Adding key: http://localhost:12593 for channel [id: 0xeaeee574, L:/127.0.0.1:59085 - R:localhost/127.0.0.1:12593]
14:28:08.210 [Forwarding getAlertText on session 87eceb0d2ff57e1a97eb7724294c1da5 to remote] DEBUG org.asynchttpclient.netty.request.NettyRequestSender - Using pooled Channel '[id: 0xeaeee574, L:/127.0.0.1:59085 - R:localhost/127.0.0.1:12593]' for 'GET' to 'http://localhost:12593/session/87eceb0d2ff57e1a97eb7724294c1da5/alert/text'
14:28:08.210 [Forwarding getAlertText on session 87eceb0d2ff57e1a97eb7724294c1da5 to remote] DEBUG org.asynchttpclient.netty.request.NettyRequestSender - Using open Channel [id: 0xeaeee574, L:/127.0.0.1:59085 - R:localhost/127.0.0.1:12593] for GET '/session/87eceb0d2ff57e1a97eb7724294c1da5/alert/text'
14:28:08.221 [AsyncHttpClient-1-7] DEBUG org.asynchttpclient.netty.handler.HttpHandler - 

Request DefaultFullHttpRequest(decodeResult: success, version: HTTP/1.1, content: EmptyByteBufBE)
GET /session/87eceb0d2ff57e1a97eb7724294c1da5/alert/text HTTP/1.1
User-Agent: selenium/4.8.1 (java windows)
Cache-Control: no-cache
Content-Type: application/json; charset=utf-8
host: localhost:12593
accept: */*

Response DefaultHttpResponse(decodeResult: success, version: HTTP/1.1)
HTTP/1.1 404 Not Found
Content-Length: 821
Content-Type: application/json; charset=utf-8
cache-control: no-cache

14:28:08.221 [AsyncHttpClient-1-7] DEBUG org.asynchttpclient.netty.channel.ChannelManager - Adding key: http://localhost:12593 for channel [id: 0xeaeee574, L:/127.0.0.1:59085 - R:localhost/127.0.0.1:12593]
14:28:08.221 [Forwarding getCurrentUrl on session 87eceb0d2ff57e1a97eb7724294c1da5 to remote] DEBUG org.asynchttpclient.netty.request.NettyRequestSender - Using pooled Channel '[id: 0xeaeee574, L:/127.0.0.1:59085 - R:localhost/127.0.0.1:12593]' for 'GET' to 'http://localhost:12593/session/87eceb0d2ff57e1a97eb7724294c1da5/url'
14:28:08.221 [Forwarding getCurrentUrl on session 87eceb0d2ff57e1a97eb7724294c1da5 to remote] DEBUG org.asynchttpclient.netty.request.NettyRequestSender - Using open Channel [id: 0xeaeee574, L:/127.0.0.1:59085 - R:localhost/127.0.0.1:12593] for GET '/session/87eceb0d2ff57e1a97eb7724294c1da5/url'
14:28:08.237 [AsyncHttpClient-1-7] DEBUG org.asynchttpclient.netty.handler.HttpHandler - 

Request DefaultFullHttpRequest(decodeResult: success, version: HTTP/1.1, content: EmptyByteBufBE)
GET /session/87eceb0d2ff57e1a97eb7724294c1da5/url HTTP/1.1
User-Agent: selenium/4.8.1 (java windows)
Cache-Control: no-cache
Content-Type: application/json; charset=utf-8
host: localhost:12593
accept: */*

Response DefaultHttpResponse(decodeResult: success, version: HTTP/1.1)
HTTP/1.1 200 OK
Content-Length: 68
Content-Type: application/json; charset=utf-8
cache-control: no-cache

14:28:08.244 [AsyncHttpClient-1-7] DEBUG org.asynchttpclient.netty.channel.ChannelManager - Adding key: http://localhost:12593 for channel [id: 0xeaeee574, L:/127.0.0.1:59085 - R:localhost/127.0.0.1:12593]
14:28:08.245 [Forwarding screenshot on session 87eceb0d2ff57e1a97eb7724294c1da5 to remote] DEBUG org.asynchttpclient.netty.request.NettyRequestSender - Using pooled Channel '[id: 0xeaeee574, L:/127.0.0.1:59085 - R:localhost/127.0.0.1:12593]' for 'GET' to 'http://localhost:12593/session/87eceb0d2ff57e1a97eb7724294c1da5/screenshot'
14:28:08.245 [Forwarding screenshot on session 87eceb0d2ff57e1a97eb7724294c1da5 to remote] DEBUG org.asynchttpclient.netty.request.NettyRequestSender - Using open Channel [id: 0xeaeee574, L:/127.0.0.1:59085 - R:localhost/127.0.0.1:12593] for GET '/session/87eceb0d2ff57e1a97eb7724294c1da5/screenshot'
14:28:08.547 [AsyncHttpClient-1-7] DEBUG org.asynchttpclient.netty.handler.HttpHandler - 

Request DefaultFullHttpRequest(decodeResult: success, version: HTTP/1.1, content: EmptyByteBufBE)
GET /session/87eceb0d2ff57e1a97eb7724294c1da5/screenshot HTTP/1.1
User-Agent: selenium/4.8.1 (java windows)
Cache-Control: no-cache
Content-Type: application/json; charset=utf-8
host: localhost:12593
accept: */*

Response DefaultHttpResponse(decodeResult: success, version: HTTP/1.1)
HTTP/1.1 200 OK
Content-Length: 151084
Content-Type: application/json; charset=utf-8
cache-control: no-cache

14:28:08.547 [AsyncHttpClient-1-7] DEBUG org.asynchttpclient.netty.channel.ChannelManager - Adding key: http://localhost:12593 for channel [id: 0xeaeee574, L:/127.0.0.1:59085 - R:localhost/127.0.0.1:12593]
14:28:08.557 [main] DEBUG net.serenitybdd.core.photography.Darkroom - Send negative for processing for target\site\serenity\3149784604981798b628b8b61d42bd9f314d358c0ce155e5a2f3136444c6d5d3.png
14:28:08.557 [main] DEBUG net.thucydides.core.steps.StepInterceptor - STEP DONE: Enter_comments
14:28:08.557 [Darkroom Processing Line] DEBUG net.serenitybdd.core.photography.DarkroomProcessingLine - Processing screenshot image in /var/screenshots/screenshot-1087787970977941860
14:28:08.557 [Darkroom Processing Line] DEBUG net.serenitybdd.core.photography.DarkroomProcessingLine - Saving screenshot to target\site\serenity\3149784604981798b628b8b61d42bd9f314d358c0ce155e5a2f3136444c6d5d3.png
14:28:08.573 [Forwarding getPageSource on session 87eceb0d2ff57e1a97eb7724294c1da5 to remote] DEBUG org.asynchttpclient.netty.request.NettyRequestSender - Using pooled Channel '[id: 0xeaeee574, L:/127.0.0.1:59085 - R:localhost/127.0.0.1:12593]' for 'POST' to 'http://localhost:12593/session/87eceb0d2ff57e1a97eb7724294c1da5/execute/sync'
14:28:08.573 [Forwarding getPageSource on session 87eceb0d2ff57e1a97eb7724294c1da5 to remote] DEBUG org.asynchttpclient.netty.request.NettyRequestSender - Using open Channel [id: 0xeaeee574, L:/127.0.0.1:59085 - R:localhost/127.0.0.1:12593] for POST '/session/87eceb0d2ff57e1a97eb7724294c1da5/execute/sync'
14:28:08.599 [AsyncHttpClient-1-7] DEBUG org.asynchttpclient.netty.handler.HttpHandler - 

Request DefaultHttpRequest(decodeResult: success, version: HTTP/1.1)
POST /session/87eceb0d2ff57e1a97eb7724294c1da5/execute/sync HTTP/1.1
User-Agent: selenium/4.8.1 (java windows)
Content-Length: 176
Content-Type: application/json; charset=utf-8
host: localhost:12593
accept: */*

Response DefaultHttpResponse(decodeResult: success, version: HTTP/1.1)
HTTP/1.1 200 OK
Content-Length: 105748
Content-Type: application/json; charset=utf-8
cache-control: no-cache

14:28:08.599 [AsyncHttpClient-1-7] DEBUG org.asynchttpclient.netty.channel.ChannelManager - Adding key: http://localhost:12593 for channel [id: 0xeaeee574, L:/127.0.0.1:59085 - R:localhost/127.0.0.1:12593]
14:28:08.621 [Forwarding getCurrentUrl on session 87eceb0d2ff57e1a97eb7724294c1da5 to remote] DEBUG org.asynchttpclient.netty.request.NettyRequestSender - Using pooled Channel '[id: 0xeaeee574, L:/127.0.0.1:59085 - R:localhost/127.0.0.1:12593]' for 'GET' to 'http://localhost:12593/session/87eceb0d2ff57e1a97eb7724294c1da5/url'
14:28:08.621 [Forwarding getCurrentUrl on session 87eceb0d2ff57e1a97eb7724294c1da5 to remote] DEBUG org.asynchttpclient.netty.request.NettyRequestSender - Using open Channel [id: 0xeaeee574, L:/127.0.0.1:59085 - R:localhost/127.0.0.1:12593] for GET '/session/87eceb0d2ff57e1a97eb7724294c1da5/url'
14:28:08.631 [AsyncHttpClient-1-7] DEBUG org.asynchttpclient.netty.handler.HttpHandler - 

Request DefaultFullHttpRequest(decodeResult: success, version: HTTP/1.1, content: EmptyByteBufBE)
GET /session/87eceb0d2ff57e1a97eb7724294c1da5/url HTTP/1.1
User-Agent: selenium/4.8.1 (java windows)
Cache-Control: no-cache
Content-Type: application/json; charset=utf-8
host: localhost:12593
accept: */*

Response DefaultHttpResponse(decodeResult: success, version: HTTP/1.1)
HTTP/1.1 200 OK
Content-Length: 68
Content-Type: application/json; charset=utf-8
cache-control: no-cache

14:28:08.631 [AsyncHttpClient-1-7] DEBUG org.asynchttpclient.netty.channel.ChannelManager - Adding key: http://localhost:12593 for channel [id: 0xeaeee574, L:/127.0.0.1:59085 - R:localhost/127.0.0.1:12593]
14:28:08.646 [Forwarding getAlertText on session 87eceb0d2ff57e1a97eb7724294c1da5 to remote] DEBUG org.asynchttpclient.netty.request.NettyRequestSender - Using pooled Channel '[id: 0xeaeee574, L:/127.0.0.1:59085 - R:localhost/127.0.0.1:12593]' for 'GET' to 'http://localhost:12593/session/87eceb0d2ff57e1a97eb7724294c1da5/alert/text'
14:28:08.646 [Forwarding getAlertText on session 87eceb0d2ff57e1a97eb7724294c1da5 to remote] DEBUG org.asynchttpclient.netty.request.NettyRequestSender - Using open Channel [id: 0xeaeee574, L:/127.0.0.1:59085 - R:localhost/127.0.0.1:12593] for GET '/session/87eceb0d2ff57e1a97eb7724294c1da5/alert/text'
14:28:08.648 [AsyncHttpClient-1-7] DEBUG org.asynchttpclient.netty.handler.HttpHandler - 

Request DefaultFullHttpRequest(decodeResult: success, version: HTTP/1.1, content: EmptyByteBufBE)
GET /session/87eceb0d2ff57e1a97eb7724294c1da5/alert/text HTTP/1.1
User-Agent: selenium/4.8.1 (java windows)
Cache-Control: no-cache
Content-Type: application/json; charset=utf-8
host: localhost:12593
accept: */*

Response DefaultHttpResponse(decodeResult: success, version: HTTP/1.1)
HTTP/1.1 404 Not Found
Content-Length: 821
Content-Type: application/json; charset=utf-8
cache-control: no-cache

14:28:08.648 [AsyncHttpClient-1-7] DEBUG org.asynchttpclient.netty.channel.ChannelManager - Adding key: http://localhost:12593 for channel [id: 0xeaeee574, L:/127.0.0.1:59085 - R:localhost/127.0.0.1:12593]
14:28:08.648 [Forwarding getCurrentUrl on session 87eceb0d2ff57e1a97eb7724294c1da5 to remote] DEBUG org.asynchttpclient.netty.request.NettyRequestSender - Using pooled Channel '[id: 0xeaeee574, L:/127.0.0.1:59085 - R:localhost/127.0.0.1:12593]' for 'GET' to 'http://localhost:12593/session/87eceb0d2ff57e1a97eb7724294c1da5/url'
14:28:08.648 [Forwarding getCurrentUrl on session 87eceb0d2ff57e1a97eb7724294c1da5 to remote] DEBUG org.asynchttpclient.netty.request.NettyRequestSender - Using open Channel [id: 0xeaeee574, L:/127.0.0.1:59085 - R:localhost/127.0.0.1:12593] for GET '/session/87eceb0d2ff57e1a97eb7724294c1da5/url'
14:28:08.653 [AsyncHttpClient-1-7] DEBUG org.asynchttpclient.netty.handler.HttpHandler - 

Request DefaultFullHttpRequest(decodeResult: success, version: HTTP/1.1, content: EmptyByteBufBE)
GET /session/87eceb0d2ff57e1a97eb7724294c1da5/url HTTP/1.1
User-Agent: selenium/4.8.1 (java windows)
Cache-Control: no-cache
Content-Type: application/json; charset=utf-8
host: localhost:12593
accept: */*

Response DefaultHttpResponse(decodeResult: success, version: HTTP/1.1)
HTTP/1.1 200 OK
Content-Length: 68
Content-Type: application/json; charset=utf-8
cache-control: no-cache

14:28:08.653 [AsyncHttpClient-1-7] DEBUG org.asynchttpclient.netty.channel.ChannelManager - Adding key: http://localhost:12593 for channel [id: 0xeaeee574, L:/127.0.0.1:59085 - R:localhost/127.0.0.1:12593]
14:28:08.653 [Forwarding screenshot on session 87eceb0d2ff57e1a97eb7724294c1da5 to remote] DEBUG org.asynchttpclient.netty.request.NettyRequestSender - Using pooled Channel '[id: 0xeaeee574, L:/127.0.0.1:59085 - R:localhost/127.0.0.1:12593]' for 'GET' to 'http://localhost:12593/session/87eceb0d2ff57e1a97eb7724294c1da5/screenshot'
14:28:08.653 [Forwarding screenshot on session 87eceb0d2ff57e1a97eb7724294c1da5 to remote] DEBUG org.asynchttpclient.netty.request.NettyRequestSender - Using open Channel [id: 0xeaeee574, L:/127.0.0.1:59085 - R:localhost/127.0.0.1:12593] for GET '/session/87eceb0d2ff57e1a97eb7724294c1da5/screenshot'
14:28:08.898 [AsyncHttpClient-1-7] DEBUG org.asynchttpclient.netty.handler.HttpHandler - 

Request DefaultFullHttpRequest(decodeResult: success, version: HTTP/1.1, content: EmptyByteBufBE)
GET /session/87eceb0d2ff57e1a97eb7724294c1da5/screenshot HTTP/1.1
User-Agent: selenium/4.8.1 (java windows)
Cache-Control: no-cache
Content-Type: application/json; charset=utf-8
host: localhost:12593
accept: */*

Response DefaultHttpResponse(decodeResult: success, version: HTTP/1.1)
HTTP/1.1 200 OK
Content-Length: 151076
Content-Type: application/json; charset=utf-8
cache-control: no-cache

14:28:08.898 [AsyncHttpClient-1-7] DEBUG org.asynchttpclient.netty.channel.ChannelManager - Adding key: http://localhost:12593 for channel [id: 0xeaeee574, L:/127.0.0.1:59085 - R:localhost/127.0.0.1:12593]
14:28:08.901 [main] DEBUG net.serenitybdd.core.photography.Darkroom - Send negative for processing for target\site\serenity\86e6e522b90db4ff41ef4867f7a9c71af808f0649d2ca092a2caf581253b8104.png
14:28:08.901 [Darkroom Processing Line] DEBUG net.serenitybdd.core.photography.DarkroomProcessingLine - Processing screenshot image in /var/screenshots/screenshot-4823947392464564976
14:28:08.901 [Darkroom Processing Line] DEBUG net.serenitybdd.core.photography.DarkroomProcessingLine - Saving screenshot to target\site\serenity\86e6e522b90db4ff41ef4867f7a9c71af808f0649d2ca092a2caf581253b8104.png
14:28:08.909 [Forwarding getPageSource on session 87eceb0d2ff57e1a97eb7724294c1da5 to remote] DEBUG org.asynchttpclient.netty.request.NettyRequestSender - Using pooled Channel '[id: 0xeaeee574, L:/127.0.0.1:59085 - R:localhost/127.0.0.1:12593]' for 'POST' to 'http://localhost:12593/session/87eceb0d2ff57e1a97eb7724294c1da5/execute/sync'
14:28:08.909 [Forwarding getPageSource on session 87eceb0d2ff57e1a97eb7724294c1da5 to remote] DEBUG org.asynchttpclient.netty.request.NettyRequestSender - Using open Channel [id: 0xeaeee574, L:/127.0.0.1:59085 - R:localhost/127.0.0.1:12593] for POST '/session/87eceb0d2ff57e1a97eb7724294c1da5/execute/sync'
14:28:08.933 [AsyncHttpClient-1-7] DEBUG org.asynchttpclient.netty.handler.HttpHandler - 

Request DefaultHttpRequest(decodeResult: success, version: HTTP/1.1)
POST /session/87eceb0d2ff57e1a97eb7724294c1da5/execute/sync HTTP/1.1
User-Agent: selenium/4.8.1 (java windows)
Content-Length: 176
Content-Type: application/json; charset=utf-8
host: localhost:12593
accept: */*

Response DefaultHttpResponse(decodeResult: success, version: HTTP/1.1)
HTTP/1.1 200 OK
Content-Length: 105748
Content-Type: application/json; charset=utf-8
cache-control: no-cache

14:28:08.933 [AsyncHttpClient-1-7] DEBUG org.asynchttpclient.netty.channel.ChannelManager - Adding key: http://localhost:12593 for channel [id: 0xeaeee574, L:/127.0.0.1:59085 - R:localhost/127.0.0.1:12593]
14:28:08.952 [Forwarding getCurrentUrl on session 87eceb0d2ff57e1a97eb7724294c1da5 to remote] DEBUG org.asynchttpclient.netty.request.NettyRequestSender - Using pooled Channel '[id: 0xeaeee574, L:/127.0.0.1:59085 - R:localhost/127.0.0.1:12593]' for 'GET' to 'http://localhost:12593/session/87eceb0d2ff57e1a97eb7724294c1da5/url'
14:28:08.952 [Forwarding getCurrentUrl on session 87eceb0d2ff57e1a97eb7724294c1da5 to remote] DEBUG org.asynchttpclient.netty.request.NettyRequestSender - Using open Channel [id: 0xeaeee574, L:/127.0.0.1:59085 - R:localhost/127.0.0.1:12593] for GET '/session/87eceb0d2ff57e1a97eb7724294c1da5/url'
14:28:08.952 [AsyncHttpClient-1-7] DEBUG org.asynchttpclient.netty.handler.HttpHandler - 

Request DefaultFullHttpRequest(decodeResult: success, version: HTTP/1.1, content: EmptyByteBufBE)
GET /session/87eceb0d2ff57e1a97eb7724294c1da5/url HTTP/1.1
User-Agent: selenium/4.8.1 (java windows)
Cache-Control: no-cache
Content-Type: application/json; charset=utf-8
host: localhost:12593
accept: */*

Response DefaultHttpResponse(decodeResult: success, version: HTTP/1.1)
HTTP/1.1 200 OK
Content-Length: 68
Content-Type: application/json; charset=utf-8
cache-control: no-cache

14:28:08.952 [AsyncHttpClient-1-7] DEBUG org.asynchttpclient.netty.channel.ChannelManager - Adding key: http://localhost:12593 for channel [id: 0xeaeee574, L:/127.0.0.1:59085 - R:localhost/127.0.0.1:12593]
14:28:08.964 [main] DEBUG net.thucydides.core.steps.StepInterceptor - STARTING STEP: Afrexim_OurBank_Contactus_Givefeedback_steps.click_consent_agree_box - Click_consent_agreebox
14:28:08.964 [Forwarding findElement on session 87eceb0d2ff57e1a97eb7724294c1da5 to remote] DEBUG org.asynchttpclient.netty.request.NettyRequestSender - Using pooled Channel '[id: 0xeaeee574, L:/127.0.0.1:59085 - R:localhost/127.0.0.1:12593]' for 'POST' to 'http://localhost:12593/session/87eceb0d2ff57e1a97eb7724294c1da5/element'
14:28:08.964 [Forwarding findElement on session 87eceb0d2ff57e1a97eb7724294c1da5 to remote] DEBUG org.asynchttpclient.netty.request.NettyRequestSender - Using open Channel [id: 0xeaeee574, L:/127.0.0.1:59085 - R:localhost/127.0.0.1:12593] for POST '/session/87eceb0d2ff57e1a97eb7724294c1da5/element'
14:28:08.984 [AsyncHttpClient-1-7] DEBUG org.asynchttpclient.netty.handler.HttpHandler - 

Request DefaultHttpRequest(decodeResult: success, version: HTTP/1.1)
POST /session/87eceb0d2ff57e1a97eb7724294c1da5/element HTTP/1.1
User-Agent: selenium/4.8.1 (java windows)
Content-Length: 72
Content-Type: application/json; charset=utf-8
host: localhost:12593
accept: */*

Response DefaultHttpResponse(decodeResult: success, version: HTTP/1.1)
HTTP/1.1 200 OK
Content-Length: 96
Content-Type: application/json; charset=utf-8
cache-control: no-cache

14:28:08.984 [AsyncHttpClient-1-7] DEBUG org.asynchttpclient.netty.channel.ChannelManager - Adding key: http://localhost:12593 for channel [id: 0xeaeee574, L:/127.0.0.1:59085 - R:localhost/127.0.0.1:12593]
14:28:08.984 [Forwarding getElementTagName on session 87eceb0d2ff57e1a97eb7724294c1da5 to remote] DEBUG org.asynchttpclient.netty.request.NettyRequestSender - Using pooled Channel '[id: 0xeaeee574, L:/127.0.0.1:59085 - R:localhost/127.0.0.1:12593]' for 'GET' to 'http://localhost:12593/session/87eceb0d2ff57e1a97eb7724294c1da5/element/345A8A1F9EC063DC529B28BE30AC8A01_element_462/name'
14:28:08.984 [Forwarding getElementTagName on session 87eceb0d2ff57e1a97eb7724294c1da5 to remote] DEBUG org.asynchttpclient.netty.request.NettyRequestSender - Using open Channel [id: 0xeaeee574, L:/127.0.0.1:59085 - R:localhost/127.0.0.1:12593] for GET '/session/87eceb0d2ff57e1a97eb7724294c1da5/element/345A8A1F9EC063DC529B28BE30AC8A01_element_462/name'
14:28:09.005 [AsyncHttpClient-1-7] DEBUG org.asynchttpclient.netty.handler.HttpHandler - 

Request DefaultFullHttpRequest(decodeResult: success, version: HTTP/1.1, content: EmptyByteBufBE)
GET /session/87eceb0d2ff57e1a97eb7724294c1da5/element/345A8A1F9EC063DC529B28BE30AC8A01_element_462/name HTTP/1.1
User-Agent: selenium/4.8.1 (java windows)
Cache-Control: no-cache
Content-Type: application/json; charset=utf-8
host: localhost:12593
accept: */*

Response DefaultHttpResponse(decodeResult: success, version: HTTP/1.1)
HTTP/1.1 200 OK
Content-Length: 17
Content-Type: application/json; charset=utf-8
cache-control: no-cache

14:28:09.005 [AsyncHttpClient-1-7] DEBUG org.asynchttpclient.netty.channel.ChannelManager - Adding key: http://localhost:12593 for channel [id: 0xeaeee574, L:/127.0.0.1:59085 - R:localhost/127.0.0.1:12593]
14:28:09.005 [Forwarding getElementTagName on session 87eceb0d2ff57e1a97eb7724294c1da5 to remote] DEBUG org.asynchttpclient.netty.request.NettyRequestSender - Using pooled Channel '[id: 0xeaeee574, L:/127.0.0.1:59085 - R:localhost/127.0.0.1:12593]' for 'GET' to 'http://localhost:12593/session/87eceb0d2ff57e1a97eb7724294c1da5/element/345A8A1F9EC063DC529B28BE30AC8A01_element_462/name'
14:28:09.005 [Forwarding getElementTagName on session 87eceb0d2ff57e1a97eb7724294c1da5 to remote] DEBUG org.asynchttpclient.netty.request.NettyRequestSender - Using open Channel [id: 0xeaeee574, L:/127.0.0.1:59085 - R:localhost/127.0.0.1:12593] for GET '/session/87eceb0d2ff57e1a97eb7724294c1da5/element/345A8A1F9EC063DC529B28BE30AC8A01_element_462/name'
14:28:09.016 [AsyncHttpClient-1-7] DEBUG org.asynchttpclient.netty.handler.HttpHandler - 

Request DefaultFullHttpRequest(decodeResult: success, version: HTTP/1.1, content: EmptyByteBufBE)
GET /session/87eceb0d2ff57e1a97eb7724294c1da5/element/345A8A1F9EC063DC529B28BE30AC8A01_element_462/name HTTP/1.1
User-Agent: selenium/4.8.1 (java windows)
Cache-Control: no-cache
Content-Type: application/json; charset=utf-8
host: localhost:12593
accept: */*

Response DefaultHttpResponse(decodeResult: success, version: HTTP/1.1)
HTTP/1.1 200 OK
Content-Length: 17
Content-Type: application/json; charset=utf-8
cache-control: no-cache

14:28:09.016 [AsyncHttpClient-1-7] DEBUG org.asynchttpclient.netty.channel.ChannelManager - Adding key: http://localhost:12593 for channel [id: 0xeaeee574, L:/127.0.0.1:59085 - R:localhost/127.0.0.1:12593]
14:28:09.021 [Forwarding isElementEnabled on session 87eceb0d2ff57e1a97eb7724294c1da5 to remote] DEBUG org.asynchttpclient.netty.request.NettyRequestSender - Using pooled Channel '[id: 0xeaeee574, L:/127.0.0.1:59085 - R:localhost/127.0.0.1:12593]' for 'GET' to 'http://localhost:12593/session/87eceb0d2ff57e1a97eb7724294c1da5/element/345A8A1F9EC063DC529B28BE30AC8A01_element_462/enabled'
14:28:09.021 [Forwarding isElementEnabled on session 87eceb0d2ff57e1a97eb7724294c1da5 to remote] DEBUG org.asynchttpclient.netty.request.NettyRequestSender - Using open Channel [id: 0xeaeee574, L:/127.0.0.1:59085 - R:localhost/127.0.0.1:12593] for GET '/session/87eceb0d2ff57e1a97eb7724294c1da5/element/345A8A1F9EC063DC529B28BE30AC8A01_element_462/enabled'
14:28:09.037 [AsyncHttpClient-1-7] DEBUG org.asynchttpclient.netty.handler.HttpHandler - 

Request DefaultFullHttpRequest(decodeResult: success, version: HTTP/1.1, content: EmptyByteBufBE)
GET /session/87eceb0d2ff57e1a97eb7724294c1da5/element/345A8A1F9EC063DC529B28BE30AC8A01_element_462/enabled HTTP/1.1
User-Agent: selenium/4.8.1 (java windows)
Cache-Control: no-cache
Content-Type: application/json; charset=utf-8
host: localhost:12593
accept: */*

Response DefaultHttpResponse(decodeResult: success, version: HTTP/1.1)
HTTP/1.1 200 OK
Content-Length: 14
Content-Type: application/json; charset=utf-8
cache-control: no-cache

14:28:09.037 [AsyncHttpClient-1-7] DEBUG org.asynchttpclient.netty.channel.ChannelManager - Adding key: http://localhost:12593 for channel [id: 0xeaeee574, L:/127.0.0.1:59085 - R:localhost/127.0.0.1:12593]
14:28:09.037 [Forwarding isElementEnabled on session 87eceb0d2ff57e1a97eb7724294c1da5 to remote] DEBUG org.asynchttpclient.netty.request.NettyRequestSender - Using pooled Channel '[id: 0xeaeee574, L:/127.0.0.1:59085 - R:localhost/127.0.0.1:12593]' for 'GET' to 'http://localhost:12593/session/87eceb0d2ff57e1a97eb7724294c1da5/element/345A8A1F9EC063DC529B28BE30AC8A01_element_462/enabled'
14:28:09.037 [Forwarding isElementEnabled on session 87eceb0d2ff57e1a97eb7724294c1da5 to remote] DEBUG org.asynchttpclient.netty.request.NettyRequestSender - Using open Channel [id: 0xeaeee574, L:/127.0.0.1:59085 - R:localhost/127.0.0.1:12593] for GET '/session/87eceb0d2ff57e1a97eb7724294c1da5/element/345A8A1F9EC063DC529B28BE30AC8A01_element_462/enabled'
14:28:09.048 [AsyncHttpClient-1-7] DEBUG org.asynchttpclient.netty.handler.HttpHandler - 

Request DefaultFullHttpRequest(decodeResult: success, version: HTTP/1.1, content: EmptyByteBufBE)
GET /session/87eceb0d2ff57e1a97eb7724294c1da5/element/345A8A1F9EC063DC529B28BE30AC8A01_element_462/enabled HTTP/1.1
User-Agent: selenium/4.8.1 (java windows)
Cache-Control: no-cache
Content-Type: application/json; charset=utf-8
host: localhost:12593
accept: */*

Response DefaultHttpResponse(decodeResult: success, version: HTTP/1.1)
HTTP/1.1 200 OK
Content-Length: 14
Content-Type: application/json; charset=utf-8
cache-control: no-cache

14:28:09.048 [AsyncHttpClient-1-7] DEBUG org.asynchttpclient.netty.channel.ChannelManager - Adding key: http://localhost:12593 for channel [id: 0xeaeee574, L:/127.0.0.1:59085 - R:localhost/127.0.0.1:12593]
14:28:09.059 [Forwarding findElement on session 87eceb0d2ff57e1a97eb7724294c1da5 to remote] DEBUG org.asynchttpclient.netty.request.NettyRequestSender - Using pooled Channel '[id: 0xeaeee574, L:/127.0.0.1:59085 - R:localhost/127.0.0.1:12593]' for 'POST' to 'http://localhost:12593/session/87eceb0d2ff57e1a97eb7724294c1da5/element'
14:28:09.059 [Forwarding findElement on session 87eceb0d2ff57e1a97eb7724294c1da5 to remote] DEBUG org.asynchttpclient.netty.request.NettyRequestSender - Using open Channel [id: 0xeaeee574, L:/127.0.0.1:59085 - R:localhost/127.0.0.1:12593] for POST '/session/87eceb0d2ff57e1a97eb7724294c1da5/element'
14:28:09.074 [AsyncHttpClient-1-7] DEBUG org.asynchttpclient.netty.handler.HttpHandler - 

Request DefaultHttpRequest(decodeResult: success, version: HTTP/1.1)
POST /session/87eceb0d2ff57e1a97eb7724294c1da5/element HTTP/1.1
User-Agent: selenium/4.8.1 (java windows)
Content-Length: 72
Content-Type: application/json; charset=utf-8
host: localhost:12593
accept: */*

Response DefaultHttpResponse(decodeResult: success, version: HTTP/1.1)
HTTP/1.1 200 OK
Content-Length: 96
Content-Type: application/json; charset=utf-8
cache-control: no-cache

14:28:09.074 [AsyncHttpClient-1-7] DEBUG org.asynchttpclient.netty.channel.ChannelManager - Adding key: http://localhost:12593 for channel [id: 0xeaeee574, L:/127.0.0.1:59085 - R:localhost/127.0.0.1:12593]
14:28:09.080 [Forwarding clickElement on session 87eceb0d2ff57e1a97eb7724294c1da5 to remote] DEBUG org.asynchttpclient.netty.request.NettyRequestSender - Using pooled Channel '[id: 0xeaeee574, L:/127.0.0.1:59085 - R:localhost/127.0.0.1:12593]' for 'POST' to 'http://localhost:12593/session/87eceb0d2ff57e1a97eb7724294c1da5/element/345A8A1F9EC063DC529B28BE30AC8A01_element_462/click'
14:28:09.080 [Forwarding clickElement on session 87eceb0d2ff57e1a97eb7724294c1da5 to remote] DEBUG org.asynchttpclient.netty.request.NettyRequestSender - Using open Channel [id: 0xeaeee574, L:/127.0.0.1:59085 - R:localhost/127.0.0.1:12593] for POST '/session/87eceb0d2ff57e1a97eb7724294c1da5/element/345A8A1F9EC063DC529B28BE30AC8A01_element_462/click'
14:28:09.187 [AsyncHttpClient-1-7] DEBUG org.asynchttpclient.netty.handler.HttpHandler - 

Request DefaultHttpRequest(decodeResult: success, version: HTTP/1.1)
POST /session/87eceb0d2ff57e1a97eb7724294c1da5/element/345A8A1F9EC063DC529B28BE30AC8A01_element_462/click HTTP/1.1
User-Agent: selenium/4.8.1 (java windows)
Content-Length: 58
Content-Type: application/json; charset=utf-8
host: localhost:12593
accept: */*

Response DefaultHttpResponse(decodeResult: success, version: HTTP/1.1)
HTTP/1.1 200 OK
Content-Length: 14
Content-Type: application/json; charset=utf-8
cache-control: no-cache

14:28:09.187 [AsyncHttpClient-1-7] DEBUG org.asynchttpclient.netty.channel.ChannelManager - Adding key: http://localhost:12593 for channel [id: 0xeaeee574, L:/127.0.0.1:59085 - R:localhost/127.0.0.1:12593]
14:28:09.204 [Forwarding getAlertText on session 87eceb0d2ff57e1a97eb7724294c1da5 to remote] DEBUG org.asynchttpclient.netty.request.NettyRequestSender - Using pooled Channel '[id: 0xeaeee574, L:/127.0.0.1:59085 - R:localhost/127.0.0.1:12593]' for 'GET' to 'http://localhost:12593/session/87eceb0d2ff57e1a97eb7724294c1da5/alert/text'
14:28:09.204 [Forwarding getAlertText on session 87eceb0d2ff57e1a97eb7724294c1da5 to remote] DEBUG org.asynchttpclient.netty.request.NettyRequestSender - Using open Channel [id: 0xeaeee574, L:/127.0.0.1:59085 - R:localhost/127.0.0.1:12593] for GET '/session/87eceb0d2ff57e1a97eb7724294c1da5/alert/text'
14:28:09.208 [AsyncHttpClient-1-7] DEBUG org.asynchttpclient.netty.handler.HttpHandler - 

Request DefaultFullHttpRequest(decodeResult: success, version: HTTP/1.1, content: EmptyByteBufBE)
GET /session/87eceb0d2ff57e1a97eb7724294c1da5/alert/text HTTP/1.1
User-Agent: selenium/4.8.1 (java windows)
Cache-Control: no-cache
Content-Type: application/json; charset=utf-8
host: localhost:12593
accept: */*

Response DefaultHttpResponse(decodeResult: success, version: HTTP/1.1)
HTTP/1.1 404 Not Found
Content-Length: 821
Content-Type: application/json; charset=utf-8
cache-control: no-cache

14:28:09.208 [AsyncHttpClient-1-7] DEBUG org.asynchttpclient.netty.channel.ChannelManager - Adding key: http://localhost:12593 for channel [id: 0xeaeee574, L:/127.0.0.1:59085 - R:localhost/127.0.0.1:12593]
14:28:09.212 [Forwarding getCurrentUrl on session 87eceb0d2ff57e1a97eb7724294c1da5 to remote] DEBUG org.asynchttpclient.netty.request.NettyRequestSender - Using pooled Channel '[id: 0xeaeee574, L:/127.0.0.1:59085 - R:localhost/127.0.0.1:12593]' for 'GET' to 'http://localhost:12593/session/87eceb0d2ff57e1a97eb7724294c1da5/url'
14:28:09.212 [Forwarding getCurrentUrl on session 87eceb0d2ff57e1a97eb7724294c1da5 to remote] DEBUG org.asynchttpclient.netty.request.NettyRequestSender - Using open Channel [id: 0xeaeee574, L:/127.0.0.1:59085 - R:localhost/127.0.0.1:12593] for GET '/session/87eceb0d2ff57e1a97eb7724294c1da5/url'
14:28:09.220 [AsyncHttpClient-1-7] DEBUG org.asynchttpclient.netty.handler.HttpHandler - 

Request DefaultFullHttpRequest(decodeResult: success, version: HTTP/1.1, content: EmptyByteBufBE)
GET /session/87eceb0d2ff57e1a97eb7724294c1da5/url HTTP/1.1
User-Agent: selenium/4.8.1 (java windows)
Cache-Control: no-cache
Content-Type: application/json; charset=utf-8
host: localhost:12593
accept: */*

Response DefaultHttpResponse(decodeResult: success, version: HTTP/1.1)
HTTP/1.1 200 OK
Content-Length: 68
Content-Type: application/json; charset=utf-8
cache-control: no-cache

14:28:09.220 [AsyncHttpClient-1-7] DEBUG org.asynchttpclient.netty.channel.ChannelManager - Adding key: http://localhost:12593 for channel [id: 0xeaeee574, L:/127.0.0.1:59085 - R:localhost/127.0.0.1:12593]
14:28:09.220 [Forwarding screenshot on session 87eceb0d2ff57e1a97eb7724294c1da5 to remote] DEBUG org.asynchttpclient.netty.request.NettyRequestSender - Using pooled Channel '[id: 0xeaeee574, L:/127.0.0.1:59085 - R:localhost/127.0.0.1:12593]' for 'GET' to 'http://localhost:12593/session/87eceb0d2ff57e1a97eb7724294c1da5/screenshot'
14:28:09.220 [Forwarding screenshot on session 87eceb0d2ff57e1a97eb7724294c1da5 to remote] DEBUG org.asynchttpclient.netty.request.NettyRequestSender - Using open Channel [id: 0xeaeee574, L:/127.0.0.1:59085 - R:localhost/127.0.0.1:12593] for GET '/session/87eceb0d2ff57e1a97eb7724294c1da5/screenshot'
14:28:09.506 [AsyncHttpClient-1-7] DEBUG org.asynchttpclient.netty.handler.HttpHandler - 

Request DefaultFullHttpRequest(decodeResult: success, version: HTTP/1.1, content: EmptyByteBufBE)
GET /session/87eceb0d2ff57e1a97eb7724294c1da5/screenshot HTTP/1.1
User-Agent: selenium/4.8.1 (java windows)
Cache-Control: no-cache
Content-Type: application/json; charset=utf-8
host: localhost:12593
accept: */*

Response DefaultHttpResponse(decodeResult: success, version: HTTP/1.1)
HTTP/1.1 200 OK
Content-Length: 150952
Content-Type: application/json; charset=utf-8
cache-control: no-cache

14:28:09.506 [AsyncHttpClient-1-7] DEBUG org.asynchttpclient.netty.channel.ChannelManager - Adding key: http://localhost:12593 for channel [id: 0xeaeee574, L:/127.0.0.1:59085 - R:localhost/127.0.0.1:12593]
14:28:09.517 [main] DEBUG net.serenitybdd.core.photography.Darkroom - Send negative for processing for target\site\serenity\a107e96f43550fee0837d534145697816f607e8b21d82c6f297249410753ee1a.png
14:28:09.517 [main] DEBUG net.thucydides.core.steps.StepInterceptor - STEP DONE: Click_consent_agreebox
14:28:09.517 [Darkroom Processing Line] DEBUG net.serenitybdd.core.photography.DarkroomProcessingLine - Processing screenshot image in /var/screenshots/screenshot-4989365649711935493
14:28:09.517 [Darkroom Processing Line] DEBUG net.serenitybdd.core.photography.DarkroomProcessingLine - Saving screenshot to target\site\serenity\a107e96f43550fee0837d534145697816f607e8b21d82c6f297249410753ee1a.png
14:28:09.533 [Forwarding getPageSource on session 87eceb0d2ff57e1a97eb7724294c1da5 to remote] DEBUG org.asynchttpclient.netty.request.NettyRequestSender - Using pooled Channel '[id: 0xeaeee574, L:/127.0.0.1:59085 - R:localhost/127.0.0.1:12593]' for 'POST' to 'http://localhost:12593/session/87eceb0d2ff57e1a97eb7724294c1da5/execute/sync'
14:28:09.533 [Forwarding getPageSource on session 87eceb0d2ff57e1a97eb7724294c1da5 to remote] DEBUG org.asynchttpclient.netty.request.NettyRequestSender - Using open Channel [id: 0xeaeee574, L:/127.0.0.1:59085 - R:localhost/127.0.0.1:12593] for POST '/session/87eceb0d2ff57e1a97eb7724294c1da5/execute/sync'
14:28:09.549 [AsyncHttpClient-1-7] DEBUG org.asynchttpclient.netty.handler.HttpHandler - 

Request DefaultHttpRequest(decodeResult: success, version: HTTP/1.1)
POST /session/87eceb0d2ff57e1a97eb7724294c1da5/execute/sync HTTP/1.1
User-Agent: selenium/4.8.1 (java windows)
Content-Length: 176
Content-Type: application/json; charset=utf-8
host: localhost:12593
accept: */*

Response DefaultHttpResponse(decodeResult: success, version: HTTP/1.1)
HTTP/1.1 200 OK
Content-Length: 105808
Content-Type: application/json; charset=utf-8
cache-control: no-cache

14:28:09.549 [AsyncHttpClient-1-7] DEBUG org.asynchttpclient.netty.channel.ChannelManager - Adding key: http://localhost:12593 for channel [id: 0xeaeee574, L:/127.0.0.1:59085 - R:localhost/127.0.0.1:12593]
14:28:09.565 [Forwarding getCurrentUrl on session 87eceb0d2ff57e1a97eb7724294c1da5 to remote] DEBUG org.asynchttpclient.netty.request.NettyRequestSender - Using pooled Channel '[id: 0xeaeee574, L:/127.0.0.1:59085 - R:localhost/127.0.0.1:12593]' for 'GET' to 'http://localhost:12593/session/87eceb0d2ff57e1a97eb7724294c1da5/url'
14:28:09.565 [Forwarding getCurrentUrl on session 87eceb0d2ff57e1a97eb7724294c1da5 to remote] DEBUG org.asynchttpclient.netty.request.NettyRequestSender - Using open Channel [id: 0xeaeee574, L:/127.0.0.1:59085 - R:localhost/127.0.0.1:12593] for GET '/session/87eceb0d2ff57e1a97eb7724294c1da5/url'
14:28:09.570 [AsyncHttpClient-1-7] DEBUG org.asynchttpclient.netty.handler.HttpHandler - 

Request DefaultFullHttpRequest(decodeResult: success, version: HTTP/1.1, content: EmptyByteBufBE)
GET /session/87eceb0d2ff57e1a97eb7724294c1da5/url HTTP/1.1
User-Agent: selenium/4.8.1 (java windows)
Cache-Control: no-cache
Content-Type: application/json; charset=utf-8
host: localhost:12593
accept: */*

Response DefaultHttpResponse(decodeResult: success, version: HTTP/1.1)
HTTP/1.1 200 OK
Content-Length: 68
Content-Type: application/json; charset=utf-8
cache-control: no-cache

14:28:09.570 [AsyncHttpClient-1-7] DEBUG org.asynchttpclient.netty.channel.ChannelManager - Adding key: http://localhost:12593 for channel [id: 0xeaeee574, L:/127.0.0.1:59085 - R:localhost/127.0.0.1:12593]
14:28:09.581 [Forwarding getAlertText on session 87eceb0d2ff57e1a97eb7724294c1da5 to remote] DEBUG org.asynchttpclient.netty.request.NettyRequestSender - Using pooled Channel '[id: 0xeaeee574, L:/127.0.0.1:59085 - R:localhost/127.0.0.1:12593]' for 'GET' to 'http://localhost:12593/session/87eceb0d2ff57e1a97eb7724294c1da5/alert/text'
14:28:09.581 [Forwarding getAlertText on session 87eceb0d2ff57e1a97eb7724294c1da5 to remote] DEBUG org.asynchttpclient.netty.request.NettyRequestSender - Using open Channel [id: 0xeaeee574, L:/127.0.0.1:59085 - R:localhost/127.0.0.1:12593] for GET '/session/87eceb0d2ff57e1a97eb7724294c1da5/alert/text'
14:28:09.592 [AsyncHttpClient-1-7] DEBUG org.asynchttpclient.netty.handler.HttpHandler - 

Request DefaultFullHttpRequest(decodeResult: success, version: HTTP/1.1, content: EmptyByteBufBE)
GET /session/87eceb0d2ff57e1a97eb7724294c1da5/alert/text HTTP/1.1
User-Agent: selenium/4.8.1 (java windows)
Cache-Control: no-cache
Content-Type: application/json; charset=utf-8
host: localhost:12593
accept: */*

Response DefaultHttpResponse(decodeResult: success, version: HTTP/1.1)
HTTP/1.1 404 Not Found
Content-Length: 821
Content-Type: application/json; charset=utf-8
cache-control: no-cache

14:28:09.592 [AsyncHttpClient-1-7] DEBUG org.asynchttpclient.netty.channel.ChannelManager - Adding key: http://localhost:12593 for channel [id: 0xeaeee574, L:/127.0.0.1:59085 - R:localhost/127.0.0.1:12593]
14:28:09.592 [Forwarding getCurrentUrl on session 87eceb0d2ff57e1a97eb7724294c1da5 to remote] DEBUG org.asynchttpclient.netty.request.NettyRequestSender - Using pooled Channel '[id: 0xeaeee574, L:/127.0.0.1:59085 - R:localhost/127.0.0.1:12593]' for 'GET' to 'http://localhost:12593/session/87eceb0d2ff57e1a97eb7724294c1da5/url'
14:28:09.592 [Forwarding getCurrentUrl on session 87eceb0d2ff57e1a97eb7724294c1da5 to remote] DEBUG org.asynchttpclient.netty.request.NettyRequestSender - Using open Channel [id: 0xeaeee574, L:/127.0.0.1:59085 - R:localhost/127.0.0.1:12593] for GET '/session/87eceb0d2ff57e1a97eb7724294c1da5/url'
14:28:09.602 [AsyncHttpClient-1-7] DEBUG org.asynchttpclient.netty.handler.HttpHandler - 

Request DefaultFullHttpRequest(decodeResult: success, version: HTTP/1.1, content: EmptyByteBufBE)
GET /session/87eceb0d2ff57e1a97eb7724294c1da5/url HTTP/1.1
User-Agent: selenium/4.8.1 (java windows)
Cache-Control: no-cache
Content-Type: application/json; charset=utf-8
host: localhost:12593
accept: */*

Response DefaultHttpResponse(decodeResult: success, version: HTTP/1.1)
HTTP/1.1 200 OK
Content-Length: 68
Content-Type: application/json; charset=utf-8
cache-control: no-cache

14:28:09.602 [AsyncHttpClient-1-7] DEBUG org.asynchttpclient.netty.channel.ChannelManager - Adding key: http://localhost:12593 for channel [id: 0xeaeee574, L:/127.0.0.1:59085 - R:localhost/127.0.0.1:12593]
14:28:09.602 [Forwarding screenshot on session 87eceb0d2ff57e1a97eb7724294c1da5 to remote] DEBUG org.asynchttpclient.netty.request.NettyRequestSender - Using pooled Channel '[id: 0xeaeee574, L:/127.0.0.1:59085 - R:localhost/127.0.0.1:12593]' for 'GET' to 'http://localhost:12593/session/87eceb0d2ff57e1a97eb7724294c1da5/screenshot'
14:28:09.602 [Forwarding screenshot on session 87eceb0d2ff57e1a97eb7724294c1da5 to remote] DEBUG org.asynchttpclient.netty.request.NettyRequestSender - Using open Channel [id: 0xeaeee574, L:/127.0.0.1:59085 - R:localhost/127.0.0.1:12593] for GET '/session/87eceb0d2ff57e1a97eb7724294c1da5/screenshot'
14:28:09.849 [AsyncHttpClient-1-7] DEBUG org.asynchttpclient.netty.handler.HttpHandler - 

Request DefaultFullHttpRequest(decodeResult: success, version: HTTP/1.1, content: EmptyByteBufBE)
GET /session/87eceb0d2ff57e1a97eb7724294c1da5/screenshot HTTP/1.1
User-Agent: selenium/4.8.1 (java windows)
Cache-Control: no-cache
Content-Type: application/json; charset=utf-8
host: localhost:12593
accept: */*

Response DefaultHttpResponse(decodeResult: success, version: HTTP/1.1)
HTTP/1.1 200 OK
Content-Length: 150952
Content-Type: application/json; charset=utf-8
cache-control: no-cache

14:28:09.849 [AsyncHttpClient-1-7] DEBUG org.asynchttpclient.netty.channel.ChannelManager - Adding key: http://localhost:12593 for channel [id: 0xeaeee574, L:/127.0.0.1:59085 - R:localhost/127.0.0.1:12593]
14:28:09.858 [main] DEBUG net.serenitybdd.core.photography.Darkroom - Send negative for processing for target\site\serenity\a107e96f43550fee0837d534145697816f607e8b21d82c6f297249410753ee1a.png
14:28:09.858 [Forwarding getPageSource on session 87eceb0d2ff57e1a97eb7724294c1da5 to remote] DEBUG org.asynchttpclient.netty.request.NettyRequestSender - Using pooled Channel '[id: 0xeaeee574, L:/127.0.0.1:59085 - R:localhost/127.0.0.1:12593]' for 'POST' to 'http://localhost:12593/session/87eceb0d2ff57e1a97eb7724294c1da5/execute/sync'
14:28:09.858 [Forwarding getPageSource on session 87eceb0d2ff57e1a97eb7724294c1da5 to remote] DEBUG org.asynchttpclient.netty.request.NettyRequestSender - Using open Channel [id: 0xeaeee574, L:/127.0.0.1:59085 - R:localhost/127.0.0.1:12593] for POST '/session/87eceb0d2ff57e1a97eb7724294c1da5/execute/sync'
14:28:09.880 [AsyncHttpClient-1-7] DEBUG org.asynchttpclient.netty.handler.HttpHandler - 

Request DefaultHttpRequest(decodeResult: success, version: HTTP/1.1)
POST /session/87eceb0d2ff57e1a97eb7724294c1da5/execute/sync HTTP/1.1
User-Agent: selenium/4.8.1 (java windows)
Content-Length: 176
Content-Type: application/json; charset=utf-8
host: localhost:12593
accept: */*

Response DefaultHttpResponse(decodeResult: success, version: HTTP/1.1)
HTTP/1.1 200 OK
Content-Length: 105808
Content-Type: application/json; charset=utf-8
cache-control: no-cache

14:28:09.880 [AsyncHttpClient-1-7] DEBUG org.asynchttpclient.netty.channel.ChannelManager - Adding key: http://localhost:12593 for channel [id: 0xeaeee574, L:/127.0.0.1:59085 - R:localhost/127.0.0.1:12593]
14:28:09.901 [Forwarding getCurrentUrl on session 87eceb0d2ff57e1a97eb7724294c1da5 to remote] DEBUG org.asynchttpclient.netty.request.NettyRequestSender - Using pooled Channel '[id: 0xeaeee574, L:/127.0.0.1:59085 - R:localhost/127.0.0.1:12593]' for 'GET' to 'http://localhost:12593/session/87eceb0d2ff57e1a97eb7724294c1da5/url'
14:28:09.901 [Forwarding getCurrentUrl on session 87eceb0d2ff57e1a97eb7724294c1da5 to remote] DEBUG org.asynchttpclient.netty.request.NettyRequestSender - Using open Channel [id: 0xeaeee574, L:/127.0.0.1:59085 - R:localhost/127.0.0.1:12593] for GET '/session/87eceb0d2ff57e1a97eb7724294c1da5/url'
14:28:09.906 [AsyncHttpClient-1-7] DEBUG org.asynchttpclient.netty.handler.HttpHandler - 

Request DefaultFullHttpRequest(decodeResult: success, version: HTTP/1.1, content: EmptyByteBufBE)
GET /session/87eceb0d2ff57e1a97eb7724294c1da5/url HTTP/1.1
User-Agent: selenium/4.8.1 (java windows)
Cache-Control: no-cache
Content-Type: application/json; charset=utf-8
host: localhost:12593
accept: */*

Response DefaultHttpResponse(decodeResult: success, version: HTTP/1.1)
HTTP/1.1 200 OK
Content-Length: 68
Content-Type: application/json; charset=utf-8
cache-control: no-cache

14:28:09.906 [AsyncHttpClient-1-7] DEBUG org.asynchttpclient.netty.channel.ChannelManager - Adding key: http://localhost:12593 for channel [id: 0xeaeee574, L:/127.0.0.1:59085 - R:localhost/127.0.0.1:12593]
14:28:09.912 [main] DEBUG net.thucydides.core.steps.StepInterceptor - STARTING STEP: Afrexim_OurBank_Contactus_Givefeedback_steps.click_submit - Click_submit
14:28:09.912 [Forwarding findElement on session 87eceb0d2ff57e1a97eb7724294c1da5 to remote] DEBUG org.asynchttpclient.netty.request.NettyRequestSender - Using pooled Channel '[id: 0xeaeee574, L:/127.0.0.1:59085 - R:localhost/127.0.0.1:12593]' for 'POST' to 'http://localhost:12593/session/87eceb0d2ff57e1a97eb7724294c1da5/element'
14:28:09.912 [Forwarding findElement on session 87eceb0d2ff57e1a97eb7724294c1da5 to remote] DEBUG org.asynchttpclient.netty.request.NettyRequestSender - Using open Channel [id: 0xeaeee574, L:/127.0.0.1:59085 - R:localhost/127.0.0.1:12593] for POST '/session/87eceb0d2ff57e1a97eb7724294c1da5/element'
14:28:09.938 [AsyncHttpClient-1-7] DEBUG org.asynchttpclient.netty.handler.HttpHandler - 

Request DefaultHttpRequest(decodeResult: success, version: HTTP/1.1)
POST /session/87eceb0d2ff57e1a97eb7724294c1da5/element HTTP/1.1
User-Agent: selenium/4.8.1 (java windows)
Content-Length: 84
Content-Type: application/json; charset=utf-8
host: localhost:12593
accept: */*

Response DefaultHttpResponse(decodeResult: success, version: HTTP/1.1)
HTTP/1.1 200 OK
Content-Length: 96
Content-Type: application/json; charset=utf-8
cache-control: no-cache

14:28:09.938 [AsyncHttpClient-1-7] DEBUG org.asynchttpclient.netty.channel.ChannelManager - Adding key: http://localhost:12593 for channel [id: 0xeaeee574, L:/127.0.0.1:59085 - R:localhost/127.0.0.1:12593]
14:28:09.938 [Forwarding getElementTagName on session 87eceb0d2ff57e1a97eb7724294c1da5 to remote] DEBUG org.asynchttpclient.netty.request.NettyRequestSender - Using pooled Channel '[id: 0xeaeee574, L:/127.0.0.1:59085 - R:localhost/127.0.0.1:12593]' for 'GET' to 'http://localhost:12593/session/87eceb0d2ff57e1a97eb7724294c1da5/element/345A8A1F9EC063DC529B28BE30AC8A01_element_465/name'
14:28:09.938 [Forwarding getElementTagName on session 87eceb0d2ff57e1a97eb7724294c1da5 to remote] DEBUG org.asynchttpclient.netty.request.NettyRequestSender - Using open Channel [id: 0xeaeee574, L:/127.0.0.1:59085 - R:localhost/127.0.0.1:12593] for GET '/session/87eceb0d2ff57e1a97eb7724294c1da5/element/345A8A1F9EC063DC529B28BE30AC8A01_element_465/name'
14:28:09.949 [AsyncHttpClient-1-7] DEBUG org.asynchttpclient.netty.handler.HttpHandler - 

Request DefaultFullHttpRequest(decodeResult: success, version: HTTP/1.1, content: EmptyByteBufBE)
GET /session/87eceb0d2ff57e1a97eb7724294c1da5/element/345A8A1F9EC063DC529B28BE30AC8A01_element_465/name HTTP/1.1
User-Agent: selenium/4.8.1 (java windows)
Cache-Control: no-cache
Content-Type: application/json; charset=utf-8
host: localhost:12593
accept: */*

Response DefaultHttpResponse(decodeResult: success, version: HTTP/1.1)
HTTP/1.1 200 OK
Content-Length: 17
Content-Type: application/json; charset=utf-8
cache-control: no-cache

14:28:09.949 [AsyncHttpClient-1-7] DEBUG org.asynchttpclient.netty.channel.ChannelManager - Adding key: http://localhost:12593 for channel [id: 0xeaeee574, L:/127.0.0.1:59085 - R:localhost/127.0.0.1:12593]
14:28:09.955 [Forwarding getElementTagName on session 87eceb0d2ff57e1a97eb7724294c1da5 to remote] DEBUG org.asynchttpclient.netty.request.NettyRequestSender - Using pooled Channel '[id: 0xeaeee574, L:/127.0.0.1:59085 - R:localhost/127.0.0.1:12593]' for 'GET' to 'http://localhost:12593/session/87eceb0d2ff57e1a97eb7724294c1da5/element/345A8A1F9EC063DC529B28BE30AC8A01_element_465/name'
14:28:09.955 [Forwarding getElementTagName on session 87eceb0d2ff57e1a97eb7724294c1da5 to remote] DEBUG org.asynchttpclient.netty.request.NettyRequestSender - Using open Channel [id: 0xeaeee574, L:/127.0.0.1:59085 - R:localhost/127.0.0.1:12593] for GET '/session/87eceb0d2ff57e1a97eb7724294c1da5/element/345A8A1F9EC063DC529B28BE30AC8A01_element_465/name'
14:28:09.965 [AsyncHttpClient-1-7] DEBUG org.asynchttpclient.netty.handler.HttpHandler - 

Request DefaultFullHttpRequest(decodeResult: success, version: HTTP/1.1, content: EmptyByteBufBE)
GET /session/87eceb0d2ff57e1a97eb7724294c1da5/element/345A8A1F9EC063DC529B28BE30AC8A01_element_465/name HTTP/1.1
User-Agent: selenium/4.8.1 (java windows)
Cache-Control: no-cache
Content-Type: application/json; charset=utf-8
host: localhost:12593
accept: */*

Response DefaultHttpResponse(decodeResult: success, version: HTTP/1.1)
HTTP/1.1 200 OK
Content-Length: 17
Content-Type: application/json; charset=utf-8
cache-control: no-cache

14:28:09.965 [AsyncHttpClient-1-7] DEBUG org.asynchttpclient.netty.channel.ChannelManager - Adding key: http://localhost:12593 for channel [id: 0xeaeee574, L:/127.0.0.1:59085 - R:localhost/127.0.0.1:12593]
14:28:09.965 [Forwarding isElementEnabled on session 87eceb0d2ff57e1a97eb7724294c1da5 to remote] DEBUG org.asynchttpclient.netty.request.NettyRequestSender - Using pooled Channel '[id: 0xeaeee574, L:/127.0.0.1:59085 - R:localhost/127.0.0.1:12593]' for 'GET' to 'http://localhost:12593/session/87eceb0d2ff57e1a97eb7724294c1da5/element/345A8A1F9EC063DC529B28BE30AC8A01_element_465/enabled'
14:28:09.965 [Forwarding isElementEnabled on session 87eceb0d2ff57e1a97eb7724294c1da5 to remote] DEBUG org.asynchttpclient.netty.request.NettyRequestSender - Using open Channel [id: 0xeaeee574, L:/127.0.0.1:59085 - R:localhost/127.0.0.1:12593] for GET '/session/87eceb0d2ff57e1a97eb7724294c1da5/element/345A8A1F9EC063DC529B28BE30AC8A01_element_465/enabled'
14:28:09.976 [AsyncHttpClient-1-7] DEBUG org.asynchttpclient.netty.handler.HttpHandler - 

Request DefaultFullHttpRequest(decodeResult: success, version: HTTP/1.1, content: EmptyByteBufBE)
GET /session/87eceb0d2ff57e1a97eb7724294c1da5/element/345A8A1F9EC063DC529B28BE30AC8A01_element_465/enabled HTTP/1.1
User-Agent: selenium/4.8.1 (java windows)
Cache-Control: no-cache
Content-Type: application/json; charset=utf-8
host: localhost:12593
accept: */*

Response DefaultHttpResponse(decodeResult: success, version: HTTP/1.1)
HTTP/1.1 200 OK
Content-Length: 14
Content-Type: application/json; charset=utf-8
cache-control: no-cache

14:28:09.976 [AsyncHttpClient-1-7] DEBUG org.asynchttpclient.netty.channel.ChannelManager - Adding key: http://localhost:12593 for channel [id: 0xeaeee574, L:/127.0.0.1:59085 - R:localhost/127.0.0.1:12593]
14:28:09.976 [Forwarding isElementEnabled on session 87eceb0d2ff57e1a97eb7724294c1da5 to remote] DEBUG org.asynchttpclient.netty.request.NettyRequestSender - Using pooled Channel '[id: 0xeaeee574, L:/127.0.0.1:59085 - R:localhost/127.0.0.1:12593]' for 'GET' to 'http://localhost:12593/session/87eceb0d2ff57e1a97eb7724294c1da5/element/345A8A1F9EC063DC529B28BE30AC8A01_element_465/enabled'
14:28:09.976 [Forwarding isElementEnabled on session 87eceb0d2ff57e1a97eb7724294c1da5 to remote] DEBUG org.asynchttpclient.netty.request.NettyRequestSender - Using open Channel [id: 0xeaeee574, L:/127.0.0.1:59085 - R:localhost/127.0.0.1:12593] for GET '/session/87eceb0d2ff57e1a97eb7724294c1da5/element/345A8A1F9EC063DC529B28BE30AC8A01_element_465/enabled'
14:28:09.997 [AsyncHttpClient-1-7] DEBUG org.asynchttpclient.netty.handler.HttpHandler - 

Request DefaultFullHttpRequest(decodeResult: success, version: HTTP/1.1, content: EmptyByteBufBE)
GET /session/87eceb0d2ff57e1a97eb7724294c1da5/element/345A8A1F9EC063DC529B28BE30AC8A01_element_465/enabled HTTP/1.1
User-Agent: selenium/4.8.1 (java windows)
Cache-Control: no-cache
Content-Type: application/json; charset=utf-8
host: localhost:12593
accept: */*

Response DefaultHttpResponse(decodeResult: success, version: HTTP/1.1)
HTTP/1.1 200 OK
Content-Length: 14
Content-Type: application/json; charset=utf-8
cache-control: no-cache

14:28:10.002 [AsyncHttpClient-1-7] DEBUG org.asynchttpclient.netty.channel.ChannelManager - Adding key: http://localhost:12593 for channel [id: 0xeaeee574, L:/127.0.0.1:59085 - R:localhost/127.0.0.1:12593]
14:28:10.002 [Forwarding findElement on session 87eceb0d2ff57e1a97eb7724294c1da5 to remote] DEBUG org.asynchttpclient.netty.request.NettyRequestSender - Using pooled Channel '[id: 0xeaeee574, L:/127.0.0.1:59085 - R:localhost/127.0.0.1:12593]' for 'POST' to 'http://localhost:12593/session/87eceb0d2ff57e1a97eb7724294c1da5/element'
14:28:10.002 [Forwarding findElement on session 87eceb0d2ff57e1a97eb7724294c1da5 to remote] DEBUG org.asynchttpclient.netty.request.NettyRequestSender - Using open Channel [id: 0xeaeee574, L:/127.0.0.1:59085 - R:localhost/127.0.0.1:12593] for POST '/session/87eceb0d2ff57e1a97eb7724294c1da5/element'
14:28:10.018 [AsyncHttpClient-1-7] DEBUG org.asynchttpclient.netty.handler.HttpHandler - 

Request DefaultHttpRequest(decodeResult: success, version: HTTP/1.1)
POST /session/87eceb0d2ff57e1a97eb7724294c1da5/element HTTP/1.1
User-Agent: selenium/4.8.1 (java windows)
Content-Length: 84
Content-Type: application/json; charset=utf-8
host: localhost:12593
accept: */*

Response DefaultHttpResponse(decodeResult: success, version: HTTP/1.1)
HTTP/1.1 200 OK
Content-Length: 96
Content-Type: application/json; charset=utf-8
cache-control: no-cache

14:28:10.018 [AsyncHttpClient-1-7] DEBUG org.asynchttpclient.netty.channel.ChannelManager - Adding key: http://localhost:12593 for channel [id: 0xeaeee574, L:/127.0.0.1:59085 - R:localhost/127.0.0.1:12593]
14:28:10.018 [Forwarding clickElement on session 87eceb0d2ff57e1a97eb7724294c1da5 to remote] DEBUG org.asynchttpclient.netty.request.NettyRequestSender - Using pooled Channel '[id: 0xeaeee574, L:/127.0.0.1:59085 - R:localhost/127.0.0.1:12593]' for 'POST' to 'http://localhost:12593/session/87eceb0d2ff57e1a97eb7724294c1da5/element/345A8A1F9EC063DC529B28BE30AC8A01_element_465/click'
14:28:10.018 [Forwarding clickElement on session 87eceb0d2ff57e1a97eb7724294c1da5 to remote] DEBUG org.asynchttpclient.netty.request.NettyRequestSender - Using open Channel [id: 0xeaeee574, L:/127.0.0.1:59085 - R:localhost/127.0.0.1:12593] for POST '/session/87eceb0d2ff57e1a97eb7724294c1da5/element/345A8A1F9EC063DC529B28BE30AC8A01_element_465/click'
14:28:13.178 [AsyncHttpClient-1-7] DEBUG org.asynchttpclient.netty.handler.HttpHandler - 

Request DefaultHttpRequest(decodeResult: success, version: HTTP/1.1)
POST /session/87eceb0d2ff57e1a97eb7724294c1da5/element/345A8A1F9EC063DC529B28BE30AC8A01_element_465/click HTTP/1.1
User-Agent: selenium/4.8.1 (java windows)
Content-Length: 58
Content-Type: application/json; charset=utf-8
host: localhost:12593
accept: */*

Response DefaultHttpResponse(decodeResult: success, version: HTTP/1.1)
HTTP/1.1 200 OK
Content-Length: 14
Content-Type: application/json; charset=utf-8
cache-control: no-cache

14:28:13.178 [AsyncHttpClient-1-7] DEBUG org.asynchttpclient.netty.channel.ChannelManager - Adding key: http://localhost:12593 for channel [id: 0xeaeee574, L:/127.0.0.1:59085 - R:localhost/127.0.0.1:12593]
14:28:13.197 [Forwarding getAlertText on session 87eceb0d2ff57e1a97eb7724294c1da5 to remote] DEBUG org.asynchttpclient.netty.request.NettyRequestSender - Using pooled Channel '[id: 0xeaeee574, L:/127.0.0.1:59085 - R:localhost/127.0.0.1:12593]' for 'GET' to 'http://localhost:12593/session/87eceb0d2ff57e1a97eb7724294c1da5/alert/text'
14:28:13.197 [Forwarding getAlertText on session 87eceb0d2ff57e1a97eb7724294c1da5 to remote] DEBUG org.asynchttpclient.netty.request.NettyRequestSender - Using open Channel [id: 0xeaeee574, L:/127.0.0.1:59085 - R:localhost/127.0.0.1:12593] for GET '/session/87eceb0d2ff57e1a97eb7724294c1da5/alert/text'
14:28:13.211 [AsyncHttpClient-1-7] DEBUG org.asynchttpclient.netty.handler.HttpHandler - 

Request DefaultFullHttpRequest(decodeResult: success, version: HTTP/1.1, content: EmptyByteBufBE)
GET /session/87eceb0d2ff57e1a97eb7724294c1da5/alert/text HTTP/1.1
User-Agent: selenium/4.8.1 (java windows)
Cache-Control: no-cache
Content-Type: application/json; charset=utf-8
host: localhost:12593
accept: */*

Response DefaultHttpResponse(decodeResult: success, version: HTTP/1.1)
HTTP/1.1 404 Not Found
Content-Length: 821
Content-Type: application/json; charset=utf-8
cache-control: no-cache

14:28:13.211 [AsyncHttpClient-1-7] DEBUG org.asynchttpclient.netty.channel.ChannelManager - Adding key: http://localhost:12593 for channel [id: 0xeaeee574, L:/127.0.0.1:59085 - R:localhost/127.0.0.1:12593]
14:28:13.211 [Forwarding getCurrentUrl on session 87eceb0d2ff57e1a97eb7724294c1da5 to remote] DEBUG org.asynchttpclient.netty.request.NettyRequestSender - Using pooled Channel '[id: 0xeaeee574, L:/127.0.0.1:59085 - R:localhost/127.0.0.1:12593]' for 'GET' to 'http://localhost:12593/session/87eceb0d2ff57e1a97eb7724294c1da5/url'
14:28:13.211 [Forwarding getCurrentUrl on session 87eceb0d2ff57e1a97eb7724294c1da5 to remote] DEBUG org.asynchttpclient.netty.request.NettyRequestSender - Using open Channel [id: 0xeaeee574, L:/127.0.0.1:59085 - R:localhost/127.0.0.1:12593] for GET '/session/87eceb0d2ff57e1a97eb7724294c1da5/url'
14:28:13.227 [AsyncHttpClient-1-7] DEBUG org.asynchttpclient.netty.handler.HttpHandler - 

Request DefaultFullHttpRequest(decodeResult: success, version: HTTP/1.1, content: EmptyByteBufBE)
GET /session/87eceb0d2ff57e1a97eb7724294c1da5/url HTTP/1.1
User-Agent: selenium/4.8.1 (java windows)
Cache-Control: no-cache
Content-Type: application/json; charset=utf-8
host: localhost:12593
accept: */*

Response DefaultHttpResponse(decodeResult: success, version: HTTP/1.1)
HTTP/1.1 200 OK
Content-Length: 68
Content-Type: application/json; charset=utf-8
cache-control: no-cache

14:28:13.229 [AsyncHttpClient-1-7] DEBUG org.asynchttpclient.netty.channel.ChannelManager - Adding key: http://localhost:12593 for channel [id: 0xeaeee574, L:/127.0.0.1:59085 - R:localhost/127.0.0.1:12593]
14:28:13.229 [Forwarding screenshot on session 87eceb0d2ff57e1a97eb7724294c1da5 to remote] DEBUG org.asynchttpclient.netty.request.NettyRequestSender - Using pooled Channel '[id: 0xeaeee574, L:/127.0.0.1:59085 - R:localhost/127.0.0.1:12593]' for 'GET' to 'http://localhost:12593/session/87eceb0d2ff57e1a97eb7724294c1da5/screenshot'
14:28:13.229 [Forwarding screenshot on session 87eceb0d2ff57e1a97eb7724294c1da5 to remote] DEBUG org.asynchttpclient.netty.request.NettyRequestSender - Using open Channel [id: 0xeaeee574, L:/127.0.0.1:59085 - R:localhost/127.0.0.1:12593] for GET '/session/87eceb0d2ff57e1a97eb7724294c1da5/screenshot'
14:28:13.499 [AsyncHttpClient-1-7] DEBUG org.asynchttpclient.netty.handler.HttpHandler - 

Request DefaultFullHttpRequest(decodeResult: success, version: HTTP/1.1, content: EmptyByteBufBE)
GET /session/87eceb0d2ff57e1a97eb7724294c1da5/screenshot HTTP/1.1
User-Agent: selenium/4.8.1 (java windows)
Cache-Control: no-cache
Content-Type: application/json; charset=utf-8
host: localhost:12593
accept: */*

Response DefaultHttpResponse(decodeResult: success, version: HTTP/1.1)
HTTP/1.1 200 OK
Content-Length: 205056
Content-Type: application/json; charset=utf-8
cache-control: no-cache

14:28:13.519 [AsyncHttpClient-1-7] DEBUG org.asynchttpclient.netty.channel.ChannelManager - Adding key: http://localhost:12593 for channel [id: 0xeaeee574, L:/127.0.0.1:59085 - R:localhost/127.0.0.1:12593]
14:28:13.533 [main] DEBUG net.serenitybdd.core.photography.Darkroom - Send negative for processing for target\site\serenity\17a0b438d71dfae47b9a4ea48b8d098353672f221c4deb0cb2c7307905979543.png
14:28:13.533 [main] DEBUG net.thucydides.core.steps.StepInterceptor - STEP DONE: Click_submit
14:28:13.533 [Darkroom Processing Line] DEBUG net.serenitybdd.core.photography.DarkroomProcessingLine - Processing screenshot image in /var/screenshots/screenshot-1102783849568779858
14:28:13.533 [Darkroom Processing Line] DEBUG net.serenitybdd.core.photography.DarkroomProcessingLine - Saving screenshot to target\site\serenity\17a0b438d71dfae47b9a4ea48b8d098353672f221c4deb0cb2c7307905979543.png
14:28:13.555 [Forwarding getPageSource on session 87eceb0d2ff57e1a97eb7724294c1da5 to remote] DEBUG org.asynchttpclient.netty.request.NettyRequestSender - Using pooled Channel '[id: 0xeaeee574, L:/127.0.0.1:59085 - R:localhost/127.0.0.1:12593]' for 'POST' to 'http://localhost:12593/session/87eceb0d2ff57e1a97eb7724294c1da5/execute/sync'
14:28:13.555 [Forwarding getPageSource on session 87eceb0d2ff57e1a97eb7724294c1da5 to remote] DEBUG org.asynchttpclient.netty.request.NettyRequestSender - Using open Channel [id: 0xeaeee574, L:/127.0.0.1:59085 - R:localhost/127.0.0.1:12593] for POST '/session/87eceb0d2ff57e1a97eb7724294c1da5/execute/sync'
14:28:13.581 [AsyncHttpClient-1-7] DEBUG org.asynchttpclient.netty.handler.HttpHandler - 

Request DefaultHttpRequest(decodeResult: success, version: HTTP/1.1)
POST /session/87eceb0d2ff57e1a97eb7724294c1da5/execute/sync HTTP/1.1
User-Agent: selenium/4.8.1 (java windows)
Content-Length: 176
Content-Type: application/json; charset=utf-8
host: localhost:12593
accept: */*

Response DefaultHttpResponse(decodeResult: success, version: HTTP/1.1)
HTTP/1.1 200 OK
Content-Length: 74535
Content-Type: application/json; charset=utf-8
cache-control: no-cache

14:28:13.581 [AsyncHttpClient-1-7] DEBUG org.asynchttpclient.netty.channel.ChannelManager - Adding key: http://localhost:12593 for channel [id: 0xeaeee574, L:/127.0.0.1:59085 - R:localhost/127.0.0.1:12593]
14:28:13.592 [Forwarding getCurrentUrl on session 87eceb0d2ff57e1a97eb7724294c1da5 to remote] DEBUG org.asynchttpclient.netty.request.NettyRequestSender - Using pooled Channel '[id: 0xeaeee574, L:/127.0.0.1:59085 - R:localhost/127.0.0.1:12593]' for 'GET' to 'http://localhost:12593/session/87eceb0d2ff57e1a97eb7724294c1da5/url'
14:28:13.592 [Forwarding getCurrentUrl on session 87eceb0d2ff57e1a97eb7724294c1da5 to remote] DEBUG org.asynchttpclient.netty.request.NettyRequestSender - Using open Channel [id: 0xeaeee574, L:/127.0.0.1:59085 - R:localhost/127.0.0.1:12593] for GET '/session/87eceb0d2ff57e1a97eb7724294c1da5/url'
14:28:13.592 [AsyncHttpClient-1-7] DEBUG org.asynchttpclient.netty.handler.HttpHandler - 

Request DefaultFullHttpRequest(decodeResult: success, version: HTTP/1.1, content: EmptyByteBufBE)
GET /session/87eceb0d2ff57e1a97eb7724294c1da5/url HTTP/1.1
User-Agent: selenium/4.8.1 (java windows)
Cache-Control: no-cache
Content-Type: application/json; charset=utf-8
host: localhost:12593
accept: */*

Response DefaultHttpResponse(decodeResult: success, version: HTTP/1.1)
HTTP/1.1 200 OK
Content-Length: 68
Content-Type: application/json; charset=utf-8
cache-control: no-cache

14:28:13.592 [AsyncHttpClient-1-7] DEBUG org.asynchttpclient.netty.channel.ChannelManager - Adding key: http://localhost:12593 for channel [id: 0xeaeee574, L:/127.0.0.1:59085 - R:localhost/127.0.0.1:12593]
14:28:13.618 [Forwarding getAlertText on session 87eceb0d2ff57e1a97eb7724294c1da5 to remote] DEBUG org.asynchttpclient.netty.request.NettyRequestSender - Using pooled Channel '[id: 0xeaeee574, L:/127.0.0.1:59085 - R:localhost/127.0.0.1:12593]' for 'GET' to 'http://localhost:12593/session/87eceb0d2ff57e1a97eb7724294c1da5/alert/text'
14:28:13.618 [Forwarding getAlertText on session 87eceb0d2ff57e1a97eb7724294c1da5 to remote] DEBUG org.asynchttpclient.netty.request.NettyRequestSender - Using open Channel [id: 0xeaeee574, L:/127.0.0.1:59085 - R:localhost/127.0.0.1:12593] for GET '/session/87eceb0d2ff57e1a97eb7724294c1da5/alert/text'
14:28:13.618 [AsyncHttpClient-1-7] DEBUG org.asynchttpclient.netty.handler.HttpHandler - 

Request DefaultFullHttpRequest(decodeResult: success, version: HTTP/1.1, content: EmptyByteBufBE)
GET /session/87eceb0d2ff57e1a97eb7724294c1da5/alert/text HTTP/1.1
User-Agent: selenium/4.8.1 (java windows)
Cache-Control: no-cache
Content-Type: application/json; charset=utf-8
host: localhost:12593
accept: */*

Response DefaultHttpResponse(decodeResult: success, version: HTTP/1.1)
HTTP/1.1 404 Not Found
Content-Length: 821
Content-Type: application/json; charset=utf-8
cache-control: no-cache

14:28:13.618 [AsyncHttpClient-1-7] DEBUG org.asynchttpclient.netty.channel.ChannelManager - Adding key: http://localhost:12593 for channel [id: 0xeaeee574, L:/127.0.0.1:59085 - R:localhost/127.0.0.1:12593]
14:28:13.624 [Forwarding getCurrentUrl on session 87eceb0d2ff57e1a97eb7724294c1da5 to remote] DEBUG org.asynchttpclient.netty.request.NettyRequestSender - Using pooled Channel '[id: 0xeaeee574, L:/127.0.0.1:59085 - R:localhost/127.0.0.1:12593]' for 'GET' to 'http://localhost:12593/session/87eceb0d2ff57e1a97eb7724294c1da5/url'
14:28:13.624 [Forwarding getCurrentUrl on session 87eceb0d2ff57e1a97eb7724294c1da5 to remote] DEBUG org.asynchttpclient.netty.request.NettyRequestSender - Using open Channel [id: 0xeaeee574, L:/127.0.0.1:59085 - R:localhost/127.0.0.1:12593] for GET '/session/87eceb0d2ff57e1a97eb7724294c1da5/url'
14:28:13.639 [AsyncHttpClient-1-7] DEBUG org.asynchttpclient.netty.handler.HttpHandler - 

Request DefaultFullHttpRequest(decodeResult: success, version: HTTP/1.1, content: EmptyByteBufBE)
GET /session/87eceb0d2ff57e1a97eb7724294c1da5/url HTTP/1.1
User-Agent: selenium/4.8.1 (java windows)
Cache-Control: no-cache
Content-Type: application/json; charset=utf-8
host: localhost:12593
accept: */*

Response DefaultHttpResponse(decodeResult: success, version: HTTP/1.1)
HTTP/1.1 200 OK
Content-Length: 68
Content-Type: application/json; charset=utf-8
cache-control: no-cache

14:28:13.639 [AsyncHttpClient-1-7] DEBUG org.asynchttpclient.netty.channel.ChannelManager - Adding key: http://localhost:12593 for channel [id: 0xeaeee574, L:/127.0.0.1:59085 - R:localhost/127.0.0.1:12593]
14:28:13.639 [Forwarding screenshot on session 87eceb0d2ff57e1a97eb7724294c1da5 to remote] DEBUG org.asynchttpclient.netty.request.NettyRequestSender - Using pooled Channel '[id: 0xeaeee574, L:/127.0.0.1:59085 - R:localhost/127.0.0.1:12593]' for 'GET' to 'http://localhost:12593/session/87eceb0d2ff57e1a97eb7724294c1da5/screenshot'
14:28:13.639 [Forwarding screenshot on session 87eceb0d2ff57e1a97eb7724294c1da5 to remote] DEBUG org.asynchttpclient.netty.request.NettyRequestSender - Using open Channel [id: 0xeaeee574, L:/127.0.0.1:59085 - R:localhost/127.0.0.1:12593] for GET '/session/87eceb0d2ff57e1a97eb7724294c1da5/screenshot'
14:28:13.891 [AsyncHttpClient-1-7] DEBUG org.asynchttpclient.netty.handler.HttpHandler - 

Request DefaultFullHttpRequest(decodeResult: success, version: HTTP/1.1, content: EmptyByteBufBE)
GET /session/87eceb0d2ff57e1a97eb7724294c1da5/screenshot HTTP/1.1
User-Agent: selenium/4.8.1 (java windows)
Cache-Control: no-cache
Content-Type: application/json; charset=utf-8
host: localhost:12593
accept: */*

Response DefaultHttpResponse(decodeResult: success, version: HTTP/1.1)
HTTP/1.1 200 OK
Content-Length: 205056
Content-Type: application/json; charset=utf-8
cache-control: no-cache

14:28:13.891 [AsyncHttpClient-1-7] DEBUG org.asynchttpclient.netty.channel.ChannelManager - Adding key: http://localhost:12593 for channel [id: 0xeaeee574, L:/127.0.0.1:59085 - R:localhost/127.0.0.1:12593]
14:28:13.901 [AsyncHttpClient-1-1] DEBUG org.asynchttpclient.netty.channel.DefaultChannelPool - Entry count for : http://localhost:12593 : 1
14:28:13.906 [main] DEBUG net.serenitybdd.core.photography.Darkroom - Send negative for processing for target\site\serenity\17a0b438d71dfae47b9a4ea48b8d098353672f221c4deb0cb2c7307905979543.png
14:28:13.906 [Forwarding getPageSource on session 87eceb0d2ff57e1a97eb7724294c1da5 to remote] DEBUG org.asynchttpclient.netty.request.NettyRequestSender - Using pooled Channel '[id: 0xeaeee574, L:/127.0.0.1:59085 - R:localhost/127.0.0.1:12593]' for 'POST' to 'http://localhost:12593/session/87eceb0d2ff57e1a97eb7724294c1da5/execute/sync'
14:28:13.906 [Forwarding getPageSource on session 87eceb0d2ff57e1a97eb7724294c1da5 to remote] DEBUG org.asynchttpclient.netty.request.NettyRequestSender - Using open Channel [id: 0xeaeee574, L:/127.0.0.1:59085 - R:localhost/127.0.0.1:12593] for POST '/session/87eceb0d2ff57e1a97eb7724294c1da5/execute/sync'
14:28:13.922 [AsyncHttpClient-1-7] DEBUG org.asynchttpclient.netty.handler.HttpHandler - 

Request DefaultHttpRequest(decodeResult: success, version: HTTP/1.1)
POST /session/87eceb0d2ff57e1a97eb7724294c1da5/execute/sync HTTP/1.1
User-Agent: selenium/4.8.1 (java windows)
Content-Length: 176
Content-Type: application/json; charset=utf-8
host: localhost:12593
accept: */*

Response DefaultHttpResponse(decodeResult: success, version: HTTP/1.1)
HTTP/1.1 200 OK
Content-Length: 74535
Content-Type: application/json; charset=utf-8
cache-control: no-cache

14:28:13.922 [AsyncHttpClient-1-7] DEBUG org.asynchttpclient.netty.channel.ChannelManager - Adding key: http://localhost:12593 for channel [id: 0xeaeee574, L:/127.0.0.1:59085 - R:localhost/127.0.0.1:12593]
14:28:13.933 [Forwarding getCurrentUrl on session 87eceb0d2ff57e1a97eb7724294c1da5 to remote] DEBUG org.asynchttpclient.netty.request.NettyRequestSender - Using pooled Channel '[id: 0xeaeee574, L:/127.0.0.1:59085 - R:localhost/127.0.0.1:12593]' for 'GET' to 'http://localhost:12593/session/87eceb0d2ff57e1a97eb7724294c1da5/url'
14:28:13.933 [Forwarding getCurrentUrl on session 87eceb0d2ff57e1a97eb7724294c1da5 to remote] DEBUG org.asynchttpclient.netty.request.NettyRequestSender - Using open Channel [id: 0xeaeee574, L:/127.0.0.1:59085 - R:localhost/127.0.0.1:12593] for GET '/session/87eceb0d2ff57e1a97eb7724294c1da5/url'
14:28:13.949 [AsyncHttpClient-1-7] DEBUG org.asynchttpclient.netty.handler.HttpHandler - 

Request DefaultFullHttpRequest(decodeResult: success, version: HTTP/1.1, content: EmptyByteBufBE)
GET /session/87eceb0d2ff57e1a97eb7724294c1da5/url HTTP/1.1
User-Agent: selenium/4.8.1 (java windows)
Cache-Control: no-cache
Content-Type: application/json; charset=utf-8
host: localhost:12593
accept: */*

Response DefaultHttpResponse(decodeResult: success, version: HTTP/1.1)
HTTP/1.1 200 OK
Content-Length: 68
Content-Type: application/json; charset=utf-8
cache-control: no-cache

14:28:13.949 [AsyncHttpClient-1-7] DEBUG org.asynchttpclient.netty.channel.ChannelManager - Adding key: http://localhost:12593 for channel [id: 0xeaeee574, L:/127.0.0.1:59085 - R:localhost/127.0.0.1:12593]
14:28:13.955 [main] DEBUG net.thucydides.core.steps.StepInterceptor - STARTING STEP: Afrexim_OurBank_Contactus_Givefeedback_steps.validate_thanks_for_contacting_us_page - Validate_Thanksforcontactingus_page
14:28:13.955 [Forwarding findElement on session 87eceb0d2ff57e1a97eb7724294c1da5 to remote] DEBUG org.asynchttpclient.netty.request.NettyRequestSender - Using pooled Channel '[id: 0xeaeee574, L:/127.0.0.1:59085 - R:localhost/127.0.0.1:12593]' for 'POST' to 'http://localhost:12593/session/87eceb0d2ff57e1a97eb7724294c1da5/element'
14:28:13.955 [Forwarding findElement on session 87eceb0d2ff57e1a97eb7724294c1da5 to remote] DEBUG org.asynchttpclient.netty.request.NettyRequestSender - Using open Channel [id: 0xeaeee574, L:/127.0.0.1:59085 - R:localhost/127.0.0.1:12593] for POST '/session/87eceb0d2ff57e1a97eb7724294c1da5/element'
14:28:13.981 [AsyncHttpClient-1-7] DEBUG org.asynchttpclient.netty.handler.HttpHandler - 

Request DefaultHttpRequest(decodeResult: success, version: HTTP/1.1)
POST /session/87eceb0d2ff57e1a97eb7724294c1da5/element HTTP/1.1
User-Agent: selenium/4.8.1 (java windows)
Content-Length: 127
Content-Type: application/json; charset=utf-8
host: localhost:12593
accept: */*

Response DefaultHttpResponse(decodeResult: success, version: HTTP/1.1)
HTTP/1.1 200 OK
Content-Length: 96
Content-Type: application/json; charset=utf-8
cache-control: no-cache

14:28:13.981 [AsyncHttpClient-1-7] DEBUG org.asynchttpclient.netty.channel.ChannelManager - Adding key: http://localhost:12593 for channel [id: 0xeaeee574, L:/127.0.0.1:59085 - R:localhost/127.0.0.1:12593]
14:28:13.986 [Forwarding isElementDisplayed on session 87eceb0d2ff57e1a97eb7724294c1da5 to remote] DEBUG org.asynchttpclient.netty.request.NettyRequestSender - Using pooled Channel '[id: 0xeaeee574, L:/127.0.0.1:59085 - R:localhost/127.0.0.1:12593]' for 'POST' to 'http://localhost:12593/session/87eceb0d2ff57e1a97eb7724294c1da5/execute/sync'
14:28:13.986 [Forwarding isElementDisplayed on session 87eceb0d2ff57e1a97eb7724294c1da5 to remote] DEBUG org.asynchttpclient.netty.request.NettyRequestSender - Using open Channel [id: 0xeaeee574, L:/127.0.0.1:59085 - R:localhost/127.0.0.1:12593] for POST '/session/87eceb0d2ff57e1a97eb7724294c1da5/execute/sync'
14:28:13.997 [AsyncHttpClient-1-7] DEBUG org.asynchttpclient.netty.handler.HttpHandler - 

Request DefaultHttpRequest(decodeResult: success, version: HTTP/1.1)
POST /session/87eceb0d2ff57e1a97eb7724294c1da5/execute/sync HTTP/1.1
User-Agent: selenium/4.8.1 (java windows)
Content-Length: 48815
Content-Type: application/json; charset=utf-8
host: localhost:12593
accept: */*

Response DefaultHttpResponse(decodeResult: success, version: HTTP/1.1)
HTTP/1.1 200 OK
Content-Length: 14
Content-Type: application/json; charset=utf-8
cache-control: no-cache

14:28:13.997 [AsyncHttpClient-1-7] DEBUG org.asynchttpclient.netty.channel.ChannelManager - Adding key: http://localhost:12593 for channel [id: 0xeaeee574, L:/127.0.0.1:59085 - R:localhost/127.0.0.1:12593]
14:28:14.008 [Forwarding getAlertText on session 87eceb0d2ff57e1a97eb7724294c1da5 to remote] DEBUG org.asynchttpclient.netty.request.NettyRequestSender - Using pooled Channel '[id: 0xeaeee574, L:/127.0.0.1:59085 - R:localhost/127.0.0.1:12593]' for 'GET' to 'http://localhost:12593/session/87eceb0d2ff57e1a97eb7724294c1da5/alert/text'
14:28:14.008 [Forwarding getAlertText on session 87eceb0d2ff57e1a97eb7724294c1da5 to remote] DEBUG org.asynchttpclient.netty.request.NettyRequestSender - Using open Channel [id: 0xeaeee574, L:/127.0.0.1:59085 - R:localhost/127.0.0.1:12593] for GET '/session/87eceb0d2ff57e1a97eb7724294c1da5/alert/text'
14:28:14.013 [AsyncHttpClient-1-7] DEBUG org.asynchttpclient.netty.handler.HttpHandler - 

Request DefaultFullHttpRequest(decodeResult: success, version: HTTP/1.1, content: EmptyByteBufBE)
GET /session/87eceb0d2ff57e1a97eb7724294c1da5/alert/text HTTP/1.1
User-Agent: selenium/4.8.1 (java windows)
Cache-Control: no-cache
Content-Type: application/json; charset=utf-8
host: localhost:12593
accept: */*

Response DefaultHttpResponse(decodeResult: success, version: HTTP/1.1)
HTTP/1.1 404 Not Found
Content-Length: 821
Content-Type: application/json; charset=utf-8
cache-control: no-cache

14:28:14.013 [AsyncHttpClient-1-7] DEBUG org.asynchttpclient.netty.channel.ChannelManager - Adding key: http://localhost:12593 for channel [id: 0xeaeee574, L:/127.0.0.1:59085 - R:localhost/127.0.0.1:12593]
14:28:14.013 [Forwarding getCurrentUrl on session 87eceb0d2ff57e1a97eb7724294c1da5 to remote] DEBUG org.asynchttpclient.netty.request.NettyRequestSender - Using pooled Channel '[id: 0xeaeee574, L:/127.0.0.1:59085 - R:localhost/127.0.0.1:12593]' for 'GET' to 'http://localhost:12593/session/87eceb0d2ff57e1a97eb7724294c1da5/url'
14:28:14.013 [Forwarding getCurrentUrl on session 87eceb0d2ff57e1a97eb7724294c1da5 to remote] DEBUG org.asynchttpclient.netty.request.NettyRequestSender - Using open Channel [id: 0xeaeee574, L:/127.0.0.1:59085 - R:localhost/127.0.0.1:12593] for GET '/session/87eceb0d2ff57e1a97eb7724294c1da5/url'
14:28:14.018 [AsyncHttpClient-1-7] DEBUG org.asynchttpclient.netty.handler.HttpHandler - 

Request DefaultFullHttpRequest(decodeResult: success, version: HTTP/1.1, content: EmptyByteBufBE)
GET /session/87eceb0d2ff57e1a97eb7724294c1da5/url HTTP/1.1
User-Agent: selenium/4.8.1 (java windows)
Cache-Control: no-cache
Content-Type: application/json; charset=utf-8
host: localhost:12593
accept: */*

Response DefaultHttpResponse(decodeResult: success, version: HTTP/1.1)
HTTP/1.1 200 OK
Content-Length: 68
Content-Type: application/json; charset=utf-8
cache-control: no-cache

14:28:14.018 [AsyncHttpClient-1-7] DEBUG org.asynchttpclient.netty.channel.ChannelManager - Adding key: http://localhost:12593 for channel [id: 0xeaeee574, L:/127.0.0.1:59085 - R:localhost/127.0.0.1:12593]
14:28:14.018 [Forwarding screenshot on session 87eceb0d2ff57e1a97eb7724294c1da5 to remote] DEBUG org.asynchttpclient.netty.request.NettyRequestSender - Using pooled Channel '[id: 0xeaeee574, L:/127.0.0.1:59085 - R:localhost/127.0.0.1:12593]' for 'GET' to 'http://localhost:12593/session/87eceb0d2ff57e1a97eb7724294c1da5/screenshot'
14:28:14.018 [Forwarding screenshot on session 87eceb0d2ff57e1a97eb7724294c1da5 to remote] DEBUG org.asynchttpclient.netty.request.NettyRequestSender - Using open Channel [id: 0xeaeee574, L:/127.0.0.1:59085 - R:localhost/127.0.0.1:12593] for GET '/session/87eceb0d2ff57e1a97eb7724294c1da5/screenshot'
14:28:14.279 [AsyncHttpClient-1-7] DEBUG org.asynchttpclient.netty.handler.HttpHandler - 

Request DefaultFullHttpRequest(decodeResult: success, version: HTTP/1.1, content: EmptyByteBufBE)
GET /session/87eceb0d2ff57e1a97eb7724294c1da5/screenshot HTTP/1.1
User-Agent: selenium/4.8.1 (java windows)
Cache-Control: no-cache
Content-Type: application/json; charset=utf-8
host: localhost:12593
accept: */*

Response DefaultHttpResponse(decodeResult: success, version: HTTP/1.1)
HTTP/1.1 200 OK
Content-Length: 205056
Content-Type: application/json; charset=utf-8
cache-control: no-cache

14:28:14.279 [AsyncHttpClient-1-7] DEBUG org.asynchttpclient.netty.channel.ChannelManager - Adding key: http://localhost:12593 for channel [id: 0xeaeee574, L:/127.0.0.1:59085 - R:localhost/127.0.0.1:12593]
14:28:14.290 [main] DEBUG net.serenitybdd.core.photography.Darkroom - Send negative for processing for target\site\serenity\17a0b438d71dfae47b9a4ea48b8d098353672f221c4deb0cb2c7307905979543.png
14:28:14.290 [main] DEBUG net.thucydides.core.steps.StepInterceptor - STEP DONE: Validate_Thanksforcontactingus_page
14:28:14.306 [AsyncHttpClient-1-9] DEBUG org.asynchttpclient.netty.handler.WebSocketHandler - Channel Closed: [id: 0x00b70a03, L:/127.0.0.1:59094 ! R:localhost/127.0.0.1:59086] with attribute NettyResponseFuture{currentRetry=0,
	isDone=1,
	isCancelled=0,
	asyncHandler=org.asynchttpclient.ws.WebSocketUpgradeHandler@56324a79,
	nettyRequest=org.asynchttpclient.netty.request.NettyRequest@3078dd20,
	future=java.util.concurrent.CompletableFuture@18780b49[Completed normally],
	uri=ws://localhost:59086/devtools/browser/42a57b1f-5be6-4329-b971-557b02726927,
	keepAlive=true,
	redirectCount=0,
	timeoutsHolder=null,
	inAuth=0,
	touch=1689757010138}
14:28:14.306 [AsyncHttpClient-1-9] DEBUG org.asynchttpclient.netty.channel.ChannelManager - Closing Channel [id: 0x00b70a03, L:/127.0.0.1:59094 ! R:localhost/127.0.0.1:59086] 
14:28:14.311 [Driver Command Executor] DEBUG org.asynchttpclient.netty.request.NettyRequestSender - Using pooled Channel '[id: 0xeaeee574, L:/127.0.0.1:59085 - R:localhost/127.0.0.1:12593]' for 'DELETE' to 'http://localhost:12593/session/87eceb0d2ff57e1a97eb7724294c1da5'
14:28:14.311 [Driver Command Executor] DEBUG org.asynchttpclient.netty.request.NettyRequestSender - Using open Channel [id: 0xeaeee574, L:/127.0.0.1:59085 - R:localhost/127.0.0.1:12593] for DELETE '/session/87eceb0d2ff57e1a97eb7724294c1da5'
14:28:14.637 [AsyncHttpClient-1-7] DEBUG org.asynchttpclient.netty.handler.HttpHandler - 

Request DefaultFullHttpRequest(decodeResult: success, version: HTTP/1.1, content: EmptyByteBufBE)
DELETE /session/87eceb0d2ff57e1a97eb7724294c1da5 HTTP/1.1
User-Agent: selenium/4.8.1 (java windows)
Content-Type: application/json; charset=utf-8
host: localhost:12593
accept: */*

Response DefaultHttpResponse(decodeResult: success, version: HTTP/1.1)
HTTP/1.1 200 OK
Content-Length: 14
Content-Type: application/json; charset=utf-8
cache-control: no-cache

14:28:14.637 [AsyncHttpClient-1-7] DEBUG org.asynchttpclient.netty.channel.ChannelManager - Adding key: http://localhost:12593 for channel [id: 0xeaeee574, L:/127.0.0.1:59085 - R:localhost/127.0.0.1:12593]
14:28:15.003 [AsyncHttpClient-1-1] DEBUG org.asynchttpclient.netty.channel.DefaultChannelPool - Entry count for : http://localhost:12593 : 1
14:28:15.010 [AsyncHttpClient-1-7] DEBUG org.asynchttpclient.netty.handler.HttpHandler - Channel Closed: [id: 0xeaeee574, L:/127.0.0.1:59085 ! R:localhost/127.0.0.1:12593] with attribute DISCARD
]]></system-out>
  </testcase>
  <testcase name="To validate the Who we serve- Large corporates" classname="To test the Products and Services functionality" time="32.197">
    <system-out><![CDATA[14:28:15.544 [main] DEBUG io.cucumber.core.plugin.SerenityReporter - Running feature from file:///C:/Users/hp/eclipse-workspace/AfreximBank_SerenityBDD_Framework/src/test/resources/Afrexim_features/Afrexim_Products&Services.feature
14:28:15.544 [main] WARN io.cucumber.core.plugin.SerenityReporter - Feature from file:///C:/Users/hp/eclipse-workspace/AfreximBank_SerenityBDD_Framework/src/test/resources/Afrexim_features/Afrexim_Products&Services.feature is not under the 'features' directory. Requirements report will not be correctly generated!
14:28:15.544 [main] DEBUG net.thucydides.core.steps.StepEventBus - Test suite started for story net.thucydides.core.model.Story@5dff2651
14:28:15.544 [main] INFO  - Test Suite Started: To test the Products and Services functionality
14:28:15.565 [main] DEBUG io.cucumber.core.plugin.SerenityReporter - Running feature from file:///C:/Users/hp/eclipse-workspace/AfreximBank_SerenityBDD_Framework/src/test/resources/Afrexim_features/Afrexim_Products&Services.feature
14:28:15.565 [main] WARN io.cucumber.core.plugin.SerenityReporter - Feature from file:///C:/Users/hp/eclipse-workspace/AfreximBank_SerenityBDD_Framework/src/test/resources/Afrexim_features/Afrexim_Products&Services.feature is not under the 'features' directory. Requirements report will not be correctly generated!
14:28:15.574 [main] INFO  - 
  _____   ___   ___   _____     ___   _____     _     ___   _____   ___   ___  
 |_   _| | __| / __| |_   _|   / __| |_   _|   /_\   | _ \ |_   _| | __| |   \ 
   | |   | _|  \__ \   | |     \__ \   | |    / _ \  |   /   | |   | _|  | |) |
   |_|   |___| |___/   |_|     |___/   |_|   /_/ \_\ |_|_\   |_|   |___| |___/ 

To validate the Who we serve- Large corporates(to-test-the-products-and-services-functionality;to-validate-the-who-we-serve--large-corporates)
--------------------------------------------------------------------------------
14:28:15.704 [main] INFO net.serenitybdd.core.webdriver.driverproviders.ChromeDriverProvider - Starting Chrome driver instance with capabilities:
14:28:15.704 [main] INFO net.serenitybdd.core.webdriver.driverproviders.ChromeDriverProvider - Capabilities {acceptInsecureCerts: false, browserName: chrome, goog:chromeOptions: {args: [remote-allow-origins=*], extensions: []}}
14:28:16.097 [AsyncHttpClient-1-1] DEBUG org.asynchttpclient.netty.channel.DefaultChannelPool - Entry count for : http://localhost:12593 : 1
14:28:16.097 [AsyncHttpClient-1-1] DEBUG org.asynchttpclient.netty.channel.DefaultChannelPool - Adding Candidate expired Channel [id: 0xeaeee574, L:/127.0.0.1:59085 ! R:localhost/127.0.0.1:12593] isIdleTimeoutExpired=false isRemotelyClosed=true isTtlExpired=false
14:28:16.097 [AsyncHttpClient-1-1] DEBUG org.asynchttpclient.netty.channel.DefaultChannelPool - Closing Idle Channel [id: 0xeaeee574, L:/127.0.0.1:59085 ! R:localhost/127.0.0.1:12593]
14:28:16.098 [AsyncHttpClient-1-1] DEBUG org.asynchttpclient.netty.channel.DefaultChannelPool - Closed 1 connections out of 1 in 1 ms
14:28:16.808 [AsyncHttpClient-1-2] DEBUG org.asynchttpclient.netty.channel.NettyConnectListener - Using new Channel '[id: 0xa19b2e95, L:/127.0.0.1:59144 - R:localhost/127.0.0.1:9045]' for 'POST' to '/session'
14:28:19.000 [AsyncHttpClient-1-2] DEBUG org.asynchttpclient.netty.handler.HttpHandler - 

Request DefaultHttpRequest(decodeResult: success, version: HTTP/1.1)
POST /session HTTP/1.1
User-Agent: selenium/4.8.1 (java windows)
Content-Length: 507
Content-Type: application/json; charset=utf-8
host: localhost:9045
accept: */*

Response DefaultHttpResponse(decodeResult: success, version: HTTP/1.1)
HTTP/1.1 200 OK
Content-Length: 856
Content-Type: application/json; charset=utf-8
cache-control: no-cache

14:28:19.000 [AsyncHttpClient-1-2] DEBUG org.asynchttpclient.netty.channel.ChannelManager - Adding key: http://localhost:9045 for channel [id: 0xa19b2e95, L:/127.0.0.1:59144 - R:localhost/127.0.0.1:9045]
14:28:19.054 [AsyncHttpClient-1-3] DEBUG org.asynchttpclient.netty.channel.NettyConnectListener - Using new Channel '[id: 0xbc4fb863, L:/127.0.0.1:59152 - R:localhost/127.0.0.1:59145]' for 'GET' to '/json/version'
14:28:19.054 [AsyncHttpClient-1-3] DEBUG org.asynchttpclient.netty.handler.HttpHandler - 

Request DefaultFullHttpRequest(decodeResult: success, version: HTTP/1.1, content: EmptyByteBufBE)
GET /json/version HTTP/1.1
User-Agent: selenium/4.8.1 (java windows)
host: localhost:59145
accept: */*

Response DefaultHttpResponse(decodeResult: success, version: HTTP/1.1)
HTTP/1.1 200 OK
Content-Security-Policy: frame-ancestors 'none'
Content-Length: 424
Content-Type: application/json; charset=UTF-8

14:28:19.054 [AsyncHttpClient-1-3] DEBUG org.asynchttpclient.netty.channel.ChannelManager - Adding key: http://localhost:59145 for channel [id: 0xbc4fb863, L:/127.0.0.1:59152 - R:localhost/127.0.0.1:59145]
14:28:19.064 [AsyncHttpClient-1-4] DEBUG org.asynchttpclient.netty.channel.NettyConnectListener - Using new Channel '[id: 0x4bb37881, L:/127.0.0.1:59153 - R:localhost/127.0.0.1:59145]' for 'GET' to '/devtools/browser/89147cf9-83d0-4b1a-9577-7eb35ae8db9e'
14:28:19.070 [AsyncHttpClient-1-4] DEBUG org.asynchttpclient.netty.handler.WebSocketHandler - 

Request DefaultFullHttpRequest(decodeResult: success, version: HTTP/1.1, content: EmptyByteBufBE)
GET /devtools/browser/89147cf9-83d0-4b1a-9577-7eb35ae8db9e HTTP/1.1
upgrade: websocket
connection: upgrade
sec-websocket-key: HqSinYQUpBYyl18kzsE+fA==
sec-websocket-version: 13
origin: http://localhost:59145
host: localhost:59145
accept: */*
user-agent: AHC/2.1

Response DefaultHttpResponse(decodeResult: success, version: HTTP/1.1)
HTTP/1.1 101 WebSocket Protocol Handshake
Upgrade: WebSocket
Connection: Upgrade
Sec-WebSocket-Accept: 4XUZ9yRdYBbwF6d3ZNRvxNqlbr8=

14:28:19.086 [Forwarding get on session 6b77160ecd79194fad0d7ce4f96ac3c3 to remote] DEBUG org.asynchttpclient.netty.request.NettyRequestSender - Using pooled Channel '[id: 0xa19b2e95, L:/127.0.0.1:59144 - R:localhost/127.0.0.1:9045]' for 'POST' to 'http://localhost:9045/session/6b77160ecd79194fad0d7ce4f96ac3c3/url'
14:28:19.086 [Forwarding get on session 6b77160ecd79194fad0d7ce4f96ac3c3 to remote] DEBUG org.asynchttpclient.netty.request.NettyRequestSender - Using open Channel [id: 0xa19b2e95, L:/127.0.0.1:59144 - R:localhost/127.0.0.1:9045] for POST '/session/6b77160ecd79194fad0d7ce4f96ac3c3/url'
14:28:19.397 [AsyncHttpClient-1-1] DEBUG org.asynchttpclient.netty.channel.DefaultChannelPool - Entry count for : http://localhost:59145 : 1
14:28:20.501 [AsyncHttpClient-1-1] DEBUG org.asynchttpclient.netty.channel.DefaultChannelPool - Entry count for : http://localhost:59145 : 1
14:28:21.589 [AsyncHttpClient-1-1] DEBUG org.asynchttpclient.netty.channel.DefaultChannelPool - Entry count for : http://localhost:59145 : 1
14:28:22.696 [AsyncHttpClient-1-1] DEBUG org.asynchttpclient.netty.channel.DefaultChannelPool - Entry count for : http://localhost:59145 : 1
14:28:23.081 [AsyncHttpClient-1-2] DEBUG org.asynchttpclient.netty.handler.HttpHandler - 

Request DefaultHttpRequest(decodeResult: success, version: HTTP/1.1)
POST /session/6b77160ecd79194fad0d7ce4f96ac3c3/url HTTP/1.1
User-Agent: selenium/4.8.1 (java windows)
Content-Length: 58
Content-Type: application/json; charset=utf-8
host: localhost:9045
accept: */*

Response DefaultHttpResponse(decodeResult: success, version: HTTP/1.1)
HTTP/1.1 200 OK
Content-Length: 14
Content-Type: application/json; charset=utf-8
cache-control: no-cache

14:28:23.081 [AsyncHttpClient-1-2] DEBUG org.asynchttpclient.netty.channel.ChannelManager - Adding key: http://localhost:9045 for channel [id: 0xa19b2e95, L:/127.0.0.1:59144 - R:localhost/127.0.0.1:9045]
14:28:23.083 [Forwarding setTimeout on session 6b77160ecd79194fad0d7ce4f96ac3c3 to remote] DEBUG org.asynchttpclient.netty.request.NettyRequestSender - Using pooled Channel '[id: 0xa19b2e95, L:/127.0.0.1:59144 - R:localhost/127.0.0.1:9045]' for 'POST' to 'http://localhost:9045/session/6b77160ecd79194fad0d7ce4f96ac3c3/timeouts'
14:28:23.083 [Forwarding setTimeout on session 6b77160ecd79194fad0d7ce4f96ac3c3 to remote] DEBUG org.asynchttpclient.netty.request.NettyRequestSender - Using open Channel [id: 0xa19b2e95, L:/127.0.0.1:59144 - R:localhost/127.0.0.1:9045] for POST '/session/6b77160ecd79194fad0d7ce4f96ac3c3/timeouts'
14:28:23.089 [AsyncHttpClient-1-2] DEBUG org.asynchttpclient.netty.handler.HttpHandler - 

Request DefaultHttpRequest(decodeResult: success, version: HTTP/1.1)
POST /session/6b77160ecd79194fad0d7ce4f96ac3c3/timeouts HTTP/1.1
User-Agent: selenium/4.8.1 (java windows)
Content-Length: 22
Content-Type: application/json; charset=utf-8
host: localhost:9045
accept: */*

Response DefaultHttpResponse(decodeResult: success, version: HTTP/1.1)
HTTP/1.1 200 OK
Content-Length: 14
Content-Type: application/json; charset=utf-8
cache-control: no-cache

14:28:23.089 [AsyncHttpClient-1-2] DEBUG org.asynchttpclient.netty.channel.ChannelManager - Adding key: http://localhost:9045 for channel [id: 0xa19b2e95, L:/127.0.0.1:59144 - R:localhost/127.0.0.1:9045]
14:28:23.090 [Forwarding maximizeCurrentWindow on session 6b77160ecd79194fad0d7ce4f96ac3c3 to remote] DEBUG org.asynchttpclient.netty.request.NettyRequestSender - Using pooled Channel '[id: 0xa19b2e95, L:/127.0.0.1:59144 - R:localhost/127.0.0.1:9045]' for 'POST' to 'http://localhost:9045/session/6b77160ecd79194fad0d7ce4f96ac3c3/window/maximize'
14:28:23.090 [Forwarding maximizeCurrentWindow on session 6b77160ecd79194fad0d7ce4f96ac3c3 to remote] DEBUG org.asynchttpclient.netty.request.NettyRequestSender - Using open Channel [id: 0xa19b2e95, L:/127.0.0.1:59144 - R:localhost/127.0.0.1:9045] for POST '/session/6b77160ecd79194fad0d7ce4f96ac3c3/window/maximize'
14:28:23.370 [AsyncHttpClient-1-2] DEBUG org.asynchttpclient.netty.handler.HttpHandler - 

Request DefaultHttpRequest(decodeResult: success, version: HTTP/1.1)
POST /session/6b77160ecd79194fad0d7ce4f96ac3c3/window/maximize HTTP/1.1
User-Agent: selenium/4.8.1 (java windows)
Content-Length: 3
Content-Type: application/json; charset=utf-8
host: localhost:9045
accept: */*

Response DefaultHttpResponse(decodeResult: success, version: HTTP/1.1)
HTTP/1.1 200 OK
Content-Length: 51
Content-Type: application/json; charset=utf-8
cache-control: no-cache

14:28:23.370 [AsyncHttpClient-1-2] DEBUG org.asynchttpclient.netty.channel.ChannelManager - Adding key: http://localhost:9045 for channel [id: 0xa19b2e95, L:/127.0.0.1:59144 - R:localhost/127.0.0.1:9045]
14:28:23.384 [main] DEBUG net.serenitybdd.core.photography.Darkroom - Opening darkroom
14:28:23.390 [Forwarding getAlertText on session 6b77160ecd79194fad0d7ce4f96ac3c3 to remote] DEBUG org.asynchttpclient.netty.request.NettyRequestSender - Using pooled Channel '[id: 0xa19b2e95, L:/127.0.0.1:59144 - R:localhost/127.0.0.1:9045]' for 'GET' to 'http://localhost:9045/session/6b77160ecd79194fad0d7ce4f96ac3c3/alert/text'
14:28:23.390 [Forwarding getAlertText on session 6b77160ecd79194fad0d7ce4f96ac3c3 to remote] DEBUG org.asynchttpclient.netty.request.NettyRequestSender - Using open Channel [id: 0xa19b2e95, L:/127.0.0.1:59144 - R:localhost/127.0.0.1:9045] for GET '/session/6b77160ecd79194fad0d7ce4f96ac3c3/alert/text'
14:28:23.572 [Darkroom Processing Line] DEBUG net.serenitybdd.core.photography.DarkroomProcessingLine - Darkroom processing line starting up
14:28:23.662 [AsyncHttpClient-1-2] DEBUG org.asynchttpclient.netty.handler.HttpHandler - 

Request DefaultFullHttpRequest(decodeResult: success, version: HTTP/1.1, content: EmptyByteBufBE)
GET /session/6b77160ecd79194fad0d7ce4f96ac3c3/alert/text HTTP/1.1
User-Agent: selenium/4.8.1 (java windows)
Cache-Control: no-cache
Content-Type: application/json; charset=utf-8
host: localhost:9045
accept: */*

Response DefaultHttpResponse(decodeResult: success, version: HTTP/1.1)
HTTP/1.1 404 Not Found
Content-Length: 821
Content-Type: application/json; charset=utf-8
cache-control: no-cache

14:28:23.663 [AsyncHttpClient-1-2] DEBUG org.asynchttpclient.netty.channel.ChannelManager - Adding key: http://localhost:9045 for channel [id: 0xa19b2e95, L:/127.0.0.1:59144 - R:localhost/127.0.0.1:9045]
14:28:23.666 [Forwarding getCurrentUrl on session 6b77160ecd79194fad0d7ce4f96ac3c3 to remote] DEBUG org.asynchttpclient.netty.request.NettyRequestSender - Using pooled Channel '[id: 0xa19b2e95, L:/127.0.0.1:59144 - R:localhost/127.0.0.1:9045]' for 'GET' to 'http://localhost:9045/session/6b77160ecd79194fad0d7ce4f96ac3c3/url'
14:28:23.667 [Forwarding getCurrentUrl on session 6b77160ecd79194fad0d7ce4f96ac3c3 to remote] DEBUG org.asynchttpclient.netty.request.NettyRequestSender - Using open Channel [id: 0xa19b2e95, L:/127.0.0.1:59144 - R:localhost/127.0.0.1:9045] for GET '/session/6b77160ecd79194fad0d7ce4f96ac3c3/url'
14:28:23.800 [AsyncHttpClient-1-1] DEBUG org.asynchttpclient.netty.channel.DefaultChannelPool - Entry count for : http://localhost:59145 : 1
14:28:23.816 [AsyncHttpClient-1-2] DEBUG org.asynchttpclient.netty.handler.HttpHandler - 

Request DefaultFullHttpRequest(decodeResult: success, version: HTTP/1.1, content: EmptyByteBufBE)
GET /session/6b77160ecd79194fad0d7ce4f96ac3c3/url HTTP/1.1
User-Agent: selenium/4.8.1 (java windows)
Cache-Control: no-cache
Content-Type: application/json; charset=utf-8
host: localhost:9045
accept: */*

Response DefaultHttpResponse(decodeResult: success, version: HTTP/1.1)
HTTP/1.1 200 OK
Content-Length: 40
Content-Type: application/json; charset=utf-8
cache-control: no-cache

14:28:23.817 [AsyncHttpClient-1-2] DEBUG org.asynchttpclient.netty.channel.ChannelManager - Adding key: http://localhost:9045 for channel [id: 0xa19b2e95, L:/127.0.0.1:59144 - R:localhost/127.0.0.1:9045]
14:28:23.818 [Forwarding screenshot on session 6b77160ecd79194fad0d7ce4f96ac3c3 to remote] DEBUG org.asynchttpclient.netty.request.NettyRequestSender - Using pooled Channel '[id: 0xa19b2e95, L:/127.0.0.1:59144 - R:localhost/127.0.0.1:9045]' for 'GET' to 'http://localhost:9045/session/6b77160ecd79194fad0d7ce4f96ac3c3/screenshot'
14:28:23.818 [Forwarding screenshot on session 6b77160ecd79194fad0d7ce4f96ac3c3 to remote] DEBUG org.asynchttpclient.netty.request.NettyRequestSender - Using open Channel [id: 0xa19b2e95, L:/127.0.0.1:59144 - R:localhost/127.0.0.1:9045] for GET '/session/6b77160ecd79194fad0d7ce4f96ac3c3/screenshot'
14:28:24.888 [AsyncHttpClient-1-1] DEBUG org.asynchttpclient.netty.channel.DefaultChannelPool - Entry count for : http://localhost:59145 : 1
14:28:25.736 [AsyncHttpClient-1-2] DEBUG org.asynchttpclient.netty.handler.HttpHandler - 

Request DefaultFullHttpRequest(decodeResult: success, version: HTTP/1.1, content: EmptyByteBufBE)
GET /session/6b77160ecd79194fad0d7ce4f96ac3c3/screenshot HTTP/1.1
User-Agent: selenium/4.8.1 (java windows)
Cache-Control: no-cache
Content-Type: application/json; charset=utf-8
host: localhost:9045
accept: */*

Response DefaultHttpResponse(decodeResult: success, version: HTTP/1.1)
HTTP/1.1 200 OK
Content-Length: 2003404
Content-Type: application/json; charset=utf-8
cache-control: no-cache

14:28:25.779 [AsyncHttpClient-1-2] DEBUG org.asynchttpclient.netty.channel.ChannelManager - Adding key: http://localhost:9045 for channel [id: 0xa19b2e95, L:/127.0.0.1:59144 - R:localhost/127.0.0.1:9045]
14:28:25.925 [main] DEBUG net.serenitybdd.core.photography.Darkroom - Send negative for processing for target\site\serenity\c401649da90216e8b1b697388b433a291e55a9698b169a24420c9bac72a1146a.png
14:28:25.942 [Forwarding getPageSource on session 6b77160ecd79194fad0d7ce4f96ac3c3 to remote] DEBUG org.asynchttpclient.netty.request.NettyRequestSender - Using pooled Channel '[id: 0xa19b2e95, L:/127.0.0.1:59144 - R:localhost/127.0.0.1:9045]' for 'POST' to 'http://localhost:9045/session/6b77160ecd79194fad0d7ce4f96ac3c3/execute/sync'
14:28:25.942 [Forwarding getPageSource on session 6b77160ecd79194fad0d7ce4f96ac3c3 to remote] DEBUG org.asynchttpclient.netty.request.NettyRequestSender - Using open Channel [id: 0xa19b2e95, L:/127.0.0.1:59144 - R:localhost/127.0.0.1:9045] for POST '/session/6b77160ecd79194fad0d7ce4f96ac3c3/execute/sync'
14:28:25.987 [AsyncHttpClient-1-2] DEBUG org.asynchttpclient.netty.handler.HttpHandler - 

Request DefaultHttpRequest(decodeResult: success, version: HTTP/1.1)
POST /session/6b77160ecd79194fad0d7ce4f96ac3c3/execute/sync HTTP/1.1
User-Agent: selenium/4.8.1 (java windows)
Content-Length: 176
Content-Type: application/json; charset=utf-8
host: localhost:9045
accept: */*

Response DefaultHttpResponse(decodeResult: success, version: HTTP/1.1)
HTTP/1.1 200 OK
Content-Length: 129146
Content-Type: application/json; charset=utf-8
cache-control: no-cache

14:28:25.988 [AsyncHttpClient-1-2] DEBUG org.asynchttpclient.netty.channel.ChannelManager - Adding key: http://localhost:9045 for channel [id: 0xa19b2e95, L:/127.0.0.1:59144 - R:localhost/127.0.0.1:9045]
14:28:25.993 [AsyncHttpClient-1-1] DEBUG org.asynchttpclient.netty.channel.DefaultChannelPool - Entry count for : http://localhost:59145 : 1
14:28:25.993 [AsyncHttpClient-1-1] DEBUG org.asynchttpclient.netty.channel.DefaultChannelPool - Entry count for : http://localhost:9045 : 1
14:28:26.008 [Forwarding getCurrentUrl on session 6b77160ecd79194fad0d7ce4f96ac3c3 to remote] DEBUG org.asynchttpclient.netty.request.NettyRequestSender - Using pooled Channel '[id: 0xa19b2e95, L:/127.0.0.1:59144 - R:localhost/127.0.0.1:9045]' for 'GET' to 'http://localhost:9045/session/6b77160ecd79194fad0d7ce4f96ac3c3/url'
14:28:26.008 [Forwarding getCurrentUrl on session 6b77160ecd79194fad0d7ce4f96ac3c3 to remote] DEBUG org.asynchttpclient.netty.request.NettyRequestSender - Using open Channel [id: 0xa19b2e95, L:/127.0.0.1:59144 - R:localhost/127.0.0.1:9045] for GET '/session/6b77160ecd79194fad0d7ce4f96ac3c3/url'
14:28:26.022 [AsyncHttpClient-1-2] DEBUG org.asynchttpclient.netty.handler.HttpHandler - 

Request DefaultFullHttpRequest(decodeResult: success, version: HTTP/1.1, content: EmptyByteBufBE)
GET /session/6b77160ecd79194fad0d7ce4f96ac3c3/url HTTP/1.1
User-Agent: selenium/4.8.1 (java windows)
Cache-Control: no-cache
Content-Type: application/json; charset=utf-8
host: localhost:9045
accept: */*

Response DefaultHttpResponse(decodeResult: success, version: HTTP/1.1)
HTTP/1.1 200 OK
Content-Length: 40
Content-Type: application/json; charset=utf-8
cache-control: no-cache

14:28:26.022 [AsyncHttpClient-1-2] DEBUG org.asynchttpclient.netty.channel.ChannelManager - Adding key: http://localhost:9045 for channel [id: 0xa19b2e95, L:/127.0.0.1:59144 - R:localhost/127.0.0.1:9045]
14:28:26.269 [Forwarding getAlertText on session 6b77160ecd79194fad0d7ce4f96ac3c3 to remote] DEBUG org.asynchttpclient.netty.request.NettyRequestSender - Using pooled Channel '[id: 0xa19b2e95, L:/127.0.0.1:59144 - R:localhost/127.0.0.1:9045]' for 'GET' to 'http://localhost:9045/session/6b77160ecd79194fad0d7ce4f96ac3c3/alert/text'
14:28:26.269 [Forwarding getAlertText on session 6b77160ecd79194fad0d7ce4f96ac3c3 to remote] DEBUG org.asynchttpclient.netty.request.NettyRequestSender - Using open Channel [id: 0xa19b2e95, L:/127.0.0.1:59144 - R:localhost/127.0.0.1:9045] for GET '/session/6b77160ecd79194fad0d7ce4f96ac3c3/alert/text'
14:28:26.272 [AsyncHttpClient-1-2] DEBUG org.asynchttpclient.netty.handler.HttpHandler - 

Request DefaultFullHttpRequest(decodeResult: success, version: HTTP/1.1, content: EmptyByteBufBE)
GET /session/6b77160ecd79194fad0d7ce4f96ac3c3/alert/text HTTP/1.1
User-Agent: selenium/4.8.1 (java windows)
Cache-Control: no-cache
Content-Type: application/json; charset=utf-8
host: localhost:9045
accept: */*

Response DefaultHttpResponse(decodeResult: success, version: HTTP/1.1)
HTTP/1.1 404 Not Found
Content-Length: 821
Content-Type: application/json; charset=utf-8
cache-control: no-cache

14:28:26.273 [AsyncHttpClient-1-2] DEBUG org.asynchttpclient.netty.channel.ChannelManager - Adding key: http://localhost:9045 for channel [id: 0xa19b2e95, L:/127.0.0.1:59144 - R:localhost/127.0.0.1:9045]
14:28:26.274 [Forwarding getCurrentUrl on session 6b77160ecd79194fad0d7ce4f96ac3c3 to remote] DEBUG org.asynchttpclient.netty.request.NettyRequestSender - Using pooled Channel '[id: 0xa19b2e95, L:/127.0.0.1:59144 - R:localhost/127.0.0.1:9045]' for 'GET' to 'http://localhost:9045/session/6b77160ecd79194fad0d7ce4f96ac3c3/url'
14:28:26.274 [Forwarding getCurrentUrl on session 6b77160ecd79194fad0d7ce4f96ac3c3 to remote] DEBUG org.asynchttpclient.netty.request.NettyRequestSender - Using open Channel [id: 0xa19b2e95, L:/127.0.0.1:59144 - R:localhost/127.0.0.1:9045] for GET '/session/6b77160ecd79194fad0d7ce4f96ac3c3/url'
14:28:26.283 [AsyncHttpClient-1-2] DEBUG org.asynchttpclient.netty.handler.HttpHandler - 

Request DefaultFullHttpRequest(decodeResult: success, version: HTTP/1.1, content: EmptyByteBufBE)
GET /session/6b77160ecd79194fad0d7ce4f96ac3c3/url HTTP/1.1
User-Agent: selenium/4.8.1 (java windows)
Cache-Control: no-cache
Content-Type: application/json; charset=utf-8
host: localhost:9045
accept: */*

Response DefaultHttpResponse(decodeResult: success, version: HTTP/1.1)
HTTP/1.1 200 OK
Content-Length: 40
Content-Type: application/json; charset=utf-8
cache-control: no-cache

14:28:26.284 [AsyncHttpClient-1-2] DEBUG org.asynchttpclient.netty.channel.ChannelManager - Adding key: http://localhost:9045 for channel [id: 0xa19b2e95, L:/127.0.0.1:59144 - R:localhost/127.0.0.1:9045]
14:28:26.285 [Forwarding screenshot on session 6b77160ecd79194fad0d7ce4f96ac3c3 to remote] DEBUG org.asynchttpclient.netty.request.NettyRequestSender - Using pooled Channel '[id: 0xa19b2e95, L:/127.0.0.1:59144 - R:localhost/127.0.0.1:9045]' for 'GET' to 'http://localhost:9045/session/6b77160ecd79194fad0d7ce4f96ac3c3/screenshot'
14:28:26.285 [Forwarding screenshot on session 6b77160ecd79194fad0d7ce4f96ac3c3 to remote] DEBUG org.asynchttpclient.netty.request.NettyRequestSender - Using open Channel [id: 0xa19b2e95, L:/127.0.0.1:59144 - R:localhost/127.0.0.1:9045] for GET '/session/6b77160ecd79194fad0d7ce4f96ac3c3/screenshot'
14:28:27.103 [AsyncHttpClient-1-1] DEBUG org.asynchttpclient.netty.channel.DefaultChannelPool - Entry count for : http://localhost:59145 : 1
14:28:27.909 [AsyncHttpClient-1-2] DEBUG org.asynchttpclient.netty.handler.HttpHandler - 

Request DefaultFullHttpRequest(decodeResult: success, version: HTTP/1.1, content: EmptyByteBufBE)
GET /session/6b77160ecd79194fad0d7ce4f96ac3c3/screenshot HTTP/1.1
User-Agent: selenium/4.8.1 (java windows)
Cache-Control: no-cache
Content-Type: application/json; charset=utf-8
host: localhost:9045
accept: */*

Response DefaultHttpResponse(decodeResult: success, version: HTTP/1.1)
HTTP/1.1 200 OK
Content-Length: 2003404
Content-Type: application/json; charset=utf-8
cache-control: no-cache

14:28:27.979 [AsyncHttpClient-1-2] DEBUG org.asynchttpclient.netty.channel.ChannelManager - Adding key: http://localhost:9045 for channel [id: 0xa19b2e95, L:/127.0.0.1:59144 - R:localhost/127.0.0.1:9045]
14:28:28.108 [main] DEBUG net.serenitybdd.core.photography.Darkroom - Send negative for processing for target\site\serenity\c401649da90216e8b1b697388b433a291e55a9698b169a24420c9bac72a1146a.png
14:28:28.111 [Forwarding getPageSource on session 6b77160ecd79194fad0d7ce4f96ac3c3 to remote] DEBUG org.asynchttpclient.netty.request.NettyRequestSender - Using pooled Channel '[id: 0xa19b2e95, L:/127.0.0.1:59144 - R:localhost/127.0.0.1:9045]' for 'POST' to 'http://localhost:9045/session/6b77160ecd79194fad0d7ce4f96ac3c3/execute/sync'
14:28:28.111 [Forwarding getPageSource on session 6b77160ecd79194fad0d7ce4f96ac3c3 to remote] DEBUG org.asynchttpclient.netty.request.NettyRequestSender - Using open Channel [id: 0xa19b2e95, L:/127.0.0.1:59144 - R:localhost/127.0.0.1:9045] for POST '/session/6b77160ecd79194fad0d7ce4f96ac3c3/execute/sync'
14:28:28.142 [AsyncHttpClient-1-2] DEBUG org.asynchttpclient.netty.handler.HttpHandler - 

Request DefaultHttpRequest(decodeResult: success, version: HTTP/1.1)
POST /session/6b77160ecd79194fad0d7ce4f96ac3c3/execute/sync HTTP/1.1
User-Agent: selenium/4.8.1 (java windows)
Content-Length: 176
Content-Type: application/json; charset=utf-8
host: localhost:9045
accept: */*

Response DefaultHttpResponse(decodeResult: success, version: HTTP/1.1)
HTTP/1.1 200 OK
Content-Length: 129157
Content-Type: application/json; charset=utf-8
cache-control: no-cache

14:28:28.143 [AsyncHttpClient-1-2] DEBUG org.asynchttpclient.netty.channel.ChannelManager - Adding key: http://localhost:9045 for channel [id: 0xa19b2e95, L:/127.0.0.1:59144 - R:localhost/127.0.0.1:9045]
14:28:28.161 [Forwarding getCurrentUrl on session 6b77160ecd79194fad0d7ce4f96ac3c3 to remote] DEBUG org.asynchttpclient.netty.request.NettyRequestSender - Using pooled Channel '[id: 0xa19b2e95, L:/127.0.0.1:59144 - R:localhost/127.0.0.1:9045]' for 'GET' to 'http://localhost:9045/session/6b77160ecd79194fad0d7ce4f96ac3c3/url'
14:28:28.161 [Forwarding getCurrentUrl on session 6b77160ecd79194fad0d7ce4f96ac3c3 to remote] DEBUG org.asynchttpclient.netty.request.NettyRequestSender - Using open Channel [id: 0xa19b2e95, L:/127.0.0.1:59144 - R:localhost/127.0.0.1:9045] for GET '/session/6b77160ecd79194fad0d7ce4f96ac3c3/url'
14:28:28.175 [AsyncHttpClient-1-2] DEBUG org.asynchttpclient.netty.handler.HttpHandler - 

Request DefaultFullHttpRequest(decodeResult: success, version: HTTP/1.1, content: EmptyByteBufBE)
GET /session/6b77160ecd79194fad0d7ce4f96ac3c3/url HTTP/1.1
User-Agent: selenium/4.8.1 (java windows)
Cache-Control: no-cache
Content-Type: application/json; charset=utf-8
host: localhost:9045
accept: */*

Response DefaultHttpResponse(decodeResult: success, version: HTTP/1.1)
HTTP/1.1 200 OK
Content-Length: 40
Content-Type: application/json; charset=utf-8
cache-control: no-cache

14:28:28.176 [AsyncHttpClient-1-2] DEBUG org.asynchttpclient.netty.channel.ChannelManager - Adding key: http://localhost:9045 for channel [id: 0xa19b2e95, L:/127.0.0.1:59144 - R:localhost/127.0.0.1:9045]
14:28:28.180 [main] DEBUG net.thucydides.core.steps.StepInterceptor - STARTING STEP: Afrexim_Productsandservices_steps.to_click_products_and_services_option - Toclick_Productsandservicesoption
14:28:28.188 [Forwarding findElement on session 6b77160ecd79194fad0d7ce4f96ac3c3 to remote] DEBUG org.asynchttpclient.netty.request.NettyRequestSender - Using pooled Channel '[id: 0xa19b2e95, L:/127.0.0.1:59144 - R:localhost/127.0.0.1:9045]' for 'POST' to 'http://localhost:9045/session/6b77160ecd79194fad0d7ce4f96ac3c3/element'
14:28:28.188 [Forwarding findElement on session 6b77160ecd79194fad0d7ce4f96ac3c3 to remote] DEBUG org.asynchttpclient.netty.request.NettyRequestSender - Using open Channel [id: 0xa19b2e95, L:/127.0.0.1:59144 - R:localhost/127.0.0.1:9045] for POST '/session/6b77160ecd79194fad0d7ce4f96ac3c3/element'
14:28:28.189 [AsyncHttpClient-1-1] DEBUG org.asynchttpclient.netty.channel.DefaultChannelPool - Entry count for : http://localhost:59145 : 1
14:28:28.225 [AsyncHttpClient-1-2] DEBUG org.asynchttpclient.netty.handler.HttpHandler - 

Request DefaultHttpRequest(decodeResult: success, version: HTTP/1.1)
POST /session/6b77160ecd79194fad0d7ce4f96ac3c3/element HTTP/1.1
User-Agent: selenium/4.8.1 (java windows)
Content-Length: 93
Content-Type: application/json; charset=utf-8
host: localhost:9045
accept: */*

Response DefaultHttpResponse(decodeResult: success, version: HTTP/1.1)
HTTP/1.1 200 OK
Content-Length: 95
Content-Type: application/json; charset=utf-8
cache-control: no-cache

14:28:28.225 [AsyncHttpClient-1-2] DEBUG org.asynchttpclient.netty.channel.ChannelManager - Adding key: http://localhost:9045 for channel [id: 0xa19b2e95, L:/127.0.0.1:59144 - R:localhost/127.0.0.1:9045]
14:28:28.229 [Forwarding getElementTagName on session 6b77160ecd79194fad0d7ce4f96ac3c3 to remote] DEBUG org.asynchttpclient.netty.request.NettyRequestSender - Using pooled Channel '[id: 0xa19b2e95, L:/127.0.0.1:59144 - R:localhost/127.0.0.1:9045]' for 'GET' to 'http://localhost:9045/session/6b77160ecd79194fad0d7ce4f96ac3c3/element/FDC6CD606BD14943007A96481DA40AED_element_46/name'
14:28:28.229 [Forwarding getElementTagName on session 6b77160ecd79194fad0d7ce4f96ac3c3 to remote] DEBUG org.asynchttpclient.netty.request.NettyRequestSender - Using open Channel [id: 0xa19b2e95, L:/127.0.0.1:59144 - R:localhost/127.0.0.1:9045] for GET '/session/6b77160ecd79194fad0d7ce4f96ac3c3/element/FDC6CD606BD14943007A96481DA40AED_element_46/name'
14:28:28.242 [AsyncHttpClient-1-2] DEBUG org.asynchttpclient.netty.handler.HttpHandler - 

Request DefaultFullHttpRequest(decodeResult: success, version: HTTP/1.1, content: EmptyByteBufBE)
GET /session/6b77160ecd79194fad0d7ce4f96ac3c3/element/FDC6CD606BD14943007A96481DA40AED_element_46/name HTTP/1.1
User-Agent: selenium/4.8.1 (java windows)
Cache-Control: no-cache
Content-Type: application/json; charset=utf-8
host: localhost:9045
accept: */*

Response DefaultHttpResponse(decodeResult: success, version: HTTP/1.1)
HTTP/1.1 200 OK
Content-Length: 16
Content-Type: application/json; charset=utf-8
cache-control: no-cache

14:28:28.243 [AsyncHttpClient-1-2] DEBUG org.asynchttpclient.netty.channel.ChannelManager - Adding key: http://localhost:9045 for channel [id: 0xa19b2e95, L:/127.0.0.1:59144 - R:localhost/127.0.0.1:9045]
14:28:28.246 [Forwarding getElementTagName on session 6b77160ecd79194fad0d7ce4f96ac3c3 to remote] DEBUG org.asynchttpclient.netty.request.NettyRequestSender - Using pooled Channel '[id: 0xa19b2e95, L:/127.0.0.1:59144 - R:localhost/127.0.0.1:9045]' for 'GET' to 'http://localhost:9045/session/6b77160ecd79194fad0d7ce4f96ac3c3/element/FDC6CD606BD14943007A96481DA40AED_element_46/name'
14:28:28.246 [Forwarding getElementTagName on session 6b77160ecd79194fad0d7ce4f96ac3c3 to remote] DEBUG org.asynchttpclient.netty.request.NettyRequestSender - Using open Channel [id: 0xa19b2e95, L:/127.0.0.1:59144 - R:localhost/127.0.0.1:9045] for GET '/session/6b77160ecd79194fad0d7ce4f96ac3c3/element/FDC6CD606BD14943007A96481DA40AED_element_46/name'
14:28:28.257 [AsyncHttpClient-1-2] DEBUG org.asynchttpclient.netty.handler.HttpHandler - 

Request DefaultFullHttpRequest(decodeResult: success, version: HTTP/1.1, content: EmptyByteBufBE)
GET /session/6b77160ecd79194fad0d7ce4f96ac3c3/element/FDC6CD606BD14943007A96481DA40AED_element_46/name HTTP/1.1
User-Agent: selenium/4.8.1 (java windows)
Cache-Control: no-cache
Content-Type: application/json; charset=utf-8
host: localhost:9045
accept: */*

Response DefaultHttpResponse(decodeResult: success, version: HTTP/1.1)
HTTP/1.1 200 OK
Content-Length: 16
Content-Type: application/json; charset=utf-8
cache-control: no-cache

14:28:28.257 [AsyncHttpClient-1-2] DEBUG org.asynchttpclient.netty.channel.ChannelManager - Adding key: http://localhost:9045 for channel [id: 0xa19b2e95, L:/127.0.0.1:59144 - R:localhost/127.0.0.1:9045]
14:28:28.261 [Forwarding findElement on session 6b77160ecd79194fad0d7ce4f96ac3c3 to remote] DEBUG org.asynchttpclient.netty.request.NettyRequestSender - Using pooled Channel '[id: 0xa19b2e95, L:/127.0.0.1:59144 - R:localhost/127.0.0.1:9045]' for 'POST' to 'http://localhost:9045/session/6b77160ecd79194fad0d7ce4f96ac3c3/element'
14:28:28.261 [Forwarding findElement on session 6b77160ecd79194fad0d7ce4f96ac3c3 to remote] DEBUG org.asynchttpclient.netty.request.NettyRequestSender - Using open Channel [id: 0xa19b2e95, L:/127.0.0.1:59144 - R:localhost/127.0.0.1:9045] for POST '/session/6b77160ecd79194fad0d7ce4f96ac3c3/element'
14:28:28.279 [AsyncHttpClient-1-2] DEBUG org.asynchttpclient.netty.handler.HttpHandler - 

Request DefaultHttpRequest(decodeResult: success, version: HTTP/1.1)
POST /session/6b77160ecd79194fad0d7ce4f96ac3c3/element HTTP/1.1
User-Agent: selenium/4.8.1 (java windows)
Content-Length: 93
Content-Type: application/json; charset=utf-8
host: localhost:9045
accept: */*

Response DefaultHttpResponse(decodeResult: success, version: HTTP/1.1)
HTTP/1.1 200 OK
Content-Length: 95
Content-Type: application/json; charset=utf-8
cache-control: no-cache

14:28:28.280 [AsyncHttpClient-1-2] DEBUG org.asynchttpclient.netty.channel.ChannelManager - Adding key: http://localhost:9045 for channel [id: 0xa19b2e95, L:/127.0.0.1:59144 - R:localhost/127.0.0.1:9045]
14:28:28.282 [Forwarding clickElement on session 6b77160ecd79194fad0d7ce4f96ac3c3 to remote] DEBUG org.asynchttpclient.netty.request.NettyRequestSender - Using pooled Channel '[id: 0xa19b2e95, L:/127.0.0.1:59144 - R:localhost/127.0.0.1:9045]' for 'POST' to 'http://localhost:9045/session/6b77160ecd79194fad0d7ce4f96ac3c3/element/FDC6CD606BD14943007A96481DA40AED_element_46/click'
14:28:28.282 [Forwarding clickElement on session 6b77160ecd79194fad0d7ce4f96ac3c3 to remote] DEBUG org.asynchttpclient.netty.request.NettyRequestSender - Using open Channel [id: 0xa19b2e95, L:/127.0.0.1:59144 - R:localhost/127.0.0.1:9045] for POST '/session/6b77160ecd79194fad0d7ce4f96ac3c3/element/FDC6CD606BD14943007A96481DA40AED_element_46/click'
14:28:28.407 [AsyncHttpClient-1-2] DEBUG org.asynchttpclient.netty.handler.HttpHandler - 

Request DefaultHttpRequest(decodeResult: success, version: HTTP/1.1)
POST /session/6b77160ecd79194fad0d7ce4f96ac3c3/element/FDC6CD606BD14943007A96481DA40AED_element_46/click HTTP/1.1
User-Agent: selenium/4.8.1 (java windows)
Content-Length: 57
Content-Type: application/json; charset=utf-8
host: localhost:9045
accept: */*

Response DefaultHttpResponse(decodeResult: success, version: HTTP/1.1)
HTTP/1.1 200 OK
Content-Length: 14
Content-Type: application/json; charset=utf-8
cache-control: no-cache

14:28:28.408 [AsyncHttpClient-1-2] DEBUG org.asynchttpclient.netty.channel.ChannelManager - Adding key: http://localhost:9045 for channel [id: 0xa19b2e95, L:/127.0.0.1:59144 - R:localhost/127.0.0.1:9045]
14:28:28.423 [Forwarding getAlertText on session 6b77160ecd79194fad0d7ce4f96ac3c3 to remote] DEBUG org.asynchttpclient.netty.request.NettyRequestSender - Using pooled Channel '[id: 0xa19b2e95, L:/127.0.0.1:59144 - R:localhost/127.0.0.1:9045]' for 'GET' to 'http://localhost:9045/session/6b77160ecd79194fad0d7ce4f96ac3c3/alert/text'
14:28:28.423 [Forwarding getAlertText on session 6b77160ecd79194fad0d7ce4f96ac3c3 to remote] DEBUG org.asynchttpclient.netty.request.NettyRequestSender - Using open Channel [id: 0xa19b2e95, L:/127.0.0.1:59144 - R:localhost/127.0.0.1:9045] for GET '/session/6b77160ecd79194fad0d7ce4f96ac3c3/alert/text'
14:28:28.426 [AsyncHttpClient-1-2] DEBUG org.asynchttpclient.netty.handler.HttpHandler - 

Request DefaultFullHttpRequest(decodeResult: success, version: HTTP/1.1, content: EmptyByteBufBE)
GET /session/6b77160ecd79194fad0d7ce4f96ac3c3/alert/text HTTP/1.1
User-Agent: selenium/4.8.1 (java windows)
Cache-Control: no-cache
Content-Type: application/json; charset=utf-8
host: localhost:9045
accept: */*

Response DefaultHttpResponse(decodeResult: success, version: HTTP/1.1)
HTTP/1.1 404 Not Found
Content-Length: 821
Content-Type: application/json; charset=utf-8
cache-control: no-cache

14:28:28.426 [AsyncHttpClient-1-2] DEBUG org.asynchttpclient.netty.channel.ChannelManager - Adding key: http://localhost:9045 for channel [id: 0xa19b2e95, L:/127.0.0.1:59144 - R:localhost/127.0.0.1:9045]
14:28:28.428 [Forwarding getCurrentUrl on session 6b77160ecd79194fad0d7ce4f96ac3c3 to remote] DEBUG org.asynchttpclient.netty.request.NettyRequestSender - Using pooled Channel '[id: 0xa19b2e95, L:/127.0.0.1:59144 - R:localhost/127.0.0.1:9045]' for 'GET' to 'http://localhost:9045/session/6b77160ecd79194fad0d7ce4f96ac3c3/url'
14:28:28.428 [Forwarding getCurrentUrl on session 6b77160ecd79194fad0d7ce4f96ac3c3 to remote] DEBUG org.asynchttpclient.netty.request.NettyRequestSender - Using open Channel [id: 0xa19b2e95, L:/127.0.0.1:59144 - R:localhost/127.0.0.1:9045] for GET '/session/6b77160ecd79194fad0d7ce4f96ac3c3/url'
14:28:28.449 [AsyncHttpClient-1-2] DEBUG org.asynchttpclient.netty.handler.HttpHandler - 

Request DefaultFullHttpRequest(decodeResult: success, version: HTTP/1.1, content: EmptyByteBufBE)
GET /session/6b77160ecd79194fad0d7ce4f96ac3c3/url HTTP/1.1
User-Agent: selenium/4.8.1 (java windows)
Cache-Control: no-cache
Content-Type: application/json; charset=utf-8
host: localhost:9045
accept: */*

Response DefaultHttpResponse(decodeResult: success, version: HTTP/1.1)
HTTP/1.1 200 OK
Content-Length: 40
Content-Type: application/json; charset=utf-8
cache-control: no-cache

14:28:28.449 [AsyncHttpClient-1-2] DEBUG org.asynchttpclient.netty.channel.ChannelManager - Adding key: http://localhost:9045 for channel [id: 0xa19b2e95, L:/127.0.0.1:59144 - R:localhost/127.0.0.1:9045]
14:28:28.449 [Forwarding screenshot on session 6b77160ecd79194fad0d7ce4f96ac3c3 to remote] DEBUG org.asynchttpclient.netty.request.NettyRequestSender - Using pooled Channel '[id: 0xa19b2e95, L:/127.0.0.1:59144 - R:localhost/127.0.0.1:9045]' for 'GET' to 'http://localhost:9045/session/6b77160ecd79194fad0d7ce4f96ac3c3/screenshot'
14:28:28.451 [Forwarding screenshot on session 6b77160ecd79194fad0d7ce4f96ac3c3 to remote] DEBUG org.asynchttpclient.netty.request.NettyRequestSender - Using open Channel [id: 0xa19b2e95, L:/127.0.0.1:59144 - R:localhost/127.0.0.1:9045] for GET '/session/6b77160ecd79194fad0d7ce4f96ac3c3/screenshot'
14:28:29.289 [AsyncHttpClient-1-1] DEBUG org.asynchttpclient.netty.channel.DefaultChannelPool - Entry count for : http://localhost:59145 : 1
14:28:30.163 [AsyncHttpClient-1-2] DEBUG org.asynchttpclient.netty.handler.HttpHandler - 

Request DefaultFullHttpRequest(decodeResult: success, version: HTTP/1.1, content: EmptyByteBufBE)
GET /session/6b77160ecd79194fad0d7ce4f96ac3c3/screenshot HTTP/1.1
User-Agent: selenium/4.8.1 (java windows)
Cache-Control: no-cache
Content-Type: application/json; charset=utf-8
host: localhost:9045
accept: */*

Response DefaultHttpResponse(decodeResult: success, version: HTTP/1.1)
HTTP/1.1 200 OK
Content-Length: 2539092
Content-Type: application/json; charset=utf-8
cache-control: no-cache

14:28:30.238 [AsyncHttpClient-1-2] DEBUG org.asynchttpclient.netty.channel.ChannelManager - Adding key: http://localhost:9045 for channel [id: 0xa19b2e95, L:/127.0.0.1:59144 - R:localhost/127.0.0.1:9045]
14:28:30.387 [main] DEBUG net.serenitybdd.core.photography.Darkroom - Send negative for processing for target\site\serenity\c1fc67413097cd4a1b50e3122c9e3a43dbfda1f9100860388fd4d75719a26f28.png
14:28:30.387 [main] DEBUG net.thucydides.core.steps.StepInterceptor - STEP DONE: Toclick_Productsandservicesoption
14:28:30.388 [Darkroom Processing Line] DEBUG net.serenitybdd.core.photography.DarkroomProcessingLine - Processing screenshot image in /var/screenshots/screenshot-862843026456428213
14:28:30.388 [Darkroom Processing Line] DEBUG net.serenitybdd.core.photography.DarkroomProcessingLine - Saving screenshot to target\site\serenity\c1fc67413097cd4a1b50e3122c9e3a43dbfda1f9100860388fd4d75719a26f28.png
14:28:30.398 [AsyncHttpClient-1-1] DEBUG org.asynchttpclient.netty.channel.DefaultChannelPool - Entry count for : http://localhost:59145 : 1
14:28:30.398 [AsyncHttpClient-1-1] DEBUG org.asynchttpclient.netty.channel.DefaultChannelPool - Entry count for : http://localhost:9045 : 1
14:28:30.422 [Forwarding getPageSource on session 6b77160ecd79194fad0d7ce4f96ac3c3 to remote] DEBUG org.asynchttpclient.netty.request.NettyRequestSender - Using pooled Channel '[id: 0xa19b2e95, L:/127.0.0.1:59144 - R:localhost/127.0.0.1:9045]' for 'POST' to 'http://localhost:9045/session/6b77160ecd79194fad0d7ce4f96ac3c3/execute/sync'
14:28:30.422 [Forwarding getPageSource on session 6b77160ecd79194fad0d7ce4f96ac3c3 to remote] DEBUG org.asynchttpclient.netty.request.NettyRequestSender - Using open Channel [id: 0xa19b2e95, L:/127.0.0.1:59144 - R:localhost/127.0.0.1:9045] for POST '/session/6b77160ecd79194fad0d7ce4f96ac3c3/execute/sync'
14:28:30.454 [AsyncHttpClient-1-2] DEBUG org.asynchttpclient.netty.handler.HttpHandler - 

Request DefaultHttpRequest(decodeResult: success, version: HTTP/1.1)
POST /session/6b77160ecd79194fad0d7ce4f96ac3c3/execute/sync HTTP/1.1
User-Agent: selenium/4.8.1 (java windows)
Content-Length: 176
Content-Type: application/json; charset=utf-8
host: localhost:9045
accept: */*

Response DefaultHttpResponse(decodeResult: success, version: HTTP/1.1)
HTTP/1.1 200 OK
Content-Length: 129216
Content-Type: application/json; charset=utf-8
cache-control: no-cache

14:28:30.454 [AsyncHttpClient-1-2] DEBUG org.asynchttpclient.netty.channel.ChannelManager - Adding key: http://localhost:9045 for channel [id: 0xa19b2e95, L:/127.0.0.1:59144 - R:localhost/127.0.0.1:9045]
14:28:30.472 [Forwarding getCurrentUrl on session 6b77160ecd79194fad0d7ce4f96ac3c3 to remote] DEBUG org.asynchttpclient.netty.request.NettyRequestSender - Using pooled Channel '[id: 0xa19b2e95, L:/127.0.0.1:59144 - R:localhost/127.0.0.1:9045]' for 'GET' to 'http://localhost:9045/session/6b77160ecd79194fad0d7ce4f96ac3c3/url'
14:28:30.472 [Forwarding getCurrentUrl on session 6b77160ecd79194fad0d7ce4f96ac3c3 to remote] DEBUG org.asynchttpclient.netty.request.NettyRequestSender - Using open Channel [id: 0xa19b2e95, L:/127.0.0.1:59144 - R:localhost/127.0.0.1:9045] for GET '/session/6b77160ecd79194fad0d7ce4f96ac3c3/url'
14:28:30.481 [AsyncHttpClient-1-2] DEBUG org.asynchttpclient.netty.handler.HttpHandler - 

Request DefaultFullHttpRequest(decodeResult: success, version: HTTP/1.1, content: EmptyByteBufBE)
GET /session/6b77160ecd79194fad0d7ce4f96ac3c3/url HTTP/1.1
User-Agent: selenium/4.8.1 (java windows)
Cache-Control: no-cache
Content-Type: application/json; charset=utf-8
host: localhost:9045
accept: */*

Response DefaultHttpResponse(decodeResult: success, version: HTTP/1.1)
HTTP/1.1 200 OK
Content-Length: 40
Content-Type: application/json; charset=utf-8
cache-control: no-cache

14:28:30.482 [AsyncHttpClient-1-2] DEBUG org.asynchttpclient.netty.channel.ChannelManager - Adding key: http://localhost:9045 for channel [id: 0xa19b2e95, L:/127.0.0.1:59144 - R:localhost/127.0.0.1:9045]
14:28:30.497 [Forwarding getAlertText on session 6b77160ecd79194fad0d7ce4f96ac3c3 to remote] DEBUG org.asynchttpclient.netty.request.NettyRequestSender - Using pooled Channel '[id: 0xa19b2e95, L:/127.0.0.1:59144 - R:localhost/127.0.0.1:9045]' for 'GET' to 'http://localhost:9045/session/6b77160ecd79194fad0d7ce4f96ac3c3/alert/text'
14:28:30.497 [Forwarding getAlertText on session 6b77160ecd79194fad0d7ce4f96ac3c3 to remote] DEBUG org.asynchttpclient.netty.request.NettyRequestSender - Using open Channel [id: 0xa19b2e95, L:/127.0.0.1:59144 - R:localhost/127.0.0.1:9045] for GET '/session/6b77160ecd79194fad0d7ce4f96ac3c3/alert/text'
14:28:30.500 [AsyncHttpClient-1-2] DEBUG org.asynchttpclient.netty.handler.HttpHandler - 

Request DefaultFullHttpRequest(decodeResult: success, version: HTTP/1.1, content: EmptyByteBufBE)
GET /session/6b77160ecd79194fad0d7ce4f96ac3c3/alert/text HTTP/1.1
User-Agent: selenium/4.8.1 (java windows)
Cache-Control: no-cache
Content-Type: application/json; charset=utf-8
host: localhost:9045
accept: */*

Response DefaultHttpResponse(decodeResult: success, version: HTTP/1.1)
HTTP/1.1 404 Not Found
Content-Length: 821
Content-Type: application/json; charset=utf-8
cache-control: no-cache

14:28:30.500 [AsyncHttpClient-1-2] DEBUG org.asynchttpclient.netty.channel.ChannelManager - Adding key: http://localhost:9045 for channel [id: 0xa19b2e95, L:/127.0.0.1:59144 - R:localhost/127.0.0.1:9045]
14:28:30.503 [Forwarding getCurrentUrl on session 6b77160ecd79194fad0d7ce4f96ac3c3 to remote] DEBUG org.asynchttpclient.netty.request.NettyRequestSender - Using pooled Channel '[id: 0xa19b2e95, L:/127.0.0.1:59144 - R:localhost/127.0.0.1:9045]' for 'GET' to 'http://localhost:9045/session/6b77160ecd79194fad0d7ce4f96ac3c3/url'
14:28:30.503 [Forwarding getCurrentUrl on session 6b77160ecd79194fad0d7ce4f96ac3c3 to remote] DEBUG org.asynchttpclient.netty.request.NettyRequestSender - Using open Channel [id: 0xa19b2e95, L:/127.0.0.1:59144 - R:localhost/127.0.0.1:9045] for GET '/session/6b77160ecd79194fad0d7ce4f96ac3c3/url'
14:28:30.514 [AsyncHttpClient-1-2] DEBUG org.asynchttpclient.netty.handler.HttpHandler - 

Request DefaultFullHttpRequest(decodeResult: success, version: HTTP/1.1, content: EmptyByteBufBE)
GET /session/6b77160ecd79194fad0d7ce4f96ac3c3/url HTTP/1.1
User-Agent: selenium/4.8.1 (java windows)
Cache-Control: no-cache
Content-Type: application/json; charset=utf-8
host: localhost:9045
accept: */*

Response DefaultHttpResponse(decodeResult: success, version: HTTP/1.1)
HTTP/1.1 200 OK
Content-Length: 40
Content-Type: application/json; charset=utf-8
cache-control: no-cache

14:28:30.514 [AsyncHttpClient-1-2] DEBUG org.asynchttpclient.netty.channel.ChannelManager - Adding key: http://localhost:9045 for channel [id: 0xa19b2e95, L:/127.0.0.1:59144 - R:localhost/127.0.0.1:9045]
14:28:30.515 [Forwarding screenshot on session 6b77160ecd79194fad0d7ce4f96ac3c3 to remote] DEBUG org.asynchttpclient.netty.request.NettyRequestSender - Using pooled Channel '[id: 0xa19b2e95, L:/127.0.0.1:59144 - R:localhost/127.0.0.1:9045]' for 'GET' to 'http://localhost:9045/session/6b77160ecd79194fad0d7ce4f96ac3c3/screenshot'
14:28:30.515 [Forwarding screenshot on session 6b77160ecd79194fad0d7ce4f96ac3c3 to remote] DEBUG org.asynchttpclient.netty.request.NettyRequestSender - Using open Channel [id: 0xa19b2e95, L:/127.0.0.1:59144 - R:localhost/127.0.0.1:9045] for GET '/session/6b77160ecd79194fad0d7ce4f96ac3c3/screenshot'
14:28:31.489 [AsyncHttpClient-1-1] DEBUG org.asynchttpclient.netty.channel.DefaultChannelPool - Entry count for : http://localhost:59145 : 1
14:28:32.242 [AsyncHttpClient-1-2] DEBUG org.asynchttpclient.netty.handler.HttpHandler - 

Request DefaultFullHttpRequest(decodeResult: success, version: HTTP/1.1, content: EmptyByteBufBE)
GET /session/6b77160ecd79194fad0d7ce4f96ac3c3/screenshot HTTP/1.1
User-Agent: selenium/4.8.1 (java windows)
Cache-Control: no-cache
Content-Type: application/json; charset=utf-8
host: localhost:9045
accept: */*

Response DefaultHttpResponse(decodeResult: success, version: HTTP/1.1)
HTTP/1.1 200 OK
Content-Length: 2539092
Content-Type: application/json; charset=utf-8
cache-control: no-cache

14:28:32.266 [AsyncHttpClient-1-2] DEBUG org.asynchttpclient.netty.channel.ChannelManager - Adding key: http://localhost:9045 for channel [id: 0xa19b2e95, L:/127.0.0.1:59144 - R:localhost/127.0.0.1:9045]
14:28:32.587 [main] DEBUG net.serenitybdd.core.photography.Darkroom - Send negative for processing for target\site\serenity\c1fc67413097cd4a1b50e3122c9e3a43dbfda1f9100860388fd4d75719a26f28.png
14:28:32.588 [AsyncHttpClient-1-1] DEBUG org.asynchttpclient.netty.channel.DefaultChannelPool - Entry count for : http://localhost:59145 : 1
14:28:32.590 [AsyncHttpClient-1-1] DEBUG org.asynchttpclient.netty.channel.DefaultChannelPool - Entry count for : http://localhost:9045 : 1
14:28:32.593 [Forwarding getPageSource on session 6b77160ecd79194fad0d7ce4f96ac3c3 to remote] DEBUG org.asynchttpclient.netty.request.NettyRequestSender - Using pooled Channel '[id: 0xa19b2e95, L:/127.0.0.1:59144 - R:localhost/127.0.0.1:9045]' for 'POST' to 'http://localhost:9045/session/6b77160ecd79194fad0d7ce4f96ac3c3/execute/sync'
14:28:32.593 [Forwarding getPageSource on session 6b77160ecd79194fad0d7ce4f96ac3c3 to remote] DEBUG org.asynchttpclient.netty.request.NettyRequestSender - Using open Channel [id: 0xa19b2e95, L:/127.0.0.1:59144 - R:localhost/127.0.0.1:9045] for POST '/session/6b77160ecd79194fad0d7ce4f96ac3c3/execute/sync'
14:28:32.675 [AsyncHttpClient-1-2] DEBUG org.asynchttpclient.netty.handler.HttpHandler - 

Request DefaultHttpRequest(decodeResult: success, version: HTTP/1.1)
POST /session/6b77160ecd79194fad0d7ce4f96ac3c3/execute/sync HTTP/1.1
User-Agent: selenium/4.8.1 (java windows)
Content-Length: 176
Content-Type: application/json; charset=utf-8
host: localhost:9045
accept: */*

Response DefaultHttpResponse(decodeResult: success, version: HTTP/1.1)
HTTP/1.1 200 OK
Content-Length: 129264
Content-Type: application/json; charset=utf-8
cache-control: no-cache

14:28:32.676 [AsyncHttpClient-1-2] DEBUG org.asynchttpclient.netty.channel.ChannelManager - Adding key: http://localhost:9045 for channel [id: 0xa19b2e95, L:/127.0.0.1:59144 - R:localhost/127.0.0.1:9045]
14:28:32.720 [Forwarding getCurrentUrl on session 6b77160ecd79194fad0d7ce4f96ac3c3 to remote] DEBUG org.asynchttpclient.netty.request.NettyRequestSender - Using pooled Channel '[id: 0xa19b2e95, L:/127.0.0.1:59144 - R:localhost/127.0.0.1:9045]' for 'GET' to 'http://localhost:9045/session/6b77160ecd79194fad0d7ce4f96ac3c3/url'
14:28:32.721 [Forwarding getCurrentUrl on session 6b77160ecd79194fad0d7ce4f96ac3c3 to remote] DEBUG org.asynchttpclient.netty.request.NettyRequestSender - Using open Channel [id: 0xa19b2e95, L:/127.0.0.1:59144 - R:localhost/127.0.0.1:9045] for GET '/session/6b77160ecd79194fad0d7ce4f96ac3c3/url'
14:28:32.790 [AsyncHttpClient-1-2] DEBUG org.asynchttpclient.netty.handler.HttpHandler - 

Request DefaultFullHttpRequest(decodeResult: success, version: HTTP/1.1, content: EmptyByteBufBE)
GET /session/6b77160ecd79194fad0d7ce4f96ac3c3/url HTTP/1.1
User-Agent: selenium/4.8.1 (java windows)
Cache-Control: no-cache
Content-Type: application/json; charset=utf-8
host: localhost:9045
accept: */*

Response DefaultHttpResponse(decodeResult: success, version: HTTP/1.1)
HTTP/1.1 200 OK
Content-Length: 40
Content-Type: application/json; charset=utf-8
cache-control: no-cache

14:28:32.790 [AsyncHttpClient-1-2] DEBUG org.asynchttpclient.netty.channel.ChannelManager - Adding key: http://localhost:9045 for channel [id: 0xa19b2e95, L:/127.0.0.1:59144 - R:localhost/127.0.0.1:9045]
14:28:32.794 [main] DEBUG net.thucydides.core.steps.StepInterceptor - STARTING STEP: Afrexim_Productsandservices_steps.to_click_who_we_serve_option - Toclick_Whoweserveoption
14:28:32.803 [Forwarding findElement on session 6b77160ecd79194fad0d7ce4f96ac3c3 to remote] DEBUG org.asynchttpclient.netty.request.NettyRequestSender - Using pooled Channel '[id: 0xa19b2e95, L:/127.0.0.1:59144 - R:localhost/127.0.0.1:9045]' for 'POST' to 'http://localhost:9045/session/6b77160ecd79194fad0d7ce4f96ac3c3/element'
14:28:32.804 [Forwarding findElement on session 6b77160ecd79194fad0d7ce4f96ac3c3 to remote] DEBUG org.asynchttpclient.netty.request.NettyRequestSender - Using open Channel [id: 0xa19b2e95, L:/127.0.0.1:59144 - R:localhost/127.0.0.1:9045] for POST '/session/6b77160ecd79194fad0d7ce4f96ac3c3/element'
14:28:32.887 [AsyncHttpClient-1-2] DEBUG org.asynchttpclient.netty.handler.HttpHandler - 

Request DefaultHttpRequest(decodeResult: success, version: HTTP/1.1)
POST /session/6b77160ecd79194fad0d7ce4f96ac3c3/element HTTP/1.1
User-Agent: selenium/4.8.1 (java windows)
Content-Length: 73
Content-Type: application/json; charset=utf-8
host: localhost:9045
accept: */*

Response DefaultHttpResponse(decodeResult: success, version: HTTP/1.1)
HTTP/1.1 200 OK
Content-Length: 95
Content-Type: application/json; charset=utf-8
cache-control: no-cache

14:28:32.887 [AsyncHttpClient-1-2] DEBUG org.asynchttpclient.netty.channel.ChannelManager - Adding key: http://localhost:9045 for channel [id: 0xa19b2e95, L:/127.0.0.1:59144 - R:localhost/127.0.0.1:9045]
14:28:32.891 [Forwarding getElementTagName on session 6b77160ecd79194fad0d7ce4f96ac3c3 to remote] DEBUG org.asynchttpclient.netty.request.NettyRequestSender - Using pooled Channel '[id: 0xa19b2e95, L:/127.0.0.1:59144 - R:localhost/127.0.0.1:9045]' for 'GET' to 'http://localhost:9045/session/6b77160ecd79194fad0d7ce4f96ac3c3/element/FDC6CD606BD14943007A96481DA40AED_element_47/name'
14:28:32.891 [Forwarding getElementTagName on session 6b77160ecd79194fad0d7ce4f96ac3c3 to remote] DEBUG org.asynchttpclient.netty.request.NettyRequestSender - Using open Channel [id: 0xa19b2e95, L:/127.0.0.1:59144 - R:localhost/127.0.0.1:9045] for GET '/session/6b77160ecd79194fad0d7ce4f96ac3c3/element/FDC6CD606BD14943007A96481DA40AED_element_47/name'
14:28:32.925 [AsyncHttpClient-1-2] DEBUG org.asynchttpclient.netty.handler.HttpHandler - 

Request DefaultFullHttpRequest(decodeResult: success, version: HTTP/1.1, content: EmptyByteBufBE)
GET /session/6b77160ecd79194fad0d7ce4f96ac3c3/element/FDC6CD606BD14943007A96481DA40AED_element_47/name HTTP/1.1
User-Agent: selenium/4.8.1 (java windows)
Cache-Control: no-cache
Content-Type: application/json; charset=utf-8
host: localhost:9045
accept: */*

Response DefaultHttpResponse(decodeResult: success, version: HTTP/1.1)
HTTP/1.1 200 OK
Content-Length: 13
Content-Type: application/json; charset=utf-8
cache-control: no-cache

14:28:32.925 [AsyncHttpClient-1-2] DEBUG org.asynchttpclient.netty.channel.ChannelManager - Adding key: http://localhost:9045 for channel [id: 0xa19b2e95, L:/127.0.0.1:59144 - R:localhost/127.0.0.1:9045]
14:28:32.927 [Forwarding getElementTagName on session 6b77160ecd79194fad0d7ce4f96ac3c3 to remote] DEBUG org.asynchttpclient.netty.request.NettyRequestSender - Using pooled Channel '[id: 0xa19b2e95, L:/127.0.0.1:59144 - R:localhost/127.0.0.1:9045]' for 'GET' to 'http://localhost:9045/session/6b77160ecd79194fad0d7ce4f96ac3c3/element/FDC6CD606BD14943007A96481DA40AED_element_47/name'
14:28:32.927 [Forwarding getElementTagName on session 6b77160ecd79194fad0d7ce4f96ac3c3 to remote] DEBUG org.asynchttpclient.netty.request.NettyRequestSender - Using open Channel [id: 0xa19b2e95, L:/127.0.0.1:59144 - R:localhost/127.0.0.1:9045] for GET '/session/6b77160ecd79194fad0d7ce4f96ac3c3/element/FDC6CD606BD14943007A96481DA40AED_element_47/name'
14:28:32.938 [AsyncHttpClient-1-2] DEBUG org.asynchttpclient.netty.handler.HttpHandler - 

Request DefaultFullHttpRequest(decodeResult: success, version: HTTP/1.1, content: EmptyByteBufBE)
GET /session/6b77160ecd79194fad0d7ce4f96ac3c3/element/FDC6CD606BD14943007A96481DA40AED_element_47/name HTTP/1.1
User-Agent: selenium/4.8.1 (java windows)
Cache-Control: no-cache
Content-Type: application/json; charset=utf-8
host: localhost:9045
accept: */*

Response DefaultHttpResponse(decodeResult: success, version: HTTP/1.1)
HTTP/1.1 200 OK
Content-Length: 13
Content-Type: application/json; charset=utf-8
cache-control: no-cache

14:28:32.939 [AsyncHttpClient-1-2] DEBUG org.asynchttpclient.netty.channel.ChannelManager - Adding key: http://localhost:9045 for channel [id: 0xa19b2e95, L:/127.0.0.1:59144 - R:localhost/127.0.0.1:9045]
14:28:32.943 [Forwarding findElement on session 6b77160ecd79194fad0d7ce4f96ac3c3 to remote] DEBUG org.asynchttpclient.netty.request.NettyRequestSender - Using pooled Channel '[id: 0xa19b2e95, L:/127.0.0.1:59144 - R:localhost/127.0.0.1:9045]' for 'POST' to 'http://localhost:9045/session/6b77160ecd79194fad0d7ce4f96ac3c3/element'
14:28:32.943 [Forwarding findElement on session 6b77160ecd79194fad0d7ce4f96ac3c3 to remote] DEBUG org.asynchttpclient.netty.request.NettyRequestSender - Using open Channel [id: 0xa19b2e95, L:/127.0.0.1:59144 - R:localhost/127.0.0.1:9045] for POST '/session/6b77160ecd79194fad0d7ce4f96ac3c3/element'
14:28:32.960 [AsyncHttpClient-1-2] DEBUG org.asynchttpclient.netty.handler.HttpHandler - 

Request DefaultHttpRequest(decodeResult: success, version: HTTP/1.1)
POST /session/6b77160ecd79194fad0d7ce4f96ac3c3/element HTTP/1.1
User-Agent: selenium/4.8.1 (java windows)
Content-Length: 73
Content-Type: application/json; charset=utf-8
host: localhost:9045
accept: */*

Response DefaultHttpResponse(decodeResult: success, version: HTTP/1.1)
HTTP/1.1 200 OK
Content-Length: 95
Content-Type: application/json; charset=utf-8
cache-control: no-cache

14:28:32.960 [AsyncHttpClient-1-2] DEBUG org.asynchttpclient.netty.channel.ChannelManager - Adding key: http://localhost:9045 for channel [id: 0xa19b2e95, L:/127.0.0.1:59144 - R:localhost/127.0.0.1:9045]
14:28:32.961 [Forwarding clickElement on session 6b77160ecd79194fad0d7ce4f96ac3c3 to remote] DEBUG org.asynchttpclient.netty.request.NettyRequestSender - Using pooled Channel '[id: 0xa19b2e95, L:/127.0.0.1:59144 - R:localhost/127.0.0.1:9045]' for 'POST' to 'http://localhost:9045/session/6b77160ecd79194fad0d7ce4f96ac3c3/element/FDC6CD606BD14943007A96481DA40AED_element_47/click'
14:28:32.961 [Forwarding clickElement on session 6b77160ecd79194fad0d7ce4f96ac3c3 to remote] DEBUG org.asynchttpclient.netty.request.NettyRequestSender - Using open Channel [id: 0xa19b2e95, L:/127.0.0.1:59144 - R:localhost/127.0.0.1:9045] for POST '/session/6b77160ecd79194fad0d7ce4f96ac3c3/element/FDC6CD606BD14943007A96481DA40AED_element_47/click'
14:28:33.687 [AsyncHttpClient-1-1] DEBUG org.asynchttpclient.netty.channel.DefaultChannelPool - Entry count for : http://localhost:59145 : 1
14:28:34.790 [AsyncHttpClient-1-1] DEBUG org.asynchttpclient.netty.channel.DefaultChannelPool - Entry count for : http://localhost:59145 : 1
14:28:35.708 [AsyncHttpClient-1-2] DEBUG org.asynchttpclient.netty.handler.HttpHandler - 

Request DefaultHttpRequest(decodeResult: success, version: HTTP/1.1)
POST /session/6b77160ecd79194fad0d7ce4f96ac3c3/element/FDC6CD606BD14943007A96481DA40AED_element_47/click HTTP/1.1
User-Agent: selenium/4.8.1 (java windows)
Content-Length: 57
Content-Type: application/json; charset=utf-8
host: localhost:9045
accept: */*

Response DefaultHttpResponse(decodeResult: success, version: HTTP/1.1)
HTTP/1.1 200 OK
Content-Length: 14
Content-Type: application/json; charset=utf-8
cache-control: no-cache

14:28:35.708 [AsyncHttpClient-1-2] DEBUG org.asynchttpclient.netty.channel.ChannelManager - Adding key: http://localhost:9045 for channel [id: 0xa19b2e95, L:/127.0.0.1:59144 - R:localhost/127.0.0.1:9045]
14:28:35.728 [Forwarding getAlertText on session 6b77160ecd79194fad0d7ce4f96ac3c3 to remote] DEBUG org.asynchttpclient.netty.request.NettyRequestSender - Using pooled Channel '[id: 0xa19b2e95, L:/127.0.0.1:59144 - R:localhost/127.0.0.1:9045]' for 'GET' to 'http://localhost:9045/session/6b77160ecd79194fad0d7ce4f96ac3c3/alert/text'
14:28:35.728 [Forwarding getAlertText on session 6b77160ecd79194fad0d7ce4f96ac3c3 to remote] DEBUG org.asynchttpclient.netty.request.NettyRequestSender - Using open Channel [id: 0xa19b2e95, L:/127.0.0.1:59144 - R:localhost/127.0.0.1:9045] for GET '/session/6b77160ecd79194fad0d7ce4f96ac3c3/alert/text'
14:28:35.728 [AsyncHttpClient-1-2] DEBUG org.asynchttpclient.netty.handler.HttpHandler - 

Request DefaultFullHttpRequest(decodeResult: success, version: HTTP/1.1, content: EmptyByteBufBE)
GET /session/6b77160ecd79194fad0d7ce4f96ac3c3/alert/text HTTP/1.1
User-Agent: selenium/4.8.1 (java windows)
Cache-Control: no-cache
Content-Type: application/json; charset=utf-8
host: localhost:9045
accept: */*

Response DefaultHttpResponse(decodeResult: success, version: HTTP/1.1)
HTTP/1.1 404 Not Found
Content-Length: 821
Content-Type: application/json; charset=utf-8
cache-control: no-cache

14:28:35.728 [AsyncHttpClient-1-2] DEBUG org.asynchttpclient.netty.channel.ChannelManager - Adding key: http://localhost:9045 for channel [id: 0xa19b2e95, L:/127.0.0.1:59144 - R:localhost/127.0.0.1:9045]
14:28:35.894 [AsyncHttpClient-1-1] DEBUG org.asynchttpclient.netty.channel.DefaultChannelPool - Entry count for : http://localhost:59145 : 1
14:28:35.894 [AsyncHttpClient-1-1] DEBUG org.asynchttpclient.netty.channel.DefaultChannelPool - Entry count for : http://localhost:9045 : 1
14:28:36.241 [Forwarding getAlertText on session 6b77160ecd79194fad0d7ce4f96ac3c3 to remote] DEBUG org.asynchttpclient.netty.request.NettyRequestSender - Using pooled Channel '[id: 0xa19b2e95, L:/127.0.0.1:59144 - R:localhost/127.0.0.1:9045]' for 'GET' to 'http://localhost:9045/session/6b77160ecd79194fad0d7ce4f96ac3c3/alert/text'
14:28:36.241 [Forwarding getAlertText on session 6b77160ecd79194fad0d7ce4f96ac3c3 to remote] DEBUG org.asynchttpclient.netty.request.NettyRequestSender - Using open Channel [id: 0xa19b2e95, L:/127.0.0.1:59144 - R:localhost/127.0.0.1:9045] for GET '/session/6b77160ecd79194fad0d7ce4f96ac3c3/alert/text'
14:28:36.241 [AsyncHttpClient-1-2] DEBUG org.asynchttpclient.netty.handler.HttpHandler - 

Request DefaultFullHttpRequest(decodeResult: success, version: HTTP/1.1, content: EmptyByteBufBE)
GET /session/6b77160ecd79194fad0d7ce4f96ac3c3/alert/text HTTP/1.1
User-Agent: selenium/4.8.1 (java windows)
Cache-Control: no-cache
Content-Type: application/json; charset=utf-8
host: localhost:9045
accept: */*

Response DefaultHttpResponse(decodeResult: success, version: HTTP/1.1)
HTTP/1.1 404 Not Found
Content-Length: 821
Content-Type: application/json; charset=utf-8
cache-control: no-cache

14:28:36.241 [AsyncHttpClient-1-2] DEBUG org.asynchttpclient.netty.channel.ChannelManager - Adding key: http://localhost:9045 for channel [id: 0xa19b2e95, L:/127.0.0.1:59144 - R:localhost/127.0.0.1:9045]
14:28:36.249 [Forwarding getCurrentUrl on session 6b77160ecd79194fad0d7ce4f96ac3c3 to remote] DEBUG org.asynchttpclient.netty.request.NettyRequestSender - Using pooled Channel '[id: 0xa19b2e95, L:/127.0.0.1:59144 - R:localhost/127.0.0.1:9045]' for 'GET' to 'http://localhost:9045/session/6b77160ecd79194fad0d7ce4f96ac3c3/url'
14:28:36.249 [Forwarding getCurrentUrl on session 6b77160ecd79194fad0d7ce4f96ac3c3 to remote] DEBUG org.asynchttpclient.netty.request.NettyRequestSender - Using open Channel [id: 0xa19b2e95, L:/127.0.0.1:59144 - R:localhost/127.0.0.1:9045] for GET '/session/6b77160ecd79194fad0d7ce4f96ac3c3/url'
14:28:36.259 [AsyncHttpClient-1-2] DEBUG org.asynchttpclient.netty.handler.HttpHandler - 

Request DefaultFullHttpRequest(decodeResult: success, version: HTTP/1.1, content: EmptyByteBufBE)
GET /session/6b77160ecd79194fad0d7ce4f96ac3c3/url HTTP/1.1
User-Agent: selenium/4.8.1 (java windows)
Cache-Control: no-cache
Content-Type: application/json; charset=utf-8
host: localhost:9045
accept: */*

Response DefaultHttpResponse(decodeResult: success, version: HTTP/1.1)
HTTP/1.1 200 OK
Content-Length: 71
Content-Type: application/json; charset=utf-8
cache-control: no-cache

14:28:36.259 [AsyncHttpClient-1-2] DEBUG org.asynchttpclient.netty.channel.ChannelManager - Adding key: http://localhost:9045 for channel [id: 0xa19b2e95, L:/127.0.0.1:59144 - R:localhost/127.0.0.1:9045]
14:28:36.259 [Forwarding screenshot on session 6b77160ecd79194fad0d7ce4f96ac3c3 to remote] DEBUG org.asynchttpclient.netty.request.NettyRequestSender - Using pooled Channel '[id: 0xa19b2e95, L:/127.0.0.1:59144 - R:localhost/127.0.0.1:9045]' for 'GET' to 'http://localhost:9045/session/6b77160ecd79194fad0d7ce4f96ac3c3/screenshot'
14:28:36.259 [Forwarding screenshot on session 6b77160ecd79194fad0d7ce4f96ac3c3 to remote] DEBUG org.asynchttpclient.netty.request.NettyRequestSender - Using open Channel [id: 0xa19b2e95, L:/127.0.0.1:59144 - R:localhost/127.0.0.1:9045] for GET '/session/6b77160ecd79194fad0d7ce4f96ac3c3/screenshot'
14:28:36.990 [AsyncHttpClient-1-1] DEBUG org.asynchttpclient.netty.channel.DefaultChannelPool - Entry count for : http://localhost:59145 : 1
14:28:37.017 [AsyncHttpClient-1-2] DEBUG org.asynchttpclient.netty.handler.HttpHandler - 

Request DefaultFullHttpRequest(decodeResult: success, version: HTTP/1.1, content: EmptyByteBufBE)
GET /session/6b77160ecd79194fad0d7ce4f96ac3c3/screenshot HTTP/1.1
User-Agent: selenium/4.8.1 (java windows)
Cache-Control: no-cache
Content-Type: application/json; charset=utf-8
host: localhost:9045
accept: */*

Response DefaultHttpResponse(decodeResult: success, version: HTTP/1.1)
HTTP/1.1 200 OK
Content-Length: 1829724
Content-Type: application/json; charset=utf-8
cache-control: no-cache

14:28:37.027 [AsyncHttpClient-1-2] DEBUG org.asynchttpclient.netty.channel.ChannelManager - Adding key: http://localhost:9045 for channel [id: 0xa19b2e95, L:/127.0.0.1:59144 - R:localhost/127.0.0.1:9045]
14:28:37.182 [main] DEBUG net.serenitybdd.core.photography.Darkroom - Send negative for processing for target\site\serenity\dbbea60a88642bd7861424236427e442fd3fec5de201e088996a636f9bca4990.png
14:28:37.182 [main] DEBUG net.thucydides.core.steps.StepInterceptor - STEP DONE: Toclick_Whoweserveoption
14:28:37.187 [Darkroom Processing Line] DEBUG net.serenitybdd.core.photography.DarkroomProcessingLine - Processing screenshot image in /var/screenshots/screenshot-4899356701132642114
14:28:37.188 [Darkroom Processing Line] DEBUG net.serenitybdd.core.photography.DarkroomProcessingLine - Saving screenshot to target\site\serenity\dbbea60a88642bd7861424236427e442fd3fec5de201e088996a636f9bca4990.png
14:28:37.225 [Forwarding getPageSource on session 6b77160ecd79194fad0d7ce4f96ac3c3 to remote] DEBUG org.asynchttpclient.netty.request.NettyRequestSender - Using pooled Channel '[id: 0xa19b2e95, L:/127.0.0.1:59144 - R:localhost/127.0.0.1:9045]' for 'POST' to 'http://localhost:9045/session/6b77160ecd79194fad0d7ce4f96ac3c3/execute/sync'
14:28:37.225 [Forwarding getPageSource on session 6b77160ecd79194fad0d7ce4f96ac3c3 to remote] DEBUG org.asynchttpclient.netty.request.NettyRequestSender - Using open Channel [id: 0xa19b2e95, L:/127.0.0.1:59144 - R:localhost/127.0.0.1:9045] for POST '/session/6b77160ecd79194fad0d7ce4f96ac3c3/execute/sync'
14:28:37.288 [AsyncHttpClient-1-2] DEBUG org.asynchttpclient.netty.handler.HttpHandler - 

Request DefaultHttpRequest(decodeResult: success, version: HTTP/1.1)
POST /session/6b77160ecd79194fad0d7ce4f96ac3c3/execute/sync HTTP/1.1
User-Agent: selenium/4.8.1 (java windows)
Content-Length: 176
Content-Type: application/json; charset=utf-8
host: localhost:9045
accept: */*

Response DefaultHttpResponse(decodeResult: success, version: HTTP/1.1)
HTTP/1.1 200 OK
Content-Length: 86413
Content-Type: application/json; charset=utf-8
cache-control: no-cache

14:28:37.288 [AsyncHttpClient-1-2] DEBUG org.asynchttpclient.netty.channel.ChannelManager - Adding key: http://localhost:9045 for channel [id: 0xa19b2e95, L:/127.0.0.1:59144 - R:localhost/127.0.0.1:9045]
14:28:37.305 [Forwarding getCurrentUrl on session 6b77160ecd79194fad0d7ce4f96ac3c3 to remote] DEBUG org.asynchttpclient.netty.request.NettyRequestSender - Using pooled Channel '[id: 0xa19b2e95, L:/127.0.0.1:59144 - R:localhost/127.0.0.1:9045]' for 'GET' to 'http://localhost:9045/session/6b77160ecd79194fad0d7ce4f96ac3c3/url'
14:28:37.305 [Forwarding getCurrentUrl on session 6b77160ecd79194fad0d7ce4f96ac3c3 to remote] DEBUG org.asynchttpclient.netty.request.NettyRequestSender - Using open Channel [id: 0xa19b2e95, L:/127.0.0.1:59144 - R:localhost/127.0.0.1:9045] for GET '/session/6b77160ecd79194fad0d7ce4f96ac3c3/url'
14:28:37.328 [AsyncHttpClient-1-2] DEBUG org.asynchttpclient.netty.handler.HttpHandler - 

Request DefaultFullHttpRequest(decodeResult: success, version: HTTP/1.1, content: EmptyByteBufBE)
GET /session/6b77160ecd79194fad0d7ce4f96ac3c3/url HTTP/1.1
User-Agent: selenium/4.8.1 (java windows)
Cache-Control: no-cache
Content-Type: application/json; charset=utf-8
host: localhost:9045
accept: */*

Response DefaultHttpResponse(decodeResult: success, version: HTTP/1.1)
HTTP/1.1 200 OK
Content-Length: 71
Content-Type: application/json; charset=utf-8
cache-control: no-cache

14:28:37.328 [AsyncHttpClient-1-2] DEBUG org.asynchttpclient.netty.channel.ChannelManager - Adding key: http://localhost:9045 for channel [id: 0xa19b2e95, L:/127.0.0.1:59144 - R:localhost/127.0.0.1:9045]
14:28:37.358 [Forwarding getAlertText on session 6b77160ecd79194fad0d7ce4f96ac3c3 to remote] DEBUG org.asynchttpclient.netty.request.NettyRequestSender - Using pooled Channel '[id: 0xa19b2e95, L:/127.0.0.1:59144 - R:localhost/127.0.0.1:9045]' for 'GET' to 'http://localhost:9045/session/6b77160ecd79194fad0d7ce4f96ac3c3/alert/text'
14:28:37.358 [Forwarding getAlertText on session 6b77160ecd79194fad0d7ce4f96ac3c3 to remote] DEBUG org.asynchttpclient.netty.request.NettyRequestSender - Using open Channel [id: 0xa19b2e95, L:/127.0.0.1:59144 - R:localhost/127.0.0.1:9045] for GET '/session/6b77160ecd79194fad0d7ce4f96ac3c3/alert/text'
14:28:37.367 [AsyncHttpClient-1-2] DEBUG org.asynchttpclient.netty.handler.HttpHandler - 

Request DefaultFullHttpRequest(decodeResult: success, version: HTTP/1.1, content: EmptyByteBufBE)
GET /session/6b77160ecd79194fad0d7ce4f96ac3c3/alert/text HTTP/1.1
User-Agent: selenium/4.8.1 (java windows)
Cache-Control: no-cache
Content-Type: application/json; charset=utf-8
host: localhost:9045
accept: */*

Response DefaultHttpResponse(decodeResult: success, version: HTTP/1.1)
HTTP/1.1 404 Not Found
Content-Length: 821
Content-Type: application/json; charset=utf-8
cache-control: no-cache

14:28:37.369 [AsyncHttpClient-1-2] DEBUG org.asynchttpclient.netty.channel.ChannelManager - Adding key: http://localhost:9045 for channel [id: 0xa19b2e95, L:/127.0.0.1:59144 - R:localhost/127.0.0.1:9045]
14:28:37.369 [Forwarding getCurrentUrl on session 6b77160ecd79194fad0d7ce4f96ac3c3 to remote] DEBUG org.asynchttpclient.netty.request.NettyRequestSender - Using pooled Channel '[id: 0xa19b2e95, L:/127.0.0.1:59144 - R:localhost/127.0.0.1:9045]' for 'GET' to 'http://localhost:9045/session/6b77160ecd79194fad0d7ce4f96ac3c3/url'
14:28:37.369 [Forwarding getCurrentUrl on session 6b77160ecd79194fad0d7ce4f96ac3c3 to remote] DEBUG org.asynchttpclient.netty.request.NettyRequestSender - Using open Channel [id: 0xa19b2e95, L:/127.0.0.1:59144 - R:localhost/127.0.0.1:9045] for GET '/session/6b77160ecd79194fad0d7ce4f96ac3c3/url'
14:28:37.396 [AsyncHttpClient-1-2] DEBUG org.asynchttpclient.netty.handler.HttpHandler - 

Request DefaultFullHttpRequest(decodeResult: success, version: HTTP/1.1, content: EmptyByteBufBE)
GET /session/6b77160ecd79194fad0d7ce4f96ac3c3/url HTTP/1.1
User-Agent: selenium/4.8.1 (java windows)
Cache-Control: no-cache
Content-Type: application/json; charset=utf-8
host: localhost:9045
accept: */*

Response DefaultHttpResponse(decodeResult: success, version: HTTP/1.1)
HTTP/1.1 200 OK
Content-Length: 71
Content-Type: application/json; charset=utf-8
cache-control: no-cache

14:28:37.396 [AsyncHttpClient-1-2] DEBUG org.asynchttpclient.netty.channel.ChannelManager - Adding key: http://localhost:9045 for channel [id: 0xa19b2e95, L:/127.0.0.1:59144 - R:localhost/127.0.0.1:9045]
14:28:37.396 [Forwarding screenshot on session 6b77160ecd79194fad0d7ce4f96ac3c3 to remote] DEBUG org.asynchttpclient.netty.request.NettyRequestSender - Using pooled Channel '[id: 0xa19b2e95, L:/127.0.0.1:59144 - R:localhost/127.0.0.1:9045]' for 'GET' to 'http://localhost:9045/session/6b77160ecd79194fad0d7ce4f96ac3c3/screenshot'
14:28:37.396 [Forwarding screenshot on session 6b77160ecd79194fad0d7ce4f96ac3c3 to remote] DEBUG org.asynchttpclient.netty.request.NettyRequestSender - Using open Channel [id: 0xa19b2e95, L:/127.0.0.1:59144 - R:localhost/127.0.0.1:9045] for GET '/session/6b77160ecd79194fad0d7ce4f96ac3c3/screenshot'
14:28:38.108 [AsyncHttpClient-1-1] DEBUG org.asynchttpclient.netty.channel.DefaultChannelPool - Entry count for : http://localhost:59145 : 1
14:28:38.254 [AsyncHttpClient-1-2] DEBUG org.asynchttpclient.netty.handler.HttpHandler - 

Request DefaultFullHttpRequest(decodeResult: success, version: HTTP/1.1, content: EmptyByteBufBE)
GET /session/6b77160ecd79194fad0d7ce4f96ac3c3/screenshot HTTP/1.1
User-Agent: selenium/4.8.1 (java windows)
Cache-Control: no-cache
Content-Type: application/json; charset=utf-8
host: localhost:9045
accept: */*

Response DefaultHttpResponse(decodeResult: success, version: HTTP/1.1)
HTTP/1.1 200 OK
Content-Length: 1829724
Content-Type: application/json; charset=utf-8
cache-control: no-cache

14:28:38.297 [AsyncHttpClient-1-2] DEBUG org.asynchttpclient.netty.channel.ChannelManager - Adding key: http://localhost:9045 for channel [id: 0xa19b2e95, L:/127.0.0.1:59144 - R:localhost/127.0.0.1:9045]
14:28:38.505 [main] DEBUG net.serenitybdd.core.photography.Darkroom - Send negative for processing for target\site\serenity\dbbea60a88642bd7861424236427e442fd3fec5de201e088996a636f9bca4990.png
14:28:38.516 [Forwarding getPageSource on session 6b77160ecd79194fad0d7ce4f96ac3c3 to remote] DEBUG org.asynchttpclient.netty.request.NettyRequestSender - Using pooled Channel '[id: 0xa19b2e95, L:/127.0.0.1:59144 - R:localhost/127.0.0.1:9045]' for 'POST' to 'http://localhost:9045/session/6b77160ecd79194fad0d7ce4f96ac3c3/execute/sync'
14:28:38.516 [Forwarding getPageSource on session 6b77160ecd79194fad0d7ce4f96ac3c3 to remote] DEBUG org.asynchttpclient.netty.request.NettyRequestSender - Using open Channel [id: 0xa19b2e95, L:/127.0.0.1:59144 - R:localhost/127.0.0.1:9045] for POST '/session/6b77160ecd79194fad0d7ce4f96ac3c3/execute/sync'
14:28:38.611 [AsyncHttpClient-1-2] DEBUG org.asynchttpclient.netty.handler.HttpHandler - 

Request DefaultHttpRequest(decodeResult: success, version: HTTP/1.1)
POST /session/6b77160ecd79194fad0d7ce4f96ac3c3/execute/sync HTTP/1.1
User-Agent: selenium/4.8.1 (java windows)
Content-Length: 176
Content-Type: application/json; charset=utf-8
host: localhost:9045
accept: */*

Response DefaultHttpResponse(decodeResult: success, version: HTTP/1.1)
HTTP/1.1 200 OK
Content-Length: 86413
Content-Type: application/json; charset=utf-8
cache-control: no-cache

14:28:38.617 [AsyncHttpClient-1-2] DEBUG org.asynchttpclient.netty.channel.ChannelManager - Adding key: http://localhost:9045 for channel [id: 0xa19b2e95, L:/127.0.0.1:59144 - R:localhost/127.0.0.1:9045]
14:28:38.628 [Forwarding getCurrentUrl on session 6b77160ecd79194fad0d7ce4f96ac3c3 to remote] DEBUG org.asynchttpclient.netty.request.NettyRequestSender - Using pooled Channel '[id: 0xa19b2e95, L:/127.0.0.1:59144 - R:localhost/127.0.0.1:9045]' for 'GET' to 'http://localhost:9045/session/6b77160ecd79194fad0d7ce4f96ac3c3/url'
14:28:38.628 [Forwarding getCurrentUrl on session 6b77160ecd79194fad0d7ce4f96ac3c3 to remote] DEBUG org.asynchttpclient.netty.request.NettyRequestSender - Using open Channel [id: 0xa19b2e95, L:/127.0.0.1:59144 - R:localhost/127.0.0.1:9045] for GET '/session/6b77160ecd79194fad0d7ce4f96ac3c3/url'
14:28:38.725 [AsyncHttpClient-1-2] DEBUG org.asynchttpclient.netty.handler.HttpHandler - 

Request DefaultFullHttpRequest(decodeResult: success, version: HTTP/1.1, content: EmptyByteBufBE)
GET /session/6b77160ecd79194fad0d7ce4f96ac3c3/url HTTP/1.1
User-Agent: selenium/4.8.1 (java windows)
Cache-Control: no-cache
Content-Type: application/json; charset=utf-8
host: localhost:9045
accept: */*

Response DefaultHttpResponse(decodeResult: success, version: HTTP/1.1)
HTTP/1.1 200 OK
Content-Length: 71
Content-Type: application/json; charset=utf-8
cache-control: no-cache

14:28:38.728 [AsyncHttpClient-1-2] DEBUG org.asynchttpclient.netty.channel.ChannelManager - Adding key: http://localhost:9045 for channel [id: 0xa19b2e95, L:/127.0.0.1:59144 - R:localhost/127.0.0.1:9045]
14:28:38.732 [main] DEBUG net.thucydides.core.steps.StepInterceptor - STARTING STEP: Afrexim_Productsandservices_steps.validate_who_we_serve_page - Validate_Whoweservepage
14:28:38.739 [Forwarding findElement on session 6b77160ecd79194fad0d7ce4f96ac3c3 to remote] DEBUG org.asynchttpclient.netty.request.NettyRequestSender - Using pooled Channel '[id: 0xa19b2e95, L:/127.0.0.1:59144 - R:localhost/127.0.0.1:9045]' for 'POST' to 'http://localhost:9045/session/6b77160ecd79194fad0d7ce4f96ac3c3/element'
14:28:38.739 [Forwarding findElement on session 6b77160ecd79194fad0d7ce4f96ac3c3 to remote] DEBUG org.asynchttpclient.netty.request.NettyRequestSender - Using open Channel [id: 0xa19b2e95, L:/127.0.0.1:59144 - R:localhost/127.0.0.1:9045] for POST '/session/6b77160ecd79194fad0d7ce4f96ac3c3/element'
14:28:38.803 [AsyncHttpClient-1-2] DEBUG org.asynchttpclient.netty.handler.HttpHandler - 

Request DefaultHttpRequest(decodeResult: success, version: HTTP/1.1)
POST /session/6b77160ecd79194fad0d7ce4f96ac3c3/element HTTP/1.1
User-Agent: selenium/4.8.1 (java windows)
Content-Length: 74
Content-Type: application/json; charset=utf-8
host: localhost:9045
accept: */*

Response DefaultHttpResponse(decodeResult: success, version: HTTP/1.1)
HTTP/1.1 200 OK
Content-Length: 95
Content-Type: application/json; charset=utf-8
cache-control: no-cache

14:28:38.803 [AsyncHttpClient-1-2] DEBUG org.asynchttpclient.netty.channel.ChannelManager - Adding key: http://localhost:9045 for channel [id: 0xa19b2e95, L:/127.0.0.1:59144 - R:localhost/127.0.0.1:9045]
14:28:38.811 [Forwarding isElementDisplayed on session 6b77160ecd79194fad0d7ce4f96ac3c3 to remote] DEBUG org.asynchttpclient.netty.request.NettyRequestSender - Using pooled Channel '[id: 0xa19b2e95, L:/127.0.0.1:59144 - R:localhost/127.0.0.1:9045]' for 'POST' to 'http://localhost:9045/session/6b77160ecd79194fad0d7ce4f96ac3c3/execute/sync'
14:28:38.811 [Forwarding isElementDisplayed on session 6b77160ecd79194fad0d7ce4f96ac3c3 to remote] DEBUG org.asynchttpclient.netty.request.NettyRequestSender - Using open Channel [id: 0xa19b2e95, L:/127.0.0.1:59144 - R:localhost/127.0.0.1:9045] for POST '/session/6b77160ecd79194fad0d7ce4f96ac3c3/execute/sync'
14:28:38.893 [AsyncHttpClient-1-2] DEBUG org.asynchttpclient.netty.handler.HttpHandler - 

Request DefaultHttpRequest(decodeResult: success, version: HTTP/1.1)
POST /session/6b77160ecd79194fad0d7ce4f96ac3c3/execute/sync HTTP/1.1
User-Agent: selenium/4.8.1 (java windows)
Content-Length: 48814
Content-Type: application/json; charset=utf-8
host: localhost:9045
accept: */*

Response DefaultHttpResponse(decodeResult: success, version: HTTP/1.1)
HTTP/1.1 200 OK
Content-Length: 14
Content-Type: application/json; charset=utf-8
cache-control: no-cache

14:28:38.893 [AsyncHttpClient-1-2] DEBUG org.asynchttpclient.netty.channel.ChannelManager - Adding key: http://localhost:9045 for channel [id: 0xa19b2e95, L:/127.0.0.1:59144 - R:localhost/127.0.0.1:9045]
14:28:38.908 [Forwarding getAlertText on session 6b77160ecd79194fad0d7ce4f96ac3c3 to remote] DEBUG org.asynchttpclient.netty.request.NettyRequestSender - Using pooled Channel '[id: 0xa19b2e95, L:/127.0.0.1:59144 - R:localhost/127.0.0.1:9045]' for 'GET' to 'http://localhost:9045/session/6b77160ecd79194fad0d7ce4f96ac3c3/alert/text'
14:28:38.908 [Forwarding getAlertText on session 6b77160ecd79194fad0d7ce4f96ac3c3 to remote] DEBUG org.asynchttpclient.netty.request.NettyRequestSender - Using open Channel [id: 0xa19b2e95, L:/127.0.0.1:59144 - R:localhost/127.0.0.1:9045] for GET '/session/6b77160ecd79194fad0d7ce4f96ac3c3/alert/text'
14:28:38.910 [AsyncHttpClient-1-2] DEBUG org.asynchttpclient.netty.handler.HttpHandler - 

Request DefaultFullHttpRequest(decodeResult: success, version: HTTP/1.1, content: EmptyByteBufBE)
GET /session/6b77160ecd79194fad0d7ce4f96ac3c3/alert/text HTTP/1.1
User-Agent: selenium/4.8.1 (java windows)
Cache-Control: no-cache
Content-Type: application/json; charset=utf-8
host: localhost:9045
accept: */*

Response DefaultHttpResponse(decodeResult: success, version: HTTP/1.1)
HTTP/1.1 404 Not Found
Content-Length: 821
Content-Type: application/json; charset=utf-8
cache-control: no-cache

14:28:38.910 [AsyncHttpClient-1-2] DEBUG org.asynchttpclient.netty.channel.ChannelManager - Adding key: http://localhost:9045 for channel [id: 0xa19b2e95, L:/127.0.0.1:59144 - R:localhost/127.0.0.1:9045]
14:28:38.916 [Forwarding getCurrentUrl on session 6b77160ecd79194fad0d7ce4f96ac3c3 to remote] DEBUG org.asynchttpclient.netty.request.NettyRequestSender - Using pooled Channel '[id: 0xa19b2e95, L:/127.0.0.1:59144 - R:localhost/127.0.0.1:9045]' for 'GET' to 'http://localhost:9045/session/6b77160ecd79194fad0d7ce4f96ac3c3/url'
14:28:38.916 [Forwarding getCurrentUrl on session 6b77160ecd79194fad0d7ce4f96ac3c3 to remote] DEBUG org.asynchttpclient.netty.request.NettyRequestSender - Using open Channel [id: 0xa19b2e95, L:/127.0.0.1:59144 - R:localhost/127.0.0.1:9045] for GET '/session/6b77160ecd79194fad0d7ce4f96ac3c3/url'
14:28:38.952 [AsyncHttpClient-1-2] DEBUG org.asynchttpclient.netty.handler.HttpHandler - 

Request DefaultFullHttpRequest(decodeResult: success, version: HTTP/1.1, content: EmptyByteBufBE)
GET /session/6b77160ecd79194fad0d7ce4f96ac3c3/url HTTP/1.1
User-Agent: selenium/4.8.1 (java windows)
Cache-Control: no-cache
Content-Type: application/json; charset=utf-8
host: localhost:9045
accept: */*

Response DefaultHttpResponse(decodeResult: success, version: HTTP/1.1)
HTTP/1.1 200 OK
Content-Length: 71
Content-Type: application/json; charset=utf-8
cache-control: no-cache

14:28:38.955 [AsyncHttpClient-1-2] DEBUG org.asynchttpclient.netty.channel.ChannelManager - Adding key: http://localhost:9045 for channel [id: 0xa19b2e95, L:/127.0.0.1:59144 - R:localhost/127.0.0.1:9045]
14:28:38.956 [Forwarding screenshot on session 6b77160ecd79194fad0d7ce4f96ac3c3 to remote] DEBUG org.asynchttpclient.netty.request.NettyRequestSender - Using pooled Channel '[id: 0xa19b2e95, L:/127.0.0.1:59144 - R:localhost/127.0.0.1:9045]' for 'GET' to 'http://localhost:9045/session/6b77160ecd79194fad0d7ce4f96ac3c3/screenshot'
14:28:38.956 [Forwarding screenshot on session 6b77160ecd79194fad0d7ce4f96ac3c3 to remote] DEBUG org.asynchttpclient.netty.request.NettyRequestSender - Using open Channel [id: 0xa19b2e95, L:/127.0.0.1:59144 - R:localhost/127.0.0.1:9045] for GET '/session/6b77160ecd79194fad0d7ce4f96ac3c3/screenshot'
14:28:39.199 [AsyncHttpClient-1-1] DEBUG org.asynchttpclient.netty.channel.DefaultChannelPool - Entry count for : http://localhost:59145 : 1
14:28:39.787 [AsyncHttpClient-1-2] DEBUG org.asynchttpclient.netty.handler.HttpHandler - 

Request DefaultFullHttpRequest(decodeResult: success, version: HTTP/1.1, content: EmptyByteBufBE)
GET /session/6b77160ecd79194fad0d7ce4f96ac3c3/screenshot HTTP/1.1
User-Agent: selenium/4.8.1 (java windows)
Cache-Control: no-cache
Content-Type: application/json; charset=utf-8
host: localhost:9045
accept: */*

Response DefaultHttpResponse(decodeResult: success, version: HTTP/1.1)
HTTP/1.1 200 OK
Content-Length: 1829724
Content-Type: application/json; charset=utf-8
cache-control: no-cache

14:28:39.803 [AsyncHttpClient-1-2] DEBUG org.asynchttpclient.netty.channel.ChannelManager - Adding key: http://localhost:9045 for channel [id: 0xa19b2e95, L:/127.0.0.1:59144 - R:localhost/127.0.0.1:9045]
14:28:39.998 [main] DEBUG net.serenitybdd.core.photography.Darkroom - Send negative for processing for target\site\serenity\dbbea60a88642bd7861424236427e442fd3fec5de201e088996a636f9bca4990.png
14:28:39.998 [main] DEBUG net.thucydides.core.steps.StepInterceptor - STEP DONE: Validate_Whoweservepage
14:28:40.032 [Forwarding getPageSource on session 6b77160ecd79194fad0d7ce4f96ac3c3 to remote] DEBUG org.asynchttpclient.netty.request.NettyRequestSender - Using pooled Channel '[id: 0xa19b2e95, L:/127.0.0.1:59144 - R:localhost/127.0.0.1:9045]' for 'POST' to 'http://localhost:9045/session/6b77160ecd79194fad0d7ce4f96ac3c3/execute/sync'
14:28:40.032 [Forwarding getPageSource on session 6b77160ecd79194fad0d7ce4f96ac3c3 to remote] DEBUG org.asynchttpclient.netty.request.NettyRequestSender - Using open Channel [id: 0xa19b2e95, L:/127.0.0.1:59144 - R:localhost/127.0.0.1:9045] for POST '/session/6b77160ecd79194fad0d7ce4f96ac3c3/execute/sync'
14:28:40.068 [AsyncHttpClient-1-2] DEBUG org.asynchttpclient.netty.handler.HttpHandler - 

Request DefaultHttpRequest(decodeResult: success, version: HTTP/1.1)
POST /session/6b77160ecd79194fad0d7ce4f96ac3c3/execute/sync HTTP/1.1
User-Agent: selenium/4.8.1 (java windows)
Content-Length: 176
Content-Type: application/json; charset=utf-8
host: localhost:9045
accept: */*

Response DefaultHttpResponse(decodeResult: success, version: HTTP/1.1)
HTTP/1.1 200 OK
Content-Length: 86413
Content-Type: application/json; charset=utf-8
cache-control: no-cache

14:28:40.072 [AsyncHttpClient-1-2] DEBUG org.asynchttpclient.netty.channel.ChannelManager - Adding key: http://localhost:9045 for channel [id: 0xa19b2e95, L:/127.0.0.1:59144 - R:localhost/127.0.0.1:9045]
14:28:40.085 [Forwarding getCurrentUrl on session 6b77160ecd79194fad0d7ce4f96ac3c3 to remote] DEBUG org.asynchttpclient.netty.request.NettyRequestSender - Using pooled Channel '[id: 0xa19b2e95, L:/127.0.0.1:59144 - R:localhost/127.0.0.1:9045]' for 'GET' to 'http://localhost:9045/session/6b77160ecd79194fad0d7ce4f96ac3c3/url'
14:28:40.085 [Forwarding getCurrentUrl on session 6b77160ecd79194fad0d7ce4f96ac3c3 to remote] DEBUG org.asynchttpclient.netty.request.NettyRequestSender - Using open Channel [id: 0xa19b2e95, L:/127.0.0.1:59144 - R:localhost/127.0.0.1:9045] for GET '/session/6b77160ecd79194fad0d7ce4f96ac3c3/url'
14:28:40.104 [AsyncHttpClient-1-2] DEBUG org.asynchttpclient.netty.handler.HttpHandler - 

Request DefaultFullHttpRequest(decodeResult: success, version: HTTP/1.1, content: EmptyByteBufBE)
GET /session/6b77160ecd79194fad0d7ce4f96ac3c3/url HTTP/1.1
User-Agent: selenium/4.8.1 (java windows)
Cache-Control: no-cache
Content-Type: application/json; charset=utf-8
host: localhost:9045
accept: */*

Response DefaultHttpResponse(decodeResult: success, version: HTTP/1.1)
HTTP/1.1 200 OK
Content-Length: 71
Content-Type: application/json; charset=utf-8
cache-control: no-cache

14:28:40.104 [AsyncHttpClient-1-2] DEBUG org.asynchttpclient.netty.channel.ChannelManager - Adding key: http://localhost:9045 for channel [id: 0xa19b2e95, L:/127.0.0.1:59144 - R:localhost/127.0.0.1:9045]
14:28:40.121 [Forwarding getAlertText on session 6b77160ecd79194fad0d7ce4f96ac3c3 to remote] DEBUG org.asynchttpclient.netty.request.NettyRequestSender - Using pooled Channel '[id: 0xa19b2e95, L:/127.0.0.1:59144 - R:localhost/127.0.0.1:9045]' for 'GET' to 'http://localhost:9045/session/6b77160ecd79194fad0d7ce4f96ac3c3/alert/text'
14:28:40.121 [Forwarding getAlertText on session 6b77160ecd79194fad0d7ce4f96ac3c3 to remote] DEBUG org.asynchttpclient.netty.request.NettyRequestSender - Using open Channel [id: 0xa19b2e95, L:/127.0.0.1:59144 - R:localhost/127.0.0.1:9045] for GET '/session/6b77160ecd79194fad0d7ce4f96ac3c3/alert/text'
14:28:40.121 [AsyncHttpClient-1-2] DEBUG org.asynchttpclient.netty.handler.HttpHandler - 

Request DefaultFullHttpRequest(decodeResult: success, version: HTTP/1.1, content: EmptyByteBufBE)
GET /session/6b77160ecd79194fad0d7ce4f96ac3c3/alert/text HTTP/1.1
User-Agent: selenium/4.8.1 (java windows)
Cache-Control: no-cache
Content-Type: application/json; charset=utf-8
host: localhost:9045
accept: */*

Response DefaultHttpResponse(decodeResult: success, version: HTTP/1.1)
HTTP/1.1 404 Not Found
Content-Length: 821
Content-Type: application/json; charset=utf-8
cache-control: no-cache

14:28:40.121 [AsyncHttpClient-1-2] DEBUG org.asynchttpclient.netty.channel.ChannelManager - Adding key: http://localhost:9045 for channel [id: 0xa19b2e95, L:/127.0.0.1:59144 - R:localhost/127.0.0.1:9045]
14:28:40.130 [Forwarding getCurrentUrl on session 6b77160ecd79194fad0d7ce4f96ac3c3 to remote] DEBUG org.asynchttpclient.netty.request.NettyRequestSender - Using pooled Channel '[id: 0xa19b2e95, L:/127.0.0.1:59144 - R:localhost/127.0.0.1:9045]' for 'GET' to 'http://localhost:9045/session/6b77160ecd79194fad0d7ce4f96ac3c3/url'
14:28:40.130 [Forwarding getCurrentUrl on session 6b77160ecd79194fad0d7ce4f96ac3c3 to remote] DEBUG org.asynchttpclient.netty.request.NettyRequestSender - Using open Channel [id: 0xa19b2e95, L:/127.0.0.1:59144 - R:localhost/127.0.0.1:9045] for GET '/session/6b77160ecd79194fad0d7ce4f96ac3c3/url'
14:28:40.153 [AsyncHttpClient-1-2] DEBUG org.asynchttpclient.netty.handler.HttpHandler - 

Request DefaultFullHttpRequest(decodeResult: success, version: HTTP/1.1, content: EmptyByteBufBE)
GET /session/6b77160ecd79194fad0d7ce4f96ac3c3/url HTTP/1.1
User-Agent: selenium/4.8.1 (java windows)
Cache-Control: no-cache
Content-Type: application/json; charset=utf-8
host: localhost:9045
accept: */*

Response DefaultHttpResponse(decodeResult: success, version: HTTP/1.1)
HTTP/1.1 200 OK
Content-Length: 71
Content-Type: application/json; charset=utf-8
cache-control: no-cache

14:28:40.153 [AsyncHttpClient-1-2] DEBUG org.asynchttpclient.netty.channel.ChannelManager - Adding key: http://localhost:9045 for channel [id: 0xa19b2e95, L:/127.0.0.1:59144 - R:localhost/127.0.0.1:9045]
14:28:40.153 [Forwarding screenshot on session 6b77160ecd79194fad0d7ce4f96ac3c3 to remote] DEBUG org.asynchttpclient.netty.request.NettyRequestSender - Using pooled Channel '[id: 0xa19b2e95, L:/127.0.0.1:59144 - R:localhost/127.0.0.1:9045]' for 'GET' to 'http://localhost:9045/session/6b77160ecd79194fad0d7ce4f96ac3c3/screenshot'
14:28:40.153 [Forwarding screenshot on session 6b77160ecd79194fad0d7ce4f96ac3c3 to remote] DEBUG org.asynchttpclient.netty.request.NettyRequestSender - Using open Channel [id: 0xa19b2e95, L:/127.0.0.1:59144 - R:localhost/127.0.0.1:9045] for GET '/session/6b77160ecd79194fad0d7ce4f96ac3c3/screenshot'
14:28:40.293 [AsyncHttpClient-1-1] DEBUG org.asynchttpclient.netty.channel.DefaultChannelPool - Entry count for : http://localhost:59145 : 1
14:28:40.966 [AsyncHttpClient-1-2] DEBUG org.asynchttpclient.netty.handler.HttpHandler - 

Request DefaultFullHttpRequest(decodeResult: success, version: HTTP/1.1, content: EmptyByteBufBE)
GET /session/6b77160ecd79194fad0d7ce4f96ac3c3/screenshot HTTP/1.1
User-Agent: selenium/4.8.1 (java windows)
Cache-Control: no-cache
Content-Type: application/json; charset=utf-8
host: localhost:9045
accept: */*

Response DefaultHttpResponse(decodeResult: success, version: HTTP/1.1)
HTTP/1.1 200 OK
Content-Length: 1829724
Content-Type: application/json; charset=utf-8
cache-control: no-cache

14:28:41.001 [AsyncHttpClient-1-2] DEBUG org.asynchttpclient.netty.channel.ChannelManager - Adding key: http://localhost:9045 for channel [id: 0xa19b2e95, L:/127.0.0.1:59144 - R:localhost/127.0.0.1:9045]
14:28:41.178 [main] DEBUG net.serenitybdd.core.photography.Darkroom - Send negative for processing for target\site\serenity\dbbea60a88642bd7861424236427e442fd3fec5de201e088996a636f9bca4990.png
14:28:41.178 [Forwarding getPageSource on session 6b77160ecd79194fad0d7ce4f96ac3c3 to remote] DEBUG org.asynchttpclient.netty.request.NettyRequestSender - Using pooled Channel '[id: 0xa19b2e95, L:/127.0.0.1:59144 - R:localhost/127.0.0.1:9045]' for 'POST' to 'http://localhost:9045/session/6b77160ecd79194fad0d7ce4f96ac3c3/execute/sync'
14:28:41.178 [Forwarding getPageSource on session 6b77160ecd79194fad0d7ce4f96ac3c3 to remote] DEBUG org.asynchttpclient.netty.request.NettyRequestSender - Using open Channel [id: 0xa19b2e95, L:/127.0.0.1:59144 - R:localhost/127.0.0.1:9045] for POST '/session/6b77160ecd79194fad0d7ce4f96ac3c3/execute/sync'
14:28:41.246 [AsyncHttpClient-1-2] DEBUG org.asynchttpclient.netty.handler.HttpHandler - 

Request DefaultHttpRequest(decodeResult: success, version: HTTP/1.1)
POST /session/6b77160ecd79194fad0d7ce4f96ac3c3/execute/sync HTTP/1.1
User-Agent: selenium/4.8.1 (java windows)
Content-Length: 176
Content-Type: application/json; charset=utf-8
host: localhost:9045
accept: */*

Response DefaultHttpResponse(decodeResult: success, version: HTTP/1.1)
HTTP/1.1 200 OK
Content-Length: 86413
Content-Type: application/json; charset=utf-8
cache-control: no-cache

14:28:41.246 [AsyncHttpClient-1-2] DEBUG org.asynchttpclient.netty.channel.ChannelManager - Adding key: http://localhost:9045 for channel [id: 0xa19b2e95, L:/127.0.0.1:59144 - R:localhost/127.0.0.1:9045]
14:28:41.262 [Forwarding getCurrentUrl on session 6b77160ecd79194fad0d7ce4f96ac3c3 to remote] DEBUG org.asynchttpclient.netty.request.NettyRequestSender - Using pooled Channel '[id: 0xa19b2e95, L:/127.0.0.1:59144 - R:localhost/127.0.0.1:9045]' for 'GET' to 'http://localhost:9045/session/6b77160ecd79194fad0d7ce4f96ac3c3/url'
14:28:41.262 [Forwarding getCurrentUrl on session 6b77160ecd79194fad0d7ce4f96ac3c3 to remote] DEBUG org.asynchttpclient.netty.request.NettyRequestSender - Using open Channel [id: 0xa19b2e95, L:/127.0.0.1:59144 - R:localhost/127.0.0.1:9045] for GET '/session/6b77160ecd79194fad0d7ce4f96ac3c3/url'
14:28:41.284 [AsyncHttpClient-1-2] DEBUG org.asynchttpclient.netty.handler.HttpHandler - 

Request DefaultFullHttpRequest(decodeResult: success, version: HTTP/1.1, content: EmptyByteBufBE)
GET /session/6b77160ecd79194fad0d7ce4f96ac3c3/url HTTP/1.1
User-Agent: selenium/4.8.1 (java windows)
Cache-Control: no-cache
Content-Type: application/json; charset=utf-8
host: localhost:9045
accept: */*

Response DefaultHttpResponse(decodeResult: success, version: HTTP/1.1)
HTTP/1.1 200 OK
Content-Length: 71
Content-Type: application/json; charset=utf-8
cache-control: no-cache

14:28:41.284 [AsyncHttpClient-1-2] DEBUG org.asynchttpclient.netty.channel.ChannelManager - Adding key: http://localhost:9045 for channel [id: 0xa19b2e95, L:/127.0.0.1:59144 - R:localhost/127.0.0.1:9045]
14:28:41.288 [main] DEBUG net.thucydides.core.steps.StepInterceptor - STARTING STEP: Afrexim_Productsandservices_steps.click_readmore_in_large_corporates_option - Click_Readmore_LargeCorporates
14:28:41.297 [Forwarding findElement on session 6b77160ecd79194fad0d7ce4f96ac3c3 to remote] DEBUG org.asynchttpclient.netty.request.NettyRequestSender - Using pooled Channel '[id: 0xa19b2e95, L:/127.0.0.1:59144 - R:localhost/127.0.0.1:9045]' for 'POST' to 'http://localhost:9045/session/6b77160ecd79194fad0d7ce4f96ac3c3/element'
14:28:41.297 [Forwarding findElement on session 6b77160ecd79194fad0d7ce4f96ac3c3 to remote] DEBUG org.asynchttpclient.netty.request.NettyRequestSender - Using open Channel [id: 0xa19b2e95, L:/127.0.0.1:59144 - R:localhost/127.0.0.1:9045] for POST '/session/6b77160ecd79194fad0d7ce4f96ac3c3/element'
14:28:41.338 [AsyncHttpClient-1-2] DEBUG org.asynchttpclient.netty.handler.HttpHandler - 

Request DefaultHttpRequest(decodeResult: success, version: HTTP/1.1)
POST /session/6b77160ecd79194fad0d7ce4f96ac3c3/element HTTP/1.1
User-Agent: selenium/4.8.1 (java windows)
Content-Length: 78
Content-Type: application/json; charset=utf-8
host: localhost:9045
accept: */*

Response DefaultHttpResponse(decodeResult: success, version: HTTP/1.1)
HTTP/1.1 200 OK
Content-Length: 95
Content-Type: application/json; charset=utf-8
cache-control: no-cache

14:28:41.338 [AsyncHttpClient-1-2] DEBUG org.asynchttpclient.netty.channel.ChannelManager - Adding key: http://localhost:9045 for channel [id: 0xa19b2e95, L:/127.0.0.1:59144 - R:localhost/127.0.0.1:9045]
14:28:41.340 [Forwarding getElementTagName on session 6b77160ecd79194fad0d7ce4f96ac3c3 to remote] DEBUG org.asynchttpclient.netty.request.NettyRequestSender - Using pooled Channel '[id: 0xa19b2e95, L:/127.0.0.1:59144 - R:localhost/127.0.0.1:9045]' for 'GET' to 'http://localhost:9045/session/6b77160ecd79194fad0d7ce4f96ac3c3/element/F17933D9CF7BFC209E2ACBDDC01CD475_element_56/name'
14:28:41.340 [Forwarding getElementTagName on session 6b77160ecd79194fad0d7ce4f96ac3c3 to remote] DEBUG org.asynchttpclient.netty.request.NettyRequestSender - Using open Channel [id: 0xa19b2e95, L:/127.0.0.1:59144 - R:localhost/127.0.0.1:9045] for GET '/session/6b77160ecd79194fad0d7ce4f96ac3c3/element/F17933D9CF7BFC209E2ACBDDC01CD475_element_56/name'
14:28:41.363 [AsyncHttpClient-1-2] DEBUG org.asynchttpclient.netty.handler.HttpHandler - 

Request DefaultFullHttpRequest(decodeResult: success, version: HTTP/1.1, content: EmptyByteBufBE)
GET /session/6b77160ecd79194fad0d7ce4f96ac3c3/element/F17933D9CF7BFC209E2ACBDDC01CD475_element_56/name HTTP/1.1
User-Agent: selenium/4.8.1 (java windows)
Cache-Control: no-cache
Content-Type: application/json; charset=utf-8
host: localhost:9045
accept: */*

Response DefaultHttpResponse(decodeResult: success, version: HTTP/1.1)
HTTP/1.1 200 OK
Content-Length: 16
Content-Type: application/json; charset=utf-8
cache-control: no-cache

14:28:41.363 [AsyncHttpClient-1-2] DEBUG org.asynchttpclient.netty.channel.ChannelManager - Adding key: http://localhost:9045 for channel [id: 0xa19b2e95, L:/127.0.0.1:59144 - R:localhost/127.0.0.1:9045]
14:28:41.365 [Forwarding getElementTagName on session 6b77160ecd79194fad0d7ce4f96ac3c3 to remote] DEBUG org.asynchttpclient.netty.request.NettyRequestSender - Using pooled Channel '[id: 0xa19b2e95, L:/127.0.0.1:59144 - R:localhost/127.0.0.1:9045]' for 'GET' to 'http://localhost:9045/session/6b77160ecd79194fad0d7ce4f96ac3c3/element/F17933D9CF7BFC209E2ACBDDC01CD475_element_56/name'
14:28:41.369 [Forwarding getElementTagName on session 6b77160ecd79194fad0d7ce4f96ac3c3 to remote] DEBUG org.asynchttpclient.netty.request.NettyRequestSender - Using open Channel [id: 0xa19b2e95, L:/127.0.0.1:59144 - R:localhost/127.0.0.1:9045] for GET '/session/6b77160ecd79194fad0d7ce4f96ac3c3/element/F17933D9CF7BFC209E2ACBDDC01CD475_element_56/name'
14:28:41.391 [AsyncHttpClient-1-2] DEBUG org.asynchttpclient.netty.handler.HttpHandler - 

Request DefaultFullHttpRequest(decodeResult: success, version: HTTP/1.1, content: EmptyByteBufBE)
GET /session/6b77160ecd79194fad0d7ce4f96ac3c3/element/F17933D9CF7BFC209E2ACBDDC01CD475_element_56/name HTTP/1.1
User-Agent: selenium/4.8.1 (java windows)
Cache-Control: no-cache
Content-Type: application/json; charset=utf-8
host: localhost:9045
accept: */*

Response DefaultHttpResponse(decodeResult: success, version: HTTP/1.1)
HTTP/1.1 200 OK
Content-Length: 16
Content-Type: application/json; charset=utf-8
cache-control: no-cache

14:28:41.391 [AsyncHttpClient-1-2] DEBUG org.asynchttpclient.netty.channel.ChannelManager - Adding key: http://localhost:9045 for channel [id: 0xa19b2e95, L:/127.0.0.1:59144 - R:localhost/127.0.0.1:9045]
14:28:41.396 [Forwarding findElement on session 6b77160ecd79194fad0d7ce4f96ac3c3 to remote] DEBUG org.asynchttpclient.netty.request.NettyRequestSender - Using pooled Channel '[id: 0xa19b2e95, L:/127.0.0.1:59144 - R:localhost/127.0.0.1:9045]' for 'POST' to 'http://localhost:9045/session/6b77160ecd79194fad0d7ce4f96ac3c3/element'
14:28:41.396 [Forwarding findElement on session 6b77160ecd79194fad0d7ce4f96ac3c3 to remote] DEBUG org.asynchttpclient.netty.request.NettyRequestSender - Using open Channel [id: 0xa19b2e95, L:/127.0.0.1:59144 - R:localhost/127.0.0.1:9045] for POST '/session/6b77160ecd79194fad0d7ce4f96ac3c3/element'
14:28:41.405 [AsyncHttpClient-1-1] DEBUG org.asynchttpclient.netty.channel.DefaultChannelPool - Entry count for : http://localhost:59145 : 1
14:28:41.429 [AsyncHttpClient-1-2] DEBUG org.asynchttpclient.netty.handler.HttpHandler - 

Request DefaultHttpRequest(decodeResult: success, version: HTTP/1.1)
POST /session/6b77160ecd79194fad0d7ce4f96ac3c3/element HTTP/1.1
User-Agent: selenium/4.8.1 (java windows)
Content-Length: 78
Content-Type: application/json; charset=utf-8
host: localhost:9045
accept: */*

Response DefaultHttpResponse(decodeResult: success, version: HTTP/1.1)
HTTP/1.1 200 OK
Content-Length: 95
Content-Type: application/json; charset=utf-8
cache-control: no-cache

14:28:41.429 [AsyncHttpClient-1-2] DEBUG org.asynchttpclient.netty.channel.ChannelManager - Adding key: http://localhost:9045 for channel [id: 0xa19b2e95, L:/127.0.0.1:59144 - R:localhost/127.0.0.1:9045]
14:28:41.436 [Forwarding clickElement on session 6b77160ecd79194fad0d7ce4f96ac3c3 to remote] DEBUG org.asynchttpclient.netty.request.NettyRequestSender - Using pooled Channel '[id: 0xa19b2e95, L:/127.0.0.1:59144 - R:localhost/127.0.0.1:9045]' for 'POST' to 'http://localhost:9045/session/6b77160ecd79194fad0d7ce4f96ac3c3/element/F17933D9CF7BFC209E2ACBDDC01CD475_element_56/click'
14:28:41.436 [Forwarding clickElement on session 6b77160ecd79194fad0d7ce4f96ac3c3 to remote] DEBUG org.asynchttpclient.netty.request.NettyRequestSender - Using open Channel [id: 0xa19b2e95, L:/127.0.0.1:59144 - R:localhost/127.0.0.1:9045] for POST '/session/6b77160ecd79194fad0d7ce4f96ac3c3/element/F17933D9CF7BFC209E2ACBDDC01CD475_element_56/click'
14:28:42.500 [AsyncHttpClient-1-1] DEBUG org.asynchttpclient.netty.channel.DefaultChannelPool - Entry count for : http://localhost:59145 : 1
14:28:43.592 [AsyncHttpClient-1-1] DEBUG org.asynchttpclient.netty.channel.DefaultChannelPool - Entry count for : http://localhost:59145 : 1
14:28:43.609 [AsyncHttpClient-1-2] DEBUG org.asynchttpclient.netty.handler.HttpHandler - 

Request DefaultHttpRequest(decodeResult: success, version: HTTP/1.1)
POST /session/6b77160ecd79194fad0d7ce4f96ac3c3/element/F17933D9CF7BFC209E2ACBDDC01CD475_element_56/click HTTP/1.1
User-Agent: selenium/4.8.1 (java windows)
Content-Length: 57
Content-Type: application/json; charset=utf-8
host: localhost:9045
accept: */*

Response DefaultHttpResponse(decodeResult: success, version: HTTP/1.1)
HTTP/1.1 200 OK
Content-Length: 14
Content-Type: application/json; charset=utf-8
cache-control: no-cache

14:28:43.609 [AsyncHttpClient-1-2] DEBUG org.asynchttpclient.netty.channel.ChannelManager - Adding key: http://localhost:9045 for channel [id: 0xa19b2e95, L:/127.0.0.1:59144 - R:localhost/127.0.0.1:9045]
14:28:43.624 [Forwarding getAlertText on session 6b77160ecd79194fad0d7ce4f96ac3c3 to remote] DEBUG org.asynchttpclient.netty.request.NettyRequestSender - Using pooled Channel '[id: 0xa19b2e95, L:/127.0.0.1:59144 - R:localhost/127.0.0.1:9045]' for 'GET' to 'http://localhost:9045/session/6b77160ecd79194fad0d7ce4f96ac3c3/alert/text'
14:28:43.624 [Forwarding getAlertText on session 6b77160ecd79194fad0d7ce4f96ac3c3 to remote] DEBUG org.asynchttpclient.netty.request.NettyRequestSender - Using open Channel [id: 0xa19b2e95, L:/127.0.0.1:59144 - R:localhost/127.0.0.1:9045] for GET '/session/6b77160ecd79194fad0d7ce4f96ac3c3/alert/text'
14:28:43.624 [AsyncHttpClient-1-2] DEBUG org.asynchttpclient.netty.handler.HttpHandler - 

Request DefaultFullHttpRequest(decodeResult: success, version: HTTP/1.1, content: EmptyByteBufBE)
GET /session/6b77160ecd79194fad0d7ce4f96ac3c3/alert/text HTTP/1.1
User-Agent: selenium/4.8.1 (java windows)
Cache-Control: no-cache
Content-Type: application/json; charset=utf-8
host: localhost:9045
accept: */*

Response DefaultHttpResponse(decodeResult: success, version: HTTP/1.1)
HTTP/1.1 404 Not Found
Content-Length: 821
Content-Type: application/json; charset=utf-8
cache-control: no-cache

14:28:43.624 [AsyncHttpClient-1-2] DEBUG org.asynchttpclient.netty.channel.ChannelManager - Adding key: http://localhost:9045 for channel [id: 0xa19b2e95, L:/127.0.0.1:59144 - R:localhost/127.0.0.1:9045]
14:28:43.624 [Forwarding getCurrentUrl on session 6b77160ecd79194fad0d7ce4f96ac3c3 to remote] DEBUG org.asynchttpclient.netty.request.NettyRequestSender - Using pooled Channel '[id: 0xa19b2e95, L:/127.0.0.1:59144 - R:localhost/127.0.0.1:9045]' for 'GET' to 'http://localhost:9045/session/6b77160ecd79194fad0d7ce4f96ac3c3/url'
14:28:43.624 [Forwarding getCurrentUrl on session 6b77160ecd79194fad0d7ce4f96ac3c3 to remote] DEBUG org.asynchttpclient.netty.request.NettyRequestSender - Using open Channel [id: 0xa19b2e95, L:/127.0.0.1:59144 - R:localhost/127.0.0.1:9045] for GET '/session/6b77160ecd79194fad0d7ce4f96ac3c3/url'
14:28:43.646 [AsyncHttpClient-1-2] DEBUG org.asynchttpclient.netty.handler.HttpHandler - 

Request DefaultFullHttpRequest(decodeResult: success, version: HTTP/1.1, content: EmptyByteBufBE)
GET /session/6b77160ecd79194fad0d7ce4f96ac3c3/url HTTP/1.1
User-Agent: selenium/4.8.1 (java windows)
Cache-Control: no-cache
Content-Type: application/json; charset=utf-8
host: localhost:9045
accept: */*

Response DefaultHttpResponse(decodeResult: success, version: HTTP/1.1)
HTTP/1.1 200 OK
Content-Length: 90
Content-Type: application/json; charset=utf-8
cache-control: no-cache

14:28:43.646 [AsyncHttpClient-1-2] DEBUG org.asynchttpclient.netty.channel.ChannelManager - Adding key: http://localhost:9045 for channel [id: 0xa19b2e95, L:/127.0.0.1:59144 - R:localhost/127.0.0.1:9045]
14:28:43.648 [Forwarding screenshot on session 6b77160ecd79194fad0d7ce4f96ac3c3 to remote] DEBUG org.asynchttpclient.netty.request.NettyRequestSender - Using pooled Channel '[id: 0xa19b2e95, L:/127.0.0.1:59144 - R:localhost/127.0.0.1:9045]' for 'GET' to 'http://localhost:9045/session/6b77160ecd79194fad0d7ce4f96ac3c3/screenshot'
14:28:43.648 [Forwarding screenshot on session 6b77160ecd79194fad0d7ce4f96ac3c3 to remote] DEBUG org.asynchttpclient.netty.request.NettyRequestSender - Using open Channel [id: 0xa19b2e95, L:/127.0.0.1:59144 - R:localhost/127.0.0.1:9045] for GET '/session/6b77160ecd79194fad0d7ce4f96ac3c3/screenshot'
14:28:44.295 [AsyncHttpClient-1-2] DEBUG org.asynchttpclient.netty.handler.HttpHandler - 

Request DefaultFullHttpRequest(decodeResult: success, version: HTTP/1.1, content: EmptyByteBufBE)
GET /session/6b77160ecd79194fad0d7ce4f96ac3c3/screenshot HTTP/1.1
User-Agent: selenium/4.8.1 (java windows)
Cache-Control: no-cache
Content-Type: application/json; charset=utf-8
host: localhost:9045
accept: */*

Response DefaultHttpResponse(decodeResult: success, version: HTTP/1.1)
HTTP/1.1 200 OK
Content-Length: 862248
Content-Type: application/json; charset=utf-8
cache-control: no-cache

14:28:44.311 [AsyncHttpClient-1-2] DEBUG org.asynchttpclient.netty.channel.ChannelManager - Adding key: http://localhost:9045 for channel [id: 0xa19b2e95, L:/127.0.0.1:59144 - R:localhost/127.0.0.1:9045]
14:28:44.366 [main] DEBUG net.serenitybdd.core.photography.Darkroom - Send negative for processing for target\site\serenity\9a07926fc214cb23ffab33dadea6eb0289744eccef1d845ab516543085b67330.png
14:28:44.371 [Darkroom Processing Line] DEBUG net.serenitybdd.core.photography.DarkroomProcessingLine - Processing screenshot image in /var/screenshots/screenshot-1489126578136785683
14:28:44.371 [Darkroom Processing Line] DEBUG net.serenitybdd.core.photography.DarkroomProcessingLine - Saving screenshot to target\site\serenity\9a07926fc214cb23ffab33dadea6eb0289744eccef1d845ab516543085b67330.png
14:28:44.371 [main] DEBUG net.thucydides.core.steps.StepInterceptor - STEP DONE: Click_Readmore_LargeCorporates
14:28:44.392 [Forwarding getPageSource on session 6b77160ecd79194fad0d7ce4f96ac3c3 to remote] DEBUG org.asynchttpclient.netty.request.NettyRequestSender - Using pooled Channel '[id: 0xa19b2e95, L:/127.0.0.1:59144 - R:localhost/127.0.0.1:9045]' for 'POST' to 'http://localhost:9045/session/6b77160ecd79194fad0d7ce4f96ac3c3/execute/sync'
14:28:44.392 [Forwarding getPageSource on session 6b77160ecd79194fad0d7ce4f96ac3c3 to remote] DEBUG org.asynchttpclient.netty.request.NettyRequestSender - Using open Channel [id: 0xa19b2e95, L:/127.0.0.1:59144 - R:localhost/127.0.0.1:9045] for POST '/session/6b77160ecd79194fad0d7ce4f96ac3c3/execute/sync'
14:28:44.414 [AsyncHttpClient-1-2] DEBUG org.asynchttpclient.netty.handler.HttpHandler - 

Request DefaultHttpRequest(decodeResult: success, version: HTTP/1.1)
POST /session/6b77160ecd79194fad0d7ce4f96ac3c3/execute/sync HTTP/1.1
User-Agent: selenium/4.8.1 (java windows)
Content-Length: 176
Content-Type: application/json; charset=utf-8
host: localhost:9045
accept: */*

Response DefaultHttpResponse(decodeResult: success, version: HTTP/1.1)
HTTP/1.1 200 OK
Content-Length: 81246
Content-Type: application/json; charset=utf-8
cache-control: no-cache

14:28:44.419 [AsyncHttpClient-1-2] DEBUG org.asynchttpclient.netty.channel.ChannelManager - Adding key: http://localhost:9045 for channel [id: 0xa19b2e95, L:/127.0.0.1:59144 - R:localhost/127.0.0.1:9045]
14:28:44.430 [Forwarding getCurrentUrl on session 6b77160ecd79194fad0d7ce4f96ac3c3 to remote] DEBUG org.asynchttpclient.netty.request.NettyRequestSender - Using pooled Channel '[id: 0xa19b2e95, L:/127.0.0.1:59144 - R:localhost/127.0.0.1:9045]' for 'GET' to 'http://localhost:9045/session/6b77160ecd79194fad0d7ce4f96ac3c3/url'
14:28:44.430 [Forwarding getCurrentUrl on session 6b77160ecd79194fad0d7ce4f96ac3c3 to remote] DEBUG org.asynchttpclient.netty.request.NettyRequestSender - Using open Channel [id: 0xa19b2e95, L:/127.0.0.1:59144 - R:localhost/127.0.0.1:9045] for GET '/session/6b77160ecd79194fad0d7ce4f96ac3c3/url'
14:28:44.441 [AsyncHttpClient-1-2] DEBUG org.asynchttpclient.netty.handler.HttpHandler - 

Request DefaultFullHttpRequest(decodeResult: success, version: HTTP/1.1, content: EmptyByteBufBE)
GET /session/6b77160ecd79194fad0d7ce4f96ac3c3/url HTTP/1.1
User-Agent: selenium/4.8.1 (java windows)
Cache-Control: no-cache
Content-Type: application/json; charset=utf-8
host: localhost:9045
accept: */*

Response DefaultHttpResponse(decodeResult: success, version: HTTP/1.1)
HTTP/1.1 200 OK
Content-Length: 90
Content-Type: application/json; charset=utf-8
cache-control: no-cache

14:28:44.441 [AsyncHttpClient-1-2] DEBUG org.asynchttpclient.netty.channel.ChannelManager - Adding key: http://localhost:9045 for channel [id: 0xa19b2e95, L:/127.0.0.1:59144 - R:localhost/127.0.0.1:9045]
14:28:44.458 [Forwarding getAlertText on session 6b77160ecd79194fad0d7ce4f96ac3c3 to remote] DEBUG org.asynchttpclient.netty.request.NettyRequestSender - Using pooled Channel '[id: 0xa19b2e95, L:/127.0.0.1:59144 - R:localhost/127.0.0.1:9045]' for 'GET' to 'http://localhost:9045/session/6b77160ecd79194fad0d7ce4f96ac3c3/alert/text'
14:28:44.458 [Forwarding getAlertText on session 6b77160ecd79194fad0d7ce4f96ac3c3 to remote] DEBUG org.asynchttpclient.netty.request.NettyRequestSender - Using open Channel [id: 0xa19b2e95, L:/127.0.0.1:59144 - R:localhost/127.0.0.1:9045] for GET '/session/6b77160ecd79194fad0d7ce4f96ac3c3/alert/text'
14:28:44.459 [AsyncHttpClient-1-2] DEBUG org.asynchttpclient.netty.handler.HttpHandler - 

Request DefaultFullHttpRequest(decodeResult: success, version: HTTP/1.1, content: EmptyByteBufBE)
GET /session/6b77160ecd79194fad0d7ce4f96ac3c3/alert/text HTTP/1.1
User-Agent: selenium/4.8.1 (java windows)
Cache-Control: no-cache
Content-Type: application/json; charset=utf-8
host: localhost:9045
accept: */*

Response DefaultHttpResponse(decodeResult: success, version: HTTP/1.1)
HTTP/1.1 404 Not Found
Content-Length: 821
Content-Type: application/json; charset=utf-8
cache-control: no-cache

14:28:44.459 [AsyncHttpClient-1-2] DEBUG org.asynchttpclient.netty.channel.ChannelManager - Adding key: http://localhost:9045 for channel [id: 0xa19b2e95, L:/127.0.0.1:59144 - R:localhost/127.0.0.1:9045]
14:28:44.462 [Forwarding getCurrentUrl on session 6b77160ecd79194fad0d7ce4f96ac3c3 to remote] DEBUG org.asynchttpclient.netty.request.NettyRequestSender - Using pooled Channel '[id: 0xa19b2e95, L:/127.0.0.1:59144 - R:localhost/127.0.0.1:9045]' for 'GET' to 'http://localhost:9045/session/6b77160ecd79194fad0d7ce4f96ac3c3/url'
14:28:44.462 [Forwarding getCurrentUrl on session 6b77160ecd79194fad0d7ce4f96ac3c3 to remote] DEBUG org.asynchttpclient.netty.request.NettyRequestSender - Using open Channel [id: 0xa19b2e95, L:/127.0.0.1:59144 - R:localhost/127.0.0.1:9045] for GET '/session/6b77160ecd79194fad0d7ce4f96ac3c3/url'
14:28:44.468 [AsyncHttpClient-1-2] DEBUG org.asynchttpclient.netty.handler.HttpHandler - 

Request DefaultFullHttpRequest(decodeResult: success, version: HTTP/1.1, content: EmptyByteBufBE)
GET /session/6b77160ecd79194fad0d7ce4f96ac3c3/url HTTP/1.1
User-Agent: selenium/4.8.1 (java windows)
Cache-Control: no-cache
Content-Type: application/json; charset=utf-8
host: localhost:9045
accept: */*

Response DefaultHttpResponse(decodeResult: success, version: HTTP/1.1)
HTTP/1.1 200 OK
Content-Length: 90
Content-Type: application/json; charset=utf-8
cache-control: no-cache

14:28:44.473 [AsyncHttpClient-1-2] DEBUG org.asynchttpclient.netty.channel.ChannelManager - Adding key: http://localhost:9045 for channel [id: 0xa19b2e95, L:/127.0.0.1:59144 - R:localhost/127.0.0.1:9045]
14:28:44.473 [Forwarding screenshot on session 6b77160ecd79194fad0d7ce4f96ac3c3 to remote] DEBUG org.asynchttpclient.netty.request.NettyRequestSender - Using pooled Channel '[id: 0xa19b2e95, L:/127.0.0.1:59144 - R:localhost/127.0.0.1:9045]' for 'GET' to 'http://localhost:9045/session/6b77160ecd79194fad0d7ce4f96ac3c3/screenshot'
14:28:44.473 [Forwarding screenshot on session 6b77160ecd79194fad0d7ce4f96ac3c3 to remote] DEBUG org.asynchttpclient.netty.request.NettyRequestSender - Using open Channel [id: 0xa19b2e95, L:/127.0.0.1:59144 - R:localhost/127.0.0.1:9045] for GET '/session/6b77160ecd79194fad0d7ce4f96ac3c3/screenshot'
14:28:44.693 [AsyncHttpClient-1-1] DEBUG org.asynchttpclient.netty.channel.DefaultChannelPool - Entry count for : http://localhost:59145 : 1
14:28:45.425 [AsyncHttpClient-1-2] DEBUG org.asynchttpclient.netty.handler.HttpHandler - 

Request DefaultFullHttpRequest(decodeResult: success, version: HTTP/1.1, content: EmptyByteBufBE)
GET /session/6b77160ecd79194fad0d7ce4f96ac3c3/screenshot HTTP/1.1
User-Agent: selenium/4.8.1 (java windows)
Cache-Control: no-cache
Content-Type: application/json; charset=utf-8
host: localhost:9045
accept: */*

Response DefaultHttpResponse(decodeResult: success, version: HTTP/1.1)
HTTP/1.1 200 OK
Content-Length: 862248
Content-Type: application/json; charset=utf-8
cache-control: no-cache

14:28:45.441 [AsyncHttpClient-1-2] DEBUG org.asynchttpclient.netty.channel.ChannelManager - Adding key: http://localhost:9045 for channel [id: 0xa19b2e95, L:/127.0.0.1:59144 - R:localhost/127.0.0.1:9045]
14:28:45.504 [main] DEBUG net.serenitybdd.core.photography.Darkroom - Send negative for processing for target\site\serenity\9a07926fc214cb23ffab33dadea6eb0289744eccef1d845ab516543085b67330.png
14:28:45.507 [Forwarding getPageSource on session 6b77160ecd79194fad0d7ce4f96ac3c3 to remote] DEBUG org.asynchttpclient.netty.request.NettyRequestSender - Using pooled Channel '[id: 0xa19b2e95, L:/127.0.0.1:59144 - R:localhost/127.0.0.1:9045]' for 'POST' to 'http://localhost:9045/session/6b77160ecd79194fad0d7ce4f96ac3c3/execute/sync'
14:28:45.507 [Forwarding getPageSource on session 6b77160ecd79194fad0d7ce4f96ac3c3 to remote] DEBUG org.asynchttpclient.netty.request.NettyRequestSender - Using open Channel [id: 0xa19b2e95, L:/127.0.0.1:59144 - R:localhost/127.0.0.1:9045] for POST '/session/6b77160ecd79194fad0d7ce4f96ac3c3/execute/sync'
14:28:45.539 [AsyncHttpClient-1-2] DEBUG org.asynchttpclient.netty.handler.HttpHandler - 

Request DefaultHttpRequest(decodeResult: success, version: HTTP/1.1)
POST /session/6b77160ecd79194fad0d7ce4f96ac3c3/execute/sync HTTP/1.1
User-Agent: selenium/4.8.1 (java windows)
Content-Length: 176
Content-Type: application/json; charset=utf-8
host: localhost:9045
accept: */*

Response DefaultHttpResponse(decodeResult: success, version: HTTP/1.1)
HTTP/1.1 200 OK
Content-Length: 81246
Content-Type: application/json; charset=utf-8
cache-control: no-cache

14:28:45.539 [AsyncHttpClient-1-2] DEBUG org.asynchttpclient.netty.channel.ChannelManager - Adding key: http://localhost:9045 for channel [id: 0xa19b2e95, L:/127.0.0.1:59144 - R:localhost/127.0.0.1:9045]
14:28:45.552 [Forwarding getCurrentUrl on session 6b77160ecd79194fad0d7ce4f96ac3c3 to remote] DEBUG org.asynchttpclient.netty.request.NettyRequestSender - Using pooled Channel '[id: 0xa19b2e95, L:/127.0.0.1:59144 - R:localhost/127.0.0.1:9045]' for 'GET' to 'http://localhost:9045/session/6b77160ecd79194fad0d7ce4f96ac3c3/url'
14:28:45.552 [Forwarding getCurrentUrl on session 6b77160ecd79194fad0d7ce4f96ac3c3 to remote] DEBUG org.asynchttpclient.netty.request.NettyRequestSender - Using open Channel [id: 0xa19b2e95, L:/127.0.0.1:59144 - R:localhost/127.0.0.1:9045] for GET '/session/6b77160ecd79194fad0d7ce4f96ac3c3/url'
14:28:45.570 [AsyncHttpClient-1-2] DEBUG org.asynchttpclient.netty.handler.HttpHandler - 

Request DefaultFullHttpRequest(decodeResult: success, version: HTTP/1.1, content: EmptyByteBufBE)
GET /session/6b77160ecd79194fad0d7ce4f96ac3c3/url HTTP/1.1
User-Agent: selenium/4.8.1 (java windows)
Cache-Control: no-cache
Content-Type: application/json; charset=utf-8
host: localhost:9045
accept: */*

Response DefaultHttpResponse(decodeResult: success, version: HTTP/1.1)
HTTP/1.1 200 OK
Content-Length: 90
Content-Type: application/json; charset=utf-8
cache-control: no-cache

14:28:45.571 [AsyncHttpClient-1-2] DEBUG org.asynchttpclient.netty.channel.ChannelManager - Adding key: http://localhost:9045 for channel [id: 0xa19b2e95, L:/127.0.0.1:59144 - R:localhost/127.0.0.1:9045]
14:28:45.571 [main] DEBUG net.thucydides.core.steps.StepInterceptor - STARTING STEP: Afrexim_Productsandservices_steps.validate_large_corporates_page - Validate_Largecorporatespage
14:28:45.571 [Forwarding findElement on session 6b77160ecd79194fad0d7ce4f96ac3c3 to remote] DEBUG org.asynchttpclient.netty.request.NettyRequestSender - Using pooled Channel '[id: 0xa19b2e95, L:/127.0.0.1:59144 - R:localhost/127.0.0.1:9045]' for 'POST' to 'http://localhost:9045/session/6b77160ecd79194fad0d7ce4f96ac3c3/element'
14:28:45.571 [Forwarding findElement on session 6b77160ecd79194fad0d7ce4f96ac3c3 to remote] DEBUG org.asynchttpclient.netty.request.NettyRequestSender - Using open Channel [id: 0xa19b2e95, L:/127.0.0.1:59144 - R:localhost/127.0.0.1:9045] for POST '/session/6b77160ecd79194fad0d7ce4f96ac3c3/element'
14:28:45.604 [AsyncHttpClient-1-2] DEBUG org.asynchttpclient.netty.handler.HttpHandler - 

Request DefaultHttpRequest(decodeResult: success, version: HTTP/1.1)
POST /session/6b77160ecd79194fad0d7ce4f96ac3c3/element HTTP/1.1
User-Agent: selenium/4.8.1 (java windows)
Content-Length: 78
Content-Type: application/json; charset=utf-8
host: localhost:9045
accept: */*

Response DefaultHttpResponse(decodeResult: success, version: HTTP/1.1)
HTTP/1.1 200 OK
Content-Length: 95
Content-Type: application/json; charset=utf-8
cache-control: no-cache

14:28:45.604 [AsyncHttpClient-1-2] DEBUG org.asynchttpclient.netty.channel.ChannelManager - Adding key: http://localhost:9045 for channel [id: 0xa19b2e95, L:/127.0.0.1:59144 - R:localhost/127.0.0.1:9045]
14:28:45.619 [Forwarding isElementDisplayed on session 6b77160ecd79194fad0d7ce4f96ac3c3 to remote] DEBUG org.asynchttpclient.netty.request.NettyRequestSender - Using pooled Channel '[id: 0xa19b2e95, L:/127.0.0.1:59144 - R:localhost/127.0.0.1:9045]' for 'POST' to 'http://localhost:9045/session/6b77160ecd79194fad0d7ce4f96ac3c3/execute/sync'
14:28:45.619 [Forwarding isElementDisplayed on session 6b77160ecd79194fad0d7ce4f96ac3c3 to remote] DEBUG org.asynchttpclient.netty.request.NettyRequestSender - Using open Channel [id: 0xa19b2e95, L:/127.0.0.1:59144 - R:localhost/127.0.0.1:9045] for POST '/session/6b77160ecd79194fad0d7ce4f96ac3c3/execute/sync'
14:28:45.657 [AsyncHttpClient-1-2] DEBUG org.asynchttpclient.netty.handler.HttpHandler - 

Request DefaultHttpRequest(decodeResult: success, version: HTTP/1.1)
POST /session/6b77160ecd79194fad0d7ce4f96ac3c3/execute/sync HTTP/1.1
User-Agent: selenium/4.8.1 (java windows)
Content-Length: 48814
Content-Type: application/json; charset=utf-8
host: localhost:9045
accept: */*

Response DefaultHttpResponse(decodeResult: success, version: HTTP/1.1)
HTTP/1.1 200 OK
Content-Length: 14
Content-Type: application/json; charset=utf-8
cache-control: no-cache

14:28:45.657 [AsyncHttpClient-1-2] DEBUG org.asynchttpclient.netty.channel.ChannelManager - Adding key: http://localhost:9045 for channel [id: 0xa19b2e95, L:/127.0.0.1:59144 - R:localhost/127.0.0.1:9045]
14:28:45.672 [Forwarding getAlertText on session 6b77160ecd79194fad0d7ce4f96ac3c3 to remote] DEBUG org.asynchttpclient.netty.request.NettyRequestSender - Using pooled Channel '[id: 0xa19b2e95, L:/127.0.0.1:59144 - R:localhost/127.0.0.1:9045]' for 'GET' to 'http://localhost:9045/session/6b77160ecd79194fad0d7ce4f96ac3c3/alert/text'
14:28:45.672 [Forwarding getAlertText on session 6b77160ecd79194fad0d7ce4f96ac3c3 to remote] DEBUG org.asynchttpclient.netty.request.NettyRequestSender - Using open Channel [id: 0xa19b2e95, L:/127.0.0.1:59144 - R:localhost/127.0.0.1:9045] for GET '/session/6b77160ecd79194fad0d7ce4f96ac3c3/alert/text'
14:28:45.678 [AsyncHttpClient-1-2] DEBUG org.asynchttpclient.netty.handler.HttpHandler - 

Request DefaultFullHttpRequest(decodeResult: success, version: HTTP/1.1, content: EmptyByteBufBE)
GET /session/6b77160ecd79194fad0d7ce4f96ac3c3/alert/text HTTP/1.1
User-Agent: selenium/4.8.1 (java windows)
Cache-Control: no-cache
Content-Type: application/json; charset=utf-8
host: localhost:9045
accept: */*

Response DefaultHttpResponse(decodeResult: success, version: HTTP/1.1)
HTTP/1.1 404 Not Found
Content-Length: 821
Content-Type: application/json; charset=utf-8
cache-control: no-cache

14:28:45.678 [AsyncHttpClient-1-2] DEBUG org.asynchttpclient.netty.channel.ChannelManager - Adding key: http://localhost:9045 for channel [id: 0xa19b2e95, L:/127.0.0.1:59144 - R:localhost/127.0.0.1:9045]
14:28:45.683 [Forwarding getCurrentUrl on session 6b77160ecd79194fad0d7ce4f96ac3c3 to remote] DEBUG org.asynchttpclient.netty.request.NettyRequestSender - Using pooled Channel '[id: 0xa19b2e95, L:/127.0.0.1:59144 - R:localhost/127.0.0.1:9045]' for 'GET' to 'http://localhost:9045/session/6b77160ecd79194fad0d7ce4f96ac3c3/url'
14:28:45.683 [Forwarding getCurrentUrl on session 6b77160ecd79194fad0d7ce4f96ac3c3 to remote] DEBUG org.asynchttpclient.netty.request.NettyRequestSender - Using open Channel [id: 0xa19b2e95, L:/127.0.0.1:59144 - R:localhost/127.0.0.1:9045] for GET '/session/6b77160ecd79194fad0d7ce4f96ac3c3/url'
14:28:45.689 [AsyncHttpClient-1-2] DEBUG org.asynchttpclient.netty.handler.HttpHandler - 

Request DefaultFullHttpRequest(decodeResult: success, version: HTTP/1.1, content: EmptyByteBufBE)
GET /session/6b77160ecd79194fad0d7ce4f96ac3c3/url HTTP/1.1
User-Agent: selenium/4.8.1 (java windows)
Cache-Control: no-cache
Content-Type: application/json; charset=utf-8
host: localhost:9045
accept: */*

Response DefaultHttpResponse(decodeResult: success, version: HTTP/1.1)
HTTP/1.1 200 OK
Content-Length: 90
Content-Type: application/json; charset=utf-8
cache-control: no-cache

14:28:45.689 [AsyncHttpClient-1-2] DEBUG org.asynchttpclient.netty.channel.ChannelManager - Adding key: http://localhost:9045 for channel [id: 0xa19b2e95, L:/127.0.0.1:59144 - R:localhost/127.0.0.1:9045]
14:28:45.689 [Forwarding screenshot on session 6b77160ecd79194fad0d7ce4f96ac3c3 to remote] DEBUG org.asynchttpclient.netty.request.NettyRequestSender - Using pooled Channel '[id: 0xa19b2e95, L:/127.0.0.1:59144 - R:localhost/127.0.0.1:9045]' for 'GET' to 'http://localhost:9045/session/6b77160ecd79194fad0d7ce4f96ac3c3/screenshot'
14:28:45.689 [Forwarding screenshot on session 6b77160ecd79194fad0d7ce4f96ac3c3 to remote] DEBUG org.asynchttpclient.netty.request.NettyRequestSender - Using open Channel [id: 0xa19b2e95, L:/127.0.0.1:59144 - R:localhost/127.0.0.1:9045] for GET '/session/6b77160ecd79194fad0d7ce4f96ac3c3/screenshot'
14:28:45.793 [AsyncHttpClient-1-1] DEBUG org.asynchttpclient.netty.channel.DefaultChannelPool - Entry count for : http://localhost:59145 : 1
14:28:46.334 [AsyncHttpClient-1-2] DEBUG org.asynchttpclient.netty.handler.HttpHandler - 

Request DefaultFullHttpRequest(decodeResult: success, version: HTTP/1.1, content: EmptyByteBufBE)
GET /session/6b77160ecd79194fad0d7ce4f96ac3c3/screenshot HTTP/1.1
User-Agent: selenium/4.8.1 (java windows)
Cache-Control: no-cache
Content-Type: application/json; charset=utf-8
host: localhost:9045
accept: */*

Response DefaultHttpResponse(decodeResult: success, version: HTTP/1.1)
HTTP/1.1 200 OK
Content-Length: 862248
Content-Type: application/json; charset=utf-8
cache-control: no-cache

14:28:46.351 [AsyncHttpClient-1-2] DEBUG org.asynchttpclient.netty.channel.ChannelManager - Adding key: http://localhost:9045 for channel [id: 0xa19b2e95, L:/127.0.0.1:59144 - R:localhost/127.0.0.1:9045]
14:28:46.414 [main] DEBUG net.serenitybdd.core.photography.Darkroom - Send negative for processing for target\site\serenity\9a07926fc214cb23ffab33dadea6eb0289744eccef1d845ab516543085b67330.png
14:28:46.414 [main] DEBUG net.thucydides.core.steps.StepInterceptor - STEP DONE: Validate_Largecorporatespage
14:28:46.430 [main] INFO  - 
  _____   ___   ___   _____     ___     _     ___   ___   ___   ___  
 |_   _| | __| / __| |_   _|   | _ \   /_\   / __| / __| | __| |   \ 
   | |   | _|  \__ \   | |     |  _/  / _ \  \__ \ \__ \ | _|  | |) |
   |_|   |___| |___/   |_|     |_|   /_/ \_\ |___/ |___/ |___| |___/ 

To validate the Who we serve- Large corporates
----------------------------------------------------------------------
14:28:46.430 [AsyncHttpClient-1-4] DEBUG org.asynchttpclient.netty.handler.WebSocketHandler - Channel Closed: [id: 0x4bb37881, L:/127.0.0.1:59153 ! R:localhost/127.0.0.1:59145] with attribute NettyResponseFuture{currentRetry=0,
	isDone=1,
	isCancelled=0,
	asyncHandler=org.asynchttpclient.ws.WebSocketUpgradeHandler@58e1f015,
	nettyRequest=org.asynchttpclient.netty.request.NettyRequest@469155ae,
	future=java.util.concurrent.CompletableFuture@46cb250f[Completed normally],
	uri=ws://localhost:59145/devtools/browser/89147cf9-83d0-4b1a-9577-7eb35ae8db9e,
	keepAlive=true,
	redirectCount=0,
	timeoutsHolder=null,
	inAuth=0,
	touch=1689757099070}
14:28:46.430 [AsyncHttpClient-1-4] DEBUG org.asynchttpclient.netty.channel.ChannelManager - Closing Channel [id: 0x4bb37881, L:/127.0.0.1:59153 ! R:localhost/127.0.0.1:59145] 
14:28:46.430 [Driver Command Executor] DEBUG org.asynchttpclient.netty.request.NettyRequestSender - Using pooled Channel '[id: 0xa19b2e95, L:/127.0.0.1:59144 - R:localhost/127.0.0.1:9045]' for 'DELETE' to 'http://localhost:9045/session/6b77160ecd79194fad0d7ce4f96ac3c3'
14:28:46.430 [Driver Command Executor] DEBUG org.asynchttpclient.netty.request.NettyRequestSender - Using open Channel [id: 0xa19b2e95, L:/127.0.0.1:59144 - R:localhost/127.0.0.1:9045] for DELETE '/session/6b77160ecd79194fad0d7ce4f96ac3c3'
14:28:46.852 [AsyncHttpClient-1-3] DEBUG org.asynchttpclient.netty.handler.HttpHandler - Unexpected I/O exception on channel [id: 0xbc4fb863, L:/127.0.0.1:59152 - R:localhost/127.0.0.1:59145]
java.io.IOException: An existing connection was forcibly closed by the remote host
	at sun.nio.ch.SocketDispatcher.read0(Native Method)
	at sun.nio.ch.SocketDispatcher.read(SocketDispatcher.java:43)
	at sun.nio.ch.IOUtil.readIntoNativeBuffer(IOUtil.java:223)
	at sun.nio.ch.IOUtil.read(IOUtil.java:192)
	at sun.nio.ch.SocketChannelImpl.read(SocketChannelImpl.java:380)
	at io.netty.buffer.PooledByteBuf.setBytes(PooledByteBuf.java:259)
	at io.netty.buffer.AbstractByteBuf.writeBytes(AbstractByteBuf.java:1132)
	at io.netty.channel.socket.nio.NioSocketChannel.doReadBytes(NioSocketChannel.java:357)
	at io.netty.channel.nio.AbstractNioByteChannel$NioByteUnsafe.read(AbstractNioByteChannel.java:151)
	at io.netty.channel.nio.NioEventLoop.processSelectedKey(NioEventLoop.java:788)
	at io.netty.channel.nio.NioEventLoop.processSelectedKeysOptimized(NioEventLoop.java:724)
	at io.netty.channel.nio.NioEventLoop.processSelectedKeys(NioEventLoop.java:650)
	at io.netty.channel.nio.NioEventLoop.run(NioEventLoop.java:562)
	at io.netty.util.concurrent.SingleThreadEventExecutor$4.run(SingleThreadEventExecutor.java:997)
	at io.netty.util.internal.ThreadExecutorMap$2.run(ThreadExecutorMap.java:74)
	at io.netty.util.concurrent.FastThreadLocalRunnable.run(FastThreadLocalRunnable.java:30)
	at java.lang.Thread.run(Thread.java:748)
14:28:46.852 [AsyncHttpClient-1-3] DEBUG org.asynchttpclient.netty.channel.ChannelManager - Closing Channel [id: 0xbc4fb863, L:/127.0.0.1:59152 - R:localhost/127.0.0.1:59145] 
14:28:46.852 [AsyncHttpClient-1-3] DEBUG org.asynchttpclient.netty.handler.HttpHandler - Channel Closed: [id: 0xbc4fb863, L:/127.0.0.1:59152 ! R:localhost/127.0.0.1:59145] with attribute DISCARD
14:28:46.892 [AsyncHttpClient-1-1] DEBUG org.asynchttpclient.netty.channel.DefaultChannelPool - Entry count for : http://localhost:59145 : 1
14:28:46.892 [AsyncHttpClient-1-1] DEBUG org.asynchttpclient.netty.channel.DefaultChannelPool - Adding Candidate expired Channel [id: 0xbc4fb863, L:/127.0.0.1:59152 ! R:localhost/127.0.0.1:59145] isIdleTimeoutExpired=false isRemotelyClosed=true isTtlExpired=false
14:28:46.892 [AsyncHttpClient-1-1] DEBUG org.asynchttpclient.netty.channel.DefaultChannelPool - Closing Idle Channel [id: 0xbc4fb863, L:/127.0.0.1:59152 ! R:localhost/127.0.0.1:59145]
14:28:46.892 [AsyncHttpClient-1-1] DEBUG org.asynchttpclient.netty.channel.DefaultChannelPool - Closed 1 connections out of 1 in 0 ms
14:28:46.963 [AsyncHttpClient-1-2] DEBUG org.asynchttpclient.netty.handler.HttpHandler - 

Request DefaultFullHttpRequest(decodeResult: success, version: HTTP/1.1, content: EmptyByteBufBE)
DELETE /session/6b77160ecd79194fad0d7ce4f96ac3c3 HTTP/1.1
User-Agent: selenium/4.8.1 (java windows)
Content-Type: application/json; charset=utf-8
host: localhost:9045
accept: */*

Response DefaultHttpResponse(decodeResult: success, version: HTTP/1.1)
HTTP/1.1 200 OK
Content-Length: 14
Content-Type: application/json; charset=utf-8
cache-control: no-cache

14:28:46.963 [AsyncHttpClient-1-2] DEBUG org.asynchttpclient.netty.channel.ChannelManager - Adding key: http://localhost:9045 for channel [id: 0xa19b2e95, L:/127.0.0.1:59144 - R:localhost/127.0.0.1:9045]
14:28:47.219 [AsyncHttpClient-1-2] DEBUG org.asynchttpclient.netty.handler.HttpHandler - Channel Closed: [id: 0xa19b2e95, L:/127.0.0.1:59144 ! R:localhost/127.0.0.1:9045] with attribute DISCARD
]]></system-out>
    <system-err><![CDATA[Starting ChromeDriver 114.0.5735.90 (386bc09e8f4f2e025eddae123f36f6263096ae49-refs/branch-heads/5735@{#1052}) on port 9045
Only local connections are allowed.
Please see https://chromedriver.chromium.org/security-considerations for suggestions on keeping ChromeDriver safe.
ChromeDriver was started successfully.
Jul 19, 2023 2:28:19 PM org.openqa.selenium.devtools.CdpVersionFinder findNearestMatch
WARNING: Unable to find an exact match for CDP version 114, so returning the closest version found: 110
]]></system-err>
  </testcase>
  <testcase name="To verify the login functionality" classname="To test the Afrexim Bank server" time="23.11">
    <system-out><![CDATA[14:28:47.751 [main] DEBUG io.cucumber.core.plugin.SerenityReporter - Running feature from file:///C:/Users/hp/eclipse-workspace/AfreximBank_SerenityBDD_Framework/src/test/resources/Afrexim_features/Afrexim_Signin.feature
14:28:47.751 [main] WARN io.cucumber.core.plugin.SerenityReporter - Feature from file:///C:/Users/hp/eclipse-workspace/AfreximBank_SerenityBDD_Framework/src/test/resources/Afrexim_features/Afrexim_Signin.feature is not under the 'features' directory. Requirements report will not be correctly generated!
14:28:47.763 [main] DEBUG net.thucydides.core.steps.StepEventBus - Test suite started for story net.thucydides.core.model.Story@24db2a85
14:28:47.763 [main] INFO  - Test Suite Started: To test the Afrexim Bank server
14:28:47.774 [main] DEBUG io.cucumber.core.plugin.SerenityReporter - Running feature from file:///C:/Users/hp/eclipse-workspace/AfreximBank_SerenityBDD_Framework/src/test/resources/Afrexim_features/Afrexim_Signin.feature
14:28:47.774 [main] WARN io.cucumber.core.plugin.SerenityReporter - Feature from file:///C:/Users/hp/eclipse-workspace/AfreximBank_SerenityBDD_Framework/src/test/resources/Afrexim_features/Afrexim_Signin.feature is not under the 'features' directory. Requirements report will not be correctly generated!
14:28:47.779 [main] INFO  - 
  _____   ___   ___   _____     ___   _____     _     ___   _____   ___   ___  
 |_   _| | __| / __| |_   _|   / __| |_   _|   /_\   | _ \ |_   _| | __| |   \ 
   | |   | _|  \__ \   | |     \__ \   | |    / _ \  |   /   | |   | _|  | |) |
   |_|   |___| |___/   |_|     |___/   |_|   /_/ \_\ |_|_\   |_|   |___| |___/ 

To verify the login functionality(to-test-the-afrexim-bank-server;to-verify-the-login-functionality)
--------------------------------------------------------------------------------
14:28:47.908 [main] INFO net.serenitybdd.core.webdriver.driverproviders.ChromeDriverProvider - Starting Chrome driver instance with capabilities:
14:28:47.912 [main] INFO net.serenitybdd.core.webdriver.driverproviders.ChromeDriverProvider - Capabilities {acceptInsecureCerts: false, browserName: chrome, goog:chromeOptions: {args: [remote-allow-origins=*], extensions: []}}
14:28:47.987 [AsyncHttpClient-1-1] DEBUG org.asynchttpclient.netty.channel.DefaultChannelPool - Entry count for : http://localhost:9045 : 1
14:28:47.987 [AsyncHttpClient-1-1] DEBUG org.asynchttpclient.netty.channel.DefaultChannelPool - Adding Candidate expired Channel [id: 0xa19b2e95, L:/127.0.0.1:59144 ! R:localhost/127.0.0.1:9045] isIdleTimeoutExpired=false isRemotelyClosed=true isTtlExpired=false
14:28:47.987 [AsyncHttpClient-1-1] DEBUG org.asynchttpclient.netty.channel.DefaultChannelPool - Closing Idle Channel [id: 0xa19b2e95, L:/127.0.0.1:59144 ! R:localhost/127.0.0.1:9045]
14:28:47.987 [AsyncHttpClient-1-1] DEBUG org.asynchttpclient.netty.channel.DefaultChannelPool - Closed 1 connections out of 1 in 0 ms
14:28:48.999 [AsyncHttpClient-1-5] DEBUG org.asynchttpclient.netty.channel.NettyConnectListener - Using new Channel '[id: 0xb7549578, L:/127.0.0.1:59183 - R:localhost/127.0.0.1:36782]' for 'POST' to '/session'
14:28:51.022 [AsyncHttpClient-1-5] DEBUG org.asynchttpclient.netty.handler.HttpHandler - 

Request DefaultHttpRequest(decodeResult: success, version: HTTP/1.1)
POST /session HTTP/1.1
User-Agent: selenium/4.8.1 (java windows)
Content-Length: 507
Content-Type: application/json; charset=utf-8
host: localhost:36782
accept: */*

Response DefaultHttpResponse(decodeResult: success, version: HTTP/1.1)
HTTP/1.1 200 OK
Content-Length: 856
Content-Type: application/json; charset=utf-8
cache-control: no-cache

14:28:51.022 [AsyncHttpClient-1-5] DEBUG org.asynchttpclient.netty.channel.ChannelManager - Adding key: http://localhost:36782 for channel [id: 0xb7549578, L:/127.0.0.1:59183 - R:localhost/127.0.0.1:36782]
14:28:51.045 [AsyncHttpClient-1-6] DEBUG org.asynchttpclient.netty.channel.NettyConnectListener - Using new Channel '[id: 0xa6e858a0, L:/127.0.0.1:59190 - R:localhost/127.0.0.1:59184]' for 'GET' to '/json/version'
14:28:51.045 [AsyncHttpClient-1-6] DEBUG org.asynchttpclient.netty.handler.HttpHandler - 

Request DefaultFullHttpRequest(decodeResult: success, version: HTTP/1.1, content: EmptyByteBufBE)
GET /json/version HTTP/1.1
User-Agent: selenium/4.8.1 (java windows)
host: localhost:59184
accept: */*

Response DefaultHttpResponse(decodeResult: success, version: HTTP/1.1)
HTTP/1.1 200 OK
Content-Security-Policy: frame-ancestors 'none'
Content-Length: 424
Content-Type: application/json; charset=UTF-8

14:28:51.045 [AsyncHttpClient-1-6] DEBUG org.asynchttpclient.netty.channel.ChannelManager - Adding key: http://localhost:59184 for channel [id: 0xa6e858a0, L:/127.0.0.1:59190 - R:localhost/127.0.0.1:59184]
14:28:51.059 [AsyncHttpClient-1-7] DEBUG org.asynchttpclient.netty.channel.NettyConnectListener - Using new Channel '[id: 0xc521a0f9, L:/127.0.0.1:59191 - R:localhost/127.0.0.1:59184]' for 'GET' to '/devtools/browser/adcadc9a-18ac-4f0c-a0c9-0e08d2af0c40'
14:28:51.061 [AsyncHttpClient-1-7] DEBUG org.asynchttpclient.netty.handler.WebSocketHandler - 

Request DefaultFullHttpRequest(decodeResult: success, version: HTTP/1.1, content: EmptyByteBufBE)
GET /devtools/browser/adcadc9a-18ac-4f0c-a0c9-0e08d2af0c40 HTTP/1.1
upgrade: websocket
connection: upgrade
sec-websocket-key: APrBM24ObRuCs1Z+kZ++TQ==
sec-websocket-version: 13
origin: http://localhost:59184
host: localhost:59184
accept: */*
user-agent: AHC/2.1

Response DefaultHttpResponse(decodeResult: success, version: HTTP/1.1)
HTTP/1.1 101 WebSocket Protocol Handshake
Upgrade: WebSocket
Connection: Upgrade
Sec-WebSocket-Accept: TqImrBwxd+Gn1hac82E0FThRRX8=

14:28:51.121 [Forwarding get on session f5b7104a67e852367eeebc032aea5b5f to remote] DEBUG org.asynchttpclient.netty.request.NettyRequestSender - Using pooled Channel '[id: 0xb7549578, L:/127.0.0.1:59183 - R:localhost/127.0.0.1:36782]' for 'POST' to 'http://localhost:36782/session/f5b7104a67e852367eeebc032aea5b5f/url'
14:28:51.121 [Forwarding get on session f5b7104a67e852367eeebc032aea5b5f to remote] DEBUG org.asynchttpclient.netty.request.NettyRequestSender - Using open Channel [id: 0xb7549578, L:/127.0.0.1:59183 - R:localhost/127.0.0.1:36782] for POST '/session/f5b7104a67e852367eeebc032aea5b5f/url'
14:28:51.291 [AsyncHttpClient-1-1] DEBUG org.asynchttpclient.netty.channel.DefaultChannelPool - Entry count for : http://localhost:59184 : 1
14:28:52.387 [AsyncHttpClient-1-1] DEBUG org.asynchttpclient.netty.channel.DefaultChannelPool - Entry count for : http://localhost:59184 : 1
14:28:53.523 [AsyncHttpClient-1-1] DEBUG org.asynchttpclient.netty.channel.DefaultChannelPool - Entry count for : http://localhost:59184 : 1
14:28:54.589 [AsyncHttpClient-1-1] DEBUG org.asynchttpclient.netty.channel.DefaultChannelPool - Entry count for : http://localhost:59184 : 1
14:28:55.063 [AsyncHttpClient-1-5] DEBUG org.asynchttpclient.netty.handler.HttpHandler - 

Request DefaultHttpRequest(decodeResult: success, version: HTTP/1.1)
POST /session/f5b7104a67e852367eeebc032aea5b5f/url HTTP/1.1
User-Agent: selenium/4.8.1 (java windows)
Content-Length: 58
Content-Type: application/json; charset=utf-8
host: localhost:36782
accept: */*

Response DefaultHttpResponse(decodeResult: success, version: HTTP/1.1)
HTTP/1.1 200 OK
Content-Length: 14
Content-Type: application/json; charset=utf-8
cache-control: no-cache

14:28:55.064 [AsyncHttpClient-1-5] DEBUG org.asynchttpclient.netty.channel.ChannelManager - Adding key: http://localhost:36782 for channel [id: 0xb7549578, L:/127.0.0.1:59183 - R:localhost/127.0.0.1:36782]
14:28:55.066 [Forwarding setTimeout on session f5b7104a67e852367eeebc032aea5b5f to remote] DEBUG org.asynchttpclient.netty.request.NettyRequestSender - Using pooled Channel '[id: 0xb7549578, L:/127.0.0.1:59183 - R:localhost/127.0.0.1:36782]' for 'POST' to 'http://localhost:36782/session/f5b7104a67e852367eeebc032aea5b5f/timeouts'
14:28:55.066 [Forwarding setTimeout on session f5b7104a67e852367eeebc032aea5b5f to remote] DEBUG org.asynchttpclient.netty.request.NettyRequestSender - Using open Channel [id: 0xb7549578, L:/127.0.0.1:59183 - R:localhost/127.0.0.1:36782] for POST '/session/f5b7104a67e852367eeebc032aea5b5f/timeouts'
14:28:55.074 [AsyncHttpClient-1-5] DEBUG org.asynchttpclient.netty.handler.HttpHandler - 

Request DefaultHttpRequest(decodeResult: success, version: HTTP/1.1)
POST /session/f5b7104a67e852367eeebc032aea5b5f/timeouts HTTP/1.1
User-Agent: selenium/4.8.1 (java windows)
Content-Length: 22
Content-Type: application/json; charset=utf-8
host: localhost:36782
accept: */*

Response DefaultHttpResponse(decodeResult: success, version: HTTP/1.1)
HTTP/1.1 200 OK
Content-Length: 14
Content-Type: application/json; charset=utf-8
cache-control: no-cache

14:28:55.074 [AsyncHttpClient-1-5] DEBUG org.asynchttpclient.netty.channel.ChannelManager - Adding key: http://localhost:36782 for channel [id: 0xb7549578, L:/127.0.0.1:59183 - R:localhost/127.0.0.1:36782]
14:28:55.076 [Forwarding maximizeCurrentWindow on session f5b7104a67e852367eeebc032aea5b5f to remote] DEBUG org.asynchttpclient.netty.request.NettyRequestSender - Using pooled Channel '[id: 0xb7549578, L:/127.0.0.1:59183 - R:localhost/127.0.0.1:36782]' for 'POST' to 'http://localhost:36782/session/f5b7104a67e852367eeebc032aea5b5f/window/maximize'
14:28:55.076 [Forwarding maximizeCurrentWindow on session f5b7104a67e852367eeebc032aea5b5f to remote] DEBUG org.asynchttpclient.netty.request.NettyRequestSender - Using open Channel [id: 0xb7549578, L:/127.0.0.1:59183 - R:localhost/127.0.0.1:36782] for POST '/session/f5b7104a67e852367eeebc032aea5b5f/window/maximize'
14:28:55.551 [AsyncHttpClient-1-5] DEBUG org.asynchttpclient.netty.handler.HttpHandler - 

Request DefaultHttpRequest(decodeResult: success, version: HTTP/1.1)
POST /session/f5b7104a67e852367eeebc032aea5b5f/window/maximize HTTP/1.1
User-Agent: selenium/4.8.1 (java windows)
Content-Length: 3
Content-Type: application/json; charset=utf-8
host: localhost:36782
accept: */*

Response DefaultHttpResponse(decodeResult: success, version: HTTP/1.1)
HTTP/1.1 200 OK
Content-Length: 51
Content-Type: application/json; charset=utf-8
cache-control: no-cache

14:28:55.551 [AsyncHttpClient-1-5] DEBUG org.asynchttpclient.netty.channel.ChannelManager - Adding key: http://localhost:36782 for channel [id: 0xb7549578, L:/127.0.0.1:59183 - R:localhost/127.0.0.1:36782]
14:28:55.562 [main] DEBUG net.serenitybdd.core.photography.Darkroom - Opening darkroom
14:28:55.565 [Forwarding getAlertText on session f5b7104a67e852367eeebc032aea5b5f to remote] DEBUG org.asynchttpclient.netty.request.NettyRequestSender - Using pooled Channel '[id: 0xb7549578, L:/127.0.0.1:59183 - R:localhost/127.0.0.1:36782]' for 'GET' to 'http://localhost:36782/session/f5b7104a67e852367eeebc032aea5b5f/alert/text'
14:28:55.565 [Forwarding getAlertText on session f5b7104a67e852367eeebc032aea5b5f to remote] DEBUG org.asynchttpclient.netty.request.NettyRequestSender - Using open Channel [id: 0xb7549578, L:/127.0.0.1:59183 - R:localhost/127.0.0.1:36782] for GET '/session/f5b7104a67e852367eeebc032aea5b5f/alert/text'
14:28:55.625 [Darkroom Processing Line] DEBUG net.serenitybdd.core.photography.DarkroomProcessingLine - Darkroom processing line starting up
14:28:55.629 [AsyncHttpClient-1-5] DEBUG org.asynchttpclient.netty.handler.HttpHandler - 

Request DefaultFullHttpRequest(decodeResult: success, version: HTTP/1.1, content: EmptyByteBufBE)
GET /session/f5b7104a67e852367eeebc032aea5b5f/alert/text HTTP/1.1
User-Agent: selenium/4.8.1 (java windows)
Cache-Control: no-cache
Content-Type: application/json; charset=utf-8
host: localhost:36782
accept: */*

Response DefaultHttpResponse(decodeResult: success, version: HTTP/1.1)
HTTP/1.1 404 Not Found
Content-Length: 821
Content-Type: application/json; charset=utf-8
cache-control: no-cache

14:28:55.629 [AsyncHttpClient-1-5] DEBUG org.asynchttpclient.netty.channel.ChannelManager - Adding key: http://localhost:36782 for channel [id: 0xb7549578, L:/127.0.0.1:59183 - R:localhost/127.0.0.1:36782]
14:28:55.632 [Forwarding getCurrentUrl on session f5b7104a67e852367eeebc032aea5b5f to remote] DEBUG org.asynchttpclient.netty.request.NettyRequestSender - Using pooled Channel '[id: 0xb7549578, L:/127.0.0.1:59183 - R:localhost/127.0.0.1:36782]' for 'GET' to 'http://localhost:36782/session/f5b7104a67e852367eeebc032aea5b5f/url'
14:28:55.632 [Forwarding getCurrentUrl on session f5b7104a67e852367eeebc032aea5b5f to remote] DEBUG org.asynchttpclient.netty.request.NettyRequestSender - Using open Channel [id: 0xb7549578, L:/127.0.0.1:59183 - R:localhost/127.0.0.1:36782] for GET '/session/f5b7104a67e852367eeebc032aea5b5f/url'
14:28:55.692 [AsyncHttpClient-1-1] DEBUG org.asynchttpclient.netty.channel.DefaultChannelPool - Entry count for : http://localhost:59184 : 1
14:28:55.721 [AsyncHttpClient-1-5] DEBUG org.asynchttpclient.netty.handler.HttpHandler - 

Request DefaultFullHttpRequest(decodeResult: success, version: HTTP/1.1, content: EmptyByteBufBE)
GET /session/f5b7104a67e852367eeebc032aea5b5f/url HTTP/1.1
User-Agent: selenium/4.8.1 (java windows)
Cache-Control: no-cache
Content-Type: application/json; charset=utf-8
host: localhost:36782
accept: */*

Response DefaultHttpResponse(decodeResult: success, version: HTTP/1.1)
HTTP/1.1 200 OK
Content-Length: 40
Content-Type: application/json; charset=utf-8
cache-control: no-cache

14:28:55.721 [AsyncHttpClient-1-5] DEBUG org.asynchttpclient.netty.channel.ChannelManager - Adding key: http://localhost:36782 for channel [id: 0xb7549578, L:/127.0.0.1:59183 - R:localhost/127.0.0.1:36782]
14:28:55.722 [Forwarding screenshot on session f5b7104a67e852367eeebc032aea5b5f to remote] DEBUG org.asynchttpclient.netty.request.NettyRequestSender - Using pooled Channel '[id: 0xb7549578, L:/127.0.0.1:59183 - R:localhost/127.0.0.1:36782]' for 'GET' to 'http://localhost:36782/session/f5b7104a67e852367eeebc032aea5b5f/screenshot'
14:28:55.722 [Forwarding screenshot on session f5b7104a67e852367eeebc032aea5b5f to remote] DEBUG org.asynchttpclient.netty.request.NettyRequestSender - Using open Channel [id: 0xb7549578, L:/127.0.0.1:59183 - R:localhost/127.0.0.1:36782] for GET '/session/f5b7104a67e852367eeebc032aea5b5f/screenshot'
14:28:56.789 [AsyncHttpClient-1-1] DEBUG org.asynchttpclient.netty.channel.DefaultChannelPool - Entry count for : http://localhost:59184 : 1
14:28:57.132 [AsyncHttpClient-1-5] DEBUG org.asynchttpclient.netty.handler.HttpHandler - 

Request DefaultFullHttpRequest(decodeResult: success, version: HTTP/1.1, content: EmptyByteBufBE)
GET /session/f5b7104a67e852367eeebc032aea5b5f/screenshot HTTP/1.1
User-Agent: selenium/4.8.1 (java windows)
Cache-Control: no-cache
Content-Type: application/json; charset=utf-8
host: localhost:36782
accept: */*

Response DefaultHttpResponse(decodeResult: success, version: HTTP/1.1)
HTTP/1.1 200 OK
Content-Length: 2003364
Content-Type: application/json; charset=utf-8
cache-control: no-cache

14:28:57.154 [AsyncHttpClient-1-5] DEBUG org.asynchttpclient.netty.channel.ChannelManager - Adding key: http://localhost:36782 for channel [id: 0xb7549578, L:/127.0.0.1:59183 - R:localhost/127.0.0.1:36782]
14:28:57.276 [main] DEBUG net.serenitybdd.core.photography.Darkroom - Send negative for processing for target\site\serenity\19bc30654f4998f4168a2113f8d4e45928f14ca935f9285a2bddcad2b3f449f9.png
14:28:57.277 [Darkroom Processing Line] DEBUG net.serenitybdd.core.photography.DarkroomProcessingLine - Processing screenshot image in /var/screenshots/screenshot-1448615113153799424
14:28:57.277 [Darkroom Processing Line] DEBUG net.serenitybdd.core.photography.DarkroomProcessingLine - Saving screenshot to target\site\serenity\19bc30654f4998f4168a2113f8d4e45928f14ca935f9285a2bddcad2b3f449f9.png
14:28:57.284 [Forwarding getPageSource on session f5b7104a67e852367eeebc032aea5b5f to remote] DEBUG org.asynchttpclient.netty.request.NettyRequestSender - Using pooled Channel '[id: 0xb7549578, L:/127.0.0.1:59183 - R:localhost/127.0.0.1:36782]' for 'POST' to 'http://localhost:36782/session/f5b7104a67e852367eeebc032aea5b5f/execute/sync'
14:28:57.285 [Forwarding getPageSource on session f5b7104a67e852367eeebc032aea5b5f to remote] DEBUG org.asynchttpclient.netty.request.NettyRequestSender - Using open Channel [id: 0xb7549578, L:/127.0.0.1:59183 - R:localhost/127.0.0.1:36782] for POST '/session/f5b7104a67e852367eeebc032aea5b5f/execute/sync'
14:28:57.314 [AsyncHttpClient-1-5] DEBUG org.asynchttpclient.netty.handler.HttpHandler - 

Request DefaultHttpRequest(decodeResult: success, version: HTTP/1.1)
POST /session/f5b7104a67e852367eeebc032aea5b5f/execute/sync HTTP/1.1
User-Agent: selenium/4.8.1 (java windows)
Content-Length: 176
Content-Type: application/json; charset=utf-8
host: localhost:36782
accept: */*

Response DefaultHttpResponse(decodeResult: success, version: HTTP/1.1)
HTTP/1.1 200 OK
Content-Length: 129146
Content-Type: application/json; charset=utf-8
cache-control: no-cache

14:28:57.314 [AsyncHttpClient-1-5] DEBUG org.asynchttpclient.netty.channel.ChannelManager - Adding key: http://localhost:36782 for channel [id: 0xb7549578, L:/127.0.0.1:59183 - R:localhost/127.0.0.1:36782]
14:28:57.329 [Forwarding getCurrentUrl on session f5b7104a67e852367eeebc032aea5b5f to remote] DEBUG org.asynchttpclient.netty.request.NettyRequestSender - Using pooled Channel '[id: 0xb7549578, L:/127.0.0.1:59183 - R:localhost/127.0.0.1:36782]' for 'GET' to 'http://localhost:36782/session/f5b7104a67e852367eeebc032aea5b5f/url'
14:28:57.329 [Forwarding getCurrentUrl on session f5b7104a67e852367eeebc032aea5b5f to remote] DEBUG org.asynchttpclient.netty.request.NettyRequestSender - Using open Channel [id: 0xb7549578, L:/127.0.0.1:59183 - R:localhost/127.0.0.1:36782] for GET '/session/f5b7104a67e852367eeebc032aea5b5f/url'
14:28:57.340 [AsyncHttpClient-1-5] DEBUG org.asynchttpclient.netty.handler.HttpHandler - 

Request DefaultFullHttpRequest(decodeResult: success, version: HTTP/1.1, content: EmptyByteBufBE)
GET /session/f5b7104a67e852367eeebc032aea5b5f/url HTTP/1.1
User-Agent: selenium/4.8.1 (java windows)
Cache-Control: no-cache
Content-Type: application/json; charset=utf-8
host: localhost:36782
accept: */*

Response DefaultHttpResponse(decodeResult: success, version: HTTP/1.1)
HTTP/1.1 200 OK
Content-Length: 40
Content-Type: application/json; charset=utf-8
cache-control: no-cache

14:28:57.340 [AsyncHttpClient-1-5] DEBUG org.asynchttpclient.netty.channel.ChannelManager - Adding key: http://localhost:36782 for channel [id: 0xb7549578, L:/127.0.0.1:59183 - R:localhost/127.0.0.1:36782]
14:28:57.354 [Forwarding getAlertText on session f5b7104a67e852367eeebc032aea5b5f to remote] DEBUG org.asynchttpclient.netty.request.NettyRequestSender - Using pooled Channel '[id: 0xb7549578, L:/127.0.0.1:59183 - R:localhost/127.0.0.1:36782]' for 'GET' to 'http://localhost:36782/session/f5b7104a67e852367eeebc032aea5b5f/alert/text'
14:28:57.354 [Forwarding getAlertText on session f5b7104a67e852367eeebc032aea5b5f to remote] DEBUG org.asynchttpclient.netty.request.NettyRequestSender - Using open Channel [id: 0xb7549578, L:/127.0.0.1:59183 - R:localhost/127.0.0.1:36782] for GET '/session/f5b7104a67e852367eeebc032aea5b5f/alert/text'
14:28:57.357 [AsyncHttpClient-1-5] DEBUG org.asynchttpclient.netty.handler.HttpHandler - 

Request DefaultFullHttpRequest(decodeResult: success, version: HTTP/1.1, content: EmptyByteBufBE)
GET /session/f5b7104a67e852367eeebc032aea5b5f/alert/text HTTP/1.1
User-Agent: selenium/4.8.1 (java windows)
Cache-Control: no-cache
Content-Type: application/json; charset=utf-8
host: localhost:36782
accept: */*

Response DefaultHttpResponse(decodeResult: success, version: HTTP/1.1)
HTTP/1.1 404 Not Found
Content-Length: 821
Content-Type: application/json; charset=utf-8
cache-control: no-cache

14:28:57.357 [AsyncHttpClient-1-5] DEBUG org.asynchttpclient.netty.channel.ChannelManager - Adding key: http://localhost:36782 for channel [id: 0xb7549578, L:/127.0.0.1:59183 - R:localhost/127.0.0.1:36782]
14:28:57.358 [Forwarding getCurrentUrl on session f5b7104a67e852367eeebc032aea5b5f to remote] DEBUG org.asynchttpclient.netty.request.NettyRequestSender - Using pooled Channel '[id: 0xb7549578, L:/127.0.0.1:59183 - R:localhost/127.0.0.1:36782]' for 'GET' to 'http://localhost:36782/session/f5b7104a67e852367eeebc032aea5b5f/url'
14:28:57.359 [Forwarding getCurrentUrl on session f5b7104a67e852367eeebc032aea5b5f to remote] DEBUG org.asynchttpclient.netty.request.NettyRequestSender - Using open Channel [id: 0xb7549578, L:/127.0.0.1:59183 - R:localhost/127.0.0.1:36782] for GET '/session/f5b7104a67e852367eeebc032aea5b5f/url'
14:28:57.368 [AsyncHttpClient-1-5] DEBUG org.asynchttpclient.netty.handler.HttpHandler - 

Request DefaultFullHttpRequest(decodeResult: success, version: HTTP/1.1, content: EmptyByteBufBE)
GET /session/f5b7104a67e852367eeebc032aea5b5f/url HTTP/1.1
User-Agent: selenium/4.8.1 (java windows)
Cache-Control: no-cache
Content-Type: application/json; charset=utf-8
host: localhost:36782
accept: */*

Response DefaultHttpResponse(decodeResult: success, version: HTTP/1.1)
HTTP/1.1 200 OK
Content-Length: 40
Content-Type: application/json; charset=utf-8
cache-control: no-cache

14:28:57.368 [AsyncHttpClient-1-5] DEBUG org.asynchttpclient.netty.channel.ChannelManager - Adding key: http://localhost:36782 for channel [id: 0xb7549578, L:/127.0.0.1:59183 - R:localhost/127.0.0.1:36782]
14:28:57.369 [Forwarding screenshot on session f5b7104a67e852367eeebc032aea5b5f to remote] DEBUG org.asynchttpclient.netty.request.NettyRequestSender - Using pooled Channel '[id: 0xb7549578, L:/127.0.0.1:59183 - R:localhost/127.0.0.1:36782]' for 'GET' to 'http://localhost:36782/session/f5b7104a67e852367eeebc032aea5b5f/screenshot'
14:28:57.369 [Forwarding screenshot on session f5b7104a67e852367eeebc032aea5b5f to remote] DEBUG org.asynchttpclient.netty.request.NettyRequestSender - Using open Channel [id: 0xb7549578, L:/127.0.0.1:59183 - R:localhost/127.0.0.1:36782] for GET '/session/f5b7104a67e852367eeebc032aea5b5f/screenshot'
14:28:57.888 [AsyncHttpClient-1-1] DEBUG org.asynchttpclient.netty.channel.DefaultChannelPool - Entry count for : http://localhost:59184 : 1
14:28:58.639 [AsyncHttpClient-1-5] DEBUG org.asynchttpclient.netty.handler.HttpHandler - 

Request DefaultFullHttpRequest(decodeResult: success, version: HTTP/1.1, content: EmptyByteBufBE)
GET /session/f5b7104a67e852367eeebc032aea5b5f/screenshot HTTP/1.1
User-Agent: selenium/4.8.1 (java windows)
Cache-Control: no-cache
Content-Type: application/json; charset=utf-8
host: localhost:36782
accept: */*

Response DefaultHttpResponse(decodeResult: success, version: HTTP/1.1)
HTTP/1.1 200 OK
Content-Length: 2003364
Content-Type: application/json; charset=utf-8
cache-control: no-cache

14:28:58.667 [AsyncHttpClient-1-5] DEBUG org.asynchttpclient.netty.channel.ChannelManager - Adding key: http://localhost:36782 for channel [id: 0xb7549578, L:/127.0.0.1:59183 - R:localhost/127.0.0.1:36782]
14:28:58.813 [main] DEBUG net.serenitybdd.core.photography.Darkroom - Send negative for processing for target\site\serenity\19bc30654f4998f4168a2113f8d4e45928f14ca935f9285a2bddcad2b3f449f9.png
14:28:58.821 [Forwarding getPageSource on session f5b7104a67e852367eeebc032aea5b5f to remote] DEBUG org.asynchttpclient.netty.request.NettyRequestSender - Using pooled Channel '[id: 0xb7549578, L:/127.0.0.1:59183 - R:localhost/127.0.0.1:36782]' for 'POST' to 'http://localhost:36782/session/f5b7104a67e852367eeebc032aea5b5f/execute/sync'
14:28:58.822 [Forwarding getPageSource on session f5b7104a67e852367eeebc032aea5b5f to remote] DEBUG org.asynchttpclient.netty.request.NettyRequestSender - Using open Channel [id: 0xb7549578, L:/127.0.0.1:59183 - R:localhost/127.0.0.1:36782] for POST '/session/f5b7104a67e852367eeebc032aea5b5f/execute/sync'
14:28:58.884 [AsyncHttpClient-1-5] DEBUG org.asynchttpclient.netty.handler.HttpHandler - 

Request DefaultHttpRequest(decodeResult: success, version: HTTP/1.1)
POST /session/f5b7104a67e852367eeebc032aea5b5f/execute/sync HTTP/1.1
User-Agent: selenium/4.8.1 (java windows)
Content-Length: 176
Content-Type: application/json; charset=utf-8
host: localhost:36782
accept: */*

Response DefaultHttpResponse(decodeResult: success, version: HTTP/1.1)
HTTP/1.1 200 OK
Content-Length: 129194
Content-Type: application/json; charset=utf-8
cache-control: no-cache

14:28:58.885 [AsyncHttpClient-1-5] DEBUG org.asynchttpclient.netty.channel.ChannelManager - Adding key: http://localhost:36782 for channel [id: 0xb7549578, L:/127.0.0.1:59183 - R:localhost/127.0.0.1:36782]
14:28:58.917 [Forwarding getCurrentUrl on session f5b7104a67e852367eeebc032aea5b5f to remote] DEBUG org.asynchttpclient.netty.request.NettyRequestSender - Using pooled Channel '[id: 0xb7549578, L:/127.0.0.1:59183 - R:localhost/127.0.0.1:36782]' for 'GET' to 'http://localhost:36782/session/f5b7104a67e852367eeebc032aea5b5f/url'
14:28:58.918 [Forwarding getCurrentUrl on session f5b7104a67e852367eeebc032aea5b5f to remote] DEBUG org.asynchttpclient.netty.request.NettyRequestSender - Using open Channel [id: 0xb7549578, L:/127.0.0.1:59183 - R:localhost/127.0.0.1:36782] for GET '/session/f5b7104a67e852367eeebc032aea5b5f/url'
14:28:58.956 [AsyncHttpClient-1-5] DEBUG org.asynchttpclient.netty.handler.HttpHandler - 

Request DefaultFullHttpRequest(decodeResult: success, version: HTTP/1.1, content: EmptyByteBufBE)
GET /session/f5b7104a67e852367eeebc032aea5b5f/url HTTP/1.1
User-Agent: selenium/4.8.1 (java windows)
Cache-Control: no-cache
Content-Type: application/json; charset=utf-8
host: localhost:36782
accept: */*

Response DefaultHttpResponse(decodeResult: success, version: HTTP/1.1)
HTTP/1.1 200 OK
Content-Length: 40
Content-Type: application/json; charset=utf-8
cache-control: no-cache

14:28:58.956 [AsyncHttpClient-1-5] DEBUG org.asynchttpclient.netty.channel.ChannelManager - Adding key: http://localhost:36782 for channel [id: 0xb7549578, L:/127.0.0.1:59183 - R:localhost/127.0.0.1:36782]
14:28:58.965 [main] DEBUG net.thucydides.core.steps.StepInterceptor - STARTING STEP: Afrexim_Signin_steps.to_click_the_apply_for_facility_option - Click_applyfacility
14:28:58.977 [Forwarding findElement on session f5b7104a67e852367eeebc032aea5b5f to remote] DEBUG org.asynchttpclient.netty.request.NettyRequestSender - Using pooled Channel '[id: 0xb7549578, L:/127.0.0.1:59183 - R:localhost/127.0.0.1:36782]' for 'POST' to 'http://localhost:36782/session/f5b7104a67e852367eeebc032aea5b5f/element'
14:28:58.978 [Forwarding findElement on session f5b7104a67e852367eeebc032aea5b5f to remote] DEBUG org.asynchttpclient.netty.request.NettyRequestSender - Using open Channel [id: 0xb7549578, L:/127.0.0.1:59183 - R:localhost/127.0.0.1:36782] for POST '/session/f5b7104a67e852367eeebc032aea5b5f/element'
14:28:58.989 [AsyncHttpClient-1-1] DEBUG org.asynchttpclient.netty.channel.DefaultChannelPool - Entry count for : http://localhost:59184 : 1
14:28:59.071 [AsyncHttpClient-1-5] DEBUG org.asynchttpclient.netty.handler.HttpHandler - 

Request DefaultHttpRequest(decodeResult: success, version: HTTP/1.1)
POST /session/f5b7104a67e852367eeebc032aea5b5f/element HTTP/1.1
User-Agent: selenium/4.8.1 (java windows)
Content-Length: 84
Content-Type: application/json; charset=utf-8
host: localhost:36782
accept: */*

Response DefaultHttpResponse(decodeResult: success, version: HTTP/1.1)
HTTP/1.1 200 OK
Content-Length: 95
Content-Type: application/json; charset=utf-8
cache-control: no-cache

14:28:59.072 [AsyncHttpClient-1-5] DEBUG org.asynchttpclient.netty.channel.ChannelManager - Adding key: http://localhost:36782 for channel [id: 0xb7549578, L:/127.0.0.1:59183 - R:localhost/127.0.0.1:36782]
14:28:59.076 [Forwarding getElementTagName on session f5b7104a67e852367eeebc032aea5b5f to remote] DEBUG org.asynchttpclient.netty.request.NettyRequestSender - Using pooled Channel '[id: 0xb7549578, L:/127.0.0.1:59183 - R:localhost/127.0.0.1:36782]' for 'GET' to 'http://localhost:36782/session/f5b7104a67e852367eeebc032aea5b5f/element/CD5B7DDB43C412B801D19AA078E786E3_element_44/name'
14:28:59.076 [Forwarding getElementTagName on session f5b7104a67e852367eeebc032aea5b5f to remote] DEBUG org.asynchttpclient.netty.request.NettyRequestSender - Using open Channel [id: 0xb7549578, L:/127.0.0.1:59183 - R:localhost/127.0.0.1:36782] for GET '/session/f5b7104a67e852367eeebc032aea5b5f/element/CD5B7DDB43C412B801D19AA078E786E3_element_44/name'
14:28:59.102 [AsyncHttpClient-1-5] DEBUG org.asynchttpclient.netty.handler.HttpHandler - 

Request DefaultFullHttpRequest(decodeResult: success, version: HTTP/1.1, content: EmptyByteBufBE)
GET /session/f5b7104a67e852367eeebc032aea5b5f/element/CD5B7DDB43C412B801D19AA078E786E3_element_44/name HTTP/1.1
User-Agent: selenium/4.8.1 (java windows)
Cache-Control: no-cache
Content-Type: application/json; charset=utf-8
host: localhost:36782
accept: */*

Response DefaultHttpResponse(decodeResult: success, version: HTTP/1.1)
HTTP/1.1 200 OK
Content-Length: 13
Content-Type: application/json; charset=utf-8
cache-control: no-cache

14:28:59.103 [AsyncHttpClient-1-5] DEBUG org.asynchttpclient.netty.channel.ChannelManager - Adding key: http://localhost:36782 for channel [id: 0xb7549578, L:/127.0.0.1:59183 - R:localhost/127.0.0.1:36782]
14:28:59.106 [Forwarding getElementTagName on session f5b7104a67e852367eeebc032aea5b5f to remote] DEBUG org.asynchttpclient.netty.request.NettyRequestSender - Using pooled Channel '[id: 0xb7549578, L:/127.0.0.1:59183 - R:localhost/127.0.0.1:36782]' for 'GET' to 'http://localhost:36782/session/f5b7104a67e852367eeebc032aea5b5f/element/CD5B7DDB43C412B801D19AA078E786E3_element_44/name'
14:28:59.106 [Forwarding getElementTagName on session f5b7104a67e852367eeebc032aea5b5f to remote] DEBUG org.asynchttpclient.netty.request.NettyRequestSender - Using open Channel [id: 0xb7549578, L:/127.0.0.1:59183 - R:localhost/127.0.0.1:36782] for GET '/session/f5b7104a67e852367eeebc032aea5b5f/element/CD5B7DDB43C412B801D19AA078E786E3_element_44/name'
14:28:59.126 [AsyncHttpClient-1-5] DEBUG org.asynchttpclient.netty.handler.HttpHandler - 

Request DefaultFullHttpRequest(decodeResult: success, version: HTTP/1.1, content: EmptyByteBufBE)
GET /session/f5b7104a67e852367eeebc032aea5b5f/element/CD5B7DDB43C412B801D19AA078E786E3_element_44/name HTTP/1.1
User-Agent: selenium/4.8.1 (java windows)
Cache-Control: no-cache
Content-Type: application/json; charset=utf-8
host: localhost:36782
accept: */*

Response DefaultHttpResponse(decodeResult: success, version: HTTP/1.1)
HTTP/1.1 200 OK
Content-Length: 13
Content-Type: application/json; charset=utf-8
cache-control: no-cache

14:28:59.126 [AsyncHttpClient-1-5] DEBUG org.asynchttpclient.netty.channel.ChannelManager - Adding key: http://localhost:36782 for channel [id: 0xb7549578, L:/127.0.0.1:59183 - R:localhost/127.0.0.1:36782]
14:28:59.134 [Forwarding findElement on session f5b7104a67e852367eeebc032aea5b5f to remote] DEBUG org.asynchttpclient.netty.request.NettyRequestSender - Using pooled Channel '[id: 0xb7549578, L:/127.0.0.1:59183 - R:localhost/127.0.0.1:36782]' for 'POST' to 'http://localhost:36782/session/f5b7104a67e852367eeebc032aea5b5f/element'
14:28:59.134 [Forwarding findElement on session f5b7104a67e852367eeebc032aea5b5f to remote] DEBUG org.asynchttpclient.netty.request.NettyRequestSender - Using open Channel [id: 0xb7549578, L:/127.0.0.1:59183 - R:localhost/127.0.0.1:36782] for POST '/session/f5b7104a67e852367eeebc032aea5b5f/element'
14:28:59.181 [AsyncHttpClient-1-5] DEBUG org.asynchttpclient.netty.handler.HttpHandler - 

Request DefaultHttpRequest(decodeResult: success, version: HTTP/1.1)
POST /session/f5b7104a67e852367eeebc032aea5b5f/element HTTP/1.1
User-Agent: selenium/4.8.1 (java windows)
Content-Length: 84
Content-Type: application/json; charset=utf-8
host: localhost:36782
accept: */*

Response DefaultHttpResponse(decodeResult: success, version: HTTP/1.1)
HTTP/1.1 200 OK
Content-Length: 95
Content-Type: application/json; charset=utf-8
cache-control: no-cache

14:28:59.182 [AsyncHttpClient-1-5] DEBUG org.asynchttpclient.netty.channel.ChannelManager - Adding key: http://localhost:36782 for channel [id: 0xb7549578, L:/127.0.0.1:59183 - R:localhost/127.0.0.1:36782]
14:28:59.184 [Forwarding clickElement on session f5b7104a67e852367eeebc032aea5b5f to remote] DEBUG org.asynchttpclient.netty.request.NettyRequestSender - Using pooled Channel '[id: 0xb7549578, L:/127.0.0.1:59183 - R:localhost/127.0.0.1:36782]' for 'POST' to 'http://localhost:36782/session/f5b7104a67e852367eeebc032aea5b5f/element/CD5B7DDB43C412B801D19AA078E786E3_element_44/click'
14:28:59.186 [Forwarding clickElement on session f5b7104a67e852367eeebc032aea5b5f to remote] DEBUG org.asynchttpclient.netty.request.NettyRequestSender - Using open Channel [id: 0xb7549578, L:/127.0.0.1:59183 - R:localhost/127.0.0.1:36782] for POST '/session/f5b7104a67e852367eeebc032aea5b5f/element/CD5B7DDB43C412B801D19AA078E786E3_element_44/click'
14:29:00.088 [AsyncHttpClient-1-1] DEBUG org.asynchttpclient.netty.channel.DefaultChannelPool - Entry count for : http://localhost:59184 : 1
14:29:01.193 [AsyncHttpClient-1-1] DEBUG org.asynchttpclient.netty.channel.DefaultChannelPool - Entry count for : http://localhost:59184 : 1
14:29:02.264 [AsyncHttpClient-1-5] DEBUG org.asynchttpclient.netty.handler.HttpHandler - 

Request DefaultHttpRequest(decodeResult: success, version: HTTP/1.1)
POST /session/f5b7104a67e852367eeebc032aea5b5f/element/CD5B7DDB43C412B801D19AA078E786E3_element_44/click HTTP/1.1
User-Agent: selenium/4.8.1 (java windows)
Content-Length: 57
Content-Type: application/json; charset=utf-8
host: localhost:36782
accept: */*

Response DefaultHttpResponse(decodeResult: success, version: HTTP/1.1)
HTTP/1.1 200 OK
Content-Length: 14
Content-Type: application/json; charset=utf-8
cache-control: no-cache

14:29:02.264 [AsyncHttpClient-1-5] DEBUG org.asynchttpclient.netty.channel.ChannelManager - Adding key: http://localhost:36782 for channel [id: 0xb7549578, L:/127.0.0.1:59183 - R:localhost/127.0.0.1:36782]
14:29:02.281 [Forwarding getAlertText on session f5b7104a67e852367eeebc032aea5b5f to remote] DEBUG org.asynchttpclient.netty.request.NettyRequestSender - Using pooled Channel '[id: 0xb7549578, L:/127.0.0.1:59183 - R:localhost/127.0.0.1:36782]' for 'GET' to 'http://localhost:36782/session/f5b7104a67e852367eeebc032aea5b5f/alert/text'
14:29:02.281 [Forwarding getAlertText on session f5b7104a67e852367eeebc032aea5b5f to remote] DEBUG org.asynchttpclient.netty.request.NettyRequestSender - Using open Channel [id: 0xb7549578, L:/127.0.0.1:59183 - R:localhost/127.0.0.1:36782] for GET '/session/f5b7104a67e852367eeebc032aea5b5f/alert/text'
14:29:02.297 [AsyncHttpClient-1-1] DEBUG org.asynchttpclient.netty.channel.DefaultChannelPool - Entry count for : http://localhost:59184 : 1
14:29:02.301 [AsyncHttpClient-1-5] DEBUG org.asynchttpclient.netty.handler.HttpHandler - 

Request DefaultFullHttpRequest(decodeResult: success, version: HTTP/1.1, content: EmptyByteBufBE)
GET /session/f5b7104a67e852367eeebc032aea5b5f/alert/text HTTP/1.1
User-Agent: selenium/4.8.1 (java windows)
Cache-Control: no-cache
Content-Type: application/json; charset=utf-8
host: localhost:36782
accept: */*

Response DefaultHttpResponse(decodeResult: success, version: HTTP/1.1)
HTTP/1.1 404 Not Found
Content-Length: 821
Content-Type: application/json; charset=utf-8
cache-control: no-cache

14:29:02.301 [AsyncHttpClient-1-5] DEBUG org.asynchttpclient.netty.channel.ChannelManager - Adding key: http://localhost:36782 for channel [id: 0xb7549578, L:/127.0.0.1:59183 - R:localhost/127.0.0.1:36782]
14:29:02.302 [Forwarding getCurrentUrl on session f5b7104a67e852367eeebc032aea5b5f to remote] DEBUG org.asynchttpclient.netty.request.NettyRequestSender - Using pooled Channel '[id: 0xb7549578, L:/127.0.0.1:59183 - R:localhost/127.0.0.1:36782]' for 'GET' to 'http://localhost:36782/session/f5b7104a67e852367eeebc032aea5b5f/url'
14:29:02.302 [Forwarding getCurrentUrl on session f5b7104a67e852367eeebc032aea5b5f to remote] DEBUG org.asynchttpclient.netty.request.NettyRequestSender - Using open Channel [id: 0xb7549578, L:/127.0.0.1:59183 - R:localhost/127.0.0.1:36782] for GET '/session/f5b7104a67e852367eeebc032aea5b5f/url'
14:29:02.317 [AsyncHttpClient-1-5] DEBUG org.asynchttpclient.netty.handler.HttpHandler - 

Request DefaultFullHttpRequest(decodeResult: success, version: HTTP/1.1, content: EmptyByteBufBE)
GET /session/f5b7104a67e852367eeebc032aea5b5f/url HTTP/1.1
User-Agent: selenium/4.8.1 (java windows)
Cache-Control: no-cache
Content-Type: application/json; charset=utf-8
host: localhost:36782
accept: */*

Response DefaultHttpResponse(decodeResult: success, version: HTTP/1.1)
HTTP/1.1 200 OK
Content-Length: 54
Content-Type: application/json; charset=utf-8
cache-control: no-cache

14:29:02.317 [AsyncHttpClient-1-5] DEBUG org.asynchttpclient.netty.channel.ChannelManager - Adding key: http://localhost:36782 for channel [id: 0xb7549578, L:/127.0.0.1:59183 - R:localhost/127.0.0.1:36782]
14:29:02.319 [Forwarding screenshot on session f5b7104a67e852367eeebc032aea5b5f to remote] DEBUG org.asynchttpclient.netty.request.NettyRequestSender - Using pooled Channel '[id: 0xb7549578, L:/127.0.0.1:59183 - R:localhost/127.0.0.1:36782]' for 'GET' to 'http://localhost:36782/session/f5b7104a67e852367eeebc032aea5b5f/screenshot'
14:29:02.319 [Forwarding screenshot on session f5b7104a67e852367eeebc032aea5b5f to remote] DEBUG org.asynchttpclient.netty.request.NettyRequestSender - Using open Channel [id: 0xb7549578, L:/127.0.0.1:59183 - R:localhost/127.0.0.1:36782] for GET '/session/f5b7104a67e852367eeebc032aea5b5f/screenshot'
14:29:02.807 [AsyncHttpClient-1-5] DEBUG org.asynchttpclient.netty.handler.HttpHandler - 

Request DefaultFullHttpRequest(decodeResult: success, version: HTTP/1.1, content: EmptyByteBufBE)
GET /session/f5b7104a67e852367eeebc032aea5b5f/screenshot HTTP/1.1
User-Agent: selenium/4.8.1 (java windows)
Cache-Control: no-cache
Content-Type: application/json; charset=utf-8
host: localhost:36782
accept: */*

Response DefaultHttpResponse(decodeResult: success, version: HTTP/1.1)
HTTP/1.1 200 OK
Content-Length: 51488
Content-Type: application/json; charset=utf-8
cache-control: no-cache

14:29:02.808 [AsyncHttpClient-1-5] DEBUG org.asynchttpclient.netty.channel.ChannelManager - Adding key: http://localhost:36782 for channel [id: 0xb7549578, L:/127.0.0.1:59183 - R:localhost/127.0.0.1:36782]
14:29:02.812 [main] DEBUG net.serenitybdd.core.photography.Darkroom - Send negative for processing for target\site\serenity\9857aafb41216484dfe4faf047dea54ef8bf2a79a20276e7a1ecaa7016b22ca1.png
14:29:02.812 [main] DEBUG net.thucydides.core.steps.StepInterceptor - STEP DONE: Click_applyfacility
14:29:02.829 [Forwarding getPageSource on session f5b7104a67e852367eeebc032aea5b5f to remote] DEBUG org.asynchttpclient.netty.request.NettyRequestSender - Using pooled Channel '[id: 0xb7549578, L:/127.0.0.1:59183 - R:localhost/127.0.0.1:36782]' for 'POST' to 'http://localhost:36782/session/f5b7104a67e852367eeebc032aea5b5f/execute/sync'
14:29:02.829 [Forwarding getPageSource on session f5b7104a67e852367eeebc032aea5b5f to remote] DEBUG org.asynchttpclient.netty.request.NettyRequestSender - Using open Channel [id: 0xb7549578, L:/127.0.0.1:59183 - R:localhost/127.0.0.1:36782] for POST '/session/f5b7104a67e852367eeebc032aea5b5f/execute/sync'
14:29:02.841 [AsyncHttpClient-1-5] DEBUG org.asynchttpclient.netty.handler.HttpHandler - 

Request DefaultHttpRequest(decodeResult: success, version: HTTP/1.1)
POST /session/f5b7104a67e852367eeebc032aea5b5f/execute/sync HTTP/1.1
User-Agent: selenium/4.8.1 (java windows)
Content-Length: 176
Content-Type: application/json; charset=utf-8
host: localhost:36782
accept: */*

Response DefaultHttpResponse(decodeResult: success, version: HTTP/1.1)
HTTP/1.1 200 OK
Content-Length: 6206
Content-Type: application/json; charset=utf-8
cache-control: no-cache

14:29:02.841 [AsyncHttpClient-1-5] DEBUG org.asynchttpclient.netty.channel.ChannelManager - Adding key: http://localhost:36782 for channel [id: 0xb7549578, L:/127.0.0.1:59183 - R:localhost/127.0.0.1:36782]
14:29:02.844 [Forwarding getCurrentUrl on session f5b7104a67e852367eeebc032aea5b5f to remote] DEBUG org.asynchttpclient.netty.request.NettyRequestSender - Using pooled Channel '[id: 0xb7549578, L:/127.0.0.1:59183 - R:localhost/127.0.0.1:36782]' for 'GET' to 'http://localhost:36782/session/f5b7104a67e852367eeebc032aea5b5f/url'
14:29:02.845 [Forwarding getCurrentUrl on session f5b7104a67e852367eeebc032aea5b5f to remote] DEBUG org.asynchttpclient.netty.request.NettyRequestSender - Using open Channel [id: 0xb7549578, L:/127.0.0.1:59183 - R:localhost/127.0.0.1:36782] for GET '/session/f5b7104a67e852367eeebc032aea5b5f/url'
14:29:02.855 [AsyncHttpClient-1-5] DEBUG org.asynchttpclient.netty.handler.HttpHandler - 

Request DefaultFullHttpRequest(decodeResult: success, version: HTTP/1.1, content: EmptyByteBufBE)
GET /session/f5b7104a67e852367eeebc032aea5b5f/url HTTP/1.1
User-Agent: selenium/4.8.1 (java windows)
Cache-Control: no-cache
Content-Type: application/json; charset=utf-8
host: localhost:36782
accept: */*

Response DefaultHttpResponse(decodeResult: success, version: HTTP/1.1)
HTTP/1.1 200 OK
Content-Length: 54
Content-Type: application/json; charset=utf-8
cache-control: no-cache

14:29:02.855 [AsyncHttpClient-1-5] DEBUG org.asynchttpclient.netty.channel.ChannelManager - Adding key: http://localhost:36782 for channel [id: 0xb7549578, L:/127.0.0.1:59183 - R:localhost/127.0.0.1:36782]
14:29:02.873 [Forwarding getAlertText on session f5b7104a67e852367eeebc032aea5b5f to remote] DEBUG org.asynchttpclient.netty.request.NettyRequestSender - Using pooled Channel '[id: 0xb7549578, L:/127.0.0.1:59183 - R:localhost/127.0.0.1:36782]' for 'GET' to 'http://localhost:36782/session/f5b7104a67e852367eeebc032aea5b5f/alert/text'
14:29:02.873 [Forwarding getAlertText on session f5b7104a67e852367eeebc032aea5b5f to remote] DEBUG org.asynchttpclient.netty.request.NettyRequestSender - Using open Channel [id: 0xb7549578, L:/127.0.0.1:59183 - R:localhost/127.0.0.1:36782] for GET '/session/f5b7104a67e852367eeebc032aea5b5f/alert/text'
14:29:02.877 [AsyncHttpClient-1-5] DEBUG org.asynchttpclient.netty.handler.HttpHandler - 

Request DefaultFullHttpRequest(decodeResult: success, version: HTTP/1.1, content: EmptyByteBufBE)
GET /session/f5b7104a67e852367eeebc032aea5b5f/alert/text HTTP/1.1
User-Agent: selenium/4.8.1 (java windows)
Cache-Control: no-cache
Content-Type: application/json; charset=utf-8
host: localhost:36782
accept: */*

Response DefaultHttpResponse(decodeResult: success, version: HTTP/1.1)
HTTP/1.1 404 Not Found
Content-Length: 821
Content-Type: application/json; charset=utf-8
cache-control: no-cache

14:29:02.877 [AsyncHttpClient-1-5] DEBUG org.asynchttpclient.netty.channel.ChannelManager - Adding key: http://localhost:36782 for channel [id: 0xb7549578, L:/127.0.0.1:59183 - R:localhost/127.0.0.1:36782]
14:29:02.878 [Forwarding getCurrentUrl on session f5b7104a67e852367eeebc032aea5b5f to remote] DEBUG org.asynchttpclient.netty.request.NettyRequestSender - Using pooled Channel '[id: 0xb7549578, L:/127.0.0.1:59183 - R:localhost/127.0.0.1:36782]' for 'GET' to 'http://localhost:36782/session/f5b7104a67e852367eeebc032aea5b5f/url'
14:29:02.878 [Forwarding getCurrentUrl on session f5b7104a67e852367eeebc032aea5b5f to remote] DEBUG org.asynchttpclient.netty.request.NettyRequestSender - Using open Channel [id: 0xb7549578, L:/127.0.0.1:59183 - R:localhost/127.0.0.1:36782] for GET '/session/f5b7104a67e852367eeebc032aea5b5f/url'
14:29:02.888 [AsyncHttpClient-1-5] DEBUG org.asynchttpclient.netty.handler.HttpHandler - 

Request DefaultFullHttpRequest(decodeResult: success, version: HTTP/1.1, content: EmptyByteBufBE)
GET /session/f5b7104a67e852367eeebc032aea5b5f/url HTTP/1.1
User-Agent: selenium/4.8.1 (java windows)
Cache-Control: no-cache
Content-Type: application/json; charset=utf-8
host: localhost:36782
accept: */*

Response DefaultHttpResponse(decodeResult: success, version: HTTP/1.1)
HTTP/1.1 200 OK
Content-Length: 54
Content-Type: application/json; charset=utf-8
cache-control: no-cache

14:29:02.888 [AsyncHttpClient-1-5] DEBUG org.asynchttpclient.netty.channel.ChannelManager - Adding key: http://localhost:36782 for channel [id: 0xb7549578, L:/127.0.0.1:59183 - R:localhost/127.0.0.1:36782]
14:29:02.889 [Forwarding screenshot on session f5b7104a67e852367eeebc032aea5b5f to remote] DEBUG org.asynchttpclient.netty.request.NettyRequestSender - Using pooled Channel '[id: 0xb7549578, L:/127.0.0.1:59183 - R:localhost/127.0.0.1:36782]' for 'GET' to 'http://localhost:36782/session/f5b7104a67e852367eeebc032aea5b5f/screenshot'
14:29:02.889 [Forwarding screenshot on session f5b7104a67e852367eeebc032aea5b5f to remote] DEBUG org.asynchttpclient.netty.request.NettyRequestSender - Using open Channel [id: 0xb7549578, L:/127.0.0.1:59183 - R:localhost/127.0.0.1:36782] for GET '/session/f5b7104a67e852367eeebc032aea5b5f/screenshot'
14:29:03.143 [AsyncHttpClient-1-5] DEBUG org.asynchttpclient.netty.handler.HttpHandler - 

Request DefaultFullHttpRequest(decodeResult: success, version: HTTP/1.1, content: EmptyByteBufBE)
GET /session/f5b7104a67e852367eeebc032aea5b5f/screenshot HTTP/1.1
User-Agent: selenium/4.8.1 (java windows)
Cache-Control: no-cache
Content-Type: application/json; charset=utf-8
host: localhost:36782
accept: */*

Response DefaultHttpResponse(decodeResult: success, version: HTTP/1.1)
HTTP/1.1 200 OK
Content-Length: 51488
Content-Type: application/json; charset=utf-8
cache-control: no-cache

14:29:03.144 [AsyncHttpClient-1-5] DEBUG org.asynchttpclient.netty.channel.ChannelManager - Adding key: http://localhost:36782 for channel [id: 0xb7549578, L:/127.0.0.1:59183 - R:localhost/127.0.0.1:36782]
14:29:03.148 [main] DEBUG net.serenitybdd.core.photography.Darkroom - Send negative for processing for target\site\serenity\9857aafb41216484dfe4faf047dea54ef8bf2a79a20276e7a1ecaa7016b22ca1.png
14:29:03.151 [Forwarding getPageSource on session f5b7104a67e852367eeebc032aea5b5f to remote] DEBUG org.asynchttpclient.netty.request.NettyRequestSender - Using pooled Channel '[id: 0xb7549578, L:/127.0.0.1:59183 - R:localhost/127.0.0.1:36782]' for 'POST' to 'http://localhost:36782/session/f5b7104a67e852367eeebc032aea5b5f/execute/sync'
14:29:03.151 [Forwarding getPageSource on session f5b7104a67e852367eeebc032aea5b5f to remote] DEBUG org.asynchttpclient.netty.request.NettyRequestSender - Using open Channel [id: 0xb7549578, L:/127.0.0.1:59183 - R:localhost/127.0.0.1:36782] for POST '/session/f5b7104a67e852367eeebc032aea5b5f/execute/sync'
14:29:03.161 [AsyncHttpClient-1-5] DEBUG org.asynchttpclient.netty.handler.HttpHandler - 

Request DefaultHttpRequest(decodeResult: success, version: HTTP/1.1)
POST /session/f5b7104a67e852367eeebc032aea5b5f/execute/sync HTTP/1.1
User-Agent: selenium/4.8.1 (java windows)
Content-Length: 176
Content-Type: application/json; charset=utf-8
host: localhost:36782
accept: */*

Response DefaultHttpResponse(decodeResult: success, version: HTTP/1.1)
HTTP/1.1 200 OK
Content-Length: 6206
Content-Type: application/json; charset=utf-8
cache-control: no-cache

14:29:03.161 [AsyncHttpClient-1-5] DEBUG org.asynchttpclient.netty.channel.ChannelManager - Adding key: http://localhost:36782 for channel [id: 0xb7549578, L:/127.0.0.1:59183 - R:localhost/127.0.0.1:36782]
14:29:03.163 [Forwarding getCurrentUrl on session f5b7104a67e852367eeebc032aea5b5f to remote] DEBUG org.asynchttpclient.netty.request.NettyRequestSender - Using pooled Channel '[id: 0xb7549578, L:/127.0.0.1:59183 - R:localhost/127.0.0.1:36782]' for 'GET' to 'http://localhost:36782/session/f5b7104a67e852367eeebc032aea5b5f/url'
14:29:03.163 [Forwarding getCurrentUrl on session f5b7104a67e852367eeebc032aea5b5f to remote] DEBUG org.asynchttpclient.netty.request.NettyRequestSender - Using open Channel [id: 0xb7549578, L:/127.0.0.1:59183 - R:localhost/127.0.0.1:36782] for GET '/session/f5b7104a67e852367eeebc032aea5b5f/url'
14:29:03.170 [AsyncHttpClient-1-5] DEBUG org.asynchttpclient.netty.handler.HttpHandler - 

Request DefaultFullHttpRequest(decodeResult: success, version: HTTP/1.1, content: EmptyByteBufBE)
GET /session/f5b7104a67e852367eeebc032aea5b5f/url HTTP/1.1
User-Agent: selenium/4.8.1 (java windows)
Cache-Control: no-cache
Content-Type: application/json; charset=utf-8
host: localhost:36782
accept: */*

Response DefaultHttpResponse(decodeResult: success, version: HTTP/1.1)
HTTP/1.1 200 OK
Content-Length: 54
Content-Type: application/json; charset=utf-8
cache-control: no-cache

14:29:03.170 [AsyncHttpClient-1-5] DEBUG org.asynchttpclient.netty.channel.ChannelManager - Adding key: http://localhost:36782 for channel [id: 0xb7549578, L:/127.0.0.1:59183 - R:localhost/127.0.0.1:36782]
14:29:03.175 [main] DEBUG net.thucydides.core.steps.StepInterceptor - STARTING STEP: Afrexim_Signin_steps.to_enter_username - Enter_username
14:29:03.180 [Forwarding findElement on session f5b7104a67e852367eeebc032aea5b5f to remote] DEBUG org.asynchttpclient.netty.request.NettyRequestSender - Using pooled Channel '[id: 0xb7549578, L:/127.0.0.1:59183 - R:localhost/127.0.0.1:36782]' for 'POST' to 'http://localhost:36782/session/f5b7104a67e852367eeebc032aea5b5f/element'
14:29:03.180 [Forwarding findElement on session f5b7104a67e852367eeebc032aea5b5f to remote] DEBUG org.asynchttpclient.netty.request.NettyRequestSender - Using open Channel [id: 0xb7549578, L:/127.0.0.1:59183 - R:localhost/127.0.0.1:36782] for POST '/session/f5b7104a67e852367eeebc032aea5b5f/element'
14:29:03.203 [AsyncHttpClient-1-5] DEBUG org.asynchttpclient.netty.handler.HttpHandler - 

Request DefaultHttpRequest(decodeResult: success, version: HTTP/1.1)
POST /session/f5b7104a67e852367eeebc032aea5b5f/element HTTP/1.1
User-Agent: selenium/4.8.1 (java windows)
Content-Length: 85
Content-Type: application/json; charset=utf-8
host: localhost:36782
accept: */*

Response DefaultHttpResponse(decodeResult: success, version: HTTP/1.1)
HTTP/1.1 200 OK
Content-Length: 95
Content-Type: application/json; charset=utf-8
cache-control: no-cache

14:29:03.203 [AsyncHttpClient-1-5] DEBUG org.asynchttpclient.netty.channel.ChannelManager - Adding key: http://localhost:36782 for channel [id: 0xb7549578, L:/127.0.0.1:59183 - R:localhost/127.0.0.1:36782]
14:29:03.204 [Forwarding clearElement on session f5b7104a67e852367eeebc032aea5b5f to remote] DEBUG org.asynchttpclient.netty.request.NettyRequestSender - Using pooled Channel '[id: 0xb7549578, L:/127.0.0.1:59183 - R:localhost/127.0.0.1:36782]' for 'POST' to 'http://localhost:36782/session/f5b7104a67e852367eeebc032aea5b5f/element/C9FA40965EC882AF11B03F1D74B6C0BD_element_50/clear'
14:29:03.204 [Forwarding clearElement on session f5b7104a67e852367eeebc032aea5b5f to remote] DEBUG org.asynchttpclient.netty.request.NettyRequestSender - Using open Channel [id: 0xb7549578, L:/127.0.0.1:59183 - R:localhost/127.0.0.1:36782] for POST '/session/f5b7104a67e852367eeebc032aea5b5f/element/C9FA40965EC882AF11B03F1D74B6C0BD_element_50/clear'
14:29:03.274 [AsyncHttpClient-1-5] DEBUG org.asynchttpclient.netty.handler.HttpHandler - 

Request DefaultHttpRequest(decodeResult: success, version: HTTP/1.1)
POST /session/f5b7104a67e852367eeebc032aea5b5f/element/C9FA40965EC882AF11B03F1D74B6C0BD_element_50/clear HTTP/1.1
User-Agent: selenium/4.8.1 (java windows)
Content-Length: 57
Content-Type: application/json; charset=utf-8
host: localhost:36782
accept: */*

Response DefaultHttpResponse(decodeResult: success, version: HTTP/1.1)
HTTP/1.1 200 OK
Content-Length: 14
Content-Type: application/json; charset=utf-8
cache-control: no-cache

14:29:03.274 [AsyncHttpClient-1-5] DEBUG org.asynchttpclient.netty.channel.ChannelManager - Adding key: http://localhost:36782 for channel [id: 0xb7549578, L:/127.0.0.1:59183 - R:localhost/127.0.0.1:36782]
14:29:03.276 [Forwarding sendKeysToElement on session f5b7104a67e852367eeebc032aea5b5f to remote] DEBUG org.asynchttpclient.netty.request.NettyRequestSender - Using pooled Channel '[id: 0xb7549578, L:/127.0.0.1:59183 - R:localhost/127.0.0.1:36782]' for 'POST' to 'http://localhost:36782/session/f5b7104a67e852367eeebc032aea5b5f/element/C9FA40965EC882AF11B03F1D74B6C0BD_element_50/value'
14:29:03.276 [Forwarding sendKeysToElement on session f5b7104a67e852367eeebc032aea5b5f to remote] DEBUG org.asynchttpclient.netty.request.NettyRequestSender - Using open Channel [id: 0xb7549578, L:/127.0.0.1:59183 - R:localhost/127.0.0.1:36782] for POST '/session/f5b7104a67e852367eeebc032aea5b5f/element/C9FA40965EC882AF11B03F1D74B6C0BD_element_50/value'
14:29:03.401 [AsyncHttpClient-1-1] DEBUG org.asynchttpclient.netty.channel.DefaultChannelPool - Entry count for : http://localhost:59184 : 1
14:29:03.569 [AsyncHttpClient-1-5] DEBUG org.asynchttpclient.netty.handler.HttpHandler - 

Request DefaultHttpRequest(decodeResult: success, version: HTTP/1.1)
POST /session/f5b7104a67e852367eeebc032aea5b5f/element/C9FA40965EC882AF11B03F1D74B6C0BD_element_50/value HTTP/1.1
User-Agent: selenium/4.8.1 (java windows)
Content-Length: 228
Content-Type: application/json; charset=utf-8
host: localhost:36782
accept: */*

Response DefaultHttpResponse(decodeResult: success, version: HTTP/1.1)
HTTP/1.1 200 OK
Content-Length: 14
Content-Type: application/json; charset=utf-8
cache-control: no-cache

14:29:03.570 [AsyncHttpClient-1-5] DEBUG org.asynchttpclient.netty.channel.ChannelManager - Adding key: http://localhost:36782 for channel [id: 0xb7549578, L:/127.0.0.1:59183 - R:localhost/127.0.0.1:36782]
14:29:03.584 [Forwarding getAlertText on session f5b7104a67e852367eeebc032aea5b5f to remote] DEBUG org.asynchttpclient.netty.request.NettyRequestSender - Using pooled Channel '[id: 0xb7549578, L:/127.0.0.1:59183 - R:localhost/127.0.0.1:36782]' for 'GET' to 'http://localhost:36782/session/f5b7104a67e852367eeebc032aea5b5f/alert/text'
14:29:03.585 [Forwarding getAlertText on session f5b7104a67e852367eeebc032aea5b5f to remote] DEBUG org.asynchttpclient.netty.request.NettyRequestSender - Using open Channel [id: 0xb7549578, L:/127.0.0.1:59183 - R:localhost/127.0.0.1:36782] for GET '/session/f5b7104a67e852367eeebc032aea5b5f/alert/text'
14:29:03.589 [AsyncHttpClient-1-5] DEBUG org.asynchttpclient.netty.handler.HttpHandler - 

Request DefaultFullHttpRequest(decodeResult: success, version: HTTP/1.1, content: EmptyByteBufBE)
GET /session/f5b7104a67e852367eeebc032aea5b5f/alert/text HTTP/1.1
User-Agent: selenium/4.8.1 (java windows)
Cache-Control: no-cache
Content-Type: application/json; charset=utf-8
host: localhost:36782
accept: */*

Response DefaultHttpResponse(decodeResult: success, version: HTTP/1.1)
HTTP/1.1 404 Not Found
Content-Length: 821
Content-Type: application/json; charset=utf-8
cache-control: no-cache

14:29:03.589 [AsyncHttpClient-1-5] DEBUG org.asynchttpclient.netty.channel.ChannelManager - Adding key: http://localhost:36782 for channel [id: 0xb7549578, L:/127.0.0.1:59183 - R:localhost/127.0.0.1:36782]
14:29:03.591 [Forwarding getCurrentUrl on session f5b7104a67e852367eeebc032aea5b5f to remote] DEBUG org.asynchttpclient.netty.request.NettyRequestSender - Using pooled Channel '[id: 0xb7549578, L:/127.0.0.1:59183 - R:localhost/127.0.0.1:36782]' for 'GET' to 'http://localhost:36782/session/f5b7104a67e852367eeebc032aea5b5f/url'
14:29:03.591 [Forwarding getCurrentUrl on session f5b7104a67e852367eeebc032aea5b5f to remote] DEBUG org.asynchttpclient.netty.request.NettyRequestSender - Using open Channel [id: 0xb7549578, L:/127.0.0.1:59183 - R:localhost/127.0.0.1:36782] for GET '/session/f5b7104a67e852367eeebc032aea5b5f/url'
14:29:03.614 [AsyncHttpClient-1-5] DEBUG org.asynchttpclient.netty.handler.HttpHandler - 

Request DefaultFullHttpRequest(decodeResult: success, version: HTTP/1.1, content: EmptyByteBufBE)
GET /session/f5b7104a67e852367eeebc032aea5b5f/url HTTP/1.1
User-Agent: selenium/4.8.1 (java windows)
Cache-Control: no-cache
Content-Type: application/json; charset=utf-8
host: localhost:36782
accept: */*

Response DefaultHttpResponse(decodeResult: success, version: HTTP/1.1)
HTTP/1.1 200 OK
Content-Length: 54
Content-Type: application/json; charset=utf-8
cache-control: no-cache

14:29:03.614 [AsyncHttpClient-1-5] DEBUG org.asynchttpclient.netty.channel.ChannelManager - Adding key: http://localhost:36782 for channel [id: 0xb7549578, L:/127.0.0.1:59183 - R:localhost/127.0.0.1:36782]
14:29:03.615 [Forwarding screenshot on session f5b7104a67e852367eeebc032aea5b5f to remote] DEBUG org.asynchttpclient.netty.request.NettyRequestSender - Using pooled Channel '[id: 0xb7549578, L:/127.0.0.1:59183 - R:localhost/127.0.0.1:36782]' for 'GET' to 'http://localhost:36782/session/f5b7104a67e852367eeebc032aea5b5f/screenshot'
14:29:03.615 [Forwarding screenshot on session f5b7104a67e852367eeebc032aea5b5f to remote] DEBUG org.asynchttpclient.netty.request.NettyRequestSender - Using open Channel [id: 0xb7549578, L:/127.0.0.1:59183 - R:localhost/127.0.0.1:36782] for GET '/session/f5b7104a67e852367eeebc032aea5b5f/screenshot'
14:29:03.873 [AsyncHttpClient-1-5] DEBUG org.asynchttpclient.netty.handler.HttpHandler - 

Request DefaultFullHttpRequest(decodeResult: success, version: HTTP/1.1, content: EmptyByteBufBE)
GET /session/f5b7104a67e852367eeebc032aea5b5f/screenshot HTTP/1.1
User-Agent: selenium/4.8.1 (java windows)
Cache-Control: no-cache
Content-Type: application/json; charset=utf-8
host: localhost:36782
accept: */*

Response DefaultHttpResponse(decodeResult: success, version: HTTP/1.1)
HTTP/1.1 200 OK
Content-Length: 53848
Content-Type: application/json; charset=utf-8
cache-control: no-cache

14:29:03.873 [AsyncHttpClient-1-5] DEBUG org.asynchttpclient.netty.channel.ChannelManager - Adding key: http://localhost:36782 for channel [id: 0xb7549578, L:/127.0.0.1:59183 - R:localhost/127.0.0.1:36782]
14:29:03.877 [main] DEBUG net.serenitybdd.core.photography.Darkroom - Send negative for processing for target\site\serenity\d3f0a727a5486bfb9d0718c31d4e479370e584baa5e0c855fb597541bfafaf24.png
14:29:03.879 [main] DEBUG net.thucydides.core.steps.StepInterceptor - STEP DONE: Enter_username
14:29:03.879 [Darkroom Processing Line] DEBUG net.serenitybdd.core.photography.DarkroomProcessingLine - Processing screenshot image in /var/screenshots/screenshot-8303611944087581259
14:29:03.879 [Darkroom Processing Line] DEBUG net.serenitybdd.core.photography.DarkroomProcessingLine - Saving screenshot to target\site\serenity\d3f0a727a5486bfb9d0718c31d4e479370e584baa5e0c855fb597541bfafaf24.png
14:29:03.899 [Forwarding getPageSource on session f5b7104a67e852367eeebc032aea5b5f to remote] DEBUG org.asynchttpclient.netty.request.NettyRequestSender - Using pooled Channel '[id: 0xb7549578, L:/127.0.0.1:59183 - R:localhost/127.0.0.1:36782]' for 'POST' to 'http://localhost:36782/session/f5b7104a67e852367eeebc032aea5b5f/execute/sync'
14:29:03.899 [Forwarding getPageSource on session f5b7104a67e852367eeebc032aea5b5f to remote] DEBUG org.asynchttpclient.netty.request.NettyRequestSender - Using open Channel [id: 0xb7549578, L:/127.0.0.1:59183 - R:localhost/127.0.0.1:36782] for POST '/session/f5b7104a67e852367eeebc032aea5b5f/execute/sync'
14:29:03.911 [AsyncHttpClient-1-5] DEBUG org.asynchttpclient.netty.handler.HttpHandler - 

Request DefaultHttpRequest(decodeResult: success, version: HTTP/1.1)
POST /session/f5b7104a67e852367eeebc032aea5b5f/execute/sync HTTP/1.1
User-Agent: selenium/4.8.1 (java windows)
Content-Length: 176
Content-Type: application/json; charset=utf-8
host: localhost:36782
accept: */*

Response DefaultHttpResponse(decodeResult: success, version: HTTP/1.1)
HTTP/1.1 200 OK
Content-Length: 6220
Content-Type: application/json; charset=utf-8
cache-control: no-cache

14:29:03.911 [AsyncHttpClient-1-5] DEBUG org.asynchttpclient.netty.channel.ChannelManager - Adding key: http://localhost:36782 for channel [id: 0xb7549578, L:/127.0.0.1:59183 - R:localhost/127.0.0.1:36782]
14:29:03.913 [Forwarding getCurrentUrl on session f5b7104a67e852367eeebc032aea5b5f to remote] DEBUG org.asynchttpclient.netty.request.NettyRequestSender - Using pooled Channel '[id: 0xb7549578, L:/127.0.0.1:59183 - R:localhost/127.0.0.1:36782]' for 'GET' to 'http://localhost:36782/session/f5b7104a67e852367eeebc032aea5b5f/url'
14:29:03.913 [Forwarding getCurrentUrl on session f5b7104a67e852367eeebc032aea5b5f to remote] DEBUG org.asynchttpclient.netty.request.NettyRequestSender - Using open Channel [id: 0xb7549578, L:/127.0.0.1:59183 - R:localhost/127.0.0.1:36782] for GET '/session/f5b7104a67e852367eeebc032aea5b5f/url'
14:29:03.923 [AsyncHttpClient-1-5] DEBUG org.asynchttpclient.netty.handler.HttpHandler - 

Request DefaultFullHttpRequest(decodeResult: success, version: HTTP/1.1, content: EmptyByteBufBE)
GET /session/f5b7104a67e852367eeebc032aea5b5f/url HTTP/1.1
User-Agent: selenium/4.8.1 (java windows)
Cache-Control: no-cache
Content-Type: application/json; charset=utf-8
host: localhost:36782
accept: */*

Response DefaultHttpResponse(decodeResult: success, version: HTTP/1.1)
HTTP/1.1 200 OK
Content-Length: 54
Content-Type: application/json; charset=utf-8
cache-control: no-cache

14:29:03.924 [AsyncHttpClient-1-5] DEBUG org.asynchttpclient.netty.channel.ChannelManager - Adding key: http://localhost:36782 for channel [id: 0xb7549578, L:/127.0.0.1:59183 - R:localhost/127.0.0.1:36782]
14:29:03.937 [Forwarding getAlertText on session f5b7104a67e852367eeebc032aea5b5f to remote] DEBUG org.asynchttpclient.netty.request.NettyRequestSender - Using pooled Channel '[id: 0xb7549578, L:/127.0.0.1:59183 - R:localhost/127.0.0.1:36782]' for 'GET' to 'http://localhost:36782/session/f5b7104a67e852367eeebc032aea5b5f/alert/text'
14:29:03.938 [Forwarding getAlertText on session f5b7104a67e852367eeebc032aea5b5f to remote] DEBUG org.asynchttpclient.netty.request.NettyRequestSender - Using open Channel [id: 0xb7549578, L:/127.0.0.1:59183 - R:localhost/127.0.0.1:36782] for GET '/session/f5b7104a67e852367eeebc032aea5b5f/alert/text'
14:29:03.941 [AsyncHttpClient-1-5] DEBUG org.asynchttpclient.netty.handler.HttpHandler - 

Request DefaultFullHttpRequest(decodeResult: success, version: HTTP/1.1, content: EmptyByteBufBE)
GET /session/f5b7104a67e852367eeebc032aea5b5f/alert/text HTTP/1.1
User-Agent: selenium/4.8.1 (java windows)
Cache-Control: no-cache
Content-Type: application/json; charset=utf-8
host: localhost:36782
accept: */*

Response DefaultHttpResponse(decodeResult: success, version: HTTP/1.1)
HTTP/1.1 404 Not Found
Content-Length: 821
Content-Type: application/json; charset=utf-8
cache-control: no-cache

14:29:03.941 [AsyncHttpClient-1-5] DEBUG org.asynchttpclient.netty.channel.ChannelManager - Adding key: http://localhost:36782 for channel [id: 0xb7549578, L:/127.0.0.1:59183 - R:localhost/127.0.0.1:36782]
14:29:03.942 [Forwarding getCurrentUrl on session f5b7104a67e852367eeebc032aea5b5f to remote] DEBUG org.asynchttpclient.netty.request.NettyRequestSender - Using pooled Channel '[id: 0xb7549578, L:/127.0.0.1:59183 - R:localhost/127.0.0.1:36782]' for 'GET' to 'http://localhost:36782/session/f5b7104a67e852367eeebc032aea5b5f/url'
14:29:03.943 [Forwarding getCurrentUrl on session f5b7104a67e852367eeebc032aea5b5f to remote] DEBUG org.asynchttpclient.netty.request.NettyRequestSender - Using open Channel [id: 0xb7549578, L:/127.0.0.1:59183 - R:localhost/127.0.0.1:36782] for GET '/session/f5b7104a67e852367eeebc032aea5b5f/url'
14:29:03.949 [AsyncHttpClient-1-5] DEBUG org.asynchttpclient.netty.handler.HttpHandler - 

Request DefaultFullHttpRequest(decodeResult: success, version: HTTP/1.1, content: EmptyByteBufBE)
GET /session/f5b7104a67e852367eeebc032aea5b5f/url HTTP/1.1
User-Agent: selenium/4.8.1 (java windows)
Cache-Control: no-cache
Content-Type: application/json; charset=utf-8
host: localhost:36782
accept: */*

Response DefaultHttpResponse(decodeResult: success, version: HTTP/1.1)
HTTP/1.1 200 OK
Content-Length: 54
Content-Type: application/json; charset=utf-8
cache-control: no-cache

14:29:03.949 [AsyncHttpClient-1-5] DEBUG org.asynchttpclient.netty.channel.ChannelManager - Adding key: http://localhost:36782 for channel [id: 0xb7549578, L:/127.0.0.1:59183 - R:localhost/127.0.0.1:36782]
14:29:03.950 [Forwarding screenshot on session f5b7104a67e852367eeebc032aea5b5f to remote] DEBUG org.asynchttpclient.netty.request.NettyRequestSender - Using pooled Channel '[id: 0xb7549578, L:/127.0.0.1:59183 - R:localhost/127.0.0.1:36782]' for 'GET' to 'http://localhost:36782/session/f5b7104a67e852367eeebc032aea5b5f/screenshot'
14:29:03.950 [Forwarding screenshot on session f5b7104a67e852367eeebc032aea5b5f to remote] DEBUG org.asynchttpclient.netty.request.NettyRequestSender - Using open Channel [id: 0xb7549578, L:/127.0.0.1:59183 - R:localhost/127.0.0.1:36782] for GET '/session/f5b7104a67e852367eeebc032aea5b5f/screenshot'
14:29:04.201 [AsyncHttpClient-1-5] DEBUG org.asynchttpclient.netty.handler.HttpHandler - 

Request DefaultFullHttpRequest(decodeResult: success, version: HTTP/1.1, content: EmptyByteBufBE)
GET /session/f5b7104a67e852367eeebc032aea5b5f/screenshot HTTP/1.1
User-Agent: selenium/4.8.1 (java windows)
Cache-Control: no-cache
Content-Type: application/json; charset=utf-8
host: localhost:36782
accept: */*

Response DefaultHttpResponse(decodeResult: success, version: HTTP/1.1)
HTTP/1.1 200 OK
Content-Length: 53848
Content-Type: application/json; charset=utf-8
cache-control: no-cache

14:29:04.201 [AsyncHttpClient-1-5] DEBUG org.asynchttpclient.netty.channel.ChannelManager - Adding key: http://localhost:36782 for channel [id: 0xb7549578, L:/127.0.0.1:59183 - R:localhost/127.0.0.1:36782]
14:29:04.207 [main] DEBUG net.serenitybdd.core.photography.Darkroom - Send negative for processing for target\site\serenity\d3f0a727a5486bfb9d0718c31d4e479370e584baa5e0c855fb597541bfafaf24.png
14:29:04.210 [Forwarding getPageSource on session f5b7104a67e852367eeebc032aea5b5f to remote] DEBUG org.asynchttpclient.netty.request.NettyRequestSender - Using pooled Channel '[id: 0xb7549578, L:/127.0.0.1:59183 - R:localhost/127.0.0.1:36782]' for 'POST' to 'http://localhost:36782/session/f5b7104a67e852367eeebc032aea5b5f/execute/sync'
14:29:04.210 [Forwarding getPageSource on session f5b7104a67e852367eeebc032aea5b5f to remote] DEBUG org.asynchttpclient.netty.request.NettyRequestSender - Using open Channel [id: 0xb7549578, L:/127.0.0.1:59183 - R:localhost/127.0.0.1:36782] for POST '/session/f5b7104a67e852367eeebc032aea5b5f/execute/sync'
14:29:04.226 [AsyncHttpClient-1-5] DEBUG org.asynchttpclient.netty.handler.HttpHandler - 

Request DefaultHttpRequest(decodeResult: success, version: HTTP/1.1)
POST /session/f5b7104a67e852367eeebc032aea5b5f/execute/sync HTTP/1.1
User-Agent: selenium/4.8.1 (java windows)
Content-Length: 176
Content-Type: application/json; charset=utf-8
host: localhost:36782
accept: */*

Response DefaultHttpResponse(decodeResult: success, version: HTTP/1.1)
HTTP/1.1 200 OK
Content-Length: 6220
Content-Type: application/json; charset=utf-8
cache-control: no-cache

14:29:04.226 [AsyncHttpClient-1-5] DEBUG org.asynchttpclient.netty.channel.ChannelManager - Adding key: http://localhost:36782 for channel [id: 0xb7549578, L:/127.0.0.1:59183 - R:localhost/127.0.0.1:36782]
14:29:04.229 [Forwarding getCurrentUrl on session f5b7104a67e852367eeebc032aea5b5f to remote] DEBUG org.asynchttpclient.netty.request.NettyRequestSender - Using pooled Channel '[id: 0xb7549578, L:/127.0.0.1:59183 - R:localhost/127.0.0.1:36782]' for 'GET' to 'http://localhost:36782/session/f5b7104a67e852367eeebc032aea5b5f/url'
14:29:04.230 [Forwarding getCurrentUrl on session f5b7104a67e852367eeebc032aea5b5f to remote] DEBUG org.asynchttpclient.netty.request.NettyRequestSender - Using open Channel [id: 0xb7549578, L:/127.0.0.1:59183 - R:localhost/127.0.0.1:36782] for GET '/session/f5b7104a67e852367eeebc032aea5b5f/url'
14:29:04.244 [AsyncHttpClient-1-5] DEBUG org.asynchttpclient.netty.handler.HttpHandler - 

Request DefaultFullHttpRequest(decodeResult: success, version: HTTP/1.1, content: EmptyByteBufBE)
GET /session/f5b7104a67e852367eeebc032aea5b5f/url HTTP/1.1
User-Agent: selenium/4.8.1 (java windows)
Cache-Control: no-cache
Content-Type: application/json; charset=utf-8
host: localhost:36782
accept: */*

Response DefaultHttpResponse(decodeResult: success, version: HTTP/1.1)
HTTP/1.1 200 OK
Content-Length: 54
Content-Type: application/json; charset=utf-8
cache-control: no-cache

14:29:04.244 [AsyncHttpClient-1-5] DEBUG org.asynchttpclient.netty.channel.ChannelManager - Adding key: http://localhost:36782 for channel [id: 0xb7549578, L:/127.0.0.1:59183 - R:localhost/127.0.0.1:36782]
14:29:04.248 [main] DEBUG net.thucydides.core.steps.StepInterceptor - STARTING STEP: Afrexim_Signin_steps.to_enter_password - Enter_password
14:29:04.253 [Forwarding findElement on session f5b7104a67e852367eeebc032aea5b5f to remote] DEBUG org.asynchttpclient.netty.request.NettyRequestSender - Using pooled Channel '[id: 0xb7549578, L:/127.0.0.1:59183 - R:localhost/127.0.0.1:36782]' for 'POST' to 'http://localhost:36782/session/f5b7104a67e852367eeebc032aea5b5f/element'
14:29:04.253 [Forwarding findElement on session f5b7104a67e852367eeebc032aea5b5f to remote] DEBUG org.asynchttpclient.netty.request.NettyRequestSender - Using open Channel [id: 0xb7549578, L:/127.0.0.1:59183 - R:localhost/127.0.0.1:36782] for POST '/session/f5b7104a67e852367eeebc032aea5b5f/element'
14:29:04.284 [AsyncHttpClient-1-5] DEBUG org.asynchttpclient.netty.handler.HttpHandler - 

Request DefaultHttpRequest(decodeResult: success, version: HTTP/1.1)
POST /session/f5b7104a67e852367eeebc032aea5b5f/element HTTP/1.1
User-Agent: selenium/4.8.1 (java windows)
Content-Length: 85
Content-Type: application/json; charset=utf-8
host: localhost:36782
accept: */*

Response DefaultHttpResponse(decodeResult: success, version: HTTP/1.1)
HTTP/1.1 200 OK
Content-Length: 95
Content-Type: application/json; charset=utf-8
cache-control: no-cache

14:29:04.285 [AsyncHttpClient-1-5] DEBUG org.asynchttpclient.netty.channel.ChannelManager - Adding key: http://localhost:36782 for channel [id: 0xb7549578, L:/127.0.0.1:59183 - R:localhost/127.0.0.1:36782]
14:29:04.286 [Forwarding clearElement on session f5b7104a67e852367eeebc032aea5b5f to remote] DEBUG org.asynchttpclient.netty.request.NettyRequestSender - Using pooled Channel '[id: 0xb7549578, L:/127.0.0.1:59183 - R:localhost/127.0.0.1:36782]' for 'POST' to 'http://localhost:36782/session/f5b7104a67e852367eeebc032aea5b5f/element/C9FA40965EC882AF11B03F1D74B6C0BD_element_51/clear'
14:29:04.286 [Forwarding clearElement on session f5b7104a67e852367eeebc032aea5b5f to remote] DEBUG org.asynchttpclient.netty.request.NettyRequestSender - Using open Channel [id: 0xb7549578, L:/127.0.0.1:59183 - R:localhost/127.0.0.1:36782] for POST '/session/f5b7104a67e852367eeebc032aea5b5f/element/C9FA40965EC882AF11B03F1D74B6C0BD_element_51/clear'
14:29:04.355 [AsyncHttpClient-1-5] DEBUG org.asynchttpclient.netty.handler.HttpHandler - 

Request DefaultHttpRequest(decodeResult: success, version: HTTP/1.1)
POST /session/f5b7104a67e852367eeebc032aea5b5f/element/C9FA40965EC882AF11B03F1D74B6C0BD_element_51/clear HTTP/1.1
User-Agent: selenium/4.8.1 (java windows)
Content-Length: 57
Content-Type: application/json; charset=utf-8
host: localhost:36782
accept: */*

Response DefaultHttpResponse(decodeResult: success, version: HTTP/1.1)
HTTP/1.1 200 OK
Content-Length: 14
Content-Type: application/json; charset=utf-8
cache-control: no-cache

14:29:04.355 [AsyncHttpClient-1-5] DEBUG org.asynchttpclient.netty.channel.ChannelManager - Adding key: http://localhost:36782 for channel [id: 0xb7549578, L:/127.0.0.1:59183 - R:localhost/127.0.0.1:36782]
14:29:04.358 [Forwarding sendKeysToElement on session f5b7104a67e852367eeebc032aea5b5f to remote] DEBUG org.asynchttpclient.netty.request.NettyRequestSender - Using pooled Channel '[id: 0xb7549578, L:/127.0.0.1:59183 - R:localhost/127.0.0.1:36782]' for 'POST' to 'http://localhost:36782/session/f5b7104a67e852367eeebc032aea5b5f/element/C9FA40965EC882AF11B03F1D74B6C0BD_element_51/value'
14:29:04.358 [Forwarding sendKeysToElement on session f5b7104a67e852367eeebc032aea5b5f to remote] DEBUG org.asynchttpclient.netty.request.NettyRequestSender - Using open Channel [id: 0xb7549578, L:/127.0.0.1:59183 - R:localhost/127.0.0.1:36782] for POST '/session/f5b7104a67e852367eeebc032aea5b5f/element/C9FA40965EC882AF11B03F1D74B6C0BD_element_51/value'
14:29:04.492 [AsyncHttpClient-1-1] DEBUG org.asynchttpclient.netty.channel.DefaultChannelPool - Entry count for : http://localhost:59184 : 1
14:29:04.557 [AsyncHttpClient-1-5] DEBUG org.asynchttpclient.netty.handler.HttpHandler - 

Request DefaultHttpRequest(decodeResult: success, version: HTTP/1.1)
POST /session/f5b7104a67e852367eeebc032aea5b5f/element/C9FA40965EC882AF11B03F1D74B6C0BD_element_51/value HTTP/1.1
User-Agent: selenium/4.8.1 (java windows)
Content-Length: 158
Content-Type: application/json; charset=utf-8
host: localhost:36782
accept: */*

Response DefaultHttpResponse(decodeResult: success, version: HTTP/1.1)
HTTP/1.1 200 OK
Content-Length: 14
Content-Type: application/json; charset=utf-8
cache-control: no-cache

14:29:04.559 [AsyncHttpClient-1-5] DEBUG org.asynchttpclient.netty.channel.ChannelManager - Adding key: http://localhost:36782 for channel [id: 0xb7549578, L:/127.0.0.1:59183 - R:localhost/127.0.0.1:36782]
14:29:04.578 [Forwarding getAlertText on session f5b7104a67e852367eeebc032aea5b5f to remote] DEBUG org.asynchttpclient.netty.request.NettyRequestSender - Using pooled Channel '[id: 0xb7549578, L:/127.0.0.1:59183 - R:localhost/127.0.0.1:36782]' for 'GET' to 'http://localhost:36782/session/f5b7104a67e852367eeebc032aea5b5f/alert/text'
14:29:04.578 [Forwarding getAlertText on session f5b7104a67e852367eeebc032aea5b5f to remote] DEBUG org.asynchttpclient.netty.request.NettyRequestSender - Using open Channel [id: 0xb7549578, L:/127.0.0.1:59183 - R:localhost/127.0.0.1:36782] for GET '/session/f5b7104a67e852367eeebc032aea5b5f/alert/text'
14:29:04.591 [AsyncHttpClient-1-5] DEBUG org.asynchttpclient.netty.handler.HttpHandler - 

Request DefaultFullHttpRequest(decodeResult: success, version: HTTP/1.1, content: EmptyByteBufBE)
GET /session/f5b7104a67e852367eeebc032aea5b5f/alert/text HTTP/1.1
User-Agent: selenium/4.8.1 (java windows)
Cache-Control: no-cache
Content-Type: application/json; charset=utf-8
host: localhost:36782
accept: */*

Response DefaultHttpResponse(decodeResult: success, version: HTTP/1.1)
HTTP/1.1 404 Not Found
Content-Length: 821
Content-Type: application/json; charset=utf-8
cache-control: no-cache

14:29:04.591 [AsyncHttpClient-1-5] DEBUG org.asynchttpclient.netty.channel.ChannelManager - Adding key: http://localhost:36782 for channel [id: 0xb7549578, L:/127.0.0.1:59183 - R:localhost/127.0.0.1:36782]
14:29:04.594 [Forwarding getCurrentUrl on session f5b7104a67e852367eeebc032aea5b5f to remote] DEBUG org.asynchttpclient.netty.request.NettyRequestSender - Using pooled Channel '[id: 0xb7549578, L:/127.0.0.1:59183 - R:localhost/127.0.0.1:36782]' for 'GET' to 'http://localhost:36782/session/f5b7104a67e852367eeebc032aea5b5f/url'
14:29:04.594 [Forwarding getCurrentUrl on session f5b7104a67e852367eeebc032aea5b5f to remote] DEBUG org.asynchttpclient.netty.request.NettyRequestSender - Using open Channel [id: 0xb7549578, L:/127.0.0.1:59183 - R:localhost/127.0.0.1:36782] for GET '/session/f5b7104a67e852367eeebc032aea5b5f/url'
14:29:04.621 [AsyncHttpClient-1-5] DEBUG org.asynchttpclient.netty.handler.HttpHandler - 

Request DefaultFullHttpRequest(decodeResult: success, version: HTTP/1.1, content: EmptyByteBufBE)
GET /session/f5b7104a67e852367eeebc032aea5b5f/url HTTP/1.1
User-Agent: selenium/4.8.1 (java windows)
Cache-Control: no-cache
Content-Type: application/json; charset=utf-8
host: localhost:36782
accept: */*

Response DefaultHttpResponse(decodeResult: success, version: HTTP/1.1)
HTTP/1.1 200 OK
Content-Length: 54
Content-Type: application/json; charset=utf-8
cache-control: no-cache

14:29:04.621 [AsyncHttpClient-1-5] DEBUG org.asynchttpclient.netty.channel.ChannelManager - Adding key: http://localhost:36782 for channel [id: 0xb7549578, L:/127.0.0.1:59183 - R:localhost/127.0.0.1:36782]
14:29:04.623 [Forwarding screenshot on session f5b7104a67e852367eeebc032aea5b5f to remote] DEBUG org.asynchttpclient.netty.request.NettyRequestSender - Using pooled Channel '[id: 0xb7549578, L:/127.0.0.1:59183 - R:localhost/127.0.0.1:36782]' for 'GET' to 'http://localhost:36782/session/f5b7104a67e852367eeebc032aea5b5f/screenshot'
14:29:04.623 [Forwarding screenshot on session f5b7104a67e852367eeebc032aea5b5f to remote] DEBUG org.asynchttpclient.netty.request.NettyRequestSender - Using open Channel [id: 0xb7549578, L:/127.0.0.1:59183 - R:localhost/127.0.0.1:36782] for GET '/session/f5b7104a67e852367eeebc032aea5b5f/screenshot'
14:29:04.931 [AsyncHttpClient-1-5] DEBUG org.asynchttpclient.netty.handler.HttpHandler - 

Request DefaultFullHttpRequest(decodeResult: success, version: HTTP/1.1, content: EmptyByteBufBE)
GET /session/f5b7104a67e852367eeebc032aea5b5f/screenshot HTTP/1.1
User-Agent: selenium/4.8.1 (java windows)
Cache-Control: no-cache
Content-Type: application/json; charset=utf-8
host: localhost:36782
accept: */*

Response DefaultHttpResponse(decodeResult: success, version: HTTP/1.1)
HTTP/1.1 200 OK
Content-Length: 54172
Content-Type: application/json; charset=utf-8
cache-control: no-cache

14:29:04.932 [AsyncHttpClient-1-5] DEBUG org.asynchttpclient.netty.channel.ChannelManager - Adding key: http://localhost:36782 for channel [id: 0xb7549578, L:/127.0.0.1:59183 - R:localhost/127.0.0.1:36782]
14:29:04.938 [main] DEBUG net.serenitybdd.core.photography.Darkroom - Send negative for processing for target\site\serenity\00b806a1289b2cbdffdad2eb5b137c7ae74f5a4d56e0ed7e6e7389b75a9da2d1.png
14:29:04.939 [main] DEBUG net.thucydides.core.steps.StepInterceptor - STEP DONE: Enter_password
14:29:04.939 [Darkroom Processing Line] DEBUG net.serenitybdd.core.photography.DarkroomProcessingLine - Processing screenshot image in /var/screenshots/screenshot-5319727056744752704
14:29:04.939 [Darkroom Processing Line] DEBUG net.serenitybdd.core.photography.DarkroomProcessingLine - Saving screenshot to target\site\serenity\00b806a1289b2cbdffdad2eb5b137c7ae74f5a4d56e0ed7e6e7389b75a9da2d1.png
14:29:04.967 [Forwarding getPageSource on session f5b7104a67e852367eeebc032aea5b5f to remote] DEBUG org.asynchttpclient.netty.request.NettyRequestSender - Using pooled Channel '[id: 0xb7549578, L:/127.0.0.1:59183 - R:localhost/127.0.0.1:36782]' for 'POST' to 'http://localhost:36782/session/f5b7104a67e852367eeebc032aea5b5f/execute/sync'
14:29:04.967 [Forwarding getPageSource on session f5b7104a67e852367eeebc032aea5b5f to remote] DEBUG org.asynchttpclient.netty.request.NettyRequestSender - Using open Channel [id: 0xb7549578, L:/127.0.0.1:59183 - R:localhost/127.0.0.1:36782] for POST '/session/f5b7104a67e852367eeebc032aea5b5f/execute/sync'
14:29:04.985 [AsyncHttpClient-1-5] DEBUG org.asynchttpclient.netty.handler.HttpHandler - 

Request DefaultHttpRequest(decodeResult: success, version: HTTP/1.1)
POST /session/f5b7104a67e852367eeebc032aea5b5f/execute/sync HTTP/1.1
User-Agent: selenium/4.8.1 (java windows)
Content-Length: 176
Content-Type: application/json; charset=utf-8
host: localhost:36782
accept: */*

Response DefaultHttpResponse(decodeResult: success, version: HTTP/1.1)
HTTP/1.1 200 OK
Content-Length: 6227
Content-Type: application/json; charset=utf-8
cache-control: no-cache

14:29:04.985 [AsyncHttpClient-1-5] DEBUG org.asynchttpclient.netty.channel.ChannelManager - Adding key: http://localhost:36782 for channel [id: 0xb7549578, L:/127.0.0.1:59183 - R:localhost/127.0.0.1:36782]
14:29:04.988 [Forwarding getCurrentUrl on session f5b7104a67e852367eeebc032aea5b5f to remote] DEBUG org.asynchttpclient.netty.request.NettyRequestSender - Using pooled Channel '[id: 0xb7549578, L:/127.0.0.1:59183 - R:localhost/127.0.0.1:36782]' for 'GET' to 'http://localhost:36782/session/f5b7104a67e852367eeebc032aea5b5f/url'
14:29:04.988 [Forwarding getCurrentUrl on session f5b7104a67e852367eeebc032aea5b5f to remote] DEBUG org.asynchttpclient.netty.request.NettyRequestSender - Using open Channel [id: 0xb7549578, L:/127.0.0.1:59183 - R:localhost/127.0.0.1:36782] for GET '/session/f5b7104a67e852367eeebc032aea5b5f/url'
14:29:05.002 [AsyncHttpClient-1-5] DEBUG org.asynchttpclient.netty.handler.HttpHandler - 

Request DefaultFullHttpRequest(decodeResult: success, version: HTTP/1.1, content: EmptyByteBufBE)
GET /session/f5b7104a67e852367eeebc032aea5b5f/url HTTP/1.1
User-Agent: selenium/4.8.1 (java windows)
Cache-Control: no-cache
Content-Type: application/json; charset=utf-8
host: localhost:36782
accept: */*

Response DefaultHttpResponse(decodeResult: success, version: HTTP/1.1)
HTTP/1.1 200 OK
Content-Length: 54
Content-Type: application/json; charset=utf-8
cache-control: no-cache

14:29:05.003 [AsyncHttpClient-1-5] DEBUG org.asynchttpclient.netty.channel.ChannelManager - Adding key: http://localhost:36782 for channel [id: 0xb7549578, L:/127.0.0.1:59183 - R:localhost/127.0.0.1:36782]
14:29:05.022 [Forwarding getAlertText on session f5b7104a67e852367eeebc032aea5b5f to remote] DEBUG org.asynchttpclient.netty.request.NettyRequestSender - Using pooled Channel '[id: 0xb7549578, L:/127.0.0.1:59183 - R:localhost/127.0.0.1:36782]' for 'GET' to 'http://localhost:36782/session/f5b7104a67e852367eeebc032aea5b5f/alert/text'
14:29:05.023 [Forwarding getAlertText on session f5b7104a67e852367eeebc032aea5b5f to remote] DEBUG org.asynchttpclient.netty.request.NettyRequestSender - Using open Channel [id: 0xb7549578, L:/127.0.0.1:59183 - R:localhost/127.0.0.1:36782] for GET '/session/f5b7104a67e852367eeebc032aea5b5f/alert/text'
14:29:05.026 [AsyncHttpClient-1-5] DEBUG org.asynchttpclient.netty.handler.HttpHandler - 

Request DefaultFullHttpRequest(decodeResult: success, version: HTTP/1.1, content: EmptyByteBufBE)
GET /session/f5b7104a67e852367eeebc032aea5b5f/alert/text HTTP/1.1
User-Agent: selenium/4.8.1 (java windows)
Cache-Control: no-cache
Content-Type: application/json; charset=utf-8
host: localhost:36782
accept: */*

Response DefaultHttpResponse(decodeResult: success, version: HTTP/1.1)
HTTP/1.1 404 Not Found
Content-Length: 821
Content-Type: application/json; charset=utf-8
cache-control: no-cache

14:29:05.026 [AsyncHttpClient-1-5] DEBUG org.asynchttpclient.netty.channel.ChannelManager - Adding key: http://localhost:36782 for channel [id: 0xb7549578, L:/127.0.0.1:59183 - R:localhost/127.0.0.1:36782]
14:29:05.027 [Forwarding getCurrentUrl on session f5b7104a67e852367eeebc032aea5b5f to remote] DEBUG org.asynchttpclient.netty.request.NettyRequestSender - Using pooled Channel '[id: 0xb7549578, L:/127.0.0.1:59183 - R:localhost/127.0.0.1:36782]' for 'GET' to 'http://localhost:36782/session/f5b7104a67e852367eeebc032aea5b5f/url'
14:29:05.028 [Forwarding getCurrentUrl on session f5b7104a67e852367eeebc032aea5b5f to remote] DEBUG org.asynchttpclient.netty.request.NettyRequestSender - Using open Channel [id: 0xb7549578, L:/127.0.0.1:59183 - R:localhost/127.0.0.1:36782] for GET '/session/f5b7104a67e852367eeebc032aea5b5f/url'
14:29:05.039 [AsyncHttpClient-1-5] DEBUG org.asynchttpclient.netty.handler.HttpHandler - 

Request DefaultFullHttpRequest(decodeResult: success, version: HTTP/1.1, content: EmptyByteBufBE)
GET /session/f5b7104a67e852367eeebc032aea5b5f/url HTTP/1.1
User-Agent: selenium/4.8.1 (java windows)
Cache-Control: no-cache
Content-Type: application/json; charset=utf-8
host: localhost:36782
accept: */*

Response DefaultHttpResponse(decodeResult: success, version: HTTP/1.1)
HTTP/1.1 200 OK
Content-Length: 54
Content-Type: application/json; charset=utf-8
cache-control: no-cache

14:29:05.039 [AsyncHttpClient-1-5] DEBUG org.asynchttpclient.netty.channel.ChannelManager - Adding key: http://localhost:36782 for channel [id: 0xb7549578, L:/127.0.0.1:59183 - R:localhost/127.0.0.1:36782]
14:29:05.040 [Forwarding screenshot on session f5b7104a67e852367eeebc032aea5b5f to remote] DEBUG org.asynchttpclient.netty.request.NettyRequestSender - Using pooled Channel '[id: 0xb7549578, L:/127.0.0.1:59183 - R:localhost/127.0.0.1:36782]' for 'GET' to 'http://localhost:36782/session/f5b7104a67e852367eeebc032aea5b5f/screenshot'
14:29:05.040 [Forwarding screenshot on session f5b7104a67e852367eeebc032aea5b5f to remote] DEBUG org.asynchttpclient.netty.request.NettyRequestSender - Using open Channel [id: 0xb7549578, L:/127.0.0.1:59183 - R:localhost/127.0.0.1:36782] for GET '/session/f5b7104a67e852367eeebc032aea5b5f/screenshot'
14:29:05.284 [AsyncHttpClient-1-5] DEBUG org.asynchttpclient.netty.handler.HttpHandler - 

Request DefaultFullHttpRequest(decodeResult: success, version: HTTP/1.1, content: EmptyByteBufBE)
GET /session/f5b7104a67e852367eeebc032aea5b5f/screenshot HTTP/1.1
User-Agent: selenium/4.8.1 (java windows)
Cache-Control: no-cache
Content-Type: application/json; charset=utf-8
host: localhost:36782
accept: */*

Response DefaultHttpResponse(decodeResult: success, version: HTTP/1.1)
HTTP/1.1 200 OK
Content-Length: 54172
Content-Type: application/json; charset=utf-8
cache-control: no-cache

14:29:05.284 [AsyncHttpClient-1-5] DEBUG org.asynchttpclient.netty.channel.ChannelManager - Adding key: http://localhost:36782 for channel [id: 0xb7549578, L:/127.0.0.1:59183 - R:localhost/127.0.0.1:36782]
14:29:05.290 [main] DEBUG net.serenitybdd.core.photography.Darkroom - Send negative for processing for target\site\serenity\00b806a1289b2cbdffdad2eb5b137c7ae74f5a4d56e0ed7e6e7389b75a9da2d1.png
14:29:05.290 [Forwarding getPageSource on session f5b7104a67e852367eeebc032aea5b5f to remote] DEBUG org.asynchttpclient.netty.request.NettyRequestSender - Using pooled Channel '[id: 0xb7549578, L:/127.0.0.1:59183 - R:localhost/127.0.0.1:36782]' for 'POST' to 'http://localhost:36782/session/f5b7104a67e852367eeebc032aea5b5f/execute/sync'
14:29:05.290 [Forwarding getPageSource on session f5b7104a67e852367eeebc032aea5b5f to remote] DEBUG org.asynchttpclient.netty.request.NettyRequestSender - Using open Channel [id: 0xb7549578, L:/127.0.0.1:59183 - R:localhost/127.0.0.1:36782] for POST '/session/f5b7104a67e852367eeebc032aea5b5f/execute/sync'
14:29:05.306 [AsyncHttpClient-1-5] DEBUG org.asynchttpclient.netty.handler.HttpHandler - 

Request DefaultHttpRequest(decodeResult: success, version: HTTP/1.1)
POST /session/f5b7104a67e852367eeebc032aea5b5f/execute/sync HTTP/1.1
User-Agent: selenium/4.8.1 (java windows)
Content-Length: 176
Content-Type: application/json; charset=utf-8
host: localhost:36782
accept: */*

Response DefaultHttpResponse(decodeResult: success, version: HTTP/1.1)
HTTP/1.1 200 OK
Content-Length: 6227
Content-Type: application/json; charset=utf-8
cache-control: no-cache

14:29:05.306 [AsyncHttpClient-1-5] DEBUG org.asynchttpclient.netty.channel.ChannelManager - Adding key: http://localhost:36782 for channel [id: 0xb7549578, L:/127.0.0.1:59183 - R:localhost/127.0.0.1:36782]
14:29:05.306 [Forwarding getCurrentUrl on session f5b7104a67e852367eeebc032aea5b5f to remote] DEBUG org.asynchttpclient.netty.request.NettyRequestSender - Using pooled Channel '[id: 0xb7549578, L:/127.0.0.1:59183 - R:localhost/127.0.0.1:36782]' for 'GET' to 'http://localhost:36782/session/f5b7104a67e852367eeebc032aea5b5f/url'
14:29:05.306 [Forwarding getCurrentUrl on session f5b7104a67e852367eeebc032aea5b5f to remote] DEBUG org.asynchttpclient.netty.request.NettyRequestSender - Using open Channel [id: 0xb7549578, L:/127.0.0.1:59183 - R:localhost/127.0.0.1:36782] for GET '/session/f5b7104a67e852367eeebc032aea5b5f/url'
14:29:05.321 [AsyncHttpClient-1-5] DEBUG org.asynchttpclient.netty.handler.HttpHandler - 

Request DefaultFullHttpRequest(decodeResult: success, version: HTTP/1.1, content: EmptyByteBufBE)
GET /session/f5b7104a67e852367eeebc032aea5b5f/url HTTP/1.1
User-Agent: selenium/4.8.1 (java windows)
Cache-Control: no-cache
Content-Type: application/json; charset=utf-8
host: localhost:36782
accept: */*

Response DefaultHttpResponse(decodeResult: success, version: HTTP/1.1)
HTTP/1.1 200 OK
Content-Length: 54
Content-Type: application/json; charset=utf-8
cache-control: no-cache

14:29:05.321 [AsyncHttpClient-1-5] DEBUG org.asynchttpclient.netty.channel.ChannelManager - Adding key: http://localhost:36782 for channel [id: 0xb7549578, L:/127.0.0.1:59183 - R:localhost/127.0.0.1:36782]
14:29:05.321 [main] DEBUG net.thucydides.core.steps.StepInterceptor - STARTING STEP: Afrexim_Signin_steps.to_click_sign_in_button - Click_Signinbutton
14:29:05.330 [Forwarding findElement on session f5b7104a67e852367eeebc032aea5b5f to remote] DEBUG org.asynchttpclient.netty.request.NettyRequestSender - Using pooled Channel '[id: 0xb7549578, L:/127.0.0.1:59183 - R:localhost/127.0.0.1:36782]' for 'POST' to 'http://localhost:36782/session/f5b7104a67e852367eeebc032aea5b5f/element'
14:29:05.330 [Forwarding findElement on session f5b7104a67e852367eeebc032aea5b5f to remote] DEBUG org.asynchttpclient.netty.request.NettyRequestSender - Using open Channel [id: 0xb7549578, L:/127.0.0.1:59183 - R:localhost/127.0.0.1:36782] for POST '/session/f5b7104a67e852367eeebc032aea5b5f/element'
14:29:05.353 [AsyncHttpClient-1-5] DEBUG org.asynchttpclient.netty.handler.HttpHandler - 

Request DefaultHttpRequest(decodeResult: success, version: HTTP/1.1)
POST /session/f5b7104a67e852367eeebc032aea5b5f/element HTTP/1.1
User-Agent: selenium/4.8.1 (java windows)
Content-Length: 72
Content-Type: application/json; charset=utf-8
host: localhost:36782
accept: */*

Response DefaultHttpResponse(decodeResult: success, version: HTTP/1.1)
HTTP/1.1 200 OK
Content-Length: 95
Content-Type: application/json; charset=utf-8
cache-control: no-cache

14:29:05.353 [AsyncHttpClient-1-5] DEBUG org.asynchttpclient.netty.channel.ChannelManager - Adding key: http://localhost:36782 for channel [id: 0xb7549578, L:/127.0.0.1:59183 - R:localhost/127.0.0.1:36782]
14:29:05.359 [Forwarding getElementTagName on session f5b7104a67e852367eeebc032aea5b5f to remote] DEBUG org.asynchttpclient.netty.request.NettyRequestSender - Using pooled Channel '[id: 0xb7549578, L:/127.0.0.1:59183 - R:localhost/127.0.0.1:36782]' for 'GET' to 'http://localhost:36782/session/f5b7104a67e852367eeebc032aea5b5f/element/C9FA40965EC882AF11B03F1D74B6C0BD_element_58/name'
14:29:05.359 [Forwarding getElementTagName on session f5b7104a67e852367eeebc032aea5b5f to remote] DEBUG org.asynchttpclient.netty.request.NettyRequestSender - Using open Channel [id: 0xb7549578, L:/127.0.0.1:59183 - R:localhost/127.0.0.1:36782] for GET '/session/f5b7104a67e852367eeebc032aea5b5f/element/C9FA40965EC882AF11B03F1D74B6C0BD_element_58/name'
14:29:05.369 [AsyncHttpClient-1-5] DEBUG org.asynchttpclient.netty.handler.HttpHandler - 

Request DefaultFullHttpRequest(decodeResult: success, version: HTTP/1.1, content: EmptyByteBufBE)
GET /session/f5b7104a67e852367eeebc032aea5b5f/element/C9FA40965EC882AF11B03F1D74B6C0BD_element_58/name HTTP/1.1
User-Agent: selenium/4.8.1 (java windows)
Cache-Control: no-cache
Content-Type: application/json; charset=utf-8
host: localhost:36782
accept: */*

Response DefaultHttpResponse(decodeResult: success, version: HTTP/1.1)
HTTP/1.1 200 OK
Content-Length: 17
Content-Type: application/json; charset=utf-8
cache-control: no-cache

14:29:05.369 [AsyncHttpClient-1-5] DEBUG org.asynchttpclient.netty.channel.ChannelManager - Adding key: http://localhost:36782 for channel [id: 0xb7549578, L:/127.0.0.1:59183 - R:localhost/127.0.0.1:36782]
14:29:05.369 [Forwarding getElementTagName on session f5b7104a67e852367eeebc032aea5b5f to remote] DEBUG org.asynchttpclient.netty.request.NettyRequestSender - Using pooled Channel '[id: 0xb7549578, L:/127.0.0.1:59183 - R:localhost/127.0.0.1:36782]' for 'GET' to 'http://localhost:36782/session/f5b7104a67e852367eeebc032aea5b5f/element/C9FA40965EC882AF11B03F1D74B6C0BD_element_58/name'
14:29:05.369 [Forwarding getElementTagName on session f5b7104a67e852367eeebc032aea5b5f to remote] DEBUG org.asynchttpclient.netty.request.NettyRequestSender - Using open Channel [id: 0xb7549578, L:/127.0.0.1:59183 - R:localhost/127.0.0.1:36782] for GET '/session/f5b7104a67e852367eeebc032aea5b5f/element/C9FA40965EC882AF11B03F1D74B6C0BD_element_58/name'
14:29:05.380 [AsyncHttpClient-1-5] DEBUG org.asynchttpclient.netty.handler.HttpHandler - 

Request DefaultFullHttpRequest(decodeResult: success, version: HTTP/1.1, content: EmptyByteBufBE)
GET /session/f5b7104a67e852367eeebc032aea5b5f/element/C9FA40965EC882AF11B03F1D74B6C0BD_element_58/name HTTP/1.1
User-Agent: selenium/4.8.1 (java windows)
Cache-Control: no-cache
Content-Type: application/json; charset=utf-8
host: localhost:36782
accept: */*

Response DefaultHttpResponse(decodeResult: success, version: HTTP/1.1)
HTTP/1.1 200 OK
Content-Length: 17
Content-Type: application/json; charset=utf-8
cache-control: no-cache

14:29:05.380 [AsyncHttpClient-1-5] DEBUG org.asynchttpclient.netty.channel.ChannelManager - Adding key: http://localhost:36782 for channel [id: 0xb7549578, L:/127.0.0.1:59183 - R:localhost/127.0.0.1:36782]
14:29:05.385 [Forwarding isElementEnabled on session f5b7104a67e852367eeebc032aea5b5f to remote] DEBUG org.asynchttpclient.netty.request.NettyRequestSender - Using pooled Channel '[id: 0xb7549578, L:/127.0.0.1:59183 - R:localhost/127.0.0.1:36782]' for 'GET' to 'http://localhost:36782/session/f5b7104a67e852367eeebc032aea5b5f/element/C9FA40965EC882AF11B03F1D74B6C0BD_element_58/enabled'
14:29:05.385 [Forwarding isElementEnabled on session f5b7104a67e852367eeebc032aea5b5f to remote] DEBUG org.asynchttpclient.netty.request.NettyRequestSender - Using open Channel [id: 0xb7549578, L:/127.0.0.1:59183 - R:localhost/127.0.0.1:36782] for GET '/session/f5b7104a67e852367eeebc032aea5b5f/element/C9FA40965EC882AF11B03F1D74B6C0BD_element_58/enabled'
14:29:05.401 [AsyncHttpClient-1-5] DEBUG org.asynchttpclient.netty.handler.HttpHandler - 

Request DefaultFullHttpRequest(decodeResult: success, version: HTTP/1.1, content: EmptyByteBufBE)
GET /session/f5b7104a67e852367eeebc032aea5b5f/element/C9FA40965EC882AF11B03F1D74B6C0BD_element_58/enabled HTTP/1.1
User-Agent: selenium/4.8.1 (java windows)
Cache-Control: no-cache
Content-Type: application/json; charset=utf-8
host: localhost:36782
accept: */*

Response DefaultHttpResponse(decodeResult: success, version: HTTP/1.1)
HTTP/1.1 200 OK
Content-Length: 14
Content-Type: application/json; charset=utf-8
cache-control: no-cache

14:29:05.401 [AsyncHttpClient-1-5] DEBUG org.asynchttpclient.netty.channel.ChannelManager - Adding key: http://localhost:36782 for channel [id: 0xb7549578, L:/127.0.0.1:59183 - R:localhost/127.0.0.1:36782]
14:29:05.401 [Forwarding isElementEnabled on session f5b7104a67e852367eeebc032aea5b5f to remote] DEBUG org.asynchttpclient.netty.request.NettyRequestSender - Using pooled Channel '[id: 0xb7549578, L:/127.0.0.1:59183 - R:localhost/127.0.0.1:36782]' for 'GET' to 'http://localhost:36782/session/f5b7104a67e852367eeebc032aea5b5f/element/C9FA40965EC882AF11B03F1D74B6C0BD_element_58/enabled'
14:29:05.401 [Forwarding isElementEnabled on session f5b7104a67e852367eeebc032aea5b5f to remote] DEBUG org.asynchttpclient.netty.request.NettyRequestSender - Using open Channel [id: 0xb7549578, L:/127.0.0.1:59183 - R:localhost/127.0.0.1:36782] for GET '/session/f5b7104a67e852367eeebc032aea5b5f/element/C9FA40965EC882AF11B03F1D74B6C0BD_element_58/enabled'
14:29:05.417 [AsyncHttpClient-1-5] DEBUG org.asynchttpclient.netty.handler.HttpHandler - 

Request DefaultFullHttpRequest(decodeResult: success, version: HTTP/1.1, content: EmptyByteBufBE)
GET /session/f5b7104a67e852367eeebc032aea5b5f/element/C9FA40965EC882AF11B03F1D74B6C0BD_element_58/enabled HTTP/1.1
User-Agent: selenium/4.8.1 (java windows)
Cache-Control: no-cache
Content-Type: application/json; charset=utf-8
host: localhost:36782
accept: */*

Response DefaultHttpResponse(decodeResult: success, version: HTTP/1.1)
HTTP/1.1 200 OK
Content-Length: 14
Content-Type: application/json; charset=utf-8
cache-control: no-cache

14:29:05.417 [AsyncHttpClient-1-5] DEBUG org.asynchttpclient.netty.channel.ChannelManager - Adding key: http://localhost:36782 for channel [id: 0xb7549578, L:/127.0.0.1:59183 - R:localhost/127.0.0.1:36782]
14:29:05.423 [Forwarding findElement on session f5b7104a67e852367eeebc032aea5b5f to remote] DEBUG org.asynchttpclient.netty.request.NettyRequestSender - Using pooled Channel '[id: 0xb7549578, L:/127.0.0.1:59183 - R:localhost/127.0.0.1:36782]' for 'POST' to 'http://localhost:36782/session/f5b7104a67e852367eeebc032aea5b5f/element'
14:29:05.423 [Forwarding findElement on session f5b7104a67e852367eeebc032aea5b5f to remote] DEBUG org.asynchttpclient.netty.request.NettyRequestSender - Using open Channel [id: 0xb7549578, L:/127.0.0.1:59183 - R:localhost/127.0.0.1:36782] for POST '/session/f5b7104a67e852367eeebc032aea5b5f/element'
14:29:05.438 [AsyncHttpClient-1-5] DEBUG org.asynchttpclient.netty.handler.HttpHandler - 

Request DefaultHttpRequest(decodeResult: success, version: HTTP/1.1)
POST /session/f5b7104a67e852367eeebc032aea5b5f/element HTTP/1.1
User-Agent: selenium/4.8.1 (java windows)
Content-Length: 72
Content-Type: application/json; charset=utf-8
host: localhost:36782
accept: */*

Response DefaultHttpResponse(decodeResult: success, version: HTTP/1.1)
HTTP/1.1 200 OK
Content-Length: 95
Content-Type: application/json; charset=utf-8
cache-control: no-cache

14:29:05.438 [AsyncHttpClient-1-5] DEBUG org.asynchttpclient.netty.channel.ChannelManager - Adding key: http://localhost:36782 for channel [id: 0xb7549578, L:/127.0.0.1:59183 - R:localhost/127.0.0.1:36782]
14:29:05.438 [Forwarding clickElement on session f5b7104a67e852367eeebc032aea5b5f to remote] DEBUG org.asynchttpclient.netty.request.NettyRequestSender - Using pooled Channel '[id: 0xb7549578, L:/127.0.0.1:59183 - R:localhost/127.0.0.1:36782]' for 'POST' to 'http://localhost:36782/session/f5b7104a67e852367eeebc032aea5b5f/element/C9FA40965EC882AF11B03F1D74B6C0BD_element_58/click'
14:29:05.438 [Forwarding clickElement on session f5b7104a67e852367eeebc032aea5b5f to remote] DEBUG org.asynchttpclient.netty.request.NettyRequestSender - Using open Channel [id: 0xb7549578, L:/127.0.0.1:59183 - R:localhost/127.0.0.1:36782] for POST '/session/f5b7104a67e852367eeebc032aea5b5f/element/C9FA40965EC882AF11B03F1D74B6C0BD_element_58/click'
14:29:05.568 [AsyncHttpClient-1-5] DEBUG org.asynchttpclient.netty.handler.HttpHandler - 

Request DefaultHttpRequest(decodeResult: success, version: HTTP/1.1)
POST /session/f5b7104a67e852367eeebc032aea5b5f/element/C9FA40965EC882AF11B03F1D74B6C0BD_element_58/click HTTP/1.1
User-Agent: selenium/4.8.1 (java windows)
Content-Length: 57
Content-Type: application/json; charset=utf-8
host: localhost:36782
accept: */*

Response DefaultHttpResponse(decodeResult: success, version: HTTP/1.1)
HTTP/1.1 200 OK
Content-Length: 14
Content-Type: application/json; charset=utf-8
cache-control: no-cache

14:29:05.568 [AsyncHttpClient-1-5] DEBUG org.asynchttpclient.netty.channel.ChannelManager - Adding key: http://localhost:36782 for channel [id: 0xb7549578, L:/127.0.0.1:59183 - R:localhost/127.0.0.1:36782]
14:29:05.592 [Forwarding getAlertText on session f5b7104a67e852367eeebc032aea5b5f to remote] DEBUG org.asynchttpclient.netty.request.NettyRequestSender - Using pooled Channel '[id: 0xb7549578, L:/127.0.0.1:59183 - R:localhost/127.0.0.1:36782]' for 'GET' to 'http://localhost:36782/session/f5b7104a67e852367eeebc032aea5b5f/alert/text'
14:29:05.592 [Forwarding getAlertText on session f5b7104a67e852367eeebc032aea5b5f to remote] DEBUG org.asynchttpclient.netty.request.NettyRequestSender - Using open Channel [id: 0xb7549578, L:/127.0.0.1:59183 - R:localhost/127.0.0.1:36782] for GET '/session/f5b7104a67e852367eeebc032aea5b5f/alert/text'
14:29:05.596 [AsyncHttpClient-1-1] DEBUG org.asynchttpclient.netty.channel.DefaultChannelPool - Entry count for : http://localhost:59184 : 1
14:29:05.609 [AsyncHttpClient-1-5] DEBUG org.asynchttpclient.netty.handler.HttpHandler - 

Request DefaultFullHttpRequest(decodeResult: success, version: HTTP/1.1, content: EmptyByteBufBE)
GET /session/f5b7104a67e852367eeebc032aea5b5f/alert/text HTTP/1.1
User-Agent: selenium/4.8.1 (java windows)
Cache-Control: no-cache
Content-Type: application/json; charset=utf-8
host: localhost:36782
accept: */*

Response DefaultHttpResponse(decodeResult: success, version: HTTP/1.1)
HTTP/1.1 404 Not Found
Content-Length: 821
Content-Type: application/json; charset=utf-8
cache-control: no-cache

14:29:05.611 [AsyncHttpClient-1-5] DEBUG org.asynchttpclient.netty.channel.ChannelManager - Adding key: http://localhost:36782 for channel [id: 0xb7549578, L:/127.0.0.1:59183 - R:localhost/127.0.0.1:36782]
14:29:05.620 [Forwarding getCurrentUrl on session f5b7104a67e852367eeebc032aea5b5f to remote] DEBUG org.asynchttpclient.netty.request.NettyRequestSender - Using pooled Channel '[id: 0xb7549578, L:/127.0.0.1:59183 - R:localhost/127.0.0.1:36782]' for 'GET' to 'http://localhost:36782/session/f5b7104a67e852367eeebc032aea5b5f/url'
14:29:05.620 [Forwarding getCurrentUrl on session f5b7104a67e852367eeebc032aea5b5f to remote] DEBUG org.asynchttpclient.netty.request.NettyRequestSender - Using open Channel [id: 0xb7549578, L:/127.0.0.1:59183 - R:localhost/127.0.0.1:36782] for GET '/session/f5b7104a67e852367eeebc032aea5b5f/url'
14:29:05.658 [AsyncHttpClient-1-5] DEBUG org.asynchttpclient.netty.handler.HttpHandler - 

Request DefaultFullHttpRequest(decodeResult: success, version: HTTP/1.1, content: EmptyByteBufBE)
GET /session/f5b7104a67e852367eeebc032aea5b5f/url HTTP/1.1
User-Agent: selenium/4.8.1 (java windows)
Cache-Control: no-cache
Content-Type: application/json; charset=utf-8
host: localhost:36782
accept: */*

Response DefaultHttpResponse(decodeResult: success, version: HTTP/1.1)
HTTP/1.1 200 OK
Content-Length: 54
Content-Type: application/json; charset=utf-8
cache-control: no-cache

14:29:05.658 [AsyncHttpClient-1-5] DEBUG org.asynchttpclient.netty.channel.ChannelManager - Adding key: http://localhost:36782 for channel [id: 0xb7549578, L:/127.0.0.1:59183 - R:localhost/127.0.0.1:36782]
14:29:05.658 [Forwarding screenshot on session f5b7104a67e852367eeebc032aea5b5f to remote] DEBUG org.asynchttpclient.netty.request.NettyRequestSender - Using pooled Channel '[id: 0xb7549578, L:/127.0.0.1:59183 - R:localhost/127.0.0.1:36782]' for 'GET' to 'http://localhost:36782/session/f5b7104a67e852367eeebc032aea5b5f/screenshot'
14:29:05.658 [Forwarding screenshot on session f5b7104a67e852367eeebc032aea5b5f to remote] DEBUG org.asynchttpclient.netty.request.NettyRequestSender - Using open Channel [id: 0xb7549578, L:/127.0.0.1:59183 - R:localhost/127.0.0.1:36782] for GET '/session/f5b7104a67e852367eeebc032aea5b5f/screenshot'
14:29:06.057 [AsyncHttpClient-1-5] DEBUG org.asynchttpclient.netty.handler.HttpHandler - 

Request DefaultFullHttpRequest(decodeResult: success, version: HTTP/1.1, content: EmptyByteBufBE)
GET /session/f5b7104a67e852367eeebc032aea5b5f/screenshot HTTP/1.1
User-Agent: selenium/4.8.1 (java windows)
Cache-Control: no-cache
Content-Type: application/json; charset=utf-8
host: localhost:36782
accept: */*

Response DefaultHttpResponse(decodeResult: success, version: HTTP/1.1)
HTTP/1.1 200 OK
Content-Length: 46036
Content-Type: application/json; charset=utf-8
cache-control: no-cache

14:29:06.057 [AsyncHttpClient-1-5] DEBUG org.asynchttpclient.netty.channel.ChannelManager - Adding key: http://localhost:36782 for channel [id: 0xb7549578, L:/127.0.0.1:59183 - R:localhost/127.0.0.1:36782]
14:29:06.068 [main] DEBUG net.serenitybdd.core.photography.Darkroom - Send negative for processing for target\site\serenity\aded6117f9cded658538459e351768ac9cfa019f0e5497a212423a86dc2e87e7.png
14:29:06.068 [main] DEBUG net.thucydides.core.steps.StepInterceptor - STEP DONE: Click_Signinbutton
14:29:06.068 [Darkroom Processing Line] DEBUG net.serenitybdd.core.photography.DarkroomProcessingLine - Processing screenshot image in /var/screenshots/screenshot-1994729588898324449
14:29:06.068 [Darkroom Processing Line] DEBUG net.serenitybdd.core.photography.DarkroomProcessingLine - Saving screenshot to target\site\serenity\aded6117f9cded658538459e351768ac9cfa019f0e5497a212423a86dc2e87e7.png
14:29:06.089 [Forwarding getPageSource on session f5b7104a67e852367eeebc032aea5b5f to remote] DEBUG org.asynchttpclient.netty.request.NettyRequestSender - Using pooled Channel '[id: 0xb7549578, L:/127.0.0.1:59183 - R:localhost/127.0.0.1:36782]' for 'POST' to 'http://localhost:36782/session/f5b7104a67e852367eeebc032aea5b5f/execute/sync'
14:29:06.089 [Forwarding getPageSource on session f5b7104a67e852367eeebc032aea5b5f to remote] DEBUG org.asynchttpclient.netty.request.NettyRequestSender - Using open Channel [id: 0xb7549578, L:/127.0.0.1:59183 - R:localhost/127.0.0.1:36782] for POST '/session/f5b7104a67e852367eeebc032aea5b5f/execute/sync'
14:29:06.109 [AsyncHttpClient-1-5] DEBUG org.asynchttpclient.netty.handler.HttpHandler - 

Request DefaultHttpRequest(decodeResult: success, version: HTTP/1.1)
POST /session/f5b7104a67e852367eeebc032aea5b5f/execute/sync HTTP/1.1
User-Agent: selenium/4.8.1 (java windows)
Content-Length: 176
Content-Type: application/json; charset=utf-8
host: localhost:36782
accept: */*

Response DefaultHttpResponse(decodeResult: success, version: HTTP/1.1)
HTTP/1.1 200 OK
Content-Length: 6396
Content-Type: application/json; charset=utf-8
cache-control: no-cache

14:29:06.109 [AsyncHttpClient-1-5] DEBUG org.asynchttpclient.netty.channel.ChannelManager - Adding key: http://localhost:36782 for channel [id: 0xb7549578, L:/127.0.0.1:59183 - R:localhost/127.0.0.1:36782]
14:29:06.109 [Forwarding getCurrentUrl on session f5b7104a67e852367eeebc032aea5b5f to remote] DEBUG org.asynchttpclient.netty.request.NettyRequestSender - Using pooled Channel '[id: 0xb7549578, L:/127.0.0.1:59183 - R:localhost/127.0.0.1:36782]' for 'GET' to 'http://localhost:36782/session/f5b7104a67e852367eeebc032aea5b5f/url'
14:29:06.109 [Forwarding getCurrentUrl on session f5b7104a67e852367eeebc032aea5b5f to remote] DEBUG org.asynchttpclient.netty.request.NettyRequestSender - Using open Channel [id: 0xb7549578, L:/127.0.0.1:59183 - R:localhost/127.0.0.1:36782] for GET '/session/f5b7104a67e852367eeebc032aea5b5f/url'
14:29:06.127 [AsyncHttpClient-1-5] DEBUG org.asynchttpclient.netty.handler.HttpHandler - 

Request DefaultFullHttpRequest(decodeResult: success, version: HTTP/1.1, content: EmptyByteBufBE)
GET /session/f5b7104a67e852367eeebc032aea5b5f/url HTTP/1.1
User-Agent: selenium/4.8.1 (java windows)
Cache-Control: no-cache
Content-Type: application/json; charset=utf-8
host: localhost:36782
accept: */*

Response DefaultHttpResponse(decodeResult: success, version: HTTP/1.1)
HTTP/1.1 200 OK
Content-Length: 54
Content-Type: application/json; charset=utf-8
cache-control: no-cache

14:29:06.127 [AsyncHttpClient-1-5] DEBUG org.asynchttpclient.netty.channel.ChannelManager - Adding key: http://localhost:36782 for channel [id: 0xb7549578, L:/127.0.0.1:59183 - R:localhost/127.0.0.1:36782]
14:29:06.148 [Forwarding getAlertText on session f5b7104a67e852367eeebc032aea5b5f to remote] DEBUG org.asynchttpclient.netty.request.NettyRequestSender - Using pooled Channel '[id: 0xb7549578, L:/127.0.0.1:59183 - R:localhost/127.0.0.1:36782]' for 'GET' to 'http://localhost:36782/session/f5b7104a67e852367eeebc032aea5b5f/alert/text'
14:29:06.148 [Forwarding getAlertText on session f5b7104a67e852367eeebc032aea5b5f to remote] DEBUG org.asynchttpclient.netty.request.NettyRequestSender - Using open Channel [id: 0xb7549578, L:/127.0.0.1:59183 - R:localhost/127.0.0.1:36782] for GET '/session/f5b7104a67e852367eeebc032aea5b5f/alert/text'
14:29:06.153 [AsyncHttpClient-1-5] DEBUG org.asynchttpclient.netty.handler.HttpHandler - 

Request DefaultFullHttpRequest(decodeResult: success, version: HTTP/1.1, content: EmptyByteBufBE)
GET /session/f5b7104a67e852367eeebc032aea5b5f/alert/text HTTP/1.1
User-Agent: selenium/4.8.1 (java windows)
Cache-Control: no-cache
Content-Type: application/json; charset=utf-8
host: localhost:36782
accept: */*

Response DefaultHttpResponse(decodeResult: success, version: HTTP/1.1)
HTTP/1.1 404 Not Found
Content-Length: 821
Content-Type: application/json; charset=utf-8
cache-control: no-cache

14:29:06.153 [AsyncHttpClient-1-5] DEBUG org.asynchttpclient.netty.channel.ChannelManager - Adding key: http://localhost:36782 for channel [id: 0xb7549578, L:/127.0.0.1:59183 - R:localhost/127.0.0.1:36782]
14:29:06.156 [Forwarding getCurrentUrl on session f5b7104a67e852367eeebc032aea5b5f to remote] DEBUG org.asynchttpclient.netty.request.NettyRequestSender - Using pooled Channel '[id: 0xb7549578, L:/127.0.0.1:59183 - R:localhost/127.0.0.1:36782]' for 'GET' to 'http://localhost:36782/session/f5b7104a67e852367eeebc032aea5b5f/url'
14:29:06.156 [Forwarding getCurrentUrl on session f5b7104a67e852367eeebc032aea5b5f to remote] DEBUG org.asynchttpclient.netty.request.NettyRequestSender - Using open Channel [id: 0xb7549578, L:/127.0.0.1:59183 - R:localhost/127.0.0.1:36782] for GET '/session/f5b7104a67e852367eeebc032aea5b5f/url'
14:29:06.178 [AsyncHttpClient-1-5] DEBUG org.asynchttpclient.netty.handler.HttpHandler - 

Request DefaultFullHttpRequest(decodeResult: success, version: HTTP/1.1, content: EmptyByteBufBE)
GET /session/f5b7104a67e852367eeebc032aea5b5f/url HTTP/1.1
User-Agent: selenium/4.8.1 (java windows)
Cache-Control: no-cache
Content-Type: application/json; charset=utf-8
host: localhost:36782
accept: */*

Response DefaultHttpResponse(decodeResult: success, version: HTTP/1.1)
HTTP/1.1 200 OK
Content-Length: 54
Content-Type: application/json; charset=utf-8
cache-control: no-cache

14:29:06.178 [AsyncHttpClient-1-5] DEBUG org.asynchttpclient.netty.channel.ChannelManager - Adding key: http://localhost:36782 for channel [id: 0xb7549578, L:/127.0.0.1:59183 - R:localhost/127.0.0.1:36782]
14:29:06.180 [Forwarding screenshot on session f5b7104a67e852367eeebc032aea5b5f to remote] DEBUG org.asynchttpclient.netty.request.NettyRequestSender - Using pooled Channel '[id: 0xb7549578, L:/127.0.0.1:59183 - R:localhost/127.0.0.1:36782]' for 'GET' to 'http://localhost:36782/session/f5b7104a67e852367eeebc032aea5b5f/screenshot'
14:29:06.180 [Forwarding screenshot on session f5b7104a67e852367eeebc032aea5b5f to remote] DEBUG org.asynchttpclient.netty.request.NettyRequestSender - Using open Channel [id: 0xb7549578, L:/127.0.0.1:59183 - R:localhost/127.0.0.1:36782] for GET '/session/f5b7104a67e852367eeebc032aea5b5f/screenshot'
14:29:06.409 [AsyncHttpClient-1-5] DEBUG org.asynchttpclient.netty.handler.HttpHandler - 

Request DefaultFullHttpRequest(decodeResult: success, version: HTTP/1.1, content: EmptyByteBufBE)
GET /session/f5b7104a67e852367eeebc032aea5b5f/screenshot HTTP/1.1
User-Agent: selenium/4.8.1 (java windows)
Cache-Control: no-cache
Content-Type: application/json; charset=utf-8
host: localhost:36782
accept: */*

Response DefaultHttpResponse(decodeResult: success, version: HTTP/1.1)
HTTP/1.1 200 OK
Content-Length: 53304
Content-Type: application/json; charset=utf-8
cache-control: no-cache

14:29:06.409 [AsyncHttpClient-1-5] DEBUG org.asynchttpclient.netty.channel.ChannelManager - Adding key: http://localhost:36782 for channel [id: 0xb7549578, L:/127.0.0.1:59183 - R:localhost/127.0.0.1:36782]
14:29:06.415 [main] DEBUG net.serenitybdd.core.photography.Darkroom - Send negative for processing for target\site\serenity\b6f2fdc32b77b837201756a8406cf9d74613ad2ce980921fd27690b74a61e58e.png
14:29:06.415 [Darkroom Processing Line] DEBUG net.serenitybdd.core.photography.DarkroomProcessingLine - Processing screenshot image in /var/screenshots/screenshot-8704599684726987051
14:29:06.415 [Darkroom Processing Line] DEBUG net.serenitybdd.core.photography.DarkroomProcessingLine - Saving screenshot to target\site\serenity\b6f2fdc32b77b837201756a8406cf9d74613ad2ce980921fd27690b74a61e58e.png
14:29:06.415 [Forwarding getPageSource on session f5b7104a67e852367eeebc032aea5b5f to remote] DEBUG org.asynchttpclient.netty.request.NettyRequestSender - Using pooled Channel '[id: 0xb7549578, L:/127.0.0.1:59183 - R:localhost/127.0.0.1:36782]' for 'POST' to 'http://localhost:36782/session/f5b7104a67e852367eeebc032aea5b5f/execute/sync'
14:29:06.415 [Forwarding getPageSource on session f5b7104a67e852367eeebc032aea5b5f to remote] DEBUG org.asynchttpclient.netty.request.NettyRequestSender - Using open Channel [id: 0xb7549578, L:/127.0.0.1:59183 - R:localhost/127.0.0.1:36782] for POST '/session/f5b7104a67e852367eeebc032aea5b5f/execute/sync'
14:29:06.432 [AsyncHttpClient-1-5] DEBUG org.asynchttpclient.netty.handler.HttpHandler - 

Request DefaultHttpRequest(decodeResult: success, version: HTTP/1.1)
POST /session/f5b7104a67e852367eeebc032aea5b5f/execute/sync HTTP/1.1
User-Agent: selenium/4.8.1 (java windows)
Content-Length: 176
Content-Type: application/json; charset=utf-8
host: localhost:36782
accept: */*

Response DefaultHttpResponse(decodeResult: success, version: HTTP/1.1)
HTTP/1.1 200 OK
Content-Length: 6396
Content-Type: application/json; charset=utf-8
cache-control: no-cache

14:29:06.432 [AsyncHttpClient-1-5] DEBUG org.asynchttpclient.netty.channel.ChannelManager - Adding key: http://localhost:36782 for channel [id: 0xb7549578, L:/127.0.0.1:59183 - R:localhost/127.0.0.1:36782]
14:29:06.436 [Forwarding getCurrentUrl on session f5b7104a67e852367eeebc032aea5b5f to remote] DEBUG org.asynchttpclient.netty.request.NettyRequestSender - Using pooled Channel '[id: 0xb7549578, L:/127.0.0.1:59183 - R:localhost/127.0.0.1:36782]' for 'GET' to 'http://localhost:36782/session/f5b7104a67e852367eeebc032aea5b5f/url'
14:29:06.436 [Forwarding getCurrentUrl on session f5b7104a67e852367eeebc032aea5b5f to remote] DEBUG org.asynchttpclient.netty.request.NettyRequestSender - Using open Channel [id: 0xb7549578, L:/127.0.0.1:59183 - R:localhost/127.0.0.1:36782] for GET '/session/f5b7104a67e852367eeebc032aea5b5f/url'
14:29:06.447 [AsyncHttpClient-1-5] DEBUG org.asynchttpclient.netty.handler.HttpHandler - 

Request DefaultFullHttpRequest(decodeResult: success, version: HTTP/1.1, content: EmptyByteBufBE)
GET /session/f5b7104a67e852367eeebc032aea5b5f/url HTTP/1.1
User-Agent: selenium/4.8.1 (java windows)
Cache-Control: no-cache
Content-Type: application/json; charset=utf-8
host: localhost:36782
accept: */*

Response DefaultHttpResponse(decodeResult: success, version: HTTP/1.1)
HTTP/1.1 200 OK
Content-Length: 54
Content-Type: application/json; charset=utf-8
cache-control: no-cache

14:29:06.447 [AsyncHttpClient-1-5] DEBUG org.asynchttpclient.netty.channel.ChannelManager - Adding key: http://localhost:36782 for channel [id: 0xb7549578, L:/127.0.0.1:59183 - R:localhost/127.0.0.1:36782]
14:29:06.452 [main] DEBUG net.thucydides.core.steps.StepInterceptor - STARTING STEP: Afrexim_Signin_steps.application_should_show_error_credentials - Verify_error_credentials_page
14:29:06.452 [Forwarding findElement on session f5b7104a67e852367eeebc032aea5b5f to remote] DEBUG org.asynchttpclient.netty.request.NettyRequestSender - Using pooled Channel '[id: 0xb7549578, L:/127.0.0.1:59183 - R:localhost/127.0.0.1:36782]' for 'POST' to 'http://localhost:36782/session/f5b7104a67e852367eeebc032aea5b5f/element'
14:29:06.452 [Forwarding findElement on session f5b7104a67e852367eeebc032aea5b5f to remote] DEBUG org.asynchttpclient.netty.request.NettyRequestSender - Using open Channel [id: 0xb7549578, L:/127.0.0.1:59183 - R:localhost/127.0.0.1:36782] for POST '/session/f5b7104a67e852367eeebc032aea5b5f/element'
14:29:06.473 [AsyncHttpClient-1-5] DEBUG org.asynchttpclient.netty.handler.HttpHandler - 

Request DefaultHttpRequest(decodeResult: success, version: HTTP/1.1)
POST /session/f5b7104a67e852367eeebc032aea5b5f/element HTTP/1.1
User-Agent: selenium/4.8.1 (java windows)
Content-Length: 96
Content-Type: application/json; charset=utf-8
host: localhost:36782
accept: */*

Response DefaultHttpResponse(decodeResult: success, version: HTTP/1.1)
HTTP/1.1 200 OK
Content-Length: 95
Content-Type: application/json; charset=utf-8
cache-control: no-cache

14:29:06.473 [AsyncHttpClient-1-5] DEBUG org.asynchttpclient.netty.channel.ChannelManager - Adding key: http://localhost:36782 for channel [id: 0xb7549578, L:/127.0.0.1:59183 - R:localhost/127.0.0.1:36782]
14:29:06.478 [Forwarding isElementDisplayed on session f5b7104a67e852367eeebc032aea5b5f to remote] DEBUG org.asynchttpclient.netty.request.NettyRequestSender - Using pooled Channel '[id: 0xb7549578, L:/127.0.0.1:59183 - R:localhost/127.0.0.1:36782]' for 'POST' to 'http://localhost:36782/session/f5b7104a67e852367eeebc032aea5b5f/execute/sync'
14:29:06.478 [Forwarding isElementDisplayed on session f5b7104a67e852367eeebc032aea5b5f to remote] DEBUG org.asynchttpclient.netty.request.NettyRequestSender - Using open Channel [id: 0xb7549578, L:/127.0.0.1:59183 - R:localhost/127.0.0.1:36782] for POST '/session/f5b7104a67e852367eeebc032aea5b5f/execute/sync'
14:29:06.500 [AsyncHttpClient-1-5] DEBUG org.asynchttpclient.netty.handler.HttpHandler - 

Request DefaultHttpRequest(decodeResult: success, version: HTTP/1.1)
POST /session/f5b7104a67e852367eeebc032aea5b5f/execute/sync HTTP/1.1
User-Agent: selenium/4.8.1 (java windows)
Content-Length: 48814
Content-Type: application/json; charset=utf-8
host: localhost:36782
accept: */*

Response DefaultHttpResponse(decodeResult: success, version: HTTP/1.1)
HTTP/1.1 200 OK
Content-Length: 14
Content-Type: application/json; charset=utf-8
cache-control: no-cache

14:29:06.500 [AsyncHttpClient-1-5] DEBUG org.asynchttpclient.netty.channel.ChannelManager - Adding key: http://localhost:36782 for channel [id: 0xb7549578, L:/127.0.0.1:59183 - R:localhost/127.0.0.1:36782]
14:29:06.697 [AsyncHttpClient-1-1] DEBUG org.asynchttpclient.netty.channel.DefaultChannelPool - Entry count for : http://localhost:36782 : 1
14:29:06.697 [AsyncHttpClient-1-1] DEBUG org.asynchttpclient.netty.channel.DefaultChannelPool - Entry count for : http://localhost:59184 : 1
14:29:07.791 [AsyncHttpClient-1-1] DEBUG org.asynchttpclient.netty.channel.DefaultChannelPool - Entry count for : http://localhost:36782 : 1
14:29:07.791 [AsyncHttpClient-1-1] DEBUG org.asynchttpclient.netty.channel.DefaultChannelPool - Entry count for : http://localhost:59184 : 1
14:29:08.895 [AsyncHttpClient-1-1] DEBUG org.asynchttpclient.netty.channel.DefaultChannelPool - Entry count for : http://localhost:36782 : 1
14:29:08.895 [AsyncHttpClient-1-1] DEBUG org.asynchttpclient.netty.channel.DefaultChannelPool - Entry count for : http://localhost:59184 : 1
14:29:09.514 [Forwarding getAlertText on session f5b7104a67e852367eeebc032aea5b5f to remote] DEBUG org.asynchttpclient.netty.request.NettyRequestSender - Using pooled Channel '[id: 0xb7549578, L:/127.0.0.1:59183 - R:localhost/127.0.0.1:36782]' for 'GET' to 'http://localhost:36782/session/f5b7104a67e852367eeebc032aea5b5f/alert/text'
14:29:09.514 [Forwarding getAlertText on session f5b7104a67e852367eeebc032aea5b5f to remote] DEBUG org.asynchttpclient.netty.request.NettyRequestSender - Using open Channel [id: 0xb7549578, L:/127.0.0.1:59183 - R:localhost/127.0.0.1:36782] for GET '/session/f5b7104a67e852367eeebc032aea5b5f/alert/text'
14:29:09.514 [AsyncHttpClient-1-5] DEBUG org.asynchttpclient.netty.handler.HttpHandler - 

Request DefaultFullHttpRequest(decodeResult: success, version: HTTP/1.1, content: EmptyByteBufBE)
GET /session/f5b7104a67e852367eeebc032aea5b5f/alert/text HTTP/1.1
User-Agent: selenium/4.8.1 (java windows)
Cache-Control: no-cache
Content-Type: application/json; charset=utf-8
host: localhost:36782
accept: */*

Response DefaultHttpResponse(decodeResult: success, version: HTTP/1.1)
HTTP/1.1 404 Not Found
Content-Length: 821
Content-Type: application/json; charset=utf-8
cache-control: no-cache

14:29:09.514 [AsyncHttpClient-1-5] DEBUG org.asynchttpclient.netty.channel.ChannelManager - Adding key: http://localhost:36782 for channel [id: 0xb7549578, L:/127.0.0.1:59183 - R:localhost/127.0.0.1:36782]
14:29:09.514 [Forwarding getCurrentUrl on session f5b7104a67e852367eeebc032aea5b5f to remote] DEBUG org.asynchttpclient.netty.request.NettyRequestSender - Using pooled Channel '[id: 0xb7549578, L:/127.0.0.1:59183 - R:localhost/127.0.0.1:36782]' for 'GET' to 'http://localhost:36782/session/f5b7104a67e852367eeebc032aea5b5f/url'
14:29:09.514 [Forwarding getCurrentUrl on session f5b7104a67e852367eeebc032aea5b5f to remote] DEBUG org.asynchttpclient.netty.request.NettyRequestSender - Using open Channel [id: 0xb7549578, L:/127.0.0.1:59183 - R:localhost/127.0.0.1:36782] for GET '/session/f5b7104a67e852367eeebc032aea5b5f/url'
14:29:09.530 [AsyncHttpClient-1-5] DEBUG org.asynchttpclient.netty.handler.HttpHandler - 

Request DefaultFullHttpRequest(decodeResult: success, version: HTTP/1.1, content: EmptyByteBufBE)
GET /session/f5b7104a67e852367eeebc032aea5b5f/url HTTP/1.1
User-Agent: selenium/4.8.1 (java windows)
Cache-Control: no-cache
Content-Type: application/json; charset=utf-8
host: localhost:36782
accept: */*

Response DefaultHttpResponse(decodeResult: success, version: HTTP/1.1)
HTTP/1.1 200 OK
Content-Length: 54
Content-Type: application/json; charset=utf-8
cache-control: no-cache

14:29:09.530 [AsyncHttpClient-1-5] DEBUG org.asynchttpclient.netty.channel.ChannelManager - Adding key: http://localhost:36782 for channel [id: 0xb7549578, L:/127.0.0.1:59183 - R:localhost/127.0.0.1:36782]
14:29:09.530 [Forwarding screenshot on session f5b7104a67e852367eeebc032aea5b5f to remote] DEBUG org.asynchttpclient.netty.request.NettyRequestSender - Using pooled Channel '[id: 0xb7549578, L:/127.0.0.1:59183 - R:localhost/127.0.0.1:36782]' for 'GET' to 'http://localhost:36782/session/f5b7104a67e852367eeebc032aea5b5f/screenshot'
14:29:09.530 [Forwarding screenshot on session f5b7104a67e852367eeebc032aea5b5f to remote] DEBUG org.asynchttpclient.netty.request.NettyRequestSender - Using open Channel [id: 0xb7549578, L:/127.0.0.1:59183 - R:localhost/127.0.0.1:36782] for GET '/session/f5b7104a67e852367eeebc032aea5b5f/screenshot'
14:29:09.801 [AsyncHttpClient-1-5] DEBUG org.asynchttpclient.netty.handler.HttpHandler - 

Request DefaultFullHttpRequest(decodeResult: success, version: HTTP/1.1, content: EmptyByteBufBE)
GET /session/f5b7104a67e852367eeebc032aea5b5f/screenshot HTTP/1.1
User-Agent: selenium/4.8.1 (java windows)
Cache-Control: no-cache
Content-Type: application/json; charset=utf-8
host: localhost:36782
accept: */*

Response DefaultHttpResponse(decodeResult: success, version: HTTP/1.1)
HTTP/1.1 200 OK
Content-Length: 53304
Content-Type: application/json; charset=utf-8
cache-control: no-cache

14:29:09.801 [AsyncHttpClient-1-5] DEBUG org.asynchttpclient.netty.channel.ChannelManager - Adding key: http://localhost:36782 for channel [id: 0xb7549578, L:/127.0.0.1:59183 - R:localhost/127.0.0.1:36782]
14:29:09.807 [main] DEBUG net.serenitybdd.core.photography.Darkroom - Send negative for processing for target\site\serenity\b6f2fdc32b77b837201756a8406cf9d74613ad2ce980921fd27690b74a61e58e.png
14:29:09.807 [main] DEBUG net.thucydides.core.steps.StepInterceptor - STEP DONE: Verify_error_credentials_page
14:29:09.823 [AsyncHttpClient-1-7] DEBUG org.asynchttpclient.netty.handler.WebSocketHandler - Channel Closed: [id: 0xc521a0f9, L:/127.0.0.1:59191 ! R:localhost/127.0.0.1:59184] with attribute NettyResponseFuture{currentRetry=0,
	isDone=1,
	isCancelled=0,
	asyncHandler=org.asynchttpclient.ws.WebSocketUpgradeHandler@a76f6fb,
	nettyRequest=org.asynchttpclient.netty.request.NettyRequest@314c645f,
	future=java.util.concurrent.CompletableFuture@567674af[Completed normally],
	uri=ws://localhost:59184/devtools/browser/adcadc9a-18ac-4f0c-a0c9-0e08d2af0c40,
	keepAlive=true,
	redirectCount=0,
	timeoutsHolder=null,
	inAuth=0,
	touch=1689757131061}
14:29:09.823 [AsyncHttpClient-1-7] DEBUG org.asynchttpclient.netty.channel.ChannelManager - Closing Channel [id: 0xc521a0f9, L:/127.0.0.1:59191 ! R:localhost/127.0.0.1:59184] 
14:29:09.823 [Driver Command Executor] DEBUG org.asynchttpclient.netty.request.NettyRequestSender - Using pooled Channel '[id: 0xb7549578, L:/127.0.0.1:59183 - R:localhost/127.0.0.1:36782]' for 'DELETE' to 'http://localhost:36782/session/f5b7104a67e852367eeebc032aea5b5f'
14:29:09.823 [Driver Command Executor] DEBUG org.asynchttpclient.netty.request.NettyRequestSender - Using open Channel [id: 0xb7549578, L:/127.0.0.1:59183 - R:localhost/127.0.0.1:36782] for DELETE '/session/f5b7104a67e852367eeebc032aea5b5f'
14:29:09.991 [AsyncHttpClient-1-1] DEBUG org.asynchttpclient.netty.channel.DefaultChannelPool - Entry count for : http://localhost:59184 : 1
14:29:10.042 [AsyncHttpClient-1-6] DEBUG org.asynchttpclient.netty.handler.HttpHandler - Unexpected I/O exception on channel [id: 0xa6e858a0, L:/127.0.0.1:59190 - R:localhost/127.0.0.1:59184]
java.io.IOException: An existing connection was forcibly closed by the remote host
	at sun.nio.ch.SocketDispatcher.read0(Native Method)
	at sun.nio.ch.SocketDispatcher.read(SocketDispatcher.java:43)
	at sun.nio.ch.IOUtil.readIntoNativeBuffer(IOUtil.java:223)
	at sun.nio.ch.IOUtil.read(IOUtil.java:192)
	at sun.nio.ch.SocketChannelImpl.read(SocketChannelImpl.java:380)
	at io.netty.buffer.PooledByteBuf.setBytes(PooledByteBuf.java:259)
	at io.netty.buffer.AbstractByteBuf.writeBytes(AbstractByteBuf.java:1132)
	at io.netty.channel.socket.nio.NioSocketChannel.doReadBytes(NioSocketChannel.java:357)
	at io.netty.channel.nio.AbstractNioByteChannel$NioByteUnsafe.read(AbstractNioByteChannel.java:151)
	at io.netty.channel.nio.NioEventLoop.processSelectedKey(NioEventLoop.java:788)
	at io.netty.channel.nio.NioEventLoop.processSelectedKeysOptimized(NioEventLoop.java:724)
	at io.netty.channel.nio.NioEventLoop.processSelectedKeys(NioEventLoop.java:650)
	at io.netty.channel.nio.NioEventLoop.run(NioEventLoop.java:562)
	at io.netty.util.concurrent.SingleThreadEventExecutor$4.run(SingleThreadEventExecutor.java:997)
	at io.netty.util.internal.ThreadExecutorMap$2.run(ThreadExecutorMap.java:74)
	at io.netty.util.concurrent.FastThreadLocalRunnable.run(FastThreadLocalRunnable.java:30)
	at java.lang.Thread.run(Thread.java:748)
14:29:10.042 [AsyncHttpClient-1-6] DEBUG org.asynchttpclient.netty.channel.ChannelManager - Closing Channel [id: 0xa6e858a0, L:/127.0.0.1:59190 - R:localhost/127.0.0.1:59184] 
14:29:10.042 [AsyncHttpClient-1-6] DEBUG org.asynchttpclient.netty.handler.HttpHandler - Channel Closed: [id: 0xa6e858a0, L:/127.0.0.1:59190 ! R:localhost/127.0.0.1:59184] with attribute DISCARD
14:29:10.111 [AsyncHttpClient-1-5] DEBUG org.asynchttpclient.netty.handler.HttpHandler - 

Request DefaultFullHttpRequest(decodeResult: success, version: HTTP/1.1, content: EmptyByteBufBE)
DELETE /session/f5b7104a67e852367eeebc032aea5b5f HTTP/1.1
User-Agent: selenium/4.8.1 (java windows)
Content-Type: application/json; charset=utf-8
host: localhost:36782
accept: */*

Response DefaultHttpResponse(decodeResult: success, version: HTTP/1.1)
HTTP/1.1 200 OK
Content-Length: 14
Content-Type: application/json; charset=utf-8
cache-control: no-cache

14:29:10.111 [AsyncHttpClient-1-5] DEBUG org.asynchttpclient.netty.channel.ChannelManager - Adding key: http://localhost:36782 for channel [id: 0xb7549578, L:/127.0.0.1:59183 - R:localhost/127.0.0.1:36782]
14:29:10.351 [AsyncHttpClient-1-5] DEBUG org.asynchttpclient.netty.handler.HttpHandler - Channel Closed: [id: 0xb7549578, L:/127.0.0.1:59183 ! R:localhost/127.0.0.1:36782] with attribute DISCARD
14:29:10.877 [main] INFO  - 
  _____   ___   ___   _____     ___     _     ___   ___   ___   ___  
 |_   _| | __| / __| |_   _|   | _ \   /_\   / __| / __| | __| |   \ 
   | |   | _|  \__ \   | |     |  _/  / _ \  \__ \ \__ \ | _|  | |) |
   |_|   |___| |___/   |_|     |_|   /_/ \_\ |___/ |___/ |___| |___/ 

To verify the login functionality
----------------------------------------------------------------------
]]></system-out>
    <system-err><![CDATA[Starting ChromeDriver 114.0.5735.90 (386bc09e8f4f2e025eddae123f36f6263096ae49-refs/branch-heads/5735@{#1052}) on port 36782
Only local connections are allowed.
Please see https://chromedriver.chromium.org/security-considerations for suggestions on keeping ChromeDriver safe.
ChromeDriver was started successfully.
Jul 19, 2023 2:28:51 PM org.openqa.selenium.devtools.CdpVersionFinder findNearestMatch
WARNING: Unable to find an exact match for CDP version 114, so returning the closest version found: 110
]]></system-err>
  </testcase>
  <testcase name="To validate the signup functionality" classname="To validate the Signup functionality of Afrexim page" time="81.731">
    <failure type="java.lang.AssertionError"><![CDATA[java.lang.AssertionError: Field should be present
]]></failure>
    <system-out><![CDATA[14:29:10.877 [main] DEBUG io.cucumber.core.plugin.SerenityReporter - Running feature from file:///C:/Users/hp/eclipse-workspace/AfreximBank_SerenityBDD_Framework/src/test/resources/Afrexim_features/Afrexim_Signup.feature
14:29:10.877 [main] WARN io.cucumber.core.plugin.SerenityReporter - Feature from file:///C:/Users/hp/eclipse-workspace/AfreximBank_SerenityBDD_Framework/src/test/resources/Afrexim_features/Afrexim_Signup.feature is not under the 'features' directory. Requirements report will not be correctly generated!
14:29:10.884 [main] DEBUG net.thucydides.core.steps.StepEventBus - Test suite started for story net.thucydides.core.model.Story@f2f64289
14:29:10.884 [main] INFO  - Test Suite Started: To validate the Signup functionality of Afrexim page
14:29:10.908 [main] DEBUG io.cucumber.core.plugin.SerenityReporter - Running feature from file:///C:/Users/hp/eclipse-workspace/AfreximBank_SerenityBDD_Framework/src/test/resources/Afrexim_features/Afrexim_Signup.feature
14:29:10.908 [main] WARN io.cucumber.core.plugin.SerenityReporter - Feature from file:///C:/Users/hp/eclipse-workspace/AfreximBank_SerenityBDD_Framework/src/test/resources/Afrexim_features/Afrexim_Signup.feature is not under the 'features' directory. Requirements report will not be correctly generated!
14:29:10.916 [main] INFO  - 
  _____   ___   ___   _____     ___   _____     _     ___   _____   ___   ___  
 |_   _| | __| / __| |_   _|   / __| |_   _|   /_\   | _ \ |_   _| | __| |   \ 
   | |   | _|  \__ \   | |     \__ \   | |    / _ \  |   /   | |   | _|  | |) |
   |_|   |___| |___/   |_|     |___/   |_|   /_/ \_\ |_|_\   |_|   |___| |___/ 

To validate the signup functionality(to-validate-the-signup-functionality-of-afrexim-page;to-validate-the-signup-functionality)
--------------------------------------------------------------------------------
14:29:11.044 [main] INFO net.serenitybdd.core.webdriver.driverproviders.ChromeDriverProvider - Starting Chrome driver instance with capabilities:
14:29:11.044 [main] INFO net.serenitybdd.core.webdriver.driverproviders.ChromeDriverProvider - Capabilities {acceptInsecureCerts: false, browserName: chrome, goog:chromeOptions: {args: [remote-allow-origins=*], extensions: []}}
14:29:11.098 [AsyncHttpClient-1-1] DEBUG org.asynchttpclient.netty.channel.DefaultChannelPool - Entry count for : http://localhost:36782 : 1
14:29:11.098 [AsyncHttpClient-1-1] DEBUG org.asynchttpclient.netty.channel.DefaultChannelPool - Entry count for : http://localhost:59184 : 1
14:29:11.098 [AsyncHttpClient-1-1] DEBUG org.asynchttpclient.netty.channel.DefaultChannelPool - Adding Candidate expired Channel [id: 0xb7549578, L:/127.0.0.1:59183 ! R:localhost/127.0.0.1:36782] isIdleTimeoutExpired=false isRemotelyClosed=true isTtlExpired=false
14:29:11.098 [AsyncHttpClient-1-1] DEBUG org.asynchttpclient.netty.channel.DefaultChannelPool - Closing Idle Channel [id: 0xb7549578, L:/127.0.0.1:59183 ! R:localhost/127.0.0.1:36782]
14:29:11.098 [AsyncHttpClient-1-1] DEBUG org.asynchttpclient.netty.channel.DefaultChannelPool - Adding Candidate expired Channel [id: 0xa6e858a0, L:/127.0.0.1:59190 ! R:localhost/127.0.0.1:59184] isIdleTimeoutExpired=false isRemotelyClosed=true isTtlExpired=false
14:29:11.098 [AsyncHttpClient-1-1] DEBUG org.asynchttpclient.netty.channel.DefaultChannelPool - Closing Idle Channel [id: 0xa6e858a0, L:/127.0.0.1:59190 ! R:localhost/127.0.0.1:59184]
14:29:11.098 [AsyncHttpClient-1-1] DEBUG org.asynchttpclient.netty.channel.DefaultChannelPool - Closed 2 connections out of 2 in 0 ms
14:29:12.079 [AsyncHttpClient-1-8] DEBUG org.asynchttpclient.netty.channel.NettyConnectListener - Using new Channel '[id: 0x0fd79672, L:/127.0.0.1:59225 - R:localhost/127.0.0.1:19691]' for 'POST' to '/session'
14:29:14.153 [AsyncHttpClient-1-8] DEBUG org.asynchttpclient.netty.handler.HttpHandler - 

Request DefaultHttpRequest(decodeResult: success, version: HTTP/1.1)
POST /session HTTP/1.1
User-Agent: selenium/4.8.1 (java windows)
Content-Length: 507
Content-Type: application/json; charset=utf-8
host: localhost:19691
accept: */*

Response DefaultHttpResponse(decodeResult: success, version: HTTP/1.1)
HTTP/1.1 200 OK
Content-Length: 858
Content-Type: application/json; charset=utf-8
cache-control: no-cache

14:29:14.153 [AsyncHttpClient-1-8] DEBUG org.asynchttpclient.netty.channel.ChannelManager - Adding key: http://localhost:19691 for channel [id: 0x0fd79672, L:/127.0.0.1:59225 - R:localhost/127.0.0.1:19691]
14:29:14.170 [AsyncHttpClient-1-9] DEBUG org.asynchttpclient.netty.channel.NettyConnectListener - Using new Channel '[id: 0xbad29c93, L:/127.0.0.1:59233 - R:localhost/127.0.0.1:59226]' for 'GET' to '/json/version'
14:29:14.170 [AsyncHttpClient-1-9] DEBUG org.asynchttpclient.netty.handler.HttpHandler - 

Request DefaultFullHttpRequest(decodeResult: success, version: HTTP/1.1, content: EmptyByteBufBE)
GET /json/version HTTP/1.1
User-Agent: selenium/4.8.1 (java windows)
host: localhost:59226
accept: */*

Response DefaultHttpResponse(decodeResult: success, version: HTTP/1.1)
HTTP/1.1 200 OK
Content-Security-Policy: frame-ancestors 'none'
Content-Length: 424
Content-Type: application/json; charset=UTF-8

14:29:14.170 [AsyncHttpClient-1-9] DEBUG org.asynchttpclient.netty.channel.ChannelManager - Adding key: http://localhost:59226 for channel [id: 0xbad29c93, L:/127.0.0.1:59233 - R:localhost/127.0.0.1:59226]
14:29:14.174 [AsyncHttpClient-1-2] DEBUG org.asynchttpclient.netty.channel.NettyConnectListener - Using new Channel '[id: 0xa02a48ca, L:/127.0.0.1:59234 - R:localhost/127.0.0.1:59226]' for 'GET' to '/devtools/browser/2bfb944d-199b-4c09-8e6a-0e3a6a1c086d'
14:29:14.174 [AsyncHttpClient-1-2] DEBUG org.asynchttpclient.netty.handler.WebSocketHandler - 

Request DefaultFullHttpRequest(decodeResult: success, version: HTTP/1.1, content: EmptyByteBufBE)
GET /devtools/browser/2bfb944d-199b-4c09-8e6a-0e3a6a1c086d HTTP/1.1
upgrade: websocket
connection: upgrade
sec-websocket-key: kbVv/fF7P/+AvQSo+k2rwg==
sec-websocket-version: 13
origin: http://localhost:59226
host: localhost:59226
accept: */*
user-agent: AHC/2.1

Response DefaultHttpResponse(decodeResult: success, version: HTTP/1.1)
HTTP/1.1 101 WebSocket Protocol Handshake
Upgrade: WebSocket
Connection: Upgrade
Sec-WebSocket-Accept: PwuM7droQVuv66pCqudfwBSwo+4=

14:29:14.181 [Forwarding get on session 412c741e6f4f7ee9b149c7b74800e900 to remote] DEBUG org.asynchttpclient.netty.request.NettyRequestSender - Using pooled Channel '[id: 0x0fd79672, L:/127.0.0.1:59225 - R:localhost/127.0.0.1:19691]' for 'POST' to 'http://localhost:19691/session/412c741e6f4f7ee9b149c7b74800e900/url'
14:29:14.181 [Forwarding get on session 412c741e6f4f7ee9b149c7b74800e900 to remote] DEBUG org.asynchttpclient.netty.request.NettyRequestSender - Using open Channel [id: 0x0fd79672, L:/127.0.0.1:59225 - R:localhost/127.0.0.1:19691] for POST '/session/412c741e6f4f7ee9b149c7b74800e900/url'
14:29:14.490 [AsyncHttpClient-1-1] DEBUG org.asynchttpclient.netty.channel.DefaultChannelPool - Entry count for : http://localhost:59226 : 1
14:29:15.597 [AsyncHttpClient-1-1] DEBUG org.asynchttpclient.netty.channel.DefaultChannelPool - Entry count for : http://localhost:59226 : 1
14:29:16.694 [AsyncHttpClient-1-1] DEBUG org.asynchttpclient.netty.channel.DefaultChannelPool - Entry count for : http://localhost:59226 : 1
14:29:17.811 [AsyncHttpClient-1-1] DEBUG org.asynchttpclient.netty.channel.DefaultChannelPool - Entry count for : http://localhost:59226 : 1
14:29:18.188 [AsyncHttpClient-1-8] DEBUG org.asynchttpclient.netty.handler.HttpHandler - 

Request DefaultHttpRequest(decodeResult: success, version: HTTP/1.1)
POST /session/412c741e6f4f7ee9b149c7b74800e900/url HTTP/1.1
User-Agent: selenium/4.8.1 (java windows)
Content-Length: 58
Content-Type: application/json; charset=utf-8
host: localhost:19691
accept: */*

Response DefaultHttpResponse(decodeResult: success, version: HTTP/1.1)
HTTP/1.1 200 OK
Content-Length: 14
Content-Type: application/json; charset=utf-8
cache-control: no-cache

14:29:18.188 [AsyncHttpClient-1-8] DEBUG org.asynchttpclient.netty.channel.ChannelManager - Adding key: http://localhost:19691 for channel [id: 0x0fd79672, L:/127.0.0.1:59225 - R:localhost/127.0.0.1:19691]
14:29:18.189 [Forwarding setTimeout on session 412c741e6f4f7ee9b149c7b74800e900 to remote] DEBUG org.asynchttpclient.netty.request.NettyRequestSender - Using pooled Channel '[id: 0x0fd79672, L:/127.0.0.1:59225 - R:localhost/127.0.0.1:19691]' for 'POST' to 'http://localhost:19691/session/412c741e6f4f7ee9b149c7b74800e900/timeouts'
14:29:18.189 [Forwarding setTimeout on session 412c741e6f4f7ee9b149c7b74800e900 to remote] DEBUG org.asynchttpclient.netty.request.NettyRequestSender - Using open Channel [id: 0x0fd79672, L:/127.0.0.1:59225 - R:localhost/127.0.0.1:19691] for POST '/session/412c741e6f4f7ee9b149c7b74800e900/timeouts'
14:29:18.192 [AsyncHttpClient-1-8] DEBUG org.asynchttpclient.netty.handler.HttpHandler - 

Request DefaultHttpRequest(decodeResult: success, version: HTTP/1.1)
POST /session/412c741e6f4f7ee9b149c7b74800e900/timeouts HTTP/1.1
User-Agent: selenium/4.8.1 (java windows)
Content-Length: 22
Content-Type: application/json; charset=utf-8
host: localhost:19691
accept: */*

Response DefaultHttpResponse(decodeResult: success, version: HTTP/1.1)
HTTP/1.1 200 OK
Content-Length: 14
Content-Type: application/json; charset=utf-8
cache-control: no-cache

14:29:18.192 [AsyncHttpClient-1-8] DEBUG org.asynchttpclient.netty.channel.ChannelManager - Adding key: http://localhost:19691 for channel [id: 0x0fd79672, L:/127.0.0.1:59225 - R:localhost/127.0.0.1:19691]
14:29:18.194 [Forwarding maximizeCurrentWindow on session 412c741e6f4f7ee9b149c7b74800e900 to remote] DEBUG org.asynchttpclient.netty.request.NettyRequestSender - Using pooled Channel '[id: 0x0fd79672, L:/127.0.0.1:59225 - R:localhost/127.0.0.1:19691]' for 'POST' to 'http://localhost:19691/session/412c741e6f4f7ee9b149c7b74800e900/window/maximize'
14:29:18.194 [Forwarding maximizeCurrentWindow on session 412c741e6f4f7ee9b149c7b74800e900 to remote] DEBUG org.asynchttpclient.netty.request.NettyRequestSender - Using open Channel [id: 0x0fd79672, L:/127.0.0.1:59225 - R:localhost/127.0.0.1:19691] for POST '/session/412c741e6f4f7ee9b149c7b74800e900/window/maximize'
14:29:18.634 [AsyncHttpClient-1-8] DEBUG org.asynchttpclient.netty.handler.HttpHandler - 

Request DefaultHttpRequest(decodeResult: success, version: HTTP/1.1)
POST /session/412c741e6f4f7ee9b149c7b74800e900/window/maximize HTTP/1.1
User-Agent: selenium/4.8.1 (java windows)
Content-Length: 3
Content-Type: application/json; charset=utf-8
host: localhost:19691
accept: */*

Response DefaultHttpResponse(decodeResult: success, version: HTTP/1.1)
HTTP/1.1 200 OK
Content-Length: 51
Content-Type: application/json; charset=utf-8
cache-control: no-cache

14:29:18.634 [AsyncHttpClient-1-8] DEBUG org.asynchttpclient.netty.channel.ChannelManager - Adding key: http://localhost:19691 for channel [id: 0x0fd79672, L:/127.0.0.1:59225 - R:localhost/127.0.0.1:19691]
14:29:18.643 [main] DEBUG net.serenitybdd.core.photography.Darkroom - Opening darkroom
14:29:18.645 [Forwarding getAlertText on session 412c741e6f4f7ee9b149c7b74800e900 to remote] DEBUG org.asynchttpclient.netty.request.NettyRequestSender - Using pooled Channel '[id: 0x0fd79672, L:/127.0.0.1:59225 - R:localhost/127.0.0.1:19691]' for 'GET' to 'http://localhost:19691/session/412c741e6f4f7ee9b149c7b74800e900/alert/text'
14:29:18.645 [Forwarding getAlertText on session 412c741e6f4f7ee9b149c7b74800e900 to remote] DEBUG org.asynchttpclient.netty.request.NettyRequestSender - Using open Channel [id: 0x0fd79672, L:/127.0.0.1:59225 - R:localhost/127.0.0.1:19691] for GET '/session/412c741e6f4f7ee9b149c7b74800e900/alert/text'
14:29:18.719 [Darkroom Processing Line] DEBUG net.serenitybdd.core.photography.DarkroomProcessingLine - Darkroom processing line starting up
14:29:18.768 [AsyncHttpClient-1-8] DEBUG org.asynchttpclient.netty.handler.HttpHandler - 

Request DefaultFullHttpRequest(decodeResult: success, version: HTTP/1.1, content: EmptyByteBufBE)
GET /session/412c741e6f4f7ee9b149c7b74800e900/alert/text HTTP/1.1
User-Agent: selenium/4.8.1 (java windows)
Cache-Control: no-cache
Content-Type: application/json; charset=utf-8
host: localhost:19691
accept: */*

Response DefaultHttpResponse(decodeResult: success, version: HTTP/1.1)
HTTP/1.1 404 Not Found
Content-Length: 821
Content-Type: application/json; charset=utf-8
cache-control: no-cache

14:29:18.769 [AsyncHttpClient-1-8] DEBUG org.asynchttpclient.netty.channel.ChannelManager - Adding key: http://localhost:19691 for channel [id: 0x0fd79672, L:/127.0.0.1:59225 - R:localhost/127.0.0.1:19691]
14:29:18.771 [Forwarding getCurrentUrl on session 412c741e6f4f7ee9b149c7b74800e900 to remote] DEBUG org.asynchttpclient.netty.request.NettyRequestSender - Using pooled Channel '[id: 0x0fd79672, L:/127.0.0.1:59225 - R:localhost/127.0.0.1:19691]' for 'GET' to 'http://localhost:19691/session/412c741e6f4f7ee9b149c7b74800e900/url'
14:29:18.771 [Forwarding getCurrentUrl on session 412c741e6f4f7ee9b149c7b74800e900 to remote] DEBUG org.asynchttpclient.netty.request.NettyRequestSender - Using open Channel [id: 0x0fd79672, L:/127.0.0.1:59225 - R:localhost/127.0.0.1:19691] for GET '/session/412c741e6f4f7ee9b149c7b74800e900/url'
14:29:18.831 [AsyncHttpClient-1-8] DEBUG org.asynchttpclient.netty.handler.HttpHandler - 

Request DefaultFullHttpRequest(decodeResult: success, version: HTTP/1.1, content: EmptyByteBufBE)
GET /session/412c741e6f4f7ee9b149c7b74800e900/url HTTP/1.1
User-Agent: selenium/4.8.1 (java windows)
Cache-Control: no-cache
Content-Type: application/json; charset=utf-8
host: localhost:19691
accept: */*

Response DefaultHttpResponse(decodeResult: success, version: HTTP/1.1)
HTTP/1.1 200 OK
Content-Length: 40
Content-Type: application/json; charset=utf-8
cache-control: no-cache

14:29:18.831 [AsyncHttpClient-1-8] DEBUG org.asynchttpclient.netty.channel.ChannelManager - Adding key: http://localhost:19691 for channel [id: 0x0fd79672, L:/127.0.0.1:59225 - R:localhost/127.0.0.1:19691]
14:29:18.834 [Forwarding screenshot on session 412c741e6f4f7ee9b149c7b74800e900 to remote] DEBUG org.asynchttpclient.netty.request.NettyRequestSender - Using pooled Channel '[id: 0x0fd79672, L:/127.0.0.1:59225 - R:localhost/127.0.0.1:19691]' for 'GET' to 'http://localhost:19691/session/412c741e6f4f7ee9b149c7b74800e900/screenshot'
14:29:18.834 [Forwarding screenshot on session 412c741e6f4f7ee9b149c7b74800e900 to remote] DEBUG org.asynchttpclient.netty.request.NettyRequestSender - Using open Channel [id: 0x0fd79672, L:/127.0.0.1:59225 - R:localhost/127.0.0.1:19691] for GET '/session/412c741e6f4f7ee9b149c7b74800e900/screenshot'
14:29:18.900 [AsyncHttpClient-1-1] DEBUG org.asynchttpclient.netty.channel.DefaultChannelPool - Entry count for : http://localhost:59226 : 1
14:29:19.989 [AsyncHttpClient-1-1] DEBUG org.asynchttpclient.netty.channel.DefaultChannelPool - Entry count for : http://localhost:59226 : 1
14:29:20.059 [AsyncHttpClient-1-8] DEBUG org.asynchttpclient.netty.handler.HttpHandler - 

Request DefaultFullHttpRequest(decodeResult: success, version: HTTP/1.1, content: EmptyByteBufBE)
GET /session/412c741e6f4f7ee9b149c7b74800e900/screenshot HTTP/1.1
User-Agent: selenium/4.8.1 (java windows)
Cache-Control: no-cache
Content-Type: application/json; charset=utf-8
host: localhost:19691
accept: */*

Response DefaultHttpResponse(decodeResult: success, version: HTTP/1.1)
HTTP/1.1 200 OK
Content-Length: 2003364
Content-Type: application/json; charset=utf-8
cache-control: no-cache

14:29:20.258 [AsyncHttpClient-1-8] DEBUG org.asynchttpclient.netty.channel.ChannelManager - Adding key: http://localhost:19691 for channel [id: 0x0fd79672, L:/127.0.0.1:59225 - R:localhost/127.0.0.1:19691]
14:29:20.403 [main] DEBUG net.serenitybdd.core.photography.Darkroom - Send negative for processing for target\site\serenity\19bc30654f4998f4168a2113f8d4e45928f14ca935f9285a2bddcad2b3f449f9.png
14:29:20.414 [Forwarding getPageSource on session 412c741e6f4f7ee9b149c7b74800e900 to remote] DEBUG org.asynchttpclient.netty.request.NettyRequestSender - Using pooled Channel '[id: 0x0fd79672, L:/127.0.0.1:59225 - R:localhost/127.0.0.1:19691]' for 'POST' to 'http://localhost:19691/session/412c741e6f4f7ee9b149c7b74800e900/execute/sync'
14:29:20.414 [Forwarding getPageSource on session 412c741e6f4f7ee9b149c7b74800e900 to remote] DEBUG org.asynchttpclient.netty.request.NettyRequestSender - Using open Channel [id: 0x0fd79672, L:/127.0.0.1:59225 - R:localhost/127.0.0.1:19691] for POST '/session/412c741e6f4f7ee9b149c7b74800e900/execute/sync'
14:29:20.453 [AsyncHttpClient-1-8] DEBUG org.asynchttpclient.netty.handler.HttpHandler - 

Request DefaultHttpRequest(decodeResult: success, version: HTTP/1.1)
POST /session/412c741e6f4f7ee9b149c7b74800e900/execute/sync HTTP/1.1
User-Agent: selenium/4.8.1 (java windows)
Content-Length: 176
Content-Type: application/json; charset=utf-8
host: localhost:19691
accept: */*

Response DefaultHttpResponse(decodeResult: success, version: HTTP/1.1)
HTTP/1.1 200 OK
Content-Length: 129146
Content-Type: application/json; charset=utf-8
cache-control: no-cache

14:29:20.454 [AsyncHttpClient-1-8] DEBUG org.asynchttpclient.netty.channel.ChannelManager - Adding key: http://localhost:19691 for channel [id: 0x0fd79672, L:/127.0.0.1:59225 - R:localhost/127.0.0.1:19691]
14:29:20.474 [Forwarding getCurrentUrl on session 412c741e6f4f7ee9b149c7b74800e900 to remote] DEBUG org.asynchttpclient.netty.request.NettyRequestSender - Using pooled Channel '[id: 0x0fd79672, L:/127.0.0.1:59225 - R:localhost/127.0.0.1:19691]' for 'GET' to 'http://localhost:19691/session/412c741e6f4f7ee9b149c7b74800e900/url'
14:29:20.475 [Forwarding getCurrentUrl on session 412c741e6f4f7ee9b149c7b74800e900 to remote] DEBUG org.asynchttpclient.netty.request.NettyRequestSender - Using open Channel [id: 0x0fd79672, L:/127.0.0.1:59225 - R:localhost/127.0.0.1:19691] for GET '/session/412c741e6f4f7ee9b149c7b74800e900/url'
14:29:20.483 [AsyncHttpClient-1-8] DEBUG org.asynchttpclient.netty.handler.HttpHandler - 

Request DefaultFullHttpRequest(decodeResult: success, version: HTTP/1.1, content: EmptyByteBufBE)
GET /session/412c741e6f4f7ee9b149c7b74800e900/url HTTP/1.1
User-Agent: selenium/4.8.1 (java windows)
Cache-Control: no-cache
Content-Type: application/json; charset=utf-8
host: localhost:19691
accept: */*

Response DefaultHttpResponse(decodeResult: success, version: HTTP/1.1)
HTTP/1.1 200 OK
Content-Length: 40
Content-Type: application/json; charset=utf-8
cache-control: no-cache

14:29:20.483 [AsyncHttpClient-1-8] DEBUG org.asynchttpclient.netty.channel.ChannelManager - Adding key: http://localhost:19691 for channel [id: 0x0fd79672, L:/127.0.0.1:59225 - R:localhost/127.0.0.1:19691]
14:29:20.510 [Forwarding getAlertText on session 412c741e6f4f7ee9b149c7b74800e900 to remote] DEBUG org.asynchttpclient.netty.request.NettyRequestSender - Using pooled Channel '[id: 0x0fd79672, L:/127.0.0.1:59225 - R:localhost/127.0.0.1:19691]' for 'GET' to 'http://localhost:19691/session/412c741e6f4f7ee9b149c7b74800e900/alert/text'
14:29:20.510 [Forwarding getAlertText on session 412c741e6f4f7ee9b149c7b74800e900 to remote] DEBUG org.asynchttpclient.netty.request.NettyRequestSender - Using open Channel [id: 0x0fd79672, L:/127.0.0.1:59225 - R:localhost/127.0.0.1:19691] for GET '/session/412c741e6f4f7ee9b149c7b74800e900/alert/text'
14:29:20.514 [AsyncHttpClient-1-8] DEBUG org.asynchttpclient.netty.handler.HttpHandler - 

Request DefaultFullHttpRequest(decodeResult: success, version: HTTP/1.1, content: EmptyByteBufBE)
GET /session/412c741e6f4f7ee9b149c7b74800e900/alert/text HTTP/1.1
User-Agent: selenium/4.8.1 (java windows)
Cache-Control: no-cache
Content-Type: application/json; charset=utf-8
host: localhost:19691
accept: */*

Response DefaultHttpResponse(decodeResult: success, version: HTTP/1.1)
HTTP/1.1 404 Not Found
Content-Length: 821
Content-Type: application/json; charset=utf-8
cache-control: no-cache

14:29:20.514 [AsyncHttpClient-1-8] DEBUG org.asynchttpclient.netty.channel.ChannelManager - Adding key: http://localhost:19691 for channel [id: 0x0fd79672, L:/127.0.0.1:59225 - R:localhost/127.0.0.1:19691]
14:29:20.516 [Forwarding getCurrentUrl on session 412c741e6f4f7ee9b149c7b74800e900 to remote] DEBUG org.asynchttpclient.netty.request.NettyRequestSender - Using pooled Channel '[id: 0x0fd79672, L:/127.0.0.1:59225 - R:localhost/127.0.0.1:19691]' for 'GET' to 'http://localhost:19691/session/412c741e6f4f7ee9b149c7b74800e900/url'
14:29:20.518 [Forwarding getCurrentUrl on session 412c741e6f4f7ee9b149c7b74800e900 to remote] DEBUG org.asynchttpclient.netty.request.NettyRequestSender - Using open Channel [id: 0x0fd79672, L:/127.0.0.1:59225 - R:localhost/127.0.0.1:19691] for GET '/session/412c741e6f4f7ee9b149c7b74800e900/url'
14:29:20.532 [AsyncHttpClient-1-8] DEBUG org.asynchttpclient.netty.handler.HttpHandler - 

Request DefaultFullHttpRequest(decodeResult: success, version: HTTP/1.1, content: EmptyByteBufBE)
GET /session/412c741e6f4f7ee9b149c7b74800e900/url HTTP/1.1
User-Agent: selenium/4.8.1 (java windows)
Cache-Control: no-cache
Content-Type: application/json; charset=utf-8
host: localhost:19691
accept: */*

Response DefaultHttpResponse(decodeResult: success, version: HTTP/1.1)
HTTP/1.1 200 OK
Content-Length: 40
Content-Type: application/json; charset=utf-8
cache-control: no-cache

14:29:20.532 [AsyncHttpClient-1-8] DEBUG org.asynchttpclient.netty.channel.ChannelManager - Adding key: http://localhost:19691 for channel [id: 0x0fd79672, L:/127.0.0.1:59225 - R:localhost/127.0.0.1:19691]
14:29:20.534 [Forwarding screenshot on session 412c741e6f4f7ee9b149c7b74800e900 to remote] DEBUG org.asynchttpclient.netty.request.NettyRequestSender - Using pooled Channel '[id: 0x0fd79672, L:/127.0.0.1:59225 - R:localhost/127.0.0.1:19691]' for 'GET' to 'http://localhost:19691/session/412c741e6f4f7ee9b149c7b74800e900/screenshot'
14:29:20.534 [Forwarding screenshot on session 412c741e6f4f7ee9b149c7b74800e900 to remote] DEBUG org.asynchttpclient.netty.request.NettyRequestSender - Using open Channel [id: 0x0fd79672, L:/127.0.0.1:59225 - R:localhost/127.0.0.1:19691] for GET '/session/412c741e6f4f7ee9b149c7b74800e900/screenshot'
14:29:21.091 [AsyncHttpClient-1-1] DEBUG org.asynchttpclient.netty.channel.DefaultChannelPool - Entry count for : http://localhost:59226 : 1
14:29:22.024 [AsyncHttpClient-1-8] DEBUG org.asynchttpclient.netty.handler.HttpHandler - 

Request DefaultFullHttpRequest(decodeResult: success, version: HTTP/1.1, content: EmptyByteBufBE)
GET /session/412c741e6f4f7ee9b149c7b74800e900/screenshot HTTP/1.1
User-Agent: selenium/4.8.1 (java windows)
Cache-Control: no-cache
Content-Type: application/json; charset=utf-8
host: localhost:19691
accept: */*

Response DefaultHttpResponse(decodeResult: success, version: HTTP/1.1)
HTTP/1.1 200 OK
Content-Length: 2003364
Content-Type: application/json; charset=utf-8
cache-control: no-cache

14:29:22.034 [AsyncHttpClient-1-8] DEBUG org.asynchttpclient.netty.channel.ChannelManager - Adding key: http://localhost:19691 for channel [id: 0x0fd79672, L:/127.0.0.1:59225 - R:localhost/127.0.0.1:19691]
14:29:22.194 [AsyncHttpClient-1-1] DEBUG org.asynchttpclient.netty.channel.DefaultChannelPool - Entry count for : http://localhost:59226 : 1
14:29:22.195 [AsyncHttpClient-1-1] DEBUG org.asynchttpclient.netty.channel.DefaultChannelPool - Entry count for : http://localhost:19691 : 1
14:29:22.222 [main] DEBUG net.serenitybdd.core.photography.Darkroom - Send negative for processing for target\site\serenity\19bc30654f4998f4168a2113f8d4e45928f14ca935f9285a2bddcad2b3f449f9.png
14:29:22.226 [Forwarding getPageSource on session 412c741e6f4f7ee9b149c7b74800e900 to remote] DEBUG org.asynchttpclient.netty.request.NettyRequestSender - Using pooled Channel '[id: 0x0fd79672, L:/127.0.0.1:59225 - R:localhost/127.0.0.1:19691]' for 'POST' to 'http://localhost:19691/session/412c741e6f4f7ee9b149c7b74800e900/execute/sync'
14:29:22.226 [Forwarding getPageSource on session 412c741e6f4f7ee9b149c7b74800e900 to remote] DEBUG org.asynchttpclient.netty.request.NettyRequestSender - Using open Channel [id: 0x0fd79672, L:/127.0.0.1:59225 - R:localhost/127.0.0.1:19691] for POST '/session/412c741e6f4f7ee9b149c7b74800e900/execute/sync'
14:29:22.264 [AsyncHttpClient-1-8] DEBUG org.asynchttpclient.netty.handler.HttpHandler - 

Request DefaultHttpRequest(decodeResult: success, version: HTTP/1.1)
POST /session/412c741e6f4f7ee9b149c7b74800e900/execute/sync HTTP/1.1
User-Agent: selenium/4.8.1 (java windows)
Content-Length: 176
Content-Type: application/json; charset=utf-8
host: localhost:19691
accept: */*

Response DefaultHttpResponse(decodeResult: success, version: HTTP/1.1)
HTTP/1.1 200 OK
Content-Length: 129157
Content-Type: application/json; charset=utf-8
cache-control: no-cache

14:29:22.264 [AsyncHttpClient-1-8] DEBUG org.asynchttpclient.netty.channel.ChannelManager - Adding key: http://localhost:19691 for channel [id: 0x0fd79672, L:/127.0.0.1:59225 - R:localhost/127.0.0.1:19691]
14:29:22.284 [Forwarding getCurrentUrl on session 412c741e6f4f7ee9b149c7b74800e900 to remote] DEBUG org.asynchttpclient.netty.request.NettyRequestSender - Using pooled Channel '[id: 0x0fd79672, L:/127.0.0.1:59225 - R:localhost/127.0.0.1:19691]' for 'GET' to 'http://localhost:19691/session/412c741e6f4f7ee9b149c7b74800e900/url'
14:29:22.284 [Forwarding getCurrentUrl on session 412c741e6f4f7ee9b149c7b74800e900 to remote] DEBUG org.asynchttpclient.netty.request.NettyRequestSender - Using open Channel [id: 0x0fd79672, L:/127.0.0.1:59225 - R:localhost/127.0.0.1:19691] for GET '/session/412c741e6f4f7ee9b149c7b74800e900/url'
14:29:22.296 [AsyncHttpClient-1-8] DEBUG org.asynchttpclient.netty.handler.HttpHandler - 

Request DefaultFullHttpRequest(decodeResult: success, version: HTTP/1.1, content: EmptyByteBufBE)
GET /session/412c741e6f4f7ee9b149c7b74800e900/url HTTP/1.1
User-Agent: selenium/4.8.1 (java windows)
Cache-Control: no-cache
Content-Type: application/json; charset=utf-8
host: localhost:19691
accept: */*

Response DefaultHttpResponse(decodeResult: success, version: HTTP/1.1)
HTTP/1.1 200 OK
Content-Length: 40
Content-Type: application/json; charset=utf-8
cache-control: no-cache

14:29:22.296 [AsyncHttpClient-1-8] DEBUG org.asynchttpclient.netty.channel.ChannelManager - Adding key: http://localhost:19691 for channel [id: 0x0fd79672, L:/127.0.0.1:59225 - R:localhost/127.0.0.1:19691]
14:29:22.301 [main] DEBUG net.thucydides.core.steps.StepInterceptor - STARTING STEP: Afrexim_Signin_steps.to_click_the_apply_for_facility_option - Click_applyfacility
14:29:22.306 [Forwarding findElement on session 412c741e6f4f7ee9b149c7b74800e900 to remote] DEBUG org.asynchttpclient.netty.request.NettyRequestSender - Using pooled Channel '[id: 0x0fd79672, L:/127.0.0.1:59225 - R:localhost/127.0.0.1:19691]' for 'POST' to 'http://localhost:19691/session/412c741e6f4f7ee9b149c7b74800e900/element'
14:29:22.306 [Forwarding findElement on session 412c741e6f4f7ee9b149c7b74800e900 to remote] DEBUG org.asynchttpclient.netty.request.NettyRequestSender - Using open Channel [id: 0x0fd79672, L:/127.0.0.1:59225 - R:localhost/127.0.0.1:19691] for POST '/session/412c741e6f4f7ee9b149c7b74800e900/element'
14:29:22.347 [AsyncHttpClient-1-8] DEBUG org.asynchttpclient.netty.handler.HttpHandler - 

Request DefaultHttpRequest(decodeResult: success, version: HTTP/1.1)
POST /session/412c741e6f4f7ee9b149c7b74800e900/element HTTP/1.1
User-Agent: selenium/4.8.1 (java windows)
Content-Length: 84
Content-Type: application/json; charset=utf-8
host: localhost:19691
accept: */*

Response DefaultHttpResponse(decodeResult: success, version: HTTP/1.1)
HTTP/1.1 200 OK
Content-Length: 95
Content-Type: application/json; charset=utf-8
cache-control: no-cache

14:29:22.347 [AsyncHttpClient-1-8] DEBUG org.asynchttpclient.netty.channel.ChannelManager - Adding key: http://localhost:19691 for channel [id: 0x0fd79672, L:/127.0.0.1:59225 - R:localhost/127.0.0.1:19691]
14:29:22.349 [Forwarding getElementTagName on session 412c741e6f4f7ee9b149c7b74800e900 to remote] DEBUG org.asynchttpclient.netty.request.NettyRequestSender - Using pooled Channel '[id: 0x0fd79672, L:/127.0.0.1:59225 - R:localhost/127.0.0.1:19691]' for 'GET' to 'http://localhost:19691/session/412c741e6f4f7ee9b149c7b74800e900/element/B6F111552D3B92F4BE7F3E72C186E0CD_element_44/name'
14:29:22.349 [Forwarding getElementTagName on session 412c741e6f4f7ee9b149c7b74800e900 to remote] DEBUG org.asynchttpclient.netty.request.NettyRequestSender - Using open Channel [id: 0x0fd79672, L:/127.0.0.1:59225 - R:localhost/127.0.0.1:19691] for GET '/session/412c741e6f4f7ee9b149c7b74800e900/element/B6F111552D3B92F4BE7F3E72C186E0CD_element_44/name'
14:29:22.364 [AsyncHttpClient-1-8] DEBUG org.asynchttpclient.netty.handler.HttpHandler - 

Request DefaultFullHttpRequest(decodeResult: success, version: HTTP/1.1, content: EmptyByteBufBE)
GET /session/412c741e6f4f7ee9b149c7b74800e900/element/B6F111552D3B92F4BE7F3E72C186E0CD_element_44/name HTTP/1.1
User-Agent: selenium/4.8.1 (java windows)
Cache-Control: no-cache
Content-Type: application/json; charset=utf-8
host: localhost:19691
accept: */*

Response DefaultHttpResponse(decodeResult: success, version: HTTP/1.1)
HTTP/1.1 200 OK
Content-Length: 13
Content-Type: application/json; charset=utf-8
cache-control: no-cache

14:29:22.364 [AsyncHttpClient-1-8] DEBUG org.asynchttpclient.netty.channel.ChannelManager - Adding key: http://localhost:19691 for channel [id: 0x0fd79672, L:/127.0.0.1:59225 - R:localhost/127.0.0.1:19691]
14:29:22.366 [Forwarding getElementTagName on session 412c741e6f4f7ee9b149c7b74800e900 to remote] DEBUG org.asynchttpclient.netty.request.NettyRequestSender - Using pooled Channel '[id: 0x0fd79672, L:/127.0.0.1:59225 - R:localhost/127.0.0.1:19691]' for 'GET' to 'http://localhost:19691/session/412c741e6f4f7ee9b149c7b74800e900/element/B6F111552D3B92F4BE7F3E72C186E0CD_element_44/name'
14:29:22.367 [Forwarding getElementTagName on session 412c741e6f4f7ee9b149c7b74800e900 to remote] DEBUG org.asynchttpclient.netty.request.NettyRequestSender - Using open Channel [id: 0x0fd79672, L:/127.0.0.1:59225 - R:localhost/127.0.0.1:19691] for GET '/session/412c741e6f4f7ee9b149c7b74800e900/element/B6F111552D3B92F4BE7F3E72C186E0CD_element_44/name'
14:29:22.381 [AsyncHttpClient-1-8] DEBUG org.asynchttpclient.netty.handler.HttpHandler - 

Request DefaultFullHttpRequest(decodeResult: success, version: HTTP/1.1, content: EmptyByteBufBE)
GET /session/412c741e6f4f7ee9b149c7b74800e900/element/B6F111552D3B92F4BE7F3E72C186E0CD_element_44/name HTTP/1.1
User-Agent: selenium/4.8.1 (java windows)
Cache-Control: no-cache
Content-Type: application/json; charset=utf-8
host: localhost:19691
accept: */*

Response DefaultHttpResponse(decodeResult: success, version: HTTP/1.1)
HTTP/1.1 200 OK
Content-Length: 13
Content-Type: application/json; charset=utf-8
cache-control: no-cache

14:29:22.381 [AsyncHttpClient-1-8] DEBUG org.asynchttpclient.netty.channel.ChannelManager - Adding key: http://localhost:19691 for channel [id: 0x0fd79672, L:/127.0.0.1:59225 - R:localhost/127.0.0.1:19691]
14:29:22.384 [Forwarding findElement on session 412c741e6f4f7ee9b149c7b74800e900 to remote] DEBUG org.asynchttpclient.netty.request.NettyRequestSender - Using pooled Channel '[id: 0x0fd79672, L:/127.0.0.1:59225 - R:localhost/127.0.0.1:19691]' for 'POST' to 'http://localhost:19691/session/412c741e6f4f7ee9b149c7b74800e900/element'
14:29:22.384 [Forwarding findElement on session 412c741e6f4f7ee9b149c7b74800e900 to remote] DEBUG org.asynchttpclient.netty.request.NettyRequestSender - Using open Channel [id: 0x0fd79672, L:/127.0.0.1:59225 - R:localhost/127.0.0.1:19691] for POST '/session/412c741e6f4f7ee9b149c7b74800e900/element'
14:29:22.402 [AsyncHttpClient-1-8] DEBUG org.asynchttpclient.netty.handler.HttpHandler - 

Request DefaultHttpRequest(decodeResult: success, version: HTTP/1.1)
POST /session/412c741e6f4f7ee9b149c7b74800e900/element HTTP/1.1
User-Agent: selenium/4.8.1 (java windows)
Content-Length: 84
Content-Type: application/json; charset=utf-8
host: localhost:19691
accept: */*

Response DefaultHttpResponse(decodeResult: success, version: HTTP/1.1)
HTTP/1.1 200 OK
Content-Length: 95
Content-Type: application/json; charset=utf-8
cache-control: no-cache

14:29:22.402 [AsyncHttpClient-1-8] DEBUG org.asynchttpclient.netty.channel.ChannelManager - Adding key: http://localhost:19691 for channel [id: 0x0fd79672, L:/127.0.0.1:59225 - R:localhost/127.0.0.1:19691]
14:29:22.405 [Forwarding clickElement on session 412c741e6f4f7ee9b149c7b74800e900 to remote] DEBUG org.asynchttpclient.netty.request.NettyRequestSender - Using pooled Channel '[id: 0x0fd79672, L:/127.0.0.1:59225 - R:localhost/127.0.0.1:19691]' for 'POST' to 'http://localhost:19691/session/412c741e6f4f7ee9b149c7b74800e900/element/B6F111552D3B92F4BE7F3E72C186E0CD_element_44/click'
14:29:22.405 [Forwarding clickElement on session 412c741e6f4f7ee9b149c7b74800e900 to remote] DEBUG org.asynchttpclient.netty.request.NettyRequestSender - Using open Channel [id: 0x0fd79672, L:/127.0.0.1:59225 - R:localhost/127.0.0.1:19691] for POST '/session/412c741e6f4f7ee9b149c7b74800e900/element/B6F111552D3B92F4BE7F3E72C186E0CD_element_44/click'
14:29:23.312 [AsyncHttpClient-1-1] DEBUG org.asynchttpclient.netty.channel.DefaultChannelPool - Entry count for : http://localhost:59226 : 1
14:29:24.402 [AsyncHttpClient-1-8] DEBUG org.asynchttpclient.netty.handler.HttpHandler - 

Request DefaultHttpRequest(decodeResult: success, version: HTTP/1.1)
POST /session/412c741e6f4f7ee9b149c7b74800e900/element/B6F111552D3B92F4BE7F3E72C186E0CD_element_44/click HTTP/1.1
User-Agent: selenium/4.8.1 (java windows)
Content-Length: 57
Content-Type: application/json; charset=utf-8
host: localhost:19691
accept: */*

Response DefaultHttpResponse(decodeResult: success, version: HTTP/1.1)
HTTP/1.1 200 OK
Content-Length: 14
Content-Type: application/json; charset=utf-8
cache-control: no-cache

14:29:24.403 [AsyncHttpClient-1-8] DEBUG org.asynchttpclient.netty.channel.ChannelManager - Adding key: http://localhost:19691 for channel [id: 0x0fd79672, L:/127.0.0.1:59225 - R:localhost/127.0.0.1:19691]
14:29:24.417 [AsyncHttpClient-1-1] DEBUG org.asynchttpclient.netty.channel.DefaultChannelPool - Entry count for : http://localhost:59226 : 1
14:29:24.418 [AsyncHttpClient-1-1] DEBUG org.asynchttpclient.netty.channel.DefaultChannelPool - Entry count for : http://localhost:19691 : 1
14:29:24.419 [Forwarding getAlertText on session 412c741e6f4f7ee9b149c7b74800e900 to remote] DEBUG org.asynchttpclient.netty.request.NettyRequestSender - Using pooled Channel '[id: 0x0fd79672, L:/127.0.0.1:59225 - R:localhost/127.0.0.1:19691]' for 'GET' to 'http://localhost:19691/session/412c741e6f4f7ee9b149c7b74800e900/alert/text'
14:29:24.420 [Forwarding getAlertText on session 412c741e6f4f7ee9b149c7b74800e900 to remote] DEBUG org.asynchttpclient.netty.request.NettyRequestSender - Using open Channel [id: 0x0fd79672, L:/127.0.0.1:59225 - R:localhost/127.0.0.1:19691] for GET '/session/412c741e6f4f7ee9b149c7b74800e900/alert/text'
14:29:24.424 [AsyncHttpClient-1-8] DEBUG org.asynchttpclient.netty.handler.HttpHandler - 

Request DefaultFullHttpRequest(decodeResult: success, version: HTTP/1.1, content: EmptyByteBufBE)
GET /session/412c741e6f4f7ee9b149c7b74800e900/alert/text HTTP/1.1
User-Agent: selenium/4.8.1 (java windows)
Cache-Control: no-cache
Content-Type: application/json; charset=utf-8
host: localhost:19691
accept: */*

Response DefaultHttpResponse(decodeResult: success, version: HTTP/1.1)
HTTP/1.1 404 Not Found
Content-Length: 821
Content-Type: application/json; charset=utf-8
cache-control: no-cache

14:29:24.424 [AsyncHttpClient-1-8] DEBUG org.asynchttpclient.netty.channel.ChannelManager - Adding key: http://localhost:19691 for channel [id: 0x0fd79672, L:/127.0.0.1:59225 - R:localhost/127.0.0.1:19691]
14:29:24.426 [Forwarding getCurrentUrl on session 412c741e6f4f7ee9b149c7b74800e900 to remote] DEBUG org.asynchttpclient.netty.request.NettyRequestSender - Using pooled Channel '[id: 0x0fd79672, L:/127.0.0.1:59225 - R:localhost/127.0.0.1:19691]' for 'GET' to 'http://localhost:19691/session/412c741e6f4f7ee9b149c7b74800e900/url'
14:29:24.426 [Forwarding getCurrentUrl on session 412c741e6f4f7ee9b149c7b74800e900 to remote] DEBUG org.asynchttpclient.netty.request.NettyRequestSender - Using open Channel [id: 0x0fd79672, L:/127.0.0.1:59225 - R:localhost/127.0.0.1:19691] for GET '/session/412c741e6f4f7ee9b149c7b74800e900/url'
14:29:24.438 [AsyncHttpClient-1-8] DEBUG org.asynchttpclient.netty.handler.HttpHandler - 

Request DefaultFullHttpRequest(decodeResult: success, version: HTTP/1.1, content: EmptyByteBufBE)
GET /session/412c741e6f4f7ee9b149c7b74800e900/url HTTP/1.1
User-Agent: selenium/4.8.1 (java windows)
Cache-Control: no-cache
Content-Type: application/json; charset=utf-8
host: localhost:19691
accept: */*

Response DefaultHttpResponse(decodeResult: success, version: HTTP/1.1)
HTTP/1.1 200 OK
Content-Length: 54
Content-Type: application/json; charset=utf-8
cache-control: no-cache

14:29:24.438 [AsyncHttpClient-1-8] DEBUG org.asynchttpclient.netty.channel.ChannelManager - Adding key: http://localhost:19691 for channel [id: 0x0fd79672, L:/127.0.0.1:59225 - R:localhost/127.0.0.1:19691]
14:29:24.439 [Forwarding screenshot on session 412c741e6f4f7ee9b149c7b74800e900 to remote] DEBUG org.asynchttpclient.netty.request.NettyRequestSender - Using pooled Channel '[id: 0x0fd79672, L:/127.0.0.1:59225 - R:localhost/127.0.0.1:19691]' for 'GET' to 'http://localhost:19691/session/412c741e6f4f7ee9b149c7b74800e900/screenshot'
14:29:24.439 [Forwarding screenshot on session 412c741e6f4f7ee9b149c7b74800e900 to remote] DEBUG org.asynchttpclient.netty.request.NettyRequestSender - Using open Channel [id: 0x0fd79672, L:/127.0.0.1:59225 - R:localhost/127.0.0.1:19691] for GET '/session/412c741e6f4f7ee9b149c7b74800e900/screenshot'
14:29:24.964 [AsyncHttpClient-1-8] DEBUG org.asynchttpclient.netty.handler.HttpHandler - 

Request DefaultFullHttpRequest(decodeResult: success, version: HTTP/1.1, content: EmptyByteBufBE)
GET /session/412c741e6f4f7ee9b149c7b74800e900/screenshot HTTP/1.1
User-Agent: selenium/4.8.1 (java windows)
Cache-Control: no-cache
Content-Type: application/json; charset=utf-8
host: localhost:19691
accept: */*

Response DefaultHttpResponse(decodeResult: success, version: HTTP/1.1)
HTTP/1.1 200 OK
Content-Length: 51488
Content-Type: application/json; charset=utf-8
cache-control: no-cache

14:29:24.964 [AsyncHttpClient-1-8] DEBUG org.asynchttpclient.netty.channel.ChannelManager - Adding key: http://localhost:19691 for channel [id: 0x0fd79672, L:/127.0.0.1:59225 - R:localhost/127.0.0.1:19691]
14:29:24.968 [main] DEBUG net.serenitybdd.core.photography.Darkroom - Send negative for processing for target\site\serenity\9857aafb41216484dfe4faf047dea54ef8bf2a79a20276e7a1ecaa7016b22ca1.png
14:29:24.968 [main] DEBUG net.thucydides.core.steps.StepInterceptor - STEP DONE: Click_applyfacility
14:29:24.985 [Forwarding getPageSource on session 412c741e6f4f7ee9b149c7b74800e900 to remote] DEBUG org.asynchttpclient.netty.request.NettyRequestSender - Using pooled Channel '[id: 0x0fd79672, L:/127.0.0.1:59225 - R:localhost/127.0.0.1:19691]' for 'POST' to 'http://localhost:19691/session/412c741e6f4f7ee9b149c7b74800e900/execute/sync'
14:29:24.985 [Forwarding getPageSource on session 412c741e6f4f7ee9b149c7b74800e900 to remote] DEBUG org.asynchttpclient.netty.request.NettyRequestSender - Using open Channel [id: 0x0fd79672, L:/127.0.0.1:59225 - R:localhost/127.0.0.1:19691] for POST '/session/412c741e6f4f7ee9b149c7b74800e900/execute/sync'
14:29:24.997 [AsyncHttpClient-1-8] DEBUG org.asynchttpclient.netty.handler.HttpHandler - 

Request DefaultHttpRequest(decodeResult: success, version: HTTP/1.1)
POST /session/412c741e6f4f7ee9b149c7b74800e900/execute/sync HTTP/1.1
User-Agent: selenium/4.8.1 (java windows)
Content-Length: 176
Content-Type: application/json; charset=utf-8
host: localhost:19691
accept: */*

Response DefaultHttpResponse(decodeResult: success, version: HTTP/1.1)
HTTP/1.1 200 OK
Content-Length: 6206
Content-Type: application/json; charset=utf-8
cache-control: no-cache

14:29:24.997 [AsyncHttpClient-1-8] DEBUG org.asynchttpclient.netty.channel.ChannelManager - Adding key: http://localhost:19691 for channel [id: 0x0fd79672, L:/127.0.0.1:59225 - R:localhost/127.0.0.1:19691]
14:29:24.999 [Forwarding getCurrentUrl on session 412c741e6f4f7ee9b149c7b74800e900 to remote] DEBUG org.asynchttpclient.netty.request.NettyRequestSender - Using pooled Channel '[id: 0x0fd79672, L:/127.0.0.1:59225 - R:localhost/127.0.0.1:19691]' for 'GET' to 'http://localhost:19691/session/412c741e6f4f7ee9b149c7b74800e900/url'
14:29:25.000 [Forwarding getCurrentUrl on session 412c741e6f4f7ee9b149c7b74800e900 to remote] DEBUG org.asynchttpclient.netty.request.NettyRequestSender - Using open Channel [id: 0x0fd79672, L:/127.0.0.1:59225 - R:localhost/127.0.0.1:19691] for GET '/session/412c741e6f4f7ee9b149c7b74800e900/url'
14:29:25.010 [AsyncHttpClient-1-8] DEBUG org.asynchttpclient.netty.handler.HttpHandler - 

Request DefaultFullHttpRequest(decodeResult: success, version: HTTP/1.1, content: EmptyByteBufBE)
GET /session/412c741e6f4f7ee9b149c7b74800e900/url HTTP/1.1
User-Agent: selenium/4.8.1 (java windows)
Cache-Control: no-cache
Content-Type: application/json; charset=utf-8
host: localhost:19691
accept: */*

Response DefaultHttpResponse(decodeResult: success, version: HTTP/1.1)
HTTP/1.1 200 OK
Content-Length: 54
Content-Type: application/json; charset=utf-8
cache-control: no-cache

14:29:25.010 [AsyncHttpClient-1-8] DEBUG org.asynchttpclient.netty.channel.ChannelManager - Adding key: http://localhost:19691 for channel [id: 0x0fd79672, L:/127.0.0.1:59225 - R:localhost/127.0.0.1:19691]
14:29:25.262 [Forwarding getAlertText on session 412c741e6f4f7ee9b149c7b74800e900 to remote] DEBUG org.asynchttpclient.netty.request.NettyRequestSender - Using pooled Channel '[id: 0x0fd79672, L:/127.0.0.1:59225 - R:localhost/127.0.0.1:19691]' for 'GET' to 'http://localhost:19691/session/412c741e6f4f7ee9b149c7b74800e900/alert/text'
14:29:25.263 [Forwarding getAlertText on session 412c741e6f4f7ee9b149c7b74800e900 to remote] DEBUG org.asynchttpclient.netty.request.NettyRequestSender - Using open Channel [id: 0x0fd79672, L:/127.0.0.1:59225 - R:localhost/127.0.0.1:19691] for GET '/session/412c741e6f4f7ee9b149c7b74800e900/alert/text'
14:29:25.304 [AsyncHttpClient-1-8] DEBUG org.asynchttpclient.netty.handler.HttpHandler - 

Request DefaultFullHttpRequest(decodeResult: success, version: HTTP/1.1, content: EmptyByteBufBE)
GET /session/412c741e6f4f7ee9b149c7b74800e900/alert/text HTTP/1.1
User-Agent: selenium/4.8.1 (java windows)
Cache-Control: no-cache
Content-Type: application/json; charset=utf-8
host: localhost:19691
accept: */*

Response DefaultHttpResponse(decodeResult: success, version: HTTP/1.1)
HTTP/1.1 404 Not Found
Content-Length: 821
Content-Type: application/json; charset=utf-8
cache-control: no-cache

14:29:25.304 [AsyncHttpClient-1-8] DEBUG org.asynchttpclient.netty.channel.ChannelManager - Adding key: http://localhost:19691 for channel [id: 0x0fd79672, L:/127.0.0.1:59225 - R:localhost/127.0.0.1:19691]
14:29:25.306 [Forwarding getCurrentUrl on session 412c741e6f4f7ee9b149c7b74800e900 to remote] DEBUG org.asynchttpclient.netty.request.NettyRequestSender - Using pooled Channel '[id: 0x0fd79672, L:/127.0.0.1:59225 - R:localhost/127.0.0.1:19691]' for 'GET' to 'http://localhost:19691/session/412c741e6f4f7ee9b149c7b74800e900/url'
14:29:25.307 [Forwarding getCurrentUrl on session 412c741e6f4f7ee9b149c7b74800e900 to remote] DEBUG org.asynchttpclient.netty.request.NettyRequestSender - Using open Channel [id: 0x0fd79672, L:/127.0.0.1:59225 - R:localhost/127.0.0.1:19691] for GET '/session/412c741e6f4f7ee9b149c7b74800e900/url'
14:29:25.322 [AsyncHttpClient-1-8] DEBUG org.asynchttpclient.netty.handler.HttpHandler - 

Request DefaultFullHttpRequest(decodeResult: success, version: HTTP/1.1, content: EmptyByteBufBE)
GET /session/412c741e6f4f7ee9b149c7b74800e900/url HTTP/1.1
User-Agent: selenium/4.8.1 (java windows)
Cache-Control: no-cache
Content-Type: application/json; charset=utf-8
host: localhost:19691
accept: */*

Response DefaultHttpResponse(decodeResult: success, version: HTTP/1.1)
HTTP/1.1 200 OK
Content-Length: 54
Content-Type: application/json; charset=utf-8
cache-control: no-cache

14:29:25.323 [AsyncHttpClient-1-8] DEBUG org.asynchttpclient.netty.channel.ChannelManager - Adding key: http://localhost:19691 for channel [id: 0x0fd79672, L:/127.0.0.1:59225 - R:localhost/127.0.0.1:19691]
14:29:25.323 [Forwarding screenshot on session 412c741e6f4f7ee9b149c7b74800e900 to remote] DEBUG org.asynchttpclient.netty.request.NettyRequestSender - Using pooled Channel '[id: 0x0fd79672, L:/127.0.0.1:59225 - R:localhost/127.0.0.1:19691]' for 'GET' to 'http://localhost:19691/session/412c741e6f4f7ee9b149c7b74800e900/screenshot'
14:29:25.324 [Forwarding screenshot on session 412c741e6f4f7ee9b149c7b74800e900 to remote] DEBUG org.asynchttpclient.netty.request.NettyRequestSender - Using open Channel [id: 0x0fd79672, L:/127.0.0.1:59225 - R:localhost/127.0.0.1:19691] for GET '/session/412c741e6f4f7ee9b149c7b74800e900/screenshot'
14:29:25.487 [AsyncHttpClient-1-1] DEBUG org.asynchttpclient.netty.channel.DefaultChannelPool - Entry count for : http://localhost:59226 : 1
14:29:25.564 [AsyncHttpClient-1-8] DEBUG org.asynchttpclient.netty.handler.HttpHandler - 

Request DefaultFullHttpRequest(decodeResult: success, version: HTTP/1.1, content: EmptyByteBufBE)
GET /session/412c741e6f4f7ee9b149c7b74800e900/screenshot HTTP/1.1
User-Agent: selenium/4.8.1 (java windows)
Cache-Control: no-cache
Content-Type: application/json; charset=utf-8
host: localhost:19691
accept: */*

Response DefaultHttpResponse(decodeResult: success, version: HTTP/1.1)
HTTP/1.1 200 OK
Content-Length: 51488
Content-Type: application/json; charset=utf-8
cache-control: no-cache

14:29:25.565 [AsyncHttpClient-1-8] DEBUG org.asynchttpclient.netty.channel.ChannelManager - Adding key: http://localhost:19691 for channel [id: 0x0fd79672, L:/127.0.0.1:59225 - R:localhost/127.0.0.1:19691]
14:29:25.568 [main] DEBUG net.serenitybdd.core.photography.Darkroom - Send negative for processing for target\site\serenity\9857aafb41216484dfe4faf047dea54ef8bf2a79a20276e7a1ecaa7016b22ca1.png
14:29:25.570 [Forwarding getPageSource on session 412c741e6f4f7ee9b149c7b74800e900 to remote] DEBUG org.asynchttpclient.netty.request.NettyRequestSender - Using pooled Channel '[id: 0x0fd79672, L:/127.0.0.1:59225 - R:localhost/127.0.0.1:19691]' for 'POST' to 'http://localhost:19691/session/412c741e6f4f7ee9b149c7b74800e900/execute/sync'
14:29:25.570 [Forwarding getPageSource on session 412c741e6f4f7ee9b149c7b74800e900 to remote] DEBUG org.asynchttpclient.netty.request.NettyRequestSender - Using open Channel [id: 0x0fd79672, L:/127.0.0.1:59225 - R:localhost/127.0.0.1:19691] for POST '/session/412c741e6f4f7ee9b149c7b74800e900/execute/sync'
14:29:25.579 [AsyncHttpClient-1-8] DEBUG org.asynchttpclient.netty.handler.HttpHandler - 

Request DefaultHttpRequest(decodeResult: success, version: HTTP/1.1)
POST /session/412c741e6f4f7ee9b149c7b74800e900/execute/sync HTTP/1.1
User-Agent: selenium/4.8.1 (java windows)
Content-Length: 176
Content-Type: application/json; charset=utf-8
host: localhost:19691
accept: */*

Response DefaultHttpResponse(decodeResult: success, version: HTTP/1.1)
HTTP/1.1 200 OK
Content-Length: 6206
Content-Type: application/json; charset=utf-8
cache-control: no-cache

14:29:25.580 [AsyncHttpClient-1-8] DEBUG org.asynchttpclient.netty.channel.ChannelManager - Adding key: http://localhost:19691 for channel [id: 0x0fd79672, L:/127.0.0.1:59225 - R:localhost/127.0.0.1:19691]
14:29:25.581 [Forwarding getCurrentUrl on session 412c741e6f4f7ee9b149c7b74800e900 to remote] DEBUG org.asynchttpclient.netty.request.NettyRequestSender - Using pooled Channel '[id: 0x0fd79672, L:/127.0.0.1:59225 - R:localhost/127.0.0.1:19691]' for 'GET' to 'http://localhost:19691/session/412c741e6f4f7ee9b149c7b74800e900/url'
14:29:25.582 [Forwarding getCurrentUrl on session 412c741e6f4f7ee9b149c7b74800e900 to remote] DEBUG org.asynchttpclient.netty.request.NettyRequestSender - Using open Channel [id: 0x0fd79672, L:/127.0.0.1:59225 - R:localhost/127.0.0.1:19691] for GET '/session/412c741e6f4f7ee9b149c7b74800e900/url'
14:29:25.591 [AsyncHttpClient-1-8] DEBUG org.asynchttpclient.netty.handler.HttpHandler - 

Request DefaultFullHttpRequest(decodeResult: success, version: HTTP/1.1, content: EmptyByteBufBE)
GET /session/412c741e6f4f7ee9b149c7b74800e900/url HTTP/1.1
User-Agent: selenium/4.8.1 (java windows)
Cache-Control: no-cache
Content-Type: application/json; charset=utf-8
host: localhost:19691
accept: */*

Response DefaultHttpResponse(decodeResult: success, version: HTTP/1.1)
HTTP/1.1 200 OK
Content-Length: 54
Content-Type: application/json; charset=utf-8
cache-control: no-cache

14:29:25.591 [AsyncHttpClient-1-8] DEBUG org.asynchttpclient.netty.channel.ChannelManager - Adding key: http://localhost:19691 for channel [id: 0x0fd79672, L:/127.0.0.1:59225 - R:localhost/127.0.0.1:19691]
14:29:25.593 [main] DEBUG net.thucydides.core.steps.StepInterceptor - STARTING STEP: Afrexim_Signup_steps.click_the_sign_up_link_under_the_sign_in_box - Sign_Up
14:29:26.591 [AsyncHttpClient-1-1] DEBUG org.asynchttpclient.netty.channel.DefaultChannelPool - Entry count for : http://localhost:59226 : 1
14:29:26.591 [AsyncHttpClient-1-1] DEBUG org.asynchttpclient.netty.channel.DefaultChannelPool - Entry count for : http://localhost:19691 : 1
14:29:27.610 [Forwarding findElement on session 412c741e6f4f7ee9b149c7b74800e900 to remote] DEBUG org.asynchttpclient.netty.request.NettyRequestSender - Using pooled Channel '[id: 0x0fd79672, L:/127.0.0.1:59225 - R:localhost/127.0.0.1:19691]' for 'POST' to 'http://localhost:19691/session/412c741e6f4f7ee9b149c7b74800e900/element'
14:29:27.610 [Forwarding findElement on session 412c741e6f4f7ee9b149c7b74800e900 to remote] DEBUG org.asynchttpclient.netty.request.NettyRequestSender - Using open Channel [id: 0x0fd79672, L:/127.0.0.1:59225 - R:localhost/127.0.0.1:19691] for POST '/session/412c741e6f4f7ee9b149c7b74800e900/element'
14:29:27.637 [AsyncHttpClient-1-8] DEBUG org.asynchttpclient.netty.handler.HttpHandler - 

Request DefaultHttpRequest(decodeResult: success, version: HTTP/1.1)
POST /session/412c741e6f4f7ee9b149c7b74800e900/element HTTP/1.1
User-Agent: selenium/4.8.1 (java windows)
Content-Length: 68
Content-Type: application/json; charset=utf-8
host: localhost:19691
accept: */*

Response DefaultHttpResponse(decodeResult: success, version: HTTP/1.1)
HTTP/1.1 200 OK
Content-Length: 95
Content-Type: application/json; charset=utf-8
cache-control: no-cache

14:29:27.637 [AsyncHttpClient-1-8] DEBUG org.asynchttpclient.netty.channel.ChannelManager - Adding key: http://localhost:19691 for channel [id: 0x0fd79672, L:/127.0.0.1:59225 - R:localhost/127.0.0.1:19691]
14:29:27.639 [Forwarding getElementTagName on session 412c741e6f4f7ee9b149c7b74800e900 to remote] DEBUG org.asynchttpclient.netty.request.NettyRequestSender - Using pooled Channel '[id: 0x0fd79672, L:/127.0.0.1:59225 - R:localhost/127.0.0.1:19691]' for 'GET' to 'http://localhost:19691/session/412c741e6f4f7ee9b149c7b74800e900/element/9330F8CD5D18F75156EB4FB715507178_element_55/name'
14:29:27.639 [Forwarding getElementTagName on session 412c741e6f4f7ee9b149c7b74800e900 to remote] DEBUG org.asynchttpclient.netty.request.NettyRequestSender - Using open Channel [id: 0x0fd79672, L:/127.0.0.1:59225 - R:localhost/127.0.0.1:19691] for GET '/session/412c741e6f4f7ee9b149c7b74800e900/element/9330F8CD5D18F75156EB4FB715507178_element_55/name'
14:29:27.653 [AsyncHttpClient-1-8] DEBUG org.asynchttpclient.netty.handler.HttpHandler - 

Request DefaultFullHttpRequest(decodeResult: success, version: HTTP/1.1, content: EmptyByteBufBE)
GET /session/412c741e6f4f7ee9b149c7b74800e900/element/9330F8CD5D18F75156EB4FB715507178_element_55/name HTTP/1.1
User-Agent: selenium/4.8.1 (java windows)
Cache-Control: no-cache
Content-Type: application/json; charset=utf-8
host: localhost:19691
accept: */*

Response DefaultHttpResponse(decodeResult: success, version: HTTP/1.1)
HTTP/1.1 200 OK
Content-Length: 13
Content-Type: application/json; charset=utf-8
cache-control: no-cache

14:29:27.653 [AsyncHttpClient-1-8] DEBUG org.asynchttpclient.netty.channel.ChannelManager - Adding key: http://localhost:19691 for channel [id: 0x0fd79672, L:/127.0.0.1:59225 - R:localhost/127.0.0.1:19691]
14:29:27.656 [Forwarding getElementTagName on session 412c741e6f4f7ee9b149c7b74800e900 to remote] DEBUG org.asynchttpclient.netty.request.NettyRequestSender - Using pooled Channel '[id: 0x0fd79672, L:/127.0.0.1:59225 - R:localhost/127.0.0.1:19691]' for 'GET' to 'http://localhost:19691/session/412c741e6f4f7ee9b149c7b74800e900/element/9330F8CD5D18F75156EB4FB715507178_element_55/name'
14:29:27.657 [Forwarding getElementTagName on session 412c741e6f4f7ee9b149c7b74800e900 to remote] DEBUG org.asynchttpclient.netty.request.NettyRequestSender - Using open Channel [id: 0x0fd79672, L:/127.0.0.1:59225 - R:localhost/127.0.0.1:19691] for GET '/session/412c741e6f4f7ee9b149c7b74800e900/element/9330F8CD5D18F75156EB4FB715507178_element_55/name'
14:29:27.673 [AsyncHttpClient-1-8] DEBUG org.asynchttpclient.netty.handler.HttpHandler - 

Request DefaultFullHttpRequest(decodeResult: success, version: HTTP/1.1, content: EmptyByteBufBE)
GET /session/412c741e6f4f7ee9b149c7b74800e900/element/9330F8CD5D18F75156EB4FB715507178_element_55/name HTTP/1.1
User-Agent: selenium/4.8.1 (java windows)
Cache-Control: no-cache
Content-Type: application/json; charset=utf-8
host: localhost:19691
accept: */*

Response DefaultHttpResponse(decodeResult: success, version: HTTP/1.1)
HTTP/1.1 200 OK
Content-Length: 13
Content-Type: application/json; charset=utf-8
cache-control: no-cache

14:29:27.674 [AsyncHttpClient-1-8] DEBUG org.asynchttpclient.netty.channel.ChannelManager - Adding key: http://localhost:19691 for channel [id: 0x0fd79672, L:/127.0.0.1:59225 - R:localhost/127.0.0.1:19691]
14:29:27.677 [Forwarding findElement on session 412c741e6f4f7ee9b149c7b74800e900 to remote] DEBUG org.asynchttpclient.netty.request.NettyRequestSender - Using pooled Channel '[id: 0x0fd79672, L:/127.0.0.1:59225 - R:localhost/127.0.0.1:19691]' for 'POST' to 'http://localhost:19691/session/412c741e6f4f7ee9b149c7b74800e900/element'
14:29:27.677 [Forwarding findElement on session 412c741e6f4f7ee9b149c7b74800e900 to remote] DEBUG org.asynchttpclient.netty.request.NettyRequestSender - Using open Channel [id: 0x0fd79672, L:/127.0.0.1:59225 - R:localhost/127.0.0.1:19691] for POST '/session/412c741e6f4f7ee9b149c7b74800e900/element'
14:29:27.688 [AsyncHttpClient-1-1] DEBUG org.asynchttpclient.netty.channel.DefaultChannelPool - Entry count for : http://localhost:59226 : 1
14:29:27.693 [AsyncHttpClient-1-8] DEBUG org.asynchttpclient.netty.handler.HttpHandler - 

Request DefaultHttpRequest(decodeResult: success, version: HTTP/1.1)
POST /session/412c741e6f4f7ee9b149c7b74800e900/element HTTP/1.1
User-Agent: selenium/4.8.1 (java windows)
Content-Length: 68
Content-Type: application/json; charset=utf-8
host: localhost:19691
accept: */*

Response DefaultHttpResponse(decodeResult: success, version: HTTP/1.1)
HTTP/1.1 200 OK
Content-Length: 95
Content-Type: application/json; charset=utf-8
cache-control: no-cache

14:29:27.693 [AsyncHttpClient-1-8] DEBUG org.asynchttpclient.netty.channel.ChannelManager - Adding key: http://localhost:19691 for channel [id: 0x0fd79672, L:/127.0.0.1:59225 - R:localhost/127.0.0.1:19691]
14:29:27.696 [Forwarding clickElement on session 412c741e6f4f7ee9b149c7b74800e900 to remote] DEBUG org.asynchttpclient.netty.request.NettyRequestSender - Using pooled Channel '[id: 0x0fd79672, L:/127.0.0.1:59225 - R:localhost/127.0.0.1:19691]' for 'POST' to 'http://localhost:19691/session/412c741e6f4f7ee9b149c7b74800e900/element/9330F8CD5D18F75156EB4FB715507178_element_55/click'
14:29:27.696 [Forwarding clickElement on session 412c741e6f4f7ee9b149c7b74800e900 to remote] DEBUG org.asynchttpclient.netty.request.NettyRequestSender - Using open Channel [id: 0x0fd79672, L:/127.0.0.1:59225 - R:localhost/127.0.0.1:19691] for POST '/session/412c741e6f4f7ee9b149c7b74800e900/element/9330F8CD5D18F75156EB4FB715507178_element_55/click'
14:29:28.165 [AsyncHttpClient-1-8] DEBUG org.asynchttpclient.netty.handler.HttpHandler - 

Request DefaultHttpRequest(decodeResult: success, version: HTTP/1.1)
POST /session/412c741e6f4f7ee9b149c7b74800e900/element/9330F8CD5D18F75156EB4FB715507178_element_55/click HTTP/1.1
User-Agent: selenium/4.8.1 (java windows)
Content-Length: 57
Content-Type: application/json; charset=utf-8
host: localhost:19691
accept: */*

Response DefaultHttpResponse(decodeResult: success, version: HTTP/1.1)
HTTP/1.1 200 OK
Content-Length: 14
Content-Type: application/json; charset=utf-8
cache-control: no-cache

14:29:28.165 [AsyncHttpClient-1-8] DEBUG org.asynchttpclient.netty.channel.ChannelManager - Adding key: http://localhost:19691 for channel [id: 0x0fd79672, L:/127.0.0.1:59225 - R:localhost/127.0.0.1:19691]
14:29:28.184 [Forwarding getAlertText on session 412c741e6f4f7ee9b149c7b74800e900 to remote] DEBUG org.asynchttpclient.netty.request.NettyRequestSender - Using pooled Channel '[id: 0x0fd79672, L:/127.0.0.1:59225 - R:localhost/127.0.0.1:19691]' for 'GET' to 'http://localhost:19691/session/412c741e6f4f7ee9b149c7b74800e900/alert/text'
14:29:28.184 [Forwarding getAlertText on session 412c741e6f4f7ee9b149c7b74800e900 to remote] DEBUG org.asynchttpclient.netty.request.NettyRequestSender - Using open Channel [id: 0x0fd79672, L:/127.0.0.1:59225 - R:localhost/127.0.0.1:19691] for GET '/session/412c741e6f4f7ee9b149c7b74800e900/alert/text'
14:29:28.246 [AsyncHttpClient-1-8] DEBUG org.asynchttpclient.netty.handler.HttpHandler - 

Request DefaultFullHttpRequest(decodeResult: success, version: HTTP/1.1, content: EmptyByteBufBE)
GET /session/412c741e6f4f7ee9b149c7b74800e900/alert/text HTTP/1.1
User-Agent: selenium/4.8.1 (java windows)
Cache-Control: no-cache
Content-Type: application/json; charset=utf-8
host: localhost:19691
accept: */*

Response DefaultHttpResponse(decodeResult: success, version: HTTP/1.1)
HTTP/1.1 404 Not Found
Content-Length: 821
Content-Type: application/json; charset=utf-8
cache-control: no-cache

14:29:28.247 [AsyncHttpClient-1-8] DEBUG org.asynchttpclient.netty.channel.ChannelManager - Adding key: http://localhost:19691 for channel [id: 0x0fd79672, L:/127.0.0.1:59225 - R:localhost/127.0.0.1:19691]
14:29:28.249 [Forwarding getCurrentUrl on session 412c741e6f4f7ee9b149c7b74800e900 to remote] DEBUG org.asynchttpclient.netty.request.NettyRequestSender - Using pooled Channel '[id: 0x0fd79672, L:/127.0.0.1:59225 - R:localhost/127.0.0.1:19691]' for 'GET' to 'http://localhost:19691/session/412c741e6f4f7ee9b149c7b74800e900/url'
14:29:28.249 [Forwarding getCurrentUrl on session 412c741e6f4f7ee9b149c7b74800e900 to remote] DEBUG org.asynchttpclient.netty.request.NettyRequestSender - Using open Channel [id: 0x0fd79672, L:/127.0.0.1:59225 - R:localhost/127.0.0.1:19691] for GET '/session/412c741e6f4f7ee9b149c7b74800e900/url'
14:29:28.282 [AsyncHttpClient-1-8] DEBUG org.asynchttpclient.netty.handler.HttpHandler - 

Request DefaultFullHttpRequest(decodeResult: success, version: HTTP/1.1, content: EmptyByteBufBE)
GET /session/412c741e6f4f7ee9b149c7b74800e900/url HTTP/1.1
User-Agent: selenium/4.8.1 (java windows)
Cache-Control: no-cache
Content-Type: application/json; charset=utf-8
host: localhost:19691
accept: */*

Response DefaultHttpResponse(decodeResult: success, version: HTTP/1.1)
HTTP/1.1 200 OK
Content-Length: 63
Content-Type: application/json; charset=utf-8
cache-control: no-cache

14:29:28.287 [AsyncHttpClient-1-8] DEBUG org.asynchttpclient.netty.channel.ChannelManager - Adding key: http://localhost:19691 for channel [id: 0x0fd79672, L:/127.0.0.1:59225 - R:localhost/127.0.0.1:19691]
14:29:28.287 [Forwarding screenshot on session 412c741e6f4f7ee9b149c7b74800e900 to remote] DEBUG org.asynchttpclient.netty.request.NettyRequestSender - Using pooled Channel '[id: 0x0fd79672, L:/127.0.0.1:59225 - R:localhost/127.0.0.1:19691]' for 'GET' to 'http://localhost:19691/session/412c741e6f4f7ee9b149c7b74800e900/screenshot'
14:29:28.287 [Forwarding screenshot on session 412c741e6f4f7ee9b149c7b74800e900 to remote] DEBUG org.asynchttpclient.netty.request.NettyRequestSender - Using open Channel [id: 0x0fd79672, L:/127.0.0.1:59225 - R:localhost/127.0.0.1:19691] for GET '/session/412c741e6f4f7ee9b149c7b74800e900/screenshot'
14:29:28.520 [AsyncHttpClient-1-8] DEBUG org.asynchttpclient.netty.handler.HttpHandler - 

Request DefaultFullHttpRequest(decodeResult: success, version: HTTP/1.1, content: EmptyByteBufBE)
GET /session/412c741e6f4f7ee9b149c7b74800e900/screenshot HTTP/1.1
User-Agent: selenium/4.8.1 (java windows)
Cache-Control: no-cache
Content-Type: application/json; charset=utf-8
host: localhost:19691
accept: */*

Response DefaultHttpResponse(decodeResult: success, version: HTTP/1.1)
HTTP/1.1 200 OK
Content-Length: 70576
Content-Type: application/json; charset=utf-8
cache-control: no-cache

14:29:28.520 [AsyncHttpClient-1-8] DEBUG org.asynchttpclient.netty.channel.ChannelManager - Adding key: http://localhost:19691 for channel [id: 0x0fd79672, L:/127.0.0.1:59225 - R:localhost/127.0.0.1:19691]
14:29:28.527 [main] DEBUG net.serenitybdd.core.photography.Darkroom - Send negative for processing for target\site\serenity\4ed28c9bc8e14b2c43a24a50c9d04c456150ad0fc6594bd460a3511f366143d7.png
14:29:28.527 [main] DEBUG net.thucydides.core.steps.StepInterceptor - STEP DONE: Sign_Up
14:29:28.527 [Darkroom Processing Line] DEBUG net.serenitybdd.core.photography.DarkroomProcessingLine - Processing screenshot image in /var/screenshots/screenshot-3311730938755667239
14:29:28.527 [Darkroom Processing Line] DEBUG net.serenitybdd.core.photography.DarkroomProcessingLine - Saving screenshot to target\site\serenity\4ed28c9bc8e14b2c43a24a50c9d04c456150ad0fc6594bd460a3511f366143d7.png
14:29:28.553 [Forwarding getPageSource on session 412c741e6f4f7ee9b149c7b74800e900 to remote] DEBUG org.asynchttpclient.netty.request.NettyRequestSender - Using pooled Channel '[id: 0x0fd79672, L:/127.0.0.1:59225 - R:localhost/127.0.0.1:19691]' for 'POST' to 'http://localhost:19691/session/412c741e6f4f7ee9b149c7b74800e900/execute/sync'
14:29:28.553 [Forwarding getPageSource on session 412c741e6f4f7ee9b149c7b74800e900 to remote] DEBUG org.asynchttpclient.netty.request.NettyRequestSender - Using open Channel [id: 0x0fd79672, L:/127.0.0.1:59225 - R:localhost/127.0.0.1:19691] for POST '/session/412c741e6f4f7ee9b149c7b74800e900/execute/sync'
14:29:28.571 [AsyncHttpClient-1-8] DEBUG org.asynchttpclient.netty.handler.HttpHandler - 

Request DefaultHttpRequest(decodeResult: success, version: HTTP/1.1)
POST /session/412c741e6f4f7ee9b149c7b74800e900/execute/sync HTTP/1.1
User-Agent: selenium/4.8.1 (java windows)
Content-Length: 176
Content-Type: application/json; charset=utf-8
host: localhost:19691
accept: */*

Response DefaultHttpResponse(decodeResult: success, version: HTTP/1.1)
HTTP/1.1 200 OK
Content-Length: 13743
Content-Type: application/json; charset=utf-8
cache-control: no-cache

14:29:28.571 [AsyncHttpClient-1-8] DEBUG org.asynchttpclient.netty.channel.ChannelManager - Adding key: http://localhost:19691 for channel [id: 0x0fd79672, L:/127.0.0.1:59225 - R:localhost/127.0.0.1:19691]
14:29:28.575 [Forwarding getCurrentUrl on session 412c741e6f4f7ee9b149c7b74800e900 to remote] DEBUG org.asynchttpclient.netty.request.NettyRequestSender - Using pooled Channel '[id: 0x0fd79672, L:/127.0.0.1:59225 - R:localhost/127.0.0.1:19691]' for 'GET' to 'http://localhost:19691/session/412c741e6f4f7ee9b149c7b74800e900/url'
14:29:28.575 [Forwarding getCurrentUrl on session 412c741e6f4f7ee9b149c7b74800e900 to remote] DEBUG org.asynchttpclient.netty.request.NettyRequestSender - Using open Channel [id: 0x0fd79672, L:/127.0.0.1:59225 - R:localhost/127.0.0.1:19691] for GET '/session/412c741e6f4f7ee9b149c7b74800e900/url'
14:29:28.799 [AsyncHttpClient-1-1] DEBUG org.asynchttpclient.netty.channel.DefaultChannelPool - Entry count for : http://localhost:59226 : 1
14:29:28.970 [AsyncHttpClient-1-8] DEBUG org.asynchttpclient.netty.handler.HttpHandler - 

Request DefaultFullHttpRequest(decodeResult: success, version: HTTP/1.1, content: EmptyByteBufBE)
GET /session/412c741e6f4f7ee9b149c7b74800e900/url HTTP/1.1
User-Agent: selenium/4.8.1 (java windows)
Cache-Control: no-cache
Content-Type: application/json; charset=utf-8
host: localhost:19691
accept: */*

Response DefaultHttpResponse(decodeResult: success, version: HTTP/1.1)
HTTP/1.1 200 OK
Content-Length: 63
Content-Type: application/json; charset=utf-8
cache-control: no-cache

14:29:28.970 [AsyncHttpClient-1-8] DEBUG org.asynchttpclient.netty.channel.ChannelManager - Adding key: http://localhost:19691 for channel [id: 0x0fd79672, L:/127.0.0.1:59225 - R:localhost/127.0.0.1:19691]
14:29:28.986 [Forwarding getAlertText on session 412c741e6f4f7ee9b149c7b74800e900 to remote] DEBUG org.asynchttpclient.netty.request.NettyRequestSender - Using pooled Channel '[id: 0x0fd79672, L:/127.0.0.1:59225 - R:localhost/127.0.0.1:19691]' for 'GET' to 'http://localhost:19691/session/412c741e6f4f7ee9b149c7b74800e900/alert/text'
14:29:28.986 [Forwarding getAlertText on session 412c741e6f4f7ee9b149c7b74800e900 to remote] DEBUG org.asynchttpclient.netty.request.NettyRequestSender - Using open Channel [id: 0x0fd79672, L:/127.0.0.1:59225 - R:localhost/127.0.0.1:19691] for GET '/session/412c741e6f4f7ee9b149c7b74800e900/alert/text'
14:29:28.987 [AsyncHttpClient-1-8] DEBUG org.asynchttpclient.netty.handler.HttpHandler - 

Request DefaultFullHttpRequest(decodeResult: success, version: HTTP/1.1, content: EmptyByteBufBE)
GET /session/412c741e6f4f7ee9b149c7b74800e900/alert/text HTTP/1.1
User-Agent: selenium/4.8.1 (java windows)
Cache-Control: no-cache
Content-Type: application/json; charset=utf-8
host: localhost:19691
accept: */*

Response DefaultHttpResponse(decodeResult: success, version: HTTP/1.1)
HTTP/1.1 404 Not Found
Content-Length: 821
Content-Type: application/json; charset=utf-8
cache-control: no-cache

14:29:28.987 [AsyncHttpClient-1-8] DEBUG org.asynchttpclient.netty.channel.ChannelManager - Adding key: http://localhost:19691 for channel [id: 0x0fd79672, L:/127.0.0.1:59225 - R:localhost/127.0.0.1:19691]
14:29:28.987 [Forwarding getCurrentUrl on session 412c741e6f4f7ee9b149c7b74800e900 to remote] DEBUG org.asynchttpclient.netty.request.NettyRequestSender - Using pooled Channel '[id: 0x0fd79672, L:/127.0.0.1:59225 - R:localhost/127.0.0.1:19691]' for 'GET' to 'http://localhost:19691/session/412c741e6f4f7ee9b149c7b74800e900/url'
14:29:28.987 [Forwarding getCurrentUrl on session 412c741e6f4f7ee9b149c7b74800e900 to remote] DEBUG org.asynchttpclient.netty.request.NettyRequestSender - Using open Channel [id: 0x0fd79672, L:/127.0.0.1:59225 - R:localhost/127.0.0.1:19691] for GET '/session/412c741e6f4f7ee9b149c7b74800e900/url'
14:29:29.029 [AsyncHttpClient-1-8] DEBUG org.asynchttpclient.netty.handler.HttpHandler - 

Request DefaultFullHttpRequest(decodeResult: success, version: HTTP/1.1, content: EmptyByteBufBE)
GET /session/412c741e6f4f7ee9b149c7b74800e900/url HTTP/1.1
User-Agent: selenium/4.8.1 (java windows)
Cache-Control: no-cache
Content-Type: application/json; charset=utf-8
host: localhost:19691
accept: */*

Response DefaultHttpResponse(decodeResult: success, version: HTTP/1.1)
HTTP/1.1 200 OK
Content-Length: 63
Content-Type: application/json; charset=utf-8
cache-control: no-cache

14:29:29.029 [AsyncHttpClient-1-8] DEBUG org.asynchttpclient.netty.channel.ChannelManager - Adding key: http://localhost:19691 for channel [id: 0x0fd79672, L:/127.0.0.1:59225 - R:localhost/127.0.0.1:19691]
14:29:29.029 [Forwarding screenshot on session 412c741e6f4f7ee9b149c7b74800e900 to remote] DEBUG org.asynchttpclient.netty.request.NettyRequestSender - Using pooled Channel '[id: 0x0fd79672, L:/127.0.0.1:59225 - R:localhost/127.0.0.1:19691]' for 'GET' to 'http://localhost:19691/session/412c741e6f4f7ee9b149c7b74800e900/screenshot'
14:29:29.029 [Forwarding screenshot on session 412c741e6f4f7ee9b149c7b74800e900 to remote] DEBUG org.asynchttpclient.netty.request.NettyRequestSender - Using open Channel [id: 0x0fd79672, L:/127.0.0.1:59225 - R:localhost/127.0.0.1:19691] for GET '/session/412c741e6f4f7ee9b149c7b74800e900/screenshot'
14:29:29.242 [AsyncHttpClient-1-8] DEBUG org.asynchttpclient.netty.handler.HttpHandler - 

Request DefaultFullHttpRequest(decodeResult: success, version: HTTP/1.1, content: EmptyByteBufBE)
GET /session/412c741e6f4f7ee9b149c7b74800e900/screenshot HTTP/1.1
User-Agent: selenium/4.8.1 (java windows)
Cache-Control: no-cache
Content-Type: application/json; charset=utf-8
host: localhost:19691
accept: */*

Response DefaultHttpResponse(decodeResult: success, version: HTTP/1.1)
HTTP/1.1 200 OK
Content-Length: 70576
Content-Type: application/json; charset=utf-8
cache-control: no-cache

14:29:29.242 [AsyncHttpClient-1-8] DEBUG org.asynchttpclient.netty.channel.ChannelManager - Adding key: http://localhost:19691 for channel [id: 0x0fd79672, L:/127.0.0.1:59225 - R:localhost/127.0.0.1:19691]
14:29:29.242 [main] DEBUG net.serenitybdd.core.photography.Darkroom - Send negative for processing for target\site\serenity\ee76a0b36a8b56f0e2ffe8d33711c75dd91623a3b1cc7b37fbca4d210c0e7e9b.png
14:29:29.242 [Darkroom Processing Line] DEBUG net.serenitybdd.core.photography.DarkroomProcessingLine - Processing screenshot image in /var/screenshots/screenshot-6156773475364235378
14:29:29.242 [Darkroom Processing Line] DEBUG net.serenitybdd.core.photography.DarkroomProcessingLine - Saving screenshot to target\site\serenity\ee76a0b36a8b56f0e2ffe8d33711c75dd91623a3b1cc7b37fbca4d210c0e7e9b.png
14:29:29.256 [Forwarding getPageSource on session 412c741e6f4f7ee9b149c7b74800e900 to remote] DEBUG org.asynchttpclient.netty.request.NettyRequestSender - Using pooled Channel '[id: 0x0fd79672, L:/127.0.0.1:59225 - R:localhost/127.0.0.1:19691]' for 'POST' to 'http://localhost:19691/session/412c741e6f4f7ee9b149c7b74800e900/execute/sync'
14:29:29.256 [Forwarding getPageSource on session 412c741e6f4f7ee9b149c7b74800e900 to remote] DEBUG org.asynchttpclient.netty.request.NettyRequestSender - Using open Channel [id: 0x0fd79672, L:/127.0.0.1:59225 - R:localhost/127.0.0.1:19691] for POST '/session/412c741e6f4f7ee9b149c7b74800e900/execute/sync'
14:29:29.274 [AsyncHttpClient-1-8] DEBUG org.asynchttpclient.netty.handler.HttpHandler - 

Request DefaultHttpRequest(decodeResult: success, version: HTTP/1.1)
POST /session/412c741e6f4f7ee9b149c7b74800e900/execute/sync HTTP/1.1
User-Agent: selenium/4.8.1 (java windows)
Content-Length: 176
Content-Type: application/json; charset=utf-8
host: localhost:19691
accept: */*

Response DefaultHttpResponse(decodeResult: success, version: HTTP/1.1)
HTTP/1.1 200 OK
Content-Length: 44454
Content-Type: application/json; charset=utf-8
cache-control: no-cache

14:29:29.274 [AsyncHttpClient-1-8] DEBUG org.asynchttpclient.netty.channel.ChannelManager - Adding key: http://localhost:19691 for channel [id: 0x0fd79672, L:/127.0.0.1:59225 - R:localhost/127.0.0.1:19691]
14:29:29.279 [Forwarding getCurrentUrl on session 412c741e6f4f7ee9b149c7b74800e900 to remote] DEBUG org.asynchttpclient.netty.request.NettyRequestSender - Using pooled Channel '[id: 0x0fd79672, L:/127.0.0.1:59225 - R:localhost/127.0.0.1:19691]' for 'GET' to 'http://localhost:19691/session/412c741e6f4f7ee9b149c7b74800e900/url'
14:29:29.279 [Forwarding getCurrentUrl on session 412c741e6f4f7ee9b149c7b74800e900 to remote] DEBUG org.asynchttpclient.netty.request.NettyRequestSender - Using open Channel [id: 0x0fd79672, L:/127.0.0.1:59225 - R:localhost/127.0.0.1:19691] for GET '/session/412c741e6f4f7ee9b149c7b74800e900/url'
14:29:29.287 [AsyncHttpClient-1-8] DEBUG org.asynchttpclient.netty.handler.HttpHandler - 

Request DefaultFullHttpRequest(decodeResult: success, version: HTTP/1.1, content: EmptyByteBufBE)
GET /session/412c741e6f4f7ee9b149c7b74800e900/url HTTP/1.1
User-Agent: selenium/4.8.1 (java windows)
Cache-Control: no-cache
Content-Type: application/json; charset=utf-8
host: localhost:19691
accept: */*

Response DefaultHttpResponse(decodeResult: success, version: HTTP/1.1)
HTTP/1.1 200 OK
Content-Length: 63
Content-Type: application/json; charset=utf-8
cache-control: no-cache

14:29:29.287 [AsyncHttpClient-1-8] DEBUG org.asynchttpclient.netty.channel.ChannelManager - Adding key: http://localhost:19691 for channel [id: 0x0fd79672, L:/127.0.0.1:59225 - R:localhost/127.0.0.1:19691]
14:29:29.311 [Forwarding getAlertText on session 412c741e6f4f7ee9b149c7b74800e900 to remote] DEBUG org.asynchttpclient.netty.request.NettyRequestSender - Using pooled Channel '[id: 0x0fd79672, L:/127.0.0.1:59225 - R:localhost/127.0.0.1:19691]' for 'GET' to 'http://localhost:19691/session/412c741e6f4f7ee9b149c7b74800e900/alert/text'
14:29:29.311 [Forwarding getAlertText on session 412c741e6f4f7ee9b149c7b74800e900 to remote] DEBUG org.asynchttpclient.netty.request.NettyRequestSender - Using open Channel [id: 0x0fd79672, L:/127.0.0.1:59225 - R:localhost/127.0.0.1:19691] for GET '/session/412c741e6f4f7ee9b149c7b74800e900/alert/text'
14:29:29.311 [AsyncHttpClient-1-8] DEBUG org.asynchttpclient.netty.handler.HttpHandler - 

Request DefaultFullHttpRequest(decodeResult: success, version: HTTP/1.1, content: EmptyByteBufBE)
GET /session/412c741e6f4f7ee9b149c7b74800e900/alert/text HTTP/1.1
User-Agent: selenium/4.8.1 (java windows)
Cache-Control: no-cache
Content-Type: application/json; charset=utf-8
host: localhost:19691
accept: */*

Response DefaultHttpResponse(decodeResult: success, version: HTTP/1.1)
HTTP/1.1 404 Not Found
Content-Length: 821
Content-Type: application/json; charset=utf-8
cache-control: no-cache

14:29:29.311 [AsyncHttpClient-1-8] DEBUG org.asynchttpclient.netty.channel.ChannelManager - Adding key: http://localhost:19691 for channel [id: 0x0fd79672, L:/127.0.0.1:59225 - R:localhost/127.0.0.1:19691]
14:29:29.317 [Forwarding getCurrentUrl on session 412c741e6f4f7ee9b149c7b74800e900 to remote] DEBUG org.asynchttpclient.netty.request.NettyRequestSender - Using pooled Channel '[id: 0x0fd79672, L:/127.0.0.1:59225 - R:localhost/127.0.0.1:19691]' for 'GET' to 'http://localhost:19691/session/412c741e6f4f7ee9b149c7b74800e900/url'
14:29:29.317 [Forwarding getCurrentUrl on session 412c741e6f4f7ee9b149c7b74800e900 to remote] DEBUG org.asynchttpclient.netty.request.NettyRequestSender - Using open Channel [id: 0x0fd79672, L:/127.0.0.1:59225 - R:localhost/127.0.0.1:19691] for GET '/session/412c741e6f4f7ee9b149c7b74800e900/url'
14:29:29.327 [AsyncHttpClient-1-8] DEBUG org.asynchttpclient.netty.handler.HttpHandler - 

Request DefaultFullHttpRequest(decodeResult: success, version: HTTP/1.1, content: EmptyByteBufBE)
GET /session/412c741e6f4f7ee9b149c7b74800e900/url HTTP/1.1
User-Agent: selenium/4.8.1 (java windows)
Cache-Control: no-cache
Content-Type: application/json; charset=utf-8
host: localhost:19691
accept: */*

Response DefaultHttpResponse(decodeResult: success, version: HTTP/1.1)
HTTP/1.1 200 OK
Content-Length: 63
Content-Type: application/json; charset=utf-8
cache-control: no-cache

14:29:29.327 [AsyncHttpClient-1-8] DEBUG org.asynchttpclient.netty.channel.ChannelManager - Adding key: http://localhost:19691 for channel [id: 0x0fd79672, L:/127.0.0.1:59225 - R:localhost/127.0.0.1:19691]
14:29:29.327 [Forwarding screenshot on session 412c741e6f4f7ee9b149c7b74800e900 to remote] DEBUG org.asynchttpclient.netty.request.NettyRequestSender - Using pooled Channel '[id: 0x0fd79672, L:/127.0.0.1:59225 - R:localhost/127.0.0.1:19691]' for 'GET' to 'http://localhost:19691/session/412c741e6f4f7ee9b149c7b74800e900/screenshot'
14:29:29.327 [Forwarding screenshot on session 412c741e6f4f7ee9b149c7b74800e900 to remote] DEBUG org.asynchttpclient.netty.request.NettyRequestSender - Using open Channel [id: 0x0fd79672, L:/127.0.0.1:59225 - R:localhost/127.0.0.1:19691] for GET '/session/412c741e6f4f7ee9b149c7b74800e900/screenshot'
14:29:29.519 [AsyncHttpClient-1-8] DEBUG org.asynchttpclient.netty.handler.HttpHandler - 

Request DefaultFullHttpRequest(decodeResult: success, version: HTTP/1.1, content: EmptyByteBufBE)
GET /session/412c741e6f4f7ee9b149c7b74800e900/screenshot HTTP/1.1
User-Agent: selenium/4.8.1 (java windows)
Cache-Control: no-cache
Content-Type: application/json; charset=utf-8
host: localhost:19691
accept: */*

Response DefaultHttpResponse(decodeResult: success, version: HTTP/1.1)
HTTP/1.1 200 OK
Content-Length: 70576
Content-Type: application/json; charset=utf-8
cache-control: no-cache

14:29:29.530 [AsyncHttpClient-1-8] DEBUG org.asynchttpclient.netty.channel.ChannelManager - Adding key: http://localhost:19691 for channel [id: 0x0fd79672, L:/127.0.0.1:59225 - R:localhost/127.0.0.1:19691]
14:29:29.533 [main] DEBUG net.serenitybdd.core.photography.Darkroom - Send negative for processing for target\site\serenity\ee76a0b36a8b56f0e2ffe8d33711c75dd91623a3b1cc7b37fbca4d210c0e7e9b.png
14:29:29.533 [Forwarding getPageSource on session 412c741e6f4f7ee9b149c7b74800e900 to remote] DEBUG org.asynchttpclient.netty.request.NettyRequestSender - Using pooled Channel '[id: 0x0fd79672, L:/127.0.0.1:59225 - R:localhost/127.0.0.1:19691]' for 'POST' to 'http://localhost:19691/session/412c741e6f4f7ee9b149c7b74800e900/execute/sync'
14:29:29.533 [Forwarding getPageSource on session 412c741e6f4f7ee9b149c7b74800e900 to remote] DEBUG org.asynchttpclient.netty.request.NettyRequestSender - Using open Channel [id: 0x0fd79672, L:/127.0.0.1:59225 - R:localhost/127.0.0.1:19691] for POST '/session/412c741e6f4f7ee9b149c7b74800e900/execute/sync'
14:29:29.557 [AsyncHttpClient-1-8] DEBUG org.asynchttpclient.netty.handler.HttpHandler - 

Request DefaultHttpRequest(decodeResult: success, version: HTTP/1.1)
POST /session/412c741e6f4f7ee9b149c7b74800e900/execute/sync HTTP/1.1
User-Agent: selenium/4.8.1 (java windows)
Content-Length: 176
Content-Type: application/json; charset=utf-8
host: localhost:19691
accept: */*

Response DefaultHttpResponse(decodeResult: success, version: HTTP/1.1)
HTTP/1.1 200 OK
Content-Length: 44454
Content-Type: application/json; charset=utf-8
cache-control: no-cache

14:29:29.557 [AsyncHttpClient-1-8] DEBUG org.asynchttpclient.netty.channel.ChannelManager - Adding key: http://localhost:19691 for channel [id: 0x0fd79672, L:/127.0.0.1:59225 - R:localhost/127.0.0.1:19691]
14:29:29.565 [Forwarding getCurrentUrl on session 412c741e6f4f7ee9b149c7b74800e900 to remote] DEBUG org.asynchttpclient.netty.request.NettyRequestSender - Using pooled Channel '[id: 0x0fd79672, L:/127.0.0.1:59225 - R:localhost/127.0.0.1:19691]' for 'GET' to 'http://localhost:19691/session/412c741e6f4f7ee9b149c7b74800e900/url'
14:29:29.565 [Forwarding getCurrentUrl on session 412c741e6f4f7ee9b149c7b74800e900 to remote] DEBUG org.asynchttpclient.netty.request.NettyRequestSender - Using open Channel [id: 0x0fd79672, L:/127.0.0.1:59225 - R:localhost/127.0.0.1:19691] for GET '/session/412c741e6f4f7ee9b149c7b74800e900/url'
14:29:29.573 [AsyncHttpClient-1-8] DEBUG org.asynchttpclient.netty.handler.HttpHandler - 

Request DefaultFullHttpRequest(decodeResult: success, version: HTTP/1.1, content: EmptyByteBufBE)
GET /session/412c741e6f4f7ee9b149c7b74800e900/url HTTP/1.1
User-Agent: selenium/4.8.1 (java windows)
Cache-Control: no-cache
Content-Type: application/json; charset=utf-8
host: localhost:19691
accept: */*

Response DefaultHttpResponse(decodeResult: success, version: HTTP/1.1)
HTTP/1.1 200 OK
Content-Length: 63
Content-Type: application/json; charset=utf-8
cache-control: no-cache

14:29:29.573 [AsyncHttpClient-1-8] DEBUG org.asynchttpclient.netty.channel.ChannelManager - Adding key: http://localhost:19691 for channel [id: 0x0fd79672, L:/127.0.0.1:59225 - R:localhost/127.0.0.1:19691]
14:29:29.581 [main] DEBUG net.thucydides.core.steps.StepInterceptor - STARTING STEP: Afrexim_Signup_steps.select_the_salutation - Select_The_Salutation
14:29:29.588 [Forwarding findElement on session 412c741e6f4f7ee9b149c7b74800e900 to remote] DEBUG org.asynchttpclient.netty.request.NettyRequestSender - Using pooled Channel '[id: 0x0fd79672, L:/127.0.0.1:59225 - R:localhost/127.0.0.1:19691]' for 'POST' to 'http://localhost:19691/session/412c741e6f4f7ee9b149c7b74800e900/element'
14:29:29.588 [Forwarding findElement on session 412c741e6f4f7ee9b149c7b74800e900 to remote] DEBUG org.asynchttpclient.netty.request.NettyRequestSender - Using open Channel [id: 0x0fd79672, L:/127.0.0.1:59225 - R:localhost/127.0.0.1:19691] for POST '/session/412c741e6f4f7ee9b149c7b74800e900/element'
14:29:29.620 [AsyncHttpClient-1-8] DEBUG org.asynchttpclient.netty.handler.HttpHandler - 

Request DefaultHttpRequest(decodeResult: success, version: HTTP/1.1)
POST /session/412c741e6f4f7ee9b149c7b74800e900/element HTTP/1.1
User-Agent: selenium/4.8.1 (java windows)
Content-Length: 86
Content-Type: application/json; charset=utf-8
host: localhost:19691
accept: */*

Response DefaultHttpResponse(decodeResult: success, version: HTTP/1.1)
HTTP/1.1 200 OK
Content-Length: 95
Content-Type: application/json; charset=utf-8
cache-control: no-cache

14:29:29.620 [AsyncHttpClient-1-8] DEBUG org.asynchttpclient.netty.channel.ChannelManager - Adding key: http://localhost:19691 for channel [id: 0x0fd79672, L:/127.0.0.1:59225 - R:localhost/127.0.0.1:19691]
14:29:29.620 [Forwarding getElementTagName on session 412c741e6f4f7ee9b149c7b74800e900 to remote] DEBUG org.asynchttpclient.netty.request.NettyRequestSender - Using pooled Channel '[id: 0x0fd79672, L:/127.0.0.1:59225 - R:localhost/127.0.0.1:19691]' for 'GET' to 'http://localhost:19691/session/412c741e6f4f7ee9b149c7b74800e900/element/9330F8CD5D18F75156EB4FB715507178_element_60/name'
14:29:29.620 [Forwarding getElementTagName on session 412c741e6f4f7ee9b149c7b74800e900 to remote] DEBUG org.asynchttpclient.netty.request.NettyRequestSender - Using open Channel [id: 0x0fd79672, L:/127.0.0.1:59225 - R:localhost/127.0.0.1:19691] for GET '/session/412c741e6f4f7ee9b149c7b74800e900/element/9330F8CD5D18F75156EB4FB715507178_element_60/name'
14:29:29.628 [AsyncHttpClient-1-8] DEBUG org.asynchttpclient.netty.handler.HttpHandler - 

Request DefaultFullHttpRequest(decodeResult: success, version: HTTP/1.1, content: EmptyByteBufBE)
GET /session/412c741e6f4f7ee9b149c7b74800e900/element/9330F8CD5D18F75156EB4FB715507178_element_60/name HTTP/1.1
User-Agent: selenium/4.8.1 (java windows)
Cache-Control: no-cache
Content-Type: application/json; charset=utf-8
host: localhost:19691
accept: */*

Response DefaultHttpResponse(decodeResult: success, version: HTTP/1.1)
HTTP/1.1 200 OK
Content-Length: 18
Content-Type: application/json; charset=utf-8
cache-control: no-cache

14:29:29.628 [AsyncHttpClient-1-8] DEBUG org.asynchttpclient.netty.channel.ChannelManager - Adding key: http://localhost:19691 for channel [id: 0x0fd79672, L:/127.0.0.1:59225 - R:localhost/127.0.0.1:19691]
14:29:29.628 [Forwarding getElementDomAttribute on session 412c741e6f4f7ee9b149c7b74800e900 to remote] DEBUG org.asynchttpclient.netty.request.NettyRequestSender - Using pooled Channel '[id: 0x0fd79672, L:/127.0.0.1:59225 - R:localhost/127.0.0.1:19691]' for 'GET' to 'http://localhost:19691/session/412c741e6f4f7ee9b149c7b74800e900/element/9330F8CD5D18F75156EB4FB715507178_element_60/attribute/multiple'
14:29:29.628 [Forwarding getElementDomAttribute on session 412c741e6f4f7ee9b149c7b74800e900 to remote] DEBUG org.asynchttpclient.netty.request.NettyRequestSender - Using open Channel [id: 0x0fd79672, L:/127.0.0.1:59225 - R:localhost/127.0.0.1:19691] for GET '/session/412c741e6f4f7ee9b149c7b74800e900/element/9330F8CD5D18F75156EB4FB715507178_element_60/attribute/multiple'
14:29:29.648 [AsyncHttpClient-1-8] DEBUG org.asynchttpclient.netty.handler.HttpHandler - 

Request DefaultFullHttpRequest(decodeResult: success, version: HTTP/1.1, content: EmptyByteBufBE)
GET /session/412c741e6f4f7ee9b149c7b74800e900/element/9330F8CD5D18F75156EB4FB715507178_element_60/attribute/multiple HTTP/1.1
User-Agent: selenium/4.8.1 (java windows)
Cache-Control: no-cache
Content-Type: application/json; charset=utf-8
host: localhost:19691
accept: */*

Response DefaultHttpResponse(decodeResult: success, version: HTTP/1.1)
HTTP/1.1 200 OK
Content-Length: 14
Content-Type: application/json; charset=utf-8
cache-control: no-cache

14:29:29.648 [AsyncHttpClient-1-8] DEBUG org.asynchttpclient.netty.channel.ChannelManager - Adding key: http://localhost:19691 for channel [id: 0x0fd79672, L:/127.0.0.1:59225 - R:localhost/127.0.0.1:19691]
14:29:29.648 [Forwarding isElementEnabled on session 412c741e6f4f7ee9b149c7b74800e900 to remote] DEBUG org.asynchttpclient.netty.request.NettyRequestSender - Using pooled Channel '[id: 0x0fd79672, L:/127.0.0.1:59225 - R:localhost/127.0.0.1:19691]' for 'GET' to 'http://localhost:19691/session/412c741e6f4f7ee9b149c7b74800e900/element/9330F8CD5D18F75156EB4FB715507178_element_60/enabled'
14:29:29.648 [Forwarding isElementEnabled on session 412c741e6f4f7ee9b149c7b74800e900 to remote] DEBUG org.asynchttpclient.netty.request.NettyRequestSender - Using open Channel [id: 0x0fd79672, L:/127.0.0.1:59225 - R:localhost/127.0.0.1:19691] for GET '/session/412c741e6f4f7ee9b149c7b74800e900/element/9330F8CD5D18F75156EB4FB715507178_element_60/enabled'
14:29:29.669 [AsyncHttpClient-1-8] DEBUG org.asynchttpclient.netty.handler.HttpHandler - 

Request DefaultFullHttpRequest(decodeResult: success, version: HTTP/1.1, content: EmptyByteBufBE)
GET /session/412c741e6f4f7ee9b149c7b74800e900/element/9330F8CD5D18F75156EB4FB715507178_element_60/enabled HTTP/1.1
User-Agent: selenium/4.8.1 (java windows)
Cache-Control: no-cache
Content-Type: application/json; charset=utf-8
host: localhost:19691
accept: */*

Response DefaultHttpResponse(decodeResult: success, version: HTTP/1.1)
HTTP/1.1 200 OK
Content-Length: 14
Content-Type: application/json; charset=utf-8
cache-control: no-cache

14:29:29.669 [AsyncHttpClient-1-8] DEBUG org.asynchttpclient.netty.channel.ChannelManager - Adding key: http://localhost:19691 for channel [id: 0x0fd79672, L:/127.0.0.1:59225 - R:localhost/127.0.0.1:19691]
14:29:29.676 [Forwarding findChildElements on session 412c741e6f4f7ee9b149c7b74800e900 to remote] DEBUG org.asynchttpclient.netty.request.NettyRequestSender - Using pooled Channel '[id: 0x0fd79672, L:/127.0.0.1:59225 - R:localhost/127.0.0.1:19691]' for 'POST' to 'http://localhost:19691/session/412c741e6f4f7ee9b149c7b74800e900/element/9330F8CD5D18F75156EB4FB715507178_element_60/elements'
14:29:29.676 [Forwarding findChildElements on session 412c741e6f4f7ee9b149c7b74800e900 to remote] DEBUG org.asynchttpclient.netty.request.NettyRequestSender - Using open Channel [id: 0x0fd79672, L:/127.0.0.1:59225 - R:localhost/127.0.0.1:19691] for POST '/session/412c741e6f4f7ee9b149c7b74800e900/element/9330F8CD5D18F75156EB4FB715507178_element_60/elements'
14:29:29.708 [AsyncHttpClient-1-8] DEBUG org.asynchttpclient.netty.handler.HttpHandler - 

Request DefaultHttpRequest(decodeResult: success, version: HTTP/1.1)
POST /session/412c741e6f4f7ee9b149c7b74800e900/element/9330F8CD5D18F75156EB4FB715507178_element_60/elements HTTP/1.1
User-Agent: selenium/4.8.1 (java windows)
Content-Length: 141
Content-Type: application/json; charset=utf-8
host: localhost:19691
accept: */*

Response DefaultHttpResponse(decodeResult: success, version: HTTP/1.1)
HTTP/1.1 200 OK
Content-Length: 97
Content-Type: application/json; charset=utf-8
cache-control: no-cache

14:29:29.708 [AsyncHttpClient-1-8] DEBUG org.asynchttpclient.netty.channel.ChannelManager - Adding key: http://localhost:19691 for channel [id: 0x0fd79672, L:/127.0.0.1:59225 - R:localhost/127.0.0.1:19691]
14:29:29.708 [Forwarding isElementEnabled on session 412c741e6f4f7ee9b149c7b74800e900 to remote] DEBUG org.asynchttpclient.netty.request.NettyRequestSender - Using pooled Channel '[id: 0x0fd79672, L:/127.0.0.1:59225 - R:localhost/127.0.0.1:19691]' for 'GET' to 'http://localhost:19691/session/412c741e6f4f7ee9b149c7b74800e900/element/9330F8CD5D18F75156EB4FB715507178_element_61/enabled'
14:29:29.708 [Forwarding isElementEnabled on session 412c741e6f4f7ee9b149c7b74800e900 to remote] DEBUG org.asynchttpclient.netty.request.NettyRequestSender - Using open Channel [id: 0x0fd79672, L:/127.0.0.1:59225 - R:localhost/127.0.0.1:19691] for GET '/session/412c741e6f4f7ee9b149c7b74800e900/element/9330F8CD5D18F75156EB4FB715507178_element_61/enabled'
14:29:29.723 [AsyncHttpClient-1-8] DEBUG org.asynchttpclient.netty.handler.HttpHandler - 

Request DefaultFullHttpRequest(decodeResult: success, version: HTTP/1.1, content: EmptyByteBufBE)
GET /session/412c741e6f4f7ee9b149c7b74800e900/element/9330F8CD5D18F75156EB4FB715507178_element_61/enabled HTTP/1.1
User-Agent: selenium/4.8.1 (java windows)
Cache-Control: no-cache
Content-Type: application/json; charset=utf-8
host: localhost:19691
accept: */*

Response DefaultHttpResponse(decodeResult: success, version: HTTP/1.1)
HTTP/1.1 200 OK
Content-Length: 14
Content-Type: application/json; charset=utf-8
cache-control: no-cache

14:29:29.723 [AsyncHttpClient-1-8] DEBUG org.asynchttpclient.netty.channel.ChannelManager - Adding key: http://localhost:19691 for channel [id: 0x0fd79672, L:/127.0.0.1:59225 - R:localhost/127.0.0.1:19691]
14:29:29.723 [Forwarding isElementSelected on session 412c741e6f4f7ee9b149c7b74800e900 to remote] DEBUG org.asynchttpclient.netty.request.NettyRequestSender - Using pooled Channel '[id: 0x0fd79672, L:/127.0.0.1:59225 - R:localhost/127.0.0.1:19691]' for 'GET' to 'http://localhost:19691/session/412c741e6f4f7ee9b149c7b74800e900/element/9330F8CD5D18F75156EB4FB715507178_element_61/selected'
14:29:29.723 [Forwarding isElementSelected on session 412c741e6f4f7ee9b149c7b74800e900 to remote] DEBUG org.asynchttpclient.netty.request.NettyRequestSender - Using open Channel [id: 0x0fd79672, L:/127.0.0.1:59225 - R:localhost/127.0.0.1:19691] for GET '/session/412c741e6f4f7ee9b149c7b74800e900/element/9330F8CD5D18F75156EB4FB715507178_element_61/selected'
14:29:29.755 [AsyncHttpClient-1-8] DEBUG org.asynchttpclient.netty.handler.HttpHandler - 

Request DefaultFullHttpRequest(decodeResult: success, version: HTTP/1.1, content: EmptyByteBufBE)
GET /session/412c741e6f4f7ee9b149c7b74800e900/element/9330F8CD5D18F75156EB4FB715507178_element_61/selected HTTP/1.1
User-Agent: selenium/4.8.1 (java windows)
Cache-Control: no-cache
Content-Type: application/json; charset=utf-8
host: localhost:19691
accept: */*

Response DefaultHttpResponse(decodeResult: success, version: HTTP/1.1)
HTTP/1.1 200 OK
Content-Length: 15
Content-Type: application/json; charset=utf-8
cache-control: no-cache

14:29:29.755 [AsyncHttpClient-1-8] DEBUG org.asynchttpclient.netty.channel.ChannelManager - Adding key: http://localhost:19691 for channel [id: 0x0fd79672, L:/127.0.0.1:59225 - R:localhost/127.0.0.1:19691]
14:29:29.755 [Forwarding clickElement on session 412c741e6f4f7ee9b149c7b74800e900 to remote] DEBUG org.asynchttpclient.netty.request.NettyRequestSender - Using pooled Channel '[id: 0x0fd79672, L:/127.0.0.1:59225 - R:localhost/127.0.0.1:19691]' for 'POST' to 'http://localhost:19691/session/412c741e6f4f7ee9b149c7b74800e900/element/9330F8CD5D18F75156EB4FB715507178_element_61/click'
14:29:29.755 [Forwarding clickElement on session 412c741e6f4f7ee9b149c7b74800e900 to remote] DEBUG org.asynchttpclient.netty.request.NettyRequestSender - Using open Channel [id: 0x0fd79672, L:/127.0.0.1:59225 - R:localhost/127.0.0.1:19691] for POST '/session/412c741e6f4f7ee9b149c7b74800e900/element/9330F8CD5D18F75156EB4FB715507178_element_61/click'
14:29:29.882 [AsyncHttpClient-1-8] DEBUG org.asynchttpclient.netty.handler.HttpHandler - 

Request DefaultHttpRequest(decodeResult: success, version: HTTP/1.1)
POST /session/412c741e6f4f7ee9b149c7b74800e900/element/9330F8CD5D18F75156EB4FB715507178_element_61/click HTTP/1.1
User-Agent: selenium/4.8.1 (java windows)
Content-Length: 57
Content-Type: application/json; charset=utf-8
host: localhost:19691
accept: */*

Response DefaultHttpResponse(decodeResult: success, version: HTTP/1.1)
HTTP/1.1 200 OK
Content-Length: 14
Content-Type: application/json; charset=utf-8
cache-control: no-cache

14:29:29.882 [AsyncHttpClient-1-8] DEBUG org.asynchttpclient.netty.channel.ChannelManager - Adding key: http://localhost:19691 for channel [id: 0x0fd79672, L:/127.0.0.1:59225 - R:localhost/127.0.0.1:19691]
14:29:29.897 [Forwarding getAlertText on session 412c741e6f4f7ee9b149c7b74800e900 to remote] DEBUG org.asynchttpclient.netty.request.NettyRequestSender - Using pooled Channel '[id: 0x0fd79672, L:/127.0.0.1:59225 - R:localhost/127.0.0.1:19691]' for 'GET' to 'http://localhost:19691/session/412c741e6f4f7ee9b149c7b74800e900/alert/text'
14:29:29.897 [Forwarding getAlertText on session 412c741e6f4f7ee9b149c7b74800e900 to remote] DEBUG org.asynchttpclient.netty.request.NettyRequestSender - Using open Channel [id: 0x0fd79672, L:/127.0.0.1:59225 - R:localhost/127.0.0.1:19691] for GET '/session/412c741e6f4f7ee9b149c7b74800e900/alert/text'
14:29:29.897 [AsyncHttpClient-1-1] DEBUG org.asynchttpclient.netty.channel.DefaultChannelPool - Entry count for : http://localhost:59226 : 1
14:29:29.904 [AsyncHttpClient-1-8] DEBUG org.asynchttpclient.netty.handler.HttpHandler - 

Request DefaultFullHttpRequest(decodeResult: success, version: HTTP/1.1, content: EmptyByteBufBE)
GET /session/412c741e6f4f7ee9b149c7b74800e900/alert/text HTTP/1.1
User-Agent: selenium/4.8.1 (java windows)
Cache-Control: no-cache
Content-Type: application/json; charset=utf-8
host: localhost:19691
accept: */*

Response DefaultHttpResponse(decodeResult: success, version: HTTP/1.1)
HTTP/1.1 404 Not Found
Content-Length: 821
Content-Type: application/json; charset=utf-8
cache-control: no-cache

14:29:29.904 [AsyncHttpClient-1-8] DEBUG org.asynchttpclient.netty.channel.ChannelManager - Adding key: http://localhost:19691 for channel [id: 0x0fd79672, L:/127.0.0.1:59225 - R:localhost/127.0.0.1:19691]
14:29:29.904 [Forwarding getCurrentUrl on session 412c741e6f4f7ee9b149c7b74800e900 to remote] DEBUG org.asynchttpclient.netty.request.NettyRequestSender - Using pooled Channel '[id: 0x0fd79672, L:/127.0.0.1:59225 - R:localhost/127.0.0.1:19691]' for 'GET' to 'http://localhost:19691/session/412c741e6f4f7ee9b149c7b74800e900/url'
14:29:29.904 [Forwarding getCurrentUrl on session 412c741e6f4f7ee9b149c7b74800e900 to remote] DEBUG org.asynchttpclient.netty.request.NettyRequestSender - Using open Channel [id: 0x0fd79672, L:/127.0.0.1:59225 - R:localhost/127.0.0.1:19691] for GET '/session/412c741e6f4f7ee9b149c7b74800e900/url'
14:29:29.917 [AsyncHttpClient-1-8] DEBUG org.asynchttpclient.netty.handler.HttpHandler - 

Request DefaultFullHttpRequest(decodeResult: success, version: HTTP/1.1, content: EmptyByteBufBE)
GET /session/412c741e6f4f7ee9b149c7b74800e900/url HTTP/1.1
User-Agent: selenium/4.8.1 (java windows)
Cache-Control: no-cache
Content-Type: application/json; charset=utf-8
host: localhost:19691
accept: */*

Response DefaultHttpResponse(decodeResult: success, version: HTTP/1.1)
HTTP/1.1 200 OK
Content-Length: 63
Content-Type: application/json; charset=utf-8
cache-control: no-cache

14:29:29.917 [AsyncHttpClient-1-8] DEBUG org.asynchttpclient.netty.channel.ChannelManager - Adding key: http://localhost:19691 for channel [id: 0x0fd79672, L:/127.0.0.1:59225 - R:localhost/127.0.0.1:19691]
14:29:29.917 [Forwarding screenshot on session 412c741e6f4f7ee9b149c7b74800e900 to remote] DEBUG org.asynchttpclient.netty.request.NettyRequestSender - Using pooled Channel '[id: 0x0fd79672, L:/127.0.0.1:59225 - R:localhost/127.0.0.1:19691]' for 'GET' to 'http://localhost:19691/session/412c741e6f4f7ee9b149c7b74800e900/screenshot'
14:29:29.925 [Forwarding screenshot on session 412c741e6f4f7ee9b149c7b74800e900 to remote] DEBUG org.asynchttpclient.netty.request.NettyRequestSender - Using open Channel [id: 0x0fd79672, L:/127.0.0.1:59225 - R:localhost/127.0.0.1:19691] for GET '/session/412c741e6f4f7ee9b149c7b74800e900/screenshot'
14:29:30.224 [AsyncHttpClient-1-8] DEBUG org.asynchttpclient.netty.handler.HttpHandler - 

Request DefaultFullHttpRequest(decodeResult: success, version: HTTP/1.1, content: EmptyByteBufBE)
GET /session/412c741e6f4f7ee9b149c7b74800e900/screenshot HTTP/1.1
User-Agent: selenium/4.8.1 (java windows)
Cache-Control: no-cache
Content-Type: application/json; charset=utf-8
host: localhost:19691
accept: */*

Response DefaultHttpResponse(decodeResult: success, version: HTTP/1.1)
HTTP/1.1 200 OK
Content-Length: 69228
Content-Type: application/json; charset=utf-8
cache-control: no-cache

14:29:30.224 [AsyncHttpClient-1-8] DEBUG org.asynchttpclient.netty.channel.ChannelManager - Adding key: http://localhost:19691 for channel [id: 0x0fd79672, L:/127.0.0.1:59225 - R:localhost/127.0.0.1:19691]
14:29:30.234 [main] DEBUG net.serenitybdd.core.photography.Darkroom - Send negative for processing for target\site\serenity\8b7462e5678a59b50e575ac2500195c87bf262a57082a14efe3efd6248c5ffe6.png
14:29:30.237 [main] DEBUG net.thucydides.core.steps.StepInterceptor - STEP DONE: Select_The_Salutation
14:29:30.237 [Darkroom Processing Line] DEBUG net.serenitybdd.core.photography.DarkroomProcessingLine - Processing screenshot image in /var/screenshots/screenshot-8327497123397484794
14:29:30.237 [Darkroom Processing Line] DEBUG net.serenitybdd.core.photography.DarkroomProcessingLine - Saving screenshot to target\site\serenity\8b7462e5678a59b50e575ac2500195c87bf262a57082a14efe3efd6248c5ffe6.png
14:29:30.256 [Forwarding getPageSource on session 412c741e6f4f7ee9b149c7b74800e900 to remote] DEBUG org.asynchttpclient.netty.request.NettyRequestSender - Using pooled Channel '[id: 0x0fd79672, L:/127.0.0.1:59225 - R:localhost/127.0.0.1:19691]' for 'POST' to 'http://localhost:19691/session/412c741e6f4f7ee9b149c7b74800e900/execute/sync'
14:29:30.256 [Forwarding getPageSource on session 412c741e6f4f7ee9b149c7b74800e900 to remote] DEBUG org.asynchttpclient.netty.request.NettyRequestSender - Using open Channel [id: 0x0fd79672, L:/127.0.0.1:59225 - R:localhost/127.0.0.1:19691] for POST '/session/412c741e6f4f7ee9b149c7b74800e900/execute/sync'
14:29:30.269 [AsyncHttpClient-1-8] DEBUG org.asynchttpclient.netty.handler.HttpHandler - 

Request DefaultHttpRequest(decodeResult: success, version: HTTP/1.1)
POST /session/412c741e6f4f7ee9b149c7b74800e900/execute/sync HTTP/1.1
User-Agent: selenium/4.8.1 (java windows)
Content-Length: 176
Content-Type: application/json; charset=utf-8
host: localhost:19691
accept: */*

Response DefaultHttpResponse(decodeResult: success, version: HTTP/1.1)
HTTP/1.1 200 OK
Content-Length: 44454
Content-Type: application/json; charset=utf-8
cache-control: no-cache

14:29:30.269 [AsyncHttpClient-1-8] DEBUG org.asynchttpclient.netty.channel.ChannelManager - Adding key: http://localhost:19691 for channel [id: 0x0fd79672, L:/127.0.0.1:59225 - R:localhost/127.0.0.1:19691]
14:29:30.277 [Forwarding getCurrentUrl on session 412c741e6f4f7ee9b149c7b74800e900 to remote] DEBUG org.asynchttpclient.netty.request.NettyRequestSender - Using pooled Channel '[id: 0x0fd79672, L:/127.0.0.1:59225 - R:localhost/127.0.0.1:19691]' for 'GET' to 'http://localhost:19691/session/412c741e6f4f7ee9b149c7b74800e900/url'
14:29:30.277 [Forwarding getCurrentUrl on session 412c741e6f4f7ee9b149c7b74800e900 to remote] DEBUG org.asynchttpclient.netty.request.NettyRequestSender - Using open Channel [id: 0x0fd79672, L:/127.0.0.1:59225 - R:localhost/127.0.0.1:19691] for GET '/session/412c741e6f4f7ee9b149c7b74800e900/url'
14:29:30.287 [AsyncHttpClient-1-8] DEBUG org.asynchttpclient.netty.handler.HttpHandler - 

Request DefaultFullHttpRequest(decodeResult: success, version: HTTP/1.1, content: EmptyByteBufBE)
GET /session/412c741e6f4f7ee9b149c7b74800e900/url HTTP/1.1
User-Agent: selenium/4.8.1 (java windows)
Cache-Control: no-cache
Content-Type: application/json; charset=utf-8
host: localhost:19691
accept: */*

Response DefaultHttpResponse(decodeResult: success, version: HTTP/1.1)
HTTP/1.1 200 OK
Content-Length: 63
Content-Type: application/json; charset=utf-8
cache-control: no-cache

14:29:30.287 [AsyncHttpClient-1-8] DEBUG org.asynchttpclient.netty.channel.ChannelManager - Adding key: http://localhost:19691 for channel [id: 0x0fd79672, L:/127.0.0.1:59225 - R:localhost/127.0.0.1:19691]
14:29:30.301 [Forwarding getAlertText on session 412c741e6f4f7ee9b149c7b74800e900 to remote] DEBUG org.asynchttpclient.netty.request.NettyRequestSender - Using pooled Channel '[id: 0x0fd79672, L:/127.0.0.1:59225 - R:localhost/127.0.0.1:19691]' for 'GET' to 'http://localhost:19691/session/412c741e6f4f7ee9b149c7b74800e900/alert/text'
14:29:30.301 [Forwarding getAlertText on session 412c741e6f4f7ee9b149c7b74800e900 to remote] DEBUG org.asynchttpclient.netty.request.NettyRequestSender - Using open Channel [id: 0x0fd79672, L:/127.0.0.1:59225 - R:localhost/127.0.0.1:19691] for GET '/session/412c741e6f4f7ee9b149c7b74800e900/alert/text'
14:29:30.301 [AsyncHttpClient-1-8] DEBUG org.asynchttpclient.netty.handler.HttpHandler - 

Request DefaultFullHttpRequest(decodeResult: success, version: HTTP/1.1, content: EmptyByteBufBE)
GET /session/412c741e6f4f7ee9b149c7b74800e900/alert/text HTTP/1.1
User-Agent: selenium/4.8.1 (java windows)
Cache-Control: no-cache
Content-Type: application/json; charset=utf-8
host: localhost:19691
accept: */*

Response DefaultHttpResponse(decodeResult: success, version: HTTP/1.1)
HTTP/1.1 404 Not Found
Content-Length: 821
Content-Type: application/json; charset=utf-8
cache-control: no-cache

14:29:30.309 [AsyncHttpClient-1-8] DEBUG org.asynchttpclient.netty.channel.ChannelManager - Adding key: http://localhost:19691 for channel [id: 0x0fd79672, L:/127.0.0.1:59225 - R:localhost/127.0.0.1:19691]
14:29:30.309 [Forwarding getCurrentUrl on session 412c741e6f4f7ee9b149c7b74800e900 to remote] DEBUG org.asynchttpclient.netty.request.NettyRequestSender - Using pooled Channel '[id: 0x0fd79672, L:/127.0.0.1:59225 - R:localhost/127.0.0.1:19691]' for 'GET' to 'http://localhost:19691/session/412c741e6f4f7ee9b149c7b74800e900/url'
14:29:30.309 [Forwarding getCurrentUrl on session 412c741e6f4f7ee9b149c7b74800e900 to remote] DEBUG org.asynchttpclient.netty.request.NettyRequestSender - Using open Channel [id: 0x0fd79672, L:/127.0.0.1:59225 - R:localhost/127.0.0.1:19691] for GET '/session/412c741e6f4f7ee9b149c7b74800e900/url'
14:29:30.319 [AsyncHttpClient-1-8] DEBUG org.asynchttpclient.netty.handler.HttpHandler - 

Request DefaultFullHttpRequest(decodeResult: success, version: HTTP/1.1, content: EmptyByteBufBE)
GET /session/412c741e6f4f7ee9b149c7b74800e900/url HTTP/1.1
User-Agent: selenium/4.8.1 (java windows)
Cache-Control: no-cache
Content-Type: application/json; charset=utf-8
host: localhost:19691
accept: */*

Response DefaultHttpResponse(decodeResult: success, version: HTTP/1.1)
HTTP/1.1 200 OK
Content-Length: 63
Content-Type: application/json; charset=utf-8
cache-control: no-cache

14:29:30.319 [AsyncHttpClient-1-8] DEBUG org.asynchttpclient.netty.channel.ChannelManager - Adding key: http://localhost:19691 for channel [id: 0x0fd79672, L:/127.0.0.1:59225 - R:localhost/127.0.0.1:19691]
14:29:30.319 [Forwarding screenshot on session 412c741e6f4f7ee9b149c7b74800e900 to remote] DEBUG org.asynchttpclient.netty.request.NettyRequestSender - Using pooled Channel '[id: 0x0fd79672, L:/127.0.0.1:59225 - R:localhost/127.0.0.1:19691]' for 'GET' to 'http://localhost:19691/session/412c741e6f4f7ee9b149c7b74800e900/screenshot'
14:29:30.319 [Forwarding screenshot on session 412c741e6f4f7ee9b149c7b74800e900 to remote] DEBUG org.asynchttpclient.netty.request.NettyRequestSender - Using open Channel [id: 0x0fd79672, L:/127.0.0.1:59225 - R:localhost/127.0.0.1:19691] for GET '/session/412c741e6f4f7ee9b149c7b74800e900/screenshot'
14:29:30.549 [AsyncHttpClient-1-8] DEBUG org.asynchttpclient.netty.handler.HttpHandler - 

Request DefaultFullHttpRequest(decodeResult: success, version: HTTP/1.1, content: EmptyByteBufBE)
GET /session/412c741e6f4f7ee9b149c7b74800e900/screenshot HTTP/1.1
User-Agent: selenium/4.8.1 (java windows)
Cache-Control: no-cache
Content-Type: application/json; charset=utf-8
host: localhost:19691
accept: */*

Response DefaultHttpResponse(decodeResult: success, version: HTTP/1.1)
HTTP/1.1 200 OK
Content-Length: 69260
Content-Type: application/json; charset=utf-8
cache-control: no-cache

14:29:30.549 [AsyncHttpClient-1-8] DEBUG org.asynchttpclient.netty.channel.ChannelManager - Adding key: http://localhost:19691 for channel [id: 0x0fd79672, L:/127.0.0.1:59225 - R:localhost/127.0.0.1:19691]
14:29:30.558 [main] DEBUG net.serenitybdd.core.photography.Darkroom - Send negative for processing for target\site\serenity\fc03ee34c3f4f65ce3741b0f29a7e5293a58c60d7445089a85e5e9f12a9dc6e4.png
14:29:30.558 [Darkroom Processing Line] DEBUG net.serenitybdd.core.photography.DarkroomProcessingLine - Processing screenshot image in /var/screenshots/screenshot-6025565392627526990
14:29:30.558 [Darkroom Processing Line] DEBUG net.serenitybdd.core.photography.DarkroomProcessingLine - Saving screenshot to target\site\serenity\fc03ee34c3f4f65ce3741b0f29a7e5293a58c60d7445089a85e5e9f12a9dc6e4.png
14:29:30.558 [Forwarding getPageSource on session 412c741e6f4f7ee9b149c7b74800e900 to remote] DEBUG org.asynchttpclient.netty.request.NettyRequestSender - Using pooled Channel '[id: 0x0fd79672, L:/127.0.0.1:59225 - R:localhost/127.0.0.1:19691]' for 'POST' to 'http://localhost:19691/session/412c741e6f4f7ee9b149c7b74800e900/execute/sync'
14:29:30.558 [Forwarding getPageSource on session 412c741e6f4f7ee9b149c7b74800e900 to remote] DEBUG org.asynchttpclient.netty.request.NettyRequestSender - Using open Channel [id: 0x0fd79672, L:/127.0.0.1:59225 - R:localhost/127.0.0.1:19691] for POST '/session/412c741e6f4f7ee9b149c7b74800e900/execute/sync'
14:29:30.576 [AsyncHttpClient-1-8] DEBUG org.asynchttpclient.netty.handler.HttpHandler - 

Request DefaultHttpRequest(decodeResult: success, version: HTTP/1.1)
POST /session/412c741e6f4f7ee9b149c7b74800e900/execute/sync HTTP/1.1
User-Agent: selenium/4.8.1 (java windows)
Content-Length: 176
Content-Type: application/json; charset=utf-8
host: localhost:19691
accept: */*

Response DefaultHttpResponse(decodeResult: success, version: HTTP/1.1)
HTTP/1.1 200 OK
Content-Length: 44454
Content-Type: application/json; charset=utf-8
cache-control: no-cache

14:29:30.576 [AsyncHttpClient-1-8] DEBUG org.asynchttpclient.netty.channel.ChannelManager - Adding key: http://localhost:19691 for channel [id: 0x0fd79672, L:/127.0.0.1:59225 - R:localhost/127.0.0.1:19691]
14:29:30.590 [Forwarding getCurrentUrl on session 412c741e6f4f7ee9b149c7b74800e900 to remote] DEBUG org.asynchttpclient.netty.request.NettyRequestSender - Using pooled Channel '[id: 0x0fd79672, L:/127.0.0.1:59225 - R:localhost/127.0.0.1:19691]' for 'GET' to 'http://localhost:19691/session/412c741e6f4f7ee9b149c7b74800e900/url'
14:29:30.590 [Forwarding getCurrentUrl on session 412c741e6f4f7ee9b149c7b74800e900 to remote] DEBUG org.asynchttpclient.netty.request.NettyRequestSender - Using open Channel [id: 0x0fd79672, L:/127.0.0.1:59225 - R:localhost/127.0.0.1:19691] for GET '/session/412c741e6f4f7ee9b149c7b74800e900/url'
14:29:30.597 [AsyncHttpClient-1-8] DEBUG org.asynchttpclient.netty.handler.HttpHandler - 

Request DefaultFullHttpRequest(decodeResult: success, version: HTTP/1.1, content: EmptyByteBufBE)
GET /session/412c741e6f4f7ee9b149c7b74800e900/url HTTP/1.1
User-Agent: selenium/4.8.1 (java windows)
Cache-Control: no-cache
Content-Type: application/json; charset=utf-8
host: localhost:19691
accept: */*

Response DefaultHttpResponse(decodeResult: success, version: HTTP/1.1)
HTTP/1.1 200 OK
Content-Length: 63
Content-Type: application/json; charset=utf-8
cache-control: no-cache

14:29:30.597 [AsyncHttpClient-1-8] DEBUG org.asynchttpclient.netty.channel.ChannelManager - Adding key: http://localhost:19691 for channel [id: 0x0fd79672, L:/127.0.0.1:59225 - R:localhost/127.0.0.1:19691]
14:29:30.606 [main] DEBUG net.thucydides.core.steps.StepInterceptor - STARTING STEP: Afrexim_Signup_steps.give_the_first_name - Give_the_first_name
14:29:30.608 [Forwarding findElement on session 412c741e6f4f7ee9b149c7b74800e900 to remote] DEBUG org.asynchttpclient.netty.request.NettyRequestSender - Using pooled Channel '[id: 0x0fd79672, L:/127.0.0.1:59225 - R:localhost/127.0.0.1:19691]' for 'POST' to 'http://localhost:19691/session/412c741e6f4f7ee9b149c7b74800e900/element'
14:29:30.608 [Forwarding findElement on session 412c741e6f4f7ee9b149c7b74800e900 to remote] DEBUG org.asynchttpclient.netty.request.NettyRequestSender - Using open Channel [id: 0x0fd79672, L:/127.0.0.1:59225 - R:localhost/127.0.0.1:19691] for POST '/session/412c741e6f4f7ee9b149c7b74800e900/element'
14:29:30.629 [AsyncHttpClient-1-8] DEBUG org.asynchttpclient.netty.handler.HttpHandler - 

Request DefaultHttpRequest(decodeResult: success, version: HTTP/1.1)
POST /session/412c741e6f4f7ee9b149c7b74800e900/element HTTP/1.1
User-Agent: selenium/4.8.1 (java windows)
Content-Length: 85
Content-Type: application/json; charset=utf-8
host: localhost:19691
accept: */*

Response DefaultHttpResponse(decodeResult: success, version: HTTP/1.1)
HTTP/1.1 200 OK
Content-Length: 95
Content-Type: application/json; charset=utf-8
cache-control: no-cache

14:29:30.629 [AsyncHttpClient-1-8] DEBUG org.asynchttpclient.netty.channel.ChannelManager - Adding key: http://localhost:19691 for channel [id: 0x0fd79672, L:/127.0.0.1:59225 - R:localhost/127.0.0.1:19691]
14:29:30.629 [Forwarding clearElement on session 412c741e6f4f7ee9b149c7b74800e900 to remote] DEBUG org.asynchttpclient.netty.request.NettyRequestSender - Using pooled Channel '[id: 0x0fd79672, L:/127.0.0.1:59225 - R:localhost/127.0.0.1:19691]' for 'POST' to 'http://localhost:19691/session/412c741e6f4f7ee9b149c7b74800e900/element/9330F8CD5D18F75156EB4FB715507178_element_62/clear'
14:29:30.629 [Forwarding clearElement on session 412c741e6f4f7ee9b149c7b74800e900 to remote] DEBUG org.asynchttpclient.netty.request.NettyRequestSender - Using open Channel [id: 0x0fd79672, L:/127.0.0.1:59225 - R:localhost/127.0.0.1:19691] for POST '/session/412c741e6f4f7ee9b149c7b74800e900/element/9330F8CD5D18F75156EB4FB715507178_element_62/clear'
14:29:30.703 [AsyncHttpClient-1-8] DEBUG org.asynchttpclient.netty.handler.HttpHandler - 

Request DefaultHttpRequest(decodeResult: success, version: HTTP/1.1)
POST /session/412c741e6f4f7ee9b149c7b74800e900/element/9330F8CD5D18F75156EB4FB715507178_element_62/clear HTTP/1.1
User-Agent: selenium/4.8.1 (java windows)
Content-Length: 57
Content-Type: application/json; charset=utf-8
host: localhost:19691
accept: */*

Response DefaultHttpResponse(decodeResult: success, version: HTTP/1.1)
HTTP/1.1 200 OK
Content-Length: 14
Content-Type: application/json; charset=utf-8
cache-control: no-cache

14:29:30.703 [AsyncHttpClient-1-8] DEBUG org.asynchttpclient.netty.channel.ChannelManager - Adding key: http://localhost:19691 for channel [id: 0x0fd79672, L:/127.0.0.1:59225 - R:localhost/127.0.0.1:19691]
14:29:30.714 [Forwarding sendKeysToElement on session 412c741e6f4f7ee9b149c7b74800e900 to remote] DEBUG org.asynchttpclient.netty.request.NettyRequestSender - Using pooled Channel '[id: 0x0fd79672, L:/127.0.0.1:59225 - R:localhost/127.0.0.1:19691]' for 'POST' to 'http://localhost:19691/session/412c741e6f4f7ee9b149c7b74800e900/element/9330F8CD5D18F75156EB4FB715507178_element_62/value'
14:29:30.714 [Forwarding sendKeysToElement on session 412c741e6f4f7ee9b149c7b74800e900 to remote] DEBUG org.asynchttpclient.netty.request.NettyRequestSender - Using open Channel [id: 0x0fd79672, L:/127.0.0.1:59225 - R:localhost/127.0.0.1:19691] for POST '/session/412c741e6f4f7ee9b149c7b74800e900/element/9330F8CD5D18F75156EB4FB715507178_element_62/value'
14:29:30.994 [AsyncHttpClient-1-1] DEBUG org.asynchttpclient.netty.channel.DefaultChannelPool - Entry count for : http://localhost:59226 : 1
14:29:31.129 [AsyncHttpClient-1-8] DEBUG org.asynchttpclient.netty.handler.HttpHandler - 

Request DefaultHttpRequest(decodeResult: success, version: HTTP/1.1)
POST /session/412c741e6f4f7ee9b149c7b74800e900/element/9330F8CD5D18F75156EB4FB715507178_element_62/value HTTP/1.1
User-Agent: selenium/4.8.1 (java windows)
Content-Length: 138
Content-Type: application/json; charset=utf-8
host: localhost:19691
accept: */*

Response DefaultHttpResponse(decodeResult: success, version: HTTP/1.1)
HTTP/1.1 200 OK
Content-Length: 14
Content-Type: application/json; charset=utf-8
cache-control: no-cache

14:29:31.129 [AsyncHttpClient-1-8] DEBUG org.asynchttpclient.netty.channel.ChannelManager - Adding key: http://localhost:19691 for channel [id: 0x0fd79672, L:/127.0.0.1:59225 - R:localhost/127.0.0.1:19691]
14:29:31.132 [Forwarding sendKeysToElement on session 412c741e6f4f7ee9b149c7b74800e900 to remote] DEBUG org.asynchttpclient.netty.request.NettyRequestSender - Using pooled Channel '[id: 0x0fd79672, L:/127.0.0.1:59225 - R:localhost/127.0.0.1:19691]' for 'POST' to 'http://localhost:19691/session/412c741e6f4f7ee9b149c7b74800e900/element/9330F8CD5D18F75156EB4FB715507178_element_62/value'
14:29:31.132 [Forwarding sendKeysToElement on session 412c741e6f4f7ee9b149c7b74800e900 to remote] DEBUG org.asynchttpclient.netty.request.NettyRequestSender - Using open Channel [id: 0x0fd79672, L:/127.0.0.1:59225 - R:localhost/127.0.0.1:19691] for POST '/session/412c741e6f4f7ee9b149c7b74800e900/element/9330F8CD5D18F75156EB4FB715507178_element_62/value'
14:29:31.205 [AsyncHttpClient-1-8] DEBUG org.asynchttpclient.netty.handler.HttpHandler - 

Request DefaultHttpRequest(decodeResult: success, version: HTTP/1.1)
POST /session/412c741e6f4f7ee9b149c7b74800e900/element/9330F8CD5D18F75156EB4FB715507178_element_62/value HTTP/1.1
User-Agent: selenium/4.8.1 (java windows)
Content-Length: 102
Content-Type: application/json; charset=utf-8
host: localhost:19691
accept: */*

Response DefaultHttpResponse(decodeResult: success, version: HTTP/1.1)
HTTP/1.1 200 OK
Content-Length: 14
Content-Type: application/json; charset=utf-8
cache-control: no-cache

14:29:31.205 [AsyncHttpClient-1-8] DEBUG org.asynchttpclient.netty.channel.ChannelManager - Adding key: http://localhost:19691 for channel [id: 0x0fd79672, L:/127.0.0.1:59225 - R:localhost/127.0.0.1:19691]
14:29:31.229 [Forwarding getAlertText on session 412c741e6f4f7ee9b149c7b74800e900 to remote] DEBUG org.asynchttpclient.netty.request.NettyRequestSender - Using pooled Channel '[id: 0x0fd79672, L:/127.0.0.1:59225 - R:localhost/127.0.0.1:19691]' for 'GET' to 'http://localhost:19691/session/412c741e6f4f7ee9b149c7b74800e900/alert/text'
14:29:31.231 [Forwarding getAlertText on session 412c741e6f4f7ee9b149c7b74800e900 to remote] DEBUG org.asynchttpclient.netty.request.NettyRequestSender - Using open Channel [id: 0x0fd79672, L:/127.0.0.1:59225 - R:localhost/127.0.0.1:19691] for GET '/session/412c741e6f4f7ee9b149c7b74800e900/alert/text'
14:29:31.237 [AsyncHttpClient-1-8] DEBUG org.asynchttpclient.netty.handler.HttpHandler - 

Request DefaultFullHttpRequest(decodeResult: success, version: HTTP/1.1, content: EmptyByteBufBE)
GET /session/412c741e6f4f7ee9b149c7b74800e900/alert/text HTTP/1.1
User-Agent: selenium/4.8.1 (java windows)
Cache-Control: no-cache
Content-Type: application/json; charset=utf-8
host: localhost:19691
accept: */*

Response DefaultHttpResponse(decodeResult: success, version: HTTP/1.1)
HTTP/1.1 404 Not Found
Content-Length: 821
Content-Type: application/json; charset=utf-8
cache-control: no-cache

14:29:31.237 [AsyncHttpClient-1-8] DEBUG org.asynchttpclient.netty.channel.ChannelManager - Adding key: http://localhost:19691 for channel [id: 0x0fd79672, L:/127.0.0.1:59225 - R:localhost/127.0.0.1:19691]
14:29:31.237 [Forwarding getCurrentUrl on session 412c741e6f4f7ee9b149c7b74800e900 to remote] DEBUG org.asynchttpclient.netty.request.NettyRequestSender - Using pooled Channel '[id: 0x0fd79672, L:/127.0.0.1:59225 - R:localhost/127.0.0.1:19691]' for 'GET' to 'http://localhost:19691/session/412c741e6f4f7ee9b149c7b74800e900/url'
14:29:31.237 [Forwarding getCurrentUrl on session 412c741e6f4f7ee9b149c7b74800e900 to remote] DEBUG org.asynchttpclient.netty.request.NettyRequestSender - Using open Channel [id: 0x0fd79672, L:/127.0.0.1:59225 - R:localhost/127.0.0.1:19691] for GET '/session/412c741e6f4f7ee9b149c7b74800e900/url'
14:29:31.253 [AsyncHttpClient-1-8] DEBUG org.asynchttpclient.netty.handler.HttpHandler - 

Request DefaultFullHttpRequest(decodeResult: success, version: HTTP/1.1, content: EmptyByteBufBE)
GET /session/412c741e6f4f7ee9b149c7b74800e900/url HTTP/1.1
User-Agent: selenium/4.8.1 (java windows)
Cache-Control: no-cache
Content-Type: application/json; charset=utf-8
host: localhost:19691
accept: */*

Response DefaultHttpResponse(decodeResult: success, version: HTTP/1.1)
HTTP/1.1 200 OK
Content-Length: 63
Content-Type: application/json; charset=utf-8
cache-control: no-cache

14:29:31.253 [AsyncHttpClient-1-8] DEBUG org.asynchttpclient.netty.channel.ChannelManager - Adding key: http://localhost:19691 for channel [id: 0x0fd79672, L:/127.0.0.1:59225 - R:localhost/127.0.0.1:19691]
14:29:31.253 [Forwarding screenshot on session 412c741e6f4f7ee9b149c7b74800e900 to remote] DEBUG org.asynchttpclient.netty.request.NettyRequestSender - Using pooled Channel '[id: 0x0fd79672, L:/127.0.0.1:59225 - R:localhost/127.0.0.1:19691]' for 'GET' to 'http://localhost:19691/session/412c741e6f4f7ee9b149c7b74800e900/screenshot'
14:29:31.253 [Forwarding screenshot on session 412c741e6f4f7ee9b149c7b74800e900 to remote] DEBUG org.asynchttpclient.netty.request.NettyRequestSender - Using open Channel [id: 0x0fd79672, L:/127.0.0.1:59225 - R:localhost/127.0.0.1:19691] for GET '/session/412c741e6f4f7ee9b149c7b74800e900/screenshot'
14:29:31.551 [AsyncHttpClient-1-8] DEBUG org.asynchttpclient.netty.handler.HttpHandler - 

Request DefaultFullHttpRequest(decodeResult: success, version: HTTP/1.1, content: EmptyByteBufBE)
GET /session/412c741e6f4f7ee9b149c7b74800e900/screenshot HTTP/1.1
User-Agent: selenium/4.8.1 (java windows)
Cache-Control: no-cache
Content-Type: application/json; charset=utf-8
host: localhost:19691
accept: */*

Response DefaultHttpResponse(decodeResult: success, version: HTTP/1.1)
HTTP/1.1 200 OK
Content-Length: 70280
Content-Type: application/json; charset=utf-8
cache-control: no-cache

14:29:31.557 [AsyncHttpClient-1-8] DEBUG org.asynchttpclient.netty.channel.ChannelManager - Adding key: http://localhost:19691 for channel [id: 0x0fd79672, L:/127.0.0.1:59225 - R:localhost/127.0.0.1:19691]
14:29:31.562 [main] DEBUG net.serenitybdd.core.photography.Darkroom - Send negative for processing for target\site\serenity\7f3d121eb2f26537aaf61204c0b71d5305f6af5c81cc6976d1c7c9ca06d77496.png
14:29:31.562 [main] DEBUG net.thucydides.core.steps.StepInterceptor - STEP DONE: Give_the_first_name
14:29:31.562 [Darkroom Processing Line] DEBUG net.serenitybdd.core.photography.DarkroomProcessingLine - Processing screenshot image in /var/screenshots/screenshot-7215025554586342457
14:29:31.562 [Darkroom Processing Line] DEBUG net.serenitybdd.core.photography.DarkroomProcessingLine - Saving screenshot to target\site\serenity\7f3d121eb2f26537aaf61204c0b71d5305f6af5c81cc6976d1c7c9ca06d77496.png
14:29:31.578 [Forwarding getPageSource on session 412c741e6f4f7ee9b149c7b74800e900 to remote] DEBUG org.asynchttpclient.netty.request.NettyRequestSender - Using pooled Channel '[id: 0x0fd79672, L:/127.0.0.1:59225 - R:localhost/127.0.0.1:19691]' for 'POST' to 'http://localhost:19691/session/412c741e6f4f7ee9b149c7b74800e900/execute/sync'
14:29:31.578 [Forwarding getPageSource on session 412c741e6f4f7ee9b149c7b74800e900 to remote] DEBUG org.asynchttpclient.netty.request.NettyRequestSender - Using open Channel [id: 0x0fd79672, L:/127.0.0.1:59225 - R:localhost/127.0.0.1:19691] for POST '/session/412c741e6f4f7ee9b149c7b74800e900/execute/sync'
14:29:31.589 [AsyncHttpClient-1-8] DEBUG org.asynchttpclient.netty.handler.HttpHandler - 

Request DefaultHttpRequest(decodeResult: success, version: HTTP/1.1)
POST /session/412c741e6f4f7ee9b149c7b74800e900/execute/sync HTTP/1.1
User-Agent: selenium/4.8.1 (java windows)
Content-Length: 176
Content-Type: application/json; charset=utf-8
host: localhost:19691
accept: */*

Response DefaultHttpResponse(decodeResult: success, version: HTTP/1.1)
HTTP/1.1 200 OK
Content-Length: 44459
Content-Type: application/json; charset=utf-8
cache-control: no-cache

14:29:31.589 [AsyncHttpClient-1-8] DEBUG org.asynchttpclient.netty.channel.ChannelManager - Adding key: http://localhost:19691 for channel [id: 0x0fd79672, L:/127.0.0.1:59225 - R:localhost/127.0.0.1:19691]
14:29:31.599 [Forwarding getCurrentUrl on session 412c741e6f4f7ee9b149c7b74800e900 to remote] DEBUG org.asynchttpclient.netty.request.NettyRequestSender - Using pooled Channel '[id: 0x0fd79672, L:/127.0.0.1:59225 - R:localhost/127.0.0.1:19691]' for 'GET' to 'http://localhost:19691/session/412c741e6f4f7ee9b149c7b74800e900/url'
14:29:31.599 [Forwarding getCurrentUrl on session 412c741e6f4f7ee9b149c7b74800e900 to remote] DEBUG org.asynchttpclient.netty.request.NettyRequestSender - Using open Channel [id: 0x0fd79672, L:/127.0.0.1:59225 - R:localhost/127.0.0.1:19691] for GET '/session/412c741e6f4f7ee9b149c7b74800e900/url'
14:29:31.610 [AsyncHttpClient-1-8] DEBUG org.asynchttpclient.netty.handler.HttpHandler - 

Request DefaultFullHttpRequest(decodeResult: success, version: HTTP/1.1, content: EmptyByteBufBE)
GET /session/412c741e6f4f7ee9b149c7b74800e900/url HTTP/1.1
User-Agent: selenium/4.8.1 (java windows)
Cache-Control: no-cache
Content-Type: application/json; charset=utf-8
host: localhost:19691
accept: */*

Response DefaultHttpResponse(decodeResult: success, version: HTTP/1.1)
HTTP/1.1 200 OK
Content-Length: 63
Content-Type: application/json; charset=utf-8
cache-control: no-cache

14:29:31.610 [AsyncHttpClient-1-8] DEBUG org.asynchttpclient.netty.channel.ChannelManager - Adding key: http://localhost:19691 for channel [id: 0x0fd79672, L:/127.0.0.1:59225 - R:localhost/127.0.0.1:19691]
14:29:31.621 [Forwarding getAlertText on session 412c741e6f4f7ee9b149c7b74800e900 to remote] DEBUG org.asynchttpclient.netty.request.NettyRequestSender - Using pooled Channel '[id: 0x0fd79672, L:/127.0.0.1:59225 - R:localhost/127.0.0.1:19691]' for 'GET' to 'http://localhost:19691/session/412c741e6f4f7ee9b149c7b74800e900/alert/text'
14:29:31.626 [Forwarding getAlertText on session 412c741e6f4f7ee9b149c7b74800e900 to remote] DEBUG org.asynchttpclient.netty.request.NettyRequestSender - Using open Channel [id: 0x0fd79672, L:/127.0.0.1:59225 - R:localhost/127.0.0.1:19691] for GET '/session/412c741e6f4f7ee9b149c7b74800e900/alert/text'
14:29:31.626 [AsyncHttpClient-1-8] DEBUG org.asynchttpclient.netty.handler.HttpHandler - 

Request DefaultFullHttpRequest(decodeResult: success, version: HTTP/1.1, content: EmptyByteBufBE)
GET /session/412c741e6f4f7ee9b149c7b74800e900/alert/text HTTP/1.1
User-Agent: selenium/4.8.1 (java windows)
Cache-Control: no-cache
Content-Type: application/json; charset=utf-8
host: localhost:19691
accept: */*

Response DefaultHttpResponse(decodeResult: success, version: HTTP/1.1)
HTTP/1.1 404 Not Found
Content-Length: 821
Content-Type: application/json; charset=utf-8
cache-control: no-cache

14:29:31.626 [AsyncHttpClient-1-8] DEBUG org.asynchttpclient.netty.channel.ChannelManager - Adding key: http://localhost:19691 for channel [id: 0x0fd79672, L:/127.0.0.1:59225 - R:localhost/127.0.0.1:19691]
14:29:31.632 [Forwarding getCurrentUrl on session 412c741e6f4f7ee9b149c7b74800e900 to remote] DEBUG org.asynchttpclient.netty.request.NettyRequestSender - Using pooled Channel '[id: 0x0fd79672, L:/127.0.0.1:59225 - R:localhost/127.0.0.1:19691]' for 'GET' to 'http://localhost:19691/session/412c741e6f4f7ee9b149c7b74800e900/url'
14:29:31.632 [Forwarding getCurrentUrl on session 412c741e6f4f7ee9b149c7b74800e900 to remote] DEBUG org.asynchttpclient.netty.request.NettyRequestSender - Using open Channel [id: 0x0fd79672, L:/127.0.0.1:59225 - R:localhost/127.0.0.1:19691] for GET '/session/412c741e6f4f7ee9b149c7b74800e900/url'
14:29:31.642 [AsyncHttpClient-1-8] DEBUG org.asynchttpclient.netty.handler.HttpHandler - 

Request DefaultFullHttpRequest(decodeResult: success, version: HTTP/1.1, content: EmptyByteBufBE)
GET /session/412c741e6f4f7ee9b149c7b74800e900/url HTTP/1.1
User-Agent: selenium/4.8.1 (java windows)
Cache-Control: no-cache
Content-Type: application/json; charset=utf-8
host: localhost:19691
accept: */*

Response DefaultHttpResponse(decodeResult: success, version: HTTP/1.1)
HTTP/1.1 200 OK
Content-Length: 63
Content-Type: application/json; charset=utf-8
cache-control: no-cache

14:29:31.642 [AsyncHttpClient-1-8] DEBUG org.asynchttpclient.netty.channel.ChannelManager - Adding key: http://localhost:19691 for channel [id: 0x0fd79672, L:/127.0.0.1:59225 - R:localhost/127.0.0.1:19691]
14:29:31.642 [Forwarding screenshot on session 412c741e6f4f7ee9b149c7b74800e900 to remote] DEBUG org.asynchttpclient.netty.request.NettyRequestSender - Using pooled Channel '[id: 0x0fd79672, L:/127.0.0.1:59225 - R:localhost/127.0.0.1:19691]' for 'GET' to 'http://localhost:19691/session/412c741e6f4f7ee9b149c7b74800e900/screenshot'
14:29:31.642 [Forwarding screenshot on session 412c741e6f4f7ee9b149c7b74800e900 to remote] DEBUG org.asynchttpclient.netty.request.NettyRequestSender - Using open Channel [id: 0x0fd79672, L:/127.0.0.1:59225 - R:localhost/127.0.0.1:19691] for GET '/session/412c741e6f4f7ee9b149c7b74800e900/screenshot'
14:29:31.877 [AsyncHttpClient-1-8] DEBUG org.asynchttpclient.netty.handler.HttpHandler - 

Request DefaultFullHttpRequest(decodeResult: success, version: HTTP/1.1, content: EmptyByteBufBE)
GET /session/412c741e6f4f7ee9b149c7b74800e900/screenshot HTTP/1.1
User-Agent: selenium/4.8.1 (java windows)
Cache-Control: no-cache
Content-Type: application/json; charset=utf-8
host: localhost:19691
accept: */*

Response DefaultHttpResponse(decodeResult: success, version: HTTP/1.1)
HTTP/1.1 200 OK
Content-Length: 70024
Content-Type: application/json; charset=utf-8
cache-control: no-cache

14:29:31.877 [AsyncHttpClient-1-8] DEBUG org.asynchttpclient.netty.channel.ChannelManager - Adding key: http://localhost:19691 for channel [id: 0x0fd79672, L:/127.0.0.1:59225 - R:localhost/127.0.0.1:19691]
14:29:31.877 [main] DEBUG net.serenitybdd.core.photography.Darkroom - Send negative for processing for target\site\serenity\e9a3b07f76a3a2e2e26970e788c6d61fcd403736030bf825566acd44eecf0258.png
14:29:31.877 [Darkroom Processing Line] DEBUG net.serenitybdd.core.photography.DarkroomProcessingLine - Processing screenshot image in /var/screenshots/screenshot-4276854044919635030
14:29:31.877 [Darkroom Processing Line] DEBUG net.serenitybdd.core.photography.DarkroomProcessingLine - Saving screenshot to target\site\serenity\e9a3b07f76a3a2e2e26970e788c6d61fcd403736030bf825566acd44eecf0258.png
14:29:31.888 [Forwarding getPageSource on session 412c741e6f4f7ee9b149c7b74800e900 to remote] DEBUG org.asynchttpclient.netty.request.NettyRequestSender - Using pooled Channel '[id: 0x0fd79672, L:/127.0.0.1:59225 - R:localhost/127.0.0.1:19691]' for 'POST' to 'http://localhost:19691/session/412c741e6f4f7ee9b149c7b74800e900/execute/sync'
14:29:31.888 [Forwarding getPageSource on session 412c741e6f4f7ee9b149c7b74800e900 to remote] DEBUG org.asynchttpclient.netty.request.NettyRequestSender - Using open Channel [id: 0x0fd79672, L:/127.0.0.1:59225 - R:localhost/127.0.0.1:19691] for POST '/session/412c741e6f4f7ee9b149c7b74800e900/execute/sync'
14:29:31.909 [AsyncHttpClient-1-8] DEBUG org.asynchttpclient.netty.handler.HttpHandler - 

Request DefaultHttpRequest(decodeResult: success, version: HTTP/1.1)
POST /session/412c741e6f4f7ee9b149c7b74800e900/execute/sync HTTP/1.1
User-Agent: selenium/4.8.1 (java windows)
Content-Length: 176
Content-Type: application/json; charset=utf-8
host: localhost:19691
accept: */*

Response DefaultHttpResponse(decodeResult: success, version: HTTP/1.1)
HTTP/1.1 200 OK
Content-Length: 44459
Content-Type: application/json; charset=utf-8
cache-control: no-cache

14:29:31.909 [AsyncHttpClient-1-8] DEBUG org.asynchttpclient.netty.channel.ChannelManager - Adding key: http://localhost:19691 for channel [id: 0x0fd79672, L:/127.0.0.1:59225 - R:localhost/127.0.0.1:19691]
14:29:31.909 [Forwarding getCurrentUrl on session 412c741e6f4f7ee9b149c7b74800e900 to remote] DEBUG org.asynchttpclient.netty.request.NettyRequestSender - Using pooled Channel '[id: 0x0fd79672, L:/127.0.0.1:59225 - R:localhost/127.0.0.1:19691]' for 'GET' to 'http://localhost:19691/session/412c741e6f4f7ee9b149c7b74800e900/url'
14:29:31.909 [Forwarding getCurrentUrl on session 412c741e6f4f7ee9b149c7b74800e900 to remote] DEBUG org.asynchttpclient.netty.request.NettyRequestSender - Using open Channel [id: 0x0fd79672, L:/127.0.0.1:59225 - R:localhost/127.0.0.1:19691] for GET '/session/412c741e6f4f7ee9b149c7b74800e900/url'
14:29:31.930 [AsyncHttpClient-1-8] DEBUG org.asynchttpclient.netty.handler.HttpHandler - 

Request DefaultFullHttpRequest(decodeResult: success, version: HTTP/1.1, content: EmptyByteBufBE)
GET /session/412c741e6f4f7ee9b149c7b74800e900/url HTTP/1.1
User-Agent: selenium/4.8.1 (java windows)
Cache-Control: no-cache
Content-Type: application/json; charset=utf-8
host: localhost:19691
accept: */*

Response DefaultHttpResponse(decodeResult: success, version: HTTP/1.1)
HTTP/1.1 200 OK
Content-Length: 63
Content-Type: application/json; charset=utf-8
cache-control: no-cache

14:29:31.930 [AsyncHttpClient-1-8] DEBUG org.asynchttpclient.netty.channel.ChannelManager - Adding key: http://localhost:19691 for channel [id: 0x0fd79672, L:/127.0.0.1:59225 - R:localhost/127.0.0.1:19691]
14:29:31.930 [main] DEBUG net.thucydides.core.steps.StepInterceptor - STARTING STEP: Afrexim_Signup_steps.give_the_last_name - Give_the_last_name
14:29:31.941 [Forwarding findElement on session 412c741e6f4f7ee9b149c7b74800e900 to remote] DEBUG org.asynchttpclient.netty.request.NettyRequestSender - Using pooled Channel '[id: 0x0fd79672, L:/127.0.0.1:59225 - R:localhost/127.0.0.1:19691]' for 'POST' to 'http://localhost:19691/session/412c741e6f4f7ee9b149c7b74800e900/element'
14:29:31.941 [Forwarding findElement on session 412c741e6f4f7ee9b149c7b74800e900 to remote] DEBUG org.asynchttpclient.netty.request.NettyRequestSender - Using open Channel [id: 0x0fd79672, L:/127.0.0.1:59225 - R:localhost/127.0.0.1:19691] for POST '/session/412c741e6f4f7ee9b149c7b74800e900/element'
14:29:31.954 [AsyncHttpClient-1-8] DEBUG org.asynchttpclient.netty.handler.HttpHandler - 

Request DefaultHttpRequest(decodeResult: success, version: HTTP/1.1)
POST /session/412c741e6f4f7ee9b149c7b74800e900/element HTTP/1.1
User-Agent: selenium/4.8.1 (java windows)
Content-Length: 85
Content-Type: application/json; charset=utf-8
host: localhost:19691
accept: */*

Response DefaultHttpResponse(decodeResult: success, version: HTTP/1.1)
HTTP/1.1 200 OK
Content-Length: 95
Content-Type: application/json; charset=utf-8
cache-control: no-cache

14:29:31.954 [AsyncHttpClient-1-8] DEBUG org.asynchttpclient.netty.channel.ChannelManager - Adding key: http://localhost:19691 for channel [id: 0x0fd79672, L:/127.0.0.1:59225 - R:localhost/127.0.0.1:19691]
14:29:31.962 [Forwarding clearElement on session 412c741e6f4f7ee9b149c7b74800e900 to remote] DEBUG org.asynchttpclient.netty.request.NettyRequestSender - Using pooled Channel '[id: 0x0fd79672, L:/127.0.0.1:59225 - R:localhost/127.0.0.1:19691]' for 'POST' to 'http://localhost:19691/session/412c741e6f4f7ee9b149c7b74800e900/element/9330F8CD5D18F75156EB4FB715507178_element_63/clear'
14:29:31.962 [Forwarding clearElement on session 412c741e6f4f7ee9b149c7b74800e900 to remote] DEBUG org.asynchttpclient.netty.request.NettyRequestSender - Using open Channel [id: 0x0fd79672, L:/127.0.0.1:59225 - R:localhost/127.0.0.1:19691] for POST '/session/412c741e6f4f7ee9b149c7b74800e900/element/9330F8CD5D18F75156EB4FB715507178_element_63/clear'
14:29:32.017 [AsyncHttpClient-1-8] DEBUG org.asynchttpclient.netty.handler.HttpHandler - 

Request DefaultHttpRequest(decodeResult: success, version: HTTP/1.1)
POST /session/412c741e6f4f7ee9b149c7b74800e900/element/9330F8CD5D18F75156EB4FB715507178_element_63/clear HTTP/1.1
User-Agent: selenium/4.8.1 (java windows)
Content-Length: 57
Content-Type: application/json; charset=utf-8
host: localhost:19691
accept: */*

Response DefaultHttpResponse(decodeResult: success, version: HTTP/1.1)
HTTP/1.1 200 OK
Content-Length: 14
Content-Type: application/json; charset=utf-8
cache-control: no-cache

14:29:32.017 [AsyncHttpClient-1-8] DEBUG org.asynchttpclient.netty.channel.ChannelManager - Adding key: http://localhost:19691 for channel [id: 0x0fd79672, L:/127.0.0.1:59225 - R:localhost/127.0.0.1:19691]
14:29:32.017 [Forwarding sendKeysToElement on session 412c741e6f4f7ee9b149c7b74800e900 to remote] DEBUG org.asynchttpclient.netty.request.NettyRequestSender - Using pooled Channel '[id: 0x0fd79672, L:/127.0.0.1:59225 - R:localhost/127.0.0.1:19691]' for 'POST' to 'http://localhost:19691/session/412c741e6f4f7ee9b149c7b74800e900/element/9330F8CD5D18F75156EB4FB715507178_element_63/value'
14:29:32.017 [Forwarding sendKeysToElement on session 412c741e6f4f7ee9b149c7b74800e900 to remote] DEBUG org.asynchttpclient.netty.request.NettyRequestSender - Using open Channel [id: 0x0fd79672, L:/127.0.0.1:59225 - R:localhost/127.0.0.1:19691] for POST '/session/412c741e6f4f7ee9b149c7b74800e900/element/9330F8CD5D18F75156EB4FB715507178_element_63/value'
14:29:32.089 [AsyncHttpClient-1-1] DEBUG org.asynchttpclient.netty.channel.DefaultChannelPool - Entry count for : http://localhost:59226 : 1
14:29:32.252 [AsyncHttpClient-1-8] DEBUG org.asynchttpclient.netty.handler.HttpHandler - 

Request DefaultHttpRequest(decodeResult: success, version: HTTP/1.1)
POST /session/412c741e6f4f7ee9b149c7b74800e900/element/9330F8CD5D18F75156EB4FB715507178_element_63/value HTTP/1.1
User-Agent: selenium/4.8.1 (java windows)
Content-Length: 138
Content-Type: application/json; charset=utf-8
host: localhost:19691
accept: */*

Response DefaultHttpResponse(decodeResult: success, version: HTTP/1.1)
HTTP/1.1 200 OK
Content-Length: 14
Content-Type: application/json; charset=utf-8
cache-control: no-cache

14:29:32.260 [AsyncHttpClient-1-8] DEBUG org.asynchttpclient.netty.channel.ChannelManager - Adding key: http://localhost:19691 for channel [id: 0x0fd79672, L:/127.0.0.1:59225 - R:localhost/127.0.0.1:19691]
14:29:32.261 [Forwarding sendKeysToElement on session 412c741e6f4f7ee9b149c7b74800e900 to remote] DEBUG org.asynchttpclient.netty.request.NettyRequestSender - Using pooled Channel '[id: 0x0fd79672, L:/127.0.0.1:59225 - R:localhost/127.0.0.1:19691]' for 'POST' to 'http://localhost:19691/session/412c741e6f4f7ee9b149c7b74800e900/element/9330F8CD5D18F75156EB4FB715507178_element_63/value'
14:29:32.261 [Forwarding sendKeysToElement on session 412c741e6f4f7ee9b149c7b74800e900 to remote] DEBUG org.asynchttpclient.netty.request.NettyRequestSender - Using open Channel [id: 0x0fd79672, L:/127.0.0.1:59225 - R:localhost/127.0.0.1:19691] for POST '/session/412c741e6f4f7ee9b149c7b74800e900/element/9330F8CD5D18F75156EB4FB715507178_element_63/value'
14:29:32.350 [AsyncHttpClient-1-8] DEBUG org.asynchttpclient.netty.handler.HttpHandler - 

Request DefaultHttpRequest(decodeResult: success, version: HTTP/1.1)
POST /session/412c741e6f4f7ee9b149c7b74800e900/element/9330F8CD5D18F75156EB4FB715507178_element_63/value HTTP/1.1
User-Agent: selenium/4.8.1 (java windows)
Content-Length: 102
Content-Type: application/json; charset=utf-8
host: localhost:19691
accept: */*

Response DefaultHttpResponse(decodeResult: success, version: HTTP/1.1)
HTTP/1.1 200 OK
Content-Length: 14
Content-Type: application/json; charset=utf-8
cache-control: no-cache

14:29:32.350 [AsyncHttpClient-1-8] DEBUG org.asynchttpclient.netty.channel.ChannelManager - Adding key: http://localhost:19691 for channel [id: 0x0fd79672, L:/127.0.0.1:59225 - R:localhost/127.0.0.1:19691]
14:29:32.373 [Forwarding getAlertText on session 412c741e6f4f7ee9b149c7b74800e900 to remote] DEBUG org.asynchttpclient.netty.request.NettyRequestSender - Using pooled Channel '[id: 0x0fd79672, L:/127.0.0.1:59225 - R:localhost/127.0.0.1:19691]' for 'GET' to 'http://localhost:19691/session/412c741e6f4f7ee9b149c7b74800e900/alert/text'
14:29:32.373 [Forwarding getAlertText on session 412c741e6f4f7ee9b149c7b74800e900 to remote] DEBUG org.asynchttpclient.netty.request.NettyRequestSender - Using open Channel [id: 0x0fd79672, L:/127.0.0.1:59225 - R:localhost/127.0.0.1:19691] for GET '/session/412c741e6f4f7ee9b149c7b74800e900/alert/text'
14:29:32.381 [AsyncHttpClient-1-8] DEBUG org.asynchttpclient.netty.handler.HttpHandler - 

Request DefaultFullHttpRequest(decodeResult: success, version: HTTP/1.1, content: EmptyByteBufBE)
GET /session/412c741e6f4f7ee9b149c7b74800e900/alert/text HTTP/1.1
User-Agent: selenium/4.8.1 (java windows)
Cache-Control: no-cache
Content-Type: application/json; charset=utf-8
host: localhost:19691
accept: */*

Response DefaultHttpResponse(decodeResult: success, version: HTTP/1.1)
HTTP/1.1 404 Not Found
Content-Length: 821
Content-Type: application/json; charset=utf-8
cache-control: no-cache

14:29:32.381 [AsyncHttpClient-1-8] DEBUG org.asynchttpclient.netty.channel.ChannelManager - Adding key: http://localhost:19691 for channel [id: 0x0fd79672, L:/127.0.0.1:59225 - R:localhost/127.0.0.1:19691]
14:29:32.381 [Forwarding getCurrentUrl on session 412c741e6f4f7ee9b149c7b74800e900 to remote] DEBUG org.asynchttpclient.netty.request.NettyRequestSender - Using pooled Channel '[id: 0x0fd79672, L:/127.0.0.1:59225 - R:localhost/127.0.0.1:19691]' for 'GET' to 'http://localhost:19691/session/412c741e6f4f7ee9b149c7b74800e900/url'
14:29:32.389 [Forwarding getCurrentUrl on session 412c741e6f4f7ee9b149c7b74800e900 to remote] DEBUG org.asynchttpclient.netty.request.NettyRequestSender - Using open Channel [id: 0x0fd79672, L:/127.0.0.1:59225 - R:localhost/127.0.0.1:19691] for GET '/session/412c741e6f4f7ee9b149c7b74800e900/url'
14:29:32.404 [AsyncHttpClient-1-8] DEBUG org.asynchttpclient.netty.handler.HttpHandler - 

Request DefaultFullHttpRequest(decodeResult: success, version: HTTP/1.1, content: EmptyByteBufBE)
GET /session/412c741e6f4f7ee9b149c7b74800e900/url HTTP/1.1
User-Agent: selenium/4.8.1 (java windows)
Cache-Control: no-cache
Content-Type: application/json; charset=utf-8
host: localhost:19691
accept: */*

Response DefaultHttpResponse(decodeResult: success, version: HTTP/1.1)
HTTP/1.1 200 OK
Content-Length: 63
Content-Type: application/json; charset=utf-8
cache-control: no-cache

14:29:32.404 [AsyncHttpClient-1-8] DEBUG org.asynchttpclient.netty.channel.ChannelManager - Adding key: http://localhost:19691 for channel [id: 0x0fd79672, L:/127.0.0.1:59225 - R:localhost/127.0.0.1:19691]
14:29:32.404 [Forwarding screenshot on session 412c741e6f4f7ee9b149c7b74800e900 to remote] DEBUG org.asynchttpclient.netty.request.NettyRequestSender - Using pooled Channel '[id: 0x0fd79672, L:/127.0.0.1:59225 - R:localhost/127.0.0.1:19691]' for 'GET' to 'http://localhost:19691/session/412c741e6f4f7ee9b149c7b74800e900/screenshot'
14:29:32.404 [Forwarding screenshot on session 412c741e6f4f7ee9b149c7b74800e900 to remote] DEBUG org.asynchttpclient.netty.request.NettyRequestSender - Using open Channel [id: 0x0fd79672, L:/127.0.0.1:59225 - R:localhost/127.0.0.1:19691] for GET '/session/412c741e6f4f7ee9b149c7b74800e900/screenshot'
14:29:32.682 [AsyncHttpClient-1-8] DEBUG org.asynchttpclient.netty.handler.HttpHandler - 

Request DefaultFullHttpRequest(decodeResult: success, version: HTTP/1.1, content: EmptyByteBufBE)
GET /session/412c741e6f4f7ee9b149c7b74800e900/screenshot HTTP/1.1
User-Agent: selenium/4.8.1 (java windows)
Cache-Control: no-cache
Content-Type: application/json; charset=utf-8
host: localhost:19691
accept: */*

Response DefaultHttpResponse(decodeResult: success, version: HTTP/1.1)
HTTP/1.1 200 OK
Content-Length: 71000
Content-Type: application/json; charset=utf-8
cache-control: no-cache

14:29:32.682 [AsyncHttpClient-1-8] DEBUG org.asynchttpclient.netty.channel.ChannelManager - Adding key: http://localhost:19691 for channel [id: 0x0fd79672, L:/127.0.0.1:59225 - R:localhost/127.0.0.1:19691]
14:29:32.693 [main] DEBUG net.serenitybdd.core.photography.Darkroom - Send negative for processing for target\site\serenity\a0e2567034f619f70fc4e59f9c0833ba7f7d61e1831144754a9c33c2b6fbe232.png
14:29:32.694 [main] DEBUG net.thucydides.core.steps.StepInterceptor - STEP DONE: Give_the_last_name
14:29:32.694 [Darkroom Processing Line] DEBUG net.serenitybdd.core.photography.DarkroomProcessingLine - Processing screenshot image in /var/screenshots/screenshot-4287000085218719196
14:29:32.694 [Darkroom Processing Line] DEBUG net.serenitybdd.core.photography.DarkroomProcessingLine - Saving screenshot to target\site\serenity\a0e2567034f619f70fc4e59f9c0833ba7f7d61e1831144754a9c33c2b6fbe232.png
14:29:32.709 [Forwarding getPageSource on session 412c741e6f4f7ee9b149c7b74800e900 to remote] DEBUG org.asynchttpclient.netty.request.NettyRequestSender - Using pooled Channel '[id: 0x0fd79672, L:/127.0.0.1:59225 - R:localhost/127.0.0.1:19691]' for 'POST' to 'http://localhost:19691/session/412c741e6f4f7ee9b149c7b74800e900/execute/sync'
14:29:32.709 [Forwarding getPageSource on session 412c741e6f4f7ee9b149c7b74800e900 to remote] DEBUG org.asynchttpclient.netty.request.NettyRequestSender - Using open Channel [id: 0x0fd79672, L:/127.0.0.1:59225 - R:localhost/127.0.0.1:19691] for POST '/session/412c741e6f4f7ee9b149c7b74800e900/execute/sync'
14:29:32.730 [AsyncHttpClient-1-8] DEBUG org.asynchttpclient.netty.handler.HttpHandler - 

Request DefaultHttpRequest(decodeResult: success, version: HTTP/1.1)
POST /session/412c741e6f4f7ee9b149c7b74800e900/execute/sync HTTP/1.1
User-Agent: selenium/4.8.1 (java windows)
Content-Length: 176
Content-Type: application/json; charset=utf-8
host: localhost:19691
accept: */*

Response DefaultHttpResponse(decodeResult: success, version: HTTP/1.1)
HTTP/1.1 200 OK
Content-Length: 44464
Content-Type: application/json; charset=utf-8
cache-control: no-cache

14:29:32.730 [AsyncHttpClient-1-8] DEBUG org.asynchttpclient.netty.channel.ChannelManager - Adding key: http://localhost:19691 for channel [id: 0x0fd79672, L:/127.0.0.1:59225 - R:localhost/127.0.0.1:19691]
14:29:32.733 [Forwarding getCurrentUrl on session 412c741e6f4f7ee9b149c7b74800e900 to remote] DEBUG org.asynchttpclient.netty.request.NettyRequestSender - Using pooled Channel '[id: 0x0fd79672, L:/127.0.0.1:59225 - R:localhost/127.0.0.1:19691]' for 'GET' to 'http://localhost:19691/session/412c741e6f4f7ee9b149c7b74800e900/url'
14:29:32.733 [Forwarding getCurrentUrl on session 412c741e6f4f7ee9b149c7b74800e900 to remote] DEBUG org.asynchttpclient.netty.request.NettyRequestSender - Using open Channel [id: 0x0fd79672, L:/127.0.0.1:59225 - R:localhost/127.0.0.1:19691] for GET '/session/412c741e6f4f7ee9b149c7b74800e900/url'
14:29:32.749 [AsyncHttpClient-1-8] DEBUG org.asynchttpclient.netty.handler.HttpHandler - 

Request DefaultFullHttpRequest(decodeResult: success, version: HTTP/1.1, content: EmptyByteBufBE)
GET /session/412c741e6f4f7ee9b149c7b74800e900/url HTTP/1.1
User-Agent: selenium/4.8.1 (java windows)
Cache-Control: no-cache
Content-Type: application/json; charset=utf-8
host: localhost:19691
accept: */*

Response DefaultHttpResponse(decodeResult: success, version: HTTP/1.1)
HTTP/1.1 200 OK
Content-Length: 63
Content-Type: application/json; charset=utf-8
cache-control: no-cache

14:29:32.749 [AsyncHttpClient-1-8] DEBUG org.asynchttpclient.netty.channel.ChannelManager - Adding key: http://localhost:19691 for channel [id: 0x0fd79672, L:/127.0.0.1:59225 - R:localhost/127.0.0.1:19691]
14:29:32.766 [Forwarding getAlertText on session 412c741e6f4f7ee9b149c7b74800e900 to remote] DEBUG org.asynchttpclient.netty.request.NettyRequestSender - Using pooled Channel '[id: 0x0fd79672, L:/127.0.0.1:59225 - R:localhost/127.0.0.1:19691]' for 'GET' to 'http://localhost:19691/session/412c741e6f4f7ee9b149c7b74800e900/alert/text'
14:29:32.766 [Forwarding getAlertText on session 412c741e6f4f7ee9b149c7b74800e900 to remote] DEBUG org.asynchttpclient.netty.request.NettyRequestSender - Using open Channel [id: 0x0fd79672, L:/127.0.0.1:59225 - R:localhost/127.0.0.1:19691] for GET '/session/412c741e6f4f7ee9b149c7b74800e900/alert/text'
14:29:32.768 [AsyncHttpClient-1-8] DEBUG org.asynchttpclient.netty.handler.HttpHandler - 

Request DefaultFullHttpRequest(decodeResult: success, version: HTTP/1.1, content: EmptyByteBufBE)
GET /session/412c741e6f4f7ee9b149c7b74800e900/alert/text HTTP/1.1
User-Agent: selenium/4.8.1 (java windows)
Cache-Control: no-cache
Content-Type: application/json; charset=utf-8
host: localhost:19691
accept: */*

Response DefaultHttpResponse(decodeResult: success, version: HTTP/1.1)
HTTP/1.1 404 Not Found
Content-Length: 821
Content-Type: application/json; charset=utf-8
cache-control: no-cache

14:29:32.773 [AsyncHttpClient-1-8] DEBUG org.asynchttpclient.netty.channel.ChannelManager - Adding key: http://localhost:19691 for channel [id: 0x0fd79672, L:/127.0.0.1:59225 - R:localhost/127.0.0.1:19691]
14:29:32.773 [Forwarding getCurrentUrl on session 412c741e6f4f7ee9b149c7b74800e900 to remote] DEBUG org.asynchttpclient.netty.request.NettyRequestSender - Using pooled Channel '[id: 0x0fd79672, L:/127.0.0.1:59225 - R:localhost/127.0.0.1:19691]' for 'GET' to 'http://localhost:19691/session/412c741e6f4f7ee9b149c7b74800e900/url'
14:29:32.773 [Forwarding getCurrentUrl on session 412c741e6f4f7ee9b149c7b74800e900 to remote] DEBUG org.asynchttpclient.netty.request.NettyRequestSender - Using open Channel [id: 0x0fd79672, L:/127.0.0.1:59225 - R:localhost/127.0.0.1:19691] for GET '/session/412c741e6f4f7ee9b149c7b74800e900/url'
14:29:32.784 [AsyncHttpClient-1-8] DEBUG org.asynchttpclient.netty.handler.HttpHandler - 

Request DefaultFullHttpRequest(decodeResult: success, version: HTTP/1.1, content: EmptyByteBufBE)
GET /session/412c741e6f4f7ee9b149c7b74800e900/url HTTP/1.1
User-Agent: selenium/4.8.1 (java windows)
Cache-Control: no-cache
Content-Type: application/json; charset=utf-8
host: localhost:19691
accept: */*

Response DefaultHttpResponse(decodeResult: success, version: HTTP/1.1)
HTTP/1.1 200 OK
Content-Length: 63
Content-Type: application/json; charset=utf-8
cache-control: no-cache

14:29:32.784 [AsyncHttpClient-1-8] DEBUG org.asynchttpclient.netty.channel.ChannelManager - Adding key: http://localhost:19691 for channel [id: 0x0fd79672, L:/127.0.0.1:59225 - R:localhost/127.0.0.1:19691]
14:29:32.784 [Forwarding screenshot on session 412c741e6f4f7ee9b149c7b74800e900 to remote] DEBUG org.asynchttpclient.netty.request.NettyRequestSender - Using pooled Channel '[id: 0x0fd79672, L:/127.0.0.1:59225 - R:localhost/127.0.0.1:19691]' for 'GET' to 'http://localhost:19691/session/412c741e6f4f7ee9b149c7b74800e900/screenshot'
14:29:32.784 [Forwarding screenshot on session 412c741e6f4f7ee9b149c7b74800e900 to remote] DEBUG org.asynchttpclient.netty.request.NettyRequestSender - Using open Channel [id: 0x0fd79672, L:/127.0.0.1:59225 - R:localhost/127.0.0.1:19691] for GET '/session/412c741e6f4f7ee9b149c7b74800e900/screenshot'
14:29:33.031 [AsyncHttpClient-1-8] DEBUG org.asynchttpclient.netty.handler.HttpHandler - 

Request DefaultFullHttpRequest(decodeResult: success, version: HTTP/1.1, content: EmptyByteBufBE)
GET /session/412c741e6f4f7ee9b149c7b74800e900/screenshot HTTP/1.1
User-Agent: selenium/4.8.1 (java windows)
Cache-Control: no-cache
Content-Type: application/json; charset=utf-8
host: localhost:19691
accept: */*

Response DefaultHttpResponse(decodeResult: success, version: HTTP/1.1)
HTTP/1.1 200 OK
Content-Length: 70676
Content-Type: application/json; charset=utf-8
cache-control: no-cache

14:29:33.031 [AsyncHttpClient-1-8] DEBUG org.asynchttpclient.netty.channel.ChannelManager - Adding key: http://localhost:19691 for channel [id: 0x0fd79672, L:/127.0.0.1:59225 - R:localhost/127.0.0.1:19691]
14:29:33.040 [main] DEBUG net.serenitybdd.core.photography.Darkroom - Send negative for processing for target\site\serenity\4cba89c2e7f6b7b9d2aad451c2c3899848c04422a476074aacbfae2efcc6a475.png
14:29:33.040 [Darkroom Processing Line] DEBUG net.serenitybdd.core.photography.DarkroomProcessingLine - Processing screenshot image in /var/screenshots/screenshot-4697899752290447540
14:29:33.040 [Darkroom Processing Line] DEBUG net.serenitybdd.core.photography.DarkroomProcessingLine - Saving screenshot to target\site\serenity\4cba89c2e7f6b7b9d2aad451c2c3899848c04422a476074aacbfae2efcc6a475.png
14:29:33.044 [Forwarding getPageSource on session 412c741e6f4f7ee9b149c7b74800e900 to remote] DEBUG org.asynchttpclient.netty.request.NettyRequestSender - Using pooled Channel '[id: 0x0fd79672, L:/127.0.0.1:59225 - R:localhost/127.0.0.1:19691]' for 'POST' to 'http://localhost:19691/session/412c741e6f4f7ee9b149c7b74800e900/execute/sync'
14:29:33.044 [Forwarding getPageSource on session 412c741e6f4f7ee9b149c7b74800e900 to remote] DEBUG org.asynchttpclient.netty.request.NettyRequestSender - Using open Channel [id: 0x0fd79672, L:/127.0.0.1:59225 - R:localhost/127.0.0.1:19691] for POST '/session/412c741e6f4f7ee9b149c7b74800e900/execute/sync'
14:29:33.072 [AsyncHttpClient-1-8] DEBUG org.asynchttpclient.netty.handler.HttpHandler - 

Request DefaultHttpRequest(decodeResult: success, version: HTTP/1.1)
POST /session/412c741e6f4f7ee9b149c7b74800e900/execute/sync HTTP/1.1
User-Agent: selenium/4.8.1 (java windows)
Content-Length: 176
Content-Type: application/json; charset=utf-8
host: localhost:19691
accept: */*

Response DefaultHttpResponse(decodeResult: success, version: HTTP/1.1)
HTTP/1.1 200 OK
Content-Length: 44464
Content-Type: application/json; charset=utf-8
cache-control: no-cache

14:29:33.072 [AsyncHttpClient-1-8] DEBUG org.asynchttpclient.netty.channel.ChannelManager - Adding key: http://localhost:19691 for channel [id: 0x0fd79672, L:/127.0.0.1:59225 - R:localhost/127.0.0.1:19691]
14:29:33.083 [Forwarding getCurrentUrl on session 412c741e6f4f7ee9b149c7b74800e900 to remote] DEBUG org.asynchttpclient.netty.request.NettyRequestSender - Using pooled Channel '[id: 0x0fd79672, L:/127.0.0.1:59225 - R:localhost/127.0.0.1:19691]' for 'GET' to 'http://localhost:19691/session/412c741e6f4f7ee9b149c7b74800e900/url'
14:29:33.083 [Forwarding getCurrentUrl on session 412c741e6f4f7ee9b149c7b74800e900 to remote] DEBUG org.asynchttpclient.netty.request.NettyRequestSender - Using open Channel [id: 0x0fd79672, L:/127.0.0.1:59225 - R:localhost/127.0.0.1:19691] for GET '/session/412c741e6f4f7ee9b149c7b74800e900/url'
14:29:33.104 [AsyncHttpClient-1-8] DEBUG org.asynchttpclient.netty.handler.HttpHandler - 

Request DefaultFullHttpRequest(decodeResult: success, version: HTTP/1.1, content: EmptyByteBufBE)
GET /session/412c741e6f4f7ee9b149c7b74800e900/url HTTP/1.1
User-Agent: selenium/4.8.1 (java windows)
Cache-Control: no-cache
Content-Type: application/json; charset=utf-8
host: localhost:19691
accept: */*

Response DefaultHttpResponse(decodeResult: success, version: HTTP/1.1)
HTTP/1.1 200 OK
Content-Length: 63
Content-Type: application/json; charset=utf-8
cache-control: no-cache

14:29:33.104 [AsyncHttpClient-1-8] DEBUG org.asynchttpclient.netty.channel.ChannelManager - Adding key: http://localhost:19691 for channel [id: 0x0fd79672, L:/127.0.0.1:59225 - R:localhost/127.0.0.1:19691]
14:29:33.115 [main] DEBUG net.thucydides.core.steps.StepInterceptor - STARTING STEP: Afrexim_Signup_steps.enter_the_contact_number - Enter_the_contact_number
14:29:33.120 [Forwarding findElement on session 412c741e6f4f7ee9b149c7b74800e900 to remote] DEBUG org.asynchttpclient.netty.request.NettyRequestSender - Using pooled Channel '[id: 0x0fd79672, L:/127.0.0.1:59225 - R:localhost/127.0.0.1:19691]' for 'POST' to 'http://localhost:19691/session/412c741e6f4f7ee9b149c7b74800e900/element'
14:29:33.120 [Forwarding findElement on session 412c741e6f4f7ee9b149c7b74800e900 to remote] DEBUG org.asynchttpclient.netty.request.NettyRequestSender - Using open Channel [id: 0x0fd79672, L:/127.0.0.1:59225 - R:localhost/127.0.0.1:19691] for POST '/session/412c741e6f4f7ee9b149c7b74800e900/element'
14:29:33.169 [AsyncHttpClient-1-8] DEBUG org.asynchttpclient.netty.handler.HttpHandler - 

Request DefaultHttpRequest(decodeResult: success, version: HTTP/1.1)
POST /session/412c741e6f4f7ee9b149c7b74800e900/element HTTP/1.1
User-Agent: selenium/4.8.1 (java windows)
Content-Length: 85
Content-Type: application/json; charset=utf-8
host: localhost:19691
accept: */*

Response DefaultHttpResponse(decodeResult: success, version: HTTP/1.1)
HTTP/1.1 200 OK
Content-Length: 95
Content-Type: application/json; charset=utf-8
cache-control: no-cache

14:29:33.169 [AsyncHttpClient-1-8] DEBUG org.asynchttpclient.netty.channel.ChannelManager - Adding key: http://localhost:19691 for channel [id: 0x0fd79672, L:/127.0.0.1:59225 - R:localhost/127.0.0.1:19691]
14:29:33.171 [Forwarding clearElement on session 412c741e6f4f7ee9b149c7b74800e900 to remote] DEBUG org.asynchttpclient.netty.request.NettyRequestSender - Using pooled Channel '[id: 0x0fd79672, L:/127.0.0.1:59225 - R:localhost/127.0.0.1:19691]' for 'POST' to 'http://localhost:19691/session/412c741e6f4f7ee9b149c7b74800e900/element/9330F8CD5D18F75156EB4FB715507178_element_64/clear'
14:29:33.171 [Forwarding clearElement on session 412c741e6f4f7ee9b149c7b74800e900 to remote] DEBUG org.asynchttpclient.netty.request.NettyRequestSender - Using open Channel [id: 0x0fd79672, L:/127.0.0.1:59225 - R:localhost/127.0.0.1:19691] for POST '/session/412c741e6f4f7ee9b149c7b74800e900/element/9330F8CD5D18F75156EB4FB715507178_element_64/clear'
14:29:33.189 [AsyncHttpClient-1-1] DEBUG org.asynchttpclient.netty.channel.DefaultChannelPool - Entry count for : http://localhost:59226 : 1
14:29:33.254 [AsyncHttpClient-1-8] DEBUG org.asynchttpclient.netty.handler.HttpHandler - 

Request DefaultHttpRequest(decodeResult: success, version: HTTP/1.1)
POST /session/412c741e6f4f7ee9b149c7b74800e900/element/9330F8CD5D18F75156EB4FB715507178_element_64/clear HTTP/1.1
User-Agent: selenium/4.8.1 (java windows)
Content-Length: 57
Content-Type: application/json; charset=utf-8
host: localhost:19691
accept: */*

Response DefaultHttpResponse(decodeResult: success, version: HTTP/1.1)
HTTP/1.1 200 OK
Content-Length: 14
Content-Type: application/json; charset=utf-8
cache-control: no-cache

14:29:33.254 [AsyncHttpClient-1-8] DEBUG org.asynchttpclient.netty.channel.ChannelManager - Adding key: http://localhost:19691 for channel [id: 0x0fd79672, L:/127.0.0.1:59225 - R:localhost/127.0.0.1:19691]
14:29:33.264 [Forwarding sendKeysToElement on session 412c741e6f4f7ee9b149c7b74800e900 to remote] DEBUG org.asynchttpclient.netty.request.NettyRequestSender - Using pooled Channel '[id: 0x0fd79672, L:/127.0.0.1:59225 - R:localhost/127.0.0.1:19691]' for 'POST' to 'http://localhost:19691/session/412c741e6f4f7ee9b149c7b74800e900/element/9330F8CD5D18F75156EB4FB715507178_element_64/value'
14:29:33.264 [Forwarding sendKeysToElement on session 412c741e6f4f7ee9b149c7b74800e900 to remote] DEBUG org.asynchttpclient.netty.request.NettyRequestSender - Using open Channel [id: 0x0fd79672, L:/127.0.0.1:59225 - R:localhost/127.0.0.1:19691] for POST '/session/412c741e6f4f7ee9b149c7b74800e900/element/9330F8CD5D18F75156EB4FB715507178_element_64/value'
14:29:34.320 [AsyncHttpClient-1-1] DEBUG org.asynchttpclient.netty.channel.DefaultChannelPool - Entry count for : http://localhost:59226 : 1
14:29:34.618 [AsyncHttpClient-1-8] DEBUG org.asynchttpclient.netty.handler.HttpHandler - 

Request DefaultHttpRequest(decodeResult: success, version: HTTP/1.1)
POST /session/412c741e6f4f7ee9b149c7b74800e900/element/9330F8CD5D18F75156EB4FB715507178_element_64/value HTTP/1.1
User-Agent: selenium/4.8.1 (java windows)
Content-Length: 198
Content-Type: application/json; charset=utf-8
host: localhost:19691
accept: */*

Response DefaultHttpResponse(decodeResult: success, version: HTTP/1.1)
HTTP/1.1 200 OK
Content-Length: 14
Content-Type: application/json; charset=utf-8
cache-control: no-cache

14:29:34.618 [AsyncHttpClient-1-8] DEBUG org.asynchttpclient.netty.channel.ChannelManager - Adding key: http://localhost:19691 for channel [id: 0x0fd79672, L:/127.0.0.1:59225 - R:localhost/127.0.0.1:19691]
14:29:34.618 [Forwarding sendKeysToElement on session 412c741e6f4f7ee9b149c7b74800e900 to remote] DEBUG org.asynchttpclient.netty.request.NettyRequestSender - Using pooled Channel '[id: 0x0fd79672, L:/127.0.0.1:59225 - R:localhost/127.0.0.1:19691]' for 'POST' to 'http://localhost:19691/session/412c741e6f4f7ee9b149c7b74800e900/element/9330F8CD5D18F75156EB4FB715507178_element_64/value'
14:29:34.618 [Forwarding sendKeysToElement on session 412c741e6f4f7ee9b149c7b74800e900 to remote] DEBUG org.asynchttpclient.netty.request.NettyRequestSender - Using open Channel [id: 0x0fd79672, L:/127.0.0.1:59225 - R:localhost/127.0.0.1:19691] for POST '/session/412c741e6f4f7ee9b149c7b74800e900/element/9330F8CD5D18F75156EB4FB715507178_element_64/value'
14:29:34.764 [AsyncHttpClient-1-8] DEBUG org.asynchttpclient.netty.handler.HttpHandler - 

Request DefaultHttpRequest(decodeResult: success, version: HTTP/1.1)
POST /session/412c741e6f4f7ee9b149c7b74800e900/element/9330F8CD5D18F75156EB4FB715507178_element_64/value HTTP/1.1
User-Agent: selenium/4.8.1 (java windows)
Content-Length: 102
Content-Type: application/json; charset=utf-8
host: localhost:19691
accept: */*

Response DefaultHttpResponse(decodeResult: success, version: HTTP/1.1)
HTTP/1.1 200 OK
Content-Length: 14
Content-Type: application/json; charset=utf-8
cache-control: no-cache

14:29:34.768 [AsyncHttpClient-1-8] DEBUG org.asynchttpclient.netty.channel.ChannelManager - Adding key: http://localhost:19691 for channel [id: 0x0fd79672, L:/127.0.0.1:59225 - R:localhost/127.0.0.1:19691]
14:29:34.799 [Forwarding getAlertText on session 412c741e6f4f7ee9b149c7b74800e900 to remote] DEBUG org.asynchttpclient.netty.request.NettyRequestSender - Using pooled Channel '[id: 0x0fd79672, L:/127.0.0.1:59225 - R:localhost/127.0.0.1:19691]' for 'GET' to 'http://localhost:19691/session/412c741e6f4f7ee9b149c7b74800e900/alert/text'
14:29:34.799 [Forwarding getAlertText on session 412c741e6f4f7ee9b149c7b74800e900 to remote] DEBUG org.asynchttpclient.netty.request.NettyRequestSender - Using open Channel [id: 0x0fd79672, L:/127.0.0.1:59225 - R:localhost/127.0.0.1:19691] for GET '/session/412c741e6f4f7ee9b149c7b74800e900/alert/text'
14:29:34.843 [AsyncHttpClient-1-8] DEBUG org.asynchttpclient.netty.handler.HttpHandler - 

Request DefaultFullHttpRequest(decodeResult: success, version: HTTP/1.1, content: EmptyByteBufBE)
GET /session/412c741e6f4f7ee9b149c7b74800e900/alert/text HTTP/1.1
User-Agent: selenium/4.8.1 (java windows)
Cache-Control: no-cache
Content-Type: application/json; charset=utf-8
host: localhost:19691
accept: */*

Response DefaultHttpResponse(decodeResult: success, version: HTTP/1.1)
HTTP/1.1 404 Not Found
Content-Length: 821
Content-Type: application/json; charset=utf-8
cache-control: no-cache

14:29:34.843 [AsyncHttpClient-1-8] DEBUG org.asynchttpclient.netty.channel.ChannelManager - Adding key: http://localhost:19691 for channel [id: 0x0fd79672, L:/127.0.0.1:59225 - R:localhost/127.0.0.1:19691]
14:29:34.849 [Forwarding getCurrentUrl on session 412c741e6f4f7ee9b149c7b74800e900 to remote] DEBUG org.asynchttpclient.netty.request.NettyRequestSender - Using pooled Channel '[id: 0x0fd79672, L:/127.0.0.1:59225 - R:localhost/127.0.0.1:19691]' for 'GET' to 'http://localhost:19691/session/412c741e6f4f7ee9b149c7b74800e900/url'
14:29:34.849 [Forwarding getCurrentUrl on session 412c741e6f4f7ee9b149c7b74800e900 to remote] DEBUG org.asynchttpclient.netty.request.NettyRequestSender - Using open Channel [id: 0x0fd79672, L:/127.0.0.1:59225 - R:localhost/127.0.0.1:19691] for GET '/session/412c741e6f4f7ee9b149c7b74800e900/url'
14:29:35.082 [AsyncHttpClient-1-8] DEBUG org.asynchttpclient.netty.handler.HttpHandler - 

Request DefaultFullHttpRequest(decodeResult: success, version: HTTP/1.1, content: EmptyByteBufBE)
GET /session/412c741e6f4f7ee9b149c7b74800e900/url HTTP/1.1
User-Agent: selenium/4.8.1 (java windows)
Cache-Control: no-cache
Content-Type: application/json; charset=utf-8
host: localhost:19691
accept: */*

Response DefaultHttpResponse(decodeResult: success, version: HTTP/1.1)
HTTP/1.1 200 OK
Content-Length: 63
Content-Type: application/json; charset=utf-8
cache-control: no-cache

14:29:35.082 [AsyncHttpClient-1-8] DEBUG org.asynchttpclient.netty.channel.ChannelManager - Adding key: http://localhost:19691 for channel [id: 0x0fd79672, L:/127.0.0.1:59225 - R:localhost/127.0.0.1:19691]
14:29:35.088 [Forwarding screenshot on session 412c741e6f4f7ee9b149c7b74800e900 to remote] DEBUG org.asynchttpclient.netty.request.NettyRequestSender - Using pooled Channel '[id: 0x0fd79672, L:/127.0.0.1:59225 - R:localhost/127.0.0.1:19691]' for 'GET' to 'http://localhost:19691/session/412c741e6f4f7ee9b149c7b74800e900/screenshot'
14:29:35.088 [Forwarding screenshot on session 412c741e6f4f7ee9b149c7b74800e900 to remote] DEBUG org.asynchttpclient.netty.request.NettyRequestSender - Using open Channel [id: 0x0fd79672, L:/127.0.0.1:59225 - R:localhost/127.0.0.1:19691] for GET '/session/412c741e6f4f7ee9b149c7b74800e900/screenshot'
14:29:35.397 [AsyncHttpClient-1-1] DEBUG org.asynchttpclient.netty.channel.DefaultChannelPool - Entry count for : http://localhost:59226 : 1
14:29:35.420 [AsyncHttpClient-1-8] DEBUG org.asynchttpclient.netty.handler.HttpHandler - 

Request DefaultFullHttpRequest(decodeResult: success, version: HTTP/1.1, content: EmptyByteBufBE)
GET /session/412c741e6f4f7ee9b149c7b74800e900/screenshot HTTP/1.1
User-Agent: selenium/4.8.1 (java windows)
Cache-Control: no-cache
Content-Type: application/json; charset=utf-8
host: localhost:19691
accept: */*

Response DefaultHttpResponse(decodeResult: success, version: HTTP/1.1)
HTTP/1.1 200 OK
Content-Length: 71444
Content-Type: application/json; charset=utf-8
cache-control: no-cache

14:29:35.422 [AsyncHttpClient-1-8] DEBUG org.asynchttpclient.netty.channel.ChannelManager - Adding key: http://localhost:19691 for channel [id: 0x0fd79672, L:/127.0.0.1:59225 - R:localhost/127.0.0.1:19691]
14:29:35.430 [main] DEBUG net.serenitybdd.core.photography.Darkroom - Send negative for processing for target\site\serenity\b3e496a2b6a251742518cbb35518213d538dda0b1ba19184c87fdfbf934f5f4e.png
14:29:35.430 [main] DEBUG net.thucydides.core.steps.StepInterceptor - STEP DONE: Enter_the_contact_number
14:29:35.430 [Darkroom Processing Line] DEBUG net.serenitybdd.core.photography.DarkroomProcessingLine - Processing screenshot image in /var/screenshots/screenshot-4803164697048001783
14:29:35.430 [Darkroom Processing Line] DEBUG net.serenitybdd.core.photography.DarkroomProcessingLine - Saving screenshot to target\site\serenity\b3e496a2b6a251742518cbb35518213d538dda0b1ba19184c87fdfbf934f5f4e.png
14:29:35.461 [Forwarding getPageSource on session 412c741e6f4f7ee9b149c7b74800e900 to remote] DEBUG org.asynchttpclient.netty.request.NettyRequestSender - Using pooled Channel '[id: 0x0fd79672, L:/127.0.0.1:59225 - R:localhost/127.0.0.1:19691]' for 'POST' to 'http://localhost:19691/session/412c741e6f4f7ee9b149c7b74800e900/execute/sync'
14:29:35.461 [Forwarding getPageSource on session 412c741e6f4f7ee9b149c7b74800e900 to remote] DEBUG org.asynchttpclient.netty.request.NettyRequestSender - Using open Channel [id: 0x0fd79672, L:/127.0.0.1:59225 - R:localhost/127.0.0.1:19691] for POST '/session/412c741e6f4f7ee9b149c7b74800e900/execute/sync'
14:29:35.504 [AsyncHttpClient-1-8] DEBUG org.asynchttpclient.netty.handler.HttpHandler - 

Request DefaultHttpRequest(decodeResult: success, version: HTTP/1.1)
POST /session/412c741e6f4f7ee9b149c7b74800e900/execute/sync HTTP/1.1
User-Agent: selenium/4.8.1 (java windows)
Content-Length: 176
Content-Type: application/json; charset=utf-8
host: localhost:19691
accept: */*

Response DefaultHttpResponse(decodeResult: success, version: HTTP/1.1)
HTTP/1.1 200 OK
Content-Length: 44475
Content-Type: application/json; charset=utf-8
cache-control: no-cache

14:29:35.504 [AsyncHttpClient-1-8] DEBUG org.asynchttpclient.netty.channel.ChannelManager - Adding key: http://localhost:19691 for channel [id: 0x0fd79672, L:/127.0.0.1:59225 - R:localhost/127.0.0.1:19691]
14:29:35.515 [Forwarding getCurrentUrl on session 412c741e6f4f7ee9b149c7b74800e900 to remote] DEBUG org.asynchttpclient.netty.request.NettyRequestSender - Using pooled Channel '[id: 0x0fd79672, L:/127.0.0.1:59225 - R:localhost/127.0.0.1:19691]' for 'GET' to 'http://localhost:19691/session/412c741e6f4f7ee9b149c7b74800e900/url'
14:29:35.515 [Forwarding getCurrentUrl on session 412c741e6f4f7ee9b149c7b74800e900 to remote] DEBUG org.asynchttpclient.netty.request.NettyRequestSender - Using open Channel [id: 0x0fd79672, L:/127.0.0.1:59225 - R:localhost/127.0.0.1:19691] for GET '/session/412c741e6f4f7ee9b149c7b74800e900/url'
14:29:35.540 [AsyncHttpClient-1-8] DEBUG org.asynchttpclient.netty.handler.HttpHandler - 

Request DefaultFullHttpRequest(decodeResult: success, version: HTTP/1.1, content: EmptyByteBufBE)
GET /session/412c741e6f4f7ee9b149c7b74800e900/url HTTP/1.1
User-Agent: selenium/4.8.1 (java windows)
Cache-Control: no-cache
Content-Type: application/json; charset=utf-8
host: localhost:19691
accept: */*

Response DefaultHttpResponse(decodeResult: success, version: HTTP/1.1)
HTTP/1.1 200 OK
Content-Length: 63
Content-Type: application/json; charset=utf-8
cache-control: no-cache

14:29:35.540 [AsyncHttpClient-1-8] DEBUG org.asynchttpclient.netty.channel.ChannelManager - Adding key: http://localhost:19691 for channel [id: 0x0fd79672, L:/127.0.0.1:59225 - R:localhost/127.0.0.1:19691]
14:29:35.569 [Forwarding getAlertText on session 412c741e6f4f7ee9b149c7b74800e900 to remote] DEBUG org.asynchttpclient.netty.request.NettyRequestSender - Using pooled Channel '[id: 0x0fd79672, L:/127.0.0.1:59225 - R:localhost/127.0.0.1:19691]' for 'GET' to 'http://localhost:19691/session/412c741e6f4f7ee9b149c7b74800e900/alert/text'
14:29:35.569 [Forwarding getAlertText on session 412c741e6f4f7ee9b149c7b74800e900 to remote] DEBUG org.asynchttpclient.netty.request.NettyRequestSender - Using open Channel [id: 0x0fd79672, L:/127.0.0.1:59225 - R:localhost/127.0.0.1:19691] for GET '/session/412c741e6f4f7ee9b149c7b74800e900/alert/text'
14:29:35.578 [AsyncHttpClient-1-8] DEBUG org.asynchttpclient.netty.handler.HttpHandler - 

Request DefaultFullHttpRequest(decodeResult: success, version: HTTP/1.1, content: EmptyByteBufBE)
GET /session/412c741e6f4f7ee9b149c7b74800e900/alert/text HTTP/1.1
User-Agent: selenium/4.8.1 (java windows)
Cache-Control: no-cache
Content-Type: application/json; charset=utf-8
host: localhost:19691
accept: */*

Response DefaultHttpResponse(decodeResult: success, version: HTTP/1.1)
HTTP/1.1 404 Not Found
Content-Length: 821
Content-Type: application/json; charset=utf-8
cache-control: no-cache

14:29:35.578 [AsyncHttpClient-1-8] DEBUG org.asynchttpclient.netty.channel.ChannelManager - Adding key: http://localhost:19691 for channel [id: 0x0fd79672, L:/127.0.0.1:59225 - R:localhost/127.0.0.1:19691]
14:29:35.582 [Forwarding getCurrentUrl on session 412c741e6f4f7ee9b149c7b74800e900 to remote] DEBUG org.asynchttpclient.netty.request.NettyRequestSender - Using pooled Channel '[id: 0x0fd79672, L:/127.0.0.1:59225 - R:localhost/127.0.0.1:19691]' for 'GET' to 'http://localhost:19691/session/412c741e6f4f7ee9b149c7b74800e900/url'
14:29:35.582 [Forwarding getCurrentUrl on session 412c741e6f4f7ee9b149c7b74800e900 to remote] DEBUG org.asynchttpclient.netty.request.NettyRequestSender - Using open Channel [id: 0x0fd79672, L:/127.0.0.1:59225 - R:localhost/127.0.0.1:19691] for GET '/session/412c741e6f4f7ee9b149c7b74800e900/url'
14:29:35.618 [AsyncHttpClient-1-8] DEBUG org.asynchttpclient.netty.handler.HttpHandler - 

Request DefaultFullHttpRequest(decodeResult: success, version: HTTP/1.1, content: EmptyByteBufBE)
GET /session/412c741e6f4f7ee9b149c7b74800e900/url HTTP/1.1
User-Agent: selenium/4.8.1 (java windows)
Cache-Control: no-cache
Content-Type: application/json; charset=utf-8
host: localhost:19691
accept: */*

Response DefaultHttpResponse(decodeResult: success, version: HTTP/1.1)
HTTP/1.1 200 OK
Content-Length: 63
Content-Type: application/json; charset=utf-8
cache-control: no-cache

14:29:35.618 [AsyncHttpClient-1-8] DEBUG org.asynchttpclient.netty.channel.ChannelManager - Adding key: http://localhost:19691 for channel [id: 0x0fd79672, L:/127.0.0.1:59225 - R:localhost/127.0.0.1:19691]
14:29:35.618 [Forwarding screenshot on session 412c741e6f4f7ee9b149c7b74800e900 to remote] DEBUG org.asynchttpclient.netty.request.NettyRequestSender - Using pooled Channel '[id: 0x0fd79672, L:/127.0.0.1:59225 - R:localhost/127.0.0.1:19691]' for 'GET' to 'http://localhost:19691/session/412c741e6f4f7ee9b149c7b74800e900/screenshot'
14:29:35.618 [Forwarding screenshot on session 412c741e6f4f7ee9b149c7b74800e900 to remote] DEBUG org.asynchttpclient.netty.request.NettyRequestSender - Using open Channel [id: 0x0fd79672, L:/127.0.0.1:59225 - R:localhost/127.0.0.1:19691] for GET '/session/412c741e6f4f7ee9b149c7b74800e900/screenshot'
14:29:35.909 [AsyncHttpClient-1-8] DEBUG org.asynchttpclient.netty.handler.HttpHandler - 

Request DefaultFullHttpRequest(decodeResult: success, version: HTTP/1.1, content: EmptyByteBufBE)
GET /session/412c741e6f4f7ee9b149c7b74800e900/screenshot HTTP/1.1
User-Agent: selenium/4.8.1 (java windows)
Cache-Control: no-cache
Content-Type: application/json; charset=utf-8
host: localhost:19691
accept: */*

Response DefaultHttpResponse(decodeResult: success, version: HTTP/1.1)
HTTP/1.1 200 OK
Content-Length: 71436
Content-Type: application/json; charset=utf-8
cache-control: no-cache

14:29:35.909 [AsyncHttpClient-1-8] DEBUG org.asynchttpclient.netty.channel.ChannelManager - Adding key: http://localhost:19691 for channel [id: 0x0fd79672, L:/127.0.0.1:59225 - R:localhost/127.0.0.1:19691]
14:29:35.921 [main] DEBUG net.serenitybdd.core.photography.Darkroom - Send negative for processing for target\site\serenity\3c5cf5a1ad46a51e7c729a7d337c3688f244132ad6e9d514c946cb260d8df58c.png
14:29:35.924 [Darkroom Processing Line] DEBUG net.serenitybdd.core.photography.DarkroomProcessingLine - Processing screenshot image in /var/screenshots/screenshot-8583246659145005647
14:29:35.924 [Forwarding getPageSource on session 412c741e6f4f7ee9b149c7b74800e900 to remote] DEBUG org.asynchttpclient.netty.request.NettyRequestSender - Using pooled Channel '[id: 0x0fd79672, L:/127.0.0.1:59225 - R:localhost/127.0.0.1:19691]' for 'POST' to 'http://localhost:19691/session/412c741e6f4f7ee9b149c7b74800e900/execute/sync'
14:29:35.924 [Darkroom Processing Line] DEBUG net.serenitybdd.core.photography.DarkroomProcessingLine - Saving screenshot to target\site\serenity\3c5cf5a1ad46a51e7c729a7d337c3688f244132ad6e9d514c946cb260d8df58c.png
14:29:35.924 [Forwarding getPageSource on session 412c741e6f4f7ee9b149c7b74800e900 to remote] DEBUG org.asynchttpclient.netty.request.NettyRequestSender - Using open Channel [id: 0x0fd79672, L:/127.0.0.1:59225 - R:localhost/127.0.0.1:19691] for POST '/session/412c741e6f4f7ee9b149c7b74800e900/execute/sync'
14:29:35.966 [AsyncHttpClient-1-8] DEBUG org.asynchttpclient.netty.handler.HttpHandler - 

Request DefaultHttpRequest(decodeResult: success, version: HTTP/1.1)
POST /session/412c741e6f4f7ee9b149c7b74800e900/execute/sync HTTP/1.1
User-Agent: selenium/4.8.1 (java windows)
Content-Length: 176
Content-Type: application/json; charset=utf-8
host: localhost:19691
accept: */*

Response DefaultHttpResponse(decodeResult: success, version: HTTP/1.1)
HTTP/1.1 200 OK
Content-Length: 44475
Content-Type: application/json; charset=utf-8
cache-control: no-cache

14:29:35.966 [AsyncHttpClient-1-8] DEBUG org.asynchttpclient.netty.channel.ChannelManager - Adding key: http://localhost:19691 for channel [id: 0x0fd79672, L:/127.0.0.1:59225 - R:localhost/127.0.0.1:19691]
14:29:35.974 [Forwarding getCurrentUrl on session 412c741e6f4f7ee9b149c7b74800e900 to remote] DEBUG org.asynchttpclient.netty.request.NettyRequestSender - Using pooled Channel '[id: 0x0fd79672, L:/127.0.0.1:59225 - R:localhost/127.0.0.1:19691]' for 'GET' to 'http://localhost:19691/session/412c741e6f4f7ee9b149c7b74800e900/url'
14:29:35.974 [Forwarding getCurrentUrl on session 412c741e6f4f7ee9b149c7b74800e900 to remote] DEBUG org.asynchttpclient.netty.request.NettyRequestSender - Using open Channel [id: 0x0fd79672, L:/127.0.0.1:59225 - R:localhost/127.0.0.1:19691] for GET '/session/412c741e6f4f7ee9b149c7b74800e900/url'
14:29:35.992 [AsyncHttpClient-1-8] DEBUG org.asynchttpclient.netty.handler.HttpHandler - 

Request DefaultFullHttpRequest(decodeResult: success, version: HTTP/1.1, content: EmptyByteBufBE)
GET /session/412c741e6f4f7ee9b149c7b74800e900/url HTTP/1.1
User-Agent: selenium/4.8.1 (java windows)
Cache-Control: no-cache
Content-Type: application/json; charset=utf-8
host: localhost:19691
accept: */*

Response DefaultHttpResponse(decodeResult: success, version: HTTP/1.1)
HTTP/1.1 200 OK
Content-Length: 63
Content-Type: application/json; charset=utf-8
cache-control: no-cache

14:29:35.992 [AsyncHttpClient-1-8] DEBUG org.asynchttpclient.netty.channel.ChannelManager - Adding key: http://localhost:19691 for channel [id: 0x0fd79672, L:/127.0.0.1:59225 - R:localhost/127.0.0.1:19691]
14:29:35.995 [main] DEBUG net.thucydides.core.steps.StepInterceptor - STARTING STEP: Afrexim_Signup_steps.enter_the_additional_number - Enter_additional_contact
14:29:36.006 [Forwarding findElement on session 412c741e6f4f7ee9b149c7b74800e900 to remote] DEBUG org.asynchttpclient.netty.request.NettyRequestSender - Using pooled Channel '[id: 0x0fd79672, L:/127.0.0.1:59225 - R:localhost/127.0.0.1:19691]' for 'POST' to 'http://localhost:19691/session/412c741e6f4f7ee9b149c7b74800e900/element'
14:29:36.006 [Forwarding findElement on session 412c741e6f4f7ee9b149c7b74800e900 to remote] DEBUG org.asynchttpclient.netty.request.NettyRequestSender - Using open Channel [id: 0x0fd79672, L:/127.0.0.1:59225 - R:localhost/127.0.0.1:19691] for POST '/session/412c741e6f4f7ee9b149c7b74800e900/element'
14:29:36.050 [AsyncHttpClient-1-8] DEBUG org.asynchttpclient.netty.handler.HttpHandler - 

Request DefaultHttpRequest(decodeResult: success, version: HTTP/1.1)
POST /session/412c741e6f4f7ee9b149c7b74800e900/element HTTP/1.1
User-Agent: selenium/4.8.1 (java windows)
Content-Length: 85
Content-Type: application/json; charset=utf-8
host: localhost:19691
accept: */*

Response DefaultHttpResponse(decodeResult: success, version: HTTP/1.1)
HTTP/1.1 200 OK
Content-Length: 95
Content-Type: application/json; charset=utf-8
cache-control: no-cache

14:29:36.050 [AsyncHttpClient-1-8] DEBUG org.asynchttpclient.netty.channel.ChannelManager - Adding key: http://localhost:19691 for channel [id: 0x0fd79672, L:/127.0.0.1:59225 - R:localhost/127.0.0.1:19691]
14:29:36.055 [Forwarding clearElement on session 412c741e6f4f7ee9b149c7b74800e900 to remote] DEBUG org.asynchttpclient.netty.request.NettyRequestSender - Using pooled Channel '[id: 0x0fd79672, L:/127.0.0.1:59225 - R:localhost/127.0.0.1:19691]' for 'POST' to 'http://localhost:19691/session/412c741e6f4f7ee9b149c7b74800e900/element/9330F8CD5D18F75156EB4FB715507178_element_65/clear'
14:29:36.055 [Forwarding clearElement on session 412c741e6f4f7ee9b149c7b74800e900 to remote] DEBUG org.asynchttpclient.netty.request.NettyRequestSender - Using open Channel [id: 0x0fd79672, L:/127.0.0.1:59225 - R:localhost/127.0.0.1:19691] for POST '/session/412c741e6f4f7ee9b149c7b74800e900/element/9330F8CD5D18F75156EB4FB715507178_element_65/clear'
14:29:36.149 [AsyncHttpClient-1-8] DEBUG org.asynchttpclient.netty.handler.HttpHandler - 

Request DefaultHttpRequest(decodeResult: success, version: HTTP/1.1)
POST /session/412c741e6f4f7ee9b149c7b74800e900/element/9330F8CD5D18F75156EB4FB715507178_element_65/clear HTTP/1.1
User-Agent: selenium/4.8.1 (java windows)
Content-Length: 57
Content-Type: application/json; charset=utf-8
host: localhost:19691
accept: */*

Response DefaultHttpResponse(decodeResult: success, version: HTTP/1.1)
HTTP/1.1 200 OK
Content-Length: 14
Content-Type: application/json; charset=utf-8
cache-control: no-cache

14:29:36.149 [AsyncHttpClient-1-8] DEBUG org.asynchttpclient.netty.channel.ChannelManager - Adding key: http://localhost:19691 for channel [id: 0x0fd79672, L:/127.0.0.1:59225 - R:localhost/127.0.0.1:19691]
14:29:36.154 [Forwarding sendKeysToElement on session 412c741e6f4f7ee9b149c7b74800e900 to remote] DEBUG org.asynchttpclient.netty.request.NettyRequestSender - Using pooled Channel '[id: 0x0fd79672, L:/127.0.0.1:59225 - R:localhost/127.0.0.1:19691]' for 'POST' to 'http://localhost:19691/session/412c741e6f4f7ee9b149c7b74800e900/element/9330F8CD5D18F75156EB4FB715507178_element_65/value'
14:29:36.154 [Forwarding sendKeysToElement on session 412c741e6f4f7ee9b149c7b74800e900 to remote] DEBUG org.asynchttpclient.netty.request.NettyRequestSender - Using open Channel [id: 0x0fd79672, L:/127.0.0.1:59225 - R:localhost/127.0.0.1:19691] for POST '/session/412c741e6f4f7ee9b149c7b74800e900/element/9330F8CD5D18F75156EB4FB715507178_element_65/value'
14:29:36.489 [AsyncHttpClient-1-1] DEBUG org.asynchttpclient.netty.channel.DefaultChannelPool - Entry count for : http://localhost:59226 : 1
14:29:36.968 [AsyncHttpClient-1-8] DEBUG org.asynchttpclient.netty.handler.HttpHandler - 

Request DefaultHttpRequest(decodeResult: success, version: HTTP/1.1)
POST /session/412c741e6f4f7ee9b149c7b74800e900/element/9330F8CD5D18F75156EB4FB715507178_element_65/value HTTP/1.1
User-Agent: selenium/4.8.1 (java windows)
Content-Length: 198
Content-Type: application/json; charset=utf-8
host: localhost:19691
accept: */*

Response DefaultHttpResponse(decodeResult: success, version: HTTP/1.1)
HTTP/1.1 200 OK
Content-Length: 14
Content-Type: application/json; charset=utf-8
cache-control: no-cache

14:29:36.968 [AsyncHttpClient-1-8] DEBUG org.asynchttpclient.netty.channel.ChannelManager - Adding key: http://localhost:19691 for channel [id: 0x0fd79672, L:/127.0.0.1:59225 - R:localhost/127.0.0.1:19691]
14:29:36.975 [Forwarding sendKeysToElement on session 412c741e6f4f7ee9b149c7b74800e900 to remote] DEBUG org.asynchttpclient.netty.request.NettyRequestSender - Using pooled Channel '[id: 0x0fd79672, L:/127.0.0.1:59225 - R:localhost/127.0.0.1:19691]' for 'POST' to 'http://localhost:19691/session/412c741e6f4f7ee9b149c7b74800e900/element/9330F8CD5D18F75156EB4FB715507178_element_65/value'
14:29:36.975 [Forwarding sendKeysToElement on session 412c741e6f4f7ee9b149c7b74800e900 to remote] DEBUG org.asynchttpclient.netty.request.NettyRequestSender - Using open Channel [id: 0x0fd79672, L:/127.0.0.1:59225 - R:localhost/127.0.0.1:19691] for POST '/session/412c741e6f4f7ee9b149c7b74800e900/element/9330F8CD5D18F75156EB4FB715507178_element_65/value'
14:29:37.100 [AsyncHttpClient-1-8] DEBUG org.asynchttpclient.netty.handler.HttpHandler - 

Request DefaultHttpRequest(decodeResult: success, version: HTTP/1.1)
POST /session/412c741e6f4f7ee9b149c7b74800e900/element/9330F8CD5D18F75156EB4FB715507178_element_65/value HTTP/1.1
User-Agent: selenium/4.8.1 (java windows)
Content-Length: 102
Content-Type: application/json; charset=utf-8
host: localhost:19691
accept: */*

Response DefaultHttpResponse(decodeResult: success, version: HTTP/1.1)
HTTP/1.1 200 OK
Content-Length: 14
Content-Type: application/json; charset=utf-8
cache-control: no-cache

14:29:37.100 [AsyncHttpClient-1-8] DEBUG org.asynchttpclient.netty.channel.ChannelManager - Adding key: http://localhost:19691 for channel [id: 0x0fd79672, L:/127.0.0.1:59225 - R:localhost/127.0.0.1:19691]
14:29:37.127 [Forwarding getAlertText on session 412c741e6f4f7ee9b149c7b74800e900 to remote] DEBUG org.asynchttpclient.netty.request.NettyRequestSender - Using pooled Channel '[id: 0x0fd79672, L:/127.0.0.1:59225 - R:localhost/127.0.0.1:19691]' for 'GET' to 'http://localhost:19691/session/412c741e6f4f7ee9b149c7b74800e900/alert/text'
14:29:37.127 [Forwarding getAlertText on session 412c741e6f4f7ee9b149c7b74800e900 to remote] DEBUG org.asynchttpclient.netty.request.NettyRequestSender - Using open Channel [id: 0x0fd79672, L:/127.0.0.1:59225 - R:localhost/127.0.0.1:19691] for GET '/session/412c741e6f4f7ee9b149c7b74800e900/alert/text'
14:29:37.141 [AsyncHttpClient-1-8] DEBUG org.asynchttpclient.netty.handler.HttpHandler - 

Request DefaultFullHttpRequest(decodeResult: success, version: HTTP/1.1, content: EmptyByteBufBE)
GET /session/412c741e6f4f7ee9b149c7b74800e900/alert/text HTTP/1.1
User-Agent: selenium/4.8.1 (java windows)
Cache-Control: no-cache
Content-Type: application/json; charset=utf-8
host: localhost:19691
accept: */*

Response DefaultHttpResponse(decodeResult: success, version: HTTP/1.1)
HTTP/1.1 404 Not Found
Content-Length: 821
Content-Type: application/json; charset=utf-8
cache-control: no-cache

14:29:37.141 [AsyncHttpClient-1-8] DEBUG org.asynchttpclient.netty.channel.ChannelManager - Adding key: http://localhost:19691 for channel [id: 0x0fd79672, L:/127.0.0.1:59225 - R:localhost/127.0.0.1:19691]
14:29:37.143 [Forwarding getCurrentUrl on session 412c741e6f4f7ee9b149c7b74800e900 to remote] DEBUG org.asynchttpclient.netty.request.NettyRequestSender - Using pooled Channel '[id: 0x0fd79672, L:/127.0.0.1:59225 - R:localhost/127.0.0.1:19691]' for 'GET' to 'http://localhost:19691/session/412c741e6f4f7ee9b149c7b74800e900/url'
14:29:37.143 [Forwarding getCurrentUrl on session 412c741e6f4f7ee9b149c7b74800e900 to remote] DEBUG org.asynchttpclient.netty.request.NettyRequestSender - Using open Channel [id: 0x0fd79672, L:/127.0.0.1:59225 - R:localhost/127.0.0.1:19691] for GET '/session/412c741e6f4f7ee9b149c7b74800e900/url'
14:29:37.183 [AsyncHttpClient-1-8] DEBUG org.asynchttpclient.netty.handler.HttpHandler - 

Request DefaultFullHttpRequest(decodeResult: success, version: HTTP/1.1, content: EmptyByteBufBE)
GET /session/412c741e6f4f7ee9b149c7b74800e900/url HTTP/1.1
User-Agent: selenium/4.8.1 (java windows)
Cache-Control: no-cache
Content-Type: application/json; charset=utf-8
host: localhost:19691
accept: */*

Response DefaultHttpResponse(decodeResult: success, version: HTTP/1.1)
HTTP/1.1 200 OK
Content-Length: 63
Content-Type: application/json; charset=utf-8
cache-control: no-cache

14:29:37.183 [AsyncHttpClient-1-8] DEBUG org.asynchttpclient.netty.channel.ChannelManager - Adding key: http://localhost:19691 for channel [id: 0x0fd79672, L:/127.0.0.1:59225 - R:localhost/127.0.0.1:19691]
14:29:37.188 [Forwarding screenshot on session 412c741e6f4f7ee9b149c7b74800e900 to remote] DEBUG org.asynchttpclient.netty.request.NettyRequestSender - Using pooled Channel '[id: 0x0fd79672, L:/127.0.0.1:59225 - R:localhost/127.0.0.1:19691]' for 'GET' to 'http://localhost:19691/session/412c741e6f4f7ee9b149c7b74800e900/screenshot'
14:29:37.188 [Forwarding screenshot on session 412c741e6f4f7ee9b149c7b74800e900 to remote] DEBUG org.asynchttpclient.netty.request.NettyRequestSender - Using open Channel [id: 0x0fd79672, L:/127.0.0.1:59225 - R:localhost/127.0.0.1:19691] for GET '/session/412c741e6f4f7ee9b149c7b74800e900/screenshot'
14:29:37.513 [AsyncHttpClient-1-8] DEBUG org.asynchttpclient.netty.handler.HttpHandler - 

Request DefaultFullHttpRequest(decodeResult: success, version: HTTP/1.1, content: EmptyByteBufBE)
GET /session/412c741e6f4f7ee9b149c7b74800e900/screenshot HTTP/1.1
User-Agent: selenium/4.8.1 (java windows)
Cache-Control: no-cache
Content-Type: application/json; charset=utf-8
host: localhost:19691
accept: */*

Response DefaultHttpResponse(decodeResult: success, version: HTTP/1.1)
HTTP/1.1 200 OK
Content-Length: 71180
Content-Type: application/json; charset=utf-8
cache-control: no-cache

14:29:37.513 [AsyncHttpClient-1-8] DEBUG org.asynchttpclient.netty.channel.ChannelManager - Adding key: http://localhost:19691 for channel [id: 0x0fd79672, L:/127.0.0.1:59225 - R:localhost/127.0.0.1:19691]
14:29:37.522 [main] DEBUG net.serenitybdd.core.photography.Darkroom - Send negative for processing for target\site\serenity\edc737a01f0d3db1d5f887e3622989370bbfe484c761405daf5e3c41f0adb9b0.png
14:29:37.522 [main] DEBUG net.thucydides.core.steps.StepInterceptor - STEP DONE: Enter_additional_contact
14:29:37.522 [Darkroom Processing Line] DEBUG net.serenitybdd.core.photography.DarkroomProcessingLine - Processing screenshot image in /var/screenshots/screenshot-8470108065630750749
14:29:37.522 [Darkroom Processing Line] DEBUG net.serenitybdd.core.photography.DarkroomProcessingLine - Saving screenshot to target\site\serenity\edc737a01f0d3db1d5f887e3622989370bbfe484c761405daf5e3c41f0adb9b0.png
14:29:37.542 [Forwarding getPageSource on session 412c741e6f4f7ee9b149c7b74800e900 to remote] DEBUG org.asynchttpclient.netty.request.NettyRequestSender - Using pooled Channel '[id: 0x0fd79672, L:/127.0.0.1:59225 - R:localhost/127.0.0.1:19691]' for 'POST' to 'http://localhost:19691/session/412c741e6f4f7ee9b149c7b74800e900/execute/sync'
14:29:37.542 [Forwarding getPageSource on session 412c741e6f4f7ee9b149c7b74800e900 to remote] DEBUG org.asynchttpclient.netty.request.NettyRequestSender - Using open Channel [id: 0x0fd79672, L:/127.0.0.1:59225 - R:localhost/127.0.0.1:19691] for POST '/session/412c741e6f4f7ee9b149c7b74800e900/execute/sync'
14:29:37.591 [AsyncHttpClient-1-1] DEBUG org.asynchttpclient.netty.channel.DefaultChannelPool - Entry count for : http://localhost:59226 : 1
14:29:37.596 [AsyncHttpClient-1-8] DEBUG org.asynchttpclient.netty.handler.HttpHandler - 

Request DefaultHttpRequest(decodeResult: success, version: HTTP/1.1)
POST /session/412c741e6f4f7ee9b149c7b74800e900/execute/sync HTTP/1.1
User-Agent: selenium/4.8.1 (java windows)
Content-Length: 176
Content-Type: application/json; charset=utf-8
host: localhost:19691
accept: */*

Response DefaultHttpResponse(decodeResult: success, version: HTTP/1.1)
HTTP/1.1 200 OK
Content-Length: 44486
Content-Type: application/json; charset=utf-8
cache-control: no-cache

14:29:37.596 [AsyncHttpClient-1-8] DEBUG org.asynchttpclient.netty.channel.ChannelManager - Adding key: http://localhost:19691 for channel [id: 0x0fd79672, L:/127.0.0.1:59225 - R:localhost/127.0.0.1:19691]
14:29:37.605 [Forwarding getCurrentUrl on session 412c741e6f4f7ee9b149c7b74800e900 to remote] DEBUG org.asynchttpclient.netty.request.NettyRequestSender - Using pooled Channel '[id: 0x0fd79672, L:/127.0.0.1:59225 - R:localhost/127.0.0.1:19691]' for 'GET' to 'http://localhost:19691/session/412c741e6f4f7ee9b149c7b74800e900/url'
14:29:37.605 [Forwarding getCurrentUrl on session 412c741e6f4f7ee9b149c7b74800e900 to remote] DEBUG org.asynchttpclient.netty.request.NettyRequestSender - Using open Channel [id: 0x0fd79672, L:/127.0.0.1:59225 - R:localhost/127.0.0.1:19691] for GET '/session/412c741e6f4f7ee9b149c7b74800e900/url'
14:29:37.642 [AsyncHttpClient-1-8] DEBUG org.asynchttpclient.netty.handler.HttpHandler - 

Request DefaultFullHttpRequest(decodeResult: success, version: HTTP/1.1, content: EmptyByteBufBE)
GET /session/412c741e6f4f7ee9b149c7b74800e900/url HTTP/1.1
User-Agent: selenium/4.8.1 (java windows)
Cache-Control: no-cache
Content-Type: application/json; charset=utf-8
host: localhost:19691
accept: */*

Response DefaultHttpResponse(decodeResult: success, version: HTTP/1.1)
HTTP/1.1 200 OK
Content-Length: 63
Content-Type: application/json; charset=utf-8
cache-control: no-cache

14:29:37.642 [AsyncHttpClient-1-8] DEBUG org.asynchttpclient.netty.channel.ChannelManager - Adding key: http://localhost:19691 for channel [id: 0x0fd79672, L:/127.0.0.1:59225 - R:localhost/127.0.0.1:19691]
14:29:37.669 [Forwarding getAlertText on session 412c741e6f4f7ee9b149c7b74800e900 to remote] DEBUG org.asynchttpclient.netty.request.NettyRequestSender - Using pooled Channel '[id: 0x0fd79672, L:/127.0.0.1:59225 - R:localhost/127.0.0.1:19691]' for 'GET' to 'http://localhost:19691/session/412c741e6f4f7ee9b149c7b74800e900/alert/text'
14:29:37.669 [Forwarding getAlertText on session 412c741e6f4f7ee9b149c7b74800e900 to remote] DEBUG org.asynchttpclient.netty.request.NettyRequestSender - Using open Channel [id: 0x0fd79672, L:/127.0.0.1:59225 - R:localhost/127.0.0.1:19691] for GET '/session/412c741e6f4f7ee9b149c7b74800e900/alert/text'
14:29:37.681 [AsyncHttpClient-1-8] DEBUG org.asynchttpclient.netty.handler.HttpHandler - 

Request DefaultFullHttpRequest(decodeResult: success, version: HTTP/1.1, content: EmptyByteBufBE)
GET /session/412c741e6f4f7ee9b149c7b74800e900/alert/text HTTP/1.1
User-Agent: selenium/4.8.1 (java windows)
Cache-Control: no-cache
Content-Type: application/json; charset=utf-8
host: localhost:19691
accept: */*

Response DefaultHttpResponse(decodeResult: success, version: HTTP/1.1)
HTTP/1.1 404 Not Found
Content-Length: 821
Content-Type: application/json; charset=utf-8
cache-control: no-cache

14:29:37.681 [AsyncHttpClient-1-8] DEBUG org.asynchttpclient.netty.channel.ChannelManager - Adding key: http://localhost:19691 for channel [id: 0x0fd79672, L:/127.0.0.1:59225 - R:localhost/127.0.0.1:19691]
14:29:37.681 [Forwarding getCurrentUrl on session 412c741e6f4f7ee9b149c7b74800e900 to remote] DEBUG org.asynchttpclient.netty.request.NettyRequestSender - Using pooled Channel '[id: 0x0fd79672, L:/127.0.0.1:59225 - R:localhost/127.0.0.1:19691]' for 'GET' to 'http://localhost:19691/session/412c741e6f4f7ee9b149c7b74800e900/url'
14:29:37.681 [Forwarding getCurrentUrl on session 412c741e6f4f7ee9b149c7b74800e900 to remote] DEBUG org.asynchttpclient.netty.request.NettyRequestSender - Using open Channel [id: 0x0fd79672, L:/127.0.0.1:59225 - R:localhost/127.0.0.1:19691] for GET '/session/412c741e6f4f7ee9b149c7b74800e900/url'
14:29:37.707 [AsyncHttpClient-1-8] DEBUG org.asynchttpclient.netty.handler.HttpHandler - 

Request DefaultFullHttpRequest(decodeResult: success, version: HTTP/1.1, content: EmptyByteBufBE)
GET /session/412c741e6f4f7ee9b149c7b74800e900/url HTTP/1.1
User-Agent: selenium/4.8.1 (java windows)
Cache-Control: no-cache
Content-Type: application/json; charset=utf-8
host: localhost:19691
accept: */*

Response DefaultHttpResponse(decodeResult: success, version: HTTP/1.1)
HTTP/1.1 200 OK
Content-Length: 63
Content-Type: application/json; charset=utf-8
cache-control: no-cache

14:29:37.707 [AsyncHttpClient-1-8] DEBUG org.asynchttpclient.netty.channel.ChannelManager - Adding key: http://localhost:19691 for channel [id: 0x0fd79672, L:/127.0.0.1:59225 - R:localhost/127.0.0.1:19691]
14:29:37.707 [Forwarding screenshot on session 412c741e6f4f7ee9b149c7b74800e900 to remote] DEBUG org.asynchttpclient.netty.request.NettyRequestSender - Using pooled Channel '[id: 0x0fd79672, L:/127.0.0.1:59225 - R:localhost/127.0.0.1:19691]' for 'GET' to 'http://localhost:19691/session/412c741e6f4f7ee9b149c7b74800e900/screenshot'
14:29:37.707 [Forwarding screenshot on session 412c741e6f4f7ee9b149c7b74800e900 to remote] DEBUG org.asynchttpclient.netty.request.NettyRequestSender - Using open Channel [id: 0x0fd79672, L:/127.0.0.1:59225 - R:localhost/127.0.0.1:19691] for GET '/session/412c741e6f4f7ee9b149c7b74800e900/screenshot'
14:29:37.989 [AsyncHttpClient-1-8] DEBUG org.asynchttpclient.netty.handler.HttpHandler - 

Request DefaultFullHttpRequest(decodeResult: success, version: HTTP/1.1, content: EmptyByteBufBE)
GET /session/412c741e6f4f7ee9b149c7b74800e900/screenshot HTTP/1.1
User-Agent: selenium/4.8.1 (java windows)
Cache-Control: no-cache
Content-Type: application/json; charset=utf-8
host: localhost:19691
accept: */*

Response DefaultHttpResponse(decodeResult: success, version: HTTP/1.1)
HTTP/1.1 200 OK
Content-Length: 70860
Content-Type: application/json; charset=utf-8
cache-control: no-cache

14:29:37.994 [AsyncHttpClient-1-8] DEBUG org.asynchttpclient.netty.channel.ChannelManager - Adding key: http://localhost:19691 for channel [id: 0x0fd79672, L:/127.0.0.1:59225 - R:localhost/127.0.0.1:19691]
14:29:38.000 [main] DEBUG net.serenitybdd.core.photography.Darkroom - Send negative for processing for target\site\serenity\f5ed32e4e607fe4b0df3b93c42c9dba3e41d41e24c2e34e2a541d8f5e407b95d.png
14:29:38.000 [Darkroom Processing Line] DEBUG net.serenitybdd.core.photography.DarkroomProcessingLine - Processing screenshot image in /var/screenshots/screenshot-3517430187986933034
14:29:38.000 [Darkroom Processing Line] DEBUG net.serenitybdd.core.photography.DarkroomProcessingLine - Saving screenshot to target\site\serenity\f5ed32e4e607fe4b0df3b93c42c9dba3e41d41e24c2e34e2a541d8f5e407b95d.png
14:29:38.002 [Forwarding getPageSource on session 412c741e6f4f7ee9b149c7b74800e900 to remote] DEBUG org.asynchttpclient.netty.request.NettyRequestSender - Using pooled Channel '[id: 0x0fd79672, L:/127.0.0.1:59225 - R:localhost/127.0.0.1:19691]' for 'POST' to 'http://localhost:19691/session/412c741e6f4f7ee9b149c7b74800e900/execute/sync'
14:29:38.002 [Forwarding getPageSource on session 412c741e6f4f7ee9b149c7b74800e900 to remote] DEBUG org.asynchttpclient.netty.request.NettyRequestSender - Using open Channel [id: 0x0fd79672, L:/127.0.0.1:59225 - R:localhost/127.0.0.1:19691] for POST '/session/412c741e6f4f7ee9b149c7b74800e900/execute/sync'
14:29:38.052 [AsyncHttpClient-1-8] DEBUG org.asynchttpclient.netty.handler.HttpHandler - 

Request DefaultHttpRequest(decodeResult: success, version: HTTP/1.1)
POST /session/412c741e6f4f7ee9b149c7b74800e900/execute/sync HTTP/1.1
User-Agent: selenium/4.8.1 (java windows)
Content-Length: 176
Content-Type: application/json; charset=utf-8
host: localhost:19691
accept: */*

Response DefaultHttpResponse(decodeResult: success, version: HTTP/1.1)
HTTP/1.1 200 OK
Content-Length: 44486
Content-Type: application/json; charset=utf-8
cache-control: no-cache

14:29:38.053 [AsyncHttpClient-1-8] DEBUG org.asynchttpclient.netty.channel.ChannelManager - Adding key: http://localhost:19691 for channel [id: 0x0fd79672, L:/127.0.0.1:59225 - R:localhost/127.0.0.1:19691]
14:29:38.065 [Forwarding getCurrentUrl on session 412c741e6f4f7ee9b149c7b74800e900 to remote] DEBUG org.asynchttpclient.netty.request.NettyRequestSender - Using pooled Channel '[id: 0x0fd79672, L:/127.0.0.1:59225 - R:localhost/127.0.0.1:19691]' for 'GET' to 'http://localhost:19691/session/412c741e6f4f7ee9b149c7b74800e900/url'
14:29:38.065 [Forwarding getCurrentUrl on session 412c741e6f4f7ee9b149c7b74800e900 to remote] DEBUG org.asynchttpclient.netty.request.NettyRequestSender - Using open Channel [id: 0x0fd79672, L:/127.0.0.1:59225 - R:localhost/127.0.0.1:19691] for GET '/session/412c741e6f4f7ee9b149c7b74800e900/url'
14:29:38.085 [AsyncHttpClient-1-8] DEBUG org.asynchttpclient.netty.handler.HttpHandler - 

Request DefaultFullHttpRequest(decodeResult: success, version: HTTP/1.1, content: EmptyByteBufBE)
GET /session/412c741e6f4f7ee9b149c7b74800e900/url HTTP/1.1
User-Agent: selenium/4.8.1 (java windows)
Cache-Control: no-cache
Content-Type: application/json; charset=utf-8
host: localhost:19691
accept: */*

Response DefaultHttpResponse(decodeResult: success, version: HTTP/1.1)
HTTP/1.1 200 OK
Content-Length: 63
Content-Type: application/json; charset=utf-8
cache-control: no-cache

14:29:38.085 [AsyncHttpClient-1-8] DEBUG org.asynchttpclient.netty.channel.ChannelManager - Adding key: http://localhost:19691 for channel [id: 0x0fd79672, L:/127.0.0.1:59225 - R:localhost/127.0.0.1:19691]
14:29:38.090 [main] DEBUG net.thucydides.core.steps.StepInterceptor - STARTING STEP: Afrexim_Signup_steps.enter_the_contact_email - Enter_email_address
14:29:38.096 [Forwarding findElement on session 412c741e6f4f7ee9b149c7b74800e900 to remote] DEBUG org.asynchttpclient.netty.request.NettyRequestSender - Using pooled Channel '[id: 0x0fd79672, L:/127.0.0.1:59225 - R:localhost/127.0.0.1:19691]' for 'POST' to 'http://localhost:19691/session/412c741e6f4f7ee9b149c7b74800e900/element'
14:29:38.096 [Forwarding findElement on session 412c741e6f4f7ee9b149c7b74800e900 to remote] DEBUG org.asynchttpclient.netty.request.NettyRequestSender - Using open Channel [id: 0x0fd79672, L:/127.0.0.1:59225 - R:localhost/127.0.0.1:19691] for POST '/session/412c741e6f4f7ee9b149c7b74800e900/element'
14:29:38.139 [AsyncHttpClient-1-8] DEBUG org.asynchttpclient.netty.handler.HttpHandler - 

Request DefaultHttpRequest(decodeResult: success, version: HTTP/1.1)
POST /session/412c741e6f4f7ee9b149c7b74800e900/element HTTP/1.1
User-Agent: selenium/4.8.1 (java windows)
Content-Length: 85
Content-Type: application/json; charset=utf-8
host: localhost:19691
accept: */*

Response DefaultHttpResponse(decodeResult: success, version: HTTP/1.1)
HTTP/1.1 200 OK
Content-Length: 95
Content-Type: application/json; charset=utf-8
cache-control: no-cache

14:29:38.139 [AsyncHttpClient-1-8] DEBUG org.asynchttpclient.netty.channel.ChannelManager - Adding key: http://localhost:19691 for channel [id: 0x0fd79672, L:/127.0.0.1:59225 - R:localhost/127.0.0.1:19691]
14:29:38.139 [Forwarding clearElement on session 412c741e6f4f7ee9b149c7b74800e900 to remote] DEBUG org.asynchttpclient.netty.request.NettyRequestSender - Using pooled Channel '[id: 0x0fd79672, L:/127.0.0.1:59225 - R:localhost/127.0.0.1:19691]' for 'POST' to 'http://localhost:19691/session/412c741e6f4f7ee9b149c7b74800e900/element/9330F8CD5D18F75156EB4FB715507178_element_66/clear'
14:29:38.139 [Forwarding clearElement on session 412c741e6f4f7ee9b149c7b74800e900 to remote] DEBUG org.asynchttpclient.netty.request.NettyRequestSender - Using open Channel [id: 0x0fd79672, L:/127.0.0.1:59225 - R:localhost/127.0.0.1:19691] for POST '/session/412c741e6f4f7ee9b149c7b74800e900/element/9330F8CD5D18F75156EB4FB715507178_element_66/clear'
14:29:38.272 [AsyncHttpClient-1-8] DEBUG org.asynchttpclient.netty.handler.HttpHandler - 

Request DefaultHttpRequest(decodeResult: success, version: HTTP/1.1)
POST /session/412c741e6f4f7ee9b149c7b74800e900/element/9330F8CD5D18F75156EB4FB715507178_element_66/clear HTTP/1.1
User-Agent: selenium/4.8.1 (java windows)
Content-Length: 57
Content-Type: application/json; charset=utf-8
host: localhost:19691
accept: */*

Response DefaultHttpResponse(decodeResult: success, version: HTTP/1.1)
HTTP/1.1 200 OK
Content-Length: 14
Content-Type: application/json; charset=utf-8
cache-control: no-cache

14:29:38.272 [AsyncHttpClient-1-8] DEBUG org.asynchttpclient.netty.channel.ChannelManager - Adding key: http://localhost:19691 for channel [id: 0x0fd79672, L:/127.0.0.1:59225 - R:localhost/127.0.0.1:19691]
14:29:38.276 [Forwarding sendKeysToElement on session 412c741e6f4f7ee9b149c7b74800e900 to remote] DEBUG org.asynchttpclient.netty.request.NettyRequestSender - Using pooled Channel '[id: 0x0fd79672, L:/127.0.0.1:59225 - R:localhost/127.0.0.1:19691]' for 'POST' to 'http://localhost:19691/session/412c741e6f4f7ee9b149c7b74800e900/element/9330F8CD5D18F75156EB4FB715507178_element_66/value'
14:29:38.276 [Forwarding sendKeysToElement on session 412c741e6f4f7ee9b149c7b74800e900 to remote] DEBUG org.asynchttpclient.netty.request.NettyRequestSender - Using open Channel [id: 0x0fd79672, L:/127.0.0.1:59225 - R:localhost/127.0.0.1:19691] for POST '/session/412c741e6f4f7ee9b149c7b74800e900/element/9330F8CD5D18F75156EB4FB715507178_element_66/value'
14:29:38.696 [AsyncHttpClient-1-1] DEBUG org.asynchttpclient.netty.channel.DefaultChannelPool - Entry count for : http://localhost:59226 : 1
14:29:39.412 [AsyncHttpClient-1-8] DEBUG org.asynchttpclient.netty.handler.HttpHandler - 

Request DefaultHttpRequest(decodeResult: success, version: HTTP/1.1)
POST /session/412c741e6f4f7ee9b149c7b74800e900/element/9330F8CD5D18F75156EB4FB715507178_element_66/value HTTP/1.1
User-Agent: selenium/4.8.1 (java windows)
Content-Length: 238
Content-Type: application/json; charset=utf-8
host: localhost:19691
accept: */*

Response DefaultHttpResponse(decodeResult: success, version: HTTP/1.1)
HTTP/1.1 200 OK
Content-Length: 14
Content-Type: application/json; charset=utf-8
cache-control: no-cache

14:29:39.412 [AsyncHttpClient-1-8] DEBUG org.asynchttpclient.netty.channel.ChannelManager - Adding key: http://localhost:19691 for channel [id: 0x0fd79672, L:/127.0.0.1:59225 - R:localhost/127.0.0.1:19691]
14:29:39.418 [Forwarding sendKeysToElement on session 412c741e6f4f7ee9b149c7b74800e900 to remote] DEBUG org.asynchttpclient.netty.request.NettyRequestSender - Using pooled Channel '[id: 0x0fd79672, L:/127.0.0.1:59225 - R:localhost/127.0.0.1:19691]' for 'POST' to 'http://localhost:19691/session/412c741e6f4f7ee9b149c7b74800e900/element/9330F8CD5D18F75156EB4FB715507178_element_66/value'
14:29:39.418 [Forwarding sendKeysToElement on session 412c741e6f4f7ee9b149c7b74800e900 to remote] DEBUG org.asynchttpclient.netty.request.NettyRequestSender - Using open Channel [id: 0x0fd79672, L:/127.0.0.1:59225 - R:localhost/127.0.0.1:19691] for POST '/session/412c741e6f4f7ee9b149c7b74800e900/element/9330F8CD5D18F75156EB4FB715507178_element_66/value'
14:29:39.586 [AsyncHttpClient-1-8] DEBUG org.asynchttpclient.netty.handler.HttpHandler - 

Request DefaultHttpRequest(decodeResult: success, version: HTTP/1.1)
POST /session/412c741e6f4f7ee9b149c7b74800e900/element/9330F8CD5D18F75156EB4FB715507178_element_66/value HTTP/1.1
User-Agent: selenium/4.8.1 (java windows)
Content-Length: 102
Content-Type: application/json; charset=utf-8
host: localhost:19691
accept: */*

Response DefaultHttpResponse(decodeResult: success, version: HTTP/1.1)
HTTP/1.1 200 OK
Content-Length: 14
Content-Type: application/json; charset=utf-8
cache-control: no-cache

14:29:39.586 [AsyncHttpClient-1-8] DEBUG org.asynchttpclient.netty.channel.ChannelManager - Adding key: http://localhost:19691 for channel [id: 0x0fd79672, L:/127.0.0.1:59225 - R:localhost/127.0.0.1:19691]
14:29:39.604 [Forwarding getAlertText on session 412c741e6f4f7ee9b149c7b74800e900 to remote] DEBUG org.asynchttpclient.netty.request.NettyRequestSender - Using pooled Channel '[id: 0x0fd79672, L:/127.0.0.1:59225 - R:localhost/127.0.0.1:19691]' for 'GET' to 'http://localhost:19691/session/412c741e6f4f7ee9b149c7b74800e900/alert/text'
14:29:39.604 [Forwarding getAlertText on session 412c741e6f4f7ee9b149c7b74800e900 to remote] DEBUG org.asynchttpclient.netty.request.NettyRequestSender - Using open Channel [id: 0x0fd79672, L:/127.0.0.1:59225 - R:localhost/127.0.0.1:19691] for GET '/session/412c741e6f4f7ee9b149c7b74800e900/alert/text'
14:29:39.611 [AsyncHttpClient-1-8] DEBUG org.asynchttpclient.netty.handler.HttpHandler - 

Request DefaultFullHttpRequest(decodeResult: success, version: HTTP/1.1, content: EmptyByteBufBE)
GET /session/412c741e6f4f7ee9b149c7b74800e900/alert/text HTTP/1.1
User-Agent: selenium/4.8.1 (java windows)
Cache-Control: no-cache
Content-Type: application/json; charset=utf-8
host: localhost:19691
accept: */*

Response DefaultHttpResponse(decodeResult: success, version: HTTP/1.1)
HTTP/1.1 404 Not Found
Content-Length: 821
Content-Type: application/json; charset=utf-8
cache-control: no-cache

14:29:39.611 [AsyncHttpClient-1-8] DEBUG org.asynchttpclient.netty.channel.ChannelManager - Adding key: http://localhost:19691 for channel [id: 0x0fd79672, L:/127.0.0.1:59225 - R:localhost/127.0.0.1:19691]
14:29:39.617 [Forwarding getCurrentUrl on session 412c741e6f4f7ee9b149c7b74800e900 to remote] DEBUG org.asynchttpclient.netty.request.NettyRequestSender - Using pooled Channel '[id: 0x0fd79672, L:/127.0.0.1:59225 - R:localhost/127.0.0.1:19691]' for 'GET' to 'http://localhost:19691/session/412c741e6f4f7ee9b149c7b74800e900/url'
14:29:39.617 [Forwarding getCurrentUrl on session 412c741e6f4f7ee9b149c7b74800e900 to remote] DEBUG org.asynchttpclient.netty.request.NettyRequestSender - Using open Channel [id: 0x0fd79672, L:/127.0.0.1:59225 - R:localhost/127.0.0.1:19691] for GET '/session/412c741e6f4f7ee9b149c7b74800e900/url'
14:29:39.639 [AsyncHttpClient-1-8] DEBUG org.asynchttpclient.netty.handler.HttpHandler - 

Request DefaultFullHttpRequest(decodeResult: success, version: HTTP/1.1, content: EmptyByteBufBE)
GET /session/412c741e6f4f7ee9b149c7b74800e900/url HTTP/1.1
User-Agent: selenium/4.8.1 (java windows)
Cache-Control: no-cache
Content-Type: application/json; charset=utf-8
host: localhost:19691
accept: */*

Response DefaultHttpResponse(decodeResult: success, version: HTTP/1.1)
HTTP/1.1 200 OK
Content-Length: 63
Content-Type: application/json; charset=utf-8
cache-control: no-cache

14:29:39.639 [AsyncHttpClient-1-8] DEBUG org.asynchttpclient.netty.channel.ChannelManager - Adding key: http://localhost:19691 for channel [id: 0x0fd79672, L:/127.0.0.1:59225 - R:localhost/127.0.0.1:19691]
14:29:39.639 [Forwarding screenshot on session 412c741e6f4f7ee9b149c7b74800e900 to remote] DEBUG org.asynchttpclient.netty.request.NettyRequestSender - Using pooled Channel '[id: 0x0fd79672, L:/127.0.0.1:59225 - R:localhost/127.0.0.1:19691]' for 'GET' to 'http://localhost:19691/session/412c741e6f4f7ee9b149c7b74800e900/screenshot'
14:29:39.639 [Forwarding screenshot on session 412c741e6f4f7ee9b149c7b74800e900 to remote] DEBUG org.asynchttpclient.netty.request.NettyRequestSender - Using open Channel [id: 0x0fd79672, L:/127.0.0.1:59225 - R:localhost/127.0.0.1:19691] for GET '/session/412c741e6f4f7ee9b149c7b74800e900/screenshot'
14:29:39.797 [AsyncHttpClient-1-1] DEBUG org.asynchttpclient.netty.channel.DefaultChannelPool - Entry count for : http://localhost:59226 : 1
14:29:39.967 [AsyncHttpClient-1-8] DEBUG org.asynchttpclient.netty.handler.HttpHandler - 

Request DefaultFullHttpRequest(decodeResult: success, version: HTTP/1.1, content: EmptyByteBufBE)
GET /session/412c741e6f4f7ee9b149c7b74800e900/screenshot HTTP/1.1
User-Agent: selenium/4.8.1 (java windows)
Cache-Control: no-cache
Content-Type: application/json; charset=utf-8
host: localhost:19691
accept: */*

Response DefaultHttpResponse(decodeResult: success, version: HTTP/1.1)
HTTP/1.1 200 OK
Content-Length: 72472
Content-Type: application/json; charset=utf-8
cache-control: no-cache

14:29:39.973 [AsyncHttpClient-1-8] DEBUG org.asynchttpclient.netty.channel.ChannelManager - Adding key: http://localhost:19691 for channel [id: 0x0fd79672, L:/127.0.0.1:59225 - R:localhost/127.0.0.1:19691]
14:29:39.978 [main] DEBUG net.serenitybdd.core.photography.Darkroom - Send negative for processing for target\site\serenity\04c0acf80e8abcb451a46949ad4d6ce5782d1d6dcff6ed4364d5609a384ebbb2.png
14:29:39.978 [main] DEBUG net.thucydides.core.steps.StepInterceptor - STEP DONE: Enter_email_address
14:29:39.978 [Darkroom Processing Line] DEBUG net.serenitybdd.core.photography.DarkroomProcessingLine - Processing screenshot image in /var/screenshots/screenshot-8410387710649037694
14:29:39.978 [Darkroom Processing Line] DEBUG net.serenitybdd.core.photography.DarkroomProcessingLine - Saving screenshot to target\site\serenity\04c0acf80e8abcb451a46949ad4d6ce5782d1d6dcff6ed4364d5609a384ebbb2.png
14:29:40.000 [Forwarding getPageSource on session 412c741e6f4f7ee9b149c7b74800e900 to remote] DEBUG org.asynchttpclient.netty.request.NettyRequestSender - Using pooled Channel '[id: 0x0fd79672, L:/127.0.0.1:59225 - R:localhost/127.0.0.1:19691]' for 'POST' to 'http://localhost:19691/session/412c741e6f4f7ee9b149c7b74800e900/execute/sync'
14:29:40.000 [Forwarding getPageSource on session 412c741e6f4f7ee9b149c7b74800e900 to remote] DEBUG org.asynchttpclient.netty.request.NettyRequestSender - Using open Channel [id: 0x0fd79672, L:/127.0.0.1:59225 - R:localhost/127.0.0.1:19691] for POST '/session/412c741e6f4f7ee9b149c7b74800e900/execute/sync'
14:29:40.026 [AsyncHttpClient-1-8] DEBUG org.asynchttpclient.netty.handler.HttpHandler - 

Request DefaultHttpRequest(decodeResult: success, version: HTTP/1.1)
POST /session/412c741e6f4f7ee9b149c7b74800e900/execute/sync HTTP/1.1
User-Agent: selenium/4.8.1 (java windows)
Content-Length: 176
Content-Type: application/json; charset=utf-8
host: localhost:19691
accept: */*

Response DefaultHttpResponse(decodeResult: success, version: HTTP/1.1)
HTTP/1.1 200 OK
Content-Length: 44516
Content-Type: application/json; charset=utf-8
cache-control: no-cache

14:29:40.026 [AsyncHttpClient-1-8] DEBUG org.asynchttpclient.netty.channel.ChannelManager - Adding key: http://localhost:19691 for channel [id: 0x0fd79672, L:/127.0.0.1:59225 - R:localhost/127.0.0.1:19691]
14:29:40.037 [Forwarding getCurrentUrl on session 412c741e6f4f7ee9b149c7b74800e900 to remote] DEBUG org.asynchttpclient.netty.request.NettyRequestSender - Using pooled Channel '[id: 0x0fd79672, L:/127.0.0.1:59225 - R:localhost/127.0.0.1:19691]' for 'GET' to 'http://localhost:19691/session/412c741e6f4f7ee9b149c7b74800e900/url'
14:29:40.037 [Forwarding getCurrentUrl on session 412c741e6f4f7ee9b149c7b74800e900 to remote] DEBUG org.asynchttpclient.netty.request.NettyRequestSender - Using open Channel [id: 0x0fd79672, L:/127.0.0.1:59225 - R:localhost/127.0.0.1:19691] for GET '/session/412c741e6f4f7ee9b149c7b74800e900/url'
14:29:40.059 [AsyncHttpClient-1-8] DEBUG org.asynchttpclient.netty.handler.HttpHandler - 

Request DefaultFullHttpRequest(decodeResult: success, version: HTTP/1.1, content: EmptyByteBufBE)
GET /session/412c741e6f4f7ee9b149c7b74800e900/url HTTP/1.1
User-Agent: selenium/4.8.1 (java windows)
Cache-Control: no-cache
Content-Type: application/json; charset=utf-8
host: localhost:19691
accept: */*

Response DefaultHttpResponse(decodeResult: success, version: HTTP/1.1)
HTTP/1.1 200 OK
Content-Length: 63
Content-Type: application/json; charset=utf-8
cache-control: no-cache

14:29:40.059 [AsyncHttpClient-1-8] DEBUG org.asynchttpclient.netty.channel.ChannelManager - Adding key: http://localhost:19691 for channel [id: 0x0fd79672, L:/127.0.0.1:59225 - R:localhost/127.0.0.1:19691]
14:29:40.081 [Forwarding getAlertText on session 412c741e6f4f7ee9b149c7b74800e900 to remote] DEBUG org.asynchttpclient.netty.request.NettyRequestSender - Using pooled Channel '[id: 0x0fd79672, L:/127.0.0.1:59225 - R:localhost/127.0.0.1:19691]' for 'GET' to 'http://localhost:19691/session/412c741e6f4f7ee9b149c7b74800e900/alert/text'
14:29:40.081 [Forwarding getAlertText on session 412c741e6f4f7ee9b149c7b74800e900 to remote] DEBUG org.asynchttpclient.netty.request.NettyRequestSender - Using open Channel [id: 0x0fd79672, L:/127.0.0.1:59225 - R:localhost/127.0.0.1:19691] for GET '/session/412c741e6f4f7ee9b149c7b74800e900/alert/text'
14:29:40.085 [AsyncHttpClient-1-8] DEBUG org.asynchttpclient.netty.handler.HttpHandler - 

Request DefaultFullHttpRequest(decodeResult: success, version: HTTP/1.1, content: EmptyByteBufBE)
GET /session/412c741e6f4f7ee9b149c7b74800e900/alert/text HTTP/1.1
User-Agent: selenium/4.8.1 (java windows)
Cache-Control: no-cache
Content-Type: application/json; charset=utf-8
host: localhost:19691
accept: */*

Response DefaultHttpResponse(decodeResult: success, version: HTTP/1.1)
HTTP/1.1 404 Not Found
Content-Length: 821
Content-Type: application/json; charset=utf-8
cache-control: no-cache

14:29:40.085 [AsyncHttpClient-1-8] DEBUG org.asynchttpclient.netty.channel.ChannelManager - Adding key: http://localhost:19691 for channel [id: 0x0fd79672, L:/127.0.0.1:59225 - R:localhost/127.0.0.1:19691]
14:29:40.085 [Forwarding getCurrentUrl on session 412c741e6f4f7ee9b149c7b74800e900 to remote] DEBUG org.asynchttpclient.netty.request.NettyRequestSender - Using pooled Channel '[id: 0x0fd79672, L:/127.0.0.1:59225 - R:localhost/127.0.0.1:19691]' for 'GET' to 'http://localhost:19691/session/412c741e6f4f7ee9b149c7b74800e900/url'
14:29:40.085 [Forwarding getCurrentUrl on session 412c741e6f4f7ee9b149c7b74800e900 to remote] DEBUG org.asynchttpclient.netty.request.NettyRequestSender - Using open Channel [id: 0x0fd79672, L:/127.0.0.1:59225 - R:localhost/127.0.0.1:19691] for GET '/session/412c741e6f4f7ee9b149c7b74800e900/url'
14:29:40.095 [AsyncHttpClient-1-8] DEBUG org.asynchttpclient.netty.handler.HttpHandler - 

Request DefaultFullHttpRequest(decodeResult: success, version: HTTP/1.1, content: EmptyByteBufBE)
GET /session/412c741e6f4f7ee9b149c7b74800e900/url HTTP/1.1
User-Agent: selenium/4.8.1 (java windows)
Cache-Control: no-cache
Content-Type: application/json; charset=utf-8
host: localhost:19691
accept: */*

Response DefaultHttpResponse(decodeResult: success, version: HTTP/1.1)
HTTP/1.1 200 OK
Content-Length: 63
Content-Type: application/json; charset=utf-8
cache-control: no-cache

14:29:40.095 [AsyncHttpClient-1-8] DEBUG org.asynchttpclient.netty.channel.ChannelManager - Adding key: http://localhost:19691 for channel [id: 0x0fd79672, L:/127.0.0.1:59225 - R:localhost/127.0.0.1:19691]
14:29:40.095 [Forwarding screenshot on session 412c741e6f4f7ee9b149c7b74800e900 to remote] DEBUG org.asynchttpclient.netty.request.NettyRequestSender - Using pooled Channel '[id: 0x0fd79672, L:/127.0.0.1:59225 - R:localhost/127.0.0.1:19691]' for 'GET' to 'http://localhost:19691/session/412c741e6f4f7ee9b149c7b74800e900/screenshot'
14:29:40.095 [Forwarding screenshot on session 412c741e6f4f7ee9b149c7b74800e900 to remote] DEBUG org.asynchttpclient.netty.request.NettyRequestSender - Using open Channel [id: 0x0fd79672, L:/127.0.0.1:59225 - R:localhost/127.0.0.1:19691] for GET '/session/412c741e6f4f7ee9b149c7b74800e900/screenshot'
14:29:40.299 [AsyncHttpClient-1-8] DEBUG org.asynchttpclient.netty.handler.HttpHandler - 

Request DefaultFullHttpRequest(decodeResult: success, version: HTTP/1.1, content: EmptyByteBufBE)
GET /session/412c741e6f4f7ee9b149c7b74800e900/screenshot HTTP/1.1
User-Agent: selenium/4.8.1 (java windows)
Cache-Control: no-cache
Content-Type: application/json; charset=utf-8
host: localhost:19691
accept: */*

Response DefaultHttpResponse(decodeResult: success, version: HTTP/1.1)
HTTP/1.1 200 OK
Content-Length: 72472
Content-Type: application/json; charset=utf-8
cache-control: no-cache

14:29:40.299 [AsyncHttpClient-1-8] DEBUG org.asynchttpclient.netty.channel.ChannelManager - Adding key: http://localhost:19691 for channel [id: 0x0fd79672, L:/127.0.0.1:59225 - R:localhost/127.0.0.1:19691]
14:29:40.304 [main] DEBUG net.serenitybdd.core.photography.Darkroom - Send negative for processing for target\site\serenity\489b6f4e5f1351b4764f27650d7142e49f359e070b7687f471c21c986d09c1c4.png
14:29:40.304 [Darkroom Processing Line] DEBUG net.serenitybdd.core.photography.DarkroomProcessingLine - Processing screenshot image in /var/screenshots/screenshot-7525948585796124659
14:29:40.304 [Darkroom Processing Line] DEBUG net.serenitybdd.core.photography.DarkroomProcessingLine - Saving screenshot to target\site\serenity\489b6f4e5f1351b4764f27650d7142e49f359e070b7687f471c21c986d09c1c4.png
14:29:40.304 [Forwarding getPageSource on session 412c741e6f4f7ee9b149c7b74800e900 to remote] DEBUG org.asynchttpclient.netty.request.NettyRequestSender - Using pooled Channel '[id: 0x0fd79672, L:/127.0.0.1:59225 - R:localhost/127.0.0.1:19691]' for 'POST' to 'http://localhost:19691/session/412c741e6f4f7ee9b149c7b74800e900/execute/sync'
14:29:40.304 [Forwarding getPageSource on session 412c741e6f4f7ee9b149c7b74800e900 to remote] DEBUG org.asynchttpclient.netty.request.NettyRequestSender - Using open Channel [id: 0x0fd79672, L:/127.0.0.1:59225 - R:localhost/127.0.0.1:19691] for POST '/session/412c741e6f4f7ee9b149c7b74800e900/execute/sync'
14:29:40.322 [AsyncHttpClient-1-8] DEBUG org.asynchttpclient.netty.handler.HttpHandler - 

Request DefaultHttpRequest(decodeResult: success, version: HTTP/1.1)
POST /session/412c741e6f4f7ee9b149c7b74800e900/execute/sync HTTP/1.1
User-Agent: selenium/4.8.1 (java windows)
Content-Length: 176
Content-Type: application/json; charset=utf-8
host: localhost:19691
accept: */*

Response DefaultHttpResponse(decodeResult: success, version: HTTP/1.1)
HTTP/1.1 200 OK
Content-Length: 44516
Content-Type: application/json; charset=utf-8
cache-control: no-cache

14:29:40.322 [AsyncHttpClient-1-8] DEBUG org.asynchttpclient.netty.channel.ChannelManager - Adding key: http://localhost:19691 for channel [id: 0x0fd79672, L:/127.0.0.1:59225 - R:localhost/127.0.0.1:19691]
14:29:40.330 [Forwarding getCurrentUrl on session 412c741e6f4f7ee9b149c7b74800e900 to remote] DEBUG org.asynchttpclient.netty.request.NettyRequestSender - Using pooled Channel '[id: 0x0fd79672, L:/127.0.0.1:59225 - R:localhost/127.0.0.1:19691]' for 'GET' to 'http://localhost:19691/session/412c741e6f4f7ee9b149c7b74800e900/url'
14:29:40.330 [Forwarding getCurrentUrl on session 412c741e6f4f7ee9b149c7b74800e900 to remote] DEBUG org.asynchttpclient.netty.request.NettyRequestSender - Using open Channel [id: 0x0fd79672, L:/127.0.0.1:59225 - R:localhost/127.0.0.1:19691] for GET '/session/412c741e6f4f7ee9b149c7b74800e900/url'
14:29:40.337 [AsyncHttpClient-1-8] DEBUG org.asynchttpclient.netty.handler.HttpHandler - 

Request DefaultFullHttpRequest(decodeResult: success, version: HTTP/1.1, content: EmptyByteBufBE)
GET /session/412c741e6f4f7ee9b149c7b74800e900/url HTTP/1.1
User-Agent: selenium/4.8.1 (java windows)
Cache-Control: no-cache
Content-Type: application/json; charset=utf-8
host: localhost:19691
accept: */*

Response DefaultHttpResponse(decodeResult: success, version: HTTP/1.1)
HTTP/1.1 200 OK
Content-Length: 63
Content-Type: application/json; charset=utf-8
cache-control: no-cache

14:29:40.337 [AsyncHttpClient-1-8] DEBUG org.asynchttpclient.netty.channel.ChannelManager - Adding key: http://localhost:19691 for channel [id: 0x0fd79672, L:/127.0.0.1:59225 - R:localhost/127.0.0.1:19691]
14:29:40.347 [main] DEBUG net.thucydides.core.steps.StepInterceptor - STARTING STEP: Afrexim_Signup_steps.select_the_contact_type - Enter_contact_type
14:29:40.351 [Forwarding findElement on session 412c741e6f4f7ee9b149c7b74800e900 to remote] DEBUG org.asynchttpclient.netty.request.NettyRequestSender - Using pooled Channel '[id: 0x0fd79672, L:/127.0.0.1:59225 - R:localhost/127.0.0.1:19691]' for 'POST' to 'http://localhost:19691/session/412c741e6f4f7ee9b149c7b74800e900/element'
14:29:40.351 [Forwarding findElement on session 412c741e6f4f7ee9b149c7b74800e900 to remote] DEBUG org.asynchttpclient.netty.request.NettyRequestSender - Using open Channel [id: 0x0fd79672, L:/127.0.0.1:59225 - R:localhost/127.0.0.1:19691] for POST '/session/412c741e6f4f7ee9b149c7b74800e900/element'
14:29:40.369 [AsyncHttpClient-1-8] DEBUG org.asynchttpclient.netty.handler.HttpHandler - 

Request DefaultHttpRequest(decodeResult: success, version: HTTP/1.1)
POST /session/412c741e6f4f7ee9b149c7b74800e900/element HTTP/1.1
User-Agent: selenium/4.8.1 (java windows)
Content-Length: 86
Content-Type: application/json; charset=utf-8
host: localhost:19691
accept: */*

Response DefaultHttpResponse(decodeResult: success, version: HTTP/1.1)
HTTP/1.1 200 OK
Content-Length: 95
Content-Type: application/json; charset=utf-8
cache-control: no-cache

14:29:40.369 [AsyncHttpClient-1-8] DEBUG org.asynchttpclient.netty.channel.ChannelManager - Adding key: http://localhost:19691 for channel [id: 0x0fd79672, L:/127.0.0.1:59225 - R:localhost/127.0.0.1:19691]
14:29:40.369 [Forwarding getElementTagName on session 412c741e6f4f7ee9b149c7b74800e900 to remote] DEBUG org.asynchttpclient.netty.request.NettyRequestSender - Using pooled Channel '[id: 0x0fd79672, L:/127.0.0.1:59225 - R:localhost/127.0.0.1:19691]' for 'GET' to 'http://localhost:19691/session/412c741e6f4f7ee9b149c7b74800e900/element/9330F8CD5D18F75156EB4FB715507178_element_67/name'
14:29:40.369 [Forwarding getElementTagName on session 412c741e6f4f7ee9b149c7b74800e900 to remote] DEBUG org.asynchttpclient.netty.request.NettyRequestSender - Using open Channel [id: 0x0fd79672, L:/127.0.0.1:59225 - R:localhost/127.0.0.1:19691] for GET '/session/412c741e6f4f7ee9b149c7b74800e900/element/9330F8CD5D18F75156EB4FB715507178_element_67/name'
14:29:40.378 [AsyncHttpClient-1-8] DEBUG org.asynchttpclient.netty.handler.HttpHandler - 

Request DefaultFullHttpRequest(decodeResult: success, version: HTTP/1.1, content: EmptyByteBufBE)
GET /session/412c741e6f4f7ee9b149c7b74800e900/element/9330F8CD5D18F75156EB4FB715507178_element_67/name HTTP/1.1
User-Agent: selenium/4.8.1 (java windows)
Cache-Control: no-cache
Content-Type: application/json; charset=utf-8
host: localhost:19691
accept: */*

Response DefaultHttpResponse(decodeResult: success, version: HTTP/1.1)
HTTP/1.1 200 OK
Content-Length: 18
Content-Type: application/json; charset=utf-8
cache-control: no-cache

14:29:40.378 [AsyncHttpClient-1-8] DEBUG org.asynchttpclient.netty.channel.ChannelManager - Adding key: http://localhost:19691 for channel [id: 0x0fd79672, L:/127.0.0.1:59225 - R:localhost/127.0.0.1:19691]
14:29:40.378 [Forwarding getElementDomAttribute on session 412c741e6f4f7ee9b149c7b74800e900 to remote] DEBUG org.asynchttpclient.netty.request.NettyRequestSender - Using pooled Channel '[id: 0x0fd79672, L:/127.0.0.1:59225 - R:localhost/127.0.0.1:19691]' for 'GET' to 'http://localhost:19691/session/412c741e6f4f7ee9b149c7b74800e900/element/9330F8CD5D18F75156EB4FB715507178_element_67/attribute/multiple'
14:29:40.378 [Forwarding getElementDomAttribute on session 412c741e6f4f7ee9b149c7b74800e900 to remote] DEBUG org.asynchttpclient.netty.request.NettyRequestSender - Using open Channel [id: 0x0fd79672, L:/127.0.0.1:59225 - R:localhost/127.0.0.1:19691] for GET '/session/412c741e6f4f7ee9b149c7b74800e900/element/9330F8CD5D18F75156EB4FB715507178_element_67/attribute/multiple'
14:29:40.384 [AsyncHttpClient-1-8] DEBUG org.asynchttpclient.netty.handler.HttpHandler - 

Request DefaultFullHttpRequest(decodeResult: success, version: HTTP/1.1, content: EmptyByteBufBE)
GET /session/412c741e6f4f7ee9b149c7b74800e900/element/9330F8CD5D18F75156EB4FB715507178_element_67/attribute/multiple HTTP/1.1
User-Agent: selenium/4.8.1 (java windows)
Cache-Control: no-cache
Content-Type: application/json; charset=utf-8
host: localhost:19691
accept: */*

Response DefaultHttpResponse(decodeResult: success, version: HTTP/1.1)
HTTP/1.1 200 OK
Content-Length: 14
Content-Type: application/json; charset=utf-8
cache-control: no-cache

14:29:40.384 [AsyncHttpClient-1-8] DEBUG org.asynchttpclient.netty.channel.ChannelManager - Adding key: http://localhost:19691 for channel [id: 0x0fd79672, L:/127.0.0.1:59225 - R:localhost/127.0.0.1:19691]
14:29:40.384 [Forwarding isElementEnabled on session 412c741e6f4f7ee9b149c7b74800e900 to remote] DEBUG org.asynchttpclient.netty.request.NettyRequestSender - Using pooled Channel '[id: 0x0fd79672, L:/127.0.0.1:59225 - R:localhost/127.0.0.1:19691]' for 'GET' to 'http://localhost:19691/session/412c741e6f4f7ee9b149c7b74800e900/element/9330F8CD5D18F75156EB4FB715507178_element_67/enabled'
14:29:40.384 [Forwarding isElementEnabled on session 412c741e6f4f7ee9b149c7b74800e900 to remote] DEBUG org.asynchttpclient.netty.request.NettyRequestSender - Using open Channel [id: 0x0fd79672, L:/127.0.0.1:59225 - R:localhost/127.0.0.1:19691] for GET '/session/412c741e6f4f7ee9b149c7b74800e900/element/9330F8CD5D18F75156EB4FB715507178_element_67/enabled'
14:29:40.400 [AsyncHttpClient-1-8] DEBUG org.asynchttpclient.netty.handler.HttpHandler - 

Request DefaultFullHttpRequest(decodeResult: success, version: HTTP/1.1, content: EmptyByteBufBE)
GET /session/412c741e6f4f7ee9b149c7b74800e900/element/9330F8CD5D18F75156EB4FB715507178_element_67/enabled HTTP/1.1
User-Agent: selenium/4.8.1 (java windows)
Cache-Control: no-cache
Content-Type: application/json; charset=utf-8
host: localhost:19691
accept: */*

Response DefaultHttpResponse(decodeResult: success, version: HTTP/1.1)
HTTP/1.1 200 OK
Content-Length: 14
Content-Type: application/json; charset=utf-8
cache-control: no-cache

14:29:40.400 [AsyncHttpClient-1-8] DEBUG org.asynchttpclient.netty.channel.ChannelManager - Adding key: http://localhost:19691 for channel [id: 0x0fd79672, L:/127.0.0.1:59225 - R:localhost/127.0.0.1:19691]
14:29:40.405 [Forwarding findChildElements on session 412c741e6f4f7ee9b149c7b74800e900 to remote] DEBUG org.asynchttpclient.netty.request.NettyRequestSender - Using pooled Channel '[id: 0x0fd79672, L:/127.0.0.1:59225 - R:localhost/127.0.0.1:19691]' for 'POST' to 'http://localhost:19691/session/412c741e6f4f7ee9b149c7b74800e900/element/9330F8CD5D18F75156EB4FB715507178_element_67/elements'
14:29:40.405 [Forwarding findChildElements on session 412c741e6f4f7ee9b149c7b74800e900 to remote] DEBUG org.asynchttpclient.netty.request.NettyRequestSender - Using open Channel [id: 0x0fd79672, L:/127.0.0.1:59225 - R:localhost/127.0.0.1:19691] for POST '/session/412c741e6f4f7ee9b149c7b74800e900/element/9330F8CD5D18F75156EB4FB715507178_element_67/elements'
14:29:40.425 [AsyncHttpClient-1-8] DEBUG org.asynchttpclient.netty.handler.HttpHandler - 

Request DefaultHttpRequest(decodeResult: success, version: HTTP/1.1)
POST /session/412c741e6f4f7ee9b149c7b74800e900/element/9330F8CD5D18F75156EB4FB715507178_element_67/elements HTTP/1.1
User-Agent: selenium/4.8.1 (java windows)
Content-Length: 101
Content-Type: application/json; charset=utf-8
host: localhost:19691
accept: */*

Response DefaultHttpResponse(decodeResult: success, version: HTTP/1.1)
HTTP/1.1 200 OK
Content-Length: 527
Content-Type: application/json; charset=utf-8
cache-control: no-cache

14:29:40.425 [AsyncHttpClient-1-8] DEBUG org.asynchttpclient.netty.channel.ChannelManager - Adding key: http://localhost:19691 for channel [id: 0x0fd79672, L:/127.0.0.1:59225 - R:localhost/127.0.0.1:19691]
14:29:40.425 [Forwarding getElementAttribute on session 412c741e6f4f7ee9b149c7b74800e900 to remote] DEBUG org.asynchttpclient.netty.request.NettyRequestSender - Using pooled Channel '[id: 0x0fd79672, L:/127.0.0.1:59225 - R:localhost/127.0.0.1:19691]' for 'POST' to 'http://localhost:19691/session/412c741e6f4f7ee9b149c7b74800e900/execute/sync'
14:29:40.425 [Forwarding getElementAttribute on session 412c741e6f4f7ee9b149c7b74800e900 to remote] DEBUG org.asynchttpclient.netty.request.NettyRequestSender - Using open Channel [id: 0x0fd79672, L:/127.0.0.1:59225 - R:localhost/127.0.0.1:19691] for POST '/session/412c741e6f4f7ee9b149c7b74800e900/execute/sync'
14:29:40.453 [AsyncHttpClient-1-8] DEBUG org.asynchttpclient.netty.handler.HttpHandler - 

Request DefaultHttpRequest(decodeResult: success, version: HTTP/1.1)
POST /session/412c741e6f4f7ee9b149c7b74800e900/execute/sync HTTP/1.1
User-Agent: selenium/4.8.1 (java windows)
Content-Length: 47375
Content-Type: application/json; charset=utf-8
host: localhost:19691
accept: */*

Response DefaultHttpResponse(decodeResult: success, version: HTTP/1.1)
HTTP/1.1 200 OK
Content-Length: 13
Content-Type: application/json; charset=utf-8
cache-control: no-cache

14:29:40.453 [AsyncHttpClient-1-8] DEBUG org.asynchttpclient.netty.channel.ChannelManager - Adding key: http://localhost:19691 for channel [id: 0x0fd79672, L:/127.0.0.1:59225 - R:localhost/127.0.0.1:19691]
14:29:40.458 [Forwarding getElementAttribute on session 412c741e6f4f7ee9b149c7b74800e900 to remote] DEBUG org.asynchttpclient.netty.request.NettyRequestSender - Using pooled Channel '[id: 0x0fd79672, L:/127.0.0.1:59225 - R:localhost/127.0.0.1:19691]' for 'POST' to 'http://localhost:19691/session/412c741e6f4f7ee9b149c7b74800e900/execute/sync'
14:29:40.458 [Forwarding getElementAttribute on session 412c741e6f4f7ee9b149c7b74800e900 to remote] DEBUG org.asynchttpclient.netty.request.NettyRequestSender - Using open Channel [id: 0x0fd79672, L:/127.0.0.1:59225 - R:localhost/127.0.0.1:19691] for POST '/session/412c741e6f4f7ee9b149c7b74800e900/execute/sync'
14:29:40.485 [AsyncHttpClient-1-8] DEBUG org.asynchttpclient.netty.handler.HttpHandler - 

Request DefaultHttpRequest(decodeResult: success, version: HTTP/1.1)
POST /session/412c741e6f4f7ee9b149c7b74800e900/execute/sync HTTP/1.1
User-Agent: selenium/4.8.1 (java windows)
Content-Length: 47375
Content-Type: application/json; charset=utf-8
host: localhost:19691
accept: */*

Response DefaultHttpResponse(decodeResult: success, version: HTTP/1.1)
HTTP/1.1 200 OK
Content-Length: 13
Content-Type: application/json; charset=utf-8
cache-control: no-cache

14:29:40.485 [AsyncHttpClient-1-8] DEBUG org.asynchttpclient.netty.channel.ChannelManager - Adding key: http://localhost:19691 for channel [id: 0x0fd79672, L:/127.0.0.1:59225 - R:localhost/127.0.0.1:19691]
14:29:40.485 [Forwarding isElementEnabled on session 412c741e6f4f7ee9b149c7b74800e900 to remote] DEBUG org.asynchttpclient.netty.request.NettyRequestSender - Using pooled Channel '[id: 0x0fd79672, L:/127.0.0.1:59225 - R:localhost/127.0.0.1:19691]' for 'GET' to 'http://localhost:19691/session/412c741e6f4f7ee9b149c7b74800e900/element/9330F8CD5D18F75156EB4FB715507178_element_69/enabled'
14:29:40.485 [Forwarding isElementEnabled on session 412c741e6f4f7ee9b149c7b74800e900 to remote] DEBUG org.asynchttpclient.netty.request.NettyRequestSender - Using open Channel [id: 0x0fd79672, L:/127.0.0.1:59225 - R:localhost/127.0.0.1:19691] for GET '/session/412c741e6f4f7ee9b149c7b74800e900/element/9330F8CD5D18F75156EB4FB715507178_element_69/enabled'
14:29:40.497 [AsyncHttpClient-1-8] DEBUG org.asynchttpclient.netty.handler.HttpHandler - 

Request DefaultFullHttpRequest(decodeResult: success, version: HTTP/1.1, content: EmptyByteBufBE)
GET /session/412c741e6f4f7ee9b149c7b74800e900/element/9330F8CD5D18F75156EB4FB715507178_element_69/enabled HTTP/1.1
User-Agent: selenium/4.8.1 (java windows)
Cache-Control: no-cache
Content-Type: application/json; charset=utf-8
host: localhost:19691
accept: */*

Response DefaultHttpResponse(decodeResult: success, version: HTTP/1.1)
HTTP/1.1 200 OK
Content-Length: 14
Content-Type: application/json; charset=utf-8
cache-control: no-cache

14:29:40.497 [AsyncHttpClient-1-8] DEBUG org.asynchttpclient.netty.channel.ChannelManager - Adding key: http://localhost:19691 for channel [id: 0x0fd79672, L:/127.0.0.1:59225 - R:localhost/127.0.0.1:19691]
14:29:40.497 [Forwarding isElementSelected on session 412c741e6f4f7ee9b149c7b74800e900 to remote] DEBUG org.asynchttpclient.netty.request.NettyRequestSender - Using pooled Channel '[id: 0x0fd79672, L:/127.0.0.1:59225 - R:localhost/127.0.0.1:19691]' for 'GET' to 'http://localhost:19691/session/412c741e6f4f7ee9b149c7b74800e900/element/9330F8CD5D18F75156EB4FB715507178_element_69/selected'
14:29:40.497 [Forwarding isElementSelected on session 412c741e6f4f7ee9b149c7b74800e900 to remote] DEBUG org.asynchttpclient.netty.request.NettyRequestSender - Using open Channel [id: 0x0fd79672, L:/127.0.0.1:59225 - R:localhost/127.0.0.1:19691] for GET '/session/412c741e6f4f7ee9b149c7b74800e900/element/9330F8CD5D18F75156EB4FB715507178_element_69/selected'
14:29:40.517 [AsyncHttpClient-1-8] DEBUG org.asynchttpclient.netty.handler.HttpHandler - 

Request DefaultFullHttpRequest(decodeResult: success, version: HTTP/1.1, content: EmptyByteBufBE)
GET /session/412c741e6f4f7ee9b149c7b74800e900/element/9330F8CD5D18F75156EB4FB715507178_element_69/selected HTTP/1.1
User-Agent: selenium/4.8.1 (java windows)
Cache-Control: no-cache
Content-Type: application/json; charset=utf-8
host: localhost:19691
accept: */*

Response DefaultHttpResponse(decodeResult: success, version: HTTP/1.1)
HTTP/1.1 200 OK
Content-Length: 15
Content-Type: application/json; charset=utf-8
cache-control: no-cache

14:29:40.517 [AsyncHttpClient-1-8] DEBUG org.asynchttpclient.netty.channel.ChannelManager - Adding key: http://localhost:19691 for channel [id: 0x0fd79672, L:/127.0.0.1:59225 - R:localhost/127.0.0.1:19691]
14:29:40.517 [Forwarding clickElement on session 412c741e6f4f7ee9b149c7b74800e900 to remote] DEBUG org.asynchttpclient.netty.request.NettyRequestSender - Using pooled Channel '[id: 0x0fd79672, L:/127.0.0.1:59225 - R:localhost/127.0.0.1:19691]' for 'POST' to 'http://localhost:19691/session/412c741e6f4f7ee9b149c7b74800e900/element/9330F8CD5D18F75156EB4FB715507178_element_69/click'
14:29:40.517 [Forwarding clickElement on session 412c741e6f4f7ee9b149c7b74800e900 to remote] DEBUG org.asynchttpclient.netty.request.NettyRequestSender - Using open Channel [id: 0x0fd79672, L:/127.0.0.1:59225 - R:localhost/127.0.0.1:19691] for POST '/session/412c741e6f4f7ee9b149c7b74800e900/element/9330F8CD5D18F75156EB4FB715507178_element_69/click'
14:29:40.610 [AsyncHttpClient-1-8] DEBUG org.asynchttpclient.netty.handler.HttpHandler - 

Request DefaultHttpRequest(decodeResult: success, version: HTTP/1.1)
POST /session/412c741e6f4f7ee9b149c7b74800e900/element/9330F8CD5D18F75156EB4FB715507178_element_69/click HTTP/1.1
User-Agent: selenium/4.8.1 (java windows)
Content-Length: 57
Content-Type: application/json; charset=utf-8
host: localhost:19691
accept: */*

Response DefaultHttpResponse(decodeResult: success, version: HTTP/1.1)
HTTP/1.1 200 OK
Content-Length: 14
Content-Type: application/json; charset=utf-8
cache-control: no-cache

14:29:40.610 [AsyncHttpClient-1-8] DEBUG org.asynchttpclient.netty.channel.ChannelManager - Adding key: http://localhost:19691 for channel [id: 0x0fd79672, L:/127.0.0.1:59225 - R:localhost/127.0.0.1:19691]
14:29:40.618 [Forwarding getAlertText on session 412c741e6f4f7ee9b149c7b74800e900 to remote] DEBUG org.asynchttpclient.netty.request.NettyRequestSender - Using pooled Channel '[id: 0x0fd79672, L:/127.0.0.1:59225 - R:localhost/127.0.0.1:19691]' for 'GET' to 'http://localhost:19691/session/412c741e6f4f7ee9b149c7b74800e900/alert/text'
14:29:40.618 [Forwarding getAlertText on session 412c741e6f4f7ee9b149c7b74800e900 to remote] DEBUG org.asynchttpclient.netty.request.NettyRequestSender - Using open Channel [id: 0x0fd79672, L:/127.0.0.1:59225 - R:localhost/127.0.0.1:19691] for GET '/session/412c741e6f4f7ee9b149c7b74800e900/alert/text'
14:29:40.626 [AsyncHttpClient-1-8] DEBUG org.asynchttpclient.netty.handler.HttpHandler - 

Request DefaultFullHttpRequest(decodeResult: success, version: HTTP/1.1, content: EmptyByteBufBE)
GET /session/412c741e6f4f7ee9b149c7b74800e900/alert/text HTTP/1.1
User-Agent: selenium/4.8.1 (java windows)
Cache-Control: no-cache
Content-Type: application/json; charset=utf-8
host: localhost:19691
accept: */*

Response DefaultHttpResponse(decodeResult: success, version: HTTP/1.1)
HTTP/1.1 404 Not Found
Content-Length: 821
Content-Type: application/json; charset=utf-8
cache-control: no-cache

14:29:40.626 [AsyncHttpClient-1-8] DEBUG org.asynchttpclient.netty.channel.ChannelManager - Adding key: http://localhost:19691 for channel [id: 0x0fd79672, L:/127.0.0.1:59225 - R:localhost/127.0.0.1:19691]
14:29:40.626 [Forwarding getCurrentUrl on session 412c741e6f4f7ee9b149c7b74800e900 to remote] DEBUG org.asynchttpclient.netty.request.NettyRequestSender - Using pooled Channel '[id: 0x0fd79672, L:/127.0.0.1:59225 - R:localhost/127.0.0.1:19691]' for 'GET' to 'http://localhost:19691/session/412c741e6f4f7ee9b149c7b74800e900/url'
14:29:40.626 [Forwarding getCurrentUrl on session 412c741e6f4f7ee9b149c7b74800e900 to remote] DEBUG org.asynchttpclient.netty.request.NettyRequestSender - Using open Channel [id: 0x0fd79672, L:/127.0.0.1:59225 - R:localhost/127.0.0.1:19691] for GET '/session/412c741e6f4f7ee9b149c7b74800e900/url'
14:29:40.642 [AsyncHttpClient-1-8] DEBUG org.asynchttpclient.netty.handler.HttpHandler - 

Request DefaultFullHttpRequest(decodeResult: success, version: HTTP/1.1, content: EmptyByteBufBE)
GET /session/412c741e6f4f7ee9b149c7b74800e900/url HTTP/1.1
User-Agent: selenium/4.8.1 (java windows)
Cache-Control: no-cache
Content-Type: application/json; charset=utf-8
host: localhost:19691
accept: */*

Response DefaultHttpResponse(decodeResult: success, version: HTTP/1.1)
HTTP/1.1 200 OK
Content-Length: 63
Content-Type: application/json; charset=utf-8
cache-control: no-cache

14:29:40.646 [AsyncHttpClient-1-8] DEBUG org.asynchttpclient.netty.channel.ChannelManager - Adding key: http://localhost:19691 for channel [id: 0x0fd79672, L:/127.0.0.1:59225 - R:localhost/127.0.0.1:19691]
14:29:40.646 [Forwarding screenshot on session 412c741e6f4f7ee9b149c7b74800e900 to remote] DEBUG org.asynchttpclient.netty.request.NettyRequestSender - Using pooled Channel '[id: 0x0fd79672, L:/127.0.0.1:59225 - R:localhost/127.0.0.1:19691]' for 'GET' to 'http://localhost:19691/session/412c741e6f4f7ee9b149c7b74800e900/screenshot'
14:29:40.646 [Forwarding screenshot on session 412c741e6f4f7ee9b149c7b74800e900 to remote] DEBUG org.asynchttpclient.netty.request.NettyRequestSender - Using open Channel [id: 0x0fd79672, L:/127.0.0.1:59225 - R:localhost/127.0.0.1:19691] for GET '/session/412c741e6f4f7ee9b149c7b74800e900/screenshot'
14:29:40.859 [AsyncHttpClient-1-8] DEBUG org.asynchttpclient.netty.handler.HttpHandler - 

Request DefaultFullHttpRequest(decodeResult: success, version: HTTP/1.1, content: EmptyByteBufBE)
GET /session/412c741e6f4f7ee9b149c7b74800e900/screenshot HTTP/1.1
User-Agent: selenium/4.8.1 (java windows)
Cache-Control: no-cache
Content-Type: application/json; charset=utf-8
host: localhost:19691
accept: */*

Response DefaultHttpResponse(decodeResult: success, version: HTTP/1.1)
HTTP/1.1 200 OK
Content-Length: 72216
Content-Type: application/json; charset=utf-8
cache-control: no-cache

14:29:40.859 [AsyncHttpClient-1-8] DEBUG org.asynchttpclient.netty.channel.ChannelManager - Adding key: http://localhost:19691 for channel [id: 0x0fd79672, L:/127.0.0.1:59225 - R:localhost/127.0.0.1:19691]
14:29:40.864 [main] DEBUG net.serenitybdd.core.photography.Darkroom - Send negative for processing for target\site\serenity\800584c791d22b958272c7d74b247fce49011649f730c14a57d67cefa43d6d7d.png
14:29:40.866 [main] DEBUG net.thucydides.core.steps.StepInterceptor - STEP DONE: Enter_contact_type
14:29:40.866 [Darkroom Processing Line] DEBUG net.serenitybdd.core.photography.DarkroomProcessingLine - Processing screenshot image in /var/screenshots/screenshot-2743700841640474232
14:29:40.866 [Darkroom Processing Line] DEBUG net.serenitybdd.core.photography.DarkroomProcessingLine - Saving screenshot to target\site\serenity\800584c791d22b958272c7d74b247fce49011649f730c14a57d67cefa43d6d7d.png
14:29:40.882 [Forwarding getPageSource on session 412c741e6f4f7ee9b149c7b74800e900 to remote] DEBUG org.asynchttpclient.netty.request.NettyRequestSender - Using pooled Channel '[id: 0x0fd79672, L:/127.0.0.1:59225 - R:localhost/127.0.0.1:19691]' for 'POST' to 'http://localhost:19691/session/412c741e6f4f7ee9b149c7b74800e900/execute/sync'
14:29:40.882 [Forwarding getPageSource on session 412c741e6f4f7ee9b149c7b74800e900 to remote] DEBUG org.asynchttpclient.netty.request.NettyRequestSender - Using open Channel [id: 0x0fd79672, L:/127.0.0.1:59225 - R:localhost/127.0.0.1:19691] for POST '/session/412c741e6f4f7ee9b149c7b74800e900/execute/sync'
14:29:40.897 [AsyncHttpClient-1-1] DEBUG org.asynchttpclient.netty.channel.DefaultChannelPool - Entry count for : http://localhost:59226 : 1
14:29:40.901 [AsyncHttpClient-1-8] DEBUG org.asynchttpclient.netty.handler.HttpHandler - 

Request DefaultHttpRequest(decodeResult: success, version: HTTP/1.1)
POST /session/412c741e6f4f7ee9b149c7b74800e900/execute/sync HTTP/1.1
User-Agent: selenium/4.8.1 (java windows)
Content-Length: 176
Content-Type: application/json; charset=utf-8
host: localhost:19691
accept: */*

Response DefaultHttpResponse(decodeResult: success, version: HTTP/1.1)
HTTP/1.1 200 OK
Content-Length: 44516
Content-Type: application/json; charset=utf-8
cache-control: no-cache

14:29:40.901 [AsyncHttpClient-1-8] DEBUG org.asynchttpclient.netty.channel.ChannelManager - Adding key: http://localhost:19691 for channel [id: 0x0fd79672, L:/127.0.0.1:59225 - R:localhost/127.0.0.1:19691]
14:29:40.913 [Forwarding getCurrentUrl on session 412c741e6f4f7ee9b149c7b74800e900 to remote] DEBUG org.asynchttpclient.netty.request.NettyRequestSender - Using pooled Channel '[id: 0x0fd79672, L:/127.0.0.1:59225 - R:localhost/127.0.0.1:19691]' for 'GET' to 'http://localhost:19691/session/412c741e6f4f7ee9b149c7b74800e900/url'
14:29:40.913 [Forwarding getCurrentUrl on session 412c741e6f4f7ee9b149c7b74800e900 to remote] DEBUG org.asynchttpclient.netty.request.NettyRequestSender - Using open Channel [id: 0x0fd79672, L:/127.0.0.1:59225 - R:localhost/127.0.0.1:19691] for GET '/session/412c741e6f4f7ee9b149c7b74800e900/url'
14:29:40.929 [AsyncHttpClient-1-8] DEBUG org.asynchttpclient.netty.handler.HttpHandler - 

Request DefaultFullHttpRequest(decodeResult: success, version: HTTP/1.1, content: EmptyByteBufBE)
GET /session/412c741e6f4f7ee9b149c7b74800e900/url HTTP/1.1
User-Agent: selenium/4.8.1 (java windows)
Cache-Control: no-cache
Content-Type: application/json; charset=utf-8
host: localhost:19691
accept: */*

Response DefaultHttpResponse(decodeResult: success, version: HTTP/1.1)
HTTP/1.1 200 OK
Content-Length: 63
Content-Type: application/json; charset=utf-8
cache-control: no-cache

14:29:40.929 [AsyncHttpClient-1-8] DEBUG org.asynchttpclient.netty.channel.ChannelManager - Adding key: http://localhost:19691 for channel [id: 0x0fd79672, L:/127.0.0.1:59225 - R:localhost/127.0.0.1:19691]
14:29:40.945 [Forwarding getAlertText on session 412c741e6f4f7ee9b149c7b74800e900 to remote] DEBUG org.asynchttpclient.netty.request.NettyRequestSender - Using pooled Channel '[id: 0x0fd79672, L:/127.0.0.1:59225 - R:localhost/127.0.0.1:19691]' for 'GET' to 'http://localhost:19691/session/412c741e6f4f7ee9b149c7b74800e900/alert/text'
14:29:40.945 [Forwarding getAlertText on session 412c741e6f4f7ee9b149c7b74800e900 to remote] DEBUG org.asynchttpclient.netty.request.NettyRequestSender - Using open Channel [id: 0x0fd79672, L:/127.0.0.1:59225 - R:localhost/127.0.0.1:19691] for GET '/session/412c741e6f4f7ee9b149c7b74800e900/alert/text'
14:29:40.955 [AsyncHttpClient-1-8] DEBUG org.asynchttpclient.netty.handler.HttpHandler - 

Request DefaultFullHttpRequest(decodeResult: success, version: HTTP/1.1, content: EmptyByteBufBE)
GET /session/412c741e6f4f7ee9b149c7b74800e900/alert/text HTTP/1.1
User-Agent: selenium/4.8.1 (java windows)
Cache-Control: no-cache
Content-Type: application/json; charset=utf-8
host: localhost:19691
accept: */*

Response DefaultHttpResponse(decodeResult: success, version: HTTP/1.1)
HTTP/1.1 404 Not Found
Content-Length: 821
Content-Type: application/json; charset=utf-8
cache-control: no-cache

14:29:40.955 [AsyncHttpClient-1-8] DEBUG org.asynchttpclient.netty.channel.ChannelManager - Adding key: http://localhost:19691 for channel [id: 0x0fd79672, L:/127.0.0.1:59225 - R:localhost/127.0.0.1:19691]
14:29:40.955 [Forwarding getCurrentUrl on session 412c741e6f4f7ee9b149c7b74800e900 to remote] DEBUG org.asynchttpclient.netty.request.NettyRequestSender - Using pooled Channel '[id: 0x0fd79672, L:/127.0.0.1:59225 - R:localhost/127.0.0.1:19691]' for 'GET' to 'http://localhost:19691/session/412c741e6f4f7ee9b149c7b74800e900/url'
14:29:40.955 [Forwarding getCurrentUrl on session 412c741e6f4f7ee9b149c7b74800e900 to remote] DEBUG org.asynchttpclient.netty.request.NettyRequestSender - Using open Channel [id: 0x0fd79672, L:/127.0.0.1:59225 - R:localhost/127.0.0.1:19691] for GET '/session/412c741e6f4f7ee9b149c7b74800e900/url'
14:29:40.965 [AsyncHttpClient-1-8] DEBUG org.asynchttpclient.netty.handler.HttpHandler - 

Request DefaultFullHttpRequest(decodeResult: success, version: HTTP/1.1, content: EmptyByteBufBE)
GET /session/412c741e6f4f7ee9b149c7b74800e900/url HTTP/1.1
User-Agent: selenium/4.8.1 (java windows)
Cache-Control: no-cache
Content-Type: application/json; charset=utf-8
host: localhost:19691
accept: */*

Response DefaultHttpResponse(decodeResult: success, version: HTTP/1.1)
HTTP/1.1 200 OK
Content-Length: 63
Content-Type: application/json; charset=utf-8
cache-control: no-cache

14:29:40.965 [AsyncHttpClient-1-8] DEBUG org.asynchttpclient.netty.channel.ChannelManager - Adding key: http://localhost:19691 for channel [id: 0x0fd79672, L:/127.0.0.1:59225 - R:localhost/127.0.0.1:19691]
14:29:40.965 [Forwarding screenshot on session 412c741e6f4f7ee9b149c7b74800e900 to remote] DEBUG org.asynchttpclient.netty.request.NettyRequestSender - Using pooled Channel '[id: 0x0fd79672, L:/127.0.0.1:59225 - R:localhost/127.0.0.1:19691]' for 'GET' to 'http://localhost:19691/session/412c741e6f4f7ee9b149c7b74800e900/screenshot'
14:29:40.965 [Forwarding screenshot on session 412c741e6f4f7ee9b149c7b74800e900 to remote] DEBUG org.asynchttpclient.netty.request.NettyRequestSender - Using open Channel [id: 0x0fd79672, L:/127.0.0.1:59225 - R:localhost/127.0.0.1:19691] for GET '/session/412c741e6f4f7ee9b149c7b74800e900/screenshot'
14:29:41.206 [AsyncHttpClient-1-8] DEBUG org.asynchttpclient.netty.handler.HttpHandler - 

Request DefaultFullHttpRequest(decodeResult: success, version: HTTP/1.1, content: EmptyByteBufBE)
GET /session/412c741e6f4f7ee9b149c7b74800e900/screenshot HTTP/1.1
User-Agent: selenium/4.8.1 (java windows)
Cache-Control: no-cache
Content-Type: application/json; charset=utf-8
host: localhost:19691
accept: */*

Response DefaultHttpResponse(decodeResult: success, version: HTTP/1.1)
HTTP/1.1 200 OK
Content-Length: 72216
Content-Type: application/json; charset=utf-8
cache-control: no-cache

14:29:41.206 [AsyncHttpClient-1-8] DEBUG org.asynchttpclient.netty.channel.ChannelManager - Adding key: http://localhost:19691 for channel [id: 0x0fd79672, L:/127.0.0.1:59225 - R:localhost/127.0.0.1:19691]
14:29:41.211 [main] DEBUG net.serenitybdd.core.photography.Darkroom - Send negative for processing for target\site\serenity\800584c791d22b958272c7d74b247fce49011649f730c14a57d67cefa43d6d7d.png
14:29:41.216 [Forwarding getPageSource on session 412c741e6f4f7ee9b149c7b74800e900 to remote] DEBUG org.asynchttpclient.netty.request.NettyRequestSender - Using pooled Channel '[id: 0x0fd79672, L:/127.0.0.1:59225 - R:localhost/127.0.0.1:19691]' for 'POST' to 'http://localhost:19691/session/412c741e6f4f7ee9b149c7b74800e900/execute/sync'
14:29:41.216 [Forwarding getPageSource on session 412c741e6f4f7ee9b149c7b74800e900 to remote] DEBUG org.asynchttpclient.netty.request.NettyRequestSender - Using open Channel [id: 0x0fd79672, L:/127.0.0.1:59225 - R:localhost/127.0.0.1:19691] for POST '/session/412c741e6f4f7ee9b149c7b74800e900/execute/sync'
14:29:41.237 [AsyncHttpClient-1-8] DEBUG org.asynchttpclient.netty.handler.HttpHandler - 

Request DefaultHttpRequest(decodeResult: success, version: HTTP/1.1)
POST /session/412c741e6f4f7ee9b149c7b74800e900/execute/sync HTTP/1.1
User-Agent: selenium/4.8.1 (java windows)
Content-Length: 176
Content-Type: application/json; charset=utf-8
host: localhost:19691
accept: */*

Response DefaultHttpResponse(decodeResult: success, version: HTTP/1.1)
HTTP/1.1 200 OK
Content-Length: 44516
Content-Type: application/json; charset=utf-8
cache-control: no-cache

14:29:41.237 [AsyncHttpClient-1-8] DEBUG org.asynchttpclient.netty.channel.ChannelManager - Adding key: http://localhost:19691 for channel [id: 0x0fd79672, L:/127.0.0.1:59225 - R:localhost/127.0.0.1:19691]
14:29:41.248 [Forwarding getCurrentUrl on session 412c741e6f4f7ee9b149c7b74800e900 to remote] DEBUG org.asynchttpclient.netty.request.NettyRequestSender - Using pooled Channel '[id: 0x0fd79672, L:/127.0.0.1:59225 - R:localhost/127.0.0.1:19691]' for 'GET' to 'http://localhost:19691/session/412c741e6f4f7ee9b149c7b74800e900/url'
14:29:41.248 [Forwarding getCurrentUrl on session 412c741e6f4f7ee9b149c7b74800e900 to remote] DEBUG org.asynchttpclient.netty.request.NettyRequestSender - Using open Channel [id: 0x0fd79672, L:/127.0.0.1:59225 - R:localhost/127.0.0.1:19691] for GET '/session/412c741e6f4f7ee9b149c7b74800e900/url'
14:29:41.258 [AsyncHttpClient-1-8] DEBUG org.asynchttpclient.netty.handler.HttpHandler - 

Request DefaultFullHttpRequest(decodeResult: success, version: HTTP/1.1, content: EmptyByteBufBE)
GET /session/412c741e6f4f7ee9b149c7b74800e900/url HTTP/1.1
User-Agent: selenium/4.8.1 (java windows)
Cache-Control: no-cache
Content-Type: application/json; charset=utf-8
host: localhost:19691
accept: */*

Response DefaultHttpResponse(decodeResult: success, version: HTTP/1.1)
HTTP/1.1 200 OK
Content-Length: 63
Content-Type: application/json; charset=utf-8
cache-control: no-cache

14:29:41.258 [AsyncHttpClient-1-8] DEBUG org.asynchttpclient.netty.channel.ChannelManager - Adding key: http://localhost:19691 for channel [id: 0x0fd79672, L:/127.0.0.1:59225 - R:localhost/127.0.0.1:19691]
14:29:41.261 [main] DEBUG net.thucydides.core.steps.StepInterceptor - STARTING STEP: Afrexim_Signup_steps.enter_the_contact_title - Enter_Contact_Title
14:29:41.264 [Forwarding findElement on session 412c741e6f4f7ee9b149c7b74800e900 to remote] DEBUG org.asynchttpclient.netty.request.NettyRequestSender - Using pooled Channel '[id: 0x0fd79672, L:/127.0.0.1:59225 - R:localhost/127.0.0.1:19691]' for 'POST' to 'http://localhost:19691/session/412c741e6f4f7ee9b149c7b74800e900/element'
14:29:41.264 [Forwarding findElement on session 412c741e6f4f7ee9b149c7b74800e900 to remote] DEBUG org.asynchttpclient.netty.request.NettyRequestSender - Using open Channel [id: 0x0fd79672, L:/127.0.0.1:59225 - R:localhost/127.0.0.1:19691] for POST '/session/412c741e6f4f7ee9b149c7b74800e900/element'
14:29:41.291 [AsyncHttpClient-1-8] DEBUG org.asynchttpclient.netty.handler.HttpHandler - 

Request DefaultHttpRequest(decodeResult: success, version: HTTP/1.1)
POST /session/412c741e6f4f7ee9b149c7b74800e900/element HTTP/1.1
User-Agent: selenium/4.8.1 (java windows)
Content-Length: 85
Content-Type: application/json; charset=utf-8
host: localhost:19691
accept: */*

Response DefaultHttpResponse(decodeResult: success, version: HTTP/1.1)
HTTP/1.1 200 OK
Content-Length: 95
Content-Type: application/json; charset=utf-8
cache-control: no-cache

14:29:41.291 [AsyncHttpClient-1-8] DEBUG org.asynchttpclient.netty.channel.ChannelManager - Adding key: http://localhost:19691 for channel [id: 0x0fd79672, L:/127.0.0.1:59225 - R:localhost/127.0.0.1:19691]
14:29:41.296 [Forwarding clearElement on session 412c741e6f4f7ee9b149c7b74800e900 to remote] DEBUG org.asynchttpclient.netty.request.NettyRequestSender - Using pooled Channel '[id: 0x0fd79672, L:/127.0.0.1:59225 - R:localhost/127.0.0.1:19691]' for 'POST' to 'http://localhost:19691/session/412c741e6f4f7ee9b149c7b74800e900/element/9330F8CD5D18F75156EB4FB715507178_element_74/clear'
14:29:41.296 [Forwarding clearElement on session 412c741e6f4f7ee9b149c7b74800e900 to remote] DEBUG org.asynchttpclient.netty.request.NettyRequestSender - Using open Channel [id: 0x0fd79672, L:/127.0.0.1:59225 - R:localhost/127.0.0.1:19691] for POST '/session/412c741e6f4f7ee9b149c7b74800e900/element/9330F8CD5D18F75156EB4FB715507178_element_74/clear'
14:29:41.418 [AsyncHttpClient-1-8] DEBUG org.asynchttpclient.netty.handler.HttpHandler - 

Request DefaultHttpRequest(decodeResult: success, version: HTTP/1.1)
POST /session/412c741e6f4f7ee9b149c7b74800e900/element/9330F8CD5D18F75156EB4FB715507178_element_74/clear HTTP/1.1
User-Agent: selenium/4.8.1 (java windows)
Content-Length: 57
Content-Type: application/json; charset=utf-8
host: localhost:19691
accept: */*

Response DefaultHttpResponse(decodeResult: success, version: HTTP/1.1)
HTTP/1.1 200 OK
Content-Length: 14
Content-Type: application/json; charset=utf-8
cache-control: no-cache

14:29:41.418 [AsyncHttpClient-1-8] DEBUG org.asynchttpclient.netty.channel.ChannelManager - Adding key: http://localhost:19691 for channel [id: 0x0fd79672, L:/127.0.0.1:59225 - R:localhost/127.0.0.1:19691]
14:29:41.418 [Forwarding sendKeysToElement on session 412c741e6f4f7ee9b149c7b74800e900 to remote] DEBUG org.asynchttpclient.netty.request.NettyRequestSender - Using pooled Channel '[id: 0x0fd79672, L:/127.0.0.1:59225 - R:localhost/127.0.0.1:19691]' for 'POST' to 'http://localhost:19691/session/412c741e6f4f7ee9b149c7b74800e900/element/9330F8CD5D18F75156EB4FB715507178_element_74/value'
14:29:41.418 [Forwarding sendKeysToElement on session 412c741e6f4f7ee9b149c7b74800e900 to remote] DEBUG org.asynchttpclient.netty.request.NettyRequestSender - Using open Channel [id: 0x0fd79672, L:/127.0.0.1:59225 - R:localhost/127.0.0.1:19691] for POST '/session/412c741e6f4f7ee9b149c7b74800e900/element/9330F8CD5D18F75156EB4FB715507178_element_74/value'
14:29:41.823 [AsyncHttpClient-1-8] DEBUG org.asynchttpclient.netty.handler.HttpHandler - 

Request DefaultHttpRequest(decodeResult: success, version: HTTP/1.1)
POST /session/412c741e6f4f7ee9b149c7b74800e900/element/9330F8CD5D18F75156EB4FB715507178_element_74/value HTTP/1.1
User-Agent: selenium/4.8.1 (java windows)
Content-Length: 108
Content-Type: application/json; charset=utf-8
host: localhost:19691
accept: */*

Response DefaultHttpResponse(decodeResult: success, version: HTTP/1.1)
HTTP/1.1 200 OK
Content-Length: 14
Content-Type: application/json; charset=utf-8
cache-control: no-cache

14:29:41.823 [AsyncHttpClient-1-8] DEBUG org.asynchttpclient.netty.channel.ChannelManager - Adding key: http://localhost:19691 for channel [id: 0x0fd79672, L:/127.0.0.1:59225 - R:localhost/127.0.0.1:19691]
14:29:41.823 [Forwarding sendKeysToElement on session 412c741e6f4f7ee9b149c7b74800e900 to remote] DEBUG org.asynchttpclient.netty.request.NettyRequestSender - Using pooled Channel '[id: 0x0fd79672, L:/127.0.0.1:59225 - R:localhost/127.0.0.1:19691]' for 'POST' to 'http://localhost:19691/session/412c741e6f4f7ee9b149c7b74800e900/element/9330F8CD5D18F75156EB4FB715507178_element_74/value'
14:29:41.823 [Forwarding sendKeysToElement on session 412c741e6f4f7ee9b149c7b74800e900 to remote] DEBUG org.asynchttpclient.netty.request.NettyRequestSender - Using open Channel [id: 0x0fd79672, L:/127.0.0.1:59225 - R:localhost/127.0.0.1:19691] for POST '/session/412c741e6f4f7ee9b149c7b74800e900/element/9330F8CD5D18F75156EB4FB715507178_element_74/value'
14:29:41.930 [AsyncHttpClient-1-8] DEBUG org.asynchttpclient.netty.handler.HttpHandler - 

Request DefaultHttpRequest(decodeResult: success, version: HTTP/1.1)
POST /session/412c741e6f4f7ee9b149c7b74800e900/element/9330F8CD5D18F75156EB4FB715507178_element_74/value HTTP/1.1
User-Agent: selenium/4.8.1 (java windows)
Content-Length: 102
Content-Type: application/json; charset=utf-8
host: localhost:19691
accept: */*

Response DefaultHttpResponse(decodeResult: success, version: HTTP/1.1)
HTTP/1.1 200 OK
Content-Length: 14
Content-Type: application/json; charset=utf-8
cache-control: no-cache

14:29:41.930 [AsyncHttpClient-1-8] DEBUG org.asynchttpclient.netty.channel.ChannelManager - Adding key: http://localhost:19691 for channel [id: 0x0fd79672, L:/127.0.0.1:59225 - R:localhost/127.0.0.1:19691]
14:29:41.941 [Forwarding getAlertText on session 412c741e6f4f7ee9b149c7b74800e900 to remote] DEBUG org.asynchttpclient.netty.request.NettyRequestSender - Using pooled Channel '[id: 0x0fd79672, L:/127.0.0.1:59225 - R:localhost/127.0.0.1:19691]' for 'GET' to 'http://localhost:19691/session/412c741e6f4f7ee9b149c7b74800e900/alert/text'
14:29:41.941 [Forwarding getAlertText on session 412c741e6f4f7ee9b149c7b74800e900 to remote] DEBUG org.asynchttpclient.netty.request.NettyRequestSender - Using open Channel [id: 0x0fd79672, L:/127.0.0.1:59225 - R:localhost/127.0.0.1:19691] for GET '/session/412c741e6f4f7ee9b149c7b74800e900/alert/text'
14:29:41.941 [AsyncHttpClient-1-8] DEBUG org.asynchttpclient.netty.handler.HttpHandler - 

Request DefaultFullHttpRequest(decodeResult: success, version: HTTP/1.1, content: EmptyByteBufBE)
GET /session/412c741e6f4f7ee9b149c7b74800e900/alert/text HTTP/1.1
User-Agent: selenium/4.8.1 (java windows)
Cache-Control: no-cache
Content-Type: application/json; charset=utf-8
host: localhost:19691
accept: */*

Response DefaultHttpResponse(decodeResult: success, version: HTTP/1.1)
HTTP/1.1 404 Not Found
Content-Length: 821
Content-Type: application/json; charset=utf-8
cache-control: no-cache

14:29:41.968 [AsyncHttpClient-1-8] DEBUG org.asynchttpclient.netty.channel.ChannelManager - Adding key: http://localhost:19691 for channel [id: 0x0fd79672, L:/127.0.0.1:59225 - R:localhost/127.0.0.1:19691]
14:29:41.970 [Forwarding getCurrentUrl on session 412c741e6f4f7ee9b149c7b74800e900 to remote] DEBUG org.asynchttpclient.netty.request.NettyRequestSender - Using pooled Channel '[id: 0x0fd79672, L:/127.0.0.1:59225 - R:localhost/127.0.0.1:19691]' for 'GET' to 'http://localhost:19691/session/412c741e6f4f7ee9b149c7b74800e900/url'
14:29:41.970 [Forwarding getCurrentUrl on session 412c741e6f4f7ee9b149c7b74800e900 to remote] DEBUG org.asynchttpclient.netty.request.NettyRequestSender - Using open Channel [id: 0x0fd79672, L:/127.0.0.1:59225 - R:localhost/127.0.0.1:19691] for GET '/session/412c741e6f4f7ee9b149c7b74800e900/url'
14:29:41.989 [AsyncHttpClient-1-8] DEBUG org.asynchttpclient.netty.handler.HttpHandler - 

Request DefaultFullHttpRequest(decodeResult: success, version: HTTP/1.1, content: EmptyByteBufBE)
GET /session/412c741e6f4f7ee9b149c7b74800e900/url HTTP/1.1
User-Agent: selenium/4.8.1 (java windows)
Cache-Control: no-cache
Content-Type: application/json; charset=utf-8
host: localhost:19691
accept: */*

Response DefaultHttpResponse(decodeResult: success, version: HTTP/1.1)
HTTP/1.1 200 OK
Content-Length: 63
Content-Type: application/json; charset=utf-8
cache-control: no-cache

14:29:41.989 [AsyncHttpClient-1-8] DEBUG org.asynchttpclient.netty.channel.ChannelManager - Adding key: http://localhost:19691 for channel [id: 0x0fd79672, L:/127.0.0.1:59225 - R:localhost/127.0.0.1:19691]
14:29:41.989 [Forwarding screenshot on session 412c741e6f4f7ee9b149c7b74800e900 to remote] DEBUG org.asynchttpclient.netty.request.NettyRequestSender - Using pooled Channel '[id: 0x0fd79672, L:/127.0.0.1:59225 - R:localhost/127.0.0.1:19691]' for 'GET' to 'http://localhost:19691/session/412c741e6f4f7ee9b149c7b74800e900/screenshot'
14:29:41.989 [Forwarding screenshot on session 412c741e6f4f7ee9b149c7b74800e900 to remote] DEBUG org.asynchttpclient.netty.request.NettyRequestSender - Using open Channel [id: 0x0fd79672, L:/127.0.0.1:59225 - R:localhost/127.0.0.1:19691] for GET '/session/412c741e6f4f7ee9b149c7b74800e900/screenshot'
14:29:42.037 [AsyncHttpClient-1-1] DEBUG org.asynchttpclient.netty.channel.DefaultChannelPool - Entry count for : http://localhost:59226 : 1
14:29:42.229 [AsyncHttpClient-1-8] DEBUG org.asynchttpclient.netty.handler.HttpHandler - 

Request DefaultFullHttpRequest(decodeResult: success, version: HTTP/1.1, content: EmptyByteBufBE)
GET /session/412c741e6f4f7ee9b149c7b74800e900/screenshot HTTP/1.1
User-Agent: selenium/4.8.1 (java windows)
Cache-Control: no-cache
Content-Type: application/json; charset=utf-8
host: localhost:19691
accept: */*

Response DefaultHttpResponse(decodeResult: success, version: HTTP/1.1)
HTTP/1.1 200 OK
Content-Length: 75836
Content-Type: application/json; charset=utf-8
cache-control: no-cache

14:29:42.229 [AsyncHttpClient-1-8] DEBUG org.asynchttpclient.netty.channel.ChannelManager - Adding key: http://localhost:19691 for channel [id: 0x0fd79672, L:/127.0.0.1:59225 - R:localhost/127.0.0.1:19691]
14:29:42.237 [main] DEBUG net.serenitybdd.core.photography.Darkroom - Send negative for processing for target\site\serenity\255c88e192be7a628c5e3c26dc0b84c980b59e381171767fa3746ef1570fa830.png
14:29:42.237 [main] DEBUG net.thucydides.core.steps.StepInterceptor - STEP DONE: Enter_Contact_Title
14:29:42.237 [Darkroom Processing Line] DEBUG net.serenitybdd.core.photography.DarkroomProcessingLine - Processing screenshot image in /var/screenshots/screenshot-1615129106859376385
14:29:42.237 [Darkroom Processing Line] DEBUG net.serenitybdd.core.photography.DarkroomProcessingLine - Saving screenshot to target\site\serenity\255c88e192be7a628c5e3c26dc0b84c980b59e381171767fa3746ef1570fa830.png
14:29:42.253 [Forwarding getPageSource on session 412c741e6f4f7ee9b149c7b74800e900 to remote] DEBUG org.asynchttpclient.netty.request.NettyRequestSender - Using pooled Channel '[id: 0x0fd79672, L:/127.0.0.1:59225 - R:localhost/127.0.0.1:19691]' for 'POST' to 'http://localhost:19691/session/412c741e6f4f7ee9b149c7b74800e900/execute/sync'
14:29:42.256 [Forwarding getPageSource on session 412c741e6f4f7ee9b149c7b74800e900 to remote] DEBUG org.asynchttpclient.netty.request.NettyRequestSender - Using open Channel [id: 0x0fd79672, L:/127.0.0.1:59225 - R:localhost/127.0.0.1:19691] for POST '/session/412c741e6f4f7ee9b149c7b74800e900/execute/sync'
14:29:42.269 [AsyncHttpClient-1-8] DEBUG org.asynchttpclient.netty.handler.HttpHandler - 

Request DefaultHttpRequest(decodeResult: success, version: HTTP/1.1)
POST /session/412c741e6f4f7ee9b149c7b74800e900/execute/sync HTTP/1.1
User-Agent: selenium/4.8.1 (java windows)
Content-Length: 176
Content-Type: application/json; charset=utf-8
host: localhost:19691
accept: */*

Response DefaultHttpResponse(decodeResult: success, version: HTTP/1.1)
HTTP/1.1 200 OK
Content-Length: 44518
Content-Type: application/json; charset=utf-8
cache-control: no-cache

14:29:42.269 [AsyncHttpClient-1-8] DEBUG org.asynchttpclient.netty.channel.ChannelManager - Adding key: http://localhost:19691 for channel [id: 0x0fd79672, L:/127.0.0.1:59225 - R:localhost/127.0.0.1:19691]
14:29:42.269 [Forwarding getCurrentUrl on session 412c741e6f4f7ee9b149c7b74800e900 to remote] DEBUG org.asynchttpclient.netty.request.NettyRequestSender - Using pooled Channel '[id: 0x0fd79672, L:/127.0.0.1:59225 - R:localhost/127.0.0.1:19691]' for 'GET' to 'http://localhost:19691/session/412c741e6f4f7ee9b149c7b74800e900/url'
14:29:42.269 [Forwarding getCurrentUrl on session 412c741e6f4f7ee9b149c7b74800e900 to remote] DEBUG org.asynchttpclient.netty.request.NettyRequestSender - Using open Channel [id: 0x0fd79672, L:/127.0.0.1:59225 - R:localhost/127.0.0.1:19691] for GET '/session/412c741e6f4f7ee9b149c7b74800e900/url'
14:29:42.277 [AsyncHttpClient-1-8] DEBUG org.asynchttpclient.netty.handler.HttpHandler - 

Request DefaultFullHttpRequest(decodeResult: success, version: HTTP/1.1, content: EmptyByteBufBE)
GET /session/412c741e6f4f7ee9b149c7b74800e900/url HTTP/1.1
User-Agent: selenium/4.8.1 (java windows)
Cache-Control: no-cache
Content-Type: application/json; charset=utf-8
host: localhost:19691
accept: */*

Response DefaultHttpResponse(decodeResult: success, version: HTTP/1.1)
HTTP/1.1 200 OK
Content-Length: 63
Content-Type: application/json; charset=utf-8
cache-control: no-cache

14:29:42.277 [AsyncHttpClient-1-8] DEBUG org.asynchttpclient.netty.channel.ChannelManager - Adding key: http://localhost:19691 for channel [id: 0x0fd79672, L:/127.0.0.1:59225 - R:localhost/127.0.0.1:19691]
14:29:42.293 [Forwarding getAlertText on session 412c741e6f4f7ee9b149c7b74800e900 to remote] DEBUG org.asynchttpclient.netty.request.NettyRequestSender - Using pooled Channel '[id: 0x0fd79672, L:/127.0.0.1:59225 - R:localhost/127.0.0.1:19691]' for 'GET' to 'http://localhost:19691/session/412c741e6f4f7ee9b149c7b74800e900/alert/text'
14:29:42.293 [Forwarding getAlertText on session 412c741e6f4f7ee9b149c7b74800e900 to remote] DEBUG org.asynchttpclient.netty.request.NettyRequestSender - Using open Channel [id: 0x0fd79672, L:/127.0.0.1:59225 - R:localhost/127.0.0.1:19691] for GET '/session/412c741e6f4f7ee9b149c7b74800e900/alert/text'
14:29:42.293 [AsyncHttpClient-1-8] DEBUG org.asynchttpclient.netty.handler.HttpHandler - 

Request DefaultFullHttpRequest(decodeResult: success, version: HTTP/1.1, content: EmptyByteBufBE)
GET /session/412c741e6f4f7ee9b149c7b74800e900/alert/text HTTP/1.1
User-Agent: selenium/4.8.1 (java windows)
Cache-Control: no-cache
Content-Type: application/json; charset=utf-8
host: localhost:19691
accept: */*

Response DefaultHttpResponse(decodeResult: success, version: HTTP/1.1)
HTTP/1.1 404 Not Found
Content-Length: 821
Content-Type: application/json; charset=utf-8
cache-control: no-cache

14:29:42.293 [AsyncHttpClient-1-8] DEBUG org.asynchttpclient.netty.channel.ChannelManager - Adding key: http://localhost:19691 for channel [id: 0x0fd79672, L:/127.0.0.1:59225 - R:localhost/127.0.0.1:19691]
14:29:42.298 [Forwarding getCurrentUrl on session 412c741e6f4f7ee9b149c7b74800e900 to remote] DEBUG org.asynchttpclient.netty.request.NettyRequestSender - Using pooled Channel '[id: 0x0fd79672, L:/127.0.0.1:59225 - R:localhost/127.0.0.1:19691]' for 'GET' to 'http://localhost:19691/session/412c741e6f4f7ee9b149c7b74800e900/url'
14:29:42.298 [Forwarding getCurrentUrl on session 412c741e6f4f7ee9b149c7b74800e900 to remote] DEBUG org.asynchttpclient.netty.request.NettyRequestSender - Using open Channel [id: 0x0fd79672, L:/127.0.0.1:59225 - R:localhost/127.0.0.1:19691] for GET '/session/412c741e6f4f7ee9b149c7b74800e900/url'
14:29:42.300 [AsyncHttpClient-1-8] DEBUG org.asynchttpclient.netty.handler.HttpHandler - 

Request DefaultFullHttpRequest(decodeResult: success, version: HTTP/1.1, content: EmptyByteBufBE)
GET /session/412c741e6f4f7ee9b149c7b74800e900/url HTTP/1.1
User-Agent: selenium/4.8.1 (java windows)
Cache-Control: no-cache
Content-Type: application/json; charset=utf-8
host: localhost:19691
accept: */*

Response DefaultHttpResponse(decodeResult: success, version: HTTP/1.1)
HTTP/1.1 200 OK
Content-Length: 63
Content-Type: application/json; charset=utf-8
cache-control: no-cache

14:29:42.300 [AsyncHttpClient-1-8] DEBUG org.asynchttpclient.netty.channel.ChannelManager - Adding key: http://localhost:19691 for channel [id: 0x0fd79672, L:/127.0.0.1:59225 - R:localhost/127.0.0.1:19691]
14:29:42.309 [Forwarding screenshot on session 412c741e6f4f7ee9b149c7b74800e900 to remote] DEBUG org.asynchttpclient.netty.request.NettyRequestSender - Using pooled Channel '[id: 0x0fd79672, L:/127.0.0.1:59225 - R:localhost/127.0.0.1:19691]' for 'GET' to 'http://localhost:19691/session/412c741e6f4f7ee9b149c7b74800e900/screenshot'
14:29:42.309 [Forwarding screenshot on session 412c741e6f4f7ee9b149c7b74800e900 to remote] DEBUG org.asynchttpclient.netty.request.NettyRequestSender - Using open Channel [id: 0x0fd79672, L:/127.0.0.1:59225 - R:localhost/127.0.0.1:19691] for GET '/session/412c741e6f4f7ee9b149c7b74800e900/screenshot'
14:29:42.484 [AsyncHttpClient-1-8] DEBUG org.asynchttpclient.netty.handler.HttpHandler - 

Request DefaultFullHttpRequest(decodeResult: success, version: HTTP/1.1, content: EmptyByteBufBE)
GET /session/412c741e6f4f7ee9b149c7b74800e900/screenshot HTTP/1.1
User-Agent: selenium/4.8.1 (java windows)
Cache-Control: no-cache
Content-Type: application/json; charset=utf-8
host: localhost:19691
accept: */*

Response DefaultHttpResponse(decodeResult: success, version: HTTP/1.1)
HTTP/1.1 200 OK
Content-Length: 75704
Content-Type: application/json; charset=utf-8
cache-control: no-cache

14:29:42.484 [AsyncHttpClient-1-8] DEBUG org.asynchttpclient.netty.channel.ChannelManager - Adding key: http://localhost:19691 for channel [id: 0x0fd79672, L:/127.0.0.1:59225 - R:localhost/127.0.0.1:19691]
14:29:42.488 [main] DEBUG net.serenitybdd.core.photography.Darkroom - Send negative for processing for target\site\serenity\a85c1b0505b6d71cf03efded1d44d9d5c63dae4ad4cc72dbe3f39cbce484c76d.png
14:29:42.488 [Darkroom Processing Line] DEBUG net.serenitybdd.core.photography.DarkroomProcessingLine - Processing screenshot image in /var/screenshots/screenshot-8153659717844943036
14:29:42.488 [Darkroom Processing Line] DEBUG net.serenitybdd.core.photography.DarkroomProcessingLine - Saving screenshot to target\site\serenity\a85c1b0505b6d71cf03efded1d44d9d5c63dae4ad4cc72dbe3f39cbce484c76d.png
14:29:42.496 [Forwarding getPageSource on session 412c741e6f4f7ee9b149c7b74800e900 to remote] DEBUG org.asynchttpclient.netty.request.NettyRequestSender - Using pooled Channel '[id: 0x0fd79672, L:/127.0.0.1:59225 - R:localhost/127.0.0.1:19691]' for 'POST' to 'http://localhost:19691/session/412c741e6f4f7ee9b149c7b74800e900/execute/sync'
14:29:42.496 [Forwarding getPageSource on session 412c741e6f4f7ee9b149c7b74800e900 to remote] DEBUG org.asynchttpclient.netty.request.NettyRequestSender - Using open Channel [id: 0x0fd79672, L:/127.0.0.1:59225 - R:localhost/127.0.0.1:19691] for POST '/session/412c741e6f4f7ee9b149c7b74800e900/execute/sync'
14:29:42.504 [AsyncHttpClient-1-8] DEBUG org.asynchttpclient.netty.handler.HttpHandler - 

Request DefaultHttpRequest(decodeResult: success, version: HTTP/1.1)
POST /session/412c741e6f4f7ee9b149c7b74800e900/execute/sync HTTP/1.1
User-Agent: selenium/4.8.1 (java windows)
Content-Length: 176
Content-Type: application/json; charset=utf-8
host: localhost:19691
accept: */*

Response DefaultHttpResponse(decodeResult: success, version: HTTP/1.1)
HTTP/1.1 200 OK
Content-Length: 44518
Content-Type: application/json; charset=utf-8
cache-control: no-cache

14:29:42.504 [AsyncHttpClient-1-8] DEBUG org.asynchttpclient.netty.channel.ChannelManager - Adding key: http://localhost:19691 for channel [id: 0x0fd79672, L:/127.0.0.1:59225 - R:localhost/127.0.0.1:19691]
14:29:42.512 [Forwarding getCurrentUrl on session 412c741e6f4f7ee9b149c7b74800e900 to remote] DEBUG org.asynchttpclient.netty.request.NettyRequestSender - Using pooled Channel '[id: 0x0fd79672, L:/127.0.0.1:59225 - R:localhost/127.0.0.1:19691]' for 'GET' to 'http://localhost:19691/session/412c741e6f4f7ee9b149c7b74800e900/url'
14:29:42.512 [Forwarding getCurrentUrl on session 412c741e6f4f7ee9b149c7b74800e900 to remote] DEBUG org.asynchttpclient.netty.request.NettyRequestSender - Using open Channel [id: 0x0fd79672, L:/127.0.0.1:59225 - R:localhost/127.0.0.1:19691] for GET '/session/412c741e6f4f7ee9b149c7b74800e900/url'
14:29:42.523 [AsyncHttpClient-1-8] DEBUG org.asynchttpclient.netty.handler.HttpHandler - 

Request DefaultFullHttpRequest(decodeResult: success, version: HTTP/1.1, content: EmptyByteBufBE)
GET /session/412c741e6f4f7ee9b149c7b74800e900/url HTTP/1.1
User-Agent: selenium/4.8.1 (java windows)
Cache-Control: no-cache
Content-Type: application/json; charset=utf-8
host: localhost:19691
accept: */*

Response DefaultHttpResponse(decodeResult: success, version: HTTP/1.1)
HTTP/1.1 200 OK
Content-Length: 63
Content-Type: application/json; charset=utf-8
cache-control: no-cache

14:29:42.523 [AsyncHttpClient-1-8] DEBUG org.asynchttpclient.netty.channel.ChannelManager - Adding key: http://localhost:19691 for channel [id: 0x0fd79672, L:/127.0.0.1:59225 - R:localhost/127.0.0.1:19691]
14:29:42.536 [Forwarding getPageSource on session 412c741e6f4f7ee9b149c7b74800e900 to remote] DEBUG org.asynchttpclient.netty.request.NettyRequestSender - Using pooled Channel '[id: 0x0fd79672, L:/127.0.0.1:59225 - R:localhost/127.0.0.1:19691]' for 'POST' to 'http://localhost:19691/session/412c741e6f4f7ee9b149c7b74800e900/execute/sync'
14:29:42.536 [Forwarding getPageSource on session 412c741e6f4f7ee9b149c7b74800e900 to remote] DEBUG org.asynchttpclient.netty.request.NettyRequestSender - Using open Channel [id: 0x0fd79672, L:/127.0.0.1:59225 - R:localhost/127.0.0.1:19691] for POST '/session/412c741e6f4f7ee9b149c7b74800e900/execute/sync'
14:29:42.555 [AsyncHttpClient-1-8] DEBUG org.asynchttpclient.netty.handler.HttpHandler - 

Request DefaultHttpRequest(decodeResult: success, version: HTTP/1.1)
POST /session/412c741e6f4f7ee9b149c7b74800e900/execute/sync HTTP/1.1
User-Agent: selenium/4.8.1 (java windows)
Content-Length: 176
Content-Type: application/json; charset=utf-8
host: localhost:19691
accept: */*

Response DefaultHttpResponse(decodeResult: success, version: HTTP/1.1)
HTTP/1.1 200 OK
Content-Length: 44518
Content-Type: application/json; charset=utf-8
cache-control: no-cache

14:29:42.555 [AsyncHttpClient-1-8] DEBUG org.asynchttpclient.netty.channel.ChannelManager - Adding key: http://localhost:19691 for channel [id: 0x0fd79672, L:/127.0.0.1:59225 - R:localhost/127.0.0.1:19691]
14:29:42.555 [Forwarding getCurrentUrl on session 412c741e6f4f7ee9b149c7b74800e900 to remote] DEBUG org.asynchttpclient.netty.request.NettyRequestSender - Using pooled Channel '[id: 0x0fd79672, L:/127.0.0.1:59225 - R:localhost/127.0.0.1:19691]' for 'GET' to 'http://localhost:19691/session/412c741e6f4f7ee9b149c7b74800e900/url'
14:29:42.555 [Forwarding getCurrentUrl on session 412c741e6f4f7ee9b149c7b74800e900 to remote] DEBUG org.asynchttpclient.netty.request.NettyRequestSender - Using open Channel [id: 0x0fd79672, L:/127.0.0.1:59225 - R:localhost/127.0.0.1:19691] for GET '/session/412c741e6f4f7ee9b149c7b74800e900/url'
14:29:42.568 [AsyncHttpClient-1-8] DEBUG org.asynchttpclient.netty.handler.HttpHandler - 

Request DefaultFullHttpRequest(decodeResult: success, version: HTTP/1.1, content: EmptyByteBufBE)
GET /session/412c741e6f4f7ee9b149c7b74800e900/url HTTP/1.1
User-Agent: selenium/4.8.1 (java windows)
Cache-Control: no-cache
Content-Type: application/json; charset=utf-8
host: localhost:19691
accept: */*

Response DefaultHttpResponse(decodeResult: success, version: HTTP/1.1)
HTTP/1.1 200 OK
Content-Length: 63
Content-Type: application/json; charset=utf-8
cache-control: no-cache

14:29:42.568 [AsyncHttpClient-1-8] DEBUG org.asynchttpclient.netty.channel.ChannelManager - Adding key: http://localhost:19691 for channel [id: 0x0fd79672, L:/127.0.0.1:59225 - R:localhost/127.0.0.1:19691]
14:29:42.568 [main] DEBUG net.thucydides.core.steps.StepInterceptor - STARTING STEP: Afrexim_Signup_steps.give_the_password - Give_password
14:29:42.568 [Forwarding findElement on session 412c741e6f4f7ee9b149c7b74800e900 to remote] DEBUG org.asynchttpclient.netty.request.NettyRequestSender - Using pooled Channel '[id: 0x0fd79672, L:/127.0.0.1:59225 - R:localhost/127.0.0.1:19691]' for 'POST' to 'http://localhost:19691/session/412c741e6f4f7ee9b149c7b74800e900/element'
14:29:42.568 [Forwarding findElement on session 412c741e6f4f7ee9b149c7b74800e900 to remote] DEBUG org.asynchttpclient.netty.request.NettyRequestSender - Using open Channel [id: 0x0fd79672, L:/127.0.0.1:59225 - R:localhost/127.0.0.1:19691] for POST '/session/412c741e6f4f7ee9b149c7b74800e900/element'
14:29:42.592 [AsyncHttpClient-1-8] DEBUG org.asynchttpclient.netty.handler.HttpHandler - 

Request DefaultHttpRequest(decodeResult: success, version: HTTP/1.1)
POST /session/412c741e6f4f7ee9b149c7b74800e900/element HTTP/1.1
User-Agent: selenium/4.8.1 (java windows)
Content-Length: 77
Content-Type: application/json; charset=utf-8
host: localhost:19691
accept: */*

Response DefaultHttpResponse(decodeResult: success, version: HTTP/1.1)
HTTP/1.1 200 OK
Content-Length: 95
Content-Type: application/json; charset=utf-8
cache-control: no-cache

14:29:42.592 [AsyncHttpClient-1-8] DEBUG org.asynchttpclient.netty.channel.ChannelManager - Adding key: http://localhost:19691 for channel [id: 0x0fd79672, L:/127.0.0.1:59225 - R:localhost/127.0.0.1:19691]
14:29:42.592 [Forwarding clearElement on session 412c741e6f4f7ee9b149c7b74800e900 to remote] DEBUG org.asynchttpclient.netty.request.NettyRequestSender - Using pooled Channel '[id: 0x0fd79672, L:/127.0.0.1:59225 - R:localhost/127.0.0.1:19691]' for 'POST' to 'http://localhost:19691/session/412c741e6f4f7ee9b149c7b74800e900/element/9330F8CD5D18F75156EB4FB715507178_element_58/clear'
14:29:42.592 [Forwarding clearElement on session 412c741e6f4f7ee9b149c7b74800e900 to remote] DEBUG org.asynchttpclient.netty.request.NettyRequestSender - Using open Channel [id: 0x0fd79672, L:/127.0.0.1:59225 - R:localhost/127.0.0.1:19691] for POST '/session/412c741e6f4f7ee9b149c7b74800e900/element/9330F8CD5D18F75156EB4FB715507178_element_58/clear'
14:29:42.640 [AsyncHttpClient-1-8] DEBUG org.asynchttpclient.netty.handler.HttpHandler - 

Request DefaultHttpRequest(decodeResult: success, version: HTTP/1.1)
POST /session/412c741e6f4f7ee9b149c7b74800e900/element/9330F8CD5D18F75156EB4FB715507178_element_58/clear HTTP/1.1
User-Agent: selenium/4.8.1 (java windows)
Content-Length: 57
Content-Type: application/json; charset=utf-8
host: localhost:19691
accept: */*

Response DefaultHttpResponse(decodeResult: success, version: HTTP/1.1)
HTTP/1.1 200 OK
Content-Length: 14
Content-Type: application/json; charset=utf-8
cache-control: no-cache

14:29:42.640 [AsyncHttpClient-1-8] DEBUG org.asynchttpclient.netty.channel.ChannelManager - Adding key: http://localhost:19691 for channel [id: 0x0fd79672, L:/127.0.0.1:59225 - R:localhost/127.0.0.1:19691]
14:29:42.640 [Forwarding sendKeysToElement on session 412c741e6f4f7ee9b149c7b74800e900 to remote] DEBUG org.asynchttpclient.netty.request.NettyRequestSender - Using pooled Channel '[id: 0x0fd79672, L:/127.0.0.1:59225 - R:localhost/127.0.0.1:19691]' for 'POST' to 'http://localhost:19691/session/412c741e6f4f7ee9b149c7b74800e900/element/9330F8CD5D18F75156EB4FB715507178_element_58/value'
14:29:42.640 [Forwarding sendKeysToElement on session 412c741e6f4f7ee9b149c7b74800e900 to remote] DEBUG org.asynchttpclient.netty.request.NettyRequestSender - Using open Channel [id: 0x0fd79672, L:/127.0.0.1:59225 - R:localhost/127.0.0.1:19691] for POST '/session/412c741e6f4f7ee9b149c7b74800e900/element/9330F8CD5D18F75156EB4FB715507178_element_58/value'
14:29:42.938 [AsyncHttpClient-1-8] DEBUG org.asynchttpclient.netty.handler.HttpHandler - 

Request DefaultHttpRequest(decodeResult: success, version: HTTP/1.1)
POST /session/412c741e6f4f7ee9b149c7b74800e900/element/9330F8CD5D18F75156EB4FB715507178_element_58/value HTTP/1.1
User-Agent: selenium/4.8.1 (java windows)
Content-Length: 178
Content-Type: application/json; charset=utf-8
host: localhost:19691
accept: */*

Response DefaultHttpResponse(decodeResult: success, version: HTTP/1.1)
HTTP/1.1 200 OK
Content-Length: 14
Content-Type: application/json; charset=utf-8
cache-control: no-cache

14:29:42.938 [AsyncHttpClient-1-8] DEBUG org.asynchttpclient.netty.channel.ChannelManager - Adding key: http://localhost:19691 for channel [id: 0x0fd79672, L:/127.0.0.1:59225 - R:localhost/127.0.0.1:19691]
14:29:42.938 [Forwarding sendKeysToElement on session 412c741e6f4f7ee9b149c7b74800e900 to remote] DEBUG org.asynchttpclient.netty.request.NettyRequestSender - Using pooled Channel '[id: 0x0fd79672, L:/127.0.0.1:59225 - R:localhost/127.0.0.1:19691]' for 'POST' to 'http://localhost:19691/session/412c741e6f4f7ee9b149c7b74800e900/element/9330F8CD5D18F75156EB4FB715507178_element_58/value'
14:29:42.938 [Forwarding sendKeysToElement on session 412c741e6f4f7ee9b149c7b74800e900 to remote] DEBUG org.asynchttpclient.netty.request.NettyRequestSender - Using open Channel [id: 0x0fd79672, L:/127.0.0.1:59225 - R:localhost/127.0.0.1:19691] for POST '/session/412c741e6f4f7ee9b149c7b74800e900/element/9330F8CD5D18F75156EB4FB715507178_element_58/value'
14:29:43.024 [AsyncHttpClient-1-8] DEBUG org.asynchttpclient.netty.handler.HttpHandler - 

Request DefaultHttpRequest(decodeResult: success, version: HTTP/1.1)
POST /session/412c741e6f4f7ee9b149c7b74800e900/element/9330F8CD5D18F75156EB4FB715507178_element_58/value HTTP/1.1
User-Agent: selenium/4.8.1 (java windows)
Content-Length: 102
Content-Type: application/json; charset=utf-8
host: localhost:19691
accept: */*

Response DefaultHttpResponse(decodeResult: success, version: HTTP/1.1)
HTTP/1.1 200 OK
Content-Length: 14
Content-Type: application/json; charset=utf-8
cache-control: no-cache

14:29:43.024 [AsyncHttpClient-1-8] DEBUG org.asynchttpclient.netty.channel.ChannelManager - Adding key: http://localhost:19691 for channel [id: 0x0fd79672, L:/127.0.0.1:59225 - R:localhost/127.0.0.1:19691]
14:29:43.045 [Forwarding getAlertText on session 412c741e6f4f7ee9b149c7b74800e900 to remote] DEBUG org.asynchttpclient.netty.request.NettyRequestSender - Using pooled Channel '[id: 0x0fd79672, L:/127.0.0.1:59225 - R:localhost/127.0.0.1:19691]' for 'GET' to 'http://localhost:19691/session/412c741e6f4f7ee9b149c7b74800e900/alert/text'
14:29:43.045 [Forwarding getAlertText on session 412c741e6f4f7ee9b149c7b74800e900 to remote] DEBUG org.asynchttpclient.netty.request.NettyRequestSender - Using open Channel [id: 0x0fd79672, L:/127.0.0.1:59225 - R:localhost/127.0.0.1:19691] for GET '/session/412c741e6f4f7ee9b149c7b74800e900/alert/text'
14:29:43.056 [AsyncHttpClient-1-8] DEBUG org.asynchttpclient.netty.handler.HttpHandler - 

Request DefaultFullHttpRequest(decodeResult: success, version: HTTP/1.1, content: EmptyByteBufBE)
GET /session/412c741e6f4f7ee9b149c7b74800e900/alert/text HTTP/1.1
User-Agent: selenium/4.8.1 (java windows)
Cache-Control: no-cache
Content-Type: application/json; charset=utf-8
host: localhost:19691
accept: */*

Response DefaultHttpResponse(decodeResult: success, version: HTTP/1.1)
HTTP/1.1 404 Not Found
Content-Length: 821
Content-Type: application/json; charset=utf-8
cache-control: no-cache

14:29:43.056 [AsyncHttpClient-1-8] DEBUG org.asynchttpclient.netty.channel.ChannelManager - Adding key: http://localhost:19691 for channel [id: 0x0fd79672, L:/127.0.0.1:59225 - R:localhost/127.0.0.1:19691]
14:29:43.063 [Forwarding getCurrentUrl on session 412c741e6f4f7ee9b149c7b74800e900 to remote] DEBUG org.asynchttpclient.netty.request.NettyRequestSender - Using pooled Channel '[id: 0x0fd79672, L:/127.0.0.1:59225 - R:localhost/127.0.0.1:19691]' for 'GET' to 'http://localhost:19691/session/412c741e6f4f7ee9b149c7b74800e900/url'
14:29:43.063 [Forwarding getCurrentUrl on session 412c741e6f4f7ee9b149c7b74800e900 to remote] DEBUG org.asynchttpclient.netty.request.NettyRequestSender - Using open Channel [id: 0x0fd79672, L:/127.0.0.1:59225 - R:localhost/127.0.0.1:19691] for GET '/session/412c741e6f4f7ee9b149c7b74800e900/url'
14:29:43.102 [AsyncHttpClient-1-1] DEBUG org.asynchttpclient.netty.channel.DefaultChannelPool - Entry count for : http://localhost:59226 : 1
14:29:43.102 [AsyncHttpClient-1-8] DEBUG org.asynchttpclient.netty.handler.HttpHandler - 

Request DefaultFullHttpRequest(decodeResult: success, version: HTTP/1.1, content: EmptyByteBufBE)
GET /session/412c741e6f4f7ee9b149c7b74800e900/url HTTP/1.1
User-Agent: selenium/4.8.1 (java windows)
Cache-Control: no-cache
Content-Type: application/json; charset=utf-8
host: localhost:19691
accept: */*

Response DefaultHttpResponse(decodeResult: success, version: HTTP/1.1)
HTTP/1.1 200 OK
Content-Length: 63
Content-Type: application/json; charset=utf-8
cache-control: no-cache

14:29:43.102 [AsyncHttpClient-1-8] DEBUG org.asynchttpclient.netty.channel.ChannelManager - Adding key: http://localhost:19691 for channel [id: 0x0fd79672, L:/127.0.0.1:59225 - R:localhost/127.0.0.1:19691]
14:29:43.102 [Forwarding screenshot on session 412c741e6f4f7ee9b149c7b74800e900 to remote] DEBUG org.asynchttpclient.netty.request.NettyRequestSender - Using pooled Channel '[id: 0x0fd79672, L:/127.0.0.1:59225 - R:localhost/127.0.0.1:19691]' for 'GET' to 'http://localhost:19691/session/412c741e6f4f7ee9b149c7b74800e900/screenshot'
14:29:43.102 [Forwarding screenshot on session 412c741e6f4f7ee9b149c7b74800e900 to remote] DEBUG org.asynchttpclient.netty.request.NettyRequestSender - Using open Channel [id: 0x0fd79672, L:/127.0.0.1:59225 - R:localhost/127.0.0.1:19691] for GET '/session/412c741e6f4f7ee9b149c7b74800e900/screenshot'
14:29:43.333 [AsyncHttpClient-1-8] DEBUG org.asynchttpclient.netty.handler.HttpHandler - 

Request DefaultFullHttpRequest(decodeResult: success, version: HTTP/1.1, content: EmptyByteBufBE)
GET /session/412c741e6f4f7ee9b149c7b74800e900/screenshot HTTP/1.1
User-Agent: selenium/4.8.1 (java windows)
Cache-Control: no-cache
Content-Type: application/json; charset=utf-8
host: localhost:19691
accept: */*

Response DefaultHttpResponse(decodeResult: success, version: HTTP/1.1)
HTTP/1.1 200 OK
Content-Length: 76116
Content-Type: application/json; charset=utf-8
cache-control: no-cache

14:29:43.333 [AsyncHttpClient-1-8] DEBUG org.asynchttpclient.netty.channel.ChannelManager - Adding key: http://localhost:19691 for channel [id: 0x0fd79672, L:/127.0.0.1:59225 - R:localhost/127.0.0.1:19691]
14:29:43.345 [main] DEBUG net.serenitybdd.core.photography.Darkroom - Send negative for processing for target\site\serenity\e5c96d120991878c109d45c3253812f5ba08fd21872e5fa52e54049a07def319.png
14:29:43.345 [main] DEBUG net.thucydides.core.steps.StepInterceptor - STEP DONE: Give_password
14:29:43.345 [Darkroom Processing Line] DEBUG net.serenitybdd.core.photography.DarkroomProcessingLine - Processing screenshot image in /var/screenshots/screenshot-492055123695207149
14:29:43.345 [Darkroom Processing Line] DEBUG net.serenitybdd.core.photography.DarkroomProcessingLine - Saving screenshot to target\site\serenity\e5c96d120991878c109d45c3253812f5ba08fd21872e5fa52e54049a07def319.png
14:29:43.359 [Forwarding getPageSource on session 412c741e6f4f7ee9b149c7b74800e900 to remote] DEBUG org.asynchttpclient.netty.request.NettyRequestSender - Using pooled Channel '[id: 0x0fd79672, L:/127.0.0.1:59225 - R:localhost/127.0.0.1:19691]' for 'POST' to 'http://localhost:19691/session/412c741e6f4f7ee9b149c7b74800e900/execute/sync'
14:29:43.359 [Forwarding getPageSource on session 412c741e6f4f7ee9b149c7b74800e900 to remote] DEBUG org.asynchttpclient.netty.request.NettyRequestSender - Using open Channel [id: 0x0fd79672, L:/127.0.0.1:59225 - R:localhost/127.0.0.1:19691] for POST '/session/412c741e6f4f7ee9b149c7b74800e900/execute/sync'
14:29:43.376 [AsyncHttpClient-1-8] DEBUG org.asynchttpclient.netty.handler.HttpHandler - 

Request DefaultHttpRequest(decodeResult: success, version: HTTP/1.1)
POST /session/412c741e6f4f7ee9b149c7b74800e900/execute/sync HTTP/1.1
User-Agent: selenium/4.8.1 (java windows)
Content-Length: 176
Content-Type: application/json; charset=utf-8
host: localhost:19691
accept: */*

Response DefaultHttpResponse(decodeResult: success, version: HTTP/1.1)
HTTP/1.1 200 OK
Content-Length: 44527
Content-Type: application/json; charset=utf-8
cache-control: no-cache

14:29:43.376 [AsyncHttpClient-1-8] DEBUG org.asynchttpclient.netty.channel.ChannelManager - Adding key: http://localhost:19691 for channel [id: 0x0fd79672, L:/127.0.0.1:59225 - R:localhost/127.0.0.1:19691]
14:29:43.376 [Forwarding getCurrentUrl on session 412c741e6f4f7ee9b149c7b74800e900 to remote] DEBUG org.asynchttpclient.netty.request.NettyRequestSender - Using pooled Channel '[id: 0x0fd79672, L:/127.0.0.1:59225 - R:localhost/127.0.0.1:19691]' for 'GET' to 'http://localhost:19691/session/412c741e6f4f7ee9b149c7b74800e900/url'
14:29:43.376 [Forwarding getCurrentUrl on session 412c741e6f4f7ee9b149c7b74800e900 to remote] DEBUG org.asynchttpclient.netty.request.NettyRequestSender - Using open Channel [id: 0x0fd79672, L:/127.0.0.1:59225 - R:localhost/127.0.0.1:19691] for GET '/session/412c741e6f4f7ee9b149c7b74800e900/url'
14:29:43.386 [AsyncHttpClient-1-8] DEBUG org.asynchttpclient.netty.handler.HttpHandler - 

Request DefaultFullHttpRequest(decodeResult: success, version: HTTP/1.1, content: EmptyByteBufBE)
GET /session/412c741e6f4f7ee9b149c7b74800e900/url HTTP/1.1
User-Agent: selenium/4.8.1 (java windows)
Cache-Control: no-cache
Content-Type: application/json; charset=utf-8
host: localhost:19691
accept: */*

Response DefaultHttpResponse(decodeResult: success, version: HTTP/1.1)
HTTP/1.1 200 OK
Content-Length: 63
Content-Type: application/json; charset=utf-8
cache-control: no-cache

14:29:43.386 [AsyncHttpClient-1-8] DEBUG org.asynchttpclient.netty.channel.ChannelManager - Adding key: http://localhost:19691 for channel [id: 0x0fd79672, L:/127.0.0.1:59225 - R:localhost/127.0.0.1:19691]
14:29:43.398 [Forwarding getAlertText on session 412c741e6f4f7ee9b149c7b74800e900 to remote] DEBUG org.asynchttpclient.netty.request.NettyRequestSender - Using pooled Channel '[id: 0x0fd79672, L:/127.0.0.1:59225 - R:localhost/127.0.0.1:19691]' for 'GET' to 'http://localhost:19691/session/412c741e6f4f7ee9b149c7b74800e900/alert/text'
14:29:43.398 [Forwarding getAlertText on session 412c741e6f4f7ee9b149c7b74800e900 to remote] DEBUG org.asynchttpclient.netty.request.NettyRequestSender - Using open Channel [id: 0x0fd79672, L:/127.0.0.1:59225 - R:localhost/127.0.0.1:19691] for GET '/session/412c741e6f4f7ee9b149c7b74800e900/alert/text'
14:29:43.398 [AsyncHttpClient-1-8] DEBUG org.asynchttpclient.netty.handler.HttpHandler - 

Request DefaultFullHttpRequest(decodeResult: success, version: HTTP/1.1, content: EmptyByteBufBE)
GET /session/412c741e6f4f7ee9b149c7b74800e900/alert/text HTTP/1.1
User-Agent: selenium/4.8.1 (java windows)
Cache-Control: no-cache
Content-Type: application/json; charset=utf-8
host: localhost:19691
accept: */*

Response DefaultHttpResponse(decodeResult: success, version: HTTP/1.1)
HTTP/1.1 404 Not Found
Content-Length: 821
Content-Type: application/json; charset=utf-8
cache-control: no-cache

14:29:43.398 [AsyncHttpClient-1-8] DEBUG org.asynchttpclient.netty.channel.ChannelManager - Adding key: http://localhost:19691 for channel [id: 0x0fd79672, L:/127.0.0.1:59225 - R:localhost/127.0.0.1:19691]
14:29:43.905 [Forwarding getAlertText on session 412c741e6f4f7ee9b149c7b74800e900 to remote] DEBUG org.asynchttpclient.netty.request.NettyRequestSender - Using pooled Channel '[id: 0x0fd79672, L:/127.0.0.1:59225 - R:localhost/127.0.0.1:19691]' for 'GET' to 'http://localhost:19691/session/412c741e6f4f7ee9b149c7b74800e900/alert/text'
14:29:43.905 [Forwarding getAlertText on session 412c741e6f4f7ee9b149c7b74800e900 to remote] DEBUG org.asynchttpclient.netty.request.NettyRequestSender - Using open Channel [id: 0x0fd79672, L:/127.0.0.1:59225 - R:localhost/127.0.0.1:19691] for GET '/session/412c741e6f4f7ee9b149c7b74800e900/alert/text'
14:29:43.909 [AsyncHttpClient-1-8] DEBUG org.asynchttpclient.netty.handler.HttpHandler - 

Request DefaultFullHttpRequest(decodeResult: success, version: HTTP/1.1, content: EmptyByteBufBE)
GET /session/412c741e6f4f7ee9b149c7b74800e900/alert/text HTTP/1.1
User-Agent: selenium/4.8.1 (java windows)
Cache-Control: no-cache
Content-Type: application/json; charset=utf-8
host: localhost:19691
accept: */*

Response DefaultHttpResponse(decodeResult: success, version: HTTP/1.1)
HTTP/1.1 404 Not Found
Content-Length: 821
Content-Type: application/json; charset=utf-8
cache-control: no-cache

14:29:43.909 [AsyncHttpClient-1-8] DEBUG org.asynchttpclient.netty.channel.ChannelManager - Adding key: http://localhost:19691 for channel [id: 0x0fd79672, L:/127.0.0.1:59225 - R:localhost/127.0.0.1:19691]
14:29:43.909 [Forwarding getCurrentUrl on session 412c741e6f4f7ee9b149c7b74800e900 to remote] DEBUG org.asynchttpclient.netty.request.NettyRequestSender - Using pooled Channel '[id: 0x0fd79672, L:/127.0.0.1:59225 - R:localhost/127.0.0.1:19691]' for 'GET' to 'http://localhost:19691/session/412c741e6f4f7ee9b149c7b74800e900/url'
14:29:43.909 [Forwarding getCurrentUrl on session 412c741e6f4f7ee9b149c7b74800e900 to remote] DEBUG org.asynchttpclient.netty.request.NettyRequestSender - Using open Channel [id: 0x0fd79672, L:/127.0.0.1:59225 - R:localhost/127.0.0.1:19691] for GET '/session/412c741e6f4f7ee9b149c7b74800e900/url'
14:29:43.921 [AsyncHttpClient-1-8] DEBUG org.asynchttpclient.netty.handler.HttpHandler - 

Request DefaultFullHttpRequest(decodeResult: success, version: HTTP/1.1, content: EmptyByteBufBE)
GET /session/412c741e6f4f7ee9b149c7b74800e900/url HTTP/1.1
User-Agent: selenium/4.8.1 (java windows)
Cache-Control: no-cache
Content-Type: application/json; charset=utf-8
host: localhost:19691
accept: */*

Response DefaultHttpResponse(decodeResult: success, version: HTTP/1.1)
HTTP/1.1 200 OK
Content-Length: 63
Content-Type: application/json; charset=utf-8
cache-control: no-cache

14:29:43.921 [AsyncHttpClient-1-8] DEBUG org.asynchttpclient.netty.channel.ChannelManager - Adding key: http://localhost:19691 for channel [id: 0x0fd79672, L:/127.0.0.1:59225 - R:localhost/127.0.0.1:19691]
14:29:43.921 [Forwarding screenshot on session 412c741e6f4f7ee9b149c7b74800e900 to remote] DEBUG org.asynchttpclient.netty.request.NettyRequestSender - Using pooled Channel '[id: 0x0fd79672, L:/127.0.0.1:59225 - R:localhost/127.0.0.1:19691]' for 'GET' to 'http://localhost:19691/session/412c741e6f4f7ee9b149c7b74800e900/screenshot'
14:29:43.921 [Forwarding screenshot on session 412c741e6f4f7ee9b149c7b74800e900 to remote] DEBUG org.asynchttpclient.netty.request.NettyRequestSender - Using open Channel [id: 0x0fd79672, L:/127.0.0.1:59225 - R:localhost/127.0.0.1:19691] for GET '/session/412c741e6f4f7ee9b149c7b74800e900/screenshot'
14:29:44.148 [AsyncHttpClient-1-8] DEBUG org.asynchttpclient.netty.handler.HttpHandler - 

Request DefaultFullHttpRequest(decodeResult: success, version: HTTP/1.1, content: EmptyByteBufBE)
GET /session/412c741e6f4f7ee9b149c7b74800e900/screenshot HTTP/1.1
User-Agent: selenium/4.8.1 (java windows)
Cache-Control: no-cache
Content-Type: application/json; charset=utf-8
host: localhost:19691
accept: */*

Response DefaultHttpResponse(decodeResult: success, version: HTTP/1.1)
HTTP/1.1 200 OK
Content-Length: 76040
Content-Type: application/json; charset=utf-8
cache-control: no-cache

14:29:44.148 [AsyncHttpClient-1-8] DEBUG org.asynchttpclient.netty.channel.ChannelManager - Adding key: http://localhost:19691 for channel [id: 0x0fd79672, L:/127.0.0.1:59225 - R:localhost/127.0.0.1:19691]
14:29:44.155 [main] DEBUG net.serenitybdd.core.photography.Darkroom - Send negative for processing for target\site\serenity\7b0773bfec7a23bb4005a8fafac3401e93aed0eb240764ff84fadf4957593773.png
14:29:44.155 [Darkroom Processing Line] DEBUG net.serenitybdd.core.photography.DarkroomProcessingLine - Processing screenshot image in /var/screenshots/screenshot-509901285234835868
14:29:44.155 [Darkroom Processing Line] DEBUG net.serenitybdd.core.photography.DarkroomProcessingLine - Saving screenshot to target\site\serenity\7b0773bfec7a23bb4005a8fafac3401e93aed0eb240764ff84fadf4957593773.png
14:29:44.155 [Forwarding getPageSource on session 412c741e6f4f7ee9b149c7b74800e900 to remote] DEBUG org.asynchttpclient.netty.request.NettyRequestSender - Using pooled Channel '[id: 0x0fd79672, L:/127.0.0.1:59225 - R:localhost/127.0.0.1:19691]' for 'POST' to 'http://localhost:19691/session/412c741e6f4f7ee9b149c7b74800e900/execute/sync'
14:29:44.155 [Forwarding getPageSource on session 412c741e6f4f7ee9b149c7b74800e900 to remote] DEBUG org.asynchttpclient.netty.request.NettyRequestSender - Using open Channel [id: 0x0fd79672, L:/127.0.0.1:59225 - R:localhost/127.0.0.1:19691] for POST '/session/412c741e6f4f7ee9b149c7b74800e900/execute/sync'
14:29:44.171 [AsyncHttpClient-1-8] DEBUG org.asynchttpclient.netty.handler.HttpHandler - 

Request DefaultHttpRequest(decodeResult: success, version: HTTP/1.1)
POST /session/412c741e6f4f7ee9b149c7b74800e900/execute/sync HTTP/1.1
User-Agent: selenium/4.8.1 (java windows)
Content-Length: 176
Content-Type: application/json; charset=utf-8
host: localhost:19691
accept: */*

Response DefaultHttpResponse(decodeResult: success, version: HTTP/1.1)
HTTP/1.1 200 OK
Content-Length: 44527
Content-Type: application/json; charset=utf-8
cache-control: no-cache

14:29:44.171 [AsyncHttpClient-1-8] DEBUG org.asynchttpclient.netty.channel.ChannelManager - Adding key: http://localhost:19691 for channel [id: 0x0fd79672, L:/127.0.0.1:59225 - R:localhost/127.0.0.1:19691]
14:29:44.176 [Forwarding getCurrentUrl on session 412c741e6f4f7ee9b149c7b74800e900 to remote] DEBUG org.asynchttpclient.netty.request.NettyRequestSender - Using pooled Channel '[id: 0x0fd79672, L:/127.0.0.1:59225 - R:localhost/127.0.0.1:19691]' for 'GET' to 'http://localhost:19691/session/412c741e6f4f7ee9b149c7b74800e900/url'
14:29:44.176 [Forwarding getCurrentUrl on session 412c741e6f4f7ee9b149c7b74800e900 to remote] DEBUG org.asynchttpclient.netty.request.NettyRequestSender - Using open Channel [id: 0x0fd79672, L:/127.0.0.1:59225 - R:localhost/127.0.0.1:19691] for GET '/session/412c741e6f4f7ee9b149c7b74800e900/url'
14:29:44.187 [AsyncHttpClient-1-8] DEBUG org.asynchttpclient.netty.handler.HttpHandler - 

Request DefaultFullHttpRequest(decodeResult: success, version: HTTP/1.1, content: EmptyByteBufBE)
GET /session/412c741e6f4f7ee9b149c7b74800e900/url HTTP/1.1
User-Agent: selenium/4.8.1 (java windows)
Cache-Control: no-cache
Content-Type: application/json; charset=utf-8
host: localhost:19691
accept: */*

Response DefaultHttpResponse(decodeResult: success, version: HTTP/1.1)
HTTP/1.1 200 OK
Content-Length: 63
Content-Type: application/json; charset=utf-8
cache-control: no-cache

14:29:44.187 [AsyncHttpClient-1-8] DEBUG org.asynchttpclient.netty.channel.ChannelManager - Adding key: http://localhost:19691 for channel [id: 0x0fd79672, L:/127.0.0.1:59225 - R:localhost/127.0.0.1:19691]
14:29:44.197 [main] DEBUG net.thucydides.core.steps.StepInterceptor - STARTING STEP: Afrexim_Signup_steps.give_the_confirm_password - Give_confirm_password
14:29:44.202 [AsyncHttpClient-1-1] DEBUG org.asynchttpclient.netty.channel.DefaultChannelPool - Entry count for : http://localhost:59226 : 1
14:29:44.202 [AsyncHttpClient-1-1] DEBUG org.asynchttpclient.netty.channel.DefaultChannelPool - Entry count for : http://localhost:19691 : 1
14:29:44.202 [Forwarding findElement on session 412c741e6f4f7ee9b149c7b74800e900 to remote] DEBUG org.asynchttpclient.netty.request.NettyRequestSender - Using pooled Channel '[id: 0x0fd79672, L:/127.0.0.1:59225 - R:localhost/127.0.0.1:19691]' for 'POST' to 'http://localhost:19691/session/412c741e6f4f7ee9b149c7b74800e900/element'
14:29:44.202 [Forwarding findElement on session 412c741e6f4f7ee9b149c7b74800e900 to remote] DEBUG org.asynchttpclient.netty.request.NettyRequestSender - Using open Channel [id: 0x0fd79672, L:/127.0.0.1:59225 - R:localhost/127.0.0.1:19691] for POST '/session/412c741e6f4f7ee9b149c7b74800e900/element'
14:29:44.229 [AsyncHttpClient-1-8] DEBUG org.asynchttpclient.netty.handler.HttpHandler - 

Request DefaultHttpRequest(decodeResult: success, version: HTTP/1.1)
POST /session/412c741e6f4f7ee9b149c7b74800e900/element HTTP/1.1
User-Agent: selenium/4.8.1 (java windows)
Content-Length: 77
Content-Type: application/json; charset=utf-8
host: localhost:19691
accept: */*

Response DefaultHttpResponse(decodeResult: success, version: HTTP/1.1)
HTTP/1.1 200 OK
Content-Length: 95
Content-Type: application/json; charset=utf-8
cache-control: no-cache

14:29:44.229 [AsyncHttpClient-1-8] DEBUG org.asynchttpclient.netty.channel.ChannelManager - Adding key: http://localhost:19691 for channel [id: 0x0fd79672, L:/127.0.0.1:59225 - R:localhost/127.0.0.1:19691]
14:29:44.229 [Forwarding clearElement on session 412c741e6f4f7ee9b149c7b74800e900 to remote] DEBUG org.asynchttpclient.netty.request.NettyRequestSender - Using pooled Channel '[id: 0x0fd79672, L:/127.0.0.1:59225 - R:localhost/127.0.0.1:19691]' for 'POST' to 'http://localhost:19691/session/412c741e6f4f7ee9b149c7b74800e900/element/9330F8CD5D18F75156EB4FB715507178_element_59/clear'
14:29:44.229 [Forwarding clearElement on session 412c741e6f4f7ee9b149c7b74800e900 to remote] DEBUG org.asynchttpclient.netty.request.NettyRequestSender - Using open Channel [id: 0x0fd79672, L:/127.0.0.1:59225 - R:localhost/127.0.0.1:19691] for POST '/session/412c741e6f4f7ee9b149c7b74800e900/element/9330F8CD5D18F75156EB4FB715507178_element_59/clear'
14:29:44.293 [AsyncHttpClient-1-8] DEBUG org.asynchttpclient.netty.handler.HttpHandler - 

Request DefaultHttpRequest(decodeResult: success, version: HTTP/1.1)
POST /session/412c741e6f4f7ee9b149c7b74800e900/element/9330F8CD5D18F75156EB4FB715507178_element_59/clear HTTP/1.1
User-Agent: selenium/4.8.1 (java windows)
Content-Length: 57
Content-Type: application/json; charset=utf-8
host: localhost:19691
accept: */*

Response DefaultHttpResponse(decodeResult: success, version: HTTP/1.1)
HTTP/1.1 200 OK
Content-Length: 14
Content-Type: application/json; charset=utf-8
cache-control: no-cache

14:29:44.293 [AsyncHttpClient-1-8] DEBUG org.asynchttpclient.netty.channel.ChannelManager - Adding key: http://localhost:19691 for channel [id: 0x0fd79672, L:/127.0.0.1:59225 - R:localhost/127.0.0.1:19691]
14:29:44.299 [Forwarding sendKeysToElement on session 412c741e6f4f7ee9b149c7b74800e900 to remote] DEBUG org.asynchttpclient.netty.request.NettyRequestSender - Using pooled Channel '[id: 0x0fd79672, L:/127.0.0.1:59225 - R:localhost/127.0.0.1:19691]' for 'POST' to 'http://localhost:19691/session/412c741e6f4f7ee9b149c7b74800e900/element/9330F8CD5D18F75156EB4FB715507178_element_59/value'
14:29:44.299 [Forwarding sendKeysToElement on session 412c741e6f4f7ee9b149c7b74800e900 to remote] DEBUG org.asynchttpclient.netty.request.NettyRequestSender - Using open Channel [id: 0x0fd79672, L:/127.0.0.1:59225 - R:localhost/127.0.0.1:19691] for POST '/session/412c741e6f4f7ee9b149c7b74800e900/element/9330F8CD5D18F75156EB4FB715507178_element_59/value'
14:29:44.686 [AsyncHttpClient-1-8] DEBUG org.asynchttpclient.netty.handler.HttpHandler - 

Request DefaultHttpRequest(decodeResult: success, version: HTTP/1.1)
POST /session/412c741e6f4f7ee9b149c7b74800e900/element/9330F8CD5D18F75156EB4FB715507178_element_59/value HTTP/1.1
User-Agent: selenium/4.8.1 (java windows)
Content-Length: 178
Content-Type: application/json; charset=utf-8
host: localhost:19691
accept: */*

Response DefaultHttpResponse(decodeResult: success, version: HTTP/1.1)
HTTP/1.1 200 OK
Content-Length: 14
Content-Type: application/json; charset=utf-8
cache-control: no-cache

14:29:44.686 [AsyncHttpClient-1-8] DEBUG org.asynchttpclient.netty.channel.ChannelManager - Adding key: http://localhost:19691 for channel [id: 0x0fd79672, L:/127.0.0.1:59225 - R:localhost/127.0.0.1:19691]
14:29:44.688 [Forwarding sendKeysToElement on session 412c741e6f4f7ee9b149c7b74800e900 to remote] DEBUG org.asynchttpclient.netty.request.NettyRequestSender - Using pooled Channel '[id: 0x0fd79672, L:/127.0.0.1:59225 - R:localhost/127.0.0.1:19691]' for 'POST' to 'http://localhost:19691/session/412c741e6f4f7ee9b149c7b74800e900/element/9330F8CD5D18F75156EB4FB715507178_element_59/value'
14:29:44.688 [Forwarding sendKeysToElement on session 412c741e6f4f7ee9b149c7b74800e900 to remote] DEBUG org.asynchttpclient.netty.request.NettyRequestSender - Using open Channel [id: 0x0fd79672, L:/127.0.0.1:59225 - R:localhost/127.0.0.1:19691] for POST '/session/412c741e6f4f7ee9b149c7b74800e900/element/9330F8CD5D18F75156EB4FB715507178_element_59/value'
14:29:44.769 [AsyncHttpClient-1-8] DEBUG org.asynchttpclient.netty.handler.HttpHandler - 

Request DefaultHttpRequest(decodeResult: success, version: HTTP/1.1)
POST /session/412c741e6f4f7ee9b149c7b74800e900/element/9330F8CD5D18F75156EB4FB715507178_element_59/value HTTP/1.1
User-Agent: selenium/4.8.1 (java windows)
Content-Length: 102
Content-Type: application/json; charset=utf-8
host: localhost:19691
accept: */*

Response DefaultHttpResponse(decodeResult: success, version: HTTP/1.1)
HTTP/1.1 200 OK
Content-Length: 14
Content-Type: application/json; charset=utf-8
cache-control: no-cache

14:29:44.769 [AsyncHttpClient-1-8] DEBUG org.asynchttpclient.netty.channel.ChannelManager - Adding key: http://localhost:19691 for channel [id: 0x0fd79672, L:/127.0.0.1:59225 - R:localhost/127.0.0.1:19691]
14:29:44.779 [Forwarding getAlertText on session 412c741e6f4f7ee9b149c7b74800e900 to remote] DEBUG org.asynchttpclient.netty.request.NettyRequestSender - Using pooled Channel '[id: 0x0fd79672, L:/127.0.0.1:59225 - R:localhost/127.0.0.1:19691]' for 'GET' to 'http://localhost:19691/session/412c741e6f4f7ee9b149c7b74800e900/alert/text'
14:29:44.779 [Forwarding getAlertText on session 412c741e6f4f7ee9b149c7b74800e900 to remote] DEBUG org.asynchttpclient.netty.request.NettyRequestSender - Using open Channel [id: 0x0fd79672, L:/127.0.0.1:59225 - R:localhost/127.0.0.1:19691] for GET '/session/412c741e6f4f7ee9b149c7b74800e900/alert/text'
14:29:44.784 [AsyncHttpClient-1-8] DEBUG org.asynchttpclient.netty.handler.HttpHandler - 

Request DefaultFullHttpRequest(decodeResult: success, version: HTTP/1.1, content: EmptyByteBufBE)
GET /session/412c741e6f4f7ee9b149c7b74800e900/alert/text HTTP/1.1
User-Agent: selenium/4.8.1 (java windows)
Cache-Control: no-cache
Content-Type: application/json; charset=utf-8
host: localhost:19691
accept: */*

Response DefaultHttpResponse(decodeResult: success, version: HTTP/1.1)
HTTP/1.1 404 Not Found
Content-Length: 821
Content-Type: application/json; charset=utf-8
cache-control: no-cache

14:29:44.784 [AsyncHttpClient-1-8] DEBUG org.asynchttpclient.netty.channel.ChannelManager - Adding key: http://localhost:19691 for channel [id: 0x0fd79672, L:/127.0.0.1:59225 - R:localhost/127.0.0.1:19691]
14:29:44.786 [Forwarding getCurrentUrl on session 412c741e6f4f7ee9b149c7b74800e900 to remote] DEBUG org.asynchttpclient.netty.request.NettyRequestSender - Using pooled Channel '[id: 0x0fd79672, L:/127.0.0.1:59225 - R:localhost/127.0.0.1:19691]' for 'GET' to 'http://localhost:19691/session/412c741e6f4f7ee9b149c7b74800e900/url'
14:29:44.786 [Forwarding getCurrentUrl on session 412c741e6f4f7ee9b149c7b74800e900 to remote] DEBUG org.asynchttpclient.netty.request.NettyRequestSender - Using open Channel [id: 0x0fd79672, L:/127.0.0.1:59225 - R:localhost/127.0.0.1:19691] for GET '/session/412c741e6f4f7ee9b149c7b74800e900/url'
14:29:44.805 [AsyncHttpClient-1-8] DEBUG org.asynchttpclient.netty.handler.HttpHandler - 

Request DefaultFullHttpRequest(decodeResult: success, version: HTTP/1.1, content: EmptyByteBufBE)
GET /session/412c741e6f4f7ee9b149c7b74800e900/url HTTP/1.1
User-Agent: selenium/4.8.1 (java windows)
Cache-Control: no-cache
Content-Type: application/json; charset=utf-8
host: localhost:19691
accept: */*

Response DefaultHttpResponse(decodeResult: success, version: HTTP/1.1)
HTTP/1.1 200 OK
Content-Length: 63
Content-Type: application/json; charset=utf-8
cache-control: no-cache

14:29:44.805 [AsyncHttpClient-1-8] DEBUG org.asynchttpclient.netty.channel.ChannelManager - Adding key: http://localhost:19691 for channel [id: 0x0fd79672, L:/127.0.0.1:59225 - R:localhost/127.0.0.1:19691]
14:29:44.811 [Forwarding screenshot on session 412c741e6f4f7ee9b149c7b74800e900 to remote] DEBUG org.asynchttpclient.netty.request.NettyRequestSender - Using pooled Channel '[id: 0x0fd79672, L:/127.0.0.1:59225 - R:localhost/127.0.0.1:19691]' for 'GET' to 'http://localhost:19691/session/412c741e6f4f7ee9b149c7b74800e900/screenshot'
14:29:44.811 [Forwarding screenshot on session 412c741e6f4f7ee9b149c7b74800e900 to remote] DEBUG org.asynchttpclient.netty.request.NettyRequestSender - Using open Channel [id: 0x0fd79672, L:/127.0.0.1:59225 - R:localhost/127.0.0.1:19691] for GET '/session/412c741e6f4f7ee9b149c7b74800e900/screenshot'
14:29:45.093 [AsyncHttpClient-1-8] DEBUG org.asynchttpclient.netty.handler.HttpHandler - 

Request DefaultFullHttpRequest(decodeResult: success, version: HTTP/1.1, content: EmptyByteBufBE)
GET /session/412c741e6f4f7ee9b149c7b74800e900/screenshot HTTP/1.1
User-Agent: selenium/4.8.1 (java windows)
Cache-Control: no-cache
Content-Type: application/json; charset=utf-8
host: localhost:19691
accept: */*

Response DefaultHttpResponse(decodeResult: success, version: HTTP/1.1)
HTTP/1.1 200 OK
Content-Length: 76364
Content-Type: application/json; charset=utf-8
cache-control: no-cache

14:29:45.093 [AsyncHttpClient-1-8] DEBUG org.asynchttpclient.netty.channel.ChannelManager - Adding key: http://localhost:19691 for channel [id: 0x0fd79672, L:/127.0.0.1:59225 - R:localhost/127.0.0.1:19691]
14:29:45.093 [main] DEBUG net.serenitybdd.core.photography.Darkroom - Send negative for processing for target\site\serenity\37087b74650cc801222ed58129f4f41f8e788c92939163315228fb821b683a4f.png
14:29:45.104 [main] DEBUG net.thucydides.core.steps.StepInterceptor - STEP DONE: Give_confirm_password
14:29:45.104 [Darkroom Processing Line] DEBUG net.serenitybdd.core.photography.DarkroomProcessingLine - Processing screenshot image in /var/screenshots/screenshot-3281652087751344792
14:29:45.104 [Darkroom Processing Line] DEBUG net.serenitybdd.core.photography.DarkroomProcessingLine - Saving screenshot to target\site\serenity\37087b74650cc801222ed58129f4f41f8e788c92939163315228fb821b683a4f.png
14:29:45.115 [Forwarding getPageSource on session 412c741e6f4f7ee9b149c7b74800e900 to remote] DEBUG org.asynchttpclient.netty.request.NettyRequestSender - Using pooled Channel '[id: 0x0fd79672, L:/127.0.0.1:59225 - R:localhost/127.0.0.1:19691]' for 'POST' to 'http://localhost:19691/session/412c741e6f4f7ee9b149c7b74800e900/execute/sync'
14:29:45.115 [Forwarding getPageSource on session 412c741e6f4f7ee9b149c7b74800e900 to remote] DEBUG org.asynchttpclient.netty.request.NettyRequestSender - Using open Channel [id: 0x0fd79672, L:/127.0.0.1:59225 - R:localhost/127.0.0.1:19691] for POST '/session/412c741e6f4f7ee9b149c7b74800e900/execute/sync'
14:29:45.141 [AsyncHttpClient-1-8] DEBUG org.asynchttpclient.netty.handler.HttpHandler - 

Request DefaultHttpRequest(decodeResult: success, version: HTTP/1.1)
POST /session/412c741e6f4f7ee9b149c7b74800e900/execute/sync HTTP/1.1
User-Agent: selenium/4.8.1 (java windows)
Content-Length: 176
Content-Type: application/json; charset=utf-8
host: localhost:19691
accept: */*

Response DefaultHttpResponse(decodeResult: success, version: HTTP/1.1)
HTTP/1.1 200 OK
Content-Length: 44536
Content-Type: application/json; charset=utf-8
cache-control: no-cache

14:29:45.141 [AsyncHttpClient-1-8] DEBUG org.asynchttpclient.netty.channel.ChannelManager - Adding key: http://localhost:19691 for channel [id: 0x0fd79672, L:/127.0.0.1:59225 - R:localhost/127.0.0.1:19691]
14:29:45.147 [Forwarding getCurrentUrl on session 412c741e6f4f7ee9b149c7b74800e900 to remote] DEBUG org.asynchttpclient.netty.request.NettyRequestSender - Using pooled Channel '[id: 0x0fd79672, L:/127.0.0.1:59225 - R:localhost/127.0.0.1:19691]' for 'GET' to 'http://localhost:19691/session/412c741e6f4f7ee9b149c7b74800e900/url'
14:29:45.147 [Forwarding getCurrentUrl on session 412c741e6f4f7ee9b149c7b74800e900 to remote] DEBUG org.asynchttpclient.netty.request.NettyRequestSender - Using open Channel [id: 0x0fd79672, L:/127.0.0.1:59225 - R:localhost/127.0.0.1:19691] for GET '/session/412c741e6f4f7ee9b149c7b74800e900/url'
14:29:45.147 [AsyncHttpClient-1-8] DEBUG org.asynchttpclient.netty.handler.HttpHandler - 

Request DefaultFullHttpRequest(decodeResult: success, version: HTTP/1.1, content: EmptyByteBufBE)
GET /session/412c741e6f4f7ee9b149c7b74800e900/url HTTP/1.1
User-Agent: selenium/4.8.1 (java windows)
Cache-Control: no-cache
Content-Type: application/json; charset=utf-8
host: localhost:19691
accept: */*

Response DefaultHttpResponse(decodeResult: success, version: HTTP/1.1)
HTTP/1.1 200 OK
Content-Length: 63
Content-Type: application/json; charset=utf-8
cache-control: no-cache

14:29:45.147 [AsyncHttpClient-1-8] DEBUG org.asynchttpclient.netty.channel.ChannelManager - Adding key: http://localhost:19691 for channel [id: 0x0fd79672, L:/127.0.0.1:59225 - R:localhost/127.0.0.1:19691]
14:29:45.158 [Forwarding getAlertText on session 412c741e6f4f7ee9b149c7b74800e900 to remote] DEBUG org.asynchttpclient.netty.request.NettyRequestSender - Using pooled Channel '[id: 0x0fd79672, L:/127.0.0.1:59225 - R:localhost/127.0.0.1:19691]' for 'GET' to 'http://localhost:19691/session/412c741e6f4f7ee9b149c7b74800e900/alert/text'
14:29:45.158 [Forwarding getAlertText on session 412c741e6f4f7ee9b149c7b74800e900 to remote] DEBUG org.asynchttpclient.netty.request.NettyRequestSender - Using open Channel [id: 0x0fd79672, L:/127.0.0.1:59225 - R:localhost/127.0.0.1:19691] for GET '/session/412c741e6f4f7ee9b149c7b74800e900/alert/text'
14:29:45.168 [AsyncHttpClient-1-8] DEBUG org.asynchttpclient.netty.handler.HttpHandler - 

Request DefaultFullHttpRequest(decodeResult: success, version: HTTP/1.1, content: EmptyByteBufBE)
GET /session/412c741e6f4f7ee9b149c7b74800e900/alert/text HTTP/1.1
User-Agent: selenium/4.8.1 (java windows)
Cache-Control: no-cache
Content-Type: application/json; charset=utf-8
host: localhost:19691
accept: */*

Response DefaultHttpResponse(decodeResult: success, version: HTTP/1.1)
HTTP/1.1 404 Not Found
Content-Length: 821
Content-Type: application/json; charset=utf-8
cache-control: no-cache

14:29:45.168 [AsyncHttpClient-1-8] DEBUG org.asynchttpclient.netty.channel.ChannelManager - Adding key: http://localhost:19691 for channel [id: 0x0fd79672, L:/127.0.0.1:59225 - R:localhost/127.0.0.1:19691]
14:29:45.168 [Forwarding getCurrentUrl on session 412c741e6f4f7ee9b149c7b74800e900 to remote] DEBUG org.asynchttpclient.netty.request.NettyRequestSender - Using pooled Channel '[id: 0x0fd79672, L:/127.0.0.1:59225 - R:localhost/127.0.0.1:19691]' for 'GET' to 'http://localhost:19691/session/412c741e6f4f7ee9b149c7b74800e900/url'
14:29:45.168 [Forwarding getCurrentUrl on session 412c741e6f4f7ee9b149c7b74800e900 to remote] DEBUG org.asynchttpclient.netty.request.NettyRequestSender - Using open Channel [id: 0x0fd79672, L:/127.0.0.1:59225 - R:localhost/127.0.0.1:19691] for GET '/session/412c741e6f4f7ee9b149c7b74800e900/url'
14:29:45.179 [AsyncHttpClient-1-8] DEBUG org.asynchttpclient.netty.handler.HttpHandler - 

Request DefaultFullHttpRequest(decodeResult: success, version: HTTP/1.1, content: EmptyByteBufBE)
GET /session/412c741e6f4f7ee9b149c7b74800e900/url HTTP/1.1
User-Agent: selenium/4.8.1 (java windows)
Cache-Control: no-cache
Content-Type: application/json; charset=utf-8
host: localhost:19691
accept: */*

Response DefaultHttpResponse(decodeResult: success, version: HTTP/1.1)
HTTP/1.1 200 OK
Content-Length: 63
Content-Type: application/json; charset=utf-8
cache-control: no-cache

14:29:45.179 [AsyncHttpClient-1-8] DEBUG org.asynchttpclient.netty.channel.ChannelManager - Adding key: http://localhost:19691 for channel [id: 0x0fd79672, L:/127.0.0.1:59225 - R:localhost/127.0.0.1:19691]
14:29:45.186 [Forwarding screenshot on session 412c741e6f4f7ee9b149c7b74800e900 to remote] DEBUG org.asynchttpclient.netty.request.NettyRequestSender - Using pooled Channel '[id: 0x0fd79672, L:/127.0.0.1:59225 - R:localhost/127.0.0.1:19691]' for 'GET' to 'http://localhost:19691/session/412c741e6f4f7ee9b149c7b74800e900/screenshot'
14:29:45.186 [Forwarding screenshot on session 412c741e6f4f7ee9b149c7b74800e900 to remote] DEBUG org.asynchttpclient.netty.request.NettyRequestSender - Using open Channel [id: 0x0fd79672, L:/127.0.0.1:59225 - R:localhost/127.0.0.1:19691] for GET '/session/412c741e6f4f7ee9b149c7b74800e900/screenshot'
14:29:45.297 [AsyncHttpClient-1-1] DEBUG org.asynchttpclient.netty.channel.DefaultChannelPool - Entry count for : http://localhost:59226 : 1
14:29:45.408 [AsyncHttpClient-1-8] DEBUG org.asynchttpclient.netty.handler.HttpHandler - 

Request DefaultFullHttpRequest(decodeResult: success, version: HTTP/1.1, content: EmptyByteBufBE)
GET /session/412c741e6f4f7ee9b149c7b74800e900/screenshot HTTP/1.1
User-Agent: selenium/4.8.1 (java windows)
Cache-Control: no-cache
Content-Type: application/json; charset=utf-8
host: localhost:19691
accept: */*

Response DefaultHttpResponse(decodeResult: success, version: HTTP/1.1)
HTTP/1.1 200 OK
Content-Length: 76084
Content-Type: application/json; charset=utf-8
cache-control: no-cache

14:29:45.408 [AsyncHttpClient-1-8] DEBUG org.asynchttpclient.netty.channel.ChannelManager - Adding key: http://localhost:19691 for channel [id: 0x0fd79672, L:/127.0.0.1:59225 - R:localhost/127.0.0.1:19691]
14:29:45.413 [main] DEBUG net.serenitybdd.core.photography.Darkroom - Send negative for processing for target\site\serenity\df23aed37df8d15a1b687444b407ba37c4def700a1600bcbc5816b8b896f8438.png
14:29:45.416 [Darkroom Processing Line] DEBUG net.serenitybdd.core.photography.DarkroomProcessingLine - Processing screenshot image in /var/screenshots/screenshot-2527643366949572865
14:29:45.416 [Darkroom Processing Line] DEBUG net.serenitybdd.core.photography.DarkroomProcessingLine - Saving screenshot to target\site\serenity\df23aed37df8d15a1b687444b407ba37c4def700a1600bcbc5816b8b896f8438.png
14:29:45.416 [Forwarding getPageSource on session 412c741e6f4f7ee9b149c7b74800e900 to remote] DEBUG org.asynchttpclient.netty.request.NettyRequestSender - Using pooled Channel '[id: 0x0fd79672, L:/127.0.0.1:59225 - R:localhost/127.0.0.1:19691]' for 'POST' to 'http://localhost:19691/session/412c741e6f4f7ee9b149c7b74800e900/execute/sync'
14:29:45.416 [Forwarding getPageSource on session 412c741e6f4f7ee9b149c7b74800e900 to remote] DEBUG org.asynchttpclient.netty.request.NettyRequestSender - Using open Channel [id: 0x0fd79672, L:/127.0.0.1:59225 - R:localhost/127.0.0.1:19691] for POST '/session/412c741e6f4f7ee9b149c7b74800e900/execute/sync'
14:29:45.435 [AsyncHttpClient-1-8] DEBUG org.asynchttpclient.netty.handler.HttpHandler - 

Request DefaultHttpRequest(decodeResult: success, version: HTTP/1.1)
POST /session/412c741e6f4f7ee9b149c7b74800e900/execute/sync HTTP/1.1
User-Agent: selenium/4.8.1 (java windows)
Content-Length: 176
Content-Type: application/json; charset=utf-8
host: localhost:19691
accept: */*

Response DefaultHttpResponse(decodeResult: success, version: HTTP/1.1)
HTTP/1.1 200 OK
Content-Length: 44536
Content-Type: application/json; charset=utf-8
cache-control: no-cache

14:29:45.435 [AsyncHttpClient-1-8] DEBUG org.asynchttpclient.netty.channel.ChannelManager - Adding key: http://localhost:19691 for channel [id: 0x0fd79672, L:/127.0.0.1:59225 - R:localhost/127.0.0.1:19691]
14:29:45.435 [Forwarding getCurrentUrl on session 412c741e6f4f7ee9b149c7b74800e900 to remote] DEBUG org.asynchttpclient.netty.request.NettyRequestSender - Using pooled Channel '[id: 0x0fd79672, L:/127.0.0.1:59225 - R:localhost/127.0.0.1:19691]' for 'GET' to 'http://localhost:19691/session/412c741e6f4f7ee9b149c7b74800e900/url'
14:29:45.445 [Forwarding getCurrentUrl on session 412c741e6f4f7ee9b149c7b74800e900 to remote] DEBUG org.asynchttpclient.netty.request.NettyRequestSender - Using open Channel [id: 0x0fd79672, L:/127.0.0.1:59225 - R:localhost/127.0.0.1:19691] for GET '/session/412c741e6f4f7ee9b149c7b74800e900/url'
14:29:45.448 [AsyncHttpClient-1-8] DEBUG org.asynchttpclient.netty.handler.HttpHandler - 

Request DefaultFullHttpRequest(decodeResult: success, version: HTTP/1.1, content: EmptyByteBufBE)
GET /session/412c741e6f4f7ee9b149c7b74800e900/url HTTP/1.1
User-Agent: selenium/4.8.1 (java windows)
Cache-Control: no-cache
Content-Type: application/json; charset=utf-8
host: localhost:19691
accept: */*

Response DefaultHttpResponse(decodeResult: success, version: HTTP/1.1)
HTTP/1.1 200 OK
Content-Length: 63
Content-Type: application/json; charset=utf-8
cache-control: no-cache

14:29:45.448 [AsyncHttpClient-1-8] DEBUG org.asynchttpclient.netty.channel.ChannelManager - Adding key: http://localhost:19691 for channel [id: 0x0fd79672, L:/127.0.0.1:59225 - R:localhost/127.0.0.1:19691]
14:29:45.456 [main] DEBUG net.thucydides.core.steps.StepInterceptor - STARTING STEP: Afrexim_Signup_steps.enter_organization_legal_name - Give_organisation_legalname
14:29:45.456 [Forwarding findElement on session 412c741e6f4f7ee9b149c7b74800e900 to remote] DEBUG org.asynchttpclient.netty.request.NettyRequestSender - Using pooled Channel '[id: 0x0fd79672, L:/127.0.0.1:59225 - R:localhost/127.0.0.1:19691]' for 'POST' to 'http://localhost:19691/session/412c741e6f4f7ee9b149c7b74800e900/element'
14:29:45.456 [Forwarding findElement on session 412c741e6f4f7ee9b149c7b74800e900 to remote] DEBUG org.asynchttpclient.netty.request.NettyRequestSender - Using open Channel [id: 0x0fd79672, L:/127.0.0.1:59225 - R:localhost/127.0.0.1:19691] for POST '/session/412c741e6f4f7ee9b149c7b74800e900/element'
14:29:45.480 [AsyncHttpClient-1-8] DEBUG org.asynchttpclient.netty.handler.HttpHandler - 

Request DefaultHttpRequest(decodeResult: success, version: HTTP/1.1)
POST /session/412c741e6f4f7ee9b149c7b74800e900/element HTTP/1.1
User-Agent: selenium/4.8.1 (java windows)
Content-Length: 85
Content-Type: application/json; charset=utf-8
host: localhost:19691
accept: */*

Response DefaultHttpResponse(decodeResult: success, version: HTTP/1.1)
HTTP/1.1 200 OK
Content-Length: 95
Content-Type: application/json; charset=utf-8
cache-control: no-cache

14:29:45.480 [AsyncHttpClient-1-8] DEBUG org.asynchttpclient.netty.channel.ChannelManager - Adding key: http://localhost:19691 for channel [id: 0x0fd79672, L:/127.0.0.1:59225 - R:localhost/127.0.0.1:19691]
14:29:45.486 [Forwarding clearElement on session 412c741e6f4f7ee9b149c7b74800e900 to remote] DEBUG org.asynchttpclient.netty.request.NettyRequestSender - Using pooled Channel '[id: 0x0fd79672, L:/127.0.0.1:59225 - R:localhost/127.0.0.1:19691]' for 'POST' to 'http://localhost:19691/session/412c741e6f4f7ee9b149c7b74800e900/element/9330F8CD5D18F75156EB4FB715507178_element_77/clear'
14:29:45.486 [Forwarding clearElement on session 412c741e6f4f7ee9b149c7b74800e900 to remote] DEBUG org.asynchttpclient.netty.request.NettyRequestSender - Using open Channel [id: 0x0fd79672, L:/127.0.0.1:59225 - R:localhost/127.0.0.1:19691] for POST '/session/412c741e6f4f7ee9b149c7b74800e900/element/9330F8CD5D18F75156EB4FB715507178_element_77/clear'
14:29:45.530 [AsyncHttpClient-1-8] DEBUG org.asynchttpclient.netty.handler.HttpHandler - 

Request DefaultHttpRequest(decodeResult: success, version: HTTP/1.1)
POST /session/412c741e6f4f7ee9b149c7b74800e900/element/9330F8CD5D18F75156EB4FB715507178_element_77/clear HTTP/1.1
User-Agent: selenium/4.8.1 (java windows)
Content-Length: 57
Content-Type: application/json; charset=utf-8
host: localhost:19691
accept: */*

Response DefaultHttpResponse(decodeResult: success, version: HTTP/1.1)
HTTP/1.1 200 OK
Content-Length: 14
Content-Type: application/json; charset=utf-8
cache-control: no-cache

14:29:45.530 [AsyncHttpClient-1-8] DEBUG org.asynchttpclient.netty.channel.ChannelManager - Adding key: http://localhost:19691 for channel [id: 0x0fd79672, L:/127.0.0.1:59225 - R:localhost/127.0.0.1:19691]
14:29:45.543 [Forwarding sendKeysToElement on session 412c741e6f4f7ee9b149c7b74800e900 to remote] DEBUG org.asynchttpclient.netty.request.NettyRequestSender - Using pooled Channel '[id: 0x0fd79672, L:/127.0.0.1:59225 - R:localhost/127.0.0.1:19691]' for 'POST' to 'http://localhost:19691/session/412c741e6f4f7ee9b149c7b74800e900/element/9330F8CD5D18F75156EB4FB715507178_element_77/value'
14:29:45.543 [Forwarding sendKeysToElement on session 412c741e6f4f7ee9b149c7b74800e900 to remote] DEBUG org.asynchttpclient.netty.request.NettyRequestSender - Using open Channel [id: 0x0fd79672, L:/127.0.0.1:59225 - R:localhost/127.0.0.1:19691] for POST '/session/412c741e6f4f7ee9b149c7b74800e900/element/9330F8CD5D18F75156EB4FB715507178_element_77/value'
14:29:46.053 [AsyncHttpClient-1-8] DEBUG org.asynchttpclient.netty.handler.HttpHandler - 

Request DefaultHttpRequest(decodeResult: success, version: HTTP/1.1)
POST /session/412c741e6f4f7ee9b149c7b74800e900/element/9330F8CD5D18F75156EB4FB715507178_element_77/value HTTP/1.1
User-Agent: selenium/4.8.1 (java windows)
Content-Length: 208
Content-Type: application/json; charset=utf-8
host: localhost:19691
accept: */*

Response DefaultHttpResponse(decodeResult: success, version: HTTP/1.1)
HTTP/1.1 200 OK
Content-Length: 14
Content-Type: application/json; charset=utf-8
cache-control: no-cache

14:29:46.053 [AsyncHttpClient-1-8] DEBUG org.asynchttpclient.netty.channel.ChannelManager - Adding key: http://localhost:19691 for channel [id: 0x0fd79672, L:/127.0.0.1:59225 - R:localhost/127.0.0.1:19691]
14:29:46.060 [Forwarding sendKeysToElement on session 412c741e6f4f7ee9b149c7b74800e900 to remote] DEBUG org.asynchttpclient.netty.request.NettyRequestSender - Using pooled Channel '[id: 0x0fd79672, L:/127.0.0.1:59225 - R:localhost/127.0.0.1:19691]' for 'POST' to 'http://localhost:19691/session/412c741e6f4f7ee9b149c7b74800e900/element/9330F8CD5D18F75156EB4FB715507178_element_77/value'
14:29:46.060 [Forwarding sendKeysToElement on session 412c741e6f4f7ee9b149c7b74800e900 to remote] DEBUG org.asynchttpclient.netty.request.NettyRequestSender - Using open Channel [id: 0x0fd79672, L:/127.0.0.1:59225 - R:localhost/127.0.0.1:19691] for POST '/session/412c741e6f4f7ee9b149c7b74800e900/element/9330F8CD5D18F75156EB4FB715507178_element_77/value'
14:29:46.181 [AsyncHttpClient-1-8] DEBUG org.asynchttpclient.netty.handler.HttpHandler - 

Request DefaultHttpRequest(decodeResult: success, version: HTTP/1.1)
POST /session/412c741e6f4f7ee9b149c7b74800e900/element/9330F8CD5D18F75156EB4FB715507178_element_77/value HTTP/1.1
User-Agent: selenium/4.8.1 (java windows)
Content-Length: 102
Content-Type: application/json; charset=utf-8
host: localhost:19691
accept: */*

Response DefaultHttpResponse(decodeResult: success, version: HTTP/1.1)
HTTP/1.1 200 OK
Content-Length: 14
Content-Type: application/json; charset=utf-8
cache-control: no-cache

14:29:46.181 [AsyncHttpClient-1-8] DEBUG org.asynchttpclient.netty.channel.ChannelManager - Adding key: http://localhost:19691 for channel [id: 0x0fd79672, L:/127.0.0.1:59225 - R:localhost/127.0.0.1:19691]
14:29:46.198 [Forwarding getAlertText on session 412c741e6f4f7ee9b149c7b74800e900 to remote] DEBUG org.asynchttpclient.netty.request.NettyRequestSender - Using pooled Channel '[id: 0x0fd79672, L:/127.0.0.1:59225 - R:localhost/127.0.0.1:19691]' for 'GET' to 'http://localhost:19691/session/412c741e6f4f7ee9b149c7b74800e900/alert/text'
14:29:46.198 [Forwarding getAlertText on session 412c741e6f4f7ee9b149c7b74800e900 to remote] DEBUG org.asynchttpclient.netty.request.NettyRequestSender - Using open Channel [id: 0x0fd79672, L:/127.0.0.1:59225 - R:localhost/127.0.0.1:19691] for GET '/session/412c741e6f4f7ee9b149c7b74800e900/alert/text'
14:29:46.207 [AsyncHttpClient-1-8] DEBUG org.asynchttpclient.netty.handler.HttpHandler - 

Request DefaultFullHttpRequest(decodeResult: success, version: HTTP/1.1, content: EmptyByteBufBE)
GET /session/412c741e6f4f7ee9b149c7b74800e900/alert/text HTTP/1.1
User-Agent: selenium/4.8.1 (java windows)
Cache-Control: no-cache
Content-Type: application/json; charset=utf-8
host: localhost:19691
accept: */*

Response DefaultHttpResponse(decodeResult: success, version: HTTP/1.1)
HTTP/1.1 404 Not Found
Content-Length: 821
Content-Type: application/json; charset=utf-8
cache-control: no-cache

14:29:46.207 [AsyncHttpClient-1-8] DEBUG org.asynchttpclient.netty.channel.ChannelManager - Adding key: http://localhost:19691 for channel [id: 0x0fd79672, L:/127.0.0.1:59225 - R:localhost/127.0.0.1:19691]
14:29:46.207 [Forwarding getCurrentUrl on session 412c741e6f4f7ee9b149c7b74800e900 to remote] DEBUG org.asynchttpclient.netty.request.NettyRequestSender - Using pooled Channel '[id: 0x0fd79672, L:/127.0.0.1:59225 - R:localhost/127.0.0.1:19691]' for 'GET' to 'http://localhost:19691/session/412c741e6f4f7ee9b149c7b74800e900/url'
14:29:46.207 [Forwarding getCurrentUrl on session 412c741e6f4f7ee9b149c7b74800e900 to remote] DEBUG org.asynchttpclient.netty.request.NettyRequestSender - Using open Channel [id: 0x0fd79672, L:/127.0.0.1:59225 - R:localhost/127.0.0.1:19691] for GET '/session/412c741e6f4f7ee9b149c7b74800e900/url'
14:29:46.224 [AsyncHttpClient-1-8] DEBUG org.asynchttpclient.netty.handler.HttpHandler - 

Request DefaultFullHttpRequest(decodeResult: success, version: HTTP/1.1, content: EmptyByteBufBE)
GET /session/412c741e6f4f7ee9b149c7b74800e900/url HTTP/1.1
User-Agent: selenium/4.8.1 (java windows)
Cache-Control: no-cache
Content-Type: application/json; charset=utf-8
host: localhost:19691
accept: */*

Response DefaultHttpResponse(decodeResult: success, version: HTTP/1.1)
HTTP/1.1 200 OK
Content-Length: 63
Content-Type: application/json; charset=utf-8
cache-control: no-cache

14:29:46.224 [AsyncHttpClient-1-8] DEBUG org.asynchttpclient.netty.channel.ChannelManager - Adding key: http://localhost:19691 for channel [id: 0x0fd79672, L:/127.0.0.1:59225 - R:localhost/127.0.0.1:19691]
14:29:46.228 [Forwarding screenshot on session 412c741e6f4f7ee9b149c7b74800e900 to remote] DEBUG org.asynchttpclient.netty.request.NettyRequestSender - Using pooled Channel '[id: 0x0fd79672, L:/127.0.0.1:59225 - R:localhost/127.0.0.1:19691]' for 'GET' to 'http://localhost:19691/session/412c741e6f4f7ee9b149c7b74800e900/screenshot'
14:29:46.228 [Forwarding screenshot on session 412c741e6f4f7ee9b149c7b74800e900 to remote] DEBUG org.asynchttpclient.netty.request.NettyRequestSender - Using open Channel [id: 0x0fd79672, L:/127.0.0.1:59225 - R:localhost/127.0.0.1:19691] for GET '/session/412c741e6f4f7ee9b149c7b74800e900/screenshot'
14:29:46.401 [AsyncHttpClient-1-1] DEBUG org.asynchttpclient.netty.channel.DefaultChannelPool - Entry count for : http://localhost:59226 : 1
14:29:46.533 [AsyncHttpClient-1-8] DEBUG org.asynchttpclient.netty.handler.HttpHandler - 

Request DefaultFullHttpRequest(decodeResult: success, version: HTTP/1.1, content: EmptyByteBufBE)
GET /session/412c741e6f4f7ee9b149c7b74800e900/screenshot HTTP/1.1
User-Agent: selenium/4.8.1 (java windows)
Cache-Control: no-cache
Content-Type: application/json; charset=utf-8
host: localhost:19691
accept: */*

Response DefaultHttpResponse(decodeResult: success, version: HTTP/1.1)
HTTP/1.1 200 OK
Content-Length: 77716
Content-Type: application/json; charset=utf-8
cache-control: no-cache

14:29:46.533 [AsyncHttpClient-1-8] DEBUG org.asynchttpclient.netty.channel.ChannelManager - Adding key: http://localhost:19691 for channel [id: 0x0fd79672, L:/127.0.0.1:59225 - R:localhost/127.0.0.1:19691]
14:29:46.538 [main] DEBUG net.serenitybdd.core.photography.Darkroom - Send negative for processing for target\site\serenity\157518dc648ce46d434dedcef46809b98bb4f0e6896fbda8374d092fcd656791.png
14:29:46.538 [main] DEBUG net.thucydides.core.steps.StepInterceptor - STEP DONE: Give_organisation_legalname
14:29:46.538 [Darkroom Processing Line] DEBUG net.serenitybdd.core.photography.DarkroomProcessingLine - Processing screenshot image in /var/screenshots/screenshot-7916881700499707536
14:29:46.538 [Darkroom Processing Line] DEBUG net.serenitybdd.core.photography.DarkroomProcessingLine - Saving screenshot to target\site\serenity\157518dc648ce46d434dedcef46809b98bb4f0e6896fbda8374d092fcd656791.png
14:29:46.555 [Forwarding getPageSource on session 412c741e6f4f7ee9b149c7b74800e900 to remote] DEBUG org.asynchttpclient.netty.request.NettyRequestSender - Using pooled Channel '[id: 0x0fd79672, L:/127.0.0.1:59225 - R:localhost/127.0.0.1:19691]' for 'POST' to 'http://localhost:19691/session/412c741e6f4f7ee9b149c7b74800e900/execute/sync'
14:29:46.555 [Forwarding getPageSource on session 412c741e6f4f7ee9b149c7b74800e900 to remote] DEBUG org.asynchttpclient.netty.request.NettyRequestSender - Using open Channel [id: 0x0fd79672, L:/127.0.0.1:59225 - R:localhost/127.0.0.1:19691] for POST '/session/412c741e6f4f7ee9b149c7b74800e900/execute/sync'
14:29:46.570 [AsyncHttpClient-1-8] DEBUG org.asynchttpclient.netty.handler.HttpHandler - 

Request DefaultHttpRequest(decodeResult: success, version: HTTP/1.1)
POST /session/412c741e6f4f7ee9b149c7b74800e900/execute/sync HTTP/1.1
User-Agent: selenium/4.8.1 (java windows)
Content-Length: 176
Content-Type: application/json; charset=utf-8
host: localhost:19691
accept: */*

Response DefaultHttpResponse(decodeResult: success, version: HTTP/1.1)
HTTP/1.1 200 OK
Content-Length: 44548
Content-Type: application/json; charset=utf-8
cache-control: no-cache

14:29:46.570 [AsyncHttpClient-1-8] DEBUG org.asynchttpclient.netty.channel.ChannelManager - Adding key: http://localhost:19691 for channel [id: 0x0fd79672, L:/127.0.0.1:59225 - R:localhost/127.0.0.1:19691]
14:29:46.581 [Forwarding getCurrentUrl on session 412c741e6f4f7ee9b149c7b74800e900 to remote] DEBUG org.asynchttpclient.netty.request.NettyRequestSender - Using pooled Channel '[id: 0x0fd79672, L:/127.0.0.1:59225 - R:localhost/127.0.0.1:19691]' for 'GET' to 'http://localhost:19691/session/412c741e6f4f7ee9b149c7b74800e900/url'
14:29:46.581 [Forwarding getCurrentUrl on session 412c741e6f4f7ee9b149c7b74800e900 to remote] DEBUG org.asynchttpclient.netty.request.NettyRequestSender - Using open Channel [id: 0x0fd79672, L:/127.0.0.1:59225 - R:localhost/127.0.0.1:19691] for GET '/session/412c741e6f4f7ee9b149c7b74800e900/url'
14:29:46.587 [AsyncHttpClient-1-8] DEBUG org.asynchttpclient.netty.handler.HttpHandler - 

Request DefaultFullHttpRequest(decodeResult: success, version: HTTP/1.1, content: EmptyByteBufBE)
GET /session/412c741e6f4f7ee9b149c7b74800e900/url HTTP/1.1
User-Agent: selenium/4.8.1 (java windows)
Cache-Control: no-cache
Content-Type: application/json; charset=utf-8
host: localhost:19691
accept: */*

Response DefaultHttpResponse(decodeResult: success, version: HTTP/1.1)
HTTP/1.1 200 OK
Content-Length: 63
Content-Type: application/json; charset=utf-8
cache-control: no-cache

14:29:46.587 [AsyncHttpClient-1-8] DEBUG org.asynchttpclient.netty.channel.ChannelManager - Adding key: http://localhost:19691 for channel [id: 0x0fd79672, L:/127.0.0.1:59225 - R:localhost/127.0.0.1:19691]
14:29:46.613 [Forwarding getAlertText on session 412c741e6f4f7ee9b149c7b74800e900 to remote] DEBUG org.asynchttpclient.netty.request.NettyRequestSender - Using pooled Channel '[id: 0x0fd79672, L:/127.0.0.1:59225 - R:localhost/127.0.0.1:19691]' for 'GET' to 'http://localhost:19691/session/412c741e6f4f7ee9b149c7b74800e900/alert/text'
14:29:46.613 [Forwarding getAlertText on session 412c741e6f4f7ee9b149c7b74800e900 to remote] DEBUG org.asynchttpclient.netty.request.NettyRequestSender - Using open Channel [id: 0x0fd79672, L:/127.0.0.1:59225 - R:localhost/127.0.0.1:19691] for GET '/session/412c741e6f4f7ee9b149c7b74800e900/alert/text'
14:29:46.613 [AsyncHttpClient-1-8] DEBUG org.asynchttpclient.netty.handler.HttpHandler - 

Request DefaultFullHttpRequest(decodeResult: success, version: HTTP/1.1, content: EmptyByteBufBE)
GET /session/412c741e6f4f7ee9b149c7b74800e900/alert/text HTTP/1.1
User-Agent: selenium/4.8.1 (java windows)
Cache-Control: no-cache
Content-Type: application/json; charset=utf-8
host: localhost:19691
accept: */*

Response DefaultHttpResponse(decodeResult: success, version: HTTP/1.1)
HTTP/1.1 404 Not Found
Content-Length: 821
Content-Type: application/json; charset=utf-8
cache-control: no-cache

14:29:46.613 [AsyncHttpClient-1-8] DEBUG org.asynchttpclient.netty.channel.ChannelManager - Adding key: http://localhost:19691 for channel [id: 0x0fd79672, L:/127.0.0.1:59225 - R:localhost/127.0.0.1:19691]
14:29:46.619 [Forwarding getCurrentUrl on session 412c741e6f4f7ee9b149c7b74800e900 to remote] DEBUG org.asynchttpclient.netty.request.NettyRequestSender - Using pooled Channel '[id: 0x0fd79672, L:/127.0.0.1:59225 - R:localhost/127.0.0.1:19691]' for 'GET' to 'http://localhost:19691/session/412c741e6f4f7ee9b149c7b74800e900/url'
14:29:46.619 [Forwarding getCurrentUrl on session 412c741e6f4f7ee9b149c7b74800e900 to remote] DEBUG org.asynchttpclient.netty.request.NettyRequestSender - Using open Channel [id: 0x0fd79672, L:/127.0.0.1:59225 - R:localhost/127.0.0.1:19691] for GET '/session/412c741e6f4f7ee9b149c7b74800e900/url'
14:29:46.629 [AsyncHttpClient-1-8] DEBUG org.asynchttpclient.netty.handler.HttpHandler - 

Request DefaultFullHttpRequest(decodeResult: success, version: HTTP/1.1, content: EmptyByteBufBE)
GET /session/412c741e6f4f7ee9b149c7b74800e900/url HTTP/1.1
User-Agent: selenium/4.8.1 (java windows)
Cache-Control: no-cache
Content-Type: application/json; charset=utf-8
host: localhost:19691
accept: */*

Response DefaultHttpResponse(decodeResult: success, version: HTTP/1.1)
HTTP/1.1 200 OK
Content-Length: 63
Content-Type: application/json; charset=utf-8
cache-control: no-cache

14:29:46.629 [AsyncHttpClient-1-8] DEBUG org.asynchttpclient.netty.channel.ChannelManager - Adding key: http://localhost:19691 for channel [id: 0x0fd79672, L:/127.0.0.1:59225 - R:localhost/127.0.0.1:19691]
14:29:46.629 [Forwarding screenshot on session 412c741e6f4f7ee9b149c7b74800e900 to remote] DEBUG org.asynchttpclient.netty.request.NettyRequestSender - Using pooled Channel '[id: 0x0fd79672, L:/127.0.0.1:59225 - R:localhost/127.0.0.1:19691]' for 'GET' to 'http://localhost:19691/session/412c741e6f4f7ee9b149c7b74800e900/screenshot'
14:29:46.629 [Forwarding screenshot on session 412c741e6f4f7ee9b149c7b74800e900 to remote] DEBUG org.asynchttpclient.netty.request.NettyRequestSender - Using open Channel [id: 0x0fd79672, L:/127.0.0.1:59225 - R:localhost/127.0.0.1:19691] for GET '/session/412c741e6f4f7ee9b149c7b74800e900/screenshot'
14:29:46.922 [AsyncHttpClient-1-8] DEBUG org.asynchttpclient.netty.handler.HttpHandler - 

Request DefaultFullHttpRequest(decodeResult: success, version: HTTP/1.1, content: EmptyByteBufBE)
GET /session/412c741e6f4f7ee9b149c7b74800e900/screenshot HTTP/1.1
User-Agent: selenium/4.8.1 (java windows)
Cache-Control: no-cache
Content-Type: application/json; charset=utf-8
host: localhost:19691
accept: */*

Response DefaultHttpResponse(decodeResult: success, version: HTTP/1.1)
HTTP/1.1 200 OK
Content-Length: 77696
Content-Type: application/json; charset=utf-8
cache-control: no-cache

14:29:46.928 [AsyncHttpClient-1-8] DEBUG org.asynchttpclient.netty.channel.ChannelManager - Adding key: http://localhost:19691 for channel [id: 0x0fd79672, L:/127.0.0.1:59225 - R:localhost/127.0.0.1:19691]
14:29:46.939 [main] DEBUG net.serenitybdd.core.photography.Darkroom - Send negative for processing for target\site\serenity\0d7bdc33d27e660dd1f482b8d112c7720d32c407dbca9668d42fe5cee1e25c18.png
14:29:46.939 [Darkroom Processing Line] DEBUG net.serenitybdd.core.photography.DarkroomProcessingLine - Processing screenshot image in /var/screenshots/screenshot-3095840893756524151
14:29:46.939 [Darkroom Processing Line] DEBUG net.serenitybdd.core.photography.DarkroomProcessingLine - Saving screenshot to target\site\serenity\0d7bdc33d27e660dd1f482b8d112c7720d32c407dbca9668d42fe5cee1e25c18.png
14:29:46.939 [Forwarding getPageSource on session 412c741e6f4f7ee9b149c7b74800e900 to remote] DEBUG org.asynchttpclient.netty.request.NettyRequestSender - Using pooled Channel '[id: 0x0fd79672, L:/127.0.0.1:59225 - R:localhost/127.0.0.1:19691]' for 'POST' to 'http://localhost:19691/session/412c741e6f4f7ee9b149c7b74800e900/execute/sync'
14:29:46.944 [Forwarding getPageSource on session 412c741e6f4f7ee9b149c7b74800e900 to remote] DEBUG org.asynchttpclient.netty.request.NettyRequestSender - Using open Channel [id: 0x0fd79672, L:/127.0.0.1:59225 - R:localhost/127.0.0.1:19691] for POST '/session/412c741e6f4f7ee9b149c7b74800e900/execute/sync'
14:29:46.960 [AsyncHttpClient-1-8] DEBUG org.asynchttpclient.netty.handler.HttpHandler - 

Request DefaultHttpRequest(decodeResult: success, version: HTTP/1.1)
POST /session/412c741e6f4f7ee9b149c7b74800e900/execute/sync HTTP/1.1
User-Agent: selenium/4.8.1 (java windows)
Content-Length: 176
Content-Type: application/json; charset=utf-8
host: localhost:19691
accept: */*

Response DefaultHttpResponse(decodeResult: success, version: HTTP/1.1)
HTTP/1.1 200 OK
Content-Length: 44548
Content-Type: application/json; charset=utf-8
cache-control: no-cache

14:29:46.960 [AsyncHttpClient-1-8] DEBUG org.asynchttpclient.netty.channel.ChannelManager - Adding key: http://localhost:19691 for channel [id: 0x0fd79672, L:/127.0.0.1:59225 - R:localhost/127.0.0.1:19691]
14:29:46.976 [Forwarding getCurrentUrl on session 412c741e6f4f7ee9b149c7b74800e900 to remote] DEBUG org.asynchttpclient.netty.request.NettyRequestSender - Using pooled Channel '[id: 0x0fd79672, L:/127.0.0.1:59225 - R:localhost/127.0.0.1:19691]' for 'GET' to 'http://localhost:19691/session/412c741e6f4f7ee9b149c7b74800e900/url'
14:29:46.976 [Forwarding getCurrentUrl on session 412c741e6f4f7ee9b149c7b74800e900 to remote] DEBUG org.asynchttpclient.netty.request.NettyRequestSender - Using open Channel [id: 0x0fd79672, L:/127.0.0.1:59225 - R:localhost/127.0.0.1:19691] for GET '/session/412c741e6f4f7ee9b149c7b74800e900/url'
14:29:46.981 [AsyncHttpClient-1-8] DEBUG org.asynchttpclient.netty.handler.HttpHandler - 

Request DefaultFullHttpRequest(decodeResult: success, version: HTTP/1.1, content: EmptyByteBufBE)
GET /session/412c741e6f4f7ee9b149c7b74800e900/url HTTP/1.1
User-Agent: selenium/4.8.1 (java windows)
Cache-Control: no-cache
Content-Type: application/json; charset=utf-8
host: localhost:19691
accept: */*

Response DefaultHttpResponse(decodeResult: success, version: HTTP/1.1)
HTTP/1.1 200 OK
Content-Length: 63
Content-Type: application/json; charset=utf-8
cache-control: no-cache

14:29:46.981 [AsyncHttpClient-1-8] DEBUG org.asynchttpclient.netty.channel.ChannelManager - Adding key: http://localhost:19691 for channel [id: 0x0fd79672, L:/127.0.0.1:59225 - R:localhost/127.0.0.1:19691]
14:29:46.987 [main] DEBUG net.thucydides.core.steps.StepInterceptor - STARTING STEP: Afrexim_Signup_steps.enter_organization_short_name - Give_organisation_shortname
14:29:46.992 [Forwarding findElement on session 412c741e6f4f7ee9b149c7b74800e900 to remote] DEBUG org.asynchttpclient.netty.request.NettyRequestSender - Using pooled Channel '[id: 0x0fd79672, L:/127.0.0.1:59225 - R:localhost/127.0.0.1:19691]' for 'POST' to 'http://localhost:19691/session/412c741e6f4f7ee9b149c7b74800e900/element'
14:29:46.992 [Forwarding findElement on session 412c741e6f4f7ee9b149c7b74800e900 to remote] DEBUG org.asynchttpclient.netty.request.NettyRequestSender - Using open Channel [id: 0x0fd79672, L:/127.0.0.1:59225 - R:localhost/127.0.0.1:19691] for POST '/session/412c741e6f4f7ee9b149c7b74800e900/element'
14:29:47.018 [AsyncHttpClient-1-8] DEBUG org.asynchttpclient.netty.handler.HttpHandler - 

Request DefaultHttpRequest(decodeResult: success, version: HTTP/1.1)
POST /session/412c741e6f4f7ee9b149c7b74800e900/element HTTP/1.1
User-Agent: selenium/4.8.1 (java windows)
Content-Length: 86
Content-Type: application/json; charset=utf-8
host: localhost:19691
accept: */*

Response DefaultHttpResponse(decodeResult: success, version: HTTP/1.1)
HTTP/1.1 200 OK
Content-Length: 95
Content-Type: application/json; charset=utf-8
cache-control: no-cache

14:29:47.018 [AsyncHttpClient-1-8] DEBUG org.asynchttpclient.netty.channel.ChannelManager - Adding key: http://localhost:19691 for channel [id: 0x0fd79672, L:/127.0.0.1:59225 - R:localhost/127.0.0.1:19691]
14:29:47.018 [Forwarding clearElement on session 412c741e6f4f7ee9b149c7b74800e900 to remote] DEBUG org.asynchttpclient.netty.request.NettyRequestSender - Using pooled Channel '[id: 0x0fd79672, L:/127.0.0.1:59225 - R:localhost/127.0.0.1:19691]' for 'POST' to 'http://localhost:19691/session/412c741e6f4f7ee9b149c7b74800e900/element/9330F8CD5D18F75156EB4FB715507178_element_78/clear'
14:29:47.018 [Forwarding clearElement on session 412c741e6f4f7ee9b149c7b74800e900 to remote] DEBUG org.asynchttpclient.netty.request.NettyRequestSender - Using open Channel [id: 0x0fd79672, L:/127.0.0.1:59225 - R:localhost/127.0.0.1:19691] for POST '/session/412c741e6f4f7ee9b149c7b74800e900/element/9330F8CD5D18F75156EB4FB715507178_element_78/clear'
14:29:47.078 [AsyncHttpClient-1-8] DEBUG org.asynchttpclient.netty.handler.HttpHandler - 

Request DefaultHttpRequest(decodeResult: success, version: HTTP/1.1)
POST /session/412c741e6f4f7ee9b149c7b74800e900/element/9330F8CD5D18F75156EB4FB715507178_element_78/clear HTTP/1.1
User-Agent: selenium/4.8.1 (java windows)
Content-Length: 57
Content-Type: application/json; charset=utf-8
host: localhost:19691
accept: */*

Response DefaultHttpResponse(decodeResult: success, version: HTTP/1.1)
HTTP/1.1 200 OK
Content-Length: 14
Content-Type: application/json; charset=utf-8
cache-control: no-cache

14:29:47.078 [AsyncHttpClient-1-8] DEBUG org.asynchttpclient.netty.channel.ChannelManager - Adding key: http://localhost:19691 for channel [id: 0x0fd79672, L:/127.0.0.1:59225 - R:localhost/127.0.0.1:19691]
14:29:47.078 [Forwarding sendKeysToElement on session 412c741e6f4f7ee9b149c7b74800e900 to remote] DEBUG org.asynchttpclient.netty.request.NettyRequestSender - Using pooled Channel '[id: 0x0fd79672, L:/127.0.0.1:59225 - R:localhost/127.0.0.1:19691]' for 'POST' to 'http://localhost:19691/session/412c741e6f4f7ee9b149c7b74800e900/element/9330F8CD5D18F75156EB4FB715507178_element_78/value'
14:29:47.078 [Forwarding sendKeysToElement on session 412c741e6f4f7ee9b149c7b74800e900 to remote] DEBUG org.asynchttpclient.netty.request.NettyRequestSender - Using open Channel [id: 0x0fd79672, L:/127.0.0.1:59225 - R:localhost/127.0.0.1:19691] for POST '/session/412c741e6f4f7ee9b149c7b74800e900/element/9330F8CD5D18F75156EB4FB715507178_element_78/value'
14:29:47.446 [AsyncHttpClient-1-8] DEBUG org.asynchttpclient.netty.handler.HttpHandler - 

Request DefaultHttpRequest(decodeResult: success, version: HTTP/1.1)
POST /session/412c741e6f4f7ee9b149c7b74800e900/element/9330F8CD5D18F75156EB4FB715507178_element_78/value HTTP/1.1
User-Agent: selenium/4.8.1 (java windows)
Content-Length: 168
Content-Type: application/json; charset=utf-8
host: localhost:19691
accept: */*

Response DefaultHttpResponse(decodeResult: success, version: HTTP/1.1)
HTTP/1.1 200 OK
Content-Length: 14
Content-Type: application/json; charset=utf-8
cache-control: no-cache

14:29:47.446 [AsyncHttpClient-1-8] DEBUG org.asynchttpclient.netty.channel.ChannelManager - Adding key: http://localhost:19691 for channel [id: 0x0fd79672, L:/127.0.0.1:59225 - R:localhost/127.0.0.1:19691]
14:29:47.450 [Forwarding sendKeysToElement on session 412c741e6f4f7ee9b149c7b74800e900 to remote] DEBUG org.asynchttpclient.netty.request.NettyRequestSender - Using pooled Channel '[id: 0x0fd79672, L:/127.0.0.1:59225 - R:localhost/127.0.0.1:19691]' for 'POST' to 'http://localhost:19691/session/412c741e6f4f7ee9b149c7b74800e900/element/9330F8CD5D18F75156EB4FB715507178_element_78/value'
14:29:47.451 [Forwarding sendKeysToElement on session 412c741e6f4f7ee9b149c7b74800e900 to remote] DEBUG org.asynchttpclient.netty.request.NettyRequestSender - Using open Channel [id: 0x0fd79672, L:/127.0.0.1:59225 - R:localhost/127.0.0.1:19691] for POST '/session/412c741e6f4f7ee9b149c7b74800e900/element/9330F8CD5D18F75156EB4FB715507178_element_78/value'
14:29:47.518 [AsyncHttpClient-1-1] DEBUG org.asynchttpclient.netty.channel.DefaultChannelPool - Entry count for : http://localhost:59226 : 1
14:29:47.530 [AsyncHttpClient-1-8] DEBUG org.asynchttpclient.netty.handler.HttpHandler - 

Request DefaultHttpRequest(decodeResult: success, version: HTTP/1.1)
POST /session/412c741e6f4f7ee9b149c7b74800e900/element/9330F8CD5D18F75156EB4FB715507178_element_78/value HTTP/1.1
User-Agent: selenium/4.8.1 (java windows)
Content-Length: 102
Content-Type: application/json; charset=utf-8
host: localhost:19691
accept: */*

Response DefaultHttpResponse(decodeResult: success, version: HTTP/1.1)
HTTP/1.1 200 OK
Content-Length: 14
Content-Type: application/json; charset=utf-8
cache-control: no-cache

14:29:47.530 [AsyncHttpClient-1-8] DEBUG org.asynchttpclient.netty.channel.ChannelManager - Adding key: http://localhost:19691 for channel [id: 0x0fd79672, L:/127.0.0.1:59225 - R:localhost/127.0.0.1:19691]
14:29:47.541 [Forwarding getAlertText on session 412c741e6f4f7ee9b149c7b74800e900 to remote] DEBUG org.asynchttpclient.netty.request.NettyRequestSender - Using pooled Channel '[id: 0x0fd79672, L:/127.0.0.1:59225 - R:localhost/127.0.0.1:19691]' for 'GET' to 'http://localhost:19691/session/412c741e6f4f7ee9b149c7b74800e900/alert/text'
14:29:47.541 [Forwarding getAlertText on session 412c741e6f4f7ee9b149c7b74800e900 to remote] DEBUG org.asynchttpclient.netty.request.NettyRequestSender - Using open Channel [id: 0x0fd79672, L:/127.0.0.1:59225 - R:localhost/127.0.0.1:19691] for GET '/session/412c741e6f4f7ee9b149c7b74800e900/alert/text'
14:29:47.547 [AsyncHttpClient-1-8] DEBUG org.asynchttpclient.netty.handler.HttpHandler - 

Request DefaultFullHttpRequest(decodeResult: success, version: HTTP/1.1, content: EmptyByteBufBE)
GET /session/412c741e6f4f7ee9b149c7b74800e900/alert/text HTTP/1.1
User-Agent: selenium/4.8.1 (java windows)
Cache-Control: no-cache
Content-Type: application/json; charset=utf-8
host: localhost:19691
accept: */*

Response DefaultHttpResponse(decodeResult: success, version: HTTP/1.1)
HTTP/1.1 404 Not Found
Content-Length: 821
Content-Type: application/json; charset=utf-8
cache-control: no-cache

14:29:47.547 [AsyncHttpClient-1-8] DEBUG org.asynchttpclient.netty.channel.ChannelManager - Adding key: http://localhost:19691 for channel [id: 0x0fd79672, L:/127.0.0.1:59225 - R:localhost/127.0.0.1:19691]
14:29:47.557 [Forwarding getCurrentUrl on session 412c741e6f4f7ee9b149c7b74800e900 to remote] DEBUG org.asynchttpclient.netty.request.NettyRequestSender - Using pooled Channel '[id: 0x0fd79672, L:/127.0.0.1:59225 - R:localhost/127.0.0.1:19691]' for 'GET' to 'http://localhost:19691/session/412c741e6f4f7ee9b149c7b74800e900/url'
14:29:47.557 [Forwarding getCurrentUrl on session 412c741e6f4f7ee9b149c7b74800e900 to remote] DEBUG org.asynchttpclient.netty.request.NettyRequestSender - Using open Channel [id: 0x0fd79672, L:/127.0.0.1:59225 - R:localhost/127.0.0.1:19691] for GET '/session/412c741e6f4f7ee9b149c7b74800e900/url'
14:29:47.611 [AsyncHttpClient-1-8] DEBUG org.asynchttpclient.netty.handler.HttpHandler - 

Request DefaultFullHttpRequest(decodeResult: success, version: HTTP/1.1, content: EmptyByteBufBE)
GET /session/412c741e6f4f7ee9b149c7b74800e900/url HTTP/1.1
User-Agent: selenium/4.8.1 (java windows)
Cache-Control: no-cache
Content-Type: application/json; charset=utf-8
host: localhost:19691
accept: */*

Response DefaultHttpResponse(decodeResult: success, version: HTTP/1.1)
HTTP/1.1 200 OK
Content-Length: 63
Content-Type: application/json; charset=utf-8
cache-control: no-cache

14:29:47.611 [AsyncHttpClient-1-8] DEBUG org.asynchttpclient.netty.channel.ChannelManager - Adding key: http://localhost:19691 for channel [id: 0x0fd79672, L:/127.0.0.1:59225 - R:localhost/127.0.0.1:19691]
14:29:47.614 [Forwarding screenshot on session 412c741e6f4f7ee9b149c7b74800e900 to remote] DEBUG org.asynchttpclient.netty.request.NettyRequestSender - Using pooled Channel '[id: 0x0fd79672, L:/127.0.0.1:59225 - R:localhost/127.0.0.1:19691]' for 'GET' to 'http://localhost:19691/session/412c741e6f4f7ee9b149c7b74800e900/screenshot'
14:29:47.614 [Forwarding screenshot on session 412c741e6f4f7ee9b149c7b74800e900 to remote] DEBUG org.asynchttpclient.netty.request.NettyRequestSender - Using open Channel [id: 0x0fd79672, L:/127.0.0.1:59225 - R:localhost/127.0.0.1:19691] for GET '/session/412c741e6f4f7ee9b149c7b74800e900/screenshot'
14:29:47.909 [AsyncHttpClient-1-8] DEBUG org.asynchttpclient.netty.handler.HttpHandler - 

Request DefaultFullHttpRequest(decodeResult: success, version: HTTP/1.1, content: EmptyByteBufBE)
GET /session/412c741e6f4f7ee9b149c7b74800e900/screenshot HTTP/1.1
User-Agent: selenium/4.8.1 (java windows)
Cache-Control: no-cache
Content-Type: application/json; charset=utf-8
host: localhost:19691
accept: */*

Response DefaultHttpResponse(decodeResult: success, version: HTTP/1.1)
HTTP/1.1 200 OK
Content-Length: 78056
Content-Type: application/json; charset=utf-8
cache-control: no-cache

14:29:47.909 [AsyncHttpClient-1-8] DEBUG org.asynchttpclient.netty.channel.ChannelManager - Adding key: http://localhost:19691 for channel [id: 0x0fd79672, L:/127.0.0.1:59225 - R:localhost/127.0.0.1:19691]
14:29:47.909 [main] DEBUG net.serenitybdd.core.photography.Darkroom - Send negative for processing for target\site\serenity\1fc8538c3be2f1399bd14f66ef659227dcb29651320057ed68b32a46ec67cd87.png
14:29:47.909 [main] DEBUG net.thucydides.core.steps.StepInterceptor - STEP DONE: Give_organisation_shortname
14:29:47.909 [Darkroom Processing Line] DEBUG net.serenitybdd.core.photography.DarkroomProcessingLine - Processing screenshot image in /var/screenshots/screenshot-6065609075062062354
14:29:47.909 [Darkroom Processing Line] DEBUG net.serenitybdd.core.photography.DarkroomProcessingLine - Saving screenshot to target\site\serenity\1fc8538c3be2f1399bd14f66ef659227dcb29651320057ed68b32a46ec67cd87.png
14:29:47.931 [Forwarding getPageSource on session 412c741e6f4f7ee9b149c7b74800e900 to remote] DEBUG org.asynchttpclient.netty.request.NettyRequestSender - Using pooled Channel '[id: 0x0fd79672, L:/127.0.0.1:59225 - R:localhost/127.0.0.1:19691]' for 'POST' to 'http://localhost:19691/session/412c741e6f4f7ee9b149c7b74800e900/execute/sync'
14:29:47.931 [Forwarding getPageSource on session 412c741e6f4f7ee9b149c7b74800e900 to remote] DEBUG org.asynchttpclient.netty.request.NettyRequestSender - Using open Channel [id: 0x0fd79672, L:/127.0.0.1:59225 - R:localhost/127.0.0.1:19691] for POST '/session/412c741e6f4f7ee9b149c7b74800e900/execute/sync'
14:29:47.941 [AsyncHttpClient-1-8] DEBUG org.asynchttpclient.netty.handler.HttpHandler - 

Request DefaultHttpRequest(decodeResult: success, version: HTTP/1.1)
POST /session/412c741e6f4f7ee9b149c7b74800e900/execute/sync HTTP/1.1
User-Agent: selenium/4.8.1 (java windows)
Content-Length: 176
Content-Type: application/json; charset=utf-8
host: localhost:19691
accept: */*

Response DefaultHttpResponse(decodeResult: success, version: HTTP/1.1)
HTTP/1.1 200 OK
Content-Length: 44556
Content-Type: application/json; charset=utf-8
cache-control: no-cache

14:29:47.941 [AsyncHttpClient-1-8] DEBUG org.asynchttpclient.netty.channel.ChannelManager - Adding key: http://localhost:19691 for channel [id: 0x0fd79672, L:/127.0.0.1:59225 - R:localhost/127.0.0.1:19691]
14:29:47.952 [Forwarding getCurrentUrl on session 412c741e6f4f7ee9b149c7b74800e900 to remote] DEBUG org.asynchttpclient.netty.request.NettyRequestSender - Using pooled Channel '[id: 0x0fd79672, L:/127.0.0.1:59225 - R:localhost/127.0.0.1:19691]' for 'GET' to 'http://localhost:19691/session/412c741e6f4f7ee9b149c7b74800e900/url'
14:29:47.952 [Forwarding getCurrentUrl on session 412c741e6f4f7ee9b149c7b74800e900 to remote] DEBUG org.asynchttpclient.netty.request.NettyRequestSender - Using open Channel [id: 0x0fd79672, L:/127.0.0.1:59225 - R:localhost/127.0.0.1:19691] for GET '/session/412c741e6f4f7ee9b149c7b74800e900/url'
14:29:47.967 [AsyncHttpClient-1-8] DEBUG org.asynchttpclient.netty.handler.HttpHandler - 

Request DefaultFullHttpRequest(decodeResult: success, version: HTTP/1.1, content: EmptyByteBufBE)
GET /session/412c741e6f4f7ee9b149c7b74800e900/url HTTP/1.1
User-Agent: selenium/4.8.1 (java windows)
Cache-Control: no-cache
Content-Type: application/json; charset=utf-8
host: localhost:19691
accept: */*

Response DefaultHttpResponse(decodeResult: success, version: HTTP/1.1)
HTTP/1.1 200 OK
Content-Length: 63
Content-Type: application/json; charset=utf-8
cache-control: no-cache

14:29:47.967 [AsyncHttpClient-1-8] DEBUG org.asynchttpclient.netty.channel.ChannelManager - Adding key: http://localhost:19691 for channel [id: 0x0fd79672, L:/127.0.0.1:59225 - R:localhost/127.0.0.1:19691]
14:29:47.984 [Forwarding getAlertText on session 412c741e6f4f7ee9b149c7b74800e900 to remote] DEBUG org.asynchttpclient.netty.request.NettyRequestSender - Using pooled Channel '[id: 0x0fd79672, L:/127.0.0.1:59225 - R:localhost/127.0.0.1:19691]' for 'GET' to 'http://localhost:19691/session/412c741e6f4f7ee9b149c7b74800e900/alert/text'
14:29:47.984 [Forwarding getAlertText on session 412c741e6f4f7ee9b149c7b74800e900 to remote] DEBUG org.asynchttpclient.netty.request.NettyRequestSender - Using open Channel [id: 0x0fd79672, L:/127.0.0.1:59225 - R:localhost/127.0.0.1:19691] for GET '/session/412c741e6f4f7ee9b149c7b74800e900/alert/text'
14:29:47.984 [AsyncHttpClient-1-8] DEBUG org.asynchttpclient.netty.handler.HttpHandler - 

Request DefaultFullHttpRequest(decodeResult: success, version: HTTP/1.1, content: EmptyByteBufBE)
GET /session/412c741e6f4f7ee9b149c7b74800e900/alert/text HTTP/1.1
User-Agent: selenium/4.8.1 (java windows)
Cache-Control: no-cache
Content-Type: application/json; charset=utf-8
host: localhost:19691
accept: */*

Response DefaultHttpResponse(decodeResult: success, version: HTTP/1.1)
HTTP/1.1 404 Not Found
Content-Length: 821
Content-Type: application/json; charset=utf-8
cache-control: no-cache

14:29:47.984 [AsyncHttpClient-1-8] DEBUG org.asynchttpclient.netty.channel.ChannelManager - Adding key: http://localhost:19691 for channel [id: 0x0fd79672, L:/127.0.0.1:59225 - R:localhost/127.0.0.1:19691]
14:29:47.989 [Forwarding getCurrentUrl on session 412c741e6f4f7ee9b149c7b74800e900 to remote] DEBUG org.asynchttpclient.netty.request.NettyRequestSender - Using pooled Channel '[id: 0x0fd79672, L:/127.0.0.1:59225 - R:localhost/127.0.0.1:19691]' for 'GET' to 'http://localhost:19691/session/412c741e6f4f7ee9b149c7b74800e900/url'
14:29:47.989 [Forwarding getCurrentUrl on session 412c741e6f4f7ee9b149c7b74800e900 to remote] DEBUG org.asynchttpclient.netty.request.NettyRequestSender - Using open Channel [id: 0x0fd79672, L:/127.0.0.1:59225 - R:localhost/127.0.0.1:19691] for GET '/session/412c741e6f4f7ee9b149c7b74800e900/url'
14:29:47.998 [AsyncHttpClient-1-8] DEBUG org.asynchttpclient.netty.handler.HttpHandler - 

Request DefaultFullHttpRequest(decodeResult: success, version: HTTP/1.1, content: EmptyByteBufBE)
GET /session/412c741e6f4f7ee9b149c7b74800e900/url HTTP/1.1
User-Agent: selenium/4.8.1 (java windows)
Cache-Control: no-cache
Content-Type: application/json; charset=utf-8
host: localhost:19691
accept: */*

Response DefaultHttpResponse(decodeResult: success, version: HTTP/1.1)
HTTP/1.1 200 OK
Content-Length: 63
Content-Type: application/json; charset=utf-8
cache-control: no-cache

14:29:47.998 [AsyncHttpClient-1-8] DEBUG org.asynchttpclient.netty.channel.ChannelManager - Adding key: http://localhost:19691 for channel [id: 0x0fd79672, L:/127.0.0.1:59225 - R:localhost/127.0.0.1:19691]
14:29:47.998 [Forwarding screenshot on session 412c741e6f4f7ee9b149c7b74800e900 to remote] DEBUG org.asynchttpclient.netty.request.NettyRequestSender - Using pooled Channel '[id: 0x0fd79672, L:/127.0.0.1:59225 - R:localhost/127.0.0.1:19691]' for 'GET' to 'http://localhost:19691/session/412c741e6f4f7ee9b149c7b74800e900/screenshot'
14:29:47.998 [Forwarding screenshot on session 412c741e6f4f7ee9b149c7b74800e900 to remote] DEBUG org.asynchttpclient.netty.request.NettyRequestSender - Using open Channel [id: 0x0fd79672, L:/127.0.0.1:59225 - R:localhost/127.0.0.1:19691] for GET '/session/412c741e6f4f7ee9b149c7b74800e900/screenshot'
14:29:48.202 [AsyncHttpClient-1-8] DEBUG org.asynchttpclient.netty.handler.HttpHandler - 

Request DefaultFullHttpRequest(decodeResult: success, version: HTTP/1.1, content: EmptyByteBufBE)
GET /session/412c741e6f4f7ee9b149c7b74800e900/screenshot HTTP/1.1
User-Agent: selenium/4.8.1 (java windows)
Cache-Control: no-cache
Content-Type: application/json; charset=utf-8
host: localhost:19691
accept: */*

Response DefaultHttpResponse(decodeResult: success, version: HTTP/1.1)
HTTP/1.1 200 OK
Content-Length: 77764
Content-Type: application/json; charset=utf-8
cache-control: no-cache

14:29:48.202 [AsyncHttpClient-1-8] DEBUG org.asynchttpclient.netty.channel.ChannelManager - Adding key: http://localhost:19691 for channel [id: 0x0fd79672, L:/127.0.0.1:59225 - R:localhost/127.0.0.1:19691]
14:29:48.213 [main] DEBUG net.serenitybdd.core.photography.Darkroom - Send negative for processing for target\site\serenity\a31541748388414a71b1718c7e2776e62db18887e78890d7f0ce8436379a3cf4.png
14:29:48.213 [Darkroom Processing Line] DEBUG net.serenitybdd.core.photography.DarkroomProcessingLine - Processing screenshot image in /var/screenshots/screenshot-1130355195943901177
14:29:48.213 [Darkroom Processing Line] DEBUG net.serenitybdd.core.photography.DarkroomProcessingLine - Saving screenshot to target\site\serenity\a31541748388414a71b1718c7e2776e62db18887e78890d7f0ce8436379a3cf4.png
14:29:48.213 [Forwarding getPageSource on session 412c741e6f4f7ee9b149c7b74800e900 to remote] DEBUG org.asynchttpclient.netty.request.NettyRequestSender - Using pooled Channel '[id: 0x0fd79672, L:/127.0.0.1:59225 - R:localhost/127.0.0.1:19691]' for 'POST' to 'http://localhost:19691/session/412c741e6f4f7ee9b149c7b74800e900/execute/sync'
14:29:48.215 [Forwarding getPageSource on session 412c741e6f4f7ee9b149c7b74800e900 to remote] DEBUG org.asynchttpclient.netty.request.NettyRequestSender - Using open Channel [id: 0x0fd79672, L:/127.0.0.1:59225 - R:localhost/127.0.0.1:19691] for POST '/session/412c741e6f4f7ee9b149c7b74800e900/execute/sync'
14:29:48.229 [AsyncHttpClient-1-8] DEBUG org.asynchttpclient.netty.handler.HttpHandler - 

Request DefaultHttpRequest(decodeResult: success, version: HTTP/1.1)
POST /session/412c741e6f4f7ee9b149c7b74800e900/execute/sync HTTP/1.1
User-Agent: selenium/4.8.1 (java windows)
Content-Length: 176
Content-Type: application/json; charset=utf-8
host: localhost:19691
accept: */*

Response DefaultHttpResponse(decodeResult: success, version: HTTP/1.1)
HTTP/1.1 200 OK
Content-Length: 44556
Content-Type: application/json; charset=utf-8
cache-control: no-cache

14:29:48.229 [AsyncHttpClient-1-8] DEBUG org.asynchttpclient.netty.channel.ChannelManager - Adding key: http://localhost:19691 for channel [id: 0x0fd79672, L:/127.0.0.1:59225 - R:localhost/127.0.0.1:19691]
14:29:48.234 [Forwarding getCurrentUrl on session 412c741e6f4f7ee9b149c7b74800e900 to remote] DEBUG org.asynchttpclient.netty.request.NettyRequestSender - Using pooled Channel '[id: 0x0fd79672, L:/127.0.0.1:59225 - R:localhost/127.0.0.1:19691]' for 'GET' to 'http://localhost:19691/session/412c741e6f4f7ee9b149c7b74800e900/url'
14:29:48.234 [Forwarding getCurrentUrl on session 412c741e6f4f7ee9b149c7b74800e900 to remote] DEBUG org.asynchttpclient.netty.request.NettyRequestSender - Using open Channel [id: 0x0fd79672, L:/127.0.0.1:59225 - R:localhost/127.0.0.1:19691] for GET '/session/412c741e6f4f7ee9b149c7b74800e900/url'
14:29:48.240 [AsyncHttpClient-1-8] DEBUG org.asynchttpclient.netty.handler.HttpHandler - 

Request DefaultFullHttpRequest(decodeResult: success, version: HTTP/1.1, content: EmptyByteBufBE)
GET /session/412c741e6f4f7ee9b149c7b74800e900/url HTTP/1.1
User-Agent: selenium/4.8.1 (java windows)
Cache-Control: no-cache
Content-Type: application/json; charset=utf-8
host: localhost:19691
accept: */*

Response DefaultHttpResponse(decodeResult: success, version: HTTP/1.1)
HTTP/1.1 200 OK
Content-Length: 63
Content-Type: application/json; charset=utf-8
cache-control: no-cache

14:29:48.240 [AsyncHttpClient-1-8] DEBUG org.asynchttpclient.netty.channel.ChannelManager - Adding key: http://localhost:19691 for channel [id: 0x0fd79672, L:/127.0.0.1:59225 - R:localhost/127.0.0.1:19691]
14:29:48.250 [main] DEBUG net.thucydides.core.steps.StepInterceptor - STARTING STEP: Afrexim_Signup_steps.select_legal_entity_type - Select_legal_entity
14:29:48.251 [Forwarding findElement on session 412c741e6f4f7ee9b149c7b74800e900 to remote] DEBUG org.asynchttpclient.netty.request.NettyRequestSender - Using pooled Channel '[id: 0x0fd79672, L:/127.0.0.1:59225 - R:localhost/127.0.0.1:19691]' for 'POST' to 'http://localhost:19691/session/412c741e6f4f7ee9b149c7b74800e900/element'
14:29:48.251 [Forwarding findElement on session 412c741e6f4f7ee9b149c7b74800e900 to remote] DEBUG org.asynchttpclient.netty.request.NettyRequestSender - Using open Channel [id: 0x0fd79672, L:/127.0.0.1:59225 - R:localhost/127.0.0.1:19691] for POST '/session/412c741e6f4f7ee9b149c7b74800e900/element'
14:29:48.272 [AsyncHttpClient-1-8] DEBUG org.asynchttpclient.netty.handler.HttpHandler - 

Request DefaultHttpRequest(decodeResult: success, version: HTTP/1.1)
POST /session/412c741e6f4f7ee9b149c7b74800e900/element HTTP/1.1
User-Agent: selenium/4.8.1 (java windows)
Content-Length: 86
Content-Type: application/json; charset=utf-8
host: localhost:19691
accept: */*

Response DefaultHttpResponse(decodeResult: success, version: HTTP/1.1)
HTTP/1.1 200 OK
Content-Length: 95
Content-Type: application/json; charset=utf-8
cache-control: no-cache

14:29:48.272 [AsyncHttpClient-1-8] DEBUG org.asynchttpclient.netty.channel.ChannelManager - Adding key: http://localhost:19691 for channel [id: 0x0fd79672, L:/127.0.0.1:59225 - R:localhost/127.0.0.1:19691]
14:29:48.272 [Forwarding getElementTagName on session 412c741e6f4f7ee9b149c7b74800e900 to remote] DEBUG org.asynchttpclient.netty.request.NettyRequestSender - Using pooled Channel '[id: 0x0fd79672, L:/127.0.0.1:59225 - R:localhost/127.0.0.1:19691]' for 'GET' to 'http://localhost:19691/session/412c741e6f4f7ee9b149c7b74800e900/element/9330F8CD5D18F75156EB4FB715507178_element_79/name'
14:29:48.272 [Forwarding getElementTagName on session 412c741e6f4f7ee9b149c7b74800e900 to remote] DEBUG org.asynchttpclient.netty.request.NettyRequestSender - Using open Channel [id: 0x0fd79672, L:/127.0.0.1:59225 - R:localhost/127.0.0.1:19691] for GET '/session/412c741e6f4f7ee9b149c7b74800e900/element/9330F8CD5D18F75156EB4FB715507178_element_79/name'
14:29:48.283 [AsyncHttpClient-1-8] DEBUG org.asynchttpclient.netty.handler.HttpHandler - 

Request DefaultFullHttpRequest(decodeResult: success, version: HTTP/1.1, content: EmptyByteBufBE)
GET /session/412c741e6f4f7ee9b149c7b74800e900/element/9330F8CD5D18F75156EB4FB715507178_element_79/name HTTP/1.1
User-Agent: selenium/4.8.1 (java windows)
Cache-Control: no-cache
Content-Type: application/json; charset=utf-8
host: localhost:19691
accept: */*

Response DefaultHttpResponse(decodeResult: success, version: HTTP/1.1)
HTTP/1.1 200 OK
Content-Length: 18
Content-Type: application/json; charset=utf-8
cache-control: no-cache

14:29:48.283 [AsyncHttpClient-1-8] DEBUG org.asynchttpclient.netty.channel.ChannelManager - Adding key: http://localhost:19691 for channel [id: 0x0fd79672, L:/127.0.0.1:59225 - R:localhost/127.0.0.1:19691]
14:29:48.283 [Forwarding getElementDomAttribute on session 412c741e6f4f7ee9b149c7b74800e900 to remote] DEBUG org.asynchttpclient.netty.request.NettyRequestSender - Using pooled Channel '[id: 0x0fd79672, L:/127.0.0.1:59225 - R:localhost/127.0.0.1:19691]' for 'GET' to 'http://localhost:19691/session/412c741e6f4f7ee9b149c7b74800e900/element/9330F8CD5D18F75156EB4FB715507178_element_79/attribute/multiple'
14:29:48.283 [Forwarding getElementDomAttribute on session 412c741e6f4f7ee9b149c7b74800e900 to remote] DEBUG org.asynchttpclient.netty.request.NettyRequestSender - Using open Channel [id: 0x0fd79672, L:/127.0.0.1:59225 - R:localhost/127.0.0.1:19691] for GET '/session/412c741e6f4f7ee9b149c7b74800e900/element/9330F8CD5D18F75156EB4FB715507178_element_79/attribute/multiple'
14:29:48.293 [AsyncHttpClient-1-8] DEBUG org.asynchttpclient.netty.handler.HttpHandler - 

Request DefaultFullHttpRequest(decodeResult: success, version: HTTP/1.1, content: EmptyByteBufBE)
GET /session/412c741e6f4f7ee9b149c7b74800e900/element/9330F8CD5D18F75156EB4FB715507178_element_79/attribute/multiple HTTP/1.1
User-Agent: selenium/4.8.1 (java windows)
Cache-Control: no-cache
Content-Type: application/json; charset=utf-8
host: localhost:19691
accept: */*

Response DefaultHttpResponse(decodeResult: success, version: HTTP/1.1)
HTTP/1.1 200 OK
Content-Length: 14
Content-Type: application/json; charset=utf-8
cache-control: no-cache

14:29:48.293 [AsyncHttpClient-1-8] DEBUG org.asynchttpclient.netty.channel.ChannelManager - Adding key: http://localhost:19691 for channel [id: 0x0fd79672, L:/127.0.0.1:59225 - R:localhost/127.0.0.1:19691]
14:29:48.298 [Forwarding isElementEnabled on session 412c741e6f4f7ee9b149c7b74800e900 to remote] DEBUG org.asynchttpclient.netty.request.NettyRequestSender - Using pooled Channel '[id: 0x0fd79672, L:/127.0.0.1:59225 - R:localhost/127.0.0.1:19691]' for 'GET' to 'http://localhost:19691/session/412c741e6f4f7ee9b149c7b74800e900/element/9330F8CD5D18F75156EB4FB715507178_element_79/enabled'
14:29:48.298 [Forwarding isElementEnabled on session 412c741e6f4f7ee9b149c7b74800e900 to remote] DEBUG org.asynchttpclient.netty.request.NettyRequestSender - Using open Channel [id: 0x0fd79672, L:/127.0.0.1:59225 - R:localhost/127.0.0.1:19691] for GET '/session/412c741e6f4f7ee9b149c7b74800e900/element/9330F8CD5D18F75156EB4FB715507178_element_79/enabled'
14:29:48.304 [AsyncHttpClient-1-8] DEBUG org.asynchttpclient.netty.handler.HttpHandler - 

Request DefaultFullHttpRequest(decodeResult: success, version: HTTP/1.1, content: EmptyByteBufBE)
GET /session/412c741e6f4f7ee9b149c7b74800e900/element/9330F8CD5D18F75156EB4FB715507178_element_79/enabled HTTP/1.1
User-Agent: selenium/4.8.1 (java windows)
Cache-Control: no-cache
Content-Type: application/json; charset=utf-8
host: localhost:19691
accept: */*

Response DefaultHttpResponse(decodeResult: success, version: HTTP/1.1)
HTTP/1.1 200 OK
Content-Length: 14
Content-Type: application/json; charset=utf-8
cache-control: no-cache

14:29:48.304 [AsyncHttpClient-1-8] DEBUG org.asynchttpclient.netty.channel.ChannelManager - Adding key: http://localhost:19691 for channel [id: 0x0fd79672, L:/127.0.0.1:59225 - R:localhost/127.0.0.1:19691]
14:29:48.304 [Forwarding findChildElements on session 412c741e6f4f7ee9b149c7b74800e900 to remote] DEBUG org.asynchttpclient.netty.request.NettyRequestSender - Using pooled Channel '[id: 0x0fd79672, L:/127.0.0.1:59225 - R:localhost/127.0.0.1:19691]' for 'POST' to 'http://localhost:19691/session/412c741e6f4f7ee9b149c7b74800e900/element/9330F8CD5D18F75156EB4FB715507178_element_79/elements'
14:29:48.313 [Forwarding findChildElements on session 412c741e6f4f7ee9b149c7b74800e900 to remote] DEBUG org.asynchttpclient.netty.request.NettyRequestSender - Using open Channel [id: 0x0fd79672, L:/127.0.0.1:59225 - R:localhost/127.0.0.1:19691] for POST '/session/412c741e6f4f7ee9b149c7b74800e900/element/9330F8CD5D18F75156EB4FB715507178_element_79/elements'
14:29:48.326 [AsyncHttpClient-1-8] DEBUG org.asynchttpclient.netty.handler.HttpHandler - 

Request DefaultHttpRequest(decodeResult: success, version: HTTP/1.1)
POST /session/412c741e6f4f7ee9b149c7b74800e900/element/9330F8CD5D18F75156EB4FB715507178_element_79/elements HTTP/1.1
User-Agent: selenium/4.8.1 (java windows)
Content-Length: 101
Content-Type: application/json; charset=utf-8
host: localhost:19691
accept: */*

Response DefaultHttpResponse(decodeResult: success, version: HTTP/1.1)
HTTP/1.1 200 OK
Content-Length: 355
Content-Type: application/json; charset=utf-8
cache-control: no-cache

14:29:48.329 [AsyncHttpClient-1-8] DEBUG org.asynchttpclient.netty.channel.ChannelManager - Adding key: http://localhost:19691 for channel [id: 0x0fd79672, L:/127.0.0.1:59225 - R:localhost/127.0.0.1:19691]
14:29:48.329 [Forwarding getElementAttribute on session 412c741e6f4f7ee9b149c7b74800e900 to remote] DEBUG org.asynchttpclient.netty.request.NettyRequestSender - Using pooled Channel '[id: 0x0fd79672, L:/127.0.0.1:59225 - R:localhost/127.0.0.1:19691]' for 'POST' to 'http://localhost:19691/session/412c741e6f4f7ee9b149c7b74800e900/execute/sync'
14:29:48.329 [Forwarding getElementAttribute on session 412c741e6f4f7ee9b149c7b74800e900 to remote] DEBUG org.asynchttpclient.netty.request.NettyRequestSender - Using open Channel [id: 0x0fd79672, L:/127.0.0.1:59225 - R:localhost/127.0.0.1:19691] for POST '/session/412c741e6f4f7ee9b149c7b74800e900/execute/sync'
14:29:48.347 [AsyncHttpClient-1-8] DEBUG org.asynchttpclient.netty.handler.HttpHandler - 

Request DefaultHttpRequest(decodeResult: success, version: HTTP/1.1)
POST /session/412c741e6f4f7ee9b149c7b74800e900/execute/sync HTTP/1.1
User-Agent: selenium/4.8.1 (java windows)
Content-Length: 47375
Content-Type: application/json; charset=utf-8
host: localhost:19691
accept: */*

Response DefaultHttpResponse(decodeResult: success, version: HTTP/1.1)
HTTP/1.1 200 OK
Content-Length: 13
Content-Type: application/json; charset=utf-8
cache-control: no-cache

14:29:48.347 [AsyncHttpClient-1-8] DEBUG org.asynchttpclient.netty.channel.ChannelManager - Adding key: http://localhost:19691 for channel [id: 0x0fd79672, L:/127.0.0.1:59225 - R:localhost/127.0.0.1:19691]
14:29:48.347 [Forwarding getElementAttribute on session 412c741e6f4f7ee9b149c7b74800e900 to remote] DEBUG org.asynchttpclient.netty.request.NettyRequestSender - Using pooled Channel '[id: 0x0fd79672, L:/127.0.0.1:59225 - R:localhost/127.0.0.1:19691]' for 'POST' to 'http://localhost:19691/session/412c741e6f4f7ee9b149c7b74800e900/execute/sync'
14:29:48.347 [Forwarding getElementAttribute on session 412c741e6f4f7ee9b149c7b74800e900 to remote] DEBUG org.asynchttpclient.netty.request.NettyRequestSender - Using open Channel [id: 0x0fd79672, L:/127.0.0.1:59225 - R:localhost/127.0.0.1:19691] for POST '/session/412c741e6f4f7ee9b149c7b74800e900/execute/sync'
14:29:48.368 [AsyncHttpClient-1-8] DEBUG org.asynchttpclient.netty.handler.HttpHandler - 

Request DefaultHttpRequest(decodeResult: success, version: HTTP/1.1)
POST /session/412c741e6f4f7ee9b149c7b74800e900/execute/sync HTTP/1.1
User-Agent: selenium/4.8.1 (java windows)
Content-Length: 47375
Content-Type: application/json; charset=utf-8
host: localhost:19691
accept: */*

Response DefaultHttpResponse(decodeResult: success, version: HTTP/1.1)
HTTP/1.1 200 OK
Content-Length: 13
Content-Type: application/json; charset=utf-8
cache-control: no-cache

14:29:48.368 [AsyncHttpClient-1-8] DEBUG org.asynchttpclient.netty.channel.ChannelManager - Adding key: http://localhost:19691 for channel [id: 0x0fd79672, L:/127.0.0.1:59225 - R:localhost/127.0.0.1:19691]
14:29:48.368 [Forwarding isElementEnabled on session 412c741e6f4f7ee9b149c7b74800e900 to remote] DEBUG org.asynchttpclient.netty.request.NettyRequestSender - Using pooled Channel '[id: 0x0fd79672, L:/127.0.0.1:59225 - R:localhost/127.0.0.1:19691]' for 'GET' to 'http://localhost:19691/session/412c741e6f4f7ee9b149c7b74800e900/element/9330F8CD5D18F75156EB4FB715507178_element_81/enabled'
14:29:48.368 [Forwarding isElementEnabled on session 412c741e6f4f7ee9b149c7b74800e900 to remote] DEBUG org.asynchttpclient.netty.request.NettyRequestSender - Using open Channel [id: 0x0fd79672, L:/127.0.0.1:59225 - R:localhost/127.0.0.1:19691] for GET '/session/412c741e6f4f7ee9b149c7b74800e900/element/9330F8CD5D18F75156EB4FB715507178_element_81/enabled'
14:29:48.378 [AsyncHttpClient-1-8] DEBUG org.asynchttpclient.netty.handler.HttpHandler - 

Request DefaultFullHttpRequest(decodeResult: success, version: HTTP/1.1, content: EmptyByteBufBE)
GET /session/412c741e6f4f7ee9b149c7b74800e900/element/9330F8CD5D18F75156EB4FB715507178_element_81/enabled HTTP/1.1
User-Agent: selenium/4.8.1 (java windows)
Cache-Control: no-cache
Content-Type: application/json; charset=utf-8
host: localhost:19691
accept: */*

Response DefaultHttpResponse(decodeResult: success, version: HTTP/1.1)
HTTP/1.1 200 OK
Content-Length: 14
Content-Type: application/json; charset=utf-8
cache-control: no-cache

14:29:48.378 [AsyncHttpClient-1-8] DEBUG org.asynchttpclient.netty.channel.ChannelManager - Adding key: http://localhost:19691 for channel [id: 0x0fd79672, L:/127.0.0.1:59225 - R:localhost/127.0.0.1:19691]
14:29:48.378 [Forwarding isElementSelected on session 412c741e6f4f7ee9b149c7b74800e900 to remote] DEBUG org.asynchttpclient.netty.request.NettyRequestSender - Using pooled Channel '[id: 0x0fd79672, L:/127.0.0.1:59225 - R:localhost/127.0.0.1:19691]' for 'GET' to 'http://localhost:19691/session/412c741e6f4f7ee9b149c7b74800e900/element/9330F8CD5D18F75156EB4FB715507178_element_81/selected'
14:29:48.378 [Forwarding isElementSelected on session 412c741e6f4f7ee9b149c7b74800e900 to remote] DEBUG org.asynchttpclient.netty.request.NettyRequestSender - Using open Channel [id: 0x0fd79672, L:/127.0.0.1:59225 - R:localhost/127.0.0.1:19691] for GET '/session/412c741e6f4f7ee9b149c7b74800e900/element/9330F8CD5D18F75156EB4FB715507178_element_81/selected'
14:29:48.400 [AsyncHttpClient-1-8] DEBUG org.asynchttpclient.netty.handler.HttpHandler - 

Request DefaultFullHttpRequest(decodeResult: success, version: HTTP/1.1, content: EmptyByteBufBE)
GET /session/412c741e6f4f7ee9b149c7b74800e900/element/9330F8CD5D18F75156EB4FB715507178_element_81/selected HTTP/1.1
User-Agent: selenium/4.8.1 (java windows)
Cache-Control: no-cache
Content-Type: application/json; charset=utf-8
host: localhost:19691
accept: */*

Response DefaultHttpResponse(decodeResult: success, version: HTTP/1.1)
HTTP/1.1 200 OK
Content-Length: 15
Content-Type: application/json; charset=utf-8
cache-control: no-cache

14:29:48.400 [AsyncHttpClient-1-8] DEBUG org.asynchttpclient.netty.channel.ChannelManager - Adding key: http://localhost:19691 for channel [id: 0x0fd79672, L:/127.0.0.1:59225 - R:localhost/127.0.0.1:19691]
14:29:48.400 [Forwarding clickElement on session 412c741e6f4f7ee9b149c7b74800e900 to remote] DEBUG org.asynchttpclient.netty.request.NettyRequestSender - Using pooled Channel '[id: 0x0fd79672, L:/127.0.0.1:59225 - R:localhost/127.0.0.1:19691]' for 'POST' to 'http://localhost:19691/session/412c741e6f4f7ee9b149c7b74800e900/element/9330F8CD5D18F75156EB4FB715507178_element_81/click'
14:29:48.400 [Forwarding clickElement on session 412c741e6f4f7ee9b149c7b74800e900 to remote] DEBUG org.asynchttpclient.netty.request.NettyRequestSender - Using open Channel [id: 0x0fd79672, L:/127.0.0.1:59225 - R:localhost/127.0.0.1:19691] for POST '/session/412c741e6f4f7ee9b149c7b74800e900/element/9330F8CD5D18F75156EB4FB715507178_element_81/click'
14:29:48.571 [AsyncHttpClient-1-8] DEBUG org.asynchttpclient.netty.handler.HttpHandler - 

Request DefaultHttpRequest(decodeResult: success, version: HTTP/1.1)
POST /session/412c741e6f4f7ee9b149c7b74800e900/element/9330F8CD5D18F75156EB4FB715507178_element_81/click HTTP/1.1
User-Agent: selenium/4.8.1 (java windows)
Content-Length: 57
Content-Type: application/json; charset=utf-8
host: localhost:19691
accept: */*

Response DefaultHttpResponse(decodeResult: success, version: HTTP/1.1)
HTTP/1.1 200 OK
Content-Length: 14
Content-Type: application/json; charset=utf-8
cache-control: no-cache

14:29:48.571 [AsyncHttpClient-1-8] DEBUG org.asynchttpclient.netty.channel.ChannelManager - Adding key: http://localhost:19691 for channel [id: 0x0fd79672, L:/127.0.0.1:59225 - R:localhost/127.0.0.1:19691]
14:29:48.581 [Forwarding getAlertText on session 412c741e6f4f7ee9b149c7b74800e900 to remote] DEBUG org.asynchttpclient.netty.request.NettyRequestSender - Using pooled Channel '[id: 0x0fd79672, L:/127.0.0.1:59225 - R:localhost/127.0.0.1:19691]' for 'GET' to 'http://localhost:19691/session/412c741e6f4f7ee9b149c7b74800e900/alert/text'
14:29:48.581 [Forwarding getAlertText on session 412c741e6f4f7ee9b149c7b74800e900 to remote] DEBUG org.asynchttpclient.netty.request.NettyRequestSender - Using open Channel [id: 0x0fd79672, L:/127.0.0.1:59225 - R:localhost/127.0.0.1:19691] for GET '/session/412c741e6f4f7ee9b149c7b74800e900/alert/text'
14:29:48.587 [AsyncHttpClient-1-1] DEBUG org.asynchttpclient.netty.channel.DefaultChannelPool - Entry count for : http://localhost:59226 : 1
14:29:48.587 [AsyncHttpClient-1-8] DEBUG org.asynchttpclient.netty.handler.HttpHandler - 

Request DefaultFullHttpRequest(decodeResult: success, version: HTTP/1.1, content: EmptyByteBufBE)
GET /session/412c741e6f4f7ee9b149c7b74800e900/alert/text HTTP/1.1
User-Agent: selenium/4.8.1 (java windows)
Cache-Control: no-cache
Content-Type: application/json; charset=utf-8
host: localhost:19691
accept: */*

Response DefaultHttpResponse(decodeResult: success, version: HTTP/1.1)
HTTP/1.1 404 Not Found
Content-Length: 821
Content-Type: application/json; charset=utf-8
cache-control: no-cache

14:29:48.589 [AsyncHttpClient-1-8] DEBUG org.asynchttpclient.netty.channel.ChannelManager - Adding key: http://localhost:19691 for channel [id: 0x0fd79672, L:/127.0.0.1:59225 - R:localhost/127.0.0.1:19691]
14:29:48.590 [Forwarding getCurrentUrl on session 412c741e6f4f7ee9b149c7b74800e900 to remote] DEBUG org.asynchttpclient.netty.request.NettyRequestSender - Using pooled Channel '[id: 0x0fd79672, L:/127.0.0.1:59225 - R:localhost/127.0.0.1:19691]' for 'GET' to 'http://localhost:19691/session/412c741e6f4f7ee9b149c7b74800e900/url'
14:29:48.590 [Forwarding getCurrentUrl on session 412c741e6f4f7ee9b149c7b74800e900 to remote] DEBUG org.asynchttpclient.netty.request.NettyRequestSender - Using open Channel [id: 0x0fd79672, L:/127.0.0.1:59225 - R:localhost/127.0.0.1:19691] for GET '/session/412c741e6f4f7ee9b149c7b74800e900/url'
14:29:48.604 [AsyncHttpClient-1-8] DEBUG org.asynchttpclient.netty.handler.HttpHandler - 

Request DefaultFullHttpRequest(decodeResult: success, version: HTTP/1.1, content: EmptyByteBufBE)
GET /session/412c741e6f4f7ee9b149c7b74800e900/url HTTP/1.1
User-Agent: selenium/4.8.1 (java windows)
Cache-Control: no-cache
Content-Type: application/json; charset=utf-8
host: localhost:19691
accept: */*

Response DefaultHttpResponse(decodeResult: success, version: HTTP/1.1)
HTTP/1.1 200 OK
Content-Length: 63
Content-Type: application/json; charset=utf-8
cache-control: no-cache

14:29:48.604 [AsyncHttpClient-1-8] DEBUG org.asynchttpclient.netty.channel.ChannelManager - Adding key: http://localhost:19691 for channel [id: 0x0fd79672, L:/127.0.0.1:59225 - R:localhost/127.0.0.1:19691]
14:29:48.604 [Forwarding screenshot on session 412c741e6f4f7ee9b149c7b74800e900 to remote] DEBUG org.asynchttpclient.netty.request.NettyRequestSender - Using pooled Channel '[id: 0x0fd79672, L:/127.0.0.1:59225 - R:localhost/127.0.0.1:19691]' for 'GET' to 'http://localhost:19691/session/412c741e6f4f7ee9b149c7b74800e900/screenshot'
14:29:48.604 [Forwarding screenshot on session 412c741e6f4f7ee9b149c7b74800e900 to remote] DEBUG org.asynchttpclient.netty.request.NettyRequestSender - Using open Channel [id: 0x0fd79672, L:/127.0.0.1:59225 - R:localhost/127.0.0.1:19691] for GET '/session/412c741e6f4f7ee9b149c7b74800e900/screenshot'
14:29:48.895 [AsyncHttpClient-1-8] DEBUG org.asynchttpclient.netty.handler.HttpHandler - 

Request DefaultFullHttpRequest(decodeResult: success, version: HTTP/1.1, content: EmptyByteBufBE)
GET /session/412c741e6f4f7ee9b149c7b74800e900/screenshot HTTP/1.1
User-Agent: selenium/4.8.1 (java windows)
Cache-Control: no-cache
Content-Type: application/json; charset=utf-8
host: localhost:19691
accept: */*

Response DefaultHttpResponse(decodeResult: success, version: HTTP/1.1)
HTTP/1.1 200 OK
Content-Length: 77200
Content-Type: application/json; charset=utf-8
cache-control: no-cache

14:29:48.895 [AsyncHttpClient-1-8] DEBUG org.asynchttpclient.netty.channel.ChannelManager - Adding key: http://localhost:19691 for channel [id: 0x0fd79672, L:/127.0.0.1:59225 - R:localhost/127.0.0.1:19691]
14:29:48.902 [main] DEBUG net.serenitybdd.core.photography.Darkroom - Send negative for processing for target\site\serenity\304237935906498ba460ebebeb8eb8910ef85610f77af05b736b1ffb0ac6ce37.png
14:29:48.902 [main] DEBUG net.thucydides.core.steps.StepInterceptor - STEP DONE: Select_legal_entity
14:29:48.902 [Darkroom Processing Line] DEBUG net.serenitybdd.core.photography.DarkroomProcessingLine - Processing screenshot image in /var/screenshots/screenshot-7808070464428487544
14:29:48.902 [Darkroom Processing Line] DEBUG net.serenitybdd.core.photography.DarkroomProcessingLine - Saving screenshot to target\site\serenity\304237935906498ba460ebebeb8eb8910ef85610f77af05b736b1ffb0ac6ce37.png
14:29:48.912 [Forwarding getPageSource on session 412c741e6f4f7ee9b149c7b74800e900 to remote] DEBUG org.asynchttpclient.netty.request.NettyRequestSender - Using pooled Channel '[id: 0x0fd79672, L:/127.0.0.1:59225 - R:localhost/127.0.0.1:19691]' for 'POST' to 'http://localhost:19691/session/412c741e6f4f7ee9b149c7b74800e900/execute/sync'
14:29:48.912 [Forwarding getPageSource on session 412c741e6f4f7ee9b149c7b74800e900 to remote] DEBUG org.asynchttpclient.netty.request.NettyRequestSender - Using open Channel [id: 0x0fd79672, L:/127.0.0.1:59225 - R:localhost/127.0.0.1:19691] for POST '/session/412c741e6f4f7ee9b149c7b74800e900/execute/sync'
14:29:48.927 [AsyncHttpClient-1-8] DEBUG org.asynchttpclient.netty.handler.HttpHandler - 

Request DefaultHttpRequest(decodeResult: success, version: HTTP/1.1)
POST /session/412c741e6f4f7ee9b149c7b74800e900/execute/sync HTTP/1.1
User-Agent: selenium/4.8.1 (java windows)
Content-Length: 176
Content-Type: application/json; charset=utf-8
host: localhost:19691
accept: */*

Response DefaultHttpResponse(decodeResult: success, version: HTTP/1.1)
HTTP/1.1 200 OK
Content-Length: 44798
Content-Type: application/json; charset=utf-8
cache-control: no-cache

14:29:48.934 [AsyncHttpClient-1-8] DEBUG org.asynchttpclient.netty.channel.ChannelManager - Adding key: http://localhost:19691 for channel [id: 0x0fd79672, L:/127.0.0.1:59225 - R:localhost/127.0.0.1:19691]
14:29:48.938 [Forwarding getCurrentUrl on session 412c741e6f4f7ee9b149c7b74800e900 to remote] DEBUG org.asynchttpclient.netty.request.NettyRequestSender - Using pooled Channel '[id: 0x0fd79672, L:/127.0.0.1:59225 - R:localhost/127.0.0.1:19691]' for 'GET' to 'http://localhost:19691/session/412c741e6f4f7ee9b149c7b74800e900/url'
14:29:48.938 [Forwarding getCurrentUrl on session 412c741e6f4f7ee9b149c7b74800e900 to remote] DEBUG org.asynchttpclient.netty.request.NettyRequestSender - Using open Channel [id: 0x0fd79672, L:/127.0.0.1:59225 - R:localhost/127.0.0.1:19691] for GET '/session/412c741e6f4f7ee9b149c7b74800e900/url'
14:29:48.949 [AsyncHttpClient-1-8] DEBUG org.asynchttpclient.netty.handler.HttpHandler - 

Request DefaultFullHttpRequest(decodeResult: success, version: HTTP/1.1, content: EmptyByteBufBE)
GET /session/412c741e6f4f7ee9b149c7b74800e900/url HTTP/1.1
User-Agent: selenium/4.8.1 (java windows)
Cache-Control: no-cache
Content-Type: application/json; charset=utf-8
host: localhost:19691
accept: */*

Response DefaultHttpResponse(decodeResult: success, version: HTTP/1.1)
HTTP/1.1 200 OK
Content-Length: 63
Content-Type: application/json; charset=utf-8
cache-control: no-cache

14:29:48.949 [AsyncHttpClient-1-8] DEBUG org.asynchttpclient.netty.channel.ChannelManager - Adding key: http://localhost:19691 for channel [id: 0x0fd79672, L:/127.0.0.1:59225 - R:localhost/127.0.0.1:19691]
14:29:48.966 [Forwarding getAlertText on session 412c741e6f4f7ee9b149c7b74800e900 to remote] DEBUG org.asynchttpclient.netty.request.NettyRequestSender - Using pooled Channel '[id: 0x0fd79672, L:/127.0.0.1:59225 - R:localhost/127.0.0.1:19691]' for 'GET' to 'http://localhost:19691/session/412c741e6f4f7ee9b149c7b74800e900/alert/text'
14:29:48.966 [Forwarding getAlertText on session 412c741e6f4f7ee9b149c7b74800e900 to remote] DEBUG org.asynchttpclient.netty.request.NettyRequestSender - Using open Channel [id: 0x0fd79672, L:/127.0.0.1:59225 - R:localhost/127.0.0.1:19691] for GET '/session/412c741e6f4f7ee9b149c7b74800e900/alert/text'
14:29:48.966 [AsyncHttpClient-1-8] DEBUG org.asynchttpclient.netty.handler.HttpHandler - 

Request DefaultFullHttpRequest(decodeResult: success, version: HTTP/1.1, content: EmptyByteBufBE)
GET /session/412c741e6f4f7ee9b149c7b74800e900/alert/text HTTP/1.1
User-Agent: selenium/4.8.1 (java windows)
Cache-Control: no-cache
Content-Type: application/json; charset=utf-8
host: localhost:19691
accept: */*

Response DefaultHttpResponse(decodeResult: success, version: HTTP/1.1)
HTTP/1.1 404 Not Found
Content-Length: 821
Content-Type: application/json; charset=utf-8
cache-control: no-cache

14:29:48.966 [AsyncHttpClient-1-8] DEBUG org.asynchttpclient.netty.channel.ChannelManager - Adding key: http://localhost:19691 for channel [id: 0x0fd79672, L:/127.0.0.1:59225 - R:localhost/127.0.0.1:19691]
14:29:49.470 [Forwarding getAlertText on session 412c741e6f4f7ee9b149c7b74800e900 to remote] DEBUG org.asynchttpclient.netty.request.NettyRequestSender - Using pooled Channel '[id: 0x0fd79672, L:/127.0.0.1:59225 - R:localhost/127.0.0.1:19691]' for 'GET' to 'http://localhost:19691/session/412c741e6f4f7ee9b149c7b74800e900/alert/text'
14:29:49.470 [Forwarding getAlertText on session 412c741e6f4f7ee9b149c7b74800e900 to remote] DEBUG org.asynchttpclient.netty.request.NettyRequestSender - Using open Channel [id: 0x0fd79672, L:/127.0.0.1:59225 - R:localhost/127.0.0.1:19691] for GET '/session/412c741e6f4f7ee9b149c7b74800e900/alert/text'
14:29:49.473 [AsyncHttpClient-1-8] DEBUG org.asynchttpclient.netty.handler.HttpHandler - 

Request DefaultFullHttpRequest(decodeResult: success, version: HTTP/1.1, content: EmptyByteBufBE)
GET /session/412c741e6f4f7ee9b149c7b74800e900/alert/text HTTP/1.1
User-Agent: selenium/4.8.1 (java windows)
Cache-Control: no-cache
Content-Type: application/json; charset=utf-8
host: localhost:19691
accept: */*

Response DefaultHttpResponse(decodeResult: success, version: HTTP/1.1)
HTTP/1.1 404 Not Found
Content-Length: 821
Content-Type: application/json; charset=utf-8
cache-control: no-cache

14:29:49.473 [AsyncHttpClient-1-8] DEBUG org.asynchttpclient.netty.channel.ChannelManager - Adding key: http://localhost:19691 for channel [id: 0x0fd79672, L:/127.0.0.1:59225 - R:localhost/127.0.0.1:19691]
14:29:49.477 [Forwarding getCurrentUrl on session 412c741e6f4f7ee9b149c7b74800e900 to remote] DEBUG org.asynchttpclient.netty.request.NettyRequestSender - Using pooled Channel '[id: 0x0fd79672, L:/127.0.0.1:59225 - R:localhost/127.0.0.1:19691]' for 'GET' to 'http://localhost:19691/session/412c741e6f4f7ee9b149c7b74800e900/url'
14:29:49.477 [Forwarding getCurrentUrl on session 412c741e6f4f7ee9b149c7b74800e900 to remote] DEBUG org.asynchttpclient.netty.request.NettyRequestSender - Using open Channel [id: 0x0fd79672, L:/127.0.0.1:59225 - R:localhost/127.0.0.1:19691] for GET '/session/412c741e6f4f7ee9b149c7b74800e900/url'
14:29:49.489 [AsyncHttpClient-1-8] DEBUG org.asynchttpclient.netty.handler.HttpHandler - 

Request DefaultFullHttpRequest(decodeResult: success, version: HTTP/1.1, content: EmptyByteBufBE)
GET /session/412c741e6f4f7ee9b149c7b74800e900/url HTTP/1.1
User-Agent: selenium/4.8.1 (java windows)
Cache-Control: no-cache
Content-Type: application/json; charset=utf-8
host: localhost:19691
accept: */*

Response DefaultHttpResponse(decodeResult: success, version: HTTP/1.1)
HTTP/1.1 200 OK
Content-Length: 63
Content-Type: application/json; charset=utf-8
cache-control: no-cache

14:29:49.489 [AsyncHttpClient-1-8] DEBUG org.asynchttpclient.netty.channel.ChannelManager - Adding key: http://localhost:19691 for channel [id: 0x0fd79672, L:/127.0.0.1:59225 - R:localhost/127.0.0.1:19691]
14:29:49.489 [Forwarding screenshot on session 412c741e6f4f7ee9b149c7b74800e900 to remote] DEBUG org.asynchttpclient.netty.request.NettyRequestSender - Using pooled Channel '[id: 0x0fd79672, L:/127.0.0.1:59225 - R:localhost/127.0.0.1:19691]' for 'GET' to 'http://localhost:19691/session/412c741e6f4f7ee9b149c7b74800e900/screenshot'
14:29:49.489 [Forwarding screenshot on session 412c741e6f4f7ee9b149c7b74800e900 to remote] DEBUG org.asynchttpclient.netty.request.NettyRequestSender - Using open Channel [id: 0x0fd79672, L:/127.0.0.1:59225 - R:localhost/127.0.0.1:19691] for GET '/session/412c741e6f4f7ee9b149c7b74800e900/screenshot'
14:29:49.691 [AsyncHttpClient-1-1] DEBUG org.asynchttpclient.netty.channel.DefaultChannelPool - Entry count for : http://localhost:59226 : 1
14:29:49.744 [AsyncHttpClient-1-8] DEBUG org.asynchttpclient.netty.handler.HttpHandler - 

Request DefaultFullHttpRequest(decodeResult: success, version: HTTP/1.1, content: EmptyByteBufBE)
GET /session/412c741e6f4f7ee9b149c7b74800e900/screenshot HTTP/1.1
User-Agent: selenium/4.8.1 (java windows)
Cache-Control: no-cache
Content-Type: application/json; charset=utf-8
host: localhost:19691
accept: */*

Response DefaultHttpResponse(decodeResult: success, version: HTTP/1.1)
HTTP/1.1 200 OK
Content-Length: 77200
Content-Type: application/json; charset=utf-8
cache-control: no-cache

14:29:49.744 [AsyncHttpClient-1-8] DEBUG org.asynchttpclient.netty.channel.ChannelManager - Adding key: http://localhost:19691 for channel [id: 0x0fd79672, L:/127.0.0.1:59225 - R:localhost/127.0.0.1:19691]
14:29:49.755 [main] DEBUG net.serenitybdd.core.photography.Darkroom - Send negative for processing for target\site\serenity\304237935906498ba460ebebeb8eb8910ef85610f77af05b736b1ffb0ac6ce37.png
14:29:49.755 [Forwarding getPageSource on session 412c741e6f4f7ee9b149c7b74800e900 to remote] DEBUG org.asynchttpclient.netty.request.NettyRequestSender - Using pooled Channel '[id: 0x0fd79672, L:/127.0.0.1:59225 - R:localhost/127.0.0.1:19691]' for 'POST' to 'http://localhost:19691/session/412c741e6f4f7ee9b149c7b74800e900/execute/sync'
14:29:49.755 [Forwarding getPageSource on session 412c741e6f4f7ee9b149c7b74800e900 to remote] DEBUG org.asynchttpclient.netty.request.NettyRequestSender - Using open Channel [id: 0x0fd79672, L:/127.0.0.1:59225 - R:localhost/127.0.0.1:19691] for POST '/session/412c741e6f4f7ee9b149c7b74800e900/execute/sync'
14:29:49.776 [AsyncHttpClient-1-8] DEBUG org.asynchttpclient.netty.handler.HttpHandler - 

Request DefaultHttpRequest(decodeResult: success, version: HTTP/1.1)
POST /session/412c741e6f4f7ee9b149c7b74800e900/execute/sync HTTP/1.1
User-Agent: selenium/4.8.1 (java windows)
Content-Length: 176
Content-Type: application/json; charset=utf-8
host: localhost:19691
accept: */*

Response DefaultHttpResponse(decodeResult: success, version: HTTP/1.1)
HTTP/1.1 200 OK
Content-Length: 44798
Content-Type: application/json; charset=utf-8
cache-control: no-cache

14:29:49.776 [AsyncHttpClient-1-8] DEBUG org.asynchttpclient.netty.channel.ChannelManager - Adding key: http://localhost:19691 for channel [id: 0x0fd79672, L:/127.0.0.1:59225 - R:localhost/127.0.0.1:19691]
14:29:49.776 [Forwarding getCurrentUrl on session 412c741e6f4f7ee9b149c7b74800e900 to remote] DEBUG org.asynchttpclient.netty.request.NettyRequestSender - Using pooled Channel '[id: 0x0fd79672, L:/127.0.0.1:59225 - R:localhost/127.0.0.1:19691]' for 'GET' to 'http://localhost:19691/session/412c741e6f4f7ee9b149c7b74800e900/url'
14:29:49.776 [Forwarding getCurrentUrl on session 412c741e6f4f7ee9b149c7b74800e900 to remote] DEBUG org.asynchttpclient.netty.request.NettyRequestSender - Using open Channel [id: 0x0fd79672, L:/127.0.0.1:59225 - R:localhost/127.0.0.1:19691] for GET '/session/412c741e6f4f7ee9b149c7b74800e900/url'
14:29:49.787 [AsyncHttpClient-1-8] DEBUG org.asynchttpclient.netty.handler.HttpHandler - 

Request DefaultFullHttpRequest(decodeResult: success, version: HTTP/1.1, content: EmptyByteBufBE)
GET /session/412c741e6f4f7ee9b149c7b74800e900/url HTTP/1.1
User-Agent: selenium/4.8.1 (java windows)
Cache-Control: no-cache
Content-Type: application/json; charset=utf-8
host: localhost:19691
accept: */*

Response DefaultHttpResponse(decodeResult: success, version: HTTP/1.1)
HTTP/1.1 200 OK
Content-Length: 63
Content-Type: application/json; charset=utf-8
cache-control: no-cache

14:29:49.787 [AsyncHttpClient-1-8] DEBUG org.asynchttpclient.netty.channel.ChannelManager - Adding key: http://localhost:19691 for channel [id: 0x0fd79672, L:/127.0.0.1:59225 - R:localhost/127.0.0.1:19691]
14:29:49.795 [main] DEBUG net.thucydides.core.steps.StepInterceptor - STARTING STEP: Afrexim_Signup_steps.select_type_of_institution - Select_typeof_institution
14:29:49.797 [Forwarding findElement on session 412c741e6f4f7ee9b149c7b74800e900 to remote] DEBUG org.asynchttpclient.netty.request.NettyRequestSender - Using pooled Channel '[id: 0x0fd79672, L:/127.0.0.1:59225 - R:localhost/127.0.0.1:19691]' for 'POST' to 'http://localhost:19691/session/412c741e6f4f7ee9b149c7b74800e900/element'
14:29:49.797 [Forwarding findElement on session 412c741e6f4f7ee9b149c7b74800e900 to remote] DEBUG org.asynchttpclient.netty.request.NettyRequestSender - Using open Channel [id: 0x0fd79672, L:/127.0.0.1:59225 - R:localhost/127.0.0.1:19691] for POST '/session/412c741e6f4f7ee9b149c7b74800e900/element'
14:29:49.819 [AsyncHttpClient-1-8] DEBUG org.asynchttpclient.netty.handler.HttpHandler - 

Request DefaultHttpRequest(decodeResult: success, version: HTTP/1.1)
POST /session/412c741e6f4f7ee9b149c7b74800e900/element HTTP/1.1
User-Agent: selenium/4.8.1 (java windows)
Content-Length: 86
Content-Type: application/json; charset=utf-8
host: localhost:19691
accept: */*

Response DefaultHttpResponse(decodeResult: success, version: HTTP/1.1)
HTTP/1.1 200 OK
Content-Length: 95
Content-Type: application/json; charset=utf-8
cache-control: no-cache

14:29:49.819 [AsyncHttpClient-1-8] DEBUG org.asynchttpclient.netty.channel.ChannelManager - Adding key: http://localhost:19691 for channel [id: 0x0fd79672, L:/127.0.0.1:59225 - R:localhost/127.0.0.1:19691]
14:29:49.819 [Forwarding getElementTagName on session 412c741e6f4f7ee9b149c7b74800e900 to remote] DEBUG org.asynchttpclient.netty.request.NettyRequestSender - Using pooled Channel '[id: 0x0fd79672, L:/127.0.0.1:59225 - R:localhost/127.0.0.1:19691]' for 'GET' to 'http://localhost:19691/session/412c741e6f4f7ee9b149c7b74800e900/element/9330F8CD5D18F75156EB4FB715507178_element_86/name'
14:29:49.819 [Forwarding getElementTagName on session 412c741e6f4f7ee9b149c7b74800e900 to remote] DEBUG org.asynchttpclient.netty.request.NettyRequestSender - Using open Channel [id: 0x0fd79672, L:/127.0.0.1:59225 - R:localhost/127.0.0.1:19691] for GET '/session/412c741e6f4f7ee9b149c7b74800e900/element/9330F8CD5D18F75156EB4FB715507178_element_86/name'
14:29:49.829 [AsyncHttpClient-1-8] DEBUG org.asynchttpclient.netty.handler.HttpHandler - 

Request DefaultFullHttpRequest(decodeResult: success, version: HTTP/1.1, content: EmptyByteBufBE)
GET /session/412c741e6f4f7ee9b149c7b74800e900/element/9330F8CD5D18F75156EB4FB715507178_element_86/name HTTP/1.1
User-Agent: selenium/4.8.1 (java windows)
Cache-Control: no-cache
Content-Type: application/json; charset=utf-8
host: localhost:19691
accept: */*

Response DefaultHttpResponse(decodeResult: success, version: HTTP/1.1)
HTTP/1.1 200 OK
Content-Length: 18
Content-Type: application/json; charset=utf-8
cache-control: no-cache

14:29:49.829 [AsyncHttpClient-1-8] DEBUG org.asynchttpclient.netty.channel.ChannelManager - Adding key: http://localhost:19691 for channel [id: 0x0fd79672, L:/127.0.0.1:59225 - R:localhost/127.0.0.1:19691]
14:29:49.829 [Forwarding getElementDomAttribute on session 412c741e6f4f7ee9b149c7b74800e900 to remote] DEBUG org.asynchttpclient.netty.request.NettyRequestSender - Using pooled Channel '[id: 0x0fd79672, L:/127.0.0.1:59225 - R:localhost/127.0.0.1:19691]' for 'GET' to 'http://localhost:19691/session/412c741e6f4f7ee9b149c7b74800e900/element/9330F8CD5D18F75156EB4FB715507178_element_86/attribute/multiple'
14:29:49.829 [Forwarding getElementDomAttribute on session 412c741e6f4f7ee9b149c7b74800e900 to remote] DEBUG org.asynchttpclient.netty.request.NettyRequestSender - Using open Channel [id: 0x0fd79672, L:/127.0.0.1:59225 - R:localhost/127.0.0.1:19691] for GET '/session/412c741e6f4f7ee9b149c7b74800e900/element/9330F8CD5D18F75156EB4FB715507178_element_86/attribute/multiple'
14:29:49.840 [AsyncHttpClient-1-8] DEBUG org.asynchttpclient.netty.handler.HttpHandler - 

Request DefaultFullHttpRequest(decodeResult: success, version: HTTP/1.1, content: EmptyByteBufBE)
GET /session/412c741e6f4f7ee9b149c7b74800e900/element/9330F8CD5D18F75156EB4FB715507178_element_86/attribute/multiple HTTP/1.1
User-Agent: selenium/4.8.1 (java windows)
Cache-Control: no-cache
Content-Type: application/json; charset=utf-8
host: localhost:19691
accept: */*

Response DefaultHttpResponse(decodeResult: success, version: HTTP/1.1)
HTTP/1.1 200 OK
Content-Length: 14
Content-Type: application/json; charset=utf-8
cache-control: no-cache

14:29:49.840 [AsyncHttpClient-1-8] DEBUG org.asynchttpclient.netty.channel.ChannelManager - Adding key: http://localhost:19691 for channel [id: 0x0fd79672, L:/127.0.0.1:59225 - R:localhost/127.0.0.1:19691]
14:29:49.845 [Forwarding isElementEnabled on session 412c741e6f4f7ee9b149c7b74800e900 to remote] DEBUG org.asynchttpclient.netty.request.NettyRequestSender - Using pooled Channel '[id: 0x0fd79672, L:/127.0.0.1:59225 - R:localhost/127.0.0.1:19691]' for 'GET' to 'http://localhost:19691/session/412c741e6f4f7ee9b149c7b74800e900/element/9330F8CD5D18F75156EB4FB715507178_element_86/enabled'
14:29:49.845 [Forwarding isElementEnabled on session 412c741e6f4f7ee9b149c7b74800e900 to remote] DEBUG org.asynchttpclient.netty.request.NettyRequestSender - Using open Channel [id: 0x0fd79672, L:/127.0.0.1:59225 - R:localhost/127.0.0.1:19691] for GET '/session/412c741e6f4f7ee9b149c7b74800e900/element/9330F8CD5D18F75156EB4FB715507178_element_86/enabled'
14:29:49.861 [AsyncHttpClient-1-8] DEBUG org.asynchttpclient.netty.handler.HttpHandler - 

Request DefaultFullHttpRequest(decodeResult: success, version: HTTP/1.1, content: EmptyByteBufBE)
GET /session/412c741e6f4f7ee9b149c7b74800e900/element/9330F8CD5D18F75156EB4FB715507178_element_86/enabled HTTP/1.1
User-Agent: selenium/4.8.1 (java windows)
Cache-Control: no-cache
Content-Type: application/json; charset=utf-8
host: localhost:19691
accept: */*

Response DefaultHttpResponse(decodeResult: success, version: HTTP/1.1)
HTTP/1.1 200 OK
Content-Length: 14
Content-Type: application/json; charset=utf-8
cache-control: no-cache

14:29:49.861 [AsyncHttpClient-1-8] DEBUG org.asynchttpclient.netty.channel.ChannelManager - Adding key: http://localhost:19691 for channel [id: 0x0fd79672, L:/127.0.0.1:59225 - R:localhost/127.0.0.1:19691]
14:29:49.861 [Forwarding findChildElements on session 412c741e6f4f7ee9b149c7b74800e900 to remote] DEBUG org.asynchttpclient.netty.request.NettyRequestSender - Using pooled Channel '[id: 0x0fd79672, L:/127.0.0.1:59225 - R:localhost/127.0.0.1:19691]' for 'POST' to 'http://localhost:19691/session/412c741e6f4f7ee9b149c7b74800e900/element/9330F8CD5D18F75156EB4FB715507178_element_86/elements'
14:29:49.861 [Forwarding findChildElements on session 412c741e6f4f7ee9b149c7b74800e900 to remote] DEBUG org.asynchttpclient.netty.request.NettyRequestSender - Using open Channel [id: 0x0fd79672, L:/127.0.0.1:59225 - R:localhost/127.0.0.1:19691] for POST '/session/412c741e6f4f7ee9b149c7b74800e900/element/9330F8CD5D18F75156EB4FB715507178_element_86/elements'
14:29:49.882 [AsyncHttpClient-1-8] DEBUG org.asynchttpclient.netty.handler.HttpHandler - 

Request DefaultHttpRequest(decodeResult: success, version: HTTP/1.1)
POST /session/412c741e6f4f7ee9b149c7b74800e900/element/9330F8CD5D18F75156EB4FB715507178_element_86/elements HTTP/1.1
User-Agent: selenium/4.8.1 (java windows)
Content-Length: 101
Content-Type: application/json; charset=utf-8
host: localhost:19691
accept: */*

Response DefaultHttpResponse(decodeResult: success, version: HTTP/1.1)
HTTP/1.1 200 OK
Content-Length: 355
Content-Type: application/json; charset=utf-8
cache-control: no-cache

14:29:49.882 [AsyncHttpClient-1-8] DEBUG org.asynchttpclient.netty.channel.ChannelManager - Adding key: http://localhost:19691 for channel [id: 0x0fd79672, L:/127.0.0.1:59225 - R:localhost/127.0.0.1:19691]
14:29:49.883 [Forwarding getElementAttribute on session 412c741e6f4f7ee9b149c7b74800e900 to remote] DEBUG org.asynchttpclient.netty.request.NettyRequestSender - Using pooled Channel '[id: 0x0fd79672, L:/127.0.0.1:59225 - R:localhost/127.0.0.1:19691]' for 'POST' to 'http://localhost:19691/session/412c741e6f4f7ee9b149c7b74800e900/execute/sync'
14:29:49.883 [Forwarding getElementAttribute on session 412c741e6f4f7ee9b149c7b74800e900 to remote] DEBUG org.asynchttpclient.netty.request.NettyRequestSender - Using open Channel [id: 0x0fd79672, L:/127.0.0.1:59225 - R:localhost/127.0.0.1:19691] for POST '/session/412c741e6f4f7ee9b149c7b74800e900/execute/sync'
14:29:49.904 [AsyncHttpClient-1-8] DEBUG org.asynchttpclient.netty.handler.HttpHandler - 

Request DefaultHttpRequest(decodeResult: success, version: HTTP/1.1)
POST /session/412c741e6f4f7ee9b149c7b74800e900/execute/sync HTTP/1.1
User-Agent: selenium/4.8.1 (java windows)
Content-Length: 47375
Content-Type: application/json; charset=utf-8
host: localhost:19691
accept: */*

Response DefaultHttpResponse(decodeResult: success, version: HTTP/1.1)
HTTP/1.1 200 OK
Content-Length: 13
Content-Type: application/json; charset=utf-8
cache-control: no-cache

14:29:49.904 [AsyncHttpClient-1-8] DEBUG org.asynchttpclient.netty.channel.ChannelManager - Adding key: http://localhost:19691 for channel [id: 0x0fd79672, L:/127.0.0.1:59225 - R:localhost/127.0.0.1:19691]
14:29:49.904 [Forwarding getElementAttribute on session 412c741e6f4f7ee9b149c7b74800e900 to remote] DEBUG org.asynchttpclient.netty.request.NettyRequestSender - Using pooled Channel '[id: 0x0fd79672, L:/127.0.0.1:59225 - R:localhost/127.0.0.1:19691]' for 'POST' to 'http://localhost:19691/session/412c741e6f4f7ee9b149c7b74800e900/execute/sync'
14:29:49.904 [Forwarding getElementAttribute on session 412c741e6f4f7ee9b149c7b74800e900 to remote] DEBUG org.asynchttpclient.netty.request.NettyRequestSender - Using open Channel [id: 0x0fd79672, L:/127.0.0.1:59225 - R:localhost/127.0.0.1:19691] for POST '/session/412c741e6f4f7ee9b149c7b74800e900/execute/sync'
14:29:49.936 [AsyncHttpClient-1-8] DEBUG org.asynchttpclient.netty.handler.HttpHandler - 

Request DefaultHttpRequest(decodeResult: success, version: HTTP/1.1)
POST /session/412c741e6f4f7ee9b149c7b74800e900/execute/sync HTTP/1.1
User-Agent: selenium/4.8.1 (java windows)
Content-Length: 47375
Content-Type: application/json; charset=utf-8
host: localhost:19691
accept: */*

Response DefaultHttpResponse(decodeResult: success, version: HTTP/1.1)
HTTP/1.1 200 OK
Content-Length: 13
Content-Type: application/json; charset=utf-8
cache-control: no-cache

14:29:49.936 [AsyncHttpClient-1-8] DEBUG org.asynchttpclient.netty.channel.ChannelManager - Adding key: http://localhost:19691 for channel [id: 0x0fd79672, L:/127.0.0.1:59225 - R:localhost/127.0.0.1:19691]
14:29:49.936 [Forwarding isElementEnabled on session 412c741e6f4f7ee9b149c7b74800e900 to remote] DEBUG org.asynchttpclient.netty.request.NettyRequestSender - Using pooled Channel '[id: 0x0fd79672, L:/127.0.0.1:59225 - R:localhost/127.0.0.1:19691]' for 'GET' to 'http://localhost:19691/session/412c741e6f4f7ee9b149c7b74800e900/element/9330F8CD5D18F75156EB4FB715507178_element_88/enabled'
14:29:49.936 [Forwarding isElementEnabled on session 412c741e6f4f7ee9b149c7b74800e900 to remote] DEBUG org.asynchttpclient.netty.request.NettyRequestSender - Using open Channel [id: 0x0fd79672, L:/127.0.0.1:59225 - R:localhost/127.0.0.1:19691] for GET '/session/412c741e6f4f7ee9b149c7b74800e900/element/9330F8CD5D18F75156EB4FB715507178_element_88/enabled'
14:29:49.947 [AsyncHttpClient-1-8] DEBUG org.asynchttpclient.netty.handler.HttpHandler - 

Request DefaultFullHttpRequest(decodeResult: success, version: HTTP/1.1, content: EmptyByteBufBE)
GET /session/412c741e6f4f7ee9b149c7b74800e900/element/9330F8CD5D18F75156EB4FB715507178_element_88/enabled HTTP/1.1
User-Agent: selenium/4.8.1 (java windows)
Cache-Control: no-cache
Content-Type: application/json; charset=utf-8
host: localhost:19691
accept: */*

Response DefaultHttpResponse(decodeResult: success, version: HTTP/1.1)
HTTP/1.1 200 OK
Content-Length: 14
Content-Type: application/json; charset=utf-8
cache-control: no-cache

14:29:49.947 [AsyncHttpClient-1-8] DEBUG org.asynchttpclient.netty.channel.ChannelManager - Adding key: http://localhost:19691 for channel [id: 0x0fd79672, L:/127.0.0.1:59225 - R:localhost/127.0.0.1:19691]
14:29:49.957 [Forwarding isElementSelected on session 412c741e6f4f7ee9b149c7b74800e900 to remote] DEBUG org.asynchttpclient.netty.request.NettyRequestSender - Using pooled Channel '[id: 0x0fd79672, L:/127.0.0.1:59225 - R:localhost/127.0.0.1:19691]' for 'GET' to 'http://localhost:19691/session/412c741e6f4f7ee9b149c7b74800e900/element/9330F8CD5D18F75156EB4FB715507178_element_88/selected'
14:29:49.957 [Forwarding isElementSelected on session 412c741e6f4f7ee9b149c7b74800e900 to remote] DEBUG org.asynchttpclient.netty.request.NettyRequestSender - Using open Channel [id: 0x0fd79672, L:/127.0.0.1:59225 - R:localhost/127.0.0.1:19691] for GET '/session/412c741e6f4f7ee9b149c7b74800e900/element/9330F8CD5D18F75156EB4FB715507178_element_88/selected'
14:29:49.974 [AsyncHttpClient-1-8] DEBUG org.asynchttpclient.netty.handler.HttpHandler - 

Request DefaultFullHttpRequest(decodeResult: success, version: HTTP/1.1, content: EmptyByteBufBE)
GET /session/412c741e6f4f7ee9b149c7b74800e900/element/9330F8CD5D18F75156EB4FB715507178_element_88/selected HTTP/1.1
User-Agent: selenium/4.8.1 (java windows)
Cache-Control: no-cache
Content-Type: application/json; charset=utf-8
host: localhost:19691
accept: */*

Response DefaultHttpResponse(decodeResult: success, version: HTTP/1.1)
HTTP/1.1 200 OK
Content-Length: 15
Content-Type: application/json; charset=utf-8
cache-control: no-cache

14:29:49.974 [AsyncHttpClient-1-8] DEBUG org.asynchttpclient.netty.channel.ChannelManager - Adding key: http://localhost:19691 for channel [id: 0x0fd79672, L:/127.0.0.1:59225 - R:localhost/127.0.0.1:19691]
14:29:49.977 [Forwarding clickElement on session 412c741e6f4f7ee9b149c7b74800e900 to remote] DEBUG org.asynchttpclient.netty.request.NettyRequestSender - Using pooled Channel '[id: 0x0fd79672, L:/127.0.0.1:59225 - R:localhost/127.0.0.1:19691]' for 'POST' to 'http://localhost:19691/session/412c741e6f4f7ee9b149c7b74800e900/element/9330F8CD5D18F75156EB4FB715507178_element_88/click'
14:29:49.977 [Forwarding clickElement on session 412c741e6f4f7ee9b149c7b74800e900 to remote] DEBUG org.asynchttpclient.netty.request.NettyRequestSender - Using open Channel [id: 0x0fd79672, L:/127.0.0.1:59225 - R:localhost/127.0.0.1:19691] for POST '/session/412c741e6f4f7ee9b149c7b74800e900/element/9330F8CD5D18F75156EB4FB715507178_element_88/click'
14:29:50.123 [AsyncHttpClient-1-8] DEBUG org.asynchttpclient.netty.handler.HttpHandler - 

Request DefaultHttpRequest(decodeResult: success, version: HTTP/1.1)
POST /session/412c741e6f4f7ee9b149c7b74800e900/element/9330F8CD5D18F75156EB4FB715507178_element_88/click HTTP/1.1
User-Agent: selenium/4.8.1 (java windows)
Content-Length: 57
Content-Type: application/json; charset=utf-8
host: localhost:19691
accept: */*

Response DefaultHttpResponse(decodeResult: success, version: HTTP/1.1)
HTTP/1.1 200 OK
Content-Length: 14
Content-Type: application/json; charset=utf-8
cache-control: no-cache

14:29:50.123 [AsyncHttpClient-1-8] DEBUG org.asynchttpclient.netty.channel.ChannelManager - Adding key: http://localhost:19691 for channel [id: 0x0fd79672, L:/127.0.0.1:59225 - R:localhost/127.0.0.1:19691]
14:29:50.149 [Forwarding getAlertText on session 412c741e6f4f7ee9b149c7b74800e900 to remote] DEBUG org.asynchttpclient.netty.request.NettyRequestSender - Using pooled Channel '[id: 0x0fd79672, L:/127.0.0.1:59225 - R:localhost/127.0.0.1:19691]' for 'GET' to 'http://localhost:19691/session/412c741e6f4f7ee9b149c7b74800e900/alert/text'
14:29:50.149 [Forwarding getAlertText on session 412c741e6f4f7ee9b149c7b74800e900 to remote] DEBUG org.asynchttpclient.netty.request.NettyRequestSender - Using open Channel [id: 0x0fd79672, L:/127.0.0.1:59225 - R:localhost/127.0.0.1:19691] for GET '/session/412c741e6f4f7ee9b149c7b74800e900/alert/text'
14:29:50.175 [AsyncHttpClient-1-8] DEBUG org.asynchttpclient.netty.handler.HttpHandler - 

Request DefaultFullHttpRequest(decodeResult: success, version: HTTP/1.1, content: EmptyByteBufBE)
GET /session/412c741e6f4f7ee9b149c7b74800e900/alert/text HTTP/1.1
User-Agent: selenium/4.8.1 (java windows)
Cache-Control: no-cache
Content-Type: application/json; charset=utf-8
host: localhost:19691
accept: */*

Response DefaultHttpResponse(decodeResult: success, version: HTTP/1.1)
HTTP/1.1 404 Not Found
Content-Length: 821
Content-Type: application/json; charset=utf-8
cache-control: no-cache

14:29:50.175 [AsyncHttpClient-1-8] DEBUG org.asynchttpclient.netty.channel.ChannelManager - Adding key: http://localhost:19691 for channel [id: 0x0fd79672, L:/127.0.0.1:59225 - R:localhost/127.0.0.1:19691]
14:29:50.175 [Forwarding getCurrentUrl on session 412c741e6f4f7ee9b149c7b74800e900 to remote] DEBUG org.asynchttpclient.netty.request.NettyRequestSender - Using pooled Channel '[id: 0x0fd79672, L:/127.0.0.1:59225 - R:localhost/127.0.0.1:19691]' for 'GET' to 'http://localhost:19691/session/412c741e6f4f7ee9b149c7b74800e900/url'
14:29:50.175 [Forwarding getCurrentUrl on session 412c741e6f4f7ee9b149c7b74800e900 to remote] DEBUG org.asynchttpclient.netty.request.NettyRequestSender - Using open Channel [id: 0x0fd79672, L:/127.0.0.1:59225 - R:localhost/127.0.0.1:19691] for GET '/session/412c741e6f4f7ee9b149c7b74800e900/url'
14:29:50.203 [AsyncHttpClient-1-8] DEBUG org.asynchttpclient.netty.handler.HttpHandler - 

Request DefaultFullHttpRequest(decodeResult: success, version: HTTP/1.1, content: EmptyByteBufBE)
GET /session/412c741e6f4f7ee9b149c7b74800e900/url HTTP/1.1
User-Agent: selenium/4.8.1 (java windows)
Cache-Control: no-cache
Content-Type: application/json; charset=utf-8
host: localhost:19691
accept: */*

Response DefaultHttpResponse(decodeResult: success, version: HTTP/1.1)
HTTP/1.1 200 OK
Content-Length: 63
Content-Type: application/json; charset=utf-8
cache-control: no-cache

14:29:50.203 [AsyncHttpClient-1-8] DEBUG org.asynchttpclient.netty.channel.ChannelManager - Adding key: http://localhost:19691 for channel [id: 0x0fd79672, L:/127.0.0.1:59225 - R:localhost/127.0.0.1:19691]
14:29:50.203 [Forwarding screenshot on session 412c741e6f4f7ee9b149c7b74800e900 to remote] DEBUG org.asynchttpclient.netty.request.NettyRequestSender - Using pooled Channel '[id: 0x0fd79672, L:/127.0.0.1:59225 - R:localhost/127.0.0.1:19691]' for 'GET' to 'http://localhost:19691/session/412c741e6f4f7ee9b149c7b74800e900/screenshot'
14:29:50.203 [Forwarding screenshot on session 412c741e6f4f7ee9b149c7b74800e900 to remote] DEBUG org.asynchttpclient.netty.request.NettyRequestSender - Using open Channel [id: 0x0fd79672, L:/127.0.0.1:59225 - R:localhost/127.0.0.1:19691] for GET '/session/412c741e6f4f7ee9b149c7b74800e900/screenshot'
14:29:50.480 [AsyncHttpClient-1-8] DEBUG org.asynchttpclient.netty.handler.HttpHandler - 

Request DefaultFullHttpRequest(decodeResult: success, version: HTTP/1.1, content: EmptyByteBufBE)
GET /session/412c741e6f4f7ee9b149c7b74800e900/screenshot HTTP/1.1
User-Agent: selenium/4.8.1 (java windows)
Cache-Control: no-cache
Content-Type: application/json; charset=utf-8
host: localhost:19691
accept: */*

Response DefaultHttpResponse(decodeResult: success, version: HTTP/1.1)
HTTP/1.1 200 OK
Content-Length: 76632
Content-Type: application/json; charset=utf-8
cache-control: no-cache

14:29:50.480 [AsyncHttpClient-1-8] DEBUG org.asynchttpclient.netty.channel.ChannelManager - Adding key: http://localhost:19691 for channel [id: 0x0fd79672, L:/127.0.0.1:59225 - R:localhost/127.0.0.1:19691]
14:29:50.488 [main] DEBUG net.serenitybdd.core.photography.Darkroom - Send negative for processing for target\site\serenity\e99f97e35ace2bff4749a6b52944c1e761230f63d2d9aed40dbad24d0de2df40.png
14:29:50.491 [main] DEBUG net.thucydides.core.steps.StepInterceptor - STEP DONE: Select_typeof_institution
14:29:50.491 [Darkroom Processing Line] DEBUG net.serenitybdd.core.photography.DarkroomProcessingLine - Processing screenshot image in /var/screenshots/screenshot-6457650087051631321
14:29:50.491 [Darkroom Processing Line] DEBUG net.serenitybdd.core.photography.DarkroomProcessingLine - Saving screenshot to target\site\serenity\e99f97e35ace2bff4749a6b52944c1e761230f63d2d9aed40dbad24d0de2df40.png
14:29:50.503 [Forwarding getPageSource on session 412c741e6f4f7ee9b149c7b74800e900 to remote] DEBUG org.asynchttpclient.netty.request.NettyRequestSender - Using pooled Channel '[id: 0x0fd79672, L:/127.0.0.1:59225 - R:localhost/127.0.0.1:19691]' for 'POST' to 'http://localhost:19691/session/412c741e6f4f7ee9b149c7b74800e900/execute/sync'
14:29:50.503 [Forwarding getPageSource on session 412c741e6f4f7ee9b149c7b74800e900 to remote] DEBUG org.asynchttpclient.netty.request.NettyRequestSender - Using open Channel [id: 0x0fd79672, L:/127.0.0.1:59225 - R:localhost/127.0.0.1:19691] for POST '/session/412c741e6f4f7ee9b149c7b74800e900/execute/sync'
14:29:50.523 [AsyncHttpClient-1-8] DEBUG org.asynchttpclient.netty.handler.HttpHandler - 

Request DefaultHttpRequest(decodeResult: success, version: HTTP/1.1)
POST /session/412c741e6f4f7ee9b149c7b74800e900/execute/sync HTTP/1.1
User-Agent: selenium/4.8.1 (java windows)
Content-Length: 176
Content-Type: application/json; charset=utf-8
host: localhost:19691
accept: */*

Response DefaultHttpResponse(decodeResult: success, version: HTTP/1.1)
HTTP/1.1 200 OK
Content-Length: 44798
Content-Type: application/json; charset=utf-8
cache-control: no-cache

14:29:50.523 [AsyncHttpClient-1-8] DEBUG org.asynchttpclient.netty.channel.ChannelManager - Adding key: http://localhost:19691 for channel [id: 0x0fd79672, L:/127.0.0.1:59225 - R:localhost/127.0.0.1:19691]
14:29:50.535 [Forwarding getCurrentUrl on session 412c741e6f4f7ee9b149c7b74800e900 to remote] DEBUG org.asynchttpclient.netty.request.NettyRequestSender - Using pooled Channel '[id: 0x0fd79672, L:/127.0.0.1:59225 - R:localhost/127.0.0.1:19691]' for 'GET' to 'http://localhost:19691/session/412c741e6f4f7ee9b149c7b74800e900/url'
14:29:50.535 [Forwarding getCurrentUrl on session 412c741e6f4f7ee9b149c7b74800e900 to remote] DEBUG org.asynchttpclient.netty.request.NettyRequestSender - Using open Channel [id: 0x0fd79672, L:/127.0.0.1:59225 - R:localhost/127.0.0.1:19691] for GET '/session/412c741e6f4f7ee9b149c7b74800e900/url'
14:29:50.549 [AsyncHttpClient-1-8] DEBUG org.asynchttpclient.netty.handler.HttpHandler - 

Request DefaultFullHttpRequest(decodeResult: success, version: HTTP/1.1, content: EmptyByteBufBE)
GET /session/412c741e6f4f7ee9b149c7b74800e900/url HTTP/1.1
User-Agent: selenium/4.8.1 (java windows)
Cache-Control: no-cache
Content-Type: application/json; charset=utf-8
host: localhost:19691
accept: */*

Response DefaultHttpResponse(decodeResult: success, version: HTTP/1.1)
HTTP/1.1 200 OK
Content-Length: 63
Content-Type: application/json; charset=utf-8
cache-control: no-cache

14:29:50.549 [AsyncHttpClient-1-8] DEBUG org.asynchttpclient.netty.channel.ChannelManager - Adding key: http://localhost:19691 for channel [id: 0x0fd79672, L:/127.0.0.1:59225 - R:localhost/127.0.0.1:19691]
14:29:50.567 [Forwarding getAlertText on session 412c741e6f4f7ee9b149c7b74800e900 to remote] DEBUG org.asynchttpclient.netty.request.NettyRequestSender - Using pooled Channel '[id: 0x0fd79672, L:/127.0.0.1:59225 - R:localhost/127.0.0.1:19691]' for 'GET' to 'http://localhost:19691/session/412c741e6f4f7ee9b149c7b74800e900/alert/text'
14:29:50.567 [Forwarding getAlertText on session 412c741e6f4f7ee9b149c7b74800e900 to remote] DEBUG org.asynchttpclient.netty.request.NettyRequestSender - Using open Channel [id: 0x0fd79672, L:/127.0.0.1:59225 - R:localhost/127.0.0.1:19691] for GET '/session/412c741e6f4f7ee9b149c7b74800e900/alert/text'
14:29:50.567 [AsyncHttpClient-1-8] DEBUG org.asynchttpclient.netty.handler.HttpHandler - 

Request DefaultFullHttpRequest(decodeResult: success, version: HTTP/1.1, content: EmptyByteBufBE)
GET /session/412c741e6f4f7ee9b149c7b74800e900/alert/text HTTP/1.1
User-Agent: selenium/4.8.1 (java windows)
Cache-Control: no-cache
Content-Type: application/json; charset=utf-8
host: localhost:19691
accept: */*

Response DefaultHttpResponse(decodeResult: success, version: HTTP/1.1)
HTTP/1.1 404 Not Found
Content-Length: 821
Content-Type: application/json; charset=utf-8
cache-control: no-cache

14:29:50.567 [AsyncHttpClient-1-8] DEBUG org.asynchttpclient.netty.channel.ChannelManager - Adding key: http://localhost:19691 for channel [id: 0x0fd79672, L:/127.0.0.1:59225 - R:localhost/127.0.0.1:19691]
14:29:50.789 [AsyncHttpClient-1-1] DEBUG org.asynchttpclient.netty.channel.DefaultChannelPool - Entry count for : http://localhost:59226 : 1
14:29:50.789 [AsyncHttpClient-1-1] DEBUG org.asynchttpclient.netty.channel.DefaultChannelPool - Entry count for : http://localhost:19691 : 1
14:29:51.078 [Forwarding getAlertText on session 412c741e6f4f7ee9b149c7b74800e900 to remote] DEBUG org.asynchttpclient.netty.request.NettyRequestSender - Using pooled Channel '[id: 0x0fd79672, L:/127.0.0.1:59225 - R:localhost/127.0.0.1:19691]' for 'GET' to 'http://localhost:19691/session/412c741e6f4f7ee9b149c7b74800e900/alert/text'
14:29:51.078 [Forwarding getAlertText on session 412c741e6f4f7ee9b149c7b74800e900 to remote] DEBUG org.asynchttpclient.netty.request.NettyRequestSender - Using open Channel [id: 0x0fd79672, L:/127.0.0.1:59225 - R:localhost/127.0.0.1:19691] for GET '/session/412c741e6f4f7ee9b149c7b74800e900/alert/text'
14:29:51.078 [AsyncHttpClient-1-8] DEBUG org.asynchttpclient.netty.handler.HttpHandler - 

Request DefaultFullHttpRequest(decodeResult: success, version: HTTP/1.1, content: EmptyByteBufBE)
GET /session/412c741e6f4f7ee9b149c7b74800e900/alert/text HTTP/1.1
User-Agent: selenium/4.8.1 (java windows)
Cache-Control: no-cache
Content-Type: application/json; charset=utf-8
host: localhost:19691
accept: */*

Response DefaultHttpResponse(decodeResult: success, version: HTTP/1.1)
HTTP/1.1 404 Not Found
Content-Length: 821
Content-Type: application/json; charset=utf-8
cache-control: no-cache

14:29:51.078 [AsyncHttpClient-1-8] DEBUG org.asynchttpclient.netty.channel.ChannelManager - Adding key: http://localhost:19691 for channel [id: 0x0fd79672, L:/127.0.0.1:59225 - R:localhost/127.0.0.1:19691]
14:29:51.078 [Forwarding getCurrentUrl on session 412c741e6f4f7ee9b149c7b74800e900 to remote] DEBUG org.asynchttpclient.netty.request.NettyRequestSender - Using pooled Channel '[id: 0x0fd79672, L:/127.0.0.1:59225 - R:localhost/127.0.0.1:19691]' for 'GET' to 'http://localhost:19691/session/412c741e6f4f7ee9b149c7b74800e900/url'
14:29:51.078 [Forwarding getCurrentUrl on session 412c741e6f4f7ee9b149c7b74800e900 to remote] DEBUG org.asynchttpclient.netty.request.NettyRequestSender - Using open Channel [id: 0x0fd79672, L:/127.0.0.1:59225 - R:localhost/127.0.0.1:19691] for GET '/session/412c741e6f4f7ee9b149c7b74800e900/url'
14:29:51.099 [AsyncHttpClient-1-8] DEBUG org.asynchttpclient.netty.handler.HttpHandler - 

Request DefaultFullHttpRequest(decodeResult: success, version: HTTP/1.1, content: EmptyByteBufBE)
GET /session/412c741e6f4f7ee9b149c7b74800e900/url HTTP/1.1
User-Agent: selenium/4.8.1 (java windows)
Cache-Control: no-cache
Content-Type: application/json; charset=utf-8
host: localhost:19691
accept: */*

Response DefaultHttpResponse(decodeResult: success, version: HTTP/1.1)
HTTP/1.1 200 OK
Content-Length: 63
Content-Type: application/json; charset=utf-8
cache-control: no-cache

14:29:51.099 [AsyncHttpClient-1-8] DEBUG org.asynchttpclient.netty.channel.ChannelManager - Adding key: http://localhost:19691 for channel [id: 0x0fd79672, L:/127.0.0.1:59225 - R:localhost/127.0.0.1:19691]
14:29:51.099 [Forwarding screenshot on session 412c741e6f4f7ee9b149c7b74800e900 to remote] DEBUG org.asynchttpclient.netty.request.NettyRequestSender - Using pooled Channel '[id: 0x0fd79672, L:/127.0.0.1:59225 - R:localhost/127.0.0.1:19691]' for 'GET' to 'http://localhost:19691/session/412c741e6f4f7ee9b149c7b74800e900/screenshot'
14:29:51.099 [Forwarding screenshot on session 412c741e6f4f7ee9b149c7b74800e900 to remote] DEBUG org.asynchttpclient.netty.request.NettyRequestSender - Using open Channel [id: 0x0fd79672, L:/127.0.0.1:59225 - R:localhost/127.0.0.1:19691] for GET '/session/412c741e6f4f7ee9b149c7b74800e900/screenshot'
14:29:51.323 [AsyncHttpClient-1-8] DEBUG org.asynchttpclient.netty.handler.HttpHandler - 

Request DefaultFullHttpRequest(decodeResult: success, version: HTTP/1.1, content: EmptyByteBufBE)
GET /session/412c741e6f4f7ee9b149c7b74800e900/screenshot HTTP/1.1
User-Agent: selenium/4.8.1 (java windows)
Cache-Control: no-cache
Content-Type: application/json; charset=utf-8
host: localhost:19691
accept: */*

Response DefaultHttpResponse(decodeResult: success, version: HTTP/1.1)
HTTP/1.1 200 OK
Content-Length: 76636
Content-Type: application/json; charset=utf-8
cache-control: no-cache

14:29:51.323 [AsyncHttpClient-1-8] DEBUG org.asynchttpclient.netty.channel.ChannelManager - Adding key: http://localhost:19691 for channel [id: 0x0fd79672, L:/127.0.0.1:59225 - R:localhost/127.0.0.1:19691]
14:29:51.334 [main] DEBUG net.serenitybdd.core.photography.Darkroom - Send negative for processing for target\site\serenity\c69bffab91ad99ac121020dd9cd96c2fd5aabfaa7a2a73b6ef5ff5ca67a99af2.png
14:29:51.334 [Darkroom Processing Line] DEBUG net.serenitybdd.core.photography.DarkroomProcessingLine - Processing screenshot image in /var/screenshots/screenshot-5471183914990783126
14:29:51.334 [Darkroom Processing Line] DEBUG net.serenitybdd.core.photography.DarkroomProcessingLine - Saving screenshot to target\site\serenity\c69bffab91ad99ac121020dd9cd96c2fd5aabfaa7a2a73b6ef5ff5ca67a99af2.png
14:29:51.340 [Forwarding getPageSource on session 412c741e6f4f7ee9b149c7b74800e900 to remote] DEBUG org.asynchttpclient.netty.request.NettyRequestSender - Using pooled Channel '[id: 0x0fd79672, L:/127.0.0.1:59225 - R:localhost/127.0.0.1:19691]' for 'POST' to 'http://localhost:19691/session/412c741e6f4f7ee9b149c7b74800e900/execute/sync'
14:29:51.340 [Forwarding getPageSource on session 412c741e6f4f7ee9b149c7b74800e900 to remote] DEBUG org.asynchttpclient.netty.request.NettyRequestSender - Using open Channel [id: 0x0fd79672, L:/127.0.0.1:59225 - R:localhost/127.0.0.1:19691] for POST '/session/412c741e6f4f7ee9b149c7b74800e900/execute/sync'
14:29:51.355 [AsyncHttpClient-1-8] DEBUG org.asynchttpclient.netty.handler.HttpHandler - 

Request DefaultHttpRequest(decodeResult: success, version: HTTP/1.1)
POST /session/412c741e6f4f7ee9b149c7b74800e900/execute/sync HTTP/1.1
User-Agent: selenium/4.8.1 (java windows)
Content-Length: 176
Content-Type: application/json; charset=utf-8
host: localhost:19691
accept: */*

Response DefaultHttpResponse(decodeResult: success, version: HTTP/1.1)
HTTP/1.1 200 OK
Content-Length: 44798
Content-Type: application/json; charset=utf-8
cache-control: no-cache

14:29:51.355 [AsyncHttpClient-1-8] DEBUG org.asynchttpclient.netty.channel.ChannelManager - Adding key: http://localhost:19691 for channel [id: 0x0fd79672, L:/127.0.0.1:59225 - R:localhost/127.0.0.1:19691]
14:29:51.355 [Forwarding getCurrentUrl on session 412c741e6f4f7ee9b149c7b74800e900 to remote] DEBUG org.asynchttpclient.netty.request.NettyRequestSender - Using pooled Channel '[id: 0x0fd79672, L:/127.0.0.1:59225 - R:localhost/127.0.0.1:19691]' for 'GET' to 'http://localhost:19691/session/412c741e6f4f7ee9b149c7b74800e900/url'
14:29:51.355 [Forwarding getCurrentUrl on session 412c741e6f4f7ee9b149c7b74800e900 to remote] DEBUG org.asynchttpclient.netty.request.NettyRequestSender - Using open Channel [id: 0x0fd79672, L:/127.0.0.1:59225 - R:localhost/127.0.0.1:19691] for GET '/session/412c741e6f4f7ee9b149c7b74800e900/url'
14:29:51.371 [AsyncHttpClient-1-8] DEBUG org.asynchttpclient.netty.handler.HttpHandler - 

Request DefaultFullHttpRequest(decodeResult: success, version: HTTP/1.1, content: EmptyByteBufBE)
GET /session/412c741e6f4f7ee9b149c7b74800e900/url HTTP/1.1
User-Agent: selenium/4.8.1 (java windows)
Cache-Control: no-cache
Content-Type: application/json; charset=utf-8
host: localhost:19691
accept: */*

Response DefaultHttpResponse(decodeResult: success, version: HTTP/1.1)
HTTP/1.1 200 OK
Content-Length: 63
Content-Type: application/json; charset=utf-8
cache-control: no-cache

14:29:51.371 [AsyncHttpClient-1-8] DEBUG org.asynchttpclient.netty.channel.ChannelManager - Adding key: http://localhost:19691 for channel [id: 0x0fd79672, L:/127.0.0.1:59225 - R:localhost/127.0.0.1:19691]
14:29:51.376 [main] DEBUG net.thucydides.core.steps.StepInterceptor - STARTING STEP: Afrexim_Signup_steps.enter_activities_description - Enter_activities_description
14:29:51.381 [Forwarding findElement on session 412c741e6f4f7ee9b149c7b74800e900 to remote] DEBUG org.asynchttpclient.netty.request.NettyRequestSender - Using pooled Channel '[id: 0x0fd79672, L:/127.0.0.1:59225 - R:localhost/127.0.0.1:19691]' for 'POST' to 'http://localhost:19691/session/412c741e6f4f7ee9b149c7b74800e900/element'
14:29:51.381 [Forwarding findElement on session 412c741e6f4f7ee9b149c7b74800e900 to remote] DEBUG org.asynchttpclient.netty.request.NettyRequestSender - Using open Channel [id: 0x0fd79672, L:/127.0.0.1:59225 - R:localhost/127.0.0.1:19691] for POST '/session/412c741e6f4f7ee9b149c7b74800e900/element'
14:29:51.403 [AsyncHttpClient-1-8] DEBUG org.asynchttpclient.netty.handler.HttpHandler - 

Request DefaultHttpRequest(decodeResult: success, version: HTTP/1.1)
POST /session/412c741e6f4f7ee9b149c7b74800e900/element HTTP/1.1
User-Agent: selenium/4.8.1 (java windows)
Content-Length: 86
Content-Type: application/json; charset=utf-8
host: localhost:19691
accept: */*

Response DefaultHttpResponse(decodeResult: success, version: HTTP/1.1)
HTTP/1.1 200 OK
Content-Length: 95
Content-Type: application/json; charset=utf-8
cache-control: no-cache

14:29:51.403 [AsyncHttpClient-1-8] DEBUG org.asynchttpclient.netty.channel.ChannelManager - Adding key: http://localhost:19691 for channel [id: 0x0fd79672, L:/127.0.0.1:59225 - R:localhost/127.0.0.1:19691]
14:29:51.403 [Forwarding clearElement on session 412c741e6f4f7ee9b149c7b74800e900 to remote] DEBUG org.asynchttpclient.netty.request.NettyRequestSender - Using pooled Channel '[id: 0x0fd79672, L:/127.0.0.1:59225 - R:localhost/127.0.0.1:19691]' for 'POST' to 'http://localhost:19691/session/412c741e6f4f7ee9b149c7b74800e900/element/9330F8CD5D18F75156EB4FB715507178_element_91/clear'
14:29:51.403 [Forwarding clearElement on session 412c741e6f4f7ee9b149c7b74800e900 to remote] DEBUG org.asynchttpclient.netty.request.NettyRequestSender - Using open Channel [id: 0x0fd79672, L:/127.0.0.1:59225 - R:localhost/127.0.0.1:19691] for POST '/session/412c741e6f4f7ee9b149c7b74800e900/element/9330F8CD5D18F75156EB4FB715507178_element_91/clear'
14:29:51.456 [AsyncHttpClient-1-8] DEBUG org.asynchttpclient.netty.handler.HttpHandler - 

Request DefaultHttpRequest(decodeResult: success, version: HTTP/1.1)
POST /session/412c741e6f4f7ee9b149c7b74800e900/element/9330F8CD5D18F75156EB4FB715507178_element_91/clear HTTP/1.1
User-Agent: selenium/4.8.1 (java windows)
Content-Length: 57
Content-Type: application/json; charset=utf-8
host: localhost:19691
accept: */*

Response DefaultHttpResponse(decodeResult: success, version: HTTP/1.1)
HTTP/1.1 200 OK
Content-Length: 14
Content-Type: application/json; charset=utf-8
cache-control: no-cache

14:29:51.456 [AsyncHttpClient-1-8] DEBUG org.asynchttpclient.netty.channel.ChannelManager - Adding key: http://localhost:19691 for channel [id: 0x0fd79672, L:/127.0.0.1:59225 - R:localhost/127.0.0.1:19691]
14:29:51.462 [Forwarding sendKeysToElement on session 412c741e6f4f7ee9b149c7b74800e900 to remote] DEBUG org.asynchttpclient.netty.request.NettyRequestSender - Using pooled Channel '[id: 0x0fd79672, L:/127.0.0.1:59225 - R:localhost/127.0.0.1:19691]' for 'POST' to 'http://localhost:19691/session/412c741e6f4f7ee9b149c7b74800e900/element/9330F8CD5D18F75156EB4FB715507178_element_91/value'
14:29:51.462 [Forwarding sendKeysToElement on session 412c741e6f4f7ee9b149c7b74800e900 to remote] DEBUG org.asynchttpclient.netty.request.NettyRequestSender - Using open Channel [id: 0x0fd79672, L:/127.0.0.1:59225 - R:localhost/127.0.0.1:19691] for POST '/session/412c741e6f4f7ee9b149c7b74800e900/element/9330F8CD5D18F75156EB4FB715507178_element_91/value'
14:29:51.893 [AsyncHttpClient-1-1] DEBUG org.asynchttpclient.netty.channel.DefaultChannelPool - Entry count for : http://localhost:59226 : 1
14:29:52.138 [AsyncHttpClient-1-8] DEBUG org.asynchttpclient.netty.handler.HttpHandler - 

Request DefaultHttpRequest(decodeResult: success, version: HTTP/1.1)
POST /session/412c741e6f4f7ee9b149c7b74800e900/element/9330F8CD5D18F75156EB4FB715507178_element_91/value HTTP/1.1
User-Agent: selenium/4.8.1 (java windows)
Content-Length: 228
Content-Type: application/json; charset=utf-8
host: localhost:19691
accept: */*

Response DefaultHttpResponse(decodeResult: success, version: HTTP/1.1)
HTTP/1.1 200 OK
Content-Length: 14
Content-Type: application/json; charset=utf-8
cache-control: no-cache

14:29:52.138 [AsyncHttpClient-1-8] DEBUG org.asynchttpclient.netty.channel.ChannelManager - Adding key: http://localhost:19691 for channel [id: 0x0fd79672, L:/127.0.0.1:59225 - R:localhost/127.0.0.1:19691]
14:29:52.144 [Forwarding sendKeysToElement on session 412c741e6f4f7ee9b149c7b74800e900 to remote] DEBUG org.asynchttpclient.netty.request.NettyRequestSender - Using pooled Channel '[id: 0x0fd79672, L:/127.0.0.1:59225 - R:localhost/127.0.0.1:19691]' for 'POST' to 'http://localhost:19691/session/412c741e6f4f7ee9b149c7b74800e900/element/9330F8CD5D18F75156EB4FB715507178_element_91/value'
14:29:52.144 [Forwarding sendKeysToElement on session 412c741e6f4f7ee9b149c7b74800e900 to remote] DEBUG org.asynchttpclient.netty.request.NettyRequestSender - Using open Channel [id: 0x0fd79672, L:/127.0.0.1:59225 - R:localhost/127.0.0.1:19691] for POST '/session/412c741e6f4f7ee9b149c7b74800e900/element/9330F8CD5D18F75156EB4FB715507178_element_91/value'
14:29:52.258 [AsyncHttpClient-1-8] DEBUG org.asynchttpclient.netty.handler.HttpHandler - 

Request DefaultHttpRequest(decodeResult: success, version: HTTP/1.1)
POST /session/412c741e6f4f7ee9b149c7b74800e900/element/9330F8CD5D18F75156EB4FB715507178_element_91/value HTTP/1.1
User-Agent: selenium/4.8.1 (java windows)
Content-Length: 102
Content-Type: application/json; charset=utf-8
host: localhost:19691
accept: */*

Response DefaultHttpResponse(decodeResult: success, version: HTTP/1.1)
HTTP/1.1 200 OK
Content-Length: 14
Content-Type: application/json; charset=utf-8
cache-control: no-cache

14:29:52.258 [AsyncHttpClient-1-8] DEBUG org.asynchttpclient.netty.channel.ChannelManager - Adding key: http://localhost:19691 for channel [id: 0x0fd79672, L:/127.0.0.1:59225 - R:localhost/127.0.0.1:19691]
14:29:52.278 [Forwarding getAlertText on session 412c741e6f4f7ee9b149c7b74800e900 to remote] DEBUG org.asynchttpclient.netty.request.NettyRequestSender - Using pooled Channel '[id: 0x0fd79672, L:/127.0.0.1:59225 - R:localhost/127.0.0.1:19691]' for 'GET' to 'http://localhost:19691/session/412c741e6f4f7ee9b149c7b74800e900/alert/text'
14:29:52.278 [Forwarding getAlertText on session 412c741e6f4f7ee9b149c7b74800e900 to remote] DEBUG org.asynchttpclient.netty.request.NettyRequestSender - Using open Channel [id: 0x0fd79672, L:/127.0.0.1:59225 - R:localhost/127.0.0.1:19691] for GET '/session/412c741e6f4f7ee9b149c7b74800e900/alert/text'
14:29:52.287 [AsyncHttpClient-1-8] DEBUG org.asynchttpclient.netty.handler.HttpHandler - 

Request DefaultFullHttpRequest(decodeResult: success, version: HTTP/1.1, content: EmptyByteBufBE)
GET /session/412c741e6f4f7ee9b149c7b74800e900/alert/text HTTP/1.1
User-Agent: selenium/4.8.1 (java windows)
Cache-Control: no-cache
Content-Type: application/json; charset=utf-8
host: localhost:19691
accept: */*

Response DefaultHttpResponse(decodeResult: success, version: HTTP/1.1)
HTTP/1.1 404 Not Found
Content-Length: 821
Content-Type: application/json; charset=utf-8
cache-control: no-cache

14:29:52.287 [AsyncHttpClient-1-8] DEBUG org.asynchttpclient.netty.channel.ChannelManager - Adding key: http://localhost:19691 for channel [id: 0x0fd79672, L:/127.0.0.1:59225 - R:localhost/127.0.0.1:19691]
14:29:52.287 [Forwarding getCurrentUrl on session 412c741e6f4f7ee9b149c7b74800e900 to remote] DEBUG org.asynchttpclient.netty.request.NettyRequestSender - Using pooled Channel '[id: 0x0fd79672, L:/127.0.0.1:59225 - R:localhost/127.0.0.1:19691]' for 'GET' to 'http://localhost:19691/session/412c741e6f4f7ee9b149c7b74800e900/url'
14:29:52.287 [Forwarding getCurrentUrl on session 412c741e6f4f7ee9b149c7b74800e900 to remote] DEBUG org.asynchttpclient.netty.request.NettyRequestSender - Using open Channel [id: 0x0fd79672, L:/127.0.0.1:59225 - R:localhost/127.0.0.1:19691] for GET '/session/412c741e6f4f7ee9b149c7b74800e900/url'
14:29:52.304 [AsyncHttpClient-1-8] DEBUG org.asynchttpclient.netty.handler.HttpHandler - 

Request DefaultFullHttpRequest(decodeResult: success, version: HTTP/1.1, content: EmptyByteBufBE)
GET /session/412c741e6f4f7ee9b149c7b74800e900/url HTTP/1.1
User-Agent: selenium/4.8.1 (java windows)
Cache-Control: no-cache
Content-Type: application/json; charset=utf-8
host: localhost:19691
accept: */*

Response DefaultHttpResponse(decodeResult: success, version: HTTP/1.1)
HTTP/1.1 200 OK
Content-Length: 63
Content-Type: application/json; charset=utf-8
cache-control: no-cache

14:29:52.304 [AsyncHttpClient-1-8] DEBUG org.asynchttpclient.netty.channel.ChannelManager - Adding key: http://localhost:19691 for channel [id: 0x0fd79672, L:/127.0.0.1:59225 - R:localhost/127.0.0.1:19691]
14:29:52.304 [Forwarding screenshot on session 412c741e6f4f7ee9b149c7b74800e900 to remote] DEBUG org.asynchttpclient.netty.request.NettyRequestSender - Using pooled Channel '[id: 0x0fd79672, L:/127.0.0.1:59225 - R:localhost/127.0.0.1:19691]' for 'GET' to 'http://localhost:19691/session/412c741e6f4f7ee9b149c7b74800e900/screenshot'
14:29:52.304 [Forwarding screenshot on session 412c741e6f4f7ee9b149c7b74800e900 to remote] DEBUG org.asynchttpclient.netty.request.NettyRequestSender - Using open Channel [id: 0x0fd79672, L:/127.0.0.1:59225 - R:localhost/127.0.0.1:19691] for GET '/session/412c741e6f4f7ee9b149c7b74800e900/screenshot'
14:29:52.581 [AsyncHttpClient-1-8] DEBUG org.asynchttpclient.netty.handler.HttpHandler - 

Request DefaultFullHttpRequest(decodeResult: success, version: HTTP/1.1, content: EmptyByteBufBE)
GET /session/412c741e6f4f7ee9b149c7b74800e900/screenshot HTTP/1.1
User-Agent: selenium/4.8.1 (java windows)
Cache-Control: no-cache
Content-Type: application/json; charset=utf-8
host: localhost:19691
accept: */*

Response DefaultHttpResponse(decodeResult: success, version: HTTP/1.1)
HTTP/1.1 200 OK
Content-Length: 77408
Content-Type: application/json; charset=utf-8
cache-control: no-cache

14:29:52.581 [AsyncHttpClient-1-8] DEBUG org.asynchttpclient.netty.channel.ChannelManager - Adding key: http://localhost:19691 for channel [id: 0x0fd79672, L:/127.0.0.1:59225 - R:localhost/127.0.0.1:19691]
14:29:52.592 [main] DEBUG net.serenitybdd.core.photography.Darkroom - Send negative for processing for target\site\serenity\558faac754cd0b640eb4f4bd7b6458ba322249df81dc3857fb1a456230f483df.png
14:29:52.592 [main] DEBUG net.thucydides.core.steps.StepInterceptor - STEP DONE: Enter_activities_description
14:29:52.592 [Darkroom Processing Line] DEBUG net.serenitybdd.core.photography.DarkroomProcessingLine - Processing screenshot image in /var/screenshots/screenshot-804881066980069236
14:29:52.592 [Darkroom Processing Line] DEBUG net.serenitybdd.core.photography.DarkroomProcessingLine - Saving screenshot to target\site\serenity\558faac754cd0b640eb4f4bd7b6458ba322249df81dc3857fb1a456230f483df.png
14:29:52.614 [Forwarding getPageSource on session 412c741e6f4f7ee9b149c7b74800e900 to remote] DEBUG org.asynchttpclient.netty.request.NettyRequestSender - Using pooled Channel '[id: 0x0fd79672, L:/127.0.0.1:59225 - R:localhost/127.0.0.1:19691]' for 'POST' to 'http://localhost:19691/session/412c741e6f4f7ee9b149c7b74800e900/execute/sync'
14:29:52.614 [Forwarding getPageSource on session 412c741e6f4f7ee9b149c7b74800e900 to remote] DEBUG org.asynchttpclient.netty.request.NettyRequestSender - Using open Channel [id: 0x0fd79672, L:/127.0.0.1:59225 - R:localhost/127.0.0.1:19691] for POST '/session/412c741e6f4f7ee9b149c7b74800e900/execute/sync'
14:29:52.629 [AsyncHttpClient-1-8] DEBUG org.asynchttpclient.netty.handler.HttpHandler - 

Request DefaultHttpRequest(decodeResult: success, version: HTTP/1.1)
POST /session/412c741e6f4f7ee9b149c7b74800e900/execute/sync HTTP/1.1
User-Agent: selenium/4.8.1 (java windows)
Content-Length: 176
Content-Type: application/json; charset=utf-8
host: localhost:19691
accept: */*

Response DefaultHttpResponse(decodeResult: success, version: HTTP/1.1)
HTTP/1.1 200 OK
Content-Length: 44812
Content-Type: application/json; charset=utf-8
cache-control: no-cache

14:29:52.629 [AsyncHttpClient-1-8] DEBUG org.asynchttpclient.netty.channel.ChannelManager - Adding key: http://localhost:19691 for channel [id: 0x0fd79672, L:/127.0.0.1:59225 - R:localhost/127.0.0.1:19691]
14:29:52.637 [Forwarding getCurrentUrl on session 412c741e6f4f7ee9b149c7b74800e900 to remote] DEBUG org.asynchttpclient.netty.request.NettyRequestSender - Using pooled Channel '[id: 0x0fd79672, L:/127.0.0.1:59225 - R:localhost/127.0.0.1:19691]' for 'GET' to 'http://localhost:19691/session/412c741e6f4f7ee9b149c7b74800e900/url'
14:29:52.637 [Forwarding getCurrentUrl on session 412c741e6f4f7ee9b149c7b74800e900 to remote] DEBUG org.asynchttpclient.netty.request.NettyRequestSender - Using open Channel [id: 0x0fd79672, L:/127.0.0.1:59225 - R:localhost/127.0.0.1:19691] for GET '/session/412c741e6f4f7ee9b149c7b74800e900/url'
14:29:52.645 [AsyncHttpClient-1-8] DEBUG org.asynchttpclient.netty.handler.HttpHandler - 

Request DefaultFullHttpRequest(decodeResult: success, version: HTTP/1.1, content: EmptyByteBufBE)
GET /session/412c741e6f4f7ee9b149c7b74800e900/url HTTP/1.1
User-Agent: selenium/4.8.1 (java windows)
Cache-Control: no-cache
Content-Type: application/json; charset=utf-8
host: localhost:19691
accept: */*

Response DefaultHttpResponse(decodeResult: success, version: HTTP/1.1)
HTTP/1.1 200 OK
Content-Length: 63
Content-Type: application/json; charset=utf-8
cache-control: no-cache

14:29:52.645 [AsyncHttpClient-1-8] DEBUG org.asynchttpclient.netty.channel.ChannelManager - Adding key: http://localhost:19691 for channel [id: 0x0fd79672, L:/127.0.0.1:59225 - R:localhost/127.0.0.1:19691]
14:29:52.679 [Forwarding getAlertText on session 412c741e6f4f7ee9b149c7b74800e900 to remote] DEBUG org.asynchttpclient.netty.request.NettyRequestSender - Using pooled Channel '[id: 0x0fd79672, L:/127.0.0.1:59225 - R:localhost/127.0.0.1:19691]' for 'GET' to 'http://localhost:19691/session/412c741e6f4f7ee9b149c7b74800e900/alert/text'
14:29:52.679 [Forwarding getAlertText on session 412c741e6f4f7ee9b149c7b74800e900 to remote] DEBUG org.asynchttpclient.netty.request.NettyRequestSender - Using open Channel [id: 0x0fd79672, L:/127.0.0.1:59225 - R:localhost/127.0.0.1:19691] for GET '/session/412c741e6f4f7ee9b149c7b74800e900/alert/text'
14:29:52.685 [AsyncHttpClient-1-8] DEBUG org.asynchttpclient.netty.handler.HttpHandler - 

Request DefaultFullHttpRequest(decodeResult: success, version: HTTP/1.1, content: EmptyByteBufBE)
GET /session/412c741e6f4f7ee9b149c7b74800e900/alert/text HTTP/1.1
User-Agent: selenium/4.8.1 (java windows)
Cache-Control: no-cache
Content-Type: application/json; charset=utf-8
host: localhost:19691
accept: */*

Response DefaultHttpResponse(decodeResult: success, version: HTTP/1.1)
HTTP/1.1 404 Not Found
Content-Length: 821
Content-Type: application/json; charset=utf-8
cache-control: no-cache

14:29:52.685 [AsyncHttpClient-1-8] DEBUG org.asynchttpclient.netty.channel.ChannelManager - Adding key: http://localhost:19691 for channel [id: 0x0fd79672, L:/127.0.0.1:59225 - R:localhost/127.0.0.1:19691]
14:29:52.688 [Forwarding getCurrentUrl on session 412c741e6f4f7ee9b149c7b74800e900 to remote] DEBUG org.asynchttpclient.netty.request.NettyRequestSender - Using pooled Channel '[id: 0x0fd79672, L:/127.0.0.1:59225 - R:localhost/127.0.0.1:19691]' for 'GET' to 'http://localhost:19691/session/412c741e6f4f7ee9b149c7b74800e900/url'
14:29:52.688 [Forwarding getCurrentUrl on session 412c741e6f4f7ee9b149c7b74800e900 to remote] DEBUG org.asynchttpclient.netty.request.NettyRequestSender - Using open Channel [id: 0x0fd79672, L:/127.0.0.1:59225 - R:localhost/127.0.0.1:19691] for GET '/session/412c741e6f4f7ee9b149c7b74800e900/url'
14:29:52.699 [AsyncHttpClient-1-8] DEBUG org.asynchttpclient.netty.handler.HttpHandler - 

Request DefaultFullHttpRequest(decodeResult: success, version: HTTP/1.1, content: EmptyByteBufBE)
GET /session/412c741e6f4f7ee9b149c7b74800e900/url HTTP/1.1
User-Agent: selenium/4.8.1 (java windows)
Cache-Control: no-cache
Content-Type: application/json; charset=utf-8
host: localhost:19691
accept: */*

Response DefaultHttpResponse(decodeResult: success, version: HTTP/1.1)
HTTP/1.1 200 OK
Content-Length: 63
Content-Type: application/json; charset=utf-8
cache-control: no-cache

14:29:52.701 [AsyncHttpClient-1-8] DEBUG org.asynchttpclient.netty.channel.ChannelManager - Adding key: http://localhost:19691 for channel [id: 0x0fd79672, L:/127.0.0.1:59225 - R:localhost/127.0.0.1:19691]
14:29:52.701 [Forwarding screenshot on session 412c741e6f4f7ee9b149c7b74800e900 to remote] DEBUG org.asynchttpclient.netty.request.NettyRequestSender - Using pooled Channel '[id: 0x0fd79672, L:/127.0.0.1:59225 - R:localhost/127.0.0.1:19691]' for 'GET' to 'http://localhost:19691/session/412c741e6f4f7ee9b149c7b74800e900/screenshot'
14:29:52.701 [Forwarding screenshot on session 412c741e6f4f7ee9b149c7b74800e900 to remote] DEBUG org.asynchttpclient.netty.request.NettyRequestSender - Using open Channel [id: 0x0fd79672, L:/127.0.0.1:59225 - R:localhost/127.0.0.1:19691] for GET '/session/412c741e6f4f7ee9b149c7b74800e900/screenshot'
14:29:52.912 [AsyncHttpClient-1-8] DEBUG org.asynchttpclient.netty.handler.HttpHandler - 

Request DefaultFullHttpRequest(decodeResult: success, version: HTTP/1.1, content: EmptyByteBufBE)
GET /session/412c741e6f4f7ee9b149c7b74800e900/screenshot HTTP/1.1
User-Agent: selenium/4.8.1 (java windows)
Cache-Control: no-cache
Content-Type: application/json; charset=utf-8
host: localhost:19691
accept: */*

Response DefaultHttpResponse(decodeResult: success, version: HTTP/1.1)
HTTP/1.1 200 OK
Content-Length: 77388
Content-Type: application/json; charset=utf-8
cache-control: no-cache

14:29:52.912 [AsyncHttpClient-1-8] DEBUG org.asynchttpclient.netty.channel.ChannelManager - Adding key: http://localhost:19691 for channel [id: 0x0fd79672, L:/127.0.0.1:59225 - R:localhost/127.0.0.1:19691]
14:29:52.917 [main] DEBUG net.serenitybdd.core.photography.Darkroom - Send negative for processing for target\site\serenity\e51049058b46574a5a9ed2bed6a93259bcbe460b1d7dba1add4d0bff21b02298.png
14:29:52.923 [Darkroom Processing Line] DEBUG net.serenitybdd.core.photography.DarkroomProcessingLine - Processing screenshot image in /var/screenshots/screenshot-7146179096984940420
14:29:52.923 [Darkroom Processing Line] DEBUG net.serenitybdd.core.photography.DarkroomProcessingLine - Saving screenshot to target\site\serenity\e51049058b46574a5a9ed2bed6a93259bcbe460b1d7dba1add4d0bff21b02298.png
14:29:52.923 [Forwarding getPageSource on session 412c741e6f4f7ee9b149c7b74800e900 to remote] DEBUG org.asynchttpclient.netty.request.NettyRequestSender - Using pooled Channel '[id: 0x0fd79672, L:/127.0.0.1:59225 - R:localhost/127.0.0.1:19691]' for 'POST' to 'http://localhost:19691/session/412c741e6f4f7ee9b149c7b74800e900/execute/sync'
14:29:52.923 [Forwarding getPageSource on session 412c741e6f4f7ee9b149c7b74800e900 to remote] DEBUG org.asynchttpclient.netty.request.NettyRequestSender - Using open Channel [id: 0x0fd79672, L:/127.0.0.1:59225 - R:localhost/127.0.0.1:19691] for POST '/session/412c741e6f4f7ee9b149c7b74800e900/execute/sync'
14:29:52.943 [AsyncHttpClient-1-8] DEBUG org.asynchttpclient.netty.handler.HttpHandler - 

Request DefaultHttpRequest(decodeResult: success, version: HTTP/1.1)
POST /session/412c741e6f4f7ee9b149c7b74800e900/execute/sync HTTP/1.1
User-Agent: selenium/4.8.1 (java windows)
Content-Length: 176
Content-Type: application/json; charset=utf-8
host: localhost:19691
accept: */*

Response DefaultHttpResponse(decodeResult: success, version: HTTP/1.1)
HTTP/1.1 200 OK
Content-Length: 44812
Content-Type: application/json; charset=utf-8
cache-control: no-cache

14:29:52.943 [AsyncHttpClient-1-8] DEBUG org.asynchttpclient.netty.channel.ChannelManager - Adding key: http://localhost:19691 for channel [id: 0x0fd79672, L:/127.0.0.1:59225 - R:localhost/127.0.0.1:19691]
14:29:52.944 [Forwarding getCurrentUrl on session 412c741e6f4f7ee9b149c7b74800e900 to remote] DEBUG org.asynchttpclient.netty.request.NettyRequestSender - Using pooled Channel '[id: 0x0fd79672, L:/127.0.0.1:59225 - R:localhost/127.0.0.1:19691]' for 'GET' to 'http://localhost:19691/session/412c741e6f4f7ee9b149c7b74800e900/url'
14:29:52.944 [Forwarding getCurrentUrl on session 412c741e6f4f7ee9b149c7b74800e900 to remote] DEBUG org.asynchttpclient.netty.request.NettyRequestSender - Using open Channel [id: 0x0fd79672, L:/127.0.0.1:59225 - R:localhost/127.0.0.1:19691] for GET '/session/412c741e6f4f7ee9b149c7b74800e900/url'
14:29:52.966 [AsyncHttpClient-1-8] DEBUG org.asynchttpclient.netty.handler.HttpHandler - 

Request DefaultFullHttpRequest(decodeResult: success, version: HTTP/1.1, content: EmptyByteBufBE)
GET /session/412c741e6f4f7ee9b149c7b74800e900/url HTTP/1.1
User-Agent: selenium/4.8.1 (java windows)
Cache-Control: no-cache
Content-Type: application/json; charset=utf-8
host: localhost:19691
accept: */*

Response DefaultHttpResponse(decodeResult: success, version: HTTP/1.1)
HTTP/1.1 200 OK
Content-Length: 63
Content-Type: application/json; charset=utf-8
cache-control: no-cache

14:29:52.966 [AsyncHttpClient-1-8] DEBUG org.asynchttpclient.netty.channel.ChannelManager - Adding key: http://localhost:19691 for channel [id: 0x0fd79672, L:/127.0.0.1:59225 - R:localhost/127.0.0.1:19691]
14:29:52.966 [main] DEBUG net.thucydides.core.steps.StepInterceptor - STARTING STEP: Afrexim_Signup_steps.select_sector - Select_Sector
14:29:52.966 [Forwarding findElement on session 412c741e6f4f7ee9b149c7b74800e900 to remote] DEBUG org.asynchttpclient.netty.request.NettyRequestSender - Using pooled Channel '[id: 0x0fd79672, L:/127.0.0.1:59225 - R:localhost/127.0.0.1:19691]' for 'POST' to 'http://localhost:19691/session/412c741e6f4f7ee9b149c7b74800e900/element'
14:29:52.966 [Forwarding findElement on session 412c741e6f4f7ee9b149c7b74800e900 to remote] DEBUG org.asynchttpclient.netty.request.NettyRequestSender - Using open Channel [id: 0x0fd79672, L:/127.0.0.1:59225 - R:localhost/127.0.0.1:19691] for POST '/session/412c741e6f4f7ee9b149c7b74800e900/element'
14:29:52.990 [AsyncHttpClient-1-1] DEBUG org.asynchttpclient.netty.channel.DefaultChannelPool - Entry count for : http://localhost:59226 : 1
14:29:52.997 [AsyncHttpClient-1-8] DEBUG org.asynchttpclient.netty.handler.HttpHandler - 

Request DefaultHttpRequest(decodeResult: success, version: HTTP/1.1)
POST /session/412c741e6f4f7ee9b149c7b74800e900/element HTTP/1.1
User-Agent: selenium/4.8.1 (java windows)
Content-Length: 86
Content-Type: application/json; charset=utf-8
host: localhost:19691
accept: */*

Response DefaultHttpResponse(decodeResult: success, version: HTTP/1.1)
HTTP/1.1 200 OK
Content-Length: 95
Content-Type: application/json; charset=utf-8
cache-control: no-cache

14:29:52.997 [AsyncHttpClient-1-8] DEBUG org.asynchttpclient.netty.channel.ChannelManager - Adding key: http://localhost:19691 for channel [id: 0x0fd79672, L:/127.0.0.1:59225 - R:localhost/127.0.0.1:19691]
14:29:52.997 [Forwarding getElementTagName on session 412c741e6f4f7ee9b149c7b74800e900 to remote] DEBUG org.asynchttpclient.netty.request.NettyRequestSender - Using pooled Channel '[id: 0x0fd79672, L:/127.0.0.1:59225 - R:localhost/127.0.0.1:19691]' for 'GET' to 'http://localhost:19691/session/412c741e6f4f7ee9b149c7b74800e900/element/9330F8CD5D18F75156EB4FB715507178_element_92/name'
14:29:52.997 [Forwarding getElementTagName on session 412c741e6f4f7ee9b149c7b74800e900 to remote] DEBUG org.asynchttpclient.netty.request.NettyRequestSender - Using open Channel [id: 0x0fd79672, L:/127.0.0.1:59225 - R:localhost/127.0.0.1:19691] for GET '/session/412c741e6f4f7ee9b149c7b74800e900/element/9330F8CD5D18F75156EB4FB715507178_element_92/name'
14:29:53.006 [AsyncHttpClient-1-8] DEBUG org.asynchttpclient.netty.handler.HttpHandler - 

Request DefaultFullHttpRequest(decodeResult: success, version: HTTP/1.1, content: EmptyByteBufBE)
GET /session/412c741e6f4f7ee9b149c7b74800e900/element/9330F8CD5D18F75156EB4FB715507178_element_92/name HTTP/1.1
User-Agent: selenium/4.8.1 (java windows)
Cache-Control: no-cache
Content-Type: application/json; charset=utf-8
host: localhost:19691
accept: */*

Response DefaultHttpResponse(decodeResult: success, version: HTTP/1.1)
HTTP/1.1 200 OK
Content-Length: 18
Content-Type: application/json; charset=utf-8
cache-control: no-cache

14:29:53.006 [AsyncHttpClient-1-8] DEBUG org.asynchttpclient.netty.channel.ChannelManager - Adding key: http://localhost:19691 for channel [id: 0x0fd79672, L:/127.0.0.1:59225 - R:localhost/127.0.0.1:19691]
14:29:53.008 [Forwarding getElementDomAttribute on session 412c741e6f4f7ee9b149c7b74800e900 to remote] DEBUG org.asynchttpclient.netty.request.NettyRequestSender - Using pooled Channel '[id: 0x0fd79672, L:/127.0.0.1:59225 - R:localhost/127.0.0.1:19691]' for 'GET' to 'http://localhost:19691/session/412c741e6f4f7ee9b149c7b74800e900/element/9330F8CD5D18F75156EB4FB715507178_element_92/attribute/multiple'
14:29:53.008 [Forwarding getElementDomAttribute on session 412c741e6f4f7ee9b149c7b74800e900 to remote] DEBUG org.asynchttpclient.netty.request.NettyRequestSender - Using open Channel [id: 0x0fd79672, L:/127.0.0.1:59225 - R:localhost/127.0.0.1:19691] for GET '/session/412c741e6f4f7ee9b149c7b74800e900/element/9330F8CD5D18F75156EB4FB715507178_element_92/attribute/multiple'
14:29:53.013 [AsyncHttpClient-1-8] DEBUG org.asynchttpclient.netty.handler.HttpHandler - 

Request DefaultFullHttpRequest(decodeResult: success, version: HTTP/1.1, content: EmptyByteBufBE)
GET /session/412c741e6f4f7ee9b149c7b74800e900/element/9330F8CD5D18F75156EB4FB715507178_element_92/attribute/multiple HTTP/1.1
User-Agent: selenium/4.8.1 (java windows)
Cache-Control: no-cache
Content-Type: application/json; charset=utf-8
host: localhost:19691
accept: */*

Response DefaultHttpResponse(decodeResult: success, version: HTTP/1.1)
HTTP/1.1 200 OK
Content-Length: 14
Content-Type: application/json; charset=utf-8
cache-control: no-cache

14:29:53.013 [AsyncHttpClient-1-8] DEBUG org.asynchttpclient.netty.channel.ChannelManager - Adding key: http://localhost:19691 for channel [id: 0x0fd79672, L:/127.0.0.1:59225 - R:localhost/127.0.0.1:19691]
14:29:53.013 [Forwarding isElementEnabled on session 412c741e6f4f7ee9b149c7b74800e900 to remote] DEBUG org.asynchttpclient.netty.request.NettyRequestSender - Using pooled Channel '[id: 0x0fd79672, L:/127.0.0.1:59225 - R:localhost/127.0.0.1:19691]' for 'GET' to 'http://localhost:19691/session/412c741e6f4f7ee9b149c7b74800e900/element/9330F8CD5D18F75156EB4FB715507178_element_92/enabled'
14:29:53.013 [Forwarding isElementEnabled on session 412c741e6f4f7ee9b149c7b74800e900 to remote] DEBUG org.asynchttpclient.netty.request.NettyRequestSender - Using open Channel [id: 0x0fd79672, L:/127.0.0.1:59225 - R:localhost/127.0.0.1:19691] for GET '/session/412c741e6f4f7ee9b149c7b74800e900/element/9330F8CD5D18F75156EB4FB715507178_element_92/enabled'
14:29:53.030 [AsyncHttpClient-1-8] DEBUG org.asynchttpclient.netty.handler.HttpHandler - 

Request DefaultFullHttpRequest(decodeResult: success, version: HTTP/1.1, content: EmptyByteBufBE)
GET /session/412c741e6f4f7ee9b149c7b74800e900/element/9330F8CD5D18F75156EB4FB715507178_element_92/enabled HTTP/1.1
User-Agent: selenium/4.8.1 (java windows)
Cache-Control: no-cache
Content-Type: application/json; charset=utf-8
host: localhost:19691
accept: */*

Response DefaultHttpResponse(decodeResult: success, version: HTTP/1.1)
HTTP/1.1 200 OK
Content-Length: 14
Content-Type: application/json; charset=utf-8
cache-control: no-cache

14:29:53.030 [AsyncHttpClient-1-8] DEBUG org.asynchttpclient.netty.channel.ChannelManager - Adding key: http://localhost:19691 for channel [id: 0x0fd79672, L:/127.0.0.1:59225 - R:localhost/127.0.0.1:19691]
14:29:53.030 [Forwarding findChildElements on session 412c741e6f4f7ee9b149c7b74800e900 to remote] DEBUG org.asynchttpclient.netty.request.NettyRequestSender - Using pooled Channel '[id: 0x0fd79672, L:/127.0.0.1:59225 - R:localhost/127.0.0.1:19691]' for 'POST' to 'http://localhost:19691/session/412c741e6f4f7ee9b149c7b74800e900/element/9330F8CD5D18F75156EB4FB715507178_element_92/elements'
14:29:53.030 [Forwarding findChildElements on session 412c741e6f4f7ee9b149c7b74800e900 to remote] DEBUG org.asynchttpclient.netty.request.NettyRequestSender - Using open Channel [id: 0x0fd79672, L:/127.0.0.1:59225 - R:localhost/127.0.0.1:19691] for POST '/session/412c741e6f4f7ee9b149c7b74800e900/element/9330F8CD5D18F75156EB4FB715507178_element_92/elements'
14:29:53.040 [AsyncHttpClient-1-8] DEBUG org.asynchttpclient.netty.handler.HttpHandler - 

Request DefaultHttpRequest(decodeResult: success, version: HTTP/1.1)
POST /session/412c741e6f4f7ee9b149c7b74800e900/element/9330F8CD5D18F75156EB4FB715507178_element_92/elements HTTP/1.1
User-Agent: selenium/4.8.1 (java windows)
Content-Length: 101
Content-Type: application/json; charset=utf-8
host: localhost:19691
accept: */*

Response DefaultHttpResponse(decodeResult: success, version: HTTP/1.1)
HTTP/1.1 200 OK
Content-Length: 1918
Content-Type: application/json; charset=utf-8
cache-control: no-cache

14:29:53.051 [AsyncHttpClient-1-8] DEBUG org.asynchttpclient.netty.channel.ChannelManager - Adding key: http://localhost:19691 for channel [id: 0x0fd79672, L:/127.0.0.1:59225 - R:localhost/127.0.0.1:19691]
14:29:53.054 [Forwarding getElementAttribute on session 412c741e6f4f7ee9b149c7b74800e900 to remote] DEBUG org.asynchttpclient.netty.request.NettyRequestSender - Using pooled Channel '[id: 0x0fd79672, L:/127.0.0.1:59225 - R:localhost/127.0.0.1:19691]' for 'POST' to 'http://localhost:19691/session/412c741e6f4f7ee9b149c7b74800e900/execute/sync'
14:29:53.054 [Forwarding getElementAttribute on session 412c741e6f4f7ee9b149c7b74800e900 to remote] DEBUG org.asynchttpclient.netty.request.NettyRequestSender - Using open Channel [id: 0x0fd79672, L:/127.0.0.1:59225 - R:localhost/127.0.0.1:19691] for POST '/session/412c741e6f4f7ee9b149c7b74800e900/execute/sync'
14:29:53.072 [AsyncHttpClient-1-8] DEBUG org.asynchttpclient.netty.handler.HttpHandler - 

Request DefaultHttpRequest(decodeResult: success, version: HTTP/1.1)
POST /session/412c741e6f4f7ee9b149c7b74800e900/execute/sync HTTP/1.1
User-Agent: selenium/4.8.1 (java windows)
Content-Length: 47375
Content-Type: application/json; charset=utf-8
host: localhost:19691
accept: */*

Response DefaultHttpResponse(decodeResult: success, version: HTTP/1.1)
HTTP/1.1 200 OK
Content-Length: 13
Content-Type: application/json; charset=utf-8
cache-control: no-cache

14:29:53.072 [AsyncHttpClient-1-8] DEBUG org.asynchttpclient.netty.channel.ChannelManager - Adding key: http://localhost:19691 for channel [id: 0x0fd79672, L:/127.0.0.1:59225 - R:localhost/127.0.0.1:19691]
14:29:53.072 [Forwarding getElementAttribute on session 412c741e6f4f7ee9b149c7b74800e900 to remote] DEBUG org.asynchttpclient.netty.request.NettyRequestSender - Using pooled Channel '[id: 0x0fd79672, L:/127.0.0.1:59225 - R:localhost/127.0.0.1:19691]' for 'POST' to 'http://localhost:19691/session/412c741e6f4f7ee9b149c7b74800e900/execute/sync'
14:29:53.072 [Forwarding getElementAttribute on session 412c741e6f4f7ee9b149c7b74800e900 to remote] DEBUG org.asynchttpclient.netty.request.NettyRequestSender - Using open Channel [id: 0x0fd79672, L:/127.0.0.1:59225 - R:localhost/127.0.0.1:19691] for POST '/session/412c741e6f4f7ee9b149c7b74800e900/execute/sync'
14:29:53.094 [AsyncHttpClient-1-8] DEBUG org.asynchttpclient.netty.handler.HttpHandler - 

Request DefaultHttpRequest(decodeResult: success, version: HTTP/1.1)
POST /session/412c741e6f4f7ee9b149c7b74800e900/execute/sync HTTP/1.1
User-Agent: selenium/4.8.1 (java windows)
Content-Length: 47375
Content-Type: application/json; charset=utf-8
host: localhost:19691
accept: */*

Response DefaultHttpResponse(decodeResult: success, version: HTTP/1.1)
HTTP/1.1 200 OK
Content-Length: 13
Content-Type: application/json; charset=utf-8
cache-control: no-cache

14:29:53.094 [AsyncHttpClient-1-8] DEBUG org.asynchttpclient.netty.channel.ChannelManager - Adding key: http://localhost:19691 for channel [id: 0x0fd79672, L:/127.0.0.1:59225 - R:localhost/127.0.0.1:19691]
14:29:53.094 [Forwarding isElementEnabled on session 412c741e6f4f7ee9b149c7b74800e900 to remote] DEBUG org.asynchttpclient.netty.request.NettyRequestSender - Using pooled Channel '[id: 0x0fd79672, L:/127.0.0.1:59225 - R:localhost/127.0.0.1:19691]' for 'GET' to 'http://localhost:19691/session/412c741e6f4f7ee9b149c7b74800e900/element/9330F8CD5D18F75156EB4FB715507178_element_94/enabled'
14:29:53.094 [Forwarding isElementEnabled on session 412c741e6f4f7ee9b149c7b74800e900 to remote] DEBUG org.asynchttpclient.netty.request.NettyRequestSender - Using open Channel [id: 0x0fd79672, L:/127.0.0.1:59225 - R:localhost/127.0.0.1:19691] for GET '/session/412c741e6f4f7ee9b149c7b74800e900/element/9330F8CD5D18F75156EB4FB715507178_element_94/enabled'
14:29:53.104 [AsyncHttpClient-1-8] DEBUG org.asynchttpclient.netty.handler.HttpHandler - 

Request DefaultFullHttpRequest(decodeResult: success, version: HTTP/1.1, content: EmptyByteBufBE)
GET /session/412c741e6f4f7ee9b149c7b74800e900/element/9330F8CD5D18F75156EB4FB715507178_element_94/enabled HTTP/1.1
User-Agent: selenium/4.8.1 (java windows)
Cache-Control: no-cache
Content-Type: application/json; charset=utf-8
host: localhost:19691
accept: */*

Response DefaultHttpResponse(decodeResult: success, version: HTTP/1.1)
HTTP/1.1 200 OK
Content-Length: 14
Content-Type: application/json; charset=utf-8
cache-control: no-cache

14:29:53.104 [AsyncHttpClient-1-8] DEBUG org.asynchttpclient.netty.channel.ChannelManager - Adding key: http://localhost:19691 for channel [id: 0x0fd79672, L:/127.0.0.1:59225 - R:localhost/127.0.0.1:19691]
14:29:53.115 [Forwarding isElementSelected on session 412c741e6f4f7ee9b149c7b74800e900 to remote] DEBUG org.asynchttpclient.netty.request.NettyRequestSender - Using pooled Channel '[id: 0x0fd79672, L:/127.0.0.1:59225 - R:localhost/127.0.0.1:19691]' for 'GET' to 'http://localhost:19691/session/412c741e6f4f7ee9b149c7b74800e900/element/9330F8CD5D18F75156EB4FB715507178_element_94/selected'
14:29:53.115 [Forwarding isElementSelected on session 412c741e6f4f7ee9b149c7b74800e900 to remote] DEBUG org.asynchttpclient.netty.request.NettyRequestSender - Using open Channel [id: 0x0fd79672, L:/127.0.0.1:59225 - R:localhost/127.0.0.1:19691] for GET '/session/412c741e6f4f7ee9b149c7b74800e900/element/9330F8CD5D18F75156EB4FB715507178_element_94/selected'
14:29:53.125 [AsyncHttpClient-1-8] DEBUG org.asynchttpclient.netty.handler.HttpHandler - 

Request DefaultFullHttpRequest(decodeResult: success, version: HTTP/1.1, content: EmptyByteBufBE)
GET /session/412c741e6f4f7ee9b149c7b74800e900/element/9330F8CD5D18F75156EB4FB715507178_element_94/selected HTTP/1.1
User-Agent: selenium/4.8.1 (java windows)
Cache-Control: no-cache
Content-Type: application/json; charset=utf-8
host: localhost:19691
accept: */*

Response DefaultHttpResponse(decodeResult: success, version: HTTP/1.1)
HTTP/1.1 200 OK
Content-Length: 15
Content-Type: application/json; charset=utf-8
cache-control: no-cache

14:29:53.125 [AsyncHttpClient-1-8] DEBUG org.asynchttpclient.netty.channel.ChannelManager - Adding key: http://localhost:19691 for channel [id: 0x0fd79672, L:/127.0.0.1:59225 - R:localhost/127.0.0.1:19691]
14:29:53.125 [Forwarding clickElement on session 412c741e6f4f7ee9b149c7b74800e900 to remote] DEBUG org.asynchttpclient.netty.request.NettyRequestSender - Using pooled Channel '[id: 0x0fd79672, L:/127.0.0.1:59225 - R:localhost/127.0.0.1:19691]' for 'POST' to 'http://localhost:19691/session/412c741e6f4f7ee9b149c7b74800e900/element/9330F8CD5D18F75156EB4FB715507178_element_94/click'
14:29:53.125 [Forwarding clickElement on session 412c741e6f4f7ee9b149c7b74800e900 to remote] DEBUG org.asynchttpclient.netty.request.NettyRequestSender - Using open Channel [id: 0x0fd79672, L:/127.0.0.1:59225 - R:localhost/127.0.0.1:19691] for POST '/session/412c741e6f4f7ee9b149c7b74800e900/element/9330F8CD5D18F75156EB4FB715507178_element_94/click'
14:29:53.264 [AsyncHttpClient-1-8] DEBUG org.asynchttpclient.netty.handler.HttpHandler - 

Request DefaultHttpRequest(decodeResult: success, version: HTTP/1.1)
POST /session/412c741e6f4f7ee9b149c7b74800e900/element/9330F8CD5D18F75156EB4FB715507178_element_94/click HTTP/1.1
User-Agent: selenium/4.8.1 (java windows)
Content-Length: 57
Content-Type: application/json; charset=utf-8
host: localhost:19691
accept: */*

Response DefaultHttpResponse(decodeResult: success, version: HTTP/1.1)
HTTP/1.1 200 OK
Content-Length: 14
Content-Type: application/json; charset=utf-8
cache-control: no-cache

14:29:53.264 [AsyncHttpClient-1-8] DEBUG org.asynchttpclient.netty.channel.ChannelManager - Adding key: http://localhost:19691 for channel [id: 0x0fd79672, L:/127.0.0.1:59225 - R:localhost/127.0.0.1:19691]
14:29:53.280 [Forwarding getAlertText on session 412c741e6f4f7ee9b149c7b74800e900 to remote] DEBUG org.asynchttpclient.netty.request.NettyRequestSender - Using pooled Channel '[id: 0x0fd79672, L:/127.0.0.1:59225 - R:localhost/127.0.0.1:19691]' for 'GET' to 'http://localhost:19691/session/412c741e6f4f7ee9b149c7b74800e900/alert/text'
14:29:53.280 [Forwarding getAlertText on session 412c741e6f4f7ee9b149c7b74800e900 to remote] DEBUG org.asynchttpclient.netty.request.NettyRequestSender - Using open Channel [id: 0x0fd79672, L:/127.0.0.1:59225 - R:localhost/127.0.0.1:19691] for GET '/session/412c741e6f4f7ee9b149c7b74800e900/alert/text'
14:29:53.286 [AsyncHttpClient-1-8] DEBUG org.asynchttpclient.netty.handler.HttpHandler - 

Request DefaultFullHttpRequest(decodeResult: success, version: HTTP/1.1, content: EmptyByteBufBE)
GET /session/412c741e6f4f7ee9b149c7b74800e900/alert/text HTTP/1.1
User-Agent: selenium/4.8.1 (java windows)
Cache-Control: no-cache
Content-Type: application/json; charset=utf-8
host: localhost:19691
accept: */*

Response DefaultHttpResponse(decodeResult: success, version: HTTP/1.1)
HTTP/1.1 404 Not Found
Content-Length: 821
Content-Type: application/json; charset=utf-8
cache-control: no-cache

14:29:53.286 [AsyncHttpClient-1-8] DEBUG org.asynchttpclient.netty.channel.ChannelManager - Adding key: http://localhost:19691 for channel [id: 0x0fd79672, L:/127.0.0.1:59225 - R:localhost/127.0.0.1:19691]
14:29:53.291 [Forwarding getCurrentUrl on session 412c741e6f4f7ee9b149c7b74800e900 to remote] DEBUG org.asynchttpclient.netty.request.NettyRequestSender - Using pooled Channel '[id: 0x0fd79672, L:/127.0.0.1:59225 - R:localhost/127.0.0.1:19691]' for 'GET' to 'http://localhost:19691/session/412c741e6f4f7ee9b149c7b74800e900/url'
14:29:53.291 [Forwarding getCurrentUrl on session 412c741e6f4f7ee9b149c7b74800e900 to remote] DEBUG org.asynchttpclient.netty.request.NettyRequestSender - Using open Channel [id: 0x0fd79672, L:/127.0.0.1:59225 - R:localhost/127.0.0.1:19691] for GET '/session/412c741e6f4f7ee9b149c7b74800e900/url'
14:29:53.299 [AsyncHttpClient-1-8] DEBUG org.asynchttpclient.netty.handler.HttpHandler - 

Request DefaultFullHttpRequest(decodeResult: success, version: HTTP/1.1, content: EmptyByteBufBE)
GET /session/412c741e6f4f7ee9b149c7b74800e900/url HTTP/1.1
User-Agent: selenium/4.8.1 (java windows)
Cache-Control: no-cache
Content-Type: application/json; charset=utf-8
host: localhost:19691
accept: */*

Response DefaultHttpResponse(decodeResult: success, version: HTTP/1.1)
HTTP/1.1 200 OK
Content-Length: 63
Content-Type: application/json; charset=utf-8
cache-control: no-cache

14:29:53.299 [AsyncHttpClient-1-8] DEBUG org.asynchttpclient.netty.channel.ChannelManager - Adding key: http://localhost:19691 for channel [id: 0x0fd79672, L:/127.0.0.1:59225 - R:localhost/127.0.0.1:19691]
14:29:53.299 [Forwarding screenshot on session 412c741e6f4f7ee9b149c7b74800e900 to remote] DEBUG org.asynchttpclient.netty.request.NettyRequestSender - Using pooled Channel '[id: 0x0fd79672, L:/127.0.0.1:59225 - R:localhost/127.0.0.1:19691]' for 'GET' to 'http://localhost:19691/session/412c741e6f4f7ee9b149c7b74800e900/screenshot'
14:29:53.299 [Forwarding screenshot on session 412c741e6f4f7ee9b149c7b74800e900 to remote] DEBUG org.asynchttpclient.netty.request.NettyRequestSender - Using open Channel [id: 0x0fd79672, L:/127.0.0.1:59225 - R:localhost/127.0.0.1:19691] for GET '/session/412c741e6f4f7ee9b149c7b74800e900/screenshot'
14:29:53.535 [AsyncHttpClient-1-8] DEBUG org.asynchttpclient.netty.handler.HttpHandler - 

Request DefaultFullHttpRequest(decodeResult: success, version: HTTP/1.1, content: EmptyByteBufBE)
GET /session/412c741e6f4f7ee9b149c7b74800e900/screenshot HTTP/1.1
User-Agent: selenium/4.8.1 (java windows)
Cache-Control: no-cache
Content-Type: application/json; charset=utf-8
host: localhost:19691
accept: */*

Response DefaultHttpResponse(decodeResult: success, version: HTTP/1.1)
HTTP/1.1 200 OK
Content-Length: 78840
Content-Type: application/json; charset=utf-8
cache-control: no-cache

14:29:53.535 [AsyncHttpClient-1-8] DEBUG org.asynchttpclient.netty.channel.ChannelManager - Adding key: http://localhost:19691 for channel [id: 0x0fd79672, L:/127.0.0.1:59225 - R:localhost/127.0.0.1:19691]
14:29:53.547 [main] DEBUG net.serenitybdd.core.photography.Darkroom - Send negative for processing for target\site\serenity\9e7636f7349202d200e7a8644129625529ca9b9993642fab28fdf3206a15391a.png
14:29:53.547 [main] DEBUG net.thucydides.core.steps.StepInterceptor - STEP DONE: Select_Sector
14:29:53.547 [Darkroom Processing Line] DEBUG net.serenitybdd.core.photography.DarkroomProcessingLine - Processing screenshot image in /var/screenshots/screenshot-2798780473939601030
14:29:53.547 [Darkroom Processing Line] DEBUG net.serenitybdd.core.photography.DarkroomProcessingLine - Saving screenshot to target\site\serenity\9e7636f7349202d200e7a8644129625529ca9b9993642fab28fdf3206a15391a.png
14:29:53.568 [Forwarding getPageSource on session 412c741e6f4f7ee9b149c7b74800e900 to remote] DEBUG org.asynchttpclient.netty.request.NettyRequestSender - Using pooled Channel '[id: 0x0fd79672, L:/127.0.0.1:59225 - R:localhost/127.0.0.1:19691]' for 'POST' to 'http://localhost:19691/session/412c741e6f4f7ee9b149c7b74800e900/execute/sync'
14:29:53.568 [Forwarding getPageSource on session 412c741e6f4f7ee9b149c7b74800e900 to remote] DEBUG org.asynchttpclient.netty.request.NettyRequestSender - Using open Channel [id: 0x0fd79672, L:/127.0.0.1:59225 - R:localhost/127.0.0.1:19691] for POST '/session/412c741e6f4f7ee9b149c7b74800e900/execute/sync'
14:29:53.580 [AsyncHttpClient-1-8] DEBUG org.asynchttpclient.netty.handler.HttpHandler - 

Request DefaultHttpRequest(decodeResult: success, version: HTTP/1.1)
POST /session/412c741e6f4f7ee9b149c7b74800e900/execute/sync HTTP/1.1
User-Agent: selenium/4.8.1 (java windows)
Content-Length: 176
Content-Type: application/json; charset=utf-8
host: localhost:19691
accept: */*

Response DefaultHttpResponse(decodeResult: success, version: HTTP/1.1)
HTTP/1.1 200 OK
Content-Length: 45316
Content-Type: application/json; charset=utf-8
cache-control: no-cache

14:29:53.580 [AsyncHttpClient-1-8] DEBUG org.asynchttpclient.netty.channel.ChannelManager - Adding key: http://localhost:19691 for channel [id: 0x0fd79672, L:/127.0.0.1:59225 - R:localhost/127.0.0.1:19691]
14:29:53.584 [Forwarding getCurrentUrl on session 412c741e6f4f7ee9b149c7b74800e900 to remote] DEBUG org.asynchttpclient.netty.request.NettyRequestSender - Using pooled Channel '[id: 0x0fd79672, L:/127.0.0.1:59225 - R:localhost/127.0.0.1:19691]' for 'GET' to 'http://localhost:19691/session/412c741e6f4f7ee9b149c7b74800e900/url'
14:29:53.584 [Forwarding getCurrentUrl on session 412c741e6f4f7ee9b149c7b74800e900 to remote] DEBUG org.asynchttpclient.netty.request.NettyRequestSender - Using open Channel [id: 0x0fd79672, L:/127.0.0.1:59225 - R:localhost/127.0.0.1:19691] for GET '/session/412c741e6f4f7ee9b149c7b74800e900/url'
14:29:53.595 [AsyncHttpClient-1-8] DEBUG org.asynchttpclient.netty.handler.HttpHandler - 

Request DefaultFullHttpRequest(decodeResult: success, version: HTTP/1.1, content: EmptyByteBufBE)
GET /session/412c741e6f4f7ee9b149c7b74800e900/url HTTP/1.1
User-Agent: selenium/4.8.1 (java windows)
Cache-Control: no-cache
Content-Type: application/json; charset=utf-8
host: localhost:19691
accept: */*

Response DefaultHttpResponse(decodeResult: success, version: HTTP/1.1)
HTTP/1.1 200 OK
Content-Length: 63
Content-Type: application/json; charset=utf-8
cache-control: no-cache

14:29:53.595 [AsyncHttpClient-1-8] DEBUG org.asynchttpclient.netty.channel.ChannelManager - Adding key: http://localhost:19691 for channel [id: 0x0fd79672, L:/127.0.0.1:59225 - R:localhost/127.0.0.1:19691]
14:29:54.102 [AsyncHttpClient-1-1] DEBUG org.asynchttpclient.netty.channel.DefaultChannelPool - Entry count for : http://localhost:59226 : 1
14:29:54.102 [AsyncHttpClient-1-1] DEBUG org.asynchttpclient.netty.channel.DefaultChannelPool - Entry count for : http://localhost:19691 : 1
14:29:55.189 [AsyncHttpClient-1-1] DEBUG org.asynchttpclient.netty.channel.DefaultChannelPool - Entry count for : http://localhost:59226 : 1
14:29:55.189 [AsyncHttpClient-1-1] DEBUG org.asynchttpclient.netty.channel.DefaultChannelPool - Entry count for : http://localhost:19691 : 1
14:29:56.294 [AsyncHttpClient-1-1] DEBUG org.asynchttpclient.netty.channel.DefaultChannelPool - Entry count for : http://localhost:59226 : 1
14:29:56.294 [AsyncHttpClient-1-1] DEBUG org.asynchttpclient.netty.channel.DefaultChannelPool - Entry count for : http://localhost:19691 : 1
14:29:56.624 [Forwarding getAlertText on session 412c741e6f4f7ee9b149c7b74800e900 to remote] DEBUG org.asynchttpclient.netty.request.NettyRequestSender - Using pooled Channel '[id: 0x0fd79672, L:/127.0.0.1:59225 - R:localhost/127.0.0.1:19691]' for 'GET' to 'http://localhost:19691/session/412c741e6f4f7ee9b149c7b74800e900/alert/text'
14:29:56.624 [Forwarding getAlertText on session 412c741e6f4f7ee9b149c7b74800e900 to remote] DEBUG org.asynchttpclient.netty.request.NettyRequestSender - Using open Channel [id: 0x0fd79672, L:/127.0.0.1:59225 - R:localhost/127.0.0.1:19691] for GET '/session/412c741e6f4f7ee9b149c7b74800e900/alert/text'
14:29:56.630 [AsyncHttpClient-1-8] DEBUG org.asynchttpclient.netty.handler.HttpHandler - 

Request DefaultFullHttpRequest(decodeResult: success, version: HTTP/1.1, content: EmptyByteBufBE)
GET /session/412c741e6f4f7ee9b149c7b74800e900/alert/text HTTP/1.1
User-Agent: selenium/4.8.1 (java windows)
Cache-Control: no-cache
Content-Type: application/json; charset=utf-8
host: localhost:19691
accept: */*

Response DefaultHttpResponse(decodeResult: success, version: HTTP/1.1)
HTTP/1.1 404 Not Found
Content-Length: 821
Content-Type: application/json; charset=utf-8
cache-control: no-cache

14:29:56.630 [AsyncHttpClient-1-8] DEBUG org.asynchttpclient.netty.channel.ChannelManager - Adding key: http://localhost:19691 for channel [id: 0x0fd79672, L:/127.0.0.1:59225 - R:localhost/127.0.0.1:19691]
14:29:56.630 [Forwarding getCurrentUrl on session 412c741e6f4f7ee9b149c7b74800e900 to remote] DEBUG org.asynchttpclient.netty.request.NettyRequestSender - Using pooled Channel '[id: 0x0fd79672, L:/127.0.0.1:59225 - R:localhost/127.0.0.1:19691]' for 'GET' to 'http://localhost:19691/session/412c741e6f4f7ee9b149c7b74800e900/url'
14:29:56.630 [Forwarding getCurrentUrl on session 412c741e6f4f7ee9b149c7b74800e900 to remote] DEBUG org.asynchttpclient.netty.request.NettyRequestSender - Using open Channel [id: 0x0fd79672, L:/127.0.0.1:59225 - R:localhost/127.0.0.1:19691] for GET '/session/412c741e6f4f7ee9b149c7b74800e900/url'
14:29:56.635 [AsyncHttpClient-1-8] DEBUG org.asynchttpclient.netty.handler.HttpHandler - 

Request DefaultFullHttpRequest(decodeResult: success, version: HTTP/1.1, content: EmptyByteBufBE)
GET /session/412c741e6f4f7ee9b149c7b74800e900/url HTTP/1.1
User-Agent: selenium/4.8.1 (java windows)
Cache-Control: no-cache
Content-Type: application/json; charset=utf-8
host: localhost:19691
accept: */*

Response DefaultHttpResponse(decodeResult: success, version: HTTP/1.1)
HTTP/1.1 200 OK
Content-Length: 63
Content-Type: application/json; charset=utf-8
cache-control: no-cache

14:29:56.635 [AsyncHttpClient-1-8] DEBUG org.asynchttpclient.netty.channel.ChannelManager - Adding key: http://localhost:19691 for channel [id: 0x0fd79672, L:/127.0.0.1:59225 - R:localhost/127.0.0.1:19691]
14:29:56.635 [Forwarding screenshot on session 412c741e6f4f7ee9b149c7b74800e900 to remote] DEBUG org.asynchttpclient.netty.request.NettyRequestSender - Using pooled Channel '[id: 0x0fd79672, L:/127.0.0.1:59225 - R:localhost/127.0.0.1:19691]' for 'GET' to 'http://localhost:19691/session/412c741e6f4f7ee9b149c7b74800e900/screenshot'
14:29:56.635 [Forwarding screenshot on session 412c741e6f4f7ee9b149c7b74800e900 to remote] DEBUG org.asynchttpclient.netty.request.NettyRequestSender - Using open Channel [id: 0x0fd79672, L:/127.0.0.1:59225 - R:localhost/127.0.0.1:19691] for GET '/session/412c741e6f4f7ee9b149c7b74800e900/screenshot'
14:29:56.912 [AsyncHttpClient-1-8] DEBUG org.asynchttpclient.netty.handler.HttpHandler - 

Request DefaultFullHttpRequest(decodeResult: success, version: HTTP/1.1, content: EmptyByteBufBE)
GET /session/412c741e6f4f7ee9b149c7b74800e900/screenshot HTTP/1.1
User-Agent: selenium/4.8.1 (java windows)
Cache-Control: no-cache
Content-Type: application/json; charset=utf-8
host: localhost:19691
accept: */*

Response DefaultHttpResponse(decodeResult: success, version: HTTP/1.1)
HTTP/1.1 200 OK
Content-Length: 78000
Content-Type: application/json; charset=utf-8
cache-control: no-cache

14:29:56.912 [AsyncHttpClient-1-8] DEBUG org.asynchttpclient.netty.channel.ChannelManager - Adding key: http://localhost:19691 for channel [id: 0x0fd79672, L:/127.0.0.1:59225 - R:localhost/127.0.0.1:19691]
14:29:56.923 [main] DEBUG net.serenitybdd.core.photography.Darkroom - Send negative for processing for target\site\serenity\80a7dffac161faf502c6c03d48ef37edd8806d2db13cbd6476a48d60deabba12.png
14:29:56.923 [Darkroom Processing Line] DEBUG net.serenitybdd.core.photography.DarkroomProcessingLine - Processing screenshot image in /var/screenshots/screenshot-1922101915671293098
14:29:56.923 [Darkroom Processing Line] DEBUG net.serenitybdd.core.photography.DarkroomProcessingLine - Saving screenshot to target\site\serenity\80a7dffac161faf502c6c03d48ef37edd8806d2db13cbd6476a48d60deabba12.png
14:29:56.928 [Forwarding getPageSource on session 412c741e6f4f7ee9b149c7b74800e900 to remote] DEBUG org.asynchttpclient.netty.request.NettyRequestSender - Using pooled Channel '[id: 0x0fd79672, L:/127.0.0.1:59225 - R:localhost/127.0.0.1:19691]' for 'POST' to 'http://localhost:19691/session/412c741e6f4f7ee9b149c7b74800e900/execute/sync'
14:29:56.928 [Forwarding getPageSource on session 412c741e6f4f7ee9b149c7b74800e900 to remote] DEBUG org.asynchttpclient.netty.request.NettyRequestSender - Using open Channel [id: 0x0fd79672, L:/127.0.0.1:59225 - R:localhost/127.0.0.1:19691] for POST '/session/412c741e6f4f7ee9b149c7b74800e900/execute/sync'
14:29:56.934 [AsyncHttpClient-1-8] DEBUG org.asynchttpclient.netty.handler.HttpHandler - 

Request DefaultHttpRequest(decodeResult: success, version: HTTP/1.1)
POST /session/412c741e6f4f7ee9b149c7b74800e900/execute/sync HTTP/1.1
User-Agent: selenium/4.8.1 (java windows)
Content-Length: 176
Content-Type: application/json; charset=utf-8
host: localhost:19691
accept: */*

Response DefaultHttpResponse(decodeResult: success, version: HTTP/1.1)
HTTP/1.1 200 OK
Content-Length: 45316
Content-Type: application/json; charset=utf-8
cache-control: no-cache

14:29:56.944 [AsyncHttpClient-1-8] DEBUG org.asynchttpclient.netty.channel.ChannelManager - Adding key: http://localhost:19691 for channel [id: 0x0fd79672, L:/127.0.0.1:59225 - R:localhost/127.0.0.1:19691]
14:29:56.949 [Forwarding getCurrentUrl on session 412c741e6f4f7ee9b149c7b74800e900 to remote] DEBUG org.asynchttpclient.netty.request.NettyRequestSender - Using pooled Channel '[id: 0x0fd79672, L:/127.0.0.1:59225 - R:localhost/127.0.0.1:19691]' for 'GET' to 'http://localhost:19691/session/412c741e6f4f7ee9b149c7b74800e900/url'
14:29:56.949 [Forwarding getCurrentUrl on session 412c741e6f4f7ee9b149c7b74800e900 to remote] DEBUG org.asynchttpclient.netty.request.NettyRequestSender - Using open Channel [id: 0x0fd79672, L:/127.0.0.1:59225 - R:localhost/127.0.0.1:19691] for GET '/session/412c741e6f4f7ee9b149c7b74800e900/url'
14:29:56.960 [AsyncHttpClient-1-8] DEBUG org.asynchttpclient.netty.handler.HttpHandler - 

Request DefaultFullHttpRequest(decodeResult: success, version: HTTP/1.1, content: EmptyByteBufBE)
GET /session/412c741e6f4f7ee9b149c7b74800e900/url HTTP/1.1
User-Agent: selenium/4.8.1 (java windows)
Cache-Control: no-cache
Content-Type: application/json; charset=utf-8
host: localhost:19691
accept: */*

Response DefaultHttpResponse(decodeResult: success, version: HTTP/1.1)
HTTP/1.1 200 OK
Content-Length: 63
Content-Type: application/json; charset=utf-8
cache-control: no-cache

14:29:56.960 [AsyncHttpClient-1-8] DEBUG org.asynchttpclient.netty.channel.ChannelManager - Adding key: http://localhost:19691 for channel [id: 0x0fd79672, L:/127.0.0.1:59225 - R:localhost/127.0.0.1:19691]
14:29:56.966 [main] DEBUG net.thucydides.core.steps.StepInterceptor - STARTING STEP: Afrexim_Signup_steps.select_sub_sector - Select_subsector
14:29:56.966 [Forwarding findElement on session 412c741e6f4f7ee9b149c7b74800e900 to remote] DEBUG org.asynchttpclient.netty.request.NettyRequestSender - Using pooled Channel '[id: 0x0fd79672, L:/127.0.0.1:59225 - R:localhost/127.0.0.1:19691]' for 'POST' to 'http://localhost:19691/session/412c741e6f4f7ee9b149c7b74800e900/element'
14:29:56.966 [Forwarding findElement on session 412c741e6f4f7ee9b149c7b74800e900 to remote] DEBUG org.asynchttpclient.netty.request.NettyRequestSender - Using open Channel [id: 0x0fd79672, L:/127.0.0.1:59225 - R:localhost/127.0.0.1:19691] for POST '/session/412c741e6f4f7ee9b149c7b74800e900/element'
14:29:56.992 [AsyncHttpClient-1-8] DEBUG org.asynchttpclient.netty.handler.HttpHandler - 

Request DefaultHttpRequest(decodeResult: success, version: HTTP/1.1)
POST /session/412c741e6f4f7ee9b149c7b74800e900/element HTTP/1.1
User-Agent: selenium/4.8.1 (java windows)
Content-Length: 86
Content-Type: application/json; charset=utf-8
host: localhost:19691
accept: */*

Response DefaultHttpResponse(decodeResult: success, version: HTTP/1.1)
HTTP/1.1 200 OK
Content-Length: 96
Content-Type: application/json; charset=utf-8
cache-control: no-cache

14:29:56.992 [AsyncHttpClient-1-8] DEBUG org.asynchttpclient.netty.channel.ChannelManager - Adding key: http://localhost:19691 for channel [id: 0x0fd79672, L:/127.0.0.1:59225 - R:localhost/127.0.0.1:19691]
14:29:56.998 [Forwarding getElementTagName on session 412c741e6f4f7ee9b149c7b74800e900 to remote] DEBUG org.asynchttpclient.netty.request.NettyRequestSender - Using pooled Channel '[id: 0x0fd79672, L:/127.0.0.1:59225 - R:localhost/127.0.0.1:19691]' for 'GET' to 'http://localhost:19691/session/412c741e6f4f7ee9b149c7b74800e900/element/9330F8CD5D18F75156EB4FB715507178_element_115/name'
14:29:56.998 [Forwarding getElementTagName on session 412c741e6f4f7ee9b149c7b74800e900 to remote] DEBUG org.asynchttpclient.netty.request.NettyRequestSender - Using open Channel [id: 0x0fd79672, L:/127.0.0.1:59225 - R:localhost/127.0.0.1:19691] for GET '/session/412c741e6f4f7ee9b149c7b74800e900/element/9330F8CD5D18F75156EB4FB715507178_element_115/name'
14:29:57.007 [AsyncHttpClient-1-8] DEBUG org.asynchttpclient.netty.handler.HttpHandler - 

Request DefaultFullHttpRequest(decodeResult: success, version: HTTP/1.1, content: EmptyByteBufBE)
GET /session/412c741e6f4f7ee9b149c7b74800e900/element/9330F8CD5D18F75156EB4FB715507178_element_115/name HTTP/1.1
User-Agent: selenium/4.8.1 (java windows)
Cache-Control: no-cache
Content-Type: application/json; charset=utf-8
host: localhost:19691
accept: */*

Response DefaultHttpResponse(decodeResult: success, version: HTTP/1.1)
HTTP/1.1 200 OK
Content-Length: 18
Content-Type: application/json; charset=utf-8
cache-control: no-cache

14:29:57.007 [AsyncHttpClient-1-8] DEBUG org.asynchttpclient.netty.channel.ChannelManager - Adding key: http://localhost:19691 for channel [id: 0x0fd79672, L:/127.0.0.1:59225 - R:localhost/127.0.0.1:19691]
14:29:57.008 [Forwarding getElementDomAttribute on session 412c741e6f4f7ee9b149c7b74800e900 to remote] DEBUG org.asynchttpclient.netty.request.NettyRequestSender - Using pooled Channel '[id: 0x0fd79672, L:/127.0.0.1:59225 - R:localhost/127.0.0.1:19691]' for 'GET' to 'http://localhost:19691/session/412c741e6f4f7ee9b149c7b74800e900/element/9330F8CD5D18F75156EB4FB715507178_element_115/attribute/multiple'
14:29:57.008 [Forwarding getElementDomAttribute on session 412c741e6f4f7ee9b149c7b74800e900 to remote] DEBUG org.asynchttpclient.netty.request.NettyRequestSender - Using open Channel [id: 0x0fd79672, L:/127.0.0.1:59225 - R:localhost/127.0.0.1:19691] for GET '/session/412c741e6f4f7ee9b149c7b74800e900/element/9330F8CD5D18F75156EB4FB715507178_element_115/attribute/multiple'
14:29:57.008 [AsyncHttpClient-1-8] DEBUG org.asynchttpclient.netty.handler.HttpHandler - 

Request DefaultFullHttpRequest(decodeResult: success, version: HTTP/1.1, content: EmptyByteBufBE)
GET /session/412c741e6f4f7ee9b149c7b74800e900/element/9330F8CD5D18F75156EB4FB715507178_element_115/attribute/multiple HTTP/1.1
User-Agent: selenium/4.8.1 (java windows)
Cache-Control: no-cache
Content-Type: application/json; charset=utf-8
host: localhost:19691
accept: */*

Response DefaultHttpResponse(decodeResult: success, version: HTTP/1.1)
HTTP/1.1 200 OK
Content-Length: 14
Content-Type: application/json; charset=utf-8
cache-control: no-cache

14:29:57.019 [AsyncHttpClient-1-8] DEBUG org.asynchttpclient.netty.channel.ChannelManager - Adding key: http://localhost:19691 for channel [id: 0x0fd79672, L:/127.0.0.1:59225 - R:localhost/127.0.0.1:19691]
14:29:57.019 [Forwarding isElementEnabled on session 412c741e6f4f7ee9b149c7b74800e900 to remote] DEBUG org.asynchttpclient.netty.request.NettyRequestSender - Using pooled Channel '[id: 0x0fd79672, L:/127.0.0.1:59225 - R:localhost/127.0.0.1:19691]' for 'GET' to 'http://localhost:19691/session/412c741e6f4f7ee9b149c7b74800e900/element/9330F8CD5D18F75156EB4FB715507178_element_115/enabled'
14:29:57.019 [Forwarding isElementEnabled on session 412c741e6f4f7ee9b149c7b74800e900 to remote] DEBUG org.asynchttpclient.netty.request.NettyRequestSender - Using open Channel [id: 0x0fd79672, L:/127.0.0.1:59225 - R:localhost/127.0.0.1:19691] for GET '/session/412c741e6f4f7ee9b149c7b74800e900/element/9330F8CD5D18F75156EB4FB715507178_element_115/enabled'
14:29:57.030 [AsyncHttpClient-1-8] DEBUG org.asynchttpclient.netty.handler.HttpHandler - 

Request DefaultFullHttpRequest(decodeResult: success, version: HTTP/1.1, content: EmptyByteBufBE)
GET /session/412c741e6f4f7ee9b149c7b74800e900/element/9330F8CD5D18F75156EB4FB715507178_element_115/enabled HTTP/1.1
User-Agent: selenium/4.8.1 (java windows)
Cache-Control: no-cache
Content-Type: application/json; charset=utf-8
host: localhost:19691
accept: */*

Response DefaultHttpResponse(decodeResult: success, version: HTTP/1.1)
HTTP/1.1 200 OK
Content-Length: 14
Content-Type: application/json; charset=utf-8
cache-control: no-cache

14:29:57.030 [AsyncHttpClient-1-8] DEBUG org.asynchttpclient.netty.channel.ChannelManager - Adding key: http://localhost:19691 for channel [id: 0x0fd79672, L:/127.0.0.1:59225 - R:localhost/127.0.0.1:19691]
14:29:57.030 [Forwarding findChildElements on session 412c741e6f4f7ee9b149c7b74800e900 to remote] DEBUG org.asynchttpclient.netty.request.NettyRequestSender - Using pooled Channel '[id: 0x0fd79672, L:/127.0.0.1:59225 - R:localhost/127.0.0.1:19691]' for 'POST' to 'http://localhost:19691/session/412c741e6f4f7ee9b149c7b74800e900/element/9330F8CD5D18F75156EB4FB715507178_element_115/elements'
14:29:57.030 [Forwarding findChildElements on session 412c741e6f4f7ee9b149c7b74800e900 to remote] DEBUG org.asynchttpclient.netty.request.NettyRequestSender - Using open Channel [id: 0x0fd79672, L:/127.0.0.1:59225 - R:localhost/127.0.0.1:19691] for POST '/session/412c741e6f4f7ee9b149c7b74800e900/element/9330F8CD5D18F75156EB4FB715507178_element_115/elements'
14:29:57.051 [AsyncHttpClient-1-8] DEBUG org.asynchttpclient.netty.handler.HttpHandler - 

Request DefaultHttpRequest(decodeResult: success, version: HTTP/1.1)
POST /session/412c741e6f4f7ee9b149c7b74800e900/element/9330F8CD5D18F75156EB4FB715507178_element_115/elements HTTP/1.1
User-Agent: selenium/4.8.1 (java windows)
Content-Length: 102
Content-Type: application/json; charset=utf-8
host: localhost:19691
accept: */*

Response DefaultHttpResponse(decodeResult: success, version: HTTP/1.1)
HTTP/1.1 200 OK
Content-Length: 707
Content-Type: application/json; charset=utf-8
cache-control: no-cache

14:29:57.051 [AsyncHttpClient-1-8] DEBUG org.asynchttpclient.netty.channel.ChannelManager - Adding key: http://localhost:19691 for channel [id: 0x0fd79672, L:/127.0.0.1:59225 - R:localhost/127.0.0.1:19691]
14:29:57.055 [Forwarding getElementAttribute on session 412c741e6f4f7ee9b149c7b74800e900 to remote] DEBUG org.asynchttpclient.netty.request.NettyRequestSender - Using pooled Channel '[id: 0x0fd79672, L:/127.0.0.1:59225 - R:localhost/127.0.0.1:19691]' for 'POST' to 'http://localhost:19691/session/412c741e6f4f7ee9b149c7b74800e900/execute/sync'
14:29:57.055 [Forwarding getElementAttribute on session 412c741e6f4f7ee9b149c7b74800e900 to remote] DEBUG org.asynchttpclient.netty.request.NettyRequestSender - Using open Channel [id: 0x0fd79672, L:/127.0.0.1:59225 - R:localhost/127.0.0.1:19691] for POST '/session/412c741e6f4f7ee9b149c7b74800e900/execute/sync'
14:29:57.072 [AsyncHttpClient-1-8] DEBUG org.asynchttpclient.netty.handler.HttpHandler - 

Request DefaultHttpRequest(decodeResult: success, version: HTTP/1.1)
POST /session/412c741e6f4f7ee9b149c7b74800e900/execute/sync HTTP/1.1
User-Agent: selenium/4.8.1 (java windows)
Content-Length: 47376
Content-Type: application/json; charset=utf-8
host: localhost:19691
accept: */*

Response DefaultHttpResponse(decodeResult: success, version: HTTP/1.1)
HTTP/1.1 200 OK
Content-Length: 13
Content-Type: application/json; charset=utf-8
cache-control: no-cache

14:29:57.072 [AsyncHttpClient-1-8] DEBUG org.asynchttpclient.netty.channel.ChannelManager - Adding key: http://localhost:19691 for channel [id: 0x0fd79672, L:/127.0.0.1:59225 - R:localhost/127.0.0.1:19691]
14:29:57.072 [Forwarding getElementAttribute on session 412c741e6f4f7ee9b149c7b74800e900 to remote] DEBUG org.asynchttpclient.netty.request.NettyRequestSender - Using pooled Channel '[id: 0x0fd79672, L:/127.0.0.1:59225 - R:localhost/127.0.0.1:19691]' for 'POST' to 'http://localhost:19691/session/412c741e6f4f7ee9b149c7b74800e900/execute/sync'
14:29:57.072 [Forwarding getElementAttribute on session 412c741e6f4f7ee9b149c7b74800e900 to remote] DEBUG org.asynchttpclient.netty.request.NettyRequestSender - Using open Channel [id: 0x0fd79672, L:/127.0.0.1:59225 - R:localhost/127.0.0.1:19691] for POST '/session/412c741e6f4f7ee9b149c7b74800e900/execute/sync'
14:29:57.094 [AsyncHttpClient-1-8] DEBUG org.asynchttpclient.netty.handler.HttpHandler - 

Request DefaultHttpRequest(decodeResult: success, version: HTTP/1.1)
POST /session/412c741e6f4f7ee9b149c7b74800e900/execute/sync HTTP/1.1
User-Agent: selenium/4.8.1 (java windows)
Content-Length: 47376
Content-Type: application/json; charset=utf-8
host: localhost:19691
accept: */*

Response DefaultHttpResponse(decodeResult: success, version: HTTP/1.1)
HTTP/1.1 200 OK
Content-Length: 13
Content-Type: application/json; charset=utf-8
cache-control: no-cache

14:29:57.094 [AsyncHttpClient-1-8] DEBUG org.asynchttpclient.netty.channel.ChannelManager - Adding key: http://localhost:19691 for channel [id: 0x0fd79672, L:/127.0.0.1:59225 - R:localhost/127.0.0.1:19691]
14:29:57.094 [Forwarding getElementAttribute on session 412c741e6f4f7ee9b149c7b74800e900 to remote] DEBUG org.asynchttpclient.netty.request.NettyRequestSender - Using pooled Channel '[id: 0x0fd79672, L:/127.0.0.1:59225 - R:localhost/127.0.0.1:19691]' for 'POST' to 'http://localhost:19691/session/412c741e6f4f7ee9b149c7b74800e900/execute/sync'
14:29:57.094 [Forwarding getElementAttribute on session 412c741e6f4f7ee9b149c7b74800e900 to remote] DEBUG org.asynchttpclient.netty.request.NettyRequestSender - Using open Channel [id: 0x0fd79672, L:/127.0.0.1:59225 - R:localhost/127.0.0.1:19691] for POST '/session/412c741e6f4f7ee9b149c7b74800e900/execute/sync'
14:29:57.115 [AsyncHttpClient-1-8] DEBUG org.asynchttpclient.netty.handler.HttpHandler - 

Request DefaultHttpRequest(decodeResult: success, version: HTTP/1.1)
POST /session/412c741e6f4f7ee9b149c7b74800e900/execute/sync HTTP/1.1
User-Agent: selenium/4.8.1 (java windows)
Content-Length: 47376
Content-Type: application/json; charset=utf-8
host: localhost:19691
accept: */*

Response DefaultHttpResponse(decodeResult: success, version: HTTP/1.1)
HTTP/1.1 200 OK
Content-Length: 13
Content-Type: application/json; charset=utf-8
cache-control: no-cache

14:29:57.115 [AsyncHttpClient-1-8] DEBUG org.asynchttpclient.netty.channel.ChannelManager - Adding key: http://localhost:19691 for channel [id: 0x0fd79672, L:/127.0.0.1:59225 - R:localhost/127.0.0.1:19691]
14:29:57.118 [Forwarding getElementAttribute on session 412c741e6f4f7ee9b149c7b74800e900 to remote] DEBUG org.asynchttpclient.netty.request.NettyRequestSender - Using pooled Channel '[id: 0x0fd79672, L:/127.0.0.1:59225 - R:localhost/127.0.0.1:19691]' for 'POST' to 'http://localhost:19691/session/412c741e6f4f7ee9b149c7b74800e900/execute/sync'
14:29:57.118 [Forwarding getElementAttribute on session 412c741e6f4f7ee9b149c7b74800e900 to remote] DEBUG org.asynchttpclient.netty.request.NettyRequestSender - Using open Channel [id: 0x0fd79672, L:/127.0.0.1:59225 - R:localhost/127.0.0.1:19691] for POST '/session/412c741e6f4f7ee9b149c7b74800e900/execute/sync'
14:29:57.136 [AsyncHttpClient-1-8] DEBUG org.asynchttpclient.netty.handler.HttpHandler - 

Request DefaultHttpRequest(decodeResult: success, version: HTTP/1.1)
POST /session/412c741e6f4f7ee9b149c7b74800e900/execute/sync HTTP/1.1
User-Agent: selenium/4.8.1 (java windows)
Content-Length: 47376
Content-Type: application/json; charset=utf-8
host: localhost:19691
accept: */*

Response DefaultHttpResponse(decodeResult: success, version: HTTP/1.1)
HTTP/1.1 200 OK
Content-Length: 13
Content-Type: application/json; charset=utf-8
cache-control: no-cache

14:29:57.136 [AsyncHttpClient-1-8] DEBUG org.asynchttpclient.netty.channel.ChannelManager - Adding key: http://localhost:19691 for channel [id: 0x0fd79672, L:/127.0.0.1:59225 - R:localhost/127.0.0.1:19691]
14:29:57.136 [Forwarding getElementAttribute on session 412c741e6f4f7ee9b149c7b74800e900 to remote] DEBUG org.asynchttpclient.netty.request.NettyRequestSender - Using pooled Channel '[id: 0x0fd79672, L:/127.0.0.1:59225 - R:localhost/127.0.0.1:19691]' for 'POST' to 'http://localhost:19691/session/412c741e6f4f7ee9b149c7b74800e900/execute/sync'
14:29:57.136 [Forwarding getElementAttribute on session 412c741e6f4f7ee9b149c7b74800e900 to remote] DEBUG org.asynchttpclient.netty.request.NettyRequestSender - Using open Channel [id: 0x0fd79672, L:/127.0.0.1:59225 - R:localhost/127.0.0.1:19691] for POST '/session/412c741e6f4f7ee9b149c7b74800e900/execute/sync'
14:29:57.150 [AsyncHttpClient-1-8] DEBUG org.asynchttpclient.netty.handler.HttpHandler - 

Request DefaultHttpRequest(decodeResult: success, version: HTTP/1.1)
POST /session/412c741e6f4f7ee9b149c7b74800e900/execute/sync HTTP/1.1
User-Agent: selenium/4.8.1 (java windows)
Content-Length: 47376
Content-Type: application/json; charset=utf-8
host: localhost:19691
accept: */*

Response DefaultHttpResponse(decodeResult: success, version: HTTP/1.1)
HTTP/1.1 200 OK
Content-Length: 13
Content-Type: application/json; charset=utf-8
cache-control: no-cache

14:29:57.158 [AsyncHttpClient-1-8] DEBUG org.asynchttpclient.netty.channel.ChannelManager - Adding key: http://localhost:19691 for channel [id: 0x0fd79672, L:/127.0.0.1:59225 - R:localhost/127.0.0.1:19691]
14:29:57.158 [Forwarding isElementEnabled on session 412c741e6f4f7ee9b149c7b74800e900 to remote] DEBUG org.asynchttpclient.netty.request.NettyRequestSender - Using pooled Channel '[id: 0x0fd79672, L:/127.0.0.1:59225 - R:localhost/127.0.0.1:19691]' for 'GET' to 'http://localhost:19691/session/412c741e6f4f7ee9b149c7b74800e900/element/9330F8CD5D18F75156EB4FB715507178_element_120/enabled'
14:29:57.158 [Forwarding isElementEnabled on session 412c741e6f4f7ee9b149c7b74800e900 to remote] DEBUG org.asynchttpclient.netty.request.NettyRequestSender - Using open Channel [id: 0x0fd79672, L:/127.0.0.1:59225 - R:localhost/127.0.0.1:19691] for GET '/session/412c741e6f4f7ee9b149c7b74800e900/element/9330F8CD5D18F75156EB4FB715507178_element_120/enabled'
14:29:57.168 [AsyncHttpClient-1-8] DEBUG org.asynchttpclient.netty.handler.HttpHandler - 

Request DefaultFullHttpRequest(decodeResult: success, version: HTTP/1.1, content: EmptyByteBufBE)
GET /session/412c741e6f4f7ee9b149c7b74800e900/element/9330F8CD5D18F75156EB4FB715507178_element_120/enabled HTTP/1.1
User-Agent: selenium/4.8.1 (java windows)
Cache-Control: no-cache
Content-Type: application/json; charset=utf-8
host: localhost:19691
accept: */*

Response DefaultHttpResponse(decodeResult: success, version: HTTP/1.1)
HTTP/1.1 200 OK
Content-Length: 14
Content-Type: application/json; charset=utf-8
cache-control: no-cache

14:29:57.168 [AsyncHttpClient-1-8] DEBUG org.asynchttpclient.netty.channel.ChannelManager - Adding key: http://localhost:19691 for channel [id: 0x0fd79672, L:/127.0.0.1:59225 - R:localhost/127.0.0.1:19691]
14:29:57.168 [Forwarding isElementSelected on session 412c741e6f4f7ee9b149c7b74800e900 to remote] DEBUG org.asynchttpclient.netty.request.NettyRequestSender - Using pooled Channel '[id: 0x0fd79672, L:/127.0.0.1:59225 - R:localhost/127.0.0.1:19691]' for 'GET' to 'http://localhost:19691/session/412c741e6f4f7ee9b149c7b74800e900/element/9330F8CD5D18F75156EB4FB715507178_element_120/selected'
14:29:57.168 [Forwarding isElementSelected on session 412c741e6f4f7ee9b149c7b74800e900 to remote] DEBUG org.asynchttpclient.netty.request.NettyRequestSender - Using open Channel [id: 0x0fd79672, L:/127.0.0.1:59225 - R:localhost/127.0.0.1:19691] for GET '/session/412c741e6f4f7ee9b149c7b74800e900/element/9330F8CD5D18F75156EB4FB715507178_element_120/selected'
14:29:57.188 [AsyncHttpClient-1-8] DEBUG org.asynchttpclient.netty.handler.HttpHandler - 

Request DefaultFullHttpRequest(decodeResult: success, version: HTTP/1.1, content: EmptyByteBufBE)
GET /session/412c741e6f4f7ee9b149c7b74800e900/element/9330F8CD5D18F75156EB4FB715507178_element_120/selected HTTP/1.1
User-Agent: selenium/4.8.1 (java windows)
Cache-Control: no-cache
Content-Type: application/json; charset=utf-8
host: localhost:19691
accept: */*

Response DefaultHttpResponse(decodeResult: success, version: HTTP/1.1)
HTTP/1.1 200 OK
Content-Length: 15
Content-Type: application/json; charset=utf-8
cache-control: no-cache

14:29:57.188 [AsyncHttpClient-1-8] DEBUG org.asynchttpclient.netty.channel.ChannelManager - Adding key: http://localhost:19691 for channel [id: 0x0fd79672, L:/127.0.0.1:59225 - R:localhost/127.0.0.1:19691]
14:29:57.190 [Forwarding clickElement on session 412c741e6f4f7ee9b149c7b74800e900 to remote] DEBUG org.asynchttpclient.netty.request.NettyRequestSender - Using pooled Channel '[id: 0x0fd79672, L:/127.0.0.1:59225 - R:localhost/127.0.0.1:19691]' for 'POST' to 'http://localhost:19691/session/412c741e6f4f7ee9b149c7b74800e900/element/9330F8CD5D18F75156EB4FB715507178_element_120/click'
14:29:57.190 [Forwarding clickElement on session 412c741e6f4f7ee9b149c7b74800e900 to remote] DEBUG org.asynchttpclient.netty.request.NettyRequestSender - Using open Channel [id: 0x0fd79672, L:/127.0.0.1:59225 - R:localhost/127.0.0.1:19691] for POST '/session/412c741e6f4f7ee9b149c7b74800e900/element/9330F8CD5D18F75156EB4FB715507178_element_120/click'
14:29:57.271 [AsyncHttpClient-1-8] DEBUG org.asynchttpclient.netty.handler.HttpHandler - 

Request DefaultHttpRequest(decodeResult: success, version: HTTP/1.1)
POST /session/412c741e6f4f7ee9b149c7b74800e900/element/9330F8CD5D18F75156EB4FB715507178_element_120/click HTTP/1.1
User-Agent: selenium/4.8.1 (java windows)
Content-Length: 58
Content-Type: application/json; charset=utf-8
host: localhost:19691
accept: */*

Response DefaultHttpResponse(decodeResult: success, version: HTTP/1.1)
HTTP/1.1 200 OK
Content-Length: 14
Content-Type: application/json; charset=utf-8
cache-control: no-cache

14:29:57.271 [AsyncHttpClient-1-8] DEBUG org.asynchttpclient.netty.channel.ChannelManager - Adding key: http://localhost:19691 for channel [id: 0x0fd79672, L:/127.0.0.1:59225 - R:localhost/127.0.0.1:19691]
14:29:57.289 [Forwarding getAlertText on session 412c741e6f4f7ee9b149c7b74800e900 to remote] DEBUG org.asynchttpclient.netty.request.NettyRequestSender - Using pooled Channel '[id: 0x0fd79672, L:/127.0.0.1:59225 - R:localhost/127.0.0.1:19691]' for 'GET' to 'http://localhost:19691/session/412c741e6f4f7ee9b149c7b74800e900/alert/text'
14:29:57.289 [Forwarding getAlertText on session 412c741e6f4f7ee9b149c7b74800e900 to remote] DEBUG org.asynchttpclient.netty.request.NettyRequestSender - Using open Channel [id: 0x0fd79672, L:/127.0.0.1:59225 - R:localhost/127.0.0.1:19691] for GET '/session/412c741e6f4f7ee9b149c7b74800e900/alert/text'
14:29:57.293 [AsyncHttpClient-1-8] DEBUG org.asynchttpclient.netty.handler.HttpHandler - 

Request DefaultFullHttpRequest(decodeResult: success, version: HTTP/1.1, content: EmptyByteBufBE)
GET /session/412c741e6f4f7ee9b149c7b74800e900/alert/text HTTP/1.1
User-Agent: selenium/4.8.1 (java windows)
Cache-Control: no-cache
Content-Type: application/json; charset=utf-8
host: localhost:19691
accept: */*

Response DefaultHttpResponse(decodeResult: success, version: HTTP/1.1)
HTTP/1.1 404 Not Found
Content-Length: 821
Content-Type: application/json; charset=utf-8
cache-control: no-cache

14:29:57.293 [AsyncHttpClient-1-8] DEBUG org.asynchttpclient.netty.channel.ChannelManager - Adding key: http://localhost:19691 for channel [id: 0x0fd79672, L:/127.0.0.1:59225 - R:localhost/127.0.0.1:19691]
14:29:57.296 [Forwarding getCurrentUrl on session 412c741e6f4f7ee9b149c7b74800e900 to remote] DEBUG org.asynchttpclient.netty.request.NettyRequestSender - Using pooled Channel '[id: 0x0fd79672, L:/127.0.0.1:59225 - R:localhost/127.0.0.1:19691]' for 'GET' to 'http://localhost:19691/session/412c741e6f4f7ee9b149c7b74800e900/url'
14:29:57.296 [Forwarding getCurrentUrl on session 412c741e6f4f7ee9b149c7b74800e900 to remote] DEBUG org.asynchttpclient.netty.request.NettyRequestSender - Using open Channel [id: 0x0fd79672, L:/127.0.0.1:59225 - R:localhost/127.0.0.1:19691] for GET '/session/412c741e6f4f7ee9b149c7b74800e900/url'
14:29:57.320 [AsyncHttpClient-1-8] DEBUG org.asynchttpclient.netty.handler.HttpHandler - 

Request DefaultFullHttpRequest(decodeResult: success, version: HTTP/1.1, content: EmptyByteBufBE)
GET /session/412c741e6f4f7ee9b149c7b74800e900/url HTTP/1.1
User-Agent: selenium/4.8.1 (java windows)
Cache-Control: no-cache
Content-Type: application/json; charset=utf-8
host: localhost:19691
accept: */*

Response DefaultHttpResponse(decodeResult: success, version: HTTP/1.1)
HTTP/1.1 200 OK
Content-Length: 63
Content-Type: application/json; charset=utf-8
cache-control: no-cache

14:29:57.320 [AsyncHttpClient-1-8] DEBUG org.asynchttpclient.netty.channel.ChannelManager - Adding key: http://localhost:19691 for channel [id: 0x0fd79672, L:/127.0.0.1:59225 - R:localhost/127.0.0.1:19691]
14:29:57.320 [Forwarding screenshot on session 412c741e6f4f7ee9b149c7b74800e900 to remote] DEBUG org.asynchttpclient.netty.request.NettyRequestSender - Using pooled Channel '[id: 0x0fd79672, L:/127.0.0.1:59225 - R:localhost/127.0.0.1:19691]' for 'GET' to 'http://localhost:19691/session/412c741e6f4f7ee9b149c7b74800e900/screenshot'
14:29:57.320 [Forwarding screenshot on session 412c741e6f4f7ee9b149c7b74800e900 to remote] DEBUG org.asynchttpclient.netty.request.NettyRequestSender - Using open Channel [id: 0x0fd79672, L:/127.0.0.1:59225 - R:localhost/127.0.0.1:19691] for GET '/session/412c741e6f4f7ee9b149c7b74800e900/screenshot'
14:29:57.396 [AsyncHttpClient-1-1] DEBUG org.asynchttpclient.netty.channel.DefaultChannelPool - Entry count for : http://localhost:59226 : 1
14:29:57.616 [AsyncHttpClient-1-8] DEBUG org.asynchttpclient.netty.handler.HttpHandler - 

Request DefaultFullHttpRequest(decodeResult: success, version: HTTP/1.1, content: EmptyByteBufBE)
GET /session/412c741e6f4f7ee9b149c7b74800e900/screenshot HTTP/1.1
User-Agent: selenium/4.8.1 (java windows)
Cache-Control: no-cache
Content-Type: application/json; charset=utf-8
host: localhost:19691
accept: */*

Response DefaultHttpResponse(decodeResult: success, version: HTTP/1.1)
HTTP/1.1 200 OK
Content-Length: 78092
Content-Type: application/json; charset=utf-8
cache-control: no-cache

14:29:57.616 [AsyncHttpClient-1-8] DEBUG org.asynchttpclient.netty.channel.ChannelManager - Adding key: http://localhost:19691 for channel [id: 0x0fd79672, L:/127.0.0.1:59225 - R:localhost/127.0.0.1:19691]
14:29:57.621 [main] DEBUG net.serenitybdd.core.photography.Darkroom - Send negative for processing for target\site\serenity\c8c17b5655c20b02946d65bcf3f9d5af911de4b39a442468b158ffd63ce54bde.png
14:29:57.621 [main] DEBUG net.thucydides.core.steps.StepInterceptor - STEP DONE: Select_subsector
14:29:57.621 [Darkroom Processing Line] DEBUG net.serenitybdd.core.photography.DarkroomProcessingLine - Processing screenshot image in /var/screenshots/screenshot-6826629964178962097
14:29:57.621 [Darkroom Processing Line] DEBUG net.serenitybdd.core.photography.DarkroomProcessingLine - Saving screenshot to target\site\serenity\c8c17b5655c20b02946d65bcf3f9d5af911de4b39a442468b158ffd63ce54bde.png
14:29:57.638 [Forwarding getPageSource on session 412c741e6f4f7ee9b149c7b74800e900 to remote] DEBUG org.asynchttpclient.netty.request.NettyRequestSender - Using pooled Channel '[id: 0x0fd79672, L:/127.0.0.1:59225 - R:localhost/127.0.0.1:19691]' for 'POST' to 'http://localhost:19691/session/412c741e6f4f7ee9b149c7b74800e900/execute/sync'
14:29:57.638 [Forwarding getPageSource on session 412c741e6f4f7ee9b149c7b74800e900 to remote] DEBUG org.asynchttpclient.netty.request.NettyRequestSender - Using open Channel [id: 0x0fd79672, L:/127.0.0.1:59225 - R:localhost/127.0.0.1:19691] for POST '/session/412c741e6f4f7ee9b149c7b74800e900/execute/sync'
14:29:57.659 [AsyncHttpClient-1-8] DEBUG org.asynchttpclient.netty.handler.HttpHandler - 

Request DefaultHttpRequest(decodeResult: success, version: HTTP/1.1)
POST /session/412c741e6f4f7ee9b149c7b74800e900/execute/sync HTTP/1.1
User-Agent: selenium/4.8.1 (java windows)
Content-Length: 176
Content-Type: application/json; charset=utf-8
host: localhost:19691
accept: */*

Response DefaultHttpResponse(decodeResult: success, version: HTTP/1.1)
HTTP/1.1 200 OK
Content-Length: 45316
Content-Type: application/json; charset=utf-8
cache-control: no-cache

14:29:57.659 [AsyncHttpClient-1-8] DEBUG org.asynchttpclient.netty.channel.ChannelManager - Adding key: http://localhost:19691 for channel [id: 0x0fd79672, L:/127.0.0.1:59225 - R:localhost/127.0.0.1:19691]
14:29:57.670 [Forwarding getCurrentUrl on session 412c741e6f4f7ee9b149c7b74800e900 to remote] DEBUG org.asynchttpclient.netty.request.NettyRequestSender - Using pooled Channel '[id: 0x0fd79672, L:/127.0.0.1:59225 - R:localhost/127.0.0.1:19691]' for 'GET' to 'http://localhost:19691/session/412c741e6f4f7ee9b149c7b74800e900/url'
14:29:57.670 [Forwarding getCurrentUrl on session 412c741e6f4f7ee9b149c7b74800e900 to remote] DEBUG org.asynchttpclient.netty.request.NettyRequestSender - Using open Channel [id: 0x0fd79672, L:/127.0.0.1:59225 - R:localhost/127.0.0.1:19691] for GET '/session/412c741e6f4f7ee9b149c7b74800e900/url'
14:29:57.685 [AsyncHttpClient-1-8] DEBUG org.asynchttpclient.netty.handler.HttpHandler - 

Request DefaultFullHttpRequest(decodeResult: success, version: HTTP/1.1, content: EmptyByteBufBE)
GET /session/412c741e6f4f7ee9b149c7b74800e900/url HTTP/1.1
User-Agent: selenium/4.8.1 (java windows)
Cache-Control: no-cache
Content-Type: application/json; charset=utf-8
host: localhost:19691
accept: */*

Response DefaultHttpResponse(decodeResult: success, version: HTTP/1.1)
HTTP/1.1 200 OK
Content-Length: 63
Content-Type: application/json; charset=utf-8
cache-control: no-cache

14:29:57.688 [AsyncHttpClient-1-8] DEBUG org.asynchttpclient.netty.channel.ChannelManager - Adding key: http://localhost:19691 for channel [id: 0x0fd79672, L:/127.0.0.1:59225 - R:localhost/127.0.0.1:19691]
14:29:57.707 [Forwarding getAlertText on session 412c741e6f4f7ee9b149c7b74800e900 to remote] DEBUG org.asynchttpclient.netty.request.NettyRequestSender - Using pooled Channel '[id: 0x0fd79672, L:/127.0.0.1:59225 - R:localhost/127.0.0.1:19691]' for 'GET' to 'http://localhost:19691/session/412c741e6f4f7ee9b149c7b74800e900/alert/text'
14:29:57.707 [Forwarding getAlertText on session 412c741e6f4f7ee9b149c7b74800e900 to remote] DEBUG org.asynchttpclient.netty.request.NettyRequestSender - Using open Channel [id: 0x0fd79672, L:/127.0.0.1:59225 - R:localhost/127.0.0.1:19691] for GET '/session/412c741e6f4f7ee9b149c7b74800e900/alert/text'
14:29:57.713 [AsyncHttpClient-1-8] DEBUG org.asynchttpclient.netty.handler.HttpHandler - 

Request DefaultFullHttpRequest(decodeResult: success, version: HTTP/1.1, content: EmptyByteBufBE)
GET /session/412c741e6f4f7ee9b149c7b74800e900/alert/text HTTP/1.1
User-Agent: selenium/4.8.1 (java windows)
Cache-Control: no-cache
Content-Type: application/json; charset=utf-8
host: localhost:19691
accept: */*

Response DefaultHttpResponse(decodeResult: success, version: HTTP/1.1)
HTTP/1.1 404 Not Found
Content-Length: 821
Content-Type: application/json; charset=utf-8
cache-control: no-cache

14:29:57.713 [AsyncHttpClient-1-8] DEBUG org.asynchttpclient.netty.channel.ChannelManager - Adding key: http://localhost:19691 for channel [id: 0x0fd79672, L:/127.0.0.1:59225 - R:localhost/127.0.0.1:19691]
14:29:57.718 [Forwarding getCurrentUrl on session 412c741e6f4f7ee9b149c7b74800e900 to remote] DEBUG org.asynchttpclient.netty.request.NettyRequestSender - Using pooled Channel '[id: 0x0fd79672, L:/127.0.0.1:59225 - R:localhost/127.0.0.1:19691]' for 'GET' to 'http://localhost:19691/session/412c741e6f4f7ee9b149c7b74800e900/url'
14:29:57.718 [Forwarding getCurrentUrl on session 412c741e6f4f7ee9b149c7b74800e900 to remote] DEBUG org.asynchttpclient.netty.request.NettyRequestSender - Using open Channel [id: 0x0fd79672, L:/127.0.0.1:59225 - R:localhost/127.0.0.1:19691] for GET '/session/412c741e6f4f7ee9b149c7b74800e900/url'
14:29:57.739 [AsyncHttpClient-1-8] DEBUG org.asynchttpclient.netty.handler.HttpHandler - 

Request DefaultFullHttpRequest(decodeResult: success, version: HTTP/1.1, content: EmptyByteBufBE)
GET /session/412c741e6f4f7ee9b149c7b74800e900/url HTTP/1.1
User-Agent: selenium/4.8.1 (java windows)
Cache-Control: no-cache
Content-Type: application/json; charset=utf-8
host: localhost:19691
accept: */*

Response DefaultHttpResponse(decodeResult: success, version: HTTP/1.1)
HTTP/1.1 200 OK
Content-Length: 63
Content-Type: application/json; charset=utf-8
cache-control: no-cache

14:29:57.739 [AsyncHttpClient-1-8] DEBUG org.asynchttpclient.netty.channel.ChannelManager - Adding key: http://localhost:19691 for channel [id: 0x0fd79672, L:/127.0.0.1:59225 - R:localhost/127.0.0.1:19691]
14:29:57.739 [Forwarding screenshot on session 412c741e6f4f7ee9b149c7b74800e900 to remote] DEBUG org.asynchttpclient.netty.request.NettyRequestSender - Using pooled Channel '[id: 0x0fd79672, L:/127.0.0.1:59225 - R:localhost/127.0.0.1:19691]' for 'GET' to 'http://localhost:19691/session/412c741e6f4f7ee9b149c7b74800e900/screenshot'
14:29:57.739 [Forwarding screenshot on session 412c741e6f4f7ee9b149c7b74800e900 to remote] DEBUG org.asynchttpclient.netty.request.NettyRequestSender - Using open Channel [id: 0x0fd79672, L:/127.0.0.1:59225 - R:localhost/127.0.0.1:19691] for GET '/session/412c741e6f4f7ee9b149c7b74800e900/screenshot'
14:29:58.016 [AsyncHttpClient-1-8] DEBUG org.asynchttpclient.netty.handler.HttpHandler - 

Request DefaultFullHttpRequest(decodeResult: success, version: HTTP/1.1, content: EmptyByteBufBE)
GET /session/412c741e6f4f7ee9b149c7b74800e900/screenshot HTTP/1.1
User-Agent: selenium/4.8.1 (java windows)
Cache-Control: no-cache
Content-Type: application/json; charset=utf-8
host: localhost:19691
accept: */*

Response DefaultHttpResponse(decodeResult: success, version: HTTP/1.1)
HTTP/1.1 200 OK
Content-Length: 77892
Content-Type: application/json; charset=utf-8
cache-control: no-cache

14:29:58.016 [AsyncHttpClient-1-8] DEBUG org.asynchttpclient.netty.channel.ChannelManager - Adding key: http://localhost:19691 for channel [id: 0x0fd79672, L:/127.0.0.1:59225 - R:localhost/127.0.0.1:19691]
14:29:58.016 [main] DEBUG net.serenitybdd.core.photography.Darkroom - Send negative for processing for target\site\serenity\12212fb9008ea4b794fca6e43898f83fa1626d8fd26e60fb575716ea8b49a8f1.png
14:29:58.022 [Darkroom Processing Line] DEBUG net.serenitybdd.core.photography.DarkroomProcessingLine - Processing screenshot image in /var/screenshots/screenshot-4935453674599430710
14:29:58.022 [Darkroom Processing Line] DEBUG net.serenitybdd.core.photography.DarkroomProcessingLine - Saving screenshot to target\site\serenity\12212fb9008ea4b794fca6e43898f83fa1626d8fd26e60fb575716ea8b49a8f1.png
14:29:58.024 [Forwarding getPageSource on session 412c741e6f4f7ee9b149c7b74800e900 to remote] DEBUG org.asynchttpclient.netty.request.NettyRequestSender - Using pooled Channel '[id: 0x0fd79672, L:/127.0.0.1:59225 - R:localhost/127.0.0.1:19691]' for 'POST' to 'http://localhost:19691/session/412c741e6f4f7ee9b149c7b74800e900/execute/sync'
14:29:58.024 [Forwarding getPageSource on session 412c741e6f4f7ee9b149c7b74800e900 to remote] DEBUG org.asynchttpclient.netty.request.NettyRequestSender - Using open Channel [id: 0x0fd79672, L:/127.0.0.1:59225 - R:localhost/127.0.0.1:19691] for POST '/session/412c741e6f4f7ee9b149c7b74800e900/execute/sync'
14:29:58.043 [AsyncHttpClient-1-8] DEBUG org.asynchttpclient.netty.handler.HttpHandler - 

Request DefaultHttpRequest(decodeResult: success, version: HTTP/1.1)
POST /session/412c741e6f4f7ee9b149c7b74800e900/execute/sync HTTP/1.1
User-Agent: selenium/4.8.1 (java windows)
Content-Length: 176
Content-Type: application/json; charset=utf-8
host: localhost:19691
accept: */*

Response DefaultHttpResponse(decodeResult: success, version: HTTP/1.1)
HTTP/1.1 200 OK
Content-Length: 45316
Content-Type: application/json; charset=utf-8
cache-control: no-cache

14:29:58.043 [AsyncHttpClient-1-8] DEBUG org.asynchttpclient.netty.channel.ChannelManager - Adding key: http://localhost:19691 for channel [id: 0x0fd79672, L:/127.0.0.1:59225 - R:localhost/127.0.0.1:19691]
14:29:58.048 [Forwarding getCurrentUrl on session 412c741e6f4f7ee9b149c7b74800e900 to remote] DEBUG org.asynchttpclient.netty.request.NettyRequestSender - Using pooled Channel '[id: 0x0fd79672, L:/127.0.0.1:59225 - R:localhost/127.0.0.1:19691]' for 'GET' to 'http://localhost:19691/session/412c741e6f4f7ee9b149c7b74800e900/url'
14:29:58.048 [Forwarding getCurrentUrl on session 412c741e6f4f7ee9b149c7b74800e900 to remote] DEBUG org.asynchttpclient.netty.request.NettyRequestSender - Using open Channel [id: 0x0fd79672, L:/127.0.0.1:59225 - R:localhost/127.0.0.1:19691] for GET '/session/412c741e6f4f7ee9b149c7b74800e900/url'
14:29:58.056 [AsyncHttpClient-1-8] DEBUG org.asynchttpclient.netty.handler.HttpHandler - 

Request DefaultFullHttpRequest(decodeResult: success, version: HTTP/1.1, content: EmptyByteBufBE)
GET /session/412c741e6f4f7ee9b149c7b74800e900/url HTTP/1.1
User-Agent: selenium/4.8.1 (java windows)
Cache-Control: no-cache
Content-Type: application/json; charset=utf-8
host: localhost:19691
accept: */*

Response DefaultHttpResponse(decodeResult: success, version: HTTP/1.1)
HTTP/1.1 200 OK
Content-Length: 63
Content-Type: application/json; charset=utf-8
cache-control: no-cache

14:29:58.056 [AsyncHttpClient-1-8] DEBUG org.asynchttpclient.netty.channel.ChannelManager - Adding key: http://localhost:19691 for channel [id: 0x0fd79672, L:/127.0.0.1:59225 - R:localhost/127.0.0.1:19691]
14:29:58.064 [main] DEBUG net.thucydides.core.steps.StepInterceptor - STARTING STEP: Afrexim_Signup_steps.select_products_of_interest - Select_productsofinterest
14:29:58.064 [Forwarding findElement on session 412c741e6f4f7ee9b149c7b74800e900 to remote] DEBUG org.asynchttpclient.netty.request.NettyRequestSender - Using pooled Channel '[id: 0x0fd79672, L:/127.0.0.1:59225 - R:localhost/127.0.0.1:19691]' for 'POST' to 'http://localhost:19691/session/412c741e6f4f7ee9b149c7b74800e900/element'
14:29:58.064 [Forwarding findElement on session 412c741e6f4f7ee9b149c7b74800e900 to remote] DEBUG org.asynchttpclient.netty.request.NettyRequestSender - Using open Channel [id: 0x0fd79672, L:/127.0.0.1:59225 - R:localhost/127.0.0.1:19691] for POST '/session/412c741e6f4f7ee9b149c7b74800e900/element'
14:29:58.088 [AsyncHttpClient-1-8] DEBUG org.asynchttpclient.netty.handler.HttpHandler - 

Request DefaultHttpRequest(decodeResult: success, version: HTTP/1.1)
POST /session/412c741e6f4f7ee9b149c7b74800e900/element HTTP/1.1
User-Agent: selenium/4.8.1 (java windows)
Content-Length: 77
Content-Type: application/json; charset=utf-8
host: localhost:19691
accept: */*

Response DefaultHttpResponse(decodeResult: success, version: HTTP/1.1)
HTTP/1.1 200 OK
Content-Length: 96
Content-Type: application/json; charset=utf-8
cache-control: no-cache

14:29:58.088 [AsyncHttpClient-1-8] DEBUG org.asynchttpclient.netty.channel.ChannelManager - Adding key: http://localhost:19691 for channel [id: 0x0fd79672, L:/127.0.0.1:59225 - R:localhost/127.0.0.1:19691]
14:29:58.088 [Forwarding getElementTagName on session 412c741e6f4f7ee9b149c7b74800e900 to remote] DEBUG org.asynchttpclient.netty.request.NettyRequestSender - Using pooled Channel '[id: 0x0fd79672, L:/127.0.0.1:59225 - R:localhost/127.0.0.1:19691]' for 'GET' to 'http://localhost:19691/session/412c741e6f4f7ee9b149c7b74800e900/element/9330F8CD5D18F75156EB4FB715507178_element_124/name'
14:29:58.088 [Forwarding getElementTagName on session 412c741e6f4f7ee9b149c7b74800e900 to remote] DEBUG org.asynchttpclient.netty.request.NettyRequestSender - Using open Channel [id: 0x0fd79672, L:/127.0.0.1:59225 - R:localhost/127.0.0.1:19691] for GET '/session/412c741e6f4f7ee9b149c7b74800e900/element/9330F8CD5D18F75156EB4FB715507178_element_124/name'
14:29:58.096 [AsyncHttpClient-1-8] DEBUG org.asynchttpclient.netty.handler.HttpHandler - 

Request DefaultFullHttpRequest(decodeResult: success, version: HTTP/1.1, content: EmptyByteBufBE)
GET /session/412c741e6f4f7ee9b149c7b74800e900/element/9330F8CD5D18F75156EB4FB715507178_element_124/name HTTP/1.1
User-Agent: selenium/4.8.1 (java windows)
Cache-Control: no-cache
Content-Type: application/json; charset=utf-8
host: localhost:19691
accept: */*

Response DefaultHttpResponse(decodeResult: success, version: HTTP/1.1)
HTTP/1.1 200 OK
Content-Length: 17
Content-Type: application/json; charset=utf-8
cache-control: no-cache

14:29:58.096 [AsyncHttpClient-1-8] DEBUG org.asynchttpclient.netty.channel.ChannelManager - Adding key: http://localhost:19691 for channel [id: 0x0fd79672, L:/127.0.0.1:59225 - R:localhost/127.0.0.1:19691]
14:29:58.096 [Forwarding getElementTagName on session 412c741e6f4f7ee9b149c7b74800e900 to remote] DEBUG org.asynchttpclient.netty.request.NettyRequestSender - Using pooled Channel '[id: 0x0fd79672, L:/127.0.0.1:59225 - R:localhost/127.0.0.1:19691]' for 'GET' to 'http://localhost:19691/session/412c741e6f4f7ee9b149c7b74800e900/element/9330F8CD5D18F75156EB4FB715507178_element_124/name'
14:29:58.096 [Forwarding getElementTagName on session 412c741e6f4f7ee9b149c7b74800e900 to remote] DEBUG org.asynchttpclient.netty.request.NettyRequestSender - Using open Channel [id: 0x0fd79672, L:/127.0.0.1:59225 - R:localhost/127.0.0.1:19691] for GET '/session/412c741e6f4f7ee9b149c7b74800e900/element/9330F8CD5D18F75156EB4FB715507178_element_124/name'
14:29:58.107 [AsyncHttpClient-1-8] DEBUG org.asynchttpclient.netty.handler.HttpHandler - 

Request DefaultFullHttpRequest(decodeResult: success, version: HTTP/1.1, content: EmptyByteBufBE)
GET /session/412c741e6f4f7ee9b149c7b74800e900/element/9330F8CD5D18F75156EB4FB715507178_element_124/name HTTP/1.1
User-Agent: selenium/4.8.1 (java windows)
Cache-Control: no-cache
Content-Type: application/json; charset=utf-8
host: localhost:19691
accept: */*

Response DefaultHttpResponse(decodeResult: success, version: HTTP/1.1)
HTTP/1.1 200 OK
Content-Length: 17
Content-Type: application/json; charset=utf-8
cache-control: no-cache

14:29:58.107 [AsyncHttpClient-1-8] DEBUG org.asynchttpclient.netty.channel.ChannelManager - Adding key: http://localhost:19691 for channel [id: 0x0fd79672, L:/127.0.0.1:59225 - R:localhost/127.0.0.1:19691]
14:29:58.107 [Forwarding isElementEnabled on session 412c741e6f4f7ee9b149c7b74800e900 to remote] DEBUG org.asynchttpclient.netty.request.NettyRequestSender - Using pooled Channel '[id: 0x0fd79672, L:/127.0.0.1:59225 - R:localhost/127.0.0.1:19691]' for 'GET' to 'http://localhost:19691/session/412c741e6f4f7ee9b149c7b74800e900/element/9330F8CD5D18F75156EB4FB715507178_element_124/enabled'
14:29:58.107 [Forwarding isElementEnabled on session 412c741e6f4f7ee9b149c7b74800e900 to remote] DEBUG org.asynchttpclient.netty.request.NettyRequestSender - Using open Channel [id: 0x0fd79672, L:/127.0.0.1:59225 - R:localhost/127.0.0.1:19691] for GET '/session/412c741e6f4f7ee9b149c7b74800e900/element/9330F8CD5D18F75156EB4FB715507178_element_124/enabled'
14:29:58.128 [AsyncHttpClient-1-8] DEBUG org.asynchttpclient.netty.handler.HttpHandler - 

Request DefaultFullHttpRequest(decodeResult: success, version: HTTP/1.1, content: EmptyByteBufBE)
GET /session/412c741e6f4f7ee9b149c7b74800e900/element/9330F8CD5D18F75156EB4FB715507178_element_124/enabled HTTP/1.1
User-Agent: selenium/4.8.1 (java windows)
Cache-Control: no-cache
Content-Type: application/json; charset=utf-8
host: localhost:19691
accept: */*

Response DefaultHttpResponse(decodeResult: success, version: HTTP/1.1)
HTTP/1.1 200 OK
Content-Length: 14
Content-Type: application/json; charset=utf-8
cache-control: no-cache

14:29:58.128 [AsyncHttpClient-1-8] DEBUG org.asynchttpclient.netty.channel.ChannelManager - Adding key: http://localhost:19691 for channel [id: 0x0fd79672, L:/127.0.0.1:59225 - R:localhost/127.0.0.1:19691]
14:29:58.128 [Forwarding isElementEnabled on session 412c741e6f4f7ee9b149c7b74800e900 to remote] DEBUG org.asynchttpclient.netty.request.NettyRequestSender - Using pooled Channel '[id: 0x0fd79672, L:/127.0.0.1:59225 - R:localhost/127.0.0.1:19691]' for 'GET' to 'http://localhost:19691/session/412c741e6f4f7ee9b149c7b74800e900/element/9330F8CD5D18F75156EB4FB715507178_element_124/enabled'
14:29:58.128 [Forwarding isElementEnabled on session 412c741e6f4f7ee9b149c7b74800e900 to remote] DEBUG org.asynchttpclient.netty.request.NettyRequestSender - Using open Channel [id: 0x0fd79672, L:/127.0.0.1:59225 - R:localhost/127.0.0.1:19691] for GET '/session/412c741e6f4f7ee9b149c7b74800e900/element/9330F8CD5D18F75156EB4FB715507178_element_124/enabled'
14:29:58.139 [AsyncHttpClient-1-8] DEBUG org.asynchttpclient.netty.handler.HttpHandler - 

Request DefaultFullHttpRequest(decodeResult: success, version: HTTP/1.1, content: EmptyByteBufBE)
GET /session/412c741e6f4f7ee9b149c7b74800e900/element/9330F8CD5D18F75156EB4FB715507178_element_124/enabled HTTP/1.1
User-Agent: selenium/4.8.1 (java windows)
Cache-Control: no-cache
Content-Type: application/json; charset=utf-8
host: localhost:19691
accept: */*

Response DefaultHttpResponse(decodeResult: success, version: HTTP/1.1)
HTTP/1.1 200 OK
Content-Length: 14
Content-Type: application/json; charset=utf-8
cache-control: no-cache

14:29:58.139 [AsyncHttpClient-1-8] DEBUG org.asynchttpclient.netty.channel.ChannelManager - Adding key: http://localhost:19691 for channel [id: 0x0fd79672, L:/127.0.0.1:59225 - R:localhost/127.0.0.1:19691]
14:29:58.139 [Forwarding findElement on session 412c741e6f4f7ee9b149c7b74800e900 to remote] DEBUG org.asynchttpclient.netty.request.NettyRequestSender - Using pooled Channel '[id: 0x0fd79672, L:/127.0.0.1:59225 - R:localhost/127.0.0.1:19691]' for 'POST' to 'http://localhost:19691/session/412c741e6f4f7ee9b149c7b74800e900/element'
14:29:58.139 [Forwarding findElement on session 412c741e6f4f7ee9b149c7b74800e900 to remote] DEBUG org.asynchttpclient.netty.request.NettyRequestSender - Using open Channel [id: 0x0fd79672, L:/127.0.0.1:59225 - R:localhost/127.0.0.1:19691] for POST '/session/412c741e6f4f7ee9b149c7b74800e900/element'
14:29:58.161 [AsyncHttpClient-1-8] DEBUG org.asynchttpclient.netty.handler.HttpHandler - 

Request DefaultHttpRequest(decodeResult: success, version: HTTP/1.1)
POST /session/412c741e6f4f7ee9b149c7b74800e900/element HTTP/1.1
User-Agent: selenium/4.8.1 (java windows)
Content-Length: 77
Content-Type: application/json; charset=utf-8
host: localhost:19691
accept: */*

Response DefaultHttpResponse(decodeResult: success, version: HTTP/1.1)
HTTP/1.1 200 OK
Content-Length: 96
Content-Type: application/json; charset=utf-8
cache-control: no-cache

14:29:58.161 [AsyncHttpClient-1-8] DEBUG org.asynchttpclient.netty.channel.ChannelManager - Adding key: http://localhost:19691 for channel [id: 0x0fd79672, L:/127.0.0.1:59225 - R:localhost/127.0.0.1:19691]
14:29:58.161 [Forwarding clickElement on session 412c741e6f4f7ee9b149c7b74800e900 to remote] DEBUG org.asynchttpclient.netty.request.NettyRequestSender - Using pooled Channel '[id: 0x0fd79672, L:/127.0.0.1:59225 - R:localhost/127.0.0.1:19691]' for 'POST' to 'http://localhost:19691/session/412c741e6f4f7ee9b149c7b74800e900/element/9330F8CD5D18F75156EB4FB715507178_element_124/click'
14:29:58.161 [Forwarding clickElement on session 412c741e6f4f7ee9b149c7b74800e900 to remote] DEBUG org.asynchttpclient.netty.request.NettyRequestSender - Using open Channel [id: 0x0fd79672, L:/127.0.0.1:59225 - R:localhost/127.0.0.1:19691] for POST '/session/412c741e6f4f7ee9b149c7b74800e900/element/9330F8CD5D18F75156EB4FB715507178_element_124/click'
14:29:58.356 [AsyncHttpClient-1-8] DEBUG org.asynchttpclient.netty.handler.HttpHandler - 

Request DefaultHttpRequest(decodeResult: success, version: HTTP/1.1)
POST /session/412c741e6f4f7ee9b149c7b74800e900/element/9330F8CD5D18F75156EB4FB715507178_element_124/click HTTP/1.1
User-Agent: selenium/4.8.1 (java windows)
Content-Length: 58
Content-Type: application/json; charset=utf-8
host: localhost:19691
accept: */*

Response DefaultHttpResponse(decodeResult: success, version: HTTP/1.1)
HTTP/1.1 200 OK
Content-Length: 14
Content-Type: application/json; charset=utf-8
cache-control: no-cache

14:29:58.356 [AsyncHttpClient-1-8] DEBUG org.asynchttpclient.netty.channel.ChannelManager - Adding key: http://localhost:19691 for channel [id: 0x0fd79672, L:/127.0.0.1:59225 - R:localhost/127.0.0.1:19691]
14:29:58.384 [Forwarding findElement on session 412c741e6f4f7ee9b149c7b74800e900 to remote] DEBUG org.asynchttpclient.netty.request.NettyRequestSender - Using pooled Channel '[id: 0x0fd79672, L:/127.0.0.1:59225 - R:localhost/127.0.0.1:19691]' for 'POST' to 'http://localhost:19691/session/412c741e6f4f7ee9b149c7b74800e900/element'
14:29:58.384 [Forwarding findElement on session 412c741e6f4f7ee9b149c7b74800e900 to remote] DEBUG org.asynchttpclient.netty.request.NettyRequestSender - Using open Channel [id: 0x0fd79672, L:/127.0.0.1:59225 - R:localhost/127.0.0.1:19691] for POST '/session/412c741e6f4f7ee9b149c7b74800e900/element'
14:29:58.438 [AsyncHttpClient-1-8] DEBUG org.asynchttpclient.netty.handler.HttpHandler - 

Request DefaultHttpRequest(decodeResult: success, version: HTTP/1.1)
POST /session/412c741e6f4f7ee9b149c7b74800e900/element HTTP/1.1
User-Agent: selenium/4.8.1 (java windows)
Content-Length: 79
Content-Type: application/json; charset=utf-8
host: localhost:19691
accept: */*

Response DefaultHttpResponse(decodeResult: success, version: HTTP/1.1)
HTTP/1.1 200 OK
Content-Length: 96
Content-Type: application/json; charset=utf-8
cache-control: no-cache

14:29:58.443 [AsyncHttpClient-1-8] DEBUG org.asynchttpclient.netty.channel.ChannelManager - Adding key: http://localhost:19691 for channel [id: 0x0fd79672, L:/127.0.0.1:59225 - R:localhost/127.0.0.1:19691]
14:29:58.443 [Forwarding getElementTagName on session 412c741e6f4f7ee9b149c7b74800e900 to remote] DEBUG org.asynchttpclient.netty.request.NettyRequestSender - Using pooled Channel '[id: 0x0fd79672, L:/127.0.0.1:59225 - R:localhost/127.0.0.1:19691]' for 'GET' to 'http://localhost:19691/session/412c741e6f4f7ee9b149c7b74800e900/element/9330F8CD5D18F75156EB4FB715507178_element_125/name'
14:29:58.443 [Forwarding getElementTagName on session 412c741e6f4f7ee9b149c7b74800e900 to remote] DEBUG org.asynchttpclient.netty.request.NettyRequestSender - Using open Channel [id: 0x0fd79672, L:/127.0.0.1:59225 - R:localhost/127.0.0.1:19691] for GET '/session/412c741e6f4f7ee9b149c7b74800e900/element/9330F8CD5D18F75156EB4FB715507178_element_125/name'
14:29:58.459 [AsyncHttpClient-1-8] DEBUG org.asynchttpclient.netty.handler.HttpHandler - 

Request DefaultFullHttpRequest(decodeResult: success, version: HTTP/1.1, content: EmptyByteBufBE)
GET /session/412c741e6f4f7ee9b149c7b74800e900/element/9330F8CD5D18F75156EB4FB715507178_element_125/name HTTP/1.1
User-Agent: selenium/4.8.1 (java windows)
Cache-Control: no-cache
Content-Type: application/json; charset=utf-8
host: localhost:19691
accept: */*

Response DefaultHttpResponse(decodeResult: success, version: HTTP/1.1)
HTTP/1.1 200 OK
Content-Length: 13
Content-Type: application/json; charset=utf-8
cache-control: no-cache

14:29:58.459 [AsyncHttpClient-1-8] DEBUG org.asynchttpclient.netty.channel.ChannelManager - Adding key: http://localhost:19691 for channel [id: 0x0fd79672, L:/127.0.0.1:59225 - R:localhost/127.0.0.1:19691]
14:29:58.459 [Forwarding getElementTagName on session 412c741e6f4f7ee9b149c7b74800e900 to remote] DEBUG org.asynchttpclient.netty.request.NettyRequestSender - Using pooled Channel '[id: 0x0fd79672, L:/127.0.0.1:59225 - R:localhost/127.0.0.1:19691]' for 'GET' to 'http://localhost:19691/session/412c741e6f4f7ee9b149c7b74800e900/element/9330F8CD5D18F75156EB4FB715507178_element_125/name'
14:29:58.459 [Forwarding getElementTagName on session 412c741e6f4f7ee9b149c7b74800e900 to remote] DEBUG org.asynchttpclient.netty.request.NettyRequestSender - Using open Channel [id: 0x0fd79672, L:/127.0.0.1:59225 - R:localhost/127.0.0.1:19691] for GET '/session/412c741e6f4f7ee9b149c7b74800e900/element/9330F8CD5D18F75156EB4FB715507178_element_125/name'
14:29:58.475 [AsyncHttpClient-1-8] DEBUG org.asynchttpclient.netty.handler.HttpHandler - 

Request DefaultFullHttpRequest(decodeResult: success, version: HTTP/1.1, content: EmptyByteBufBE)
GET /session/412c741e6f4f7ee9b149c7b74800e900/element/9330F8CD5D18F75156EB4FB715507178_element_125/name HTTP/1.1
User-Agent: selenium/4.8.1 (java windows)
Cache-Control: no-cache
Content-Type: application/json; charset=utf-8
host: localhost:19691
accept: */*

Response DefaultHttpResponse(decodeResult: success, version: HTTP/1.1)
HTTP/1.1 200 OK
Content-Length: 13
Content-Type: application/json; charset=utf-8
cache-control: no-cache

14:29:58.480 [AsyncHttpClient-1-8] DEBUG org.asynchttpclient.netty.channel.ChannelManager - Adding key: http://localhost:19691 for channel [id: 0x0fd79672, L:/127.0.0.1:59225 - R:localhost/127.0.0.1:19691]
14:29:58.485 [Forwarding findElement on session 412c741e6f4f7ee9b149c7b74800e900 to remote] DEBUG org.asynchttpclient.netty.request.NettyRequestSender - Using pooled Channel '[id: 0x0fd79672, L:/127.0.0.1:59225 - R:localhost/127.0.0.1:19691]' for 'POST' to 'http://localhost:19691/session/412c741e6f4f7ee9b149c7b74800e900/element'
14:29:58.485 [Forwarding findElement on session 412c741e6f4f7ee9b149c7b74800e900 to remote] DEBUG org.asynchttpclient.netty.request.NettyRequestSender - Using open Channel [id: 0x0fd79672, L:/127.0.0.1:59225 - R:localhost/127.0.0.1:19691] for POST '/session/412c741e6f4f7ee9b149c7b74800e900/element'
14:29:58.491 [AsyncHttpClient-1-1] DEBUG org.asynchttpclient.netty.channel.DefaultChannelPool - Entry count for : http://localhost:59226 : 1
14:29:58.513 [AsyncHttpClient-1-8] DEBUG org.asynchttpclient.netty.handler.HttpHandler - 

Request DefaultHttpRequest(decodeResult: success, version: HTTP/1.1)
POST /session/412c741e6f4f7ee9b149c7b74800e900/element HTTP/1.1
User-Agent: selenium/4.8.1 (java windows)
Content-Length: 79
Content-Type: application/json; charset=utf-8
host: localhost:19691
accept: */*

Response DefaultHttpResponse(decodeResult: success, version: HTTP/1.1)
HTTP/1.1 200 OK
Content-Length: 96
Content-Type: application/json; charset=utf-8
cache-control: no-cache

14:29:58.513 [AsyncHttpClient-1-8] DEBUG org.asynchttpclient.netty.channel.ChannelManager - Adding key: http://localhost:19691 for channel [id: 0x0fd79672, L:/127.0.0.1:59225 - R:localhost/127.0.0.1:19691]
14:29:58.518 [Forwarding clickElement on session 412c741e6f4f7ee9b149c7b74800e900 to remote] DEBUG org.asynchttpclient.netty.request.NettyRequestSender - Using pooled Channel '[id: 0x0fd79672, L:/127.0.0.1:59225 - R:localhost/127.0.0.1:19691]' for 'POST' to 'http://localhost:19691/session/412c741e6f4f7ee9b149c7b74800e900/element/9330F8CD5D18F75156EB4FB715507178_element_125/click'
14:29:58.518 [Forwarding clickElement on session 412c741e6f4f7ee9b149c7b74800e900 to remote] DEBUG org.asynchttpclient.netty.request.NettyRequestSender - Using open Channel [id: 0x0fd79672, L:/127.0.0.1:59225 - R:localhost/127.0.0.1:19691] for POST '/session/412c741e6f4f7ee9b149c7b74800e900/element/9330F8CD5D18F75156EB4FB715507178_element_125/click'
14:29:58.854 [AsyncHttpClient-1-8] DEBUG org.asynchttpclient.netty.handler.HttpHandler - 

Request DefaultHttpRequest(decodeResult: success, version: HTTP/1.1)
POST /session/412c741e6f4f7ee9b149c7b74800e900/element/9330F8CD5D18F75156EB4FB715507178_element_125/click HTTP/1.1
User-Agent: selenium/4.8.1 (java windows)
Content-Length: 58
Content-Type: application/json; charset=utf-8
host: localhost:19691
accept: */*

Response DefaultHttpResponse(decodeResult: success, version: HTTP/1.1)
HTTP/1.1 200 OK
Content-Length: 14
Content-Type: application/json; charset=utf-8
cache-control: no-cache

14:29:58.854 [AsyncHttpClient-1-8] DEBUG org.asynchttpclient.netty.channel.ChannelManager - Adding key: http://localhost:19691 for channel [id: 0x0fd79672, L:/127.0.0.1:59225 - R:localhost/127.0.0.1:19691]
14:29:58.875 [Forwarding getAlertText on session 412c741e6f4f7ee9b149c7b74800e900 to remote] DEBUG org.asynchttpclient.netty.request.NettyRequestSender - Using pooled Channel '[id: 0x0fd79672, L:/127.0.0.1:59225 - R:localhost/127.0.0.1:19691]' for 'GET' to 'http://localhost:19691/session/412c741e6f4f7ee9b149c7b74800e900/alert/text'
14:29:58.875 [Forwarding getAlertText on session 412c741e6f4f7ee9b149c7b74800e900 to remote] DEBUG org.asynchttpclient.netty.request.NettyRequestSender - Using open Channel [id: 0x0fd79672, L:/127.0.0.1:59225 - R:localhost/127.0.0.1:19691] for GET '/session/412c741e6f4f7ee9b149c7b74800e900/alert/text'
14:29:58.901 [AsyncHttpClient-1-8] DEBUG org.asynchttpclient.netty.handler.HttpHandler - 

Request DefaultFullHttpRequest(decodeResult: success, version: HTTP/1.1, content: EmptyByteBufBE)
GET /session/412c741e6f4f7ee9b149c7b74800e900/alert/text HTTP/1.1
User-Agent: selenium/4.8.1 (java windows)
Cache-Control: no-cache
Content-Type: application/json; charset=utf-8
host: localhost:19691
accept: */*

Response DefaultHttpResponse(decodeResult: success, version: HTTP/1.1)
HTTP/1.1 404 Not Found
Content-Length: 821
Content-Type: application/json; charset=utf-8
cache-control: no-cache

14:29:58.901 [AsyncHttpClient-1-8] DEBUG org.asynchttpclient.netty.channel.ChannelManager - Adding key: http://localhost:19691 for channel [id: 0x0fd79672, L:/127.0.0.1:59225 - R:localhost/127.0.0.1:19691]
14:29:58.901 [Forwarding getCurrentUrl on session 412c741e6f4f7ee9b149c7b74800e900 to remote] DEBUG org.asynchttpclient.netty.request.NettyRequestSender - Using pooled Channel '[id: 0x0fd79672, L:/127.0.0.1:59225 - R:localhost/127.0.0.1:19691]' for 'GET' to 'http://localhost:19691/session/412c741e6f4f7ee9b149c7b74800e900/url'
14:29:58.901 [Forwarding getCurrentUrl on session 412c741e6f4f7ee9b149c7b74800e900 to remote] DEBUG org.asynchttpclient.netty.request.NettyRequestSender - Using open Channel [id: 0x0fd79672, L:/127.0.0.1:59225 - R:localhost/127.0.0.1:19691] for GET '/session/412c741e6f4f7ee9b149c7b74800e900/url'
14:29:58.912 [AsyncHttpClient-1-8] DEBUG org.asynchttpclient.netty.handler.HttpHandler - 

Request DefaultFullHttpRequest(decodeResult: success, version: HTTP/1.1, content: EmptyByteBufBE)
GET /session/412c741e6f4f7ee9b149c7b74800e900/url HTTP/1.1
User-Agent: selenium/4.8.1 (java windows)
Cache-Control: no-cache
Content-Type: application/json; charset=utf-8
host: localhost:19691
accept: */*

Response DefaultHttpResponse(decodeResult: success, version: HTTP/1.1)
HTTP/1.1 200 OK
Content-Length: 63
Content-Type: application/json; charset=utf-8
cache-control: no-cache

14:29:58.912 [AsyncHttpClient-1-8] DEBUG org.asynchttpclient.netty.channel.ChannelManager - Adding key: http://localhost:19691 for channel [id: 0x0fd79672, L:/127.0.0.1:59225 - R:localhost/127.0.0.1:19691]
14:29:58.918 [Forwarding screenshot on session 412c741e6f4f7ee9b149c7b74800e900 to remote] DEBUG org.asynchttpclient.netty.request.NettyRequestSender - Using pooled Channel '[id: 0x0fd79672, L:/127.0.0.1:59225 - R:localhost/127.0.0.1:19691]' for 'GET' to 'http://localhost:19691/session/412c741e6f4f7ee9b149c7b74800e900/screenshot'
14:29:58.918 [Forwarding screenshot on session 412c741e6f4f7ee9b149c7b74800e900 to remote] DEBUG org.asynchttpclient.netty.request.NettyRequestSender - Using open Channel [id: 0x0fd79672, L:/127.0.0.1:59225 - R:localhost/127.0.0.1:19691] for GET '/session/412c741e6f4f7ee9b149c7b74800e900/screenshot'
14:29:59.323 [AsyncHttpClient-1-8] DEBUG org.asynchttpclient.netty.handler.HttpHandler - 

Request DefaultFullHttpRequest(decodeResult: success, version: HTTP/1.1, content: EmptyByteBufBE)
GET /session/412c741e6f4f7ee9b149c7b74800e900/screenshot HTTP/1.1
User-Agent: selenium/4.8.1 (java windows)
Cache-Control: no-cache
Content-Type: application/json; charset=utf-8
host: localhost:19691
accept: */*

Response DefaultHttpResponse(decodeResult: success, version: HTTP/1.1)
HTTP/1.1 200 OK
Content-Length: 131068
Content-Type: application/json; charset=utf-8
cache-control: no-cache

14:29:59.323 [AsyncHttpClient-1-8] DEBUG org.asynchttpclient.netty.channel.ChannelManager - Adding key: http://localhost:19691 for channel [id: 0x0fd79672, L:/127.0.0.1:59225 - R:localhost/127.0.0.1:19691]
14:29:59.334 [main] DEBUG net.serenitybdd.core.photography.Darkroom - Send negative for processing for target\site\serenity\ebd8020825f69de95a3572650a3fb354effd616eccd14ea01b3d03f9c5f18cee.png
14:29:59.334 [main] DEBUG net.thucydides.core.steps.StepInterceptor - STEP DONE: Select_productsofinterest
14:29:59.334 [Darkroom Processing Line] DEBUG net.serenitybdd.core.photography.DarkroomProcessingLine - Processing screenshot image in /var/screenshots/screenshot-631135916632957277
14:29:59.334 [Darkroom Processing Line] DEBUG net.serenitybdd.core.photography.DarkroomProcessingLine - Saving screenshot to target\site\serenity\ebd8020825f69de95a3572650a3fb354effd616eccd14ea01b3d03f9c5f18cee.png
14:29:59.344 [Forwarding getPageSource on session 412c741e6f4f7ee9b149c7b74800e900 to remote] DEBUG org.asynchttpclient.netty.request.NettyRequestSender - Using pooled Channel '[id: 0x0fd79672, L:/127.0.0.1:59225 - R:localhost/127.0.0.1:19691]' for 'POST' to 'http://localhost:19691/session/412c741e6f4f7ee9b149c7b74800e900/execute/sync'
14:29:59.344 [Forwarding getPageSource on session 412c741e6f4f7ee9b149c7b74800e900 to remote] DEBUG org.asynchttpclient.netty.request.NettyRequestSender - Using open Channel [id: 0x0fd79672, L:/127.0.0.1:59225 - R:localhost/127.0.0.1:19691] for POST '/session/412c741e6f4f7ee9b149c7b74800e900/execute/sync'
14:29:59.366 [AsyncHttpClient-1-8] DEBUG org.asynchttpclient.netty.handler.HttpHandler - 

Request DefaultHttpRequest(decodeResult: success, version: HTTP/1.1)
POST /session/412c741e6f4f7ee9b149c7b74800e900/execute/sync HTTP/1.1
User-Agent: selenium/4.8.1 (java windows)
Content-Length: 176
Content-Type: application/json; charset=utf-8
host: localhost:19691
accept: */*

Response DefaultHttpResponse(decodeResult: success, version: HTTP/1.1)
HTTP/1.1 200 OK
Content-Length: 50915
Content-Type: application/json; charset=utf-8
cache-control: no-cache

14:29:59.366 [AsyncHttpClient-1-8] DEBUG org.asynchttpclient.netty.channel.ChannelManager - Adding key: http://localhost:19691 for channel [id: 0x0fd79672, L:/127.0.0.1:59225 - R:localhost/127.0.0.1:19691]
14:29:59.384 [Forwarding getCurrentUrl on session 412c741e6f4f7ee9b149c7b74800e900 to remote] DEBUG org.asynchttpclient.netty.request.NettyRequestSender - Using pooled Channel '[id: 0x0fd79672, L:/127.0.0.1:59225 - R:localhost/127.0.0.1:19691]' for 'GET' to 'http://localhost:19691/session/412c741e6f4f7ee9b149c7b74800e900/url'
14:29:59.384 [Forwarding getCurrentUrl on session 412c741e6f4f7ee9b149c7b74800e900 to remote] DEBUG org.asynchttpclient.netty.request.NettyRequestSender - Using open Channel [id: 0x0fd79672, L:/127.0.0.1:59225 - R:localhost/127.0.0.1:19691] for GET '/session/412c741e6f4f7ee9b149c7b74800e900/url'
14:29:59.396 [AsyncHttpClient-1-8] DEBUG org.asynchttpclient.netty.handler.HttpHandler - 

Request DefaultFullHttpRequest(decodeResult: success, version: HTTP/1.1, content: EmptyByteBufBE)
GET /session/412c741e6f4f7ee9b149c7b74800e900/url HTTP/1.1
User-Agent: selenium/4.8.1 (java windows)
Cache-Control: no-cache
Content-Type: application/json; charset=utf-8
host: localhost:19691
accept: */*

Response DefaultHttpResponse(decodeResult: success, version: HTTP/1.1)
HTTP/1.1 200 OK
Content-Length: 63
Content-Type: application/json; charset=utf-8
cache-control: no-cache

14:29:59.396 [AsyncHttpClient-1-8] DEBUG org.asynchttpclient.netty.channel.ChannelManager - Adding key: http://localhost:19691 for channel [id: 0x0fd79672, L:/127.0.0.1:59225 - R:localhost/127.0.0.1:19691]
14:29:59.413 [Forwarding getAlertText on session 412c741e6f4f7ee9b149c7b74800e900 to remote] DEBUG org.asynchttpclient.netty.request.NettyRequestSender - Using pooled Channel '[id: 0x0fd79672, L:/127.0.0.1:59225 - R:localhost/127.0.0.1:19691]' for 'GET' to 'http://localhost:19691/session/412c741e6f4f7ee9b149c7b74800e900/alert/text'
14:29:59.413 [Forwarding getAlertText on session 412c741e6f4f7ee9b149c7b74800e900 to remote] DEBUG org.asynchttpclient.netty.request.NettyRequestSender - Using open Channel [id: 0x0fd79672, L:/127.0.0.1:59225 - R:localhost/127.0.0.1:19691] for GET '/session/412c741e6f4f7ee9b149c7b74800e900/alert/text'
14:29:59.413 [AsyncHttpClient-1-8] DEBUG org.asynchttpclient.netty.handler.HttpHandler - 

Request DefaultFullHttpRequest(decodeResult: success, version: HTTP/1.1, content: EmptyByteBufBE)
GET /session/412c741e6f4f7ee9b149c7b74800e900/alert/text HTTP/1.1
User-Agent: selenium/4.8.1 (java windows)
Cache-Control: no-cache
Content-Type: application/json; charset=utf-8
host: localhost:19691
accept: */*

Response DefaultHttpResponse(decodeResult: success, version: HTTP/1.1)
HTTP/1.1 404 Not Found
Content-Length: 821
Content-Type: application/json; charset=utf-8
cache-control: no-cache

14:29:59.413 [AsyncHttpClient-1-8] DEBUG org.asynchttpclient.netty.channel.ChannelManager - Adding key: http://localhost:19691 for channel [id: 0x0fd79672, L:/127.0.0.1:59225 - R:localhost/127.0.0.1:19691]
14:29:59.419 [Forwarding getCurrentUrl on session 412c741e6f4f7ee9b149c7b74800e900 to remote] DEBUG org.asynchttpclient.netty.request.NettyRequestSender - Using pooled Channel '[id: 0x0fd79672, L:/127.0.0.1:59225 - R:localhost/127.0.0.1:19691]' for 'GET' to 'http://localhost:19691/session/412c741e6f4f7ee9b149c7b74800e900/url'
14:29:59.419 [Forwarding getCurrentUrl on session 412c741e6f4f7ee9b149c7b74800e900 to remote] DEBUG org.asynchttpclient.netty.request.NettyRequestSender - Using open Channel [id: 0x0fd79672, L:/127.0.0.1:59225 - R:localhost/127.0.0.1:19691] for GET '/session/412c741e6f4f7ee9b149c7b74800e900/url'
14:29:59.421 [AsyncHttpClient-1-8] DEBUG org.asynchttpclient.netty.handler.HttpHandler - 

Request DefaultFullHttpRequest(decodeResult: success, version: HTTP/1.1, content: EmptyByteBufBE)
GET /session/412c741e6f4f7ee9b149c7b74800e900/url HTTP/1.1
User-Agent: selenium/4.8.1 (java windows)
Cache-Control: no-cache
Content-Type: application/json; charset=utf-8
host: localhost:19691
accept: */*

Response DefaultHttpResponse(decodeResult: success, version: HTTP/1.1)
HTTP/1.1 200 OK
Content-Length: 63
Content-Type: application/json; charset=utf-8
cache-control: no-cache

14:29:59.421 [AsyncHttpClient-1-8] DEBUG org.asynchttpclient.netty.channel.ChannelManager - Adding key: http://localhost:19691 for channel [id: 0x0fd79672, L:/127.0.0.1:59225 - R:localhost/127.0.0.1:19691]
14:29:59.430 [Forwarding screenshot on session 412c741e6f4f7ee9b149c7b74800e900 to remote] DEBUG org.asynchttpclient.netty.request.NettyRequestSender - Using pooled Channel '[id: 0x0fd79672, L:/127.0.0.1:59225 - R:localhost/127.0.0.1:19691]' for 'GET' to 'http://localhost:19691/session/412c741e6f4f7ee9b149c7b74800e900/screenshot'
14:29:59.430 [Forwarding screenshot on session 412c741e6f4f7ee9b149c7b74800e900 to remote] DEBUG org.asynchttpclient.netty.request.NettyRequestSender - Using open Channel [id: 0x0fd79672, L:/127.0.0.1:59225 - R:localhost/127.0.0.1:19691] for GET '/session/412c741e6f4f7ee9b149c7b74800e900/screenshot'
14:29:59.591 [AsyncHttpClient-1-1] DEBUG org.asynchttpclient.netty.channel.DefaultChannelPool - Entry count for : http://localhost:59226 : 1
14:29:59.632 [AsyncHttpClient-1-8] DEBUG org.asynchttpclient.netty.handler.HttpHandler - 

Request DefaultFullHttpRequest(decodeResult: success, version: HTTP/1.1, content: EmptyByteBufBE)
GET /session/412c741e6f4f7ee9b149c7b74800e900/screenshot HTTP/1.1
User-Agent: selenium/4.8.1 (java windows)
Cache-Control: no-cache
Content-Type: application/json; charset=utf-8
host: localhost:19691
accept: */*

Response DefaultHttpResponse(decodeResult: success, version: HTTP/1.1)
HTTP/1.1 200 OK
Content-Length: 131052
Content-Type: application/json; charset=utf-8
cache-control: no-cache

14:29:59.636 [AsyncHttpClient-1-8] DEBUG org.asynchttpclient.netty.channel.ChannelManager - Adding key: http://localhost:19691 for channel [id: 0x0fd79672, L:/127.0.0.1:59225 - R:localhost/127.0.0.1:19691]
14:29:59.636 [main] DEBUG net.serenitybdd.core.photography.Darkroom - Send negative for processing for target\site\serenity\350e0be44eef8c3710280a3297c01cb25e94600e41937eb05f02f870781a0f59.png
14:29:59.636 [Darkroom Processing Line] DEBUG net.serenitybdd.core.photography.DarkroomProcessingLine - Processing screenshot image in /var/screenshots/screenshot-6991979658941435717
14:29:59.636 [Darkroom Processing Line] DEBUG net.serenitybdd.core.photography.DarkroomProcessingLine - Saving screenshot to target\site\serenity\350e0be44eef8c3710280a3297c01cb25e94600e41937eb05f02f870781a0f59.png
14:29:59.643 [Forwarding getPageSource on session 412c741e6f4f7ee9b149c7b74800e900 to remote] DEBUG org.asynchttpclient.netty.request.NettyRequestSender - Using pooled Channel '[id: 0x0fd79672, L:/127.0.0.1:59225 - R:localhost/127.0.0.1:19691]' for 'POST' to 'http://localhost:19691/session/412c741e6f4f7ee9b149c7b74800e900/execute/sync'
14:29:59.643 [Forwarding getPageSource on session 412c741e6f4f7ee9b149c7b74800e900 to remote] DEBUG org.asynchttpclient.netty.request.NettyRequestSender - Using open Channel [id: 0x0fd79672, L:/127.0.0.1:59225 - R:localhost/127.0.0.1:19691] for POST '/session/412c741e6f4f7ee9b149c7b74800e900/execute/sync'
14:29:59.668 [AsyncHttpClient-1-8] DEBUG org.asynchttpclient.netty.handler.HttpHandler - 

Request DefaultHttpRequest(decodeResult: success, version: HTTP/1.1)
POST /session/412c741e6f4f7ee9b149c7b74800e900/execute/sync HTTP/1.1
User-Agent: selenium/4.8.1 (java windows)
Content-Length: 176
Content-Type: application/json; charset=utf-8
host: localhost:19691
accept: */*

Response DefaultHttpResponse(decodeResult: success, version: HTTP/1.1)
HTTP/1.1 200 OK
Content-Length: 50915
Content-Type: application/json; charset=utf-8
cache-control: no-cache

14:29:59.668 [AsyncHttpClient-1-8] DEBUG org.asynchttpclient.netty.channel.ChannelManager - Adding key: http://localhost:19691 for channel [id: 0x0fd79672, L:/127.0.0.1:59225 - R:localhost/127.0.0.1:19691]
14:29:59.684 [Forwarding getCurrentUrl on session 412c741e6f4f7ee9b149c7b74800e900 to remote] DEBUG org.asynchttpclient.netty.request.NettyRequestSender - Using pooled Channel '[id: 0x0fd79672, L:/127.0.0.1:59225 - R:localhost/127.0.0.1:19691]' for 'GET' to 'http://localhost:19691/session/412c741e6f4f7ee9b149c7b74800e900/url'
14:29:59.684 [Forwarding getCurrentUrl on session 412c741e6f4f7ee9b149c7b74800e900 to remote] DEBUG org.asynchttpclient.netty.request.NettyRequestSender - Using open Channel [id: 0x0fd79672, L:/127.0.0.1:59225 - R:localhost/127.0.0.1:19691] for GET '/session/412c741e6f4f7ee9b149c7b74800e900/url'
14:29:59.700 [AsyncHttpClient-1-8] DEBUG org.asynchttpclient.netty.handler.HttpHandler - 

Request DefaultFullHttpRequest(decodeResult: success, version: HTTP/1.1, content: EmptyByteBufBE)
GET /session/412c741e6f4f7ee9b149c7b74800e900/url HTTP/1.1
User-Agent: selenium/4.8.1 (java windows)
Cache-Control: no-cache
Content-Type: application/json; charset=utf-8
host: localhost:19691
accept: */*

Response DefaultHttpResponse(decodeResult: success, version: HTTP/1.1)
HTTP/1.1 200 OK
Content-Length: 63
Content-Type: application/json; charset=utf-8
cache-control: no-cache

14:29:59.700 [AsyncHttpClient-1-8] DEBUG org.asynchttpclient.netty.channel.ChannelManager - Adding key: http://localhost:19691 for channel [id: 0x0fd79672, L:/127.0.0.1:59225 - R:localhost/127.0.0.1:19691]
14:29:59.700 [main] DEBUG net.thucydides.core.steps.StepInterceptor - STARTING STEP: Afrexim_Signup_steps.enter_registration_number - Enter_reg_num
14:29:59.707 [Forwarding findElement on session 412c741e6f4f7ee9b149c7b74800e900 to remote] DEBUG org.asynchttpclient.netty.request.NettyRequestSender - Using pooled Channel '[id: 0x0fd79672, L:/127.0.0.1:59225 - R:localhost/127.0.0.1:19691]' for 'POST' to 'http://localhost:19691/session/412c741e6f4f7ee9b149c7b74800e900/element'
14:29:59.707 [Forwarding findElement on session 412c741e6f4f7ee9b149c7b74800e900 to remote] DEBUG org.asynchttpclient.netty.request.NettyRequestSender - Using open Channel [id: 0x0fd79672, L:/127.0.0.1:59225 - R:localhost/127.0.0.1:19691] for POST '/session/412c741e6f4f7ee9b149c7b74800e900/element'
14:29:59.739 [AsyncHttpClient-1-8] DEBUG org.asynchttpclient.netty.handler.HttpHandler - 

Request DefaultHttpRequest(decodeResult: success, version: HTTP/1.1)
POST /session/412c741e6f4f7ee9b149c7b74800e900/element HTTP/1.1
User-Agent: selenium/4.8.1 (java windows)
Content-Length: 86
Content-Type: application/json; charset=utf-8
host: localhost:19691
accept: */*

Response DefaultHttpResponse(decodeResult: success, version: HTTP/1.1)
HTTP/1.1 200 OK
Content-Length: 96
Content-Type: application/json; charset=utf-8
cache-control: no-cache

14:29:59.739 [AsyncHttpClient-1-8] DEBUG org.asynchttpclient.netty.channel.ChannelManager - Adding key: http://localhost:19691 for channel [id: 0x0fd79672, L:/127.0.0.1:59225 - R:localhost/127.0.0.1:19691]
14:29:59.739 [Forwarding clearElement on session 412c741e6f4f7ee9b149c7b74800e900 to remote] DEBUG org.asynchttpclient.netty.request.NettyRequestSender - Using pooled Channel '[id: 0x0fd79672, L:/127.0.0.1:59225 - R:localhost/127.0.0.1:19691]' for 'POST' to 'http://localhost:19691/session/412c741e6f4f7ee9b149c7b74800e900/element/9330F8CD5D18F75156EB4FB715507178_element_126/clear'
14:29:59.739 [Forwarding clearElement on session 412c741e6f4f7ee9b149c7b74800e900 to remote] DEBUG org.asynchttpclient.netty.request.NettyRequestSender - Using open Channel [id: 0x0fd79672, L:/127.0.0.1:59225 - R:localhost/127.0.0.1:19691] for POST '/session/412c741e6f4f7ee9b149c7b74800e900/element/9330F8CD5D18F75156EB4FB715507178_element_126/clear'
14:29:59.791 [AsyncHttpClient-1-8] DEBUG org.asynchttpclient.netty.handler.HttpHandler - 

Request DefaultHttpRequest(decodeResult: success, version: HTTP/1.1)
POST /session/412c741e6f4f7ee9b149c7b74800e900/element/9330F8CD5D18F75156EB4FB715507178_element_126/clear HTTP/1.1
User-Agent: selenium/4.8.1 (java windows)
Content-Length: 58
Content-Type: application/json; charset=utf-8
host: localhost:19691
accept: */*

Response DefaultHttpResponse(decodeResult: success, version: HTTP/1.1)
HTTP/1.1 200 OK
Content-Length: 14
Content-Type: application/json; charset=utf-8
cache-control: no-cache

14:29:59.792 [AsyncHttpClient-1-8] DEBUG org.asynchttpclient.netty.channel.ChannelManager - Adding key: http://localhost:19691 for channel [id: 0x0fd79672, L:/127.0.0.1:59225 - R:localhost/127.0.0.1:19691]
14:29:59.794 [Forwarding sendKeysToElement on session 412c741e6f4f7ee9b149c7b74800e900 to remote] DEBUG org.asynchttpclient.netty.request.NettyRequestSender - Using pooled Channel '[id: 0x0fd79672, L:/127.0.0.1:59225 - R:localhost/127.0.0.1:19691]' for 'POST' to 'http://localhost:19691/session/412c741e6f4f7ee9b149c7b74800e900/element/9330F8CD5D18F75156EB4FB715507178_element_126/value'
14:29:59.794 [Forwarding sendKeysToElement on session 412c741e6f4f7ee9b149c7b74800e900 to remote] DEBUG org.asynchttpclient.netty.request.NettyRequestSender - Using open Channel [id: 0x0fd79672, L:/127.0.0.1:59225 - R:localhost/127.0.0.1:19691] for POST '/session/412c741e6f4f7ee9b149c7b74800e900/element/9330F8CD5D18F75156EB4FB715507178_element_126/value'
14:30:00.446 [AsyncHttpClient-1-8] DEBUG org.asynchttpclient.netty.handler.HttpHandler - 

Request DefaultHttpRequest(decodeResult: success, version: HTTP/1.1)
POST /session/412c741e6f4f7ee9b149c7b74800e900/element/9330F8CD5D18F75156EB4FB715507178_element_126/value HTTP/1.1
User-Agent: selenium/4.8.1 (java windows)
Content-Length: 179
Content-Type: application/json; charset=utf-8
host: localhost:19691
accept: */*

Response DefaultHttpResponse(decodeResult: success, version: HTTP/1.1)
HTTP/1.1 200 OK
Content-Length: 14
Content-Type: application/json; charset=utf-8
cache-control: no-cache

14:30:00.446 [AsyncHttpClient-1-8] DEBUG org.asynchttpclient.netty.channel.ChannelManager - Adding key: http://localhost:19691 for channel [id: 0x0fd79672, L:/127.0.0.1:59225 - R:localhost/127.0.0.1:19691]
14:30:00.454 [Forwarding sendKeysToElement on session 412c741e6f4f7ee9b149c7b74800e900 to remote] DEBUG org.asynchttpclient.netty.request.NettyRequestSender - Using pooled Channel '[id: 0x0fd79672, L:/127.0.0.1:59225 - R:localhost/127.0.0.1:19691]' for 'POST' to 'http://localhost:19691/session/412c741e6f4f7ee9b149c7b74800e900/element/9330F8CD5D18F75156EB4FB715507178_element_126/value'
14:30:00.454 [Forwarding sendKeysToElement on session 412c741e6f4f7ee9b149c7b74800e900 to remote] DEBUG org.asynchttpclient.netty.request.NettyRequestSender - Using open Channel [id: 0x0fd79672, L:/127.0.0.1:59225 - R:localhost/127.0.0.1:19691] for POST '/session/412c741e6f4f7ee9b149c7b74800e900/element/9330F8CD5D18F75156EB4FB715507178_element_126/value'
14:30:00.744 [AsyncHttpClient-1-1] DEBUG org.asynchttpclient.netty.channel.DefaultChannelPool - Entry count for : http://localhost:59226 : 1
14:30:00.785 [AsyncHttpClient-1-8] DEBUG org.asynchttpclient.netty.handler.HttpHandler - 

Request DefaultHttpRequest(decodeResult: success, version: HTTP/1.1)
POST /session/412c741e6f4f7ee9b149c7b74800e900/element/9330F8CD5D18F75156EB4FB715507178_element_126/value HTTP/1.1
User-Agent: selenium/4.8.1 (java windows)
Content-Length: 103
Content-Type: application/json; charset=utf-8
host: localhost:19691
accept: */*

Response DefaultHttpResponse(decodeResult: success, version: HTTP/1.1)
HTTP/1.1 200 OK
Content-Length: 14
Content-Type: application/json; charset=utf-8
cache-control: no-cache

14:30:00.785 [AsyncHttpClient-1-8] DEBUG org.asynchttpclient.netty.channel.ChannelManager - Adding key: http://localhost:19691 for channel [id: 0x0fd79672, L:/127.0.0.1:59225 - R:localhost/127.0.0.1:19691]
14:30:00.846 [Forwarding getAlertText on session 412c741e6f4f7ee9b149c7b74800e900 to remote] DEBUG org.asynchttpclient.netty.request.NettyRequestSender - Using pooled Channel '[id: 0x0fd79672, L:/127.0.0.1:59225 - R:localhost/127.0.0.1:19691]' for 'GET' to 'http://localhost:19691/session/412c741e6f4f7ee9b149c7b74800e900/alert/text'
14:30:00.846 [Forwarding getAlertText on session 412c741e6f4f7ee9b149c7b74800e900 to remote] DEBUG org.asynchttpclient.netty.request.NettyRequestSender - Using open Channel [id: 0x0fd79672, L:/127.0.0.1:59225 - R:localhost/127.0.0.1:19691] for GET '/session/412c741e6f4f7ee9b149c7b74800e900/alert/text'
14:30:00.853 [AsyncHttpClient-1-8] DEBUG org.asynchttpclient.netty.handler.HttpHandler - 

Request DefaultFullHttpRequest(decodeResult: success, version: HTTP/1.1, content: EmptyByteBufBE)
GET /session/412c741e6f4f7ee9b149c7b74800e900/alert/text HTTP/1.1
User-Agent: selenium/4.8.1 (java windows)
Cache-Control: no-cache
Content-Type: application/json; charset=utf-8
host: localhost:19691
accept: */*

Response DefaultHttpResponse(decodeResult: success, version: HTTP/1.1)
HTTP/1.1 404 Not Found
Content-Length: 821
Content-Type: application/json; charset=utf-8
cache-control: no-cache

14:30:00.853 [AsyncHttpClient-1-8] DEBUG org.asynchttpclient.netty.channel.ChannelManager - Adding key: http://localhost:19691 for channel [id: 0x0fd79672, L:/127.0.0.1:59225 - R:localhost/127.0.0.1:19691]
14:30:00.856 [Forwarding getCurrentUrl on session 412c741e6f4f7ee9b149c7b74800e900 to remote] DEBUG org.asynchttpclient.netty.request.NettyRequestSender - Using pooled Channel '[id: 0x0fd79672, L:/127.0.0.1:59225 - R:localhost/127.0.0.1:19691]' for 'GET' to 'http://localhost:19691/session/412c741e6f4f7ee9b149c7b74800e900/url'
14:30:00.856 [Forwarding getCurrentUrl on session 412c741e6f4f7ee9b149c7b74800e900 to remote] DEBUG org.asynchttpclient.netty.request.NettyRequestSender - Using open Channel [id: 0x0fd79672, L:/127.0.0.1:59225 - R:localhost/127.0.0.1:19691] for GET '/session/412c741e6f4f7ee9b149c7b74800e900/url'
14:30:00.896 [AsyncHttpClient-1-8] DEBUG org.asynchttpclient.netty.handler.HttpHandler - 

Request DefaultFullHttpRequest(decodeResult: success, version: HTTP/1.1, content: EmptyByteBufBE)
GET /session/412c741e6f4f7ee9b149c7b74800e900/url HTTP/1.1
User-Agent: selenium/4.8.1 (java windows)
Cache-Control: no-cache
Content-Type: application/json; charset=utf-8
host: localhost:19691
accept: */*

Response DefaultHttpResponse(decodeResult: success, version: HTTP/1.1)
HTTP/1.1 200 OK
Content-Length: 63
Content-Type: application/json; charset=utf-8
cache-control: no-cache

14:30:00.896 [AsyncHttpClient-1-8] DEBUG org.asynchttpclient.netty.channel.ChannelManager - Adding key: http://localhost:19691 for channel [id: 0x0fd79672, L:/127.0.0.1:59225 - R:localhost/127.0.0.1:19691]
14:30:00.896 [Forwarding screenshot on session 412c741e6f4f7ee9b149c7b74800e900 to remote] DEBUG org.asynchttpclient.netty.request.NettyRequestSender - Using pooled Channel '[id: 0x0fd79672, L:/127.0.0.1:59225 - R:localhost/127.0.0.1:19691]' for 'GET' to 'http://localhost:19691/session/412c741e6f4f7ee9b149c7b74800e900/screenshot'
14:30:00.896 [Forwarding screenshot on session 412c741e6f4f7ee9b149c7b74800e900 to remote] DEBUG org.asynchttpclient.netty.request.NettyRequestSender - Using open Channel [id: 0x0fd79672, L:/127.0.0.1:59225 - R:localhost/127.0.0.1:19691] for GET '/session/412c741e6f4f7ee9b149c7b74800e900/screenshot'
14:30:01.222 [AsyncHttpClient-1-8] DEBUG org.asynchttpclient.netty.handler.HttpHandler - 

Request DefaultFullHttpRequest(decodeResult: success, version: HTTP/1.1, content: EmptyByteBufBE)
GET /session/412c741e6f4f7ee9b149c7b74800e900/screenshot HTTP/1.1
User-Agent: selenium/4.8.1 (java windows)
Cache-Control: no-cache
Content-Type: application/json; charset=utf-8
host: localhost:19691
accept: */*

Response DefaultHttpResponse(decodeResult: success, version: HTTP/1.1)
HTTP/1.1 200 OK
Content-Length: 113924
Content-Type: application/json; charset=utf-8
cache-control: no-cache

14:30:01.222 [AsyncHttpClient-1-8] DEBUG org.asynchttpclient.netty.channel.ChannelManager - Adding key: http://localhost:19691 for channel [id: 0x0fd79672, L:/127.0.0.1:59225 - R:localhost/127.0.0.1:19691]
14:30:01.235 [main] DEBUG net.serenitybdd.core.photography.Darkroom - Send negative for processing for target\site\serenity\974ae8983e382c0824dfb266e5e86cac878cc31309c56acb652d4eb8e1399e4f.png
14:30:01.235 [main] DEBUG net.thucydides.core.steps.StepInterceptor - STEP DONE: Enter_reg_num
14:30:01.235 [Darkroom Processing Line] DEBUG net.serenitybdd.core.photography.DarkroomProcessingLine - Processing screenshot image in /var/screenshots/screenshot-2517216815828016440
14:30:01.235 [Darkroom Processing Line] DEBUG net.serenitybdd.core.photography.DarkroomProcessingLine - Saving screenshot to target\site\serenity\974ae8983e382c0824dfb266e5e86cac878cc31309c56acb652d4eb8e1399e4f.png
14:30:01.259 [Forwarding getPageSource on session 412c741e6f4f7ee9b149c7b74800e900 to remote] DEBUG org.asynchttpclient.netty.request.NettyRequestSender - Using pooled Channel '[id: 0x0fd79672, L:/127.0.0.1:59225 - R:localhost/127.0.0.1:19691]' for 'POST' to 'http://localhost:19691/session/412c741e6f4f7ee9b149c7b74800e900/execute/sync'
14:30:01.259 [Forwarding getPageSource on session 412c741e6f4f7ee9b149c7b74800e900 to remote] DEBUG org.asynchttpclient.netty.request.NettyRequestSender - Using open Channel [id: 0x0fd79672, L:/127.0.0.1:59225 - R:localhost/127.0.0.1:19691] for POST '/session/412c741e6f4f7ee9b149c7b74800e900/execute/sync'
14:30:01.286 [AsyncHttpClient-1-8] DEBUG org.asynchttpclient.netty.handler.HttpHandler - 

Request DefaultHttpRequest(decodeResult: success, version: HTTP/1.1)
POST /session/412c741e6f4f7ee9b149c7b74800e900/execute/sync HTTP/1.1
User-Agent: selenium/4.8.1 (java windows)
Content-Length: 176
Content-Type: application/json; charset=utf-8
host: localhost:19691
accept: */*

Response DefaultHttpResponse(decodeResult: success, version: HTTP/1.1)
HTTP/1.1 200 OK
Content-Length: 67424
Content-Type: application/json; charset=utf-8
cache-control: no-cache

14:30:01.286 [AsyncHttpClient-1-8] DEBUG org.asynchttpclient.netty.channel.ChannelManager - Adding key: http://localhost:19691 for channel [id: 0x0fd79672, L:/127.0.0.1:59225 - R:localhost/127.0.0.1:19691]
14:30:01.298 [Forwarding getCurrentUrl on session 412c741e6f4f7ee9b149c7b74800e900 to remote] DEBUG org.asynchttpclient.netty.request.NettyRequestSender - Using pooled Channel '[id: 0x0fd79672, L:/127.0.0.1:59225 - R:localhost/127.0.0.1:19691]' for 'GET' to 'http://localhost:19691/session/412c741e6f4f7ee9b149c7b74800e900/url'
14:30:01.298 [Forwarding getCurrentUrl on session 412c741e6f4f7ee9b149c7b74800e900 to remote] DEBUG org.asynchttpclient.netty.request.NettyRequestSender - Using open Channel [id: 0x0fd79672, L:/127.0.0.1:59225 - R:localhost/127.0.0.1:19691] for GET '/session/412c741e6f4f7ee9b149c7b74800e900/url'
14:30:01.307 [AsyncHttpClient-1-8] DEBUG org.asynchttpclient.netty.handler.HttpHandler - 

Request DefaultFullHttpRequest(decodeResult: success, version: HTTP/1.1, content: EmptyByteBufBE)
GET /session/412c741e6f4f7ee9b149c7b74800e900/url HTTP/1.1
User-Agent: selenium/4.8.1 (java windows)
Cache-Control: no-cache
Content-Type: application/json; charset=utf-8
host: localhost:19691
accept: */*

Response DefaultHttpResponse(decodeResult: success, version: HTTP/1.1)
HTTP/1.1 200 OK
Content-Length: 63
Content-Type: application/json; charset=utf-8
cache-control: no-cache

14:30:01.307 [AsyncHttpClient-1-8] DEBUG org.asynchttpclient.netty.channel.ChannelManager - Adding key: http://localhost:19691 for channel [id: 0x0fd79672, L:/127.0.0.1:59225 - R:localhost/127.0.0.1:19691]
14:30:01.329 [Forwarding getAlertText on session 412c741e6f4f7ee9b149c7b74800e900 to remote] DEBUG org.asynchttpclient.netty.request.NettyRequestSender - Using pooled Channel '[id: 0x0fd79672, L:/127.0.0.1:59225 - R:localhost/127.0.0.1:19691]' for 'GET' to 'http://localhost:19691/session/412c741e6f4f7ee9b149c7b74800e900/alert/text'
14:30:01.329 [Forwarding getAlertText on session 412c741e6f4f7ee9b149c7b74800e900 to remote] DEBUG org.asynchttpclient.netty.request.NettyRequestSender - Using open Channel [id: 0x0fd79672, L:/127.0.0.1:59225 - R:localhost/127.0.0.1:19691] for GET '/session/412c741e6f4f7ee9b149c7b74800e900/alert/text'
14:30:01.330 [AsyncHttpClient-1-8] DEBUG org.asynchttpclient.netty.handler.HttpHandler - 

Request DefaultFullHttpRequest(decodeResult: success, version: HTTP/1.1, content: EmptyByteBufBE)
GET /session/412c741e6f4f7ee9b149c7b74800e900/alert/text HTTP/1.1
User-Agent: selenium/4.8.1 (java windows)
Cache-Control: no-cache
Content-Type: application/json; charset=utf-8
host: localhost:19691
accept: */*

Response DefaultHttpResponse(decodeResult: success, version: HTTP/1.1)
HTTP/1.1 404 Not Found
Content-Length: 821
Content-Type: application/json; charset=utf-8
cache-control: no-cache

14:30:01.330 [AsyncHttpClient-1-8] DEBUG org.asynchttpclient.netty.channel.ChannelManager - Adding key: http://localhost:19691 for channel [id: 0x0fd79672, L:/127.0.0.1:59225 - R:localhost/127.0.0.1:19691]
14:30:01.330 [Forwarding getCurrentUrl on session 412c741e6f4f7ee9b149c7b74800e900 to remote] DEBUG org.asynchttpclient.netty.request.NettyRequestSender - Using pooled Channel '[id: 0x0fd79672, L:/127.0.0.1:59225 - R:localhost/127.0.0.1:19691]' for 'GET' to 'http://localhost:19691/session/412c741e6f4f7ee9b149c7b74800e900/url'
14:30:01.330 [Forwarding getCurrentUrl on session 412c741e6f4f7ee9b149c7b74800e900 to remote] DEBUG org.asynchttpclient.netty.request.NettyRequestSender - Using open Channel [id: 0x0fd79672, L:/127.0.0.1:59225 - R:localhost/127.0.0.1:19691] for GET '/session/412c741e6f4f7ee9b149c7b74800e900/url'
14:30:01.347 [AsyncHttpClient-1-8] DEBUG org.asynchttpclient.netty.handler.HttpHandler - 

Request DefaultFullHttpRequest(decodeResult: success, version: HTTP/1.1, content: EmptyByteBufBE)
GET /session/412c741e6f4f7ee9b149c7b74800e900/url HTTP/1.1
User-Agent: selenium/4.8.1 (java windows)
Cache-Control: no-cache
Content-Type: application/json; charset=utf-8
host: localhost:19691
accept: */*

Response DefaultHttpResponse(decodeResult: success, version: HTTP/1.1)
HTTP/1.1 200 OK
Content-Length: 63
Content-Type: application/json; charset=utf-8
cache-control: no-cache

14:30:01.347 [AsyncHttpClient-1-8] DEBUG org.asynchttpclient.netty.channel.ChannelManager - Adding key: http://localhost:19691 for channel [id: 0x0fd79672, L:/127.0.0.1:59225 - R:localhost/127.0.0.1:19691]
14:30:01.347 [Forwarding screenshot on session 412c741e6f4f7ee9b149c7b74800e900 to remote] DEBUG org.asynchttpclient.netty.request.NettyRequestSender - Using pooled Channel '[id: 0x0fd79672, L:/127.0.0.1:59225 - R:localhost/127.0.0.1:19691]' for 'GET' to 'http://localhost:19691/session/412c741e6f4f7ee9b149c7b74800e900/screenshot'
14:30:01.347 [Forwarding screenshot on session 412c741e6f4f7ee9b149c7b74800e900 to remote] DEBUG org.asynchttpclient.netty.request.NettyRequestSender - Using open Channel [id: 0x0fd79672, L:/127.0.0.1:59225 - R:localhost/127.0.0.1:19691] for GET '/session/412c741e6f4f7ee9b149c7b74800e900/screenshot'
14:30:01.568 [AsyncHttpClient-1-8] DEBUG org.asynchttpclient.netty.handler.HttpHandler - 

Request DefaultFullHttpRequest(decodeResult: success, version: HTTP/1.1, content: EmptyByteBufBE)
GET /session/412c741e6f4f7ee9b149c7b74800e900/screenshot HTTP/1.1
User-Agent: selenium/4.8.1 (java windows)
Cache-Control: no-cache
Content-Type: application/json; charset=utf-8
host: localhost:19691
accept: */*

Response DefaultHttpResponse(decodeResult: success, version: HTTP/1.1)
HTTP/1.1 200 OK
Content-Length: 113896
Content-Type: application/json; charset=utf-8
cache-control: no-cache

14:30:01.574 [AsyncHttpClient-1-8] DEBUG org.asynchttpclient.netty.channel.ChannelManager - Adding key: http://localhost:19691 for channel [id: 0x0fd79672, L:/127.0.0.1:59225 - R:localhost/127.0.0.1:19691]
14:30:01.584 [main] DEBUG net.serenitybdd.core.photography.Darkroom - Send negative for processing for target\site\serenity\7404bc74503ccfaaae77b65ded4610de3dced9692dc65c817ec425be9a74146c.png
14:30:01.584 [Darkroom Processing Line] DEBUG net.serenitybdd.core.photography.DarkroomProcessingLine - Processing screenshot image in /var/screenshots/screenshot-6370588345377067378
14:30:01.584 [Darkroom Processing Line] DEBUG net.serenitybdd.core.photography.DarkroomProcessingLine - Saving screenshot to target\site\serenity\7404bc74503ccfaaae77b65ded4610de3dced9692dc65c817ec425be9a74146c.png
14:30:01.584 [Forwarding getPageSource on session 412c741e6f4f7ee9b149c7b74800e900 to remote] DEBUG org.asynchttpclient.netty.request.NettyRequestSender - Using pooled Channel '[id: 0x0fd79672, L:/127.0.0.1:59225 - R:localhost/127.0.0.1:19691]' for 'POST' to 'http://localhost:19691/session/412c741e6f4f7ee9b149c7b74800e900/execute/sync'
14:30:01.584 [Forwarding getPageSource on session 412c741e6f4f7ee9b149c7b74800e900 to remote] DEBUG org.asynchttpclient.netty.request.NettyRequestSender - Using open Channel [id: 0x0fd79672, L:/127.0.0.1:59225 - R:localhost/127.0.0.1:19691] for POST '/session/412c741e6f4f7ee9b149c7b74800e900/execute/sync'
14:30:01.606 [AsyncHttpClient-1-8] DEBUG org.asynchttpclient.netty.handler.HttpHandler - 

Request DefaultHttpRequest(decodeResult: success, version: HTTP/1.1)
POST /session/412c741e6f4f7ee9b149c7b74800e900/execute/sync HTTP/1.1
User-Agent: selenium/4.8.1 (java windows)
Content-Length: 176
Content-Type: application/json; charset=utf-8
host: localhost:19691
accept: */*

Response DefaultHttpResponse(decodeResult: success, version: HTTP/1.1)
HTTP/1.1 200 OK
Content-Length: 67424
Content-Type: application/json; charset=utf-8
cache-control: no-cache

14:30:01.606 [AsyncHttpClient-1-8] DEBUG org.asynchttpclient.netty.channel.ChannelManager - Adding key: http://localhost:19691 for channel [id: 0x0fd79672, L:/127.0.0.1:59225 - R:localhost/127.0.0.1:19691]
14:30:01.616 [Forwarding getCurrentUrl on session 412c741e6f4f7ee9b149c7b74800e900 to remote] DEBUG org.asynchttpclient.netty.request.NettyRequestSender - Using pooled Channel '[id: 0x0fd79672, L:/127.0.0.1:59225 - R:localhost/127.0.0.1:19691]' for 'GET' to 'http://localhost:19691/session/412c741e6f4f7ee9b149c7b74800e900/url'
14:30:01.616 [Forwarding getCurrentUrl on session 412c741e6f4f7ee9b149c7b74800e900 to remote] DEBUG org.asynchttpclient.netty.request.NettyRequestSender - Using open Channel [id: 0x0fd79672, L:/127.0.0.1:59225 - R:localhost/127.0.0.1:19691] for GET '/session/412c741e6f4f7ee9b149c7b74800e900/url'
14:30:01.627 [AsyncHttpClient-1-8] DEBUG org.asynchttpclient.netty.handler.HttpHandler - 

Request DefaultFullHttpRequest(decodeResult: success, version: HTTP/1.1, content: EmptyByteBufBE)
GET /session/412c741e6f4f7ee9b149c7b74800e900/url HTTP/1.1
User-Agent: selenium/4.8.1 (java windows)
Cache-Control: no-cache
Content-Type: application/json; charset=utf-8
host: localhost:19691
accept: */*

Response DefaultHttpResponse(decodeResult: success, version: HTTP/1.1)
HTTP/1.1 200 OK
Content-Length: 63
Content-Type: application/json; charset=utf-8
cache-control: no-cache

14:30:01.627 [AsyncHttpClient-1-8] DEBUG org.asynchttpclient.netty.channel.ChannelManager - Adding key: http://localhost:19691 for channel [id: 0x0fd79672, L:/127.0.0.1:59225 - R:localhost/127.0.0.1:19691]
14:30:01.632 [main] DEBUG net.thucydides.core.steps.StepInterceptor - STARTING STEP: Afrexim_Signup_steps.choose_date - Choose_Date
14:30:01.632 [Forwarding findElement on session 412c741e6f4f7ee9b149c7b74800e900 to remote] DEBUG org.asynchttpclient.netty.request.NettyRequestSender - Using pooled Channel '[id: 0x0fd79672, L:/127.0.0.1:59225 - R:localhost/127.0.0.1:19691]' for 'POST' to 'http://localhost:19691/session/412c741e6f4f7ee9b149c7b74800e900/element'
14:30:01.632 [Forwarding findElement on session 412c741e6f4f7ee9b149c7b74800e900 to remote] DEBUG org.asynchttpclient.netty.request.NettyRequestSender - Using open Channel [id: 0x0fd79672, L:/127.0.0.1:59225 - R:localhost/127.0.0.1:19691] for POST '/session/412c741e6f4f7ee9b149c7b74800e900/element'
14:30:01.659 [AsyncHttpClient-1-8] DEBUG org.asynchttpclient.netty.handler.HttpHandler - 

Request DefaultHttpRequest(decodeResult: success, version: HTTP/1.1)
POST /session/412c741e6f4f7ee9b149c7b74800e900/element HTTP/1.1
User-Agent: selenium/4.8.1 (java windows)
Content-Length: 82
Content-Type: application/json; charset=utf-8
host: localhost:19691
accept: */*

Response DefaultHttpResponse(decodeResult: success, version: HTTP/1.1)
HTTP/1.1 200 OK
Content-Length: 96
Content-Type: application/json; charset=utf-8
cache-control: no-cache

14:30:01.659 [AsyncHttpClient-1-8] DEBUG org.asynchttpclient.netty.channel.ChannelManager - Adding key: http://localhost:19691 for channel [id: 0x0fd79672, L:/127.0.0.1:59225 - R:localhost/127.0.0.1:19691]
14:30:01.659 [Forwarding getElementTagName on session 412c741e6f4f7ee9b149c7b74800e900 to remote] DEBUG org.asynchttpclient.netty.request.NettyRequestSender - Using pooled Channel '[id: 0x0fd79672, L:/127.0.0.1:59225 - R:localhost/127.0.0.1:19691]' for 'GET' to 'http://localhost:19691/session/412c741e6f4f7ee9b149c7b74800e900/element/9330F8CD5D18F75156EB4FB715507178_element_129/name'
14:30:01.659 [Forwarding getElementTagName on session 412c741e6f4f7ee9b149c7b74800e900 to remote] DEBUG org.asynchttpclient.netty.request.NettyRequestSender - Using open Channel [id: 0x0fd79672, L:/127.0.0.1:59225 - R:localhost/127.0.0.1:19691] for GET '/session/412c741e6f4f7ee9b149c7b74800e900/element/9330F8CD5D18F75156EB4FB715507178_element_129/name'
14:30:01.670 [AsyncHttpClient-1-8] DEBUG org.asynchttpclient.netty.handler.HttpHandler - 

Request DefaultFullHttpRequest(decodeResult: success, version: HTTP/1.1, content: EmptyByteBufBE)
GET /session/412c741e6f4f7ee9b149c7b74800e900/element/9330F8CD5D18F75156EB4FB715507178_element_129/name HTTP/1.1
User-Agent: selenium/4.8.1 (java windows)
Cache-Control: no-cache
Content-Type: application/json; charset=utf-8
host: localhost:19691
accept: */*

Response DefaultHttpResponse(decodeResult: success, version: HTTP/1.1)
HTTP/1.1 200 OK
Content-Length: 17
Content-Type: application/json; charset=utf-8
cache-control: no-cache

14:30:01.670 [AsyncHttpClient-1-8] DEBUG org.asynchttpclient.netty.channel.ChannelManager - Adding key: http://localhost:19691 for channel [id: 0x0fd79672, L:/127.0.0.1:59225 - R:localhost/127.0.0.1:19691]
14:30:01.670 [Forwarding getElementTagName on session 412c741e6f4f7ee9b149c7b74800e900 to remote] DEBUG org.asynchttpclient.netty.request.NettyRequestSender - Using pooled Channel '[id: 0x0fd79672, L:/127.0.0.1:59225 - R:localhost/127.0.0.1:19691]' for 'GET' to 'http://localhost:19691/session/412c741e6f4f7ee9b149c7b74800e900/element/9330F8CD5D18F75156EB4FB715507178_element_129/name'
14:30:01.670 [Forwarding getElementTagName on session 412c741e6f4f7ee9b149c7b74800e900 to remote] DEBUG org.asynchttpclient.netty.request.NettyRequestSender - Using open Channel [id: 0x0fd79672, L:/127.0.0.1:59225 - R:localhost/127.0.0.1:19691] for GET '/session/412c741e6f4f7ee9b149c7b74800e900/element/9330F8CD5D18F75156EB4FB715507178_element_129/name'
14:30:01.683 [AsyncHttpClient-1-8] DEBUG org.asynchttpclient.netty.handler.HttpHandler - 

Request DefaultFullHttpRequest(decodeResult: success, version: HTTP/1.1, content: EmptyByteBufBE)
GET /session/412c741e6f4f7ee9b149c7b74800e900/element/9330F8CD5D18F75156EB4FB715507178_element_129/name HTTP/1.1
User-Agent: selenium/4.8.1 (java windows)
Cache-Control: no-cache
Content-Type: application/json; charset=utf-8
host: localhost:19691
accept: */*

Response DefaultHttpResponse(decodeResult: success, version: HTTP/1.1)
HTTP/1.1 200 OK
Content-Length: 17
Content-Type: application/json; charset=utf-8
cache-control: no-cache

14:30:01.683 [AsyncHttpClient-1-8] DEBUG org.asynchttpclient.netty.channel.ChannelManager - Adding key: http://localhost:19691 for channel [id: 0x0fd79672, L:/127.0.0.1:59225 - R:localhost/127.0.0.1:19691]
14:30:01.683 [Forwarding isElementEnabled on session 412c741e6f4f7ee9b149c7b74800e900 to remote] DEBUG org.asynchttpclient.netty.request.NettyRequestSender - Using pooled Channel '[id: 0x0fd79672, L:/127.0.0.1:59225 - R:localhost/127.0.0.1:19691]' for 'GET' to 'http://localhost:19691/session/412c741e6f4f7ee9b149c7b74800e900/element/9330F8CD5D18F75156EB4FB715507178_element_129/enabled'
14:30:01.683 [Forwarding isElementEnabled on session 412c741e6f4f7ee9b149c7b74800e900 to remote] DEBUG org.asynchttpclient.netty.request.NettyRequestSender - Using open Channel [id: 0x0fd79672, L:/127.0.0.1:59225 - R:localhost/127.0.0.1:19691] for GET '/session/412c741e6f4f7ee9b149c7b74800e900/element/9330F8CD5D18F75156EB4FB715507178_element_129/enabled'
14:30:01.704 [AsyncHttpClient-1-8] DEBUG org.asynchttpclient.netty.handler.HttpHandler - 

Request DefaultFullHttpRequest(decodeResult: success, version: HTTP/1.1, content: EmptyByteBufBE)
GET /session/412c741e6f4f7ee9b149c7b74800e900/element/9330F8CD5D18F75156EB4FB715507178_element_129/enabled HTTP/1.1
User-Agent: selenium/4.8.1 (java windows)
Cache-Control: no-cache
Content-Type: application/json; charset=utf-8
host: localhost:19691
accept: */*

Response DefaultHttpResponse(decodeResult: success, version: HTTP/1.1)
HTTP/1.1 200 OK
Content-Length: 14
Content-Type: application/json; charset=utf-8
cache-control: no-cache

14:30:01.704 [AsyncHttpClient-1-8] DEBUG org.asynchttpclient.netty.channel.ChannelManager - Adding key: http://localhost:19691 for channel [id: 0x0fd79672, L:/127.0.0.1:59225 - R:localhost/127.0.0.1:19691]
14:30:01.704 [Forwarding isElementEnabled on session 412c741e6f4f7ee9b149c7b74800e900 to remote] DEBUG org.asynchttpclient.netty.request.NettyRequestSender - Using pooled Channel '[id: 0x0fd79672, L:/127.0.0.1:59225 - R:localhost/127.0.0.1:19691]' for 'GET' to 'http://localhost:19691/session/412c741e6f4f7ee9b149c7b74800e900/element/9330F8CD5D18F75156EB4FB715507178_element_129/enabled'
14:30:01.704 [Forwarding isElementEnabled on session 412c741e6f4f7ee9b149c7b74800e900 to remote] DEBUG org.asynchttpclient.netty.request.NettyRequestSender - Using open Channel [id: 0x0fd79672, L:/127.0.0.1:59225 - R:localhost/127.0.0.1:19691] for GET '/session/412c741e6f4f7ee9b149c7b74800e900/element/9330F8CD5D18F75156EB4FB715507178_element_129/enabled'
14:30:01.723 [AsyncHttpClient-1-8] DEBUG org.asynchttpclient.netty.handler.HttpHandler - 

Request DefaultFullHttpRequest(decodeResult: success, version: HTTP/1.1, content: EmptyByteBufBE)
GET /session/412c741e6f4f7ee9b149c7b74800e900/element/9330F8CD5D18F75156EB4FB715507178_element_129/enabled HTTP/1.1
User-Agent: selenium/4.8.1 (java windows)
Cache-Control: no-cache
Content-Type: application/json; charset=utf-8
host: localhost:19691
accept: */*

Response DefaultHttpResponse(decodeResult: success, version: HTTP/1.1)
HTTP/1.1 200 OK
Content-Length: 14
Content-Type: application/json; charset=utf-8
cache-control: no-cache

14:30:01.723 [AsyncHttpClient-1-8] DEBUG org.asynchttpclient.netty.channel.ChannelManager - Adding key: http://localhost:19691 for channel [id: 0x0fd79672, L:/127.0.0.1:59225 - R:localhost/127.0.0.1:19691]
14:30:01.729 [Forwarding findElement on session 412c741e6f4f7ee9b149c7b74800e900 to remote] DEBUG org.asynchttpclient.netty.request.NettyRequestSender - Using pooled Channel '[id: 0x0fd79672, L:/127.0.0.1:59225 - R:localhost/127.0.0.1:19691]' for 'POST' to 'http://localhost:19691/session/412c741e6f4f7ee9b149c7b74800e900/element'
14:30:01.729 [Forwarding findElement on session 412c741e6f4f7ee9b149c7b74800e900 to remote] DEBUG org.asynchttpclient.netty.request.NettyRequestSender - Using open Channel [id: 0x0fd79672, L:/127.0.0.1:59225 - R:localhost/127.0.0.1:19691] for POST '/session/412c741e6f4f7ee9b149c7b74800e900/element'
14:30:01.766 [AsyncHttpClient-1-8] DEBUG org.asynchttpclient.netty.handler.HttpHandler - 

Request DefaultHttpRequest(decodeResult: success, version: HTTP/1.1)
POST /session/412c741e6f4f7ee9b149c7b74800e900/element HTTP/1.1
User-Agent: selenium/4.8.1 (java windows)
Content-Length: 82
Content-Type: application/json; charset=utf-8
host: localhost:19691
accept: */*

Response DefaultHttpResponse(decodeResult: success, version: HTTP/1.1)
HTTP/1.1 200 OK
Content-Length: 96
Content-Type: application/json; charset=utf-8
cache-control: no-cache

14:30:01.766 [AsyncHttpClient-1-8] DEBUG org.asynchttpclient.netty.channel.ChannelManager - Adding key: http://localhost:19691 for channel [id: 0x0fd79672, L:/127.0.0.1:59225 - R:localhost/127.0.0.1:19691]
14:30:01.766 [Forwarding clickElement on session 412c741e6f4f7ee9b149c7b74800e900 to remote] DEBUG org.asynchttpclient.netty.request.NettyRequestSender - Using pooled Channel '[id: 0x0fd79672, L:/127.0.0.1:59225 - R:localhost/127.0.0.1:19691]' for 'POST' to 'http://localhost:19691/session/412c741e6f4f7ee9b149c7b74800e900/element/9330F8CD5D18F75156EB4FB715507178_element_129/click'
14:30:01.766 [Forwarding clickElement on session 412c741e6f4f7ee9b149c7b74800e900 to remote] DEBUG org.asynchttpclient.netty.request.NettyRequestSender - Using open Channel [id: 0x0fd79672, L:/127.0.0.1:59225 - R:localhost/127.0.0.1:19691] for POST '/session/412c741e6f4f7ee9b149c7b74800e900/element/9330F8CD5D18F75156EB4FB715507178_element_129/click'
14:30:01.792 [AsyncHttpClient-1-1] DEBUG org.asynchttpclient.netty.channel.DefaultChannelPool - Entry count for : http://localhost:59226 : 1
14:30:01.883 [AsyncHttpClient-1-8] DEBUG org.asynchttpclient.netty.handler.HttpHandler - 

Request DefaultHttpRequest(decodeResult: success, version: HTTP/1.1)
POST /session/412c741e6f4f7ee9b149c7b74800e900/element/9330F8CD5D18F75156EB4FB715507178_element_129/click HTTP/1.1
User-Agent: selenium/4.8.1 (java windows)
Content-Length: 58
Content-Type: application/json; charset=utf-8
host: localhost:19691
accept: */*

Response DefaultHttpResponse(decodeResult: success, version: HTTP/1.1)
HTTP/1.1 200 OK
Content-Length: 14
Content-Type: application/json; charset=utf-8
cache-control: no-cache

14:30:01.883 [AsyncHttpClient-1-8] DEBUG org.asynchttpclient.netty.channel.ChannelManager - Adding key: http://localhost:19691 for channel [id: 0x0fd79672, L:/127.0.0.1:59225 - R:localhost/127.0.0.1:19691]
14:30:02.902 [AsyncHttpClient-1-1] DEBUG org.asynchttpclient.netty.channel.DefaultChannelPool - Entry count for : http://localhost:59226 : 1
14:30:02.902 [AsyncHttpClient-1-1] DEBUG org.asynchttpclient.netty.channel.DefaultChannelPool - Entry count for : http://localhost:19691 : 1
14:30:03.889 [Forwarding findElement on session 412c741e6f4f7ee9b149c7b74800e900 to remote] DEBUG org.asynchttpclient.netty.request.NettyRequestSender - Using pooled Channel '[id: 0x0fd79672, L:/127.0.0.1:59225 - R:localhost/127.0.0.1:19691]' for 'POST' to 'http://localhost:19691/session/412c741e6f4f7ee9b149c7b74800e900/element'
14:30:03.889 [Forwarding findElement on session 412c741e6f4f7ee9b149c7b74800e900 to remote] DEBUG org.asynchttpclient.netty.request.NettyRequestSender - Using open Channel [id: 0x0fd79672, L:/127.0.0.1:59225 - R:localhost/127.0.0.1:19691] for POST '/session/412c741e6f4f7ee9b149c7b74800e900/element'
14:30:03.926 [AsyncHttpClient-1-8] DEBUG org.asynchttpclient.netty.handler.HttpHandler - 

Request DefaultHttpRequest(decodeResult: success, version: HTTP/1.1)
POST /session/412c741e6f4f7ee9b149c7b74800e900/element HTTP/1.1
User-Agent: selenium/4.8.1 (java windows)
Content-Length: 93
Content-Type: application/json; charset=utf-8
host: localhost:19691
accept: */*

Response DefaultHttpResponse(decodeResult: success, version: HTTP/1.1)
HTTP/1.1 200 OK
Content-Length: 96
Content-Type: application/json; charset=utf-8
cache-control: no-cache

14:30:03.926 [AsyncHttpClient-1-8] DEBUG org.asynchttpclient.netty.channel.ChannelManager - Adding key: http://localhost:19691 for channel [id: 0x0fd79672, L:/127.0.0.1:59225 - R:localhost/127.0.0.1:19691]
14:30:03.926 [Forwarding getElementTagName on session 412c741e6f4f7ee9b149c7b74800e900 to remote] DEBUG org.asynchttpclient.netty.request.NettyRequestSender - Using pooled Channel '[id: 0x0fd79672, L:/127.0.0.1:59225 - R:localhost/127.0.0.1:19691]' for 'GET' to 'http://localhost:19691/session/412c741e6f4f7ee9b149c7b74800e900/element/9330F8CD5D18F75156EB4FB715507178_element_133/name'
14:30:03.926 [Forwarding getElementTagName on session 412c741e6f4f7ee9b149c7b74800e900 to remote] DEBUG org.asynchttpclient.netty.request.NettyRequestSender - Using open Channel [id: 0x0fd79672, L:/127.0.0.1:59225 - R:localhost/127.0.0.1:19691] for GET '/session/412c741e6f4f7ee9b149c7b74800e900/element/9330F8CD5D18F75156EB4FB715507178_element_133/name'
14:30:03.942 [AsyncHttpClient-1-8] DEBUG org.asynchttpclient.netty.handler.HttpHandler - 

Request DefaultFullHttpRequest(decodeResult: success, version: HTTP/1.1, content: EmptyByteBufBE)
GET /session/412c741e6f4f7ee9b149c7b74800e900/element/9330F8CD5D18F75156EB4FB715507178_element_133/name HTTP/1.1
User-Agent: selenium/4.8.1 (java windows)
Cache-Control: no-cache
Content-Type: application/json; charset=utf-8
host: localhost:19691
accept: */*

Response DefaultHttpResponse(decodeResult: success, version: HTTP/1.1)
HTTP/1.1 200 OK
Content-Length: 18
Content-Type: application/json; charset=utf-8
cache-control: no-cache

14:30:03.942 [AsyncHttpClient-1-8] DEBUG org.asynchttpclient.netty.channel.ChannelManager - Adding key: http://localhost:19691 for channel [id: 0x0fd79672, L:/127.0.0.1:59225 - R:localhost/127.0.0.1:19691]
14:30:03.942 [Forwarding getElementDomAttribute on session 412c741e6f4f7ee9b149c7b74800e900 to remote] DEBUG org.asynchttpclient.netty.request.NettyRequestSender - Using pooled Channel '[id: 0x0fd79672, L:/127.0.0.1:59225 - R:localhost/127.0.0.1:19691]' for 'GET' to 'http://localhost:19691/session/412c741e6f4f7ee9b149c7b74800e900/element/9330F8CD5D18F75156EB4FB715507178_element_133/attribute/multiple'
14:30:03.942 [Forwarding getElementDomAttribute on session 412c741e6f4f7ee9b149c7b74800e900 to remote] DEBUG org.asynchttpclient.netty.request.NettyRequestSender - Using open Channel [id: 0x0fd79672, L:/127.0.0.1:59225 - R:localhost/127.0.0.1:19691] for GET '/session/412c741e6f4f7ee9b149c7b74800e900/element/9330F8CD5D18F75156EB4FB715507178_element_133/attribute/multiple'
14:30:03.953 [AsyncHttpClient-1-8] DEBUG org.asynchttpclient.netty.handler.HttpHandler - 

Request DefaultFullHttpRequest(decodeResult: success, version: HTTP/1.1, content: EmptyByteBufBE)
GET /session/412c741e6f4f7ee9b149c7b74800e900/element/9330F8CD5D18F75156EB4FB715507178_element_133/attribute/multiple HTTP/1.1
User-Agent: selenium/4.8.1 (java windows)
Cache-Control: no-cache
Content-Type: application/json; charset=utf-8
host: localhost:19691
accept: */*

Response DefaultHttpResponse(decodeResult: success, version: HTTP/1.1)
HTTP/1.1 200 OK
Content-Length: 14
Content-Type: application/json; charset=utf-8
cache-control: no-cache

14:30:03.953 [AsyncHttpClient-1-8] DEBUG org.asynchttpclient.netty.channel.ChannelManager - Adding key: http://localhost:19691 for channel [id: 0x0fd79672, L:/127.0.0.1:59225 - R:localhost/127.0.0.1:19691]
14:30:03.953 [Forwarding isElementEnabled on session 412c741e6f4f7ee9b149c7b74800e900 to remote] DEBUG org.asynchttpclient.netty.request.NettyRequestSender - Using pooled Channel '[id: 0x0fd79672, L:/127.0.0.1:59225 - R:localhost/127.0.0.1:19691]' for 'GET' to 'http://localhost:19691/session/412c741e6f4f7ee9b149c7b74800e900/element/9330F8CD5D18F75156EB4FB715507178_element_133/enabled'
14:30:03.953 [Forwarding isElementEnabled on session 412c741e6f4f7ee9b149c7b74800e900 to remote] DEBUG org.asynchttpclient.netty.request.NettyRequestSender - Using open Channel [id: 0x0fd79672, L:/127.0.0.1:59225 - R:localhost/127.0.0.1:19691] for GET '/session/412c741e6f4f7ee9b149c7b74800e900/element/9330F8CD5D18F75156EB4FB715507178_element_133/enabled'
14:30:03.974 [AsyncHttpClient-1-8] DEBUG org.asynchttpclient.netty.handler.HttpHandler - 

Request DefaultFullHttpRequest(decodeResult: success, version: HTTP/1.1, content: EmptyByteBufBE)
GET /session/412c741e6f4f7ee9b149c7b74800e900/element/9330F8CD5D18F75156EB4FB715507178_element_133/enabled HTTP/1.1
User-Agent: selenium/4.8.1 (java windows)
Cache-Control: no-cache
Content-Type: application/json; charset=utf-8
host: localhost:19691
accept: */*

Response DefaultHttpResponse(decodeResult: success, version: HTTP/1.1)
HTTP/1.1 200 OK
Content-Length: 14
Content-Type: application/json; charset=utf-8
cache-control: no-cache

14:30:03.974 [AsyncHttpClient-1-8] DEBUG org.asynchttpclient.netty.channel.ChannelManager - Adding key: http://localhost:19691 for channel [id: 0x0fd79672, L:/127.0.0.1:59225 - R:localhost/127.0.0.1:19691]
14:30:03.974 [Forwarding findChildElements on session 412c741e6f4f7ee9b149c7b74800e900 to remote] DEBUG org.asynchttpclient.netty.request.NettyRequestSender - Using pooled Channel '[id: 0x0fd79672, L:/127.0.0.1:59225 - R:localhost/127.0.0.1:19691]' for 'POST' to 'http://localhost:19691/session/412c741e6f4f7ee9b149c7b74800e900/element/9330F8CD5D18F75156EB4FB715507178_element_133/elements'
14:30:03.974 [Forwarding findChildElements on session 412c741e6f4f7ee9b149c7b74800e900 to remote] DEBUG org.asynchttpclient.netty.request.NettyRequestSender - Using open Channel [id: 0x0fd79672, L:/127.0.0.1:59225 - R:localhost/127.0.0.1:19691] for POST '/session/412c741e6f4f7ee9b149c7b74800e900/element/9330F8CD5D18F75156EB4FB715507178_element_133/elements'
14:30:04.000 [AsyncHttpClient-1-1] DEBUG org.asynchttpclient.netty.channel.DefaultChannelPool - Entry count for : http://localhost:59226 : 1
14:30:04.000 [AsyncHttpClient-1-8] DEBUG org.asynchttpclient.netty.handler.HttpHandler - 

Request DefaultHttpRequest(decodeResult: success, version: HTTP/1.1)
POST /session/412c741e6f4f7ee9b149c7b74800e900/element/9330F8CD5D18F75156EB4FB715507178_element_133/elements HTTP/1.1
User-Agent: selenium/4.8.1 (java windows)
Content-Length: 102
Content-Type: application/json; charset=utf-8
host: localhost:19691
accept: */*

Response DefaultHttpResponse(decodeResult: success, version: HTTP/1.1)
HTTP/1.1 200 OK
Content-Length: 620
Content-Type: application/json; charset=utf-8
cache-control: no-cache

14:30:04.000 [AsyncHttpClient-1-8] DEBUG org.asynchttpclient.netty.channel.ChannelManager - Adding key: http://localhost:19691 for channel [id: 0x0fd79672, L:/127.0.0.1:59225 - R:localhost/127.0.0.1:19691]
14:30:04.000 [Forwarding getElementAttribute on session 412c741e6f4f7ee9b149c7b74800e900 to remote] DEBUG org.asynchttpclient.netty.request.NettyRequestSender - Using pooled Channel '[id: 0x0fd79672, L:/127.0.0.1:59225 - R:localhost/127.0.0.1:19691]' for 'POST' to 'http://localhost:19691/session/412c741e6f4f7ee9b149c7b74800e900/execute/sync'
14:30:04.000 [Forwarding getElementAttribute on session 412c741e6f4f7ee9b149c7b74800e900 to remote] DEBUG org.asynchttpclient.netty.request.NettyRequestSender - Using open Channel [id: 0x0fd79672, L:/127.0.0.1:59225 - R:localhost/127.0.0.1:19691] for POST '/session/412c741e6f4f7ee9b149c7b74800e900/execute/sync'
14:30:04.022 [AsyncHttpClient-1-8] DEBUG org.asynchttpclient.netty.handler.HttpHandler - 

Request DefaultHttpRequest(decodeResult: success, version: HTTP/1.1)
POST /session/412c741e6f4f7ee9b149c7b74800e900/execute/sync HTTP/1.1
User-Agent: selenium/4.8.1 (java windows)
Content-Length: 47376
Content-Type: application/json; charset=utf-8
host: localhost:19691
accept: */*

Response DefaultHttpResponse(decodeResult: success, version: HTTP/1.1)
HTTP/1.1 200 OK
Content-Length: 13
Content-Type: application/json; charset=utf-8
cache-control: no-cache

14:30:04.022 [AsyncHttpClient-1-8] DEBUG org.asynchttpclient.netty.channel.ChannelManager - Adding key: http://localhost:19691 for channel [id: 0x0fd79672, L:/127.0.0.1:59225 - R:localhost/127.0.0.1:19691]
14:30:04.027 [Forwarding getElementAttribute on session 412c741e6f4f7ee9b149c7b74800e900 to remote] DEBUG org.asynchttpclient.netty.request.NettyRequestSender - Using pooled Channel '[id: 0x0fd79672, L:/127.0.0.1:59225 - R:localhost/127.0.0.1:19691]' for 'POST' to 'http://localhost:19691/session/412c741e6f4f7ee9b149c7b74800e900/execute/sync'
14:30:04.027 [Forwarding getElementAttribute on session 412c741e6f4f7ee9b149c7b74800e900 to remote] DEBUG org.asynchttpclient.netty.request.NettyRequestSender - Using open Channel [id: 0x0fd79672, L:/127.0.0.1:59225 - R:localhost/127.0.0.1:19691] for POST '/session/412c741e6f4f7ee9b149c7b74800e900/execute/sync'
14:30:04.038 [AsyncHttpClient-1-8] DEBUG org.asynchttpclient.netty.handler.HttpHandler - 

Request DefaultHttpRequest(decodeResult: success, version: HTTP/1.1)
POST /session/412c741e6f4f7ee9b149c7b74800e900/execute/sync HTTP/1.1
User-Agent: selenium/4.8.1 (java windows)
Content-Length: 47376
Content-Type: application/json; charset=utf-8
host: localhost:19691
accept: */*

Response DefaultHttpResponse(decodeResult: success, version: HTTP/1.1)
HTTP/1.1 200 OK
Content-Length: 13
Content-Type: application/json; charset=utf-8
cache-control: no-cache

14:30:04.038 [AsyncHttpClient-1-8] DEBUG org.asynchttpclient.netty.channel.ChannelManager - Adding key: http://localhost:19691 for channel [id: 0x0fd79672, L:/127.0.0.1:59225 - R:localhost/127.0.0.1:19691]
14:30:04.049 [Forwarding getElementAttribute on session 412c741e6f4f7ee9b149c7b74800e900 to remote] DEBUG org.asynchttpclient.netty.request.NettyRequestSender - Using pooled Channel '[id: 0x0fd79672, L:/127.0.0.1:59225 - R:localhost/127.0.0.1:19691]' for 'POST' to 'http://localhost:19691/session/412c741e6f4f7ee9b149c7b74800e900/execute/sync'
14:30:04.049 [Forwarding getElementAttribute on session 412c741e6f4f7ee9b149c7b74800e900 to remote] DEBUG org.asynchttpclient.netty.request.NettyRequestSender - Using open Channel [id: 0x0fd79672, L:/127.0.0.1:59225 - R:localhost/127.0.0.1:19691] for POST '/session/412c741e6f4f7ee9b149c7b74800e900/execute/sync'
14:30:04.064 [AsyncHttpClient-1-8] DEBUG org.asynchttpclient.netty.handler.HttpHandler - 

Request DefaultHttpRequest(decodeResult: success, version: HTTP/1.1)
POST /session/412c741e6f4f7ee9b149c7b74800e900/execute/sync HTTP/1.1
User-Agent: selenium/4.8.1 (java windows)
Content-Length: 47376
Content-Type: application/json; charset=utf-8
host: localhost:19691
accept: */*

Response DefaultHttpResponse(decodeResult: success, version: HTTP/1.1)
HTTP/1.1 200 OK
Content-Length: 13
Content-Type: application/json; charset=utf-8
cache-control: no-cache

14:30:04.070 [AsyncHttpClient-1-8] DEBUG org.asynchttpclient.netty.channel.ChannelManager - Adding key: http://localhost:19691 for channel [id: 0x0fd79672, L:/127.0.0.1:59225 - R:localhost/127.0.0.1:19691]
14:30:04.070 [Forwarding isElementEnabled on session 412c741e6f4f7ee9b149c7b74800e900 to remote] DEBUG org.asynchttpclient.netty.request.NettyRequestSender - Using pooled Channel '[id: 0x0fd79672, L:/127.0.0.1:59225 - R:localhost/127.0.0.1:19691]' for 'GET' to 'http://localhost:19691/session/412c741e6f4f7ee9b149c7b74800e900/element/9330F8CD5D18F75156EB4FB715507178_element_136/enabled'
14:30:04.070 [Forwarding isElementEnabled on session 412c741e6f4f7ee9b149c7b74800e900 to remote] DEBUG org.asynchttpclient.netty.request.NettyRequestSender - Using open Channel [id: 0x0fd79672, L:/127.0.0.1:59225 - R:localhost/127.0.0.1:19691] for GET '/session/412c741e6f4f7ee9b149c7b74800e900/element/9330F8CD5D18F75156EB4FB715507178_element_136/enabled'
14:30:04.081 [AsyncHttpClient-1-8] DEBUG org.asynchttpclient.netty.handler.HttpHandler - 

Request DefaultFullHttpRequest(decodeResult: success, version: HTTP/1.1, content: EmptyByteBufBE)
GET /session/412c741e6f4f7ee9b149c7b74800e900/element/9330F8CD5D18F75156EB4FB715507178_element_136/enabled HTTP/1.1
User-Agent: selenium/4.8.1 (java windows)
Cache-Control: no-cache
Content-Type: application/json; charset=utf-8
host: localhost:19691
accept: */*

Response DefaultHttpResponse(decodeResult: success, version: HTTP/1.1)
HTTP/1.1 200 OK
Content-Length: 14
Content-Type: application/json; charset=utf-8
cache-control: no-cache

14:30:04.081 [AsyncHttpClient-1-8] DEBUG org.asynchttpclient.netty.channel.ChannelManager - Adding key: http://localhost:19691 for channel [id: 0x0fd79672, L:/127.0.0.1:59225 - R:localhost/127.0.0.1:19691]
14:30:04.081 [Forwarding isElementSelected on session 412c741e6f4f7ee9b149c7b74800e900 to remote] DEBUG org.asynchttpclient.netty.request.NettyRequestSender - Using pooled Channel '[id: 0x0fd79672, L:/127.0.0.1:59225 - R:localhost/127.0.0.1:19691]' for 'GET' to 'http://localhost:19691/session/412c741e6f4f7ee9b149c7b74800e900/element/9330F8CD5D18F75156EB4FB715507178_element_136/selected'
14:30:04.081 [Forwarding isElementSelected on session 412c741e6f4f7ee9b149c7b74800e900 to remote] DEBUG org.asynchttpclient.netty.request.NettyRequestSender - Using open Channel [id: 0x0fd79672, L:/127.0.0.1:59225 - R:localhost/127.0.0.1:19691] for GET '/session/412c741e6f4f7ee9b149c7b74800e900/element/9330F8CD5D18F75156EB4FB715507178_element_136/selected'
14:30:04.102 [AsyncHttpClient-1-8] DEBUG org.asynchttpclient.netty.handler.HttpHandler - 

Request DefaultFullHttpRequest(decodeResult: success, version: HTTP/1.1, content: EmptyByteBufBE)
GET /session/412c741e6f4f7ee9b149c7b74800e900/element/9330F8CD5D18F75156EB4FB715507178_element_136/selected HTTP/1.1
User-Agent: selenium/4.8.1 (java windows)
Cache-Control: no-cache
Content-Type: application/json; charset=utf-8
host: localhost:19691
accept: */*

Response DefaultHttpResponse(decodeResult: success, version: HTTP/1.1)
HTTP/1.1 200 OK
Content-Length: 15
Content-Type: application/json; charset=utf-8
cache-control: no-cache

14:30:04.102 [AsyncHttpClient-1-8] DEBUG org.asynchttpclient.netty.channel.ChannelManager - Adding key: http://localhost:19691 for channel [id: 0x0fd79672, L:/127.0.0.1:59225 - R:localhost/127.0.0.1:19691]
14:30:04.102 [Forwarding clickElement on session 412c741e6f4f7ee9b149c7b74800e900 to remote] DEBUG org.asynchttpclient.netty.request.NettyRequestSender - Using pooled Channel '[id: 0x0fd79672, L:/127.0.0.1:59225 - R:localhost/127.0.0.1:19691]' for 'POST' to 'http://localhost:19691/session/412c741e6f4f7ee9b149c7b74800e900/element/9330F8CD5D18F75156EB4FB715507178_element_136/click'
14:30:04.102 [Forwarding clickElement on session 412c741e6f4f7ee9b149c7b74800e900 to remote] DEBUG org.asynchttpclient.netty.request.NettyRequestSender - Using open Channel [id: 0x0fd79672, L:/127.0.0.1:59225 - R:localhost/127.0.0.1:19691] for POST '/session/412c741e6f4f7ee9b149c7b74800e900/element/9330F8CD5D18F75156EB4FB715507178_element_136/click'
14:30:04.219 [AsyncHttpClient-1-8] DEBUG org.asynchttpclient.netty.handler.HttpHandler - 

Request DefaultHttpRequest(decodeResult: success, version: HTTP/1.1)
POST /session/412c741e6f4f7ee9b149c7b74800e900/element/9330F8CD5D18F75156EB4FB715507178_element_136/click HTTP/1.1
User-Agent: selenium/4.8.1 (java windows)
Content-Length: 58
Content-Type: application/json; charset=utf-8
host: localhost:19691
accept: */*

Response DefaultHttpResponse(decodeResult: success, version: HTTP/1.1)
HTTP/1.1 200 OK
Content-Length: 14
Content-Type: application/json; charset=utf-8
cache-control: no-cache

14:30:04.219 [AsyncHttpClient-1-8] DEBUG org.asynchttpclient.netty.channel.ChannelManager - Adding key: http://localhost:19691 for channel [id: 0x0fd79672, L:/127.0.0.1:59225 - R:localhost/127.0.0.1:19691]
14:30:05.092 [AsyncHttpClient-1-1] DEBUG org.asynchttpclient.netty.channel.DefaultChannelPool - Entry count for : http://localhost:59226 : 1
14:30:05.092 [AsyncHttpClient-1-1] DEBUG org.asynchttpclient.netty.channel.DefaultChannelPool - Entry count for : http://localhost:19691 : 1
14:30:06.201 [AsyncHttpClient-1-1] DEBUG org.asynchttpclient.netty.channel.DefaultChannelPool - Entry count for : http://localhost:59226 : 1
14:30:06.201 [AsyncHttpClient-1-1] DEBUG org.asynchttpclient.netty.channel.DefaultChannelPool - Entry count for : http://localhost:19691 : 1
14:30:06.235 [Forwarding findElement on session 412c741e6f4f7ee9b149c7b74800e900 to remote] DEBUG org.asynchttpclient.netty.request.NettyRequestSender - Using pooled Channel '[id: 0x0fd79672, L:/127.0.0.1:59225 - R:localhost/127.0.0.1:19691]' for 'POST' to 'http://localhost:19691/session/412c741e6f4f7ee9b149c7b74800e900/element'
14:30:06.235 [Forwarding findElement on session 412c741e6f4f7ee9b149c7b74800e900 to remote] DEBUG org.asynchttpclient.netty.request.NettyRequestSender - Using open Channel [id: 0x0fd79672, L:/127.0.0.1:59225 - R:localhost/127.0.0.1:19691] for POST '/session/412c741e6f4f7ee9b149c7b74800e900/element'
14:30:06.257 [AsyncHttpClient-1-8] DEBUG org.asynchttpclient.netty.handler.HttpHandler - 

Request DefaultHttpRequest(decodeResult: success, version: HTTP/1.1)
POST /session/412c741e6f4f7ee9b149c7b74800e900/element HTTP/1.1
User-Agent: selenium/4.8.1 (java windows)
Content-Length: 82
Content-Type: application/json; charset=utf-8
host: localhost:19691
accept: */*

Response DefaultHttpResponse(decodeResult: success, version: HTTP/1.1)
HTTP/1.1 200 OK
Content-Length: 96
Content-Type: application/json; charset=utf-8
cache-control: no-cache

14:30:06.257 [AsyncHttpClient-1-8] DEBUG org.asynchttpclient.netty.channel.ChannelManager - Adding key: http://localhost:19691 for channel [id: 0x0fd79672, L:/127.0.0.1:59225 - R:localhost/127.0.0.1:19691]
14:30:06.257 [Forwarding getElementTagName on session 412c741e6f4f7ee9b149c7b74800e900 to remote] DEBUG org.asynchttpclient.netty.request.NettyRequestSender - Using pooled Channel '[id: 0x0fd79672, L:/127.0.0.1:59225 - R:localhost/127.0.0.1:19691]' for 'GET' to 'http://localhost:19691/session/412c741e6f4f7ee9b149c7b74800e900/element/9330F8CD5D18F75156EB4FB715507178_element_129/name'
14:30:06.257 [Forwarding getElementTagName on session 412c741e6f4f7ee9b149c7b74800e900 to remote] DEBUG org.asynchttpclient.netty.request.NettyRequestSender - Using open Channel [id: 0x0fd79672, L:/127.0.0.1:59225 - R:localhost/127.0.0.1:19691] for GET '/session/412c741e6f4f7ee9b149c7b74800e900/element/9330F8CD5D18F75156EB4FB715507178_element_129/name'
14:30:06.278 [AsyncHttpClient-1-8] DEBUG org.asynchttpclient.netty.handler.HttpHandler - 

Request DefaultFullHttpRequest(decodeResult: success, version: HTTP/1.1, content: EmptyByteBufBE)
GET /session/412c741e6f4f7ee9b149c7b74800e900/element/9330F8CD5D18F75156EB4FB715507178_element_129/name HTTP/1.1
User-Agent: selenium/4.8.1 (java windows)
Cache-Control: no-cache
Content-Type: application/json; charset=utf-8
host: localhost:19691
accept: */*

Response DefaultHttpResponse(decodeResult: success, version: HTTP/1.1)
HTTP/1.1 200 OK
Content-Length: 17
Content-Type: application/json; charset=utf-8
cache-control: no-cache

14:30:06.278 [AsyncHttpClient-1-8] DEBUG org.asynchttpclient.netty.channel.ChannelManager - Adding key: http://localhost:19691 for channel [id: 0x0fd79672, L:/127.0.0.1:59225 - R:localhost/127.0.0.1:19691]
14:30:06.281 [Forwarding getElementTagName on session 412c741e6f4f7ee9b149c7b74800e900 to remote] DEBUG org.asynchttpclient.netty.request.NettyRequestSender - Using pooled Channel '[id: 0x0fd79672, L:/127.0.0.1:59225 - R:localhost/127.0.0.1:19691]' for 'GET' to 'http://localhost:19691/session/412c741e6f4f7ee9b149c7b74800e900/element/9330F8CD5D18F75156EB4FB715507178_element_129/name'
14:30:06.281 [Forwarding getElementTagName on session 412c741e6f4f7ee9b149c7b74800e900 to remote] DEBUG org.asynchttpclient.netty.request.NettyRequestSender - Using open Channel [id: 0x0fd79672, L:/127.0.0.1:59225 - R:localhost/127.0.0.1:19691] for GET '/session/412c741e6f4f7ee9b149c7b74800e900/element/9330F8CD5D18F75156EB4FB715507178_element_129/name'
14:30:06.289 [AsyncHttpClient-1-8] DEBUG org.asynchttpclient.netty.handler.HttpHandler - 

Request DefaultFullHttpRequest(decodeResult: success, version: HTTP/1.1, content: EmptyByteBufBE)
GET /session/412c741e6f4f7ee9b149c7b74800e900/element/9330F8CD5D18F75156EB4FB715507178_element_129/name HTTP/1.1
User-Agent: selenium/4.8.1 (java windows)
Cache-Control: no-cache
Content-Type: application/json; charset=utf-8
host: localhost:19691
accept: */*

Response DefaultHttpResponse(decodeResult: success, version: HTTP/1.1)
HTTP/1.1 200 OK
Content-Length: 17
Content-Type: application/json; charset=utf-8
cache-control: no-cache

14:30:06.289 [AsyncHttpClient-1-8] DEBUG org.asynchttpclient.netty.channel.ChannelManager - Adding key: http://localhost:19691 for channel [id: 0x0fd79672, L:/127.0.0.1:59225 - R:localhost/127.0.0.1:19691]
14:30:06.300 [Forwarding isElementEnabled on session 412c741e6f4f7ee9b149c7b74800e900 to remote] DEBUG org.asynchttpclient.netty.request.NettyRequestSender - Using pooled Channel '[id: 0x0fd79672, L:/127.0.0.1:59225 - R:localhost/127.0.0.1:19691]' for 'GET' to 'http://localhost:19691/session/412c741e6f4f7ee9b149c7b74800e900/element/9330F8CD5D18F75156EB4FB715507178_element_129/enabled'
14:30:06.300 [Forwarding isElementEnabled on session 412c741e6f4f7ee9b149c7b74800e900 to remote] DEBUG org.asynchttpclient.netty.request.NettyRequestSender - Using open Channel [id: 0x0fd79672, L:/127.0.0.1:59225 - R:localhost/127.0.0.1:19691] for GET '/session/412c741e6f4f7ee9b149c7b74800e900/element/9330F8CD5D18F75156EB4FB715507178_element_129/enabled'
14:30:06.320 [AsyncHttpClient-1-8] DEBUG org.asynchttpclient.netty.handler.HttpHandler - 

Request DefaultFullHttpRequest(decodeResult: success, version: HTTP/1.1, content: EmptyByteBufBE)
GET /session/412c741e6f4f7ee9b149c7b74800e900/element/9330F8CD5D18F75156EB4FB715507178_element_129/enabled HTTP/1.1
User-Agent: selenium/4.8.1 (java windows)
Cache-Control: no-cache
Content-Type: application/json; charset=utf-8
host: localhost:19691
accept: */*

Response DefaultHttpResponse(decodeResult: success, version: HTTP/1.1)
HTTP/1.1 200 OK
Content-Length: 14
Content-Type: application/json; charset=utf-8
cache-control: no-cache

14:30:06.320 [AsyncHttpClient-1-8] DEBUG org.asynchttpclient.netty.channel.ChannelManager - Adding key: http://localhost:19691 for channel [id: 0x0fd79672, L:/127.0.0.1:59225 - R:localhost/127.0.0.1:19691]
14:30:06.320 [Forwarding isElementEnabled on session 412c741e6f4f7ee9b149c7b74800e900 to remote] DEBUG org.asynchttpclient.netty.request.NettyRequestSender - Using pooled Channel '[id: 0x0fd79672, L:/127.0.0.1:59225 - R:localhost/127.0.0.1:19691]' for 'GET' to 'http://localhost:19691/session/412c741e6f4f7ee9b149c7b74800e900/element/9330F8CD5D18F75156EB4FB715507178_element_129/enabled'
14:30:06.320 [Forwarding isElementEnabled on session 412c741e6f4f7ee9b149c7b74800e900 to remote] DEBUG org.asynchttpclient.netty.request.NettyRequestSender - Using open Channel [id: 0x0fd79672, L:/127.0.0.1:59225 - R:localhost/127.0.0.1:19691] for GET '/session/412c741e6f4f7ee9b149c7b74800e900/element/9330F8CD5D18F75156EB4FB715507178_element_129/enabled'
14:30:06.342 [AsyncHttpClient-1-8] DEBUG org.asynchttpclient.netty.handler.HttpHandler - 

Request DefaultFullHttpRequest(decodeResult: success, version: HTTP/1.1, content: EmptyByteBufBE)
GET /session/412c741e6f4f7ee9b149c7b74800e900/element/9330F8CD5D18F75156EB4FB715507178_element_129/enabled HTTP/1.1
User-Agent: selenium/4.8.1 (java windows)
Cache-Control: no-cache
Content-Type: application/json; charset=utf-8
host: localhost:19691
accept: */*

Response DefaultHttpResponse(decodeResult: success, version: HTTP/1.1)
HTTP/1.1 200 OK
Content-Length: 14
Content-Type: application/json; charset=utf-8
cache-control: no-cache

14:30:06.342 [AsyncHttpClient-1-8] DEBUG org.asynchttpclient.netty.channel.ChannelManager - Adding key: http://localhost:19691 for channel [id: 0x0fd79672, L:/127.0.0.1:59225 - R:localhost/127.0.0.1:19691]
14:30:06.345 [Forwarding findElement on session 412c741e6f4f7ee9b149c7b74800e900 to remote] DEBUG org.asynchttpclient.netty.request.NettyRequestSender - Using pooled Channel '[id: 0x0fd79672, L:/127.0.0.1:59225 - R:localhost/127.0.0.1:19691]' for 'POST' to 'http://localhost:19691/session/412c741e6f4f7ee9b149c7b74800e900/element'
14:30:06.345 [Forwarding findElement on session 412c741e6f4f7ee9b149c7b74800e900 to remote] DEBUG org.asynchttpclient.netty.request.NettyRequestSender - Using open Channel [id: 0x0fd79672, L:/127.0.0.1:59225 - R:localhost/127.0.0.1:19691] for POST '/session/412c741e6f4f7ee9b149c7b74800e900/element'
14:30:06.363 [AsyncHttpClient-1-8] DEBUG org.asynchttpclient.netty.handler.HttpHandler - 

Request DefaultHttpRequest(decodeResult: success, version: HTTP/1.1)
POST /session/412c741e6f4f7ee9b149c7b74800e900/element HTTP/1.1
User-Agent: selenium/4.8.1 (java windows)
Content-Length: 82
Content-Type: application/json; charset=utf-8
host: localhost:19691
accept: */*

Response DefaultHttpResponse(decodeResult: success, version: HTTP/1.1)
HTTP/1.1 200 OK
Content-Length: 96
Content-Type: application/json; charset=utf-8
cache-control: no-cache

14:30:06.363 [AsyncHttpClient-1-8] DEBUG org.asynchttpclient.netty.channel.ChannelManager - Adding key: http://localhost:19691 for channel [id: 0x0fd79672, L:/127.0.0.1:59225 - R:localhost/127.0.0.1:19691]
14:30:06.363 [Forwarding clickElement on session 412c741e6f4f7ee9b149c7b74800e900 to remote] DEBUG org.asynchttpclient.netty.request.NettyRequestSender - Using pooled Channel '[id: 0x0fd79672, L:/127.0.0.1:59225 - R:localhost/127.0.0.1:19691]' for 'POST' to 'http://localhost:19691/session/412c741e6f4f7ee9b149c7b74800e900/element/9330F8CD5D18F75156EB4FB715507178_element_129/click'
14:30:06.363 [Forwarding clickElement on session 412c741e6f4f7ee9b149c7b74800e900 to remote] DEBUG org.asynchttpclient.netty.request.NettyRequestSender - Using open Channel [id: 0x0fd79672, L:/127.0.0.1:59225 - R:localhost/127.0.0.1:19691] for POST '/session/412c741e6f4f7ee9b149c7b74800e900/element/9330F8CD5D18F75156EB4FB715507178_element_129/click'
14:30:06.571 [AsyncHttpClient-1-8] DEBUG org.asynchttpclient.netty.handler.HttpHandler - 

Request DefaultHttpRequest(decodeResult: success, version: HTTP/1.1)
POST /session/412c741e6f4f7ee9b149c7b74800e900/element/9330F8CD5D18F75156EB4FB715507178_element_129/click HTTP/1.1
User-Agent: selenium/4.8.1 (java windows)
Content-Length: 58
Content-Type: application/json; charset=utf-8
host: localhost:19691
accept: */*

Response DefaultHttpResponse(decodeResult: success, version: HTTP/1.1)
HTTP/1.1 200 OK
Content-Length: 14
Content-Type: application/json; charset=utf-8
cache-control: no-cache

14:30:06.574 [AsyncHttpClient-1-8] DEBUG org.asynchttpclient.netty.channel.ChannelManager - Adding key: http://localhost:19691 for channel [id: 0x0fd79672, L:/127.0.0.1:59225 - R:localhost/127.0.0.1:19691]
14:30:06.581 [Forwarding findElement on session 412c741e6f4f7ee9b149c7b74800e900 to remote] DEBUG org.asynchttpclient.netty.request.NettyRequestSender - Using pooled Channel '[id: 0x0fd79672, L:/127.0.0.1:59225 - R:localhost/127.0.0.1:19691]' for 'POST' to 'http://localhost:19691/session/412c741e6f4f7ee9b149c7b74800e900/element'
14:30:06.581 [Forwarding findElement on session 412c741e6f4f7ee9b149c7b74800e900 to remote] DEBUG org.asynchttpclient.netty.request.NettyRequestSender - Using open Channel [id: 0x0fd79672, L:/127.0.0.1:59225 - R:localhost/127.0.0.1:19691] for POST '/session/412c741e6f4f7ee9b149c7b74800e900/element'
14:30:06.609 [AsyncHttpClient-1-8] DEBUG org.asynchttpclient.netty.handler.HttpHandler - 

Request DefaultHttpRequest(decodeResult: success, version: HTTP/1.1)
POST /session/412c741e6f4f7ee9b149c7b74800e900/element HTTP/1.1
User-Agent: selenium/4.8.1 (java windows)
Content-Length: 92
Content-Type: application/json; charset=utf-8
host: localhost:19691
accept: */*

Response DefaultHttpResponse(decodeResult: success, version: HTTP/1.1)
HTTP/1.1 200 OK
Content-Length: 96
Content-Type: application/json; charset=utf-8
cache-control: no-cache

14:30:06.609 [AsyncHttpClient-1-8] DEBUG org.asynchttpclient.netty.channel.ChannelManager - Adding key: http://localhost:19691 for channel [id: 0x0fd79672, L:/127.0.0.1:59225 - R:localhost/127.0.0.1:19691]
14:30:06.613 [Forwarding getElementTagName on session 412c741e6f4f7ee9b149c7b74800e900 to remote] DEBUG org.asynchttpclient.netty.request.NettyRequestSender - Using pooled Channel '[id: 0x0fd79672, L:/127.0.0.1:59225 - R:localhost/127.0.0.1:19691]' for 'GET' to 'http://localhost:19691/session/412c741e6f4f7ee9b149c7b74800e900/element/9330F8CD5D18F75156EB4FB715507178_element_142/name'
14:30:06.613 [Forwarding getElementTagName on session 412c741e6f4f7ee9b149c7b74800e900 to remote] DEBUG org.asynchttpclient.netty.request.NettyRequestSender - Using open Channel [id: 0x0fd79672, L:/127.0.0.1:59225 - R:localhost/127.0.0.1:19691] for GET '/session/412c741e6f4f7ee9b149c7b74800e900/element/9330F8CD5D18F75156EB4FB715507178_element_142/name'
14:30:06.620 [AsyncHttpClient-1-8] DEBUG org.asynchttpclient.netty.handler.HttpHandler - 

Request DefaultFullHttpRequest(decodeResult: success, version: HTTP/1.1, content: EmptyByteBufBE)
GET /session/412c741e6f4f7ee9b149c7b74800e900/element/9330F8CD5D18F75156EB4FB715507178_element_142/name HTTP/1.1
User-Agent: selenium/4.8.1 (java windows)
Cache-Control: no-cache
Content-Type: application/json; charset=utf-8
host: localhost:19691
accept: */*

Response DefaultHttpResponse(decodeResult: success, version: HTTP/1.1)
HTTP/1.1 200 OK
Content-Length: 18
Content-Type: application/json; charset=utf-8
cache-control: no-cache

14:30:06.620 [AsyncHttpClient-1-8] DEBUG org.asynchttpclient.netty.channel.ChannelManager - Adding key: http://localhost:19691 for channel [id: 0x0fd79672, L:/127.0.0.1:59225 - R:localhost/127.0.0.1:19691]
14:30:06.620 [Forwarding getElementDomAttribute on session 412c741e6f4f7ee9b149c7b74800e900 to remote] DEBUG org.asynchttpclient.netty.request.NettyRequestSender - Using pooled Channel '[id: 0x0fd79672, L:/127.0.0.1:59225 - R:localhost/127.0.0.1:19691]' for 'GET' to 'http://localhost:19691/session/412c741e6f4f7ee9b149c7b74800e900/element/9330F8CD5D18F75156EB4FB715507178_element_142/attribute/multiple'
14:30:06.620 [Forwarding getElementDomAttribute on session 412c741e6f4f7ee9b149c7b74800e900 to remote] DEBUG org.asynchttpclient.netty.request.NettyRequestSender - Using open Channel [id: 0x0fd79672, L:/127.0.0.1:59225 - R:localhost/127.0.0.1:19691] for GET '/session/412c741e6f4f7ee9b149c7b74800e900/element/9330F8CD5D18F75156EB4FB715507178_element_142/attribute/multiple'
14:30:06.641 [AsyncHttpClient-1-8] DEBUG org.asynchttpclient.netty.handler.HttpHandler - 

Request DefaultFullHttpRequest(decodeResult: success, version: HTTP/1.1, content: EmptyByteBufBE)
GET /session/412c741e6f4f7ee9b149c7b74800e900/element/9330F8CD5D18F75156EB4FB715507178_element_142/attribute/multiple HTTP/1.1
User-Agent: selenium/4.8.1 (java windows)
Cache-Control: no-cache
Content-Type: application/json; charset=utf-8
host: localhost:19691
accept: */*

Response DefaultHttpResponse(decodeResult: success, version: HTTP/1.1)
HTTP/1.1 200 OK
Content-Length: 14
Content-Type: application/json; charset=utf-8
cache-control: no-cache

14:30:06.641 [AsyncHttpClient-1-8] DEBUG org.asynchttpclient.netty.channel.ChannelManager - Adding key: http://localhost:19691 for channel [id: 0x0fd79672, L:/127.0.0.1:59225 - R:localhost/127.0.0.1:19691]
14:30:06.641 [Forwarding isElementEnabled on session 412c741e6f4f7ee9b149c7b74800e900 to remote] DEBUG org.asynchttpclient.netty.request.NettyRequestSender - Using pooled Channel '[id: 0x0fd79672, L:/127.0.0.1:59225 - R:localhost/127.0.0.1:19691]' for 'GET' to 'http://localhost:19691/session/412c741e6f4f7ee9b149c7b74800e900/element/9330F8CD5D18F75156EB4FB715507178_element_142/enabled'
14:30:06.641 [Forwarding isElementEnabled on session 412c741e6f4f7ee9b149c7b74800e900 to remote] DEBUG org.asynchttpclient.netty.request.NettyRequestSender - Using open Channel [id: 0x0fd79672, L:/127.0.0.1:59225 - R:localhost/127.0.0.1:19691] for GET '/session/412c741e6f4f7ee9b149c7b74800e900/element/9330F8CD5D18F75156EB4FB715507178_element_142/enabled'
14:30:06.672 [AsyncHttpClient-1-8] DEBUG org.asynchttpclient.netty.handler.HttpHandler - 

Request DefaultFullHttpRequest(decodeResult: success, version: HTTP/1.1, content: EmptyByteBufBE)
GET /session/412c741e6f4f7ee9b149c7b74800e900/element/9330F8CD5D18F75156EB4FB715507178_element_142/enabled HTTP/1.1
User-Agent: selenium/4.8.1 (java windows)
Cache-Control: no-cache
Content-Type: application/json; charset=utf-8
host: localhost:19691
accept: */*

Response DefaultHttpResponse(decodeResult: success, version: HTTP/1.1)
HTTP/1.1 200 OK
Content-Length: 14
Content-Type: application/json; charset=utf-8
cache-control: no-cache

14:30:06.672 [AsyncHttpClient-1-8] DEBUG org.asynchttpclient.netty.channel.ChannelManager - Adding key: http://localhost:19691 for channel [id: 0x0fd79672, L:/127.0.0.1:59225 - R:localhost/127.0.0.1:19691]
14:30:06.672 [Forwarding findChildElements on session 412c741e6f4f7ee9b149c7b74800e900 to remote] DEBUG org.asynchttpclient.netty.request.NettyRequestSender - Using pooled Channel '[id: 0x0fd79672, L:/127.0.0.1:59225 - R:localhost/127.0.0.1:19691]' for 'POST' to 'http://localhost:19691/session/412c741e6f4f7ee9b149c7b74800e900/element/9330F8CD5D18F75156EB4FB715507178_element_142/elements'
14:30:06.672 [Forwarding findChildElements on session 412c741e6f4f7ee9b149c7b74800e900 to remote] DEBUG org.asynchttpclient.netty.request.NettyRequestSender - Using open Channel [id: 0x0fd79672, L:/127.0.0.1:59225 - R:localhost/127.0.0.1:19691] for POST '/session/412c741e6f4f7ee9b149c7b74800e900/element/9330F8CD5D18F75156EB4FB715507178_element_142/elements'
14:30:06.705 [AsyncHttpClient-1-8] DEBUG org.asynchttpclient.netty.handler.HttpHandler - 

Request DefaultHttpRequest(decodeResult: success, version: HTTP/1.1)
POST /session/412c741e6f4f7ee9b149c7b74800e900/element/9330F8CD5D18F75156EB4FB715507178_element_142/elements HTTP/1.1
User-Agent: selenium/4.8.1 (java windows)
Content-Length: 143
Content-Type: application/json; charset=utf-8
host: localhost:19691
accept: */*

Response DefaultHttpResponse(decodeResult: success, version: HTTP/1.1)
HTTP/1.1 200 OK
Content-Length: 98
Content-Type: application/json; charset=utf-8
cache-control: no-cache

14:30:06.705 [AsyncHttpClient-1-8] DEBUG org.asynchttpclient.netty.channel.ChannelManager - Adding key: http://localhost:19691 for channel [id: 0x0fd79672, L:/127.0.0.1:59225 - R:localhost/127.0.0.1:19691]
14:30:06.705 [Forwarding isElementEnabled on session 412c741e6f4f7ee9b149c7b74800e900 to remote] DEBUG org.asynchttpclient.netty.request.NettyRequestSender - Using pooled Channel '[id: 0x0fd79672, L:/127.0.0.1:59225 - R:localhost/127.0.0.1:19691]' for 'GET' to 'http://localhost:19691/session/412c741e6f4f7ee9b149c7b74800e900/element/9330F8CD5D18F75156EB4FB715507178_element_143/enabled'
14:30:06.705 [Forwarding isElementEnabled on session 412c741e6f4f7ee9b149c7b74800e900 to remote] DEBUG org.asynchttpclient.netty.request.NettyRequestSender - Using open Channel [id: 0x0fd79672, L:/127.0.0.1:59225 - R:localhost/127.0.0.1:19691] for GET '/session/412c741e6f4f7ee9b149c7b74800e900/element/9330F8CD5D18F75156EB4FB715507178_element_143/enabled'
14:30:06.729 [AsyncHttpClient-1-8] DEBUG org.asynchttpclient.netty.handler.HttpHandler - 

Request DefaultFullHttpRequest(decodeResult: success, version: HTTP/1.1, content: EmptyByteBufBE)
GET /session/412c741e6f4f7ee9b149c7b74800e900/element/9330F8CD5D18F75156EB4FB715507178_element_143/enabled HTTP/1.1
User-Agent: selenium/4.8.1 (java windows)
Cache-Control: no-cache
Content-Type: application/json; charset=utf-8
host: localhost:19691
accept: */*

Response DefaultHttpResponse(decodeResult: success, version: HTTP/1.1)
HTTP/1.1 200 OK
Content-Length: 14
Content-Type: application/json; charset=utf-8
cache-control: no-cache

14:30:06.729 [AsyncHttpClient-1-8] DEBUG org.asynchttpclient.netty.channel.ChannelManager - Adding key: http://localhost:19691 for channel [id: 0x0fd79672, L:/127.0.0.1:59225 - R:localhost/127.0.0.1:19691]
14:30:06.729 [Forwarding isElementSelected on session 412c741e6f4f7ee9b149c7b74800e900 to remote] DEBUG org.asynchttpclient.netty.request.NettyRequestSender - Using pooled Channel '[id: 0x0fd79672, L:/127.0.0.1:59225 - R:localhost/127.0.0.1:19691]' for 'GET' to 'http://localhost:19691/session/412c741e6f4f7ee9b149c7b74800e900/element/9330F8CD5D18F75156EB4FB715507178_element_143/selected'
14:30:06.729 [Forwarding isElementSelected on session 412c741e6f4f7ee9b149c7b74800e900 to remote] DEBUG org.asynchttpclient.netty.request.NettyRequestSender - Using open Channel [id: 0x0fd79672, L:/127.0.0.1:59225 - R:localhost/127.0.0.1:19691] for GET '/session/412c741e6f4f7ee9b149c7b74800e900/element/9330F8CD5D18F75156EB4FB715507178_element_143/selected'
14:30:06.748 [AsyncHttpClient-1-8] DEBUG org.asynchttpclient.netty.handler.HttpHandler - 

Request DefaultFullHttpRequest(decodeResult: success, version: HTTP/1.1, content: EmptyByteBufBE)
GET /session/412c741e6f4f7ee9b149c7b74800e900/element/9330F8CD5D18F75156EB4FB715507178_element_143/selected HTTP/1.1
User-Agent: selenium/4.8.1 (java windows)
Cache-Control: no-cache
Content-Type: application/json; charset=utf-8
host: localhost:19691
accept: */*

Response DefaultHttpResponse(decodeResult: success, version: HTTP/1.1)
HTTP/1.1 200 OK
Content-Length: 15
Content-Type: application/json; charset=utf-8
cache-control: no-cache

14:30:06.748 [AsyncHttpClient-1-8] DEBUG org.asynchttpclient.netty.channel.ChannelManager - Adding key: http://localhost:19691 for channel [id: 0x0fd79672, L:/127.0.0.1:59225 - R:localhost/127.0.0.1:19691]
14:30:06.748 [Forwarding clickElement on session 412c741e6f4f7ee9b149c7b74800e900 to remote] DEBUG org.asynchttpclient.netty.request.NettyRequestSender - Using pooled Channel '[id: 0x0fd79672, L:/127.0.0.1:59225 - R:localhost/127.0.0.1:19691]' for 'POST' to 'http://localhost:19691/session/412c741e6f4f7ee9b149c7b74800e900/element/9330F8CD5D18F75156EB4FB715507178_element_143/click'
14:30:06.748 [Forwarding clickElement on session 412c741e6f4f7ee9b149c7b74800e900 to remote] DEBUG org.asynchttpclient.netty.request.NettyRequestSender - Using open Channel [id: 0x0fd79672, L:/127.0.0.1:59225 - R:localhost/127.0.0.1:19691] for POST '/session/412c741e6f4f7ee9b149c7b74800e900/element/9330F8CD5D18F75156EB4FB715507178_element_143/click'
14:30:06.867 [AsyncHttpClient-1-8] DEBUG org.asynchttpclient.netty.handler.HttpHandler - 

Request DefaultHttpRequest(decodeResult: success, version: HTTP/1.1)
POST /session/412c741e6f4f7ee9b149c7b74800e900/element/9330F8CD5D18F75156EB4FB715507178_element_143/click HTTP/1.1
User-Agent: selenium/4.8.1 (java windows)
Content-Length: 58
Content-Type: application/json; charset=utf-8
host: localhost:19691
accept: */*

Response DefaultHttpResponse(decodeResult: success, version: HTTP/1.1)
HTTP/1.1 200 OK
Content-Length: 14
Content-Type: application/json; charset=utf-8
cache-control: no-cache

14:30:06.867 [AsyncHttpClient-1-8] DEBUG org.asynchttpclient.netty.channel.ChannelManager - Adding key: http://localhost:19691 for channel [id: 0x0fd79672, L:/127.0.0.1:59225 - R:localhost/127.0.0.1:19691]
14:30:07.295 [AsyncHttpClient-1-1] DEBUG org.asynchttpclient.netty.channel.DefaultChannelPool - Entry count for : http://localhost:59226 : 1
14:30:07.295 [AsyncHttpClient-1-1] DEBUG org.asynchttpclient.netty.channel.DefaultChannelPool - Entry count for : http://localhost:19691 : 1
14:30:08.399 [AsyncHttpClient-1-1] DEBUG org.asynchttpclient.netty.channel.DefaultChannelPool - Entry count for : http://localhost:59226 : 1
14:30:08.399 [AsyncHttpClient-1-1] DEBUG org.asynchttpclient.netty.channel.DefaultChannelPool - Entry count for : http://localhost:19691 : 1
14:30:08.881 [Forwarding findElement on session 412c741e6f4f7ee9b149c7b74800e900 to remote] DEBUG org.asynchttpclient.netty.request.NettyRequestSender - Using pooled Channel '[id: 0x0fd79672, L:/127.0.0.1:59225 - R:localhost/127.0.0.1:19691]' for 'POST' to 'http://localhost:19691/session/412c741e6f4f7ee9b149c7b74800e900/element'
14:30:08.881 [Forwarding findElement on session 412c741e6f4f7ee9b149c7b74800e900 to remote] DEBUG org.asynchttpclient.netty.request.NettyRequestSender - Using open Channel [id: 0x0fd79672, L:/127.0.0.1:59225 - R:localhost/127.0.0.1:19691] for POST '/session/412c741e6f4f7ee9b149c7b74800e900/element'
14:30:08.905 [AsyncHttpClient-1-8] DEBUG org.asynchttpclient.netty.handler.HttpHandler - 

Request DefaultHttpRequest(decodeResult: success, version: HTTP/1.1)
POST /session/412c741e6f4f7ee9b149c7b74800e900/element HTTP/1.1
User-Agent: selenium/4.8.1 (java windows)
Content-Length: 82
Content-Type: application/json; charset=utf-8
host: localhost:19691
accept: */*

Response DefaultHttpResponse(decodeResult: success, version: HTTP/1.1)
HTTP/1.1 200 OK
Content-Length: 96
Content-Type: application/json; charset=utf-8
cache-control: no-cache

14:30:08.905 [AsyncHttpClient-1-8] DEBUG org.asynchttpclient.netty.channel.ChannelManager - Adding key: http://localhost:19691 for channel [id: 0x0fd79672, L:/127.0.0.1:59225 - R:localhost/127.0.0.1:19691]
14:30:08.905 [Forwarding getElementTagName on session 412c741e6f4f7ee9b149c7b74800e900 to remote] DEBUG org.asynchttpclient.netty.request.NettyRequestSender - Using pooled Channel '[id: 0x0fd79672, L:/127.0.0.1:59225 - R:localhost/127.0.0.1:19691]' for 'GET' to 'http://localhost:19691/session/412c741e6f4f7ee9b149c7b74800e900/element/9330F8CD5D18F75156EB4FB715507178_element_129/name'
14:30:08.905 [Forwarding getElementTagName on session 412c741e6f4f7ee9b149c7b74800e900 to remote] DEBUG org.asynchttpclient.netty.request.NettyRequestSender - Using open Channel [id: 0x0fd79672, L:/127.0.0.1:59225 - R:localhost/127.0.0.1:19691] for GET '/session/412c741e6f4f7ee9b149c7b74800e900/element/9330F8CD5D18F75156EB4FB715507178_element_129/name'
14:30:08.913 [AsyncHttpClient-1-8] DEBUG org.asynchttpclient.netty.handler.HttpHandler - 

Request DefaultFullHttpRequest(decodeResult: success, version: HTTP/1.1, content: EmptyByteBufBE)
GET /session/412c741e6f4f7ee9b149c7b74800e900/element/9330F8CD5D18F75156EB4FB715507178_element_129/name HTTP/1.1
User-Agent: selenium/4.8.1 (java windows)
Cache-Control: no-cache
Content-Type: application/json; charset=utf-8
host: localhost:19691
accept: */*

Response DefaultHttpResponse(decodeResult: success, version: HTTP/1.1)
HTTP/1.1 200 OK
Content-Length: 17
Content-Type: application/json; charset=utf-8
cache-control: no-cache

14:30:08.913 [AsyncHttpClient-1-8] DEBUG org.asynchttpclient.netty.channel.ChannelManager - Adding key: http://localhost:19691 for channel [id: 0x0fd79672, L:/127.0.0.1:59225 - R:localhost/127.0.0.1:19691]
14:30:08.923 [Forwarding getElementTagName on session 412c741e6f4f7ee9b149c7b74800e900 to remote] DEBUG org.asynchttpclient.netty.request.NettyRequestSender - Using pooled Channel '[id: 0x0fd79672, L:/127.0.0.1:59225 - R:localhost/127.0.0.1:19691]' for 'GET' to 'http://localhost:19691/session/412c741e6f4f7ee9b149c7b74800e900/element/9330F8CD5D18F75156EB4FB715507178_element_129/name'
14:30:08.923 [Forwarding getElementTagName on session 412c741e6f4f7ee9b149c7b74800e900 to remote] DEBUG org.asynchttpclient.netty.request.NettyRequestSender - Using open Channel [id: 0x0fd79672, L:/127.0.0.1:59225 - R:localhost/127.0.0.1:19691] for GET '/session/412c741e6f4f7ee9b149c7b74800e900/element/9330F8CD5D18F75156EB4FB715507178_element_129/name'
14:30:08.934 [AsyncHttpClient-1-8] DEBUG org.asynchttpclient.netty.handler.HttpHandler - 

Request DefaultFullHttpRequest(decodeResult: success, version: HTTP/1.1, content: EmptyByteBufBE)
GET /session/412c741e6f4f7ee9b149c7b74800e900/element/9330F8CD5D18F75156EB4FB715507178_element_129/name HTTP/1.1
User-Agent: selenium/4.8.1 (java windows)
Cache-Control: no-cache
Content-Type: application/json; charset=utf-8
host: localhost:19691
accept: */*

Response DefaultHttpResponse(decodeResult: success, version: HTTP/1.1)
HTTP/1.1 200 OK
Content-Length: 17
Content-Type: application/json; charset=utf-8
cache-control: no-cache

14:30:08.934 [AsyncHttpClient-1-8] DEBUG org.asynchttpclient.netty.channel.ChannelManager - Adding key: http://localhost:19691 for channel [id: 0x0fd79672, L:/127.0.0.1:59225 - R:localhost/127.0.0.1:19691]
14:30:08.945 [Forwarding isElementEnabled on session 412c741e6f4f7ee9b149c7b74800e900 to remote] DEBUG org.asynchttpclient.netty.request.NettyRequestSender - Using pooled Channel '[id: 0x0fd79672, L:/127.0.0.1:59225 - R:localhost/127.0.0.1:19691]' for 'GET' to 'http://localhost:19691/session/412c741e6f4f7ee9b149c7b74800e900/element/9330F8CD5D18F75156EB4FB715507178_element_129/enabled'
14:30:08.945 [Forwarding isElementEnabled on session 412c741e6f4f7ee9b149c7b74800e900 to remote] DEBUG org.asynchttpclient.netty.request.NettyRequestSender - Using open Channel [id: 0x0fd79672, L:/127.0.0.1:59225 - R:localhost/127.0.0.1:19691] for GET '/session/412c741e6f4f7ee9b149c7b74800e900/element/9330F8CD5D18F75156EB4FB715507178_element_129/enabled'
14:30:08.966 [AsyncHttpClient-1-8] DEBUG org.asynchttpclient.netty.handler.HttpHandler - 

Request DefaultFullHttpRequest(decodeResult: success, version: HTTP/1.1, content: EmptyByteBufBE)
GET /session/412c741e6f4f7ee9b149c7b74800e900/element/9330F8CD5D18F75156EB4FB715507178_element_129/enabled HTTP/1.1
User-Agent: selenium/4.8.1 (java windows)
Cache-Control: no-cache
Content-Type: application/json; charset=utf-8
host: localhost:19691
accept: */*

Response DefaultHttpResponse(decodeResult: success, version: HTTP/1.1)
HTTP/1.1 200 OK
Content-Length: 14
Content-Type: application/json; charset=utf-8
cache-control: no-cache

14:30:08.966 [AsyncHttpClient-1-8] DEBUG org.asynchttpclient.netty.channel.ChannelManager - Adding key: http://localhost:19691 for channel [id: 0x0fd79672, L:/127.0.0.1:59225 - R:localhost/127.0.0.1:19691]
14:30:08.966 [Forwarding isElementEnabled on session 412c741e6f4f7ee9b149c7b74800e900 to remote] DEBUG org.asynchttpclient.netty.request.NettyRequestSender - Using pooled Channel '[id: 0x0fd79672, L:/127.0.0.1:59225 - R:localhost/127.0.0.1:19691]' for 'GET' to 'http://localhost:19691/session/412c741e6f4f7ee9b149c7b74800e900/element/9330F8CD5D18F75156EB4FB715507178_element_129/enabled'
14:30:08.966 [Forwarding isElementEnabled on session 412c741e6f4f7ee9b149c7b74800e900 to remote] DEBUG org.asynchttpclient.netty.request.NettyRequestSender - Using open Channel [id: 0x0fd79672, L:/127.0.0.1:59225 - R:localhost/127.0.0.1:19691] for GET '/session/412c741e6f4f7ee9b149c7b74800e900/element/9330F8CD5D18F75156EB4FB715507178_element_129/enabled'
14:30:08.987 [AsyncHttpClient-1-8] DEBUG org.asynchttpclient.netty.handler.HttpHandler - 

Request DefaultFullHttpRequest(decodeResult: success, version: HTTP/1.1, content: EmptyByteBufBE)
GET /session/412c741e6f4f7ee9b149c7b74800e900/element/9330F8CD5D18F75156EB4FB715507178_element_129/enabled HTTP/1.1
User-Agent: selenium/4.8.1 (java windows)
Cache-Control: no-cache
Content-Type: application/json; charset=utf-8
host: localhost:19691
accept: */*

Response DefaultHttpResponse(decodeResult: success, version: HTTP/1.1)
HTTP/1.1 200 OK
Content-Length: 14
Content-Type: application/json; charset=utf-8
cache-control: no-cache

14:30:08.987 [AsyncHttpClient-1-8] DEBUG org.asynchttpclient.netty.channel.ChannelManager - Adding key: http://localhost:19691 for channel [id: 0x0fd79672, L:/127.0.0.1:59225 - R:localhost/127.0.0.1:19691]
14:30:08.991 [Forwarding findElement on session 412c741e6f4f7ee9b149c7b74800e900 to remote] DEBUG org.asynchttpclient.netty.request.NettyRequestSender - Using pooled Channel '[id: 0x0fd79672, L:/127.0.0.1:59225 - R:localhost/127.0.0.1:19691]' for 'POST' to 'http://localhost:19691/session/412c741e6f4f7ee9b149c7b74800e900/element'
14:30:08.991 [Forwarding findElement on session 412c741e6f4f7ee9b149c7b74800e900 to remote] DEBUG org.asynchttpclient.netty.request.NettyRequestSender - Using open Channel [id: 0x0fd79672, L:/127.0.0.1:59225 - R:localhost/127.0.0.1:19691] for POST '/session/412c741e6f4f7ee9b149c7b74800e900/element'
14:30:09.009 [AsyncHttpClient-1-8] DEBUG org.asynchttpclient.netty.handler.HttpHandler - 

Request DefaultHttpRequest(decodeResult: success, version: HTTP/1.1)
POST /session/412c741e6f4f7ee9b149c7b74800e900/element HTTP/1.1
User-Agent: selenium/4.8.1 (java windows)
Content-Length: 82
Content-Type: application/json; charset=utf-8
host: localhost:19691
accept: */*

Response DefaultHttpResponse(decodeResult: success, version: HTTP/1.1)
HTTP/1.1 200 OK
Content-Length: 96
Content-Type: application/json; charset=utf-8
cache-control: no-cache

14:30:09.009 [AsyncHttpClient-1-8] DEBUG org.asynchttpclient.netty.channel.ChannelManager - Adding key: http://localhost:19691 for channel [id: 0x0fd79672, L:/127.0.0.1:59225 - R:localhost/127.0.0.1:19691]
14:30:09.009 [Forwarding clickElement on session 412c741e6f4f7ee9b149c7b74800e900 to remote] DEBUG org.asynchttpclient.netty.request.NettyRequestSender - Using pooled Channel '[id: 0x0fd79672, L:/127.0.0.1:59225 - R:localhost/127.0.0.1:19691]' for 'POST' to 'http://localhost:19691/session/412c741e6f4f7ee9b149c7b74800e900/element/9330F8CD5D18F75156EB4FB715507178_element_129/click'
14:30:09.009 [Forwarding clickElement on session 412c741e6f4f7ee9b149c7b74800e900 to remote] DEBUG org.asynchttpclient.netty.request.NettyRequestSender - Using open Channel [id: 0x0fd79672, L:/127.0.0.1:59225 - R:localhost/127.0.0.1:19691] for POST '/session/412c741e6f4f7ee9b149c7b74800e900/element/9330F8CD5D18F75156EB4FB715507178_element_129/click'
14:30:09.184 [AsyncHttpClient-1-8] DEBUG org.asynchttpclient.netty.handler.HttpHandler - 

Request DefaultHttpRequest(decodeResult: success, version: HTTP/1.1)
POST /session/412c741e6f4f7ee9b149c7b74800e900/element/9330F8CD5D18F75156EB4FB715507178_element_129/click HTTP/1.1
User-Agent: selenium/4.8.1 (java windows)
Content-Length: 58
Content-Type: application/json; charset=utf-8
host: localhost:19691
accept: */*

Response DefaultHttpResponse(decodeResult: success, version: HTTP/1.1)
HTTP/1.1 200 OK
Content-Length: 14
Content-Type: application/json; charset=utf-8
cache-control: no-cache

14:30:09.184 [AsyncHttpClient-1-8] DEBUG org.asynchttpclient.netty.channel.ChannelManager - Adding key: http://localhost:19691 for channel [id: 0x0fd79672, L:/127.0.0.1:59225 - R:localhost/127.0.0.1:19691]
14:30:09.192 [Forwarding findElement on session 412c741e6f4f7ee9b149c7b74800e900 to remote] DEBUG org.asynchttpclient.netty.request.NettyRequestSender - Using pooled Channel '[id: 0x0fd79672, L:/127.0.0.1:59225 - R:localhost/127.0.0.1:19691]' for 'POST' to 'http://localhost:19691/session/412c741e6f4f7ee9b149c7b74800e900/element'
14:30:09.192 [Forwarding findElement on session 412c741e6f4f7ee9b149c7b74800e900 to remote] DEBUG org.asynchttpclient.netty.request.NettyRequestSender - Using open Channel [id: 0x0fd79672, L:/127.0.0.1:59225 - R:localhost/127.0.0.1:19691] for POST '/session/412c741e6f4f7ee9b149c7b74800e900/element'
14:30:09.243 [AsyncHttpClient-1-8] DEBUG org.asynchttpclient.netty.handler.HttpHandler - 

Request DefaultHttpRequest(decodeResult: success, version: HTTP/1.1)
POST /session/412c741e6f4f7ee9b149c7b74800e900/element HTTP/1.1
User-Agent: selenium/4.8.1 (java windows)
Content-Length: 65
Content-Type: application/json; charset=utf-8
host: localhost:19691
accept: */*

Response DefaultHttpResponse(decodeResult: success, version: HTTP/1.1)
HTTP/1.1 200 OK
Content-Length: 96
Content-Type: application/json; charset=utf-8
cache-control: no-cache

14:30:09.243 [AsyncHttpClient-1-8] DEBUG org.asynchttpclient.netty.channel.ChannelManager - Adding key: http://localhost:19691 for channel [id: 0x0fd79672, L:/127.0.0.1:59225 - R:localhost/127.0.0.1:19691]
14:30:09.245 [Forwarding getElementTagName on session 412c741e6f4f7ee9b149c7b74800e900 to remote] DEBUG org.asynchttpclient.netty.request.NettyRequestSender - Using pooled Channel '[id: 0x0fd79672, L:/127.0.0.1:59225 - R:localhost/127.0.0.1:19691]' for 'GET' to 'http://localhost:19691/session/412c741e6f4f7ee9b149c7b74800e900/element/9330F8CD5D18F75156EB4FB715507178_element_145/name'
14:30:09.245 [Forwarding getElementTagName on session 412c741e6f4f7ee9b149c7b74800e900 to remote] DEBUG org.asynchttpclient.netty.request.NettyRequestSender - Using open Channel [id: 0x0fd79672, L:/127.0.0.1:59225 - R:localhost/127.0.0.1:19691] for GET '/session/412c741e6f4f7ee9b149c7b74800e900/element/9330F8CD5D18F75156EB4FB715507178_element_145/name'
14:30:09.279 [AsyncHttpClient-1-8] DEBUG org.asynchttpclient.netty.handler.HttpHandler - 

Request DefaultFullHttpRequest(decodeResult: success, version: HTTP/1.1, content: EmptyByteBufBE)
GET /session/412c741e6f4f7ee9b149c7b74800e900/element/9330F8CD5D18F75156EB4FB715507178_element_145/name HTTP/1.1
User-Agent: selenium/4.8.1 (java windows)
Cache-Control: no-cache
Content-Type: application/json; charset=utf-8
host: localhost:19691
accept: */*

Response DefaultHttpResponse(decodeResult: success, version: HTTP/1.1)
HTTP/1.1 200 OK
Content-Length: 15
Content-Type: application/json; charset=utf-8
cache-control: no-cache

14:30:09.284 [AsyncHttpClient-1-8] DEBUG org.asynchttpclient.netty.channel.ChannelManager - Adding key: http://localhost:19691 for channel [id: 0x0fd79672, L:/127.0.0.1:59225 - R:localhost/127.0.0.1:19691]
14:30:09.287 [Forwarding getElementTagName on session 412c741e6f4f7ee9b149c7b74800e900 to remote] DEBUG org.asynchttpclient.netty.request.NettyRequestSender - Using pooled Channel '[id: 0x0fd79672, L:/127.0.0.1:59225 - R:localhost/127.0.0.1:19691]' for 'GET' to 'http://localhost:19691/session/412c741e6f4f7ee9b149c7b74800e900/element/9330F8CD5D18F75156EB4FB715507178_element_145/name'
14:30:09.287 [Forwarding getElementTagName on session 412c741e6f4f7ee9b149c7b74800e900 to remote] DEBUG org.asynchttpclient.netty.request.NettyRequestSender - Using open Channel [id: 0x0fd79672, L:/127.0.0.1:59225 - R:localhost/127.0.0.1:19691] for GET '/session/412c741e6f4f7ee9b149c7b74800e900/element/9330F8CD5D18F75156EB4FB715507178_element_145/name'
14:30:09.297 [AsyncHttpClient-1-8] DEBUG org.asynchttpclient.netty.handler.HttpHandler - 

Request DefaultFullHttpRequest(decodeResult: success, version: HTTP/1.1, content: EmptyByteBufBE)
GET /session/412c741e6f4f7ee9b149c7b74800e900/element/9330F8CD5D18F75156EB4FB715507178_element_145/name HTTP/1.1
User-Agent: selenium/4.8.1 (java windows)
Cache-Control: no-cache
Content-Type: application/json; charset=utf-8
host: localhost:19691
accept: */*

Response DefaultHttpResponse(decodeResult: success, version: HTTP/1.1)
HTTP/1.1 200 OK
Content-Length: 15
Content-Type: application/json; charset=utf-8
cache-control: no-cache

14:30:09.297 [AsyncHttpClient-1-8] DEBUG org.asynchttpclient.netty.channel.ChannelManager - Adding key: http://localhost:19691 for channel [id: 0x0fd79672, L:/127.0.0.1:59225 - R:localhost/127.0.0.1:19691]
14:30:09.305 [Forwarding findElement on session 412c741e6f4f7ee9b149c7b74800e900 to remote] DEBUG org.asynchttpclient.netty.request.NettyRequestSender - Using pooled Channel '[id: 0x0fd79672, L:/127.0.0.1:59225 - R:localhost/127.0.0.1:19691]' for 'POST' to 'http://localhost:19691/session/412c741e6f4f7ee9b149c7b74800e900/element'
14:30:09.308 [Forwarding findElement on session 412c741e6f4f7ee9b149c7b74800e900 to remote] DEBUG org.asynchttpclient.netty.request.NettyRequestSender - Using open Channel [id: 0x0fd79672, L:/127.0.0.1:59225 - R:localhost/127.0.0.1:19691] for POST '/session/412c741e6f4f7ee9b149c7b74800e900/element'
14:30:09.333 [AsyncHttpClient-1-8] DEBUG org.asynchttpclient.netty.handler.HttpHandler - 

Request DefaultHttpRequest(decodeResult: success, version: HTTP/1.1)
POST /session/412c741e6f4f7ee9b149c7b74800e900/element HTTP/1.1
User-Agent: selenium/4.8.1 (java windows)
Content-Length: 65
Content-Type: application/json; charset=utf-8
host: localhost:19691
accept: */*

Response DefaultHttpResponse(decodeResult: success, version: HTTP/1.1)
HTTP/1.1 200 OK
Content-Length: 96
Content-Type: application/json; charset=utf-8
cache-control: no-cache

14:30:09.333 [AsyncHttpClient-1-8] DEBUG org.asynchttpclient.netty.channel.ChannelManager - Adding key: http://localhost:19691 for channel [id: 0x0fd79672, L:/127.0.0.1:59225 - R:localhost/127.0.0.1:19691]
14:30:09.333 [Forwarding clickElement on session 412c741e6f4f7ee9b149c7b74800e900 to remote] DEBUG org.asynchttpclient.netty.request.NettyRequestSender - Using pooled Channel '[id: 0x0fd79672, L:/127.0.0.1:59225 - R:localhost/127.0.0.1:19691]' for 'POST' to 'http://localhost:19691/session/412c741e6f4f7ee9b149c7b74800e900/element/9330F8CD5D18F75156EB4FB715507178_element_145/click'
14:30:09.333 [Forwarding clickElement on session 412c741e6f4f7ee9b149c7b74800e900 to remote] DEBUG org.asynchttpclient.netty.request.NettyRequestSender - Using open Channel [id: 0x0fd79672, L:/127.0.0.1:59225 - R:localhost/127.0.0.1:19691] for POST '/session/412c741e6f4f7ee9b149c7b74800e900/element/9330F8CD5D18F75156EB4FB715507178_element_145/click'
14:30:09.489 [AsyncHttpClient-1-1] DEBUG org.asynchttpclient.netty.channel.DefaultChannelPool - Entry count for : http://localhost:59226 : 1
14:30:09.556 [AsyncHttpClient-1-8] DEBUG org.asynchttpclient.netty.handler.HttpHandler - 

Request DefaultHttpRequest(decodeResult: success, version: HTTP/1.1)
POST /session/412c741e6f4f7ee9b149c7b74800e900/element/9330F8CD5D18F75156EB4FB715507178_element_145/click HTTP/1.1
User-Agent: selenium/4.8.1 (java windows)
Content-Length: 58
Content-Type: application/json; charset=utf-8
host: localhost:19691
accept: */*

Response DefaultHttpResponse(decodeResult: success, version: HTTP/1.1)
HTTP/1.1 200 OK
Content-Length: 14
Content-Type: application/json; charset=utf-8
cache-control: no-cache

14:30:09.556 [AsyncHttpClient-1-8] DEBUG org.asynchttpclient.netty.channel.ChannelManager - Adding key: http://localhost:19691 for channel [id: 0x0fd79672, L:/127.0.0.1:59225 - R:localhost/127.0.0.1:19691]
14:30:09.574 [Forwarding getAlertText on session 412c741e6f4f7ee9b149c7b74800e900 to remote] DEBUG org.asynchttpclient.netty.request.NettyRequestSender - Using pooled Channel '[id: 0x0fd79672, L:/127.0.0.1:59225 - R:localhost/127.0.0.1:19691]' for 'GET' to 'http://localhost:19691/session/412c741e6f4f7ee9b149c7b74800e900/alert/text'
14:30:09.574 [Forwarding getAlertText on session 412c741e6f4f7ee9b149c7b74800e900 to remote] DEBUG org.asynchttpclient.netty.request.NettyRequestSender - Using open Channel [id: 0x0fd79672, L:/127.0.0.1:59225 - R:localhost/127.0.0.1:19691] for GET '/session/412c741e6f4f7ee9b149c7b74800e900/alert/text'
14:30:09.580 [AsyncHttpClient-1-8] DEBUG org.asynchttpclient.netty.handler.HttpHandler - 

Request DefaultFullHttpRequest(decodeResult: success, version: HTTP/1.1, content: EmptyByteBufBE)
GET /session/412c741e6f4f7ee9b149c7b74800e900/alert/text HTTP/1.1
User-Agent: selenium/4.8.1 (java windows)
Cache-Control: no-cache
Content-Type: application/json; charset=utf-8
host: localhost:19691
accept: */*

Response DefaultHttpResponse(decodeResult: success, version: HTTP/1.1)
HTTP/1.1 404 Not Found
Content-Length: 821
Content-Type: application/json; charset=utf-8
cache-control: no-cache

14:30:09.580 [AsyncHttpClient-1-8] DEBUG org.asynchttpclient.netty.channel.ChannelManager - Adding key: http://localhost:19691 for channel [id: 0x0fd79672, L:/127.0.0.1:59225 - R:localhost/127.0.0.1:19691]
14:30:09.585 [Forwarding getCurrentUrl on session 412c741e6f4f7ee9b149c7b74800e900 to remote] DEBUG org.asynchttpclient.netty.request.NettyRequestSender - Using pooled Channel '[id: 0x0fd79672, L:/127.0.0.1:59225 - R:localhost/127.0.0.1:19691]' for 'GET' to 'http://localhost:19691/session/412c741e6f4f7ee9b149c7b74800e900/url'
14:30:09.585 [Forwarding getCurrentUrl on session 412c741e6f4f7ee9b149c7b74800e900 to remote] DEBUG org.asynchttpclient.netty.request.NettyRequestSender - Using open Channel [id: 0x0fd79672, L:/127.0.0.1:59225 - R:localhost/127.0.0.1:19691] for GET '/session/412c741e6f4f7ee9b149c7b74800e900/url'
14:30:09.601 [AsyncHttpClient-1-8] DEBUG org.asynchttpclient.netty.handler.HttpHandler - 

Request DefaultFullHttpRequest(decodeResult: success, version: HTTP/1.1, content: EmptyByteBufBE)
GET /session/412c741e6f4f7ee9b149c7b74800e900/url HTTP/1.1
User-Agent: selenium/4.8.1 (java windows)
Cache-Control: no-cache
Content-Type: application/json; charset=utf-8
host: localhost:19691
accept: */*

Response DefaultHttpResponse(decodeResult: success, version: HTTP/1.1)
HTTP/1.1 200 OK
Content-Length: 63
Content-Type: application/json; charset=utf-8
cache-control: no-cache

14:30:09.601 [AsyncHttpClient-1-8] DEBUG org.asynchttpclient.netty.channel.ChannelManager - Adding key: http://localhost:19691 for channel [id: 0x0fd79672, L:/127.0.0.1:59225 - R:localhost/127.0.0.1:19691]
14:30:09.601 [Forwarding screenshot on session 412c741e6f4f7ee9b149c7b74800e900 to remote] DEBUG org.asynchttpclient.netty.request.NettyRequestSender - Using pooled Channel '[id: 0x0fd79672, L:/127.0.0.1:59225 - R:localhost/127.0.0.1:19691]' for 'GET' to 'http://localhost:19691/session/412c741e6f4f7ee9b149c7b74800e900/screenshot'
14:30:09.601 [Forwarding screenshot on session 412c741e6f4f7ee9b149c7b74800e900 to remote] DEBUG org.asynchttpclient.netty.request.NettyRequestSender - Using open Channel [id: 0x0fd79672, L:/127.0.0.1:59225 - R:localhost/127.0.0.1:19691] for GET '/session/412c741e6f4f7ee9b149c7b74800e900/screenshot'
14:30:09.918 [AsyncHttpClient-1-8] DEBUG org.asynchttpclient.netty.handler.HttpHandler - 

Request DefaultFullHttpRequest(decodeResult: success, version: HTTP/1.1, content: EmptyByteBufBE)
GET /session/412c741e6f4f7ee9b149c7b74800e900/screenshot HTTP/1.1
User-Agent: selenium/4.8.1 (java windows)
Cache-Control: no-cache
Content-Type: application/json; charset=utf-8
host: localhost:19691
accept: */*

Response DefaultHttpResponse(decodeResult: success, version: HTTP/1.1)
HTTP/1.1 200 OK
Content-Length: 82980
Content-Type: application/json; charset=utf-8
cache-control: no-cache

14:30:09.918 [AsyncHttpClient-1-8] DEBUG org.asynchttpclient.netty.channel.ChannelManager - Adding key: http://localhost:19691 for channel [id: 0x0fd79672, L:/127.0.0.1:59225 - R:localhost/127.0.0.1:19691]
14:30:09.926 [main] DEBUG net.serenitybdd.core.photography.Darkroom - Send negative for processing for target\site\serenity\1fca45ea1b50de9601aad721ff205404d46127b21eda204212c9f569bf02173a.png
14:30:09.926 [main] DEBUG net.thucydides.core.steps.StepInterceptor - STEP DONE: Choose_Date
14:30:09.926 [Darkroom Processing Line] DEBUG net.serenitybdd.core.photography.DarkroomProcessingLine - Processing screenshot image in /var/screenshots/screenshot-2113906971129500032
14:30:09.926 [Darkroom Processing Line] DEBUG net.serenitybdd.core.photography.DarkroomProcessingLine - Saving screenshot to target\site\serenity\1fca45ea1b50de9601aad721ff205404d46127b21eda204212c9f569bf02173a.png
14:30:09.937 [Forwarding getPageSource on session 412c741e6f4f7ee9b149c7b74800e900 to remote] DEBUG org.asynchttpclient.netty.request.NettyRequestSender - Using pooled Channel '[id: 0x0fd79672, L:/127.0.0.1:59225 - R:localhost/127.0.0.1:19691]' for 'POST' to 'http://localhost:19691/session/412c741e6f4f7ee9b149c7b74800e900/execute/sync'
14:30:09.937 [Forwarding getPageSource on session 412c741e6f4f7ee9b149c7b74800e900 to remote] DEBUG org.asynchttpclient.netty.request.NettyRequestSender - Using open Channel [id: 0x0fd79672, L:/127.0.0.1:59225 - R:localhost/127.0.0.1:19691] for POST '/session/412c741e6f4f7ee9b149c7b74800e900/execute/sync'
14:30:09.958 [AsyncHttpClient-1-8] DEBUG org.asynchttpclient.netty.handler.HttpHandler - 

Request DefaultHttpRequest(decodeResult: success, version: HTTP/1.1)
POST /session/412c741e6f4f7ee9b149c7b74800e900/execute/sync HTTP/1.1
User-Agent: selenium/4.8.1 (java windows)
Content-Length: 176
Content-Type: application/json; charset=utf-8
host: localhost:19691
accept: */*

Response DefaultHttpResponse(decodeResult: success, version: HTTP/1.1)
HTTP/1.1 200 OK
Content-Length: 46190
Content-Type: application/json; charset=utf-8
cache-control: no-cache

14:30:09.958 [AsyncHttpClient-1-8] DEBUG org.asynchttpclient.netty.channel.ChannelManager - Adding key: http://localhost:19691 for channel [id: 0x0fd79672, L:/127.0.0.1:59225 - R:localhost/127.0.0.1:19691]
14:30:09.969 [Forwarding getCurrentUrl on session 412c741e6f4f7ee9b149c7b74800e900 to remote] DEBUG org.asynchttpclient.netty.request.NettyRequestSender - Using pooled Channel '[id: 0x0fd79672, L:/127.0.0.1:59225 - R:localhost/127.0.0.1:19691]' for 'GET' to 'http://localhost:19691/session/412c741e6f4f7ee9b149c7b74800e900/url'
14:30:09.969 [Forwarding getCurrentUrl on session 412c741e6f4f7ee9b149c7b74800e900 to remote] DEBUG org.asynchttpclient.netty.request.NettyRequestSender - Using open Channel [id: 0x0fd79672, L:/127.0.0.1:59225 - R:localhost/127.0.0.1:19691] for GET '/session/412c741e6f4f7ee9b149c7b74800e900/url'
14:30:09.982 [AsyncHttpClient-1-8] DEBUG org.asynchttpclient.netty.handler.HttpHandler - 

Request DefaultFullHttpRequest(decodeResult: success, version: HTTP/1.1, content: EmptyByteBufBE)
GET /session/412c741e6f4f7ee9b149c7b74800e900/url HTTP/1.1
User-Agent: selenium/4.8.1 (java windows)
Cache-Control: no-cache
Content-Type: application/json; charset=utf-8
host: localhost:19691
accept: */*

Response DefaultHttpResponse(decodeResult: success, version: HTTP/1.1)
HTTP/1.1 200 OK
Content-Length: 63
Content-Type: application/json; charset=utf-8
cache-control: no-cache

14:30:09.982 [AsyncHttpClient-1-8] DEBUG org.asynchttpclient.netty.channel.ChannelManager - Adding key: http://localhost:19691 for channel [id: 0x0fd79672, L:/127.0.0.1:59225 - R:localhost/127.0.0.1:19691]
14:30:09.998 [Forwarding getAlertText on session 412c741e6f4f7ee9b149c7b74800e900 to remote] DEBUG org.asynchttpclient.netty.request.NettyRequestSender - Using pooled Channel '[id: 0x0fd79672, L:/127.0.0.1:59225 - R:localhost/127.0.0.1:19691]' for 'GET' to 'http://localhost:19691/session/412c741e6f4f7ee9b149c7b74800e900/alert/text'
14:30:09.998 [Forwarding getAlertText on session 412c741e6f4f7ee9b149c7b74800e900 to remote] DEBUG org.asynchttpclient.netty.request.NettyRequestSender - Using open Channel [id: 0x0fd79672, L:/127.0.0.1:59225 - R:localhost/127.0.0.1:19691] for GET '/session/412c741e6f4f7ee9b149c7b74800e900/alert/text'
14:30:10.001 [AsyncHttpClient-1-8] DEBUG org.asynchttpclient.netty.handler.HttpHandler - 

Request DefaultFullHttpRequest(decodeResult: success, version: HTTP/1.1, content: EmptyByteBufBE)
GET /session/412c741e6f4f7ee9b149c7b74800e900/alert/text HTTP/1.1
User-Agent: selenium/4.8.1 (java windows)
Cache-Control: no-cache
Content-Type: application/json; charset=utf-8
host: localhost:19691
accept: */*

Response DefaultHttpResponse(decodeResult: success, version: HTTP/1.1)
HTTP/1.1 404 Not Found
Content-Length: 821
Content-Type: application/json; charset=utf-8
cache-control: no-cache

14:30:10.001 [AsyncHttpClient-1-8] DEBUG org.asynchttpclient.netty.channel.ChannelManager - Adding key: http://localhost:19691 for channel [id: 0x0fd79672, L:/127.0.0.1:59225 - R:localhost/127.0.0.1:19691]
14:30:10.001 [Forwarding getCurrentUrl on session 412c741e6f4f7ee9b149c7b74800e900 to remote] DEBUG org.asynchttpclient.netty.request.NettyRequestSender - Using pooled Channel '[id: 0x0fd79672, L:/127.0.0.1:59225 - R:localhost/127.0.0.1:19691]' for 'GET' to 'http://localhost:19691/session/412c741e6f4f7ee9b149c7b74800e900/url'
14:30:10.001 [Forwarding getCurrentUrl on session 412c741e6f4f7ee9b149c7b74800e900 to remote] DEBUG org.asynchttpclient.netty.request.NettyRequestSender - Using open Channel [id: 0x0fd79672, L:/127.0.0.1:59225 - R:localhost/127.0.0.1:19691] for GET '/session/412c741e6f4f7ee9b149c7b74800e900/url'
14:30:10.014 [AsyncHttpClient-1-8] DEBUG org.asynchttpclient.netty.handler.HttpHandler - 

Request DefaultFullHttpRequest(decodeResult: success, version: HTTP/1.1, content: EmptyByteBufBE)
GET /session/412c741e6f4f7ee9b149c7b74800e900/url HTTP/1.1
User-Agent: selenium/4.8.1 (java windows)
Cache-Control: no-cache
Content-Type: application/json; charset=utf-8
host: localhost:19691
accept: */*

Response DefaultHttpResponse(decodeResult: success, version: HTTP/1.1)
HTTP/1.1 200 OK
Content-Length: 63
Content-Type: application/json; charset=utf-8
cache-control: no-cache

14:30:10.014 [AsyncHttpClient-1-8] DEBUG org.asynchttpclient.netty.channel.ChannelManager - Adding key: http://localhost:19691 for channel [id: 0x0fd79672, L:/127.0.0.1:59225 - R:localhost/127.0.0.1:19691]
14:30:10.014 [Forwarding screenshot on session 412c741e6f4f7ee9b149c7b74800e900 to remote] DEBUG org.asynchttpclient.netty.request.NettyRequestSender - Using pooled Channel '[id: 0x0fd79672, L:/127.0.0.1:59225 - R:localhost/127.0.0.1:19691]' for 'GET' to 'http://localhost:19691/session/412c741e6f4f7ee9b149c7b74800e900/screenshot'
14:30:10.014 [Forwarding screenshot on session 412c741e6f4f7ee9b149c7b74800e900 to remote] DEBUG org.asynchttpclient.netty.request.NettyRequestSender - Using open Channel [id: 0x0fd79672, L:/127.0.0.1:59225 - R:localhost/127.0.0.1:19691] for GET '/session/412c741e6f4f7ee9b149c7b74800e900/screenshot'
14:30:10.214 [AsyncHttpClient-1-8] DEBUG org.asynchttpclient.netty.handler.HttpHandler - 

Request DefaultFullHttpRequest(decodeResult: success, version: HTTP/1.1, content: EmptyByteBufBE)
GET /session/412c741e6f4f7ee9b149c7b74800e900/screenshot HTTP/1.1
User-Agent: selenium/4.8.1 (java windows)
Cache-Control: no-cache
Content-Type: application/json; charset=utf-8
host: localhost:19691
accept: */*

Response DefaultHttpResponse(decodeResult: success, version: HTTP/1.1)
HTTP/1.1 200 OK
Content-Length: 82980
Content-Type: application/json; charset=utf-8
cache-control: no-cache

14:30:10.214 [AsyncHttpClient-1-8] DEBUG org.asynchttpclient.netty.channel.ChannelManager - Adding key: http://localhost:19691 for channel [id: 0x0fd79672, L:/127.0.0.1:59225 - R:localhost/127.0.0.1:19691]
14:30:10.225 [main] DEBUG net.serenitybdd.core.photography.Darkroom - Send negative for processing for target\site\serenity\1fca45ea1b50de9601aad721ff205404d46127b21eda204212c9f569bf02173a.png
14:30:10.230 [Forwarding getPageSource on session 412c741e6f4f7ee9b149c7b74800e900 to remote] DEBUG org.asynchttpclient.netty.request.NettyRequestSender - Using pooled Channel '[id: 0x0fd79672, L:/127.0.0.1:59225 - R:localhost/127.0.0.1:19691]' for 'POST' to 'http://localhost:19691/session/412c741e6f4f7ee9b149c7b74800e900/execute/sync'
14:30:10.230 [Forwarding getPageSource on session 412c741e6f4f7ee9b149c7b74800e900 to remote] DEBUG org.asynchttpclient.netty.request.NettyRequestSender - Using open Channel [id: 0x0fd79672, L:/127.0.0.1:59225 - R:localhost/127.0.0.1:19691] for POST '/session/412c741e6f4f7ee9b149c7b74800e900/execute/sync'
14:30:10.246 [AsyncHttpClient-1-8] DEBUG org.asynchttpclient.netty.handler.HttpHandler - 

Request DefaultHttpRequest(decodeResult: success, version: HTTP/1.1)
POST /session/412c741e6f4f7ee9b149c7b74800e900/execute/sync HTTP/1.1
User-Agent: selenium/4.8.1 (java windows)
Content-Length: 176
Content-Type: application/json; charset=utf-8
host: localhost:19691
accept: */*

Response DefaultHttpResponse(decodeResult: success, version: HTTP/1.1)
HTTP/1.1 200 OK
Content-Length: 46190
Content-Type: application/json; charset=utf-8
cache-control: no-cache

14:30:10.246 [AsyncHttpClient-1-8] DEBUG org.asynchttpclient.netty.channel.ChannelManager - Adding key: http://localhost:19691 for channel [id: 0x0fd79672, L:/127.0.0.1:59225 - R:localhost/127.0.0.1:19691]
14:30:10.246 [Forwarding getCurrentUrl on session 412c741e6f4f7ee9b149c7b74800e900 to remote] DEBUG org.asynchttpclient.netty.request.NettyRequestSender - Using pooled Channel '[id: 0x0fd79672, L:/127.0.0.1:59225 - R:localhost/127.0.0.1:19691]' for 'GET' to 'http://localhost:19691/session/412c741e6f4f7ee9b149c7b74800e900/url'
14:30:10.246 [Forwarding getCurrentUrl on session 412c741e6f4f7ee9b149c7b74800e900 to remote] DEBUG org.asynchttpclient.netty.request.NettyRequestSender - Using open Channel [id: 0x0fd79672, L:/127.0.0.1:59225 - R:localhost/127.0.0.1:19691] for GET '/session/412c741e6f4f7ee9b149c7b74800e900/url'
14:30:10.261 [AsyncHttpClient-1-8] DEBUG org.asynchttpclient.netty.handler.HttpHandler - 

Request DefaultFullHttpRequest(decodeResult: success, version: HTTP/1.1, content: EmptyByteBufBE)
GET /session/412c741e6f4f7ee9b149c7b74800e900/url HTTP/1.1
User-Agent: selenium/4.8.1 (java windows)
Cache-Control: no-cache
Content-Type: application/json; charset=utf-8
host: localhost:19691
accept: */*

Response DefaultHttpResponse(decodeResult: success, version: HTTP/1.1)
HTTP/1.1 200 OK
Content-Length: 63
Content-Type: application/json; charset=utf-8
cache-control: no-cache

14:30:10.261 [AsyncHttpClient-1-8] DEBUG org.asynchttpclient.netty.channel.ChannelManager - Adding key: http://localhost:19691 for channel [id: 0x0fd79672, L:/127.0.0.1:59225 - R:localhost/127.0.0.1:19691]
14:30:10.267 [main] DEBUG net.thucydides.core.steps.StepInterceptor - STARTING STEP: Afrexim_Signup_steps.enter_city_of_incorporation - Enter_City_of_incorporation
14:30:10.267 [Forwarding findElement on session 412c741e6f4f7ee9b149c7b74800e900 to remote] DEBUG org.asynchttpclient.netty.request.NettyRequestSender - Using pooled Channel '[id: 0x0fd79672, L:/127.0.0.1:59225 - R:localhost/127.0.0.1:19691]' for 'POST' to 'http://localhost:19691/session/412c741e6f4f7ee9b149c7b74800e900/element'
14:30:10.267 [Forwarding findElement on session 412c741e6f4f7ee9b149c7b74800e900 to remote] DEBUG org.asynchttpclient.netty.request.NettyRequestSender - Using open Channel [id: 0x0fd79672, L:/127.0.0.1:59225 - R:localhost/127.0.0.1:19691] for POST '/session/412c741e6f4f7ee9b149c7b74800e900/element'
14:30:10.293 [AsyncHttpClient-1-8] DEBUG org.asynchttpclient.netty.handler.HttpHandler - 

Request DefaultHttpRequest(decodeResult: success, version: HTTP/1.1)
POST /session/412c741e6f4f7ee9b149c7b74800e900/element HTTP/1.1
User-Agent: selenium/4.8.1 (java windows)
Content-Length: 86
Content-Type: application/json; charset=utf-8
host: localhost:19691
accept: */*

Response DefaultHttpResponse(decodeResult: success, version: HTTP/1.1)
HTTP/1.1 200 OK
Content-Length: 96
Content-Type: application/json; charset=utf-8
cache-control: no-cache

14:30:10.293 [AsyncHttpClient-1-8] DEBUG org.asynchttpclient.netty.channel.ChannelManager - Adding key: http://localhost:19691 for channel [id: 0x0fd79672, L:/127.0.0.1:59225 - R:localhost/127.0.0.1:19691]
14:30:10.293 [Forwarding clearElement on session 412c741e6f4f7ee9b149c7b74800e900 to remote] DEBUG org.asynchttpclient.netty.request.NettyRequestSender - Using pooled Channel '[id: 0x0fd79672, L:/127.0.0.1:59225 - R:localhost/127.0.0.1:19691]' for 'POST' to 'http://localhost:19691/session/412c741e6f4f7ee9b149c7b74800e900/element/9330F8CD5D18F75156EB4FB715507178_element_146/clear'
14:30:10.293 [Forwarding clearElement on session 412c741e6f4f7ee9b149c7b74800e900 to remote] DEBUG org.asynchttpclient.netty.request.NettyRequestSender - Using open Channel [id: 0x0fd79672, L:/127.0.0.1:59225 - R:localhost/127.0.0.1:19691] for POST '/session/412c741e6f4f7ee9b149c7b74800e900/element/9330F8CD5D18F75156EB4FB715507178_element_146/clear'
14:30:10.342 [AsyncHttpClient-1-8] DEBUG org.asynchttpclient.netty.handler.HttpHandler - 

Request DefaultHttpRequest(decodeResult: success, version: HTTP/1.1)
POST /session/412c741e6f4f7ee9b149c7b74800e900/element/9330F8CD5D18F75156EB4FB715507178_element_146/clear HTTP/1.1
User-Agent: selenium/4.8.1 (java windows)
Content-Length: 58
Content-Type: application/json; charset=utf-8
host: localhost:19691
accept: */*

Response DefaultHttpResponse(decodeResult: success, version: HTTP/1.1)
HTTP/1.1 200 OK
Content-Length: 14
Content-Type: application/json; charset=utf-8
cache-control: no-cache

14:30:10.342 [AsyncHttpClient-1-8] DEBUG org.asynchttpclient.netty.channel.ChannelManager - Adding key: http://localhost:19691 for channel [id: 0x0fd79672, L:/127.0.0.1:59225 - R:localhost/127.0.0.1:19691]
14:30:10.342 [Forwarding sendKeysToElement on session 412c741e6f4f7ee9b149c7b74800e900 to remote] DEBUG org.asynchttpclient.netty.request.NettyRequestSender - Using pooled Channel '[id: 0x0fd79672, L:/127.0.0.1:59225 - R:localhost/127.0.0.1:19691]' for 'POST' to 'http://localhost:19691/session/412c741e6f4f7ee9b149c7b74800e900/element/9330F8CD5D18F75156EB4FB715507178_element_146/value'
14:30:10.342 [Forwarding sendKeysToElement on session 412c741e6f4f7ee9b149c7b74800e900 to remote] DEBUG org.asynchttpclient.netty.request.NettyRequestSender - Using open Channel [id: 0x0fd79672, L:/127.0.0.1:59225 - R:localhost/127.0.0.1:19691] for POST '/session/412c741e6f4f7ee9b149c7b74800e900/element/9330F8CD5D18F75156EB4FB715507178_element_146/value'
14:30:10.587 [AsyncHttpClient-1-1] DEBUG org.asynchttpclient.netty.channel.DefaultChannelPool - Entry count for : http://localhost:59226 : 1
14:30:10.913 [AsyncHttpClient-1-8] DEBUG org.asynchttpclient.netty.handler.HttpHandler - 

Request DefaultHttpRequest(decodeResult: success, version: HTTP/1.1)
POST /session/412c741e6f4f7ee9b149c7b74800e900/element/9330F8CD5D18F75156EB4FB715507178_element_146/value HTTP/1.1
User-Agent: selenium/4.8.1 (java windows)
Content-Length: 179
Content-Type: application/json; charset=utf-8
host: localhost:19691
accept: */*

Response DefaultHttpResponse(decodeResult: success, version: HTTP/1.1)
HTTP/1.1 200 OK
Content-Length: 14
Content-Type: application/json; charset=utf-8
cache-control: no-cache

14:30:10.913 [AsyncHttpClient-1-8] DEBUG org.asynchttpclient.netty.channel.ChannelManager - Adding key: http://localhost:19691 for channel [id: 0x0fd79672, L:/127.0.0.1:59225 - R:localhost/127.0.0.1:19691]
14:30:10.918 [Forwarding sendKeysToElement on session 412c741e6f4f7ee9b149c7b74800e900 to remote] DEBUG org.asynchttpclient.netty.request.NettyRequestSender - Using pooled Channel '[id: 0x0fd79672, L:/127.0.0.1:59225 - R:localhost/127.0.0.1:19691]' for 'POST' to 'http://localhost:19691/session/412c741e6f4f7ee9b149c7b74800e900/element/9330F8CD5D18F75156EB4FB715507178_element_146/value'
14:30:10.918 [Forwarding sendKeysToElement on session 412c741e6f4f7ee9b149c7b74800e900 to remote] DEBUG org.asynchttpclient.netty.request.NettyRequestSender - Using open Channel [id: 0x0fd79672, L:/127.0.0.1:59225 - R:localhost/127.0.0.1:19691] for POST '/session/412c741e6f4f7ee9b149c7b74800e900/element/9330F8CD5D18F75156EB4FB715507178_element_146/value'
14:30:11.028 [AsyncHttpClient-1-8] DEBUG org.asynchttpclient.netty.handler.HttpHandler - 

Request DefaultHttpRequest(decodeResult: success, version: HTTP/1.1)
POST /session/412c741e6f4f7ee9b149c7b74800e900/element/9330F8CD5D18F75156EB4FB715507178_element_146/value HTTP/1.1
User-Agent: selenium/4.8.1 (java windows)
Content-Length: 103
Content-Type: application/json; charset=utf-8
host: localhost:19691
accept: */*

Response DefaultHttpResponse(decodeResult: success, version: HTTP/1.1)
HTTP/1.1 200 OK
Content-Length: 14
Content-Type: application/json; charset=utf-8
cache-control: no-cache

14:30:11.028 [AsyncHttpClient-1-8] DEBUG org.asynchttpclient.netty.channel.ChannelManager - Adding key: http://localhost:19691 for channel [id: 0x0fd79672, L:/127.0.0.1:59225 - R:localhost/127.0.0.1:19691]
14:30:11.040 [Forwarding getAlertText on session 412c741e6f4f7ee9b149c7b74800e900 to remote] DEBUG org.asynchttpclient.netty.request.NettyRequestSender - Using pooled Channel '[id: 0x0fd79672, L:/127.0.0.1:59225 - R:localhost/127.0.0.1:19691]' for 'GET' to 'http://localhost:19691/session/412c741e6f4f7ee9b149c7b74800e900/alert/text'
14:30:11.040 [Forwarding getAlertText on session 412c741e6f4f7ee9b149c7b74800e900 to remote] DEBUG org.asynchttpclient.netty.request.NettyRequestSender - Using open Channel [id: 0x0fd79672, L:/127.0.0.1:59225 - R:localhost/127.0.0.1:19691] for GET '/session/412c741e6f4f7ee9b149c7b74800e900/alert/text'
14:30:11.046 [AsyncHttpClient-1-8] DEBUG org.asynchttpclient.netty.handler.HttpHandler - 

Request DefaultFullHttpRequest(decodeResult: success, version: HTTP/1.1, content: EmptyByteBufBE)
GET /session/412c741e6f4f7ee9b149c7b74800e900/alert/text HTTP/1.1
User-Agent: selenium/4.8.1 (java windows)
Cache-Control: no-cache
Content-Type: application/json; charset=utf-8
host: localhost:19691
accept: */*

Response DefaultHttpResponse(decodeResult: success, version: HTTP/1.1)
HTTP/1.1 404 Not Found
Content-Length: 821
Content-Type: application/json; charset=utf-8
cache-control: no-cache

14:30:11.046 [AsyncHttpClient-1-8] DEBUG org.asynchttpclient.netty.channel.ChannelManager - Adding key: http://localhost:19691 for channel [id: 0x0fd79672, L:/127.0.0.1:59225 - R:localhost/127.0.0.1:19691]
14:30:11.053 [Forwarding getCurrentUrl on session 412c741e6f4f7ee9b149c7b74800e900 to remote] DEBUG org.asynchttpclient.netty.request.NettyRequestSender - Using pooled Channel '[id: 0x0fd79672, L:/127.0.0.1:59225 - R:localhost/127.0.0.1:19691]' for 'GET' to 'http://localhost:19691/session/412c741e6f4f7ee9b149c7b74800e900/url'
14:30:11.053 [Forwarding getCurrentUrl on session 412c741e6f4f7ee9b149c7b74800e900 to remote] DEBUG org.asynchttpclient.netty.request.NettyRequestSender - Using open Channel [id: 0x0fd79672, L:/127.0.0.1:59225 - R:localhost/127.0.0.1:19691] for GET '/session/412c741e6f4f7ee9b149c7b74800e900/url'
14:30:11.072 [AsyncHttpClient-1-8] DEBUG org.asynchttpclient.netty.handler.HttpHandler - 

Request DefaultFullHttpRequest(decodeResult: success, version: HTTP/1.1, content: EmptyByteBufBE)
GET /session/412c741e6f4f7ee9b149c7b74800e900/url HTTP/1.1
User-Agent: selenium/4.8.1 (java windows)
Cache-Control: no-cache
Content-Type: application/json; charset=utf-8
host: localhost:19691
accept: */*

Response DefaultHttpResponse(decodeResult: success, version: HTTP/1.1)
HTTP/1.1 200 OK
Content-Length: 63
Content-Type: application/json; charset=utf-8
cache-control: no-cache

14:30:11.072 [AsyncHttpClient-1-8] DEBUG org.asynchttpclient.netty.channel.ChannelManager - Adding key: http://localhost:19691 for channel [id: 0x0fd79672, L:/127.0.0.1:59225 - R:localhost/127.0.0.1:19691]
14:30:11.072 [Forwarding screenshot on session 412c741e6f4f7ee9b149c7b74800e900 to remote] DEBUG org.asynchttpclient.netty.request.NettyRequestSender - Using pooled Channel '[id: 0x0fd79672, L:/127.0.0.1:59225 - R:localhost/127.0.0.1:19691]' for 'GET' to 'http://localhost:19691/session/412c741e6f4f7ee9b149c7b74800e900/screenshot'
14:30:11.072 [Forwarding screenshot on session 412c741e6f4f7ee9b149c7b74800e900 to remote] DEBUG org.asynchttpclient.netty.request.NettyRequestSender - Using open Channel [id: 0x0fd79672, L:/127.0.0.1:59225 - R:localhost/127.0.0.1:19691] for GET '/session/412c741e6f4f7ee9b149c7b74800e900/screenshot'
14:30:11.345 [AsyncHttpClient-1-8] DEBUG org.asynchttpclient.netty.handler.HttpHandler - 

Request DefaultFullHttpRequest(decodeResult: success, version: HTTP/1.1, content: EmptyByteBufBE)
GET /session/412c741e6f4f7ee9b149c7b74800e900/screenshot HTTP/1.1
User-Agent: selenium/4.8.1 (java windows)
Cache-Control: no-cache
Content-Type: application/json; charset=utf-8
host: localhost:19691
accept: */*

Response DefaultHttpResponse(decodeResult: success, version: HTTP/1.1)
HTTP/1.1 200 OK
Content-Length: 86908
Content-Type: application/json; charset=utf-8
cache-control: no-cache

14:30:11.345 [AsyncHttpClient-1-8] DEBUG org.asynchttpclient.netty.channel.ChannelManager - Adding key: http://localhost:19691 for channel [id: 0x0fd79672, L:/127.0.0.1:59225 - R:localhost/127.0.0.1:19691]
14:30:11.355 [main] DEBUG net.serenitybdd.core.photography.Darkroom - Send negative for processing for target\site\serenity\06ee5bfd9533a4eb37aa8c7d9c93e22e68556b97178cbd71a0a65fcf0a8f0603.png
14:30:11.355 [main] DEBUG net.thucydides.core.steps.StepInterceptor - STEP DONE: Enter_City_of_incorporation
14:30:11.355 [Darkroom Processing Line] DEBUG net.serenitybdd.core.photography.DarkroomProcessingLine - Processing screenshot image in /var/screenshots/screenshot-6090457810835456741
14:30:11.355 [Darkroom Processing Line] DEBUG net.serenitybdd.core.photography.DarkroomProcessingLine - Saving screenshot to target\site\serenity\06ee5bfd9533a4eb37aa8c7d9c93e22e68556b97178cbd71a0a65fcf0a8f0603.png
14:30:11.371 [Forwarding getPageSource on session 412c741e6f4f7ee9b149c7b74800e900 to remote] DEBUG org.asynchttpclient.netty.request.NettyRequestSender - Using pooled Channel '[id: 0x0fd79672, L:/127.0.0.1:59225 - R:localhost/127.0.0.1:19691]' for 'POST' to 'http://localhost:19691/session/412c741e6f4f7ee9b149c7b74800e900/execute/sync'
14:30:11.371 [Forwarding getPageSource on session 412c741e6f4f7ee9b149c7b74800e900 to remote] DEBUG org.asynchttpclient.netty.request.NettyRequestSender - Using open Channel [id: 0x0fd79672, L:/127.0.0.1:59225 - R:localhost/127.0.0.1:19691] for POST '/session/412c741e6f4f7ee9b149c7b74800e900/execute/sync'
14:30:11.391 [AsyncHttpClient-1-8] DEBUG org.asynchttpclient.netty.handler.HttpHandler - 

Request DefaultHttpRequest(decodeResult: success, version: HTTP/1.1)
POST /session/412c741e6f4f7ee9b149c7b74800e900/execute/sync HTTP/1.1
User-Agent: selenium/4.8.1 (java windows)
Content-Length: 176
Content-Type: application/json; charset=utf-8
host: localhost:19691
accept: */*

Response DefaultHttpResponse(decodeResult: success, version: HTTP/1.1)
HTTP/1.1 200 OK
Content-Length: 46199
Content-Type: application/json; charset=utf-8
cache-control: no-cache

14:30:11.391 [AsyncHttpClient-1-8] DEBUG org.asynchttpclient.netty.channel.ChannelManager - Adding key: http://localhost:19691 for channel [id: 0x0fd79672, L:/127.0.0.1:59225 - R:localhost/127.0.0.1:19691]
14:30:11.398 [Forwarding getCurrentUrl on session 412c741e6f4f7ee9b149c7b74800e900 to remote] DEBUG org.asynchttpclient.netty.request.NettyRequestSender - Using pooled Channel '[id: 0x0fd79672, L:/127.0.0.1:59225 - R:localhost/127.0.0.1:19691]' for 'GET' to 'http://localhost:19691/session/412c741e6f4f7ee9b149c7b74800e900/url'
14:30:11.398 [Forwarding getCurrentUrl on session 412c741e6f4f7ee9b149c7b74800e900 to remote] DEBUG org.asynchttpclient.netty.request.NettyRequestSender - Using open Channel [id: 0x0fd79672, L:/127.0.0.1:59225 - R:localhost/127.0.0.1:19691] for GET '/session/412c741e6f4f7ee9b149c7b74800e900/url'
14:30:11.409 [AsyncHttpClient-1-8] DEBUG org.asynchttpclient.netty.handler.HttpHandler - 

Request DefaultFullHttpRequest(decodeResult: success, version: HTTP/1.1, content: EmptyByteBufBE)
GET /session/412c741e6f4f7ee9b149c7b74800e900/url HTTP/1.1
User-Agent: selenium/4.8.1 (java windows)
Cache-Control: no-cache
Content-Type: application/json; charset=utf-8
host: localhost:19691
accept: */*

Response DefaultHttpResponse(decodeResult: success, version: HTTP/1.1)
HTTP/1.1 200 OK
Content-Length: 63
Content-Type: application/json; charset=utf-8
cache-control: no-cache

14:30:11.409 [AsyncHttpClient-1-8] DEBUG org.asynchttpclient.netty.channel.ChannelManager - Adding key: http://localhost:19691 for channel [id: 0x0fd79672, L:/127.0.0.1:59225 - R:localhost/127.0.0.1:19691]
14:30:11.435 [Forwarding getAlertText on session 412c741e6f4f7ee9b149c7b74800e900 to remote] DEBUG org.asynchttpclient.netty.request.NettyRequestSender - Using pooled Channel '[id: 0x0fd79672, L:/127.0.0.1:59225 - R:localhost/127.0.0.1:19691]' for 'GET' to 'http://localhost:19691/session/412c741e6f4f7ee9b149c7b74800e900/alert/text'
14:30:11.435 [Forwarding getAlertText on session 412c741e6f4f7ee9b149c7b74800e900 to remote] DEBUG org.asynchttpclient.netty.request.NettyRequestSender - Using open Channel [id: 0x0fd79672, L:/127.0.0.1:59225 - R:localhost/127.0.0.1:19691] for GET '/session/412c741e6f4f7ee9b149c7b74800e900/alert/text'
14:30:11.435 [AsyncHttpClient-1-8] DEBUG org.asynchttpclient.netty.handler.HttpHandler - 

Request DefaultFullHttpRequest(decodeResult: success, version: HTTP/1.1, content: EmptyByteBufBE)
GET /session/412c741e6f4f7ee9b149c7b74800e900/alert/text HTTP/1.1
User-Agent: selenium/4.8.1 (java windows)
Cache-Control: no-cache
Content-Type: application/json; charset=utf-8
host: localhost:19691
accept: */*

Response DefaultHttpResponse(decodeResult: success, version: HTTP/1.1)
HTTP/1.1 404 Not Found
Content-Length: 821
Content-Type: application/json; charset=utf-8
cache-control: no-cache

14:30:11.435 [AsyncHttpClient-1-8] DEBUG org.asynchttpclient.netty.channel.ChannelManager - Adding key: http://localhost:19691 for channel [id: 0x0fd79672, L:/127.0.0.1:59225 - R:localhost/127.0.0.1:19691]
14:30:11.441 [Forwarding getCurrentUrl on session 412c741e6f4f7ee9b149c7b74800e900 to remote] DEBUG org.asynchttpclient.netty.request.NettyRequestSender - Using pooled Channel '[id: 0x0fd79672, L:/127.0.0.1:59225 - R:localhost/127.0.0.1:19691]' for 'GET' to 'http://localhost:19691/session/412c741e6f4f7ee9b149c7b74800e900/url'
14:30:11.441 [Forwarding getCurrentUrl on session 412c741e6f4f7ee9b149c7b74800e900 to remote] DEBUG org.asynchttpclient.netty.request.NettyRequestSender - Using open Channel [id: 0x0fd79672, L:/127.0.0.1:59225 - R:localhost/127.0.0.1:19691] for GET '/session/412c741e6f4f7ee9b149c7b74800e900/url'
14:30:11.455 [AsyncHttpClient-1-8] DEBUG org.asynchttpclient.netty.handler.HttpHandler - 

Request DefaultFullHttpRequest(decodeResult: success, version: HTTP/1.1, content: EmptyByteBufBE)
GET /session/412c741e6f4f7ee9b149c7b74800e900/url HTTP/1.1
User-Agent: selenium/4.8.1 (java windows)
Cache-Control: no-cache
Content-Type: application/json; charset=utf-8
host: localhost:19691
accept: */*

Response DefaultHttpResponse(decodeResult: success, version: HTTP/1.1)
HTTP/1.1 200 OK
Content-Length: 63
Content-Type: application/json; charset=utf-8
cache-control: no-cache

14:30:11.455 [AsyncHttpClient-1-8] DEBUG org.asynchttpclient.netty.channel.ChannelManager - Adding key: http://localhost:19691 for channel [id: 0x0fd79672, L:/127.0.0.1:59225 - R:localhost/127.0.0.1:19691]
14:30:11.455 [Forwarding screenshot on session 412c741e6f4f7ee9b149c7b74800e900 to remote] DEBUG org.asynchttpclient.netty.request.NettyRequestSender - Using pooled Channel '[id: 0x0fd79672, L:/127.0.0.1:59225 - R:localhost/127.0.0.1:19691]' for 'GET' to 'http://localhost:19691/session/412c741e6f4f7ee9b149c7b74800e900/screenshot'
14:30:11.455 [Forwarding screenshot on session 412c741e6f4f7ee9b149c7b74800e900 to remote] DEBUG org.asynchttpclient.netty.request.NettyRequestSender - Using open Channel [id: 0x0fd79672, L:/127.0.0.1:59225 - R:localhost/127.0.0.1:19691] for GET '/session/412c741e6f4f7ee9b149c7b74800e900/screenshot'
14:30:11.686 [AsyncHttpClient-1-8] DEBUG org.asynchttpclient.netty.handler.HttpHandler - 

Request DefaultFullHttpRequest(decodeResult: success, version: HTTP/1.1, content: EmptyByteBufBE)
GET /session/412c741e6f4f7ee9b149c7b74800e900/screenshot HTTP/1.1
User-Agent: selenium/4.8.1 (java windows)
Cache-Control: no-cache
Content-Type: application/json; charset=utf-8
host: localhost:19691
accept: */*

Response DefaultHttpResponse(decodeResult: success, version: HTTP/1.1)
HTTP/1.1 200 OK
Content-Length: 86876
Content-Type: application/json; charset=utf-8
cache-control: no-cache

14:30:11.686 [AsyncHttpClient-1-8] DEBUG org.asynchttpclient.netty.channel.ChannelManager - Adding key: http://localhost:19691 for channel [id: 0x0fd79672, L:/127.0.0.1:59225 - R:localhost/127.0.0.1:19691]
14:30:11.695 [AsyncHttpClient-1-1] DEBUG org.asynchttpclient.netty.channel.DefaultChannelPool - Entry count for : http://localhost:59226 : 1
14:30:11.702 [AsyncHttpClient-1-1] DEBUG org.asynchttpclient.netty.channel.DefaultChannelPool - Entry count for : http://localhost:19691 : 1
14:30:11.707 [main] DEBUG net.serenitybdd.core.photography.Darkroom - Send negative for processing for target\site\serenity\49017682a2c5b7407aed6da9d2c4932821fdc748a38c91aa9a51b69f4f1fb0e2.png
14:30:11.711 [Darkroom Processing Line] DEBUG net.serenitybdd.core.photography.DarkroomProcessingLine - Processing screenshot image in /var/screenshots/screenshot-5619197985043888166
14:30:11.711 [Darkroom Processing Line] DEBUG net.serenitybdd.core.photography.DarkroomProcessingLine - Saving screenshot to target\site\serenity\49017682a2c5b7407aed6da9d2c4932821fdc748a38c91aa9a51b69f4f1fb0e2.png
14:30:11.711 [Forwarding getPageSource on session 412c741e6f4f7ee9b149c7b74800e900 to remote] DEBUG org.asynchttpclient.netty.request.NettyRequestSender - Using pooled Channel '[id: 0x0fd79672, L:/127.0.0.1:59225 - R:localhost/127.0.0.1:19691]' for 'POST' to 'http://localhost:19691/session/412c741e6f4f7ee9b149c7b74800e900/execute/sync'
14:30:11.711 [Forwarding getPageSource on session 412c741e6f4f7ee9b149c7b74800e900 to remote] DEBUG org.asynchttpclient.netty.request.NettyRequestSender - Using open Channel [id: 0x0fd79672, L:/127.0.0.1:59225 - R:localhost/127.0.0.1:19691] for POST '/session/412c741e6f4f7ee9b149c7b74800e900/execute/sync'
14:30:11.730 [AsyncHttpClient-1-8] DEBUG org.asynchttpclient.netty.handler.HttpHandler - 

Request DefaultHttpRequest(decodeResult: success, version: HTTP/1.1)
POST /session/412c741e6f4f7ee9b149c7b74800e900/execute/sync HTTP/1.1
User-Agent: selenium/4.8.1 (java windows)
Content-Length: 176
Content-Type: application/json; charset=utf-8
host: localhost:19691
accept: */*

Response DefaultHttpResponse(decodeResult: success, version: HTTP/1.1)
HTTP/1.1 200 OK
Content-Length: 46199
Content-Type: application/json; charset=utf-8
cache-control: no-cache

14:30:11.730 [AsyncHttpClient-1-8] DEBUG org.asynchttpclient.netty.channel.ChannelManager - Adding key: http://localhost:19691 for channel [id: 0x0fd79672, L:/127.0.0.1:59225 - R:localhost/127.0.0.1:19691]
14:30:11.743 [Forwarding getCurrentUrl on session 412c741e6f4f7ee9b149c7b74800e900 to remote] DEBUG org.asynchttpclient.netty.request.NettyRequestSender - Using pooled Channel '[id: 0x0fd79672, L:/127.0.0.1:59225 - R:localhost/127.0.0.1:19691]' for 'GET' to 'http://localhost:19691/session/412c741e6f4f7ee9b149c7b74800e900/url'
14:30:11.743 [Forwarding getCurrentUrl on session 412c741e6f4f7ee9b149c7b74800e900 to remote] DEBUG org.asynchttpclient.netty.request.NettyRequestSender - Using open Channel [id: 0x0fd79672, L:/127.0.0.1:59225 - R:localhost/127.0.0.1:19691] for GET '/session/412c741e6f4f7ee9b149c7b74800e900/url'
14:30:11.750 [AsyncHttpClient-1-8] DEBUG org.asynchttpclient.netty.handler.HttpHandler - 

Request DefaultFullHttpRequest(decodeResult: success, version: HTTP/1.1, content: EmptyByteBufBE)
GET /session/412c741e6f4f7ee9b149c7b74800e900/url HTTP/1.1
User-Agent: selenium/4.8.1 (java windows)
Cache-Control: no-cache
Content-Type: application/json; charset=utf-8
host: localhost:19691
accept: */*

Response DefaultHttpResponse(decodeResult: success, version: HTTP/1.1)
HTTP/1.1 200 OK
Content-Length: 63
Content-Type: application/json; charset=utf-8
cache-control: no-cache

14:30:11.750 [AsyncHttpClient-1-8] DEBUG org.asynchttpclient.netty.channel.ChannelManager - Adding key: http://localhost:19691 for channel [id: 0x0fd79672, L:/127.0.0.1:59225 - R:localhost/127.0.0.1:19691]
14:30:11.761 [main] DEBUG net.thucydides.core.steps.StepInterceptor - STARTING STEP: Afrexim_Signup_steps.select_country_of_incorporation - Select_country_of_incorporation
14:30:11.766 [Forwarding findElement on session 412c741e6f4f7ee9b149c7b74800e900 to remote] DEBUG org.asynchttpclient.netty.request.NettyRequestSender - Using pooled Channel '[id: 0x0fd79672, L:/127.0.0.1:59225 - R:localhost/127.0.0.1:19691]' for 'POST' to 'http://localhost:19691/session/412c741e6f4f7ee9b149c7b74800e900/element'
14:30:11.766 [Forwarding findElement on session 412c741e6f4f7ee9b149c7b74800e900 to remote] DEBUG org.asynchttpclient.netty.request.NettyRequestSender - Using open Channel [id: 0x0fd79672, L:/127.0.0.1:59225 - R:localhost/127.0.0.1:19691] for POST '/session/412c741e6f4f7ee9b149c7b74800e900/element'
14:30:11.793 [AsyncHttpClient-1-8] DEBUG org.asynchttpclient.netty.handler.HttpHandler - 

Request DefaultHttpRequest(decodeResult: success, version: HTTP/1.1)
POST /session/412c741e6f4f7ee9b149c7b74800e900/element HTTP/1.1
User-Agent: selenium/4.8.1 (java windows)
Content-Length: 86
Content-Type: application/json; charset=utf-8
host: localhost:19691
accept: */*

Response DefaultHttpResponse(decodeResult: success, version: HTTP/1.1)
HTTP/1.1 200 OK
Content-Length: 96
Content-Type: application/json; charset=utf-8
cache-control: no-cache

14:30:11.793 [AsyncHttpClient-1-8] DEBUG org.asynchttpclient.netty.channel.ChannelManager - Adding key: http://localhost:19691 for channel [id: 0x0fd79672, L:/127.0.0.1:59225 - R:localhost/127.0.0.1:19691]
14:30:11.793 [Forwarding getElementTagName on session 412c741e6f4f7ee9b149c7b74800e900 to remote] DEBUG org.asynchttpclient.netty.request.NettyRequestSender - Using pooled Channel '[id: 0x0fd79672, L:/127.0.0.1:59225 - R:localhost/127.0.0.1:19691]' for 'GET' to 'http://localhost:19691/session/412c741e6f4f7ee9b149c7b74800e900/element/9330F8CD5D18F75156EB4FB715507178_element_150/name'
14:30:11.793 [Forwarding getElementTagName on session 412c741e6f4f7ee9b149c7b74800e900 to remote] DEBUG org.asynchttpclient.netty.request.NettyRequestSender - Using open Channel [id: 0x0fd79672, L:/127.0.0.1:59225 - R:localhost/127.0.0.1:19691] for GET '/session/412c741e6f4f7ee9b149c7b74800e900/element/9330F8CD5D18F75156EB4FB715507178_element_150/name'
14:30:11.808 [AsyncHttpClient-1-8] DEBUG org.asynchttpclient.netty.handler.HttpHandler - 

Request DefaultFullHttpRequest(decodeResult: success, version: HTTP/1.1, content: EmptyByteBufBE)
GET /session/412c741e6f4f7ee9b149c7b74800e900/element/9330F8CD5D18F75156EB4FB715507178_element_150/name HTTP/1.1
User-Agent: selenium/4.8.1 (java windows)
Cache-Control: no-cache
Content-Type: application/json; charset=utf-8
host: localhost:19691
accept: */*

Response DefaultHttpResponse(decodeResult: success, version: HTTP/1.1)
HTTP/1.1 200 OK
Content-Length: 18
Content-Type: application/json; charset=utf-8
cache-control: no-cache

14:30:11.808 [AsyncHttpClient-1-8] DEBUG org.asynchttpclient.netty.channel.ChannelManager - Adding key: http://localhost:19691 for channel [id: 0x0fd79672, L:/127.0.0.1:59225 - R:localhost/127.0.0.1:19691]
14:30:11.808 [Forwarding getElementDomAttribute on session 412c741e6f4f7ee9b149c7b74800e900 to remote] DEBUG org.asynchttpclient.netty.request.NettyRequestSender - Using pooled Channel '[id: 0x0fd79672, L:/127.0.0.1:59225 - R:localhost/127.0.0.1:19691]' for 'GET' to 'http://localhost:19691/session/412c741e6f4f7ee9b149c7b74800e900/element/9330F8CD5D18F75156EB4FB715507178_element_150/attribute/multiple'
14:30:11.808 [Forwarding getElementDomAttribute on session 412c741e6f4f7ee9b149c7b74800e900 to remote] DEBUG org.asynchttpclient.netty.request.NettyRequestSender - Using open Channel [id: 0x0fd79672, L:/127.0.0.1:59225 - R:localhost/127.0.0.1:19691] for GET '/session/412c741e6f4f7ee9b149c7b74800e900/element/9330F8CD5D18F75156EB4FB715507178_element_150/attribute/multiple'
14:30:11.825 [AsyncHttpClient-1-8] DEBUG org.asynchttpclient.netty.handler.HttpHandler - 

Request DefaultFullHttpRequest(decodeResult: success, version: HTTP/1.1, content: EmptyByteBufBE)
GET /session/412c741e6f4f7ee9b149c7b74800e900/element/9330F8CD5D18F75156EB4FB715507178_element_150/attribute/multiple HTTP/1.1
User-Agent: selenium/4.8.1 (java windows)
Cache-Control: no-cache
Content-Type: application/json; charset=utf-8
host: localhost:19691
accept: */*

Response DefaultHttpResponse(decodeResult: success, version: HTTP/1.1)
HTTP/1.1 200 OK
Content-Length: 14
Content-Type: application/json; charset=utf-8
cache-control: no-cache

14:30:11.825 [AsyncHttpClient-1-8] DEBUG org.asynchttpclient.netty.channel.ChannelManager - Adding key: http://localhost:19691 for channel [id: 0x0fd79672, L:/127.0.0.1:59225 - R:localhost/127.0.0.1:19691]
14:30:11.825 [Forwarding isElementEnabled on session 412c741e6f4f7ee9b149c7b74800e900 to remote] DEBUG org.asynchttpclient.netty.request.NettyRequestSender - Using pooled Channel '[id: 0x0fd79672, L:/127.0.0.1:59225 - R:localhost/127.0.0.1:19691]' for 'GET' to 'http://localhost:19691/session/412c741e6f4f7ee9b149c7b74800e900/element/9330F8CD5D18F75156EB4FB715507178_element_150/enabled'
14:30:11.825 [Forwarding isElementEnabled on session 412c741e6f4f7ee9b149c7b74800e900 to remote] DEBUG org.asynchttpclient.netty.request.NettyRequestSender - Using open Channel [id: 0x0fd79672, L:/127.0.0.1:59225 - R:localhost/127.0.0.1:19691] for GET '/session/412c741e6f4f7ee9b149c7b74800e900/element/9330F8CD5D18F75156EB4FB715507178_element_150/enabled'
14:30:11.838 [AsyncHttpClient-1-8] DEBUG org.asynchttpclient.netty.handler.HttpHandler - 

Request DefaultFullHttpRequest(decodeResult: success, version: HTTP/1.1, content: EmptyByteBufBE)
GET /session/412c741e6f4f7ee9b149c7b74800e900/element/9330F8CD5D18F75156EB4FB715507178_element_150/enabled HTTP/1.1
User-Agent: selenium/4.8.1 (java windows)
Cache-Control: no-cache
Content-Type: application/json; charset=utf-8
host: localhost:19691
accept: */*

Response DefaultHttpResponse(decodeResult: success, version: HTTP/1.1)
HTTP/1.1 200 OK
Content-Length: 14
Content-Type: application/json; charset=utf-8
cache-control: no-cache

14:30:11.838 [AsyncHttpClient-1-8] DEBUG org.asynchttpclient.netty.channel.ChannelManager - Adding key: http://localhost:19691 for channel [id: 0x0fd79672, L:/127.0.0.1:59225 - R:localhost/127.0.0.1:19691]
14:30:11.838 [Forwarding findChildElements on session 412c741e6f4f7ee9b149c7b74800e900 to remote] DEBUG org.asynchttpclient.netty.request.NettyRequestSender - Using pooled Channel '[id: 0x0fd79672, L:/127.0.0.1:59225 - R:localhost/127.0.0.1:19691]' for 'POST' to 'http://localhost:19691/session/412c741e6f4f7ee9b149c7b74800e900/element/9330F8CD5D18F75156EB4FB715507178_element_150/elements'
14:30:11.838 [Forwarding findChildElements on session 412c741e6f4f7ee9b149c7b74800e900 to remote] DEBUG org.asynchttpclient.netty.request.NettyRequestSender - Using open Channel [id: 0x0fd79672, L:/127.0.0.1:59225 - R:localhost/127.0.0.1:19691] for POST '/session/412c741e6f4f7ee9b149c7b74800e900/element/9330F8CD5D18F75156EB4FB715507178_element_150/elements'
14:30:11.885 [AsyncHttpClient-1-8] DEBUG org.asynchttpclient.netty.handler.HttpHandler - 

Request DefaultHttpRequest(decodeResult: success, version: HTTP/1.1)
POST /session/412c741e6f4f7ee9b149c7b74800e900/element/9330F8CD5D18F75156EB4FB715507178_element_150/elements HTTP/1.1
User-Agent: selenium/4.8.1 (java windows)
Content-Length: 102
Content-Type: application/json; charset=utf-8
host: localhost:19691
accept: */*

Response DefaultHttpResponse(decodeResult: success, version: HTTP/1.1)
HTTP/1.1 200 OK
Content-Length: 21761
Content-Type: application/json; charset=utf-8
cache-control: no-cache

14:30:11.889 [AsyncHttpClient-1-8] DEBUG org.asynchttpclient.netty.channel.ChannelManager - Adding key: http://localhost:19691 for channel [id: 0x0fd79672, L:/127.0.0.1:59225 - R:localhost/127.0.0.1:19691]
14:30:11.894 [Forwarding getElementAttribute on session 412c741e6f4f7ee9b149c7b74800e900 to remote] DEBUG org.asynchttpclient.netty.request.NettyRequestSender - Using pooled Channel '[id: 0x0fd79672, L:/127.0.0.1:59225 - R:localhost/127.0.0.1:19691]' for 'POST' to 'http://localhost:19691/session/412c741e6f4f7ee9b149c7b74800e900/execute/sync'
14:30:11.894 [Forwarding getElementAttribute on session 412c741e6f4f7ee9b149c7b74800e900 to remote] DEBUG org.asynchttpclient.netty.request.NettyRequestSender - Using open Channel [id: 0x0fd79672, L:/127.0.0.1:59225 - R:localhost/127.0.0.1:19691] for POST '/session/412c741e6f4f7ee9b149c7b74800e900/execute/sync'
14:30:11.921 [AsyncHttpClient-1-8] DEBUG org.asynchttpclient.netty.handler.HttpHandler - 

Request DefaultHttpRequest(decodeResult: success, version: HTTP/1.1)
POST /session/412c741e6f4f7ee9b149c7b74800e900/execute/sync HTTP/1.1
User-Agent: selenium/4.8.1 (java windows)
Content-Length: 47376
Content-Type: application/json; charset=utf-8
host: localhost:19691
accept: */*

Response DefaultHttpResponse(decodeResult: success, version: HTTP/1.1)
HTTP/1.1 200 OK
Content-Length: 13
Content-Type: application/json; charset=utf-8
cache-control: no-cache

14:30:11.921 [AsyncHttpClient-1-8] DEBUG org.asynchttpclient.netty.channel.ChannelManager - Adding key: http://localhost:19691 for channel [id: 0x0fd79672, L:/127.0.0.1:59225 - R:localhost/127.0.0.1:19691]
14:30:11.926 [Forwarding getElementAttribute on session 412c741e6f4f7ee9b149c7b74800e900 to remote] DEBUG org.asynchttpclient.netty.request.NettyRequestSender - Using pooled Channel '[id: 0x0fd79672, L:/127.0.0.1:59225 - R:localhost/127.0.0.1:19691]' for 'POST' to 'http://localhost:19691/session/412c741e6f4f7ee9b149c7b74800e900/execute/sync'
14:30:11.926 [Forwarding getElementAttribute on session 412c741e6f4f7ee9b149c7b74800e900 to remote] DEBUG org.asynchttpclient.netty.request.NettyRequestSender - Using open Channel [id: 0x0fd79672, L:/127.0.0.1:59225 - R:localhost/127.0.0.1:19691] for POST '/session/412c741e6f4f7ee9b149c7b74800e900/execute/sync'
14:30:11.948 [AsyncHttpClient-1-8] DEBUG org.asynchttpclient.netty.handler.HttpHandler - 

Request DefaultHttpRequest(decodeResult: success, version: HTTP/1.1)
POST /session/412c741e6f4f7ee9b149c7b74800e900/execute/sync HTTP/1.1
User-Agent: selenium/4.8.1 (java windows)
Content-Length: 47376
Content-Type: application/json; charset=utf-8
host: localhost:19691
accept: */*

Response DefaultHttpResponse(decodeResult: success, version: HTTP/1.1)
HTTP/1.1 200 OK
Content-Length: 13
Content-Type: application/json; charset=utf-8
cache-control: no-cache

14:30:11.948 [AsyncHttpClient-1-8] DEBUG org.asynchttpclient.netty.channel.ChannelManager - Adding key: http://localhost:19691 for channel [id: 0x0fd79672, L:/127.0.0.1:59225 - R:localhost/127.0.0.1:19691]
14:30:11.953 [Forwarding getElementAttribute on session 412c741e6f4f7ee9b149c7b74800e900 to remote] DEBUG org.asynchttpclient.netty.request.NettyRequestSender - Using pooled Channel '[id: 0x0fd79672, L:/127.0.0.1:59225 - R:localhost/127.0.0.1:19691]' for 'POST' to 'http://localhost:19691/session/412c741e6f4f7ee9b149c7b74800e900/execute/sync'
14:30:11.953 [Forwarding getElementAttribute on session 412c741e6f4f7ee9b149c7b74800e900 to remote] DEBUG org.asynchttpclient.netty.request.NettyRequestSender - Using open Channel [id: 0x0fd79672, L:/127.0.0.1:59225 - R:localhost/127.0.0.1:19691] for POST '/session/412c741e6f4f7ee9b149c7b74800e900/execute/sync'
14:30:11.979 [AsyncHttpClient-1-8] DEBUG org.asynchttpclient.netty.handler.HttpHandler - 

Request DefaultHttpRequest(decodeResult: success, version: HTTP/1.1)
POST /session/412c741e6f4f7ee9b149c7b74800e900/execute/sync HTTP/1.1
User-Agent: selenium/4.8.1 (java windows)
Content-Length: 47376
Content-Type: application/json; charset=utf-8
host: localhost:19691
accept: */*

Response DefaultHttpResponse(decodeResult: success, version: HTTP/1.1)
HTTP/1.1 200 OK
Content-Length: 13
Content-Type: application/json; charset=utf-8
cache-control: no-cache

14:30:11.979 [AsyncHttpClient-1-8] DEBUG org.asynchttpclient.netty.channel.ChannelManager - Adding key: http://localhost:19691 for channel [id: 0x0fd79672, L:/127.0.0.1:59225 - R:localhost/127.0.0.1:19691]
14:30:11.990 [Forwarding getElementAttribute on session 412c741e6f4f7ee9b149c7b74800e900 to remote] DEBUG org.asynchttpclient.netty.request.NettyRequestSender - Using pooled Channel '[id: 0x0fd79672, L:/127.0.0.1:59225 - R:localhost/127.0.0.1:19691]' for 'POST' to 'http://localhost:19691/session/412c741e6f4f7ee9b149c7b74800e900/execute/sync'
14:30:11.990 [Forwarding getElementAttribute on session 412c741e6f4f7ee9b149c7b74800e900 to remote] DEBUG org.asynchttpclient.netty.request.NettyRequestSender - Using open Channel [id: 0x0fd79672, L:/127.0.0.1:59225 - R:localhost/127.0.0.1:19691] for POST '/session/412c741e6f4f7ee9b149c7b74800e900/execute/sync'
14:30:12.028 [AsyncHttpClient-1-8] DEBUG org.asynchttpclient.netty.handler.HttpHandler - 

Request DefaultHttpRequest(decodeResult: success, version: HTTP/1.1)
POST /session/412c741e6f4f7ee9b149c7b74800e900/execute/sync HTTP/1.1
User-Agent: selenium/4.8.1 (java windows)
Content-Length: 47376
Content-Type: application/json; charset=utf-8
host: localhost:19691
accept: */*

Response DefaultHttpResponse(decodeResult: success, version: HTTP/1.1)
HTTP/1.1 200 OK
Content-Length: 13
Content-Type: application/json; charset=utf-8
cache-control: no-cache

14:30:12.028 [AsyncHttpClient-1-8] DEBUG org.asynchttpclient.netty.channel.ChannelManager - Adding key: http://localhost:19691 for channel [id: 0x0fd79672, L:/127.0.0.1:59225 - R:localhost/127.0.0.1:19691]
14:30:12.033 [Forwarding isElementEnabled on session 412c741e6f4f7ee9b149c7b74800e900 to remote] DEBUG org.asynchttpclient.netty.request.NettyRequestSender - Using pooled Channel '[id: 0x0fd79672, L:/127.0.0.1:59225 - R:localhost/127.0.0.1:19691]' for 'GET' to 'http://localhost:19691/session/412c741e6f4f7ee9b149c7b74800e900/element/9330F8CD5D18F75156EB4FB715507178_element_154/enabled'
14:30:12.033 [Forwarding isElementEnabled on session 412c741e6f4f7ee9b149c7b74800e900 to remote] DEBUG org.asynchttpclient.netty.request.NettyRequestSender - Using open Channel [id: 0x0fd79672, L:/127.0.0.1:59225 - R:localhost/127.0.0.1:19691] for GET '/session/412c741e6f4f7ee9b149c7b74800e900/element/9330F8CD5D18F75156EB4FB715507178_element_154/enabled'
14:30:12.054 [AsyncHttpClient-1-8] DEBUG org.asynchttpclient.netty.handler.HttpHandler - 

Request DefaultFullHttpRequest(decodeResult: success, version: HTTP/1.1, content: EmptyByteBufBE)
GET /session/412c741e6f4f7ee9b149c7b74800e900/element/9330F8CD5D18F75156EB4FB715507178_element_154/enabled HTTP/1.1
User-Agent: selenium/4.8.1 (java windows)
Cache-Control: no-cache
Content-Type: application/json; charset=utf-8
host: localhost:19691
accept: */*

Response DefaultHttpResponse(decodeResult: success, version: HTTP/1.1)
HTTP/1.1 200 OK
Content-Length: 14
Content-Type: application/json; charset=utf-8
cache-control: no-cache

14:30:12.054 [AsyncHttpClient-1-8] DEBUG org.asynchttpclient.netty.channel.ChannelManager - Adding key: http://localhost:19691 for channel [id: 0x0fd79672, L:/127.0.0.1:59225 - R:localhost/127.0.0.1:19691]
14:30:12.060 [Forwarding isElementSelected on session 412c741e6f4f7ee9b149c7b74800e900 to remote] DEBUG org.asynchttpclient.netty.request.NettyRequestSender - Using pooled Channel '[id: 0x0fd79672, L:/127.0.0.1:59225 - R:localhost/127.0.0.1:19691]' for 'GET' to 'http://localhost:19691/session/412c741e6f4f7ee9b149c7b74800e900/element/9330F8CD5D18F75156EB4FB715507178_element_154/selected'
14:30:12.060 [Forwarding isElementSelected on session 412c741e6f4f7ee9b149c7b74800e900 to remote] DEBUG org.asynchttpclient.netty.request.NettyRequestSender - Using open Channel [id: 0x0fd79672, L:/127.0.0.1:59225 - R:localhost/127.0.0.1:19691] for GET '/session/412c741e6f4f7ee9b149c7b74800e900/element/9330F8CD5D18F75156EB4FB715507178_element_154/selected'
14:30:12.081 [AsyncHttpClient-1-8] DEBUG org.asynchttpclient.netty.handler.HttpHandler - 

Request DefaultFullHttpRequest(decodeResult: success, version: HTTP/1.1, content: EmptyByteBufBE)
GET /session/412c741e6f4f7ee9b149c7b74800e900/element/9330F8CD5D18F75156EB4FB715507178_element_154/selected HTTP/1.1
User-Agent: selenium/4.8.1 (java windows)
Cache-Control: no-cache
Content-Type: application/json; charset=utf-8
host: localhost:19691
accept: */*

Response DefaultHttpResponse(decodeResult: success, version: HTTP/1.1)
HTTP/1.1 200 OK
Content-Length: 15
Content-Type: application/json; charset=utf-8
cache-control: no-cache

14:30:12.081 [AsyncHttpClient-1-8] DEBUG org.asynchttpclient.netty.channel.ChannelManager - Adding key: http://localhost:19691 for channel [id: 0x0fd79672, L:/127.0.0.1:59225 - R:localhost/127.0.0.1:19691]
14:30:12.081 [Forwarding clickElement on session 412c741e6f4f7ee9b149c7b74800e900 to remote] DEBUG org.asynchttpclient.netty.request.NettyRequestSender - Using pooled Channel '[id: 0x0fd79672, L:/127.0.0.1:59225 - R:localhost/127.0.0.1:19691]' for 'POST' to 'http://localhost:19691/session/412c741e6f4f7ee9b149c7b74800e900/element/9330F8CD5D18F75156EB4FB715507178_element_154/click'
14:30:12.081 [Forwarding clickElement on session 412c741e6f4f7ee9b149c7b74800e900 to remote] DEBUG org.asynchttpclient.netty.request.NettyRequestSender - Using open Channel [id: 0x0fd79672, L:/127.0.0.1:59225 - R:localhost/127.0.0.1:19691] for POST '/session/412c741e6f4f7ee9b149c7b74800e900/element/9330F8CD5D18F75156EB4FB715507178_element_154/click'
14:30:12.222 [AsyncHttpClient-1-8] DEBUG org.asynchttpclient.netty.handler.HttpHandler - 

Request DefaultHttpRequest(decodeResult: success, version: HTTP/1.1)
POST /session/412c741e6f4f7ee9b149c7b74800e900/element/9330F8CD5D18F75156EB4FB715507178_element_154/click HTTP/1.1
User-Agent: selenium/4.8.1 (java windows)
Content-Length: 58
Content-Type: application/json; charset=utf-8
host: localhost:19691
accept: */*

Response DefaultHttpResponse(decodeResult: success, version: HTTP/1.1)
HTTP/1.1 200 OK
Content-Length: 14
Content-Type: application/json; charset=utf-8
cache-control: no-cache

14:30:12.222 [AsyncHttpClient-1-8] DEBUG org.asynchttpclient.netty.channel.ChannelManager - Adding key: http://localhost:19691 for channel [id: 0x0fd79672, L:/127.0.0.1:59225 - R:localhost/127.0.0.1:19691]
14:30:12.247 [Forwarding getAlertText on session 412c741e6f4f7ee9b149c7b74800e900 to remote] DEBUG org.asynchttpclient.netty.request.NettyRequestSender - Using pooled Channel '[id: 0x0fd79672, L:/127.0.0.1:59225 - R:localhost/127.0.0.1:19691]' for 'GET' to 'http://localhost:19691/session/412c741e6f4f7ee9b149c7b74800e900/alert/text'
14:30:12.247 [Forwarding getAlertText on session 412c741e6f4f7ee9b149c7b74800e900 to remote] DEBUG org.asynchttpclient.netty.request.NettyRequestSender - Using open Channel [id: 0x0fd79672, L:/127.0.0.1:59225 - R:localhost/127.0.0.1:19691] for GET '/session/412c741e6f4f7ee9b149c7b74800e900/alert/text'
14:30:12.252 [AsyncHttpClient-1-8] DEBUG org.asynchttpclient.netty.handler.HttpHandler - 

Request DefaultFullHttpRequest(decodeResult: success, version: HTTP/1.1, content: EmptyByteBufBE)
GET /session/412c741e6f4f7ee9b149c7b74800e900/alert/text HTTP/1.1
User-Agent: selenium/4.8.1 (java windows)
Cache-Control: no-cache
Content-Type: application/json; charset=utf-8
host: localhost:19691
accept: */*

Response DefaultHttpResponse(decodeResult: success, version: HTTP/1.1)
HTTP/1.1 404 Not Found
Content-Length: 821
Content-Type: application/json; charset=utf-8
cache-control: no-cache

14:30:12.252 [AsyncHttpClient-1-8] DEBUG org.asynchttpclient.netty.channel.ChannelManager - Adding key: http://localhost:19691 for channel [id: 0x0fd79672, L:/127.0.0.1:59225 - R:localhost/127.0.0.1:19691]
14:30:12.255 [Forwarding getCurrentUrl on session 412c741e6f4f7ee9b149c7b74800e900 to remote] DEBUG org.asynchttpclient.netty.request.NettyRequestSender - Using pooled Channel '[id: 0x0fd79672, L:/127.0.0.1:59225 - R:localhost/127.0.0.1:19691]' for 'GET' to 'http://localhost:19691/session/412c741e6f4f7ee9b149c7b74800e900/url'
14:30:12.256 [Forwarding getCurrentUrl on session 412c741e6f4f7ee9b149c7b74800e900 to remote] DEBUG org.asynchttpclient.netty.request.NettyRequestSender - Using open Channel [id: 0x0fd79672, L:/127.0.0.1:59225 - R:localhost/127.0.0.1:19691] for GET '/session/412c741e6f4f7ee9b149c7b74800e900/url'
14:30:12.264 [AsyncHttpClient-1-8] DEBUG org.asynchttpclient.netty.handler.HttpHandler - 

Request DefaultFullHttpRequest(decodeResult: success, version: HTTP/1.1, content: EmptyByteBufBE)
GET /session/412c741e6f4f7ee9b149c7b74800e900/url HTTP/1.1
User-Agent: selenium/4.8.1 (java windows)
Cache-Control: no-cache
Content-Type: application/json; charset=utf-8
host: localhost:19691
accept: */*

Response DefaultHttpResponse(decodeResult: success, version: HTTP/1.1)
HTTP/1.1 200 OK
Content-Length: 63
Content-Type: application/json; charset=utf-8
cache-control: no-cache

14:30:12.264 [AsyncHttpClient-1-8] DEBUG org.asynchttpclient.netty.channel.ChannelManager - Adding key: http://localhost:19691 for channel [id: 0x0fd79672, L:/127.0.0.1:59225 - R:localhost/127.0.0.1:19691]
14:30:12.264 [Forwarding screenshot on session 412c741e6f4f7ee9b149c7b74800e900 to remote] DEBUG org.asynchttpclient.netty.request.NettyRequestSender - Using pooled Channel '[id: 0x0fd79672, L:/127.0.0.1:59225 - R:localhost/127.0.0.1:19691]' for 'GET' to 'http://localhost:19691/session/412c741e6f4f7ee9b149c7b74800e900/screenshot'
14:30:12.264 [Forwarding screenshot on session 412c741e6f4f7ee9b149c7b74800e900 to remote] DEBUG org.asynchttpclient.netty.request.NettyRequestSender - Using open Channel [id: 0x0fd79672, L:/127.0.0.1:59225 - R:localhost/127.0.0.1:19691] for GET '/session/412c741e6f4f7ee9b149c7b74800e900/screenshot'
14:30:12.534 [AsyncHttpClient-1-8] DEBUG org.asynchttpclient.netty.handler.HttpHandler - 

Request DefaultFullHttpRequest(decodeResult: success, version: HTTP/1.1, content: EmptyByteBufBE)
GET /session/412c741e6f4f7ee9b149c7b74800e900/screenshot HTTP/1.1
User-Agent: selenium/4.8.1 (java windows)
Cache-Control: no-cache
Content-Type: application/json; charset=utf-8
host: localhost:19691
accept: */*

Response DefaultHttpResponse(decodeResult: success, version: HTTP/1.1)
HTTP/1.1 200 OK
Content-Length: 85252
Content-Type: application/json; charset=utf-8
cache-control: no-cache

14:30:12.534 [AsyncHttpClient-1-8] DEBUG org.asynchttpclient.netty.channel.ChannelManager - Adding key: http://localhost:19691 for channel [id: 0x0fd79672, L:/127.0.0.1:59225 - R:localhost/127.0.0.1:19691]
14:30:12.542 [main] DEBUG net.serenitybdd.core.photography.Darkroom - Send negative for processing for target\site\serenity\c0ee7bd32abbb897f3947b9eb36b328a9f133943ad24bb75472c33b9e945e53b.png
14:30:12.542 [main] DEBUG net.thucydides.core.steps.StepInterceptor - STEP DONE: Select_country_of_incorporation
14:30:12.542 [Darkroom Processing Line] DEBUG net.serenitybdd.core.photography.DarkroomProcessingLine - Processing screenshot image in /var/screenshots/screenshot-3395291020066706030
14:30:12.542 [Darkroom Processing Line] DEBUG net.serenitybdd.core.photography.DarkroomProcessingLine - Saving screenshot to target\site\serenity\c0ee7bd32abbb897f3947b9eb36b328a9f133943ad24bb75472c33b9e945e53b.png
14:30:12.561 [Forwarding getPageSource on session 412c741e6f4f7ee9b149c7b74800e900 to remote] DEBUG org.asynchttpclient.netty.request.NettyRequestSender - Using pooled Channel '[id: 0x0fd79672, L:/127.0.0.1:59225 - R:localhost/127.0.0.1:19691]' for 'POST' to 'http://localhost:19691/session/412c741e6f4f7ee9b149c7b74800e900/execute/sync'
14:30:12.561 [Forwarding getPageSource on session 412c741e6f4f7ee9b149c7b74800e900 to remote] DEBUG org.asynchttpclient.netty.request.NettyRequestSender - Using open Channel [id: 0x0fd79672, L:/127.0.0.1:59225 - R:localhost/127.0.0.1:19691] for POST '/session/412c741e6f4f7ee9b149c7b74800e900/execute/sync'
14:30:12.590 [AsyncHttpClient-1-8] DEBUG org.asynchttpclient.netty.handler.HttpHandler - 

Request DefaultHttpRequest(decodeResult: success, version: HTTP/1.1)
POST /session/412c741e6f4f7ee9b149c7b74800e900/execute/sync HTTP/1.1
User-Agent: selenium/4.8.1 (java windows)
Content-Length: 176
Content-Type: application/json; charset=utf-8
host: localhost:19691
accept: */*

Response DefaultHttpResponse(decodeResult: success, version: HTTP/1.1)
HTTP/1.1 200 OK
Content-Length: 46199
Content-Type: application/json; charset=utf-8
cache-control: no-cache

14:30:12.590 [AsyncHttpClient-1-8] DEBUG org.asynchttpclient.netty.channel.ChannelManager - Adding key: http://localhost:19691 for channel [id: 0x0fd79672, L:/127.0.0.1:59225 - R:localhost/127.0.0.1:19691]
14:30:12.598 [Forwarding getCurrentUrl on session 412c741e6f4f7ee9b149c7b74800e900 to remote] DEBUG org.asynchttpclient.netty.request.NettyRequestSender - Using pooled Channel '[id: 0x0fd79672, L:/127.0.0.1:59225 - R:localhost/127.0.0.1:19691]' for 'GET' to 'http://localhost:19691/session/412c741e6f4f7ee9b149c7b74800e900/url'
14:30:12.598 [Forwarding getCurrentUrl on session 412c741e6f4f7ee9b149c7b74800e900 to remote] DEBUG org.asynchttpclient.netty.request.NettyRequestSender - Using open Channel [id: 0x0fd79672, L:/127.0.0.1:59225 - R:localhost/127.0.0.1:19691] for GET '/session/412c741e6f4f7ee9b149c7b74800e900/url'
14:30:12.619 [AsyncHttpClient-1-8] DEBUG org.asynchttpclient.netty.handler.HttpHandler - 

Request DefaultFullHttpRequest(decodeResult: success, version: HTTP/1.1, content: EmptyByteBufBE)
GET /session/412c741e6f4f7ee9b149c7b74800e900/url HTTP/1.1
User-Agent: selenium/4.8.1 (java windows)
Cache-Control: no-cache
Content-Type: application/json; charset=utf-8
host: localhost:19691
accept: */*

Response DefaultHttpResponse(decodeResult: success, version: HTTP/1.1)
HTTP/1.1 200 OK
Content-Length: 63
Content-Type: application/json; charset=utf-8
cache-control: no-cache

14:30:12.619 [AsyncHttpClient-1-8] DEBUG org.asynchttpclient.netty.channel.ChannelManager - Adding key: http://localhost:19691 for channel [id: 0x0fd79672, L:/127.0.0.1:59225 - R:localhost/127.0.0.1:19691]
14:30:12.635 [Forwarding getAlertText on session 412c741e6f4f7ee9b149c7b74800e900 to remote] DEBUG org.asynchttpclient.netty.request.NettyRequestSender - Using pooled Channel '[id: 0x0fd79672, L:/127.0.0.1:59225 - R:localhost/127.0.0.1:19691]' for 'GET' to 'http://localhost:19691/session/412c741e6f4f7ee9b149c7b74800e900/alert/text'
14:30:12.635 [Forwarding getAlertText on session 412c741e6f4f7ee9b149c7b74800e900 to remote] DEBUG org.asynchttpclient.netty.request.NettyRequestSender - Using open Channel [id: 0x0fd79672, L:/127.0.0.1:59225 - R:localhost/127.0.0.1:19691] for GET '/session/412c741e6f4f7ee9b149c7b74800e900/alert/text'
14:30:12.637 [AsyncHttpClient-1-8] DEBUG org.asynchttpclient.netty.handler.HttpHandler - 

Request DefaultFullHttpRequest(decodeResult: success, version: HTTP/1.1, content: EmptyByteBufBE)
GET /session/412c741e6f4f7ee9b149c7b74800e900/alert/text HTTP/1.1
User-Agent: selenium/4.8.1 (java windows)
Cache-Control: no-cache
Content-Type: application/json; charset=utf-8
host: localhost:19691
accept: */*

Response DefaultHttpResponse(decodeResult: success, version: HTTP/1.1)
HTTP/1.1 404 Not Found
Content-Length: 821
Content-Type: application/json; charset=utf-8
cache-control: no-cache

14:30:12.637 [AsyncHttpClient-1-8] DEBUG org.asynchttpclient.netty.channel.ChannelManager - Adding key: http://localhost:19691 for channel [id: 0x0fd79672, L:/127.0.0.1:59225 - R:localhost/127.0.0.1:19691]
14:30:12.637 [Forwarding getCurrentUrl on session 412c741e6f4f7ee9b149c7b74800e900 to remote] DEBUG org.asynchttpclient.netty.request.NettyRequestSender - Using pooled Channel '[id: 0x0fd79672, L:/127.0.0.1:59225 - R:localhost/127.0.0.1:19691]' for 'GET' to 'http://localhost:19691/session/412c741e6f4f7ee9b149c7b74800e900/url'
14:30:12.637 [Forwarding getCurrentUrl on session 412c741e6f4f7ee9b149c7b74800e900 to remote] DEBUG org.asynchttpclient.netty.request.NettyRequestSender - Using open Channel [id: 0x0fd79672, L:/127.0.0.1:59225 - R:localhost/127.0.0.1:19691] for GET '/session/412c741e6f4f7ee9b149c7b74800e900/url'
14:30:12.653 [AsyncHttpClient-1-8] DEBUG org.asynchttpclient.netty.handler.HttpHandler - 

Request DefaultFullHttpRequest(decodeResult: success, version: HTTP/1.1, content: EmptyByteBufBE)
GET /session/412c741e6f4f7ee9b149c7b74800e900/url HTTP/1.1
User-Agent: selenium/4.8.1 (java windows)
Cache-Control: no-cache
Content-Type: application/json; charset=utf-8
host: localhost:19691
accept: */*

Response DefaultHttpResponse(decodeResult: success, version: HTTP/1.1)
HTTP/1.1 200 OK
Content-Length: 63
Content-Type: application/json; charset=utf-8
cache-control: no-cache

14:30:12.653 [AsyncHttpClient-1-8] DEBUG org.asynchttpclient.netty.channel.ChannelManager - Adding key: http://localhost:19691 for channel [id: 0x0fd79672, L:/127.0.0.1:59225 - R:localhost/127.0.0.1:19691]
14:30:12.653 [Forwarding screenshot on session 412c741e6f4f7ee9b149c7b74800e900 to remote] DEBUG org.asynchttpclient.netty.request.NettyRequestSender - Using pooled Channel '[id: 0x0fd79672, L:/127.0.0.1:59225 - R:localhost/127.0.0.1:19691]' for 'GET' to 'http://localhost:19691/session/412c741e6f4f7ee9b149c7b74800e900/screenshot'
14:30:12.653 [Forwarding screenshot on session 412c741e6f4f7ee9b149c7b74800e900 to remote] DEBUG org.asynchttpclient.netty.request.NettyRequestSender - Using open Channel [id: 0x0fd79672, L:/127.0.0.1:59225 - R:localhost/127.0.0.1:19691] for GET '/session/412c741e6f4f7ee9b149c7b74800e900/screenshot'
14:30:12.822 [AsyncHttpClient-1-1] DEBUG org.asynchttpclient.netty.channel.DefaultChannelPool - Entry count for : http://localhost:59226 : 1
14:30:12.928 [AsyncHttpClient-1-8] DEBUG org.asynchttpclient.netty.handler.HttpHandler - 

Request DefaultFullHttpRequest(decodeResult: success, version: HTTP/1.1, content: EmptyByteBufBE)
GET /session/412c741e6f4f7ee9b149c7b74800e900/screenshot HTTP/1.1
User-Agent: selenium/4.8.1 (java windows)
Cache-Control: no-cache
Content-Type: application/json; charset=utf-8
host: localhost:19691
accept: */*

Response DefaultHttpResponse(decodeResult: success, version: HTTP/1.1)
HTTP/1.1 200 OK
Content-Length: 85252
Content-Type: application/json; charset=utf-8
cache-control: no-cache

14:30:12.934 [AsyncHttpClient-1-8] DEBUG org.asynchttpclient.netty.channel.ChannelManager - Adding key: http://localhost:19691 for channel [id: 0x0fd79672, L:/127.0.0.1:59225 - R:localhost/127.0.0.1:19691]
14:30:12.940 [main] DEBUG net.serenitybdd.core.photography.Darkroom - Send negative for processing for target\site\serenity\c0ee7bd32abbb897f3947b9eb36b328a9f133943ad24bb75472c33b9e945e53b.png
14:30:12.945 [Forwarding getPageSource on session 412c741e6f4f7ee9b149c7b74800e900 to remote] DEBUG org.asynchttpclient.netty.request.NettyRequestSender - Using pooled Channel '[id: 0x0fd79672, L:/127.0.0.1:59225 - R:localhost/127.0.0.1:19691]' for 'POST' to 'http://localhost:19691/session/412c741e6f4f7ee9b149c7b74800e900/execute/sync'
14:30:12.945 [Forwarding getPageSource on session 412c741e6f4f7ee9b149c7b74800e900 to remote] DEBUG org.asynchttpclient.netty.request.NettyRequestSender - Using open Channel [id: 0x0fd79672, L:/127.0.0.1:59225 - R:localhost/127.0.0.1:19691] for POST '/session/412c741e6f4f7ee9b149c7b74800e900/execute/sync'
14:30:12.982 [AsyncHttpClient-1-8] DEBUG org.asynchttpclient.netty.handler.HttpHandler - 

Request DefaultHttpRequest(decodeResult: success, version: HTTP/1.1)
POST /session/412c741e6f4f7ee9b149c7b74800e900/execute/sync HTTP/1.1
User-Agent: selenium/4.8.1 (java windows)
Content-Length: 176
Content-Type: application/json; charset=utf-8
host: localhost:19691
accept: */*

Response DefaultHttpResponse(decodeResult: success, version: HTTP/1.1)
HTTP/1.1 200 OK
Content-Length: 46199
Content-Type: application/json; charset=utf-8
cache-control: no-cache

14:30:12.982 [AsyncHttpClient-1-8] DEBUG org.asynchttpclient.netty.channel.ChannelManager - Adding key: http://localhost:19691 for channel [id: 0x0fd79672, L:/127.0.0.1:59225 - R:localhost/127.0.0.1:19691]
14:30:12.991 [Forwarding getCurrentUrl on session 412c741e6f4f7ee9b149c7b74800e900 to remote] DEBUG org.asynchttpclient.netty.request.NettyRequestSender - Using pooled Channel '[id: 0x0fd79672, L:/127.0.0.1:59225 - R:localhost/127.0.0.1:19691]' for 'GET' to 'http://localhost:19691/session/412c741e6f4f7ee9b149c7b74800e900/url'
14:30:12.991 [Forwarding getCurrentUrl on session 412c741e6f4f7ee9b149c7b74800e900 to remote] DEBUG org.asynchttpclient.netty.request.NettyRequestSender - Using open Channel [id: 0x0fd79672, L:/127.0.0.1:59225 - R:localhost/127.0.0.1:19691] for GET '/session/412c741e6f4f7ee9b149c7b74800e900/url'
14:30:13.027 [AsyncHttpClient-1-8] DEBUG org.asynchttpclient.netty.handler.HttpHandler - 

Request DefaultFullHttpRequest(decodeResult: success, version: HTTP/1.1, content: EmptyByteBufBE)
GET /session/412c741e6f4f7ee9b149c7b74800e900/url HTTP/1.1
User-Agent: selenium/4.8.1 (java windows)
Cache-Control: no-cache
Content-Type: application/json; charset=utf-8
host: localhost:19691
accept: */*

Response DefaultHttpResponse(decodeResult: success, version: HTTP/1.1)
HTTP/1.1 200 OK
Content-Length: 63
Content-Type: application/json; charset=utf-8
cache-control: no-cache

14:30:13.030 [AsyncHttpClient-1-8] DEBUG org.asynchttpclient.netty.channel.ChannelManager - Adding key: http://localhost:19691 for channel [id: 0x0fd79672, L:/127.0.0.1:59225 - R:localhost/127.0.0.1:19691]
14:30:13.030 [main] DEBUG net.thucydides.core.steps.StepInterceptor - STARTING STEP: Afrexim_Signup_steps.enter_operating_street_address - Enter_Operating_Street_Address
14:30:13.035 [Forwarding findElement on session 412c741e6f4f7ee9b149c7b74800e900 to remote] DEBUG org.asynchttpclient.netty.request.NettyRequestSender - Using pooled Channel '[id: 0x0fd79672, L:/127.0.0.1:59225 - R:localhost/127.0.0.1:19691]' for 'POST' to 'http://localhost:19691/session/412c741e6f4f7ee9b149c7b74800e900/element'
14:30:13.035 [Forwarding findElement on session 412c741e6f4f7ee9b149c7b74800e900 to remote] DEBUG org.asynchttpclient.netty.request.NettyRequestSender - Using open Channel [id: 0x0fd79672, L:/127.0.0.1:59225 - R:localhost/127.0.0.1:19691] for POST '/session/412c741e6f4f7ee9b149c7b74800e900/element'
14:30:13.078 [AsyncHttpClient-1-8] DEBUG org.asynchttpclient.netty.handler.HttpHandler - 

Request DefaultHttpRequest(decodeResult: success, version: HTTP/1.1)
POST /session/412c741e6f4f7ee9b149c7b74800e900/element HTTP/1.1
User-Agent: selenium/4.8.1 (java windows)
Content-Length: 86
Content-Type: application/json; charset=utf-8
host: localhost:19691
accept: */*

Response DefaultHttpResponse(decodeResult: success, version: HTTP/1.1)
HTTP/1.1 200 OK
Content-Length: 96
Content-Type: application/json; charset=utf-8
cache-control: no-cache

14:30:13.078 [AsyncHttpClient-1-8] DEBUG org.asynchttpclient.netty.channel.ChannelManager - Adding key: http://localhost:19691 for channel [id: 0x0fd79672, L:/127.0.0.1:59225 - R:localhost/127.0.0.1:19691]
14:30:13.078 [Forwarding clearElement on session 412c741e6f4f7ee9b149c7b74800e900 to remote] DEBUG org.asynchttpclient.netty.request.NettyRequestSender - Using pooled Channel '[id: 0x0fd79672, L:/127.0.0.1:59225 - R:localhost/127.0.0.1:19691]' for 'POST' to 'http://localhost:19691/session/412c741e6f4f7ee9b149c7b74800e900/element/9330F8CD5D18F75156EB4FB715507178_element_401/clear'
14:30:13.078 [Forwarding clearElement on session 412c741e6f4f7ee9b149c7b74800e900 to remote] DEBUG org.asynchttpclient.netty.request.NettyRequestSender - Using open Channel [id: 0x0fd79672, L:/127.0.0.1:59225 - R:localhost/127.0.0.1:19691] for POST '/session/412c741e6f4f7ee9b149c7b74800e900/element/9330F8CD5D18F75156EB4FB715507178_element_401/clear'
14:30:13.150 [AsyncHttpClient-1-8] DEBUG org.asynchttpclient.netty.handler.HttpHandler - 

Request DefaultHttpRequest(decodeResult: success, version: HTTP/1.1)
POST /session/412c741e6f4f7ee9b149c7b74800e900/element/9330F8CD5D18F75156EB4FB715507178_element_401/clear HTTP/1.1
User-Agent: selenium/4.8.1 (java windows)
Content-Length: 58
Content-Type: application/json; charset=utf-8
host: localhost:19691
accept: */*

Response DefaultHttpResponse(decodeResult: success, version: HTTP/1.1)
HTTP/1.1 200 OK
Content-Length: 14
Content-Type: application/json; charset=utf-8
cache-control: no-cache

14:30:13.152 [AsyncHttpClient-1-8] DEBUG org.asynchttpclient.netty.channel.ChannelManager - Adding key: http://localhost:19691 for channel [id: 0x0fd79672, L:/127.0.0.1:59225 - R:localhost/127.0.0.1:19691]
14:30:13.152 [Forwarding sendKeysToElement on session 412c741e6f4f7ee9b149c7b74800e900 to remote] DEBUG org.asynchttpclient.netty.request.NettyRequestSender - Using pooled Channel '[id: 0x0fd79672, L:/127.0.0.1:59225 - R:localhost/127.0.0.1:19691]' for 'POST' to 'http://localhost:19691/session/412c741e6f4f7ee9b149c7b74800e900/element/9330F8CD5D18F75156EB4FB715507178_element_401/value'
14:30:13.152 [Forwarding sendKeysToElement on session 412c741e6f4f7ee9b149c7b74800e900 to remote] DEBUG org.asynchttpclient.netty.request.NettyRequestSender - Using open Channel [id: 0x0fd79672, L:/127.0.0.1:59225 - R:localhost/127.0.0.1:19691] for POST '/session/412c741e6f4f7ee9b149c7b74800e900/element/9330F8CD5D18F75156EB4FB715507178_element_401/value'
14:30:13.905 [AsyncHttpClient-1-1] DEBUG org.asynchttpclient.netty.channel.DefaultChannelPool - Entry count for : http://localhost:59226 : 1
14:30:14.518 [AsyncHttpClient-1-8] DEBUG org.asynchttpclient.netty.handler.HttpHandler - 

Request DefaultHttpRequest(decodeResult: success, version: HTTP/1.1)
POST /session/412c741e6f4f7ee9b149c7b74800e900/element/9330F8CD5D18F75156EB4FB715507178_element_401/value HTTP/1.1
User-Agent: selenium/4.8.1 (java windows)
Content-Length: 259
Content-Type: application/json; charset=utf-8
host: localhost:19691
accept: */*

Response DefaultHttpResponse(decodeResult: success, version: HTTP/1.1)
HTTP/1.1 200 OK
Content-Length: 14
Content-Type: application/json; charset=utf-8
cache-control: no-cache

14:30:14.518 [AsyncHttpClient-1-8] DEBUG org.asynchttpclient.netty.channel.ChannelManager - Adding key: http://localhost:19691 for channel [id: 0x0fd79672, L:/127.0.0.1:59225 - R:localhost/127.0.0.1:19691]
14:30:14.518 [Forwarding sendKeysToElement on session 412c741e6f4f7ee9b149c7b74800e900 to remote] DEBUG org.asynchttpclient.netty.request.NettyRequestSender - Using pooled Channel '[id: 0x0fd79672, L:/127.0.0.1:59225 - R:localhost/127.0.0.1:19691]' for 'POST' to 'http://localhost:19691/session/412c741e6f4f7ee9b149c7b74800e900/element/9330F8CD5D18F75156EB4FB715507178_element_401/value'
14:30:14.518 [Forwarding sendKeysToElement on session 412c741e6f4f7ee9b149c7b74800e900 to remote] DEBUG org.asynchttpclient.netty.request.NettyRequestSender - Using open Channel [id: 0x0fd79672, L:/127.0.0.1:59225 - R:localhost/127.0.0.1:19691] for POST '/session/412c741e6f4f7ee9b149c7b74800e900/element/9330F8CD5D18F75156EB4FB715507178_element_401/value'
14:30:14.636 [AsyncHttpClient-1-8] DEBUG org.asynchttpclient.netty.handler.HttpHandler - 

Request DefaultHttpRequest(decodeResult: success, version: HTTP/1.1)
POST /session/412c741e6f4f7ee9b149c7b74800e900/element/9330F8CD5D18F75156EB4FB715507178_element_401/value HTTP/1.1
User-Agent: selenium/4.8.1 (java windows)
Content-Length: 103
Content-Type: application/json; charset=utf-8
host: localhost:19691
accept: */*

Response DefaultHttpResponse(decodeResult: success, version: HTTP/1.1)
HTTP/1.1 200 OK
Content-Length: 14
Content-Type: application/json; charset=utf-8
cache-control: no-cache

14:30:14.641 [AsyncHttpClient-1-8] DEBUG org.asynchttpclient.netty.channel.ChannelManager - Adding key: http://localhost:19691 for channel [id: 0x0fd79672, L:/127.0.0.1:59225 - R:localhost/127.0.0.1:19691]
14:30:14.654 [Forwarding getAlertText on session 412c741e6f4f7ee9b149c7b74800e900 to remote] DEBUG org.asynchttpclient.netty.request.NettyRequestSender - Using pooled Channel '[id: 0x0fd79672, L:/127.0.0.1:59225 - R:localhost/127.0.0.1:19691]' for 'GET' to 'http://localhost:19691/session/412c741e6f4f7ee9b149c7b74800e900/alert/text'
14:30:14.654 [Forwarding getAlertText on session 412c741e6f4f7ee9b149c7b74800e900 to remote] DEBUG org.asynchttpclient.netty.request.NettyRequestSender - Using open Channel [id: 0x0fd79672, L:/127.0.0.1:59225 - R:localhost/127.0.0.1:19691] for GET '/session/412c741e6f4f7ee9b149c7b74800e900/alert/text'
14:30:14.672 [AsyncHttpClient-1-8] DEBUG org.asynchttpclient.netty.handler.HttpHandler - 

Request DefaultFullHttpRequest(decodeResult: success, version: HTTP/1.1, content: EmptyByteBufBE)
GET /session/412c741e6f4f7ee9b149c7b74800e900/alert/text HTTP/1.1
User-Agent: selenium/4.8.1 (java windows)
Cache-Control: no-cache
Content-Type: application/json; charset=utf-8
host: localhost:19691
accept: */*

Response DefaultHttpResponse(decodeResult: success, version: HTTP/1.1)
HTTP/1.1 404 Not Found
Content-Length: 821
Content-Type: application/json; charset=utf-8
cache-control: no-cache

14:30:14.672 [AsyncHttpClient-1-8] DEBUG org.asynchttpclient.netty.channel.ChannelManager - Adding key: http://localhost:19691 for channel [id: 0x0fd79672, L:/127.0.0.1:59225 - R:localhost/127.0.0.1:19691]
14:30:14.673 [Forwarding getCurrentUrl on session 412c741e6f4f7ee9b149c7b74800e900 to remote] DEBUG org.asynchttpclient.netty.request.NettyRequestSender - Using pooled Channel '[id: 0x0fd79672, L:/127.0.0.1:59225 - R:localhost/127.0.0.1:19691]' for 'GET' to 'http://localhost:19691/session/412c741e6f4f7ee9b149c7b74800e900/url'
14:30:14.673 [Forwarding getCurrentUrl on session 412c741e6f4f7ee9b149c7b74800e900 to remote] DEBUG org.asynchttpclient.netty.request.NettyRequestSender - Using open Channel [id: 0x0fd79672, L:/127.0.0.1:59225 - R:localhost/127.0.0.1:19691] for GET '/session/412c741e6f4f7ee9b149c7b74800e900/url'
14:30:14.706 [AsyncHttpClient-1-8] DEBUG org.asynchttpclient.netty.handler.HttpHandler - 

Request DefaultFullHttpRequest(decodeResult: success, version: HTTP/1.1, content: EmptyByteBufBE)
GET /session/412c741e6f4f7ee9b149c7b74800e900/url HTTP/1.1
User-Agent: selenium/4.8.1 (java windows)
Cache-Control: no-cache
Content-Type: application/json; charset=utf-8
host: localhost:19691
accept: */*

Response DefaultHttpResponse(decodeResult: success, version: HTTP/1.1)
HTTP/1.1 200 OK
Content-Length: 63
Content-Type: application/json; charset=utf-8
cache-control: no-cache

14:30:14.706 [AsyncHttpClient-1-8] DEBUG org.asynchttpclient.netty.channel.ChannelManager - Adding key: http://localhost:19691 for channel [id: 0x0fd79672, L:/127.0.0.1:59225 - R:localhost/127.0.0.1:19691]
14:30:14.706 [Forwarding screenshot on session 412c741e6f4f7ee9b149c7b74800e900 to remote] DEBUG org.asynchttpclient.netty.request.NettyRequestSender - Using pooled Channel '[id: 0x0fd79672, L:/127.0.0.1:59225 - R:localhost/127.0.0.1:19691]' for 'GET' to 'http://localhost:19691/session/412c741e6f4f7ee9b149c7b74800e900/screenshot'
14:30:14.706 [Forwarding screenshot on session 412c741e6f4f7ee9b149c7b74800e900 to remote] DEBUG org.asynchttpclient.netty.request.NettyRequestSender - Using open Channel [id: 0x0fd79672, L:/127.0.0.1:59225 - R:localhost/127.0.0.1:19691] for GET '/session/412c741e6f4f7ee9b149c7b74800e900/screenshot'
14:30:14.961 [AsyncHttpClient-1-8] DEBUG org.asynchttpclient.netty.handler.HttpHandler - 

Request DefaultFullHttpRequest(decodeResult: success, version: HTTP/1.1, content: EmptyByteBufBE)
GET /session/412c741e6f4f7ee9b149c7b74800e900/screenshot HTTP/1.1
User-Agent: selenium/4.8.1 (java windows)
Cache-Control: no-cache
Content-Type: application/json; charset=utf-8
host: localhost:19691
accept: */*

Response DefaultHttpResponse(decodeResult: success, version: HTTP/1.1)
HTTP/1.1 200 OK
Content-Length: 87344
Content-Type: application/json; charset=utf-8
cache-control: no-cache

14:30:14.961 [AsyncHttpClient-1-8] DEBUG org.asynchttpclient.netty.channel.ChannelManager - Adding key: http://localhost:19691 for channel [id: 0x0fd79672, L:/127.0.0.1:59225 - R:localhost/127.0.0.1:19691]
14:30:14.975 [main] DEBUG net.serenitybdd.core.photography.Darkroom - Send negative for processing for target\site\serenity\962a1299ca1a5d9d066082c4a464bc441fb0d4be0b7e7c2d05eb9ba00b5c0dfd.png
14:30:14.975 [Darkroom Processing Line] DEBUG net.serenitybdd.core.photography.DarkroomProcessingLine - Processing screenshot image in /var/screenshots/screenshot-9212656203545462181
14:30:14.975 [Darkroom Processing Line] DEBUG net.serenitybdd.core.photography.DarkroomProcessingLine - Saving screenshot to target\site\serenity\962a1299ca1a5d9d066082c4a464bc441fb0d4be0b7e7c2d05eb9ba00b5c0dfd.png
14:30:14.975 [main] DEBUG net.thucydides.core.steps.StepInterceptor - STEP DONE: Enter_Operating_Street_Address
14:30:14.991 [AsyncHttpClient-1-1] DEBUG org.asynchttpclient.netty.channel.DefaultChannelPool - Entry count for : http://localhost:59226 : 1
14:30:14.993 [AsyncHttpClient-1-1] DEBUG org.asynchttpclient.netty.channel.DefaultChannelPool - Entry count for : http://localhost:19691 : 1
14:30:14.993 [AsyncHttpClient-1-1] DEBUG org.asynchttpclient.netty.channel.DefaultChannelPool - Adding Candidate expired Channel [id: 0xbad29c93, L:/127.0.0.1:59233 - R:localhost/127.0.0.1:59226] isIdleTimeoutExpired=true isRemotelyClosed=false isTtlExpired=false
14:30:14.993 [AsyncHttpClient-1-1] DEBUG org.asynchttpclient.netty.channel.DefaultChannelPool - Closing Idle Channel [id: 0xbad29c93, L:/127.0.0.1:59233 - R:localhost/127.0.0.1:59226]
14:30:14.993 [AsyncHttpClient-1-9] DEBUG org.asynchttpclient.netty.handler.HttpHandler - Channel Closed: [id: 0xbad29c93, L:/127.0.0.1:59233 ! R:localhost/127.0.0.1:59226] with attribute DISCARD
14:30:14.993 [AsyncHttpClient-1-1] DEBUG org.asynchttpclient.netty.channel.DefaultChannelPool - Closed 1 connections out of 2 in 0 ms
14:30:14.998 [Forwarding getPageSource on session 412c741e6f4f7ee9b149c7b74800e900 to remote] DEBUG org.asynchttpclient.netty.request.NettyRequestSender - Using pooled Channel '[id: 0x0fd79672, L:/127.0.0.1:59225 - R:localhost/127.0.0.1:19691]' for 'POST' to 'http://localhost:19691/session/412c741e6f4f7ee9b149c7b74800e900/execute/sync'
14:30:14.998 [Forwarding getPageSource on session 412c741e6f4f7ee9b149c7b74800e900 to remote] DEBUG org.asynchttpclient.netty.request.NettyRequestSender - Using open Channel [id: 0x0fd79672, L:/127.0.0.1:59225 - R:localhost/127.0.0.1:19691] for POST '/session/412c741e6f4f7ee9b149c7b74800e900/execute/sync'
14:30:15.030 [AsyncHttpClient-1-8] DEBUG org.asynchttpclient.netty.handler.HttpHandler - 

Request DefaultHttpRequest(decodeResult: success, version: HTTP/1.1)
POST /session/412c741e6f4f7ee9b149c7b74800e900/execute/sync HTTP/1.1
User-Agent: selenium/4.8.1 (java windows)
Content-Length: 176
Content-Type: application/json; charset=utf-8
host: localhost:19691
accept: */*

Response DefaultHttpResponse(decodeResult: success, version: HTTP/1.1)
HTTP/1.1 200 OK
Content-Length: 46216
Content-Type: application/json; charset=utf-8
cache-control: no-cache

14:30:15.030 [AsyncHttpClient-1-8] DEBUG org.asynchttpclient.netty.channel.ChannelManager - Adding key: http://localhost:19691 for channel [id: 0x0fd79672, L:/127.0.0.1:59225 - R:localhost/127.0.0.1:19691]
14:30:15.039 [Forwarding getCurrentUrl on session 412c741e6f4f7ee9b149c7b74800e900 to remote] DEBUG org.asynchttpclient.netty.request.NettyRequestSender - Using pooled Channel '[id: 0x0fd79672, L:/127.0.0.1:59225 - R:localhost/127.0.0.1:19691]' for 'GET' to 'http://localhost:19691/session/412c741e6f4f7ee9b149c7b74800e900/url'
14:30:15.039 [Forwarding getCurrentUrl on session 412c741e6f4f7ee9b149c7b74800e900 to remote] DEBUG org.asynchttpclient.netty.request.NettyRequestSender - Using open Channel [id: 0x0fd79672, L:/127.0.0.1:59225 - R:localhost/127.0.0.1:19691] for GET '/session/412c741e6f4f7ee9b149c7b74800e900/url'
14:30:15.046 [AsyncHttpClient-1-8] DEBUG org.asynchttpclient.netty.handler.HttpHandler - 

Request DefaultFullHttpRequest(decodeResult: success, version: HTTP/1.1, content: EmptyByteBufBE)
GET /session/412c741e6f4f7ee9b149c7b74800e900/url HTTP/1.1
User-Agent: selenium/4.8.1 (java windows)
Cache-Control: no-cache
Content-Type: application/json; charset=utf-8
host: localhost:19691
accept: */*

Response DefaultHttpResponse(decodeResult: success, version: HTTP/1.1)
HTTP/1.1 200 OK
Content-Length: 63
Content-Type: application/json; charset=utf-8
cache-control: no-cache

14:30:15.046 [AsyncHttpClient-1-8] DEBUG org.asynchttpclient.netty.channel.ChannelManager - Adding key: http://localhost:19691 for channel [id: 0x0fd79672, L:/127.0.0.1:59225 - R:localhost/127.0.0.1:19691]
14:30:15.071 [Forwarding getAlertText on session 412c741e6f4f7ee9b149c7b74800e900 to remote] DEBUG org.asynchttpclient.netty.request.NettyRequestSender - Using pooled Channel '[id: 0x0fd79672, L:/127.0.0.1:59225 - R:localhost/127.0.0.1:19691]' for 'GET' to 'http://localhost:19691/session/412c741e6f4f7ee9b149c7b74800e900/alert/text'
14:30:15.071 [Forwarding getAlertText on session 412c741e6f4f7ee9b149c7b74800e900 to remote] DEBUG org.asynchttpclient.netty.request.NettyRequestSender - Using open Channel [id: 0x0fd79672, L:/127.0.0.1:59225 - R:localhost/127.0.0.1:19691] for GET '/session/412c741e6f4f7ee9b149c7b74800e900/alert/text'
14:30:15.071 [AsyncHttpClient-1-8] DEBUG org.asynchttpclient.netty.handler.HttpHandler - 

Request DefaultFullHttpRequest(decodeResult: success, version: HTTP/1.1, content: EmptyByteBufBE)
GET /session/412c741e6f4f7ee9b149c7b74800e900/alert/text HTTP/1.1
User-Agent: selenium/4.8.1 (java windows)
Cache-Control: no-cache
Content-Type: application/json; charset=utf-8
host: localhost:19691
accept: */*

Response DefaultHttpResponse(decodeResult: success, version: HTTP/1.1)
HTTP/1.1 404 Not Found
Content-Length: 821
Content-Type: application/json; charset=utf-8
cache-control: no-cache

14:30:15.071 [AsyncHttpClient-1-8] DEBUG org.asynchttpclient.netty.channel.ChannelManager - Adding key: http://localhost:19691 for channel [id: 0x0fd79672, L:/127.0.0.1:59225 - R:localhost/127.0.0.1:19691]
14:30:15.078 [Forwarding getCurrentUrl on session 412c741e6f4f7ee9b149c7b74800e900 to remote] DEBUG org.asynchttpclient.netty.request.NettyRequestSender - Using pooled Channel '[id: 0x0fd79672, L:/127.0.0.1:59225 - R:localhost/127.0.0.1:19691]' for 'GET' to 'http://localhost:19691/session/412c741e6f4f7ee9b149c7b74800e900/url'
14:30:15.078 [Forwarding getCurrentUrl on session 412c741e6f4f7ee9b149c7b74800e900 to remote] DEBUG org.asynchttpclient.netty.request.NettyRequestSender - Using open Channel [id: 0x0fd79672, L:/127.0.0.1:59225 - R:localhost/127.0.0.1:19691] for GET '/session/412c741e6f4f7ee9b149c7b74800e900/url'
14:30:15.089 [AsyncHttpClient-1-8] DEBUG org.asynchttpclient.netty.handler.HttpHandler - 

Request DefaultFullHttpRequest(decodeResult: success, version: HTTP/1.1, content: EmptyByteBufBE)
GET /session/412c741e6f4f7ee9b149c7b74800e900/url HTTP/1.1
User-Agent: selenium/4.8.1 (java windows)
Cache-Control: no-cache
Content-Type: application/json; charset=utf-8
host: localhost:19691
accept: */*

Response DefaultHttpResponse(decodeResult: success, version: HTTP/1.1)
HTTP/1.1 200 OK
Content-Length: 63
Content-Type: application/json; charset=utf-8
cache-control: no-cache

14:30:15.089 [AsyncHttpClient-1-8] DEBUG org.asynchttpclient.netty.channel.ChannelManager - Adding key: http://localhost:19691 for channel [id: 0x0fd79672, L:/127.0.0.1:59225 - R:localhost/127.0.0.1:19691]
14:30:15.089 [Forwarding screenshot on session 412c741e6f4f7ee9b149c7b74800e900 to remote] DEBUG org.asynchttpclient.netty.request.NettyRequestSender - Using pooled Channel '[id: 0x0fd79672, L:/127.0.0.1:59225 - R:localhost/127.0.0.1:19691]' for 'GET' to 'http://localhost:19691/session/412c741e6f4f7ee9b149c7b74800e900/screenshot'
14:30:15.089 [Forwarding screenshot on session 412c741e6f4f7ee9b149c7b74800e900 to remote] DEBUG org.asynchttpclient.netty.request.NettyRequestSender - Using open Channel [id: 0x0fd79672, L:/127.0.0.1:59225 - R:localhost/127.0.0.1:19691] for GET '/session/412c741e6f4f7ee9b149c7b74800e900/screenshot'
14:30:15.324 [AsyncHttpClient-1-8] DEBUG org.asynchttpclient.netty.handler.HttpHandler - 

Request DefaultFullHttpRequest(decodeResult: success, version: HTTP/1.1, content: EmptyByteBufBE)
GET /session/412c741e6f4f7ee9b149c7b74800e900/screenshot HTTP/1.1
User-Agent: selenium/4.8.1 (java windows)
Cache-Control: no-cache
Content-Type: application/json; charset=utf-8
host: localhost:19691
accept: */*

Response DefaultHttpResponse(decodeResult: success, version: HTTP/1.1)
HTTP/1.1 200 OK
Content-Length: 87336
Content-Type: application/json; charset=utf-8
cache-control: no-cache

14:30:15.330 [AsyncHttpClient-1-8] DEBUG org.asynchttpclient.netty.channel.ChannelManager - Adding key: http://localhost:19691 for channel [id: 0x0fd79672, L:/127.0.0.1:59225 - R:localhost/127.0.0.1:19691]
14:30:15.334 [main] DEBUG net.serenitybdd.core.photography.Darkroom - Send negative for processing for target\site\serenity\5280a6301328d20679048a906628493ee1b73629e3039bff0c0030e42abd86be.png
14:30:15.334 [Darkroom Processing Line] DEBUG net.serenitybdd.core.photography.DarkroomProcessingLine - Processing screenshot image in /var/screenshots/screenshot-7276466928630569420
14:30:15.334 [Darkroom Processing Line] DEBUG net.serenitybdd.core.photography.DarkroomProcessingLine - Saving screenshot to target\site\serenity\5280a6301328d20679048a906628493ee1b73629e3039bff0c0030e42abd86be.png
14:30:15.334 [Forwarding getPageSource on session 412c741e6f4f7ee9b149c7b74800e900 to remote] DEBUG org.asynchttpclient.netty.request.NettyRequestSender - Using pooled Channel '[id: 0x0fd79672, L:/127.0.0.1:59225 - R:localhost/127.0.0.1:19691]' for 'POST' to 'http://localhost:19691/session/412c741e6f4f7ee9b149c7b74800e900/execute/sync'
14:30:15.334 [Forwarding getPageSource on session 412c741e6f4f7ee9b149c7b74800e900 to remote] DEBUG org.asynchttpclient.netty.request.NettyRequestSender - Using open Channel [id: 0x0fd79672, L:/127.0.0.1:59225 - R:localhost/127.0.0.1:19691] for POST '/session/412c741e6f4f7ee9b149c7b74800e900/execute/sync'
14:30:15.346 [AsyncHttpClient-1-8] DEBUG org.asynchttpclient.netty.handler.HttpHandler - 

Request DefaultHttpRequest(decodeResult: success, version: HTTP/1.1)
POST /session/412c741e6f4f7ee9b149c7b74800e900/execute/sync HTTP/1.1
User-Agent: selenium/4.8.1 (java windows)
Content-Length: 176
Content-Type: application/json; charset=utf-8
host: localhost:19691
accept: */*

Response DefaultHttpResponse(decodeResult: success, version: HTTP/1.1)
HTTP/1.1 200 OK
Content-Length: 46216
Content-Type: application/json; charset=utf-8
cache-control: no-cache

14:30:15.346 [AsyncHttpClient-1-8] DEBUG org.asynchttpclient.netty.channel.ChannelManager - Adding key: http://localhost:19691 for channel [id: 0x0fd79672, L:/127.0.0.1:59225 - R:localhost/127.0.0.1:19691]
14:30:15.355 [Forwarding getCurrentUrl on session 412c741e6f4f7ee9b149c7b74800e900 to remote] DEBUG org.asynchttpclient.netty.request.NettyRequestSender - Using pooled Channel '[id: 0x0fd79672, L:/127.0.0.1:59225 - R:localhost/127.0.0.1:19691]' for 'GET' to 'http://localhost:19691/session/412c741e6f4f7ee9b149c7b74800e900/url'
14:30:15.355 [Forwarding getCurrentUrl on session 412c741e6f4f7ee9b149c7b74800e900 to remote] DEBUG org.asynchttpclient.netty.request.NettyRequestSender - Using open Channel [id: 0x0fd79672, L:/127.0.0.1:59225 - R:localhost/127.0.0.1:19691] for GET '/session/412c741e6f4f7ee9b149c7b74800e900/url'
14:30:15.366 [AsyncHttpClient-1-8] DEBUG org.asynchttpclient.netty.handler.HttpHandler - 

Request DefaultFullHttpRequest(decodeResult: success, version: HTTP/1.1, content: EmptyByteBufBE)
GET /session/412c741e6f4f7ee9b149c7b74800e900/url HTTP/1.1
User-Agent: selenium/4.8.1 (java windows)
Cache-Control: no-cache
Content-Type: application/json; charset=utf-8
host: localhost:19691
accept: */*

Response DefaultHttpResponse(decodeResult: success, version: HTTP/1.1)
HTTP/1.1 200 OK
Content-Length: 63
Content-Type: application/json; charset=utf-8
cache-control: no-cache

14:30:15.366 [AsyncHttpClient-1-8] DEBUG org.asynchttpclient.netty.channel.ChannelManager - Adding key: http://localhost:19691 for channel [id: 0x0fd79672, L:/127.0.0.1:59225 - R:localhost/127.0.0.1:19691]
14:30:15.377 [main] DEBUG net.thucydides.core.steps.StepInterceptor - STARTING STEP: Afrexim_Signup_steps.enter_operating_city - Enter_Operating_city
14:30:15.382 [Forwarding findElement on session 412c741e6f4f7ee9b149c7b74800e900 to remote] DEBUG org.asynchttpclient.netty.request.NettyRequestSender - Using pooled Channel '[id: 0x0fd79672, L:/127.0.0.1:59225 - R:localhost/127.0.0.1:19691]' for 'POST' to 'http://localhost:19691/session/412c741e6f4f7ee9b149c7b74800e900/element'
14:30:15.382 [Forwarding findElement on session 412c741e6f4f7ee9b149c7b74800e900 to remote] DEBUG org.asynchttpclient.netty.request.NettyRequestSender - Using open Channel [id: 0x0fd79672, L:/127.0.0.1:59225 - R:localhost/127.0.0.1:19691] for POST '/session/412c741e6f4f7ee9b149c7b74800e900/element'
14:30:15.398 [AsyncHttpClient-1-8] DEBUG org.asynchttpclient.netty.handler.HttpHandler - 

Request DefaultHttpRequest(decodeResult: success, version: HTTP/1.1)
POST /session/412c741e6f4f7ee9b149c7b74800e900/element HTTP/1.1
User-Agent: selenium/4.8.1 (java windows)
Content-Length: 86
Content-Type: application/json; charset=utf-8
host: localhost:19691
accept: */*

Response DefaultHttpResponse(decodeResult: success, version: HTTP/1.1)
HTTP/1.1 200 OK
Content-Length: 96
Content-Type: application/json; charset=utf-8
cache-control: no-cache

14:30:15.398 [AsyncHttpClient-1-8] DEBUG org.asynchttpclient.netty.channel.ChannelManager - Adding key: http://localhost:19691 for channel [id: 0x0fd79672, L:/127.0.0.1:59225 - R:localhost/127.0.0.1:19691]
14:30:15.409 [Forwarding clearElement on session 412c741e6f4f7ee9b149c7b74800e900 to remote] DEBUG org.asynchttpclient.netty.request.NettyRequestSender - Using pooled Channel '[id: 0x0fd79672, L:/127.0.0.1:59225 - R:localhost/127.0.0.1:19691]' for 'POST' to 'http://localhost:19691/session/412c741e6f4f7ee9b149c7b74800e900/element/9330F8CD5D18F75156EB4FB715507178_element_402/clear'
14:30:15.409 [Forwarding clearElement on session 412c741e6f4f7ee9b149c7b74800e900 to remote] DEBUG org.asynchttpclient.netty.request.NettyRequestSender - Using open Channel [id: 0x0fd79672, L:/127.0.0.1:59225 - R:localhost/127.0.0.1:19691] for POST '/session/412c741e6f4f7ee9b149c7b74800e900/element/9330F8CD5D18F75156EB4FB715507178_element_402/clear'
14:30:15.457 [AsyncHttpClient-1-8] DEBUG org.asynchttpclient.netty.handler.HttpHandler - 

Request DefaultHttpRequest(decodeResult: success, version: HTTP/1.1)
POST /session/412c741e6f4f7ee9b149c7b74800e900/element/9330F8CD5D18F75156EB4FB715507178_element_402/clear HTTP/1.1
User-Agent: selenium/4.8.1 (java windows)
Content-Length: 58
Content-Type: application/json; charset=utf-8
host: localhost:19691
accept: */*

Response DefaultHttpResponse(decodeResult: success, version: HTTP/1.1)
HTTP/1.1 200 OK
Content-Length: 14
Content-Type: application/json; charset=utf-8
cache-control: no-cache

14:30:15.457 [AsyncHttpClient-1-8] DEBUG org.asynchttpclient.netty.channel.ChannelManager - Adding key: http://localhost:19691 for channel [id: 0x0fd79672, L:/127.0.0.1:59225 - R:localhost/127.0.0.1:19691]
14:30:15.457 [Forwarding sendKeysToElement on session 412c741e6f4f7ee9b149c7b74800e900 to remote] DEBUG org.asynchttpclient.netty.request.NettyRequestSender - Using pooled Channel '[id: 0x0fd79672, L:/127.0.0.1:59225 - R:localhost/127.0.0.1:19691]' for 'POST' to 'http://localhost:19691/session/412c741e6f4f7ee9b149c7b74800e900/element/9330F8CD5D18F75156EB4FB715507178_element_402/value'
14:30:15.457 [Forwarding sendKeysToElement on session 412c741e6f4f7ee9b149c7b74800e900 to remote] DEBUG org.asynchttpclient.netty.request.NettyRequestSender - Using open Channel [id: 0x0fd79672, L:/127.0.0.1:59225 - R:localhost/127.0.0.1:19691] for POST '/session/412c741e6f4f7ee9b149c7b74800e900/element/9330F8CD5D18F75156EB4FB715507178_element_402/value'
14:30:16.028 [AsyncHttpClient-1-8] DEBUG org.asynchttpclient.netty.handler.HttpHandler - 

Request DefaultHttpRequest(decodeResult: success, version: HTTP/1.1)
POST /session/412c741e6f4f7ee9b149c7b74800e900/element/9330F8CD5D18F75156EB4FB715507178_element_402/value HTTP/1.1
User-Agent: selenium/4.8.1 (java windows)
Content-Length: 229
Content-Type: application/json; charset=utf-8
host: localhost:19691
accept: */*

Response DefaultHttpResponse(decodeResult: success, version: HTTP/1.1)
HTTP/1.1 200 OK
Content-Length: 14
Content-Type: application/json; charset=utf-8
cache-control: no-cache

14:30:16.028 [AsyncHttpClient-1-8] DEBUG org.asynchttpclient.netty.channel.ChannelManager - Adding key: http://localhost:19691 for channel [id: 0x0fd79672, L:/127.0.0.1:59225 - R:localhost/127.0.0.1:19691]
14:30:16.033 [Forwarding sendKeysToElement on session 412c741e6f4f7ee9b149c7b74800e900 to remote] DEBUG org.asynchttpclient.netty.request.NettyRequestSender - Using pooled Channel '[id: 0x0fd79672, L:/127.0.0.1:59225 - R:localhost/127.0.0.1:19691]' for 'POST' to 'http://localhost:19691/session/412c741e6f4f7ee9b149c7b74800e900/element/9330F8CD5D18F75156EB4FB715507178_element_402/value'
14:30:16.033 [Forwarding sendKeysToElement on session 412c741e6f4f7ee9b149c7b74800e900 to remote] DEBUG org.asynchttpclient.netty.request.NettyRequestSender - Using open Channel [id: 0x0fd79672, L:/127.0.0.1:59225 - R:localhost/127.0.0.1:19691] for POST '/session/412c741e6f4f7ee9b149c7b74800e900/element/9330F8CD5D18F75156EB4FB715507178_element_402/value'
14:30:16.123 [AsyncHttpClient-1-8] DEBUG org.asynchttpclient.netty.handler.HttpHandler - 

Request DefaultHttpRequest(decodeResult: success, version: HTTP/1.1)
POST /session/412c741e6f4f7ee9b149c7b74800e900/element/9330F8CD5D18F75156EB4FB715507178_element_402/value HTTP/1.1
User-Agent: selenium/4.8.1 (java windows)
Content-Length: 103
Content-Type: application/json; charset=utf-8
host: localhost:19691
accept: */*

Response DefaultHttpResponse(decodeResult: success, version: HTTP/1.1)
HTTP/1.1 200 OK
Content-Length: 14
Content-Type: application/json; charset=utf-8
cache-control: no-cache

14:30:16.123 [AsyncHttpClient-1-8] DEBUG org.asynchttpclient.netty.channel.ChannelManager - Adding key: http://localhost:19691 for channel [id: 0x0fd79672, L:/127.0.0.1:59225 - R:localhost/127.0.0.1:19691]
14:30:16.148 [Forwarding getAlertText on session 412c741e6f4f7ee9b149c7b74800e900 to remote] DEBUG org.asynchttpclient.netty.request.NettyRequestSender - Using pooled Channel '[id: 0x0fd79672, L:/127.0.0.1:59225 - R:localhost/127.0.0.1:19691]' for 'GET' to 'http://localhost:19691/session/412c741e6f4f7ee9b149c7b74800e900/alert/text'
14:30:16.148 [Forwarding getAlertText on session 412c741e6f4f7ee9b149c7b74800e900 to remote] DEBUG org.asynchttpclient.netty.request.NettyRequestSender - Using open Channel [id: 0x0fd79672, L:/127.0.0.1:59225 - R:localhost/127.0.0.1:19691] for GET '/session/412c741e6f4f7ee9b149c7b74800e900/alert/text'
14:30:16.156 [AsyncHttpClient-1-8] DEBUG org.asynchttpclient.netty.handler.HttpHandler - 

Request DefaultFullHttpRequest(decodeResult: success, version: HTTP/1.1, content: EmptyByteBufBE)
GET /session/412c741e6f4f7ee9b149c7b74800e900/alert/text HTTP/1.1
User-Agent: selenium/4.8.1 (java windows)
Cache-Control: no-cache
Content-Type: application/json; charset=utf-8
host: localhost:19691
accept: */*

Response DefaultHttpResponse(decodeResult: success, version: HTTP/1.1)
HTTP/1.1 404 Not Found
Content-Length: 821
Content-Type: application/json; charset=utf-8
cache-control: no-cache

14:30:16.156 [AsyncHttpClient-1-8] DEBUG org.asynchttpclient.netty.channel.ChannelManager - Adding key: http://localhost:19691 for channel [id: 0x0fd79672, L:/127.0.0.1:59225 - R:localhost/127.0.0.1:19691]
14:30:16.156 [Forwarding getCurrentUrl on session 412c741e6f4f7ee9b149c7b74800e900 to remote] DEBUG org.asynchttpclient.netty.request.NettyRequestSender - Using pooled Channel '[id: 0x0fd79672, L:/127.0.0.1:59225 - R:localhost/127.0.0.1:19691]' for 'GET' to 'http://localhost:19691/session/412c741e6f4f7ee9b149c7b74800e900/url'
14:30:16.156 [Forwarding getCurrentUrl on session 412c741e6f4f7ee9b149c7b74800e900 to remote] DEBUG org.asynchttpclient.netty.request.NettyRequestSender - Using open Channel [id: 0x0fd79672, L:/127.0.0.1:59225 - R:localhost/127.0.0.1:19691] for GET '/session/412c741e6f4f7ee9b149c7b74800e900/url'
14:30:16.182 [AsyncHttpClient-1-8] DEBUG org.asynchttpclient.netty.handler.HttpHandler - 

Request DefaultFullHttpRequest(decodeResult: success, version: HTTP/1.1, content: EmptyByteBufBE)
GET /session/412c741e6f4f7ee9b149c7b74800e900/url HTTP/1.1
User-Agent: selenium/4.8.1 (java windows)
Cache-Control: no-cache
Content-Type: application/json; charset=utf-8
host: localhost:19691
accept: */*

Response DefaultHttpResponse(decodeResult: success, version: HTTP/1.1)
HTTP/1.1 200 OK
Content-Length: 63
Content-Type: application/json; charset=utf-8
cache-control: no-cache

14:30:16.182 [AsyncHttpClient-1-8] DEBUG org.asynchttpclient.netty.channel.ChannelManager - Adding key: http://localhost:19691 for channel [id: 0x0fd79672, L:/127.0.0.1:59225 - R:localhost/127.0.0.1:19691]
14:30:16.188 [Forwarding screenshot on session 412c741e6f4f7ee9b149c7b74800e900 to remote] DEBUG org.asynchttpclient.netty.request.NettyRequestSender - Using pooled Channel '[id: 0x0fd79672, L:/127.0.0.1:59225 - R:localhost/127.0.0.1:19691]' for 'GET' to 'http://localhost:19691/session/412c741e6f4f7ee9b149c7b74800e900/screenshot'
14:30:16.188 [Forwarding screenshot on session 412c741e6f4f7ee9b149c7b74800e900 to remote] DEBUG org.asynchttpclient.netty.request.NettyRequestSender - Using open Channel [id: 0x0fd79672, L:/127.0.0.1:59225 - R:localhost/127.0.0.1:19691] for GET '/session/412c741e6f4f7ee9b149c7b74800e900/screenshot'
14:30:16.455 [AsyncHttpClient-1-8] DEBUG org.asynchttpclient.netty.handler.HttpHandler - 

Request DefaultFullHttpRequest(decodeResult: success, version: HTTP/1.1, content: EmptyByteBufBE)
GET /session/412c741e6f4f7ee9b149c7b74800e900/screenshot HTTP/1.1
User-Agent: selenium/4.8.1 (java windows)
Cache-Control: no-cache
Content-Type: application/json; charset=utf-8
host: localhost:19691
accept: */*

Response DefaultHttpResponse(decodeResult: success, version: HTTP/1.1)
HTTP/1.1 200 OK
Content-Length: 88840
Content-Type: application/json; charset=utf-8
cache-control: no-cache

14:30:16.455 [AsyncHttpClient-1-8] DEBUG org.asynchttpclient.netty.channel.ChannelManager - Adding key: http://localhost:19691 for channel [id: 0x0fd79672, L:/127.0.0.1:59225 - R:localhost/127.0.0.1:19691]
14:30:16.465 [main] DEBUG net.serenitybdd.core.photography.Darkroom - Send negative for processing for target\site\serenity\70f20b52e592e3a280f3709a841a010355a8bd04d739c4078596e0b5a6a83135.png
14:30:16.465 [main] DEBUG net.thucydides.core.steps.StepInterceptor - STEP DONE: Enter_Operating_city
14:30:16.465 [Darkroom Processing Line] DEBUG net.serenitybdd.core.photography.DarkroomProcessingLine - Processing screenshot image in /var/screenshots/screenshot-3367434869171891790
14:30:16.465 [Darkroom Processing Line] DEBUG net.serenitybdd.core.photography.DarkroomProcessingLine - Saving screenshot to target\site\serenity\70f20b52e592e3a280f3709a841a010355a8bd04d739c4078596e0b5a6a83135.png
14:30:16.481 [Forwarding getPageSource on session 412c741e6f4f7ee9b149c7b74800e900 to remote] DEBUG org.asynchttpclient.netty.request.NettyRequestSender - Using pooled Channel '[id: 0x0fd79672, L:/127.0.0.1:59225 - R:localhost/127.0.0.1:19691]' for 'POST' to 'http://localhost:19691/session/412c741e6f4f7ee9b149c7b74800e900/execute/sync'
14:30:16.481 [Forwarding getPageSource on session 412c741e6f4f7ee9b149c7b74800e900 to remote] DEBUG org.asynchttpclient.netty.request.NettyRequestSender - Using open Channel [id: 0x0fd79672, L:/127.0.0.1:59225 - R:localhost/127.0.0.1:19691] for POST '/session/412c741e6f4f7ee9b149c7b74800e900/execute/sync'
14:30:16.502 [AsyncHttpClient-1-8] DEBUG org.asynchttpclient.netty.handler.HttpHandler - 

Request DefaultHttpRequest(decodeResult: success, version: HTTP/1.1)
POST /session/412c741e6f4f7ee9b149c7b74800e900/execute/sync HTTP/1.1
User-Agent: selenium/4.8.1 (java windows)
Content-Length: 176
Content-Type: application/json; charset=utf-8
host: localhost:19691
accept: */*

Response DefaultHttpResponse(decodeResult: success, version: HTTP/1.1)
HTTP/1.1 200 OK
Content-Length: 46230
Content-Type: application/json; charset=utf-8
cache-control: no-cache

14:30:16.502 [AsyncHttpClient-1-8] DEBUG org.asynchttpclient.netty.channel.ChannelManager - Adding key: http://localhost:19691 for channel [id: 0x0fd79672, L:/127.0.0.1:59225 - R:localhost/127.0.0.1:19691]
14:30:16.508 [Forwarding getCurrentUrl on session 412c741e6f4f7ee9b149c7b74800e900 to remote] DEBUG org.asynchttpclient.netty.request.NettyRequestSender - Using pooled Channel '[id: 0x0fd79672, L:/127.0.0.1:59225 - R:localhost/127.0.0.1:19691]' for 'GET' to 'http://localhost:19691/session/412c741e6f4f7ee9b149c7b74800e900/url'
14:30:16.508 [Forwarding getCurrentUrl on session 412c741e6f4f7ee9b149c7b74800e900 to remote] DEBUG org.asynchttpclient.netty.request.NettyRequestSender - Using open Channel [id: 0x0fd79672, L:/127.0.0.1:59225 - R:localhost/127.0.0.1:19691] for GET '/session/412c741e6f4f7ee9b149c7b74800e900/url'
14:30:16.518 [AsyncHttpClient-1-8] DEBUG org.asynchttpclient.netty.handler.HttpHandler - 

Request DefaultFullHttpRequest(decodeResult: success, version: HTTP/1.1, content: EmptyByteBufBE)
GET /session/412c741e6f4f7ee9b149c7b74800e900/url HTTP/1.1
User-Agent: selenium/4.8.1 (java windows)
Cache-Control: no-cache
Content-Type: application/json; charset=utf-8
host: localhost:19691
accept: */*

Response DefaultHttpResponse(decodeResult: success, version: HTTP/1.1)
HTTP/1.1 200 OK
Content-Length: 63
Content-Type: application/json; charset=utf-8
cache-control: no-cache

14:30:16.518 [AsyncHttpClient-1-8] DEBUG org.asynchttpclient.netty.channel.ChannelManager - Adding key: http://localhost:19691 for channel [id: 0x0fd79672, L:/127.0.0.1:59225 - R:localhost/127.0.0.1:19691]
14:30:16.529 [Forwarding getAlertText on session 412c741e6f4f7ee9b149c7b74800e900 to remote] DEBUG org.asynchttpclient.netty.request.NettyRequestSender - Using pooled Channel '[id: 0x0fd79672, L:/127.0.0.1:59225 - R:localhost/127.0.0.1:19691]' for 'GET' to 'http://localhost:19691/session/412c741e6f4f7ee9b149c7b74800e900/alert/text'
14:30:16.529 [Forwarding getAlertText on session 412c741e6f4f7ee9b149c7b74800e900 to remote] DEBUG org.asynchttpclient.netty.request.NettyRequestSender - Using open Channel [id: 0x0fd79672, L:/127.0.0.1:59225 - R:localhost/127.0.0.1:19691] for GET '/session/412c741e6f4f7ee9b149c7b74800e900/alert/text'
14:30:16.534 [AsyncHttpClient-1-8] DEBUG org.asynchttpclient.netty.handler.HttpHandler - 

Request DefaultFullHttpRequest(decodeResult: success, version: HTTP/1.1, content: EmptyByteBufBE)
GET /session/412c741e6f4f7ee9b149c7b74800e900/alert/text HTTP/1.1
User-Agent: selenium/4.8.1 (java windows)
Cache-Control: no-cache
Content-Type: application/json; charset=utf-8
host: localhost:19691
accept: */*

Response DefaultHttpResponse(decodeResult: success, version: HTTP/1.1)
HTTP/1.1 404 Not Found
Content-Length: 821
Content-Type: application/json; charset=utf-8
cache-control: no-cache

14:30:16.534 [AsyncHttpClient-1-8] DEBUG org.asynchttpclient.netty.channel.ChannelManager - Adding key: http://localhost:19691 for channel [id: 0x0fd79672, L:/127.0.0.1:59225 - R:localhost/127.0.0.1:19691]
14:30:16.534 [Forwarding getCurrentUrl on session 412c741e6f4f7ee9b149c7b74800e900 to remote] DEBUG org.asynchttpclient.netty.request.NettyRequestSender - Using pooled Channel '[id: 0x0fd79672, L:/127.0.0.1:59225 - R:localhost/127.0.0.1:19691]' for 'GET' to 'http://localhost:19691/session/412c741e6f4f7ee9b149c7b74800e900/url'
14:30:16.534 [Forwarding getCurrentUrl on session 412c741e6f4f7ee9b149c7b74800e900 to remote] DEBUG org.asynchttpclient.netty.request.NettyRequestSender - Using open Channel [id: 0x0fd79672, L:/127.0.0.1:59225 - R:localhost/127.0.0.1:19691] for GET '/session/412c741e6f4f7ee9b149c7b74800e900/url'
14:30:16.539 [AsyncHttpClient-1-8] DEBUG org.asynchttpclient.netty.handler.HttpHandler - 

Request DefaultFullHttpRequest(decodeResult: success, version: HTTP/1.1, content: EmptyByteBufBE)
GET /session/412c741e6f4f7ee9b149c7b74800e900/url HTTP/1.1
User-Agent: selenium/4.8.1 (java windows)
Cache-Control: no-cache
Content-Type: application/json; charset=utf-8
host: localhost:19691
accept: */*

Response DefaultHttpResponse(decodeResult: success, version: HTTP/1.1)
HTTP/1.1 200 OK
Content-Length: 63
Content-Type: application/json; charset=utf-8
cache-control: no-cache

14:30:16.539 [AsyncHttpClient-1-8] DEBUG org.asynchttpclient.netty.channel.ChannelManager - Adding key: http://localhost:19691 for channel [id: 0x0fd79672, L:/127.0.0.1:59225 - R:localhost/127.0.0.1:19691]
14:30:16.550 [Forwarding screenshot on session 412c741e6f4f7ee9b149c7b74800e900 to remote] DEBUG org.asynchttpclient.netty.request.NettyRequestSender - Using pooled Channel '[id: 0x0fd79672, L:/127.0.0.1:59225 - R:localhost/127.0.0.1:19691]' for 'GET' to 'http://localhost:19691/session/412c741e6f4f7ee9b149c7b74800e900/screenshot'
14:30:16.550 [Forwarding screenshot on session 412c741e6f4f7ee9b149c7b74800e900 to remote] DEBUG org.asynchttpclient.netty.request.NettyRequestSender - Using open Channel [id: 0x0fd79672, L:/127.0.0.1:59225 - R:localhost/127.0.0.1:19691] for GET '/session/412c741e6f4f7ee9b149c7b74800e900/screenshot'
14:30:16.753 [AsyncHttpClient-1-8] DEBUG org.asynchttpclient.netty.handler.HttpHandler - 

Request DefaultFullHttpRequest(decodeResult: success, version: HTTP/1.1, content: EmptyByteBufBE)
GET /session/412c741e6f4f7ee9b149c7b74800e900/screenshot HTTP/1.1
User-Agent: selenium/4.8.1 (java windows)
Cache-Control: no-cache
Content-Type: application/json; charset=utf-8
host: localhost:19691
accept: */*

Response DefaultHttpResponse(decodeResult: success, version: HTTP/1.1)
HTTP/1.1 200 OK
Content-Length: 88560
Content-Type: application/json; charset=utf-8
cache-control: no-cache

14:30:16.753 [AsyncHttpClient-1-8] DEBUG org.asynchttpclient.netty.channel.ChannelManager - Adding key: http://localhost:19691 for channel [id: 0x0fd79672, L:/127.0.0.1:59225 - R:localhost/127.0.0.1:19691]
14:30:16.762 [main] DEBUG net.serenitybdd.core.photography.Darkroom - Send negative for processing for target\site\serenity\22dc82d01f56008ca90f994cc64478345c417e6c4ca9a906a301067ec5f1b734.png
14:30:16.764 [Darkroom Processing Line] DEBUG net.serenitybdd.core.photography.DarkroomProcessingLine - Processing screenshot image in /var/screenshots/screenshot-8145582781073787369
14:30:16.764 [Darkroom Processing Line] DEBUG net.serenitybdd.core.photography.DarkroomProcessingLine - Saving screenshot to target\site\serenity\22dc82d01f56008ca90f994cc64478345c417e6c4ca9a906a301067ec5f1b734.png
14:30:16.764 [Forwarding getPageSource on session 412c741e6f4f7ee9b149c7b74800e900 to remote] DEBUG org.asynchttpclient.netty.request.NettyRequestSender - Using pooled Channel '[id: 0x0fd79672, L:/127.0.0.1:59225 - R:localhost/127.0.0.1:19691]' for 'POST' to 'http://localhost:19691/session/412c741e6f4f7ee9b149c7b74800e900/execute/sync'
14:30:16.764 [Forwarding getPageSource on session 412c741e6f4f7ee9b149c7b74800e900 to remote] DEBUG org.asynchttpclient.netty.request.NettyRequestSender - Using open Channel [id: 0x0fd79672, L:/127.0.0.1:59225 - R:localhost/127.0.0.1:19691] for POST '/session/412c741e6f4f7ee9b149c7b74800e900/execute/sync'
14:30:16.785 [AsyncHttpClient-1-8] DEBUG org.asynchttpclient.netty.handler.HttpHandler - 

Request DefaultHttpRequest(decodeResult: success, version: HTTP/1.1)
POST /session/412c741e6f4f7ee9b149c7b74800e900/execute/sync HTTP/1.1
User-Agent: selenium/4.8.1 (java windows)
Content-Length: 176
Content-Type: application/json; charset=utf-8
host: localhost:19691
accept: */*

Response DefaultHttpResponse(decodeResult: success, version: HTTP/1.1)
HTTP/1.1 200 OK
Content-Length: 46230
Content-Type: application/json; charset=utf-8
cache-control: no-cache

14:30:16.785 [AsyncHttpClient-1-8] DEBUG org.asynchttpclient.netty.channel.ChannelManager - Adding key: http://localhost:19691 for channel [id: 0x0fd79672, L:/127.0.0.1:59225 - R:localhost/127.0.0.1:19691]
14:30:16.790 [Forwarding getCurrentUrl on session 412c741e6f4f7ee9b149c7b74800e900 to remote] DEBUG org.asynchttpclient.netty.request.NettyRequestSender - Using pooled Channel '[id: 0x0fd79672, L:/127.0.0.1:59225 - R:localhost/127.0.0.1:19691]' for 'GET' to 'http://localhost:19691/session/412c741e6f4f7ee9b149c7b74800e900/url'
14:30:16.790 [Forwarding getCurrentUrl on session 412c741e6f4f7ee9b149c7b74800e900 to remote] DEBUG org.asynchttpclient.netty.request.NettyRequestSender - Using open Channel [id: 0x0fd79672, L:/127.0.0.1:59225 - R:localhost/127.0.0.1:19691] for GET '/session/412c741e6f4f7ee9b149c7b74800e900/url'
14:30:16.796 [AsyncHttpClient-1-8] DEBUG org.asynchttpclient.netty.handler.HttpHandler - 

Request DefaultFullHttpRequest(decodeResult: success, version: HTTP/1.1, content: EmptyByteBufBE)
GET /session/412c741e6f4f7ee9b149c7b74800e900/url HTTP/1.1
User-Agent: selenium/4.8.1 (java windows)
Cache-Control: no-cache
Content-Type: application/json; charset=utf-8
host: localhost:19691
accept: */*

Response DefaultHttpResponse(decodeResult: success, version: HTTP/1.1)
HTTP/1.1 200 OK
Content-Length: 63
Content-Type: application/json; charset=utf-8
cache-control: no-cache

14:30:16.796 [AsyncHttpClient-1-8] DEBUG org.asynchttpclient.netty.channel.ChannelManager - Adding key: http://localhost:19691 for channel [id: 0x0fd79672, L:/127.0.0.1:59225 - R:localhost/127.0.0.1:19691]
14:30:16.796 [main] DEBUG net.thucydides.core.steps.StepInterceptor - STARTING STEP: Afrexim_Signup_steps.enter_operating_postal_code - Enter_Operating_Postal_code
14:30:16.807 [Forwarding findElement on session 412c741e6f4f7ee9b149c7b74800e900 to remote] DEBUG org.asynchttpclient.netty.request.NettyRequestSender - Using pooled Channel '[id: 0x0fd79672, L:/127.0.0.1:59225 - R:localhost/127.0.0.1:19691]' for 'POST' to 'http://localhost:19691/session/412c741e6f4f7ee9b149c7b74800e900/element'
14:30:16.807 [Forwarding findElement on session 412c741e6f4f7ee9b149c7b74800e900 to remote] DEBUG org.asynchttpclient.netty.request.NettyRequestSender - Using open Channel [id: 0x0fd79672, L:/127.0.0.1:59225 - R:localhost/127.0.0.1:19691] for POST '/session/412c741e6f4f7ee9b149c7b74800e900/element'
14:30:16.828 [AsyncHttpClient-1-8] DEBUG org.asynchttpclient.netty.handler.HttpHandler - 

Request DefaultHttpRequest(decodeResult: success, version: HTTP/1.1)
POST /session/412c741e6f4f7ee9b149c7b74800e900/element HTTP/1.1
User-Agent: selenium/4.8.1 (java windows)
Content-Length: 86
Content-Type: application/json; charset=utf-8
host: localhost:19691
accept: */*

Response DefaultHttpResponse(decodeResult: success, version: HTTP/1.1)
HTTP/1.1 200 OK
Content-Length: 96
Content-Type: application/json; charset=utf-8
cache-control: no-cache

14:30:16.828 [AsyncHttpClient-1-8] DEBUG org.asynchttpclient.netty.channel.ChannelManager - Adding key: http://localhost:19691 for channel [id: 0x0fd79672, L:/127.0.0.1:59225 - R:localhost/127.0.0.1:19691]
14:30:16.828 [Forwarding clearElement on session 412c741e6f4f7ee9b149c7b74800e900 to remote] DEBUG org.asynchttpclient.netty.request.NettyRequestSender - Using pooled Channel '[id: 0x0fd79672, L:/127.0.0.1:59225 - R:localhost/127.0.0.1:19691]' for 'POST' to 'http://localhost:19691/session/412c741e6f4f7ee9b149c7b74800e900/element/9330F8CD5D18F75156EB4FB715507178_element_403/clear'
14:30:16.828 [Forwarding clearElement on session 412c741e6f4f7ee9b149c7b74800e900 to remote] DEBUG org.asynchttpclient.netty.request.NettyRequestSender - Using open Channel [id: 0x0fd79672, L:/127.0.0.1:59225 - R:localhost/127.0.0.1:19691] for POST '/session/412c741e6f4f7ee9b149c7b74800e900/element/9330F8CD5D18F75156EB4FB715507178_element_403/clear'
14:30:16.889 [AsyncHttpClient-1-8] DEBUG org.asynchttpclient.netty.handler.HttpHandler - 

Request DefaultHttpRequest(decodeResult: success, version: HTTP/1.1)
POST /session/412c741e6f4f7ee9b149c7b74800e900/element/9330F8CD5D18F75156EB4FB715507178_element_403/clear HTTP/1.1
User-Agent: selenium/4.8.1 (java windows)
Content-Length: 58
Content-Type: application/json; charset=utf-8
host: localhost:19691
accept: */*

Response DefaultHttpResponse(decodeResult: success, version: HTTP/1.1)
HTTP/1.1 200 OK
Content-Length: 14
Content-Type: application/json; charset=utf-8
cache-control: no-cache

14:30:16.889 [AsyncHttpClient-1-8] DEBUG org.asynchttpclient.netty.channel.ChannelManager - Adding key: http://localhost:19691 for channel [id: 0x0fd79672, L:/127.0.0.1:59225 - R:localhost/127.0.0.1:19691]
14:30:16.892 [Forwarding sendKeysToElement on session 412c741e6f4f7ee9b149c7b74800e900 to remote] DEBUG org.asynchttpclient.netty.request.NettyRequestSender - Using pooled Channel '[id: 0x0fd79672, L:/127.0.0.1:59225 - R:localhost/127.0.0.1:19691]' for 'POST' to 'http://localhost:19691/session/412c741e6f4f7ee9b149c7b74800e900/element/9330F8CD5D18F75156EB4FB715507178_element_403/value'
14:30:16.892 [Forwarding sendKeysToElement on session 412c741e6f4f7ee9b149c7b74800e900 to remote] DEBUG org.asynchttpclient.netty.request.NettyRequestSender - Using open Channel [id: 0x0fd79672, L:/127.0.0.1:59225 - R:localhost/127.0.0.1:19691] for POST '/session/412c741e6f4f7ee9b149c7b74800e900/element/9330F8CD5D18F75156EB4FB715507178_element_403/value'
14:30:17.555 [AsyncHttpClient-1-8] DEBUG org.asynchttpclient.netty.handler.HttpHandler - 

Request DefaultHttpRequest(decodeResult: success, version: HTTP/1.1)
POST /session/412c741e6f4f7ee9b149c7b74800e900/element/9330F8CD5D18F75156EB4FB715507178_element_403/value HTTP/1.1
User-Agent: selenium/4.8.1 (java windows)
Content-Length: 249
Content-Type: application/json; charset=utf-8
host: localhost:19691
accept: */*

Response DefaultHttpResponse(decodeResult: success, version: HTTP/1.1)
HTTP/1.1 200 OK
Content-Length: 14
Content-Type: application/json; charset=utf-8
cache-control: no-cache

14:30:17.555 [AsyncHttpClient-1-8] DEBUG org.asynchttpclient.netty.channel.ChannelManager - Adding key: http://localhost:19691 for channel [id: 0x0fd79672, L:/127.0.0.1:59225 - R:localhost/127.0.0.1:19691]
14:30:17.555 [Forwarding sendKeysToElement on session 412c741e6f4f7ee9b149c7b74800e900 to remote] DEBUG org.asynchttpclient.netty.request.NettyRequestSender - Using pooled Channel '[id: 0x0fd79672, L:/127.0.0.1:59225 - R:localhost/127.0.0.1:19691]' for 'POST' to 'http://localhost:19691/session/412c741e6f4f7ee9b149c7b74800e900/element/9330F8CD5D18F75156EB4FB715507178_element_403/value'
14:30:17.555 [Forwarding sendKeysToElement on session 412c741e6f4f7ee9b149c7b74800e900 to remote] DEBUG org.asynchttpclient.netty.request.NettyRequestSender - Using open Channel [id: 0x0fd79672, L:/127.0.0.1:59225 - R:localhost/127.0.0.1:19691] for POST '/session/412c741e6f4f7ee9b149c7b74800e900/element/9330F8CD5D18F75156EB4FB715507178_element_403/value'
14:30:17.636 [AsyncHttpClient-1-8] DEBUG org.asynchttpclient.netty.handler.HttpHandler - 

Request DefaultHttpRequest(decodeResult: success, version: HTTP/1.1)
POST /session/412c741e6f4f7ee9b149c7b74800e900/element/9330F8CD5D18F75156EB4FB715507178_element_403/value HTTP/1.1
User-Agent: selenium/4.8.1 (java windows)
Content-Length: 103
Content-Type: application/json; charset=utf-8
host: localhost:19691
accept: */*

Response DefaultHttpResponse(decodeResult: success, version: HTTP/1.1)
HTTP/1.1 200 OK
Content-Length: 14
Content-Type: application/json; charset=utf-8
cache-control: no-cache

14:30:17.636 [AsyncHttpClient-1-8] DEBUG org.asynchttpclient.netty.channel.ChannelManager - Adding key: http://localhost:19691 for channel [id: 0x0fd79672, L:/127.0.0.1:59225 - R:localhost/127.0.0.1:19691]
14:30:17.649 [Forwarding getAlertText on session 412c741e6f4f7ee9b149c7b74800e900 to remote] DEBUG org.asynchttpclient.netty.request.NettyRequestSender - Using pooled Channel '[id: 0x0fd79672, L:/127.0.0.1:59225 - R:localhost/127.0.0.1:19691]' for 'GET' to 'http://localhost:19691/session/412c741e6f4f7ee9b149c7b74800e900/alert/text'
14:30:17.649 [Forwarding getAlertText on session 412c741e6f4f7ee9b149c7b74800e900 to remote] DEBUG org.asynchttpclient.netty.request.NettyRequestSender - Using open Channel [id: 0x0fd79672, L:/127.0.0.1:59225 - R:localhost/127.0.0.1:19691] for GET '/session/412c741e6f4f7ee9b149c7b74800e900/alert/text'
14:30:17.655 [AsyncHttpClient-1-8] DEBUG org.asynchttpclient.netty.handler.HttpHandler - 

Request DefaultFullHttpRequest(decodeResult: success, version: HTTP/1.1, content: EmptyByteBufBE)
GET /session/412c741e6f4f7ee9b149c7b74800e900/alert/text HTTP/1.1
User-Agent: selenium/4.8.1 (java windows)
Cache-Control: no-cache
Content-Type: application/json; charset=utf-8
host: localhost:19691
accept: */*

Response DefaultHttpResponse(decodeResult: success, version: HTTP/1.1)
HTTP/1.1 404 Not Found
Content-Length: 821
Content-Type: application/json; charset=utf-8
cache-control: no-cache

14:30:17.675 [AsyncHttpClient-1-8] DEBUG org.asynchttpclient.netty.channel.ChannelManager - Adding key: http://localhost:19691 for channel [id: 0x0fd79672, L:/127.0.0.1:59225 - R:localhost/127.0.0.1:19691]
14:30:17.679 [Forwarding getCurrentUrl on session 412c741e6f4f7ee9b149c7b74800e900 to remote] DEBUG org.asynchttpclient.netty.request.NettyRequestSender - Using pooled Channel '[id: 0x0fd79672, L:/127.0.0.1:59225 - R:localhost/127.0.0.1:19691]' for 'GET' to 'http://localhost:19691/session/412c741e6f4f7ee9b149c7b74800e900/url'
14:30:17.679 [Forwarding getCurrentUrl on session 412c741e6f4f7ee9b149c7b74800e900 to remote] DEBUG org.asynchttpclient.netty.request.NettyRequestSender - Using open Channel [id: 0x0fd79672, L:/127.0.0.1:59225 - R:localhost/127.0.0.1:19691] for GET '/session/412c741e6f4f7ee9b149c7b74800e900/url'
14:30:17.695 [AsyncHttpClient-1-8] DEBUG org.asynchttpclient.netty.handler.HttpHandler - 

Request DefaultFullHttpRequest(decodeResult: success, version: HTTP/1.1, content: EmptyByteBufBE)
GET /session/412c741e6f4f7ee9b149c7b74800e900/url HTTP/1.1
User-Agent: selenium/4.8.1 (java windows)
Cache-Control: no-cache
Content-Type: application/json; charset=utf-8
host: localhost:19691
accept: */*

Response DefaultHttpResponse(decodeResult: success, version: HTTP/1.1)
HTTP/1.1 200 OK
Content-Length: 63
Content-Type: application/json; charset=utf-8
cache-control: no-cache

14:30:17.702 [AsyncHttpClient-1-8] DEBUG org.asynchttpclient.netty.channel.ChannelManager - Adding key: http://localhost:19691 for channel [id: 0x0fd79672, L:/127.0.0.1:59225 - R:localhost/127.0.0.1:19691]
14:30:17.702 [Forwarding screenshot on session 412c741e6f4f7ee9b149c7b74800e900 to remote] DEBUG org.asynchttpclient.netty.request.NettyRequestSender - Using pooled Channel '[id: 0x0fd79672, L:/127.0.0.1:59225 - R:localhost/127.0.0.1:19691]' for 'GET' to 'http://localhost:19691/session/412c741e6f4f7ee9b149c7b74800e900/screenshot'
14:30:17.702 [Forwarding screenshot on session 412c741e6f4f7ee9b149c7b74800e900 to remote] DEBUG org.asynchttpclient.netty.request.NettyRequestSender - Using open Channel [id: 0x0fd79672, L:/127.0.0.1:59225 - R:localhost/127.0.0.1:19691] for GET '/session/412c741e6f4f7ee9b149c7b74800e900/screenshot'
14:30:18.038 [AsyncHttpClient-1-8] DEBUG org.asynchttpclient.netty.handler.HttpHandler - 

Request DefaultFullHttpRequest(decodeResult: success, version: HTTP/1.1, content: EmptyByteBufBE)
GET /session/412c741e6f4f7ee9b149c7b74800e900/screenshot HTTP/1.1
User-Agent: selenium/4.8.1 (java windows)
Cache-Control: no-cache
Content-Type: application/json; charset=utf-8
host: localhost:19691
accept: */*

Response DefaultHttpResponse(decodeResult: success, version: HTTP/1.1)
HTTP/1.1 200 OK
Content-Length: 89596
Content-Type: application/json; charset=utf-8
cache-control: no-cache

14:30:18.038 [AsyncHttpClient-1-8] DEBUG org.asynchttpclient.netty.channel.ChannelManager - Adding key: http://localhost:19691 for channel [id: 0x0fd79672, L:/127.0.0.1:59225 - R:localhost/127.0.0.1:19691]
14:30:18.049 [main] DEBUG net.serenitybdd.core.photography.Darkroom - Send negative for processing for target\site\serenity\6dab056c3597edfdea32448fd8f2b4bc2e699969fbffe712af800e87febeed31.png
14:30:18.049 [main] DEBUG net.thucydides.core.steps.StepInterceptor - STEP DONE: Enter_Operating_Postal_code
14:30:18.049 [Darkroom Processing Line] DEBUG net.serenitybdd.core.photography.DarkroomProcessingLine - Processing screenshot image in /var/screenshots/screenshot-7910688531985073433
14:30:18.049 [Darkroom Processing Line] DEBUG net.serenitybdd.core.photography.DarkroomProcessingLine - Saving screenshot to target\site\serenity\6dab056c3597edfdea32448fd8f2b4bc2e699969fbffe712af800e87febeed31.png
14:30:18.070 [Forwarding getPageSource on session 412c741e6f4f7ee9b149c7b74800e900 to remote] DEBUG org.asynchttpclient.netty.request.NettyRequestSender - Using pooled Channel '[id: 0x0fd79672, L:/127.0.0.1:59225 - R:localhost/127.0.0.1:19691]' for 'POST' to 'http://localhost:19691/session/412c741e6f4f7ee9b149c7b74800e900/execute/sync'
14:30:18.070 [Forwarding getPageSource on session 412c741e6f4f7ee9b149c7b74800e900 to remote] DEBUG org.asynchttpclient.netty.request.NettyRequestSender - Using open Channel [id: 0x0fd79672, L:/127.0.0.1:59225 - R:localhost/127.0.0.1:19691] for POST '/session/412c741e6f4f7ee9b149c7b74800e900/execute/sync'
14:30:18.090 [AsyncHttpClient-1-8] DEBUG org.asynchttpclient.netty.handler.HttpHandler - 

Request DefaultHttpRequest(decodeResult: success, version: HTTP/1.1)
POST /session/412c741e6f4f7ee9b149c7b74800e900/execute/sync HTTP/1.1
User-Agent: selenium/4.8.1 (java windows)
Content-Length: 176
Content-Type: application/json; charset=utf-8
host: localhost:19691
accept: */*

Response DefaultHttpResponse(decodeResult: success, version: HTTP/1.1)
HTTP/1.1 200 OK
Content-Length: 46246
Content-Type: application/json; charset=utf-8
cache-control: no-cache

14:30:18.090 [AsyncHttpClient-1-8] DEBUG org.asynchttpclient.netty.channel.ChannelManager - Adding key: http://localhost:19691 for channel [id: 0x0fd79672, L:/127.0.0.1:59225 - R:localhost/127.0.0.1:19691]
14:30:18.097 [Forwarding getCurrentUrl on session 412c741e6f4f7ee9b149c7b74800e900 to remote] DEBUG org.asynchttpclient.netty.request.NettyRequestSender - Using pooled Channel '[id: 0x0fd79672, L:/127.0.0.1:59225 - R:localhost/127.0.0.1:19691]' for 'GET' to 'http://localhost:19691/session/412c741e6f4f7ee9b149c7b74800e900/url'
14:30:18.097 [Forwarding getCurrentUrl on session 412c741e6f4f7ee9b149c7b74800e900 to remote] DEBUG org.asynchttpclient.netty.request.NettyRequestSender - Using open Channel [id: 0x0fd79672, L:/127.0.0.1:59225 - R:localhost/127.0.0.1:19691] for GET '/session/412c741e6f4f7ee9b149c7b74800e900/url'
14:30:18.108 [AsyncHttpClient-1-8] DEBUG org.asynchttpclient.netty.handler.HttpHandler - 

Request DefaultFullHttpRequest(decodeResult: success, version: HTTP/1.1, content: EmptyByteBufBE)
GET /session/412c741e6f4f7ee9b149c7b74800e900/url HTTP/1.1
User-Agent: selenium/4.8.1 (java windows)
Cache-Control: no-cache
Content-Type: application/json; charset=utf-8
host: localhost:19691
accept: */*

Response DefaultHttpResponse(decodeResult: success, version: HTTP/1.1)
HTTP/1.1 200 OK
Content-Length: 63
Content-Type: application/json; charset=utf-8
cache-control: no-cache

14:30:18.108 [AsyncHttpClient-1-8] DEBUG org.asynchttpclient.netty.channel.ChannelManager - Adding key: http://localhost:19691 for channel [id: 0x0fd79672, L:/127.0.0.1:59225 - R:localhost/127.0.0.1:19691]
14:30:18.122 [Forwarding getAlertText on session 412c741e6f4f7ee9b149c7b74800e900 to remote] DEBUG org.asynchttpclient.netty.request.NettyRequestSender - Using pooled Channel '[id: 0x0fd79672, L:/127.0.0.1:59225 - R:localhost/127.0.0.1:19691]' for 'GET' to 'http://localhost:19691/session/412c741e6f4f7ee9b149c7b74800e900/alert/text'
14:30:18.122 [Forwarding getAlertText on session 412c741e6f4f7ee9b149c7b74800e900 to remote] DEBUG org.asynchttpclient.netty.request.NettyRequestSender - Using open Channel [id: 0x0fd79672, L:/127.0.0.1:59225 - R:localhost/127.0.0.1:19691] for GET '/session/412c741e6f4f7ee9b149c7b74800e900/alert/text'
14:30:18.129 [AsyncHttpClient-1-8] DEBUG org.asynchttpclient.netty.handler.HttpHandler - 

Request DefaultFullHttpRequest(decodeResult: success, version: HTTP/1.1, content: EmptyByteBufBE)
GET /session/412c741e6f4f7ee9b149c7b74800e900/alert/text HTTP/1.1
User-Agent: selenium/4.8.1 (java windows)
Cache-Control: no-cache
Content-Type: application/json; charset=utf-8
host: localhost:19691
accept: */*

Response DefaultHttpResponse(decodeResult: success, version: HTTP/1.1)
HTTP/1.1 404 Not Found
Content-Length: 821
Content-Type: application/json; charset=utf-8
cache-control: no-cache

14:30:18.129 [AsyncHttpClient-1-8] DEBUG org.asynchttpclient.netty.channel.ChannelManager - Adding key: http://localhost:19691 for channel [id: 0x0fd79672, L:/127.0.0.1:59225 - R:localhost/127.0.0.1:19691]
14:30:18.129 [Forwarding getCurrentUrl on session 412c741e6f4f7ee9b149c7b74800e900 to remote] DEBUG org.asynchttpclient.netty.request.NettyRequestSender - Using pooled Channel '[id: 0x0fd79672, L:/127.0.0.1:59225 - R:localhost/127.0.0.1:19691]' for 'GET' to 'http://localhost:19691/session/412c741e6f4f7ee9b149c7b74800e900/url'
14:30:18.134 [Forwarding getCurrentUrl on session 412c741e6f4f7ee9b149c7b74800e900 to remote] DEBUG org.asynchttpclient.netty.request.NettyRequestSender - Using open Channel [id: 0x0fd79672, L:/127.0.0.1:59225 - R:localhost/127.0.0.1:19691] for GET '/session/412c741e6f4f7ee9b149c7b74800e900/url'
14:30:18.145 [AsyncHttpClient-1-8] DEBUG org.asynchttpclient.netty.handler.HttpHandler - 

Request DefaultFullHttpRequest(decodeResult: success, version: HTTP/1.1, content: EmptyByteBufBE)
GET /session/412c741e6f4f7ee9b149c7b74800e900/url HTTP/1.1
User-Agent: selenium/4.8.1 (java windows)
Cache-Control: no-cache
Content-Type: application/json; charset=utf-8
host: localhost:19691
accept: */*

Response DefaultHttpResponse(decodeResult: success, version: HTTP/1.1)
HTTP/1.1 200 OK
Content-Length: 63
Content-Type: application/json; charset=utf-8
cache-control: no-cache

14:30:18.145 [AsyncHttpClient-1-8] DEBUG org.asynchttpclient.netty.channel.ChannelManager - Adding key: http://localhost:19691 for channel [id: 0x0fd79672, L:/127.0.0.1:59225 - R:localhost/127.0.0.1:19691]
14:30:18.145 [Forwarding screenshot on session 412c741e6f4f7ee9b149c7b74800e900 to remote] DEBUG org.asynchttpclient.netty.request.NettyRequestSender - Using pooled Channel '[id: 0x0fd79672, L:/127.0.0.1:59225 - R:localhost/127.0.0.1:19691]' for 'GET' to 'http://localhost:19691/session/412c741e6f4f7ee9b149c7b74800e900/screenshot'
14:30:18.145 [Forwarding screenshot on session 412c741e6f4f7ee9b149c7b74800e900 to remote] DEBUG org.asynchttpclient.netty.request.NettyRequestSender - Using open Channel [id: 0x0fd79672, L:/127.0.0.1:59225 - R:localhost/127.0.0.1:19691] for GET '/session/412c741e6f4f7ee9b149c7b74800e900/screenshot'
14:30:18.385 [AsyncHttpClient-1-8] DEBUG org.asynchttpclient.netty.handler.HttpHandler - 

Request DefaultFullHttpRequest(decodeResult: success, version: HTTP/1.1, content: EmptyByteBufBE)
GET /session/412c741e6f4f7ee9b149c7b74800e900/screenshot HTTP/1.1
User-Agent: selenium/4.8.1 (java windows)
Cache-Control: no-cache
Content-Type: application/json; charset=utf-8
host: localhost:19691
accept: */*

Response DefaultHttpResponse(decodeResult: success, version: HTTP/1.1)
HTTP/1.1 200 OK
Content-Length: 89608
Content-Type: application/json; charset=utf-8
cache-control: no-cache

14:30:18.385 [AsyncHttpClient-1-8] DEBUG org.asynchttpclient.netty.channel.ChannelManager - Adding key: http://localhost:19691 for channel [id: 0x0fd79672, L:/127.0.0.1:59225 - R:localhost/127.0.0.1:19691]
14:30:18.396 [main] DEBUG net.serenitybdd.core.photography.Darkroom - Send negative for processing for target\site\serenity\e86cdde61b87d60c9cf96d5b273c7f868d6cb56880a8f99b31f66f7c2b4f38f1.png
14:30:18.396 [Darkroom Processing Line] DEBUG net.serenitybdd.core.photography.DarkroomProcessingLine - Processing screenshot image in /var/screenshots/screenshot-7045453683580373559
14:30:18.396 [Darkroom Processing Line] DEBUG net.serenitybdd.core.photography.DarkroomProcessingLine - Saving screenshot to target\site\serenity\e86cdde61b87d60c9cf96d5b273c7f868d6cb56880a8f99b31f66f7c2b4f38f1.png
14:30:18.396 [Forwarding getPageSource on session 412c741e6f4f7ee9b149c7b74800e900 to remote] DEBUG org.asynchttpclient.netty.request.NettyRequestSender - Using pooled Channel '[id: 0x0fd79672, L:/127.0.0.1:59225 - R:localhost/127.0.0.1:19691]' for 'POST' to 'http://localhost:19691/session/412c741e6f4f7ee9b149c7b74800e900/execute/sync'
14:30:18.396 [Forwarding getPageSource on session 412c741e6f4f7ee9b149c7b74800e900 to remote] DEBUG org.asynchttpclient.netty.request.NettyRequestSender - Using open Channel [id: 0x0fd79672, L:/127.0.0.1:59225 - R:localhost/127.0.0.1:19691] for POST '/session/412c741e6f4f7ee9b149c7b74800e900/execute/sync'
14:30:18.411 [AsyncHttpClient-1-8] DEBUG org.asynchttpclient.netty.handler.HttpHandler - 

Request DefaultHttpRequest(decodeResult: success, version: HTTP/1.1)
POST /session/412c741e6f4f7ee9b149c7b74800e900/execute/sync HTTP/1.1
User-Agent: selenium/4.8.1 (java windows)
Content-Length: 176
Content-Type: application/json; charset=utf-8
host: localhost:19691
accept: */*

Response DefaultHttpResponse(decodeResult: success, version: HTTP/1.1)
HTTP/1.1 200 OK
Content-Length: 46246
Content-Type: application/json; charset=utf-8
cache-control: no-cache

14:30:18.411 [AsyncHttpClient-1-8] DEBUG org.asynchttpclient.netty.channel.ChannelManager - Adding key: http://localhost:19691 for channel [id: 0x0fd79672, L:/127.0.0.1:59225 - R:localhost/127.0.0.1:19691]
14:30:18.417 [Forwarding getCurrentUrl on session 412c741e6f4f7ee9b149c7b74800e900 to remote] DEBUG org.asynchttpclient.netty.request.NettyRequestSender - Using pooled Channel '[id: 0x0fd79672, L:/127.0.0.1:59225 - R:localhost/127.0.0.1:19691]' for 'GET' to 'http://localhost:19691/session/412c741e6f4f7ee9b149c7b74800e900/url'
14:30:18.417 [Forwarding getCurrentUrl on session 412c741e6f4f7ee9b149c7b74800e900 to remote] DEBUG org.asynchttpclient.netty.request.NettyRequestSender - Using open Channel [id: 0x0fd79672, L:/127.0.0.1:59225 - R:localhost/127.0.0.1:19691] for GET '/session/412c741e6f4f7ee9b149c7b74800e900/url'
14:30:18.428 [AsyncHttpClient-1-8] DEBUG org.asynchttpclient.netty.handler.HttpHandler - 

Request DefaultFullHttpRequest(decodeResult: success, version: HTTP/1.1, content: EmptyByteBufBE)
GET /session/412c741e6f4f7ee9b149c7b74800e900/url HTTP/1.1
User-Agent: selenium/4.8.1 (java windows)
Cache-Control: no-cache
Content-Type: application/json; charset=utf-8
host: localhost:19691
accept: */*

Response DefaultHttpResponse(decodeResult: success, version: HTTP/1.1)
HTTP/1.1 200 OK
Content-Length: 63
Content-Type: application/json; charset=utf-8
cache-control: no-cache

14:30:18.428 [AsyncHttpClient-1-8] DEBUG org.asynchttpclient.netty.channel.ChannelManager - Adding key: http://localhost:19691 for channel [id: 0x0fd79672, L:/127.0.0.1:59225 - R:localhost/127.0.0.1:19691]
14:30:18.428 [main] DEBUG net.thucydides.core.steps.StepInterceptor - STARTING STEP: Afrexim_Signup_steps.select_operating_country - Select_operating_Country
14:30:18.439 [Forwarding findElement on session 412c741e6f4f7ee9b149c7b74800e900 to remote] DEBUG org.asynchttpclient.netty.request.NettyRequestSender - Using pooled Channel '[id: 0x0fd79672, L:/127.0.0.1:59225 - R:localhost/127.0.0.1:19691]' for 'POST' to 'http://localhost:19691/session/412c741e6f4f7ee9b149c7b74800e900/element'
14:30:18.439 [Forwarding findElement on session 412c741e6f4f7ee9b149c7b74800e900 to remote] DEBUG org.asynchttpclient.netty.request.NettyRequestSender - Using open Channel [id: 0x0fd79672, L:/127.0.0.1:59225 - R:localhost/127.0.0.1:19691] for POST '/session/412c741e6f4f7ee9b149c7b74800e900/element'
14:30:18.460 [AsyncHttpClient-1-8] DEBUG org.asynchttpclient.netty.handler.HttpHandler - 

Request DefaultHttpRequest(decodeResult: success, version: HTTP/1.1)
POST /session/412c741e6f4f7ee9b149c7b74800e900/element HTTP/1.1
User-Agent: selenium/4.8.1 (java windows)
Content-Length: 86
Content-Type: application/json; charset=utf-8
host: localhost:19691
accept: */*

Response DefaultHttpResponse(decodeResult: success, version: HTTP/1.1)
HTTP/1.1 200 OK
Content-Length: 96
Content-Type: application/json; charset=utf-8
cache-control: no-cache

14:30:18.470 [AsyncHttpClient-1-8] DEBUG org.asynchttpclient.netty.channel.ChannelManager - Adding key: http://localhost:19691 for channel [id: 0x0fd79672, L:/127.0.0.1:59225 - R:localhost/127.0.0.1:19691]
14:30:18.470 [Forwarding getElementTagName on session 412c741e6f4f7ee9b149c7b74800e900 to remote] DEBUG org.asynchttpclient.netty.request.NettyRequestSender - Using pooled Channel '[id: 0x0fd79672, L:/127.0.0.1:59225 - R:localhost/127.0.0.1:19691]' for 'GET' to 'http://localhost:19691/session/412c741e6f4f7ee9b149c7b74800e900/element/9330F8CD5D18F75156EB4FB715507178_element_404/name'
14:30:18.470 [Forwarding getElementTagName on session 412c741e6f4f7ee9b149c7b74800e900 to remote] DEBUG org.asynchttpclient.netty.request.NettyRequestSender - Using open Channel [id: 0x0fd79672, L:/127.0.0.1:59225 - R:localhost/127.0.0.1:19691] for GET '/session/412c741e6f4f7ee9b149c7b74800e900/element/9330F8CD5D18F75156EB4FB715507178_element_404/name'
14:30:18.476 [AsyncHttpClient-1-8] DEBUG org.asynchttpclient.netty.handler.HttpHandler - 

Request DefaultFullHttpRequest(decodeResult: success, version: HTTP/1.1, content: EmptyByteBufBE)
GET /session/412c741e6f4f7ee9b149c7b74800e900/element/9330F8CD5D18F75156EB4FB715507178_element_404/name HTTP/1.1
User-Agent: selenium/4.8.1 (java windows)
Cache-Control: no-cache
Content-Type: application/json; charset=utf-8
host: localhost:19691
accept: */*

Response DefaultHttpResponse(decodeResult: success, version: HTTP/1.1)
HTTP/1.1 200 OK
Content-Length: 18
Content-Type: application/json; charset=utf-8
cache-control: no-cache

14:30:18.476 [AsyncHttpClient-1-8] DEBUG org.asynchttpclient.netty.channel.ChannelManager - Adding key: http://localhost:19691 for channel [id: 0x0fd79672, L:/127.0.0.1:59225 - R:localhost/127.0.0.1:19691]
14:30:18.481 [Forwarding getElementDomAttribute on session 412c741e6f4f7ee9b149c7b74800e900 to remote] DEBUG org.asynchttpclient.netty.request.NettyRequestSender - Using pooled Channel '[id: 0x0fd79672, L:/127.0.0.1:59225 - R:localhost/127.0.0.1:19691]' for 'GET' to 'http://localhost:19691/session/412c741e6f4f7ee9b149c7b74800e900/element/9330F8CD5D18F75156EB4FB715507178_element_404/attribute/multiple'
14:30:18.481 [Forwarding getElementDomAttribute on session 412c741e6f4f7ee9b149c7b74800e900 to remote] DEBUG org.asynchttpclient.netty.request.NettyRequestSender - Using open Channel [id: 0x0fd79672, L:/127.0.0.1:59225 - R:localhost/127.0.0.1:19691] for GET '/session/412c741e6f4f7ee9b149c7b74800e900/element/9330F8CD5D18F75156EB4FB715507178_element_404/attribute/multiple'
14:30:18.481 [AsyncHttpClient-1-8] DEBUG org.asynchttpclient.netty.handler.HttpHandler - 

Request DefaultFullHttpRequest(decodeResult: success, version: HTTP/1.1, content: EmptyByteBufBE)
GET /session/412c741e6f4f7ee9b149c7b74800e900/element/9330F8CD5D18F75156EB4FB715507178_element_404/attribute/multiple HTTP/1.1
User-Agent: selenium/4.8.1 (java windows)
Cache-Control: no-cache
Content-Type: application/json; charset=utf-8
host: localhost:19691
accept: */*

Response DefaultHttpResponse(decodeResult: success, version: HTTP/1.1)
HTTP/1.1 200 OK
Content-Length: 14
Content-Type: application/json; charset=utf-8
cache-control: no-cache

14:30:18.481 [AsyncHttpClient-1-8] DEBUG org.asynchttpclient.netty.channel.ChannelManager - Adding key: http://localhost:19691 for channel [id: 0x0fd79672, L:/127.0.0.1:59225 - R:localhost/127.0.0.1:19691]
14:30:18.481 [Forwarding isElementEnabled on session 412c741e6f4f7ee9b149c7b74800e900 to remote] DEBUG org.asynchttpclient.netty.request.NettyRequestSender - Using pooled Channel '[id: 0x0fd79672, L:/127.0.0.1:59225 - R:localhost/127.0.0.1:19691]' for 'GET' to 'http://localhost:19691/session/412c741e6f4f7ee9b149c7b74800e900/element/9330F8CD5D18F75156EB4FB715507178_element_404/enabled'
14:30:18.481 [Forwarding isElementEnabled on session 412c741e6f4f7ee9b149c7b74800e900 to remote] DEBUG org.asynchttpclient.netty.request.NettyRequestSender - Using open Channel [id: 0x0fd79672, L:/127.0.0.1:59225 - R:localhost/127.0.0.1:19691] for GET '/session/412c741e6f4f7ee9b149c7b74800e900/element/9330F8CD5D18F75156EB4FB715507178_element_404/enabled'
14:30:18.502 [AsyncHttpClient-1-8] DEBUG org.asynchttpclient.netty.handler.HttpHandler - 

Request DefaultFullHttpRequest(decodeResult: success, version: HTTP/1.1, content: EmptyByteBufBE)
GET /session/412c741e6f4f7ee9b149c7b74800e900/element/9330F8CD5D18F75156EB4FB715507178_element_404/enabled HTTP/1.1
User-Agent: selenium/4.8.1 (java windows)
Cache-Control: no-cache
Content-Type: application/json; charset=utf-8
host: localhost:19691
accept: */*

Response DefaultHttpResponse(decodeResult: success, version: HTTP/1.1)
HTTP/1.1 200 OK
Content-Length: 14
Content-Type: application/json; charset=utf-8
cache-control: no-cache

14:30:18.502 [AsyncHttpClient-1-8] DEBUG org.asynchttpclient.netty.channel.ChannelManager - Adding key: http://localhost:19691 for channel [id: 0x0fd79672, L:/127.0.0.1:59225 - R:localhost/127.0.0.1:19691]
14:30:18.502 [Forwarding findChildElements on session 412c741e6f4f7ee9b149c7b74800e900 to remote] DEBUG org.asynchttpclient.netty.request.NettyRequestSender - Using pooled Channel '[id: 0x0fd79672, L:/127.0.0.1:59225 - R:localhost/127.0.0.1:19691]' for 'POST' to 'http://localhost:19691/session/412c741e6f4f7ee9b149c7b74800e900/element/9330F8CD5D18F75156EB4FB715507178_element_404/elements'
14:30:18.502 [Forwarding findChildElements on session 412c741e6f4f7ee9b149c7b74800e900 to remote] DEBUG org.asynchttpclient.netty.request.NettyRequestSender - Using open Channel [id: 0x0fd79672, L:/127.0.0.1:59225 - R:localhost/127.0.0.1:19691] for POST '/session/412c741e6f4f7ee9b149c7b74800e900/element/9330F8CD5D18F75156EB4FB715507178_element_404/elements'
14:30:18.550 [AsyncHttpClient-1-8] DEBUG org.asynchttpclient.netty.handler.HttpHandler - 

Request DefaultHttpRequest(decodeResult: success, version: HTTP/1.1)
POST /session/412c741e6f4f7ee9b149c7b74800e900/element/9330F8CD5D18F75156EB4FB715507178_element_404/elements HTTP/1.1
User-Agent: selenium/4.8.1 (java windows)
Content-Length: 102
Content-Type: application/json; charset=utf-8
host: localhost:19691
accept: */*

Response DefaultHttpResponse(decodeResult: success, version: HTTP/1.1)
HTTP/1.1 200 OK
Content-Length: 21761
Content-Type: application/json; charset=utf-8
cache-control: no-cache

14:30:18.550 [AsyncHttpClient-1-8] DEBUG org.asynchttpclient.netty.channel.ChannelManager - Adding key: http://localhost:19691 for channel [id: 0x0fd79672, L:/127.0.0.1:59225 - R:localhost/127.0.0.1:19691]
14:30:18.561 [Forwarding getElementAttribute on session 412c741e6f4f7ee9b149c7b74800e900 to remote] DEBUG org.asynchttpclient.netty.request.NettyRequestSender - Using pooled Channel '[id: 0x0fd79672, L:/127.0.0.1:59225 - R:localhost/127.0.0.1:19691]' for 'POST' to 'http://localhost:19691/session/412c741e6f4f7ee9b149c7b74800e900/execute/sync'
14:30:18.561 [Forwarding getElementAttribute on session 412c741e6f4f7ee9b149c7b74800e900 to remote] DEBUG org.asynchttpclient.netty.request.NettyRequestSender - Using open Channel [id: 0x0fd79672, L:/127.0.0.1:59225 - R:localhost/127.0.0.1:19691] for POST '/session/412c741e6f4f7ee9b149c7b74800e900/execute/sync'
14:30:18.577 [AsyncHttpClient-1-8] DEBUG org.asynchttpclient.netty.handler.HttpHandler - 

Request DefaultHttpRequest(decodeResult: success, version: HTTP/1.1)
POST /session/412c741e6f4f7ee9b149c7b74800e900/execute/sync HTTP/1.1
User-Agent: selenium/4.8.1 (java windows)
Content-Length: 47376
Content-Type: application/json; charset=utf-8
host: localhost:19691
accept: */*

Response DefaultHttpResponse(decodeResult: success, version: HTTP/1.1)
HTTP/1.1 200 OK
Content-Length: 13
Content-Type: application/json; charset=utf-8
cache-control: no-cache

14:30:18.577 [AsyncHttpClient-1-8] DEBUG org.asynchttpclient.netty.channel.ChannelManager - Adding key: http://localhost:19691 for channel [id: 0x0fd79672, L:/127.0.0.1:59225 - R:localhost/127.0.0.1:19691]
14:30:18.588 [Forwarding getElementAttribute on session 412c741e6f4f7ee9b149c7b74800e900 to remote] DEBUG org.asynchttpclient.netty.request.NettyRequestSender - Using pooled Channel '[id: 0x0fd79672, L:/127.0.0.1:59225 - R:localhost/127.0.0.1:19691]' for 'POST' to 'http://localhost:19691/session/412c741e6f4f7ee9b149c7b74800e900/execute/sync'
14:30:18.588 [Forwarding getElementAttribute on session 412c741e6f4f7ee9b149c7b74800e900 to remote] DEBUG org.asynchttpclient.netty.request.NettyRequestSender - Using open Channel [id: 0x0fd79672, L:/127.0.0.1:59225 - R:localhost/127.0.0.1:19691] for POST '/session/412c741e6f4f7ee9b149c7b74800e900/execute/sync'
14:30:18.603 [AsyncHttpClient-1-8] DEBUG org.asynchttpclient.netty.handler.HttpHandler - 

Request DefaultHttpRequest(decodeResult: success, version: HTTP/1.1)
POST /session/412c741e6f4f7ee9b149c7b74800e900/execute/sync HTTP/1.1
User-Agent: selenium/4.8.1 (java windows)
Content-Length: 47376
Content-Type: application/json; charset=utf-8
host: localhost:19691
accept: */*

Response DefaultHttpResponse(decodeResult: success, version: HTTP/1.1)
HTTP/1.1 200 OK
Content-Length: 13
Content-Type: application/json; charset=utf-8
cache-control: no-cache

14:30:18.603 [AsyncHttpClient-1-8] DEBUG org.asynchttpclient.netty.channel.ChannelManager - Adding key: http://localhost:19691 for channel [id: 0x0fd79672, L:/127.0.0.1:59225 - R:localhost/127.0.0.1:19691]
14:30:18.603 [Forwarding isElementEnabled on session 412c741e6f4f7ee9b149c7b74800e900 to remote] DEBUG org.asynchttpclient.netty.request.NettyRequestSender - Using pooled Channel '[id: 0x0fd79672, L:/127.0.0.1:59225 - R:localhost/127.0.0.1:19691]' for 'GET' to 'http://localhost:19691/session/412c741e6f4f7ee9b149c7b74800e900/element/9330F8CD5D18F75156EB4FB715507178_element_406/enabled'
14:30:18.603 [Forwarding isElementEnabled on session 412c741e6f4f7ee9b149c7b74800e900 to remote] DEBUG org.asynchttpclient.netty.request.NettyRequestSender - Using open Channel [id: 0x0fd79672, L:/127.0.0.1:59225 - R:localhost/127.0.0.1:19691] for GET '/session/412c741e6f4f7ee9b149c7b74800e900/element/9330F8CD5D18F75156EB4FB715507178_element_406/enabled'
14:30:18.620 [AsyncHttpClient-1-8] DEBUG org.asynchttpclient.netty.handler.HttpHandler - 

Request DefaultFullHttpRequest(decodeResult: success, version: HTTP/1.1, content: EmptyByteBufBE)
GET /session/412c741e6f4f7ee9b149c7b74800e900/element/9330F8CD5D18F75156EB4FB715507178_element_406/enabled HTTP/1.1
User-Agent: selenium/4.8.1 (java windows)
Cache-Control: no-cache
Content-Type: application/json; charset=utf-8
host: localhost:19691
accept: */*

Response DefaultHttpResponse(decodeResult: success, version: HTTP/1.1)
HTTP/1.1 200 OK
Content-Length: 14
Content-Type: application/json; charset=utf-8
cache-control: no-cache

14:30:18.620 [AsyncHttpClient-1-8] DEBUG org.asynchttpclient.netty.channel.ChannelManager - Adding key: http://localhost:19691 for channel [id: 0x0fd79672, L:/127.0.0.1:59225 - R:localhost/127.0.0.1:19691]
14:30:18.620 [Forwarding isElementSelected on session 412c741e6f4f7ee9b149c7b74800e900 to remote] DEBUG org.asynchttpclient.netty.request.NettyRequestSender - Using pooled Channel '[id: 0x0fd79672, L:/127.0.0.1:59225 - R:localhost/127.0.0.1:19691]' for 'GET' to 'http://localhost:19691/session/412c741e6f4f7ee9b149c7b74800e900/element/9330F8CD5D18F75156EB4FB715507178_element_406/selected'
14:30:18.620 [Forwarding isElementSelected on session 412c741e6f4f7ee9b149c7b74800e900 to remote] DEBUG org.asynchttpclient.netty.request.NettyRequestSender - Using open Channel [id: 0x0fd79672, L:/127.0.0.1:59225 - R:localhost/127.0.0.1:19691] for GET '/session/412c741e6f4f7ee9b149c7b74800e900/element/9330F8CD5D18F75156EB4FB715507178_element_406/selected'
14:30:18.635 [AsyncHttpClient-1-8] DEBUG org.asynchttpclient.netty.handler.HttpHandler - 

Request DefaultFullHttpRequest(decodeResult: success, version: HTTP/1.1, content: EmptyByteBufBE)
GET /session/412c741e6f4f7ee9b149c7b74800e900/element/9330F8CD5D18F75156EB4FB715507178_element_406/selected HTTP/1.1
User-Agent: selenium/4.8.1 (java windows)
Cache-Control: no-cache
Content-Type: application/json; charset=utf-8
host: localhost:19691
accept: */*

Response DefaultHttpResponse(decodeResult: success, version: HTTP/1.1)
HTTP/1.1 200 OK
Content-Length: 15
Content-Type: application/json; charset=utf-8
cache-control: no-cache

14:30:18.635 [AsyncHttpClient-1-8] DEBUG org.asynchttpclient.netty.channel.ChannelManager - Adding key: http://localhost:19691 for channel [id: 0x0fd79672, L:/127.0.0.1:59225 - R:localhost/127.0.0.1:19691]
14:30:18.635 [Forwarding clickElement on session 412c741e6f4f7ee9b149c7b74800e900 to remote] DEBUG org.asynchttpclient.netty.request.NettyRequestSender - Using pooled Channel '[id: 0x0fd79672, L:/127.0.0.1:59225 - R:localhost/127.0.0.1:19691]' for 'POST' to 'http://localhost:19691/session/412c741e6f4f7ee9b149c7b74800e900/element/9330F8CD5D18F75156EB4FB715507178_element_406/click'
14:30:18.635 [Forwarding clickElement on session 412c741e6f4f7ee9b149c7b74800e900 to remote] DEBUG org.asynchttpclient.netty.request.NettyRequestSender - Using open Channel [id: 0x0fd79672, L:/127.0.0.1:59225 - R:localhost/127.0.0.1:19691] for POST '/session/412c741e6f4f7ee9b149c7b74800e900/element/9330F8CD5D18F75156EB4FB715507178_element_406/click'
14:30:18.751 [AsyncHttpClient-1-8] DEBUG org.asynchttpclient.netty.handler.HttpHandler - 

Request DefaultHttpRequest(decodeResult: success, version: HTTP/1.1)
POST /session/412c741e6f4f7ee9b149c7b74800e900/element/9330F8CD5D18F75156EB4FB715507178_element_406/click HTTP/1.1
User-Agent: selenium/4.8.1 (java windows)
Content-Length: 58
Content-Type: application/json; charset=utf-8
host: localhost:19691
accept: */*

Response DefaultHttpResponse(decodeResult: success, version: HTTP/1.1)
HTTP/1.1 200 OK
Content-Length: 14
Content-Type: application/json; charset=utf-8
cache-control: no-cache

14:30:18.759 [AsyncHttpClient-1-8] DEBUG org.asynchttpclient.netty.channel.ChannelManager - Adding key: http://localhost:19691 for channel [id: 0x0fd79672, L:/127.0.0.1:59225 - R:localhost/127.0.0.1:19691]
14:30:18.785 [Forwarding getAlertText on session 412c741e6f4f7ee9b149c7b74800e900 to remote] DEBUG org.asynchttpclient.netty.request.NettyRequestSender - Using pooled Channel '[id: 0x0fd79672, L:/127.0.0.1:59225 - R:localhost/127.0.0.1:19691]' for 'GET' to 'http://localhost:19691/session/412c741e6f4f7ee9b149c7b74800e900/alert/text'
14:30:18.785 [Forwarding getAlertText on session 412c741e6f4f7ee9b149c7b74800e900 to remote] DEBUG org.asynchttpclient.netty.request.NettyRequestSender - Using open Channel [id: 0x0fd79672, L:/127.0.0.1:59225 - R:localhost/127.0.0.1:19691] for GET '/session/412c741e6f4f7ee9b149c7b74800e900/alert/text'
14:30:18.791 [AsyncHttpClient-1-8] DEBUG org.asynchttpclient.netty.handler.HttpHandler - 

Request DefaultFullHttpRequest(decodeResult: success, version: HTTP/1.1, content: EmptyByteBufBE)
GET /session/412c741e6f4f7ee9b149c7b74800e900/alert/text HTTP/1.1
User-Agent: selenium/4.8.1 (java windows)
Cache-Control: no-cache
Content-Type: application/json; charset=utf-8
host: localhost:19691
accept: */*

Response DefaultHttpResponse(decodeResult: success, version: HTTP/1.1)
HTTP/1.1 404 Not Found
Content-Length: 821
Content-Type: application/json; charset=utf-8
cache-control: no-cache

14:30:18.791 [AsyncHttpClient-1-8] DEBUG org.asynchttpclient.netty.channel.ChannelManager - Adding key: http://localhost:19691 for channel [id: 0x0fd79672, L:/127.0.0.1:59225 - R:localhost/127.0.0.1:19691]
14:30:18.791 [Forwarding getCurrentUrl on session 412c741e6f4f7ee9b149c7b74800e900 to remote] DEBUG org.asynchttpclient.netty.request.NettyRequestSender - Using pooled Channel '[id: 0x0fd79672, L:/127.0.0.1:59225 - R:localhost/127.0.0.1:19691]' for 'GET' to 'http://localhost:19691/session/412c741e6f4f7ee9b149c7b74800e900/url'
14:30:18.791 [Forwarding getCurrentUrl on session 412c741e6f4f7ee9b149c7b74800e900 to remote] DEBUG org.asynchttpclient.netty.request.NettyRequestSender - Using open Channel [id: 0x0fd79672, L:/127.0.0.1:59225 - R:localhost/127.0.0.1:19691] for GET '/session/412c741e6f4f7ee9b149c7b74800e900/url'
14:30:18.801 [AsyncHttpClient-1-8] DEBUG org.asynchttpclient.netty.handler.HttpHandler - 

Request DefaultFullHttpRequest(decodeResult: success, version: HTTP/1.1, content: EmptyByteBufBE)
GET /session/412c741e6f4f7ee9b149c7b74800e900/url HTTP/1.1
User-Agent: selenium/4.8.1 (java windows)
Cache-Control: no-cache
Content-Type: application/json; charset=utf-8
host: localhost:19691
accept: */*

Response DefaultHttpResponse(decodeResult: success, version: HTTP/1.1)
HTTP/1.1 200 OK
Content-Length: 63
Content-Type: application/json; charset=utf-8
cache-control: no-cache

14:30:18.801 [AsyncHttpClient-1-8] DEBUG org.asynchttpclient.netty.channel.ChannelManager - Adding key: http://localhost:19691 for channel [id: 0x0fd79672, L:/127.0.0.1:59225 - R:localhost/127.0.0.1:19691]
14:30:18.801 [Forwarding screenshot on session 412c741e6f4f7ee9b149c7b74800e900 to remote] DEBUG org.asynchttpclient.netty.request.NettyRequestSender - Using pooled Channel '[id: 0x0fd79672, L:/127.0.0.1:59225 - R:localhost/127.0.0.1:19691]' for 'GET' to 'http://localhost:19691/session/412c741e6f4f7ee9b149c7b74800e900/screenshot'
14:30:18.801 [Forwarding screenshot on session 412c741e6f4f7ee9b149c7b74800e900 to remote] DEBUG org.asynchttpclient.netty.request.NettyRequestSender - Using open Channel [id: 0x0fd79672, L:/127.0.0.1:59225 - R:localhost/127.0.0.1:19691] for GET '/session/412c741e6f4f7ee9b149c7b74800e900/screenshot'
14:30:19.017 [AsyncHttpClient-1-8] DEBUG org.asynchttpclient.netty.handler.HttpHandler - 

Request DefaultFullHttpRequest(decodeResult: success, version: HTTP/1.1, content: EmptyByteBufBE)
GET /session/412c741e6f4f7ee9b149c7b74800e900/screenshot HTTP/1.1
User-Agent: selenium/4.8.1 (java windows)
Cache-Control: no-cache
Content-Type: application/json; charset=utf-8
host: localhost:19691
accept: */*

Response DefaultHttpResponse(decodeResult: success, version: HTTP/1.1)
HTTP/1.1 200 OK
Content-Length: 88752
Content-Type: application/json; charset=utf-8
cache-control: no-cache

14:30:19.017 [AsyncHttpClient-1-8] DEBUG org.asynchttpclient.netty.channel.ChannelManager - Adding key: http://localhost:19691 for channel [id: 0x0fd79672, L:/127.0.0.1:59225 - R:localhost/127.0.0.1:19691]
14:30:19.025 [main] DEBUG net.serenitybdd.core.photography.Darkroom - Send negative for processing for target\site\serenity\a46946650322fe9ec829bd11716ec7ec625f1cadecd3637ea613c08485e530e3.png
14:30:19.025 [main] DEBUG net.thucydides.core.steps.StepInterceptor - STEP DONE: Select_operating_Country
14:30:19.025 [Darkroom Processing Line] DEBUG net.serenitybdd.core.photography.DarkroomProcessingLine - Processing screenshot image in /var/screenshots/screenshot-1113387606934302395
14:30:19.025 [Darkroom Processing Line] DEBUG net.serenitybdd.core.photography.DarkroomProcessingLine - Saving screenshot to target\site\serenity\a46946650322fe9ec829bd11716ec7ec625f1cadecd3637ea613c08485e530e3.png
14:30:19.046 [Forwarding getPageSource on session 412c741e6f4f7ee9b149c7b74800e900 to remote] DEBUG org.asynchttpclient.netty.request.NettyRequestSender - Using pooled Channel '[id: 0x0fd79672, L:/127.0.0.1:59225 - R:localhost/127.0.0.1:19691]' for 'POST' to 'http://localhost:19691/session/412c741e6f4f7ee9b149c7b74800e900/execute/sync'
14:30:19.046 [Forwarding getPageSource on session 412c741e6f4f7ee9b149c7b74800e900 to remote] DEBUG org.asynchttpclient.netty.request.NettyRequestSender - Using open Channel [id: 0x0fd79672, L:/127.0.0.1:59225 - R:localhost/127.0.0.1:19691] for POST '/session/412c741e6f4f7ee9b149c7b74800e900/execute/sync'
14:30:19.068 [AsyncHttpClient-1-8] DEBUG org.asynchttpclient.netty.handler.HttpHandler - 

Request DefaultHttpRequest(decodeResult: success, version: HTTP/1.1)
POST /session/412c741e6f4f7ee9b149c7b74800e900/execute/sync HTTP/1.1
User-Agent: selenium/4.8.1 (java windows)
Content-Length: 176
Content-Type: application/json; charset=utf-8
host: localhost:19691
accept: */*

Response DefaultHttpResponse(decodeResult: success, version: HTTP/1.1)
HTTP/1.1 200 OK
Content-Length: 46246
Content-Type: application/json; charset=utf-8
cache-control: no-cache

14:30:19.068 [AsyncHttpClient-1-8] DEBUG org.asynchttpclient.netty.channel.ChannelManager - Adding key: http://localhost:19691 for channel [id: 0x0fd79672, L:/127.0.0.1:59225 - R:localhost/127.0.0.1:19691]
14:30:19.079 [Forwarding getCurrentUrl on session 412c741e6f4f7ee9b149c7b74800e900 to remote] DEBUG org.asynchttpclient.netty.request.NettyRequestSender - Using pooled Channel '[id: 0x0fd79672, L:/127.0.0.1:59225 - R:localhost/127.0.0.1:19691]' for 'GET' to 'http://localhost:19691/session/412c741e6f4f7ee9b149c7b74800e900/url'
14:30:19.079 [Forwarding getCurrentUrl on session 412c741e6f4f7ee9b149c7b74800e900 to remote] DEBUG org.asynchttpclient.netty.request.NettyRequestSender - Using open Channel [id: 0x0fd79672, L:/127.0.0.1:59225 - R:localhost/127.0.0.1:19691] for GET '/session/412c741e6f4f7ee9b149c7b74800e900/url'
14:30:19.089 [AsyncHttpClient-1-8] DEBUG org.asynchttpclient.netty.handler.HttpHandler - 

Request DefaultFullHttpRequest(decodeResult: success, version: HTTP/1.1, content: EmptyByteBufBE)
GET /session/412c741e6f4f7ee9b149c7b74800e900/url HTTP/1.1
User-Agent: selenium/4.8.1 (java windows)
Cache-Control: no-cache
Content-Type: application/json; charset=utf-8
host: localhost:19691
accept: */*

Response DefaultHttpResponse(decodeResult: success, version: HTTP/1.1)
HTTP/1.1 200 OK
Content-Length: 63
Content-Type: application/json; charset=utf-8
cache-control: no-cache

14:30:19.089 [AsyncHttpClient-1-8] DEBUG org.asynchttpclient.netty.channel.ChannelManager - Adding key: http://localhost:19691 for channel [id: 0x0fd79672, L:/127.0.0.1:59225 - R:localhost/127.0.0.1:19691]
14:30:19.100 [Forwarding getAlertText on session 412c741e6f4f7ee9b149c7b74800e900 to remote] DEBUG org.asynchttpclient.netty.request.NettyRequestSender - Using pooled Channel '[id: 0x0fd79672, L:/127.0.0.1:59225 - R:localhost/127.0.0.1:19691]' for 'GET' to 'http://localhost:19691/session/412c741e6f4f7ee9b149c7b74800e900/alert/text'
14:30:19.100 [Forwarding getAlertText on session 412c741e6f4f7ee9b149c7b74800e900 to remote] DEBUG org.asynchttpclient.netty.request.NettyRequestSender - Using open Channel [id: 0x0fd79672, L:/127.0.0.1:59225 - R:localhost/127.0.0.1:19691] for GET '/session/412c741e6f4f7ee9b149c7b74800e900/alert/text'
14:30:19.100 [AsyncHttpClient-1-8] DEBUG org.asynchttpclient.netty.handler.HttpHandler - 

Request DefaultFullHttpRequest(decodeResult: success, version: HTTP/1.1, content: EmptyByteBufBE)
GET /session/412c741e6f4f7ee9b149c7b74800e900/alert/text HTTP/1.1
User-Agent: selenium/4.8.1 (java windows)
Cache-Control: no-cache
Content-Type: application/json; charset=utf-8
host: localhost:19691
accept: */*

Response DefaultHttpResponse(decodeResult: success, version: HTTP/1.1)
HTTP/1.1 404 Not Found
Content-Length: 821
Content-Type: application/json; charset=utf-8
cache-control: no-cache

14:30:19.100 [AsyncHttpClient-1-8] DEBUG org.asynchttpclient.netty.channel.ChannelManager - Adding key: http://localhost:19691 for channel [id: 0x0fd79672, L:/127.0.0.1:59225 - R:localhost/127.0.0.1:19691]
14:30:19.399 [AsyncHttpClient-1-1] DEBUG org.asynchttpclient.netty.channel.DefaultChannelPool - Entry count for : http://localhost:19691 : 1
14:30:19.606 [Forwarding getAlertText on session 412c741e6f4f7ee9b149c7b74800e900 to remote] DEBUG org.asynchttpclient.netty.request.NettyRequestSender - Using pooled Channel '[id: 0x0fd79672, L:/127.0.0.1:59225 - R:localhost/127.0.0.1:19691]' for 'GET' to 'http://localhost:19691/session/412c741e6f4f7ee9b149c7b74800e900/alert/text'
14:30:19.606 [Forwarding getAlertText on session 412c741e6f4f7ee9b149c7b74800e900 to remote] DEBUG org.asynchttpclient.netty.request.NettyRequestSender - Using open Channel [id: 0x0fd79672, L:/127.0.0.1:59225 - R:localhost/127.0.0.1:19691] for GET '/session/412c741e6f4f7ee9b149c7b74800e900/alert/text'
14:30:19.612 [AsyncHttpClient-1-8] DEBUG org.asynchttpclient.netty.handler.HttpHandler - 

Request DefaultFullHttpRequest(decodeResult: success, version: HTTP/1.1, content: EmptyByteBufBE)
GET /session/412c741e6f4f7ee9b149c7b74800e900/alert/text HTTP/1.1
User-Agent: selenium/4.8.1 (java windows)
Cache-Control: no-cache
Content-Type: application/json; charset=utf-8
host: localhost:19691
accept: */*

Response DefaultHttpResponse(decodeResult: success, version: HTTP/1.1)
HTTP/1.1 404 Not Found
Content-Length: 821
Content-Type: application/json; charset=utf-8
cache-control: no-cache

14:30:19.612 [AsyncHttpClient-1-8] DEBUG org.asynchttpclient.netty.channel.ChannelManager - Adding key: http://localhost:19691 for channel [id: 0x0fd79672, L:/127.0.0.1:59225 - R:localhost/127.0.0.1:19691]
14:30:19.612 [Forwarding getCurrentUrl on session 412c741e6f4f7ee9b149c7b74800e900 to remote] DEBUG org.asynchttpclient.netty.request.NettyRequestSender - Using pooled Channel '[id: 0x0fd79672, L:/127.0.0.1:59225 - R:localhost/127.0.0.1:19691]' for 'GET' to 'http://localhost:19691/session/412c741e6f4f7ee9b149c7b74800e900/url'
14:30:19.612 [Forwarding getCurrentUrl on session 412c741e6f4f7ee9b149c7b74800e900 to remote] DEBUG org.asynchttpclient.netty.request.NettyRequestSender - Using open Channel [id: 0x0fd79672, L:/127.0.0.1:59225 - R:localhost/127.0.0.1:19691] for GET '/session/412c741e6f4f7ee9b149c7b74800e900/url'
14:30:19.623 [AsyncHttpClient-1-8] DEBUG org.asynchttpclient.netty.handler.HttpHandler - 

Request DefaultFullHttpRequest(decodeResult: success, version: HTTP/1.1, content: EmptyByteBufBE)
GET /session/412c741e6f4f7ee9b149c7b74800e900/url HTTP/1.1
User-Agent: selenium/4.8.1 (java windows)
Cache-Control: no-cache
Content-Type: application/json; charset=utf-8
host: localhost:19691
accept: */*

Response DefaultHttpResponse(decodeResult: success, version: HTTP/1.1)
HTTP/1.1 200 OK
Content-Length: 63
Content-Type: application/json; charset=utf-8
cache-control: no-cache

14:30:19.623 [AsyncHttpClient-1-8] DEBUG org.asynchttpclient.netty.channel.ChannelManager - Adding key: http://localhost:19691 for channel [id: 0x0fd79672, L:/127.0.0.1:59225 - R:localhost/127.0.0.1:19691]
14:30:19.623 [Forwarding screenshot on session 412c741e6f4f7ee9b149c7b74800e900 to remote] DEBUG org.asynchttpclient.netty.request.NettyRequestSender - Using pooled Channel '[id: 0x0fd79672, L:/127.0.0.1:59225 - R:localhost/127.0.0.1:19691]' for 'GET' to 'http://localhost:19691/session/412c741e6f4f7ee9b149c7b74800e900/screenshot'
14:30:19.623 [Forwarding screenshot on session 412c741e6f4f7ee9b149c7b74800e900 to remote] DEBUG org.asynchttpclient.netty.request.NettyRequestSender - Using open Channel [id: 0x0fd79672, L:/127.0.0.1:59225 - R:localhost/127.0.0.1:19691] for GET '/session/412c741e6f4f7ee9b149c7b74800e900/screenshot'
14:30:19.862 [AsyncHttpClient-1-8] DEBUG org.asynchttpclient.netty.handler.HttpHandler - 

Request DefaultFullHttpRequest(decodeResult: success, version: HTTP/1.1, content: EmptyByteBufBE)
GET /session/412c741e6f4f7ee9b149c7b74800e900/screenshot HTTP/1.1
User-Agent: selenium/4.8.1 (java windows)
Cache-Control: no-cache
Content-Type: application/json; charset=utf-8
host: localhost:19691
accept: */*

Response DefaultHttpResponse(decodeResult: success, version: HTTP/1.1)
HTTP/1.1 200 OK
Content-Length: 88752
Content-Type: application/json; charset=utf-8
cache-control: no-cache

14:30:19.862 [AsyncHttpClient-1-8] DEBUG org.asynchttpclient.netty.channel.ChannelManager - Adding key: http://localhost:19691 for channel [id: 0x0fd79672, L:/127.0.0.1:59225 - R:localhost/127.0.0.1:19691]
14:30:19.868 [main] DEBUG net.serenitybdd.core.photography.Darkroom - Send negative for processing for target\site\serenity\a46946650322fe9ec829bd11716ec7ec625f1cadecd3637ea613c08485e530e3.png
14:30:19.873 [Forwarding getPageSource on session 412c741e6f4f7ee9b149c7b74800e900 to remote] DEBUG org.asynchttpclient.netty.request.NettyRequestSender - Using pooled Channel '[id: 0x0fd79672, L:/127.0.0.1:59225 - R:localhost/127.0.0.1:19691]' for 'POST' to 'http://localhost:19691/session/412c741e6f4f7ee9b149c7b74800e900/execute/sync'
14:30:19.873 [Forwarding getPageSource on session 412c741e6f4f7ee9b149c7b74800e900 to remote] DEBUG org.asynchttpclient.netty.request.NettyRequestSender - Using open Channel [id: 0x0fd79672, L:/127.0.0.1:59225 - R:localhost/127.0.0.1:19691] for POST '/session/412c741e6f4f7ee9b149c7b74800e900/execute/sync'
14:30:19.894 [AsyncHttpClient-1-8] DEBUG org.asynchttpclient.netty.handler.HttpHandler - 

Request DefaultHttpRequest(decodeResult: success, version: HTTP/1.1)
POST /session/412c741e6f4f7ee9b149c7b74800e900/execute/sync HTTP/1.1
User-Agent: selenium/4.8.1 (java windows)
Content-Length: 176
Content-Type: application/json; charset=utf-8
host: localhost:19691
accept: */*

Response DefaultHttpResponse(decodeResult: success, version: HTTP/1.1)
HTTP/1.1 200 OK
Content-Length: 46246
Content-Type: application/json; charset=utf-8
cache-control: no-cache

14:30:19.894 [AsyncHttpClient-1-8] DEBUG org.asynchttpclient.netty.channel.ChannelManager - Adding key: http://localhost:19691 for channel [id: 0x0fd79672, L:/127.0.0.1:59225 - R:localhost/127.0.0.1:19691]
14:30:19.904 [Forwarding getCurrentUrl on session 412c741e6f4f7ee9b149c7b74800e900 to remote] DEBUG org.asynchttpclient.netty.request.NettyRequestSender - Using pooled Channel '[id: 0x0fd79672, L:/127.0.0.1:59225 - R:localhost/127.0.0.1:19691]' for 'GET' to 'http://localhost:19691/session/412c741e6f4f7ee9b149c7b74800e900/url'
14:30:19.904 [Forwarding getCurrentUrl on session 412c741e6f4f7ee9b149c7b74800e900 to remote] DEBUG org.asynchttpclient.netty.request.NettyRequestSender - Using open Channel [id: 0x0fd79672, L:/127.0.0.1:59225 - R:localhost/127.0.0.1:19691] for GET '/session/412c741e6f4f7ee9b149c7b74800e900/url'
14:30:19.918 [AsyncHttpClient-1-8] DEBUG org.asynchttpclient.netty.handler.HttpHandler - 

Request DefaultFullHttpRequest(decodeResult: success, version: HTTP/1.1, content: EmptyByteBufBE)
GET /session/412c741e6f4f7ee9b149c7b74800e900/url HTTP/1.1
User-Agent: selenium/4.8.1 (java windows)
Cache-Control: no-cache
Content-Type: application/json; charset=utf-8
host: localhost:19691
accept: */*

Response DefaultHttpResponse(decodeResult: success, version: HTTP/1.1)
HTTP/1.1 200 OK
Content-Length: 63
Content-Type: application/json; charset=utf-8
cache-control: no-cache

14:30:19.918 [AsyncHttpClient-1-8] DEBUG org.asynchttpclient.netty.channel.ChannelManager - Adding key: http://localhost:19691 for channel [id: 0x0fd79672, L:/127.0.0.1:59225 - R:localhost/127.0.0.1:19691]
14:30:19.926 [main] DEBUG net.thucydides.core.steps.StepInterceptor - STARTING STEP: Afrexim_Signup_steps.select_initial_source_of_funds - Select_initial_source_of_funds
14:30:19.926 [Forwarding findElement on session 412c741e6f4f7ee9b149c7b74800e900 to remote] DEBUG org.asynchttpclient.netty.request.NettyRequestSender - Using pooled Channel '[id: 0x0fd79672, L:/127.0.0.1:59225 - R:localhost/127.0.0.1:19691]' for 'POST' to 'http://localhost:19691/session/412c741e6f4f7ee9b149c7b74800e900/element'
14:30:19.926 [Forwarding findElement on session 412c741e6f4f7ee9b149c7b74800e900 to remote] DEBUG org.asynchttpclient.netty.request.NettyRequestSender - Using open Channel [id: 0x0fd79672, L:/127.0.0.1:59225 - R:localhost/127.0.0.1:19691] for POST '/session/412c741e6f4f7ee9b149c7b74800e900/element'
14:30:19.953 [AsyncHttpClient-1-8] DEBUG org.asynchttpclient.netty.handler.HttpHandler - 

Request DefaultHttpRequest(decodeResult: success, version: HTTP/1.1)
POST /session/412c741e6f4f7ee9b149c7b74800e900/element HTTP/1.1
User-Agent: selenium/4.8.1 (java windows)
Content-Length: 86
Content-Type: application/json; charset=utf-8
host: localhost:19691
accept: */*

Response DefaultHttpResponse(decodeResult: success, version: HTTP/1.1)
HTTP/1.1 200 OK
Content-Length: 96
Content-Type: application/json; charset=utf-8
cache-control: no-cache

14:30:19.953 [AsyncHttpClient-1-8] DEBUG org.asynchttpclient.netty.channel.ChannelManager - Adding key: http://localhost:19691 for channel [id: 0x0fd79672, L:/127.0.0.1:59225 - R:localhost/127.0.0.1:19691]
14:30:19.953 [Forwarding getElementTagName on session 412c741e6f4f7ee9b149c7b74800e900 to remote] DEBUG org.asynchttpclient.netty.request.NettyRequestSender - Using pooled Channel '[id: 0x0fd79672, L:/127.0.0.1:59225 - R:localhost/127.0.0.1:19691]' for 'GET' to 'http://localhost:19691/session/412c741e6f4f7ee9b149c7b74800e900/element/9330F8CD5D18F75156EB4FB715507178_element_655/name'
14:30:19.953 [Forwarding getElementTagName on session 412c741e6f4f7ee9b149c7b74800e900 to remote] DEBUG org.asynchttpclient.netty.request.NettyRequestSender - Using open Channel [id: 0x0fd79672, L:/127.0.0.1:59225 - R:localhost/127.0.0.1:19691] for GET '/session/412c741e6f4f7ee9b149c7b74800e900/element/9330F8CD5D18F75156EB4FB715507178_element_655/name'
14:30:19.964 [AsyncHttpClient-1-8] DEBUG org.asynchttpclient.netty.handler.HttpHandler - 

Request DefaultFullHttpRequest(decodeResult: success, version: HTTP/1.1, content: EmptyByteBufBE)
GET /session/412c741e6f4f7ee9b149c7b74800e900/element/9330F8CD5D18F75156EB4FB715507178_element_655/name HTTP/1.1
User-Agent: selenium/4.8.1 (java windows)
Cache-Control: no-cache
Content-Type: application/json; charset=utf-8
host: localhost:19691
accept: */*

Response DefaultHttpResponse(decodeResult: success, version: HTTP/1.1)
HTTP/1.1 200 OK
Content-Length: 18
Content-Type: application/json; charset=utf-8
cache-control: no-cache

14:30:19.964 [AsyncHttpClient-1-8] DEBUG org.asynchttpclient.netty.channel.ChannelManager - Adding key: http://localhost:19691 for channel [id: 0x0fd79672, L:/127.0.0.1:59225 - R:localhost/127.0.0.1:19691]
14:30:19.964 [Forwarding getElementDomAttribute on session 412c741e6f4f7ee9b149c7b74800e900 to remote] DEBUG org.asynchttpclient.netty.request.NettyRequestSender - Using pooled Channel '[id: 0x0fd79672, L:/127.0.0.1:59225 - R:localhost/127.0.0.1:19691]' for 'GET' to 'http://localhost:19691/session/412c741e6f4f7ee9b149c7b74800e900/element/9330F8CD5D18F75156EB4FB715507178_element_655/attribute/multiple'
14:30:19.964 [Forwarding getElementDomAttribute on session 412c741e6f4f7ee9b149c7b74800e900 to remote] DEBUG org.asynchttpclient.netty.request.NettyRequestSender - Using open Channel [id: 0x0fd79672, L:/127.0.0.1:59225 - R:localhost/127.0.0.1:19691] for GET '/session/412c741e6f4f7ee9b149c7b74800e900/element/9330F8CD5D18F75156EB4FB715507178_element_655/attribute/multiple'
14:30:19.974 [AsyncHttpClient-1-8] DEBUG org.asynchttpclient.netty.handler.HttpHandler - 

Request DefaultFullHttpRequest(decodeResult: success, version: HTTP/1.1, content: EmptyByteBufBE)
GET /session/412c741e6f4f7ee9b149c7b74800e900/element/9330F8CD5D18F75156EB4FB715507178_element_655/attribute/multiple HTTP/1.1
User-Agent: selenium/4.8.1 (java windows)
Cache-Control: no-cache
Content-Type: application/json; charset=utf-8
host: localhost:19691
accept: */*

Response DefaultHttpResponse(decodeResult: success, version: HTTP/1.1)
HTTP/1.1 200 OK
Content-Length: 14
Content-Type: application/json; charset=utf-8
cache-control: no-cache

14:30:19.974 [AsyncHttpClient-1-8] DEBUG org.asynchttpclient.netty.channel.ChannelManager - Adding key: http://localhost:19691 for channel [id: 0x0fd79672, L:/127.0.0.1:59225 - R:localhost/127.0.0.1:19691]
14:30:19.974 [Forwarding isElementEnabled on session 412c741e6f4f7ee9b149c7b74800e900 to remote] DEBUG org.asynchttpclient.netty.request.NettyRequestSender - Using pooled Channel '[id: 0x0fd79672, L:/127.0.0.1:59225 - R:localhost/127.0.0.1:19691]' for 'GET' to 'http://localhost:19691/session/412c741e6f4f7ee9b149c7b74800e900/element/9330F8CD5D18F75156EB4FB715507178_element_655/enabled'
14:30:19.974 [Forwarding isElementEnabled on session 412c741e6f4f7ee9b149c7b74800e900 to remote] DEBUG org.asynchttpclient.netty.request.NettyRequestSender - Using open Channel [id: 0x0fd79672, L:/127.0.0.1:59225 - R:localhost/127.0.0.1:19691] for GET '/session/412c741e6f4f7ee9b149c7b74800e900/element/9330F8CD5D18F75156EB4FB715507178_element_655/enabled'
14:30:19.990 [AsyncHttpClient-1-8] DEBUG org.asynchttpclient.netty.handler.HttpHandler - 

Request DefaultFullHttpRequest(decodeResult: success, version: HTTP/1.1, content: EmptyByteBufBE)
GET /session/412c741e6f4f7ee9b149c7b74800e900/element/9330F8CD5D18F75156EB4FB715507178_element_655/enabled HTTP/1.1
User-Agent: selenium/4.8.1 (java windows)
Cache-Control: no-cache
Content-Type: application/json; charset=utf-8
host: localhost:19691
accept: */*

Response DefaultHttpResponse(decodeResult: success, version: HTTP/1.1)
HTTP/1.1 200 OK
Content-Length: 14
Content-Type: application/json; charset=utf-8
cache-control: no-cache

14:30:19.990 [AsyncHttpClient-1-8] DEBUG org.asynchttpclient.netty.channel.ChannelManager - Adding key: http://localhost:19691 for channel [id: 0x0fd79672, L:/127.0.0.1:59225 - R:localhost/127.0.0.1:19691]
14:30:19.990 [Forwarding findChildElements on session 412c741e6f4f7ee9b149c7b74800e900 to remote] DEBUG org.asynchttpclient.netty.request.NettyRequestSender - Using pooled Channel '[id: 0x0fd79672, L:/127.0.0.1:59225 - R:localhost/127.0.0.1:19691]' for 'POST' to 'http://localhost:19691/session/412c741e6f4f7ee9b149c7b74800e900/element/9330F8CD5D18F75156EB4FB715507178_element_655/elements'
14:30:19.990 [Forwarding findChildElements on session 412c741e6f4f7ee9b149c7b74800e900 to remote] DEBUG org.asynchttpclient.netty.request.NettyRequestSender - Using open Channel [id: 0x0fd79672, L:/127.0.0.1:59225 - R:localhost/127.0.0.1:19691] for POST '/session/412c741e6f4f7ee9b149c7b74800e900/element/9330F8CD5D18F75156EB4FB715507178_element_655/elements'
14:30:20.011 [AsyncHttpClient-1-8] DEBUG org.asynchttpclient.netty.handler.HttpHandler - 

Request DefaultHttpRequest(decodeResult: success, version: HTTP/1.1)
POST /session/412c741e6f4f7ee9b149c7b74800e900/element/9330F8CD5D18F75156EB4FB715507178_element_655/elements HTTP/1.1
User-Agent: selenium/4.8.1 (java windows)
Content-Length: 102
Content-Type: application/json; charset=utf-8
host: localhost:19691
accept: */*

Response DefaultHttpResponse(decodeResult: success, version: HTTP/1.1)
HTTP/1.1 200 OK
Content-Length: 3839
Content-Type: application/json; charset=utf-8
cache-control: no-cache

14:30:20.011 [AsyncHttpClient-1-8] DEBUG org.asynchttpclient.netty.channel.ChannelManager - Adding key: http://localhost:19691 for channel [id: 0x0fd79672, L:/127.0.0.1:59225 - R:localhost/127.0.0.1:19691]
14:30:20.017 [Forwarding getElementAttribute on session 412c741e6f4f7ee9b149c7b74800e900 to remote] DEBUG org.asynchttpclient.netty.request.NettyRequestSender - Using pooled Channel '[id: 0x0fd79672, L:/127.0.0.1:59225 - R:localhost/127.0.0.1:19691]' for 'POST' to 'http://localhost:19691/session/412c741e6f4f7ee9b149c7b74800e900/execute/sync'
14:30:20.017 [Forwarding getElementAttribute on session 412c741e6f4f7ee9b149c7b74800e900 to remote] DEBUG org.asynchttpclient.netty.request.NettyRequestSender - Using open Channel [id: 0x0fd79672, L:/127.0.0.1:59225 - R:localhost/127.0.0.1:19691] for POST '/session/412c741e6f4f7ee9b149c7b74800e900/execute/sync'
14:30:20.058 [AsyncHttpClient-1-8] DEBUG org.asynchttpclient.netty.handler.HttpHandler - 

Request DefaultHttpRequest(decodeResult: success, version: HTTP/1.1)
POST /session/412c741e6f4f7ee9b149c7b74800e900/execute/sync HTTP/1.1
User-Agent: selenium/4.8.1 (java windows)
Content-Length: 47376
Content-Type: application/json; charset=utf-8
host: localhost:19691
accept: */*

Response DefaultHttpResponse(decodeResult: success, version: HTTP/1.1)
HTTP/1.1 200 OK
Content-Length: 13
Content-Type: application/json; charset=utf-8
cache-control: no-cache

14:30:20.058 [AsyncHttpClient-1-8] DEBUG org.asynchttpclient.netty.channel.ChannelManager - Adding key: http://localhost:19691 for channel [id: 0x0fd79672, L:/127.0.0.1:59225 - R:localhost/127.0.0.1:19691]
14:30:20.060 [Forwarding getElementAttribute on session 412c741e6f4f7ee9b149c7b74800e900 to remote] DEBUG org.asynchttpclient.netty.request.NettyRequestSender - Using pooled Channel '[id: 0x0fd79672, L:/127.0.0.1:59225 - R:localhost/127.0.0.1:19691]' for 'POST' to 'http://localhost:19691/session/412c741e6f4f7ee9b149c7b74800e900/execute/sync'
14:30:20.060 [Forwarding getElementAttribute on session 412c741e6f4f7ee9b149c7b74800e900 to remote] DEBUG org.asynchttpclient.netty.request.NettyRequestSender - Using open Channel [id: 0x0fd79672, L:/127.0.0.1:59225 - R:localhost/127.0.0.1:19691] for POST '/session/412c741e6f4f7ee9b149c7b74800e900/execute/sync'
14:30:20.085 [AsyncHttpClient-1-8] DEBUG org.asynchttpclient.netty.handler.HttpHandler - 

Request DefaultHttpRequest(decodeResult: success, version: HTTP/1.1)
POST /session/412c741e6f4f7ee9b149c7b74800e900/execute/sync HTTP/1.1
User-Agent: selenium/4.8.1 (java windows)
Content-Length: 47376
Content-Type: application/json; charset=utf-8
host: localhost:19691
accept: */*

Response DefaultHttpResponse(decodeResult: success, version: HTTP/1.1)
HTTP/1.1 200 OK
Content-Length: 13
Content-Type: application/json; charset=utf-8
cache-control: no-cache

14:30:20.085 [AsyncHttpClient-1-8] DEBUG org.asynchttpclient.netty.channel.ChannelManager - Adding key: http://localhost:19691 for channel [id: 0x0fd79672, L:/127.0.0.1:59225 - R:localhost/127.0.0.1:19691]
14:30:20.085 [Forwarding isElementEnabled on session 412c741e6f4f7ee9b149c7b74800e900 to remote] DEBUG org.asynchttpclient.netty.request.NettyRequestSender - Using pooled Channel '[id: 0x0fd79672, L:/127.0.0.1:59225 - R:localhost/127.0.0.1:19691]' for 'GET' to 'http://localhost:19691/session/412c741e6f4f7ee9b149c7b74800e900/element/9330F8CD5D18F75156EB4FB715507178_element_657/enabled'
14:30:20.085 [Forwarding isElementEnabled on session 412c741e6f4f7ee9b149c7b74800e900 to remote] DEBUG org.asynchttpclient.netty.request.NettyRequestSender - Using open Channel [id: 0x0fd79672, L:/127.0.0.1:59225 - R:localhost/127.0.0.1:19691] for GET '/session/412c741e6f4f7ee9b149c7b74800e900/element/9330F8CD5D18F75156EB4FB715507178_element_657/enabled'
14:30:20.091 [AsyncHttpClient-1-8] DEBUG org.asynchttpclient.netty.handler.HttpHandler - 

Request DefaultFullHttpRequest(decodeResult: success, version: HTTP/1.1, content: EmptyByteBufBE)
GET /session/412c741e6f4f7ee9b149c7b74800e900/element/9330F8CD5D18F75156EB4FB715507178_element_657/enabled HTTP/1.1
User-Agent: selenium/4.8.1 (java windows)
Cache-Control: no-cache
Content-Type: application/json; charset=utf-8
host: localhost:19691
accept: */*

Response DefaultHttpResponse(decodeResult: success, version: HTTP/1.1)
HTTP/1.1 200 OK
Content-Length: 14
Content-Type: application/json; charset=utf-8
cache-control: no-cache

14:30:20.091 [AsyncHttpClient-1-8] DEBUG org.asynchttpclient.netty.channel.ChannelManager - Adding key: http://localhost:19691 for channel [id: 0x0fd79672, L:/127.0.0.1:59225 - R:localhost/127.0.0.1:19691]
14:30:20.091 [Forwarding isElementSelected on session 412c741e6f4f7ee9b149c7b74800e900 to remote] DEBUG org.asynchttpclient.netty.request.NettyRequestSender - Using pooled Channel '[id: 0x0fd79672, L:/127.0.0.1:59225 - R:localhost/127.0.0.1:19691]' for 'GET' to 'http://localhost:19691/session/412c741e6f4f7ee9b149c7b74800e900/element/9330F8CD5D18F75156EB4FB715507178_element_657/selected'
14:30:20.091 [Forwarding isElementSelected on session 412c741e6f4f7ee9b149c7b74800e900 to remote] DEBUG org.asynchttpclient.netty.request.NettyRequestSender - Using open Channel [id: 0x0fd79672, L:/127.0.0.1:59225 - R:localhost/127.0.0.1:19691] for GET '/session/412c741e6f4f7ee9b149c7b74800e900/element/9330F8CD5D18F75156EB4FB715507178_element_657/selected'
14:30:20.103 [AsyncHttpClient-1-8] DEBUG org.asynchttpclient.netty.handler.HttpHandler - 

Request DefaultFullHttpRequest(decodeResult: success, version: HTTP/1.1, content: EmptyByteBufBE)
GET /session/412c741e6f4f7ee9b149c7b74800e900/element/9330F8CD5D18F75156EB4FB715507178_element_657/selected HTTP/1.1
User-Agent: selenium/4.8.1 (java windows)
Cache-Control: no-cache
Content-Type: application/json; charset=utf-8
host: localhost:19691
accept: */*

Response DefaultHttpResponse(decodeResult: success, version: HTTP/1.1)
HTTP/1.1 200 OK
Content-Length: 15
Content-Type: application/json; charset=utf-8
cache-control: no-cache

14:30:20.103 [AsyncHttpClient-1-8] DEBUG org.asynchttpclient.netty.channel.ChannelManager - Adding key: http://localhost:19691 for channel [id: 0x0fd79672, L:/127.0.0.1:59225 - R:localhost/127.0.0.1:19691]
14:30:20.113 [Forwarding clickElement on session 412c741e6f4f7ee9b149c7b74800e900 to remote] DEBUG org.asynchttpclient.netty.request.NettyRequestSender - Using pooled Channel '[id: 0x0fd79672, L:/127.0.0.1:59225 - R:localhost/127.0.0.1:19691]' for 'POST' to 'http://localhost:19691/session/412c741e6f4f7ee9b149c7b74800e900/element/9330F8CD5D18F75156EB4FB715507178_element_657/click'
14:30:20.113 [Forwarding clickElement on session 412c741e6f4f7ee9b149c7b74800e900 to remote] DEBUG org.asynchttpclient.netty.request.NettyRequestSender - Using open Channel [id: 0x0fd79672, L:/127.0.0.1:59225 - R:localhost/127.0.0.1:19691] for POST '/session/412c741e6f4f7ee9b149c7b74800e900/element/9330F8CD5D18F75156EB4FB715507178_element_657/click'
14:30:20.248 [AsyncHttpClient-1-8] DEBUG org.asynchttpclient.netty.handler.HttpHandler - 

Request DefaultHttpRequest(decodeResult: success, version: HTTP/1.1)
POST /session/412c741e6f4f7ee9b149c7b74800e900/element/9330F8CD5D18F75156EB4FB715507178_element_657/click HTTP/1.1
User-Agent: selenium/4.8.1 (java windows)
Content-Length: 58
Content-Type: application/json; charset=utf-8
host: localhost:19691
accept: */*

Response DefaultHttpResponse(decodeResult: success, version: HTTP/1.1)
HTTP/1.1 200 OK
Content-Length: 14
Content-Type: application/json; charset=utf-8
cache-control: no-cache

14:30:20.248 [AsyncHttpClient-1-8] DEBUG org.asynchttpclient.netty.channel.ChannelManager - Adding key: http://localhost:19691 for channel [id: 0x0fd79672, L:/127.0.0.1:59225 - R:localhost/127.0.0.1:19691]
14:30:20.263 [Forwarding getAlertText on session 412c741e6f4f7ee9b149c7b74800e900 to remote] DEBUG org.asynchttpclient.netty.request.NettyRequestSender - Using pooled Channel '[id: 0x0fd79672, L:/127.0.0.1:59225 - R:localhost/127.0.0.1:19691]' for 'GET' to 'http://localhost:19691/session/412c741e6f4f7ee9b149c7b74800e900/alert/text'
14:30:20.263 [Forwarding getAlertText on session 412c741e6f4f7ee9b149c7b74800e900 to remote] DEBUG org.asynchttpclient.netty.request.NettyRequestSender - Using open Channel [id: 0x0fd79672, L:/127.0.0.1:59225 - R:localhost/127.0.0.1:19691] for GET '/session/412c741e6f4f7ee9b149c7b74800e900/alert/text'
14:30:20.273 [AsyncHttpClient-1-8] DEBUG org.asynchttpclient.netty.handler.HttpHandler - 

Request DefaultFullHttpRequest(decodeResult: success, version: HTTP/1.1, content: EmptyByteBufBE)
GET /session/412c741e6f4f7ee9b149c7b74800e900/alert/text HTTP/1.1
User-Agent: selenium/4.8.1 (java windows)
Cache-Control: no-cache
Content-Type: application/json; charset=utf-8
host: localhost:19691
accept: */*

Response DefaultHttpResponse(decodeResult: success, version: HTTP/1.1)
HTTP/1.1 404 Not Found
Content-Length: 821
Content-Type: application/json; charset=utf-8
cache-control: no-cache

14:30:20.273 [AsyncHttpClient-1-8] DEBUG org.asynchttpclient.netty.channel.ChannelManager - Adding key: http://localhost:19691 for channel [id: 0x0fd79672, L:/127.0.0.1:59225 - R:localhost/127.0.0.1:19691]
14:30:20.273 [Forwarding getCurrentUrl on session 412c741e6f4f7ee9b149c7b74800e900 to remote] DEBUG org.asynchttpclient.netty.request.NettyRequestSender - Using pooled Channel '[id: 0x0fd79672, L:/127.0.0.1:59225 - R:localhost/127.0.0.1:19691]' for 'GET' to 'http://localhost:19691/session/412c741e6f4f7ee9b149c7b74800e900/url'
14:30:20.273 [Forwarding getCurrentUrl on session 412c741e6f4f7ee9b149c7b74800e900 to remote] DEBUG org.asynchttpclient.netty.request.NettyRequestSender - Using open Channel [id: 0x0fd79672, L:/127.0.0.1:59225 - R:localhost/127.0.0.1:19691] for GET '/session/412c741e6f4f7ee9b149c7b74800e900/url'
14:30:20.294 [AsyncHttpClient-1-8] DEBUG org.asynchttpclient.netty.handler.HttpHandler - 

Request DefaultFullHttpRequest(decodeResult: success, version: HTTP/1.1, content: EmptyByteBufBE)
GET /session/412c741e6f4f7ee9b149c7b74800e900/url HTTP/1.1
User-Agent: selenium/4.8.1 (java windows)
Cache-Control: no-cache
Content-Type: application/json; charset=utf-8
host: localhost:19691
accept: */*

Response DefaultHttpResponse(decodeResult: success, version: HTTP/1.1)
HTTP/1.1 200 OK
Content-Length: 63
Content-Type: application/json; charset=utf-8
cache-control: no-cache

14:30:20.294 [AsyncHttpClient-1-8] DEBUG org.asynchttpclient.netty.channel.ChannelManager - Adding key: http://localhost:19691 for channel [id: 0x0fd79672, L:/127.0.0.1:59225 - R:localhost/127.0.0.1:19691]
14:30:20.295 [Forwarding screenshot on session 412c741e6f4f7ee9b149c7b74800e900 to remote] DEBUG org.asynchttpclient.netty.request.NettyRequestSender - Using pooled Channel '[id: 0x0fd79672, L:/127.0.0.1:59225 - R:localhost/127.0.0.1:19691]' for 'GET' to 'http://localhost:19691/session/412c741e6f4f7ee9b149c7b74800e900/screenshot'
14:30:20.295 [Forwarding screenshot on session 412c741e6f4f7ee9b149c7b74800e900 to remote] DEBUG org.asynchttpclient.netty.request.NettyRequestSender - Using open Channel [id: 0x0fd79672, L:/127.0.0.1:59225 - R:localhost/127.0.0.1:19691] for GET '/session/412c741e6f4f7ee9b149c7b74800e900/screenshot'
14:30:20.619 [AsyncHttpClient-1-8] DEBUG org.asynchttpclient.netty.handler.HttpHandler - 

Request DefaultFullHttpRequest(decodeResult: success, version: HTTP/1.1, content: EmptyByteBufBE)
GET /session/412c741e6f4f7ee9b149c7b74800e900/screenshot HTTP/1.1
User-Agent: selenium/4.8.1 (java windows)
Cache-Control: no-cache
Content-Type: application/json; charset=utf-8
host: localhost:19691
accept: */*

Response DefaultHttpResponse(decodeResult: success, version: HTTP/1.1)
HTTP/1.1 200 OK
Content-Length: 88736
Content-Type: application/json; charset=utf-8
cache-control: no-cache

14:30:20.625 [AsyncHttpClient-1-8] DEBUG org.asynchttpclient.netty.channel.ChannelManager - Adding key: http://localhost:19691 for channel [id: 0x0fd79672, L:/127.0.0.1:59225 - R:localhost/127.0.0.1:19691]
14:30:20.625 [main] DEBUG net.serenitybdd.core.photography.Darkroom - Send negative for processing for target\site\serenity\38fc6bd573b5fc5d400a6d12fa42535649fb516c50f8621a264a9335c998427f.png
14:30:20.625 [main] DEBUG net.thucydides.core.steps.StepInterceptor - STEP DONE: Select_initial_source_of_funds
14:30:20.625 [Darkroom Processing Line] DEBUG net.serenitybdd.core.photography.DarkroomProcessingLine - Processing screenshot image in /var/screenshots/screenshot-2639102306205016058
14:30:20.625 [Darkroom Processing Line] DEBUG net.serenitybdd.core.photography.DarkroomProcessingLine - Saving screenshot to target\site\serenity\38fc6bd573b5fc5d400a6d12fa42535649fb516c50f8621a264a9335c998427f.png
14:30:20.646 [Forwarding getPageSource on session 412c741e6f4f7ee9b149c7b74800e900 to remote] DEBUG org.asynchttpclient.netty.request.NettyRequestSender - Using pooled Channel '[id: 0x0fd79672, L:/127.0.0.1:59225 - R:localhost/127.0.0.1:19691]' for 'POST' to 'http://localhost:19691/session/412c741e6f4f7ee9b149c7b74800e900/execute/sync'
14:30:20.646 [Forwarding getPageSource on session 412c741e6f4f7ee9b149c7b74800e900 to remote] DEBUG org.asynchttpclient.netty.request.NettyRequestSender - Using open Channel [id: 0x0fd79672, L:/127.0.0.1:59225 - R:localhost/127.0.0.1:19691] for POST '/session/412c741e6f4f7ee9b149c7b74800e900/execute/sync'
14:30:20.673 [AsyncHttpClient-1-8] DEBUG org.asynchttpclient.netty.handler.HttpHandler - 

Request DefaultHttpRequest(decodeResult: success, version: HTTP/1.1)
POST /session/412c741e6f4f7ee9b149c7b74800e900/execute/sync HTTP/1.1
User-Agent: selenium/4.8.1 (java windows)
Content-Length: 176
Content-Type: application/json; charset=utf-8
host: localhost:19691
accept: */*

Response DefaultHttpResponse(decodeResult: success, version: HTTP/1.1)
HTTP/1.1 200 OK
Content-Length: 46246
Content-Type: application/json; charset=utf-8
cache-control: no-cache

14:30:20.673 [AsyncHttpClient-1-8] DEBUG org.asynchttpclient.netty.channel.ChannelManager - Adding key: http://localhost:19691 for channel [id: 0x0fd79672, L:/127.0.0.1:59225 - R:localhost/127.0.0.1:19691]
14:30:20.681 [Forwarding getCurrentUrl on session 412c741e6f4f7ee9b149c7b74800e900 to remote] DEBUG org.asynchttpclient.netty.request.NettyRequestSender - Using pooled Channel '[id: 0x0fd79672, L:/127.0.0.1:59225 - R:localhost/127.0.0.1:19691]' for 'GET' to 'http://localhost:19691/session/412c741e6f4f7ee9b149c7b74800e900/url'
14:30:20.681 [Forwarding getCurrentUrl on session 412c741e6f4f7ee9b149c7b74800e900 to remote] DEBUG org.asynchttpclient.netty.request.NettyRequestSender - Using open Channel [id: 0x0fd79672, L:/127.0.0.1:59225 - R:localhost/127.0.0.1:19691] for GET '/session/412c741e6f4f7ee9b149c7b74800e900/url'
14:30:20.700 [AsyncHttpClient-1-8] DEBUG org.asynchttpclient.netty.handler.HttpHandler - 

Request DefaultFullHttpRequest(decodeResult: success, version: HTTP/1.1, content: EmptyByteBufBE)
GET /session/412c741e6f4f7ee9b149c7b74800e900/url HTTP/1.1
User-Agent: selenium/4.8.1 (java windows)
Cache-Control: no-cache
Content-Type: application/json; charset=utf-8
host: localhost:19691
accept: */*

Response DefaultHttpResponse(decodeResult: success, version: HTTP/1.1)
HTTP/1.1 200 OK
Content-Length: 63
Content-Type: application/json; charset=utf-8
cache-control: no-cache

14:30:20.700 [AsyncHttpClient-1-8] DEBUG org.asynchttpclient.netty.channel.ChannelManager - Adding key: http://localhost:19691 for channel [id: 0x0fd79672, L:/127.0.0.1:59225 - R:localhost/127.0.0.1:19691]
14:30:20.713 [Forwarding getAlertText on session 412c741e6f4f7ee9b149c7b74800e900 to remote] DEBUG org.asynchttpclient.netty.request.NettyRequestSender - Using pooled Channel '[id: 0x0fd79672, L:/127.0.0.1:59225 - R:localhost/127.0.0.1:19691]' for 'GET' to 'http://localhost:19691/session/412c741e6f4f7ee9b149c7b74800e900/alert/text'
14:30:20.713 [Forwarding getAlertText on session 412c741e6f4f7ee9b149c7b74800e900 to remote] DEBUG org.asynchttpclient.netty.request.NettyRequestSender - Using open Channel [id: 0x0fd79672, L:/127.0.0.1:59225 - R:localhost/127.0.0.1:19691] for GET '/session/412c741e6f4f7ee9b149c7b74800e900/alert/text'
14:30:20.713 [AsyncHttpClient-1-8] DEBUG org.asynchttpclient.netty.handler.HttpHandler - 

Request DefaultFullHttpRequest(decodeResult: success, version: HTTP/1.1, content: EmptyByteBufBE)
GET /session/412c741e6f4f7ee9b149c7b74800e900/alert/text HTTP/1.1
User-Agent: selenium/4.8.1 (java windows)
Cache-Control: no-cache
Content-Type: application/json; charset=utf-8
host: localhost:19691
accept: */*

Response DefaultHttpResponse(decodeResult: success, version: HTTP/1.1)
HTTP/1.1 404 Not Found
Content-Length: 821
Content-Type: application/json; charset=utf-8
cache-control: no-cache

14:30:20.713 [AsyncHttpClient-1-8] DEBUG org.asynchttpclient.netty.channel.ChannelManager - Adding key: http://localhost:19691 for channel [id: 0x0fd79672, L:/127.0.0.1:59225 - R:localhost/127.0.0.1:19691]
14:30:20.719 [Forwarding getCurrentUrl on session 412c741e6f4f7ee9b149c7b74800e900 to remote] DEBUG org.asynchttpclient.netty.request.NettyRequestSender - Using pooled Channel '[id: 0x0fd79672, L:/127.0.0.1:59225 - R:localhost/127.0.0.1:19691]' for 'GET' to 'http://localhost:19691/session/412c741e6f4f7ee9b149c7b74800e900/url'
14:30:20.719 [Forwarding getCurrentUrl on session 412c741e6f4f7ee9b149c7b74800e900 to remote] DEBUG org.asynchttpclient.netty.request.NettyRequestSender - Using open Channel [id: 0x0fd79672, L:/127.0.0.1:59225 - R:localhost/127.0.0.1:19691] for GET '/session/412c741e6f4f7ee9b149c7b74800e900/url'
14:30:20.721 [AsyncHttpClient-1-8] DEBUG org.asynchttpclient.netty.handler.HttpHandler - 

Request DefaultFullHttpRequest(decodeResult: success, version: HTTP/1.1, content: EmptyByteBufBE)
GET /session/412c741e6f4f7ee9b149c7b74800e900/url HTTP/1.1
User-Agent: selenium/4.8.1 (java windows)
Cache-Control: no-cache
Content-Type: application/json; charset=utf-8
host: localhost:19691
accept: */*

Response DefaultHttpResponse(decodeResult: success, version: HTTP/1.1)
HTTP/1.1 200 OK
Content-Length: 63
Content-Type: application/json; charset=utf-8
cache-control: no-cache

14:30:20.721 [AsyncHttpClient-1-8] DEBUG org.asynchttpclient.netty.channel.ChannelManager - Adding key: http://localhost:19691 for channel [id: 0x0fd79672, L:/127.0.0.1:59225 - R:localhost/127.0.0.1:19691]
14:30:20.721 [Forwarding screenshot on session 412c741e6f4f7ee9b149c7b74800e900 to remote] DEBUG org.asynchttpclient.netty.request.NettyRequestSender - Using pooled Channel '[id: 0x0fd79672, L:/127.0.0.1:59225 - R:localhost/127.0.0.1:19691]' for 'GET' to 'http://localhost:19691/session/412c741e6f4f7ee9b149c7b74800e900/screenshot'
14:30:20.721 [Forwarding screenshot on session 412c741e6f4f7ee9b149c7b74800e900 to remote] DEBUG org.asynchttpclient.netty.request.NettyRequestSender - Using open Channel [id: 0x0fd79672, L:/127.0.0.1:59225 - R:localhost/127.0.0.1:19691] for GET '/session/412c741e6f4f7ee9b149c7b74800e900/screenshot'
14:30:20.956 [AsyncHttpClient-1-8] DEBUG org.asynchttpclient.netty.handler.HttpHandler - 

Request DefaultFullHttpRequest(decodeResult: success, version: HTTP/1.1, content: EmptyByteBufBE)
GET /session/412c741e6f4f7ee9b149c7b74800e900/screenshot HTTP/1.1
User-Agent: selenium/4.8.1 (java windows)
Cache-Control: no-cache
Content-Type: application/json; charset=utf-8
host: localhost:19691
accept: */*

Response DefaultHttpResponse(decodeResult: success, version: HTTP/1.1)
HTTP/1.1 200 OK
Content-Length: 88488
Content-Type: application/json; charset=utf-8
cache-control: no-cache

14:30:20.956 [AsyncHttpClient-1-8] DEBUG org.asynchttpclient.netty.channel.ChannelManager - Adding key: http://localhost:19691 for channel [id: 0x0fd79672, L:/127.0.0.1:59225 - R:localhost/127.0.0.1:19691]
14:30:20.964 [main] DEBUG net.serenitybdd.core.photography.Darkroom - Send negative for processing for target\site\serenity\cc7e004311762f684f1c4554c78ab7d015aff34474522f3c77c6c5b1291b86d6.png
14:30:20.966 [Darkroom Processing Line] DEBUG net.serenitybdd.core.photography.DarkroomProcessingLine - Processing screenshot image in /var/screenshots/screenshot-3899880166090545687
14:30:20.966 [Darkroom Processing Line] DEBUG net.serenitybdd.core.photography.DarkroomProcessingLine - Saving screenshot to target\site\serenity\cc7e004311762f684f1c4554c78ab7d015aff34474522f3c77c6c5b1291b86d6.png
14:30:20.969 [Forwarding getPageSource on session 412c741e6f4f7ee9b149c7b74800e900 to remote] DEBUG org.asynchttpclient.netty.request.NettyRequestSender - Using pooled Channel '[id: 0x0fd79672, L:/127.0.0.1:59225 - R:localhost/127.0.0.1:19691]' for 'POST' to 'http://localhost:19691/session/412c741e6f4f7ee9b149c7b74800e900/execute/sync'
14:30:20.969 [Forwarding getPageSource on session 412c741e6f4f7ee9b149c7b74800e900 to remote] DEBUG org.asynchttpclient.netty.request.NettyRequestSender - Using open Channel [id: 0x0fd79672, L:/127.0.0.1:59225 - R:localhost/127.0.0.1:19691] for POST '/session/412c741e6f4f7ee9b149c7b74800e900/execute/sync'
14:30:20.988 [AsyncHttpClient-1-8] DEBUG org.asynchttpclient.netty.handler.HttpHandler - 

Request DefaultHttpRequest(decodeResult: success, version: HTTP/1.1)
POST /session/412c741e6f4f7ee9b149c7b74800e900/execute/sync HTTP/1.1
User-Agent: selenium/4.8.1 (java windows)
Content-Length: 176
Content-Type: application/json; charset=utf-8
host: localhost:19691
accept: */*

Response DefaultHttpResponse(decodeResult: success, version: HTTP/1.1)
HTTP/1.1 200 OK
Content-Length: 46246
Content-Type: application/json; charset=utf-8
cache-control: no-cache

14:30:20.988 [AsyncHttpClient-1-8] DEBUG org.asynchttpclient.netty.channel.ChannelManager - Adding key: http://localhost:19691 for channel [id: 0x0fd79672, L:/127.0.0.1:59225 - R:localhost/127.0.0.1:19691]
14:30:20.999 [Forwarding getCurrentUrl on session 412c741e6f4f7ee9b149c7b74800e900 to remote] DEBUG org.asynchttpclient.netty.request.NettyRequestSender - Using pooled Channel '[id: 0x0fd79672, L:/127.0.0.1:59225 - R:localhost/127.0.0.1:19691]' for 'GET' to 'http://localhost:19691/session/412c741e6f4f7ee9b149c7b74800e900/url'
14:30:20.999 [Forwarding getCurrentUrl on session 412c741e6f4f7ee9b149c7b74800e900 to remote] DEBUG org.asynchttpclient.netty.request.NettyRequestSender - Using open Channel [id: 0x0fd79672, L:/127.0.0.1:59225 - R:localhost/127.0.0.1:19691] for GET '/session/412c741e6f4f7ee9b149c7b74800e900/url'
14:30:20.999 [AsyncHttpClient-1-8] DEBUG org.asynchttpclient.netty.handler.HttpHandler - 

Request DefaultFullHttpRequest(decodeResult: success, version: HTTP/1.1, content: EmptyByteBufBE)
GET /session/412c741e6f4f7ee9b149c7b74800e900/url HTTP/1.1
User-Agent: selenium/4.8.1 (java windows)
Cache-Control: no-cache
Content-Type: application/json; charset=utf-8
host: localhost:19691
accept: */*

Response DefaultHttpResponse(decodeResult: success, version: HTTP/1.1)
HTTP/1.1 200 OK
Content-Length: 63
Content-Type: application/json; charset=utf-8
cache-control: no-cache

14:30:20.999 [AsyncHttpClient-1-8] DEBUG org.asynchttpclient.netty.channel.ChannelManager - Adding key: http://localhost:19691 for channel [id: 0x0fd79672, L:/127.0.0.1:59225 - R:localhost/127.0.0.1:19691]
14:30:21.012 [main] DEBUG net.thucydides.core.steps.StepInterceptor - STARTING STEP: Afrexim_Signup_steps.select_number_of_employees - Select_number_of_employees
14:30:21.012 [Forwarding findElement on session 412c741e6f4f7ee9b149c7b74800e900 to remote] DEBUG org.asynchttpclient.netty.request.NettyRequestSender - Using pooled Channel '[id: 0x0fd79672, L:/127.0.0.1:59225 - R:localhost/127.0.0.1:19691]' for 'POST' to 'http://localhost:19691/session/412c741e6f4f7ee9b149c7b74800e900/element'
14:30:21.012 [Forwarding findElement on session 412c741e6f4f7ee9b149c7b74800e900 to remote] DEBUG org.asynchttpclient.netty.request.NettyRequestSender - Using open Channel [id: 0x0fd79672, L:/127.0.0.1:59225 - R:localhost/127.0.0.1:19691] for POST '/session/412c741e6f4f7ee9b149c7b74800e900/element'
14:30:21.044 [AsyncHttpClient-1-8] DEBUG org.asynchttpclient.netty.handler.HttpHandler - 

Request DefaultHttpRequest(decodeResult: success, version: HTTP/1.1)
POST /session/412c741e6f4f7ee9b149c7b74800e900/element HTTP/1.1
User-Agent: selenium/4.8.1 (java windows)
Content-Length: 87
Content-Type: application/json; charset=utf-8
host: localhost:19691
accept: */*

Response DefaultHttpResponse(decodeResult: success, version: HTTP/1.1)
HTTP/1.1 200 OK
Content-Length: 96
Content-Type: application/json; charset=utf-8
cache-control: no-cache

14:30:21.044 [AsyncHttpClient-1-8] DEBUG org.asynchttpclient.netty.channel.ChannelManager - Adding key: http://localhost:19691 for channel [id: 0x0fd79672, L:/127.0.0.1:59225 - R:localhost/127.0.0.1:19691]
14:30:21.044 [Forwarding getElementTagName on session 412c741e6f4f7ee9b149c7b74800e900 to remote] DEBUG org.asynchttpclient.netty.request.NettyRequestSender - Using pooled Channel '[id: 0x0fd79672, L:/127.0.0.1:59225 - R:localhost/127.0.0.1:19691]' for 'GET' to 'http://localhost:19691/session/412c741e6f4f7ee9b149c7b74800e900/element/9330F8CD5D18F75156EB4FB715507178_element_701/name'
14:30:21.044 [Forwarding getElementTagName on session 412c741e6f4f7ee9b149c7b74800e900 to remote] DEBUG org.asynchttpclient.netty.request.NettyRequestSender - Using open Channel [id: 0x0fd79672, L:/127.0.0.1:59225 - R:localhost/127.0.0.1:19691] for GET '/session/412c741e6f4f7ee9b149c7b74800e900/element/9330F8CD5D18F75156EB4FB715507178_element_701/name'
14:30:21.052 [AsyncHttpClient-1-8] DEBUG org.asynchttpclient.netty.handler.HttpHandler - 

Request DefaultFullHttpRequest(decodeResult: success, version: HTTP/1.1, content: EmptyByteBufBE)
GET /session/412c741e6f4f7ee9b149c7b74800e900/element/9330F8CD5D18F75156EB4FB715507178_element_701/name HTTP/1.1
User-Agent: selenium/4.8.1 (java windows)
Cache-Control: no-cache
Content-Type: application/json; charset=utf-8
host: localhost:19691
accept: */*

Response DefaultHttpResponse(decodeResult: success, version: HTTP/1.1)
HTTP/1.1 200 OK
Content-Length: 18
Content-Type: application/json; charset=utf-8
cache-control: no-cache

14:30:21.052 [AsyncHttpClient-1-8] DEBUG org.asynchttpclient.netty.channel.ChannelManager - Adding key: http://localhost:19691 for channel [id: 0x0fd79672, L:/127.0.0.1:59225 - R:localhost/127.0.0.1:19691]
14:30:21.052 [Forwarding getElementDomAttribute on session 412c741e6f4f7ee9b149c7b74800e900 to remote] DEBUG org.asynchttpclient.netty.request.NettyRequestSender - Using pooled Channel '[id: 0x0fd79672, L:/127.0.0.1:59225 - R:localhost/127.0.0.1:19691]' for 'GET' to 'http://localhost:19691/session/412c741e6f4f7ee9b149c7b74800e900/element/9330F8CD5D18F75156EB4FB715507178_element_701/attribute/multiple'
14:30:21.052 [Forwarding getElementDomAttribute on session 412c741e6f4f7ee9b149c7b74800e900 to remote] DEBUG org.asynchttpclient.netty.request.NettyRequestSender - Using open Channel [id: 0x0fd79672, L:/127.0.0.1:59225 - R:localhost/127.0.0.1:19691] for GET '/session/412c741e6f4f7ee9b149c7b74800e900/element/9330F8CD5D18F75156EB4FB715507178_element_701/attribute/multiple'
14:30:21.068 [AsyncHttpClient-1-8] DEBUG org.asynchttpclient.netty.handler.HttpHandler - 

Request DefaultFullHttpRequest(decodeResult: success, version: HTTP/1.1, content: EmptyByteBufBE)
GET /session/412c741e6f4f7ee9b149c7b74800e900/element/9330F8CD5D18F75156EB4FB715507178_element_701/attribute/multiple HTTP/1.1
User-Agent: selenium/4.8.1 (java windows)
Cache-Control: no-cache
Content-Type: application/json; charset=utf-8
host: localhost:19691
accept: */*

Response DefaultHttpResponse(decodeResult: success, version: HTTP/1.1)
HTTP/1.1 200 OK
Content-Length: 14
Content-Type: application/json; charset=utf-8
cache-control: no-cache

14:30:21.068 [AsyncHttpClient-1-8] DEBUG org.asynchttpclient.netty.channel.ChannelManager - Adding key: http://localhost:19691 for channel [id: 0x0fd79672, L:/127.0.0.1:59225 - R:localhost/127.0.0.1:19691]
14:30:21.068 [Forwarding isElementEnabled on session 412c741e6f4f7ee9b149c7b74800e900 to remote] DEBUG org.asynchttpclient.netty.request.NettyRequestSender - Using pooled Channel '[id: 0x0fd79672, L:/127.0.0.1:59225 - R:localhost/127.0.0.1:19691]' for 'GET' to 'http://localhost:19691/session/412c741e6f4f7ee9b149c7b74800e900/element/9330F8CD5D18F75156EB4FB715507178_element_701/enabled'
14:30:21.068 [Forwarding isElementEnabled on session 412c741e6f4f7ee9b149c7b74800e900 to remote] DEBUG org.asynchttpclient.netty.request.NettyRequestSender - Using open Channel [id: 0x0fd79672, L:/127.0.0.1:59225 - R:localhost/127.0.0.1:19691] for GET '/session/412c741e6f4f7ee9b149c7b74800e900/element/9330F8CD5D18F75156EB4FB715507178_element_701/enabled'
14:30:21.084 [AsyncHttpClient-1-8] DEBUG org.asynchttpclient.netty.handler.HttpHandler - 

Request DefaultFullHttpRequest(decodeResult: success, version: HTTP/1.1, content: EmptyByteBufBE)
GET /session/412c741e6f4f7ee9b149c7b74800e900/element/9330F8CD5D18F75156EB4FB715507178_element_701/enabled HTTP/1.1
User-Agent: selenium/4.8.1 (java windows)
Cache-Control: no-cache
Content-Type: application/json; charset=utf-8
host: localhost:19691
accept: */*

Response DefaultHttpResponse(decodeResult: success, version: HTTP/1.1)
HTTP/1.1 200 OK
Content-Length: 14
Content-Type: application/json; charset=utf-8
cache-control: no-cache

14:30:21.084 [AsyncHttpClient-1-8] DEBUG org.asynchttpclient.netty.channel.ChannelManager - Adding key: http://localhost:19691 for channel [id: 0x0fd79672, L:/127.0.0.1:59225 - R:localhost/127.0.0.1:19691]
14:30:21.084 [Forwarding findChildElements on session 412c741e6f4f7ee9b149c7b74800e900 to remote] DEBUG org.asynchttpclient.netty.request.NettyRequestSender - Using pooled Channel '[id: 0x0fd79672, L:/127.0.0.1:59225 - R:localhost/127.0.0.1:19691]' for 'POST' to 'http://localhost:19691/session/412c741e6f4f7ee9b149c7b74800e900/element/9330F8CD5D18F75156EB4FB715507178_element_701/elements'
14:30:21.084 [Forwarding findChildElements on session 412c741e6f4f7ee9b149c7b74800e900 to remote] DEBUG org.asynchttpclient.netty.request.NettyRequestSender - Using open Channel [id: 0x0fd79672, L:/127.0.0.1:59225 - R:localhost/127.0.0.1:19691] for POST '/session/412c741e6f4f7ee9b149c7b74800e900/element/9330F8CD5D18F75156EB4FB715507178_element_701/elements'
14:30:21.094 [AsyncHttpClient-1-8] DEBUG org.asynchttpclient.netty.handler.HttpHandler - 

Request DefaultHttpRequest(decodeResult: success, version: HTTP/1.1)
POST /session/412c741e6f4f7ee9b149c7b74800e900/element/9330F8CD5D18F75156EB4FB715507178_element_701/elements HTTP/1.1
User-Agent: selenium/4.8.1 (java windows)
Content-Length: 102
Content-Type: application/json; charset=utf-8
host: localhost:19691
accept: */*

Response DefaultHttpResponse(decodeResult: success, version: HTTP/1.1)
HTTP/1.1 200 OK
Content-Length: 533
Content-Type: application/json; charset=utf-8
cache-control: no-cache

14:30:21.094 [AsyncHttpClient-1-8] DEBUG org.asynchttpclient.netty.channel.ChannelManager - Adding key: http://localhost:19691 for channel [id: 0x0fd79672, L:/127.0.0.1:59225 - R:localhost/127.0.0.1:19691]
14:30:21.094 [Forwarding getElementAttribute on session 412c741e6f4f7ee9b149c7b74800e900 to remote] DEBUG org.asynchttpclient.netty.request.NettyRequestSender - Using pooled Channel '[id: 0x0fd79672, L:/127.0.0.1:59225 - R:localhost/127.0.0.1:19691]' for 'POST' to 'http://localhost:19691/session/412c741e6f4f7ee9b149c7b74800e900/execute/sync'
14:30:21.094 [Forwarding getElementAttribute on session 412c741e6f4f7ee9b149c7b74800e900 to remote] DEBUG org.asynchttpclient.netty.request.NettyRequestSender - Using open Channel [id: 0x0fd79672, L:/127.0.0.1:59225 - R:localhost/127.0.0.1:19691] for POST '/session/412c741e6f4f7ee9b149c7b74800e900/execute/sync'
14:30:21.123 [AsyncHttpClient-1-8] DEBUG org.asynchttpclient.netty.handler.HttpHandler - 

Request DefaultHttpRequest(decodeResult: success, version: HTTP/1.1)
POST /session/412c741e6f4f7ee9b149c7b74800e900/execute/sync HTTP/1.1
User-Agent: selenium/4.8.1 (java windows)
Content-Length: 47376
Content-Type: application/json; charset=utf-8
host: localhost:19691
accept: */*

Response DefaultHttpResponse(decodeResult: success, version: HTTP/1.1)
HTTP/1.1 200 OK
Content-Length: 13
Content-Type: application/json; charset=utf-8
cache-control: no-cache

14:30:21.123 [AsyncHttpClient-1-8] DEBUG org.asynchttpclient.netty.channel.ChannelManager - Adding key: http://localhost:19691 for channel [id: 0x0fd79672, L:/127.0.0.1:59225 - R:localhost/127.0.0.1:19691]
14:30:21.126 [Forwarding getElementAttribute on session 412c741e6f4f7ee9b149c7b74800e900 to remote] DEBUG org.asynchttpclient.netty.request.NettyRequestSender - Using pooled Channel '[id: 0x0fd79672, L:/127.0.0.1:59225 - R:localhost/127.0.0.1:19691]' for 'POST' to 'http://localhost:19691/session/412c741e6f4f7ee9b149c7b74800e900/execute/sync'
14:30:21.126 [Forwarding getElementAttribute on session 412c741e6f4f7ee9b149c7b74800e900 to remote] DEBUG org.asynchttpclient.netty.request.NettyRequestSender - Using open Channel [id: 0x0fd79672, L:/127.0.0.1:59225 - R:localhost/127.0.0.1:19691] for POST '/session/412c741e6f4f7ee9b149c7b74800e900/execute/sync'
14:30:21.138 [AsyncHttpClient-1-8] DEBUG org.asynchttpclient.netty.handler.HttpHandler - 

Request DefaultHttpRequest(decodeResult: success, version: HTTP/1.1)
POST /session/412c741e6f4f7ee9b149c7b74800e900/execute/sync HTTP/1.1
User-Agent: selenium/4.8.1 (java windows)
Content-Length: 47376
Content-Type: application/json; charset=utf-8
host: localhost:19691
accept: */*

Response DefaultHttpResponse(decodeResult: success, version: HTTP/1.1)
HTTP/1.1 200 OK
Content-Length: 13
Content-Type: application/json; charset=utf-8
cache-control: no-cache

14:30:21.138 [AsyncHttpClient-1-8] DEBUG org.asynchttpclient.netty.channel.ChannelManager - Adding key: http://localhost:19691 for channel [id: 0x0fd79672, L:/127.0.0.1:59225 - R:localhost/127.0.0.1:19691]
14:30:21.138 [Forwarding getElementAttribute on session 412c741e6f4f7ee9b149c7b74800e900 to remote] DEBUG org.asynchttpclient.netty.request.NettyRequestSender - Using pooled Channel '[id: 0x0fd79672, L:/127.0.0.1:59225 - R:localhost/127.0.0.1:19691]' for 'POST' to 'http://localhost:19691/session/412c741e6f4f7ee9b149c7b74800e900/execute/sync'
14:30:21.138 [Forwarding getElementAttribute on session 412c741e6f4f7ee9b149c7b74800e900 to remote] DEBUG org.asynchttpclient.netty.request.NettyRequestSender - Using open Channel [id: 0x0fd79672, L:/127.0.0.1:59225 - R:localhost/127.0.0.1:19691] for POST '/session/412c741e6f4f7ee9b149c7b74800e900/execute/sync'
14:30:21.158 [AsyncHttpClient-1-8] DEBUG org.asynchttpclient.netty.handler.HttpHandler - 

Request DefaultHttpRequest(decodeResult: success, version: HTTP/1.1)
POST /session/412c741e6f4f7ee9b149c7b74800e900/execute/sync HTTP/1.1
User-Agent: selenium/4.8.1 (java windows)
Content-Length: 47376
Content-Type: application/json; charset=utf-8
host: localhost:19691
accept: */*

Response DefaultHttpResponse(decodeResult: success, version: HTTP/1.1)
HTTP/1.1 200 OK
Content-Length: 13
Content-Type: application/json; charset=utf-8
cache-control: no-cache

14:30:21.158 [AsyncHttpClient-1-8] DEBUG org.asynchttpclient.netty.channel.ChannelManager - Adding key: http://localhost:19691 for channel [id: 0x0fd79672, L:/127.0.0.1:59225 - R:localhost/127.0.0.1:19691]
14:30:21.170 [Forwarding isElementEnabled on session 412c741e6f4f7ee9b149c7b74800e900 to remote] DEBUG org.asynchttpclient.netty.request.NettyRequestSender - Using pooled Channel '[id: 0x0fd79672, L:/127.0.0.1:59225 - R:localhost/127.0.0.1:19691]' for 'GET' to 'http://localhost:19691/session/412c741e6f4f7ee9b149c7b74800e900/element/9330F8CD5D18F75156EB4FB715507178_element_704/enabled'
14:30:21.170 [Forwarding isElementEnabled on session 412c741e6f4f7ee9b149c7b74800e900 to remote] DEBUG org.asynchttpclient.netty.request.NettyRequestSender - Using open Channel [id: 0x0fd79672, L:/127.0.0.1:59225 - R:localhost/127.0.0.1:19691] for GET '/session/412c741e6f4f7ee9b149c7b74800e900/element/9330F8CD5D18F75156EB4FB715507178_element_704/enabled'
14:30:21.190 [AsyncHttpClient-1-8] DEBUG org.asynchttpclient.netty.handler.HttpHandler - 

Request DefaultFullHttpRequest(decodeResult: success, version: HTTP/1.1, content: EmptyByteBufBE)
GET /session/412c741e6f4f7ee9b149c7b74800e900/element/9330F8CD5D18F75156EB4FB715507178_element_704/enabled HTTP/1.1
User-Agent: selenium/4.8.1 (java windows)
Cache-Control: no-cache
Content-Type: application/json; charset=utf-8
host: localhost:19691
accept: */*

Response DefaultHttpResponse(decodeResult: success, version: HTTP/1.1)
HTTP/1.1 200 OK
Content-Length: 14
Content-Type: application/json; charset=utf-8
cache-control: no-cache

14:30:21.190 [AsyncHttpClient-1-8] DEBUG org.asynchttpclient.netty.channel.ChannelManager - Adding key: http://localhost:19691 for channel [id: 0x0fd79672, L:/127.0.0.1:59225 - R:localhost/127.0.0.1:19691]
14:30:21.190 [Forwarding isElementSelected on session 412c741e6f4f7ee9b149c7b74800e900 to remote] DEBUG org.asynchttpclient.netty.request.NettyRequestSender - Using pooled Channel '[id: 0x0fd79672, L:/127.0.0.1:59225 - R:localhost/127.0.0.1:19691]' for 'GET' to 'http://localhost:19691/session/412c741e6f4f7ee9b149c7b74800e900/element/9330F8CD5D18F75156EB4FB715507178_element_704/selected'
14:30:21.190 [Forwarding isElementSelected on session 412c741e6f4f7ee9b149c7b74800e900 to remote] DEBUG org.asynchttpclient.netty.request.NettyRequestSender - Using open Channel [id: 0x0fd79672, L:/127.0.0.1:59225 - R:localhost/127.0.0.1:19691] for GET '/session/412c741e6f4f7ee9b149c7b74800e900/element/9330F8CD5D18F75156EB4FB715507178_element_704/selected'
14:30:21.206 [AsyncHttpClient-1-8] DEBUG org.asynchttpclient.netty.handler.HttpHandler - 

Request DefaultFullHttpRequest(decodeResult: success, version: HTTP/1.1, content: EmptyByteBufBE)
GET /session/412c741e6f4f7ee9b149c7b74800e900/element/9330F8CD5D18F75156EB4FB715507178_element_704/selected HTTP/1.1
User-Agent: selenium/4.8.1 (java windows)
Cache-Control: no-cache
Content-Type: application/json; charset=utf-8
host: localhost:19691
accept: */*

Response DefaultHttpResponse(decodeResult: success, version: HTTP/1.1)
HTTP/1.1 200 OK
Content-Length: 15
Content-Type: application/json; charset=utf-8
cache-control: no-cache

14:30:21.206 [AsyncHttpClient-1-8] DEBUG org.asynchttpclient.netty.channel.ChannelManager - Adding key: http://localhost:19691 for channel [id: 0x0fd79672, L:/127.0.0.1:59225 - R:localhost/127.0.0.1:19691]
14:30:21.206 [Forwarding clickElement on session 412c741e6f4f7ee9b149c7b74800e900 to remote] DEBUG org.asynchttpclient.netty.request.NettyRequestSender - Using pooled Channel '[id: 0x0fd79672, L:/127.0.0.1:59225 - R:localhost/127.0.0.1:19691]' for 'POST' to 'http://localhost:19691/session/412c741e6f4f7ee9b149c7b74800e900/element/9330F8CD5D18F75156EB4FB715507178_element_704/click'
14:30:21.206 [Forwarding clickElement on session 412c741e6f4f7ee9b149c7b74800e900 to remote] DEBUG org.asynchttpclient.netty.request.NettyRequestSender - Using open Channel [id: 0x0fd79672, L:/127.0.0.1:59225 - R:localhost/127.0.0.1:19691] for POST '/session/412c741e6f4f7ee9b149c7b74800e900/element/9330F8CD5D18F75156EB4FB715507178_element_704/click'
14:30:21.332 [AsyncHttpClient-1-8] DEBUG org.asynchttpclient.netty.handler.HttpHandler - 

Request DefaultHttpRequest(decodeResult: success, version: HTTP/1.1)
POST /session/412c741e6f4f7ee9b149c7b74800e900/element/9330F8CD5D18F75156EB4FB715507178_element_704/click HTTP/1.1
User-Agent: selenium/4.8.1 (java windows)
Content-Length: 58
Content-Type: application/json; charset=utf-8
host: localhost:19691
accept: */*

Response DefaultHttpResponse(decodeResult: success, version: HTTP/1.1)
HTTP/1.1 200 OK
Content-Length: 14
Content-Type: application/json; charset=utf-8
cache-control: no-cache

14:30:21.332 [AsyncHttpClient-1-8] DEBUG org.asynchttpclient.netty.channel.ChannelManager - Adding key: http://localhost:19691 for channel [id: 0x0fd79672, L:/127.0.0.1:59225 - R:localhost/127.0.0.1:19691]
14:30:21.341 [Forwarding getAlertText on session 412c741e6f4f7ee9b149c7b74800e900 to remote] DEBUG org.asynchttpclient.netty.request.NettyRequestSender - Using pooled Channel '[id: 0x0fd79672, L:/127.0.0.1:59225 - R:localhost/127.0.0.1:19691]' for 'GET' to 'http://localhost:19691/session/412c741e6f4f7ee9b149c7b74800e900/alert/text'
14:30:21.341 [Forwarding getAlertText on session 412c741e6f4f7ee9b149c7b74800e900 to remote] DEBUG org.asynchttpclient.netty.request.NettyRequestSender - Using open Channel [id: 0x0fd79672, L:/127.0.0.1:59225 - R:localhost/127.0.0.1:19691] for GET '/session/412c741e6f4f7ee9b149c7b74800e900/alert/text'
14:30:21.349 [AsyncHttpClient-1-8] DEBUG org.asynchttpclient.netty.handler.HttpHandler - 

Request DefaultFullHttpRequest(decodeResult: success, version: HTTP/1.1, content: EmptyByteBufBE)
GET /session/412c741e6f4f7ee9b149c7b74800e900/alert/text HTTP/1.1
User-Agent: selenium/4.8.1 (java windows)
Cache-Control: no-cache
Content-Type: application/json; charset=utf-8
host: localhost:19691
accept: */*

Response DefaultHttpResponse(decodeResult: success, version: HTTP/1.1)
HTTP/1.1 404 Not Found
Content-Length: 821
Content-Type: application/json; charset=utf-8
cache-control: no-cache

14:30:21.349 [AsyncHttpClient-1-8] DEBUG org.asynchttpclient.netty.channel.ChannelManager - Adding key: http://localhost:19691 for channel [id: 0x0fd79672, L:/127.0.0.1:59225 - R:localhost/127.0.0.1:19691]
14:30:21.350 [Forwarding getCurrentUrl on session 412c741e6f4f7ee9b149c7b74800e900 to remote] DEBUG org.asynchttpclient.netty.request.NettyRequestSender - Using pooled Channel '[id: 0x0fd79672, L:/127.0.0.1:59225 - R:localhost/127.0.0.1:19691]' for 'GET' to 'http://localhost:19691/session/412c741e6f4f7ee9b149c7b74800e900/url'
14:30:21.350 [Forwarding getCurrentUrl on session 412c741e6f4f7ee9b149c7b74800e900 to remote] DEBUG org.asynchttpclient.netty.request.NettyRequestSender - Using open Channel [id: 0x0fd79672, L:/127.0.0.1:59225 - R:localhost/127.0.0.1:19691] for GET '/session/412c741e6f4f7ee9b149c7b74800e900/url'
14:30:21.357 [AsyncHttpClient-1-8] DEBUG org.asynchttpclient.netty.handler.HttpHandler - 

Request DefaultFullHttpRequest(decodeResult: success, version: HTTP/1.1, content: EmptyByteBufBE)
GET /session/412c741e6f4f7ee9b149c7b74800e900/url HTTP/1.1
User-Agent: selenium/4.8.1 (java windows)
Cache-Control: no-cache
Content-Type: application/json; charset=utf-8
host: localhost:19691
accept: */*

Response DefaultHttpResponse(decodeResult: success, version: HTTP/1.1)
HTTP/1.1 200 OK
Content-Length: 63
Content-Type: application/json; charset=utf-8
cache-control: no-cache

14:30:21.357 [AsyncHttpClient-1-8] DEBUG org.asynchttpclient.netty.channel.ChannelManager - Adding key: http://localhost:19691 for channel [id: 0x0fd79672, L:/127.0.0.1:59225 - R:localhost/127.0.0.1:19691]
14:30:21.361 [Forwarding screenshot on session 412c741e6f4f7ee9b149c7b74800e900 to remote] DEBUG org.asynchttpclient.netty.request.NettyRequestSender - Using pooled Channel '[id: 0x0fd79672, L:/127.0.0.1:59225 - R:localhost/127.0.0.1:19691]' for 'GET' to 'http://localhost:19691/session/412c741e6f4f7ee9b149c7b74800e900/screenshot'
14:30:21.361 [Forwarding screenshot on session 412c741e6f4f7ee9b149c7b74800e900 to remote] DEBUG org.asynchttpclient.netty.request.NettyRequestSender - Using open Channel [id: 0x0fd79672, L:/127.0.0.1:59225 - R:localhost/127.0.0.1:19691] for GET '/session/412c741e6f4f7ee9b149c7b74800e900/screenshot'
14:30:21.635 [AsyncHttpClient-1-8] DEBUG org.asynchttpclient.netty.handler.HttpHandler - 

Request DefaultFullHttpRequest(decodeResult: success, version: HTTP/1.1, content: EmptyByteBufBE)
GET /session/412c741e6f4f7ee9b149c7b74800e900/screenshot HTTP/1.1
User-Agent: selenium/4.8.1 (java windows)
Cache-Control: no-cache
Content-Type: application/json; charset=utf-8
host: localhost:19691
accept: */*

Response DefaultHttpResponse(decodeResult: success, version: HTTP/1.1)
HTTP/1.1 200 OK
Content-Length: 87168
Content-Type: application/json; charset=utf-8
cache-control: no-cache

14:30:21.635 [AsyncHttpClient-1-8] DEBUG org.asynchttpclient.netty.channel.ChannelManager - Adding key: http://localhost:19691 for channel [id: 0x0fd79672, L:/127.0.0.1:59225 - R:localhost/127.0.0.1:19691]
14:30:21.639 [main] DEBUG net.serenitybdd.core.photography.Darkroom - Send negative for processing for target\site\serenity\abb23b47bc269d8544e7c8629083de715cb304e7a05ba13c6e94024bc62ca533.png
14:30:21.639 [main] DEBUG net.thucydides.core.steps.StepInterceptor - STEP DONE: Select_number_of_employees
14:30:21.639 [Darkroom Processing Line] DEBUG net.serenitybdd.core.photography.DarkroomProcessingLine - Processing screenshot image in /var/screenshots/screenshot-6428108724059796306
14:30:21.639 [Darkroom Processing Line] DEBUG net.serenitybdd.core.photography.DarkroomProcessingLine - Saving screenshot to target\site\serenity\abb23b47bc269d8544e7c8629083de715cb304e7a05ba13c6e94024bc62ca533.png
14:30:21.651 [Forwarding getPageSource on session 412c741e6f4f7ee9b149c7b74800e900 to remote] DEBUG org.asynchttpclient.netty.request.NettyRequestSender - Using pooled Channel '[id: 0x0fd79672, L:/127.0.0.1:59225 - R:localhost/127.0.0.1:19691]' for 'POST' to 'http://localhost:19691/session/412c741e6f4f7ee9b149c7b74800e900/execute/sync'
14:30:21.651 [Forwarding getPageSource on session 412c741e6f4f7ee9b149c7b74800e900 to remote] DEBUG org.asynchttpclient.netty.request.NettyRequestSender - Using open Channel [id: 0x0fd79672, L:/127.0.0.1:59225 - R:localhost/127.0.0.1:19691] for POST '/session/412c741e6f4f7ee9b149c7b74800e900/execute/sync'
14:30:21.670 [AsyncHttpClient-1-8] DEBUG org.asynchttpclient.netty.handler.HttpHandler - 

Request DefaultHttpRequest(decodeResult: success, version: HTTP/1.1)
POST /session/412c741e6f4f7ee9b149c7b74800e900/execute/sync HTTP/1.1
User-Agent: selenium/4.8.1 (java windows)
Content-Length: 176
Content-Type: application/json; charset=utf-8
host: localhost:19691
accept: */*

Response DefaultHttpResponse(decodeResult: success, version: HTTP/1.1)
HTTP/1.1 200 OK
Content-Length: 46246
Content-Type: application/json; charset=utf-8
cache-control: no-cache

14:30:21.670 [AsyncHttpClient-1-8] DEBUG org.asynchttpclient.netty.channel.ChannelManager - Adding key: http://localhost:19691 for channel [id: 0x0fd79672, L:/127.0.0.1:59225 - R:localhost/127.0.0.1:19691]
14:30:21.676 [Forwarding getCurrentUrl on session 412c741e6f4f7ee9b149c7b74800e900 to remote] DEBUG org.asynchttpclient.netty.request.NettyRequestSender - Using pooled Channel '[id: 0x0fd79672, L:/127.0.0.1:59225 - R:localhost/127.0.0.1:19691]' for 'GET' to 'http://localhost:19691/session/412c741e6f4f7ee9b149c7b74800e900/url'
14:30:21.676 [Forwarding getCurrentUrl on session 412c741e6f4f7ee9b149c7b74800e900 to remote] DEBUG org.asynchttpclient.netty.request.NettyRequestSender - Using open Channel [id: 0x0fd79672, L:/127.0.0.1:59225 - R:localhost/127.0.0.1:19691] for GET '/session/412c741e6f4f7ee9b149c7b74800e900/url'
14:30:21.683 [AsyncHttpClient-1-8] DEBUG org.asynchttpclient.netty.handler.HttpHandler - 

Request DefaultFullHttpRequest(decodeResult: success, version: HTTP/1.1, content: EmptyByteBufBE)
GET /session/412c741e6f4f7ee9b149c7b74800e900/url HTTP/1.1
User-Agent: selenium/4.8.1 (java windows)
Cache-Control: no-cache
Content-Type: application/json; charset=utf-8
host: localhost:19691
accept: */*

Response DefaultHttpResponse(decodeResult: success, version: HTTP/1.1)
HTTP/1.1 200 OK
Content-Length: 63
Content-Type: application/json; charset=utf-8
cache-control: no-cache

14:30:21.683 [AsyncHttpClient-1-8] DEBUG org.asynchttpclient.netty.channel.ChannelManager - Adding key: http://localhost:19691 for channel [id: 0x0fd79672, L:/127.0.0.1:59225 - R:localhost/127.0.0.1:19691]
14:30:21.702 [Forwarding getAlertText on session 412c741e6f4f7ee9b149c7b74800e900 to remote] DEBUG org.asynchttpclient.netty.request.NettyRequestSender - Using pooled Channel '[id: 0x0fd79672, L:/127.0.0.1:59225 - R:localhost/127.0.0.1:19691]' for 'GET' to 'http://localhost:19691/session/412c741e6f4f7ee9b149c7b74800e900/alert/text'
14:30:21.702 [Forwarding getAlertText on session 412c741e6f4f7ee9b149c7b74800e900 to remote] DEBUG org.asynchttpclient.netty.request.NettyRequestSender - Using open Channel [id: 0x0fd79672, L:/127.0.0.1:59225 - R:localhost/127.0.0.1:19691] for GET '/session/412c741e6f4f7ee9b149c7b74800e900/alert/text'
14:30:21.702 [AsyncHttpClient-1-8] DEBUG org.asynchttpclient.netty.handler.HttpHandler - 

Request DefaultFullHttpRequest(decodeResult: success, version: HTTP/1.1, content: EmptyByteBufBE)
GET /session/412c741e6f4f7ee9b149c7b74800e900/alert/text HTTP/1.1
User-Agent: selenium/4.8.1 (java windows)
Cache-Control: no-cache
Content-Type: application/json; charset=utf-8
host: localhost:19691
accept: */*

Response DefaultHttpResponse(decodeResult: success, version: HTTP/1.1)
HTTP/1.1 404 Not Found
Content-Length: 821
Content-Type: application/json; charset=utf-8
cache-control: no-cache

14:30:21.702 [AsyncHttpClient-1-8] DEBUG org.asynchttpclient.netty.channel.ChannelManager - Adding key: http://localhost:19691 for channel [id: 0x0fd79672, L:/127.0.0.1:59225 - R:localhost/127.0.0.1:19691]
14:30:22.207 [Forwarding getAlertText on session 412c741e6f4f7ee9b149c7b74800e900 to remote] DEBUG org.asynchttpclient.netty.request.NettyRequestSender - Using pooled Channel '[id: 0x0fd79672, L:/127.0.0.1:59225 - R:localhost/127.0.0.1:19691]' for 'GET' to 'http://localhost:19691/session/412c741e6f4f7ee9b149c7b74800e900/alert/text'
14:30:22.207 [Forwarding getAlertText on session 412c741e6f4f7ee9b149c7b74800e900 to remote] DEBUG org.asynchttpclient.netty.request.NettyRequestSender - Using open Channel [id: 0x0fd79672, L:/127.0.0.1:59225 - R:localhost/127.0.0.1:19691] for GET '/session/412c741e6f4f7ee9b149c7b74800e900/alert/text'
14:30:22.207 [AsyncHttpClient-1-8] DEBUG org.asynchttpclient.netty.handler.HttpHandler - 

Request DefaultFullHttpRequest(decodeResult: success, version: HTTP/1.1, content: EmptyByteBufBE)
GET /session/412c741e6f4f7ee9b149c7b74800e900/alert/text HTTP/1.1
User-Agent: selenium/4.8.1 (java windows)
Cache-Control: no-cache
Content-Type: application/json; charset=utf-8
host: localhost:19691
accept: */*

Response DefaultHttpResponse(decodeResult: success, version: HTTP/1.1)
HTTP/1.1 404 Not Found
Content-Length: 821
Content-Type: application/json; charset=utf-8
cache-control: no-cache

14:30:22.207 [AsyncHttpClient-1-8] DEBUG org.asynchttpclient.netty.channel.ChannelManager - Adding key: http://localhost:19691 for channel [id: 0x0fd79672, L:/127.0.0.1:59225 - R:localhost/127.0.0.1:19691]
14:30:22.207 [Forwarding getCurrentUrl on session 412c741e6f4f7ee9b149c7b74800e900 to remote] DEBUG org.asynchttpclient.netty.request.NettyRequestSender - Using pooled Channel '[id: 0x0fd79672, L:/127.0.0.1:59225 - R:localhost/127.0.0.1:19691]' for 'GET' to 'http://localhost:19691/session/412c741e6f4f7ee9b149c7b74800e900/url'
14:30:22.207 [Forwarding getCurrentUrl on session 412c741e6f4f7ee9b149c7b74800e900 to remote] DEBUG org.asynchttpclient.netty.request.NettyRequestSender - Using open Channel [id: 0x0fd79672, L:/127.0.0.1:59225 - R:localhost/127.0.0.1:19691] for GET '/session/412c741e6f4f7ee9b149c7b74800e900/url'
14:30:22.223 [AsyncHttpClient-1-8] DEBUG org.asynchttpclient.netty.handler.HttpHandler - 

Request DefaultFullHttpRequest(decodeResult: success, version: HTTP/1.1, content: EmptyByteBufBE)
GET /session/412c741e6f4f7ee9b149c7b74800e900/url HTTP/1.1
User-Agent: selenium/4.8.1 (java windows)
Cache-Control: no-cache
Content-Type: application/json; charset=utf-8
host: localhost:19691
accept: */*

Response DefaultHttpResponse(decodeResult: success, version: HTTP/1.1)
HTTP/1.1 200 OK
Content-Length: 63
Content-Type: application/json; charset=utf-8
cache-control: no-cache

14:30:22.223 [AsyncHttpClient-1-8] DEBUG org.asynchttpclient.netty.channel.ChannelManager - Adding key: http://localhost:19691 for channel [id: 0x0fd79672, L:/127.0.0.1:59225 - R:localhost/127.0.0.1:19691]
14:30:22.226 [Forwarding screenshot on session 412c741e6f4f7ee9b149c7b74800e900 to remote] DEBUG org.asynchttpclient.netty.request.NettyRequestSender - Using pooled Channel '[id: 0x0fd79672, L:/127.0.0.1:59225 - R:localhost/127.0.0.1:19691]' for 'GET' to 'http://localhost:19691/session/412c741e6f4f7ee9b149c7b74800e900/screenshot'
14:30:22.226 [Forwarding screenshot on session 412c741e6f4f7ee9b149c7b74800e900 to remote] DEBUG org.asynchttpclient.netty.request.NettyRequestSender - Using open Channel [id: 0x0fd79672, L:/127.0.0.1:59225 - R:localhost/127.0.0.1:19691] for GET '/session/412c741e6f4f7ee9b149c7b74800e900/screenshot'
14:30:22.460 [AsyncHttpClient-1-8] DEBUG org.asynchttpclient.netty.handler.HttpHandler - 

Request DefaultFullHttpRequest(decodeResult: success, version: HTTP/1.1, content: EmptyByteBufBE)
GET /session/412c741e6f4f7ee9b149c7b74800e900/screenshot HTTP/1.1
User-Agent: selenium/4.8.1 (java windows)
Cache-Control: no-cache
Content-Type: application/json; charset=utf-8
host: localhost:19691
accept: */*

Response DefaultHttpResponse(decodeResult: success, version: HTTP/1.1)
HTTP/1.1 200 OK
Content-Length: 87168
Content-Type: application/json; charset=utf-8
cache-control: no-cache

14:30:22.460 [AsyncHttpClient-1-8] DEBUG org.asynchttpclient.netty.channel.ChannelManager - Adding key: http://localhost:19691 for channel [id: 0x0fd79672, L:/127.0.0.1:59225 - R:localhost/127.0.0.1:19691]
14:30:22.471 [main] DEBUG net.serenitybdd.core.photography.Darkroom - Send negative for processing for target\site\serenity\abb23b47bc269d8544e7c8629083de715cb304e7a05ba13c6e94024bc62ca533.png
14:30:22.471 [Forwarding getPageSource on session 412c741e6f4f7ee9b149c7b74800e900 to remote] DEBUG org.asynchttpclient.netty.request.NettyRequestSender - Using pooled Channel '[id: 0x0fd79672, L:/127.0.0.1:59225 - R:localhost/127.0.0.1:19691]' for 'POST' to 'http://localhost:19691/session/412c741e6f4f7ee9b149c7b74800e900/execute/sync'
14:30:22.471 [Forwarding getPageSource on session 412c741e6f4f7ee9b149c7b74800e900 to remote] DEBUG org.asynchttpclient.netty.request.NettyRequestSender - Using open Channel [id: 0x0fd79672, L:/127.0.0.1:59225 - R:localhost/127.0.0.1:19691] for POST '/session/412c741e6f4f7ee9b149c7b74800e900/execute/sync'
14:30:22.492 [AsyncHttpClient-1-8] DEBUG org.asynchttpclient.netty.handler.HttpHandler - 

Request DefaultHttpRequest(decodeResult: success, version: HTTP/1.1)
POST /session/412c741e6f4f7ee9b149c7b74800e900/execute/sync HTTP/1.1
User-Agent: selenium/4.8.1 (java windows)
Content-Length: 176
Content-Type: application/json; charset=utf-8
host: localhost:19691
accept: */*

Response DefaultHttpResponse(decodeResult: success, version: HTTP/1.1)
HTTP/1.1 200 OK
Content-Length: 46246
Content-Type: application/json; charset=utf-8
cache-control: no-cache

14:30:22.492 [AsyncHttpClient-1-8] DEBUG org.asynchttpclient.netty.channel.ChannelManager - Adding key: http://localhost:19691 for channel [id: 0x0fd79672, L:/127.0.0.1:59225 - R:localhost/127.0.0.1:19691]
14:30:22.492 [Forwarding getCurrentUrl on session 412c741e6f4f7ee9b149c7b74800e900 to remote] DEBUG org.asynchttpclient.netty.request.NettyRequestSender - Using pooled Channel '[id: 0x0fd79672, L:/127.0.0.1:59225 - R:localhost/127.0.0.1:19691]' for 'GET' to 'http://localhost:19691/session/412c741e6f4f7ee9b149c7b74800e900/url'
14:30:22.492 [Forwarding getCurrentUrl on session 412c741e6f4f7ee9b149c7b74800e900 to remote] DEBUG org.asynchttpclient.netty.request.NettyRequestSender - Using open Channel [id: 0x0fd79672, L:/127.0.0.1:59225 - R:localhost/127.0.0.1:19691] for GET '/session/412c741e6f4f7ee9b149c7b74800e900/url'
14:30:22.503 [AsyncHttpClient-1-8] DEBUG org.asynchttpclient.netty.handler.HttpHandler - 

Request DefaultFullHttpRequest(decodeResult: success, version: HTTP/1.1, content: EmptyByteBufBE)
GET /session/412c741e6f4f7ee9b149c7b74800e900/url HTTP/1.1
User-Agent: selenium/4.8.1 (java windows)
Cache-Control: no-cache
Content-Type: application/json; charset=utf-8
host: localhost:19691
accept: */*

Response DefaultHttpResponse(decodeResult: success, version: HTTP/1.1)
HTTP/1.1 200 OK
Content-Length: 63
Content-Type: application/json; charset=utf-8
cache-control: no-cache

14:30:22.503 [AsyncHttpClient-1-8] DEBUG org.asynchttpclient.netty.channel.ChannelManager - Adding key: http://localhost:19691 for channel [id: 0x0fd79672, L:/127.0.0.1:59225 - R:localhost/127.0.0.1:19691]
14:30:22.513 [main] DEBUG net.thucydides.core.steps.StepInterceptor - STARTING STEP: Afrexim_Signup_steps.select_constitution - Select_constitution
14:30:22.513 [Forwarding findElement on session 412c741e6f4f7ee9b149c7b74800e900 to remote] DEBUG org.asynchttpclient.netty.request.NettyRequestSender - Using pooled Channel '[id: 0x0fd79672, L:/127.0.0.1:59225 - R:localhost/127.0.0.1:19691]' for 'POST' to 'http://localhost:19691/session/412c741e6f4f7ee9b149c7b74800e900/element'
14:30:22.513 [Forwarding findElement on session 412c741e6f4f7ee9b149c7b74800e900 to remote] DEBUG org.asynchttpclient.netty.request.NettyRequestSender - Using open Channel [id: 0x0fd79672, L:/127.0.0.1:59225 - R:localhost/127.0.0.1:19691] for POST '/session/412c741e6f4f7ee9b149c7b74800e900/element'
14:30:22.534 [AsyncHttpClient-1-8] DEBUG org.asynchttpclient.netty.handler.HttpHandler - 

Request DefaultHttpRequest(decodeResult: success, version: HTTP/1.1)
POST /session/412c741e6f4f7ee9b149c7b74800e900/element HTTP/1.1
User-Agent: selenium/4.8.1 (java windows)
Content-Length: 87
Content-Type: application/json; charset=utf-8
host: localhost:19691
accept: */*

Response DefaultHttpResponse(decodeResult: success, version: HTTP/1.1)
HTTP/1.1 200 OK
Content-Length: 96
Content-Type: application/json; charset=utf-8
cache-control: no-cache

14:30:22.534 [AsyncHttpClient-1-8] DEBUG org.asynchttpclient.netty.channel.ChannelManager - Adding key: http://localhost:19691 for channel [id: 0x0fd79672, L:/127.0.0.1:59225 - R:localhost/127.0.0.1:19691]
14:30:22.534 [Forwarding getElementTagName on session 412c741e6f4f7ee9b149c7b74800e900 to remote] DEBUG org.asynchttpclient.netty.request.NettyRequestSender - Using pooled Channel '[id: 0x0fd79672, L:/127.0.0.1:59225 - R:localhost/127.0.0.1:19691]' for 'GET' to 'http://localhost:19691/session/412c741e6f4f7ee9b149c7b74800e900/element/9330F8CD5D18F75156EB4FB715507178_element_708/name'
14:30:22.534 [Forwarding getElementTagName on session 412c741e6f4f7ee9b149c7b74800e900 to remote] DEBUG org.asynchttpclient.netty.request.NettyRequestSender - Using open Channel [id: 0x0fd79672, L:/127.0.0.1:59225 - R:localhost/127.0.0.1:19691] for GET '/session/412c741e6f4f7ee9b149c7b74800e900/element/9330F8CD5D18F75156EB4FB715507178_element_708/name'
14:30:22.545 [AsyncHttpClient-1-8] DEBUG org.asynchttpclient.netty.handler.HttpHandler - 

Request DefaultFullHttpRequest(decodeResult: success, version: HTTP/1.1, content: EmptyByteBufBE)
GET /session/412c741e6f4f7ee9b149c7b74800e900/element/9330F8CD5D18F75156EB4FB715507178_element_708/name HTTP/1.1
User-Agent: selenium/4.8.1 (java windows)
Cache-Control: no-cache
Content-Type: application/json; charset=utf-8
host: localhost:19691
accept: */*

Response DefaultHttpResponse(decodeResult: success, version: HTTP/1.1)
HTTP/1.1 200 OK
Content-Length: 18
Content-Type: application/json; charset=utf-8
cache-control: no-cache

14:30:22.545 [AsyncHttpClient-1-8] DEBUG org.asynchttpclient.netty.channel.ChannelManager - Adding key: http://localhost:19691 for channel [id: 0x0fd79672, L:/127.0.0.1:59225 - R:localhost/127.0.0.1:19691]
14:30:22.550 [Forwarding getElementDomAttribute on session 412c741e6f4f7ee9b149c7b74800e900 to remote] DEBUG org.asynchttpclient.netty.request.NettyRequestSender - Using pooled Channel '[id: 0x0fd79672, L:/127.0.0.1:59225 - R:localhost/127.0.0.1:19691]' for 'GET' to 'http://localhost:19691/session/412c741e6f4f7ee9b149c7b74800e900/element/9330F8CD5D18F75156EB4FB715507178_element_708/attribute/multiple'
14:30:22.550 [Forwarding getElementDomAttribute on session 412c741e6f4f7ee9b149c7b74800e900 to remote] DEBUG org.asynchttpclient.netty.request.NettyRequestSender - Using open Channel [id: 0x0fd79672, L:/127.0.0.1:59225 - R:localhost/127.0.0.1:19691] for GET '/session/412c741e6f4f7ee9b149c7b74800e900/element/9330F8CD5D18F75156EB4FB715507178_element_708/attribute/multiple'
14:30:22.556 [AsyncHttpClient-1-8] DEBUG org.asynchttpclient.netty.handler.HttpHandler - 

Request DefaultFullHttpRequest(decodeResult: success, version: HTTP/1.1, content: EmptyByteBufBE)
GET /session/412c741e6f4f7ee9b149c7b74800e900/element/9330F8CD5D18F75156EB4FB715507178_element_708/attribute/multiple HTTP/1.1
User-Agent: selenium/4.8.1 (java windows)
Cache-Control: no-cache
Content-Type: application/json; charset=utf-8
host: localhost:19691
accept: */*

Response DefaultHttpResponse(decodeResult: success, version: HTTP/1.1)
HTTP/1.1 200 OK
Content-Length: 14
Content-Type: application/json; charset=utf-8
cache-control: no-cache

14:30:22.556 [AsyncHttpClient-1-8] DEBUG org.asynchttpclient.netty.channel.ChannelManager - Adding key: http://localhost:19691 for channel [id: 0x0fd79672, L:/127.0.0.1:59225 - R:localhost/127.0.0.1:19691]
14:30:22.556 [Forwarding isElementEnabled on session 412c741e6f4f7ee9b149c7b74800e900 to remote] DEBUG org.asynchttpclient.netty.request.NettyRequestSender - Using pooled Channel '[id: 0x0fd79672, L:/127.0.0.1:59225 - R:localhost/127.0.0.1:19691]' for 'GET' to 'http://localhost:19691/session/412c741e6f4f7ee9b149c7b74800e900/element/9330F8CD5D18F75156EB4FB715507178_element_708/enabled'
14:30:22.556 [Forwarding isElementEnabled on session 412c741e6f4f7ee9b149c7b74800e900 to remote] DEBUG org.asynchttpclient.netty.request.NettyRequestSender - Using open Channel [id: 0x0fd79672, L:/127.0.0.1:59225 - R:localhost/127.0.0.1:19691] for GET '/session/412c741e6f4f7ee9b149c7b74800e900/element/9330F8CD5D18F75156EB4FB715507178_element_708/enabled'
14:30:22.566 [AsyncHttpClient-1-8] DEBUG org.asynchttpclient.netty.handler.HttpHandler - 

Request DefaultFullHttpRequest(decodeResult: success, version: HTTP/1.1, content: EmptyByteBufBE)
GET /session/412c741e6f4f7ee9b149c7b74800e900/element/9330F8CD5D18F75156EB4FB715507178_element_708/enabled HTTP/1.1
User-Agent: selenium/4.8.1 (java windows)
Cache-Control: no-cache
Content-Type: application/json; charset=utf-8
host: localhost:19691
accept: */*

Response DefaultHttpResponse(decodeResult: success, version: HTTP/1.1)
HTTP/1.1 200 OK
Content-Length: 14
Content-Type: application/json; charset=utf-8
cache-control: no-cache

14:30:22.566 [AsyncHttpClient-1-8] DEBUG org.asynchttpclient.netty.channel.ChannelManager - Adding key: http://localhost:19691 for channel [id: 0x0fd79672, L:/127.0.0.1:59225 - R:localhost/127.0.0.1:19691]
14:30:22.566 [Forwarding findChildElements on session 412c741e6f4f7ee9b149c7b74800e900 to remote] DEBUG org.asynchttpclient.netty.request.NettyRequestSender - Using pooled Channel '[id: 0x0fd79672, L:/127.0.0.1:59225 - R:localhost/127.0.0.1:19691]' for 'POST' to 'http://localhost:19691/session/412c741e6f4f7ee9b149c7b74800e900/element/9330F8CD5D18F75156EB4FB715507178_element_708/elements'
14:30:22.566 [Forwarding findChildElements on session 412c741e6f4f7ee9b149c7b74800e900 to remote] DEBUG org.asynchttpclient.netty.request.NettyRequestSender - Using open Channel [id: 0x0fd79672, L:/127.0.0.1:59225 - R:localhost/127.0.0.1:19691] for POST '/session/412c741e6f4f7ee9b149c7b74800e900/element/9330F8CD5D18F75156EB4FB715507178_element_708/elements'
14:30:22.588 [AsyncHttpClient-1-8] DEBUG org.asynchttpclient.netty.handler.HttpHandler - 

Request DefaultHttpRequest(decodeResult: success, version: HTTP/1.1)
POST /session/412c741e6f4f7ee9b149c7b74800e900/element/9330F8CD5D18F75156EB4FB715507178_element_708/elements HTTP/1.1
User-Agent: selenium/4.8.1 (java windows)
Content-Length: 102
Content-Type: application/json; charset=utf-8
host: localhost:19691
accept: */*

Response DefaultHttpResponse(decodeResult: success, version: HTTP/1.1)
HTTP/1.1 200 OK
Content-Length: 533
Content-Type: application/json; charset=utf-8
cache-control: no-cache

14:30:22.588 [AsyncHttpClient-1-8] DEBUG org.asynchttpclient.netty.channel.ChannelManager - Adding key: http://localhost:19691 for channel [id: 0x0fd79672, L:/127.0.0.1:59225 - R:localhost/127.0.0.1:19691]
14:30:22.588 [Forwarding getElementAttribute on session 412c741e6f4f7ee9b149c7b74800e900 to remote] DEBUG org.asynchttpclient.netty.request.NettyRequestSender - Using pooled Channel '[id: 0x0fd79672, L:/127.0.0.1:59225 - R:localhost/127.0.0.1:19691]' for 'POST' to 'http://localhost:19691/session/412c741e6f4f7ee9b149c7b74800e900/execute/sync'
14:30:22.588 [Forwarding getElementAttribute on session 412c741e6f4f7ee9b149c7b74800e900 to remote] DEBUG org.asynchttpclient.netty.request.NettyRequestSender - Using open Channel [id: 0x0fd79672, L:/127.0.0.1:59225 - R:localhost/127.0.0.1:19691] for POST '/session/412c741e6f4f7ee9b149c7b74800e900/execute/sync'
14:30:22.609 [AsyncHttpClient-1-8] DEBUG org.asynchttpclient.netty.handler.HttpHandler - 

Request DefaultHttpRequest(decodeResult: success, version: HTTP/1.1)
POST /session/412c741e6f4f7ee9b149c7b74800e900/execute/sync HTTP/1.1
User-Agent: selenium/4.8.1 (java windows)
Content-Length: 47376
Content-Type: application/json; charset=utf-8
host: localhost:19691
accept: */*

Response DefaultHttpResponse(decodeResult: success, version: HTTP/1.1)
HTTP/1.1 200 OK
Content-Length: 13
Content-Type: application/json; charset=utf-8
cache-control: no-cache

14:30:22.609 [AsyncHttpClient-1-8] DEBUG org.asynchttpclient.netty.channel.ChannelManager - Adding key: http://localhost:19691 for channel [id: 0x0fd79672, L:/127.0.0.1:59225 - R:localhost/127.0.0.1:19691]
14:30:22.615 [Forwarding getElementAttribute on session 412c741e6f4f7ee9b149c7b74800e900 to remote] DEBUG org.asynchttpclient.netty.request.NettyRequestSender - Using pooled Channel '[id: 0x0fd79672, L:/127.0.0.1:59225 - R:localhost/127.0.0.1:19691]' for 'POST' to 'http://localhost:19691/session/412c741e6f4f7ee9b149c7b74800e900/execute/sync'
14:30:22.615 [Forwarding getElementAttribute on session 412c741e6f4f7ee9b149c7b74800e900 to remote] DEBUG org.asynchttpclient.netty.request.NettyRequestSender - Using open Channel [id: 0x0fd79672, L:/127.0.0.1:59225 - R:localhost/127.0.0.1:19691] for POST '/session/412c741e6f4f7ee9b149c7b74800e900/execute/sync'
14:30:22.630 [AsyncHttpClient-1-8] DEBUG org.asynchttpclient.netty.handler.HttpHandler - 

Request DefaultHttpRequest(decodeResult: success, version: HTTP/1.1)
POST /session/412c741e6f4f7ee9b149c7b74800e900/execute/sync HTTP/1.1
User-Agent: selenium/4.8.1 (java windows)
Content-Length: 47376
Content-Type: application/json; charset=utf-8
host: localhost:19691
accept: */*

Response DefaultHttpResponse(decodeResult: success, version: HTTP/1.1)
HTTP/1.1 200 OK
Content-Length: 13
Content-Type: application/json; charset=utf-8
cache-control: no-cache

14:30:22.630 [AsyncHttpClient-1-8] DEBUG org.asynchttpclient.netty.channel.ChannelManager - Adding key: http://localhost:19691 for channel [id: 0x0fd79672, L:/127.0.0.1:59225 - R:localhost/127.0.0.1:19691]
14:30:22.630 [Forwarding isElementEnabled on session 412c741e6f4f7ee9b149c7b74800e900 to remote] DEBUG org.asynchttpclient.netty.request.NettyRequestSender - Using pooled Channel '[id: 0x0fd79672, L:/127.0.0.1:59225 - R:localhost/127.0.0.1:19691]' for 'GET' to 'http://localhost:19691/session/412c741e6f4f7ee9b149c7b74800e900/element/9330F8CD5D18F75156EB4FB715507178_element_710/enabled'
14:30:22.630 [Forwarding isElementEnabled on session 412c741e6f4f7ee9b149c7b74800e900 to remote] DEBUG org.asynchttpclient.netty.request.NettyRequestSender - Using open Channel [id: 0x0fd79672, L:/127.0.0.1:59225 - R:localhost/127.0.0.1:19691] for GET '/session/412c741e6f4f7ee9b149c7b74800e900/element/9330F8CD5D18F75156EB4FB715507178_element_710/enabled'
14:30:22.646 [AsyncHttpClient-1-8] DEBUG org.asynchttpclient.netty.handler.HttpHandler - 

Request DefaultFullHttpRequest(decodeResult: success, version: HTTP/1.1, content: EmptyByteBufBE)
GET /session/412c741e6f4f7ee9b149c7b74800e900/element/9330F8CD5D18F75156EB4FB715507178_element_710/enabled HTTP/1.1
User-Agent: selenium/4.8.1 (java windows)
Cache-Control: no-cache
Content-Type: application/json; charset=utf-8
host: localhost:19691
accept: */*

Response DefaultHttpResponse(decodeResult: success, version: HTTP/1.1)
HTTP/1.1 200 OK
Content-Length: 14
Content-Type: application/json; charset=utf-8
cache-control: no-cache

14:30:22.646 [AsyncHttpClient-1-8] DEBUG org.asynchttpclient.netty.channel.ChannelManager - Adding key: http://localhost:19691 for channel [id: 0x0fd79672, L:/127.0.0.1:59225 - R:localhost/127.0.0.1:19691]
14:30:22.646 [Forwarding isElementSelected on session 412c741e6f4f7ee9b149c7b74800e900 to remote] DEBUG org.asynchttpclient.netty.request.NettyRequestSender - Using pooled Channel '[id: 0x0fd79672, L:/127.0.0.1:59225 - R:localhost/127.0.0.1:19691]' for 'GET' to 'http://localhost:19691/session/412c741e6f4f7ee9b149c7b74800e900/element/9330F8CD5D18F75156EB4FB715507178_element_710/selected'
14:30:22.646 [Forwarding isElementSelected on session 412c741e6f4f7ee9b149c7b74800e900 to remote] DEBUG org.asynchttpclient.netty.request.NettyRequestSender - Using open Channel [id: 0x0fd79672, L:/127.0.0.1:59225 - R:localhost/127.0.0.1:19691] for GET '/session/412c741e6f4f7ee9b149c7b74800e900/element/9330F8CD5D18F75156EB4FB715507178_element_710/selected'
14:30:22.663 [AsyncHttpClient-1-8] DEBUG org.asynchttpclient.netty.handler.HttpHandler - 

Request DefaultFullHttpRequest(decodeResult: success, version: HTTP/1.1, content: EmptyByteBufBE)
GET /session/412c741e6f4f7ee9b149c7b74800e900/element/9330F8CD5D18F75156EB4FB715507178_element_710/selected HTTP/1.1
User-Agent: selenium/4.8.1 (java windows)
Cache-Control: no-cache
Content-Type: application/json; charset=utf-8
host: localhost:19691
accept: */*

Response DefaultHttpResponse(decodeResult: success, version: HTTP/1.1)
HTTP/1.1 200 OK
Content-Length: 15
Content-Type: application/json; charset=utf-8
cache-control: no-cache

14:30:22.663 [AsyncHttpClient-1-8] DEBUG org.asynchttpclient.netty.channel.ChannelManager - Adding key: http://localhost:19691 for channel [id: 0x0fd79672, L:/127.0.0.1:59225 - R:localhost/127.0.0.1:19691]
14:30:22.663 [Forwarding clickElement on session 412c741e6f4f7ee9b149c7b74800e900 to remote] DEBUG org.asynchttpclient.netty.request.NettyRequestSender - Using pooled Channel '[id: 0x0fd79672, L:/127.0.0.1:59225 - R:localhost/127.0.0.1:19691]' for 'POST' to 'http://localhost:19691/session/412c741e6f4f7ee9b149c7b74800e900/element/9330F8CD5D18F75156EB4FB715507178_element_710/click'
14:30:22.663 [Forwarding clickElement on session 412c741e6f4f7ee9b149c7b74800e900 to remote] DEBUG org.asynchttpclient.netty.request.NettyRequestSender - Using open Channel [id: 0x0fd79672, L:/127.0.0.1:59225 - R:localhost/127.0.0.1:19691] for POST '/session/412c741e6f4f7ee9b149c7b74800e900/element/9330F8CD5D18F75156EB4FB715507178_element_710/click'
14:30:22.800 [AsyncHttpClient-1-8] DEBUG org.asynchttpclient.netty.handler.HttpHandler - 

Request DefaultHttpRequest(decodeResult: success, version: HTTP/1.1)
POST /session/412c741e6f4f7ee9b149c7b74800e900/element/9330F8CD5D18F75156EB4FB715507178_element_710/click HTTP/1.1
User-Agent: selenium/4.8.1 (java windows)
Content-Length: 58
Content-Type: application/json; charset=utf-8
host: localhost:19691
accept: */*

Response DefaultHttpResponse(decodeResult: success, version: HTTP/1.1)
HTTP/1.1 200 OK
Content-Length: 14
Content-Type: application/json; charset=utf-8
cache-control: no-cache

14:30:22.800 [AsyncHttpClient-1-8] DEBUG org.asynchttpclient.netty.channel.ChannelManager - Adding key: http://localhost:19691 for channel [id: 0x0fd79672, L:/127.0.0.1:59225 - R:localhost/127.0.0.1:19691]
14:30:22.812 [Forwarding getAlertText on session 412c741e6f4f7ee9b149c7b74800e900 to remote] DEBUG org.asynchttpclient.netty.request.NettyRequestSender - Using pooled Channel '[id: 0x0fd79672, L:/127.0.0.1:59225 - R:localhost/127.0.0.1:19691]' for 'GET' to 'http://localhost:19691/session/412c741e6f4f7ee9b149c7b74800e900/alert/text'
14:30:22.812 [Forwarding getAlertText on session 412c741e6f4f7ee9b149c7b74800e900 to remote] DEBUG org.asynchttpclient.netty.request.NettyRequestSender - Using open Channel [id: 0x0fd79672, L:/127.0.0.1:59225 - R:localhost/127.0.0.1:19691] for GET '/session/412c741e6f4f7ee9b149c7b74800e900/alert/text'
14:30:22.821 [AsyncHttpClient-1-8] DEBUG org.asynchttpclient.netty.handler.HttpHandler - 

Request DefaultFullHttpRequest(decodeResult: success, version: HTTP/1.1, content: EmptyByteBufBE)
GET /session/412c741e6f4f7ee9b149c7b74800e900/alert/text HTTP/1.1
User-Agent: selenium/4.8.1 (java windows)
Cache-Control: no-cache
Content-Type: application/json; charset=utf-8
host: localhost:19691
accept: */*

Response DefaultHttpResponse(decodeResult: success, version: HTTP/1.1)
HTTP/1.1 404 Not Found
Content-Length: 821
Content-Type: application/json; charset=utf-8
cache-control: no-cache

14:30:22.821 [AsyncHttpClient-1-8] DEBUG org.asynchttpclient.netty.channel.ChannelManager - Adding key: http://localhost:19691 for channel [id: 0x0fd79672, L:/127.0.0.1:59225 - R:localhost/127.0.0.1:19691]
14:30:22.823 [Forwarding getCurrentUrl on session 412c741e6f4f7ee9b149c7b74800e900 to remote] DEBUG org.asynchttpclient.netty.request.NettyRequestSender - Using pooled Channel '[id: 0x0fd79672, L:/127.0.0.1:59225 - R:localhost/127.0.0.1:19691]' for 'GET' to 'http://localhost:19691/session/412c741e6f4f7ee9b149c7b74800e900/url'
14:30:22.823 [Forwarding getCurrentUrl on session 412c741e6f4f7ee9b149c7b74800e900 to remote] DEBUG org.asynchttpclient.netty.request.NettyRequestSender - Using open Channel [id: 0x0fd79672, L:/127.0.0.1:59225 - R:localhost/127.0.0.1:19691] for GET '/session/412c741e6f4f7ee9b149c7b74800e900/url'
14:30:22.839 [AsyncHttpClient-1-8] DEBUG org.asynchttpclient.netty.handler.HttpHandler - 

Request DefaultFullHttpRequest(decodeResult: success, version: HTTP/1.1, content: EmptyByteBufBE)
GET /session/412c741e6f4f7ee9b149c7b74800e900/url HTTP/1.1
User-Agent: selenium/4.8.1 (java windows)
Cache-Control: no-cache
Content-Type: application/json; charset=utf-8
host: localhost:19691
accept: */*

Response DefaultHttpResponse(decodeResult: success, version: HTTP/1.1)
HTTP/1.1 200 OK
Content-Length: 63
Content-Type: application/json; charset=utf-8
cache-control: no-cache

14:30:22.839 [AsyncHttpClient-1-8] DEBUG org.asynchttpclient.netty.channel.ChannelManager - Adding key: http://localhost:19691 for channel [id: 0x0fd79672, L:/127.0.0.1:59225 - R:localhost/127.0.0.1:19691]
14:30:22.839 [Forwarding screenshot on session 412c741e6f4f7ee9b149c7b74800e900 to remote] DEBUG org.asynchttpclient.netty.request.NettyRequestSender - Using pooled Channel '[id: 0x0fd79672, L:/127.0.0.1:59225 - R:localhost/127.0.0.1:19691]' for 'GET' to 'http://localhost:19691/session/412c741e6f4f7ee9b149c7b74800e900/screenshot'
14:30:22.839 [Forwarding screenshot on session 412c741e6f4f7ee9b149c7b74800e900 to remote] DEBUG org.asynchttpclient.netty.request.NettyRequestSender - Using open Channel [id: 0x0fd79672, L:/127.0.0.1:59225 - R:localhost/127.0.0.1:19691] for GET '/session/412c741e6f4f7ee9b149c7b74800e900/screenshot'
14:30:23.164 [AsyncHttpClient-1-8] DEBUG org.asynchttpclient.netty.handler.HttpHandler - 

Request DefaultFullHttpRequest(decodeResult: success, version: HTTP/1.1, content: EmptyByteBufBE)
GET /session/412c741e6f4f7ee9b149c7b74800e900/screenshot HTTP/1.1
User-Agent: selenium/4.8.1 (java windows)
Cache-Control: no-cache
Content-Type: application/json; charset=utf-8
host: localhost:19691
accept: */*

Response DefaultHttpResponse(decodeResult: success, version: HTTP/1.1)
HTTP/1.1 200 OK
Content-Length: 74408
Content-Type: application/json; charset=utf-8
cache-control: no-cache

14:30:23.164 [AsyncHttpClient-1-8] DEBUG org.asynchttpclient.netty.channel.ChannelManager - Adding key: http://localhost:19691 for channel [id: 0x0fd79672, L:/127.0.0.1:59225 - R:localhost/127.0.0.1:19691]
14:30:23.174 [main] DEBUG net.serenitybdd.core.photography.Darkroom - Send negative for processing for target\site\serenity\75b918d0234ead7d714490f62ded0bbd152b344fb0c98b6a7f07491cf62e0429.png
14:30:23.174 [main] DEBUG net.thucydides.core.steps.StepInterceptor - STEP DONE: Select_constitution
14:30:23.174 [Darkroom Processing Line] DEBUG net.serenitybdd.core.photography.DarkroomProcessingLine - Processing screenshot image in /var/screenshots/screenshot-1037178561115392081
14:30:23.174 [Darkroom Processing Line] DEBUG net.serenitybdd.core.photography.DarkroomProcessingLine - Saving screenshot to target\site\serenity\75b918d0234ead7d714490f62ded0bbd152b344fb0c98b6a7f07491cf62e0429.png
14:30:23.196 [Forwarding getPageSource on session 412c741e6f4f7ee9b149c7b74800e900 to remote] DEBUG org.asynchttpclient.netty.request.NettyRequestSender - Using pooled Channel '[id: 0x0fd79672, L:/127.0.0.1:59225 - R:localhost/127.0.0.1:19691]' for 'POST' to 'http://localhost:19691/session/412c741e6f4f7ee9b149c7b74800e900/execute/sync'
14:30:23.196 [Forwarding getPageSource on session 412c741e6f4f7ee9b149c7b74800e900 to remote] DEBUG org.asynchttpclient.netty.request.NettyRequestSender - Using open Channel [id: 0x0fd79672, L:/127.0.0.1:59225 - R:localhost/127.0.0.1:19691] for POST '/session/412c741e6f4f7ee9b149c7b74800e900/execute/sync'
14:30:23.222 [AsyncHttpClient-1-8] DEBUG org.asynchttpclient.netty.handler.HttpHandler - 

Request DefaultHttpRequest(decodeResult: success, version: HTTP/1.1)
POST /session/412c741e6f4f7ee9b149c7b74800e900/execute/sync HTTP/1.1
User-Agent: selenium/4.8.1 (java windows)
Content-Length: 176
Content-Type: application/json; charset=utf-8
host: localhost:19691
accept: */*

Response DefaultHttpResponse(decodeResult: success, version: HTTP/1.1)
HTTP/1.1 200 OK
Content-Length: 46246
Content-Type: application/json; charset=utf-8
cache-control: no-cache

14:30:23.222 [AsyncHttpClient-1-8] DEBUG org.asynchttpclient.netty.channel.ChannelManager - Adding key: http://localhost:19691 for channel [id: 0x0fd79672, L:/127.0.0.1:59225 - R:localhost/127.0.0.1:19691]
14:30:23.233 [Forwarding getCurrentUrl on session 412c741e6f4f7ee9b149c7b74800e900 to remote] DEBUG org.asynchttpclient.netty.request.NettyRequestSender - Using pooled Channel '[id: 0x0fd79672, L:/127.0.0.1:59225 - R:localhost/127.0.0.1:19691]' for 'GET' to 'http://localhost:19691/session/412c741e6f4f7ee9b149c7b74800e900/url'
14:30:23.233 [Forwarding getCurrentUrl on session 412c741e6f4f7ee9b149c7b74800e900 to remote] DEBUG org.asynchttpclient.netty.request.NettyRequestSender - Using open Channel [id: 0x0fd79672, L:/127.0.0.1:59225 - R:localhost/127.0.0.1:19691] for GET '/session/412c741e6f4f7ee9b149c7b74800e900/url'
14:30:23.243 [AsyncHttpClient-1-8] DEBUG org.asynchttpclient.netty.handler.HttpHandler - 

Request DefaultFullHttpRequest(decodeResult: success, version: HTTP/1.1, content: EmptyByteBufBE)
GET /session/412c741e6f4f7ee9b149c7b74800e900/url HTTP/1.1
User-Agent: selenium/4.8.1 (java windows)
Cache-Control: no-cache
Content-Type: application/json; charset=utf-8
host: localhost:19691
accept: */*

Response DefaultHttpResponse(decodeResult: success, version: HTTP/1.1)
HTTP/1.1 200 OK
Content-Length: 63
Content-Type: application/json; charset=utf-8
cache-control: no-cache

14:30:23.243 [AsyncHttpClient-1-8] DEBUG org.asynchttpclient.netty.channel.ChannelManager - Adding key: http://localhost:19691 for channel [id: 0x0fd79672, L:/127.0.0.1:59225 - R:localhost/127.0.0.1:19691]
14:30:23.265 [Forwarding getAlertText on session 412c741e6f4f7ee9b149c7b74800e900 to remote] DEBUG org.asynchttpclient.netty.request.NettyRequestSender - Using pooled Channel '[id: 0x0fd79672, L:/127.0.0.1:59225 - R:localhost/127.0.0.1:19691]' for 'GET' to 'http://localhost:19691/session/412c741e6f4f7ee9b149c7b74800e900/alert/text'
14:30:23.265 [Forwarding getAlertText on session 412c741e6f4f7ee9b149c7b74800e900 to remote] DEBUG org.asynchttpclient.netty.request.NettyRequestSender - Using open Channel [id: 0x0fd79672, L:/127.0.0.1:59225 - R:localhost/127.0.0.1:19691] for GET '/session/412c741e6f4f7ee9b149c7b74800e900/alert/text'
14:30:23.271 [AsyncHttpClient-1-8] DEBUG org.asynchttpclient.netty.handler.HttpHandler - 

Request DefaultFullHttpRequest(decodeResult: success, version: HTTP/1.1, content: EmptyByteBufBE)
GET /session/412c741e6f4f7ee9b149c7b74800e900/alert/text HTTP/1.1
User-Agent: selenium/4.8.1 (java windows)
Cache-Control: no-cache
Content-Type: application/json; charset=utf-8
host: localhost:19691
accept: */*

Response DefaultHttpResponse(decodeResult: success, version: HTTP/1.1)
HTTP/1.1 404 Not Found
Content-Length: 821
Content-Type: application/json; charset=utf-8
cache-control: no-cache

14:30:23.271 [AsyncHttpClient-1-8] DEBUG org.asynchttpclient.netty.channel.ChannelManager - Adding key: http://localhost:19691 for channel [id: 0x0fd79672, L:/127.0.0.1:59225 - R:localhost/127.0.0.1:19691]
14:30:23.271 [Forwarding getCurrentUrl on session 412c741e6f4f7ee9b149c7b74800e900 to remote] DEBUG org.asynchttpclient.netty.request.NettyRequestSender - Using pooled Channel '[id: 0x0fd79672, L:/127.0.0.1:59225 - R:localhost/127.0.0.1:19691]' for 'GET' to 'http://localhost:19691/session/412c741e6f4f7ee9b149c7b74800e900/url'
14:30:23.271 [Forwarding getCurrentUrl on session 412c741e6f4f7ee9b149c7b74800e900 to remote] DEBUG org.asynchttpclient.netty.request.NettyRequestSender - Using open Channel [id: 0x0fd79672, L:/127.0.0.1:59225 - R:localhost/127.0.0.1:19691] for GET '/session/412c741e6f4f7ee9b149c7b74800e900/url'
14:30:23.285 [AsyncHttpClient-1-8] DEBUG org.asynchttpclient.netty.handler.HttpHandler - 

Request DefaultFullHttpRequest(decodeResult: success, version: HTTP/1.1, content: EmptyByteBufBE)
GET /session/412c741e6f4f7ee9b149c7b74800e900/url HTTP/1.1
User-Agent: selenium/4.8.1 (java windows)
Cache-Control: no-cache
Content-Type: application/json; charset=utf-8
host: localhost:19691
accept: */*

Response DefaultHttpResponse(decodeResult: success, version: HTTP/1.1)
HTTP/1.1 200 OK
Content-Length: 63
Content-Type: application/json; charset=utf-8
cache-control: no-cache

14:30:23.285 [AsyncHttpClient-1-8] DEBUG org.asynchttpclient.netty.channel.ChannelManager - Adding key: http://localhost:19691 for channel [id: 0x0fd79672, L:/127.0.0.1:59225 - R:localhost/127.0.0.1:19691]
14:30:23.285 [Forwarding screenshot on session 412c741e6f4f7ee9b149c7b74800e900 to remote] DEBUG org.asynchttpclient.netty.request.NettyRequestSender - Using pooled Channel '[id: 0x0fd79672, L:/127.0.0.1:59225 - R:localhost/127.0.0.1:19691]' for 'GET' to 'http://localhost:19691/session/412c741e6f4f7ee9b149c7b74800e900/screenshot'
14:30:23.285 [Forwarding screenshot on session 412c741e6f4f7ee9b149c7b74800e900 to remote] DEBUG org.asynchttpclient.netty.request.NettyRequestSender - Using open Channel [id: 0x0fd79672, L:/127.0.0.1:59225 - R:localhost/127.0.0.1:19691] for GET '/session/412c741e6f4f7ee9b149c7b74800e900/screenshot'
14:30:23.691 [AsyncHttpClient-1-8] DEBUG org.asynchttpclient.netty.handler.HttpHandler - 

Request DefaultFullHttpRequest(decodeResult: success, version: HTTP/1.1, content: EmptyByteBufBE)
GET /session/412c741e6f4f7ee9b149c7b74800e900/screenshot HTTP/1.1
User-Agent: selenium/4.8.1 (java windows)
Cache-Control: no-cache
Content-Type: application/json; charset=utf-8
host: localhost:19691
accept: */*

Response DefaultHttpResponse(decodeResult: success, version: HTTP/1.1)
HTTP/1.1 200 OK
Content-Length: 74408
Content-Type: application/json; charset=utf-8
cache-control: no-cache

14:30:23.691 [AsyncHttpClient-1-8] DEBUG org.asynchttpclient.netty.channel.ChannelManager - Adding key: http://localhost:19691 for channel [id: 0x0fd79672, L:/127.0.0.1:59225 - R:localhost/127.0.0.1:19691]
14:30:23.697 [main] DEBUG net.serenitybdd.core.photography.Darkroom - Send negative for processing for target\site\serenity\75b918d0234ead7d714490f62ded0bbd152b344fb0c98b6a7f07491cf62e0429.png
14:30:23.702 [Forwarding getPageSource on session 412c741e6f4f7ee9b149c7b74800e900 to remote] DEBUG org.asynchttpclient.netty.request.NettyRequestSender - Using pooled Channel '[id: 0x0fd79672, L:/127.0.0.1:59225 - R:localhost/127.0.0.1:19691]' for 'POST' to 'http://localhost:19691/session/412c741e6f4f7ee9b149c7b74800e900/execute/sync'
14:30:23.702 [Forwarding getPageSource on session 412c741e6f4f7ee9b149c7b74800e900 to remote] DEBUG org.asynchttpclient.netty.request.NettyRequestSender - Using open Channel [id: 0x0fd79672, L:/127.0.0.1:59225 - R:localhost/127.0.0.1:19691] for POST '/session/412c741e6f4f7ee9b149c7b74800e900/execute/sync'
14:30:23.730 [AsyncHttpClient-1-8] DEBUG org.asynchttpclient.netty.handler.HttpHandler - 

Request DefaultHttpRequest(decodeResult: success, version: HTTP/1.1)
POST /session/412c741e6f4f7ee9b149c7b74800e900/execute/sync HTTP/1.1
User-Agent: selenium/4.8.1 (java windows)
Content-Length: 176
Content-Type: application/json; charset=utf-8
host: localhost:19691
accept: */*

Response DefaultHttpResponse(decodeResult: success, version: HTTP/1.1)
HTTP/1.1 200 OK
Content-Length: 46246
Content-Type: application/json; charset=utf-8
cache-control: no-cache

14:30:23.730 [AsyncHttpClient-1-8] DEBUG org.asynchttpclient.netty.channel.ChannelManager - Adding key: http://localhost:19691 for channel [id: 0x0fd79672, L:/127.0.0.1:59225 - R:localhost/127.0.0.1:19691]
14:30:23.740 [Forwarding getCurrentUrl on session 412c741e6f4f7ee9b149c7b74800e900 to remote] DEBUG org.asynchttpclient.netty.request.NettyRequestSender - Using pooled Channel '[id: 0x0fd79672, L:/127.0.0.1:59225 - R:localhost/127.0.0.1:19691]' for 'GET' to 'http://localhost:19691/session/412c741e6f4f7ee9b149c7b74800e900/url'
14:30:23.740 [Forwarding getCurrentUrl on session 412c741e6f4f7ee9b149c7b74800e900 to remote] DEBUG org.asynchttpclient.netty.request.NettyRequestSender - Using open Channel [id: 0x0fd79672, L:/127.0.0.1:59225 - R:localhost/127.0.0.1:19691] for GET '/session/412c741e6f4f7ee9b149c7b74800e900/url'
14:30:23.754 [AsyncHttpClient-1-8] DEBUG org.asynchttpclient.netty.handler.HttpHandler - 

Request DefaultFullHttpRequest(decodeResult: success, version: HTTP/1.1, content: EmptyByteBufBE)
GET /session/412c741e6f4f7ee9b149c7b74800e900/url HTTP/1.1
User-Agent: selenium/4.8.1 (java windows)
Cache-Control: no-cache
Content-Type: application/json; charset=utf-8
host: localhost:19691
accept: */*

Response DefaultHttpResponse(decodeResult: success, version: HTTP/1.1)
HTTP/1.1 200 OK
Content-Length: 63
Content-Type: application/json; charset=utf-8
cache-control: no-cache

14:30:23.754 [AsyncHttpClient-1-8] DEBUG org.asynchttpclient.netty.channel.ChannelManager - Adding key: http://localhost:19691 for channel [id: 0x0fd79672, L:/127.0.0.1:59225 - R:localhost/127.0.0.1:19691]
14:30:23.761 [main] DEBUG net.thucydides.core.steps.StepInterceptor - STARTING STEP: Afrexim_Signup_steps.enter_website - Enter_Website
14:30:23.766 [Forwarding findElement on session 412c741e6f4f7ee9b149c7b74800e900 to remote] DEBUG org.asynchttpclient.netty.request.NettyRequestSender - Using pooled Channel '[id: 0x0fd79672, L:/127.0.0.1:59225 - R:localhost/127.0.0.1:19691]' for 'POST' to 'http://localhost:19691/session/412c741e6f4f7ee9b149c7b74800e900/element'
14:30:23.766 [Forwarding findElement on session 412c741e6f4f7ee9b149c7b74800e900 to remote] DEBUG org.asynchttpclient.netty.request.NettyRequestSender - Using open Channel [id: 0x0fd79672, L:/127.0.0.1:59225 - R:localhost/127.0.0.1:19691] for POST '/session/412c741e6f4f7ee9b149c7b74800e900/element'
14:30:23.831 [AsyncHttpClient-1-8] DEBUG org.asynchttpclient.netty.handler.HttpHandler - 

Request DefaultHttpRequest(decodeResult: success, version: HTTP/1.1)
POST /session/412c741e6f4f7ee9b149c7b74800e900/element HTTP/1.1
User-Agent: selenium/4.8.1 (java windows)
Content-Length: 86
Content-Type: application/json; charset=utf-8
host: localhost:19691
accept: */*

Response DefaultHttpResponse(decodeResult: success, version: HTTP/1.1)
HTTP/1.1 200 OK
Content-Length: 96
Content-Type: application/json; charset=utf-8
cache-control: no-cache

14:30:23.831 [AsyncHttpClient-1-8] DEBUG org.asynchttpclient.netty.channel.ChannelManager - Adding key: http://localhost:19691 for channel [id: 0x0fd79672, L:/127.0.0.1:59225 - R:localhost/127.0.0.1:19691]
14:30:23.836 [Forwarding clearElement on session 412c741e6f4f7ee9b149c7b74800e900 to remote] DEBUG org.asynchttpclient.netty.request.NettyRequestSender - Using pooled Channel '[id: 0x0fd79672, L:/127.0.0.1:59225 - R:localhost/127.0.0.1:19691]' for 'POST' to 'http://localhost:19691/session/412c741e6f4f7ee9b149c7b74800e900/element/9330F8CD5D18F75156EB4FB715507178_element_716/clear'
14:30:23.836 [Forwarding clearElement on session 412c741e6f4f7ee9b149c7b74800e900 to remote] DEBUG org.asynchttpclient.netty.request.NettyRequestSender - Using open Channel [id: 0x0fd79672, L:/127.0.0.1:59225 - R:localhost/127.0.0.1:19691] for POST '/session/412c741e6f4f7ee9b149c7b74800e900/element/9330F8CD5D18F75156EB4FB715507178_element_716/clear'
14:30:23.964 [AsyncHttpClient-1-8] DEBUG org.asynchttpclient.netty.handler.HttpHandler - 

Request DefaultHttpRequest(decodeResult: success, version: HTTP/1.1)
POST /session/412c741e6f4f7ee9b149c7b74800e900/element/9330F8CD5D18F75156EB4FB715507178_element_716/clear HTTP/1.1
User-Agent: selenium/4.8.1 (java windows)
Content-Length: 58
Content-Type: application/json; charset=utf-8
host: localhost:19691
accept: */*

Response DefaultHttpResponse(decodeResult: success, version: HTTP/1.1)
HTTP/1.1 200 OK
Content-Length: 14
Content-Type: application/json; charset=utf-8
cache-control: no-cache

14:30:23.969 [AsyncHttpClient-1-8] DEBUG org.asynchttpclient.netty.channel.ChannelManager - Adding key: http://localhost:19691 for channel [id: 0x0fd79672, L:/127.0.0.1:59225 - R:localhost/127.0.0.1:19691]
14:30:23.975 [Forwarding sendKeysToElement on session 412c741e6f4f7ee9b149c7b74800e900 to remote] DEBUG org.asynchttpclient.netty.request.NettyRequestSender - Using pooled Channel '[id: 0x0fd79672, L:/127.0.0.1:59225 - R:localhost/127.0.0.1:19691]' for 'POST' to 'http://localhost:19691/session/412c741e6f4f7ee9b149c7b74800e900/element/9330F8CD5D18F75156EB4FB715507178_element_716/value'
14:30:23.975 [Forwarding sendKeysToElement on session 412c741e6f4f7ee9b149c7b74800e900 to remote] DEBUG org.asynchttpclient.netty.request.NettyRequestSender - Using open Channel [id: 0x0fd79672, L:/127.0.0.1:59225 - R:localhost/127.0.0.1:19691] for POST '/session/412c741e6f4f7ee9b149c7b74800e900/element/9330F8CD5D18F75156EB4FB715507178_element_716/value'
14:30:25.538 [AsyncHttpClient-1-8] DEBUG org.asynchttpclient.netty.handler.HttpHandler - 

Request DefaultHttpRequest(decodeResult: success, version: HTTP/1.1)
POST /session/412c741e6f4f7ee9b149c7b74800e900/element/9330F8CD5D18F75156EB4FB715507178_element_716/value HTTP/1.1
User-Agent: selenium/4.8.1 (java windows)
Content-Length: 279
Content-Type: application/json; charset=utf-8
host: localhost:19691
accept: */*

Response DefaultHttpResponse(decodeResult: success, version: HTTP/1.1)
HTTP/1.1 200 OK
Content-Length: 14
Content-Type: application/json; charset=utf-8
cache-control: no-cache

14:30:25.538 [AsyncHttpClient-1-8] DEBUG org.asynchttpclient.netty.channel.ChannelManager - Adding key: http://localhost:19691 for channel [id: 0x0fd79672, L:/127.0.0.1:59225 - R:localhost/127.0.0.1:19691]
14:30:25.538 [Forwarding sendKeysToElement on session 412c741e6f4f7ee9b149c7b74800e900 to remote] DEBUG org.asynchttpclient.netty.request.NettyRequestSender - Using pooled Channel '[id: 0x0fd79672, L:/127.0.0.1:59225 - R:localhost/127.0.0.1:19691]' for 'POST' to 'http://localhost:19691/session/412c741e6f4f7ee9b149c7b74800e900/element/9330F8CD5D18F75156EB4FB715507178_element_716/value'
14:30:25.538 [Forwarding sendKeysToElement on session 412c741e6f4f7ee9b149c7b74800e900 to remote] DEBUG org.asynchttpclient.netty.request.NettyRequestSender - Using open Channel [id: 0x0fd79672, L:/127.0.0.1:59225 - R:localhost/127.0.0.1:19691] for POST '/session/412c741e6f4f7ee9b149c7b74800e900/element/9330F8CD5D18F75156EB4FB715507178_element_716/value'
14:30:25.667 [AsyncHttpClient-1-8] DEBUG org.asynchttpclient.netty.handler.HttpHandler - 

Request DefaultHttpRequest(decodeResult: success, version: HTTP/1.1)
POST /session/412c741e6f4f7ee9b149c7b74800e900/element/9330F8CD5D18F75156EB4FB715507178_element_716/value HTTP/1.1
User-Agent: selenium/4.8.1 (java windows)
Content-Length: 103
Content-Type: application/json; charset=utf-8
host: localhost:19691
accept: */*

Response DefaultHttpResponse(decodeResult: success, version: HTTP/1.1)
HTTP/1.1 200 OK
Content-Length: 14
Content-Type: application/json; charset=utf-8
cache-control: no-cache

14:30:25.667 [AsyncHttpClient-1-8] DEBUG org.asynchttpclient.netty.channel.ChannelManager - Adding key: http://localhost:19691 for channel [id: 0x0fd79672, L:/127.0.0.1:59225 - R:localhost/127.0.0.1:19691]
14:30:25.692 [Forwarding getAlertText on session 412c741e6f4f7ee9b149c7b74800e900 to remote] DEBUG org.asynchttpclient.netty.request.NettyRequestSender - Using pooled Channel '[id: 0x0fd79672, L:/127.0.0.1:59225 - R:localhost/127.0.0.1:19691]' for 'GET' to 'http://localhost:19691/session/412c741e6f4f7ee9b149c7b74800e900/alert/text'
14:30:25.692 [Forwarding getAlertText on session 412c741e6f4f7ee9b149c7b74800e900 to remote] DEBUG org.asynchttpclient.netty.request.NettyRequestSender - Using open Channel [id: 0x0fd79672, L:/127.0.0.1:59225 - R:localhost/127.0.0.1:19691] for GET '/session/412c741e6f4f7ee9b149c7b74800e900/alert/text'
14:30:25.699 [AsyncHttpClient-1-8] DEBUG org.asynchttpclient.netty.handler.HttpHandler - 

Request DefaultFullHttpRequest(decodeResult: success, version: HTTP/1.1, content: EmptyByteBufBE)
GET /session/412c741e6f4f7ee9b149c7b74800e900/alert/text HTTP/1.1
User-Agent: selenium/4.8.1 (java windows)
Cache-Control: no-cache
Content-Type: application/json; charset=utf-8
host: localhost:19691
accept: */*

Response DefaultHttpResponse(decodeResult: success, version: HTTP/1.1)
HTTP/1.1 404 Not Found
Content-Length: 821
Content-Type: application/json; charset=utf-8
cache-control: no-cache

14:30:25.699 [AsyncHttpClient-1-8] DEBUG org.asynchttpclient.netty.channel.ChannelManager - Adding key: http://localhost:19691 for channel [id: 0x0fd79672, L:/127.0.0.1:59225 - R:localhost/127.0.0.1:19691]
14:30:25.703 [Forwarding getCurrentUrl on session 412c741e6f4f7ee9b149c7b74800e900 to remote] DEBUG org.asynchttpclient.netty.request.NettyRequestSender - Using pooled Channel '[id: 0x0fd79672, L:/127.0.0.1:59225 - R:localhost/127.0.0.1:19691]' for 'GET' to 'http://localhost:19691/session/412c741e6f4f7ee9b149c7b74800e900/url'
14:30:25.703 [Forwarding getCurrentUrl on session 412c741e6f4f7ee9b149c7b74800e900 to remote] DEBUG org.asynchttpclient.netty.request.NettyRequestSender - Using open Channel [id: 0x0fd79672, L:/127.0.0.1:59225 - R:localhost/127.0.0.1:19691] for GET '/session/412c741e6f4f7ee9b149c7b74800e900/url'
14:30:25.736 [AsyncHttpClient-1-8] DEBUG org.asynchttpclient.netty.handler.HttpHandler - 

Request DefaultFullHttpRequest(decodeResult: success, version: HTTP/1.1, content: EmptyByteBufBE)
GET /session/412c741e6f4f7ee9b149c7b74800e900/url HTTP/1.1
User-Agent: selenium/4.8.1 (java windows)
Cache-Control: no-cache
Content-Type: application/json; charset=utf-8
host: localhost:19691
accept: */*

Response DefaultHttpResponse(decodeResult: success, version: HTTP/1.1)
HTTP/1.1 200 OK
Content-Length: 63
Content-Type: application/json; charset=utf-8
cache-control: no-cache

14:30:25.736 [AsyncHttpClient-1-8] DEBUG org.asynchttpclient.netty.channel.ChannelManager - Adding key: http://localhost:19691 for channel [id: 0x0fd79672, L:/127.0.0.1:59225 - R:localhost/127.0.0.1:19691]
14:30:25.740 [Forwarding screenshot on session 412c741e6f4f7ee9b149c7b74800e900 to remote] DEBUG org.asynchttpclient.netty.request.NettyRequestSender - Using pooled Channel '[id: 0x0fd79672, L:/127.0.0.1:59225 - R:localhost/127.0.0.1:19691]' for 'GET' to 'http://localhost:19691/session/412c741e6f4f7ee9b149c7b74800e900/screenshot'
14:30:25.740 [Forwarding screenshot on session 412c741e6f4f7ee9b149c7b74800e900 to remote] DEBUG org.asynchttpclient.netty.request.NettyRequestSender - Using open Channel [id: 0x0fd79672, L:/127.0.0.1:59225 - R:localhost/127.0.0.1:19691] for GET '/session/412c741e6f4f7ee9b149c7b74800e900/screenshot'
14:30:26.034 [AsyncHttpClient-1-8] DEBUG org.asynchttpclient.netty.handler.HttpHandler - 

Request DefaultFullHttpRequest(decodeResult: success, version: HTTP/1.1, content: EmptyByteBufBE)
GET /session/412c741e6f4f7ee9b149c7b74800e900/screenshot HTTP/1.1
User-Agent: selenium/4.8.1 (java windows)
Cache-Control: no-cache
Content-Type: application/json; charset=utf-8
host: localhost:19691
accept: */*

Response DefaultHttpResponse(decodeResult: success, version: HTTP/1.1)
HTTP/1.1 200 OK
Content-Length: 76928
Content-Type: application/json; charset=utf-8
cache-control: no-cache

14:30:26.034 [AsyncHttpClient-1-8] DEBUG org.asynchttpclient.netty.channel.ChannelManager - Adding key: http://localhost:19691 for channel [id: 0x0fd79672, L:/127.0.0.1:59225 - R:localhost/127.0.0.1:19691]
14:30:26.044 [main] DEBUG net.serenitybdd.core.photography.Darkroom - Send negative for processing for target\site\serenity\6a9da69ea98cc259fa1fb8f79192a770318adcf275c167076457d6c9dce987d6.png
14:30:26.044 [main] DEBUG net.thucydides.core.steps.StepInterceptor - STEP DONE: Enter_Website
14:30:26.044 [Darkroom Processing Line] DEBUG net.serenitybdd.core.photography.DarkroomProcessingLine - Processing screenshot image in /var/screenshots/screenshot-219091855219092303
14:30:26.044 [Darkroom Processing Line] DEBUG net.serenitybdd.core.photography.DarkroomProcessingLine - Saving screenshot to target\site\serenity\6a9da69ea98cc259fa1fb8f79192a770318adcf275c167076457d6c9dce987d6.png
14:30:26.054 [Forwarding getPageSource on session 412c741e6f4f7ee9b149c7b74800e900 to remote] DEBUG org.asynchttpclient.netty.request.NettyRequestSender - Using pooled Channel '[id: 0x0fd79672, L:/127.0.0.1:59225 - R:localhost/127.0.0.1:19691]' for 'POST' to 'http://localhost:19691/session/412c741e6f4f7ee9b149c7b74800e900/execute/sync'
14:30:26.054 [Forwarding getPageSource on session 412c741e6f4f7ee9b149c7b74800e900 to remote] DEBUG org.asynchttpclient.netty.request.NettyRequestSender - Using open Channel [id: 0x0fd79672, L:/127.0.0.1:59225 - R:localhost/127.0.0.1:19691] for POST '/session/412c741e6f4f7ee9b149c7b74800e900/execute/sync'
14:30:26.066 [AsyncHttpClient-1-8] DEBUG org.asynchttpclient.netty.handler.HttpHandler - 

Request DefaultHttpRequest(decodeResult: success, version: HTTP/1.1)
POST /session/412c741e6f4f7ee9b149c7b74800e900/execute/sync HTTP/1.1
User-Agent: selenium/4.8.1 (java windows)
Content-Length: 176
Content-Type: application/json; charset=utf-8
host: localhost:19691
accept: */*

Response DefaultHttpResponse(decodeResult: success, version: HTTP/1.1)
HTTP/1.1 200 OK
Content-Length: 46265
Content-Type: application/json; charset=utf-8
cache-control: no-cache

14:30:26.066 [AsyncHttpClient-1-8] DEBUG org.asynchttpclient.netty.channel.ChannelManager - Adding key: http://localhost:19691 for channel [id: 0x0fd79672, L:/127.0.0.1:59225 - R:localhost/127.0.0.1:19691]
14:30:26.082 [Forwarding getCurrentUrl on session 412c741e6f4f7ee9b149c7b74800e900 to remote] DEBUG org.asynchttpclient.netty.request.NettyRequestSender - Using pooled Channel '[id: 0x0fd79672, L:/127.0.0.1:59225 - R:localhost/127.0.0.1:19691]' for 'GET' to 'http://localhost:19691/session/412c741e6f4f7ee9b149c7b74800e900/url'
14:30:26.082 [Forwarding getCurrentUrl on session 412c741e6f4f7ee9b149c7b74800e900 to remote] DEBUG org.asynchttpclient.netty.request.NettyRequestSender - Using open Channel [id: 0x0fd79672, L:/127.0.0.1:59225 - R:localhost/127.0.0.1:19691] for GET '/session/412c741e6f4f7ee9b149c7b74800e900/url'
14:30:26.087 [AsyncHttpClient-1-8] DEBUG org.asynchttpclient.netty.handler.HttpHandler - 

Request DefaultFullHttpRequest(decodeResult: success, version: HTTP/1.1, content: EmptyByteBufBE)
GET /session/412c741e6f4f7ee9b149c7b74800e900/url HTTP/1.1
User-Agent: selenium/4.8.1 (java windows)
Cache-Control: no-cache
Content-Type: application/json; charset=utf-8
host: localhost:19691
accept: */*

Response DefaultHttpResponse(decodeResult: success, version: HTTP/1.1)
HTTP/1.1 200 OK
Content-Length: 63
Content-Type: application/json; charset=utf-8
cache-control: no-cache

14:30:26.097 [AsyncHttpClient-1-8] DEBUG org.asynchttpclient.netty.channel.ChannelManager - Adding key: http://localhost:19691 for channel [id: 0x0fd79672, L:/127.0.0.1:59225 - R:localhost/127.0.0.1:19691]
14:30:26.113 [Forwarding getAlertText on session 412c741e6f4f7ee9b149c7b74800e900 to remote] DEBUG org.asynchttpclient.netty.request.NettyRequestSender - Using pooled Channel '[id: 0x0fd79672, L:/127.0.0.1:59225 - R:localhost/127.0.0.1:19691]' for 'GET' to 'http://localhost:19691/session/412c741e6f4f7ee9b149c7b74800e900/alert/text'
14:30:26.113 [Forwarding getAlertText on session 412c741e6f4f7ee9b149c7b74800e900 to remote] DEBUG org.asynchttpclient.netty.request.NettyRequestSender - Using open Channel [id: 0x0fd79672, L:/127.0.0.1:59225 - R:localhost/127.0.0.1:19691] for GET '/session/412c741e6f4f7ee9b149c7b74800e900/alert/text'
14:30:26.113 [AsyncHttpClient-1-8] DEBUG org.asynchttpclient.netty.handler.HttpHandler - 

Request DefaultFullHttpRequest(decodeResult: success, version: HTTP/1.1, content: EmptyByteBufBE)
GET /session/412c741e6f4f7ee9b149c7b74800e900/alert/text HTTP/1.1
User-Agent: selenium/4.8.1 (java windows)
Cache-Control: no-cache
Content-Type: application/json; charset=utf-8
host: localhost:19691
accept: */*

Response DefaultHttpResponse(decodeResult: success, version: HTTP/1.1)
HTTP/1.1 404 Not Found
Content-Length: 821
Content-Type: application/json; charset=utf-8
cache-control: no-cache

14:30:26.113 [AsyncHttpClient-1-8] DEBUG org.asynchttpclient.netty.channel.ChannelManager - Adding key: http://localhost:19691 for channel [id: 0x0fd79672, L:/127.0.0.1:59225 - R:localhost/127.0.0.1:19691]
14:30:26.119 [Forwarding getCurrentUrl on session 412c741e6f4f7ee9b149c7b74800e900 to remote] DEBUG org.asynchttpclient.netty.request.NettyRequestSender - Using pooled Channel '[id: 0x0fd79672, L:/127.0.0.1:59225 - R:localhost/127.0.0.1:19691]' for 'GET' to 'http://localhost:19691/session/412c741e6f4f7ee9b149c7b74800e900/url'
14:30:26.119 [Forwarding getCurrentUrl on session 412c741e6f4f7ee9b149c7b74800e900 to remote] DEBUG org.asynchttpclient.netty.request.NettyRequestSender - Using open Channel [id: 0x0fd79672, L:/127.0.0.1:59225 - R:localhost/127.0.0.1:19691] for GET '/session/412c741e6f4f7ee9b149c7b74800e900/url'
14:30:26.126 [AsyncHttpClient-1-8] DEBUG org.asynchttpclient.netty.handler.HttpHandler - 

Request DefaultFullHttpRequest(decodeResult: success, version: HTTP/1.1, content: EmptyByteBufBE)
GET /session/412c741e6f4f7ee9b149c7b74800e900/url HTTP/1.1
User-Agent: selenium/4.8.1 (java windows)
Cache-Control: no-cache
Content-Type: application/json; charset=utf-8
host: localhost:19691
accept: */*

Response DefaultHttpResponse(decodeResult: success, version: HTTP/1.1)
HTTP/1.1 200 OK
Content-Length: 63
Content-Type: application/json; charset=utf-8
cache-control: no-cache

14:30:26.126 [AsyncHttpClient-1-8] DEBUG org.asynchttpclient.netty.channel.ChannelManager - Adding key: http://localhost:19691 for channel [id: 0x0fd79672, L:/127.0.0.1:59225 - R:localhost/127.0.0.1:19691]
14:30:26.129 [Forwarding screenshot on session 412c741e6f4f7ee9b149c7b74800e900 to remote] DEBUG org.asynchttpclient.netty.request.NettyRequestSender - Using pooled Channel '[id: 0x0fd79672, L:/127.0.0.1:59225 - R:localhost/127.0.0.1:19691]' for 'GET' to 'http://localhost:19691/session/412c741e6f4f7ee9b149c7b74800e900/screenshot'
14:30:26.129 [Forwarding screenshot on session 412c741e6f4f7ee9b149c7b74800e900 to remote] DEBUG org.asynchttpclient.netty.request.NettyRequestSender - Using open Channel [id: 0x0fd79672, L:/127.0.0.1:59225 - R:localhost/127.0.0.1:19691] for GET '/session/412c741e6f4f7ee9b149c7b74800e900/screenshot'
14:30:26.353 [AsyncHttpClient-1-8] DEBUG org.asynchttpclient.netty.handler.HttpHandler - 

Request DefaultFullHttpRequest(decodeResult: success, version: HTTP/1.1, content: EmptyByteBufBE)
GET /session/412c741e6f4f7ee9b149c7b74800e900/screenshot HTTP/1.1
User-Agent: selenium/4.8.1 (java windows)
Cache-Control: no-cache
Content-Type: application/json; charset=utf-8
host: localhost:19691
accept: */*

Response DefaultHttpResponse(decodeResult: success, version: HTTP/1.1)
HTTP/1.1 200 OK
Content-Length: 76688
Content-Type: application/json; charset=utf-8
cache-control: no-cache

14:30:26.353 [AsyncHttpClient-1-8] DEBUG org.asynchttpclient.netty.channel.ChannelManager - Adding key: http://localhost:19691 for channel [id: 0x0fd79672, L:/127.0.0.1:59225 - R:localhost/127.0.0.1:19691]
14:30:26.359 [main] DEBUG net.serenitybdd.core.photography.Darkroom - Send negative for processing for target\site\serenity\17a5bc7e685c062a9b3eb9d33a16de6c6a03e5367e4059b9a790b484c83f210f.png
14:30:26.359 [Darkroom Processing Line] DEBUG net.serenitybdd.core.photography.DarkroomProcessingLine - Processing screenshot image in /var/screenshots/screenshot-6432400883678083484
14:30:26.359 [Darkroom Processing Line] DEBUG net.serenitybdd.core.photography.DarkroomProcessingLine - Saving screenshot to target\site\serenity\17a5bc7e685c062a9b3eb9d33a16de6c6a03e5367e4059b9a790b484c83f210f.png
14:30:26.364 [Forwarding getPageSource on session 412c741e6f4f7ee9b149c7b74800e900 to remote] DEBUG org.asynchttpclient.netty.request.NettyRequestSender - Using pooled Channel '[id: 0x0fd79672, L:/127.0.0.1:59225 - R:localhost/127.0.0.1:19691]' for 'POST' to 'http://localhost:19691/session/412c741e6f4f7ee9b149c7b74800e900/execute/sync'
14:30:26.364 [Forwarding getPageSource on session 412c741e6f4f7ee9b149c7b74800e900 to remote] DEBUG org.asynchttpclient.netty.request.NettyRequestSender - Using open Channel [id: 0x0fd79672, L:/127.0.0.1:59225 - R:localhost/127.0.0.1:19691] for POST '/session/412c741e6f4f7ee9b149c7b74800e900/execute/sync'
14:30:26.375 [AsyncHttpClient-1-8] DEBUG org.asynchttpclient.netty.handler.HttpHandler - 

Request DefaultHttpRequest(decodeResult: success, version: HTTP/1.1)
POST /session/412c741e6f4f7ee9b149c7b74800e900/execute/sync HTTP/1.1
User-Agent: selenium/4.8.1 (java windows)
Content-Length: 176
Content-Type: application/json; charset=utf-8
host: localhost:19691
accept: */*

Response DefaultHttpResponse(decodeResult: success, version: HTTP/1.1)
HTTP/1.1 200 OK
Content-Length: 46265
Content-Type: application/json; charset=utf-8
cache-control: no-cache

14:30:26.375 [AsyncHttpClient-1-8] DEBUG org.asynchttpclient.netty.channel.ChannelManager - Adding key: http://localhost:19691 for channel [id: 0x0fd79672, L:/127.0.0.1:59225 - R:localhost/127.0.0.1:19691]
14:30:26.390 [Forwarding getCurrentUrl on session 412c741e6f4f7ee9b149c7b74800e900 to remote] DEBUG org.asynchttpclient.netty.request.NettyRequestSender - Using pooled Channel '[id: 0x0fd79672, L:/127.0.0.1:59225 - R:localhost/127.0.0.1:19691]' for 'GET' to 'http://localhost:19691/session/412c741e6f4f7ee9b149c7b74800e900/url'
14:30:26.390 [Forwarding getCurrentUrl on session 412c741e6f4f7ee9b149c7b74800e900 to remote] DEBUG org.asynchttpclient.netty.request.NettyRequestSender - Using open Channel [id: 0x0fd79672, L:/127.0.0.1:59225 - R:localhost/127.0.0.1:19691] for GET '/session/412c741e6f4f7ee9b149c7b74800e900/url'
14:30:26.396 [AsyncHttpClient-1-8] DEBUG org.asynchttpclient.netty.handler.HttpHandler - 

Request DefaultFullHttpRequest(decodeResult: success, version: HTTP/1.1, content: EmptyByteBufBE)
GET /session/412c741e6f4f7ee9b149c7b74800e900/url HTTP/1.1
User-Agent: selenium/4.8.1 (java windows)
Cache-Control: no-cache
Content-Type: application/json; charset=utf-8
host: localhost:19691
accept: */*

Response DefaultHttpResponse(decodeResult: success, version: HTTP/1.1)
HTTP/1.1 200 OK
Content-Length: 63
Content-Type: application/json; charset=utf-8
cache-control: no-cache

14:30:26.396 [AsyncHttpClient-1-8] DEBUG org.asynchttpclient.netty.channel.ChannelManager - Adding key: http://localhost:19691 for channel [id: 0x0fd79672, L:/127.0.0.1:59225 - R:localhost/127.0.0.1:19691]
14:30:26.407 [main] DEBUG net.thucydides.core.steps.StepInterceptor - STARTING STEP: Afrexim_Signup_steps.click_confirmation_box - Click_confirmation_box
14:30:26.412 [Forwarding findElement on session 412c741e6f4f7ee9b149c7b74800e900 to remote] DEBUG org.asynchttpclient.netty.request.NettyRequestSender - Using pooled Channel '[id: 0x0fd79672, L:/127.0.0.1:59225 - R:localhost/127.0.0.1:19691]' for 'POST' to 'http://localhost:19691/session/412c741e6f4f7ee9b149c7b74800e900/element'
14:30:26.412 [Forwarding findElement on session 412c741e6f4f7ee9b149c7b74800e900 to remote] DEBUG org.asynchttpclient.netty.request.NettyRequestSender - Using open Channel [id: 0x0fd79672, L:/127.0.0.1:59225 - R:localhost/127.0.0.1:19691] for POST '/session/412c741e6f4f7ee9b149c7b74800e900/element'
14:30:26.438 [AsyncHttpClient-1-8] DEBUG org.asynchttpclient.netty.handler.HttpHandler - 

Request DefaultHttpRequest(decodeResult: success, version: HTTP/1.1)
POST /session/412c741e6f4f7ee9b149c7b74800e900/element HTTP/1.1
User-Agent: selenium/4.8.1 (java windows)
Content-Length: 72
Content-Type: application/json; charset=utf-8
host: localhost:19691
accept: */*

Response DefaultHttpResponse(decodeResult: success, version: HTTP/1.1)
HTTP/1.1 200 OK
Content-Length: 96
Content-Type: application/json; charset=utf-8
cache-control: no-cache

14:30:26.438 [AsyncHttpClient-1-8] DEBUG org.asynchttpclient.netty.channel.ChannelManager - Adding key: http://localhost:19691 for channel [id: 0x0fd79672, L:/127.0.0.1:59225 - R:localhost/127.0.0.1:19691]
14:30:26.438 [Forwarding getElementTagName on session 412c741e6f4f7ee9b149c7b74800e900 to remote] DEBUG org.asynchttpclient.netty.request.NettyRequestSender - Using pooled Channel '[id: 0x0fd79672, L:/127.0.0.1:59225 - R:localhost/127.0.0.1:19691]' for 'GET' to 'http://localhost:19691/session/412c741e6f4f7ee9b149c7b74800e900/element/9330F8CD5D18F75156EB4FB715507178_element_717/name'
14:30:26.438 [Forwarding getElementTagName on session 412c741e6f4f7ee9b149c7b74800e900 to remote] DEBUG org.asynchttpclient.netty.request.NettyRequestSender - Using open Channel [id: 0x0fd79672, L:/127.0.0.1:59225 - R:localhost/127.0.0.1:19691] for GET '/session/412c741e6f4f7ee9b149c7b74800e900/element/9330F8CD5D18F75156EB4FB715507178_element_717/name'
14:30:26.454 [AsyncHttpClient-1-8] DEBUG org.asynchttpclient.netty.handler.HttpHandler - 

Request DefaultFullHttpRequest(decodeResult: success, version: HTTP/1.1, content: EmptyByteBufBE)
GET /session/412c741e6f4f7ee9b149c7b74800e900/element/9330F8CD5D18F75156EB4FB715507178_element_717/name HTTP/1.1
User-Agent: selenium/4.8.1 (java windows)
Cache-Control: no-cache
Content-Type: application/json; charset=utf-8
host: localhost:19691
accept: */*

Response DefaultHttpResponse(decodeResult: success, version: HTTP/1.1)
HTTP/1.1 200 OK
Content-Length: 17
Content-Type: application/json; charset=utf-8
cache-control: no-cache

14:30:26.454 [AsyncHttpClient-1-8] DEBUG org.asynchttpclient.netty.channel.ChannelManager - Adding key: http://localhost:19691 for channel [id: 0x0fd79672, L:/127.0.0.1:59225 - R:localhost/127.0.0.1:19691]
14:30:26.454 [Forwarding getElementTagName on session 412c741e6f4f7ee9b149c7b74800e900 to remote] DEBUG org.asynchttpclient.netty.request.NettyRequestSender - Using pooled Channel '[id: 0x0fd79672, L:/127.0.0.1:59225 - R:localhost/127.0.0.1:19691]' for 'GET' to 'http://localhost:19691/session/412c741e6f4f7ee9b149c7b74800e900/element/9330F8CD5D18F75156EB4FB715507178_element_717/name'
14:30:26.454 [Forwarding getElementTagName on session 412c741e6f4f7ee9b149c7b74800e900 to remote] DEBUG org.asynchttpclient.netty.request.NettyRequestSender - Using open Channel [id: 0x0fd79672, L:/127.0.0.1:59225 - R:localhost/127.0.0.1:19691] for GET '/session/412c741e6f4f7ee9b149c7b74800e900/element/9330F8CD5D18F75156EB4FB715507178_element_717/name'
14:30:26.460 [AsyncHttpClient-1-8] DEBUG org.asynchttpclient.netty.handler.HttpHandler - 

Request DefaultFullHttpRequest(decodeResult: success, version: HTTP/1.1, content: EmptyByteBufBE)
GET /session/412c741e6f4f7ee9b149c7b74800e900/element/9330F8CD5D18F75156EB4FB715507178_element_717/name HTTP/1.1
User-Agent: selenium/4.8.1 (java windows)
Cache-Control: no-cache
Content-Type: application/json; charset=utf-8
host: localhost:19691
accept: */*

Response DefaultHttpResponse(decodeResult: success, version: HTTP/1.1)
HTTP/1.1 200 OK
Content-Length: 17
Content-Type: application/json; charset=utf-8
cache-control: no-cache

14:30:26.460 [AsyncHttpClient-1-8] DEBUG org.asynchttpclient.netty.channel.ChannelManager - Adding key: http://localhost:19691 for channel [id: 0x0fd79672, L:/127.0.0.1:59225 - R:localhost/127.0.0.1:19691]
14:30:26.460 [Forwarding isElementEnabled on session 412c741e6f4f7ee9b149c7b74800e900 to remote] DEBUG org.asynchttpclient.netty.request.NettyRequestSender - Using pooled Channel '[id: 0x0fd79672, L:/127.0.0.1:59225 - R:localhost/127.0.0.1:19691]' for 'GET' to 'http://localhost:19691/session/412c741e6f4f7ee9b149c7b74800e900/element/9330F8CD5D18F75156EB4FB715507178_element_717/enabled'
14:30:26.460 [Forwarding isElementEnabled on session 412c741e6f4f7ee9b149c7b74800e900 to remote] DEBUG org.asynchttpclient.netty.request.NettyRequestSender - Using open Channel [id: 0x0fd79672, L:/127.0.0.1:59225 - R:localhost/127.0.0.1:19691] for GET '/session/412c741e6f4f7ee9b149c7b74800e900/element/9330F8CD5D18F75156EB4FB715507178_element_717/enabled'
14:30:26.481 [AsyncHttpClient-1-8] DEBUG org.asynchttpclient.netty.handler.HttpHandler - 

Request DefaultFullHttpRequest(decodeResult: success, version: HTTP/1.1, content: EmptyByteBufBE)
GET /session/412c741e6f4f7ee9b149c7b74800e900/element/9330F8CD5D18F75156EB4FB715507178_element_717/enabled HTTP/1.1
User-Agent: selenium/4.8.1 (java windows)
Cache-Control: no-cache
Content-Type: application/json; charset=utf-8
host: localhost:19691
accept: */*

Response DefaultHttpResponse(decodeResult: success, version: HTTP/1.1)
HTTP/1.1 200 OK
Content-Length: 14
Content-Type: application/json; charset=utf-8
cache-control: no-cache

14:30:26.481 [AsyncHttpClient-1-8] DEBUG org.asynchttpclient.netty.channel.ChannelManager - Adding key: http://localhost:19691 for channel [id: 0x0fd79672, L:/127.0.0.1:59225 - R:localhost/127.0.0.1:19691]
14:30:26.481 [Forwarding isElementEnabled on session 412c741e6f4f7ee9b149c7b74800e900 to remote] DEBUG org.asynchttpclient.netty.request.NettyRequestSender - Using pooled Channel '[id: 0x0fd79672, L:/127.0.0.1:59225 - R:localhost/127.0.0.1:19691]' for 'GET' to 'http://localhost:19691/session/412c741e6f4f7ee9b149c7b74800e900/element/9330F8CD5D18F75156EB4FB715507178_element_717/enabled'
14:30:26.481 [Forwarding isElementEnabled on session 412c741e6f4f7ee9b149c7b74800e900 to remote] DEBUG org.asynchttpclient.netty.request.NettyRequestSender - Using open Channel [id: 0x0fd79672, L:/127.0.0.1:59225 - R:localhost/127.0.0.1:19691] for GET '/session/412c741e6f4f7ee9b149c7b74800e900/element/9330F8CD5D18F75156EB4FB715507178_element_717/enabled'
14:30:26.492 [AsyncHttpClient-1-8] DEBUG org.asynchttpclient.netty.handler.HttpHandler - 

Request DefaultFullHttpRequest(decodeResult: success, version: HTTP/1.1, content: EmptyByteBufBE)
GET /session/412c741e6f4f7ee9b149c7b74800e900/element/9330F8CD5D18F75156EB4FB715507178_element_717/enabled HTTP/1.1
User-Agent: selenium/4.8.1 (java windows)
Cache-Control: no-cache
Content-Type: application/json; charset=utf-8
host: localhost:19691
accept: */*

Response DefaultHttpResponse(decodeResult: success, version: HTTP/1.1)
HTTP/1.1 200 OK
Content-Length: 14
Content-Type: application/json; charset=utf-8
cache-control: no-cache

14:30:26.492 [AsyncHttpClient-1-8] DEBUG org.asynchttpclient.netty.channel.ChannelManager - Adding key: http://localhost:19691 for channel [id: 0x0fd79672, L:/127.0.0.1:59225 - R:localhost/127.0.0.1:19691]
14:30:26.492 [Forwarding findElement on session 412c741e6f4f7ee9b149c7b74800e900 to remote] DEBUG org.asynchttpclient.netty.request.NettyRequestSender - Using pooled Channel '[id: 0x0fd79672, L:/127.0.0.1:59225 - R:localhost/127.0.0.1:19691]' for 'POST' to 'http://localhost:19691/session/412c741e6f4f7ee9b149c7b74800e900/element'
14:30:26.492 [Forwarding findElement on session 412c741e6f4f7ee9b149c7b74800e900 to remote] DEBUG org.asynchttpclient.netty.request.NettyRequestSender - Using open Channel [id: 0x0fd79672, L:/127.0.0.1:59225 - R:localhost/127.0.0.1:19691] for POST '/session/412c741e6f4f7ee9b149c7b74800e900/element'
14:30:26.513 [AsyncHttpClient-1-8] DEBUG org.asynchttpclient.netty.handler.HttpHandler - 

Request DefaultHttpRequest(decodeResult: success, version: HTTP/1.1)
POST /session/412c741e6f4f7ee9b149c7b74800e900/element HTTP/1.1
User-Agent: selenium/4.8.1 (java windows)
Content-Length: 72
Content-Type: application/json; charset=utf-8
host: localhost:19691
accept: */*

Response DefaultHttpResponse(decodeResult: success, version: HTTP/1.1)
HTTP/1.1 200 OK
Content-Length: 96
Content-Type: application/json; charset=utf-8
cache-control: no-cache

14:30:26.513 [AsyncHttpClient-1-8] DEBUG org.asynchttpclient.netty.channel.ChannelManager - Adding key: http://localhost:19691 for channel [id: 0x0fd79672, L:/127.0.0.1:59225 - R:localhost/127.0.0.1:19691]
14:30:26.513 [Forwarding clickElement on session 412c741e6f4f7ee9b149c7b74800e900 to remote] DEBUG org.asynchttpclient.netty.request.NettyRequestSender - Using pooled Channel '[id: 0x0fd79672, L:/127.0.0.1:59225 - R:localhost/127.0.0.1:19691]' for 'POST' to 'http://localhost:19691/session/412c741e6f4f7ee9b149c7b74800e900/element/9330F8CD5D18F75156EB4FB715507178_element_717/click'
14:30:26.513 [Forwarding clickElement on session 412c741e6f4f7ee9b149c7b74800e900 to remote] DEBUG org.asynchttpclient.netty.request.NettyRequestSender - Using open Channel [id: 0x0fd79672, L:/127.0.0.1:59225 - R:localhost/127.0.0.1:19691] for POST '/session/412c741e6f4f7ee9b149c7b74800e900/element/9330F8CD5D18F75156EB4FB715507178_element_717/click'
14:30:26.715 [AsyncHttpClient-1-8] DEBUG org.asynchttpclient.netty.handler.HttpHandler - 

Request DefaultHttpRequest(decodeResult: success, version: HTTP/1.1)
POST /session/412c741e6f4f7ee9b149c7b74800e900/element/9330F8CD5D18F75156EB4FB715507178_element_717/click HTTP/1.1
User-Agent: selenium/4.8.1 (java windows)
Content-Length: 58
Content-Type: application/json; charset=utf-8
host: localhost:19691
accept: */*

Response DefaultHttpResponse(decodeResult: success, version: HTTP/1.1)
HTTP/1.1 200 OK
Content-Length: 14
Content-Type: application/json; charset=utf-8
cache-control: no-cache

14:30:26.715 [AsyncHttpClient-1-8] DEBUG org.asynchttpclient.netty.channel.ChannelManager - Adding key: http://localhost:19691 for channel [id: 0x0fd79672, L:/127.0.0.1:59225 - R:localhost/127.0.0.1:19691]
14:30:26.728 [Forwarding getAlertText on session 412c741e6f4f7ee9b149c7b74800e900 to remote] DEBUG org.asynchttpclient.netty.request.NettyRequestSender - Using pooled Channel '[id: 0x0fd79672, L:/127.0.0.1:59225 - R:localhost/127.0.0.1:19691]' for 'GET' to 'http://localhost:19691/session/412c741e6f4f7ee9b149c7b74800e900/alert/text'
14:30:26.730 [Forwarding getAlertText on session 412c741e6f4f7ee9b149c7b74800e900 to remote] DEBUG org.asynchttpclient.netty.request.NettyRequestSender - Using open Channel [id: 0x0fd79672, L:/127.0.0.1:59225 - R:localhost/127.0.0.1:19691] for GET '/session/412c741e6f4f7ee9b149c7b74800e900/alert/text'
14:30:26.730 [AsyncHttpClient-1-8] DEBUG org.asynchttpclient.netty.handler.HttpHandler - 

Request DefaultFullHttpRequest(decodeResult: success, version: HTTP/1.1, content: EmptyByteBufBE)
GET /session/412c741e6f4f7ee9b149c7b74800e900/alert/text HTTP/1.1
User-Agent: selenium/4.8.1 (java windows)
Cache-Control: no-cache
Content-Type: application/json; charset=utf-8
host: localhost:19691
accept: */*

Response DefaultHttpResponse(decodeResult: success, version: HTTP/1.1)
HTTP/1.1 404 Not Found
Content-Length: 821
Content-Type: application/json; charset=utf-8
cache-control: no-cache

14:30:26.730 [AsyncHttpClient-1-8] DEBUG org.asynchttpclient.netty.channel.ChannelManager - Adding key: http://localhost:19691 for channel [id: 0x0fd79672, L:/127.0.0.1:59225 - R:localhost/127.0.0.1:19691]
14:30:26.730 [Forwarding getCurrentUrl on session 412c741e6f4f7ee9b149c7b74800e900 to remote] DEBUG org.asynchttpclient.netty.request.NettyRequestSender - Using pooled Channel '[id: 0x0fd79672, L:/127.0.0.1:59225 - R:localhost/127.0.0.1:19691]' for 'GET' to 'http://localhost:19691/session/412c741e6f4f7ee9b149c7b74800e900/url'
14:30:26.730 [Forwarding getCurrentUrl on session 412c741e6f4f7ee9b149c7b74800e900 to remote] DEBUG org.asynchttpclient.netty.request.NettyRequestSender - Using open Channel [id: 0x0fd79672, L:/127.0.0.1:59225 - R:localhost/127.0.0.1:19691] for GET '/session/412c741e6f4f7ee9b149c7b74800e900/url'
14:30:26.762 [AsyncHttpClient-1-8] DEBUG org.asynchttpclient.netty.handler.HttpHandler - 

Request DefaultFullHttpRequest(decodeResult: success, version: HTTP/1.1, content: EmptyByteBufBE)
GET /session/412c741e6f4f7ee9b149c7b74800e900/url HTTP/1.1
User-Agent: selenium/4.8.1 (java windows)
Cache-Control: no-cache
Content-Type: application/json; charset=utf-8
host: localhost:19691
accept: */*

Response DefaultHttpResponse(decodeResult: success, version: HTTP/1.1)
HTTP/1.1 200 OK
Content-Length: 63
Content-Type: application/json; charset=utf-8
cache-control: no-cache

14:30:26.762 [AsyncHttpClient-1-8] DEBUG org.asynchttpclient.netty.channel.ChannelManager - Adding key: http://localhost:19691 for channel [id: 0x0fd79672, L:/127.0.0.1:59225 - R:localhost/127.0.0.1:19691]
14:30:26.769 [Forwarding screenshot on session 412c741e6f4f7ee9b149c7b74800e900 to remote] DEBUG org.asynchttpclient.netty.request.NettyRequestSender - Using pooled Channel '[id: 0x0fd79672, L:/127.0.0.1:59225 - R:localhost/127.0.0.1:19691]' for 'GET' to 'http://localhost:19691/session/412c741e6f4f7ee9b149c7b74800e900/screenshot'
14:30:26.770 [Forwarding screenshot on session 412c741e6f4f7ee9b149c7b74800e900 to remote] DEBUG org.asynchttpclient.netty.request.NettyRequestSender - Using open Channel [id: 0x0fd79672, L:/127.0.0.1:59225 - R:localhost/127.0.0.1:19691] for GET '/session/412c741e6f4f7ee9b149c7b74800e900/screenshot'
14:30:27.036 [AsyncHttpClient-1-8] DEBUG org.asynchttpclient.netty.handler.HttpHandler - 

Request DefaultFullHttpRequest(decodeResult: success, version: HTTP/1.1, content: EmptyByteBufBE)
GET /session/412c741e6f4f7ee9b149c7b74800e900/screenshot HTTP/1.1
User-Agent: selenium/4.8.1 (java windows)
Cache-Control: no-cache
Content-Type: application/json; charset=utf-8
host: localhost:19691
accept: */*

Response DefaultHttpResponse(decodeResult: success, version: HTTP/1.1)
HTTP/1.1 200 OK
Content-Length: 77012
Content-Type: application/json; charset=utf-8
cache-control: no-cache

14:30:27.036 [AsyncHttpClient-1-8] DEBUG org.asynchttpclient.netty.channel.ChannelManager - Adding key: http://localhost:19691 for channel [id: 0x0fd79672, L:/127.0.0.1:59225 - R:localhost/127.0.0.1:19691]
14:30:27.047 [main] DEBUG net.serenitybdd.core.photography.Darkroom - Send negative for processing for target\site\serenity\79e905d4483cec10d2c9b574af5de5d36c1cf0a05c778c5d64f4ae4c4bc4000d.png
14:30:27.047 [main] DEBUG net.thucydides.core.steps.StepInterceptor - STEP DONE: Click_confirmation_box
14:30:27.047 [Darkroom Processing Line] DEBUG net.serenitybdd.core.photography.DarkroomProcessingLine - Processing screenshot image in /var/screenshots/screenshot-3151647521759072150
14:30:27.047 [Darkroom Processing Line] DEBUG net.serenitybdd.core.photography.DarkroomProcessingLine - Saving screenshot to target\site\serenity\79e905d4483cec10d2c9b574af5de5d36c1cf0a05c778c5d64f4ae4c4bc4000d.png
14:30:27.068 [Forwarding getPageSource on session 412c741e6f4f7ee9b149c7b74800e900 to remote] DEBUG org.asynchttpclient.netty.request.NettyRequestSender - Using pooled Channel '[id: 0x0fd79672, L:/127.0.0.1:59225 - R:localhost/127.0.0.1:19691]' for 'POST' to 'http://localhost:19691/session/412c741e6f4f7ee9b149c7b74800e900/execute/sync'
14:30:27.068 [Forwarding getPageSource on session 412c741e6f4f7ee9b149c7b74800e900 to remote] DEBUG org.asynchttpclient.netty.request.NettyRequestSender - Using open Channel [id: 0x0fd79672, L:/127.0.0.1:59225 - R:localhost/127.0.0.1:19691] for POST '/session/412c741e6f4f7ee9b149c7b74800e900/execute/sync'
14:30:27.079 [AsyncHttpClient-1-8] DEBUG org.asynchttpclient.netty.handler.HttpHandler - 

Request DefaultHttpRequest(decodeResult: success, version: HTTP/1.1)
POST /session/412c741e6f4f7ee9b149c7b74800e900/execute/sync HTTP/1.1
User-Agent: selenium/4.8.1 (java windows)
Content-Length: 176
Content-Type: application/json; charset=utf-8
host: localhost:19691
accept: */*

Response DefaultHttpResponse(decodeResult: success, version: HTTP/1.1)
HTTP/1.1 200 OK
Content-Length: 46265
Content-Type: application/json; charset=utf-8
cache-control: no-cache

14:30:27.079 [AsyncHttpClient-1-8] DEBUG org.asynchttpclient.netty.channel.ChannelManager - Adding key: http://localhost:19691 for channel [id: 0x0fd79672, L:/127.0.0.1:59225 - R:localhost/127.0.0.1:19691]
14:30:27.095 [AsyncHttpClient-1-1] DEBUG org.asynchttpclient.netty.channel.DefaultChannelPool - Entry count for : http://localhost:19691 : 1
14:30:27.100 [Forwarding getCurrentUrl on session 412c741e6f4f7ee9b149c7b74800e900 to remote] DEBUG org.asynchttpclient.netty.request.NettyRequestSender - Using pooled Channel '[id: 0x0fd79672, L:/127.0.0.1:59225 - R:localhost/127.0.0.1:19691]' for 'GET' to 'http://localhost:19691/session/412c741e6f4f7ee9b149c7b74800e900/url'
14:30:27.100 [Forwarding getCurrentUrl on session 412c741e6f4f7ee9b149c7b74800e900 to remote] DEBUG org.asynchttpclient.netty.request.NettyRequestSender - Using open Channel [id: 0x0fd79672, L:/127.0.0.1:59225 - R:localhost/127.0.0.1:19691] for GET '/session/412c741e6f4f7ee9b149c7b74800e900/url'
14:30:27.111 [AsyncHttpClient-1-8] DEBUG org.asynchttpclient.netty.handler.HttpHandler - 

Request DefaultFullHttpRequest(decodeResult: success, version: HTTP/1.1, content: EmptyByteBufBE)
GET /session/412c741e6f4f7ee9b149c7b74800e900/url HTTP/1.1
User-Agent: selenium/4.8.1 (java windows)
Cache-Control: no-cache
Content-Type: application/json; charset=utf-8
host: localhost:19691
accept: */*

Response DefaultHttpResponse(decodeResult: success, version: HTTP/1.1)
HTTP/1.1 200 OK
Content-Length: 63
Content-Type: application/json; charset=utf-8
cache-control: no-cache

14:30:27.111 [AsyncHttpClient-1-8] DEBUG org.asynchttpclient.netty.channel.ChannelManager - Adding key: http://localhost:19691 for channel [id: 0x0fd79672, L:/127.0.0.1:59225 - R:localhost/127.0.0.1:19691]
14:30:27.129 [Forwarding getAlertText on session 412c741e6f4f7ee9b149c7b74800e900 to remote] DEBUG org.asynchttpclient.netty.request.NettyRequestSender - Using pooled Channel '[id: 0x0fd79672, L:/127.0.0.1:59225 - R:localhost/127.0.0.1:19691]' for 'GET' to 'http://localhost:19691/session/412c741e6f4f7ee9b149c7b74800e900/alert/text'
14:30:27.129 [Forwarding getAlertText on session 412c741e6f4f7ee9b149c7b74800e900 to remote] DEBUG org.asynchttpclient.netty.request.NettyRequestSender - Using open Channel [id: 0x0fd79672, L:/127.0.0.1:59225 - R:localhost/127.0.0.1:19691] for GET '/session/412c741e6f4f7ee9b149c7b74800e900/alert/text'
14:30:27.129 [AsyncHttpClient-1-8] DEBUG org.asynchttpclient.netty.handler.HttpHandler - 

Request DefaultFullHttpRequest(decodeResult: success, version: HTTP/1.1, content: EmptyByteBufBE)
GET /session/412c741e6f4f7ee9b149c7b74800e900/alert/text HTTP/1.1
User-Agent: selenium/4.8.1 (java windows)
Cache-Control: no-cache
Content-Type: application/json; charset=utf-8
host: localhost:19691
accept: */*

Response DefaultHttpResponse(decodeResult: success, version: HTTP/1.1)
HTTP/1.1 404 Not Found
Content-Length: 821
Content-Type: application/json; charset=utf-8
cache-control: no-cache

14:30:27.129 [AsyncHttpClient-1-8] DEBUG org.asynchttpclient.netty.channel.ChannelManager - Adding key: http://localhost:19691 for channel [id: 0x0fd79672, L:/127.0.0.1:59225 - R:localhost/127.0.0.1:19691]
14:30:27.132 [Forwarding getCurrentUrl on session 412c741e6f4f7ee9b149c7b74800e900 to remote] DEBUG org.asynchttpclient.netty.request.NettyRequestSender - Using pooled Channel '[id: 0x0fd79672, L:/127.0.0.1:59225 - R:localhost/127.0.0.1:19691]' for 'GET' to 'http://localhost:19691/session/412c741e6f4f7ee9b149c7b74800e900/url'
14:30:27.132 [Forwarding getCurrentUrl on session 412c741e6f4f7ee9b149c7b74800e900 to remote] DEBUG org.asynchttpclient.netty.request.NettyRequestSender - Using open Channel [id: 0x0fd79672, L:/127.0.0.1:59225 - R:localhost/127.0.0.1:19691] for GET '/session/412c741e6f4f7ee9b149c7b74800e900/url'
14:30:27.143 [AsyncHttpClient-1-8] DEBUG org.asynchttpclient.netty.handler.HttpHandler - 

Request DefaultFullHttpRequest(decodeResult: success, version: HTTP/1.1, content: EmptyByteBufBE)
GET /session/412c741e6f4f7ee9b149c7b74800e900/url HTTP/1.1
User-Agent: selenium/4.8.1 (java windows)
Cache-Control: no-cache
Content-Type: application/json; charset=utf-8
host: localhost:19691
accept: */*

Response DefaultHttpResponse(decodeResult: success, version: HTTP/1.1)
HTTP/1.1 200 OK
Content-Length: 63
Content-Type: application/json; charset=utf-8
cache-control: no-cache

14:30:27.143 [AsyncHttpClient-1-8] DEBUG org.asynchttpclient.netty.channel.ChannelManager - Adding key: http://localhost:19691 for channel [id: 0x0fd79672, L:/127.0.0.1:59225 - R:localhost/127.0.0.1:19691]
14:30:27.143 [Forwarding screenshot on session 412c741e6f4f7ee9b149c7b74800e900 to remote] DEBUG org.asynchttpclient.netty.request.NettyRequestSender - Using pooled Channel '[id: 0x0fd79672, L:/127.0.0.1:59225 - R:localhost/127.0.0.1:19691]' for 'GET' to 'http://localhost:19691/session/412c741e6f4f7ee9b149c7b74800e900/screenshot'
14:30:27.143 [Forwarding screenshot on session 412c741e6f4f7ee9b149c7b74800e900 to remote] DEBUG org.asynchttpclient.netty.request.NettyRequestSender - Using open Channel [id: 0x0fd79672, L:/127.0.0.1:59225 - R:localhost/127.0.0.1:19691] for GET '/session/412c741e6f4f7ee9b149c7b74800e900/screenshot'
14:30:27.379 [AsyncHttpClient-1-8] DEBUG org.asynchttpclient.netty.handler.HttpHandler - 

Request DefaultFullHttpRequest(decodeResult: success, version: HTTP/1.1, content: EmptyByteBufBE)
GET /session/412c741e6f4f7ee9b149c7b74800e900/screenshot HTTP/1.1
User-Agent: selenium/4.8.1 (java windows)
Cache-Control: no-cache
Content-Type: application/json; charset=utf-8
host: localhost:19691
accept: */*

Response DefaultHttpResponse(decodeResult: success, version: HTTP/1.1)
HTTP/1.1 200 OK
Content-Length: 77012
Content-Type: application/json; charset=utf-8
cache-control: no-cache

14:30:27.379 [AsyncHttpClient-1-8] DEBUG org.asynchttpclient.netty.channel.ChannelManager - Adding key: http://localhost:19691 for channel [id: 0x0fd79672, L:/127.0.0.1:59225 - R:localhost/127.0.0.1:19691]
14:30:27.379 [main] DEBUG net.serenitybdd.core.photography.Darkroom - Send negative for processing for target\site\serenity\79e905d4483cec10d2c9b574af5de5d36c1cf0a05c778c5d64f4ae4c4bc4000d.png
14:30:27.388 [Forwarding getPageSource on session 412c741e6f4f7ee9b149c7b74800e900 to remote] DEBUG org.asynchttpclient.netty.request.NettyRequestSender - Using pooled Channel '[id: 0x0fd79672, L:/127.0.0.1:59225 - R:localhost/127.0.0.1:19691]' for 'POST' to 'http://localhost:19691/session/412c741e6f4f7ee9b149c7b74800e900/execute/sync'
14:30:27.388 [Forwarding getPageSource on session 412c741e6f4f7ee9b149c7b74800e900 to remote] DEBUG org.asynchttpclient.netty.request.NettyRequestSender - Using open Channel [id: 0x0fd79672, L:/127.0.0.1:59225 - R:localhost/127.0.0.1:19691] for POST '/session/412c741e6f4f7ee9b149c7b74800e900/execute/sync'
14:30:27.410 [AsyncHttpClient-1-8] DEBUG org.asynchttpclient.netty.handler.HttpHandler - 

Request DefaultHttpRequest(decodeResult: success, version: HTTP/1.1)
POST /session/412c741e6f4f7ee9b149c7b74800e900/execute/sync HTTP/1.1
User-Agent: selenium/4.8.1 (java windows)
Content-Length: 176
Content-Type: application/json; charset=utf-8
host: localhost:19691
accept: */*

Response DefaultHttpResponse(decodeResult: success, version: HTTP/1.1)
HTTP/1.1 200 OK
Content-Length: 46265
Content-Type: application/json; charset=utf-8
cache-control: no-cache

14:30:27.410 [AsyncHttpClient-1-8] DEBUG org.asynchttpclient.netty.channel.ChannelManager - Adding key: http://localhost:19691 for channel [id: 0x0fd79672, L:/127.0.0.1:59225 - R:localhost/127.0.0.1:19691]
14:30:27.410 [Forwarding getCurrentUrl on session 412c741e6f4f7ee9b149c7b74800e900 to remote] DEBUG org.asynchttpclient.netty.request.NettyRequestSender - Using pooled Channel '[id: 0x0fd79672, L:/127.0.0.1:59225 - R:localhost/127.0.0.1:19691]' for 'GET' to 'http://localhost:19691/session/412c741e6f4f7ee9b149c7b74800e900/url'
14:30:27.410 [Forwarding getCurrentUrl on session 412c741e6f4f7ee9b149c7b74800e900 to remote] DEBUG org.asynchttpclient.netty.request.NettyRequestSender - Using open Channel [id: 0x0fd79672, L:/127.0.0.1:59225 - R:localhost/127.0.0.1:19691] for GET '/session/412c741e6f4f7ee9b149c7b74800e900/url'
14:30:27.431 [AsyncHttpClient-1-8] DEBUG org.asynchttpclient.netty.handler.HttpHandler - 

Request DefaultFullHttpRequest(decodeResult: success, version: HTTP/1.1, content: EmptyByteBufBE)
GET /session/412c741e6f4f7ee9b149c7b74800e900/url HTTP/1.1
User-Agent: selenium/4.8.1 (java windows)
Cache-Control: no-cache
Content-Type: application/json; charset=utf-8
host: localhost:19691
accept: */*

Response DefaultHttpResponse(decodeResult: success, version: HTTP/1.1)
HTTP/1.1 200 OK
Content-Length: 63
Content-Type: application/json; charset=utf-8
cache-control: no-cache

14:30:27.431 [AsyncHttpClient-1-8] DEBUG org.asynchttpclient.netty.channel.ChannelManager - Adding key: http://localhost:19691 for channel [id: 0x0fd79672, L:/127.0.0.1:59225 - R:localhost/127.0.0.1:19691]
14:30:27.431 [main] DEBUG net.thucydides.core.steps.StepInterceptor - STARTING STEP: Afrexim_Signup_steps.click_signup_button - Click_Signup_button
14:30:27.436 [Forwarding findElement on session 412c741e6f4f7ee9b149c7b74800e900 to remote] DEBUG org.asynchttpclient.netty.request.NettyRequestSender - Using pooled Channel '[id: 0x0fd79672, L:/127.0.0.1:59225 - R:localhost/127.0.0.1:19691]' for 'POST' to 'http://localhost:19691/session/412c741e6f4f7ee9b149c7b74800e900/element'
14:30:27.436 [Forwarding findElement on session 412c741e6f4f7ee9b149c7b74800e900 to remote] DEBUG org.asynchttpclient.netty.request.NettyRequestSender - Using open Channel [id: 0x0fd79672, L:/127.0.0.1:59225 - R:localhost/127.0.0.1:19691] for POST '/session/412c741e6f4f7ee9b149c7b74800e900/element'
14:30:27.463 [AsyncHttpClient-1-8] DEBUG org.asynchttpclient.netty.handler.HttpHandler - 

Request DefaultHttpRequest(decodeResult: success, version: HTTP/1.1)
POST /session/412c741e6f4f7ee9b149c7b74800e900/element HTTP/1.1
User-Agent: selenium/4.8.1 (java windows)
Content-Length: 82
Content-Type: application/json; charset=utf-8
host: localhost:19691
accept: */*

Response DefaultHttpResponse(decodeResult: success, version: HTTP/1.1)
HTTP/1.1 200 OK
Content-Length: 96
Content-Type: application/json; charset=utf-8
cache-control: no-cache

14:30:27.463 [AsyncHttpClient-1-8] DEBUG org.asynchttpclient.netty.channel.ChannelManager - Adding key: http://localhost:19691 for channel [id: 0x0fd79672, L:/127.0.0.1:59225 - R:localhost/127.0.0.1:19691]
14:30:27.463 [Forwarding getElementTagName on session 412c741e6f4f7ee9b149c7b74800e900 to remote] DEBUG org.asynchttpclient.netty.request.NettyRequestSender - Using pooled Channel '[id: 0x0fd79672, L:/127.0.0.1:59225 - R:localhost/127.0.0.1:19691]' for 'GET' to 'http://localhost:19691/session/412c741e6f4f7ee9b149c7b74800e900/element/9330F8CD5D18F75156EB4FB715507178_element_718/name'
14:30:27.463 [Forwarding getElementTagName on session 412c741e6f4f7ee9b149c7b74800e900 to remote] DEBUG org.asynchttpclient.netty.request.NettyRequestSender - Using open Channel [id: 0x0fd79672, L:/127.0.0.1:59225 - R:localhost/127.0.0.1:19691] for GET '/session/412c741e6f4f7ee9b149c7b74800e900/element/9330F8CD5D18F75156EB4FB715507178_element_718/name'
14:30:27.473 [AsyncHttpClient-1-8] DEBUG org.asynchttpclient.netty.handler.HttpHandler - 

Request DefaultFullHttpRequest(decodeResult: success, version: HTTP/1.1, content: EmptyByteBufBE)
GET /session/412c741e6f4f7ee9b149c7b74800e900/element/9330F8CD5D18F75156EB4FB715507178_element_718/name HTTP/1.1
User-Agent: selenium/4.8.1 (java windows)
Cache-Control: no-cache
Content-Type: application/json; charset=utf-8
host: localhost:19691
accept: */*

Response DefaultHttpResponse(decodeResult: success, version: HTTP/1.1)
HTTP/1.1 200 OK
Content-Length: 17
Content-Type: application/json; charset=utf-8
cache-control: no-cache

14:30:27.473 [AsyncHttpClient-1-8] DEBUG org.asynchttpclient.netty.channel.ChannelManager - Adding key: http://localhost:19691 for channel [id: 0x0fd79672, L:/127.0.0.1:59225 - R:localhost/127.0.0.1:19691]
14:30:27.473 [Forwarding getElementTagName on session 412c741e6f4f7ee9b149c7b74800e900 to remote] DEBUG org.asynchttpclient.netty.request.NettyRequestSender - Using pooled Channel '[id: 0x0fd79672, L:/127.0.0.1:59225 - R:localhost/127.0.0.1:19691]' for 'GET' to 'http://localhost:19691/session/412c741e6f4f7ee9b149c7b74800e900/element/9330F8CD5D18F75156EB4FB715507178_element_718/name'
14:30:27.473 [Forwarding getElementTagName on session 412c741e6f4f7ee9b149c7b74800e900 to remote] DEBUG org.asynchttpclient.netty.request.NettyRequestSender - Using open Channel [id: 0x0fd79672, L:/127.0.0.1:59225 - R:localhost/127.0.0.1:19691] for GET '/session/412c741e6f4f7ee9b149c7b74800e900/element/9330F8CD5D18F75156EB4FB715507178_element_718/name'
14:30:27.489 [AsyncHttpClient-1-8] DEBUG org.asynchttpclient.netty.handler.HttpHandler - 

Request DefaultFullHttpRequest(decodeResult: success, version: HTTP/1.1, content: EmptyByteBufBE)
GET /session/412c741e6f4f7ee9b149c7b74800e900/element/9330F8CD5D18F75156EB4FB715507178_element_718/name HTTP/1.1
User-Agent: selenium/4.8.1 (java windows)
Cache-Control: no-cache
Content-Type: application/json; charset=utf-8
host: localhost:19691
accept: */*

Response DefaultHttpResponse(decodeResult: success, version: HTTP/1.1)
HTTP/1.1 200 OK
Content-Length: 17
Content-Type: application/json; charset=utf-8
cache-control: no-cache

14:30:27.489 [AsyncHttpClient-1-8] DEBUG org.asynchttpclient.netty.channel.ChannelManager - Adding key: http://localhost:19691 for channel [id: 0x0fd79672, L:/127.0.0.1:59225 - R:localhost/127.0.0.1:19691]
14:30:27.494 [Forwarding isElementEnabled on session 412c741e6f4f7ee9b149c7b74800e900 to remote] DEBUG org.asynchttpclient.netty.request.NettyRequestSender - Using pooled Channel '[id: 0x0fd79672, L:/127.0.0.1:59225 - R:localhost/127.0.0.1:19691]' for 'GET' to 'http://localhost:19691/session/412c741e6f4f7ee9b149c7b74800e900/element/9330F8CD5D18F75156EB4FB715507178_element_718/enabled'
14:30:27.494 [Forwarding isElementEnabled on session 412c741e6f4f7ee9b149c7b74800e900 to remote] DEBUG org.asynchttpclient.netty.request.NettyRequestSender - Using open Channel [id: 0x0fd79672, L:/127.0.0.1:59225 - R:localhost/127.0.0.1:19691] for GET '/session/412c741e6f4f7ee9b149c7b74800e900/element/9330F8CD5D18F75156EB4FB715507178_element_718/enabled'
14:30:27.505 [AsyncHttpClient-1-8] DEBUG org.asynchttpclient.netty.handler.HttpHandler - 

Request DefaultFullHttpRequest(decodeResult: success, version: HTTP/1.1, content: EmptyByteBufBE)
GET /session/412c741e6f4f7ee9b149c7b74800e900/element/9330F8CD5D18F75156EB4FB715507178_element_718/enabled HTTP/1.1
User-Agent: selenium/4.8.1 (java windows)
Cache-Control: no-cache
Content-Type: application/json; charset=utf-8
host: localhost:19691
accept: */*

Response DefaultHttpResponse(decodeResult: success, version: HTTP/1.1)
HTTP/1.1 200 OK
Content-Length: 14
Content-Type: application/json; charset=utf-8
cache-control: no-cache

14:30:27.505 [AsyncHttpClient-1-8] DEBUG org.asynchttpclient.netty.channel.ChannelManager - Adding key: http://localhost:19691 for channel [id: 0x0fd79672, L:/127.0.0.1:59225 - R:localhost/127.0.0.1:19691]
14:30:27.505 [Forwarding isElementEnabled on session 412c741e6f4f7ee9b149c7b74800e900 to remote] DEBUG org.asynchttpclient.netty.request.NettyRequestSender - Using pooled Channel '[id: 0x0fd79672, L:/127.0.0.1:59225 - R:localhost/127.0.0.1:19691]' for 'GET' to 'http://localhost:19691/session/412c741e6f4f7ee9b149c7b74800e900/element/9330F8CD5D18F75156EB4FB715507178_element_718/enabled'
14:30:27.505 [Forwarding isElementEnabled on session 412c741e6f4f7ee9b149c7b74800e900 to remote] DEBUG org.asynchttpclient.netty.request.NettyRequestSender - Using open Channel [id: 0x0fd79672, L:/127.0.0.1:59225 - R:localhost/127.0.0.1:19691] for GET '/session/412c741e6f4f7ee9b149c7b74800e900/element/9330F8CD5D18F75156EB4FB715507178_element_718/enabled'
14:30:27.521 [AsyncHttpClient-1-8] DEBUG org.asynchttpclient.netty.handler.HttpHandler - 

Request DefaultFullHttpRequest(decodeResult: success, version: HTTP/1.1, content: EmptyByteBufBE)
GET /session/412c741e6f4f7ee9b149c7b74800e900/element/9330F8CD5D18F75156EB4FB715507178_element_718/enabled HTTP/1.1
User-Agent: selenium/4.8.1 (java windows)
Cache-Control: no-cache
Content-Type: application/json; charset=utf-8
host: localhost:19691
accept: */*

Response DefaultHttpResponse(decodeResult: success, version: HTTP/1.1)
HTTP/1.1 200 OK
Content-Length: 14
Content-Type: application/json; charset=utf-8
cache-control: no-cache

14:30:27.521 [AsyncHttpClient-1-8] DEBUG org.asynchttpclient.netty.channel.ChannelManager - Adding key: http://localhost:19691 for channel [id: 0x0fd79672, L:/127.0.0.1:59225 - R:localhost/127.0.0.1:19691]
14:30:27.526 [Forwarding findElement on session 412c741e6f4f7ee9b149c7b74800e900 to remote] DEBUG org.asynchttpclient.netty.request.NettyRequestSender - Using pooled Channel '[id: 0x0fd79672, L:/127.0.0.1:59225 - R:localhost/127.0.0.1:19691]' for 'POST' to 'http://localhost:19691/session/412c741e6f4f7ee9b149c7b74800e900/element'
14:30:27.526 [Forwarding findElement on session 412c741e6f4f7ee9b149c7b74800e900 to remote] DEBUG org.asynchttpclient.netty.request.NettyRequestSender - Using open Channel [id: 0x0fd79672, L:/127.0.0.1:59225 - R:localhost/127.0.0.1:19691] for POST '/session/412c741e6f4f7ee9b149c7b74800e900/element'
14:30:27.537 [AsyncHttpClient-1-8] DEBUG org.asynchttpclient.netty.handler.HttpHandler - 

Request DefaultHttpRequest(decodeResult: success, version: HTTP/1.1)
POST /session/412c741e6f4f7ee9b149c7b74800e900/element HTTP/1.1
User-Agent: selenium/4.8.1 (java windows)
Content-Length: 82
Content-Type: application/json; charset=utf-8
host: localhost:19691
accept: */*

Response DefaultHttpResponse(decodeResult: success, version: HTTP/1.1)
HTTP/1.1 200 OK
Content-Length: 96
Content-Type: application/json; charset=utf-8
cache-control: no-cache

14:30:27.537 [AsyncHttpClient-1-8] DEBUG org.asynchttpclient.netty.channel.ChannelManager - Adding key: http://localhost:19691 for channel [id: 0x0fd79672, L:/127.0.0.1:59225 - R:localhost/127.0.0.1:19691]
14:30:27.537 [Forwarding clickElement on session 412c741e6f4f7ee9b149c7b74800e900 to remote] DEBUG org.asynchttpclient.netty.request.NettyRequestSender - Using pooled Channel '[id: 0x0fd79672, L:/127.0.0.1:59225 - R:localhost/127.0.0.1:19691]' for 'POST' to 'http://localhost:19691/session/412c741e6f4f7ee9b149c7b74800e900/element/9330F8CD5D18F75156EB4FB715507178_element_718/click'
14:30:27.537 [Forwarding clickElement on session 412c741e6f4f7ee9b149c7b74800e900 to remote] DEBUG org.asynchttpclient.netty.request.NettyRequestSender - Using open Channel [id: 0x0fd79672, L:/127.0.0.1:59225 - R:localhost/127.0.0.1:19691] for POST '/session/412c741e6f4f7ee9b149c7b74800e900/element/9330F8CD5D18F75156EB4FB715507178_element_718/click'
14:30:27.722 [AsyncHttpClient-1-8] DEBUG org.asynchttpclient.netty.handler.HttpHandler - 

Request DefaultHttpRequest(decodeResult: success, version: HTTP/1.1)
POST /session/412c741e6f4f7ee9b149c7b74800e900/element/9330F8CD5D18F75156EB4FB715507178_element_718/click HTTP/1.1
User-Agent: selenium/4.8.1 (java windows)
Content-Length: 58
Content-Type: application/json; charset=utf-8
host: localhost:19691
accept: */*

Response DefaultHttpResponse(decodeResult: success, version: HTTP/1.1)
HTTP/1.1 200 OK
Content-Length: 14
Content-Type: application/json; charset=utf-8
cache-control: no-cache

14:30:27.722 [AsyncHttpClient-1-8] DEBUG org.asynchttpclient.netty.channel.ChannelManager - Adding key: http://localhost:19691 for channel [id: 0x0fd79672, L:/127.0.0.1:59225 - R:localhost/127.0.0.1:19691]
14:30:27.741 [Forwarding getAlertText on session 412c741e6f4f7ee9b149c7b74800e900 to remote] DEBUG org.asynchttpclient.netty.request.NettyRequestSender - Using pooled Channel '[id: 0x0fd79672, L:/127.0.0.1:59225 - R:localhost/127.0.0.1:19691]' for 'GET' to 'http://localhost:19691/session/412c741e6f4f7ee9b149c7b74800e900/alert/text'
14:30:27.741 [Forwarding getAlertText on session 412c741e6f4f7ee9b149c7b74800e900 to remote] DEBUG org.asynchttpclient.netty.request.NettyRequestSender - Using open Channel [id: 0x0fd79672, L:/127.0.0.1:59225 - R:localhost/127.0.0.1:19691] for GET '/session/412c741e6f4f7ee9b149c7b74800e900/alert/text'
14:30:27.741 [AsyncHttpClient-1-8] DEBUG org.asynchttpclient.netty.handler.HttpHandler - 

Request DefaultFullHttpRequest(decodeResult: success, version: HTTP/1.1, content: EmptyByteBufBE)
GET /session/412c741e6f4f7ee9b149c7b74800e900/alert/text HTTP/1.1
User-Agent: selenium/4.8.1 (java windows)
Cache-Control: no-cache
Content-Type: application/json; charset=utf-8
host: localhost:19691
accept: */*

Response DefaultHttpResponse(decodeResult: success, version: HTTP/1.1)
HTTP/1.1 404 Not Found
Content-Length: 821
Content-Type: application/json; charset=utf-8
cache-control: no-cache

14:30:27.741 [AsyncHttpClient-1-8] DEBUG org.asynchttpclient.netty.channel.ChannelManager - Adding key: http://localhost:19691 for channel [id: 0x0fd79672, L:/127.0.0.1:59225 - R:localhost/127.0.0.1:19691]
14:30:27.751 [Forwarding getCurrentUrl on session 412c741e6f4f7ee9b149c7b74800e900 to remote] DEBUG org.asynchttpclient.netty.request.NettyRequestSender - Using pooled Channel '[id: 0x0fd79672, L:/127.0.0.1:59225 - R:localhost/127.0.0.1:19691]' for 'GET' to 'http://localhost:19691/session/412c741e6f4f7ee9b149c7b74800e900/url'
14:30:27.751 [Forwarding getCurrentUrl on session 412c741e6f4f7ee9b149c7b74800e900 to remote] DEBUG org.asynchttpclient.netty.request.NettyRequestSender - Using open Channel [id: 0x0fd79672, L:/127.0.0.1:59225 - R:localhost/127.0.0.1:19691] for GET '/session/412c741e6f4f7ee9b149c7b74800e900/url'
14:30:27.788 [AsyncHttpClient-1-8] DEBUG org.asynchttpclient.netty.handler.HttpHandler - 

Request DefaultFullHttpRequest(decodeResult: success, version: HTTP/1.1, content: EmptyByteBufBE)
GET /session/412c741e6f4f7ee9b149c7b74800e900/url HTTP/1.1
User-Agent: selenium/4.8.1 (java windows)
Cache-Control: no-cache
Content-Type: application/json; charset=utf-8
host: localhost:19691
accept: */*

Response DefaultHttpResponse(decodeResult: success, version: HTTP/1.1)
HTTP/1.1 200 OK
Content-Length: 63
Content-Type: application/json; charset=utf-8
cache-control: no-cache

14:30:27.788 [AsyncHttpClient-1-8] DEBUG org.asynchttpclient.netty.channel.ChannelManager - Adding key: http://localhost:19691 for channel [id: 0x0fd79672, L:/127.0.0.1:59225 - R:localhost/127.0.0.1:19691]
14:30:27.790 [Forwarding screenshot on session 412c741e6f4f7ee9b149c7b74800e900 to remote] DEBUG org.asynchttpclient.netty.request.NettyRequestSender - Using pooled Channel '[id: 0x0fd79672, L:/127.0.0.1:59225 - R:localhost/127.0.0.1:19691]' for 'GET' to 'http://localhost:19691/session/412c741e6f4f7ee9b149c7b74800e900/screenshot'
14:30:27.790 [Forwarding screenshot on session 412c741e6f4f7ee9b149c7b74800e900 to remote] DEBUG org.asynchttpclient.netty.request.NettyRequestSender - Using open Channel [id: 0x0fd79672, L:/127.0.0.1:59225 - R:localhost/127.0.0.1:19691] for GET '/session/412c741e6f4f7ee9b149c7b74800e900/screenshot'
14:30:28.310 [AsyncHttpClient-1-8] DEBUG org.asynchttpclient.netty.handler.HttpHandler - 

Request DefaultFullHttpRequest(decodeResult: success, version: HTTP/1.1, content: EmptyByteBufBE)
GET /session/412c741e6f4f7ee9b149c7b74800e900/screenshot HTTP/1.1
User-Agent: selenium/4.8.1 (java windows)
Cache-Control: no-cache
Content-Type: application/json; charset=utf-8
host: localhost:19691
accept: */*

Response DefaultHttpResponse(decodeResult: success, version: HTTP/1.1)
HTTP/1.1 200 OK
Content-Length: 74284
Content-Type: application/json; charset=utf-8
cache-control: no-cache

14:30:28.310 [AsyncHttpClient-1-8] DEBUG org.asynchttpclient.netty.channel.ChannelManager - Adding key: http://localhost:19691 for channel [id: 0x0fd79672, L:/127.0.0.1:59225 - R:localhost/127.0.0.1:19691]
14:30:28.321 [main] DEBUG net.serenitybdd.core.photography.Darkroom - Send negative for processing for target\site\serenity\f0e33854684c2e157faea8197d7cf8ed73e31140608514b8a5988e329f1c072c.png
14:30:28.322 [main] DEBUG net.thucydides.core.steps.StepInterceptor - STEP DONE: Click_Signup_button
14:30:28.322 [Darkroom Processing Line] DEBUG net.serenitybdd.core.photography.DarkroomProcessingLine - Processing screenshot image in /var/screenshots/screenshot-411624322413082826
14:30:28.322 [Darkroom Processing Line] DEBUG net.serenitybdd.core.photography.DarkroomProcessingLine - Saving screenshot to target\site\serenity\f0e33854684c2e157faea8197d7cf8ed73e31140608514b8a5988e329f1c072c.png
14:30:28.349 [Forwarding getPageSource on session 412c741e6f4f7ee9b149c7b74800e900 to remote] DEBUG org.asynchttpclient.netty.request.NettyRequestSender - Using pooled Channel '[id: 0x0fd79672, L:/127.0.0.1:59225 - R:localhost/127.0.0.1:19691]' for 'POST' to 'http://localhost:19691/session/412c741e6f4f7ee9b149c7b74800e900/execute/sync'
14:30:28.349 [Forwarding getPageSource on session 412c741e6f4f7ee9b149c7b74800e900 to remote] DEBUG org.asynchttpclient.netty.request.NettyRequestSender - Using open Channel [id: 0x0fd79672, L:/127.0.0.1:59225 - R:localhost/127.0.0.1:19691] for POST '/session/412c741e6f4f7ee9b149c7b74800e900/execute/sync'
14:30:28.460 [AsyncHttpClient-1-8] DEBUG org.asynchttpclient.netty.handler.HttpHandler - 

Request DefaultHttpRequest(decodeResult: success, version: HTTP/1.1)
POST /session/412c741e6f4f7ee9b149c7b74800e900/execute/sync HTTP/1.1
User-Agent: selenium/4.8.1 (java windows)
Content-Length: 176
Content-Type: application/json; charset=utf-8
host: localhost:19691
accept: */*

Response DefaultHttpResponse(decodeResult: success, version: HTTP/1.1)
HTTP/1.1 200 OK
Content-Length: 46580
Content-Type: application/json; charset=utf-8
cache-control: no-cache

14:30:28.460 [AsyncHttpClient-1-8] DEBUG org.asynchttpclient.netty.channel.ChannelManager - Adding key: http://localhost:19691 for channel [id: 0x0fd79672, L:/127.0.0.1:59225 - R:localhost/127.0.0.1:19691]
14:30:28.470 [Forwarding getCurrentUrl on session 412c741e6f4f7ee9b149c7b74800e900 to remote] DEBUG org.asynchttpclient.netty.request.NettyRequestSender - Using pooled Channel '[id: 0x0fd79672, L:/127.0.0.1:59225 - R:localhost/127.0.0.1:19691]' for 'GET' to 'http://localhost:19691/session/412c741e6f4f7ee9b149c7b74800e900/url'
14:30:28.470 [Forwarding getCurrentUrl on session 412c741e6f4f7ee9b149c7b74800e900 to remote] DEBUG org.asynchttpclient.netty.request.NettyRequestSender - Using open Channel [id: 0x0fd79672, L:/127.0.0.1:59225 - R:localhost/127.0.0.1:19691] for GET '/session/412c741e6f4f7ee9b149c7b74800e900/url'
14:30:28.532 [AsyncHttpClient-1-8] DEBUG org.asynchttpclient.netty.handler.HttpHandler - 

Request DefaultFullHttpRequest(decodeResult: success, version: HTTP/1.1, content: EmptyByteBufBE)
GET /session/412c741e6f4f7ee9b149c7b74800e900/url HTTP/1.1
User-Agent: selenium/4.8.1 (java windows)
Cache-Control: no-cache
Content-Type: application/json; charset=utf-8
host: localhost:19691
accept: */*

Response DefaultHttpResponse(decodeResult: success, version: HTTP/1.1)
HTTP/1.1 200 OK
Content-Length: 63
Content-Type: application/json; charset=utf-8
cache-control: no-cache

14:30:28.532 [AsyncHttpClient-1-8] DEBUG org.asynchttpclient.netty.channel.ChannelManager - Adding key: http://localhost:19691 for channel [id: 0x0fd79672, L:/127.0.0.1:59225 - R:localhost/127.0.0.1:19691]
14:30:28.559 [Forwarding getAlertText on session 412c741e6f4f7ee9b149c7b74800e900 to remote] DEBUG org.asynchttpclient.netty.request.NettyRequestSender - Using pooled Channel '[id: 0x0fd79672, L:/127.0.0.1:59225 - R:localhost/127.0.0.1:19691]' for 'GET' to 'http://localhost:19691/session/412c741e6f4f7ee9b149c7b74800e900/alert/text'
14:30:28.559 [Forwarding getAlertText on session 412c741e6f4f7ee9b149c7b74800e900 to remote] DEBUG org.asynchttpclient.netty.request.NettyRequestSender - Using open Channel [id: 0x0fd79672, L:/127.0.0.1:59225 - R:localhost/127.0.0.1:19691] for GET '/session/412c741e6f4f7ee9b149c7b74800e900/alert/text'
14:30:28.572 [AsyncHttpClient-1-8] DEBUG org.asynchttpclient.netty.handler.HttpHandler - 

Request DefaultFullHttpRequest(decodeResult: success, version: HTTP/1.1, content: EmptyByteBufBE)
GET /session/412c741e6f4f7ee9b149c7b74800e900/alert/text HTTP/1.1
User-Agent: selenium/4.8.1 (java windows)
Cache-Control: no-cache
Content-Type: application/json; charset=utf-8
host: localhost:19691
accept: */*

Response DefaultHttpResponse(decodeResult: success, version: HTTP/1.1)
HTTP/1.1 404 Not Found
Content-Length: 821
Content-Type: application/json; charset=utf-8
cache-control: no-cache

14:30:28.572 [AsyncHttpClient-1-8] DEBUG org.asynchttpclient.netty.channel.ChannelManager - Adding key: http://localhost:19691 for channel [id: 0x0fd79672, L:/127.0.0.1:59225 - R:localhost/127.0.0.1:19691]
14:30:28.575 [Forwarding getCurrentUrl on session 412c741e6f4f7ee9b149c7b74800e900 to remote] DEBUG org.asynchttpclient.netty.request.NettyRequestSender - Using pooled Channel '[id: 0x0fd79672, L:/127.0.0.1:59225 - R:localhost/127.0.0.1:19691]' for 'GET' to 'http://localhost:19691/session/412c741e6f4f7ee9b149c7b74800e900/url'
14:30:28.575 [Forwarding getCurrentUrl on session 412c741e6f4f7ee9b149c7b74800e900 to remote] DEBUG org.asynchttpclient.netty.request.NettyRequestSender - Using open Channel [id: 0x0fd79672, L:/127.0.0.1:59225 - R:localhost/127.0.0.1:19691] for GET '/session/412c741e6f4f7ee9b149c7b74800e900/url'
14:30:28.606 [AsyncHttpClient-1-8] DEBUG org.asynchttpclient.netty.handler.HttpHandler - 

Request DefaultFullHttpRequest(decodeResult: success, version: HTTP/1.1, content: EmptyByteBufBE)
GET /session/412c741e6f4f7ee9b149c7b74800e900/url HTTP/1.1
User-Agent: selenium/4.8.1 (java windows)
Cache-Control: no-cache
Content-Type: application/json; charset=utf-8
host: localhost:19691
accept: */*

Response DefaultHttpResponse(decodeResult: success, version: HTTP/1.1)
HTTP/1.1 200 OK
Content-Length: 63
Content-Type: application/json; charset=utf-8
cache-control: no-cache

14:30:28.606 [AsyncHttpClient-1-8] DEBUG org.asynchttpclient.netty.channel.ChannelManager - Adding key: http://localhost:19691 for channel [id: 0x0fd79672, L:/127.0.0.1:59225 - R:localhost/127.0.0.1:19691]
14:30:28.606 [Forwarding screenshot on session 412c741e6f4f7ee9b149c7b74800e900 to remote] DEBUG org.asynchttpclient.netty.request.NettyRequestSender - Using pooled Channel '[id: 0x0fd79672, L:/127.0.0.1:59225 - R:localhost/127.0.0.1:19691]' for 'GET' to 'http://localhost:19691/session/412c741e6f4f7ee9b149c7b74800e900/screenshot'
14:30:28.606 [Forwarding screenshot on session 412c741e6f4f7ee9b149c7b74800e900 to remote] DEBUG org.asynchttpclient.netty.request.NettyRequestSender - Using open Channel [id: 0x0fd79672, L:/127.0.0.1:59225 - R:localhost/127.0.0.1:19691] for GET '/session/412c741e6f4f7ee9b149c7b74800e900/screenshot'
14:30:28.871 [AsyncHttpClient-1-8] DEBUG org.asynchttpclient.netty.handler.HttpHandler - 

Request DefaultFullHttpRequest(decodeResult: success, version: HTTP/1.1, content: EmptyByteBufBE)
GET /session/412c741e6f4f7ee9b149c7b74800e900/screenshot HTTP/1.1
User-Agent: selenium/4.8.1 (java windows)
Cache-Control: no-cache
Content-Type: application/json; charset=utf-8
host: localhost:19691
accept: */*

Response DefaultHttpResponse(decodeResult: success, version: HTTP/1.1)
HTTP/1.1 200 OK
Content-Length: 87452
Content-Type: application/json; charset=utf-8
cache-control: no-cache

14:30:28.873 [AsyncHttpClient-1-8] DEBUG org.asynchttpclient.netty.channel.ChannelManager - Adding key: http://localhost:19691 for channel [id: 0x0fd79672, L:/127.0.0.1:59225 - R:localhost/127.0.0.1:19691]
14:30:28.873 [main] DEBUG net.serenitybdd.core.photography.Darkroom - Send negative for processing for target\site\serenity\92c504f4709f71830883b3d41725acd101664f152b16ef9a6477c14104a364c8.png
14:30:28.873 [Darkroom Processing Line] DEBUG net.serenitybdd.core.photography.DarkroomProcessingLine - Processing screenshot image in /var/screenshots/screenshot-1082437569105344545
14:30:28.873 [Darkroom Processing Line] DEBUG net.serenitybdd.core.photography.DarkroomProcessingLine - Saving screenshot to target\site\serenity\92c504f4709f71830883b3d41725acd101664f152b16ef9a6477c14104a364c8.png
14:30:28.882 [Forwarding getPageSource on session 412c741e6f4f7ee9b149c7b74800e900 to remote] DEBUG org.asynchttpclient.netty.request.NettyRequestSender - Using pooled Channel '[id: 0x0fd79672, L:/127.0.0.1:59225 - R:localhost/127.0.0.1:19691]' for 'POST' to 'http://localhost:19691/session/412c741e6f4f7ee9b149c7b74800e900/execute/sync'
14:30:28.882 [Forwarding getPageSource on session 412c741e6f4f7ee9b149c7b74800e900 to remote] DEBUG org.asynchttpclient.netty.request.NettyRequestSender - Using open Channel [id: 0x0fd79672, L:/127.0.0.1:59225 - R:localhost/127.0.0.1:19691] for POST '/session/412c741e6f4f7ee9b149c7b74800e900/execute/sync'
14:30:28.902 [AsyncHttpClient-1-8] DEBUG org.asynchttpclient.netty.handler.HttpHandler - 

Request DefaultHttpRequest(decodeResult: success, version: HTTP/1.1)
POST /session/412c741e6f4f7ee9b149c7b74800e900/execute/sync HTTP/1.1
User-Agent: selenium/4.8.1 (java windows)
Content-Length: 176
Content-Type: application/json; charset=utf-8
host: localhost:19691
accept: */*

Response DefaultHttpResponse(decodeResult: success, version: HTTP/1.1)
HTTP/1.1 200 OK
Content-Length: 46580
Content-Type: application/json; charset=utf-8
cache-control: no-cache

14:30:28.902 [AsyncHttpClient-1-8] DEBUG org.asynchttpclient.netty.channel.ChannelManager - Adding key: http://localhost:19691 for channel [id: 0x0fd79672, L:/127.0.0.1:59225 - R:localhost/127.0.0.1:19691]
14:30:28.918 [Forwarding getCurrentUrl on session 412c741e6f4f7ee9b149c7b74800e900 to remote] DEBUG org.asynchttpclient.netty.request.NettyRequestSender - Using pooled Channel '[id: 0x0fd79672, L:/127.0.0.1:59225 - R:localhost/127.0.0.1:19691]' for 'GET' to 'http://localhost:19691/session/412c741e6f4f7ee9b149c7b74800e900/url'
14:30:28.918 [Forwarding getCurrentUrl on session 412c741e6f4f7ee9b149c7b74800e900 to remote] DEBUG org.asynchttpclient.netty.request.NettyRequestSender - Using open Channel [id: 0x0fd79672, L:/127.0.0.1:59225 - R:localhost/127.0.0.1:19691] for GET '/session/412c741e6f4f7ee9b149c7b74800e900/url'
14:30:28.936 [AsyncHttpClient-1-8] DEBUG org.asynchttpclient.netty.handler.HttpHandler - 

Request DefaultFullHttpRequest(decodeResult: success, version: HTTP/1.1, content: EmptyByteBufBE)
GET /session/412c741e6f4f7ee9b149c7b74800e900/url HTTP/1.1
User-Agent: selenium/4.8.1 (java windows)
Cache-Control: no-cache
Content-Type: application/json; charset=utf-8
host: localhost:19691
accept: */*

Response DefaultHttpResponse(decodeResult: success, version: HTTP/1.1)
HTTP/1.1 200 OK
Content-Length: 63
Content-Type: application/json; charset=utf-8
cache-control: no-cache

14:30:28.936 [AsyncHttpClient-1-8] DEBUG org.asynchttpclient.netty.channel.ChannelManager - Adding key: http://localhost:19691 for channel [id: 0x0fd79672, L:/127.0.0.1:59225 - R:localhost/127.0.0.1:19691]
14:30:28.940 [main] DEBUG net.thucydides.core.steps.StepInterceptor - STARTING STEP: Afrexim_Signup_steps.verify_registration_confirmation_page - Verify_Registration_Confirmation_page
14:30:28.940 [Forwarding findElement on session 412c741e6f4f7ee9b149c7b74800e900 to remote] DEBUG org.asynchttpclient.netty.request.NettyRequestSender - Using pooled Channel '[id: 0x0fd79672, L:/127.0.0.1:59225 - R:localhost/127.0.0.1:19691]' for 'POST' to 'http://localhost:19691/session/412c741e6f4f7ee9b149c7b74800e900/element'
14:30:28.940 [Forwarding findElement on session 412c741e6f4f7ee9b149c7b74800e900 to remote] DEBUG org.asynchttpclient.netty.request.NettyRequestSender - Using open Channel [id: 0x0fd79672, L:/127.0.0.1:59225 - R:localhost/127.0.0.1:19691] for POST '/session/412c741e6f4f7ee9b149c7b74800e900/element'
14:30:31.015 [AsyncHttpClient-1-8] DEBUG org.asynchttpclient.netty.handler.HttpHandler - 

Request DefaultHttpRequest(decodeResult: success, version: HTTP/1.1)
POST /session/412c741e6f4f7ee9b149c7b74800e900/element HTTP/1.1
User-Agent: selenium/4.8.1 (java windows)
Content-Length: 82
Content-Type: application/json; charset=utf-8
host: localhost:19691
accept: */*

Response DefaultHttpResponse(decodeResult: success, version: HTTP/1.1)
HTTP/1.1 404 Not Found
Content-Length: 956
Content-Type: application/json; charset=utf-8
cache-control: no-cache

14:30:31.015 [AsyncHttpClient-1-8] DEBUG org.asynchttpclient.netty.channel.ChannelManager - Adding key: http://localhost:19691 for channel [id: 0x0fd79672, L:/127.0.0.1:59225 - R:localhost/127.0.0.1:19691]
14:30:31.025 [Forwarding getAlertText on session 412c741e6f4f7ee9b149c7b74800e900 to remote] DEBUG org.asynchttpclient.netty.request.NettyRequestSender - Using pooled Channel '[id: 0x0fd79672, L:/127.0.0.1:59225 - R:localhost/127.0.0.1:19691]' for 'GET' to 'http://localhost:19691/session/412c741e6f4f7ee9b149c7b74800e900/alert/text'
14:30:31.025 [Forwarding getAlertText on session 412c741e6f4f7ee9b149c7b74800e900 to remote] DEBUG org.asynchttpclient.netty.request.NettyRequestSender - Using open Channel [id: 0x0fd79672, L:/127.0.0.1:59225 - R:localhost/127.0.0.1:19691] for GET '/session/412c741e6f4f7ee9b149c7b74800e900/alert/text'
14:30:31.030 [AsyncHttpClient-1-8] DEBUG org.asynchttpclient.netty.handler.HttpHandler - 

Request DefaultFullHttpRequest(decodeResult: success, version: HTTP/1.1, content: EmptyByteBufBE)
GET /session/412c741e6f4f7ee9b149c7b74800e900/alert/text HTTP/1.1
User-Agent: selenium/4.8.1 (java windows)
Cache-Control: no-cache
Content-Type: application/json; charset=utf-8
host: localhost:19691
accept: */*

Response DefaultHttpResponse(decodeResult: success, version: HTTP/1.1)
HTTP/1.1 404 Not Found
Content-Length: 821
Content-Type: application/json; charset=utf-8
cache-control: no-cache

14:30:31.030 [AsyncHttpClient-1-8] DEBUG org.asynchttpclient.netty.channel.ChannelManager - Adding key: http://localhost:19691 for channel [id: 0x0fd79672, L:/127.0.0.1:59225 - R:localhost/127.0.0.1:19691]
14:30:31.030 [Forwarding getCurrentUrl on session 412c741e6f4f7ee9b149c7b74800e900 to remote] DEBUG org.asynchttpclient.netty.request.NettyRequestSender - Using pooled Channel '[id: 0x0fd79672, L:/127.0.0.1:59225 - R:localhost/127.0.0.1:19691]' for 'GET' to 'http://localhost:19691/session/412c741e6f4f7ee9b149c7b74800e900/url'
14:30:31.030 [Forwarding getCurrentUrl on session 412c741e6f4f7ee9b149c7b74800e900 to remote] DEBUG org.asynchttpclient.netty.request.NettyRequestSender - Using open Channel [id: 0x0fd79672, L:/127.0.0.1:59225 - R:localhost/127.0.0.1:19691] for GET '/session/412c741e6f4f7ee9b149c7b74800e900/url'
14:30:31.052 [AsyncHttpClient-1-8] DEBUG org.asynchttpclient.netty.handler.HttpHandler - 

Request DefaultFullHttpRequest(decodeResult: success, version: HTTP/1.1, content: EmptyByteBufBE)
GET /session/412c741e6f4f7ee9b149c7b74800e900/url HTTP/1.1
User-Agent: selenium/4.8.1 (java windows)
Cache-Control: no-cache
Content-Type: application/json; charset=utf-8
host: localhost:19691
accept: */*

Response DefaultHttpResponse(decodeResult: success, version: HTTP/1.1)
HTTP/1.1 200 OK
Content-Length: 63
Content-Type: application/json; charset=utf-8
cache-control: no-cache

14:30:31.052 [AsyncHttpClient-1-8] DEBUG org.asynchttpclient.netty.channel.ChannelManager - Adding key: http://localhost:19691 for channel [id: 0x0fd79672, L:/127.0.0.1:59225 - R:localhost/127.0.0.1:19691]
14:30:31.052 [Forwarding screenshot on session 412c741e6f4f7ee9b149c7b74800e900 to remote] DEBUG org.asynchttpclient.netty.request.NettyRequestSender - Using pooled Channel '[id: 0x0fd79672, L:/127.0.0.1:59225 - R:localhost/127.0.0.1:19691]' for 'GET' to 'http://localhost:19691/session/412c741e6f4f7ee9b149c7b74800e900/screenshot'
14:30:31.052 [Forwarding screenshot on session 412c741e6f4f7ee9b149c7b74800e900 to remote] DEBUG org.asynchttpclient.netty.request.NettyRequestSender - Using open Channel [id: 0x0fd79672, L:/127.0.0.1:59225 - R:localhost/127.0.0.1:19691] for GET '/session/412c741e6f4f7ee9b149c7b74800e900/screenshot'
14:30:31.281 [AsyncHttpClient-1-8] DEBUG org.asynchttpclient.netty.handler.HttpHandler - 

Request DefaultFullHttpRequest(decodeResult: success, version: HTTP/1.1, content: EmptyByteBufBE)
GET /session/412c741e6f4f7ee9b149c7b74800e900/screenshot HTTP/1.1
User-Agent: selenium/4.8.1 (java windows)
Cache-Control: no-cache
Content-Type: application/json; charset=utf-8
host: localhost:19691
accept: */*

Response DefaultHttpResponse(decodeResult: success, version: HTTP/1.1)
HTTP/1.1 200 OK
Content-Length: 87452
Content-Type: application/json; charset=utf-8
cache-control: no-cache

14:30:31.281 [AsyncHttpClient-1-8] DEBUG org.asynchttpclient.netty.channel.ChannelManager - Adding key: http://localhost:19691 for channel [id: 0x0fd79672, L:/127.0.0.1:59225 - R:localhost/127.0.0.1:19691]
14:30:31.286 [main] DEBUG net.serenitybdd.core.photography.Darkroom - Send negative for processing for target\site\serenity\92c504f4709f71830883b3d41725acd101664f152b16ef9a6477c14104a364c8.png
14:30:31.292 [Forwarding getPageSource on session 412c741e6f4f7ee9b149c7b74800e900 to remote] DEBUG org.asynchttpclient.netty.request.NettyRequestSender - Using pooled Channel '[id: 0x0fd79672, L:/127.0.0.1:59225 - R:localhost/127.0.0.1:19691]' for 'POST' to 'http://localhost:19691/session/412c741e6f4f7ee9b149c7b74800e900/execute/sync'
14:30:31.292 [Forwarding getPageSource on session 412c741e6f4f7ee9b149c7b74800e900 to remote] DEBUG org.asynchttpclient.netty.request.NettyRequestSender - Using open Channel [id: 0x0fd79672, L:/127.0.0.1:59225 - R:localhost/127.0.0.1:19691] for POST '/session/412c741e6f4f7ee9b149c7b74800e900/execute/sync'
14:30:31.309 [AsyncHttpClient-1-8] DEBUG org.asynchttpclient.netty.handler.HttpHandler - 

Request DefaultHttpRequest(decodeResult: success, version: HTTP/1.1)
POST /session/412c741e6f4f7ee9b149c7b74800e900/execute/sync HTTP/1.1
User-Agent: selenium/4.8.1 (java windows)
Content-Length: 176
Content-Type: application/json; charset=utf-8
host: localhost:19691
accept: */*

Response DefaultHttpResponse(decodeResult: success, version: HTTP/1.1)
HTTP/1.1 200 OK
Content-Length: 46580
Content-Type: application/json; charset=utf-8
cache-control: no-cache

14:30:31.309 [AsyncHttpClient-1-8] DEBUG org.asynchttpclient.netty.channel.ChannelManager - Adding key: http://localhost:19691 for channel [id: 0x0fd79672, L:/127.0.0.1:59225 - R:localhost/127.0.0.1:19691]
14:30:31.318 [Forwarding getCurrentUrl on session 412c741e6f4f7ee9b149c7b74800e900 to remote] DEBUG org.asynchttpclient.netty.request.NettyRequestSender - Using pooled Channel '[id: 0x0fd79672, L:/127.0.0.1:59225 - R:localhost/127.0.0.1:19691]' for 'GET' to 'http://localhost:19691/session/412c741e6f4f7ee9b149c7b74800e900/url'
14:30:31.318 [Forwarding getCurrentUrl on session 412c741e6f4f7ee9b149c7b74800e900 to remote] DEBUG org.asynchttpclient.netty.request.NettyRequestSender - Using open Channel [id: 0x0fd79672, L:/127.0.0.1:59225 - R:localhost/127.0.0.1:19691] for GET '/session/412c741e6f4f7ee9b149c7b74800e900/url'
14:30:31.325 [AsyncHttpClient-1-8] DEBUG org.asynchttpclient.netty.handler.HttpHandler - 

Request DefaultFullHttpRequest(decodeResult: success, version: HTTP/1.1, content: EmptyByteBufBE)
GET /session/412c741e6f4f7ee9b149c7b74800e900/url HTTP/1.1
User-Agent: selenium/4.8.1 (java windows)
Cache-Control: no-cache
Content-Type: application/json; charset=utf-8
host: localhost:19691
accept: */*

Response DefaultHttpResponse(decodeResult: success, version: HTTP/1.1)
HTTP/1.1 200 OK
Content-Length: 63
Content-Type: application/json; charset=utf-8
cache-control: no-cache

14:30:31.325 [AsyncHttpClient-1-8] DEBUG org.asynchttpclient.netty.channel.ChannelManager - Adding key: http://localhost:19691 for channel [id: 0x0fd79672, L:/127.0.0.1:59225 - R:localhost/127.0.0.1:19691]
14:30:31.372 [AsyncHttpClient-1-2] DEBUG org.asynchttpclient.netty.handler.WebSocketHandler - Channel Closed: [id: 0xa02a48ca, L:/127.0.0.1:59234 ! R:localhost/127.0.0.1:59226] with attribute NettyResponseFuture{currentRetry=0,
	isDone=1,
	isCancelled=0,
	asyncHandler=org.asynchttpclient.ws.WebSocketUpgradeHandler@68b055e3,
	nettyRequest=org.asynchttpclient.netty.request.NettyRequest@7561643b,
	future=java.util.concurrent.CompletableFuture@54294ba8[Completed normally],
	uri=ws://localhost:59226/devtools/browser/2bfb944d-199b-4c09-8e6a-0e3a6a1c086d,
	keepAlive=true,
	redirectCount=0,
	timeoutsHolder=null,
	inAuth=0,
	touch=1689757154174}
14:30:31.372 [AsyncHttpClient-1-2] DEBUG org.asynchttpclient.netty.channel.ChannelManager - Closing Channel [id: 0xa02a48ca, L:/127.0.0.1:59234 ! R:localhost/127.0.0.1:59226] 
14:30:31.372 [Driver Command Executor] DEBUG org.asynchttpclient.netty.request.NettyRequestSender - Using pooled Channel '[id: 0x0fd79672, L:/127.0.0.1:59225 - R:localhost/127.0.0.1:19691]' for 'DELETE' to 'http://localhost:19691/session/412c741e6f4f7ee9b149c7b74800e900'
14:30:31.377 [Driver Command Executor] DEBUG org.asynchttpclient.netty.request.NettyRequestSender - Using open Channel [id: 0x0fd79672, L:/127.0.0.1:59225 - R:localhost/127.0.0.1:19691] for DELETE '/session/412c741e6f4f7ee9b149c7b74800e900'
14:30:31.740 [AsyncHttpClient-1-8] DEBUG org.asynchttpclient.netty.handler.HttpHandler - 

Request DefaultFullHttpRequest(decodeResult: success, version: HTTP/1.1, content: EmptyByteBufBE)
DELETE /session/412c741e6f4f7ee9b149c7b74800e900 HTTP/1.1
User-Agent: selenium/4.8.1 (java windows)
Content-Type: application/json; charset=utf-8
host: localhost:19691
accept: */*

Response DefaultHttpResponse(decodeResult: success, version: HTTP/1.1)
HTTP/1.1 200 OK
Content-Length: 14
Content-Type: application/json; charset=utf-8
cache-control: no-cache

14:30:31.740 [AsyncHttpClient-1-8] DEBUG org.asynchttpclient.netty.channel.ChannelManager - Adding key: http://localhost:19691 for channel [id: 0x0fd79672, L:/127.0.0.1:59225 - R:localhost/127.0.0.1:19691]
14:30:32.068 [AsyncHttpClient-1-8] DEBUG org.asynchttpclient.netty.handler.HttpHandler - Channel Closed: [id: 0x0fd79672, L:/127.0.0.1:59225 ! R:localhost/127.0.0.1:19691] with attribute DISCARD
14:30:32.598 [AsyncHttpClient-1-1] DEBUG org.asynchttpclient.netty.channel.DefaultChannelPool - Entry count for : http://localhost:19691 : 1
14:30:32.598 [AsyncHttpClient-1-1] DEBUG org.asynchttpclient.netty.channel.DefaultChannelPool - Adding Candidate expired Channel [id: 0x0fd79672, L:/127.0.0.1:59225 ! R:localhost/127.0.0.1:19691] isIdleTimeoutExpired=false isRemotelyClosed=true isTtlExpired=false
14:30:32.598 [AsyncHttpClient-1-1] DEBUG org.asynchttpclient.netty.channel.DefaultChannelPool - Closing Idle Channel [id: 0x0fd79672, L:/127.0.0.1:59225 ! R:localhost/127.0.0.1:19691]
14:30:32.598 [AsyncHttpClient-1-1] DEBUG org.asynchttpclient.netty.channel.DefaultChannelPool - Closed 1 connections out of 1 in 0 ms
14:30:32.604 [main] ERROR  - 
  _____   ___   ___   _____     ___     _     ___   _      ___   ___  
 |_   _| | __| / __| |_   _|   | __|   /_\   |_ _| | |    | __| |   \ 
   | |   | _|  \__ \   | |     | _|   / _ \   | |  | |__  | _|  | |) |
   |_|   |___| |___/   |_|     |_|   /_/ \_\ |___| |____| |___| |___/ 

To validate the signup functionality
-----------------------------------------------------------------------
14:30:32.604 [main] DEBUG  - RELATED ISSUES: 
14:30:32.604 [main] ERROR  -     Test failed at step: Verify registration confirmation page
14:30:32.604 [main] ERROR  -     Field should be present
]]></system-out>
    <system-err><![CDATA[Starting ChromeDriver 114.0.5735.90 (386bc09e8f4f2e025eddae123f36f6263096ae49-refs/branch-heads/5735@{#1052}) on port 19691
Only local connections are allowed.
Please see https://chromedriver.chromium.org/security-considerations for suggestions on keeping ChromeDriver safe.
ChromeDriver was started successfully.
Jul 19, 2023 2:29:14 PM org.openqa.selenium.devtools.CdpVersionFinder findNearestMatch
WARNING: Unable to find an exact match for CDP version 114, so returning the closest version found: 110
]]></system-err>
  </testcase>
  <testcase name="To test the need help functionality" classname="To verify the need help functionality" time="43.49">
    <system-out><![CDATA[14:30:32.615 [main] DEBUG io.cucumber.core.plugin.SerenityReporter - Running feature from file:///C:/Users/hp/eclipse-workspace/AfreximBank_SerenityBDD_Framework/src/test/resources/Afrexim_features/Afrexim_needhelp.feature
14:30:32.615 [main] WARN io.cucumber.core.plugin.SerenityReporter - Feature from file:///C:/Users/hp/eclipse-workspace/AfreximBank_SerenityBDD_Framework/src/test/resources/Afrexim_features/Afrexim_needhelp.feature is not under the 'features' directory. Requirements report will not be correctly generated!
14:30:32.615 [main] DEBUG net.thucydides.core.steps.StepEventBus - Test suite started for story net.thucydides.core.model.Story@1df43188
14:30:32.615 [main] INFO  - Test Suite Started: To verify the need help functionality
14:30:32.657 [main] DEBUG io.cucumber.core.plugin.SerenityReporter - Running feature from file:///C:/Users/hp/eclipse-workspace/AfreximBank_SerenityBDD_Framework/src/test/resources/Afrexim_features/Afrexim_needhelp.feature
14:30:32.657 [main] WARN io.cucumber.core.plugin.SerenityReporter - Feature from file:///C:/Users/hp/eclipse-workspace/AfreximBank_SerenityBDD_Framework/src/test/resources/Afrexim_features/Afrexim_needhelp.feature is not under the 'features' directory. Requirements report will not be correctly generated!
14:30:32.662 [main] INFO  - 
  _____   ___   ___   _____     ___   _____     _     ___   _____   ___   ___  
 |_   _| | __| / __| |_   _|   / __| |_   _|   /_\   | _ \ |_   _| | __| |   \ 
   | |   | _|  \__ \   | |     \__ \   | |    / _ \  |   /   | |   | _|  | |) |
   |_|   |___| |___/   |_|     |___/   |_|   /_/ \_\ |_|_\   |_|   |___| |___/ 

To test the need help functionality(to-verify-the-need-help-functionality;to-test-the-need-help-functionality)
--------------------------------------------------------------------------------
14:30:32.805 [main] INFO net.serenitybdd.core.webdriver.driverproviders.ChromeDriverProvider - Starting Chrome driver instance with capabilities:
14:30:32.805 [main] INFO net.serenitybdd.core.webdriver.driverproviders.ChromeDriverProvider - Capabilities {acceptInsecureCerts: false, browserName: chrome, goog:chromeOptions: {args: [remote-allow-origins=*], extensions: []}}
14:30:33.970 [AsyncHttpClient-1-3] DEBUG org.asynchttpclient.netty.channel.NettyConnectListener - Using new Channel '[id: 0xc90c1430, L:/127.0.0.1:59275 - R:localhost/127.0.0.1:11155]' for 'POST' to '/session'
14:30:35.999 [AsyncHttpClient-1-3] DEBUG org.asynchttpclient.netty.handler.HttpHandler - 

Request DefaultHttpRequest(decodeResult: success, version: HTTP/1.1)
POST /session HTTP/1.1
User-Agent: selenium/4.8.1 (java windows)
Content-Length: 507
Content-Type: application/json; charset=utf-8
host: localhost:11155
accept: */*

Response DefaultHttpResponse(decodeResult: success, version: HTTP/1.1)
HTTP/1.1 200 OK
Content-Length: 858
Content-Type: application/json; charset=utf-8
cache-control: no-cache

14:30:35.999 [AsyncHttpClient-1-3] DEBUG org.asynchttpclient.netty.channel.ChannelManager - Adding key: http://localhost:11155 for channel [id: 0xc90c1430, L:/127.0.0.1:59275 - R:localhost/127.0.0.1:11155]
14:30:36.071 [AsyncHttpClient-1-4] DEBUG org.asynchttpclient.netty.channel.NettyConnectListener - Using new Channel '[id: 0xdb1207c8, L:/127.0.0.1:59281 - R:localhost/127.0.0.1:59276]' for 'GET' to '/json/version'
14:30:36.072 [AsyncHttpClient-1-4] DEBUG org.asynchttpclient.netty.handler.HttpHandler - 

Request DefaultFullHttpRequest(decodeResult: success, version: HTTP/1.1, content: EmptyByteBufBE)
GET /json/version HTTP/1.1
User-Agent: selenium/4.8.1 (java windows)
host: localhost:59276
accept: */*

Response DefaultHttpResponse(decodeResult: success, version: HTTP/1.1)
HTTP/1.1 200 OK
Content-Security-Policy: frame-ancestors 'none'
Content-Length: 424
Content-Type: application/json; charset=UTF-8

14:30:36.072 [AsyncHttpClient-1-4] DEBUG org.asynchttpclient.netty.channel.ChannelManager - Adding key: http://localhost:59276 for channel [id: 0xdb1207c8, L:/127.0.0.1:59281 - R:localhost/127.0.0.1:59276]
14:30:36.080 [AsyncHttpClient-1-5] DEBUG org.asynchttpclient.netty.channel.NettyConnectListener - Using new Channel '[id: 0xe6dfbf83, L:/127.0.0.1:59282 - R:localhost/127.0.0.1:59276]' for 'GET' to '/devtools/browser/2b09e438-a9d2-41be-8666-b57891b6c403'
14:30:36.081 [AsyncHttpClient-1-5] DEBUG org.asynchttpclient.netty.handler.WebSocketHandler - 

Request DefaultFullHttpRequest(decodeResult: success, version: HTTP/1.1, content: EmptyByteBufBE)
GET /devtools/browser/2b09e438-a9d2-41be-8666-b57891b6c403 HTTP/1.1
upgrade: websocket
connection: upgrade
sec-websocket-key: K56Z5m+tLHFlyMz5/pgzDQ==
sec-websocket-version: 13
origin: http://localhost:59276
host: localhost:59276
accept: */*
user-agent: AHC/2.1

Response DefaultHttpResponse(decodeResult: success, version: HTTP/1.1)
HTTP/1.1 101 WebSocket Protocol Handshake
Upgrade: WebSocket
Connection: Upgrade
Sec-WebSocket-Accept: nkdipTkWqFJcIQ0jYnNZfycPfe8=

14:30:36.137 [Forwarding get on session d39eb201903141e7e7f8491d69e95641 to remote] DEBUG org.asynchttpclient.netty.request.NettyRequestSender - Using pooled Channel '[id: 0xc90c1430, L:/127.0.0.1:59275 - R:localhost/127.0.0.1:11155]' for 'POST' to 'http://localhost:11155/session/d39eb201903141e7e7f8491d69e95641/url'
14:30:36.137 [Forwarding get on session d39eb201903141e7e7f8491d69e95641 to remote] DEBUG org.asynchttpclient.netty.request.NettyRequestSender - Using open Channel [id: 0xc90c1430, L:/127.0.0.1:59275 - R:localhost/127.0.0.1:11155] for POST '/session/d39eb201903141e7e7f8491d69e95641/url'
14:30:36.989 [AsyncHttpClient-1-1] DEBUG org.asynchttpclient.netty.channel.DefaultChannelPool - Entry count for : http://localhost:59276 : 1
14:30:38.090 [AsyncHttpClient-1-1] DEBUG org.asynchttpclient.netty.channel.DefaultChannelPool - Entry count for : http://localhost:59276 : 1
14:30:39.187 [AsyncHttpClient-1-1] DEBUG org.asynchttpclient.netty.channel.DefaultChannelPool - Entry count for : http://localhost:59276 : 1
14:30:40.289 [AsyncHttpClient-1-1] DEBUG org.asynchttpclient.netty.channel.DefaultChannelPool - Entry count for : http://localhost:59276 : 1
14:30:40.871 [AsyncHttpClient-1-3] DEBUG org.asynchttpclient.netty.handler.HttpHandler - 

Request DefaultHttpRequest(decodeResult: success, version: HTTP/1.1)
POST /session/d39eb201903141e7e7f8491d69e95641/url HTTP/1.1
User-Agent: selenium/4.8.1 (java windows)
Content-Length: 58
Content-Type: application/json; charset=utf-8
host: localhost:11155
accept: */*

Response DefaultHttpResponse(decodeResult: success, version: HTTP/1.1)
HTTP/1.1 200 OK
Content-Length: 14
Content-Type: application/json; charset=utf-8
cache-control: no-cache

14:30:40.871 [AsyncHttpClient-1-3] DEBUG org.asynchttpclient.netty.channel.ChannelManager - Adding key: http://localhost:11155 for channel [id: 0xc90c1430, L:/127.0.0.1:59275 - R:localhost/127.0.0.1:11155]
14:30:40.874 [Forwarding setTimeout on session d39eb201903141e7e7f8491d69e95641 to remote] DEBUG org.asynchttpclient.netty.request.NettyRequestSender - Using pooled Channel '[id: 0xc90c1430, L:/127.0.0.1:59275 - R:localhost/127.0.0.1:11155]' for 'POST' to 'http://localhost:11155/session/d39eb201903141e7e7f8491d69e95641/timeouts'
14:30:40.874 [Forwarding setTimeout on session d39eb201903141e7e7f8491d69e95641 to remote] DEBUG org.asynchttpclient.netty.request.NettyRequestSender - Using open Channel [id: 0xc90c1430, L:/127.0.0.1:59275 - R:localhost/127.0.0.1:11155] for POST '/session/d39eb201903141e7e7f8491d69e95641/timeouts'
14:30:40.876 [AsyncHttpClient-1-3] DEBUG org.asynchttpclient.netty.handler.HttpHandler - 

Request DefaultHttpRequest(decodeResult: success, version: HTTP/1.1)
POST /session/d39eb201903141e7e7f8491d69e95641/timeouts HTTP/1.1
User-Agent: selenium/4.8.1 (java windows)
Content-Length: 22
Content-Type: application/json; charset=utf-8
host: localhost:11155
accept: */*

Response DefaultHttpResponse(decodeResult: success, version: HTTP/1.1)
HTTP/1.1 200 OK
Content-Length: 14
Content-Type: application/json; charset=utf-8
cache-control: no-cache

14:30:40.876 [AsyncHttpClient-1-3] DEBUG org.asynchttpclient.netty.channel.ChannelManager - Adding key: http://localhost:11155 for channel [id: 0xc90c1430, L:/127.0.0.1:59275 - R:localhost/127.0.0.1:11155]
14:30:40.877 [Forwarding maximizeCurrentWindow on session d39eb201903141e7e7f8491d69e95641 to remote] DEBUG org.asynchttpclient.netty.request.NettyRequestSender - Using pooled Channel '[id: 0xc90c1430, L:/127.0.0.1:59275 - R:localhost/127.0.0.1:11155]' for 'POST' to 'http://localhost:11155/session/d39eb201903141e7e7f8491d69e95641/window/maximize'
14:30:40.877 [Forwarding maximizeCurrentWindow on session d39eb201903141e7e7f8491d69e95641 to remote] DEBUG org.asynchttpclient.netty.request.NettyRequestSender - Using open Channel [id: 0xc90c1430, L:/127.0.0.1:59275 - R:localhost/127.0.0.1:11155] for POST '/session/d39eb201903141e7e7f8491d69e95641/window/maximize'
14:30:41.217 [AsyncHttpClient-1-3] DEBUG org.asynchttpclient.netty.handler.HttpHandler - 

Request DefaultHttpRequest(decodeResult: success, version: HTTP/1.1)
POST /session/d39eb201903141e7e7f8491d69e95641/window/maximize HTTP/1.1
User-Agent: selenium/4.8.1 (java windows)
Content-Length: 3
Content-Type: application/json; charset=utf-8
host: localhost:11155
accept: */*

Response DefaultHttpResponse(decodeResult: success, version: HTTP/1.1)
HTTP/1.1 200 OK
Content-Length: 51
Content-Type: application/json; charset=utf-8
cache-control: no-cache

14:30:41.217 [AsyncHttpClient-1-3] DEBUG org.asynchttpclient.netty.channel.ChannelManager - Adding key: http://localhost:11155 for channel [id: 0xc90c1430, L:/127.0.0.1:59275 - R:localhost/127.0.0.1:11155]
14:30:41.229 [main] DEBUG net.serenitybdd.core.photography.Darkroom - Opening darkroom
14:30:41.232 [Forwarding getAlertText on session d39eb201903141e7e7f8491d69e95641 to remote] DEBUG org.asynchttpclient.netty.request.NettyRequestSender - Using pooled Channel '[id: 0xc90c1430, L:/127.0.0.1:59275 - R:localhost/127.0.0.1:11155]' for 'GET' to 'http://localhost:11155/session/d39eb201903141e7e7f8491d69e95641/alert/text'
14:30:41.233 [Forwarding getAlertText on session d39eb201903141e7e7f8491d69e95641 to remote] DEBUG org.asynchttpclient.netty.request.NettyRequestSender - Using open Channel [id: 0xc90c1430, L:/127.0.0.1:59275 - R:localhost/127.0.0.1:11155] for GET '/session/d39eb201903141e7e7f8491d69e95641/alert/text'
14:30:41.244 [Darkroom Processing Line] DEBUG net.serenitybdd.core.photography.DarkroomProcessingLine - Darkroom processing line starting up
14:30:41.301 [AsyncHttpClient-1-3] DEBUG org.asynchttpclient.netty.handler.HttpHandler - 

Request DefaultFullHttpRequest(decodeResult: success, version: HTTP/1.1, content: EmptyByteBufBE)
GET /session/d39eb201903141e7e7f8491d69e95641/alert/text HTTP/1.1
User-Agent: selenium/4.8.1 (java windows)
Cache-Control: no-cache
Content-Type: application/json; charset=utf-8
host: localhost:11155
accept: */*

Response DefaultHttpResponse(decodeResult: success, version: HTTP/1.1)
HTTP/1.1 404 Not Found
Content-Length: 821
Content-Type: application/json; charset=utf-8
cache-control: no-cache

14:30:41.301 [AsyncHttpClient-1-3] DEBUG org.asynchttpclient.netty.channel.ChannelManager - Adding key: http://localhost:11155 for channel [id: 0xc90c1430, L:/127.0.0.1:59275 - R:localhost/127.0.0.1:11155]
14:30:41.303 [Forwarding getCurrentUrl on session d39eb201903141e7e7f8491d69e95641 to remote] DEBUG org.asynchttpclient.netty.request.NettyRequestSender - Using pooled Channel '[id: 0xc90c1430, L:/127.0.0.1:59275 - R:localhost/127.0.0.1:11155]' for 'GET' to 'http://localhost:11155/session/d39eb201903141e7e7f8491d69e95641/url'
14:30:41.303 [Forwarding getCurrentUrl on session d39eb201903141e7e7f8491d69e95641 to remote] DEBUG org.asynchttpclient.netty.request.NettyRequestSender - Using open Channel [id: 0xc90c1430, L:/127.0.0.1:59275 - R:localhost/127.0.0.1:11155] for GET '/session/d39eb201903141e7e7f8491d69e95641/url'
14:30:41.389 [AsyncHttpClient-1-1] DEBUG org.asynchttpclient.netty.channel.DefaultChannelPool - Entry count for : http://localhost:59276 : 1
14:30:41.474 [AsyncHttpClient-1-3] DEBUG org.asynchttpclient.netty.handler.HttpHandler - 

Request DefaultFullHttpRequest(decodeResult: success, version: HTTP/1.1, content: EmptyByteBufBE)
GET /session/d39eb201903141e7e7f8491d69e95641/url HTTP/1.1
User-Agent: selenium/4.8.1 (java windows)
Cache-Control: no-cache
Content-Type: application/json; charset=utf-8
host: localhost:11155
accept: */*

Response DefaultHttpResponse(decodeResult: success, version: HTTP/1.1)
HTTP/1.1 200 OK
Content-Length: 40
Content-Type: application/json; charset=utf-8
cache-control: no-cache

14:30:41.474 [AsyncHttpClient-1-3] DEBUG org.asynchttpclient.netty.channel.ChannelManager - Adding key: http://localhost:11155 for channel [id: 0xc90c1430, L:/127.0.0.1:59275 - R:localhost/127.0.0.1:11155]
14:30:41.475 [Forwarding screenshot on session d39eb201903141e7e7f8491d69e95641 to remote] DEBUG org.asynchttpclient.netty.request.NettyRequestSender - Using pooled Channel '[id: 0xc90c1430, L:/127.0.0.1:59275 - R:localhost/127.0.0.1:11155]' for 'GET' to 'http://localhost:11155/session/d39eb201903141e7e7f8491d69e95641/screenshot'
14:30:41.475 [Forwarding screenshot on session d39eb201903141e7e7f8491d69e95641 to remote] DEBUG org.asynchttpclient.netty.request.NettyRequestSender - Using open Channel [id: 0xc90c1430, L:/127.0.0.1:59275 - R:localhost/127.0.0.1:11155] for GET '/session/d39eb201903141e7e7f8491d69e95641/screenshot'
14:30:42.493 [AsyncHttpClient-1-1] DEBUG org.asynchttpclient.netty.channel.DefaultChannelPool - Entry count for : http://localhost:59276 : 1
14:30:42.704 [AsyncHttpClient-1-3] DEBUG org.asynchttpclient.netty.handler.HttpHandler - 

Request DefaultFullHttpRequest(decodeResult: success, version: HTTP/1.1, content: EmptyByteBufBE)
GET /session/d39eb201903141e7e7f8491d69e95641/screenshot HTTP/1.1
User-Agent: selenium/4.8.1 (java windows)
Cache-Control: no-cache
Content-Type: application/json; charset=utf-8
host: localhost:11155
accept: */*

Response DefaultHttpResponse(decodeResult: success, version: HTTP/1.1)
HTTP/1.1 200 OK
Content-Length: 2003404
Content-Type: application/json; charset=utf-8
cache-control: no-cache

14:30:42.723 [AsyncHttpClient-1-3] DEBUG org.asynchttpclient.netty.channel.ChannelManager - Adding key: http://localhost:11155 for channel [id: 0xc90c1430, L:/127.0.0.1:59275 - R:localhost/127.0.0.1:11155]
14:30:42.845 [main] DEBUG net.serenitybdd.core.photography.Darkroom - Send negative for processing for target\site\serenity\c401649da90216e8b1b697388b433a291e55a9698b169a24420c9bac72a1146a.png
14:30:42.855 [Forwarding getPageSource on session d39eb201903141e7e7f8491d69e95641 to remote] DEBUG org.asynchttpclient.netty.request.NettyRequestSender - Using pooled Channel '[id: 0xc90c1430, L:/127.0.0.1:59275 - R:localhost/127.0.0.1:11155]' for 'POST' to 'http://localhost:11155/session/d39eb201903141e7e7f8491d69e95641/execute/sync'
14:30:42.855 [Forwarding getPageSource on session d39eb201903141e7e7f8491d69e95641 to remote] DEBUG org.asynchttpclient.netty.request.NettyRequestSender - Using open Channel [id: 0xc90c1430, L:/127.0.0.1:59275 - R:localhost/127.0.0.1:11155] for POST '/session/d39eb201903141e7e7f8491d69e95641/execute/sync'
14:30:42.883 [AsyncHttpClient-1-3] DEBUG org.asynchttpclient.netty.handler.HttpHandler - 

Request DefaultHttpRequest(decodeResult: success, version: HTTP/1.1)
POST /session/d39eb201903141e7e7f8491d69e95641/execute/sync HTTP/1.1
User-Agent: selenium/4.8.1 (java windows)
Content-Length: 176
Content-Type: application/json; charset=utf-8
host: localhost:11155
accept: */*

Response DefaultHttpResponse(decodeResult: success, version: HTTP/1.1)
HTTP/1.1 200 OK
Content-Length: 129146
Content-Type: application/json; charset=utf-8
cache-control: no-cache

14:30:42.883 [AsyncHttpClient-1-3] DEBUG org.asynchttpclient.netty.channel.ChannelManager - Adding key: http://localhost:11155 for channel [id: 0xc90c1430, L:/127.0.0.1:59275 - R:localhost/127.0.0.1:11155]
14:30:42.899 [Forwarding getCurrentUrl on session d39eb201903141e7e7f8491d69e95641 to remote] DEBUG org.asynchttpclient.netty.request.NettyRequestSender - Using pooled Channel '[id: 0xc90c1430, L:/127.0.0.1:59275 - R:localhost/127.0.0.1:11155]' for 'GET' to 'http://localhost:11155/session/d39eb201903141e7e7f8491d69e95641/url'
14:30:42.899 [Forwarding getCurrentUrl on session d39eb201903141e7e7f8491d69e95641 to remote] DEBUG org.asynchttpclient.netty.request.NettyRequestSender - Using open Channel [id: 0xc90c1430, L:/127.0.0.1:59275 - R:localhost/127.0.0.1:11155] for GET '/session/d39eb201903141e7e7f8491d69e95641/url'
14:30:42.908 [AsyncHttpClient-1-3] DEBUG org.asynchttpclient.netty.handler.HttpHandler - 

Request DefaultFullHttpRequest(decodeResult: success, version: HTTP/1.1, content: EmptyByteBufBE)
GET /session/d39eb201903141e7e7f8491d69e95641/url HTTP/1.1
User-Agent: selenium/4.8.1 (java windows)
Cache-Control: no-cache
Content-Type: application/json; charset=utf-8
host: localhost:11155
accept: */*

Response DefaultHttpResponse(decodeResult: success, version: HTTP/1.1)
HTTP/1.1 200 OK
Content-Length: 40
Content-Type: application/json; charset=utf-8
cache-control: no-cache

14:30:42.908 [AsyncHttpClient-1-3] DEBUG org.asynchttpclient.netty.channel.ChannelManager - Adding key: http://localhost:11155 for channel [id: 0xc90c1430, L:/127.0.0.1:59275 - R:localhost/127.0.0.1:11155]
14:30:43.020 [Forwarding getAlertText on session d39eb201903141e7e7f8491d69e95641 to remote] DEBUG org.asynchttpclient.netty.request.NettyRequestSender - Using pooled Channel '[id: 0xc90c1430, L:/127.0.0.1:59275 - R:localhost/127.0.0.1:11155]' for 'GET' to 'http://localhost:11155/session/d39eb201903141e7e7f8491d69e95641/alert/text'
14:30:43.020 [Forwarding getAlertText on session d39eb201903141e7e7f8491d69e95641 to remote] DEBUG org.asynchttpclient.netty.request.NettyRequestSender - Using open Channel [id: 0xc90c1430, L:/127.0.0.1:59275 - R:localhost/127.0.0.1:11155] for GET '/session/d39eb201903141e7e7f8491d69e95641/alert/text'
14:30:43.022 [AsyncHttpClient-1-3] DEBUG org.asynchttpclient.netty.handler.HttpHandler - 

Request DefaultFullHttpRequest(decodeResult: success, version: HTTP/1.1, content: EmptyByteBufBE)
GET /session/d39eb201903141e7e7f8491d69e95641/alert/text HTTP/1.1
User-Agent: selenium/4.8.1 (java windows)
Cache-Control: no-cache
Content-Type: application/json; charset=utf-8
host: localhost:11155
accept: */*

Response DefaultHttpResponse(decodeResult: success, version: HTTP/1.1)
HTTP/1.1 404 Not Found
Content-Length: 821
Content-Type: application/json; charset=utf-8
cache-control: no-cache

14:30:43.022 [AsyncHttpClient-1-3] DEBUG org.asynchttpclient.netty.channel.ChannelManager - Adding key: http://localhost:11155 for channel [id: 0xc90c1430, L:/127.0.0.1:59275 - R:localhost/127.0.0.1:11155]
14:30:43.023 [Forwarding getCurrentUrl on session d39eb201903141e7e7f8491d69e95641 to remote] DEBUG org.asynchttpclient.netty.request.NettyRequestSender - Using pooled Channel '[id: 0xc90c1430, L:/127.0.0.1:59275 - R:localhost/127.0.0.1:11155]' for 'GET' to 'http://localhost:11155/session/d39eb201903141e7e7f8491d69e95641/url'
14:30:43.023 [Forwarding getCurrentUrl on session d39eb201903141e7e7f8491d69e95641 to remote] DEBUG org.asynchttpclient.netty.request.NettyRequestSender - Using open Channel [id: 0xc90c1430, L:/127.0.0.1:59275 - R:localhost/127.0.0.1:11155] for GET '/session/d39eb201903141e7e7f8491d69e95641/url'
14:30:43.032 [AsyncHttpClient-1-3] DEBUG org.asynchttpclient.netty.handler.HttpHandler - 

Request DefaultFullHttpRequest(decodeResult: success, version: HTTP/1.1, content: EmptyByteBufBE)
GET /session/d39eb201903141e7e7f8491d69e95641/url HTTP/1.1
User-Agent: selenium/4.8.1 (java windows)
Cache-Control: no-cache
Content-Type: application/json; charset=utf-8
host: localhost:11155
accept: */*

Response DefaultHttpResponse(decodeResult: success, version: HTTP/1.1)
HTTP/1.1 200 OK
Content-Length: 40
Content-Type: application/json; charset=utf-8
cache-control: no-cache

14:30:43.032 [AsyncHttpClient-1-3] DEBUG org.asynchttpclient.netty.channel.ChannelManager - Adding key: http://localhost:11155 for channel [id: 0xc90c1430, L:/127.0.0.1:59275 - R:localhost/127.0.0.1:11155]
14:30:43.033 [Forwarding screenshot on session d39eb201903141e7e7f8491d69e95641 to remote] DEBUG org.asynchttpclient.netty.request.NettyRequestSender - Using pooled Channel '[id: 0xc90c1430, L:/127.0.0.1:59275 - R:localhost/127.0.0.1:11155]' for 'GET' to 'http://localhost:11155/session/d39eb201903141e7e7f8491d69e95641/screenshot'
14:30:43.033 [Forwarding screenshot on session d39eb201903141e7e7f8491d69e95641 to remote] DEBUG org.asynchttpclient.netty.request.NettyRequestSender - Using open Channel [id: 0xc90c1430, L:/127.0.0.1:59275 - R:localhost/127.0.0.1:11155] for GET '/session/d39eb201903141e7e7f8491d69e95641/screenshot'
14:30:43.592 [AsyncHttpClient-1-1] DEBUG org.asynchttpclient.netty.channel.DefaultChannelPool - Entry count for : http://localhost:59276 : 1
14:30:44.395 [AsyncHttpClient-1-3] DEBUG org.asynchttpclient.netty.handler.HttpHandler - 

Request DefaultFullHttpRequest(decodeResult: success, version: HTTP/1.1, content: EmptyByteBufBE)
GET /session/d39eb201903141e7e7f8491d69e95641/screenshot HTTP/1.1
User-Agent: selenium/4.8.1 (java windows)
Cache-Control: no-cache
Content-Type: application/json; charset=utf-8
host: localhost:11155
accept: */*

Response DefaultHttpResponse(decodeResult: success, version: HTTP/1.1)
HTTP/1.1 200 OK
Content-Length: 2003404
Content-Type: application/json; charset=utf-8
cache-control: no-cache

14:30:44.407 [AsyncHttpClient-1-3] DEBUG org.asynchttpclient.netty.channel.ChannelManager - Adding key: http://localhost:11155 for channel [id: 0xc90c1430, L:/127.0.0.1:59275 - R:localhost/127.0.0.1:11155]
14:30:44.574 [main] DEBUG net.serenitybdd.core.photography.Darkroom - Send negative for processing for target\site\serenity\c401649da90216e8b1b697388b433a291e55a9698b169a24420c9bac72a1146a.png
14:30:44.577 [Forwarding getPageSource on session d39eb201903141e7e7f8491d69e95641 to remote] DEBUG org.asynchttpclient.netty.request.NettyRequestSender - Using pooled Channel '[id: 0xc90c1430, L:/127.0.0.1:59275 - R:localhost/127.0.0.1:11155]' for 'POST' to 'http://localhost:11155/session/d39eb201903141e7e7f8491d69e95641/execute/sync'
14:30:44.577 [Forwarding getPageSource on session d39eb201903141e7e7f8491d69e95641 to remote] DEBUG org.asynchttpclient.netty.request.NettyRequestSender - Using open Channel [id: 0xc90c1430, L:/127.0.0.1:59275 - R:localhost/127.0.0.1:11155] for POST '/session/d39eb201903141e7e7f8491d69e95641/execute/sync'
14:30:44.605 [AsyncHttpClient-1-3] DEBUG org.asynchttpclient.netty.handler.HttpHandler - 

Request DefaultHttpRequest(decodeResult: success, version: HTTP/1.1)
POST /session/d39eb201903141e7e7f8491d69e95641/execute/sync HTTP/1.1
User-Agent: selenium/4.8.1 (java windows)
Content-Length: 176
Content-Type: application/json; charset=utf-8
host: localhost:11155
accept: */*

Response DefaultHttpResponse(decodeResult: success, version: HTTP/1.1)
HTTP/1.1 200 OK
Content-Length: 129157
Content-Type: application/json; charset=utf-8
cache-control: no-cache

14:30:44.606 [AsyncHttpClient-1-3] DEBUG org.asynchttpclient.netty.channel.ChannelManager - Adding key: http://localhost:11155 for channel [id: 0xc90c1430, L:/127.0.0.1:59275 - R:localhost/127.0.0.1:11155]
14:30:44.626 [Forwarding getCurrentUrl on session d39eb201903141e7e7f8491d69e95641 to remote] DEBUG org.asynchttpclient.netty.request.NettyRequestSender - Using pooled Channel '[id: 0xc90c1430, L:/127.0.0.1:59275 - R:localhost/127.0.0.1:11155]' for 'GET' to 'http://localhost:11155/session/d39eb201903141e7e7f8491d69e95641/url'
14:30:44.626 [Forwarding getCurrentUrl on session d39eb201903141e7e7f8491d69e95641 to remote] DEBUG org.asynchttpclient.netty.request.NettyRequestSender - Using open Channel [id: 0xc90c1430, L:/127.0.0.1:59275 - R:localhost/127.0.0.1:11155] for GET '/session/d39eb201903141e7e7f8491d69e95641/url'
14:30:44.635 [AsyncHttpClient-1-3] DEBUG org.asynchttpclient.netty.handler.HttpHandler - 

Request DefaultFullHttpRequest(decodeResult: success, version: HTTP/1.1, content: EmptyByteBufBE)
GET /session/d39eb201903141e7e7f8491d69e95641/url HTTP/1.1
User-Agent: selenium/4.8.1 (java windows)
Cache-Control: no-cache
Content-Type: application/json; charset=utf-8
host: localhost:11155
accept: */*

Response DefaultHttpResponse(decodeResult: success, version: HTTP/1.1)
HTTP/1.1 200 OK
Content-Length: 40
Content-Type: application/json; charset=utf-8
cache-control: no-cache

14:30:44.635 [AsyncHttpClient-1-3] DEBUG org.asynchttpclient.netty.channel.ChannelManager - Adding key: http://localhost:11155 for channel [id: 0xc90c1430, L:/127.0.0.1:59275 - R:localhost/127.0.0.1:11155]
14:30:44.639 [main] DEBUG net.thucydides.core.steps.StepInterceptor - STARTING STEP: Afrexim_NeedHelp_Step.mouse_hover_to_need_help_and_click_submit_your_request - Click_Submit_Request
14:30:44.696 [AsyncHttpClient-1-1] DEBUG org.asynchttpclient.netty.channel.DefaultChannelPool - Entry count for : http://localhost:11155 : 1
14:30:44.696 [AsyncHttpClient-1-1] DEBUG org.asynchttpclient.netty.channel.DefaultChannelPool - Entry count for : http://localhost:59276 : 1
14:30:45.796 [AsyncHttpClient-1-1] DEBUG org.asynchttpclient.netty.channel.DefaultChannelPool - Entry count for : http://localhost:11155 : 1
14:30:45.796 [AsyncHttpClient-1-1] DEBUG org.asynchttpclient.netty.channel.DefaultChannelPool - Entry count for : http://localhost:59276 : 1
14:30:46.671 [Forwarding findElement on session d39eb201903141e7e7f8491d69e95641 to remote] DEBUG org.asynchttpclient.netty.request.NettyRequestSender - Using pooled Channel '[id: 0xc90c1430, L:/127.0.0.1:59275 - R:localhost/127.0.0.1:11155]' for 'POST' to 'http://localhost:11155/session/d39eb201903141e7e7f8491d69e95641/element'
14:30:46.671 [Forwarding findElement on session d39eb201903141e7e7f8491d69e95641 to remote] DEBUG org.asynchttpclient.netty.request.NettyRequestSender - Using open Channel [id: 0xc90c1430, L:/127.0.0.1:59275 - R:localhost/127.0.0.1:11155] for POST '/session/d39eb201903141e7e7f8491d69e95641/element'
14:30:46.698 [AsyncHttpClient-1-3] DEBUG org.asynchttpclient.netty.handler.HttpHandler - 

Request DefaultHttpRequest(decodeResult: success, version: HTTP/1.1)
POST /session/d39eb201903141e7e7f8491d69e95641/element HTTP/1.1
User-Agent: selenium/4.8.1 (java windows)
Content-Length: 74
Content-Type: application/json; charset=utf-8
host: localhost:11155
accept: */*

Response DefaultHttpResponse(decodeResult: success, version: HTTP/1.1)
HTTP/1.1 200 OK
Content-Length: 95
Content-Type: application/json; charset=utf-8
cache-control: no-cache

14:30:46.698 [AsyncHttpClient-1-3] DEBUG org.asynchttpclient.netty.channel.ChannelManager - Adding key: http://localhost:11155 for channel [id: 0xc90c1430, L:/127.0.0.1:59275 - R:localhost/127.0.0.1:11155]
14:30:46.704 [Forwarding actions on session d39eb201903141e7e7f8491d69e95641 to remote] DEBUG org.asynchttpclient.netty.request.NettyRequestSender - Using pooled Channel '[id: 0xc90c1430, L:/127.0.0.1:59275 - R:localhost/127.0.0.1:11155]' for 'POST' to 'http://localhost:11155/session/d39eb201903141e7e7f8491d69e95641/actions'
14:30:46.704 [Forwarding actions on session d39eb201903141e7e7f8491d69e95641 to remote] DEBUG org.asynchttpclient.netty.request.NettyRequestSender - Using open Channel [id: 0xc90c1430, L:/127.0.0.1:59275 - R:localhost/127.0.0.1:11155] for POST '/session/d39eb201903141e7e7f8491d69e95641/actions'
14:30:46.849 [AsyncHttpClient-1-3] DEBUG org.asynchttpclient.netty.handler.HttpHandler - 

Request DefaultHttpRequest(decodeResult: success, version: HTTP/1.1)
POST /session/d39eb201903141e7e7f8491d69e95641/actions HTTP/1.1
User-Agent: selenium/4.8.1 (java windows)
Content-Length: 494
Content-Type: application/json; charset=utf-8
host: localhost:11155
accept: */*

Response DefaultHttpResponse(decodeResult: success, version: HTTP/1.1)
HTTP/1.1 200 OK
Content-Length: 14
Content-Type: application/json; charset=utf-8
cache-control: no-cache

14:30:46.849 [AsyncHttpClient-1-3] DEBUG org.asynchttpclient.netty.channel.ChannelManager - Adding key: http://localhost:11155 for channel [id: 0xc90c1430, L:/127.0.0.1:59275 - R:localhost/127.0.0.1:11155]
14:30:46.860 [Forwarding findElement on session d39eb201903141e7e7f8491d69e95641 to remote] DEBUG org.asynchttpclient.netty.request.NettyRequestSender - Using pooled Channel '[id: 0xc90c1430, L:/127.0.0.1:59275 - R:localhost/127.0.0.1:11155]' for 'POST' to 'http://localhost:11155/session/d39eb201903141e7e7f8491d69e95641/element'
14:30:46.861 [Forwarding findElement on session d39eb201903141e7e7f8491d69e95641 to remote] DEBUG org.asynchttpclient.netty.request.NettyRequestSender - Using open Channel [id: 0xc90c1430, L:/127.0.0.1:59275 - R:localhost/127.0.0.1:11155] for POST '/session/d39eb201903141e7e7f8491d69e95641/element'
14:30:46.888 [AsyncHttpClient-1-1] DEBUG org.asynchttpclient.netty.channel.DefaultChannelPool - Entry count for : http://localhost:59276 : 1
14:30:46.977 [AsyncHttpClient-1-3] DEBUG org.asynchttpclient.netty.handler.HttpHandler - 

Request DefaultHttpRequest(decodeResult: success, version: HTTP/1.1)
POST /session/d39eb201903141e7e7f8491d69e95641/element HTTP/1.1
User-Agent: selenium/4.8.1 (java windows)
Content-Length: 55
Content-Type: application/json; charset=utf-8
host: localhost:11155
accept: */*

Response DefaultHttpResponse(decodeResult: success, version: HTTP/1.1)
HTTP/1.1 200 OK
Content-Length: 95
Content-Type: application/json; charset=utf-8
cache-control: no-cache

14:30:46.977 [AsyncHttpClient-1-3] DEBUG org.asynchttpclient.netty.channel.ChannelManager - Adding key: http://localhost:11155 for channel [id: 0xc90c1430, L:/127.0.0.1:59275 - R:localhost/127.0.0.1:11155]
14:30:46.979 [Forwarding getElementTagName on session d39eb201903141e7e7f8491d69e95641 to remote] DEBUG org.asynchttpclient.netty.request.NettyRequestSender - Using pooled Channel '[id: 0xc90c1430, L:/127.0.0.1:59275 - R:localhost/127.0.0.1:11155]' for 'GET' to 'http://localhost:11155/session/d39eb201903141e7e7f8491d69e95641/element/B5F966E1F9DF79F98FCFB8B35CEAAD43_element_46/name'
14:30:46.979 [Forwarding getElementTagName on session d39eb201903141e7e7f8491d69e95641 to remote] DEBUG org.asynchttpclient.netty.request.NettyRequestSender - Using open Channel [id: 0xc90c1430, L:/127.0.0.1:59275 - R:localhost/127.0.0.1:11155] for GET '/session/d39eb201903141e7e7f8491d69e95641/element/B5F966E1F9DF79F98FCFB8B35CEAAD43_element_46/name'
14:30:47.012 [AsyncHttpClient-1-3] DEBUG org.asynchttpclient.netty.handler.HttpHandler - 

Request DefaultFullHttpRequest(decodeResult: success, version: HTTP/1.1, content: EmptyByteBufBE)
GET /session/d39eb201903141e7e7f8491d69e95641/element/B5F966E1F9DF79F98FCFB8B35CEAAD43_element_46/name HTTP/1.1
User-Agent: selenium/4.8.1 (java windows)
Cache-Control: no-cache
Content-Type: application/json; charset=utf-8
host: localhost:11155
accept: */*

Response DefaultHttpResponse(decodeResult: success, version: HTTP/1.1)
HTTP/1.1 200 OK
Content-Length: 13
Content-Type: application/json; charset=utf-8
cache-control: no-cache

14:30:47.013 [AsyncHttpClient-1-3] DEBUG org.asynchttpclient.netty.channel.ChannelManager - Adding key: http://localhost:11155 for channel [id: 0xc90c1430, L:/127.0.0.1:59275 - R:localhost/127.0.0.1:11155]
14:30:47.018 [Forwarding getElementTagName on session d39eb201903141e7e7f8491d69e95641 to remote] DEBUG org.asynchttpclient.netty.request.NettyRequestSender - Using pooled Channel '[id: 0xc90c1430, L:/127.0.0.1:59275 - R:localhost/127.0.0.1:11155]' for 'GET' to 'http://localhost:11155/session/d39eb201903141e7e7f8491d69e95641/element/B5F966E1F9DF79F98FCFB8B35CEAAD43_element_46/name'
14:30:47.018 [Forwarding getElementTagName on session d39eb201903141e7e7f8491d69e95641 to remote] DEBUG org.asynchttpclient.netty.request.NettyRequestSender - Using open Channel [id: 0xc90c1430, L:/127.0.0.1:59275 - R:localhost/127.0.0.1:11155] for GET '/session/d39eb201903141e7e7f8491d69e95641/element/B5F966E1F9DF79F98FCFB8B35CEAAD43_element_46/name'
14:30:47.046 [AsyncHttpClient-1-3] DEBUG org.asynchttpclient.netty.handler.HttpHandler - 

Request DefaultFullHttpRequest(decodeResult: success, version: HTTP/1.1, content: EmptyByteBufBE)
GET /session/d39eb201903141e7e7f8491d69e95641/element/B5F966E1F9DF79F98FCFB8B35CEAAD43_element_46/name HTTP/1.1
User-Agent: selenium/4.8.1 (java windows)
Cache-Control: no-cache
Content-Type: application/json; charset=utf-8
host: localhost:11155
accept: */*

Response DefaultHttpResponse(decodeResult: success, version: HTTP/1.1)
HTTP/1.1 200 OK
Content-Length: 13
Content-Type: application/json; charset=utf-8
cache-control: no-cache

14:30:47.046 [AsyncHttpClient-1-3] DEBUG org.asynchttpclient.netty.channel.ChannelManager - Adding key: http://localhost:11155 for channel [id: 0xc90c1430, L:/127.0.0.1:59275 - R:localhost/127.0.0.1:11155]
14:30:47.052 [Forwarding findElement on session d39eb201903141e7e7f8491d69e95641 to remote] DEBUG org.asynchttpclient.netty.request.NettyRequestSender - Using pooled Channel '[id: 0xc90c1430, L:/127.0.0.1:59275 - R:localhost/127.0.0.1:11155]' for 'POST' to 'http://localhost:11155/session/d39eb201903141e7e7f8491d69e95641/element'
14:30:47.052 [Forwarding findElement on session d39eb201903141e7e7f8491d69e95641 to remote] DEBUG org.asynchttpclient.netty.request.NettyRequestSender - Using open Channel [id: 0xc90c1430, L:/127.0.0.1:59275 - R:localhost/127.0.0.1:11155] for POST '/session/d39eb201903141e7e7f8491d69e95641/element'
14:30:47.120 [AsyncHttpClient-1-3] DEBUG org.asynchttpclient.netty.handler.HttpHandler - 

Request DefaultHttpRequest(decodeResult: success, version: HTTP/1.1)
POST /session/d39eb201903141e7e7f8491d69e95641/element HTTP/1.1
User-Agent: selenium/4.8.1 (java windows)
Content-Length: 55
Content-Type: application/json; charset=utf-8
host: localhost:11155
accept: */*

Response DefaultHttpResponse(decodeResult: success, version: HTTP/1.1)
HTTP/1.1 200 OK
Content-Length: 95
Content-Type: application/json; charset=utf-8
cache-control: no-cache

14:30:47.120 [AsyncHttpClient-1-3] DEBUG org.asynchttpclient.netty.channel.ChannelManager - Adding key: http://localhost:11155 for channel [id: 0xc90c1430, L:/127.0.0.1:59275 - R:localhost/127.0.0.1:11155]
14:30:47.123 [Forwarding clickElement on session d39eb201903141e7e7f8491d69e95641 to remote] DEBUG org.asynchttpclient.netty.request.NettyRequestSender - Using pooled Channel '[id: 0xc90c1430, L:/127.0.0.1:59275 - R:localhost/127.0.0.1:11155]' for 'POST' to 'http://localhost:11155/session/d39eb201903141e7e7f8491d69e95641/element/B5F966E1F9DF79F98FCFB8B35CEAAD43_element_46/click'
14:30:47.123 [Forwarding clickElement on session d39eb201903141e7e7f8491d69e95641 to remote] DEBUG org.asynchttpclient.netty.request.NettyRequestSender - Using open Channel [id: 0xc90c1430, L:/127.0.0.1:59275 - R:localhost/127.0.0.1:11155] for POST '/session/d39eb201903141e7e7f8491d69e95641/element/B5F966E1F9DF79F98FCFB8B35CEAAD43_element_46/click'
14:30:47.988 [AsyncHttpClient-1-1] DEBUG org.asynchttpclient.netty.channel.DefaultChannelPool - Entry count for : http://localhost:59276 : 1
14:30:49.088 [AsyncHttpClient-1-1] DEBUG org.asynchttpclient.netty.channel.DefaultChannelPool - Entry count for : http://localhost:59276 : 1
14:30:49.884 [AsyncHttpClient-1-3] DEBUG org.asynchttpclient.netty.handler.HttpHandler - 

Request DefaultHttpRequest(decodeResult: success, version: HTTP/1.1)
POST /session/d39eb201903141e7e7f8491d69e95641/element/B5F966E1F9DF79F98FCFB8B35CEAAD43_element_46/click HTTP/1.1
User-Agent: selenium/4.8.1 (java windows)
Content-Length: 57
Content-Type: application/json; charset=utf-8
host: localhost:11155
accept: */*

Response DefaultHttpResponse(decodeResult: success, version: HTTP/1.1)
HTTP/1.1 200 OK
Content-Length: 14
Content-Type: application/json; charset=utf-8
cache-control: no-cache

14:30:49.884 [AsyncHttpClient-1-3] DEBUG org.asynchttpclient.netty.channel.ChannelManager - Adding key: http://localhost:11155 for channel [id: 0xc90c1430, L:/127.0.0.1:59275 - R:localhost/127.0.0.1:11155]
14:30:49.900 [Forwarding getAlertText on session d39eb201903141e7e7f8491d69e95641 to remote] DEBUG org.asynchttpclient.netty.request.NettyRequestSender - Using pooled Channel '[id: 0xc90c1430, L:/127.0.0.1:59275 - R:localhost/127.0.0.1:11155]' for 'GET' to 'http://localhost:11155/session/d39eb201903141e7e7f8491d69e95641/alert/text'
14:30:49.900 [Forwarding getAlertText on session d39eb201903141e7e7f8491d69e95641 to remote] DEBUG org.asynchttpclient.netty.request.NettyRequestSender - Using open Channel [id: 0xc90c1430, L:/127.0.0.1:59275 - R:localhost/127.0.0.1:11155] for GET '/session/d39eb201903141e7e7f8491d69e95641/alert/text'
14:30:49.903 [AsyncHttpClient-1-3] DEBUG org.asynchttpclient.netty.handler.HttpHandler - 

Request DefaultFullHttpRequest(decodeResult: success, version: HTTP/1.1, content: EmptyByteBufBE)
GET /session/d39eb201903141e7e7f8491d69e95641/alert/text HTTP/1.1
User-Agent: selenium/4.8.1 (java windows)
Cache-Control: no-cache
Content-Type: application/json; charset=utf-8
host: localhost:11155
accept: */*

Response DefaultHttpResponse(decodeResult: success, version: HTTP/1.1)
HTTP/1.1 404 Not Found
Content-Length: 821
Content-Type: application/json; charset=utf-8
cache-control: no-cache

14:30:49.903 [AsyncHttpClient-1-3] DEBUG org.asynchttpclient.netty.channel.ChannelManager - Adding key: http://localhost:11155 for channel [id: 0xc90c1430, L:/127.0.0.1:59275 - R:localhost/127.0.0.1:11155]
14:30:49.904 [Forwarding getCurrentUrl on session d39eb201903141e7e7f8491d69e95641 to remote] DEBUG org.asynchttpclient.netty.request.NettyRequestSender - Using pooled Channel '[id: 0xc90c1430, L:/127.0.0.1:59275 - R:localhost/127.0.0.1:11155]' for 'GET' to 'http://localhost:11155/session/d39eb201903141e7e7f8491d69e95641/url'
14:30:49.904 [Forwarding getCurrentUrl on session d39eb201903141e7e7f8491d69e95641 to remote] DEBUG org.asynchttpclient.netty.request.NettyRequestSender - Using open Channel [id: 0xc90c1430, L:/127.0.0.1:59275 - R:localhost/127.0.0.1:11155] for GET '/session/d39eb201903141e7e7f8491d69e95641/url'
14:30:49.918 [AsyncHttpClient-1-3] DEBUG org.asynchttpclient.netty.handler.HttpHandler - 

Request DefaultFullHttpRequest(decodeResult: success, version: HTTP/1.1, content: EmptyByteBufBE)
GET /session/d39eb201903141e7e7f8491d69e95641/url HTTP/1.1
User-Agent: selenium/4.8.1 (java windows)
Cache-Control: no-cache
Content-Type: application/json; charset=utf-8
host: localhost:11155
accept: */*

Response DefaultHttpResponse(decodeResult: success, version: HTTP/1.1)
HTTP/1.1 200 OK
Content-Length: 94
Content-Type: application/json; charset=utf-8
cache-control: no-cache

14:30:49.918 [AsyncHttpClient-1-3] DEBUG org.asynchttpclient.netty.channel.ChannelManager - Adding key: http://localhost:11155 for channel [id: 0xc90c1430, L:/127.0.0.1:59275 - R:localhost/127.0.0.1:11155]
14:30:49.920 [Forwarding screenshot on session d39eb201903141e7e7f8491d69e95641 to remote] DEBUG org.asynchttpclient.netty.request.NettyRequestSender - Using pooled Channel '[id: 0xc90c1430, L:/127.0.0.1:59275 - R:localhost/127.0.0.1:11155]' for 'GET' to 'http://localhost:11155/session/d39eb201903141e7e7f8491d69e95641/screenshot'
14:30:49.920 [Forwarding screenshot on session d39eb201903141e7e7f8491d69e95641 to remote] DEBUG org.asynchttpclient.netty.request.NettyRequestSender - Using open Channel [id: 0xc90c1430, L:/127.0.0.1:59275 - R:localhost/127.0.0.1:11155] for GET '/session/d39eb201903141e7e7f8491d69e95641/screenshot'
14:30:50.194 [AsyncHttpClient-1-1] DEBUG org.asynchttpclient.netty.channel.DefaultChannelPool - Entry count for : http://localhost:59276 : 1
14:30:50.525 [AsyncHttpClient-1-3] DEBUG org.asynchttpclient.netty.handler.HttpHandler - 

Request DefaultFullHttpRequest(decodeResult: success, version: HTTP/1.1, content: EmptyByteBufBE)
GET /session/d39eb201903141e7e7f8491d69e95641/screenshot HTTP/1.1
User-Agent: selenium/4.8.1 (java windows)
Cache-Control: no-cache
Content-Type: application/json; charset=utf-8
host: localhost:11155
accept: */*

Response DefaultHttpResponse(decodeResult: success, version: HTTP/1.1)
HTTP/1.1 200 OK
Content-Length: 887416
Content-Type: application/json; charset=utf-8
cache-control: no-cache

14:30:50.528 [AsyncHttpClient-1-3] DEBUG org.asynchttpclient.netty.channel.ChannelManager - Adding key: http://localhost:11155 for channel [id: 0xc90c1430, L:/127.0.0.1:59275 - R:localhost/127.0.0.1:11155]
14:30:50.592 [main] DEBUG net.serenitybdd.core.photography.Darkroom - Send negative for processing for target\site\serenity\3b0176843df85a8289b3ef3fae7a3a958359954403ab1e145689b21187394f13.png
14:30:50.593 [main] DEBUG net.thucydides.core.steps.StepInterceptor - STEP DONE: Click_Submit_Request
14:30:50.593 [Darkroom Processing Line] DEBUG net.serenitybdd.core.photography.DarkroomProcessingLine - Processing screenshot image in /var/screenshots/screenshot-8631239344423444062
14:30:50.593 [Darkroom Processing Line] DEBUG net.serenitybdd.core.photography.DarkroomProcessingLine - Saving screenshot to target\site\serenity\3b0176843df85a8289b3ef3fae7a3a958359954403ab1e145689b21187394f13.png
14:30:50.611 [Forwarding getPageSource on session d39eb201903141e7e7f8491d69e95641 to remote] DEBUG org.asynchttpclient.netty.request.NettyRequestSender - Using pooled Channel '[id: 0xc90c1430, L:/127.0.0.1:59275 - R:localhost/127.0.0.1:11155]' for 'POST' to 'http://localhost:11155/session/d39eb201903141e7e7f8491d69e95641/execute/sync'
14:30:50.611 [Forwarding getPageSource on session d39eb201903141e7e7f8491d69e95641 to remote] DEBUG org.asynchttpclient.netty.request.NettyRequestSender - Using open Channel [id: 0xc90c1430, L:/127.0.0.1:59275 - R:localhost/127.0.0.1:11155] for POST '/session/d39eb201903141e7e7f8491d69e95641/execute/sync'
14:30:50.645 [AsyncHttpClient-1-3] DEBUG org.asynchttpclient.netty.handler.HttpHandler - 

Request DefaultHttpRequest(decodeResult: success, version: HTTP/1.1)
POST /session/d39eb201903141e7e7f8491d69e95641/execute/sync HTTP/1.1
User-Agent: selenium/4.8.1 (java windows)
Content-Length: 176
Content-Type: application/json; charset=utf-8
host: localhost:11155
accept: */*

Response DefaultHttpResponse(decodeResult: success, version: HTTP/1.1)
HTTP/1.1 200 OK
Content-Length: 104104
Content-Type: application/json; charset=utf-8
cache-control: no-cache

14:30:50.646 [AsyncHttpClient-1-3] DEBUG org.asynchttpclient.netty.channel.ChannelManager - Adding key: http://localhost:11155 for channel [id: 0xc90c1430, L:/127.0.0.1:59275 - R:localhost/127.0.0.1:11155]
14:30:50.661 [Forwarding getCurrentUrl on session d39eb201903141e7e7f8491d69e95641 to remote] DEBUG org.asynchttpclient.netty.request.NettyRequestSender - Using pooled Channel '[id: 0xc90c1430, L:/127.0.0.1:59275 - R:localhost/127.0.0.1:11155]' for 'GET' to 'http://localhost:11155/session/d39eb201903141e7e7f8491d69e95641/url'
14:30:50.661 [Forwarding getCurrentUrl on session d39eb201903141e7e7f8491d69e95641 to remote] DEBUG org.asynchttpclient.netty.request.NettyRequestSender - Using open Channel [id: 0xc90c1430, L:/127.0.0.1:59275 - R:localhost/127.0.0.1:11155] for GET '/session/d39eb201903141e7e7f8491d69e95641/url'
14:30:50.670 [AsyncHttpClient-1-3] DEBUG org.asynchttpclient.netty.handler.HttpHandler - 

Request DefaultFullHttpRequest(decodeResult: success, version: HTTP/1.1, content: EmptyByteBufBE)
GET /session/d39eb201903141e7e7f8491d69e95641/url HTTP/1.1
User-Agent: selenium/4.8.1 (java windows)
Cache-Control: no-cache
Content-Type: application/json; charset=utf-8
host: localhost:11155
accept: */*

Response DefaultHttpResponse(decodeResult: success, version: HTTP/1.1)
HTTP/1.1 200 OK
Content-Length: 94
Content-Type: application/json; charset=utf-8
cache-control: no-cache

14:30:50.670 [AsyncHttpClient-1-3] DEBUG org.asynchttpclient.netty.channel.ChannelManager - Adding key: http://localhost:11155 for channel [id: 0xc90c1430, L:/127.0.0.1:59275 - R:localhost/127.0.0.1:11155]
14:30:50.685 [Forwarding getAlertText on session d39eb201903141e7e7f8491d69e95641 to remote] DEBUG org.asynchttpclient.netty.request.NettyRequestSender - Using pooled Channel '[id: 0xc90c1430, L:/127.0.0.1:59275 - R:localhost/127.0.0.1:11155]' for 'GET' to 'http://localhost:11155/session/d39eb201903141e7e7f8491d69e95641/alert/text'
14:30:50.685 [Forwarding getAlertText on session d39eb201903141e7e7f8491d69e95641 to remote] DEBUG org.asynchttpclient.netty.request.NettyRequestSender - Using open Channel [id: 0xc90c1430, L:/127.0.0.1:59275 - R:localhost/127.0.0.1:11155] for GET '/session/d39eb201903141e7e7f8491d69e95641/alert/text'
14:30:50.689 [AsyncHttpClient-1-3] DEBUG org.asynchttpclient.netty.handler.HttpHandler - 

Request DefaultFullHttpRequest(decodeResult: success, version: HTTP/1.1, content: EmptyByteBufBE)
GET /session/d39eb201903141e7e7f8491d69e95641/alert/text HTTP/1.1
User-Agent: selenium/4.8.1 (java windows)
Cache-Control: no-cache
Content-Type: application/json; charset=utf-8
host: localhost:11155
accept: */*

Response DefaultHttpResponse(decodeResult: success, version: HTTP/1.1)
HTTP/1.1 404 Not Found
Content-Length: 821
Content-Type: application/json; charset=utf-8
cache-control: no-cache

14:30:50.689 [AsyncHttpClient-1-3] DEBUG org.asynchttpclient.netty.channel.ChannelManager - Adding key: http://localhost:11155 for channel [id: 0xc90c1430, L:/127.0.0.1:59275 - R:localhost/127.0.0.1:11155]
14:30:50.690 [Forwarding getCurrentUrl on session d39eb201903141e7e7f8491d69e95641 to remote] DEBUG org.asynchttpclient.netty.request.NettyRequestSender - Using pooled Channel '[id: 0xc90c1430, L:/127.0.0.1:59275 - R:localhost/127.0.0.1:11155]' for 'GET' to 'http://localhost:11155/session/d39eb201903141e7e7f8491d69e95641/url'
14:30:50.690 [Forwarding getCurrentUrl on session d39eb201903141e7e7f8491d69e95641 to remote] DEBUG org.asynchttpclient.netty.request.NettyRequestSender - Using open Channel [id: 0xc90c1430, L:/127.0.0.1:59275 - R:localhost/127.0.0.1:11155] for GET '/session/d39eb201903141e7e7f8491d69e95641/url'
14:30:50.703 [AsyncHttpClient-1-3] DEBUG org.asynchttpclient.netty.handler.HttpHandler - 

Request DefaultFullHttpRequest(decodeResult: success, version: HTTP/1.1, content: EmptyByteBufBE)
GET /session/d39eb201903141e7e7f8491d69e95641/url HTTP/1.1
User-Agent: selenium/4.8.1 (java windows)
Cache-Control: no-cache
Content-Type: application/json; charset=utf-8
host: localhost:11155
accept: */*

Response DefaultHttpResponse(decodeResult: success, version: HTTP/1.1)
HTTP/1.1 200 OK
Content-Length: 94
Content-Type: application/json; charset=utf-8
cache-control: no-cache

14:30:50.703 [AsyncHttpClient-1-3] DEBUG org.asynchttpclient.netty.channel.ChannelManager - Adding key: http://localhost:11155 for channel [id: 0xc90c1430, L:/127.0.0.1:59275 - R:localhost/127.0.0.1:11155]
14:30:50.704 [Forwarding screenshot on session d39eb201903141e7e7f8491d69e95641 to remote] DEBUG org.asynchttpclient.netty.request.NettyRequestSender - Using pooled Channel '[id: 0xc90c1430, L:/127.0.0.1:59275 - R:localhost/127.0.0.1:11155]' for 'GET' to 'http://localhost:11155/session/d39eb201903141e7e7f8491d69e95641/screenshot'
14:30:50.704 [Forwarding screenshot on session d39eb201903141e7e7f8491d69e95641 to remote] DEBUG org.asynchttpclient.netty.request.NettyRequestSender - Using open Channel [id: 0xc90c1430, L:/127.0.0.1:59275 - R:localhost/127.0.0.1:11155] for GET '/session/d39eb201903141e7e7f8491d69e95641/screenshot'
14:30:51.303 [AsyncHttpClient-1-1] DEBUG org.asynchttpclient.netty.channel.DefaultChannelPool - Entry count for : http://localhost:59276 : 1
14:30:51.421 [AsyncHttpClient-1-3] DEBUG org.asynchttpclient.netty.handler.HttpHandler - 

Request DefaultFullHttpRequest(decodeResult: success, version: HTTP/1.1, content: EmptyByteBufBE)
GET /session/d39eb201903141e7e7f8491d69e95641/screenshot HTTP/1.1
User-Agent: selenium/4.8.1 (java windows)
Cache-Control: no-cache
Content-Type: application/json; charset=utf-8
host: localhost:11155
accept: */*

Response DefaultHttpResponse(decodeResult: success, version: HTTP/1.1)
HTTP/1.1 200 OK
Content-Length: 887416
Content-Type: application/json; charset=utf-8
cache-control: no-cache

14:30:51.426 [AsyncHttpClient-1-3] DEBUG org.asynchttpclient.netty.channel.ChannelManager - Adding key: http://localhost:11155 for channel [id: 0xc90c1430, L:/127.0.0.1:59275 - R:localhost/127.0.0.1:11155]
14:30:51.521 [main] DEBUG net.serenitybdd.core.photography.Darkroom - Send negative for processing for target\site\serenity\3b0176843df85a8289b3ef3fae7a3a958359954403ab1e145689b21187394f13.png
14:30:51.549 [Forwarding getPageSource on session d39eb201903141e7e7f8491d69e95641 to remote] DEBUG org.asynchttpclient.netty.request.NettyRequestSender - Using pooled Channel '[id: 0xc90c1430, L:/127.0.0.1:59275 - R:localhost/127.0.0.1:11155]' for 'POST' to 'http://localhost:11155/session/d39eb201903141e7e7f8491d69e95641/execute/sync'
14:30:51.549 [Forwarding getPageSource on session d39eb201903141e7e7f8491d69e95641 to remote] DEBUG org.asynchttpclient.netty.request.NettyRequestSender - Using open Channel [id: 0xc90c1430, L:/127.0.0.1:59275 - R:localhost/127.0.0.1:11155] for POST '/session/d39eb201903141e7e7f8491d69e95641/execute/sync'
14:30:51.735 [AsyncHttpClient-1-3] DEBUG org.asynchttpclient.netty.handler.HttpHandler - 

Request DefaultHttpRequest(decodeResult: success, version: HTTP/1.1)
POST /session/d39eb201903141e7e7f8491d69e95641/execute/sync HTTP/1.1
User-Agent: selenium/4.8.1 (java windows)
Content-Length: 176
Content-Type: application/json; charset=utf-8
host: localhost:11155
accept: */*

Response DefaultHttpResponse(decodeResult: success, version: HTTP/1.1)
HTTP/1.1 200 OK
Content-Length: 104104
Content-Type: application/json; charset=utf-8
cache-control: no-cache

14:30:51.735 [AsyncHttpClient-1-3] DEBUG org.asynchttpclient.netty.channel.ChannelManager - Adding key: http://localhost:11155 for channel [id: 0xc90c1430, L:/127.0.0.1:59275 - R:localhost/127.0.0.1:11155]
14:30:51.752 [Forwarding getCurrentUrl on session d39eb201903141e7e7f8491d69e95641 to remote] DEBUG org.asynchttpclient.netty.request.NettyRequestSender - Using pooled Channel '[id: 0xc90c1430, L:/127.0.0.1:59275 - R:localhost/127.0.0.1:11155]' for 'GET' to 'http://localhost:11155/session/d39eb201903141e7e7f8491d69e95641/url'
14:30:51.752 [Forwarding getCurrentUrl on session d39eb201903141e7e7f8491d69e95641 to remote] DEBUG org.asynchttpclient.netty.request.NettyRequestSender - Using open Channel [id: 0xc90c1430, L:/127.0.0.1:59275 - R:localhost/127.0.0.1:11155] for GET '/session/d39eb201903141e7e7f8491d69e95641/url'
14:30:51.852 [AsyncHttpClient-1-3] DEBUG org.asynchttpclient.netty.handler.HttpHandler - 

Request DefaultFullHttpRequest(decodeResult: success, version: HTTP/1.1, content: EmptyByteBufBE)
GET /session/d39eb201903141e7e7f8491d69e95641/url HTTP/1.1
User-Agent: selenium/4.8.1 (java windows)
Cache-Control: no-cache
Content-Type: application/json; charset=utf-8
host: localhost:11155
accept: */*

Response DefaultHttpResponse(decodeResult: success, version: HTTP/1.1)
HTTP/1.1 200 OK
Content-Length: 94
Content-Type: application/json; charset=utf-8
cache-control: no-cache

14:30:51.852 [AsyncHttpClient-1-3] DEBUG org.asynchttpclient.netty.channel.ChannelManager - Adding key: http://localhost:11155 for channel [id: 0xc90c1430, L:/127.0.0.1:59275 - R:localhost/127.0.0.1:11155]
14:30:51.858 [main] DEBUG net.thucydides.core.steps.StepInterceptor - STARTING STEP: Afrexim_NeedHelp_Step.select_entity - Select_Entity
14:30:51.863 [Forwarding findElement on session d39eb201903141e7e7f8491d69e95641 to remote] DEBUG org.asynchttpclient.netty.request.NettyRequestSender - Using pooled Channel '[id: 0xc90c1430, L:/127.0.0.1:59275 - R:localhost/127.0.0.1:11155]' for 'POST' to 'http://localhost:11155/session/d39eb201903141e7e7f8491d69e95641/element'
14:30:51.863 [Forwarding findElement on session d39eb201903141e7e7f8491d69e95641 to remote] DEBUG org.asynchttpclient.netty.request.NettyRequestSender - Using open Channel [id: 0xc90c1430, L:/127.0.0.1:59275 - R:localhost/127.0.0.1:11155] for POST '/session/d39eb201903141e7e7f8491d69e95641/element'
14:30:51.906 [AsyncHttpClient-1-3] DEBUG org.asynchttpclient.netty.handler.HttpHandler - 

Request DefaultHttpRequest(decodeResult: success, version: HTTP/1.1)
POST /session/d39eb201903141e7e7f8491d69e95641/element HTTP/1.1
User-Agent: selenium/4.8.1 (java windows)
Content-Length: 101
Content-Type: application/json; charset=utf-8
host: localhost:11155
accept: */*

Response DefaultHttpResponse(decodeResult: success, version: HTTP/1.1)
HTTP/1.1 200 OK
Content-Length: 95
Content-Type: application/json; charset=utf-8
cache-control: no-cache

14:30:51.906 [AsyncHttpClient-1-3] DEBUG org.asynchttpclient.netty.channel.ChannelManager - Adding key: http://localhost:11155 for channel [id: 0xc90c1430, L:/127.0.0.1:59275 - R:localhost/127.0.0.1:11155]
14:30:51.906 [Forwarding getElementTagName on session d39eb201903141e7e7f8491d69e95641 to remote] DEBUG org.asynchttpclient.netty.request.NettyRequestSender - Using pooled Channel '[id: 0xc90c1430, L:/127.0.0.1:59275 - R:localhost/127.0.0.1:11155]' for 'GET' to 'http://localhost:11155/session/d39eb201903141e7e7f8491d69e95641/element/ED30378DEB6A0E77550ECCDF515A836A_element_53/name'
14:30:51.906 [Forwarding getElementTagName on session d39eb201903141e7e7f8491d69e95641 to remote] DEBUG org.asynchttpclient.netty.request.NettyRequestSender - Using open Channel [id: 0xc90c1430, L:/127.0.0.1:59275 - R:localhost/127.0.0.1:11155] for GET '/session/d39eb201903141e7e7f8491d69e95641/element/ED30378DEB6A0E77550ECCDF515A836A_element_53/name'
14:30:51.932 [AsyncHttpClient-1-3] DEBUG org.asynchttpclient.netty.handler.HttpHandler - 

Request DefaultFullHttpRequest(decodeResult: success, version: HTTP/1.1, content: EmptyByteBufBE)
GET /session/d39eb201903141e7e7f8491d69e95641/element/ED30378DEB6A0E77550ECCDF515A836A_element_53/name HTTP/1.1
User-Agent: selenium/4.8.1 (java windows)
Cache-Control: no-cache
Content-Type: application/json; charset=utf-8
host: localhost:11155
accept: */*

Response DefaultHttpResponse(decodeResult: success, version: HTTP/1.1)
HTTP/1.1 200 OK
Content-Length: 17
Content-Type: application/json; charset=utf-8
cache-control: no-cache

14:30:51.932 [AsyncHttpClient-1-3] DEBUG org.asynchttpclient.netty.channel.ChannelManager - Adding key: http://localhost:11155 for channel [id: 0xc90c1430, L:/127.0.0.1:59275 - R:localhost/127.0.0.1:11155]
14:30:51.932 [Forwarding getElementTagName on session d39eb201903141e7e7f8491d69e95641 to remote] DEBUG org.asynchttpclient.netty.request.NettyRequestSender - Using pooled Channel '[id: 0xc90c1430, L:/127.0.0.1:59275 - R:localhost/127.0.0.1:11155]' for 'GET' to 'http://localhost:11155/session/d39eb201903141e7e7f8491d69e95641/element/ED30378DEB6A0E77550ECCDF515A836A_element_53/name'
14:30:51.932 [Forwarding getElementTagName on session d39eb201903141e7e7f8491d69e95641 to remote] DEBUG org.asynchttpclient.netty.request.NettyRequestSender - Using open Channel [id: 0xc90c1430, L:/127.0.0.1:59275 - R:localhost/127.0.0.1:11155] for GET '/session/d39eb201903141e7e7f8491d69e95641/element/ED30378DEB6A0E77550ECCDF515A836A_element_53/name'
14:30:51.954 [AsyncHttpClient-1-3] DEBUG org.asynchttpclient.netty.handler.HttpHandler - 

Request DefaultFullHttpRequest(decodeResult: success, version: HTTP/1.1, content: EmptyByteBufBE)
GET /session/d39eb201903141e7e7f8491d69e95641/element/ED30378DEB6A0E77550ECCDF515A836A_element_53/name HTTP/1.1
User-Agent: selenium/4.8.1 (java windows)
Cache-Control: no-cache
Content-Type: application/json; charset=utf-8
host: localhost:11155
accept: */*

Response DefaultHttpResponse(decodeResult: success, version: HTTP/1.1)
HTTP/1.1 200 OK
Content-Length: 17
Content-Type: application/json; charset=utf-8
cache-control: no-cache

14:30:51.954 [AsyncHttpClient-1-3] DEBUG org.asynchttpclient.netty.channel.ChannelManager - Adding key: http://localhost:11155 for channel [id: 0xc90c1430, L:/127.0.0.1:59275 - R:localhost/127.0.0.1:11155]
14:30:51.954 [Forwarding findElement on session d39eb201903141e7e7f8491d69e95641 to remote] DEBUG org.asynchttpclient.netty.request.NettyRequestSender - Using pooled Channel '[id: 0xc90c1430, L:/127.0.0.1:59275 - R:localhost/127.0.0.1:11155]' for 'POST' to 'http://localhost:11155/session/d39eb201903141e7e7f8491d69e95641/element'
14:30:51.954 [Forwarding findElement on session d39eb201903141e7e7f8491d69e95641 to remote] DEBUG org.asynchttpclient.netty.request.NettyRequestSender - Using open Channel [id: 0xc90c1430, L:/127.0.0.1:59275 - R:localhost/127.0.0.1:11155] for POST '/session/d39eb201903141e7e7f8491d69e95641/element'
14:30:51.979 [AsyncHttpClient-1-3] DEBUG org.asynchttpclient.netty.handler.HttpHandler - 

Request DefaultHttpRequest(decodeResult: success, version: HTTP/1.1)
POST /session/d39eb201903141e7e7f8491d69e95641/element HTTP/1.1
User-Agent: selenium/4.8.1 (java windows)
Content-Length: 101
Content-Type: application/json; charset=utf-8
host: localhost:11155
accept: */*

Response DefaultHttpResponse(decodeResult: success, version: HTTP/1.1)
HTTP/1.1 200 OK
Content-Length: 95
Content-Type: application/json; charset=utf-8
cache-control: no-cache

14:30:51.979 [AsyncHttpClient-1-3] DEBUG org.asynchttpclient.netty.channel.ChannelManager - Adding key: http://localhost:11155 for channel [id: 0xc90c1430, L:/127.0.0.1:59275 - R:localhost/127.0.0.1:11155]
14:30:51.979 [Forwarding clickElement on session d39eb201903141e7e7f8491d69e95641 to remote] DEBUG org.asynchttpclient.netty.request.NettyRequestSender - Using pooled Channel '[id: 0xc90c1430, L:/127.0.0.1:59275 - R:localhost/127.0.0.1:11155]' for 'POST' to 'http://localhost:11155/session/d39eb201903141e7e7f8491d69e95641/element/ED30378DEB6A0E77550ECCDF515A836A_element_53/click'
14:30:51.979 [Forwarding clickElement on session d39eb201903141e7e7f8491d69e95641 to remote] DEBUG org.asynchttpclient.netty.request.NettyRequestSender - Using open Channel [id: 0xc90c1430, L:/127.0.0.1:59275 - R:localhost/127.0.0.1:11155] for POST '/session/d39eb201903141e7e7f8491d69e95641/element/ED30378DEB6A0E77550ECCDF515A836A_element_53/click'
14:30:52.261 [AsyncHttpClient-1-3] DEBUG org.asynchttpclient.netty.handler.HttpHandler - 

Request DefaultHttpRequest(decodeResult: success, version: HTTP/1.1)
POST /session/d39eb201903141e7e7f8491d69e95641/element/ED30378DEB6A0E77550ECCDF515A836A_element_53/click HTTP/1.1
User-Agent: selenium/4.8.1 (java windows)
Content-Length: 57
Content-Type: application/json; charset=utf-8
host: localhost:11155
accept: */*

Response DefaultHttpResponse(decodeResult: success, version: HTTP/1.1)
HTTP/1.1 200 OK
Content-Length: 14
Content-Type: application/json; charset=utf-8
cache-control: no-cache

14:30:52.261 [AsyncHttpClient-1-3] DEBUG org.asynchttpclient.netty.channel.ChannelManager - Adding key: http://localhost:11155 for channel [id: 0xc90c1430, L:/127.0.0.1:59275 - R:localhost/127.0.0.1:11155]
14:30:52.279 [Forwarding getAlertText on session d39eb201903141e7e7f8491d69e95641 to remote] DEBUG org.asynchttpclient.netty.request.NettyRequestSender - Using pooled Channel '[id: 0xc90c1430, L:/127.0.0.1:59275 - R:localhost/127.0.0.1:11155]' for 'GET' to 'http://localhost:11155/session/d39eb201903141e7e7f8491d69e95641/alert/text'
14:30:52.279 [Forwarding getAlertText on session d39eb201903141e7e7f8491d69e95641 to remote] DEBUG org.asynchttpclient.netty.request.NettyRequestSender - Using open Channel [id: 0xc90c1430, L:/127.0.0.1:59275 - R:localhost/127.0.0.1:11155] for GET '/session/d39eb201903141e7e7f8491d69e95641/alert/text'
14:30:52.285 [AsyncHttpClient-1-3] DEBUG org.asynchttpclient.netty.handler.HttpHandler - 

Request DefaultFullHttpRequest(decodeResult: success, version: HTTP/1.1, content: EmptyByteBufBE)
GET /session/d39eb201903141e7e7f8491d69e95641/alert/text HTTP/1.1
User-Agent: selenium/4.8.1 (java windows)
Cache-Control: no-cache
Content-Type: application/json; charset=utf-8
host: localhost:11155
accept: */*

Response DefaultHttpResponse(decodeResult: success, version: HTTP/1.1)
HTTP/1.1 404 Not Found
Content-Length: 821
Content-Type: application/json; charset=utf-8
cache-control: no-cache

14:30:52.285 [AsyncHttpClient-1-3] DEBUG org.asynchttpclient.netty.channel.ChannelManager - Adding key: http://localhost:11155 for channel [id: 0xc90c1430, L:/127.0.0.1:59275 - R:localhost/127.0.0.1:11155]
14:30:52.290 [Forwarding getCurrentUrl on session d39eb201903141e7e7f8491d69e95641 to remote] DEBUG org.asynchttpclient.netty.request.NettyRequestSender - Using pooled Channel '[id: 0xc90c1430, L:/127.0.0.1:59275 - R:localhost/127.0.0.1:11155]' for 'GET' to 'http://localhost:11155/session/d39eb201903141e7e7f8491d69e95641/url'
14:30:52.290 [Forwarding getCurrentUrl on session d39eb201903141e7e7f8491d69e95641 to remote] DEBUG org.asynchttpclient.netty.request.NettyRequestSender - Using open Channel [id: 0xc90c1430, L:/127.0.0.1:59275 - R:localhost/127.0.0.1:11155] for GET '/session/d39eb201903141e7e7f8491d69e95641/url'
14:30:52.297 [AsyncHttpClient-1-3] DEBUG org.asynchttpclient.netty.handler.HttpHandler - 

Request DefaultFullHttpRequest(decodeResult: success, version: HTTP/1.1, content: EmptyByteBufBE)
GET /session/d39eb201903141e7e7f8491d69e95641/url HTTP/1.1
User-Agent: selenium/4.8.1 (java windows)
Cache-Control: no-cache
Content-Type: application/json; charset=utf-8
host: localhost:11155
accept: */*

Response DefaultHttpResponse(decodeResult: success, version: HTTP/1.1)
HTTP/1.1 200 OK
Content-Length: 94
Content-Type: application/json; charset=utf-8
cache-control: no-cache

14:30:52.297 [AsyncHttpClient-1-3] DEBUG org.asynchttpclient.netty.channel.ChannelManager - Adding key: http://localhost:11155 for channel [id: 0xc90c1430, L:/127.0.0.1:59275 - R:localhost/127.0.0.1:11155]
14:30:52.297 [Forwarding screenshot on session d39eb201903141e7e7f8491d69e95641 to remote] DEBUG org.asynchttpclient.netty.request.NettyRequestSender - Using pooled Channel '[id: 0xc90c1430, L:/127.0.0.1:59275 - R:localhost/127.0.0.1:11155]' for 'GET' to 'http://localhost:11155/session/d39eb201903141e7e7f8491d69e95641/screenshot'
14:30:52.297 [Forwarding screenshot on session d39eb201903141e7e7f8491d69e95641 to remote] DEBUG org.asynchttpclient.netty.request.NettyRequestSender - Using open Channel [id: 0xc90c1430, L:/127.0.0.1:59275 - R:localhost/127.0.0.1:11155] for GET '/session/d39eb201903141e7e7f8491d69e95641/screenshot'
14:30:52.390 [AsyncHttpClient-1-1] DEBUG org.asynchttpclient.netty.channel.DefaultChannelPool - Entry count for : http://localhost:59276 : 1
14:30:52.903 [AsyncHttpClient-1-3] DEBUG org.asynchttpclient.netty.handler.HttpHandler - 

Request DefaultFullHttpRequest(decodeResult: success, version: HTTP/1.1, content: EmptyByteBufBE)
GET /session/d39eb201903141e7e7f8491d69e95641/screenshot HTTP/1.1
User-Agent: selenium/4.8.1 (java windows)
Cache-Control: no-cache
Content-Type: application/json; charset=utf-8
host: localhost:11155
accept: */*

Response DefaultHttpResponse(decodeResult: success, version: HTTP/1.1)
HTTP/1.1 200 OK
Content-Length: 884708
Content-Type: application/json; charset=utf-8
cache-control: no-cache

14:30:52.905 [AsyncHttpClient-1-3] DEBUG org.asynchttpclient.netty.channel.ChannelManager - Adding key: http://localhost:11155 for channel [id: 0xc90c1430, L:/127.0.0.1:59275 - R:localhost/127.0.0.1:11155]
14:30:52.956 [main] DEBUG net.serenitybdd.core.photography.Darkroom - Send negative for processing for target\site\serenity\1febda00d0cf9b718243dcddb67c3239e069b76382879e61ad56d8358a55d5fa.png
14:30:52.956 [main] DEBUG net.thucydides.core.steps.StepInterceptor - STEP DONE: Select_Entity
14:30:52.956 [Darkroom Processing Line] DEBUG net.serenitybdd.core.photography.DarkroomProcessingLine - Processing screenshot image in /var/screenshots/screenshot-6791742266784440200
14:30:52.956 [Darkroom Processing Line] DEBUG net.serenitybdd.core.photography.DarkroomProcessingLine - Saving screenshot to target\site\serenity\1febda00d0cf9b718243dcddb67c3239e069b76382879e61ad56d8358a55d5fa.png
14:30:52.972 [Forwarding getPageSource on session d39eb201903141e7e7f8491d69e95641 to remote] DEBUG org.asynchttpclient.netty.request.NettyRequestSender - Using pooled Channel '[id: 0xc90c1430, L:/127.0.0.1:59275 - R:localhost/127.0.0.1:11155]' for 'POST' to 'http://localhost:11155/session/d39eb201903141e7e7f8491d69e95641/execute/sync'
14:30:52.972 [Forwarding getPageSource on session d39eb201903141e7e7f8491d69e95641 to remote] DEBUG org.asynchttpclient.netty.request.NettyRequestSender - Using open Channel [id: 0xc90c1430, L:/127.0.0.1:59275 - R:localhost/127.0.0.1:11155] for POST '/session/d39eb201903141e7e7f8491d69e95641/execute/sync'
14:30:53.000 [AsyncHttpClient-1-3] DEBUG org.asynchttpclient.netty.handler.HttpHandler - 

Request DefaultHttpRequest(decodeResult: success, version: HTTP/1.1)
POST /session/d39eb201903141e7e7f8491d69e95641/execute/sync HTTP/1.1
User-Agent: selenium/4.8.1 (java windows)
Content-Length: 176
Content-Type: application/json; charset=utf-8
host: localhost:11155
accept: */*

Response DefaultHttpResponse(decodeResult: success, version: HTTP/1.1)
HTTP/1.1 200 OK
Content-Length: 104359
Content-Type: application/json; charset=utf-8
cache-control: no-cache

14:30:53.000 [AsyncHttpClient-1-3] DEBUG org.asynchttpclient.netty.channel.ChannelManager - Adding key: http://localhost:11155 for channel [id: 0xc90c1430, L:/127.0.0.1:59275 - R:localhost/127.0.0.1:11155]
14:30:53.032 [Forwarding getCurrentUrl on session d39eb201903141e7e7f8491d69e95641 to remote] DEBUG org.asynchttpclient.netty.request.NettyRequestSender - Using pooled Channel '[id: 0xc90c1430, L:/127.0.0.1:59275 - R:localhost/127.0.0.1:11155]' for 'GET' to 'http://localhost:11155/session/d39eb201903141e7e7f8491d69e95641/url'
14:30:53.032 [Forwarding getCurrentUrl on session d39eb201903141e7e7f8491d69e95641 to remote] DEBUG org.asynchttpclient.netty.request.NettyRequestSender - Using open Channel [id: 0xc90c1430, L:/127.0.0.1:59275 - R:localhost/127.0.0.1:11155] for GET '/session/d39eb201903141e7e7f8491d69e95641/url'
14:30:53.042 [AsyncHttpClient-1-3] DEBUG org.asynchttpclient.netty.handler.HttpHandler - 

Request DefaultFullHttpRequest(decodeResult: success, version: HTTP/1.1, content: EmptyByteBufBE)
GET /session/d39eb201903141e7e7f8491d69e95641/url HTTP/1.1
User-Agent: selenium/4.8.1 (java windows)
Cache-Control: no-cache
Content-Type: application/json; charset=utf-8
host: localhost:11155
accept: */*

Response DefaultHttpResponse(decodeResult: success, version: HTTP/1.1)
HTTP/1.1 200 OK
Content-Length: 94
Content-Type: application/json; charset=utf-8
cache-control: no-cache

14:30:53.042 [AsyncHttpClient-1-3] DEBUG org.asynchttpclient.netty.channel.ChannelManager - Adding key: http://localhost:11155 for channel [id: 0xc90c1430, L:/127.0.0.1:59275 - R:localhost/127.0.0.1:11155]
14:30:53.064 [Forwarding getAlertText on session d39eb201903141e7e7f8491d69e95641 to remote] DEBUG org.asynchttpclient.netty.request.NettyRequestSender - Using pooled Channel '[id: 0xc90c1430, L:/127.0.0.1:59275 - R:localhost/127.0.0.1:11155]' for 'GET' to 'http://localhost:11155/session/d39eb201903141e7e7f8491d69e95641/alert/text'
14:30:53.064 [Forwarding getAlertText on session d39eb201903141e7e7f8491d69e95641 to remote] DEBUG org.asynchttpclient.netty.request.NettyRequestSender - Using open Channel [id: 0xc90c1430, L:/127.0.0.1:59275 - R:localhost/127.0.0.1:11155] for GET '/session/d39eb201903141e7e7f8491d69e95641/alert/text'
14:30:53.064 [AsyncHttpClient-1-3] DEBUG org.asynchttpclient.netty.handler.HttpHandler - 

Request DefaultFullHttpRequest(decodeResult: success, version: HTTP/1.1, content: EmptyByteBufBE)
GET /session/d39eb201903141e7e7f8491d69e95641/alert/text HTTP/1.1
User-Agent: selenium/4.8.1 (java windows)
Cache-Control: no-cache
Content-Type: application/json; charset=utf-8
host: localhost:11155
accept: */*

Response DefaultHttpResponse(decodeResult: success, version: HTTP/1.1)
HTTP/1.1 404 Not Found
Content-Length: 821
Content-Type: application/json; charset=utf-8
cache-control: no-cache

14:30:53.064 [AsyncHttpClient-1-3] DEBUG org.asynchttpclient.netty.channel.ChannelManager - Adding key: http://localhost:11155 for channel [id: 0xc90c1430, L:/127.0.0.1:59275 - R:localhost/127.0.0.1:11155]
14:30:53.493 [AsyncHttpClient-1-1] DEBUG org.asynchttpclient.netty.channel.DefaultChannelPool - Entry count for : http://localhost:11155 : 1
14:30:53.493 [AsyncHttpClient-1-1] DEBUG org.asynchttpclient.netty.channel.DefaultChannelPool - Entry count for : http://localhost:59276 : 1
14:30:53.570 [Forwarding getAlertText on session d39eb201903141e7e7f8491d69e95641 to remote] DEBUG org.asynchttpclient.netty.request.NettyRequestSender - Using pooled Channel '[id: 0xc90c1430, L:/127.0.0.1:59275 - R:localhost/127.0.0.1:11155]' for 'GET' to 'http://localhost:11155/session/d39eb201903141e7e7f8491d69e95641/alert/text'
14:30:53.570 [Forwarding getAlertText on session d39eb201903141e7e7f8491d69e95641 to remote] DEBUG org.asynchttpclient.netty.request.NettyRequestSender - Using open Channel [id: 0xc90c1430, L:/127.0.0.1:59275 - R:localhost/127.0.0.1:11155] for GET '/session/d39eb201903141e7e7f8491d69e95641/alert/text'
14:30:53.570 [AsyncHttpClient-1-3] DEBUG org.asynchttpclient.netty.handler.HttpHandler - 

Request DefaultFullHttpRequest(decodeResult: success, version: HTTP/1.1, content: EmptyByteBufBE)
GET /session/d39eb201903141e7e7f8491d69e95641/alert/text HTTP/1.1
User-Agent: selenium/4.8.1 (java windows)
Cache-Control: no-cache
Content-Type: application/json; charset=utf-8
host: localhost:11155
accept: */*

Response DefaultHttpResponse(decodeResult: success, version: HTTP/1.1)
HTTP/1.1 404 Not Found
Content-Length: 821
Content-Type: application/json; charset=utf-8
cache-control: no-cache

14:30:53.570 [AsyncHttpClient-1-3] DEBUG org.asynchttpclient.netty.channel.ChannelManager - Adding key: http://localhost:11155 for channel [id: 0xc90c1430, L:/127.0.0.1:59275 - R:localhost/127.0.0.1:11155]
14:30:53.575 [Forwarding getCurrentUrl on session d39eb201903141e7e7f8491d69e95641 to remote] DEBUG org.asynchttpclient.netty.request.NettyRequestSender - Using pooled Channel '[id: 0xc90c1430, L:/127.0.0.1:59275 - R:localhost/127.0.0.1:11155]' for 'GET' to 'http://localhost:11155/session/d39eb201903141e7e7f8491d69e95641/url'
14:30:53.575 [Forwarding getCurrentUrl on session d39eb201903141e7e7f8491d69e95641 to remote] DEBUG org.asynchttpclient.netty.request.NettyRequestSender - Using open Channel [id: 0xc90c1430, L:/127.0.0.1:59275 - R:localhost/127.0.0.1:11155] for GET '/session/d39eb201903141e7e7f8491d69e95641/url'
14:30:53.579 [AsyncHttpClient-1-3] DEBUG org.asynchttpclient.netty.handler.HttpHandler - 

Request DefaultFullHttpRequest(decodeResult: success, version: HTTP/1.1, content: EmptyByteBufBE)
GET /session/d39eb201903141e7e7f8491d69e95641/url HTTP/1.1
User-Agent: selenium/4.8.1 (java windows)
Cache-Control: no-cache
Content-Type: application/json; charset=utf-8
host: localhost:11155
accept: */*

Response DefaultHttpResponse(decodeResult: success, version: HTTP/1.1)
HTTP/1.1 200 OK
Content-Length: 94
Content-Type: application/json; charset=utf-8
cache-control: no-cache

14:30:53.579 [AsyncHttpClient-1-3] DEBUG org.asynchttpclient.netty.channel.ChannelManager - Adding key: http://localhost:11155 for channel [id: 0xc90c1430, L:/127.0.0.1:59275 - R:localhost/127.0.0.1:11155]
14:30:53.579 [Forwarding screenshot on session d39eb201903141e7e7f8491d69e95641 to remote] DEBUG org.asynchttpclient.netty.request.NettyRequestSender - Using pooled Channel '[id: 0xc90c1430, L:/127.0.0.1:59275 - R:localhost/127.0.0.1:11155]' for 'GET' to 'http://localhost:11155/session/d39eb201903141e7e7f8491d69e95641/screenshot'
14:30:53.579 [Forwarding screenshot on session d39eb201903141e7e7f8491d69e95641 to remote] DEBUG org.asynchttpclient.netty.request.NettyRequestSender - Using open Channel [id: 0xc90c1430, L:/127.0.0.1:59275 - R:localhost/127.0.0.1:11155] for GET '/session/d39eb201903141e7e7f8491d69e95641/screenshot'
14:30:54.152 [AsyncHttpClient-1-3] DEBUG org.asynchttpclient.netty.handler.HttpHandler - 

Request DefaultFullHttpRequest(decodeResult: success, version: HTTP/1.1, content: EmptyByteBufBE)
GET /session/d39eb201903141e7e7f8491d69e95641/screenshot HTTP/1.1
User-Agent: selenium/4.8.1 (java windows)
Cache-Control: no-cache
Content-Type: application/json; charset=utf-8
host: localhost:11155
accept: */*

Response DefaultHttpResponse(decodeResult: success, version: HTTP/1.1)
HTTP/1.1 200 OK
Content-Length: 884708
Content-Type: application/json; charset=utf-8
cache-control: no-cache

14:30:54.152 [AsyncHttpClient-1-3] DEBUG org.asynchttpclient.netty.channel.ChannelManager - Adding key: http://localhost:11155 for channel [id: 0xc90c1430, L:/127.0.0.1:59275 - R:localhost/127.0.0.1:11155]
14:30:54.195 [main] DEBUG net.serenitybdd.core.photography.Darkroom - Send negative for processing for target\site\serenity\1febda00d0cf9b718243dcddb67c3239e069b76382879e61ad56d8358a55d5fa.png
14:30:54.195 [Forwarding getPageSource on session d39eb201903141e7e7f8491d69e95641 to remote] DEBUG org.asynchttpclient.netty.request.NettyRequestSender - Using pooled Channel '[id: 0xc90c1430, L:/127.0.0.1:59275 - R:localhost/127.0.0.1:11155]' for 'POST' to 'http://localhost:11155/session/d39eb201903141e7e7f8491d69e95641/execute/sync'
14:30:54.195 [Forwarding getPageSource on session d39eb201903141e7e7f8491d69e95641 to remote] DEBUG org.asynchttpclient.netty.request.NettyRequestSender - Using open Channel [id: 0xc90c1430, L:/127.0.0.1:59275 - R:localhost/127.0.0.1:11155] for POST '/session/d39eb201903141e7e7f8491d69e95641/execute/sync'
14:30:54.215 [AsyncHttpClient-1-3] DEBUG org.asynchttpclient.netty.handler.HttpHandler - 

Request DefaultHttpRequest(decodeResult: success, version: HTTP/1.1)
POST /session/d39eb201903141e7e7f8491d69e95641/execute/sync HTTP/1.1
User-Agent: selenium/4.8.1 (java windows)
Content-Length: 176
Content-Type: application/json; charset=utf-8
host: localhost:11155
accept: */*

Response DefaultHttpResponse(decodeResult: success, version: HTTP/1.1)
HTTP/1.1 200 OK
Content-Length: 104359
Content-Type: application/json; charset=utf-8
cache-control: no-cache

14:30:54.215 [AsyncHttpClient-1-3] DEBUG org.asynchttpclient.netty.channel.ChannelManager - Adding key: http://localhost:11155 for channel [id: 0xc90c1430, L:/127.0.0.1:59275 - R:localhost/127.0.0.1:11155]
14:30:54.242 [Forwarding getCurrentUrl on session d39eb201903141e7e7f8491d69e95641 to remote] DEBUG org.asynchttpclient.netty.request.NettyRequestSender - Using pooled Channel '[id: 0xc90c1430, L:/127.0.0.1:59275 - R:localhost/127.0.0.1:11155]' for 'GET' to 'http://localhost:11155/session/d39eb201903141e7e7f8491d69e95641/url'
14:30:54.242 [Forwarding getCurrentUrl on session d39eb201903141e7e7f8491d69e95641 to remote] DEBUG org.asynchttpclient.netty.request.NettyRequestSender - Using open Channel [id: 0xc90c1430, L:/127.0.0.1:59275 - R:localhost/127.0.0.1:11155] for GET '/session/d39eb201903141e7e7f8491d69e95641/url'
14:30:54.247 [AsyncHttpClient-1-3] DEBUG org.asynchttpclient.netty.handler.HttpHandler - 

Request DefaultFullHttpRequest(decodeResult: success, version: HTTP/1.1, content: EmptyByteBufBE)
GET /session/d39eb201903141e7e7f8491d69e95641/url HTTP/1.1
User-Agent: selenium/4.8.1 (java windows)
Cache-Control: no-cache
Content-Type: application/json; charset=utf-8
host: localhost:11155
accept: */*

Response DefaultHttpResponse(decodeResult: success, version: HTTP/1.1)
HTTP/1.1 200 OK
Content-Length: 94
Content-Type: application/json; charset=utf-8
cache-control: no-cache

14:30:54.247 [AsyncHttpClient-1-3] DEBUG org.asynchttpclient.netty.channel.ChannelManager - Adding key: http://localhost:11155 for channel [id: 0xc90c1430, L:/127.0.0.1:59275 - R:localhost/127.0.0.1:11155]
14:30:54.247 [main] DEBUG net.thucydides.core.steps.StepInterceptor - STARTING STEP: Afrexim_NeedHelp_Step.select_oppurtunities - Select_Oppurtunities
14:30:54.263 [Forwarding findElement on session d39eb201903141e7e7f8491d69e95641 to remote] DEBUG org.asynchttpclient.netty.request.NettyRequestSender - Using pooled Channel '[id: 0xc90c1430, L:/127.0.0.1:59275 - R:localhost/127.0.0.1:11155]' for 'POST' to 'http://localhost:11155/session/d39eb201903141e7e7f8491d69e95641/element'
14:30:54.263 [Forwarding findElement on session d39eb201903141e7e7f8491d69e95641 to remote] DEBUG org.asynchttpclient.netty.request.NettyRequestSender - Using open Channel [id: 0xc90c1430, L:/127.0.0.1:59275 - R:localhost/127.0.0.1:11155] for POST '/session/d39eb201903141e7e7f8491d69e95641/element'
14:30:54.293 [AsyncHttpClient-1-3] DEBUG org.asynchttpclient.netty.handler.HttpHandler - 

Request DefaultHttpRequest(decodeResult: success, version: HTTP/1.1)
POST /session/d39eb201903141e7e7f8491d69e95641/element HTTP/1.1
User-Agent: selenium/4.8.1 (java windows)
Content-Length: 84
Content-Type: application/json; charset=utf-8
host: localhost:11155
accept: */*

Response DefaultHttpResponse(decodeResult: success, version: HTTP/1.1)
HTTP/1.1 200 OK
Content-Length: 95
Content-Type: application/json; charset=utf-8
cache-control: no-cache

14:30:54.293 [AsyncHttpClient-1-3] DEBUG org.asynchttpclient.netty.channel.ChannelManager - Adding key: http://localhost:11155 for channel [id: 0xc90c1430, L:/127.0.0.1:59275 - R:localhost/127.0.0.1:11155]
14:30:54.293 [Forwarding getElementTagName on session d39eb201903141e7e7f8491d69e95641 to remote] DEBUG org.asynchttpclient.netty.request.NettyRequestSender - Using pooled Channel '[id: 0xc90c1430, L:/127.0.0.1:59275 - R:localhost/127.0.0.1:11155]' for 'GET' to 'http://localhost:11155/session/d39eb201903141e7e7f8491d69e95641/element/ED30378DEB6A0E77550ECCDF515A836A_element_56/name'
14:30:54.293 [Forwarding getElementTagName on session d39eb201903141e7e7f8491d69e95641 to remote] DEBUG org.asynchttpclient.netty.request.NettyRequestSender - Using open Channel [id: 0xc90c1430, L:/127.0.0.1:59275 - R:localhost/127.0.0.1:11155] for GET '/session/d39eb201903141e7e7f8491d69e95641/element/ED30378DEB6A0E77550ECCDF515A836A_element_56/name'
14:30:54.306 [AsyncHttpClient-1-3] DEBUG org.asynchttpclient.netty.handler.HttpHandler - 

Request DefaultFullHttpRequest(decodeResult: success, version: HTTP/1.1, content: EmptyByteBufBE)
GET /session/d39eb201903141e7e7f8491d69e95641/element/ED30378DEB6A0E77550ECCDF515A836A_element_56/name HTTP/1.1
User-Agent: selenium/4.8.1 (java windows)
Cache-Control: no-cache
Content-Type: application/json; charset=utf-8
host: localhost:11155
accept: */*

Response DefaultHttpResponse(decodeResult: success, version: HTTP/1.1)
HTTP/1.1 200 OK
Content-Length: 17
Content-Type: application/json; charset=utf-8
cache-control: no-cache

14:30:54.306 [AsyncHttpClient-1-3] DEBUG org.asynchttpclient.netty.channel.ChannelManager - Adding key: http://localhost:11155 for channel [id: 0xc90c1430, L:/127.0.0.1:59275 - R:localhost/127.0.0.1:11155]
14:30:54.306 [Forwarding getElementTagName on session d39eb201903141e7e7f8491d69e95641 to remote] DEBUG org.asynchttpclient.netty.request.NettyRequestSender - Using pooled Channel '[id: 0xc90c1430, L:/127.0.0.1:59275 - R:localhost/127.0.0.1:11155]' for 'GET' to 'http://localhost:11155/session/d39eb201903141e7e7f8491d69e95641/element/ED30378DEB6A0E77550ECCDF515A836A_element_56/name'
14:30:54.312 [Forwarding getElementTagName on session d39eb201903141e7e7f8491d69e95641 to remote] DEBUG org.asynchttpclient.netty.request.NettyRequestSender - Using open Channel [id: 0xc90c1430, L:/127.0.0.1:59275 - R:localhost/127.0.0.1:11155] for GET '/session/d39eb201903141e7e7f8491d69e95641/element/ED30378DEB6A0E77550ECCDF515A836A_element_56/name'
14:30:54.312 [AsyncHttpClient-1-3] DEBUG org.asynchttpclient.netty.handler.HttpHandler - 

Request DefaultFullHttpRequest(decodeResult: success, version: HTTP/1.1, content: EmptyByteBufBE)
GET /session/d39eb201903141e7e7f8491d69e95641/element/ED30378DEB6A0E77550ECCDF515A836A_element_56/name HTTP/1.1
User-Agent: selenium/4.8.1 (java windows)
Cache-Control: no-cache
Content-Type: application/json; charset=utf-8
host: localhost:11155
accept: */*

Response DefaultHttpResponse(decodeResult: success, version: HTTP/1.1)
HTTP/1.1 200 OK
Content-Length: 17
Content-Type: application/json; charset=utf-8
cache-control: no-cache

14:30:54.312 [AsyncHttpClient-1-3] DEBUG org.asynchttpclient.netty.channel.ChannelManager - Adding key: http://localhost:11155 for channel [id: 0xc90c1430, L:/127.0.0.1:59275 - R:localhost/127.0.0.1:11155]
14:30:54.322 [Forwarding findElement on session d39eb201903141e7e7f8491d69e95641 to remote] DEBUG org.asynchttpclient.netty.request.NettyRequestSender - Using pooled Channel '[id: 0xc90c1430, L:/127.0.0.1:59275 - R:localhost/127.0.0.1:11155]' for 'POST' to 'http://localhost:11155/session/d39eb201903141e7e7f8491d69e95641/element'
14:30:54.322 [Forwarding findElement on session d39eb201903141e7e7f8491d69e95641 to remote] DEBUG org.asynchttpclient.netty.request.NettyRequestSender - Using open Channel [id: 0xc90c1430, L:/127.0.0.1:59275 - R:localhost/127.0.0.1:11155] for POST '/session/d39eb201903141e7e7f8491d69e95641/element'
14:30:54.338 [AsyncHttpClient-1-3] DEBUG org.asynchttpclient.netty.handler.HttpHandler - 

Request DefaultHttpRequest(decodeResult: success, version: HTTP/1.1)
POST /session/d39eb201903141e7e7f8491d69e95641/element HTTP/1.1
User-Agent: selenium/4.8.1 (java windows)
Content-Length: 84
Content-Type: application/json; charset=utf-8
host: localhost:11155
accept: */*

Response DefaultHttpResponse(decodeResult: success, version: HTTP/1.1)
HTTP/1.1 200 OK
Content-Length: 95
Content-Type: application/json; charset=utf-8
cache-control: no-cache

14:30:54.338 [AsyncHttpClient-1-3] DEBUG org.asynchttpclient.netty.channel.ChannelManager - Adding key: http://localhost:11155 for channel [id: 0xc90c1430, L:/127.0.0.1:59275 - R:localhost/127.0.0.1:11155]
14:30:54.338 [Forwarding clickElement on session d39eb201903141e7e7f8491d69e95641 to remote] DEBUG org.asynchttpclient.netty.request.NettyRequestSender - Using pooled Channel '[id: 0xc90c1430, L:/127.0.0.1:59275 - R:localhost/127.0.0.1:11155]' for 'POST' to 'http://localhost:11155/session/d39eb201903141e7e7f8491d69e95641/element/ED30378DEB6A0E77550ECCDF515A836A_element_56/click'
14:30:54.338 [Forwarding clickElement on session d39eb201903141e7e7f8491d69e95641 to remote] DEBUG org.asynchttpclient.netty.request.NettyRequestSender - Using open Channel [id: 0xc90c1430, L:/127.0.0.1:59275 - R:localhost/127.0.0.1:11155] for POST '/session/d39eb201903141e7e7f8491d69e95641/element/ED30378DEB6A0E77550ECCDF515A836A_element_56/click'
14:30:54.484 [AsyncHttpClient-1-3] DEBUG org.asynchttpclient.netty.handler.HttpHandler - 

Request DefaultHttpRequest(decodeResult: success, version: HTTP/1.1)
POST /session/d39eb201903141e7e7f8491d69e95641/element/ED30378DEB6A0E77550ECCDF515A836A_element_56/click HTTP/1.1
User-Agent: selenium/4.8.1 (java windows)
Content-Length: 57
Content-Type: application/json; charset=utf-8
host: localhost:11155
accept: */*

Response DefaultHttpResponse(decodeResult: success, version: HTTP/1.1)
HTTP/1.1 200 OK
Content-Length: 14
Content-Type: application/json; charset=utf-8
cache-control: no-cache

14:30:54.484 [AsyncHttpClient-1-3] DEBUG org.asynchttpclient.netty.channel.ChannelManager - Adding key: http://localhost:11155 for channel [id: 0xc90c1430, L:/127.0.0.1:59275 - R:localhost/127.0.0.1:11155]
14:30:54.504 [Forwarding getAlertText on session d39eb201903141e7e7f8491d69e95641 to remote] DEBUG org.asynchttpclient.netty.request.NettyRequestSender - Using pooled Channel '[id: 0xc90c1430, L:/127.0.0.1:59275 - R:localhost/127.0.0.1:11155]' for 'GET' to 'http://localhost:11155/session/d39eb201903141e7e7f8491d69e95641/alert/text'
14:30:54.504 [Forwarding getAlertText on session d39eb201903141e7e7f8491d69e95641 to remote] DEBUG org.asynchttpclient.netty.request.NettyRequestSender - Using open Channel [id: 0xc90c1430, L:/127.0.0.1:59275 - R:localhost/127.0.0.1:11155] for GET '/session/d39eb201903141e7e7f8491d69e95641/alert/text'
14:30:54.504 [AsyncHttpClient-1-3] DEBUG org.asynchttpclient.netty.handler.HttpHandler - 

Request DefaultFullHttpRequest(decodeResult: success, version: HTTP/1.1, content: EmptyByteBufBE)
GET /session/d39eb201903141e7e7f8491d69e95641/alert/text HTTP/1.1
User-Agent: selenium/4.8.1 (java windows)
Cache-Control: no-cache
Content-Type: application/json; charset=utf-8
host: localhost:11155
accept: */*

Response DefaultHttpResponse(decodeResult: success, version: HTTP/1.1)
HTTP/1.1 404 Not Found
Content-Length: 821
Content-Type: application/json; charset=utf-8
cache-control: no-cache

14:30:54.504 [AsyncHttpClient-1-3] DEBUG org.asynchttpclient.netty.channel.ChannelManager - Adding key: http://localhost:11155 for channel [id: 0xc90c1430, L:/127.0.0.1:59275 - R:localhost/127.0.0.1:11155]
14:30:54.600 [AsyncHttpClient-1-1] DEBUG org.asynchttpclient.netty.channel.DefaultChannelPool - Entry count for : http://localhost:11155 : 1
14:30:54.600 [AsyncHttpClient-1-1] DEBUG org.asynchttpclient.netty.channel.DefaultChannelPool - Entry count for : http://localhost:59276 : 1
14:30:55.013 [Forwarding getAlertText on session d39eb201903141e7e7f8491d69e95641 to remote] DEBUG org.asynchttpclient.netty.request.NettyRequestSender - Using pooled Channel '[id: 0xc90c1430, L:/127.0.0.1:59275 - R:localhost/127.0.0.1:11155]' for 'GET' to 'http://localhost:11155/session/d39eb201903141e7e7f8491d69e95641/alert/text'
14:30:55.013 [Forwarding getAlertText on session d39eb201903141e7e7f8491d69e95641 to remote] DEBUG org.asynchttpclient.netty.request.NettyRequestSender - Using open Channel [id: 0xc90c1430, L:/127.0.0.1:59275 - R:localhost/127.0.0.1:11155] for GET '/session/d39eb201903141e7e7f8491d69e95641/alert/text'
14:30:55.016 [AsyncHttpClient-1-3] DEBUG org.asynchttpclient.netty.handler.HttpHandler - 

Request DefaultFullHttpRequest(decodeResult: success, version: HTTP/1.1, content: EmptyByteBufBE)
GET /session/d39eb201903141e7e7f8491d69e95641/alert/text HTTP/1.1
User-Agent: selenium/4.8.1 (java windows)
Cache-Control: no-cache
Content-Type: application/json; charset=utf-8
host: localhost:11155
accept: */*

Response DefaultHttpResponse(decodeResult: success, version: HTTP/1.1)
HTTP/1.1 404 Not Found
Content-Length: 821
Content-Type: application/json; charset=utf-8
cache-control: no-cache

14:30:55.016 [AsyncHttpClient-1-3] DEBUG org.asynchttpclient.netty.channel.ChannelManager - Adding key: http://localhost:11155 for channel [id: 0xc90c1430, L:/127.0.0.1:59275 - R:localhost/127.0.0.1:11155]
14:30:55.016 [Forwarding getCurrentUrl on session d39eb201903141e7e7f8491d69e95641 to remote] DEBUG org.asynchttpclient.netty.request.NettyRequestSender - Using pooled Channel '[id: 0xc90c1430, L:/127.0.0.1:59275 - R:localhost/127.0.0.1:11155]' for 'GET' to 'http://localhost:11155/session/d39eb201903141e7e7f8491d69e95641/url'
14:30:55.016 [Forwarding getCurrentUrl on session d39eb201903141e7e7f8491d69e95641 to remote] DEBUG org.asynchttpclient.netty.request.NettyRequestSender - Using open Channel [id: 0xc90c1430, L:/127.0.0.1:59275 - R:localhost/127.0.0.1:11155] for GET '/session/d39eb201903141e7e7f8491d69e95641/url'
14:30:55.029 [AsyncHttpClient-1-3] DEBUG org.asynchttpclient.netty.handler.HttpHandler - 

Request DefaultFullHttpRequest(decodeResult: success, version: HTTP/1.1, content: EmptyByteBufBE)
GET /session/d39eb201903141e7e7f8491d69e95641/url HTTP/1.1
User-Agent: selenium/4.8.1 (java windows)
Cache-Control: no-cache
Content-Type: application/json; charset=utf-8
host: localhost:11155
accept: */*

Response DefaultHttpResponse(decodeResult: success, version: HTTP/1.1)
HTTP/1.1 200 OK
Content-Length: 94
Content-Type: application/json; charset=utf-8
cache-control: no-cache

14:30:55.029 [AsyncHttpClient-1-3] DEBUG org.asynchttpclient.netty.channel.ChannelManager - Adding key: http://localhost:11155 for channel [id: 0xc90c1430, L:/127.0.0.1:59275 - R:localhost/127.0.0.1:11155]
14:30:55.029 [Forwarding screenshot on session d39eb201903141e7e7f8491d69e95641 to remote] DEBUG org.asynchttpclient.netty.request.NettyRequestSender - Using pooled Channel '[id: 0xc90c1430, L:/127.0.0.1:59275 - R:localhost/127.0.0.1:11155]' for 'GET' to 'http://localhost:11155/session/d39eb201903141e7e7f8491d69e95641/screenshot'
14:30:55.029 [Forwarding screenshot on session d39eb201903141e7e7f8491d69e95641 to remote] DEBUG org.asynchttpclient.netty.request.NettyRequestSender - Using open Channel [id: 0xc90c1430, L:/127.0.0.1:59275 - R:localhost/127.0.0.1:11155] for GET '/session/d39eb201903141e7e7f8491d69e95641/screenshot'
14:30:55.264 [AsyncHttpClient-1-3] DEBUG org.asynchttpclient.netty.handler.HttpHandler - 

Request DefaultFullHttpRequest(decodeResult: success, version: HTTP/1.1, content: EmptyByteBufBE)
GET /session/d39eb201903141e7e7f8491d69e95641/screenshot HTTP/1.1
User-Agent: selenium/4.8.1 (java windows)
Cache-Control: no-cache
Content-Type: application/json; charset=utf-8
host: localhost:11155
accept: */*

Response DefaultHttpResponse(decodeResult: success, version: HTTP/1.1)
HTTP/1.1 200 OK
Content-Length: 207360
Content-Type: application/json; charset=utf-8
cache-control: no-cache

14:30:55.264 [AsyncHttpClient-1-3] DEBUG org.asynchttpclient.netty.channel.ChannelManager - Adding key: http://localhost:11155 for channel [id: 0xc90c1430, L:/127.0.0.1:59275 - R:localhost/127.0.0.1:11155]
14:30:55.271 [main] DEBUG net.serenitybdd.core.photography.Darkroom - Send negative for processing for target\site\serenity\a06d395c7a2c1912daab0800c04082b5c79cb5e8ae69924499a25df2a90517ca.png
14:30:55.271 [main] DEBUG net.thucydides.core.steps.StepInterceptor - STEP DONE: Select_Oppurtunities
14:30:55.271 [Darkroom Processing Line] DEBUG net.serenitybdd.core.photography.DarkroomProcessingLine - Processing screenshot image in /var/screenshots/screenshot-1970698976142128432
14:30:55.271 [Darkroom Processing Line] DEBUG net.serenitybdd.core.photography.DarkroomProcessingLine - Saving screenshot to target\site\serenity\a06d395c7a2c1912daab0800c04082b5c79cb5e8ae69924499a25df2a90517ca.png
14:30:55.287 [Forwarding getPageSource on session d39eb201903141e7e7f8491d69e95641 to remote] DEBUG org.asynchttpclient.netty.request.NettyRequestSender - Using pooled Channel '[id: 0xc90c1430, L:/127.0.0.1:59275 - R:localhost/127.0.0.1:11155]' for 'POST' to 'http://localhost:11155/session/d39eb201903141e7e7f8491d69e95641/execute/sync'
14:30:55.287 [Forwarding getPageSource on session d39eb201903141e7e7f8491d69e95641 to remote] DEBUG org.asynchttpclient.netty.request.NettyRequestSender - Using open Channel [id: 0xc90c1430, L:/127.0.0.1:59275 - R:localhost/127.0.0.1:11155] for POST '/session/d39eb201903141e7e7f8491d69e95641/execute/sync'
14:30:55.311 [AsyncHttpClient-1-3] DEBUG org.asynchttpclient.netty.handler.HttpHandler - 

Request DefaultHttpRequest(decodeResult: success, version: HTTP/1.1)
POST /session/d39eb201903141e7e7f8491d69e95641/execute/sync HTTP/1.1
User-Agent: selenium/4.8.1 (java windows)
Content-Length: 176
Content-Type: application/json; charset=utf-8
host: localhost:11155
accept: */*

Response DefaultHttpResponse(decodeResult: success, version: HTTP/1.1)
HTTP/1.1 200 OK
Content-Length: 104564
Content-Type: application/json; charset=utf-8
cache-control: no-cache

14:30:55.311 [AsyncHttpClient-1-3] DEBUG org.asynchttpclient.netty.channel.ChannelManager - Adding key: http://localhost:11155 for channel [id: 0xc90c1430, L:/127.0.0.1:59275 - R:localhost/127.0.0.1:11155]
14:30:55.325 [Forwarding getCurrentUrl on session d39eb201903141e7e7f8491d69e95641 to remote] DEBUG org.asynchttpclient.netty.request.NettyRequestSender - Using pooled Channel '[id: 0xc90c1430, L:/127.0.0.1:59275 - R:localhost/127.0.0.1:11155]' for 'GET' to 'http://localhost:11155/session/d39eb201903141e7e7f8491d69e95641/url'
14:30:55.325 [Forwarding getCurrentUrl on session d39eb201903141e7e7f8491d69e95641 to remote] DEBUG org.asynchttpclient.netty.request.NettyRequestSender - Using open Channel [id: 0xc90c1430, L:/127.0.0.1:59275 - R:localhost/127.0.0.1:11155] for GET '/session/d39eb201903141e7e7f8491d69e95641/url'
14:30:55.327 [AsyncHttpClient-1-3] DEBUG org.asynchttpclient.netty.handler.HttpHandler - 

Request DefaultFullHttpRequest(decodeResult: success, version: HTTP/1.1, content: EmptyByteBufBE)
GET /session/d39eb201903141e7e7f8491d69e95641/url HTTP/1.1
User-Agent: selenium/4.8.1 (java windows)
Cache-Control: no-cache
Content-Type: application/json; charset=utf-8
host: localhost:11155
accept: */*

Response DefaultHttpResponse(decodeResult: success, version: HTTP/1.1)
HTTP/1.1 200 OK
Content-Length: 94
Content-Type: application/json; charset=utf-8
cache-control: no-cache

14:30:55.327 [AsyncHttpClient-1-3] DEBUG org.asynchttpclient.netty.channel.ChannelManager - Adding key: http://localhost:11155 for channel [id: 0xc90c1430, L:/127.0.0.1:59275 - R:localhost/127.0.0.1:11155]
14:30:55.346 [Forwarding getAlertText on session d39eb201903141e7e7f8491d69e95641 to remote] DEBUG org.asynchttpclient.netty.request.NettyRequestSender - Using pooled Channel '[id: 0xc90c1430, L:/127.0.0.1:59275 - R:localhost/127.0.0.1:11155]' for 'GET' to 'http://localhost:11155/session/d39eb201903141e7e7f8491d69e95641/alert/text'
14:30:55.346 [Forwarding getAlertText on session d39eb201903141e7e7f8491d69e95641 to remote] DEBUG org.asynchttpclient.netty.request.NettyRequestSender - Using open Channel [id: 0xc90c1430, L:/127.0.0.1:59275 - R:localhost/127.0.0.1:11155] for GET '/session/d39eb201903141e7e7f8491d69e95641/alert/text'
14:30:55.346 [AsyncHttpClient-1-3] DEBUG org.asynchttpclient.netty.handler.HttpHandler - 

Request DefaultFullHttpRequest(decodeResult: success, version: HTTP/1.1, content: EmptyByteBufBE)
GET /session/d39eb201903141e7e7f8491d69e95641/alert/text HTTP/1.1
User-Agent: selenium/4.8.1 (java windows)
Cache-Control: no-cache
Content-Type: application/json; charset=utf-8
host: localhost:11155
accept: */*

Response DefaultHttpResponse(decodeResult: success, version: HTTP/1.1)
HTTP/1.1 404 Not Found
Content-Length: 821
Content-Type: application/json; charset=utf-8
cache-control: no-cache

14:30:55.346 [AsyncHttpClient-1-3] DEBUG org.asynchttpclient.netty.channel.ChannelManager - Adding key: http://localhost:11155 for channel [id: 0xc90c1430, L:/127.0.0.1:59275 - R:localhost/127.0.0.1:11155]
14:30:55.695 [AsyncHttpClient-1-1] DEBUG org.asynchttpclient.netty.channel.DefaultChannelPool - Entry count for : http://localhost:11155 : 1
14:30:55.695 [AsyncHttpClient-1-1] DEBUG org.asynchttpclient.netty.channel.DefaultChannelPool - Entry count for : http://localhost:59276 : 1
14:30:55.847 [Forwarding getAlertText on session d39eb201903141e7e7f8491d69e95641 to remote] DEBUG org.asynchttpclient.netty.request.NettyRequestSender - Using pooled Channel '[id: 0xc90c1430, L:/127.0.0.1:59275 - R:localhost/127.0.0.1:11155]' for 'GET' to 'http://localhost:11155/session/d39eb201903141e7e7f8491d69e95641/alert/text'
14:30:55.847 [Forwarding getAlertText on session d39eb201903141e7e7f8491d69e95641 to remote] DEBUG org.asynchttpclient.netty.request.NettyRequestSender - Using open Channel [id: 0xc90c1430, L:/127.0.0.1:59275 - R:localhost/127.0.0.1:11155] for GET '/session/d39eb201903141e7e7f8491d69e95641/alert/text'
14:30:55.847 [AsyncHttpClient-1-3] DEBUG org.asynchttpclient.netty.handler.HttpHandler - 

Request DefaultFullHttpRequest(decodeResult: success, version: HTTP/1.1, content: EmptyByteBufBE)
GET /session/d39eb201903141e7e7f8491d69e95641/alert/text HTTP/1.1
User-Agent: selenium/4.8.1 (java windows)
Cache-Control: no-cache
Content-Type: application/json; charset=utf-8
host: localhost:11155
accept: */*

Response DefaultHttpResponse(decodeResult: success, version: HTTP/1.1)
HTTP/1.1 404 Not Found
Content-Length: 821
Content-Type: application/json; charset=utf-8
cache-control: no-cache

14:30:55.847 [AsyncHttpClient-1-3] DEBUG org.asynchttpclient.netty.channel.ChannelManager - Adding key: http://localhost:11155 for channel [id: 0xc90c1430, L:/127.0.0.1:59275 - R:localhost/127.0.0.1:11155]
14:30:55.855 [Forwarding getCurrentUrl on session d39eb201903141e7e7f8491d69e95641 to remote] DEBUG org.asynchttpclient.netty.request.NettyRequestSender - Using pooled Channel '[id: 0xc90c1430, L:/127.0.0.1:59275 - R:localhost/127.0.0.1:11155]' for 'GET' to 'http://localhost:11155/session/d39eb201903141e7e7f8491d69e95641/url'
14:30:55.855 [Forwarding getCurrentUrl on session d39eb201903141e7e7f8491d69e95641 to remote] DEBUG org.asynchttpclient.netty.request.NettyRequestSender - Using open Channel [id: 0xc90c1430, L:/127.0.0.1:59275 - R:localhost/127.0.0.1:11155] for GET '/session/d39eb201903141e7e7f8491d69e95641/url'
14:30:55.872 [AsyncHttpClient-1-3] DEBUG org.asynchttpclient.netty.handler.HttpHandler - 

Request DefaultFullHttpRequest(decodeResult: success, version: HTTP/1.1, content: EmptyByteBufBE)
GET /session/d39eb201903141e7e7f8491d69e95641/url HTTP/1.1
User-Agent: selenium/4.8.1 (java windows)
Cache-Control: no-cache
Content-Type: application/json; charset=utf-8
host: localhost:11155
accept: */*

Response DefaultHttpResponse(decodeResult: success, version: HTTP/1.1)
HTTP/1.1 200 OK
Content-Length: 94
Content-Type: application/json; charset=utf-8
cache-control: no-cache

14:30:55.872 [AsyncHttpClient-1-3] DEBUG org.asynchttpclient.netty.channel.ChannelManager - Adding key: http://localhost:11155 for channel [id: 0xc90c1430, L:/127.0.0.1:59275 - R:localhost/127.0.0.1:11155]
14:30:55.872 [Forwarding screenshot on session d39eb201903141e7e7f8491d69e95641 to remote] DEBUG org.asynchttpclient.netty.request.NettyRequestSender - Using pooled Channel '[id: 0xc90c1430, L:/127.0.0.1:59275 - R:localhost/127.0.0.1:11155]' for 'GET' to 'http://localhost:11155/session/d39eb201903141e7e7f8491d69e95641/screenshot'
14:30:55.872 [Forwarding screenshot on session d39eb201903141e7e7f8491d69e95641 to remote] DEBUG org.asynchttpclient.netty.request.NettyRequestSender - Using open Channel [id: 0xc90c1430, L:/127.0.0.1:59275 - R:localhost/127.0.0.1:11155] for GET '/session/d39eb201903141e7e7f8491d69e95641/screenshot'
14:30:56.157 [AsyncHttpClient-1-3] DEBUG org.asynchttpclient.netty.handler.HttpHandler - 

Request DefaultFullHttpRequest(decodeResult: success, version: HTTP/1.1, content: EmptyByteBufBE)
GET /session/d39eb201903141e7e7f8491d69e95641/screenshot HTTP/1.1
User-Agent: selenium/4.8.1 (java windows)
Cache-Control: no-cache
Content-Type: application/json; charset=utf-8
host: localhost:11155
accept: */*

Response DefaultHttpResponse(decodeResult: success, version: HTTP/1.1)
HTTP/1.1 200 OK
Content-Length: 207360
Content-Type: application/json; charset=utf-8
cache-control: no-cache

14:30:56.157 [AsyncHttpClient-1-3] DEBUG org.asynchttpclient.netty.channel.ChannelManager - Adding key: http://localhost:11155 for channel [id: 0xc90c1430, L:/127.0.0.1:59275 - R:localhost/127.0.0.1:11155]
14:30:56.170 [main] DEBUG net.serenitybdd.core.photography.Darkroom - Send negative for processing for target\site\serenity\a06d395c7a2c1912daab0800c04082b5c79cb5e8ae69924499a25df2a90517ca.png
14:30:56.172 [Forwarding getPageSource on session d39eb201903141e7e7f8491d69e95641 to remote] DEBUG org.asynchttpclient.netty.request.NettyRequestSender - Using pooled Channel '[id: 0xc90c1430, L:/127.0.0.1:59275 - R:localhost/127.0.0.1:11155]' for 'POST' to 'http://localhost:11155/session/d39eb201903141e7e7f8491d69e95641/execute/sync'
14:30:56.172 [Forwarding getPageSource on session d39eb201903141e7e7f8491d69e95641 to remote] DEBUG org.asynchttpclient.netty.request.NettyRequestSender - Using open Channel [id: 0xc90c1430, L:/127.0.0.1:59275 - R:localhost/127.0.0.1:11155] for POST '/session/d39eb201903141e7e7f8491d69e95641/execute/sync'
14:30:56.203 [AsyncHttpClient-1-3] DEBUG org.asynchttpclient.netty.handler.HttpHandler - 

Request DefaultHttpRequest(decodeResult: success, version: HTTP/1.1)
POST /session/d39eb201903141e7e7f8491d69e95641/execute/sync HTTP/1.1
User-Agent: selenium/4.8.1 (java windows)
Content-Length: 176
Content-Type: application/json; charset=utf-8
host: localhost:11155
accept: */*

Response DefaultHttpResponse(decodeResult: success, version: HTTP/1.1)
HTTP/1.1 200 OK
Content-Length: 104564
Content-Type: application/json; charset=utf-8
cache-control: no-cache

14:30:56.203 [AsyncHttpClient-1-3] DEBUG org.asynchttpclient.netty.channel.ChannelManager - Adding key: http://localhost:11155 for channel [id: 0xc90c1430, L:/127.0.0.1:59275 - R:localhost/127.0.0.1:11155]
14:30:56.218 [Forwarding getCurrentUrl on session d39eb201903141e7e7f8491d69e95641 to remote] DEBUG org.asynchttpclient.netty.request.NettyRequestSender - Using pooled Channel '[id: 0xc90c1430, L:/127.0.0.1:59275 - R:localhost/127.0.0.1:11155]' for 'GET' to 'http://localhost:11155/session/d39eb201903141e7e7f8491d69e95641/url'
14:30:56.218 [Forwarding getCurrentUrl on session d39eb201903141e7e7f8491d69e95641 to remote] DEBUG org.asynchttpclient.netty.request.NettyRequestSender - Using open Channel [id: 0xc90c1430, L:/127.0.0.1:59275 - R:localhost/127.0.0.1:11155] for GET '/session/d39eb201903141e7e7f8491d69e95641/url'
14:30:56.227 [AsyncHttpClient-1-3] DEBUG org.asynchttpclient.netty.handler.HttpHandler - 

Request DefaultFullHttpRequest(decodeResult: success, version: HTTP/1.1, content: EmptyByteBufBE)
GET /session/d39eb201903141e7e7f8491d69e95641/url HTTP/1.1
User-Agent: selenium/4.8.1 (java windows)
Cache-Control: no-cache
Content-Type: application/json; charset=utf-8
host: localhost:11155
accept: */*

Response DefaultHttpResponse(decodeResult: success, version: HTTP/1.1)
HTTP/1.1 200 OK
Content-Length: 94
Content-Type: application/json; charset=utf-8
cache-control: no-cache

14:30:56.227 [AsyncHttpClient-1-3] DEBUG org.asynchttpclient.netty.channel.ChannelManager - Adding key: http://localhost:11155 for channel [id: 0xc90c1430, L:/127.0.0.1:59275 - R:localhost/127.0.0.1:11155]
14:30:56.227 [main] DEBUG net.thucydides.core.steps.StepInterceptor - STARTING STEP: Afrexim_NeedHelp_Step.type_request - Type_request
14:30:56.232 [Forwarding findElement on session d39eb201903141e7e7f8491d69e95641 to remote] DEBUG org.asynchttpclient.netty.request.NettyRequestSender - Using pooled Channel '[id: 0xc90c1430, L:/127.0.0.1:59275 - R:localhost/127.0.0.1:11155]' for 'POST' to 'http://localhost:11155/session/d39eb201903141e7e7f8491d69e95641/element'
14:30:56.232 [Forwarding findElement on session d39eb201903141e7e7f8491d69e95641 to remote] DEBUG org.asynchttpclient.netty.request.NettyRequestSender - Using open Channel [id: 0xc90c1430, L:/127.0.0.1:59275 - R:localhost/127.0.0.1:11155] for POST '/session/d39eb201903141e7e7f8491d69e95641/element'
14:30:56.253 [AsyncHttpClient-1-3] DEBUG org.asynchttpclient.netty.handler.HttpHandler - 

Request DefaultHttpRequest(decodeResult: success, version: HTTP/1.1)
POST /session/d39eb201903141e7e7f8491d69e95641/element HTTP/1.1
User-Agent: selenium/4.8.1 (java windows)
Content-Length: 75
Content-Type: application/json; charset=utf-8
host: localhost:11155
accept: */*

Response DefaultHttpResponse(decodeResult: success, version: HTTP/1.1)
HTTP/1.1 200 OK
Content-Length: 95
Content-Type: application/json; charset=utf-8
cache-control: no-cache

14:30:56.253 [AsyncHttpClient-1-3] DEBUG org.asynchttpclient.netty.channel.ChannelManager - Adding key: http://localhost:11155 for channel [id: 0xc90c1430, L:/127.0.0.1:59275 - R:localhost/127.0.0.1:11155]
14:30:56.258 [Forwarding clearElement on session d39eb201903141e7e7f8491d69e95641 to remote] DEBUG org.asynchttpclient.netty.request.NettyRequestSender - Using pooled Channel '[id: 0xc90c1430, L:/127.0.0.1:59275 - R:localhost/127.0.0.1:11155]' for 'POST' to 'http://localhost:11155/session/d39eb201903141e7e7f8491d69e95641/element/ED30378DEB6A0E77550ECCDF515A836A_element_65/clear'
14:30:56.259 [Forwarding clearElement on session d39eb201903141e7e7f8491d69e95641 to remote] DEBUG org.asynchttpclient.netty.request.NettyRequestSender - Using open Channel [id: 0xc90c1430, L:/127.0.0.1:59275 - R:localhost/127.0.0.1:11155] for POST '/session/d39eb201903141e7e7f8491d69e95641/element/ED30378DEB6A0E77550ECCDF515A836A_element_65/clear'
14:30:56.306 [AsyncHttpClient-1-3] DEBUG org.asynchttpclient.netty.handler.HttpHandler - 

Request DefaultHttpRequest(decodeResult: success, version: HTTP/1.1)
POST /session/d39eb201903141e7e7f8491d69e95641/element/ED30378DEB6A0E77550ECCDF515A836A_element_65/clear HTTP/1.1
User-Agent: selenium/4.8.1 (java windows)
Content-Length: 57
Content-Type: application/json; charset=utf-8
host: localhost:11155
accept: */*

Response DefaultHttpResponse(decodeResult: success, version: HTTP/1.1)
HTTP/1.1 200 OK
Content-Length: 14
Content-Type: application/json; charset=utf-8
cache-control: no-cache

14:30:56.306 [AsyncHttpClient-1-3] DEBUG org.asynchttpclient.netty.channel.ChannelManager - Adding key: http://localhost:11155 for channel [id: 0xc90c1430, L:/127.0.0.1:59275 - R:localhost/127.0.0.1:11155]
14:30:56.306 [Forwarding sendKeysToElement on session d39eb201903141e7e7f8491d69e95641 to remote] DEBUG org.asynchttpclient.netty.request.NettyRequestSender - Using pooled Channel '[id: 0xc90c1430, L:/127.0.0.1:59275 - R:localhost/127.0.0.1:11155]' for 'POST' to 'http://localhost:11155/session/d39eb201903141e7e7f8491d69e95641/element/ED30378DEB6A0E77550ECCDF515A836A_element_65/value'
14:30:56.306 [Forwarding sendKeysToElement on session d39eb201903141e7e7f8491d69e95641 to remote] DEBUG org.asynchttpclient.netty.request.NettyRequestSender - Using open Channel [id: 0xc90c1430, L:/127.0.0.1:59275 - R:localhost/127.0.0.1:11155] for POST '/session/d39eb201903141e7e7f8491d69e95641/element/ED30378DEB6A0E77550ECCDF515A836A_element_65/value'
14:30:56.593 [AsyncHttpClient-1-3] DEBUG org.asynchttpclient.netty.handler.HttpHandler - 

Request DefaultHttpRequest(decodeResult: success, version: HTTP/1.1)
POST /session/d39eb201903141e7e7f8491d69e95641/element/ED30378DEB6A0E77550ECCDF515A836A_element_65/value HTTP/1.1
User-Agent: selenium/4.8.1 (java windows)
Content-Length: 208
Content-Type: application/json; charset=utf-8
host: localhost:11155
accept: */*

Response DefaultHttpResponse(decodeResult: success, version: HTTP/1.1)
HTTP/1.1 200 OK
Content-Length: 14
Content-Type: application/json; charset=utf-8
cache-control: no-cache

14:30:56.593 [AsyncHttpClient-1-3] DEBUG org.asynchttpclient.netty.channel.ChannelManager - Adding key: http://localhost:11155 for channel [id: 0xc90c1430, L:/127.0.0.1:59275 - R:localhost/127.0.0.1:11155]
14:30:56.596 [Forwarding sendKeysToElement on session d39eb201903141e7e7f8491d69e95641 to remote] DEBUG org.asynchttpclient.netty.request.NettyRequestSender - Using pooled Channel '[id: 0xc90c1430, L:/127.0.0.1:59275 - R:localhost/127.0.0.1:11155]' for 'POST' to 'http://localhost:11155/session/d39eb201903141e7e7f8491d69e95641/element/ED30378DEB6A0E77550ECCDF515A836A_element_65/value'
14:30:56.596 [Forwarding sendKeysToElement on session d39eb201903141e7e7f8491d69e95641 to remote] DEBUG org.asynchttpclient.netty.request.NettyRequestSender - Using open Channel [id: 0xc90c1430, L:/127.0.0.1:59275 - R:localhost/127.0.0.1:11155] for POST '/session/d39eb201903141e7e7f8491d69e95641/element/ED30378DEB6A0E77550ECCDF515A836A_element_65/value'
14:30:56.802 [AsyncHttpClient-1-1] DEBUG org.asynchttpclient.netty.channel.DefaultChannelPool - Entry count for : http://localhost:59276 : 1
14:30:56.962 [AsyncHttpClient-1-3] DEBUG org.asynchttpclient.netty.handler.HttpHandler - 

Request DefaultHttpRequest(decodeResult: success, version: HTTP/1.1)
POST /session/d39eb201903141e7e7f8491d69e95641/element/ED30378DEB6A0E77550ECCDF515A836A_element_65/value HTTP/1.1
User-Agent: selenium/4.8.1 (java windows)
Content-Length: 102
Content-Type: application/json; charset=utf-8
host: localhost:11155
accept: */*

Response DefaultHttpResponse(decodeResult: success, version: HTTP/1.1)
HTTP/1.1 200 OK
Content-Length: 14
Content-Type: application/json; charset=utf-8
cache-control: no-cache

14:30:56.962 [AsyncHttpClient-1-3] DEBUG org.asynchttpclient.netty.channel.ChannelManager - Adding key: http://localhost:11155 for channel [id: 0xc90c1430, L:/127.0.0.1:59275 - R:localhost/127.0.0.1:11155]
14:30:56.987 [Forwarding getAlertText on session d39eb201903141e7e7f8491d69e95641 to remote] DEBUG org.asynchttpclient.netty.request.NettyRequestSender - Using pooled Channel '[id: 0xc90c1430, L:/127.0.0.1:59275 - R:localhost/127.0.0.1:11155]' for 'GET' to 'http://localhost:11155/session/d39eb201903141e7e7f8491d69e95641/alert/text'
14:30:56.987 [Forwarding getAlertText on session d39eb201903141e7e7f8491d69e95641 to remote] DEBUG org.asynchttpclient.netty.request.NettyRequestSender - Using open Channel [id: 0xc90c1430, L:/127.0.0.1:59275 - R:localhost/127.0.0.1:11155] for GET '/session/d39eb201903141e7e7f8491d69e95641/alert/text'
14:30:57.032 [AsyncHttpClient-1-3] DEBUG org.asynchttpclient.netty.handler.HttpHandler - 

Request DefaultFullHttpRequest(decodeResult: success, version: HTTP/1.1, content: EmptyByteBufBE)
GET /session/d39eb201903141e7e7f8491d69e95641/alert/text HTTP/1.1
User-Agent: selenium/4.8.1 (java windows)
Cache-Control: no-cache
Content-Type: application/json; charset=utf-8
host: localhost:11155
accept: */*

Response DefaultHttpResponse(decodeResult: success, version: HTTP/1.1)
HTTP/1.1 404 Not Found
Content-Length: 821
Content-Type: application/json; charset=utf-8
cache-control: no-cache

14:30:57.032 [AsyncHttpClient-1-3] DEBUG org.asynchttpclient.netty.channel.ChannelManager - Adding key: http://localhost:11155 for channel [id: 0xc90c1430, L:/127.0.0.1:59275 - R:localhost/127.0.0.1:11155]
14:30:57.032 [Forwarding getCurrentUrl on session d39eb201903141e7e7f8491d69e95641 to remote] DEBUG org.asynchttpclient.netty.request.NettyRequestSender - Using pooled Channel '[id: 0xc90c1430, L:/127.0.0.1:59275 - R:localhost/127.0.0.1:11155]' for 'GET' to 'http://localhost:11155/session/d39eb201903141e7e7f8491d69e95641/url'
14:30:57.032 [Forwarding getCurrentUrl on session d39eb201903141e7e7f8491d69e95641 to remote] DEBUG org.asynchttpclient.netty.request.NettyRequestSender - Using open Channel [id: 0xc90c1430, L:/127.0.0.1:59275 - R:localhost/127.0.0.1:11155] for GET '/session/d39eb201903141e7e7f8491d69e95641/url'
14:30:57.065 [AsyncHttpClient-1-3] DEBUG org.asynchttpclient.netty.handler.HttpHandler - 

Request DefaultFullHttpRequest(decodeResult: success, version: HTTP/1.1, content: EmptyByteBufBE)
GET /session/d39eb201903141e7e7f8491d69e95641/url HTTP/1.1
User-Agent: selenium/4.8.1 (java windows)
Cache-Control: no-cache
Content-Type: application/json; charset=utf-8
host: localhost:11155
accept: */*

Response DefaultHttpResponse(decodeResult: success, version: HTTP/1.1)
HTTP/1.1 200 OK
Content-Length: 94
Content-Type: application/json; charset=utf-8
cache-control: no-cache

14:30:57.065 [AsyncHttpClient-1-3] DEBUG org.asynchttpclient.netty.channel.ChannelManager - Adding key: http://localhost:11155 for channel [id: 0xc90c1430, L:/127.0.0.1:59275 - R:localhost/127.0.0.1:11155]
14:30:57.065 [Forwarding screenshot on session d39eb201903141e7e7f8491d69e95641 to remote] DEBUG org.asynchttpclient.netty.request.NettyRequestSender - Using pooled Channel '[id: 0xc90c1430, L:/127.0.0.1:59275 - R:localhost/127.0.0.1:11155]' for 'GET' to 'http://localhost:11155/session/d39eb201903141e7e7f8491d69e95641/screenshot'
14:30:57.065 [Forwarding screenshot on session d39eb201903141e7e7f8491d69e95641 to remote] DEBUG org.asynchttpclient.netty.request.NettyRequestSender - Using open Channel [id: 0xc90c1430, L:/127.0.0.1:59275 - R:localhost/127.0.0.1:11155] for GET '/session/d39eb201903141e7e7f8491d69e95641/screenshot'
14:30:57.373 [AsyncHttpClient-1-3] DEBUG org.asynchttpclient.netty.handler.HttpHandler - 

Request DefaultFullHttpRequest(decodeResult: success, version: HTTP/1.1, content: EmptyByteBufBE)
GET /session/d39eb201903141e7e7f8491d69e95641/screenshot HTTP/1.1
User-Agent: selenium/4.8.1 (java windows)
Cache-Control: no-cache
Content-Type: application/json; charset=utf-8
host: localhost:11155
accept: */*

Response DefaultHttpResponse(decodeResult: success, version: HTTP/1.1)
HTTP/1.1 200 OK
Content-Length: 143640
Content-Type: application/json; charset=utf-8
cache-control: no-cache

14:30:57.373 [AsyncHttpClient-1-3] DEBUG org.asynchttpclient.netty.channel.ChannelManager - Adding key: http://localhost:11155 for channel [id: 0xc90c1430, L:/127.0.0.1:59275 - R:localhost/127.0.0.1:11155]
14:30:57.386 [main] DEBUG net.serenitybdd.core.photography.Darkroom - Send negative for processing for target\site\serenity\88f28e3ecfe14bdc03252b5f7d7467977091a4c8e5fb84908971d9f55a4f8b10.png
14:30:57.386 [main] DEBUG net.thucydides.core.steps.StepInterceptor - STEP DONE: Type_request
14:30:57.386 [Darkroom Processing Line] DEBUG net.serenitybdd.core.photography.DarkroomProcessingLine - Processing screenshot image in /var/screenshots/screenshot-2220739472315584104
14:30:57.386 [Darkroom Processing Line] DEBUG net.serenitybdd.core.photography.DarkroomProcessingLine - Saving screenshot to target\site\serenity\88f28e3ecfe14bdc03252b5f7d7467977091a4c8e5fb84908971d9f55a4f8b10.png
14:30:57.412 [Forwarding getPageSource on session d39eb201903141e7e7f8491d69e95641 to remote] DEBUG org.asynchttpclient.netty.request.NettyRequestSender - Using pooled Channel '[id: 0xc90c1430, L:/127.0.0.1:59275 - R:localhost/127.0.0.1:11155]' for 'POST' to 'http://localhost:11155/session/d39eb201903141e7e7f8491d69e95641/execute/sync'
14:30:57.412 [Forwarding getPageSource on session d39eb201903141e7e7f8491d69e95641 to remote] DEBUG org.asynchttpclient.netty.request.NettyRequestSender - Using open Channel [id: 0xc90c1430, L:/127.0.0.1:59275 - R:localhost/127.0.0.1:11155] for POST '/session/d39eb201903141e7e7f8491d69e95641/execute/sync'
14:30:57.451 [AsyncHttpClient-1-3] DEBUG org.asynchttpclient.netty.handler.HttpHandler - 

Request DefaultHttpRequest(decodeResult: success, version: HTTP/1.1)
POST /session/d39eb201903141e7e7f8491d69e95641/execute/sync HTTP/1.1
User-Agent: selenium/4.8.1 (java windows)
Content-Length: 176
Content-Type: application/json; charset=utf-8
host: localhost:11155
accept: */*

Response DefaultHttpResponse(decodeResult: success, version: HTTP/1.1)
HTTP/1.1 200 OK
Content-Length: 104504
Content-Type: application/json; charset=utf-8
cache-control: no-cache

14:30:57.464 [AsyncHttpClient-1-3] DEBUG org.asynchttpclient.netty.channel.ChannelManager - Adding key: http://localhost:11155 for channel [id: 0xc90c1430, L:/127.0.0.1:59275 - R:localhost/127.0.0.1:11155]
14:30:57.483 [Forwarding getCurrentUrl on session d39eb201903141e7e7f8491d69e95641 to remote] DEBUG org.asynchttpclient.netty.request.NettyRequestSender - Using pooled Channel '[id: 0xc90c1430, L:/127.0.0.1:59275 - R:localhost/127.0.0.1:11155]' for 'GET' to 'http://localhost:11155/session/d39eb201903141e7e7f8491d69e95641/url'
14:30:57.483 [Forwarding getCurrentUrl on session d39eb201903141e7e7f8491d69e95641 to remote] DEBUG org.asynchttpclient.netty.request.NettyRequestSender - Using open Channel [id: 0xc90c1430, L:/127.0.0.1:59275 - R:localhost/127.0.0.1:11155] for GET '/session/d39eb201903141e7e7f8491d69e95641/url'
14:30:57.500 [AsyncHttpClient-1-3] DEBUG org.asynchttpclient.netty.handler.HttpHandler - 

Request DefaultFullHttpRequest(decodeResult: success, version: HTTP/1.1, content: EmptyByteBufBE)
GET /session/d39eb201903141e7e7f8491d69e95641/url HTTP/1.1
User-Agent: selenium/4.8.1 (java windows)
Cache-Control: no-cache
Content-Type: application/json; charset=utf-8
host: localhost:11155
accept: */*

Response DefaultHttpResponse(decodeResult: success, version: HTTP/1.1)
HTTP/1.1 200 OK
Content-Length: 94
Content-Type: application/json; charset=utf-8
cache-control: no-cache

14:30:57.500 [AsyncHttpClient-1-3] DEBUG org.asynchttpclient.netty.channel.ChannelManager - Adding key: http://localhost:11155 for channel [id: 0xc90c1430, L:/127.0.0.1:59275 - R:localhost/127.0.0.1:11155]
14:30:57.525 [Forwarding getAlertText on session d39eb201903141e7e7f8491d69e95641 to remote] DEBUG org.asynchttpclient.netty.request.NettyRequestSender - Using pooled Channel '[id: 0xc90c1430, L:/127.0.0.1:59275 - R:localhost/127.0.0.1:11155]' for 'GET' to 'http://localhost:11155/session/d39eb201903141e7e7f8491d69e95641/alert/text'
14:30:57.525 [Forwarding getAlertText on session d39eb201903141e7e7f8491d69e95641 to remote] DEBUG org.asynchttpclient.netty.request.NettyRequestSender - Using open Channel [id: 0xc90c1430, L:/127.0.0.1:59275 - R:localhost/127.0.0.1:11155] for GET '/session/d39eb201903141e7e7f8491d69e95641/alert/text'
14:30:57.538 [AsyncHttpClient-1-3] DEBUG org.asynchttpclient.netty.handler.HttpHandler - 

Request DefaultFullHttpRequest(decodeResult: success, version: HTTP/1.1, content: EmptyByteBufBE)
GET /session/d39eb201903141e7e7f8491d69e95641/alert/text HTTP/1.1
User-Agent: selenium/4.8.1 (java windows)
Cache-Control: no-cache
Content-Type: application/json; charset=utf-8
host: localhost:11155
accept: */*

Response DefaultHttpResponse(decodeResult: success, version: HTTP/1.1)
HTTP/1.1 404 Not Found
Content-Length: 821
Content-Type: application/json; charset=utf-8
cache-control: no-cache

14:30:57.538 [AsyncHttpClient-1-3] DEBUG org.asynchttpclient.netty.channel.ChannelManager - Adding key: http://localhost:11155 for channel [id: 0xc90c1430, L:/127.0.0.1:59275 - R:localhost/127.0.0.1:11155]
14:30:57.538 [Forwarding getCurrentUrl on session d39eb201903141e7e7f8491d69e95641 to remote] DEBUG org.asynchttpclient.netty.request.NettyRequestSender - Using pooled Channel '[id: 0xc90c1430, L:/127.0.0.1:59275 - R:localhost/127.0.0.1:11155]' for 'GET' to 'http://localhost:11155/session/d39eb201903141e7e7f8491d69e95641/url'
14:30:57.538 [Forwarding getCurrentUrl on session d39eb201903141e7e7f8491d69e95641 to remote] DEBUG org.asynchttpclient.netty.request.NettyRequestSender - Using open Channel [id: 0xc90c1430, L:/127.0.0.1:59275 - R:localhost/127.0.0.1:11155] for GET '/session/d39eb201903141e7e7f8491d69e95641/url'
14:30:57.586 [AsyncHttpClient-1-3] DEBUG org.asynchttpclient.netty.handler.HttpHandler - 

Request DefaultFullHttpRequest(decodeResult: success, version: HTTP/1.1, content: EmptyByteBufBE)
GET /session/d39eb201903141e7e7f8491d69e95641/url HTTP/1.1
User-Agent: selenium/4.8.1 (java windows)
Cache-Control: no-cache
Content-Type: application/json; charset=utf-8
host: localhost:11155
accept: */*

Response DefaultHttpResponse(decodeResult: success, version: HTTP/1.1)
HTTP/1.1 200 OK
Content-Length: 94
Content-Type: application/json; charset=utf-8
cache-control: no-cache

14:30:57.586 [AsyncHttpClient-1-3] DEBUG org.asynchttpclient.netty.channel.ChannelManager - Adding key: http://localhost:11155 for channel [id: 0xc90c1430, L:/127.0.0.1:59275 - R:localhost/127.0.0.1:11155]
14:30:57.586 [Forwarding screenshot on session d39eb201903141e7e7f8491d69e95641 to remote] DEBUG org.asynchttpclient.netty.request.NettyRequestSender - Using pooled Channel '[id: 0xc90c1430, L:/127.0.0.1:59275 - R:localhost/127.0.0.1:11155]' for 'GET' to 'http://localhost:11155/session/d39eb201903141e7e7f8491d69e95641/screenshot'
14:30:57.586 [Forwarding screenshot on session d39eb201903141e7e7f8491d69e95641 to remote] DEBUG org.asynchttpclient.netty.request.NettyRequestSender - Using open Channel [id: 0xc90c1430, L:/127.0.0.1:59275 - R:localhost/127.0.0.1:11155] for GET '/session/d39eb201903141e7e7f8491d69e95641/screenshot'
14:30:57.899 [AsyncHttpClient-1-1] DEBUG org.asynchttpclient.netty.channel.DefaultChannelPool - Entry count for : http://localhost:59276 : 1
14:30:57.965 [AsyncHttpClient-1-3] DEBUG org.asynchttpclient.netty.handler.HttpHandler - 

Request DefaultFullHttpRequest(decodeResult: success, version: HTTP/1.1, content: EmptyByteBufBE)
GET /session/d39eb201903141e7e7f8491d69e95641/screenshot HTTP/1.1
User-Agent: selenium/4.8.1 (java windows)
Cache-Control: no-cache
Content-Type: application/json; charset=utf-8
host: localhost:11155
accept: */*

Response DefaultHttpResponse(decodeResult: success, version: HTTP/1.1)
HTTP/1.1 200 OK
Content-Length: 143640
Content-Type: application/json; charset=utf-8
cache-control: no-cache

14:30:57.966 [AsyncHttpClient-1-3] DEBUG org.asynchttpclient.netty.channel.ChannelManager - Adding key: http://localhost:11155 for channel [id: 0xc90c1430, L:/127.0.0.1:59275 - R:localhost/127.0.0.1:11155]
14:30:57.981 [main] DEBUG net.serenitybdd.core.photography.Darkroom - Send negative for processing for target\site\serenity\88f28e3ecfe14bdc03252b5f7d7467977091a4c8e5fb84908971d9f55a4f8b10.png
14:30:57.986 [Forwarding getPageSource on session d39eb201903141e7e7f8491d69e95641 to remote] DEBUG org.asynchttpclient.netty.request.NettyRequestSender - Using pooled Channel '[id: 0xc90c1430, L:/127.0.0.1:59275 - R:localhost/127.0.0.1:11155]' for 'POST' to 'http://localhost:11155/session/d39eb201903141e7e7f8491d69e95641/execute/sync'
14:30:57.986 [Forwarding getPageSource on session d39eb201903141e7e7f8491d69e95641 to remote] DEBUG org.asynchttpclient.netty.request.NettyRequestSender - Using open Channel [id: 0xc90c1430, L:/127.0.0.1:59275 - R:localhost/127.0.0.1:11155] for POST '/session/d39eb201903141e7e7f8491d69e95641/execute/sync'
14:30:58.199 [AsyncHttpClient-1-3] DEBUG org.asynchttpclient.netty.handler.HttpHandler - 

Request DefaultHttpRequest(decodeResult: success, version: HTTP/1.1)
POST /session/d39eb201903141e7e7f8491d69e95641/execute/sync HTTP/1.1
User-Agent: selenium/4.8.1 (java windows)
Content-Length: 176
Content-Type: application/json; charset=utf-8
host: localhost:11155
accept: */*

Response DefaultHttpResponse(decodeResult: success, version: HTTP/1.1)
HTTP/1.1 200 OK
Content-Length: 104504
Content-Type: application/json; charset=utf-8
cache-control: no-cache

14:30:58.199 [AsyncHttpClient-1-3] DEBUG org.asynchttpclient.netty.channel.ChannelManager - Adding key: http://localhost:11155 for channel [id: 0xc90c1430, L:/127.0.0.1:59275 - R:localhost/127.0.0.1:11155]
14:30:58.221 [Forwarding getCurrentUrl on session d39eb201903141e7e7f8491d69e95641 to remote] DEBUG org.asynchttpclient.netty.request.NettyRequestSender - Using pooled Channel '[id: 0xc90c1430, L:/127.0.0.1:59275 - R:localhost/127.0.0.1:11155]' for 'GET' to 'http://localhost:11155/session/d39eb201903141e7e7f8491d69e95641/url'
14:30:58.221 [Forwarding getCurrentUrl on session d39eb201903141e7e7f8491d69e95641 to remote] DEBUG org.asynchttpclient.netty.request.NettyRequestSender - Using open Channel [id: 0xc90c1430, L:/127.0.0.1:59275 - R:localhost/127.0.0.1:11155] for GET '/session/d39eb201903141e7e7f8491d69e95641/url'
14:30:58.269 [AsyncHttpClient-1-3] DEBUG org.asynchttpclient.netty.handler.HttpHandler - 

Request DefaultFullHttpRequest(decodeResult: success, version: HTTP/1.1, content: EmptyByteBufBE)
GET /session/d39eb201903141e7e7f8491d69e95641/url HTTP/1.1
User-Agent: selenium/4.8.1 (java windows)
Cache-Control: no-cache
Content-Type: application/json; charset=utf-8
host: localhost:11155
accept: */*

Response DefaultHttpResponse(decodeResult: success, version: HTTP/1.1)
HTTP/1.1 200 OK
Content-Length: 94
Content-Type: application/json; charset=utf-8
cache-control: no-cache

14:30:58.269 [AsyncHttpClient-1-3] DEBUG org.asynchttpclient.netty.channel.ChannelManager - Adding key: http://localhost:11155 for channel [id: 0xc90c1430, L:/127.0.0.1:59275 - R:localhost/127.0.0.1:11155]
14:30:58.273 [main] DEBUG net.thucydides.core.steps.StepInterceptor - STARTING STEP: Afrexim_NeedHelp_Step.select_prefix_title - Select_prefix_title
14:30:58.280 [Forwarding findElement on session d39eb201903141e7e7f8491d69e95641 to remote] DEBUG org.asynchttpclient.netty.request.NettyRequestSender - Using pooled Channel '[id: 0xc90c1430, L:/127.0.0.1:59275 - R:localhost/127.0.0.1:11155]' for 'POST' to 'http://localhost:11155/session/d39eb201903141e7e7f8491d69e95641/element'
14:30:58.282 [Forwarding findElement on session d39eb201903141e7e7f8491d69e95641 to remote] DEBUG org.asynchttpclient.netty.request.NettyRequestSender - Using open Channel [id: 0xc90c1430, L:/127.0.0.1:59275 - R:localhost/127.0.0.1:11155] for POST '/session/d39eb201903141e7e7f8491d69e95641/element'
14:30:58.322 [AsyncHttpClient-1-3] DEBUG org.asynchttpclient.netty.handler.HttpHandler - 

Request DefaultHttpRequest(decodeResult: success, version: HTTP/1.1)
POST /session/d39eb201903141e7e7f8491d69e95641/element HTTP/1.1
User-Agent: selenium/4.8.1 (java windows)
Content-Length: 76
Content-Type: application/json; charset=utf-8
host: localhost:11155
accept: */*

Response DefaultHttpResponse(decodeResult: success, version: HTTP/1.1)
HTTP/1.1 200 OK
Content-Length: 95
Content-Type: application/json; charset=utf-8
cache-control: no-cache

14:30:58.322 [AsyncHttpClient-1-3] DEBUG org.asynchttpclient.netty.channel.ChannelManager - Adding key: http://localhost:11155 for channel [id: 0xc90c1430, L:/127.0.0.1:59275 - R:localhost/127.0.0.1:11155]
14:30:58.322 [Forwarding getElementTagName on session d39eb201903141e7e7f8491d69e95641 to remote] DEBUG org.asynchttpclient.netty.request.NettyRequestSender - Using pooled Channel '[id: 0xc90c1430, L:/127.0.0.1:59275 - R:localhost/127.0.0.1:11155]' for 'GET' to 'http://localhost:11155/session/d39eb201903141e7e7f8491d69e95641/element/ED30378DEB6A0E77550ECCDF515A836A_element_67/name'
14:30:58.322 [Forwarding getElementTagName on session d39eb201903141e7e7f8491d69e95641 to remote] DEBUG org.asynchttpclient.netty.request.NettyRequestSender - Using open Channel [id: 0xc90c1430, L:/127.0.0.1:59275 - R:localhost/127.0.0.1:11155] for GET '/session/d39eb201903141e7e7f8491d69e95641/element/ED30378DEB6A0E77550ECCDF515A836A_element_67/name'
14:30:58.352 [AsyncHttpClient-1-3] DEBUG org.asynchttpclient.netty.handler.HttpHandler - 

Request DefaultFullHttpRequest(decodeResult: success, version: HTTP/1.1, content: EmptyByteBufBE)
GET /session/d39eb201903141e7e7f8491d69e95641/element/ED30378DEB6A0E77550ECCDF515A836A_element_67/name HTTP/1.1
User-Agent: selenium/4.8.1 (java windows)
Cache-Control: no-cache
Content-Type: application/json; charset=utf-8
host: localhost:11155
accept: */*

Response DefaultHttpResponse(decodeResult: success, version: HTTP/1.1)
HTTP/1.1 200 OK
Content-Length: 18
Content-Type: application/json; charset=utf-8
cache-control: no-cache

14:30:58.353 [AsyncHttpClient-1-3] DEBUG org.asynchttpclient.netty.channel.ChannelManager - Adding key: http://localhost:11155 for channel [id: 0xc90c1430, L:/127.0.0.1:59275 - R:localhost/127.0.0.1:11155]
14:30:58.353 [Forwarding getElementDomAttribute on session d39eb201903141e7e7f8491d69e95641 to remote] DEBUG org.asynchttpclient.netty.request.NettyRequestSender - Using pooled Channel '[id: 0xc90c1430, L:/127.0.0.1:59275 - R:localhost/127.0.0.1:11155]' for 'GET' to 'http://localhost:11155/session/d39eb201903141e7e7f8491d69e95641/element/ED30378DEB6A0E77550ECCDF515A836A_element_67/attribute/multiple'
14:30:58.353 [Forwarding getElementDomAttribute on session d39eb201903141e7e7f8491d69e95641 to remote] DEBUG org.asynchttpclient.netty.request.NettyRequestSender - Using open Channel [id: 0xc90c1430, L:/127.0.0.1:59275 - R:localhost/127.0.0.1:11155] for GET '/session/d39eb201903141e7e7f8491d69e95641/element/ED30378DEB6A0E77550ECCDF515A836A_element_67/attribute/multiple'
14:30:58.370 [AsyncHttpClient-1-3] DEBUG org.asynchttpclient.netty.handler.HttpHandler - 

Request DefaultFullHttpRequest(decodeResult: success, version: HTTP/1.1, content: EmptyByteBufBE)
GET /session/d39eb201903141e7e7f8491d69e95641/element/ED30378DEB6A0E77550ECCDF515A836A_element_67/attribute/multiple HTTP/1.1
User-Agent: selenium/4.8.1 (java windows)
Cache-Control: no-cache
Content-Type: application/json; charset=utf-8
host: localhost:11155
accept: */*

Response DefaultHttpResponse(decodeResult: success, version: HTTP/1.1)
HTTP/1.1 200 OK
Content-Length: 14
Content-Type: application/json; charset=utf-8
cache-control: no-cache

14:30:58.370 [AsyncHttpClient-1-3] DEBUG org.asynchttpclient.netty.channel.ChannelManager - Adding key: http://localhost:11155 for channel [id: 0xc90c1430, L:/127.0.0.1:59275 - R:localhost/127.0.0.1:11155]
14:30:58.370 [Forwarding isElementEnabled on session d39eb201903141e7e7f8491d69e95641 to remote] DEBUG org.asynchttpclient.netty.request.NettyRequestSender - Using pooled Channel '[id: 0xc90c1430, L:/127.0.0.1:59275 - R:localhost/127.0.0.1:11155]' for 'GET' to 'http://localhost:11155/session/d39eb201903141e7e7f8491d69e95641/element/ED30378DEB6A0E77550ECCDF515A836A_element_67/enabled'
14:30:58.370 [Forwarding isElementEnabled on session d39eb201903141e7e7f8491d69e95641 to remote] DEBUG org.asynchttpclient.netty.request.NettyRequestSender - Using open Channel [id: 0xc90c1430, L:/127.0.0.1:59275 - R:localhost/127.0.0.1:11155] for GET '/session/d39eb201903141e7e7f8491d69e95641/element/ED30378DEB6A0E77550ECCDF515A836A_element_67/enabled'
14:30:58.401 [AsyncHttpClient-1-3] DEBUG org.asynchttpclient.netty.handler.HttpHandler - 

Request DefaultFullHttpRequest(decodeResult: success, version: HTTP/1.1, content: EmptyByteBufBE)
GET /session/d39eb201903141e7e7f8491d69e95641/element/ED30378DEB6A0E77550ECCDF515A836A_element_67/enabled HTTP/1.1
User-Agent: selenium/4.8.1 (java windows)
Cache-Control: no-cache
Content-Type: application/json; charset=utf-8
host: localhost:11155
accept: */*

Response DefaultHttpResponse(decodeResult: success, version: HTTP/1.1)
HTTP/1.1 200 OK
Content-Length: 14
Content-Type: application/json; charset=utf-8
cache-control: no-cache

14:30:58.401 [AsyncHttpClient-1-3] DEBUG org.asynchttpclient.netty.channel.ChannelManager - Adding key: http://localhost:11155 for channel [id: 0xc90c1430, L:/127.0.0.1:59275 - R:localhost/127.0.0.1:11155]
14:30:58.408 [Forwarding findChildElements on session d39eb201903141e7e7f8491d69e95641 to remote] DEBUG org.asynchttpclient.netty.request.NettyRequestSender - Using pooled Channel '[id: 0xc90c1430, L:/127.0.0.1:59275 - R:localhost/127.0.0.1:11155]' for 'POST' to 'http://localhost:11155/session/d39eb201903141e7e7f8491d69e95641/element/ED30378DEB6A0E77550ECCDF515A836A_element_67/elements'
14:30:58.408 [Forwarding findChildElements on session d39eb201903141e7e7f8491d69e95641 to remote] DEBUG org.asynchttpclient.netty.request.NettyRequestSender - Using open Channel [id: 0xc90c1430, L:/127.0.0.1:59275 - R:localhost/127.0.0.1:11155] for POST '/session/d39eb201903141e7e7f8491d69e95641/element/ED30378DEB6A0E77550ECCDF515A836A_element_67/elements'
14:30:58.472 [AsyncHttpClient-1-3] DEBUG org.asynchttpclient.netty.handler.HttpHandler - 

Request DefaultHttpRequest(decodeResult: success, version: HTTP/1.1)
POST /session/d39eb201903141e7e7f8491d69e95641/element/ED30378DEB6A0E77550ECCDF515A836A_element_67/elements HTTP/1.1
User-Agent: selenium/4.8.1 (java windows)
Content-Length: 101
Content-Type: application/json; charset=utf-8
host: localhost:11155
accept: */*

Response DefaultHttpResponse(decodeResult: success, version: HTTP/1.1)
HTTP/1.1 200 OK
Content-Length: 699
Content-Type: application/json; charset=utf-8
cache-control: no-cache

14:30:58.472 [AsyncHttpClient-1-3] DEBUG org.asynchttpclient.netty.channel.ChannelManager - Adding key: http://localhost:11155 for channel [id: 0xc90c1430, L:/127.0.0.1:59275 - R:localhost/127.0.0.1:11155]
14:30:58.477 [Forwarding getElementAttribute on session d39eb201903141e7e7f8491d69e95641 to remote] DEBUG org.asynchttpclient.netty.request.NettyRequestSender - Using pooled Channel '[id: 0xc90c1430, L:/127.0.0.1:59275 - R:localhost/127.0.0.1:11155]' for 'POST' to 'http://localhost:11155/session/d39eb201903141e7e7f8491d69e95641/execute/sync'
14:30:58.477 [Forwarding getElementAttribute on session d39eb201903141e7e7f8491d69e95641 to remote] DEBUG org.asynchttpclient.netty.request.NettyRequestSender - Using open Channel [id: 0xc90c1430, L:/127.0.0.1:59275 - R:localhost/127.0.0.1:11155] for POST '/session/d39eb201903141e7e7f8491d69e95641/execute/sync'
14:30:58.526 [AsyncHttpClient-1-3] DEBUG org.asynchttpclient.netty.handler.HttpHandler - 

Request DefaultHttpRequest(decodeResult: success, version: HTTP/1.1)
POST /session/d39eb201903141e7e7f8491d69e95641/execute/sync HTTP/1.1
User-Agent: selenium/4.8.1 (java windows)
Content-Length: 47375
Content-Type: application/json; charset=utf-8
host: localhost:11155
accept: */*

Response DefaultHttpResponse(decodeResult: success, version: HTTP/1.1)
HTTP/1.1 200 OK
Content-Length: 13
Content-Type: application/json; charset=utf-8
cache-control: no-cache

14:30:58.526 [AsyncHttpClient-1-3] DEBUG org.asynchttpclient.netty.channel.ChannelManager - Adding key: http://localhost:11155 for channel [id: 0xc90c1430, L:/127.0.0.1:59275 - R:localhost/127.0.0.1:11155]
14:30:58.532 [Forwarding getElementAttribute on session d39eb201903141e7e7f8491d69e95641 to remote] DEBUG org.asynchttpclient.netty.request.NettyRequestSender - Using pooled Channel '[id: 0xc90c1430, L:/127.0.0.1:59275 - R:localhost/127.0.0.1:11155]' for 'POST' to 'http://localhost:11155/session/d39eb201903141e7e7f8491d69e95641/execute/sync'
14:30:58.532 [Forwarding getElementAttribute on session d39eb201903141e7e7f8491d69e95641 to remote] DEBUG org.asynchttpclient.netty.request.NettyRequestSender - Using open Channel [id: 0xc90c1430, L:/127.0.0.1:59275 - R:localhost/127.0.0.1:11155] for POST '/session/d39eb201903141e7e7f8491d69e95641/execute/sync'
14:30:58.582 [AsyncHttpClient-1-3] DEBUG org.asynchttpclient.netty.handler.HttpHandler - 

Request DefaultHttpRequest(decodeResult: success, version: HTTP/1.1)
POST /session/d39eb201903141e7e7f8491d69e95641/execute/sync HTTP/1.1
User-Agent: selenium/4.8.1 (java windows)
Content-Length: 47375
Content-Type: application/json; charset=utf-8
host: localhost:11155
accept: */*

Response DefaultHttpResponse(decodeResult: success, version: HTTP/1.1)
HTTP/1.1 200 OK
Content-Length: 13
Content-Type: application/json; charset=utf-8
cache-control: no-cache

14:30:58.582 [AsyncHttpClient-1-3] DEBUG org.asynchttpclient.netty.channel.ChannelManager - Adding key: http://localhost:11155 for channel [id: 0xc90c1430, L:/127.0.0.1:59275 - R:localhost/127.0.0.1:11155]
14:30:58.590 [Forwarding getElementAttribute on session d39eb201903141e7e7f8491d69e95641 to remote] DEBUG org.asynchttpclient.netty.request.NettyRequestSender - Using pooled Channel '[id: 0xc90c1430, L:/127.0.0.1:59275 - R:localhost/127.0.0.1:11155]' for 'POST' to 'http://localhost:11155/session/d39eb201903141e7e7f8491d69e95641/execute/sync'
14:30:58.590 [Forwarding getElementAttribute on session d39eb201903141e7e7f8491d69e95641 to remote] DEBUG org.asynchttpclient.netty.request.NettyRequestSender - Using open Channel [id: 0xc90c1430, L:/127.0.0.1:59275 - R:localhost/127.0.0.1:11155] for POST '/session/d39eb201903141e7e7f8491d69e95641/execute/sync'
14:30:58.623 [AsyncHttpClient-1-3] DEBUG org.asynchttpclient.netty.handler.HttpHandler - 

Request DefaultHttpRequest(decodeResult: success, version: HTTP/1.1)
POST /session/d39eb201903141e7e7f8491d69e95641/execute/sync HTTP/1.1
User-Agent: selenium/4.8.1 (java windows)
Content-Length: 47375
Content-Type: application/json; charset=utf-8
host: localhost:11155
accept: */*

Response DefaultHttpResponse(decodeResult: success, version: HTTP/1.1)
HTTP/1.1 200 OK
Content-Length: 13
Content-Type: application/json; charset=utf-8
cache-control: no-cache

14:30:58.623 [AsyncHttpClient-1-3] DEBUG org.asynchttpclient.netty.channel.ChannelManager - Adding key: http://localhost:11155 for channel [id: 0xc90c1430, L:/127.0.0.1:59275 - R:localhost/127.0.0.1:11155]
14:30:58.637 [Forwarding getElementAttribute on session d39eb201903141e7e7f8491d69e95641 to remote] DEBUG org.asynchttpclient.netty.request.NettyRequestSender - Using pooled Channel '[id: 0xc90c1430, L:/127.0.0.1:59275 - R:localhost/127.0.0.1:11155]' for 'POST' to 'http://localhost:11155/session/d39eb201903141e7e7f8491d69e95641/execute/sync'
14:30:58.637 [Forwarding getElementAttribute on session d39eb201903141e7e7f8491d69e95641 to remote] DEBUG org.asynchttpclient.netty.request.NettyRequestSender - Using open Channel [id: 0xc90c1430, L:/127.0.0.1:59275 - R:localhost/127.0.0.1:11155] for POST '/session/d39eb201903141e7e7f8491d69e95641/execute/sync'
14:30:58.672 [AsyncHttpClient-1-3] DEBUG org.asynchttpclient.netty.handler.HttpHandler - 

Request DefaultHttpRequest(decodeResult: success, version: HTTP/1.1)
POST /session/d39eb201903141e7e7f8491d69e95641/execute/sync HTTP/1.1
User-Agent: selenium/4.8.1 (java windows)
Content-Length: 47375
Content-Type: application/json; charset=utf-8
host: localhost:11155
accept: */*

Response DefaultHttpResponse(decodeResult: success, version: HTTP/1.1)
HTTP/1.1 200 OK
Content-Length: 13
Content-Type: application/json; charset=utf-8
cache-control: no-cache

14:30:58.673 [AsyncHttpClient-1-3] DEBUG org.asynchttpclient.netty.channel.ChannelManager - Adding key: http://localhost:11155 for channel [id: 0xc90c1430, L:/127.0.0.1:59275 - R:localhost/127.0.0.1:11155]
14:30:58.680 [Forwarding getElementAttribute on session d39eb201903141e7e7f8491d69e95641 to remote] DEBUG org.asynchttpclient.netty.request.NettyRequestSender - Using pooled Channel '[id: 0xc90c1430, L:/127.0.0.1:59275 - R:localhost/127.0.0.1:11155]' for 'POST' to 'http://localhost:11155/session/d39eb201903141e7e7f8491d69e95641/execute/sync'
14:30:58.680 [Forwarding getElementAttribute on session d39eb201903141e7e7f8491d69e95641 to remote] DEBUG org.asynchttpclient.netty.request.NettyRequestSender - Using open Channel [id: 0xc90c1430, L:/127.0.0.1:59275 - R:localhost/127.0.0.1:11155] for POST '/session/d39eb201903141e7e7f8491d69e95641/execute/sync'
14:30:58.754 [AsyncHttpClient-1-3] DEBUG org.asynchttpclient.netty.handler.HttpHandler - 

Request DefaultHttpRequest(decodeResult: success, version: HTTP/1.1)
POST /session/d39eb201903141e7e7f8491d69e95641/execute/sync HTTP/1.1
User-Agent: selenium/4.8.1 (java windows)
Content-Length: 47375
Content-Type: application/json; charset=utf-8
host: localhost:11155
accept: */*

Response DefaultHttpResponse(decodeResult: success, version: HTTP/1.1)
HTTP/1.1 200 OK
Content-Length: 13
Content-Type: application/json; charset=utf-8
cache-control: no-cache

14:30:58.754 [AsyncHttpClient-1-3] DEBUG org.asynchttpclient.netty.channel.ChannelManager - Adding key: http://localhost:11155 for channel [id: 0xc90c1430, L:/127.0.0.1:59275 - R:localhost/127.0.0.1:11155]
14:30:58.763 [Forwarding getElementAttribute on session d39eb201903141e7e7f8491d69e95641 to remote] DEBUG org.asynchttpclient.netty.request.NettyRequestSender - Using pooled Channel '[id: 0xc90c1430, L:/127.0.0.1:59275 - R:localhost/127.0.0.1:11155]' for 'POST' to 'http://localhost:11155/session/d39eb201903141e7e7f8491d69e95641/execute/sync'
14:30:58.763 [Forwarding getElementAttribute on session d39eb201903141e7e7f8491d69e95641 to remote] DEBUG org.asynchttpclient.netty.request.NettyRequestSender - Using open Channel [id: 0xc90c1430, L:/127.0.0.1:59275 - R:localhost/127.0.0.1:11155] for POST '/session/d39eb201903141e7e7f8491d69e95641/execute/sync'
14:30:58.867 [AsyncHttpClient-1-3] DEBUG org.asynchttpclient.netty.handler.HttpHandler - 

Request DefaultHttpRequest(decodeResult: success, version: HTTP/1.1)
POST /session/d39eb201903141e7e7f8491d69e95641/execute/sync HTTP/1.1
User-Agent: selenium/4.8.1 (java windows)
Content-Length: 47375
Content-Type: application/json; charset=utf-8
host: localhost:11155
accept: */*

Response DefaultHttpResponse(decodeResult: success, version: HTTP/1.1)
HTTP/1.1 200 OK
Content-Length: 13
Content-Type: application/json; charset=utf-8
cache-control: no-cache

14:30:58.867 [AsyncHttpClient-1-3] DEBUG org.asynchttpclient.netty.channel.ChannelManager - Adding key: http://localhost:11155 for channel [id: 0xc90c1430, L:/127.0.0.1:59275 - R:localhost/127.0.0.1:11155]
14:30:58.867 [Forwarding isElementEnabled on session d39eb201903141e7e7f8491d69e95641 to remote] DEBUG org.asynchttpclient.netty.request.NettyRequestSender - Using pooled Channel '[id: 0xc90c1430, L:/127.0.0.1:59275 - R:localhost/127.0.0.1:11155]' for 'GET' to 'http://localhost:11155/session/d39eb201903141e7e7f8491d69e95641/element/ED30378DEB6A0E77550ECCDF515A836A_element_75/enabled'
14:30:58.867 [Forwarding isElementEnabled on session d39eb201903141e7e7f8491d69e95641 to remote] DEBUG org.asynchttpclient.netty.request.NettyRequestSender - Using open Channel [id: 0xc90c1430, L:/127.0.0.1:59275 - R:localhost/127.0.0.1:11155] for GET '/session/d39eb201903141e7e7f8491d69e95641/element/ED30378DEB6A0E77550ECCDF515A836A_element_75/enabled'
14:30:58.942 [AsyncHttpClient-1-3] DEBUG org.asynchttpclient.netty.handler.HttpHandler - 

Request DefaultFullHttpRequest(decodeResult: success, version: HTTP/1.1, content: EmptyByteBufBE)
GET /session/d39eb201903141e7e7f8491d69e95641/element/ED30378DEB6A0E77550ECCDF515A836A_element_75/enabled HTTP/1.1
User-Agent: selenium/4.8.1 (java windows)
Cache-Control: no-cache
Content-Type: application/json; charset=utf-8
host: localhost:11155
accept: */*

Response DefaultHttpResponse(decodeResult: success, version: HTTP/1.1)
HTTP/1.1 200 OK
Content-Length: 14
Content-Type: application/json; charset=utf-8
cache-control: no-cache

14:30:58.946 [AsyncHttpClient-1-3] DEBUG org.asynchttpclient.netty.channel.ChannelManager - Adding key: http://localhost:11155 for channel [id: 0xc90c1430, L:/127.0.0.1:59275 - R:localhost/127.0.0.1:11155]
14:30:58.946 [Forwarding isElementSelected on session d39eb201903141e7e7f8491d69e95641 to remote] DEBUG org.asynchttpclient.netty.request.NettyRequestSender - Using pooled Channel '[id: 0xc90c1430, L:/127.0.0.1:59275 - R:localhost/127.0.0.1:11155]' for 'GET' to 'http://localhost:11155/session/d39eb201903141e7e7f8491d69e95641/element/ED30378DEB6A0E77550ECCDF515A836A_element_75/selected'
14:30:58.946 [Forwarding isElementSelected on session d39eb201903141e7e7f8491d69e95641 to remote] DEBUG org.asynchttpclient.netty.request.NettyRequestSender - Using open Channel [id: 0xc90c1430, L:/127.0.0.1:59275 - R:localhost/127.0.0.1:11155] for GET '/session/d39eb201903141e7e7f8491d69e95641/element/ED30378DEB6A0E77550ECCDF515A836A_element_75/selected'
14:30:58.989 [AsyncHttpClient-1-1] DEBUG org.asynchttpclient.netty.channel.DefaultChannelPool - Entry count for : http://localhost:59276 : 1
14:30:58.989 [AsyncHttpClient-1-3] DEBUG org.asynchttpclient.netty.handler.HttpHandler - 

Request DefaultFullHttpRequest(decodeResult: success, version: HTTP/1.1, content: EmptyByteBufBE)
GET /session/d39eb201903141e7e7f8491d69e95641/element/ED30378DEB6A0E77550ECCDF515A836A_element_75/selected HTTP/1.1
User-Agent: selenium/4.8.1 (java windows)
Cache-Control: no-cache
Content-Type: application/json; charset=utf-8
host: localhost:11155
accept: */*

Response DefaultHttpResponse(decodeResult: success, version: HTTP/1.1)
HTTP/1.1 200 OK
Content-Length: 15
Content-Type: application/json; charset=utf-8
cache-control: no-cache

14:30:58.989 [AsyncHttpClient-1-3] DEBUG org.asynchttpclient.netty.channel.ChannelManager - Adding key: http://localhost:11155 for channel [id: 0xc90c1430, L:/127.0.0.1:59275 - R:localhost/127.0.0.1:11155]
14:30:58.994 [Forwarding clickElement on session d39eb201903141e7e7f8491d69e95641 to remote] DEBUG org.asynchttpclient.netty.request.NettyRequestSender - Using pooled Channel '[id: 0xc90c1430, L:/127.0.0.1:59275 - R:localhost/127.0.0.1:11155]' for 'POST' to 'http://localhost:11155/session/d39eb201903141e7e7f8491d69e95641/element/ED30378DEB6A0E77550ECCDF515A836A_element_75/click'
14:30:58.995 [Forwarding clickElement on session d39eb201903141e7e7f8491d69e95641 to remote] DEBUG org.asynchttpclient.netty.request.NettyRequestSender - Using open Channel [id: 0xc90c1430, L:/127.0.0.1:59275 - R:localhost/127.0.0.1:11155] for POST '/session/d39eb201903141e7e7f8491d69e95641/element/ED30378DEB6A0E77550ECCDF515A836A_element_75/click'
14:30:59.160 [AsyncHttpClient-1-3] DEBUG org.asynchttpclient.netty.handler.HttpHandler - 

Request DefaultHttpRequest(decodeResult: success, version: HTTP/1.1)
POST /session/d39eb201903141e7e7f8491d69e95641/element/ED30378DEB6A0E77550ECCDF515A836A_element_75/click HTTP/1.1
User-Agent: selenium/4.8.1 (java windows)
Content-Length: 57
Content-Type: application/json; charset=utf-8
host: localhost:11155
accept: */*

Response DefaultHttpResponse(decodeResult: success, version: HTTP/1.1)
HTTP/1.1 200 OK
Content-Length: 14
Content-Type: application/json; charset=utf-8
cache-control: no-cache

14:30:59.160 [AsyncHttpClient-1-3] DEBUG org.asynchttpclient.netty.channel.ChannelManager - Adding key: http://localhost:11155 for channel [id: 0xc90c1430, L:/127.0.0.1:59275 - R:localhost/127.0.0.1:11155]
14:30:59.176 [Forwarding getAlertText on session d39eb201903141e7e7f8491d69e95641 to remote] DEBUG org.asynchttpclient.netty.request.NettyRequestSender - Using pooled Channel '[id: 0xc90c1430, L:/127.0.0.1:59275 - R:localhost/127.0.0.1:11155]' for 'GET' to 'http://localhost:11155/session/d39eb201903141e7e7f8491d69e95641/alert/text'
14:30:59.176 [Forwarding getAlertText on session d39eb201903141e7e7f8491d69e95641 to remote] DEBUG org.asynchttpclient.netty.request.NettyRequestSender - Using open Channel [id: 0xc90c1430, L:/127.0.0.1:59275 - R:localhost/127.0.0.1:11155] for GET '/session/d39eb201903141e7e7f8491d69e95641/alert/text'
14:30:59.192 [AsyncHttpClient-1-3] DEBUG org.asynchttpclient.netty.handler.HttpHandler - 

Request DefaultFullHttpRequest(decodeResult: success, version: HTTP/1.1, content: EmptyByteBufBE)
GET /session/d39eb201903141e7e7f8491d69e95641/alert/text HTTP/1.1
User-Agent: selenium/4.8.1 (java windows)
Cache-Control: no-cache
Content-Type: application/json; charset=utf-8
host: localhost:11155
accept: */*

Response DefaultHttpResponse(decodeResult: success, version: HTTP/1.1)
HTTP/1.1 404 Not Found
Content-Length: 821
Content-Type: application/json; charset=utf-8
cache-control: no-cache

14:30:59.192 [AsyncHttpClient-1-3] DEBUG org.asynchttpclient.netty.channel.ChannelManager - Adding key: http://localhost:11155 for channel [id: 0xc90c1430, L:/127.0.0.1:59275 - R:localhost/127.0.0.1:11155]
14:30:59.196 [Forwarding getCurrentUrl on session d39eb201903141e7e7f8491d69e95641 to remote] DEBUG org.asynchttpclient.netty.request.NettyRequestSender - Using pooled Channel '[id: 0xc90c1430, L:/127.0.0.1:59275 - R:localhost/127.0.0.1:11155]' for 'GET' to 'http://localhost:11155/session/d39eb201903141e7e7f8491d69e95641/url'
14:30:59.196 [Forwarding getCurrentUrl on session d39eb201903141e7e7f8491d69e95641 to remote] DEBUG org.asynchttpclient.netty.request.NettyRequestSender - Using open Channel [id: 0xc90c1430, L:/127.0.0.1:59275 - R:localhost/127.0.0.1:11155] for GET '/session/d39eb201903141e7e7f8491d69e95641/url'
14:30:59.244 [AsyncHttpClient-1-3] DEBUG org.asynchttpclient.netty.handler.HttpHandler - 

Request DefaultFullHttpRequest(decodeResult: success, version: HTTP/1.1, content: EmptyByteBufBE)
GET /session/d39eb201903141e7e7f8491d69e95641/url HTTP/1.1
User-Agent: selenium/4.8.1 (java windows)
Cache-Control: no-cache
Content-Type: application/json; charset=utf-8
host: localhost:11155
accept: */*

Response DefaultHttpResponse(decodeResult: success, version: HTTP/1.1)
HTTP/1.1 200 OK
Content-Length: 94
Content-Type: application/json; charset=utf-8
cache-control: no-cache

14:30:59.244 [AsyncHttpClient-1-3] DEBUG org.asynchttpclient.netty.channel.ChannelManager - Adding key: http://localhost:11155 for channel [id: 0xc90c1430, L:/127.0.0.1:59275 - R:localhost/127.0.0.1:11155]
14:30:59.246 [Forwarding screenshot on session d39eb201903141e7e7f8491d69e95641 to remote] DEBUG org.asynchttpclient.netty.request.NettyRequestSender - Using pooled Channel '[id: 0xc90c1430, L:/127.0.0.1:59275 - R:localhost/127.0.0.1:11155]' for 'GET' to 'http://localhost:11155/session/d39eb201903141e7e7f8491d69e95641/screenshot'
14:30:59.246 [Forwarding screenshot on session d39eb201903141e7e7f8491d69e95641 to remote] DEBUG org.asynchttpclient.netty.request.NettyRequestSender - Using open Channel [id: 0xc90c1430, L:/127.0.0.1:59275 - R:localhost/127.0.0.1:11155] for GET '/session/d39eb201903141e7e7f8491d69e95641/screenshot'
14:30:59.592 [AsyncHttpClient-1-3] DEBUG org.asynchttpclient.netty.handler.HttpHandler - 

Request DefaultFullHttpRequest(decodeResult: success, version: HTTP/1.1, content: EmptyByteBufBE)
GET /session/d39eb201903141e7e7f8491d69e95641/screenshot HTTP/1.1
User-Agent: selenium/4.8.1 (java windows)
Cache-Control: no-cache
Content-Type: application/json; charset=utf-8
host: localhost:11155
accept: */*

Response DefaultHttpResponse(decodeResult: success, version: HTTP/1.1)
HTTP/1.1 200 OK
Content-Length: 144164
Content-Type: application/json; charset=utf-8
cache-control: no-cache

14:30:59.592 [AsyncHttpClient-1-3] DEBUG org.asynchttpclient.netty.channel.ChannelManager - Adding key: http://localhost:11155 for channel [id: 0xc90c1430, L:/127.0.0.1:59275 - R:localhost/127.0.0.1:11155]
14:30:59.608 [main] DEBUG net.serenitybdd.core.photography.Darkroom - Send negative for processing for target\site\serenity\201edbb80385ac644e675da2c26c1e63a312d0774d9be9c144f145343c20ecb7.png
14:30:59.608 [main] DEBUG net.thucydides.core.steps.StepInterceptor - STEP DONE: Select_prefix_title
14:30:59.608 [Darkroom Processing Line] DEBUG net.serenitybdd.core.photography.DarkroomProcessingLine - Processing screenshot image in /var/screenshots/screenshot-6043449587672245267
14:30:59.608 [Darkroom Processing Line] DEBUG net.serenitybdd.core.photography.DarkroomProcessingLine - Saving screenshot to target\site\serenity\201edbb80385ac644e675da2c26c1e63a312d0774d9be9c144f145343c20ecb7.png
14:30:59.641 [Forwarding getPageSource on session d39eb201903141e7e7f8491d69e95641 to remote] DEBUG org.asynchttpclient.netty.request.NettyRequestSender - Using pooled Channel '[id: 0xc90c1430, L:/127.0.0.1:59275 - R:localhost/127.0.0.1:11155]' for 'POST' to 'http://localhost:11155/session/d39eb201903141e7e7f8491d69e95641/execute/sync'
14:30:59.641 [Forwarding getPageSource on session d39eb201903141e7e7f8491d69e95641 to remote] DEBUG org.asynchttpclient.netty.request.NettyRequestSender - Using open Channel [id: 0xc90c1430, L:/127.0.0.1:59275 - R:localhost/127.0.0.1:11155] for POST '/session/d39eb201903141e7e7f8491d69e95641/execute/sync'
14:30:59.682 [AsyncHttpClient-1-3] DEBUG org.asynchttpclient.netty.handler.HttpHandler - 

Request DefaultHttpRequest(decodeResult: success, version: HTTP/1.1)
POST /session/d39eb201903141e7e7f8491d69e95641/execute/sync HTTP/1.1
User-Agent: selenium/4.8.1 (java windows)
Content-Length: 176
Content-Type: application/json; charset=utf-8
host: localhost:11155
accept: */*

Response DefaultHttpResponse(decodeResult: success, version: HTTP/1.1)
HTTP/1.1 200 OK
Content-Length: 104504
Content-Type: application/json; charset=utf-8
cache-control: no-cache

14:30:59.682 [AsyncHttpClient-1-3] DEBUG org.asynchttpclient.netty.channel.ChannelManager - Adding key: http://localhost:11155 for channel [id: 0xc90c1430, L:/127.0.0.1:59275 - R:localhost/127.0.0.1:11155]
14:30:59.707 [Forwarding getCurrentUrl on session d39eb201903141e7e7f8491d69e95641 to remote] DEBUG org.asynchttpclient.netty.request.NettyRequestSender - Using pooled Channel '[id: 0xc90c1430, L:/127.0.0.1:59275 - R:localhost/127.0.0.1:11155]' for 'GET' to 'http://localhost:11155/session/d39eb201903141e7e7f8491d69e95641/url'
14:30:59.707 [Forwarding getCurrentUrl on session d39eb201903141e7e7f8491d69e95641 to remote] DEBUG org.asynchttpclient.netty.request.NettyRequestSender - Using open Channel [id: 0xc90c1430, L:/127.0.0.1:59275 - R:localhost/127.0.0.1:11155] for GET '/session/d39eb201903141e7e7f8491d69e95641/url'
14:30:59.723 [AsyncHttpClient-1-3] DEBUG org.asynchttpclient.netty.handler.HttpHandler - 

Request DefaultFullHttpRequest(decodeResult: success, version: HTTP/1.1, content: EmptyByteBufBE)
GET /session/d39eb201903141e7e7f8491d69e95641/url HTTP/1.1
User-Agent: selenium/4.8.1 (java windows)
Cache-Control: no-cache
Content-Type: application/json; charset=utf-8
host: localhost:11155
accept: */*

Response DefaultHttpResponse(decodeResult: success, version: HTTP/1.1)
HTTP/1.1 200 OK
Content-Length: 94
Content-Type: application/json; charset=utf-8
cache-control: no-cache

14:30:59.723 [AsyncHttpClient-1-3] DEBUG org.asynchttpclient.netty.channel.ChannelManager - Adding key: http://localhost:11155 for channel [id: 0xc90c1430, L:/127.0.0.1:59275 - R:localhost/127.0.0.1:11155]
14:30:59.740 [Forwarding getAlertText on session d39eb201903141e7e7f8491d69e95641 to remote] DEBUG org.asynchttpclient.netty.request.NettyRequestSender - Using pooled Channel '[id: 0xc90c1430, L:/127.0.0.1:59275 - R:localhost/127.0.0.1:11155]' for 'GET' to 'http://localhost:11155/session/d39eb201903141e7e7f8491d69e95641/alert/text'
14:30:59.740 [Forwarding getAlertText on session d39eb201903141e7e7f8491d69e95641 to remote] DEBUG org.asynchttpclient.netty.request.NettyRequestSender - Using open Channel [id: 0xc90c1430, L:/127.0.0.1:59275 - R:localhost/127.0.0.1:11155] for GET '/session/d39eb201903141e7e7f8491d69e95641/alert/text'
14:30:59.745 [AsyncHttpClient-1-3] DEBUG org.asynchttpclient.netty.handler.HttpHandler - 

Request DefaultFullHttpRequest(decodeResult: success, version: HTTP/1.1, content: EmptyByteBufBE)
GET /session/d39eb201903141e7e7f8491d69e95641/alert/text HTTP/1.1
User-Agent: selenium/4.8.1 (java windows)
Cache-Control: no-cache
Content-Type: application/json; charset=utf-8
host: localhost:11155
accept: */*

Response DefaultHttpResponse(decodeResult: success, version: HTTP/1.1)
HTTP/1.1 404 Not Found
Content-Length: 821
Content-Type: application/json; charset=utf-8
cache-control: no-cache

14:30:59.745 [AsyncHttpClient-1-3] DEBUG org.asynchttpclient.netty.channel.ChannelManager - Adding key: http://localhost:11155 for channel [id: 0xc90c1430, L:/127.0.0.1:59275 - R:localhost/127.0.0.1:11155]
14:30:59.745 [Forwarding getCurrentUrl on session d39eb201903141e7e7f8491d69e95641 to remote] DEBUG org.asynchttpclient.netty.request.NettyRequestSender - Using pooled Channel '[id: 0xc90c1430, L:/127.0.0.1:59275 - R:localhost/127.0.0.1:11155]' for 'GET' to 'http://localhost:11155/session/d39eb201903141e7e7f8491d69e95641/url'
14:30:59.745 [Forwarding getCurrentUrl on session d39eb201903141e7e7f8491d69e95641 to remote] DEBUG org.asynchttpclient.netty.request.NettyRequestSender - Using open Channel [id: 0xc90c1430, L:/127.0.0.1:59275 - R:localhost/127.0.0.1:11155] for GET '/session/d39eb201903141e7e7f8491d69e95641/url'
14:30:59.757 [AsyncHttpClient-1-3] DEBUG org.asynchttpclient.netty.handler.HttpHandler - 

Request DefaultFullHttpRequest(decodeResult: success, version: HTTP/1.1, content: EmptyByteBufBE)
GET /session/d39eb201903141e7e7f8491d69e95641/url HTTP/1.1
User-Agent: selenium/4.8.1 (java windows)
Cache-Control: no-cache
Content-Type: application/json; charset=utf-8
host: localhost:11155
accept: */*

Response DefaultHttpResponse(decodeResult: success, version: HTTP/1.1)
HTTP/1.1 200 OK
Content-Length: 94
Content-Type: application/json; charset=utf-8
cache-control: no-cache

14:30:59.757 [AsyncHttpClient-1-3] DEBUG org.asynchttpclient.netty.channel.ChannelManager - Adding key: http://localhost:11155 for channel [id: 0xc90c1430, L:/127.0.0.1:59275 - R:localhost/127.0.0.1:11155]
14:30:59.757 [Forwarding screenshot on session d39eb201903141e7e7f8491d69e95641 to remote] DEBUG org.asynchttpclient.netty.request.NettyRequestSender - Using pooled Channel '[id: 0xc90c1430, L:/127.0.0.1:59275 - R:localhost/127.0.0.1:11155]' for 'GET' to 'http://localhost:11155/session/d39eb201903141e7e7f8491d69e95641/screenshot'
14:30:59.757 [Forwarding screenshot on session d39eb201903141e7e7f8491d69e95641 to remote] DEBUG org.asynchttpclient.netty.request.NettyRequestSender - Using open Channel [id: 0xc90c1430, L:/127.0.0.1:59275 - R:localhost/127.0.0.1:11155] for GET '/session/d39eb201903141e7e7f8491d69e95641/screenshot'
14:31:00.087 [AsyncHttpClient-1-3] DEBUG org.asynchttpclient.netty.handler.HttpHandler - 

Request DefaultFullHttpRequest(decodeResult: success, version: HTTP/1.1, content: EmptyByteBufBE)
GET /session/d39eb201903141e7e7f8491d69e95641/screenshot HTTP/1.1
User-Agent: selenium/4.8.1 (java windows)
Cache-Control: no-cache
Content-Type: application/json; charset=utf-8
host: localhost:11155
accept: */*

Response DefaultHttpResponse(decodeResult: success, version: HTTP/1.1)
HTTP/1.1 200 OK
Content-Length: 144164
Content-Type: application/json; charset=utf-8
cache-control: no-cache

14:31:00.087 [AsyncHttpClient-1-3] DEBUG org.asynchttpclient.netty.channel.ChannelManager - Adding key: http://localhost:11155 for channel [id: 0xc90c1430, L:/127.0.0.1:59275 - R:localhost/127.0.0.1:11155]
14:31:00.097 [AsyncHttpClient-1-1] DEBUG org.asynchttpclient.netty.channel.DefaultChannelPool - Entry count for : http://localhost:11155 : 1
14:31:00.097 [AsyncHttpClient-1-1] DEBUG org.asynchttpclient.netty.channel.DefaultChannelPool - Entry count for : http://localhost:59276 : 1
14:31:00.097 [main] DEBUG net.serenitybdd.core.photography.Darkroom - Send negative for processing for target\site\serenity\201edbb80385ac644e675da2c26c1e63a312d0774d9be9c144f145343c20ecb7.png
14:31:00.104 [Forwarding getPageSource on session d39eb201903141e7e7f8491d69e95641 to remote] DEBUG org.asynchttpclient.netty.request.NettyRequestSender - Using pooled Channel '[id: 0xc90c1430, L:/127.0.0.1:59275 - R:localhost/127.0.0.1:11155]' for 'POST' to 'http://localhost:11155/session/d39eb201903141e7e7f8491d69e95641/execute/sync'
14:31:00.104 [Forwarding getPageSource on session d39eb201903141e7e7f8491d69e95641 to remote] DEBUG org.asynchttpclient.netty.request.NettyRequestSender - Using open Channel [id: 0xc90c1430, L:/127.0.0.1:59275 - R:localhost/127.0.0.1:11155] for POST '/session/d39eb201903141e7e7f8491d69e95641/execute/sync'
14:31:00.147 [AsyncHttpClient-1-3] DEBUG org.asynchttpclient.netty.handler.HttpHandler - 

Request DefaultHttpRequest(decodeResult: success, version: HTTP/1.1)
POST /session/d39eb201903141e7e7f8491d69e95641/execute/sync HTTP/1.1
User-Agent: selenium/4.8.1 (java windows)
Content-Length: 176
Content-Type: application/json; charset=utf-8
host: localhost:11155
accept: */*

Response DefaultHttpResponse(decodeResult: success, version: HTTP/1.1)
HTTP/1.1 200 OK
Content-Length: 104504
Content-Type: application/json; charset=utf-8
cache-control: no-cache

14:31:00.147 [AsyncHttpClient-1-3] DEBUG org.asynchttpclient.netty.channel.ChannelManager - Adding key: http://localhost:11155 for channel [id: 0xc90c1430, L:/127.0.0.1:59275 - R:localhost/127.0.0.1:11155]
14:31:00.157 [Forwarding getCurrentUrl on session d39eb201903141e7e7f8491d69e95641 to remote] DEBUG org.asynchttpclient.netty.request.NettyRequestSender - Using pooled Channel '[id: 0xc90c1430, L:/127.0.0.1:59275 - R:localhost/127.0.0.1:11155]' for 'GET' to 'http://localhost:11155/session/d39eb201903141e7e7f8491d69e95641/url'
14:31:00.157 [Forwarding getCurrentUrl on session d39eb201903141e7e7f8491d69e95641 to remote] DEBUG org.asynchttpclient.netty.request.NettyRequestSender - Using open Channel [id: 0xc90c1430, L:/127.0.0.1:59275 - R:localhost/127.0.0.1:11155] for GET '/session/d39eb201903141e7e7f8491d69e95641/url'
14:31:00.197 [AsyncHttpClient-1-3] DEBUG org.asynchttpclient.netty.handler.HttpHandler - 

Request DefaultFullHttpRequest(decodeResult: success, version: HTTP/1.1, content: EmptyByteBufBE)
GET /session/d39eb201903141e7e7f8491d69e95641/url HTTP/1.1
User-Agent: selenium/4.8.1 (java windows)
Cache-Control: no-cache
Content-Type: application/json; charset=utf-8
host: localhost:11155
accept: */*

Response DefaultHttpResponse(decodeResult: success, version: HTTP/1.1)
HTTP/1.1 200 OK
Content-Length: 94
Content-Type: application/json; charset=utf-8
cache-control: no-cache

14:31:00.197 [AsyncHttpClient-1-3] DEBUG org.asynchttpclient.netty.channel.ChannelManager - Adding key: http://localhost:11155 for channel [id: 0xc90c1430, L:/127.0.0.1:59275 - R:localhost/127.0.0.1:11155]
14:31:00.200 [main] DEBUG net.thucydides.core.steps.StepInterceptor - STARTING STEP: Afrexim_NeedHelp_Step.enter_first_name - Type_first_name
14:31:00.208 [Forwarding findElement on session d39eb201903141e7e7f8491d69e95641 to remote] DEBUG org.asynchttpclient.netty.request.NettyRequestSender - Using pooled Channel '[id: 0xc90c1430, L:/127.0.0.1:59275 - R:localhost/127.0.0.1:11155]' for 'POST' to 'http://localhost:11155/session/d39eb201903141e7e7f8491d69e95641/element'
14:31:00.208 [Forwarding findElement on session d39eb201903141e7e7f8491d69e95641 to remote] DEBUG org.asynchttpclient.netty.request.NettyRequestSender - Using open Channel [id: 0xc90c1430, L:/127.0.0.1:59275 - R:localhost/127.0.0.1:11155] for POST '/session/d39eb201903141e7e7f8491d69e95641/element'
14:31:00.249 [AsyncHttpClient-1-3] DEBUG org.asynchttpclient.netty.handler.HttpHandler - 

Request DefaultHttpRequest(decodeResult: success, version: HTTP/1.1)
POST /session/d39eb201903141e7e7f8491d69e95641/element HTTP/1.1
User-Agent: selenium/4.8.1 (java windows)
Content-Length: 75
Content-Type: application/json; charset=utf-8
host: localhost:11155
accept: */*

Response DefaultHttpResponse(decodeResult: success, version: HTTP/1.1)
HTTP/1.1 200 OK
Content-Length: 95
Content-Type: application/json; charset=utf-8
cache-control: no-cache

14:31:00.253 [AsyncHttpClient-1-3] DEBUG org.asynchttpclient.netty.channel.ChannelManager - Adding key: http://localhost:11155 for channel [id: 0xc90c1430, L:/127.0.0.1:59275 - R:localhost/127.0.0.1:11155]
14:31:00.253 [Forwarding clearElement on session d39eb201903141e7e7f8491d69e95641 to remote] DEBUG org.asynchttpclient.netty.request.NettyRequestSender - Using pooled Channel '[id: 0xc90c1430, L:/127.0.0.1:59275 - R:localhost/127.0.0.1:11155]' for 'POST' to 'http://localhost:11155/session/d39eb201903141e7e7f8491d69e95641/element/ED30378DEB6A0E77550ECCDF515A836A_element_78/clear'
14:31:00.253 [Forwarding clearElement on session d39eb201903141e7e7f8491d69e95641 to remote] DEBUG org.asynchttpclient.netty.request.NettyRequestSender - Using open Channel [id: 0xc90c1430, L:/127.0.0.1:59275 - R:localhost/127.0.0.1:11155] for POST '/session/d39eb201903141e7e7f8491d69e95641/element/ED30378DEB6A0E77550ECCDF515A836A_element_78/clear'
14:31:00.349 [AsyncHttpClient-1-3] DEBUG org.asynchttpclient.netty.handler.HttpHandler - 

Request DefaultHttpRequest(decodeResult: success, version: HTTP/1.1)
POST /session/d39eb201903141e7e7f8491d69e95641/element/ED30378DEB6A0E77550ECCDF515A836A_element_78/clear HTTP/1.1
User-Agent: selenium/4.8.1 (java windows)
Content-Length: 57
Content-Type: application/json; charset=utf-8
host: localhost:11155
accept: */*

Response DefaultHttpResponse(decodeResult: success, version: HTTP/1.1)
HTTP/1.1 200 OK
Content-Length: 14
Content-Type: application/json; charset=utf-8
cache-control: no-cache

14:31:00.349 [AsyncHttpClient-1-3] DEBUG org.asynchttpclient.netty.channel.ChannelManager - Adding key: http://localhost:11155 for channel [id: 0xc90c1430, L:/127.0.0.1:59275 - R:localhost/127.0.0.1:11155]
14:31:00.349 [Forwarding sendKeysToElement on session d39eb201903141e7e7f8491d69e95641 to remote] DEBUG org.asynchttpclient.netty.request.NettyRequestSender - Using pooled Channel '[id: 0xc90c1430, L:/127.0.0.1:59275 - R:localhost/127.0.0.1:11155]' for 'POST' to 'http://localhost:11155/session/d39eb201903141e7e7f8491d69e95641/element/ED30378DEB6A0E77550ECCDF515A836A_element_78/value'
14:31:00.349 [Forwarding sendKeysToElement on session d39eb201903141e7e7f8491d69e95641 to remote] DEBUG org.asynchttpclient.netty.request.NettyRequestSender - Using open Channel [id: 0xc90c1430, L:/127.0.0.1:59275 - R:localhost/127.0.0.1:11155] for POST '/session/d39eb201903141e7e7f8491d69e95641/element/ED30378DEB6A0E77550ECCDF515A836A_element_78/value'
14:31:00.855 [AsyncHttpClient-1-3] DEBUG org.asynchttpclient.netty.handler.HttpHandler - 

Request DefaultHttpRequest(decodeResult: success, version: HTTP/1.1)
POST /session/d39eb201903141e7e7f8491d69e95641/element/ED30378DEB6A0E77550ECCDF515A836A_element_78/value HTTP/1.1
User-Agent: selenium/4.8.1 (java windows)
Content-Length: 238
Content-Type: application/json; charset=utf-8
host: localhost:11155
accept: */*

Response DefaultHttpResponse(decodeResult: success, version: HTTP/1.1)
HTTP/1.1 200 OK
Content-Length: 14
Content-Type: application/json; charset=utf-8
cache-control: no-cache

14:31:00.855 [AsyncHttpClient-1-3] DEBUG org.asynchttpclient.netty.channel.ChannelManager - Adding key: http://localhost:11155 for channel [id: 0xc90c1430, L:/127.0.0.1:59275 - R:localhost/127.0.0.1:11155]
14:31:00.861 [Forwarding sendKeysToElement on session d39eb201903141e7e7f8491d69e95641 to remote] DEBUG org.asynchttpclient.netty.request.NettyRequestSender - Using pooled Channel '[id: 0xc90c1430, L:/127.0.0.1:59275 - R:localhost/127.0.0.1:11155]' for 'POST' to 'http://localhost:11155/session/d39eb201903141e7e7f8491d69e95641/element/ED30378DEB6A0E77550ECCDF515A836A_element_78/value'
14:31:00.861 [Forwarding sendKeysToElement on session d39eb201903141e7e7f8491d69e95641 to remote] DEBUG org.asynchttpclient.netty.request.NettyRequestSender - Using open Channel [id: 0xc90c1430, L:/127.0.0.1:59275 - R:localhost/127.0.0.1:11155] for POST '/session/d39eb201903141e7e7f8491d69e95641/element/ED30378DEB6A0E77550ECCDF515A836A_element_78/value'
14:31:00.989 [AsyncHttpClient-1-3] DEBUG org.asynchttpclient.netty.handler.HttpHandler - 

Request DefaultHttpRequest(decodeResult: success, version: HTTP/1.1)
POST /session/d39eb201903141e7e7f8491d69e95641/element/ED30378DEB6A0E77550ECCDF515A836A_element_78/value HTTP/1.1
User-Agent: selenium/4.8.1 (java windows)
Content-Length: 102
Content-Type: application/json; charset=utf-8
host: localhost:11155
accept: */*

Response DefaultHttpResponse(decodeResult: success, version: HTTP/1.1)
HTTP/1.1 200 OK
Content-Length: 14
Content-Type: application/json; charset=utf-8
cache-control: no-cache

14:31:00.990 [AsyncHttpClient-1-3] DEBUG org.asynchttpclient.netty.channel.ChannelManager - Adding key: http://localhost:11155 for channel [id: 0xc90c1430, L:/127.0.0.1:59275 - R:localhost/127.0.0.1:11155]
14:31:01.013 [Forwarding getAlertText on session d39eb201903141e7e7f8491d69e95641 to remote] DEBUG org.asynchttpclient.netty.request.NettyRequestSender - Using pooled Channel '[id: 0xc90c1430, L:/127.0.0.1:59275 - R:localhost/127.0.0.1:11155]' for 'GET' to 'http://localhost:11155/session/d39eb201903141e7e7f8491d69e95641/alert/text'
14:31:01.013 [Forwarding getAlertText on session d39eb201903141e7e7f8491d69e95641 to remote] DEBUG org.asynchttpclient.netty.request.NettyRequestSender - Using open Channel [id: 0xc90c1430, L:/127.0.0.1:59275 - R:localhost/127.0.0.1:11155] for GET '/session/d39eb201903141e7e7f8491d69e95641/alert/text'
14:31:01.099 [AsyncHttpClient-1-3] DEBUG org.asynchttpclient.netty.handler.HttpHandler - 

Request DefaultFullHttpRequest(decodeResult: success, version: HTTP/1.1, content: EmptyByteBufBE)
GET /session/d39eb201903141e7e7f8491d69e95641/alert/text HTTP/1.1
User-Agent: selenium/4.8.1 (java windows)
Cache-Control: no-cache
Content-Type: application/json; charset=utf-8
host: localhost:11155
accept: */*

Response DefaultHttpResponse(decodeResult: success, version: HTTP/1.1)
HTTP/1.1 404 Not Found
Content-Length: 821
Content-Type: application/json; charset=utf-8
cache-control: no-cache

14:31:01.099 [AsyncHttpClient-1-3] DEBUG org.asynchttpclient.netty.channel.ChannelManager - Adding key: http://localhost:11155 for channel [id: 0xc90c1430, L:/127.0.0.1:59275 - R:localhost/127.0.0.1:11155]
14:31:01.102 [Forwarding getCurrentUrl on session d39eb201903141e7e7f8491d69e95641 to remote] DEBUG org.asynchttpclient.netty.request.NettyRequestSender - Using pooled Channel '[id: 0xc90c1430, L:/127.0.0.1:59275 - R:localhost/127.0.0.1:11155]' for 'GET' to 'http://localhost:11155/session/d39eb201903141e7e7f8491d69e95641/url'
14:31:01.102 [Forwarding getCurrentUrl on session d39eb201903141e7e7f8491d69e95641 to remote] DEBUG org.asynchttpclient.netty.request.NettyRequestSender - Using open Channel [id: 0xc90c1430, L:/127.0.0.1:59275 - R:localhost/127.0.0.1:11155] for GET '/session/d39eb201903141e7e7f8491d69e95641/url'
14:31:01.121 [AsyncHttpClient-1-3] DEBUG org.asynchttpclient.netty.handler.HttpHandler - 

Request DefaultFullHttpRequest(decodeResult: success, version: HTTP/1.1, content: EmptyByteBufBE)
GET /session/d39eb201903141e7e7f8491d69e95641/url HTTP/1.1
User-Agent: selenium/4.8.1 (java windows)
Cache-Control: no-cache
Content-Type: application/json; charset=utf-8
host: localhost:11155
accept: */*

Response DefaultHttpResponse(decodeResult: success, version: HTTP/1.1)
HTTP/1.1 200 OK
Content-Length: 94
Content-Type: application/json; charset=utf-8
cache-control: no-cache

14:31:01.121 [AsyncHttpClient-1-3] DEBUG org.asynchttpclient.netty.channel.ChannelManager - Adding key: http://localhost:11155 for channel [id: 0xc90c1430, L:/127.0.0.1:59275 - R:localhost/127.0.0.1:11155]
14:31:01.126 [Forwarding screenshot on session d39eb201903141e7e7f8491d69e95641 to remote] DEBUG org.asynchttpclient.netty.request.NettyRequestSender - Using pooled Channel '[id: 0xc90c1430, L:/127.0.0.1:59275 - R:localhost/127.0.0.1:11155]' for 'GET' to 'http://localhost:11155/session/d39eb201903141e7e7f8491d69e95641/screenshot'
14:31:01.126 [Forwarding screenshot on session d39eb201903141e7e7f8491d69e95641 to remote] DEBUG org.asynchttpclient.netty.request.NettyRequestSender - Using open Channel [id: 0xc90c1430, L:/127.0.0.1:59275 - R:localhost/127.0.0.1:11155] for GET '/session/d39eb201903141e7e7f8491d69e95641/screenshot'
14:31:01.236 [AsyncHttpClient-1-1] DEBUG org.asynchttpclient.netty.channel.DefaultChannelPool - Entry count for : http://localhost:59276 : 1
14:31:01.600 [AsyncHttpClient-1-3] DEBUG org.asynchttpclient.netty.handler.HttpHandler - 

Request DefaultFullHttpRequest(decodeResult: success, version: HTTP/1.1, content: EmptyByteBufBE)
GET /session/d39eb201903141e7e7f8491d69e95641/screenshot HTTP/1.1
User-Agent: selenium/4.8.1 (java windows)
Cache-Control: no-cache
Content-Type: application/json; charset=utf-8
host: localhost:11155
accept: */*

Response DefaultHttpResponse(decodeResult: success, version: HTTP/1.1)
HTTP/1.1 200 OK
Content-Length: 146788
Content-Type: application/json; charset=utf-8
cache-control: no-cache

14:31:01.600 [AsyncHttpClient-1-3] DEBUG org.asynchttpclient.netty.channel.ChannelManager - Adding key: http://localhost:11155 for channel [id: 0xc90c1430, L:/127.0.0.1:59275 - R:localhost/127.0.0.1:11155]
14:31:01.619 [main] DEBUG net.serenitybdd.core.photography.Darkroom - Send negative for processing for target\site\serenity\c4c540ec47a2f0e2d4ffb03c0db366edfa8a64b4ba3676d07805fddc9e32a858.png
14:31:01.619 [main] DEBUG net.thucydides.core.steps.StepInterceptor - STEP DONE: Type_first_name
14:31:01.619 [Darkroom Processing Line] DEBUG net.serenitybdd.core.photography.DarkroomProcessingLine - Processing screenshot image in /var/screenshots/screenshot-8791502021261708091
14:31:01.619 [Darkroom Processing Line] DEBUG net.serenitybdd.core.photography.DarkroomProcessingLine - Saving screenshot to target\site\serenity\c4c540ec47a2f0e2d4ffb03c0db366edfa8a64b4ba3676d07805fddc9e32a858.png
14:31:01.661 [Forwarding getPageSource on session d39eb201903141e7e7f8491d69e95641 to remote] DEBUG org.asynchttpclient.netty.request.NettyRequestSender - Using pooled Channel '[id: 0xc90c1430, L:/127.0.0.1:59275 - R:localhost/127.0.0.1:11155]' for 'POST' to 'http://localhost:11155/session/d39eb201903141e7e7f8491d69e95641/execute/sync'
14:31:01.661 [Forwarding getPageSource on session d39eb201903141e7e7f8491d69e95641 to remote] DEBUG org.asynchttpclient.netty.request.NettyRequestSender - Using open Channel [id: 0xc90c1430, L:/127.0.0.1:59275 - R:localhost/127.0.0.1:11155] for POST '/session/d39eb201903141e7e7f8491d69e95641/execute/sync'
14:31:01.757 [AsyncHttpClient-1-3] DEBUG org.asynchttpclient.netty.handler.HttpHandler - 

Request DefaultHttpRequest(decodeResult: success, version: HTTP/1.1)
POST /session/d39eb201903141e7e7f8491d69e95641/execute/sync HTTP/1.1
User-Agent: selenium/4.8.1 (java windows)
Content-Length: 176
Content-Type: application/json; charset=utf-8
host: localhost:11155
accept: */*

Response DefaultHttpResponse(decodeResult: success, version: HTTP/1.1)
HTTP/1.1 200 OK
Content-Length: 104504
Content-Type: application/json; charset=utf-8
cache-control: no-cache

14:31:01.757 [AsyncHttpClient-1-3] DEBUG org.asynchttpclient.netty.channel.ChannelManager - Adding key: http://localhost:11155 for channel [id: 0xc90c1430, L:/127.0.0.1:59275 - R:localhost/127.0.0.1:11155]
14:31:01.794 [Forwarding getCurrentUrl on session d39eb201903141e7e7f8491d69e95641 to remote] DEBUG org.asynchttpclient.netty.request.NettyRequestSender - Using pooled Channel '[id: 0xc90c1430, L:/127.0.0.1:59275 - R:localhost/127.0.0.1:11155]' for 'GET' to 'http://localhost:11155/session/d39eb201903141e7e7f8491d69e95641/url'
14:31:01.794 [Forwarding getCurrentUrl on session d39eb201903141e7e7f8491d69e95641 to remote] DEBUG org.asynchttpclient.netty.request.NettyRequestSender - Using open Channel [id: 0xc90c1430, L:/127.0.0.1:59275 - R:localhost/127.0.0.1:11155] for GET '/session/d39eb201903141e7e7f8491d69e95641/url'
14:31:01.870 [AsyncHttpClient-1-3] DEBUG org.asynchttpclient.netty.handler.HttpHandler - 

Request DefaultFullHttpRequest(decodeResult: success, version: HTTP/1.1, content: EmptyByteBufBE)
GET /session/d39eb201903141e7e7f8491d69e95641/url HTTP/1.1
User-Agent: selenium/4.8.1 (java windows)
Cache-Control: no-cache
Content-Type: application/json; charset=utf-8
host: localhost:11155
accept: */*

Response DefaultHttpResponse(decodeResult: success, version: HTTP/1.1)
HTTP/1.1 200 OK
Content-Length: 94
Content-Type: application/json; charset=utf-8
cache-control: no-cache

14:31:01.875 [AsyncHttpClient-1-3] DEBUG org.asynchttpclient.netty.channel.ChannelManager - Adding key: http://localhost:11155 for channel [id: 0xc90c1430, L:/127.0.0.1:59275 - R:localhost/127.0.0.1:11155]
14:31:01.896 [Forwarding getAlertText on session d39eb201903141e7e7f8491d69e95641 to remote] DEBUG org.asynchttpclient.netty.request.NettyRequestSender - Using pooled Channel '[id: 0xc90c1430, L:/127.0.0.1:59275 - R:localhost/127.0.0.1:11155]' for 'GET' to 'http://localhost:11155/session/d39eb201903141e7e7f8491d69e95641/alert/text'
14:31:01.896 [Forwarding getAlertText on session d39eb201903141e7e7f8491d69e95641 to remote] DEBUG org.asynchttpclient.netty.request.NettyRequestSender - Using open Channel [id: 0xc90c1430, L:/127.0.0.1:59275 - R:localhost/127.0.0.1:11155] for GET '/session/d39eb201903141e7e7f8491d69e95641/alert/text'
14:31:01.903 [AsyncHttpClient-1-3] DEBUG org.asynchttpclient.netty.handler.HttpHandler - 

Request DefaultFullHttpRequest(decodeResult: success, version: HTTP/1.1, content: EmptyByteBufBE)
GET /session/d39eb201903141e7e7f8491d69e95641/alert/text HTTP/1.1
User-Agent: selenium/4.8.1 (java windows)
Cache-Control: no-cache
Content-Type: application/json; charset=utf-8
host: localhost:11155
accept: */*

Response DefaultHttpResponse(decodeResult: success, version: HTTP/1.1)
HTTP/1.1 404 Not Found
Content-Length: 821
Content-Type: application/json; charset=utf-8
cache-control: no-cache

14:31:01.903 [AsyncHttpClient-1-3] DEBUG org.asynchttpclient.netty.channel.ChannelManager - Adding key: http://localhost:11155 for channel [id: 0xc90c1430, L:/127.0.0.1:59275 - R:localhost/127.0.0.1:11155]
14:31:01.907 [Forwarding getCurrentUrl on session d39eb201903141e7e7f8491d69e95641 to remote] DEBUG org.asynchttpclient.netty.request.NettyRequestSender - Using pooled Channel '[id: 0xc90c1430, L:/127.0.0.1:59275 - R:localhost/127.0.0.1:11155]' for 'GET' to 'http://localhost:11155/session/d39eb201903141e7e7f8491d69e95641/url'
14:31:01.907 [Forwarding getCurrentUrl on session d39eb201903141e7e7f8491d69e95641 to remote] DEBUG org.asynchttpclient.netty.request.NettyRequestSender - Using open Channel [id: 0xc90c1430, L:/127.0.0.1:59275 - R:localhost/127.0.0.1:11155] for GET '/session/d39eb201903141e7e7f8491d69e95641/url'
14:31:01.939 [AsyncHttpClient-1-3] DEBUG org.asynchttpclient.netty.handler.HttpHandler - 

Request DefaultFullHttpRequest(decodeResult: success, version: HTTP/1.1, content: EmptyByteBufBE)
GET /session/d39eb201903141e7e7f8491d69e95641/url HTTP/1.1
User-Agent: selenium/4.8.1 (java windows)
Cache-Control: no-cache
Content-Type: application/json; charset=utf-8
host: localhost:11155
accept: */*

Response DefaultHttpResponse(decodeResult: success, version: HTTP/1.1)
HTTP/1.1 200 OK
Content-Length: 94
Content-Type: application/json; charset=utf-8
cache-control: no-cache

14:31:01.939 [AsyncHttpClient-1-3] DEBUG org.asynchttpclient.netty.channel.ChannelManager - Adding key: http://localhost:11155 for channel [id: 0xc90c1430, L:/127.0.0.1:59275 - R:localhost/127.0.0.1:11155]
14:31:01.944 [Forwarding screenshot on session d39eb201903141e7e7f8491d69e95641 to remote] DEBUG org.asynchttpclient.netty.request.NettyRequestSender - Using pooled Channel '[id: 0xc90c1430, L:/127.0.0.1:59275 - R:localhost/127.0.0.1:11155]' for 'GET' to 'http://localhost:11155/session/d39eb201903141e7e7f8491d69e95641/screenshot'
14:31:01.944 [Forwarding screenshot on session d39eb201903141e7e7f8491d69e95641 to remote] DEBUG org.asynchttpclient.netty.request.NettyRequestSender - Using open Channel [id: 0xc90c1430, L:/127.0.0.1:59275 - R:localhost/127.0.0.1:11155] for GET '/session/d39eb201903141e7e7f8491d69e95641/screenshot'
14:31:02.272 [AsyncHttpClient-1-3] DEBUG org.asynchttpclient.netty.handler.HttpHandler - 

Request DefaultFullHttpRequest(decodeResult: success, version: HTTP/1.1, content: EmptyByteBufBE)
GET /session/d39eb201903141e7e7f8491d69e95641/screenshot HTTP/1.1
User-Agent: selenium/4.8.1 (java windows)
Cache-Control: no-cache
Content-Type: application/json; charset=utf-8
host: localhost:11155
accept: */*

Response DefaultHttpResponse(decodeResult: success, version: HTTP/1.1)
HTTP/1.1 200 OK
Content-Length: 146764
Content-Type: application/json; charset=utf-8
cache-control: no-cache

14:31:02.272 [AsyncHttpClient-1-3] DEBUG org.asynchttpclient.netty.channel.ChannelManager - Adding key: http://localhost:11155 for channel [id: 0xc90c1430, L:/127.0.0.1:59275 - R:localhost/127.0.0.1:11155]
14:31:02.281 [main] DEBUG net.serenitybdd.core.photography.Darkroom - Send negative for processing for target\site\serenity\f42ec0566bd0a717c545af476656bb4f7088c44b2e4fc8ba9dfbac3f1748cabc.png
14:31:02.281 [Darkroom Processing Line] DEBUG net.serenitybdd.core.photography.DarkroomProcessingLine - Processing screenshot image in /var/screenshots/screenshot-1538924561719488682
14:31:02.281 [Darkroom Processing Line] DEBUG net.serenitybdd.core.photography.DarkroomProcessingLine - Saving screenshot to target\site\serenity\f42ec0566bd0a717c545af476656bb4f7088c44b2e4fc8ba9dfbac3f1748cabc.png
14:31:02.281 [Forwarding getPageSource on session d39eb201903141e7e7f8491d69e95641 to remote] DEBUG org.asynchttpclient.netty.request.NettyRequestSender - Using pooled Channel '[id: 0xc90c1430, L:/127.0.0.1:59275 - R:localhost/127.0.0.1:11155]' for 'POST' to 'http://localhost:11155/session/d39eb201903141e7e7f8491d69e95641/execute/sync'
14:31:02.281 [Forwarding getPageSource on session d39eb201903141e7e7f8491d69e95641 to remote] DEBUG org.asynchttpclient.netty.request.NettyRequestSender - Using open Channel [id: 0xc90c1430, L:/127.0.0.1:59275 - R:localhost/127.0.0.1:11155] for POST '/session/d39eb201903141e7e7f8491d69e95641/execute/sync'
14:31:02.295 [AsyncHttpClient-1-1] DEBUG org.asynchttpclient.netty.channel.DefaultChannelPool - Entry count for : http://localhost:59276 : 1
14:31:02.335 [AsyncHttpClient-1-3] DEBUG org.asynchttpclient.netty.handler.HttpHandler - 

Request DefaultHttpRequest(decodeResult: success, version: HTTP/1.1)
POST /session/d39eb201903141e7e7f8491d69e95641/execute/sync HTTP/1.1
User-Agent: selenium/4.8.1 (java windows)
Content-Length: 176
Content-Type: application/json; charset=utf-8
host: localhost:11155
accept: */*

Response DefaultHttpResponse(decodeResult: success, version: HTTP/1.1)
HTTP/1.1 200 OK
Content-Length: 104504
Content-Type: application/json; charset=utf-8
cache-control: no-cache

14:31:02.335 [AsyncHttpClient-1-3] DEBUG org.asynchttpclient.netty.channel.ChannelManager - Adding key: http://localhost:11155 for channel [id: 0xc90c1430, L:/127.0.0.1:59275 - R:localhost/127.0.0.1:11155]
14:31:02.354 [Forwarding getCurrentUrl on session d39eb201903141e7e7f8491d69e95641 to remote] DEBUG org.asynchttpclient.netty.request.NettyRequestSender - Using pooled Channel '[id: 0xc90c1430, L:/127.0.0.1:59275 - R:localhost/127.0.0.1:11155]' for 'GET' to 'http://localhost:11155/session/d39eb201903141e7e7f8491d69e95641/url'
14:31:02.354 [Forwarding getCurrentUrl on session d39eb201903141e7e7f8491d69e95641 to remote] DEBUG org.asynchttpclient.netty.request.NettyRequestSender - Using open Channel [id: 0xc90c1430, L:/127.0.0.1:59275 - R:localhost/127.0.0.1:11155] for GET '/session/d39eb201903141e7e7f8491d69e95641/url'
14:31:02.376 [AsyncHttpClient-1-3] DEBUG org.asynchttpclient.netty.handler.HttpHandler - 

Request DefaultFullHttpRequest(decodeResult: success, version: HTTP/1.1, content: EmptyByteBufBE)
GET /session/d39eb201903141e7e7f8491d69e95641/url HTTP/1.1
User-Agent: selenium/4.8.1 (java windows)
Cache-Control: no-cache
Content-Type: application/json; charset=utf-8
host: localhost:11155
accept: */*

Response DefaultHttpResponse(decodeResult: success, version: HTTP/1.1)
HTTP/1.1 200 OK
Content-Length: 94
Content-Type: application/json; charset=utf-8
cache-control: no-cache

14:31:02.376 [AsyncHttpClient-1-3] DEBUG org.asynchttpclient.netty.channel.ChannelManager - Adding key: http://localhost:11155 for channel [id: 0xc90c1430, L:/127.0.0.1:59275 - R:localhost/127.0.0.1:11155]
14:31:02.379 [main] DEBUG net.thucydides.core.steps.StepInterceptor - STARTING STEP: Afrexim_NeedHelp_Step.enter_last_name - Type_Last_Name
14:31:02.379 [Forwarding findElement on session d39eb201903141e7e7f8491d69e95641 to remote] DEBUG org.asynchttpclient.netty.request.NettyRequestSender - Using pooled Channel '[id: 0xc90c1430, L:/127.0.0.1:59275 - R:localhost/127.0.0.1:11155]' for 'POST' to 'http://localhost:11155/session/d39eb201903141e7e7f8491d69e95641/element'
14:31:02.379 [Forwarding findElement on session d39eb201903141e7e7f8491d69e95641 to remote] DEBUG org.asynchttpclient.netty.request.NettyRequestSender - Using open Channel [id: 0xc90c1430, L:/127.0.0.1:59275 - R:localhost/127.0.0.1:11155] for POST '/session/d39eb201903141e7e7f8491d69e95641/element'
14:31:02.418 [AsyncHttpClient-1-3] DEBUG org.asynchttpclient.netty.handler.HttpHandler - 

Request DefaultHttpRequest(decodeResult: success, version: HTTP/1.1)
POST /session/d39eb201903141e7e7f8491d69e95641/element HTTP/1.1
User-Agent: selenium/4.8.1 (java windows)
Content-Length: 75
Content-Type: application/json; charset=utf-8
host: localhost:11155
accept: */*

Response DefaultHttpResponse(decodeResult: success, version: HTTP/1.1)
HTTP/1.1 200 OK
Content-Length: 95
Content-Type: application/json; charset=utf-8
cache-control: no-cache

14:31:02.418 [AsyncHttpClient-1-3] DEBUG org.asynchttpclient.netty.channel.ChannelManager - Adding key: http://localhost:11155 for channel [id: 0xc90c1430, L:/127.0.0.1:59275 - R:localhost/127.0.0.1:11155]
14:31:02.418 [Forwarding clearElement on session d39eb201903141e7e7f8491d69e95641 to remote] DEBUG org.asynchttpclient.netty.request.NettyRequestSender - Using pooled Channel '[id: 0xc90c1430, L:/127.0.0.1:59275 - R:localhost/127.0.0.1:11155]' for 'POST' to 'http://localhost:11155/session/d39eb201903141e7e7f8491d69e95641/element/ED30378DEB6A0E77550ECCDF515A836A_element_79/clear'
14:31:02.418 [Forwarding clearElement on session d39eb201903141e7e7f8491d69e95641 to remote] DEBUG org.asynchttpclient.netty.request.NettyRequestSender - Using open Channel [id: 0xc90c1430, L:/127.0.0.1:59275 - R:localhost/127.0.0.1:11155] for POST '/session/d39eb201903141e7e7f8491d69e95641/element/ED30378DEB6A0E77550ECCDF515A836A_element_79/clear'
14:31:02.525 [AsyncHttpClient-1-3] DEBUG org.asynchttpclient.netty.handler.HttpHandler - 

Request DefaultHttpRequest(decodeResult: success, version: HTTP/1.1)
POST /session/d39eb201903141e7e7f8491d69e95641/element/ED30378DEB6A0E77550ECCDF515A836A_element_79/clear HTTP/1.1
User-Agent: selenium/4.8.1 (java windows)
Content-Length: 57
Content-Type: application/json; charset=utf-8
host: localhost:11155
accept: */*

Response DefaultHttpResponse(decodeResult: success, version: HTTP/1.1)
HTTP/1.1 200 OK
Content-Length: 14
Content-Type: application/json; charset=utf-8
cache-control: no-cache

14:31:02.525 [AsyncHttpClient-1-3] DEBUG org.asynchttpclient.netty.channel.ChannelManager - Adding key: http://localhost:11155 for channel [id: 0xc90c1430, L:/127.0.0.1:59275 - R:localhost/127.0.0.1:11155]
14:31:02.533 [Forwarding sendKeysToElement on session d39eb201903141e7e7f8491d69e95641 to remote] DEBUG org.asynchttpclient.netty.request.NettyRequestSender - Using pooled Channel '[id: 0xc90c1430, L:/127.0.0.1:59275 - R:localhost/127.0.0.1:11155]' for 'POST' to 'http://localhost:11155/session/d39eb201903141e7e7f8491d69e95641/element/ED30378DEB6A0E77550ECCDF515A836A_element_79/value'
14:31:02.533 [Forwarding sendKeysToElement on session d39eb201903141e7e7f8491d69e95641 to remote] DEBUG org.asynchttpclient.netty.request.NettyRequestSender - Using open Channel [id: 0xc90c1430, L:/127.0.0.1:59275 - R:localhost/127.0.0.1:11155] for POST '/session/d39eb201903141e7e7f8491d69e95641/element/ED30378DEB6A0E77550ECCDF515A836A_element_79/value'
14:31:02.851 [AsyncHttpClient-1-3] DEBUG org.asynchttpclient.netty.handler.HttpHandler - 

Request DefaultHttpRequest(decodeResult: success, version: HTTP/1.1)
POST /session/d39eb201903141e7e7f8491d69e95641/element/ED30378DEB6A0E77550ECCDF515A836A_element_79/value HTTP/1.1
User-Agent: selenium/4.8.1 (java windows)
Content-Length: 228
Content-Type: application/json; charset=utf-8
host: localhost:11155
accept: */*

Response DefaultHttpResponse(decodeResult: success, version: HTTP/1.1)
HTTP/1.1 200 OK
Content-Length: 14
Content-Type: application/json; charset=utf-8
cache-control: no-cache

14:31:02.851 [AsyncHttpClient-1-3] DEBUG org.asynchttpclient.netty.channel.ChannelManager - Adding key: http://localhost:11155 for channel [id: 0xc90c1430, L:/127.0.0.1:59275 - R:localhost/127.0.0.1:11155]
14:31:02.856 [Forwarding sendKeysToElement on session d39eb201903141e7e7f8491d69e95641 to remote] DEBUG org.asynchttpclient.netty.request.NettyRequestSender - Using pooled Channel '[id: 0xc90c1430, L:/127.0.0.1:59275 - R:localhost/127.0.0.1:11155]' for 'POST' to 'http://localhost:11155/session/d39eb201903141e7e7f8491d69e95641/element/ED30378DEB6A0E77550ECCDF515A836A_element_79/value'
14:31:02.861 [Forwarding sendKeysToElement on session d39eb201903141e7e7f8491d69e95641 to remote] DEBUG org.asynchttpclient.netty.request.NettyRequestSender - Using open Channel [id: 0xc90c1430, L:/127.0.0.1:59275 - R:localhost/127.0.0.1:11155] for POST '/session/d39eb201903141e7e7f8491d69e95641/element/ED30378DEB6A0E77550ECCDF515A836A_element_79/value'
14:31:03.063 [AsyncHttpClient-1-3] DEBUG org.asynchttpclient.netty.handler.HttpHandler - 

Request DefaultHttpRequest(decodeResult: success, version: HTTP/1.1)
POST /session/d39eb201903141e7e7f8491d69e95641/element/ED30378DEB6A0E77550ECCDF515A836A_element_79/value HTTP/1.1
User-Agent: selenium/4.8.1 (java windows)
Content-Length: 102
Content-Type: application/json; charset=utf-8
host: localhost:11155
accept: */*

Response DefaultHttpResponse(decodeResult: success, version: HTTP/1.1)
HTTP/1.1 200 OK
Content-Length: 14
Content-Type: application/json; charset=utf-8
cache-control: no-cache

14:31:03.065 [AsyncHttpClient-1-3] DEBUG org.asynchttpclient.netty.channel.ChannelManager - Adding key: http://localhost:11155 for channel [id: 0xc90c1430, L:/127.0.0.1:59275 - R:localhost/127.0.0.1:11155]
14:31:03.085 [Forwarding getAlertText on session d39eb201903141e7e7f8491d69e95641 to remote] DEBUG org.asynchttpclient.netty.request.NettyRequestSender - Using pooled Channel '[id: 0xc90c1430, L:/127.0.0.1:59275 - R:localhost/127.0.0.1:11155]' for 'GET' to 'http://localhost:11155/session/d39eb201903141e7e7f8491d69e95641/alert/text'
14:31:03.085 [Forwarding getAlertText on session d39eb201903141e7e7f8491d69e95641 to remote] DEBUG org.asynchttpclient.netty.request.NettyRequestSender - Using open Channel [id: 0xc90c1430, L:/127.0.0.1:59275 - R:localhost/127.0.0.1:11155] for GET '/session/d39eb201903141e7e7f8491d69e95641/alert/text'
14:31:03.125 [AsyncHttpClient-1-3] DEBUG org.asynchttpclient.netty.handler.HttpHandler - 

Request DefaultFullHttpRequest(decodeResult: success, version: HTTP/1.1, content: EmptyByteBufBE)
GET /session/d39eb201903141e7e7f8491d69e95641/alert/text HTTP/1.1
User-Agent: selenium/4.8.1 (java windows)
Cache-Control: no-cache
Content-Type: application/json; charset=utf-8
host: localhost:11155
accept: */*

Response DefaultHttpResponse(decodeResult: success, version: HTTP/1.1)
HTTP/1.1 404 Not Found
Content-Length: 821
Content-Type: application/json; charset=utf-8
cache-control: no-cache

14:31:03.125 [AsyncHttpClient-1-3] DEBUG org.asynchttpclient.netty.channel.ChannelManager - Adding key: http://localhost:11155 for channel [id: 0xc90c1430, L:/127.0.0.1:59275 - R:localhost/127.0.0.1:11155]
14:31:03.133 [Forwarding getCurrentUrl on session d39eb201903141e7e7f8491d69e95641 to remote] DEBUG org.asynchttpclient.netty.request.NettyRequestSender - Using pooled Channel '[id: 0xc90c1430, L:/127.0.0.1:59275 - R:localhost/127.0.0.1:11155]' for 'GET' to 'http://localhost:11155/session/d39eb201903141e7e7f8491d69e95641/url'
14:31:03.133 [Forwarding getCurrentUrl on session d39eb201903141e7e7f8491d69e95641 to remote] DEBUG org.asynchttpclient.netty.request.NettyRequestSender - Using open Channel [id: 0xc90c1430, L:/127.0.0.1:59275 - R:localhost/127.0.0.1:11155] for GET '/session/d39eb201903141e7e7f8491d69e95641/url'
14:31:03.213 [AsyncHttpClient-1-3] DEBUG org.asynchttpclient.netty.handler.HttpHandler - 

Request DefaultFullHttpRequest(decodeResult: success, version: HTTP/1.1, content: EmptyByteBufBE)
GET /session/d39eb201903141e7e7f8491d69e95641/url HTTP/1.1
User-Agent: selenium/4.8.1 (java windows)
Cache-Control: no-cache
Content-Type: application/json; charset=utf-8
host: localhost:11155
accept: */*

Response DefaultHttpResponse(decodeResult: success, version: HTTP/1.1)
HTTP/1.1 200 OK
Content-Length: 94
Content-Type: application/json; charset=utf-8
cache-control: no-cache

14:31:03.213 [AsyncHttpClient-1-3] DEBUG org.asynchttpclient.netty.channel.ChannelManager - Adding key: http://localhost:11155 for channel [id: 0xc90c1430, L:/127.0.0.1:59275 - R:localhost/127.0.0.1:11155]
14:31:03.219 [Forwarding screenshot on session d39eb201903141e7e7f8491d69e95641 to remote] DEBUG org.asynchttpclient.netty.request.NettyRequestSender - Using pooled Channel '[id: 0xc90c1430, L:/127.0.0.1:59275 - R:localhost/127.0.0.1:11155]' for 'GET' to 'http://localhost:11155/session/d39eb201903141e7e7f8491d69e95641/screenshot'
14:31:03.219 [Forwarding screenshot on session d39eb201903141e7e7f8491d69e95641 to remote] DEBUG org.asynchttpclient.netty.request.NettyRequestSender - Using open Channel [id: 0xc90c1430, L:/127.0.0.1:59275 - R:localhost/127.0.0.1:11155] for GET '/session/d39eb201903141e7e7f8491d69e95641/screenshot'
14:31:03.403 [AsyncHttpClient-1-1] DEBUG org.asynchttpclient.netty.channel.DefaultChannelPool - Entry count for : http://localhost:59276 : 1
14:31:03.517 [AsyncHttpClient-1-3] DEBUG org.asynchttpclient.netty.handler.HttpHandler - 

Request DefaultFullHttpRequest(decodeResult: success, version: HTTP/1.1, content: EmptyByteBufBE)
GET /session/d39eb201903141e7e7f8491d69e95641/screenshot HTTP/1.1
User-Agent: selenium/4.8.1 (java windows)
Cache-Control: no-cache
Content-Type: application/json; charset=utf-8
host: localhost:11155
accept: */*

Response DefaultHttpResponse(decodeResult: success, version: HTTP/1.1)
HTTP/1.1 200 OK
Content-Length: 148380
Content-Type: application/json; charset=utf-8
cache-control: no-cache

14:31:03.517 [AsyncHttpClient-1-3] DEBUG org.asynchttpclient.netty.channel.ChannelManager - Adding key: http://localhost:11155 for channel [id: 0xc90c1430, L:/127.0.0.1:59275 - R:localhost/127.0.0.1:11155]
14:31:03.528 [main] DEBUG net.serenitybdd.core.photography.Darkroom - Send negative for processing for target\site\serenity\2a374ab62b47c3d0e3bf18983a8b4d9ca487a43c1397305f53dc6bc5b20a059b.png
14:31:03.528 [main] DEBUG net.thucydides.core.steps.StepInterceptor - STEP DONE: Type_Last_Name
14:31:03.528 [Darkroom Processing Line] DEBUG net.serenitybdd.core.photography.DarkroomProcessingLine - Processing screenshot image in /var/screenshots/screenshot-583663029674107535
14:31:03.528 [Darkroom Processing Line] DEBUG net.serenitybdd.core.photography.DarkroomProcessingLine - Saving screenshot to target\site\serenity\2a374ab62b47c3d0e3bf18983a8b4d9ca487a43c1397305f53dc6bc5b20a059b.png
14:31:03.560 [Forwarding getPageSource on session d39eb201903141e7e7f8491d69e95641 to remote] DEBUG org.asynchttpclient.netty.request.NettyRequestSender - Using pooled Channel '[id: 0xc90c1430, L:/127.0.0.1:59275 - R:localhost/127.0.0.1:11155]' for 'POST' to 'http://localhost:11155/session/d39eb201903141e7e7f8491d69e95641/execute/sync'
14:31:03.560 [Forwarding getPageSource on session d39eb201903141e7e7f8491d69e95641 to remote] DEBUG org.asynchttpclient.netty.request.NettyRequestSender - Using open Channel [id: 0xc90c1430, L:/127.0.0.1:59275 - R:localhost/127.0.0.1:11155] for POST '/session/d39eb201903141e7e7f8491d69e95641/execute/sync'
14:31:03.618 [AsyncHttpClient-1-3] DEBUG org.asynchttpclient.netty.handler.HttpHandler - 

Request DefaultHttpRequest(decodeResult: success, version: HTTP/1.1)
POST /session/d39eb201903141e7e7f8491d69e95641/execute/sync HTTP/1.1
User-Agent: selenium/4.8.1 (java windows)
Content-Length: 176
Content-Type: application/json; charset=utf-8
host: localhost:11155
accept: */*

Response DefaultHttpResponse(decodeResult: success, version: HTTP/1.1)
HTTP/1.1 200 OK
Content-Length: 104504
Content-Type: application/json; charset=utf-8
cache-control: no-cache

14:31:03.618 [AsyncHttpClient-1-3] DEBUG org.asynchttpclient.netty.channel.ChannelManager - Adding key: http://localhost:11155 for channel [id: 0xc90c1430, L:/127.0.0.1:59275 - R:localhost/127.0.0.1:11155]
14:31:03.634 [Forwarding getCurrentUrl on session d39eb201903141e7e7f8491d69e95641 to remote] DEBUG org.asynchttpclient.netty.request.NettyRequestSender - Using pooled Channel '[id: 0xc90c1430, L:/127.0.0.1:59275 - R:localhost/127.0.0.1:11155]' for 'GET' to 'http://localhost:11155/session/d39eb201903141e7e7f8491d69e95641/url'
14:31:03.634 [Forwarding getCurrentUrl on session d39eb201903141e7e7f8491d69e95641 to remote] DEBUG org.asynchttpclient.netty.request.NettyRequestSender - Using open Channel [id: 0xc90c1430, L:/127.0.0.1:59275 - R:localhost/127.0.0.1:11155] for GET '/session/d39eb201903141e7e7f8491d69e95641/url'
14:31:03.703 [AsyncHttpClient-1-3] DEBUG org.asynchttpclient.netty.handler.HttpHandler - 

Request DefaultFullHttpRequest(decodeResult: success, version: HTTP/1.1, content: EmptyByteBufBE)
GET /session/d39eb201903141e7e7f8491d69e95641/url HTTP/1.1
User-Agent: selenium/4.8.1 (java windows)
Cache-Control: no-cache
Content-Type: application/json; charset=utf-8
host: localhost:11155
accept: */*

Response DefaultHttpResponse(decodeResult: success, version: HTTP/1.1)
HTTP/1.1 200 OK
Content-Length: 94
Content-Type: application/json; charset=utf-8
cache-control: no-cache

14:31:03.703 [AsyncHttpClient-1-3] DEBUG org.asynchttpclient.netty.channel.ChannelManager - Adding key: http://localhost:11155 for channel [id: 0xc90c1430, L:/127.0.0.1:59275 - R:localhost/127.0.0.1:11155]
14:31:03.720 [Forwarding getAlertText on session d39eb201903141e7e7f8491d69e95641 to remote] DEBUG org.asynchttpclient.netty.request.NettyRequestSender - Using pooled Channel '[id: 0xc90c1430, L:/127.0.0.1:59275 - R:localhost/127.0.0.1:11155]' for 'GET' to 'http://localhost:11155/session/d39eb201903141e7e7f8491d69e95641/alert/text'
14:31:03.720 [Forwarding getAlertText on session d39eb201903141e7e7f8491d69e95641 to remote] DEBUG org.asynchttpclient.netty.request.NettyRequestSender - Using open Channel [id: 0xc90c1430, L:/127.0.0.1:59275 - R:localhost/127.0.0.1:11155] for GET '/session/d39eb201903141e7e7f8491d69e95641/alert/text'
14:31:03.735 [AsyncHttpClient-1-3] DEBUG org.asynchttpclient.netty.handler.HttpHandler - 

Request DefaultFullHttpRequest(decodeResult: success, version: HTTP/1.1, content: EmptyByteBufBE)
GET /session/d39eb201903141e7e7f8491d69e95641/alert/text HTTP/1.1
User-Agent: selenium/4.8.1 (java windows)
Cache-Control: no-cache
Content-Type: application/json; charset=utf-8
host: localhost:11155
accept: */*

Response DefaultHttpResponse(decodeResult: success, version: HTTP/1.1)
HTTP/1.1 404 Not Found
Content-Length: 821
Content-Type: application/json; charset=utf-8
cache-control: no-cache

14:31:03.735 [AsyncHttpClient-1-3] DEBUG org.asynchttpclient.netty.channel.ChannelManager - Adding key: http://localhost:11155 for channel [id: 0xc90c1430, L:/127.0.0.1:59275 - R:localhost/127.0.0.1:11155]
14:31:03.735 [Forwarding getCurrentUrl on session d39eb201903141e7e7f8491d69e95641 to remote] DEBUG org.asynchttpclient.netty.request.NettyRequestSender - Using pooled Channel '[id: 0xc90c1430, L:/127.0.0.1:59275 - R:localhost/127.0.0.1:11155]' for 'GET' to 'http://localhost:11155/session/d39eb201903141e7e7f8491d69e95641/url'
14:31:03.735 [Forwarding getCurrentUrl on session d39eb201903141e7e7f8491d69e95641 to remote] DEBUG org.asynchttpclient.netty.request.NettyRequestSender - Using open Channel [id: 0xc90c1430, L:/127.0.0.1:59275 - R:localhost/127.0.0.1:11155] for GET '/session/d39eb201903141e7e7f8491d69e95641/url'
14:31:03.751 [AsyncHttpClient-1-3] DEBUG org.asynchttpclient.netty.handler.HttpHandler - 

Request DefaultFullHttpRequest(decodeResult: success, version: HTTP/1.1, content: EmptyByteBufBE)
GET /session/d39eb201903141e7e7f8491d69e95641/url HTTP/1.1
User-Agent: selenium/4.8.1 (java windows)
Cache-Control: no-cache
Content-Type: application/json; charset=utf-8
host: localhost:11155
accept: */*

Response DefaultHttpResponse(decodeResult: success, version: HTTP/1.1)
HTTP/1.1 200 OK
Content-Length: 94
Content-Type: application/json; charset=utf-8
cache-control: no-cache

14:31:03.751 [AsyncHttpClient-1-3] DEBUG org.asynchttpclient.netty.channel.ChannelManager - Adding key: http://localhost:11155 for channel [id: 0xc90c1430, L:/127.0.0.1:59275 - R:localhost/127.0.0.1:11155]
14:31:03.751 [Forwarding screenshot on session d39eb201903141e7e7f8491d69e95641 to remote] DEBUG org.asynchttpclient.netty.request.NettyRequestSender - Using pooled Channel '[id: 0xc90c1430, L:/127.0.0.1:59275 - R:localhost/127.0.0.1:11155]' for 'GET' to 'http://localhost:11155/session/d39eb201903141e7e7f8491d69e95641/screenshot'
14:31:03.751 [Forwarding screenshot on session d39eb201903141e7e7f8491d69e95641 to remote] DEBUG org.asynchttpclient.netty.request.NettyRequestSender - Using open Channel [id: 0xc90c1430, L:/127.0.0.1:59275 - R:localhost/127.0.0.1:11155] for GET '/session/d39eb201903141e7e7f8491d69e95641/screenshot'
14:31:03.986 [AsyncHttpClient-1-3] DEBUG org.asynchttpclient.netty.handler.HttpHandler - 

Request DefaultFullHttpRequest(decodeResult: success, version: HTTP/1.1, content: EmptyByteBufBE)
GET /session/d39eb201903141e7e7f8491d69e95641/screenshot HTTP/1.1
User-Agent: selenium/4.8.1 (java windows)
Cache-Control: no-cache
Content-Type: application/json; charset=utf-8
host: localhost:11155
accept: */*

Response DefaultHttpResponse(decodeResult: success, version: HTTP/1.1)
HTTP/1.1 200 OK
Content-Length: 148364
Content-Type: application/json; charset=utf-8
cache-control: no-cache

14:31:03.986 [AsyncHttpClient-1-3] DEBUG org.asynchttpclient.netty.channel.ChannelManager - Adding key: http://localhost:11155 for channel [id: 0xc90c1430, L:/127.0.0.1:59275 - R:localhost/127.0.0.1:11155]
14:31:03.997 [main] DEBUG net.serenitybdd.core.photography.Darkroom - Send negative for processing for target\site\serenity\7d7d610822e6d4f8ec7e58c7fad247cabe4d984cccbd862c0ee3385e19401b0e.png
14:31:03.997 [Darkroom Processing Line] DEBUG net.serenitybdd.core.photography.DarkroomProcessingLine - Processing screenshot image in /var/screenshots/screenshot-3536959452191341330
14:31:03.997 [Darkroom Processing Line] DEBUG net.serenitybdd.core.photography.DarkroomProcessingLine - Saving screenshot to target\site\serenity\7d7d610822e6d4f8ec7e58c7fad247cabe4d984cccbd862c0ee3385e19401b0e.png
14:31:03.997 [Forwarding getPageSource on session d39eb201903141e7e7f8491d69e95641 to remote] DEBUG org.asynchttpclient.netty.request.NettyRequestSender - Using pooled Channel '[id: 0xc90c1430, L:/127.0.0.1:59275 - R:localhost/127.0.0.1:11155]' for 'POST' to 'http://localhost:11155/session/d39eb201903141e7e7f8491d69e95641/execute/sync'
14:31:03.997 [Forwarding getPageSource on session d39eb201903141e7e7f8491d69e95641 to remote] DEBUG org.asynchttpclient.netty.request.NettyRequestSender - Using open Channel [id: 0xc90c1430, L:/127.0.0.1:59275 - R:localhost/127.0.0.1:11155] for POST '/session/d39eb201903141e7e7f8491d69e95641/execute/sync'
14:31:04.023 [AsyncHttpClient-1-3] DEBUG org.asynchttpclient.netty.handler.HttpHandler - 

Request DefaultHttpRequest(decodeResult: success, version: HTTP/1.1)
POST /session/d39eb201903141e7e7f8491d69e95641/execute/sync HTTP/1.1
User-Agent: selenium/4.8.1 (java windows)
Content-Length: 176
Content-Type: application/json; charset=utf-8
host: localhost:11155
accept: */*

Response DefaultHttpResponse(decodeResult: success, version: HTTP/1.1)
HTTP/1.1 200 OK
Content-Length: 104504
Content-Type: application/json; charset=utf-8
cache-control: no-cache

14:31:04.023 [AsyncHttpClient-1-3] DEBUG org.asynchttpclient.netty.channel.ChannelManager - Adding key: http://localhost:11155 for channel [id: 0xc90c1430, L:/127.0.0.1:59275 - R:localhost/127.0.0.1:11155]
14:31:04.034 [Forwarding getCurrentUrl on session d39eb201903141e7e7f8491d69e95641 to remote] DEBUG org.asynchttpclient.netty.request.NettyRequestSender - Using pooled Channel '[id: 0xc90c1430, L:/127.0.0.1:59275 - R:localhost/127.0.0.1:11155]' for 'GET' to 'http://localhost:11155/session/d39eb201903141e7e7f8491d69e95641/url'
14:31:04.034 [Forwarding getCurrentUrl on session d39eb201903141e7e7f8491d69e95641 to remote] DEBUG org.asynchttpclient.netty.request.NettyRequestSender - Using open Channel [id: 0xc90c1430, L:/127.0.0.1:59275 - R:localhost/127.0.0.1:11155] for GET '/session/d39eb201903141e7e7f8491d69e95641/url'
14:31:04.045 [AsyncHttpClient-1-3] DEBUG org.asynchttpclient.netty.handler.HttpHandler - 

Request DefaultFullHttpRequest(decodeResult: success, version: HTTP/1.1, content: EmptyByteBufBE)
GET /session/d39eb201903141e7e7f8491d69e95641/url HTTP/1.1
User-Agent: selenium/4.8.1 (java windows)
Cache-Control: no-cache
Content-Type: application/json; charset=utf-8
host: localhost:11155
accept: */*

Response DefaultHttpResponse(decodeResult: success, version: HTTP/1.1)
HTTP/1.1 200 OK
Content-Length: 94
Content-Type: application/json; charset=utf-8
cache-control: no-cache

14:31:04.050 [AsyncHttpClient-1-3] DEBUG org.asynchttpclient.netty.channel.ChannelManager - Adding key: http://localhost:11155 for channel [id: 0xc90c1430, L:/127.0.0.1:59275 - R:localhost/127.0.0.1:11155]
14:31:04.050 [main] DEBUG net.thucydides.core.steps.StepInterceptor - STARTING STEP: Afrexim_NeedHelp_Step.type_the_function - Type_Function
14:31:04.055 [Forwarding findElement on session d39eb201903141e7e7f8491d69e95641 to remote] DEBUG org.asynchttpclient.netty.request.NettyRequestSender - Using pooled Channel '[id: 0xc90c1430, L:/127.0.0.1:59275 - R:localhost/127.0.0.1:11155]' for 'POST' to 'http://localhost:11155/session/d39eb201903141e7e7f8491d69e95641/element'
14:31:04.055 [Forwarding findElement on session d39eb201903141e7e7f8491d69e95641 to remote] DEBUG org.asynchttpclient.netty.request.NettyRequestSender - Using open Channel [id: 0xc90c1430, L:/127.0.0.1:59275 - R:localhost/127.0.0.1:11155] for POST '/session/d39eb201903141e7e7f8491d69e95641/element'
14:31:04.093 [AsyncHttpClient-1-3] DEBUG org.asynchttpclient.netty.handler.HttpHandler - 

Request DefaultHttpRequest(decodeResult: success, version: HTTP/1.1)
POST /session/d39eb201903141e7e7f8491d69e95641/element HTTP/1.1
User-Agent: selenium/4.8.1 (java windows)
Content-Length: 73
Content-Type: application/json; charset=utf-8
host: localhost:11155
accept: */*

Response DefaultHttpResponse(decodeResult: success, version: HTTP/1.1)
HTTP/1.1 200 OK
Content-Length: 95
Content-Type: application/json; charset=utf-8
cache-control: no-cache

14:31:04.093 [AsyncHttpClient-1-3] DEBUG org.asynchttpclient.netty.channel.ChannelManager - Adding key: http://localhost:11155 for channel [id: 0xc90c1430, L:/127.0.0.1:59275 - R:localhost/127.0.0.1:11155]
14:31:04.094 [Forwarding clearElement on session d39eb201903141e7e7f8491d69e95641 to remote] DEBUG org.asynchttpclient.netty.request.NettyRequestSender - Using pooled Channel '[id: 0xc90c1430, L:/127.0.0.1:59275 - R:localhost/127.0.0.1:11155]' for 'POST' to 'http://localhost:11155/session/d39eb201903141e7e7f8491d69e95641/element/ED30378DEB6A0E77550ECCDF515A836A_element_80/clear'
14:31:04.094 [Forwarding clearElement on session d39eb201903141e7e7f8491d69e95641 to remote] DEBUG org.asynchttpclient.netty.request.NettyRequestSender - Using open Channel [id: 0xc90c1430, L:/127.0.0.1:59275 - R:localhost/127.0.0.1:11155] for POST '/session/d39eb201903141e7e7f8491d69e95641/element/ED30378DEB6A0E77550ECCDF515A836A_element_80/clear'
14:31:04.173 [AsyncHttpClient-1-3] DEBUG org.asynchttpclient.netty.handler.HttpHandler - 

Request DefaultHttpRequest(decodeResult: success, version: HTTP/1.1)
POST /session/d39eb201903141e7e7f8491d69e95641/element/ED30378DEB6A0E77550ECCDF515A836A_element_80/clear HTTP/1.1
User-Agent: selenium/4.8.1 (java windows)
Content-Length: 57
Content-Type: application/json; charset=utf-8
host: localhost:11155
accept: */*

Response DefaultHttpResponse(decodeResult: success, version: HTTP/1.1)
HTTP/1.1 200 OK
Content-Length: 14
Content-Type: application/json; charset=utf-8
cache-control: no-cache

14:31:04.173 [AsyncHttpClient-1-3] DEBUG org.asynchttpclient.netty.channel.ChannelManager - Adding key: http://localhost:11155 for channel [id: 0xc90c1430, L:/127.0.0.1:59275 - R:localhost/127.0.0.1:11155]
14:31:04.173 [Forwarding sendKeysToElement on session d39eb201903141e7e7f8491d69e95641 to remote] DEBUG org.asynchttpclient.netty.request.NettyRequestSender - Using pooled Channel '[id: 0xc90c1430, L:/127.0.0.1:59275 - R:localhost/127.0.0.1:11155]' for 'POST' to 'http://localhost:11155/session/d39eb201903141e7e7f8491d69e95641/element/ED30378DEB6A0E77550ECCDF515A836A_element_80/value'
14:31:04.173 [Forwarding sendKeysToElement on session d39eb201903141e7e7f8491d69e95641 to remote] DEBUG org.asynchttpclient.netty.request.NettyRequestSender - Using open Channel [id: 0xc90c1430, L:/127.0.0.1:59275 - R:localhost/127.0.0.1:11155] for POST '/session/d39eb201903141e7e7f8491d69e95641/element/ED30378DEB6A0E77550ECCDF515A836A_element_80/value'
14:31:04.298 [AsyncHttpClient-1-3] DEBUG org.asynchttpclient.netty.handler.HttpHandler - 

Request DefaultHttpRequest(decodeResult: success, version: HTTP/1.1)
POST /session/d39eb201903141e7e7f8491d69e95641/element/ED30378DEB6A0E77550ECCDF515A836A_element_80/value HTTP/1.1
User-Agent: selenium/4.8.1 (java windows)
Content-Length: 218
Content-Type: application/json; charset=utf-8
host: localhost:11155
accept: */*

Response DefaultHttpResponse(decodeResult: success, version: HTTP/1.1)
HTTP/1.1 200 OK
Content-Length: 14
Content-Type: application/json; charset=utf-8
cache-control: no-cache

14:31:04.298 [AsyncHttpClient-1-3] DEBUG org.asynchttpclient.netty.channel.ChannelManager - Adding key: http://localhost:11155 for channel [id: 0xc90c1430, L:/127.0.0.1:59275 - R:localhost/127.0.0.1:11155]
14:31:04.298 [Forwarding sendKeysToElement on session d39eb201903141e7e7f8491d69e95641 to remote] DEBUG org.asynchttpclient.netty.request.NettyRequestSender - Using pooled Channel '[id: 0xc90c1430, L:/127.0.0.1:59275 - R:localhost/127.0.0.1:11155]' for 'POST' to 'http://localhost:11155/session/d39eb201903141e7e7f8491d69e95641/element/ED30378DEB6A0E77550ECCDF515A836A_element_80/value'
14:31:04.298 [Forwarding sendKeysToElement on session d39eb201903141e7e7f8491d69e95641 to remote] DEBUG org.asynchttpclient.netty.request.NettyRequestSender - Using open Channel [id: 0xc90c1430, L:/127.0.0.1:59275 - R:localhost/127.0.0.1:11155] for POST '/session/d39eb201903141e7e7f8491d69e95641/element/ED30378DEB6A0E77550ECCDF515A836A_element_80/value'
14:31:04.415 [AsyncHttpClient-1-3] DEBUG org.asynchttpclient.netty.handler.HttpHandler - 

Request DefaultHttpRequest(decodeResult: success, version: HTTP/1.1)
POST /session/d39eb201903141e7e7f8491d69e95641/element/ED30378DEB6A0E77550ECCDF515A836A_element_80/value HTTP/1.1
User-Agent: selenium/4.8.1 (java windows)
Content-Length: 102
Content-Type: application/json; charset=utf-8
host: localhost:11155
accept: */*

Response DefaultHttpResponse(decodeResult: success, version: HTTP/1.1)
HTTP/1.1 200 OK
Content-Length: 14
Content-Type: application/json; charset=utf-8
cache-control: no-cache

14:31:04.415 [AsyncHttpClient-1-3] DEBUG org.asynchttpclient.netty.channel.ChannelManager - Adding key: http://localhost:11155 for channel [id: 0xc90c1430, L:/127.0.0.1:59275 - R:localhost/127.0.0.1:11155]
14:31:04.435 [Forwarding getAlertText on session d39eb201903141e7e7f8491d69e95641 to remote] DEBUG org.asynchttpclient.netty.request.NettyRequestSender - Using pooled Channel '[id: 0xc90c1430, L:/127.0.0.1:59275 - R:localhost/127.0.0.1:11155]' for 'GET' to 'http://localhost:11155/session/d39eb201903141e7e7f8491d69e95641/alert/text'
14:31:04.435 [Forwarding getAlertText on session d39eb201903141e7e7f8491d69e95641 to remote] DEBUG org.asynchttpclient.netty.request.NettyRequestSender - Using open Channel [id: 0xc90c1430, L:/127.0.0.1:59275 - R:localhost/127.0.0.1:11155] for GET '/session/d39eb201903141e7e7f8491d69e95641/alert/text'
14:31:04.505 [AsyncHttpClient-1-1] DEBUG org.asynchttpclient.netty.channel.DefaultChannelPool - Entry count for : http://localhost:59276 : 1
14:31:04.505 [AsyncHttpClient-1-3] DEBUG org.asynchttpclient.netty.handler.HttpHandler - 

Request DefaultFullHttpRequest(decodeResult: success, version: HTTP/1.1, content: EmptyByteBufBE)
GET /session/d39eb201903141e7e7f8491d69e95641/alert/text HTTP/1.1
User-Agent: selenium/4.8.1 (java windows)
Cache-Control: no-cache
Content-Type: application/json; charset=utf-8
host: localhost:11155
accept: */*

Response DefaultHttpResponse(decodeResult: success, version: HTTP/1.1)
HTTP/1.1 404 Not Found
Content-Length: 821
Content-Type: application/json; charset=utf-8
cache-control: no-cache

14:31:04.505 [AsyncHttpClient-1-3] DEBUG org.asynchttpclient.netty.channel.ChannelManager - Adding key: http://localhost:11155 for channel [id: 0xc90c1430, L:/127.0.0.1:59275 - R:localhost/127.0.0.1:11155]
14:31:04.509 [Forwarding getCurrentUrl on session d39eb201903141e7e7f8491d69e95641 to remote] DEBUG org.asynchttpclient.netty.request.NettyRequestSender - Using pooled Channel '[id: 0xc90c1430, L:/127.0.0.1:59275 - R:localhost/127.0.0.1:11155]' for 'GET' to 'http://localhost:11155/session/d39eb201903141e7e7f8491d69e95641/url'
14:31:04.509 [Forwarding getCurrentUrl on session d39eb201903141e7e7f8491d69e95641 to remote] DEBUG org.asynchttpclient.netty.request.NettyRequestSender - Using open Channel [id: 0xc90c1430, L:/127.0.0.1:59275 - R:localhost/127.0.0.1:11155] for GET '/session/d39eb201903141e7e7f8491d69e95641/url'
14:31:04.568 [AsyncHttpClient-1-3] DEBUG org.asynchttpclient.netty.handler.HttpHandler - 

Request DefaultFullHttpRequest(decodeResult: success, version: HTTP/1.1, content: EmptyByteBufBE)
GET /session/d39eb201903141e7e7f8491d69e95641/url HTTP/1.1
User-Agent: selenium/4.8.1 (java windows)
Cache-Control: no-cache
Content-Type: application/json; charset=utf-8
host: localhost:11155
accept: */*

Response DefaultHttpResponse(decodeResult: success, version: HTTP/1.1)
HTTP/1.1 200 OK
Content-Length: 94
Content-Type: application/json; charset=utf-8
cache-control: no-cache

14:31:04.568 [AsyncHttpClient-1-3] DEBUG org.asynchttpclient.netty.channel.ChannelManager - Adding key: http://localhost:11155 for channel [id: 0xc90c1430, L:/127.0.0.1:59275 - R:localhost/127.0.0.1:11155]
14:31:04.568 [Forwarding screenshot on session d39eb201903141e7e7f8491d69e95641 to remote] DEBUG org.asynchttpclient.netty.request.NettyRequestSender - Using pooled Channel '[id: 0xc90c1430, L:/127.0.0.1:59275 - R:localhost/127.0.0.1:11155]' for 'GET' to 'http://localhost:11155/session/d39eb201903141e7e7f8491d69e95641/screenshot'
14:31:04.568 [Forwarding screenshot on session d39eb201903141e7e7f8491d69e95641 to remote] DEBUG org.asynchttpclient.netty.request.NettyRequestSender - Using open Channel [id: 0xc90c1430, L:/127.0.0.1:59275 - R:localhost/127.0.0.1:11155] for GET '/session/d39eb201903141e7e7f8491d69e95641/screenshot'
14:31:04.804 [AsyncHttpClient-1-3] DEBUG org.asynchttpclient.netty.handler.HttpHandler - 

Request DefaultFullHttpRequest(decodeResult: success, version: HTTP/1.1, content: EmptyByteBufBE)
GET /session/d39eb201903141e7e7f8491d69e95641/screenshot HTTP/1.1
User-Agent: selenium/4.8.1 (java windows)
Cache-Control: no-cache
Content-Type: application/json; charset=utf-8
host: localhost:11155
accept: */*

Response DefaultHttpResponse(decodeResult: success, version: HTTP/1.1)
HTTP/1.1 200 OK
Content-Length: 124632
Content-Type: application/json; charset=utf-8
cache-control: no-cache

14:31:04.808 [AsyncHttpClient-1-3] DEBUG org.asynchttpclient.netty.channel.ChannelManager - Adding key: http://localhost:11155 for channel [id: 0xc90c1430, L:/127.0.0.1:59275 - R:localhost/127.0.0.1:11155]
14:31:04.810 [main] DEBUG net.serenitybdd.core.photography.Darkroom - Send negative for processing for target\site\serenity\64958f1f885a015c8fbbe9cb621cbbf1b41d9bb7c65b6397050e66cf38b6b131.png
14:31:04.810 [main] DEBUG net.thucydides.core.steps.StepInterceptor - STEP DONE: Type_Function
14:31:04.810 [Darkroom Processing Line] DEBUG net.serenitybdd.core.photography.DarkroomProcessingLine - Processing screenshot image in /var/screenshots/screenshot-5112021535978634205
14:31:04.810 [Darkroom Processing Line] DEBUG net.serenitybdd.core.photography.DarkroomProcessingLine - Saving screenshot to target\site\serenity\64958f1f885a015c8fbbe9cb621cbbf1b41d9bb7c65b6397050e66cf38b6b131.png
14:31:04.834 [Forwarding getPageSource on session d39eb201903141e7e7f8491d69e95641 to remote] DEBUG org.asynchttpclient.netty.request.NettyRequestSender - Using pooled Channel '[id: 0xc90c1430, L:/127.0.0.1:59275 - R:localhost/127.0.0.1:11155]' for 'POST' to 'http://localhost:11155/session/d39eb201903141e7e7f8491d69e95641/execute/sync'
14:31:04.834 [Forwarding getPageSource on session d39eb201903141e7e7f8491d69e95641 to remote] DEBUG org.asynchttpclient.netty.request.NettyRequestSender - Using open Channel [id: 0xc90c1430, L:/127.0.0.1:59275 - R:localhost/127.0.0.1:11155] for POST '/session/d39eb201903141e7e7f8491d69e95641/execute/sync'
14:31:04.909 [AsyncHttpClient-1-3] DEBUG org.asynchttpclient.netty.handler.HttpHandler - 

Request DefaultHttpRequest(decodeResult: success, version: HTTP/1.1)
POST /session/d39eb201903141e7e7f8491d69e95641/execute/sync HTTP/1.1
User-Agent: selenium/4.8.1 (java windows)
Content-Length: 176
Content-Type: application/json; charset=utf-8
host: localhost:11155
accept: */*

Response DefaultHttpResponse(decodeResult: success, version: HTTP/1.1)
HTTP/1.1 200 OK
Content-Length: 104504
Content-Type: application/json; charset=utf-8
cache-control: no-cache

14:31:04.909 [AsyncHttpClient-1-3] DEBUG org.asynchttpclient.netty.channel.ChannelManager - Adding key: http://localhost:11155 for channel [id: 0xc90c1430, L:/127.0.0.1:59275 - R:localhost/127.0.0.1:11155]
14:31:04.923 [Forwarding getCurrentUrl on session d39eb201903141e7e7f8491d69e95641 to remote] DEBUG org.asynchttpclient.netty.request.NettyRequestSender - Using pooled Channel '[id: 0xc90c1430, L:/127.0.0.1:59275 - R:localhost/127.0.0.1:11155]' for 'GET' to 'http://localhost:11155/session/d39eb201903141e7e7f8491d69e95641/url'
14:31:04.923 [Forwarding getCurrentUrl on session d39eb201903141e7e7f8491d69e95641 to remote] DEBUG org.asynchttpclient.netty.request.NettyRequestSender - Using open Channel [id: 0xc90c1430, L:/127.0.0.1:59275 - R:localhost/127.0.0.1:11155] for GET '/session/d39eb201903141e7e7f8491d69e95641/url'
14:31:04.939 [AsyncHttpClient-1-3] DEBUG org.asynchttpclient.netty.handler.HttpHandler - 

Request DefaultFullHttpRequest(decodeResult: success, version: HTTP/1.1, content: EmptyByteBufBE)
GET /session/d39eb201903141e7e7f8491d69e95641/url HTTP/1.1
User-Agent: selenium/4.8.1 (java windows)
Cache-Control: no-cache
Content-Type: application/json; charset=utf-8
host: localhost:11155
accept: */*

Response DefaultHttpResponse(decodeResult: success, version: HTTP/1.1)
HTTP/1.1 200 OK
Content-Length: 94
Content-Type: application/json; charset=utf-8
cache-control: no-cache

14:31:04.939 [AsyncHttpClient-1-3] DEBUG org.asynchttpclient.netty.channel.ChannelManager - Adding key: http://localhost:11155 for channel [id: 0xc90c1430, L:/127.0.0.1:59275 - R:localhost/127.0.0.1:11155]
14:31:04.957 [Forwarding getAlertText on session d39eb201903141e7e7f8491d69e95641 to remote] DEBUG org.asynchttpclient.netty.request.NettyRequestSender - Using pooled Channel '[id: 0xc90c1430, L:/127.0.0.1:59275 - R:localhost/127.0.0.1:11155]' for 'GET' to 'http://localhost:11155/session/d39eb201903141e7e7f8491d69e95641/alert/text'
14:31:04.957 [Forwarding getAlertText on session d39eb201903141e7e7f8491d69e95641 to remote] DEBUG org.asynchttpclient.netty.request.NettyRequestSender - Using open Channel [id: 0xc90c1430, L:/127.0.0.1:59275 - R:localhost/127.0.0.1:11155] for GET '/session/d39eb201903141e7e7f8491d69e95641/alert/text'
14:31:04.962 [AsyncHttpClient-1-3] DEBUG org.asynchttpclient.netty.handler.HttpHandler - 

Request DefaultFullHttpRequest(decodeResult: success, version: HTTP/1.1, content: EmptyByteBufBE)
GET /session/d39eb201903141e7e7f8491d69e95641/alert/text HTTP/1.1
User-Agent: selenium/4.8.1 (java windows)
Cache-Control: no-cache
Content-Type: application/json; charset=utf-8
host: localhost:11155
accept: */*

Response DefaultHttpResponse(decodeResult: success, version: HTTP/1.1)
HTTP/1.1 404 Not Found
Content-Length: 821
Content-Type: application/json; charset=utf-8
cache-control: no-cache

14:31:04.962 [AsyncHttpClient-1-3] DEBUG org.asynchttpclient.netty.channel.ChannelManager - Adding key: http://localhost:11155 for channel [id: 0xc90c1430, L:/127.0.0.1:59275 - R:localhost/127.0.0.1:11155]
14:31:04.963 [Forwarding getCurrentUrl on session d39eb201903141e7e7f8491d69e95641 to remote] DEBUG org.asynchttpclient.netty.request.NettyRequestSender - Using pooled Channel '[id: 0xc90c1430, L:/127.0.0.1:59275 - R:localhost/127.0.0.1:11155]' for 'GET' to 'http://localhost:11155/session/d39eb201903141e7e7f8491d69e95641/url'
14:31:04.963 [Forwarding getCurrentUrl on session d39eb201903141e7e7f8491d69e95641 to remote] DEBUG org.asynchttpclient.netty.request.NettyRequestSender - Using open Channel [id: 0xc90c1430, L:/127.0.0.1:59275 - R:localhost/127.0.0.1:11155] for GET '/session/d39eb201903141e7e7f8491d69e95641/url'
14:31:04.972 [AsyncHttpClient-1-3] DEBUG org.asynchttpclient.netty.handler.HttpHandler - 

Request DefaultFullHttpRequest(decodeResult: success, version: HTTP/1.1, content: EmptyByteBufBE)
GET /session/d39eb201903141e7e7f8491d69e95641/url HTTP/1.1
User-Agent: selenium/4.8.1 (java windows)
Cache-Control: no-cache
Content-Type: application/json; charset=utf-8
host: localhost:11155
accept: */*

Response DefaultHttpResponse(decodeResult: success, version: HTTP/1.1)
HTTP/1.1 200 OK
Content-Length: 94
Content-Type: application/json; charset=utf-8
cache-control: no-cache

14:31:04.972 [AsyncHttpClient-1-3] DEBUG org.asynchttpclient.netty.channel.ChannelManager - Adding key: http://localhost:11155 for channel [id: 0xc90c1430, L:/127.0.0.1:59275 - R:localhost/127.0.0.1:11155]
14:31:04.972 [Forwarding screenshot on session d39eb201903141e7e7f8491d69e95641 to remote] DEBUG org.asynchttpclient.netty.request.NettyRequestSender - Using pooled Channel '[id: 0xc90c1430, L:/127.0.0.1:59275 - R:localhost/127.0.0.1:11155]' for 'GET' to 'http://localhost:11155/session/d39eb201903141e7e7f8491d69e95641/screenshot'
14:31:04.972 [Forwarding screenshot on session d39eb201903141e7e7f8491d69e95641 to remote] DEBUG org.asynchttpclient.netty.request.NettyRequestSender - Using open Channel [id: 0xc90c1430, L:/127.0.0.1:59275 - R:localhost/127.0.0.1:11155] for GET '/session/d39eb201903141e7e7f8491d69e95641/screenshot'
14:31:05.192 [AsyncHttpClient-1-3] DEBUG org.asynchttpclient.netty.handler.HttpHandler - 

Request DefaultFullHttpRequest(decodeResult: success, version: HTTP/1.1, content: EmptyByteBufBE)
GET /session/d39eb201903141e7e7f8491d69e95641/screenshot HTTP/1.1
User-Agent: selenium/4.8.1 (java windows)
Cache-Control: no-cache
Content-Type: application/json; charset=utf-8
host: localhost:11155
accept: */*

Response DefaultHttpResponse(decodeResult: success, version: HTTP/1.1)
HTTP/1.1 200 OK
Content-Length: 124616
Content-Type: application/json; charset=utf-8
cache-control: no-cache

14:31:05.192 [AsyncHttpClient-1-3] DEBUG org.asynchttpclient.netty.channel.ChannelManager - Adding key: http://localhost:11155 for channel [id: 0xc90c1430, L:/127.0.0.1:59275 - R:localhost/127.0.0.1:11155]
14:31:05.197 [main] DEBUG net.serenitybdd.core.photography.Darkroom - Send negative for processing for target\site\serenity\f5f29679ae805658306508171a10d0857f31319b9b0ed3cc6593ca971ec1f942.png
14:31:05.197 [Darkroom Processing Line] DEBUG net.serenitybdd.core.photography.DarkroomProcessingLine - Processing screenshot image in /var/screenshots/screenshot-8602446359862386274
14:31:05.197 [Darkroom Processing Line] DEBUG net.serenitybdd.core.photography.DarkroomProcessingLine - Saving screenshot to target\site\serenity\f5f29679ae805658306508171a10d0857f31319b9b0ed3cc6593ca971ec1f942.png
14:31:05.202 [Forwarding getPageSource on session d39eb201903141e7e7f8491d69e95641 to remote] DEBUG org.asynchttpclient.netty.request.NettyRequestSender - Using pooled Channel '[id: 0xc90c1430, L:/127.0.0.1:59275 - R:localhost/127.0.0.1:11155]' for 'POST' to 'http://localhost:11155/session/d39eb201903141e7e7f8491d69e95641/execute/sync'
14:31:05.202 [Forwarding getPageSource on session d39eb201903141e7e7f8491d69e95641 to remote] DEBUG org.asynchttpclient.netty.request.NettyRequestSender - Using open Channel [id: 0xc90c1430, L:/127.0.0.1:59275 - R:localhost/127.0.0.1:11155] for POST '/session/d39eb201903141e7e7f8491d69e95641/execute/sync'
14:31:05.234 [AsyncHttpClient-1-3] DEBUG org.asynchttpclient.netty.handler.HttpHandler - 

Request DefaultHttpRequest(decodeResult: success, version: HTTP/1.1)
POST /session/d39eb201903141e7e7f8491d69e95641/execute/sync HTTP/1.1
User-Agent: selenium/4.8.1 (java windows)
Content-Length: 176
Content-Type: application/json; charset=utf-8
host: localhost:11155
accept: */*

Response DefaultHttpResponse(decodeResult: success, version: HTTP/1.1)
HTTP/1.1 200 OK
Content-Length: 104504
Content-Type: application/json; charset=utf-8
cache-control: no-cache

14:31:05.234 [AsyncHttpClient-1-3] DEBUG org.asynchttpclient.netty.channel.ChannelManager - Adding key: http://localhost:11155 for channel [id: 0xc90c1430, L:/127.0.0.1:59275 - R:localhost/127.0.0.1:11155]
14:31:05.260 [Forwarding getCurrentUrl on session d39eb201903141e7e7f8491d69e95641 to remote] DEBUG org.asynchttpclient.netty.request.NettyRequestSender - Using pooled Channel '[id: 0xc90c1430, L:/127.0.0.1:59275 - R:localhost/127.0.0.1:11155]' for 'GET' to 'http://localhost:11155/session/d39eb201903141e7e7f8491d69e95641/url'
14:31:05.260 [Forwarding getCurrentUrl on session d39eb201903141e7e7f8491d69e95641 to remote] DEBUG org.asynchttpclient.netty.request.NettyRequestSender - Using open Channel [id: 0xc90c1430, L:/127.0.0.1:59275 - R:localhost/127.0.0.1:11155] for GET '/session/d39eb201903141e7e7f8491d69e95641/url'
14:31:05.267 [AsyncHttpClient-1-3] DEBUG org.asynchttpclient.netty.handler.HttpHandler - 

Request DefaultFullHttpRequest(decodeResult: success, version: HTTP/1.1, content: EmptyByteBufBE)
GET /session/d39eb201903141e7e7f8491d69e95641/url HTTP/1.1
User-Agent: selenium/4.8.1 (java windows)
Cache-Control: no-cache
Content-Type: application/json; charset=utf-8
host: localhost:11155
accept: */*

Response DefaultHttpResponse(decodeResult: success, version: HTTP/1.1)
HTTP/1.1 200 OK
Content-Length: 94
Content-Type: application/json; charset=utf-8
cache-control: no-cache

14:31:05.267 [AsyncHttpClient-1-3] DEBUG org.asynchttpclient.netty.channel.ChannelManager - Adding key: http://localhost:11155 for channel [id: 0xc90c1430, L:/127.0.0.1:59275 - R:localhost/127.0.0.1:11155]
14:31:05.272 [main] DEBUG net.thucydides.core.steps.StepInterceptor - STARTING STEP: Afrexim_NeedHelp_Step.type_organisation - Type_organisation
14:31:05.277 [Forwarding findElement on session d39eb201903141e7e7f8491d69e95641 to remote] DEBUG org.asynchttpclient.netty.request.NettyRequestSender - Using pooled Channel '[id: 0xc90c1430, L:/127.0.0.1:59275 - R:localhost/127.0.0.1:11155]' for 'POST' to 'http://localhost:11155/session/d39eb201903141e7e7f8491d69e95641/element'
14:31:05.277 [Forwarding findElement on session d39eb201903141e7e7f8491d69e95641 to remote] DEBUG org.asynchttpclient.netty.request.NettyRequestSender - Using open Channel [id: 0xc90c1430, L:/127.0.0.1:59275 - R:localhost/127.0.0.1:11155] for POST '/session/d39eb201903141e7e7f8491d69e95641/element'
14:31:05.298 [AsyncHttpClient-1-3] DEBUG org.asynchttpclient.netty.handler.HttpHandler - 

Request DefaultHttpRequest(decodeResult: success, version: HTTP/1.1)
POST /session/d39eb201903141e7e7f8491d69e95641/element HTTP/1.1
User-Agent: selenium/4.8.1 (java windows)
Content-Length: 73
Content-Type: application/json; charset=utf-8
host: localhost:11155
accept: */*

Response DefaultHttpResponse(decodeResult: success, version: HTTP/1.1)
HTTP/1.1 200 OK
Content-Length: 95
Content-Type: application/json; charset=utf-8
cache-control: no-cache

14:31:05.298 [AsyncHttpClient-1-3] DEBUG org.asynchttpclient.netty.channel.ChannelManager - Adding key: http://localhost:11155 for channel [id: 0xc90c1430, L:/127.0.0.1:59275 - R:localhost/127.0.0.1:11155]
14:31:05.298 [Forwarding clearElement on session d39eb201903141e7e7f8491d69e95641 to remote] DEBUG org.asynchttpclient.netty.request.NettyRequestSender - Using pooled Channel '[id: 0xc90c1430, L:/127.0.0.1:59275 - R:localhost/127.0.0.1:11155]' for 'POST' to 'http://localhost:11155/session/d39eb201903141e7e7f8491d69e95641/element/ED30378DEB6A0E77550ECCDF515A836A_element_82/clear'
14:31:05.298 [Forwarding clearElement on session d39eb201903141e7e7f8491d69e95641 to remote] DEBUG org.asynchttpclient.netty.request.NettyRequestSender - Using open Channel [id: 0xc90c1430, L:/127.0.0.1:59275 - R:localhost/127.0.0.1:11155] for POST '/session/d39eb201903141e7e7f8491d69e95641/element/ED30378DEB6A0E77550ECCDF515A836A_element_82/clear'
14:31:05.341 [AsyncHttpClient-1-3] DEBUG org.asynchttpclient.netty.handler.HttpHandler - 

Request DefaultHttpRequest(decodeResult: success, version: HTTP/1.1)
POST /session/d39eb201903141e7e7f8491d69e95641/element/ED30378DEB6A0E77550ECCDF515A836A_element_82/clear HTTP/1.1
User-Agent: selenium/4.8.1 (java windows)
Content-Length: 57
Content-Type: application/json; charset=utf-8
host: localhost:11155
accept: */*

Response DefaultHttpResponse(decodeResult: success, version: HTTP/1.1)
HTTP/1.1 200 OK
Content-Length: 14
Content-Type: application/json; charset=utf-8
cache-control: no-cache

14:31:05.341 [AsyncHttpClient-1-3] DEBUG org.asynchttpclient.netty.channel.ChannelManager - Adding key: http://localhost:11155 for channel [id: 0xc90c1430, L:/127.0.0.1:59275 - R:localhost/127.0.0.1:11155]
14:31:05.341 [Forwarding sendKeysToElement on session d39eb201903141e7e7f8491d69e95641 to remote] DEBUG org.asynchttpclient.netty.request.NettyRequestSender - Using pooled Channel '[id: 0xc90c1430, L:/127.0.0.1:59275 - R:localhost/127.0.0.1:11155]' for 'POST' to 'http://localhost:11155/session/d39eb201903141e7e7f8491d69e95641/element/ED30378DEB6A0E77550ECCDF515A836A_element_82/value'
14:31:05.341 [Forwarding sendKeysToElement on session d39eb201903141e7e7f8491d69e95641 to remote] DEBUG org.asynchttpclient.netty.request.NettyRequestSender - Using open Channel [id: 0xc90c1430, L:/127.0.0.1:59275 - R:localhost/127.0.0.1:11155] for POST '/session/d39eb201903141e7e7f8491d69e95641/element/ED30378DEB6A0E77550ECCDF515A836A_element_82/value'
14:31:05.414 [AsyncHttpClient-1-3] DEBUG org.asynchttpclient.netty.handler.HttpHandler - 

Request DefaultHttpRequest(decodeResult: success, version: HTTP/1.1)
POST /session/d39eb201903141e7e7f8491d69e95641/element/ED30378DEB6A0E77550ECCDF515A836A_element_82/value HTTP/1.1
User-Agent: selenium/4.8.1 (java windows)
Content-Length: 168
Content-Type: application/json; charset=utf-8
host: localhost:11155
accept: */*

Response DefaultHttpResponse(decodeResult: success, version: HTTP/1.1)
HTTP/1.1 200 OK
Content-Length: 14
Content-Type: application/json; charset=utf-8
cache-control: no-cache

14:31:05.416 [AsyncHttpClient-1-3] DEBUG org.asynchttpclient.netty.channel.ChannelManager - Adding key: http://localhost:11155 for channel [id: 0xc90c1430, L:/127.0.0.1:59275 - R:localhost/127.0.0.1:11155]
14:31:05.417 [Forwarding sendKeysToElement on session d39eb201903141e7e7f8491d69e95641 to remote] DEBUG org.asynchttpclient.netty.request.NettyRequestSender - Using pooled Channel '[id: 0xc90c1430, L:/127.0.0.1:59275 - R:localhost/127.0.0.1:11155]' for 'POST' to 'http://localhost:11155/session/d39eb201903141e7e7f8491d69e95641/element/ED30378DEB6A0E77550ECCDF515A836A_element_82/value'
14:31:05.417 [Forwarding sendKeysToElement on session d39eb201903141e7e7f8491d69e95641 to remote] DEBUG org.asynchttpclient.netty.request.NettyRequestSender - Using open Channel [id: 0xc90c1430, L:/127.0.0.1:59275 - R:localhost/127.0.0.1:11155] for POST '/session/d39eb201903141e7e7f8491d69e95641/element/ED30378DEB6A0E77550ECCDF515A836A_element_82/value'
14:31:05.472 [AsyncHttpClient-1-3] DEBUG org.asynchttpclient.netty.handler.HttpHandler - 

Request DefaultHttpRequest(decodeResult: success, version: HTTP/1.1)
POST /session/d39eb201903141e7e7f8491d69e95641/element/ED30378DEB6A0E77550ECCDF515A836A_element_82/value HTTP/1.1
User-Agent: selenium/4.8.1 (java windows)
Content-Length: 102
Content-Type: application/json; charset=utf-8
host: localhost:11155
accept: */*

Response DefaultHttpResponse(decodeResult: success, version: HTTP/1.1)
HTTP/1.1 200 OK
Content-Length: 14
Content-Type: application/json; charset=utf-8
cache-control: no-cache

14:31:05.472 [AsyncHttpClient-1-3] DEBUG org.asynchttpclient.netty.channel.ChannelManager - Adding key: http://localhost:11155 for channel [id: 0xc90c1430, L:/127.0.0.1:59275 - R:localhost/127.0.0.1:11155]
14:31:05.491 [Forwarding getAlertText on session d39eb201903141e7e7f8491d69e95641 to remote] DEBUG org.asynchttpclient.netty.request.NettyRequestSender - Using pooled Channel '[id: 0xc90c1430, L:/127.0.0.1:59275 - R:localhost/127.0.0.1:11155]' for 'GET' to 'http://localhost:11155/session/d39eb201903141e7e7f8491d69e95641/alert/text'
14:31:05.491 [Forwarding getAlertText on session d39eb201903141e7e7f8491d69e95641 to remote] DEBUG org.asynchttpclient.netty.request.NettyRequestSender - Using open Channel [id: 0xc90c1430, L:/127.0.0.1:59275 - R:localhost/127.0.0.1:11155] for GET '/session/d39eb201903141e7e7f8491d69e95641/alert/text'
14:31:05.497 [AsyncHttpClient-1-3] DEBUG org.asynchttpclient.netty.handler.HttpHandler - 

Request DefaultFullHttpRequest(decodeResult: success, version: HTTP/1.1, content: EmptyByteBufBE)
GET /session/d39eb201903141e7e7f8491d69e95641/alert/text HTTP/1.1
User-Agent: selenium/4.8.1 (java windows)
Cache-Control: no-cache
Content-Type: application/json; charset=utf-8
host: localhost:11155
accept: */*

Response DefaultHttpResponse(decodeResult: success, version: HTTP/1.1)
HTTP/1.1 404 Not Found
Content-Length: 821
Content-Type: application/json; charset=utf-8
cache-control: no-cache

14:31:05.498 [AsyncHttpClient-1-3] DEBUG org.asynchttpclient.netty.channel.ChannelManager - Adding key: http://localhost:11155 for channel [id: 0xc90c1430, L:/127.0.0.1:59275 - R:localhost/127.0.0.1:11155]
14:31:05.498 [Forwarding getCurrentUrl on session d39eb201903141e7e7f8491d69e95641 to remote] DEBUG org.asynchttpclient.netty.request.NettyRequestSender - Using pooled Channel '[id: 0xc90c1430, L:/127.0.0.1:59275 - R:localhost/127.0.0.1:11155]' for 'GET' to 'http://localhost:11155/session/d39eb201903141e7e7f8491d69e95641/url'
14:31:05.498 [Forwarding getCurrentUrl on session d39eb201903141e7e7f8491d69e95641 to remote] DEBUG org.asynchttpclient.netty.request.NettyRequestSender - Using open Channel [id: 0xc90c1430, L:/127.0.0.1:59275 - R:localhost/127.0.0.1:11155] for GET '/session/d39eb201903141e7e7f8491d69e95641/url'
14:31:05.512 [AsyncHttpClient-1-3] DEBUG org.asynchttpclient.netty.handler.HttpHandler - 

Request DefaultFullHttpRequest(decodeResult: success, version: HTTP/1.1, content: EmptyByteBufBE)
GET /session/d39eb201903141e7e7f8491d69e95641/url HTTP/1.1
User-Agent: selenium/4.8.1 (java windows)
Cache-Control: no-cache
Content-Type: application/json; charset=utf-8
host: localhost:11155
accept: */*

Response DefaultHttpResponse(decodeResult: success, version: HTTP/1.1)
HTTP/1.1 200 OK
Content-Length: 94
Content-Type: application/json; charset=utf-8
cache-control: no-cache

14:31:05.512 [AsyncHttpClient-1-3] DEBUG org.asynchttpclient.netty.channel.ChannelManager - Adding key: http://localhost:11155 for channel [id: 0xc90c1430, L:/127.0.0.1:59275 - R:localhost/127.0.0.1:11155]
14:31:05.512 [Forwarding screenshot on session d39eb201903141e7e7f8491d69e95641 to remote] DEBUG org.asynchttpclient.netty.request.NettyRequestSender - Using pooled Channel '[id: 0xc90c1430, L:/127.0.0.1:59275 - R:localhost/127.0.0.1:11155]' for 'GET' to 'http://localhost:11155/session/d39eb201903141e7e7f8491d69e95641/screenshot'
14:31:05.512 [Forwarding screenshot on session d39eb201903141e7e7f8491d69e95641 to remote] DEBUG org.asynchttpclient.netty.request.NettyRequestSender - Using open Channel [id: 0xc90c1430, L:/127.0.0.1:59275 - R:localhost/127.0.0.1:11155] for GET '/session/d39eb201903141e7e7f8491d69e95641/screenshot'
14:31:05.590 [AsyncHttpClient-1-1] DEBUG org.asynchttpclient.netty.channel.DefaultChannelPool - Entry count for : http://localhost:59276 : 1
14:31:05.725 [AsyncHttpClient-1-3] DEBUG org.asynchttpclient.netty.handler.HttpHandler - 

Request DefaultFullHttpRequest(decodeResult: success, version: HTTP/1.1, content: EmptyByteBufBE)
GET /session/d39eb201903141e7e7f8491d69e95641/screenshot HTTP/1.1
User-Agent: selenium/4.8.1 (java windows)
Cache-Control: no-cache
Content-Type: application/json; charset=utf-8
host: localhost:11155
accept: */*

Response DefaultHttpResponse(decodeResult: success, version: HTTP/1.1)
HTTP/1.1 200 OK
Content-Length: 126316
Content-Type: application/json; charset=utf-8
cache-control: no-cache

14:31:05.725 [AsyncHttpClient-1-3] DEBUG org.asynchttpclient.netty.channel.ChannelManager - Adding key: http://localhost:11155 for channel [id: 0xc90c1430, L:/127.0.0.1:59275 - R:localhost/127.0.0.1:11155]
14:31:05.725 [main] DEBUG net.serenitybdd.core.photography.Darkroom - Send negative for processing for target\site\serenity\b2082691e71dd2f996af021c4dd7085bc496e6fc9d343cef8f8514bc17f7e413.png
14:31:05.725 [main] DEBUG net.thucydides.core.steps.StepInterceptor - STEP DONE: Type_organisation
14:31:05.725 [Darkroom Processing Line] DEBUG net.serenitybdd.core.photography.DarkroomProcessingLine - Processing screenshot image in /var/screenshots/screenshot-4404547207980269904
14:31:05.725 [Darkroom Processing Line] DEBUG net.serenitybdd.core.photography.DarkroomProcessingLine - Saving screenshot to target\site\serenity\b2082691e71dd2f996af021c4dd7085bc496e6fc9d343cef8f8514bc17f7e413.png
14:31:05.746 [Forwarding getPageSource on session d39eb201903141e7e7f8491d69e95641 to remote] DEBUG org.asynchttpclient.netty.request.NettyRequestSender - Using pooled Channel '[id: 0xc90c1430, L:/127.0.0.1:59275 - R:localhost/127.0.0.1:11155]' for 'POST' to 'http://localhost:11155/session/d39eb201903141e7e7f8491d69e95641/execute/sync'
14:31:05.746 [Forwarding getPageSource on session d39eb201903141e7e7f8491d69e95641 to remote] DEBUG org.asynchttpclient.netty.request.NettyRequestSender - Using open Channel [id: 0xc90c1430, L:/127.0.0.1:59275 - R:localhost/127.0.0.1:11155] for POST '/session/d39eb201903141e7e7f8491d69e95641/execute/sync'
14:31:05.768 [AsyncHttpClient-1-3] DEBUG org.asynchttpclient.netty.handler.HttpHandler - 

Request DefaultHttpRequest(decodeResult: success, version: HTTP/1.1)
POST /session/d39eb201903141e7e7f8491d69e95641/execute/sync HTTP/1.1
User-Agent: selenium/4.8.1 (java windows)
Content-Length: 176
Content-Type: application/json; charset=utf-8
host: localhost:11155
accept: */*

Response DefaultHttpResponse(decodeResult: success, version: HTTP/1.1)
HTTP/1.1 200 OK
Content-Length: 104504
Content-Type: application/json; charset=utf-8
cache-control: no-cache

14:31:05.768 [AsyncHttpClient-1-3] DEBUG org.asynchttpclient.netty.channel.ChannelManager - Adding key: http://localhost:11155 for channel [id: 0xc90c1430, L:/127.0.0.1:59275 - R:localhost/127.0.0.1:11155]
14:31:05.779 [Forwarding getCurrentUrl on session d39eb201903141e7e7f8491d69e95641 to remote] DEBUG org.asynchttpclient.netty.request.NettyRequestSender - Using pooled Channel '[id: 0xc90c1430, L:/127.0.0.1:59275 - R:localhost/127.0.0.1:11155]' for 'GET' to 'http://localhost:11155/session/d39eb201903141e7e7f8491d69e95641/url'
14:31:05.779 [Forwarding getCurrentUrl on session d39eb201903141e7e7f8491d69e95641 to remote] DEBUG org.asynchttpclient.netty.request.NettyRequestSender - Using open Channel [id: 0xc90c1430, L:/127.0.0.1:59275 - R:localhost/127.0.0.1:11155] for GET '/session/d39eb201903141e7e7f8491d69e95641/url'
14:31:05.789 [AsyncHttpClient-1-3] DEBUG org.asynchttpclient.netty.handler.HttpHandler - 

Request DefaultFullHttpRequest(decodeResult: success, version: HTTP/1.1, content: EmptyByteBufBE)
GET /session/d39eb201903141e7e7f8491d69e95641/url HTTP/1.1
User-Agent: selenium/4.8.1 (java windows)
Cache-Control: no-cache
Content-Type: application/json; charset=utf-8
host: localhost:11155
accept: */*

Response DefaultHttpResponse(decodeResult: success, version: HTTP/1.1)
HTTP/1.1 200 OK
Content-Length: 94
Content-Type: application/json; charset=utf-8
cache-control: no-cache

14:31:05.789 [AsyncHttpClient-1-3] DEBUG org.asynchttpclient.netty.channel.ChannelManager - Adding key: http://localhost:11155 for channel [id: 0xc90c1430, L:/127.0.0.1:59275 - R:localhost/127.0.0.1:11155]
14:31:05.800 [Forwarding getAlertText on session d39eb201903141e7e7f8491d69e95641 to remote] DEBUG org.asynchttpclient.netty.request.NettyRequestSender - Using pooled Channel '[id: 0xc90c1430, L:/127.0.0.1:59275 - R:localhost/127.0.0.1:11155]' for 'GET' to 'http://localhost:11155/session/d39eb201903141e7e7f8491d69e95641/alert/text'
14:31:05.800 [Forwarding getAlertText on session d39eb201903141e7e7f8491d69e95641 to remote] DEBUG org.asynchttpclient.netty.request.NettyRequestSender - Using open Channel [id: 0xc90c1430, L:/127.0.0.1:59275 - R:localhost/127.0.0.1:11155] for GET '/session/d39eb201903141e7e7f8491d69e95641/alert/text'
14:31:05.800 [AsyncHttpClient-1-3] DEBUG org.asynchttpclient.netty.handler.HttpHandler - 

Request DefaultFullHttpRequest(decodeResult: success, version: HTTP/1.1, content: EmptyByteBufBE)
GET /session/d39eb201903141e7e7f8491d69e95641/alert/text HTTP/1.1
User-Agent: selenium/4.8.1 (java windows)
Cache-Control: no-cache
Content-Type: application/json; charset=utf-8
host: localhost:11155
accept: */*

Response DefaultHttpResponse(decodeResult: success, version: HTTP/1.1)
HTTP/1.1 404 Not Found
Content-Length: 821
Content-Type: application/json; charset=utf-8
cache-control: no-cache

14:31:05.800 [AsyncHttpClient-1-3] DEBUG org.asynchttpclient.netty.channel.ChannelManager - Adding key: http://localhost:11155 for channel [id: 0xc90c1430, L:/127.0.0.1:59275 - R:localhost/127.0.0.1:11155]
14:31:05.800 [Forwarding getCurrentUrl on session d39eb201903141e7e7f8491d69e95641 to remote] DEBUG org.asynchttpclient.netty.request.NettyRequestSender - Using pooled Channel '[id: 0xc90c1430, L:/127.0.0.1:59275 - R:localhost/127.0.0.1:11155]' for 'GET' to 'http://localhost:11155/session/d39eb201903141e7e7f8491d69e95641/url'
14:31:05.800 [Forwarding getCurrentUrl on session d39eb201903141e7e7f8491d69e95641 to remote] DEBUG org.asynchttpclient.netty.request.NettyRequestSender - Using open Channel [id: 0xc90c1430, L:/127.0.0.1:59275 - R:localhost/127.0.0.1:11155] for GET '/session/d39eb201903141e7e7f8491d69e95641/url'
14:31:05.810 [AsyncHttpClient-1-3] DEBUG org.asynchttpclient.netty.handler.HttpHandler - 

Request DefaultFullHttpRequest(decodeResult: success, version: HTTP/1.1, content: EmptyByteBufBE)
GET /session/d39eb201903141e7e7f8491d69e95641/url HTTP/1.1
User-Agent: selenium/4.8.1 (java windows)
Cache-Control: no-cache
Content-Type: application/json; charset=utf-8
host: localhost:11155
accept: */*

Response DefaultHttpResponse(decodeResult: success, version: HTTP/1.1)
HTTP/1.1 200 OK
Content-Length: 94
Content-Type: application/json; charset=utf-8
cache-control: no-cache

14:31:05.810 [AsyncHttpClient-1-3] DEBUG org.asynchttpclient.netty.channel.ChannelManager - Adding key: http://localhost:11155 for channel [id: 0xc90c1430, L:/127.0.0.1:59275 - R:localhost/127.0.0.1:11155]
14:31:05.810 [Forwarding screenshot on session d39eb201903141e7e7f8491d69e95641 to remote] DEBUG org.asynchttpclient.netty.request.NettyRequestSender - Using pooled Channel '[id: 0xc90c1430, L:/127.0.0.1:59275 - R:localhost/127.0.0.1:11155]' for 'GET' to 'http://localhost:11155/session/d39eb201903141e7e7f8491d69e95641/screenshot'
14:31:05.810 [Forwarding screenshot on session d39eb201903141e7e7f8491d69e95641 to remote] DEBUG org.asynchttpclient.netty.request.NettyRequestSender - Using open Channel [id: 0xc90c1430, L:/127.0.0.1:59275 - R:localhost/127.0.0.1:11155] for GET '/session/d39eb201903141e7e7f8491d69e95641/screenshot'
14:31:05.984 [AsyncHttpClient-1-3] DEBUG org.asynchttpclient.netty.handler.HttpHandler - 

Request DefaultFullHttpRequest(decodeResult: success, version: HTTP/1.1, content: EmptyByteBufBE)
GET /session/d39eb201903141e7e7f8491d69e95641/screenshot HTTP/1.1
User-Agent: selenium/4.8.1 (java windows)
Cache-Control: no-cache
Content-Type: application/json; charset=utf-8
host: localhost:11155
accept: */*

Response DefaultHttpResponse(decodeResult: success, version: HTTP/1.1)
HTTP/1.1 200 OK
Content-Length: 126624
Content-Type: application/json; charset=utf-8
cache-control: no-cache

14:31:05.984 [AsyncHttpClient-1-3] DEBUG org.asynchttpclient.netty.channel.ChannelManager - Adding key: http://localhost:11155 for channel [id: 0xc90c1430, L:/127.0.0.1:59275 - R:localhost/127.0.0.1:11155]
14:31:05.992 [main] DEBUG net.serenitybdd.core.photography.Darkroom - Send negative for processing for target\site\serenity\bf9e75e6d2b744079733c15b6696d2654fcd9cf96d9e1f844730d717ef8bdd80.png
14:31:05.992 [Darkroom Processing Line] DEBUG net.serenitybdd.core.photography.DarkroomProcessingLine - Processing screenshot image in /var/screenshots/screenshot-5107234549038636822
14:31:05.992 [Darkroom Processing Line] DEBUG net.serenitybdd.core.photography.DarkroomProcessingLine - Saving screenshot to target\site\serenity\bf9e75e6d2b744079733c15b6696d2654fcd9cf96d9e1f844730d717ef8bdd80.png
14:31:05.992 [Forwarding getPageSource on session d39eb201903141e7e7f8491d69e95641 to remote] DEBUG org.asynchttpclient.netty.request.NettyRequestSender - Using pooled Channel '[id: 0xc90c1430, L:/127.0.0.1:59275 - R:localhost/127.0.0.1:11155]' for 'POST' to 'http://localhost:11155/session/d39eb201903141e7e7f8491d69e95641/execute/sync'
14:31:05.992 [Forwarding getPageSource on session d39eb201903141e7e7f8491d69e95641 to remote] DEBUG org.asynchttpclient.netty.request.NettyRequestSender - Using open Channel [id: 0xc90c1430, L:/127.0.0.1:59275 - R:localhost/127.0.0.1:11155] for POST '/session/d39eb201903141e7e7f8491d69e95641/execute/sync'
14:31:06.023 [AsyncHttpClient-1-3] DEBUG org.asynchttpclient.netty.handler.HttpHandler - 

Request DefaultHttpRequest(decodeResult: success, version: HTTP/1.1)
POST /session/d39eb201903141e7e7f8491d69e95641/execute/sync HTTP/1.1
User-Agent: selenium/4.8.1 (java windows)
Content-Length: 176
Content-Type: application/json; charset=utf-8
host: localhost:11155
accept: */*

Response DefaultHttpResponse(decodeResult: success, version: HTTP/1.1)
HTTP/1.1 200 OK
Content-Length: 104504
Content-Type: application/json; charset=utf-8
cache-control: no-cache

14:31:06.023 [AsyncHttpClient-1-3] DEBUG org.asynchttpclient.netty.channel.ChannelManager - Adding key: http://localhost:11155 for channel [id: 0xc90c1430, L:/127.0.0.1:59275 - R:localhost/127.0.0.1:11155]
14:31:06.034 [Forwarding getCurrentUrl on session d39eb201903141e7e7f8491d69e95641 to remote] DEBUG org.asynchttpclient.netty.request.NettyRequestSender - Using pooled Channel '[id: 0xc90c1430, L:/127.0.0.1:59275 - R:localhost/127.0.0.1:11155]' for 'GET' to 'http://localhost:11155/session/d39eb201903141e7e7f8491d69e95641/url'
14:31:06.034 [Forwarding getCurrentUrl on session d39eb201903141e7e7f8491d69e95641 to remote] DEBUG org.asynchttpclient.netty.request.NettyRequestSender - Using open Channel [id: 0xc90c1430, L:/127.0.0.1:59275 - R:localhost/127.0.0.1:11155] for GET '/session/d39eb201903141e7e7f8491d69e95641/url'
14:31:06.071 [AsyncHttpClient-1-3] DEBUG org.asynchttpclient.netty.handler.HttpHandler - 

Request DefaultFullHttpRequest(decodeResult: success, version: HTTP/1.1, content: EmptyByteBufBE)
GET /session/d39eb201903141e7e7f8491d69e95641/url HTTP/1.1
User-Agent: selenium/4.8.1 (java windows)
Cache-Control: no-cache
Content-Type: application/json; charset=utf-8
host: localhost:11155
accept: */*

Response DefaultHttpResponse(decodeResult: success, version: HTTP/1.1)
HTTP/1.1 200 OK
Content-Length: 94
Content-Type: application/json; charset=utf-8
cache-control: no-cache

14:31:06.071 [AsyncHttpClient-1-3] DEBUG org.asynchttpclient.netty.channel.ChannelManager - Adding key: http://localhost:11155 for channel [id: 0xc90c1430, L:/127.0.0.1:59275 - R:localhost/127.0.0.1:11155]
14:31:06.071 [main] DEBUG net.thucydides.core.steps.StepInterceptor - STARTING STEP: Afrexim_NeedHelp_Step.type_country_of_operation - Type_country_of_operation
14:31:06.077 [Forwarding findElement on session d39eb201903141e7e7f8491d69e95641 to remote] DEBUG org.asynchttpclient.netty.request.NettyRequestSender - Using pooled Channel '[id: 0xc90c1430, L:/127.0.0.1:59275 - R:localhost/127.0.0.1:11155]' for 'POST' to 'http://localhost:11155/session/d39eb201903141e7e7f8491d69e95641/element'
14:31:06.077 [Forwarding findElement on session d39eb201903141e7e7f8491d69e95641 to remote] DEBUG org.asynchttpclient.netty.request.NettyRequestSender - Using open Channel [id: 0xc90c1430, L:/127.0.0.1:59275 - R:localhost/127.0.0.1:11155] for POST '/session/d39eb201903141e7e7f8491d69e95641/element'
14:31:06.099 [AsyncHttpClient-1-3] DEBUG org.asynchttpclient.netty.handler.HttpHandler - 

Request DefaultHttpRequest(decodeResult: success, version: HTTP/1.1)
POST /session/d39eb201903141e7e7f8491d69e95641/element HTTP/1.1
User-Agent: selenium/4.8.1 (java windows)
Content-Length: 73
Content-Type: application/json; charset=utf-8
host: localhost:11155
accept: */*

Response DefaultHttpResponse(decodeResult: success, version: HTTP/1.1)
HTTP/1.1 200 OK
Content-Length: 95
Content-Type: application/json; charset=utf-8
cache-control: no-cache

14:31:06.099 [AsyncHttpClient-1-3] DEBUG org.asynchttpclient.netty.channel.ChannelManager - Adding key: http://localhost:11155 for channel [id: 0xc90c1430, L:/127.0.0.1:59275 - R:localhost/127.0.0.1:11155]
14:31:06.099 [Forwarding clearElement on session d39eb201903141e7e7f8491d69e95641 to remote] DEBUG org.asynchttpclient.netty.request.NettyRequestSender - Using pooled Channel '[id: 0xc90c1430, L:/127.0.0.1:59275 - R:localhost/127.0.0.1:11155]' for 'POST' to 'http://localhost:11155/session/d39eb201903141e7e7f8491d69e95641/element/ED30378DEB6A0E77550ECCDF515A836A_element_85/clear'
14:31:06.099 [Forwarding clearElement on session d39eb201903141e7e7f8491d69e95641 to remote] DEBUG org.asynchttpclient.netty.request.NettyRequestSender - Using open Channel [id: 0xc90c1430, L:/127.0.0.1:59275 - R:localhost/127.0.0.1:11155] for POST '/session/d39eb201903141e7e7f8491d69e95641/element/ED30378DEB6A0E77550ECCDF515A836A_element_85/clear'
14:31:06.162 [AsyncHttpClient-1-3] DEBUG org.asynchttpclient.netty.handler.HttpHandler - 

Request DefaultHttpRequest(decodeResult: success, version: HTTP/1.1)
POST /session/d39eb201903141e7e7f8491d69e95641/element/ED30378DEB6A0E77550ECCDF515A836A_element_85/clear HTTP/1.1
User-Agent: selenium/4.8.1 (java windows)
Content-Length: 57
Content-Type: application/json; charset=utf-8
host: localhost:11155
accept: */*

Response DefaultHttpResponse(decodeResult: success, version: HTTP/1.1)
HTTP/1.1 200 OK
Content-Length: 14
Content-Type: application/json; charset=utf-8
cache-control: no-cache

14:31:06.162 [AsyncHttpClient-1-3] DEBUG org.asynchttpclient.netty.channel.ChannelManager - Adding key: http://localhost:11155 for channel [id: 0xc90c1430, L:/127.0.0.1:59275 - R:localhost/127.0.0.1:11155]
14:31:06.167 [Forwarding sendKeysToElement on session d39eb201903141e7e7f8491d69e95641 to remote] DEBUG org.asynchttpclient.netty.request.NettyRequestSender - Using pooled Channel '[id: 0xc90c1430, L:/127.0.0.1:59275 - R:localhost/127.0.0.1:11155]' for 'POST' to 'http://localhost:11155/session/d39eb201903141e7e7f8491d69e95641/element/ED30378DEB6A0E77550ECCDF515A836A_element_85/value'
14:31:06.167 [Forwarding sendKeysToElement on session d39eb201903141e7e7f8491d69e95641 to remote] DEBUG org.asynchttpclient.netty.request.NettyRequestSender - Using open Channel [id: 0xc90c1430, L:/127.0.0.1:59275 - R:localhost/127.0.0.1:11155] for POST '/session/d39eb201903141e7e7f8491d69e95641/element/ED30378DEB6A0E77550ECCDF515A836A_element_85/value'
14:31:06.258 [AsyncHttpClient-1-3] DEBUG org.asynchttpclient.netty.handler.HttpHandler - 

Request DefaultHttpRequest(decodeResult: success, version: HTTP/1.1)
POST /session/d39eb201903141e7e7f8491d69e95641/element/ED30378DEB6A0E77550ECCDF515A836A_element_85/value HTTP/1.1
User-Agent: selenium/4.8.1 (java windows)
Content-Length: 208
Content-Type: application/json; charset=utf-8
host: localhost:11155
accept: */*

Response DefaultHttpResponse(decodeResult: success, version: HTTP/1.1)
HTTP/1.1 200 OK
Content-Length: 14
Content-Type: application/json; charset=utf-8
cache-control: no-cache

14:31:06.258 [AsyncHttpClient-1-3] DEBUG org.asynchttpclient.netty.channel.ChannelManager - Adding key: http://localhost:11155 for channel [id: 0xc90c1430, L:/127.0.0.1:59275 - R:localhost/127.0.0.1:11155]
14:31:06.264 [Forwarding sendKeysToElement on session d39eb201903141e7e7f8491d69e95641 to remote] DEBUG org.asynchttpclient.netty.request.NettyRequestSender - Using pooled Channel '[id: 0xc90c1430, L:/127.0.0.1:59275 - R:localhost/127.0.0.1:11155]' for 'POST' to 'http://localhost:11155/session/d39eb201903141e7e7f8491d69e95641/element/ED30378DEB6A0E77550ECCDF515A836A_element_85/value'
14:31:06.264 [Forwarding sendKeysToElement on session d39eb201903141e7e7f8491d69e95641 to remote] DEBUG org.asynchttpclient.netty.request.NettyRequestSender - Using open Channel [id: 0xc90c1430, L:/127.0.0.1:59275 - R:localhost/127.0.0.1:11155] for POST '/session/d39eb201903141e7e7f8491d69e95641/element/ED30378DEB6A0E77550ECCDF515A836A_element_85/value'
14:31:06.328 [AsyncHttpClient-1-3] DEBUG org.asynchttpclient.netty.handler.HttpHandler - 

Request DefaultHttpRequest(decodeResult: success, version: HTTP/1.1)
POST /session/d39eb201903141e7e7f8491d69e95641/element/ED30378DEB6A0E77550ECCDF515A836A_element_85/value HTTP/1.1
User-Agent: selenium/4.8.1 (java windows)
Content-Length: 102
Content-Type: application/json; charset=utf-8
host: localhost:11155
accept: */*

Response DefaultHttpResponse(decodeResult: success, version: HTTP/1.1)
HTTP/1.1 200 OK
Content-Length: 14
Content-Type: application/json; charset=utf-8
cache-control: no-cache

14:31:06.328 [AsyncHttpClient-1-3] DEBUG org.asynchttpclient.netty.channel.ChannelManager - Adding key: http://localhost:11155 for channel [id: 0xc90c1430, L:/127.0.0.1:59275 - R:localhost/127.0.0.1:11155]
14:31:06.344 [Forwarding getAlertText on session d39eb201903141e7e7f8491d69e95641 to remote] DEBUG org.asynchttpclient.netty.request.NettyRequestSender - Using pooled Channel '[id: 0xc90c1430, L:/127.0.0.1:59275 - R:localhost/127.0.0.1:11155]' for 'GET' to 'http://localhost:11155/session/d39eb201903141e7e7f8491d69e95641/alert/text'
14:31:06.344 [Forwarding getAlertText on session d39eb201903141e7e7f8491d69e95641 to remote] DEBUG org.asynchttpclient.netty.request.NettyRequestSender - Using open Channel [id: 0xc90c1430, L:/127.0.0.1:59275 - R:localhost/127.0.0.1:11155] for GET '/session/d39eb201903141e7e7f8491d69e95641/alert/text'
14:31:06.355 [AsyncHttpClient-1-3] DEBUG org.asynchttpclient.netty.handler.HttpHandler - 

Request DefaultFullHttpRequest(decodeResult: success, version: HTTP/1.1, content: EmptyByteBufBE)
GET /session/d39eb201903141e7e7f8491d69e95641/alert/text HTTP/1.1
User-Agent: selenium/4.8.1 (java windows)
Cache-Control: no-cache
Content-Type: application/json; charset=utf-8
host: localhost:11155
accept: */*

Response DefaultHttpResponse(decodeResult: success, version: HTTP/1.1)
HTTP/1.1 404 Not Found
Content-Length: 821
Content-Type: application/json; charset=utf-8
cache-control: no-cache

14:31:06.355 [AsyncHttpClient-1-3] DEBUG org.asynchttpclient.netty.channel.ChannelManager - Adding key: http://localhost:11155 for channel [id: 0xc90c1430, L:/127.0.0.1:59275 - R:localhost/127.0.0.1:11155]
14:31:06.355 [Forwarding getCurrentUrl on session d39eb201903141e7e7f8491d69e95641 to remote] DEBUG org.asynchttpclient.netty.request.NettyRequestSender - Using pooled Channel '[id: 0xc90c1430, L:/127.0.0.1:59275 - R:localhost/127.0.0.1:11155]' for 'GET' to 'http://localhost:11155/session/d39eb201903141e7e7f8491d69e95641/url'
14:31:06.355 [Forwarding getCurrentUrl on session d39eb201903141e7e7f8491d69e95641 to remote] DEBUG org.asynchttpclient.netty.request.NettyRequestSender - Using open Channel [id: 0xc90c1430, L:/127.0.0.1:59275 - R:localhost/127.0.0.1:11155] for GET '/session/d39eb201903141e7e7f8491d69e95641/url'
14:31:06.371 [AsyncHttpClient-1-3] DEBUG org.asynchttpclient.netty.handler.HttpHandler - 

Request DefaultFullHttpRequest(decodeResult: success, version: HTTP/1.1, content: EmptyByteBufBE)
GET /session/d39eb201903141e7e7f8491d69e95641/url HTTP/1.1
User-Agent: selenium/4.8.1 (java windows)
Cache-Control: no-cache
Content-Type: application/json; charset=utf-8
host: localhost:11155
accept: */*

Response DefaultHttpResponse(decodeResult: success, version: HTTP/1.1)
HTTP/1.1 200 OK
Content-Length: 94
Content-Type: application/json; charset=utf-8
cache-control: no-cache

14:31:06.371 [AsyncHttpClient-1-3] DEBUG org.asynchttpclient.netty.channel.ChannelManager - Adding key: http://localhost:11155 for channel [id: 0xc90c1430, L:/127.0.0.1:59275 - R:localhost/127.0.0.1:11155]
14:31:06.376 [Forwarding screenshot on session d39eb201903141e7e7f8491d69e95641 to remote] DEBUG org.asynchttpclient.netty.request.NettyRequestSender - Using pooled Channel '[id: 0xc90c1430, L:/127.0.0.1:59275 - R:localhost/127.0.0.1:11155]' for 'GET' to 'http://localhost:11155/session/d39eb201903141e7e7f8491d69e95641/screenshot'
14:31:06.376 [Forwarding screenshot on session d39eb201903141e7e7f8491d69e95641 to remote] DEBUG org.asynchttpclient.netty.request.NettyRequestSender - Using open Channel [id: 0xc90c1430, L:/127.0.0.1:59275 - R:localhost/127.0.0.1:11155] for GET '/session/d39eb201903141e7e7f8491d69e95641/screenshot'
14:31:06.594 [AsyncHttpClient-1-3] DEBUG org.asynchttpclient.netty.handler.HttpHandler - 

Request DefaultFullHttpRequest(decodeResult: success, version: HTTP/1.1, content: EmptyByteBufBE)
GET /session/d39eb201903141e7e7f8491d69e95641/screenshot HTTP/1.1
User-Agent: selenium/4.8.1 (java windows)
Cache-Control: no-cache
Content-Type: application/json; charset=utf-8
host: localhost:11155
accept: */*

Response DefaultHttpResponse(decodeResult: success, version: HTTP/1.1)
HTTP/1.1 200 OK
Content-Length: 128996
Content-Type: application/json; charset=utf-8
cache-control: no-cache

14:31:06.594 [AsyncHttpClient-1-3] DEBUG org.asynchttpclient.netty.channel.ChannelManager - Adding key: http://localhost:11155 for channel [id: 0xc90c1430, L:/127.0.0.1:59275 - R:localhost/127.0.0.1:11155]
14:31:06.600 [main] DEBUG net.serenitybdd.core.photography.Darkroom - Send negative for processing for target\site\serenity\7a42712798090d25cc3770dbe24e08e2a498c6717953105c2e3aa240caa12269.png
14:31:06.600 [main] DEBUG net.thucydides.core.steps.StepInterceptor - STEP DONE: Type_country_of_operation
14:31:06.600 [Darkroom Processing Line] DEBUG net.serenitybdd.core.photography.DarkroomProcessingLine - Processing screenshot image in /var/screenshots/screenshot-5985760273268087040
14:31:06.600 [Darkroom Processing Line] DEBUG net.serenitybdd.core.photography.DarkroomProcessingLine - Saving screenshot to target\site\serenity\7a42712798090d25cc3770dbe24e08e2a498c6717953105c2e3aa240caa12269.png
14:31:06.615 [Forwarding getPageSource on session d39eb201903141e7e7f8491d69e95641 to remote] DEBUG org.asynchttpclient.netty.request.NettyRequestSender - Using pooled Channel '[id: 0xc90c1430, L:/127.0.0.1:59275 - R:localhost/127.0.0.1:11155]' for 'POST' to 'http://localhost:11155/session/d39eb201903141e7e7f8491d69e95641/execute/sync'
14:31:06.615 [Forwarding getPageSource on session d39eb201903141e7e7f8491d69e95641 to remote] DEBUG org.asynchttpclient.netty.request.NettyRequestSender - Using open Channel [id: 0xc90c1430, L:/127.0.0.1:59275 - R:localhost/127.0.0.1:11155] for POST '/session/d39eb201903141e7e7f8491d69e95641/execute/sync'
14:31:06.632 [AsyncHttpClient-1-3] DEBUG org.asynchttpclient.netty.handler.HttpHandler - 

Request DefaultHttpRequest(decodeResult: success, version: HTTP/1.1)
POST /session/d39eb201903141e7e7f8491d69e95641/execute/sync HTTP/1.1
User-Agent: selenium/4.8.1 (java windows)
Content-Length: 176
Content-Type: application/json; charset=utf-8
host: localhost:11155
accept: */*

Response DefaultHttpResponse(decodeResult: success, version: HTTP/1.1)
HTTP/1.1 200 OK
Content-Length: 104504
Content-Type: application/json; charset=utf-8
cache-control: no-cache

14:31:06.632 [AsyncHttpClient-1-3] DEBUG org.asynchttpclient.netty.channel.ChannelManager - Adding key: http://localhost:11155 for channel [id: 0xc90c1430, L:/127.0.0.1:59275 - R:localhost/127.0.0.1:11155]
14:31:06.643 [Forwarding getCurrentUrl on session d39eb201903141e7e7f8491d69e95641 to remote] DEBUG org.asynchttpclient.netty.request.NettyRequestSender - Using pooled Channel '[id: 0xc90c1430, L:/127.0.0.1:59275 - R:localhost/127.0.0.1:11155]' for 'GET' to 'http://localhost:11155/session/d39eb201903141e7e7f8491d69e95641/url'
14:31:06.643 [Forwarding getCurrentUrl on session d39eb201903141e7e7f8491d69e95641 to remote] DEBUG org.asynchttpclient.netty.request.NettyRequestSender - Using open Channel [id: 0xc90c1430, L:/127.0.0.1:59275 - R:localhost/127.0.0.1:11155] for GET '/session/d39eb201903141e7e7f8491d69e95641/url'
14:31:06.653 [AsyncHttpClient-1-3] DEBUG org.asynchttpclient.netty.handler.HttpHandler - 

Request DefaultFullHttpRequest(decodeResult: success, version: HTTP/1.1, content: EmptyByteBufBE)
GET /session/d39eb201903141e7e7f8491d69e95641/url HTTP/1.1
User-Agent: selenium/4.8.1 (java windows)
Cache-Control: no-cache
Content-Type: application/json; charset=utf-8
host: localhost:11155
accept: */*

Response DefaultHttpResponse(decodeResult: success, version: HTTP/1.1)
HTTP/1.1 200 OK
Content-Length: 94
Content-Type: application/json; charset=utf-8
cache-control: no-cache

14:31:06.653 [AsyncHttpClient-1-3] DEBUG org.asynchttpclient.netty.channel.ChannelManager - Adding key: http://localhost:11155 for channel [id: 0xc90c1430, L:/127.0.0.1:59275 - R:localhost/127.0.0.1:11155]
14:31:06.669 [Forwarding getAlertText on session d39eb201903141e7e7f8491d69e95641 to remote] DEBUG org.asynchttpclient.netty.request.NettyRequestSender - Using pooled Channel '[id: 0xc90c1430, L:/127.0.0.1:59275 - R:localhost/127.0.0.1:11155]' for 'GET' to 'http://localhost:11155/session/d39eb201903141e7e7f8491d69e95641/alert/text'
14:31:06.669 [Forwarding getAlertText on session d39eb201903141e7e7f8491d69e95641 to remote] DEBUG org.asynchttpclient.netty.request.NettyRequestSender - Using open Channel [id: 0xc90c1430, L:/127.0.0.1:59275 - R:localhost/127.0.0.1:11155] for GET '/session/d39eb201903141e7e7f8491d69e95641/alert/text'
14:31:06.669 [AsyncHttpClient-1-3] DEBUG org.asynchttpclient.netty.handler.HttpHandler - 

Request DefaultFullHttpRequest(decodeResult: success, version: HTTP/1.1, content: EmptyByteBufBE)
GET /session/d39eb201903141e7e7f8491d69e95641/alert/text HTTP/1.1
User-Agent: selenium/4.8.1 (java windows)
Cache-Control: no-cache
Content-Type: application/json; charset=utf-8
host: localhost:11155
accept: */*

Response DefaultHttpResponse(decodeResult: success, version: HTTP/1.1)
HTTP/1.1 404 Not Found
Content-Length: 821
Content-Type: application/json; charset=utf-8
cache-control: no-cache

14:31:06.669 [AsyncHttpClient-1-3] DEBUG org.asynchttpclient.netty.channel.ChannelManager - Adding key: http://localhost:11155 for channel [id: 0xc90c1430, L:/127.0.0.1:59275 - R:localhost/127.0.0.1:11155]
14:31:06.674 [Forwarding getCurrentUrl on session d39eb201903141e7e7f8491d69e95641 to remote] DEBUG org.asynchttpclient.netty.request.NettyRequestSender - Using pooled Channel '[id: 0xc90c1430, L:/127.0.0.1:59275 - R:localhost/127.0.0.1:11155]' for 'GET' to 'http://localhost:11155/session/d39eb201903141e7e7f8491d69e95641/url'
14:31:06.674 [Forwarding getCurrentUrl on session d39eb201903141e7e7f8491d69e95641 to remote] DEBUG org.asynchttpclient.netty.request.NettyRequestSender - Using open Channel [id: 0xc90c1430, L:/127.0.0.1:59275 - R:localhost/127.0.0.1:11155] for GET '/session/d39eb201903141e7e7f8491d69e95641/url'
14:31:06.685 [AsyncHttpClient-1-3] DEBUG org.asynchttpclient.netty.handler.HttpHandler - 

Request DefaultFullHttpRequest(decodeResult: success, version: HTTP/1.1, content: EmptyByteBufBE)
GET /session/d39eb201903141e7e7f8491d69e95641/url HTTP/1.1
User-Agent: selenium/4.8.1 (java windows)
Cache-Control: no-cache
Content-Type: application/json; charset=utf-8
host: localhost:11155
accept: */*

Response DefaultHttpResponse(decodeResult: success, version: HTTP/1.1)
HTTP/1.1 200 OK
Content-Length: 94
Content-Type: application/json; charset=utf-8
cache-control: no-cache

14:31:06.685 [AsyncHttpClient-1-3] DEBUG org.asynchttpclient.netty.channel.ChannelManager - Adding key: http://localhost:11155 for channel [id: 0xc90c1430, L:/127.0.0.1:59275 - R:localhost/127.0.0.1:11155]
14:31:06.685 [Forwarding screenshot on session d39eb201903141e7e7f8491d69e95641 to remote] DEBUG org.asynchttpclient.netty.request.NettyRequestSender - Using pooled Channel '[id: 0xc90c1430, L:/127.0.0.1:59275 - R:localhost/127.0.0.1:11155]' for 'GET' to 'http://localhost:11155/session/d39eb201903141e7e7f8491d69e95641/screenshot'
14:31:06.685 [Forwarding screenshot on session d39eb201903141e7e7f8491d69e95641 to remote] DEBUG org.asynchttpclient.netty.request.NettyRequestSender - Using open Channel [id: 0xc90c1430, L:/127.0.0.1:59275 - R:localhost/127.0.0.1:11155] for GET '/session/d39eb201903141e7e7f8491d69e95641/screenshot'
14:31:06.690 [AsyncHttpClient-1-1] DEBUG org.asynchttpclient.netty.channel.DefaultChannelPool - Entry count for : http://localhost:59276 : 1
14:31:06.909 [AsyncHttpClient-1-3] DEBUG org.asynchttpclient.netty.handler.HttpHandler - 

Request DefaultFullHttpRequest(decodeResult: success, version: HTTP/1.1, content: EmptyByteBufBE)
GET /session/d39eb201903141e7e7f8491d69e95641/screenshot HTTP/1.1
User-Agent: selenium/4.8.1 (java windows)
Cache-Control: no-cache
Content-Type: application/json; charset=utf-8
host: localhost:11155
accept: */*

Response DefaultHttpResponse(decodeResult: success, version: HTTP/1.1)
HTTP/1.1 200 OK
Content-Length: 129040
Content-Type: application/json; charset=utf-8
cache-control: no-cache

14:31:06.909 [AsyncHttpClient-1-3] DEBUG org.asynchttpclient.netty.channel.ChannelManager - Adding key: http://localhost:11155 for channel [id: 0xc90c1430, L:/127.0.0.1:59275 - R:localhost/127.0.0.1:11155]
14:31:06.920 [main] DEBUG net.serenitybdd.core.photography.Darkroom - Send negative for processing for target\site\serenity\75068deb6b203c755fb77f1d9af592ec426e1ff3aea19ade240c2e7f7146417b.png
14:31:06.920 [Darkroom Processing Line] DEBUG net.serenitybdd.core.photography.DarkroomProcessingLine - Processing screenshot image in /var/screenshots/screenshot-3734505640694444555
14:31:06.920 [Darkroom Processing Line] DEBUG net.serenitybdd.core.photography.DarkroomProcessingLine - Saving screenshot to target\site\serenity\75068deb6b203c755fb77f1d9af592ec426e1ff3aea19ade240c2e7f7146417b.png
14:31:06.924 [Forwarding getPageSource on session d39eb201903141e7e7f8491d69e95641 to remote] DEBUG org.asynchttpclient.netty.request.NettyRequestSender - Using pooled Channel '[id: 0xc90c1430, L:/127.0.0.1:59275 - R:localhost/127.0.0.1:11155]' for 'POST' to 'http://localhost:11155/session/d39eb201903141e7e7f8491d69e95641/execute/sync'
14:31:06.924 [Forwarding getPageSource on session d39eb201903141e7e7f8491d69e95641 to remote] DEBUG org.asynchttpclient.netty.request.NettyRequestSender - Using open Channel [id: 0xc90c1430, L:/127.0.0.1:59275 - R:localhost/127.0.0.1:11155] for POST '/session/d39eb201903141e7e7f8491d69e95641/execute/sync'
14:31:06.941 [AsyncHttpClient-1-3] DEBUG org.asynchttpclient.netty.handler.HttpHandler - 

Request DefaultHttpRequest(decodeResult: success, version: HTTP/1.1)
POST /session/d39eb201903141e7e7f8491d69e95641/execute/sync HTTP/1.1
User-Agent: selenium/4.8.1 (java windows)
Content-Length: 176
Content-Type: application/json; charset=utf-8
host: localhost:11155
accept: */*

Response DefaultHttpResponse(decodeResult: success, version: HTTP/1.1)
HTTP/1.1 200 OK
Content-Length: 104504
Content-Type: application/json; charset=utf-8
cache-control: no-cache

14:31:06.941 [AsyncHttpClient-1-3] DEBUG org.asynchttpclient.netty.channel.ChannelManager - Adding key: http://localhost:11155 for channel [id: 0xc90c1430, L:/127.0.0.1:59275 - R:localhost/127.0.0.1:11155]
14:31:06.962 [Forwarding getCurrentUrl on session d39eb201903141e7e7f8491d69e95641 to remote] DEBUG org.asynchttpclient.netty.request.NettyRequestSender - Using pooled Channel '[id: 0xc90c1430, L:/127.0.0.1:59275 - R:localhost/127.0.0.1:11155]' for 'GET' to 'http://localhost:11155/session/d39eb201903141e7e7f8491d69e95641/url'
14:31:06.962 [Forwarding getCurrentUrl on session d39eb201903141e7e7f8491d69e95641 to remote] DEBUG org.asynchttpclient.netty.request.NettyRequestSender - Using open Channel [id: 0xc90c1430, L:/127.0.0.1:59275 - R:localhost/127.0.0.1:11155] for GET '/session/d39eb201903141e7e7f8491d69e95641/url'
14:31:06.973 [AsyncHttpClient-1-3] DEBUG org.asynchttpclient.netty.handler.HttpHandler - 

Request DefaultFullHttpRequest(decodeResult: success, version: HTTP/1.1, content: EmptyByteBufBE)
GET /session/d39eb201903141e7e7f8491d69e95641/url HTTP/1.1
User-Agent: selenium/4.8.1 (java windows)
Cache-Control: no-cache
Content-Type: application/json; charset=utf-8
host: localhost:11155
accept: */*

Response DefaultHttpResponse(decodeResult: success, version: HTTP/1.1)
HTTP/1.1 200 OK
Content-Length: 94
Content-Type: application/json; charset=utf-8
cache-control: no-cache

14:31:06.973 [AsyncHttpClient-1-3] DEBUG org.asynchttpclient.netty.channel.ChannelManager - Adding key: http://localhost:11155 for channel [id: 0xc90c1430, L:/127.0.0.1:59275 - R:localhost/127.0.0.1:11155]
14:31:06.978 [main] DEBUG net.thucydides.core.steps.StepInterceptor - STARTING STEP: Afrexim_NeedHelp_Step.type_email - Type_email
14:31:06.984 [Forwarding findElement on session d39eb201903141e7e7f8491d69e95641 to remote] DEBUG org.asynchttpclient.netty.request.NettyRequestSender - Using pooled Channel '[id: 0xc90c1430, L:/127.0.0.1:59275 - R:localhost/127.0.0.1:11155]' for 'POST' to 'http://localhost:11155/session/d39eb201903141e7e7f8491d69e95641/element'
14:31:06.984 [Forwarding findElement on session d39eb201903141e7e7f8491d69e95641 to remote] DEBUG org.asynchttpclient.netty.request.NettyRequestSender - Using open Channel [id: 0xc90c1430, L:/127.0.0.1:59275 - R:localhost/127.0.0.1:11155] for POST '/session/d39eb201903141e7e7f8491d69e95641/element'
14:31:07.008 [AsyncHttpClient-1-3] DEBUG org.asynchttpclient.netty.handler.HttpHandler - 

Request DefaultHttpRequest(decodeResult: success, version: HTTP/1.1)
POST /session/d39eb201903141e7e7f8491d69e95641/element HTTP/1.1
User-Agent: selenium/4.8.1 (java windows)
Content-Length: 73
Content-Type: application/json; charset=utf-8
host: localhost:11155
accept: */*

Response DefaultHttpResponse(decodeResult: success, version: HTTP/1.1)
HTTP/1.1 200 OK
Content-Length: 95
Content-Type: application/json; charset=utf-8
cache-control: no-cache

14:31:07.008 [AsyncHttpClient-1-3] DEBUG org.asynchttpclient.netty.channel.ChannelManager - Adding key: http://localhost:11155 for channel [id: 0xc90c1430, L:/127.0.0.1:59275 - R:localhost/127.0.0.1:11155]
14:31:07.008 [Forwarding clearElement on session d39eb201903141e7e7f8491d69e95641 to remote] DEBUG org.asynchttpclient.netty.request.NettyRequestSender - Using pooled Channel '[id: 0xc90c1430, L:/127.0.0.1:59275 - R:localhost/127.0.0.1:11155]' for 'POST' to 'http://localhost:11155/session/d39eb201903141e7e7f8491d69e95641/element/ED30378DEB6A0E77550ECCDF515A836A_element_86/clear'
14:31:07.008 [Forwarding clearElement on session d39eb201903141e7e7f8491d69e95641 to remote] DEBUG org.asynchttpclient.netty.request.NettyRequestSender - Using open Channel [id: 0xc90c1430, L:/127.0.0.1:59275 - R:localhost/127.0.0.1:11155] for POST '/session/d39eb201903141e7e7f8491d69e95641/element/ED30378DEB6A0E77550ECCDF515A836A_element_86/clear'
14:31:07.070 [AsyncHttpClient-1-3] DEBUG org.asynchttpclient.netty.handler.HttpHandler - 

Request DefaultHttpRequest(decodeResult: success, version: HTTP/1.1)
POST /session/d39eb201903141e7e7f8491d69e95641/element/ED30378DEB6A0E77550ECCDF515A836A_element_86/clear HTTP/1.1
User-Agent: selenium/4.8.1 (java windows)
Content-Length: 57
Content-Type: application/json; charset=utf-8
host: localhost:11155
accept: */*

Response DefaultHttpResponse(decodeResult: success, version: HTTP/1.1)
HTTP/1.1 200 OK
Content-Length: 14
Content-Type: application/json; charset=utf-8
cache-control: no-cache

14:31:07.070 [AsyncHttpClient-1-3] DEBUG org.asynchttpclient.netty.channel.ChannelManager - Adding key: http://localhost:11155 for channel [id: 0xc90c1430, L:/127.0.0.1:59275 - R:localhost/127.0.0.1:11155]
14:31:07.070 [Forwarding sendKeysToElement on session d39eb201903141e7e7f8491d69e95641 to remote] DEBUG org.asynchttpclient.netty.request.NettyRequestSender - Using pooled Channel '[id: 0xc90c1430, L:/127.0.0.1:59275 - R:localhost/127.0.0.1:11155]' for 'POST' to 'http://localhost:11155/session/d39eb201903141e7e7f8491d69e95641/element/ED30378DEB6A0E77550ECCDF515A836A_element_86/value'
14:31:07.070 [Forwarding sendKeysToElement on session d39eb201903141e7e7f8491d69e95641 to remote] DEBUG org.asynchttpclient.netty.request.NettyRequestSender - Using open Channel [id: 0xc90c1430, L:/127.0.0.1:59275 - R:localhost/127.0.0.1:11155] for POST '/session/d39eb201903141e7e7f8491d69e95641/element/ED30378DEB6A0E77550ECCDF515A836A_element_86/value'
14:31:07.205 [AsyncHttpClient-1-3] DEBUG org.asynchttpclient.netty.handler.HttpHandler - 

Request DefaultHttpRequest(decodeResult: success, version: HTTP/1.1)
POST /session/d39eb201903141e7e7f8491d69e95641/element/ED30378DEB6A0E77550ECCDF515A836A_element_86/value HTTP/1.1
User-Agent: selenium/4.8.1 (java windows)
Content-Length: 228
Content-Type: application/json; charset=utf-8
host: localhost:11155
accept: */*

Response DefaultHttpResponse(decodeResult: success, version: HTTP/1.1)
HTTP/1.1 200 OK
Content-Length: 14
Content-Type: application/json; charset=utf-8
cache-control: no-cache

14:31:07.205 [AsyncHttpClient-1-3] DEBUG org.asynchttpclient.netty.channel.ChannelManager - Adding key: http://localhost:11155 for channel [id: 0xc90c1430, L:/127.0.0.1:59275 - R:localhost/127.0.0.1:11155]
14:31:07.208 [Forwarding sendKeysToElement on session d39eb201903141e7e7f8491d69e95641 to remote] DEBUG org.asynchttpclient.netty.request.NettyRequestSender - Using pooled Channel '[id: 0xc90c1430, L:/127.0.0.1:59275 - R:localhost/127.0.0.1:11155]' for 'POST' to 'http://localhost:11155/session/d39eb201903141e7e7f8491d69e95641/element/ED30378DEB6A0E77550ECCDF515A836A_element_86/value'
14:31:07.208 [Forwarding sendKeysToElement on session d39eb201903141e7e7f8491d69e95641 to remote] DEBUG org.asynchttpclient.netty.request.NettyRequestSender - Using open Channel [id: 0xc90c1430, L:/127.0.0.1:59275 - R:localhost/127.0.0.1:11155] for POST '/session/d39eb201903141e7e7f8491d69e95641/element/ED30378DEB6A0E77550ECCDF515A836A_element_86/value'
14:31:07.275 [AsyncHttpClient-1-3] DEBUG org.asynchttpclient.netty.handler.HttpHandler - 

Request DefaultHttpRequest(decodeResult: success, version: HTTP/1.1)
POST /session/d39eb201903141e7e7f8491d69e95641/element/ED30378DEB6A0E77550ECCDF515A836A_element_86/value HTTP/1.1
User-Agent: selenium/4.8.1 (java windows)
Content-Length: 102
Content-Type: application/json; charset=utf-8
host: localhost:11155
accept: */*

Response DefaultHttpResponse(decodeResult: success, version: HTTP/1.1)
HTTP/1.1 200 OK
Content-Length: 14
Content-Type: application/json; charset=utf-8
cache-control: no-cache

14:31:07.275 [AsyncHttpClient-1-3] DEBUG org.asynchttpclient.netty.channel.ChannelManager - Adding key: http://localhost:11155 for channel [id: 0xc90c1430, L:/127.0.0.1:59275 - R:localhost/127.0.0.1:11155]
14:31:07.298 [Forwarding getAlertText on session d39eb201903141e7e7f8491d69e95641 to remote] DEBUG org.asynchttpclient.netty.request.NettyRequestSender - Using pooled Channel '[id: 0xc90c1430, L:/127.0.0.1:59275 - R:localhost/127.0.0.1:11155]' for 'GET' to 'http://localhost:11155/session/d39eb201903141e7e7f8491d69e95641/alert/text'
14:31:07.298 [Forwarding getAlertText on session d39eb201903141e7e7f8491d69e95641 to remote] DEBUG org.asynchttpclient.netty.request.NettyRequestSender - Using open Channel [id: 0xc90c1430, L:/127.0.0.1:59275 - R:localhost/127.0.0.1:11155] for GET '/session/d39eb201903141e7e7f8491d69e95641/alert/text'
14:31:07.314 [AsyncHttpClient-1-3] DEBUG org.asynchttpclient.netty.handler.HttpHandler - 

Request DefaultFullHttpRequest(decodeResult: success, version: HTTP/1.1, content: EmptyByteBufBE)
GET /session/d39eb201903141e7e7f8491d69e95641/alert/text HTTP/1.1
User-Agent: selenium/4.8.1 (java windows)
Cache-Control: no-cache
Content-Type: application/json; charset=utf-8
host: localhost:11155
accept: */*

Response DefaultHttpResponse(decodeResult: success, version: HTTP/1.1)
HTTP/1.1 404 Not Found
Content-Length: 821
Content-Type: application/json; charset=utf-8
cache-control: no-cache

14:31:07.315 [AsyncHttpClient-1-3] DEBUG org.asynchttpclient.netty.channel.ChannelManager - Adding key: http://localhost:11155 for channel [id: 0xc90c1430, L:/127.0.0.1:59275 - R:localhost/127.0.0.1:11155]
14:31:07.317 [Forwarding getCurrentUrl on session d39eb201903141e7e7f8491d69e95641 to remote] DEBUG org.asynchttpclient.netty.request.NettyRequestSender - Using pooled Channel '[id: 0xc90c1430, L:/127.0.0.1:59275 - R:localhost/127.0.0.1:11155]' for 'GET' to 'http://localhost:11155/session/d39eb201903141e7e7f8491d69e95641/url'
14:31:07.317 [Forwarding getCurrentUrl on session d39eb201903141e7e7f8491d69e95641 to remote] DEBUG org.asynchttpclient.netty.request.NettyRequestSender - Using open Channel [id: 0xc90c1430, L:/127.0.0.1:59275 - R:localhost/127.0.0.1:11155] for GET '/session/d39eb201903141e7e7f8491d69e95641/url'
14:31:07.368 [AsyncHttpClient-1-3] DEBUG org.asynchttpclient.netty.handler.HttpHandler - 

Request DefaultFullHttpRequest(decodeResult: success, version: HTTP/1.1, content: EmptyByteBufBE)
GET /session/d39eb201903141e7e7f8491d69e95641/url HTTP/1.1
User-Agent: selenium/4.8.1 (java windows)
Cache-Control: no-cache
Content-Type: application/json; charset=utf-8
host: localhost:11155
accept: */*

Response DefaultHttpResponse(decodeResult: success, version: HTTP/1.1)
HTTP/1.1 200 OK
Content-Length: 94
Content-Type: application/json; charset=utf-8
cache-control: no-cache

14:31:07.368 [AsyncHttpClient-1-3] DEBUG org.asynchttpclient.netty.channel.ChannelManager - Adding key: http://localhost:11155 for channel [id: 0xc90c1430, L:/127.0.0.1:59275 - R:localhost/127.0.0.1:11155]
14:31:07.368 [Forwarding screenshot on session d39eb201903141e7e7f8491d69e95641 to remote] DEBUG org.asynchttpclient.netty.request.NettyRequestSender - Using pooled Channel '[id: 0xc90c1430, L:/127.0.0.1:59275 - R:localhost/127.0.0.1:11155]' for 'GET' to 'http://localhost:11155/session/d39eb201903141e7e7f8491d69e95641/screenshot'
14:31:07.368 [Forwarding screenshot on session d39eb201903141e7e7f8491d69e95641 to remote] DEBUG org.asynchttpclient.netty.request.NettyRequestSender - Using open Channel [id: 0xc90c1430, L:/127.0.0.1:59275 - R:localhost/127.0.0.1:11155] for GET '/session/d39eb201903141e7e7f8491d69e95641/screenshot'
14:31:07.672 [AsyncHttpClient-1-3] DEBUG org.asynchttpclient.netty.handler.HttpHandler - 

Request DefaultFullHttpRequest(decodeResult: success, version: HTTP/1.1, content: EmptyByteBufBE)
GET /session/d39eb201903141e7e7f8491d69e95641/screenshot HTTP/1.1
User-Agent: selenium/4.8.1 (java windows)
Cache-Control: no-cache
Content-Type: application/json; charset=utf-8
host: localhost:11155
accept: */*

Response DefaultHttpResponse(decodeResult: success, version: HTTP/1.1)
HTTP/1.1 200 OK
Content-Length: 133016
Content-Type: application/json; charset=utf-8
cache-control: no-cache

14:31:07.672 [AsyncHttpClient-1-3] DEBUG org.asynchttpclient.netty.channel.ChannelManager - Adding key: http://localhost:11155 for channel [id: 0xc90c1430, L:/127.0.0.1:59275 - R:localhost/127.0.0.1:11155]
14:31:07.688 [main] DEBUG net.serenitybdd.core.photography.Darkroom - Send negative for processing for target\site\serenity\439a76b03a408c86c834681c997c97190c836c40433066c33f863d7b3aeea1a8.png
14:31:07.688 [main] DEBUG net.thucydides.core.steps.StepInterceptor - STEP DONE: Type_email
14:31:07.688 [Darkroom Processing Line] DEBUG net.serenitybdd.core.photography.DarkroomProcessingLine - Processing screenshot image in /var/screenshots/screenshot-3552535461905837252
14:31:07.688 [Darkroom Processing Line] DEBUG net.serenitybdd.core.photography.DarkroomProcessingLine - Saving screenshot to target\site\serenity\439a76b03a408c86c834681c997c97190c836c40433066c33f863d7b3aeea1a8.png
14:31:07.714 [Forwarding getPageSource on session d39eb201903141e7e7f8491d69e95641 to remote] DEBUG org.asynchttpclient.netty.request.NettyRequestSender - Using pooled Channel '[id: 0xc90c1430, L:/127.0.0.1:59275 - R:localhost/127.0.0.1:11155]' for 'POST' to 'http://localhost:11155/session/d39eb201903141e7e7f8491d69e95641/execute/sync'
14:31:07.714 [Forwarding getPageSource on session d39eb201903141e7e7f8491d69e95641 to remote] DEBUG org.asynchttpclient.netty.request.NettyRequestSender - Using open Channel [id: 0xc90c1430, L:/127.0.0.1:59275 - R:localhost/127.0.0.1:11155] for POST '/session/d39eb201903141e7e7f8491d69e95641/execute/sync'
14:31:07.741 [AsyncHttpClient-1-3] DEBUG org.asynchttpclient.netty.handler.HttpHandler - 

Request DefaultHttpRequest(decodeResult: success, version: HTTP/1.1)
POST /session/d39eb201903141e7e7f8491d69e95641/execute/sync HTTP/1.1
User-Agent: selenium/4.8.1 (java windows)
Content-Length: 176
Content-Type: application/json; charset=utf-8
host: localhost:11155
accept: */*

Response DefaultHttpResponse(decodeResult: success, version: HTTP/1.1)
HTTP/1.1 200 OK
Content-Length: 104504
Content-Type: application/json; charset=utf-8
cache-control: no-cache

14:31:07.741 [AsyncHttpClient-1-3] DEBUG org.asynchttpclient.netty.channel.ChannelManager - Adding key: http://localhost:11155 for channel [id: 0xc90c1430, L:/127.0.0.1:59275 - R:localhost/127.0.0.1:11155]
14:31:07.752 [Forwarding getCurrentUrl on session d39eb201903141e7e7f8491d69e95641 to remote] DEBUG org.asynchttpclient.netty.request.NettyRequestSender - Using pooled Channel '[id: 0xc90c1430, L:/127.0.0.1:59275 - R:localhost/127.0.0.1:11155]' for 'GET' to 'http://localhost:11155/session/d39eb201903141e7e7f8491d69e95641/url'
14:31:07.752 [Forwarding getCurrentUrl on session d39eb201903141e7e7f8491d69e95641 to remote] DEBUG org.asynchttpclient.netty.request.NettyRequestSender - Using open Channel [id: 0xc90c1430, L:/127.0.0.1:59275 - R:localhost/127.0.0.1:11155] for GET '/session/d39eb201903141e7e7f8491d69e95641/url'
14:31:07.767 [AsyncHttpClient-1-3] DEBUG org.asynchttpclient.netty.handler.HttpHandler - 

Request DefaultFullHttpRequest(decodeResult: success, version: HTTP/1.1, content: EmptyByteBufBE)
GET /session/d39eb201903141e7e7f8491d69e95641/url HTTP/1.1
User-Agent: selenium/4.8.1 (java windows)
Cache-Control: no-cache
Content-Type: application/json; charset=utf-8
host: localhost:11155
accept: */*

Response DefaultHttpResponse(decodeResult: success, version: HTTP/1.1)
HTTP/1.1 200 OK
Content-Length: 94
Content-Type: application/json; charset=utf-8
cache-control: no-cache

14:31:07.767 [AsyncHttpClient-1-3] DEBUG org.asynchttpclient.netty.channel.ChannelManager - Adding key: http://localhost:11155 for channel [id: 0xc90c1430, L:/127.0.0.1:59275 - R:localhost/127.0.0.1:11155]
14:31:07.784 [Forwarding getAlertText on session d39eb201903141e7e7f8491d69e95641 to remote] DEBUG org.asynchttpclient.netty.request.NettyRequestSender - Using pooled Channel '[id: 0xc90c1430, L:/127.0.0.1:59275 - R:localhost/127.0.0.1:11155]' for 'GET' to 'http://localhost:11155/session/d39eb201903141e7e7f8491d69e95641/alert/text'
14:31:07.784 [Forwarding getAlertText on session d39eb201903141e7e7f8491d69e95641 to remote] DEBUG org.asynchttpclient.netty.request.NettyRequestSender - Using open Channel [id: 0xc90c1430, L:/127.0.0.1:59275 - R:localhost/127.0.0.1:11155] for GET '/session/d39eb201903141e7e7f8491d69e95641/alert/text'
14:31:07.784 [AsyncHttpClient-1-3] DEBUG org.asynchttpclient.netty.handler.HttpHandler - 

Request DefaultFullHttpRequest(decodeResult: success, version: HTTP/1.1, content: EmptyByteBufBE)
GET /session/d39eb201903141e7e7f8491d69e95641/alert/text HTTP/1.1
User-Agent: selenium/4.8.1 (java windows)
Cache-Control: no-cache
Content-Type: application/json; charset=utf-8
host: localhost:11155
accept: */*

Response DefaultHttpResponse(decodeResult: success, version: HTTP/1.1)
HTTP/1.1 404 Not Found
Content-Length: 821
Content-Type: application/json; charset=utf-8
cache-control: no-cache

14:31:07.784 [AsyncHttpClient-1-3] DEBUG org.asynchttpclient.netty.channel.ChannelManager - Adding key: http://localhost:11155 for channel [id: 0xc90c1430, L:/127.0.0.1:59275 - R:localhost/127.0.0.1:11155]
14:31:07.799 [AsyncHttpClient-1-1] DEBUG org.asynchttpclient.netty.channel.DefaultChannelPool - Entry count for : http://localhost:11155 : 1
14:31:07.799 [AsyncHttpClient-1-1] DEBUG org.asynchttpclient.netty.channel.DefaultChannelPool - Entry count for : http://localhost:59276 : 1
14:31:08.287 [Forwarding getAlertText on session d39eb201903141e7e7f8491d69e95641 to remote] DEBUG org.asynchttpclient.netty.request.NettyRequestSender - Using pooled Channel '[id: 0xc90c1430, L:/127.0.0.1:59275 - R:localhost/127.0.0.1:11155]' for 'GET' to 'http://localhost:11155/session/d39eb201903141e7e7f8491d69e95641/alert/text'
14:31:08.287 [Forwarding getAlertText on session d39eb201903141e7e7f8491d69e95641 to remote] DEBUG org.asynchttpclient.netty.request.NettyRequestSender - Using open Channel [id: 0xc90c1430, L:/127.0.0.1:59275 - R:localhost/127.0.0.1:11155] for GET '/session/d39eb201903141e7e7f8491d69e95641/alert/text'
14:31:08.287 [AsyncHttpClient-1-3] DEBUG org.asynchttpclient.netty.handler.HttpHandler - 

Request DefaultFullHttpRequest(decodeResult: success, version: HTTP/1.1, content: EmptyByteBufBE)
GET /session/d39eb201903141e7e7f8491d69e95641/alert/text HTTP/1.1
User-Agent: selenium/4.8.1 (java windows)
Cache-Control: no-cache
Content-Type: application/json; charset=utf-8
host: localhost:11155
accept: */*

Response DefaultHttpResponse(decodeResult: success, version: HTTP/1.1)
HTTP/1.1 404 Not Found
Content-Length: 821
Content-Type: application/json; charset=utf-8
cache-control: no-cache

14:31:08.287 [AsyncHttpClient-1-3] DEBUG org.asynchttpclient.netty.channel.ChannelManager - Adding key: http://localhost:11155 for channel [id: 0xc90c1430, L:/127.0.0.1:59275 - R:localhost/127.0.0.1:11155]
14:31:08.287 [Forwarding getCurrentUrl on session d39eb201903141e7e7f8491d69e95641 to remote] DEBUG org.asynchttpclient.netty.request.NettyRequestSender - Using pooled Channel '[id: 0xc90c1430, L:/127.0.0.1:59275 - R:localhost/127.0.0.1:11155]' for 'GET' to 'http://localhost:11155/session/d39eb201903141e7e7f8491d69e95641/url'
14:31:08.287 [Forwarding getCurrentUrl on session d39eb201903141e7e7f8491d69e95641 to remote] DEBUG org.asynchttpclient.netty.request.NettyRequestSender - Using open Channel [id: 0xc90c1430, L:/127.0.0.1:59275 - R:localhost/127.0.0.1:11155] for GET '/session/d39eb201903141e7e7f8491d69e95641/url'
14:31:08.303 [AsyncHttpClient-1-3] DEBUG org.asynchttpclient.netty.handler.HttpHandler - 

Request DefaultFullHttpRequest(decodeResult: success, version: HTTP/1.1, content: EmptyByteBufBE)
GET /session/d39eb201903141e7e7f8491d69e95641/url HTTP/1.1
User-Agent: selenium/4.8.1 (java windows)
Cache-Control: no-cache
Content-Type: application/json; charset=utf-8
host: localhost:11155
accept: */*

Response DefaultHttpResponse(decodeResult: success, version: HTTP/1.1)
HTTP/1.1 200 OK
Content-Length: 94
Content-Type: application/json; charset=utf-8
cache-control: no-cache

14:31:08.303 [AsyncHttpClient-1-3] DEBUG org.asynchttpclient.netty.channel.ChannelManager - Adding key: http://localhost:11155 for channel [id: 0xc90c1430, L:/127.0.0.1:59275 - R:localhost/127.0.0.1:11155]
14:31:08.303 [Forwarding screenshot on session d39eb201903141e7e7f8491d69e95641 to remote] DEBUG org.asynchttpclient.netty.request.NettyRequestSender - Using pooled Channel '[id: 0xc90c1430, L:/127.0.0.1:59275 - R:localhost/127.0.0.1:11155]' for 'GET' to 'http://localhost:11155/session/d39eb201903141e7e7f8491d69e95641/screenshot'
14:31:08.303 [Forwarding screenshot on session d39eb201903141e7e7f8491d69e95641 to remote] DEBUG org.asynchttpclient.netty.request.NettyRequestSender - Using open Channel [id: 0xc90c1430, L:/127.0.0.1:59275 - R:localhost/127.0.0.1:11155] for GET '/session/d39eb201903141e7e7f8491d69e95641/screenshot'
14:31:08.557 [AsyncHttpClient-1-3] DEBUG org.asynchttpclient.netty.handler.HttpHandler - 

Request DefaultFullHttpRequest(decodeResult: success, version: HTTP/1.1, content: EmptyByteBufBE)
GET /session/d39eb201903141e7e7f8491d69e95641/screenshot HTTP/1.1
User-Agent: selenium/4.8.1 (java windows)
Cache-Control: no-cache
Content-Type: application/json; charset=utf-8
host: localhost:11155
accept: */*

Response DefaultHttpResponse(decodeResult: success, version: HTTP/1.1)
HTTP/1.1 200 OK
Content-Length: 133016
Content-Type: application/json; charset=utf-8
cache-control: no-cache

14:31:08.557 [AsyncHttpClient-1-3] DEBUG org.asynchttpclient.netty.channel.ChannelManager - Adding key: http://localhost:11155 for channel [id: 0xc90c1430, L:/127.0.0.1:59275 - R:localhost/127.0.0.1:11155]
14:31:08.565 [main] DEBUG net.serenitybdd.core.photography.Darkroom - Send negative for processing for target\site\serenity\439a76b03a408c86c834681c997c97190c836c40433066c33f863d7b3aeea1a8.png
14:31:08.565 [Forwarding getPageSource on session d39eb201903141e7e7f8491d69e95641 to remote] DEBUG org.asynchttpclient.netty.request.NettyRequestSender - Using pooled Channel '[id: 0xc90c1430, L:/127.0.0.1:59275 - R:localhost/127.0.0.1:11155]' for 'POST' to 'http://localhost:11155/session/d39eb201903141e7e7f8491d69e95641/execute/sync'
14:31:08.565 [Forwarding getPageSource on session d39eb201903141e7e7f8491d69e95641 to remote] DEBUG org.asynchttpclient.netty.request.NettyRequestSender - Using open Channel [id: 0xc90c1430, L:/127.0.0.1:59275 - R:localhost/127.0.0.1:11155] for POST '/session/d39eb201903141e7e7f8491d69e95641/execute/sync'
14:31:08.596 [AsyncHttpClient-1-3] DEBUG org.asynchttpclient.netty.handler.HttpHandler - 

Request DefaultHttpRequest(decodeResult: success, version: HTTP/1.1)
POST /session/d39eb201903141e7e7f8491d69e95641/execute/sync HTTP/1.1
User-Agent: selenium/4.8.1 (java windows)
Content-Length: 176
Content-Type: application/json; charset=utf-8
host: localhost:11155
accept: */*

Response DefaultHttpResponse(decodeResult: success, version: HTTP/1.1)
HTTP/1.1 200 OK
Content-Length: 104504
Content-Type: application/json; charset=utf-8
cache-control: no-cache

14:31:08.596 [AsyncHttpClient-1-3] DEBUG org.asynchttpclient.netty.channel.ChannelManager - Adding key: http://localhost:11155 for channel [id: 0xc90c1430, L:/127.0.0.1:59275 - R:localhost/127.0.0.1:11155]
14:31:08.616 [Forwarding getCurrentUrl on session d39eb201903141e7e7f8491d69e95641 to remote] DEBUG org.asynchttpclient.netty.request.NettyRequestSender - Using pooled Channel '[id: 0xc90c1430, L:/127.0.0.1:59275 - R:localhost/127.0.0.1:11155]' for 'GET' to 'http://localhost:11155/session/d39eb201903141e7e7f8491d69e95641/url'
14:31:08.616 [Forwarding getCurrentUrl on session d39eb201903141e7e7f8491d69e95641 to remote] DEBUG org.asynchttpclient.netty.request.NettyRequestSender - Using open Channel [id: 0xc90c1430, L:/127.0.0.1:59275 - R:localhost/127.0.0.1:11155] for GET '/session/d39eb201903141e7e7f8491d69e95641/url'
14:31:08.616 [AsyncHttpClient-1-3] DEBUG org.asynchttpclient.netty.handler.HttpHandler - 

Request DefaultFullHttpRequest(decodeResult: success, version: HTTP/1.1, content: EmptyByteBufBE)
GET /session/d39eb201903141e7e7f8491d69e95641/url HTTP/1.1
User-Agent: selenium/4.8.1 (java windows)
Cache-Control: no-cache
Content-Type: application/json; charset=utf-8
host: localhost:11155
accept: */*

Response DefaultHttpResponse(decodeResult: success, version: HTTP/1.1)
HTTP/1.1 200 OK
Content-Length: 94
Content-Type: application/json; charset=utf-8
cache-control: no-cache

14:31:08.616 [AsyncHttpClient-1-3] DEBUG org.asynchttpclient.netty.channel.ChannelManager - Adding key: http://localhost:11155 for channel [id: 0xc90c1430, L:/127.0.0.1:59275 - R:localhost/127.0.0.1:11155]
14:31:08.628 [main] DEBUG net.thucydides.core.steps.StepInterceptor - STARTING STEP: Afrexim_NeedHelp_Step.type_phone - Type_phone
14:31:08.628 [Forwarding findElement on session d39eb201903141e7e7f8491d69e95641 to remote] DEBUG org.asynchttpclient.netty.request.NettyRequestSender - Using pooled Channel '[id: 0xc90c1430, L:/127.0.0.1:59275 - R:localhost/127.0.0.1:11155]' for 'POST' to 'http://localhost:11155/session/d39eb201903141e7e7f8491d69e95641/element'
14:31:08.628 [Forwarding findElement on session d39eb201903141e7e7f8491d69e95641 to remote] DEBUG org.asynchttpclient.netty.request.NettyRequestSender - Using open Channel [id: 0xc90c1430, L:/127.0.0.1:59275 - R:localhost/127.0.0.1:11155] for POST '/session/d39eb201903141e7e7f8491d69e95641/element'
14:31:08.648 [AsyncHttpClient-1-3] DEBUG org.asynchttpclient.netty.handler.HttpHandler - 

Request DefaultHttpRequest(decodeResult: success, version: HTTP/1.1)
POST /session/d39eb201903141e7e7f8491d69e95641/element HTTP/1.1
User-Agent: selenium/4.8.1 (java windows)
Content-Length: 73
Content-Type: application/json; charset=utf-8
host: localhost:11155
accept: */*

Response DefaultHttpResponse(decodeResult: success, version: HTTP/1.1)
HTTP/1.1 200 OK
Content-Length: 95
Content-Type: application/json; charset=utf-8
cache-control: no-cache

14:31:08.648 [AsyncHttpClient-1-3] DEBUG org.asynchttpclient.netty.channel.ChannelManager - Adding key: http://localhost:11155 for channel [id: 0xc90c1430, L:/127.0.0.1:59275 - R:localhost/127.0.0.1:11155]
14:31:08.648 [Forwarding clearElement on session d39eb201903141e7e7f8491d69e95641 to remote] DEBUG org.asynchttpclient.netty.request.NettyRequestSender - Using pooled Channel '[id: 0xc90c1430, L:/127.0.0.1:59275 - R:localhost/127.0.0.1:11155]' for 'POST' to 'http://localhost:11155/session/d39eb201903141e7e7f8491d69e95641/element/ED30378DEB6A0E77550ECCDF515A836A_element_87/clear'
14:31:08.648 [Forwarding clearElement on session d39eb201903141e7e7f8491d69e95641 to remote] DEBUG org.asynchttpclient.netty.request.NettyRequestSender - Using open Channel [id: 0xc90c1430, L:/127.0.0.1:59275 - R:localhost/127.0.0.1:11155] for POST '/session/d39eb201903141e7e7f8491d69e95641/element/ED30378DEB6A0E77550ECCDF515A836A_element_87/clear'
14:31:08.701 [AsyncHttpClient-1-3] DEBUG org.asynchttpclient.netty.handler.HttpHandler - 

Request DefaultHttpRequest(decodeResult: success, version: HTTP/1.1)
POST /session/d39eb201903141e7e7f8491d69e95641/element/ED30378DEB6A0E77550ECCDF515A836A_element_87/clear HTTP/1.1
User-Agent: selenium/4.8.1 (java windows)
Content-Length: 57
Content-Type: application/json; charset=utf-8
host: localhost:11155
accept: */*

Response DefaultHttpResponse(decodeResult: success, version: HTTP/1.1)
HTTP/1.1 200 OK
Content-Length: 14
Content-Type: application/json; charset=utf-8
cache-control: no-cache

14:31:08.701 [AsyncHttpClient-1-3] DEBUG org.asynchttpclient.netty.channel.ChannelManager - Adding key: http://localhost:11155 for channel [id: 0xc90c1430, L:/127.0.0.1:59275 - R:localhost/127.0.0.1:11155]
14:31:08.706 [Forwarding sendKeysToElement on session d39eb201903141e7e7f8491d69e95641 to remote] DEBUG org.asynchttpclient.netty.request.NettyRequestSender - Using pooled Channel '[id: 0xc90c1430, L:/127.0.0.1:59275 - R:localhost/127.0.0.1:11155]' for 'POST' to 'http://localhost:11155/session/d39eb201903141e7e7f8491d69e95641/element/ED30378DEB6A0E77550ECCDF515A836A_element_87/value'
14:31:08.706 [Forwarding sendKeysToElement on session d39eb201903141e7e7f8491d69e95641 to remote] DEBUG org.asynchttpclient.netty.request.NettyRequestSender - Using open Channel [id: 0xc90c1430, L:/127.0.0.1:59275 - R:localhost/127.0.0.1:11155] for POST '/session/d39eb201903141e7e7f8491d69e95641/element/ED30378DEB6A0E77550ECCDF515A836A_element_87/value'
14:31:08.811 [AsyncHttpClient-1-3] DEBUG org.asynchttpclient.netty.handler.HttpHandler - 

Request DefaultHttpRequest(decodeResult: success, version: HTTP/1.1)
POST /session/d39eb201903141e7e7f8491d69e95641/element/ED30378DEB6A0E77550ECCDF515A836A_element_87/value HTTP/1.1
User-Agent: selenium/4.8.1 (java windows)
Content-Length: 188
Content-Type: application/json; charset=utf-8
host: localhost:11155
accept: */*

Response DefaultHttpResponse(decodeResult: success, version: HTTP/1.1)
HTTP/1.1 200 OK
Content-Length: 14
Content-Type: application/json; charset=utf-8
cache-control: no-cache

14:31:08.811 [AsyncHttpClient-1-3] DEBUG org.asynchttpclient.netty.channel.ChannelManager - Adding key: http://localhost:11155 for channel [id: 0xc90c1430, L:/127.0.0.1:59275 - R:localhost/127.0.0.1:11155]
14:31:08.811 [Forwarding sendKeysToElement on session d39eb201903141e7e7f8491d69e95641 to remote] DEBUG org.asynchttpclient.netty.request.NettyRequestSender - Using pooled Channel '[id: 0xc90c1430, L:/127.0.0.1:59275 - R:localhost/127.0.0.1:11155]' for 'POST' to 'http://localhost:11155/session/d39eb201903141e7e7f8491d69e95641/element/ED30378DEB6A0E77550ECCDF515A836A_element_87/value'
14:31:08.811 [Forwarding sendKeysToElement on session d39eb201903141e7e7f8491d69e95641 to remote] DEBUG org.asynchttpclient.netty.request.NettyRequestSender - Using open Channel [id: 0xc90c1430, L:/127.0.0.1:59275 - R:localhost/127.0.0.1:11155] for POST '/session/d39eb201903141e7e7f8491d69e95641/element/ED30378DEB6A0E77550ECCDF515A836A_element_87/value'
14:31:08.890 [AsyncHttpClient-1-1] DEBUG org.asynchttpclient.netty.channel.DefaultChannelPool - Entry count for : http://localhost:59276 : 1
14:31:08.895 [AsyncHttpClient-1-3] DEBUG org.asynchttpclient.netty.handler.HttpHandler - 

Request DefaultHttpRequest(decodeResult: success, version: HTTP/1.1)
POST /session/d39eb201903141e7e7f8491d69e95641/element/ED30378DEB6A0E77550ECCDF515A836A_element_87/value HTTP/1.1
User-Agent: selenium/4.8.1 (java windows)
Content-Length: 102
Content-Type: application/json; charset=utf-8
host: localhost:11155
accept: */*

Response DefaultHttpResponse(decodeResult: success, version: HTTP/1.1)
HTTP/1.1 200 OK
Content-Length: 14
Content-Type: application/json; charset=utf-8
cache-control: no-cache

14:31:08.895 [AsyncHttpClient-1-3] DEBUG org.asynchttpclient.netty.channel.ChannelManager - Adding key: http://localhost:11155 for channel [id: 0xc90c1430, L:/127.0.0.1:59275 - R:localhost/127.0.0.1:11155]
14:31:08.920 [Forwarding getAlertText on session d39eb201903141e7e7f8491d69e95641 to remote] DEBUG org.asynchttpclient.netty.request.NettyRequestSender - Using pooled Channel '[id: 0xc90c1430, L:/127.0.0.1:59275 - R:localhost/127.0.0.1:11155]' for 'GET' to 'http://localhost:11155/session/d39eb201903141e7e7f8491d69e95641/alert/text'
14:31:08.920 [Forwarding getAlertText on session d39eb201903141e7e7f8491d69e95641 to remote] DEBUG org.asynchttpclient.netty.request.NettyRequestSender - Using open Channel [id: 0xc90c1430, L:/127.0.0.1:59275 - R:localhost/127.0.0.1:11155] for GET '/session/d39eb201903141e7e7f8491d69e95641/alert/text'
14:31:08.939 [AsyncHttpClient-1-3] DEBUG org.asynchttpclient.netty.handler.HttpHandler - 

Request DefaultFullHttpRequest(decodeResult: success, version: HTTP/1.1, content: EmptyByteBufBE)
GET /session/d39eb201903141e7e7f8491d69e95641/alert/text HTTP/1.1
User-Agent: selenium/4.8.1 (java windows)
Cache-Control: no-cache
Content-Type: application/json; charset=utf-8
host: localhost:11155
accept: */*

Response DefaultHttpResponse(decodeResult: success, version: HTTP/1.1)
HTTP/1.1 404 Not Found
Content-Length: 821
Content-Type: application/json; charset=utf-8
cache-control: no-cache

14:31:08.939 [AsyncHttpClient-1-3] DEBUG org.asynchttpclient.netty.channel.ChannelManager - Adding key: http://localhost:11155 for channel [id: 0xc90c1430, L:/127.0.0.1:59275 - R:localhost/127.0.0.1:11155]
14:31:08.939 [Forwarding getCurrentUrl on session d39eb201903141e7e7f8491d69e95641 to remote] DEBUG org.asynchttpclient.netty.request.NettyRequestSender - Using pooled Channel '[id: 0xc90c1430, L:/127.0.0.1:59275 - R:localhost/127.0.0.1:11155]' for 'GET' to 'http://localhost:11155/session/d39eb201903141e7e7f8491d69e95641/url'
14:31:08.939 [Forwarding getCurrentUrl on session d39eb201903141e7e7f8491d69e95641 to remote] DEBUG org.asynchttpclient.netty.request.NettyRequestSender - Using open Channel [id: 0xc90c1430, L:/127.0.0.1:59275 - R:localhost/127.0.0.1:11155] for GET '/session/d39eb201903141e7e7f8491d69e95641/url'
14:31:08.972 [AsyncHttpClient-1-3] DEBUG org.asynchttpclient.netty.handler.HttpHandler - 

Request DefaultFullHttpRequest(decodeResult: success, version: HTTP/1.1, content: EmptyByteBufBE)
GET /session/d39eb201903141e7e7f8491d69e95641/url HTTP/1.1
User-Agent: selenium/4.8.1 (java windows)
Cache-Control: no-cache
Content-Type: application/json; charset=utf-8
host: localhost:11155
accept: */*

Response DefaultHttpResponse(decodeResult: success, version: HTTP/1.1)
HTTP/1.1 200 OK
Content-Length: 94
Content-Type: application/json; charset=utf-8
cache-control: no-cache

14:31:08.972 [AsyncHttpClient-1-3] DEBUG org.asynchttpclient.netty.channel.ChannelManager - Adding key: http://localhost:11155 for channel [id: 0xc90c1430, L:/127.0.0.1:59275 - R:localhost/127.0.0.1:11155]
14:31:08.972 [Forwarding screenshot on session d39eb201903141e7e7f8491d69e95641 to remote] DEBUG org.asynchttpclient.netty.request.NettyRequestSender - Using pooled Channel '[id: 0xc90c1430, L:/127.0.0.1:59275 - R:localhost/127.0.0.1:11155]' for 'GET' to 'http://localhost:11155/session/d39eb201903141e7e7f8491d69e95641/screenshot'
14:31:08.972 [Forwarding screenshot on session d39eb201903141e7e7f8491d69e95641 to remote] DEBUG org.asynchttpclient.netty.request.NettyRequestSender - Using open Channel [id: 0xc90c1430, L:/127.0.0.1:59275 - R:localhost/127.0.0.1:11155] for GET '/session/d39eb201903141e7e7f8491d69e95641/screenshot'
14:31:09.277 [AsyncHttpClient-1-3] DEBUG org.asynchttpclient.netty.handler.HttpHandler - 

Request DefaultFullHttpRequest(decodeResult: success, version: HTTP/1.1, content: EmptyByteBufBE)
GET /session/d39eb201903141e7e7f8491d69e95641/screenshot HTTP/1.1
User-Agent: selenium/4.8.1 (java windows)
Cache-Control: no-cache
Content-Type: application/json; charset=utf-8
host: localhost:11155
accept: */*

Response DefaultHttpResponse(decodeResult: success, version: HTTP/1.1)
HTTP/1.1 200 OK
Content-Length: 149812
Content-Type: application/json; charset=utf-8
cache-control: no-cache

14:31:09.277 [AsyncHttpClient-1-3] DEBUG org.asynchttpclient.netty.channel.ChannelManager - Adding key: http://localhost:11155 for channel [id: 0xc90c1430, L:/127.0.0.1:59275 - R:localhost/127.0.0.1:11155]
14:31:09.288 [main] DEBUG net.serenitybdd.core.photography.Darkroom - Send negative for processing for target\site\serenity\917575aba4a7afcd3929790a6c3c997f551a3d53086f60248d7b69301d49c320.png
14:31:09.288 [main] DEBUG net.thucydides.core.steps.StepInterceptor - STEP DONE: Type_phone
14:31:09.288 [Darkroom Processing Line] DEBUG net.serenitybdd.core.photography.DarkroomProcessingLine - Processing screenshot image in /var/screenshots/screenshot-7746276826127972626
14:31:09.288 [Darkroom Processing Line] DEBUG net.serenitybdd.core.photography.DarkroomProcessingLine - Saving screenshot to target\site\serenity\917575aba4a7afcd3929790a6c3c997f551a3d53086f60248d7b69301d49c320.png
14:31:09.311 [Forwarding getPageSource on session d39eb201903141e7e7f8491d69e95641 to remote] DEBUG org.asynchttpclient.netty.request.NettyRequestSender - Using pooled Channel '[id: 0xc90c1430, L:/127.0.0.1:59275 - R:localhost/127.0.0.1:11155]' for 'POST' to 'http://localhost:11155/session/d39eb201903141e7e7f8491d69e95641/execute/sync'
14:31:09.311 [Forwarding getPageSource on session d39eb201903141e7e7f8491d69e95641 to remote] DEBUG org.asynchttpclient.netty.request.NettyRequestSender - Using open Channel [id: 0xc90c1430, L:/127.0.0.1:59275 - R:localhost/127.0.0.1:11155] for POST '/session/d39eb201903141e7e7f8491d69e95641/execute/sync'
14:31:09.346 [AsyncHttpClient-1-3] DEBUG org.asynchttpclient.netty.handler.HttpHandler - 

Request DefaultHttpRequest(decodeResult: success, version: HTTP/1.1)
POST /session/d39eb201903141e7e7f8491d69e95641/execute/sync HTTP/1.1
User-Agent: selenium/4.8.1 (java windows)
Content-Length: 176
Content-Type: application/json; charset=utf-8
host: localhost:11155
accept: */*

Response DefaultHttpResponse(decodeResult: success, version: HTTP/1.1)
HTTP/1.1 200 OK
Content-Length: 104504
Content-Type: application/json; charset=utf-8
cache-control: no-cache

14:31:09.346 [AsyncHttpClient-1-3] DEBUG org.asynchttpclient.netty.channel.ChannelManager - Adding key: http://localhost:11155 for channel [id: 0xc90c1430, L:/127.0.0.1:59275 - R:localhost/127.0.0.1:11155]
14:31:09.362 [Forwarding getCurrentUrl on session d39eb201903141e7e7f8491d69e95641 to remote] DEBUG org.asynchttpclient.netty.request.NettyRequestSender - Using pooled Channel '[id: 0xc90c1430, L:/127.0.0.1:59275 - R:localhost/127.0.0.1:11155]' for 'GET' to 'http://localhost:11155/session/d39eb201903141e7e7f8491d69e95641/url'
14:31:09.362 [Forwarding getCurrentUrl on session d39eb201903141e7e7f8491d69e95641 to remote] DEBUG org.asynchttpclient.netty.request.NettyRequestSender - Using open Channel [id: 0xc90c1430, L:/127.0.0.1:59275 - R:localhost/127.0.0.1:11155] for GET '/session/d39eb201903141e7e7f8491d69e95641/url'
14:31:09.369 [AsyncHttpClient-1-3] DEBUG org.asynchttpclient.netty.handler.HttpHandler - 

Request DefaultFullHttpRequest(decodeResult: success, version: HTTP/1.1, content: EmptyByteBufBE)
GET /session/d39eb201903141e7e7f8491d69e95641/url HTTP/1.1
User-Agent: selenium/4.8.1 (java windows)
Cache-Control: no-cache
Content-Type: application/json; charset=utf-8
host: localhost:11155
accept: */*

Response DefaultHttpResponse(decodeResult: success, version: HTTP/1.1)
HTTP/1.1 200 OK
Content-Length: 94
Content-Type: application/json; charset=utf-8
cache-control: no-cache

14:31:09.369 [AsyncHttpClient-1-3] DEBUG org.asynchttpclient.netty.channel.ChannelManager - Adding key: http://localhost:11155 for channel [id: 0xc90c1430, L:/127.0.0.1:59275 - R:localhost/127.0.0.1:11155]
14:31:09.384 [Forwarding getAlertText on session d39eb201903141e7e7f8491d69e95641 to remote] DEBUG org.asynchttpclient.netty.request.NettyRequestSender - Using pooled Channel '[id: 0xc90c1430, L:/127.0.0.1:59275 - R:localhost/127.0.0.1:11155]' for 'GET' to 'http://localhost:11155/session/d39eb201903141e7e7f8491d69e95641/alert/text'
14:31:09.384 [Forwarding getAlertText on session d39eb201903141e7e7f8491d69e95641 to remote] DEBUG org.asynchttpclient.netty.request.NettyRequestSender - Using open Channel [id: 0xc90c1430, L:/127.0.0.1:59275 - R:localhost/127.0.0.1:11155] for GET '/session/d39eb201903141e7e7f8491d69e95641/alert/text'
14:31:09.384 [AsyncHttpClient-1-3] DEBUG org.asynchttpclient.netty.handler.HttpHandler - 

Request DefaultFullHttpRequest(decodeResult: success, version: HTTP/1.1, content: EmptyByteBufBE)
GET /session/d39eb201903141e7e7f8491d69e95641/alert/text HTTP/1.1
User-Agent: selenium/4.8.1 (java windows)
Cache-Control: no-cache
Content-Type: application/json; charset=utf-8
host: localhost:11155
accept: */*

Response DefaultHttpResponse(decodeResult: success, version: HTTP/1.1)
HTTP/1.1 404 Not Found
Content-Length: 821
Content-Type: application/json; charset=utf-8
cache-control: no-cache

14:31:09.384 [AsyncHttpClient-1-3] DEBUG org.asynchttpclient.netty.channel.ChannelManager - Adding key: http://localhost:11155 for channel [id: 0xc90c1430, L:/127.0.0.1:59275 - R:localhost/127.0.0.1:11155]
14:31:09.896 [Forwarding getAlertText on session d39eb201903141e7e7f8491d69e95641 to remote] DEBUG org.asynchttpclient.netty.request.NettyRequestSender - Using pooled Channel '[id: 0xc90c1430, L:/127.0.0.1:59275 - R:localhost/127.0.0.1:11155]' for 'GET' to 'http://localhost:11155/session/d39eb201903141e7e7f8491d69e95641/alert/text'
14:31:09.896 [Forwarding getAlertText on session d39eb201903141e7e7f8491d69e95641 to remote] DEBUG org.asynchttpclient.netty.request.NettyRequestSender - Using open Channel [id: 0xc90c1430, L:/127.0.0.1:59275 - R:localhost/127.0.0.1:11155] for GET '/session/d39eb201903141e7e7f8491d69e95641/alert/text'
14:31:09.896 [AsyncHttpClient-1-3] DEBUG org.asynchttpclient.netty.handler.HttpHandler - 

Request DefaultFullHttpRequest(decodeResult: success, version: HTTP/1.1, content: EmptyByteBufBE)
GET /session/d39eb201903141e7e7f8491d69e95641/alert/text HTTP/1.1
User-Agent: selenium/4.8.1 (java windows)
Cache-Control: no-cache
Content-Type: application/json; charset=utf-8
host: localhost:11155
accept: */*

Response DefaultHttpResponse(decodeResult: success, version: HTTP/1.1)
HTTP/1.1 404 Not Found
Content-Length: 821
Content-Type: application/json; charset=utf-8
cache-control: no-cache

14:31:09.896 [AsyncHttpClient-1-3] DEBUG org.asynchttpclient.netty.channel.ChannelManager - Adding key: http://localhost:11155 for channel [id: 0xc90c1430, L:/127.0.0.1:59275 - R:localhost/127.0.0.1:11155]
14:31:09.896 [Forwarding getCurrentUrl on session d39eb201903141e7e7f8491d69e95641 to remote] DEBUG org.asynchttpclient.netty.request.NettyRequestSender - Using pooled Channel '[id: 0xc90c1430, L:/127.0.0.1:59275 - R:localhost/127.0.0.1:11155]' for 'GET' to 'http://localhost:11155/session/d39eb201903141e7e7f8491d69e95641/url'
14:31:09.896 [Forwarding getCurrentUrl on session d39eb201903141e7e7f8491d69e95641 to remote] DEBUG org.asynchttpclient.netty.request.NettyRequestSender - Using open Channel [id: 0xc90c1430, L:/127.0.0.1:59275 - R:localhost/127.0.0.1:11155] for GET '/session/d39eb201903141e7e7f8491d69e95641/url'
14:31:09.912 [AsyncHttpClient-1-3] DEBUG org.asynchttpclient.netty.handler.HttpHandler - 

Request DefaultFullHttpRequest(decodeResult: success, version: HTTP/1.1, content: EmptyByteBufBE)
GET /session/d39eb201903141e7e7f8491d69e95641/url HTTP/1.1
User-Agent: selenium/4.8.1 (java windows)
Cache-Control: no-cache
Content-Type: application/json; charset=utf-8
host: localhost:11155
accept: */*

Response DefaultHttpResponse(decodeResult: success, version: HTTP/1.1)
HTTP/1.1 200 OK
Content-Length: 94
Content-Type: application/json; charset=utf-8
cache-control: no-cache

14:31:09.912 [AsyncHttpClient-1-3] DEBUG org.asynchttpclient.netty.channel.ChannelManager - Adding key: http://localhost:11155 for channel [id: 0xc90c1430, L:/127.0.0.1:59275 - R:localhost/127.0.0.1:11155]
14:31:09.912 [Forwarding screenshot on session d39eb201903141e7e7f8491d69e95641 to remote] DEBUG org.asynchttpclient.netty.request.NettyRequestSender - Using pooled Channel '[id: 0xc90c1430, L:/127.0.0.1:59275 - R:localhost/127.0.0.1:11155]' for 'GET' to 'http://localhost:11155/session/d39eb201903141e7e7f8491d69e95641/screenshot'
14:31:09.912 [Forwarding screenshot on session d39eb201903141e7e7f8491d69e95641 to remote] DEBUG org.asynchttpclient.netty.request.NettyRequestSender - Using open Channel [id: 0xc90c1430, L:/127.0.0.1:59275 - R:localhost/127.0.0.1:11155] for GET '/session/d39eb201903141e7e7f8491d69e95641/screenshot'
14:31:09.988 [AsyncHttpClient-1-1] DEBUG org.asynchttpclient.netty.channel.DefaultChannelPool - Entry count for : http://localhost:59276 : 1
14:31:10.152 [AsyncHttpClient-1-3] DEBUG org.asynchttpclient.netty.handler.HttpHandler - 

Request DefaultFullHttpRequest(decodeResult: success, version: HTTP/1.1, content: EmptyByteBufBE)
GET /session/d39eb201903141e7e7f8491d69e95641/screenshot HTTP/1.1
User-Agent: selenium/4.8.1 (java windows)
Cache-Control: no-cache
Content-Type: application/json; charset=utf-8
host: localhost:11155
accept: */*

Response DefaultHttpResponse(decodeResult: success, version: HTTP/1.1)
HTTP/1.1 200 OK
Content-Length: 149812
Content-Type: application/json; charset=utf-8
cache-control: no-cache

14:31:10.152 [AsyncHttpClient-1-3] DEBUG org.asynchttpclient.netty.channel.ChannelManager - Adding key: http://localhost:11155 for channel [id: 0xc90c1430, L:/127.0.0.1:59275 - R:localhost/127.0.0.1:11155]
14:31:10.163 [main] DEBUG net.serenitybdd.core.photography.Darkroom - Send negative for processing for target\site\serenity\917575aba4a7afcd3929790a6c3c997f551a3d53086f60248d7b69301d49c320.png
14:31:10.173 [Forwarding getPageSource on session d39eb201903141e7e7f8491d69e95641 to remote] DEBUG org.asynchttpclient.netty.request.NettyRequestSender - Using pooled Channel '[id: 0xc90c1430, L:/127.0.0.1:59275 - R:localhost/127.0.0.1:11155]' for 'POST' to 'http://localhost:11155/session/d39eb201903141e7e7f8491d69e95641/execute/sync'
14:31:10.173 [Forwarding getPageSource on session d39eb201903141e7e7f8491d69e95641 to remote] DEBUG org.asynchttpclient.netty.request.NettyRequestSender - Using open Channel [id: 0xc90c1430, L:/127.0.0.1:59275 - R:localhost/127.0.0.1:11155] for POST '/session/d39eb201903141e7e7f8491d69e95641/execute/sync'
14:31:10.211 [AsyncHttpClient-1-3] DEBUG org.asynchttpclient.netty.handler.HttpHandler - 

Request DefaultHttpRequest(decodeResult: success, version: HTTP/1.1)
POST /session/d39eb201903141e7e7f8491d69e95641/execute/sync HTTP/1.1
User-Agent: selenium/4.8.1 (java windows)
Content-Length: 176
Content-Type: application/json; charset=utf-8
host: localhost:11155
accept: */*

Response DefaultHttpResponse(decodeResult: success, version: HTTP/1.1)
HTTP/1.1 200 OK
Content-Length: 104504
Content-Type: application/json; charset=utf-8
cache-control: no-cache

14:31:10.211 [AsyncHttpClient-1-3] DEBUG org.asynchttpclient.netty.channel.ChannelManager - Adding key: http://localhost:11155 for channel [id: 0xc90c1430, L:/127.0.0.1:59275 - R:localhost/127.0.0.1:11155]
14:31:10.216 [Forwarding getCurrentUrl on session d39eb201903141e7e7f8491d69e95641 to remote] DEBUG org.asynchttpclient.netty.request.NettyRequestSender - Using pooled Channel '[id: 0xc90c1430, L:/127.0.0.1:59275 - R:localhost/127.0.0.1:11155]' for 'GET' to 'http://localhost:11155/session/d39eb201903141e7e7f8491d69e95641/url'
14:31:10.216 [Forwarding getCurrentUrl on session d39eb201903141e7e7f8491d69e95641 to remote] DEBUG org.asynchttpclient.netty.request.NettyRequestSender - Using open Channel [id: 0xc90c1430, L:/127.0.0.1:59275 - R:localhost/127.0.0.1:11155] for GET '/session/d39eb201903141e7e7f8491d69e95641/url'
14:31:10.227 [AsyncHttpClient-1-3] DEBUG org.asynchttpclient.netty.handler.HttpHandler - 

Request DefaultFullHttpRequest(decodeResult: success, version: HTTP/1.1, content: EmptyByteBufBE)
GET /session/d39eb201903141e7e7f8491d69e95641/url HTTP/1.1
User-Agent: selenium/4.8.1 (java windows)
Cache-Control: no-cache
Content-Type: application/json; charset=utf-8
host: localhost:11155
accept: */*

Response DefaultHttpResponse(decodeResult: success, version: HTTP/1.1)
HTTP/1.1 200 OK
Content-Length: 94
Content-Type: application/json; charset=utf-8
cache-control: no-cache

14:31:10.227 [AsyncHttpClient-1-3] DEBUG org.asynchttpclient.netty.channel.ChannelManager - Adding key: http://localhost:11155 for channel [id: 0xc90c1430, L:/127.0.0.1:59275 - R:localhost/127.0.0.1:11155]
14:31:10.227 [main] DEBUG net.thucydides.core.steps.StepInterceptor - STARTING STEP: Afrexim_NeedHelp_Step.click_submit_button - Click_submit_button
14:31:10.242 [Forwarding findElement on session d39eb201903141e7e7f8491d69e95641 to remote] DEBUG org.asynchttpclient.netty.request.NettyRequestSender - Using pooled Channel '[id: 0xc90c1430, L:/127.0.0.1:59275 - R:localhost/127.0.0.1:11155]' for 'POST' to 'http://localhost:11155/session/d39eb201903141e7e7f8491d69e95641/element'
14:31:10.242 [Forwarding findElement on session d39eb201903141e7e7f8491d69e95641 to remote] DEBUG org.asynchttpclient.netty.request.NettyRequestSender - Using open Channel [id: 0xc90c1430, L:/127.0.0.1:59275 - R:localhost/127.0.0.1:11155] for POST '/session/d39eb201903141e7e7f8491d69e95641/element'
14:31:10.259 [AsyncHttpClient-1-3] DEBUG org.asynchttpclient.netty.handler.HttpHandler - 

Request DefaultHttpRequest(decodeResult: success, version: HTTP/1.1)
POST /session/d39eb201903141e7e7f8491d69e95641/element HTTP/1.1
User-Agent: selenium/4.8.1 (java windows)
Content-Length: 84
Content-Type: application/json; charset=utf-8
host: localhost:11155
accept: */*

Response DefaultHttpResponse(decodeResult: success, version: HTTP/1.1)
HTTP/1.1 200 OK
Content-Length: 95
Content-Type: application/json; charset=utf-8
cache-control: no-cache

14:31:10.259 [AsyncHttpClient-1-3] DEBUG org.asynchttpclient.netty.channel.ChannelManager - Adding key: http://localhost:11155 for channel [id: 0xc90c1430, L:/127.0.0.1:59275 - R:localhost/127.0.0.1:11155]
14:31:10.259 [Forwarding getElementTagName on session d39eb201903141e7e7f8491d69e95641 to remote] DEBUG org.asynchttpclient.netty.request.NettyRequestSender - Using pooled Channel '[id: 0xc90c1430, L:/127.0.0.1:59275 - R:localhost/127.0.0.1:11155]' for 'GET' to 'http://localhost:11155/session/d39eb201903141e7e7f8491d69e95641/element/ED30378DEB6A0E77550ECCDF515A836A_element_88/name'
14:31:10.259 [Forwarding getElementTagName on session d39eb201903141e7e7f8491d69e95641 to remote] DEBUG org.asynchttpclient.netty.request.NettyRequestSender - Using open Channel [id: 0xc90c1430, L:/127.0.0.1:59275 - R:localhost/127.0.0.1:11155] for GET '/session/d39eb201903141e7e7f8491d69e95641/element/ED30378DEB6A0E77550ECCDF515A836A_element_88/name'
14:31:10.275 [AsyncHttpClient-1-3] DEBUG org.asynchttpclient.netty.handler.HttpHandler - 

Request DefaultFullHttpRequest(decodeResult: success, version: HTTP/1.1, content: EmptyByteBufBE)
GET /session/d39eb201903141e7e7f8491d69e95641/element/ED30378DEB6A0E77550ECCDF515A836A_element_88/name HTTP/1.1
User-Agent: selenium/4.8.1 (java windows)
Cache-Control: no-cache
Content-Type: application/json; charset=utf-8
host: localhost:11155
accept: */*

Response DefaultHttpResponse(decodeResult: success, version: HTTP/1.1)
HTTP/1.1 200 OK
Content-Length: 17
Content-Type: application/json; charset=utf-8
cache-control: no-cache

14:31:10.275 [AsyncHttpClient-1-3] DEBUG org.asynchttpclient.netty.channel.ChannelManager - Adding key: http://localhost:11155 for channel [id: 0xc90c1430, L:/127.0.0.1:59275 - R:localhost/127.0.0.1:11155]
14:31:10.275 [Forwarding getElementTagName on session d39eb201903141e7e7f8491d69e95641 to remote] DEBUG org.asynchttpclient.netty.request.NettyRequestSender - Using pooled Channel '[id: 0xc90c1430, L:/127.0.0.1:59275 - R:localhost/127.0.0.1:11155]' for 'GET' to 'http://localhost:11155/session/d39eb201903141e7e7f8491d69e95641/element/ED30378DEB6A0E77550ECCDF515A836A_element_88/name'
14:31:10.275 [Forwarding getElementTagName on session d39eb201903141e7e7f8491d69e95641 to remote] DEBUG org.asynchttpclient.netty.request.NettyRequestSender - Using open Channel [id: 0xc90c1430, L:/127.0.0.1:59275 - R:localhost/127.0.0.1:11155] for GET '/session/d39eb201903141e7e7f8491d69e95641/element/ED30378DEB6A0E77550ECCDF515A836A_element_88/name'
14:31:10.280 [AsyncHttpClient-1-3] DEBUG org.asynchttpclient.netty.handler.HttpHandler - 

Request DefaultFullHttpRequest(decodeResult: success, version: HTTP/1.1, content: EmptyByteBufBE)
GET /session/d39eb201903141e7e7f8491d69e95641/element/ED30378DEB6A0E77550ECCDF515A836A_element_88/name HTTP/1.1
User-Agent: selenium/4.8.1 (java windows)
Cache-Control: no-cache
Content-Type: application/json; charset=utf-8
host: localhost:11155
accept: */*

Response DefaultHttpResponse(decodeResult: success, version: HTTP/1.1)
HTTP/1.1 200 OK
Content-Length: 17
Content-Type: application/json; charset=utf-8
cache-control: no-cache

14:31:10.280 [AsyncHttpClient-1-3] DEBUG org.asynchttpclient.netty.channel.ChannelManager - Adding key: http://localhost:11155 for channel [id: 0xc90c1430, L:/127.0.0.1:59275 - R:localhost/127.0.0.1:11155]
14:31:10.280 [Forwarding isElementEnabled on session d39eb201903141e7e7f8491d69e95641 to remote] DEBUG org.asynchttpclient.netty.request.NettyRequestSender - Using pooled Channel '[id: 0xc90c1430, L:/127.0.0.1:59275 - R:localhost/127.0.0.1:11155]' for 'GET' to 'http://localhost:11155/session/d39eb201903141e7e7f8491d69e95641/element/ED30378DEB6A0E77550ECCDF515A836A_element_88/enabled'
14:31:10.280 [Forwarding isElementEnabled on session d39eb201903141e7e7f8491d69e95641 to remote] DEBUG org.asynchttpclient.netty.request.NettyRequestSender - Using open Channel [id: 0xc90c1430, L:/127.0.0.1:59275 - R:localhost/127.0.0.1:11155] for GET '/session/d39eb201903141e7e7f8491d69e95641/element/ED30378DEB6A0E77550ECCDF515A836A_element_88/enabled'
14:31:10.302 [AsyncHttpClient-1-3] DEBUG org.asynchttpclient.netty.handler.HttpHandler - 

Request DefaultFullHttpRequest(decodeResult: success, version: HTTP/1.1, content: EmptyByteBufBE)
GET /session/d39eb201903141e7e7f8491d69e95641/element/ED30378DEB6A0E77550ECCDF515A836A_element_88/enabled HTTP/1.1
User-Agent: selenium/4.8.1 (java windows)
Cache-Control: no-cache
Content-Type: application/json; charset=utf-8
host: localhost:11155
accept: */*

Response DefaultHttpResponse(decodeResult: success, version: HTTP/1.1)
HTTP/1.1 200 OK
Content-Length: 14
Content-Type: application/json; charset=utf-8
cache-control: no-cache

14:31:10.302 [AsyncHttpClient-1-3] DEBUG org.asynchttpclient.netty.channel.ChannelManager - Adding key: http://localhost:11155 for channel [id: 0xc90c1430, L:/127.0.0.1:59275 - R:localhost/127.0.0.1:11155]
14:31:10.302 [Forwarding isElementEnabled on session d39eb201903141e7e7f8491d69e95641 to remote] DEBUG org.asynchttpclient.netty.request.NettyRequestSender - Using pooled Channel '[id: 0xc90c1430, L:/127.0.0.1:59275 - R:localhost/127.0.0.1:11155]' for 'GET' to 'http://localhost:11155/session/d39eb201903141e7e7f8491d69e95641/element/ED30378DEB6A0E77550ECCDF515A836A_element_88/enabled'
14:31:10.302 [Forwarding isElementEnabled on session d39eb201903141e7e7f8491d69e95641 to remote] DEBUG org.asynchttpclient.netty.request.NettyRequestSender - Using open Channel [id: 0xc90c1430, L:/127.0.0.1:59275 - R:localhost/127.0.0.1:11155] for GET '/session/d39eb201903141e7e7f8491d69e95641/element/ED30378DEB6A0E77550ECCDF515A836A_element_88/enabled'
14:31:10.312 [AsyncHttpClient-1-3] DEBUG org.asynchttpclient.netty.handler.HttpHandler - 

Request DefaultFullHttpRequest(decodeResult: success, version: HTTP/1.1, content: EmptyByteBufBE)
GET /session/d39eb201903141e7e7f8491d69e95641/element/ED30378DEB6A0E77550ECCDF515A836A_element_88/enabled HTTP/1.1
User-Agent: selenium/4.8.1 (java windows)
Cache-Control: no-cache
Content-Type: application/json; charset=utf-8
host: localhost:11155
accept: */*

Response DefaultHttpResponse(decodeResult: success, version: HTTP/1.1)
HTTP/1.1 200 OK
Content-Length: 14
Content-Type: application/json; charset=utf-8
cache-control: no-cache

14:31:10.312 [AsyncHttpClient-1-3] DEBUG org.asynchttpclient.netty.channel.ChannelManager - Adding key: http://localhost:11155 for channel [id: 0xc90c1430, L:/127.0.0.1:59275 - R:localhost/127.0.0.1:11155]
14:31:10.312 [Forwarding findElement on session d39eb201903141e7e7f8491d69e95641 to remote] DEBUG org.asynchttpclient.netty.request.NettyRequestSender - Using pooled Channel '[id: 0xc90c1430, L:/127.0.0.1:59275 - R:localhost/127.0.0.1:11155]' for 'POST' to 'http://localhost:11155/session/d39eb201903141e7e7f8491d69e95641/element'
14:31:10.312 [Forwarding findElement on session d39eb201903141e7e7f8491d69e95641 to remote] DEBUG org.asynchttpclient.netty.request.NettyRequestSender - Using open Channel [id: 0xc90c1430, L:/127.0.0.1:59275 - R:localhost/127.0.0.1:11155] for POST '/session/d39eb201903141e7e7f8491d69e95641/element'
14:31:10.324 [AsyncHttpClient-1-3] DEBUG org.asynchttpclient.netty.handler.HttpHandler - 

Request DefaultHttpRequest(decodeResult: success, version: HTTP/1.1)
POST /session/d39eb201903141e7e7f8491d69e95641/element HTTP/1.1
User-Agent: selenium/4.8.1 (java windows)
Content-Length: 84
Content-Type: application/json; charset=utf-8
host: localhost:11155
accept: */*

Response DefaultHttpResponse(decodeResult: success, version: HTTP/1.1)
HTTP/1.1 200 OK
Content-Length: 95
Content-Type: application/json; charset=utf-8
cache-control: no-cache

14:31:10.324 [AsyncHttpClient-1-3] DEBUG org.asynchttpclient.netty.channel.ChannelManager - Adding key: http://localhost:11155 for channel [id: 0xc90c1430, L:/127.0.0.1:59275 - R:localhost/127.0.0.1:11155]
14:31:10.333 [Forwarding clickElement on session d39eb201903141e7e7f8491d69e95641 to remote] DEBUG org.asynchttpclient.netty.request.NettyRequestSender - Using pooled Channel '[id: 0xc90c1430, L:/127.0.0.1:59275 - R:localhost/127.0.0.1:11155]' for 'POST' to 'http://localhost:11155/session/d39eb201903141e7e7f8491d69e95641/element/ED30378DEB6A0E77550ECCDF515A836A_element_88/click'
14:31:10.333 [Forwarding clickElement on session d39eb201903141e7e7f8491d69e95641 to remote] DEBUG org.asynchttpclient.netty.request.NettyRequestSender - Using open Channel [id: 0xc90c1430, L:/127.0.0.1:59275 - R:localhost/127.0.0.1:11155] for POST '/session/d39eb201903141e7e7f8491d69e95641/element/ED30378DEB6A0E77550ECCDF515A836A_element_88/click'
14:31:11.090 [AsyncHttpClient-1-1] DEBUG org.asynchttpclient.netty.channel.DefaultChannelPool - Entry count for : http://localhost:59276 : 1
14:31:12.200 [AsyncHttpClient-1-1] DEBUG org.asynchttpclient.netty.channel.DefaultChannelPool - Entry count for : http://localhost:59276 : 1
14:31:12.413 [AsyncHttpClient-1-3] DEBUG org.asynchttpclient.netty.handler.HttpHandler - 

Request DefaultHttpRequest(decodeResult: success, version: HTTP/1.1)
POST /session/d39eb201903141e7e7f8491d69e95641/element/ED30378DEB6A0E77550ECCDF515A836A_element_88/click HTTP/1.1
User-Agent: selenium/4.8.1 (java windows)
Content-Length: 57
Content-Type: application/json; charset=utf-8
host: localhost:11155
accept: */*

Response DefaultHttpResponse(decodeResult: success, version: HTTP/1.1)
HTTP/1.1 200 OK
Content-Length: 14
Content-Type: application/json; charset=utf-8
cache-control: no-cache

14:31:12.413 [AsyncHttpClient-1-3] DEBUG org.asynchttpclient.netty.channel.ChannelManager - Adding key: http://localhost:11155 for channel [id: 0xc90c1430, L:/127.0.0.1:59275 - R:localhost/127.0.0.1:11155]
14:31:12.424 [Forwarding getAlertText on session d39eb201903141e7e7f8491d69e95641 to remote] DEBUG org.asynchttpclient.netty.request.NettyRequestSender - Using pooled Channel '[id: 0xc90c1430, L:/127.0.0.1:59275 - R:localhost/127.0.0.1:11155]' for 'GET' to 'http://localhost:11155/session/d39eb201903141e7e7f8491d69e95641/alert/text'
14:31:12.424 [Forwarding getAlertText on session d39eb201903141e7e7f8491d69e95641 to remote] DEBUG org.asynchttpclient.netty.request.NettyRequestSender - Using open Channel [id: 0xc90c1430, L:/127.0.0.1:59275 - R:localhost/127.0.0.1:11155] for GET '/session/d39eb201903141e7e7f8491d69e95641/alert/text'
14:31:12.432 [AsyncHttpClient-1-3] DEBUG org.asynchttpclient.netty.handler.HttpHandler - 

Request DefaultFullHttpRequest(decodeResult: success, version: HTTP/1.1, content: EmptyByteBufBE)
GET /session/d39eb201903141e7e7f8491d69e95641/alert/text HTTP/1.1
User-Agent: selenium/4.8.1 (java windows)
Cache-Control: no-cache
Content-Type: application/json; charset=utf-8
host: localhost:11155
accept: */*

Response DefaultHttpResponse(decodeResult: success, version: HTTP/1.1)
HTTP/1.1 404 Not Found
Content-Length: 821
Content-Type: application/json; charset=utf-8
cache-control: no-cache

14:31:12.432 [AsyncHttpClient-1-3] DEBUG org.asynchttpclient.netty.channel.ChannelManager - Adding key: http://localhost:11155 for channel [id: 0xc90c1430, L:/127.0.0.1:59275 - R:localhost/127.0.0.1:11155]
14:31:12.435 [Forwarding getCurrentUrl on session d39eb201903141e7e7f8491d69e95641 to remote] DEBUG org.asynchttpclient.netty.request.NettyRequestSender - Using pooled Channel '[id: 0xc90c1430, L:/127.0.0.1:59275 - R:localhost/127.0.0.1:11155]' for 'GET' to 'http://localhost:11155/session/d39eb201903141e7e7f8491d69e95641/url'
14:31:12.435 [Forwarding getCurrentUrl on session d39eb201903141e7e7f8491d69e95641 to remote] DEBUG org.asynchttpclient.netty.request.NettyRequestSender - Using open Channel [id: 0xc90c1430, L:/127.0.0.1:59275 - R:localhost/127.0.0.1:11155] for GET '/session/d39eb201903141e7e7f8491d69e95641/url'
14:31:12.447 [AsyncHttpClient-1-3] DEBUG org.asynchttpclient.netty.handler.HttpHandler - 

Request DefaultFullHttpRequest(decodeResult: success, version: HTTP/1.1, content: EmptyByteBufBE)
GET /session/d39eb201903141e7e7f8491d69e95641/url HTTP/1.1
User-Agent: selenium/4.8.1 (java windows)
Cache-Control: no-cache
Content-Type: application/json; charset=utf-8
host: localhost:11155
accept: */*

Response DefaultHttpResponse(decodeResult: success, version: HTTP/1.1)
HTTP/1.1 200 OK
Content-Length: 93
Content-Type: application/json; charset=utf-8
cache-control: no-cache

14:31:12.447 [AsyncHttpClient-1-3] DEBUG org.asynchttpclient.netty.channel.ChannelManager - Adding key: http://localhost:11155 for channel [id: 0xc90c1430, L:/127.0.0.1:59275 - R:localhost/127.0.0.1:11155]
14:31:12.447 [Forwarding screenshot on session d39eb201903141e7e7f8491d69e95641 to remote] DEBUG org.asynchttpclient.netty.request.NettyRequestSender - Using pooled Channel '[id: 0xc90c1430, L:/127.0.0.1:59275 - R:localhost/127.0.0.1:11155]' for 'GET' to 'http://localhost:11155/session/d39eb201903141e7e7f8491d69e95641/screenshot'
14:31:12.447 [Forwarding screenshot on session d39eb201903141e7e7f8491d69e95641 to remote] DEBUG org.asynchttpclient.netty.request.NettyRequestSender - Using open Channel [id: 0xc90c1430, L:/127.0.0.1:59275 - R:localhost/127.0.0.1:11155] for GET '/session/d39eb201903141e7e7f8491d69e95641/screenshot'
14:31:12.989 [AsyncHttpClient-1-3] DEBUG org.asynchttpclient.netty.handler.HttpHandler - 

Request DefaultFullHttpRequest(decodeResult: success, version: HTTP/1.1, content: EmptyByteBufBE)
GET /session/d39eb201903141e7e7f8491d69e95641/screenshot HTTP/1.1
User-Agent: selenium/4.8.1 (java windows)
Cache-Control: no-cache
Content-Type: application/json; charset=utf-8
host: localhost:11155
accept: */*

Response DefaultHttpResponse(decodeResult: success, version: HTTP/1.1)
HTTP/1.1 200 OK
Content-Length: 887676
Content-Type: application/json; charset=utf-8
cache-control: no-cache

14:31:12.989 [AsyncHttpClient-1-3] DEBUG org.asynchttpclient.netty.channel.ChannelManager - Adding key: http://localhost:11155 for channel [id: 0xc90c1430, L:/127.0.0.1:59275 - R:localhost/127.0.0.1:11155]
14:31:13.043 [main] DEBUG net.serenitybdd.core.photography.Darkroom - Send negative for processing for target\site\serenity\d5a2cb2297ef7ed75b030fae0282f3f17e103e8a13ac85c1961d998b325cefba.png
14:31:13.043 [main] DEBUG net.thucydides.core.steps.StepInterceptor - STEP DONE: Click_submit_button
14:31:13.043 [Darkroom Processing Line] DEBUG net.serenitybdd.core.photography.DarkroomProcessingLine - Processing screenshot image in /var/screenshots/screenshot-7263654166464481335
14:31:13.043 [Darkroom Processing Line] DEBUG net.serenitybdd.core.photography.DarkroomProcessingLine - Saving screenshot to target\site\serenity\d5a2cb2297ef7ed75b030fae0282f3f17e103e8a13ac85c1961d998b325cefba.png
14:31:13.075 [Forwarding getPageSource on session d39eb201903141e7e7f8491d69e95641 to remote] DEBUG org.asynchttpclient.netty.request.NettyRequestSender - Using pooled Channel '[id: 0xc90c1430, L:/127.0.0.1:59275 - R:localhost/127.0.0.1:11155]' for 'POST' to 'http://localhost:11155/session/d39eb201903141e7e7f8491d69e95641/execute/sync'
14:31:13.075 [Forwarding getPageSource on session d39eb201903141e7e7f8491d69e95641 to remote] DEBUG org.asynchttpclient.netty.request.NettyRequestSender - Using open Channel [id: 0xc90c1430, L:/127.0.0.1:59275 - R:localhost/127.0.0.1:11155] for POST '/session/d39eb201903141e7e7f8491d69e95641/execute/sync'
14:31:13.100 [AsyncHttpClient-1-3] DEBUG org.asynchttpclient.netty.handler.HttpHandler - 

Request DefaultHttpRequest(decodeResult: success, version: HTTP/1.1)
POST /session/d39eb201903141e7e7f8491d69e95641/execute/sync HTTP/1.1
User-Agent: selenium/4.8.1 (java windows)
Content-Length: 176
Content-Type: application/json; charset=utf-8
host: localhost:11155
accept: */*

Response DefaultHttpResponse(decodeResult: success, version: HTTP/1.1)
HTTP/1.1 200 OK
Content-Length: 88631
Content-Type: application/json; charset=utf-8
cache-control: no-cache

14:31:13.100 [AsyncHttpClient-1-3] DEBUG org.asynchttpclient.netty.channel.ChannelManager - Adding key: http://localhost:11155 for channel [id: 0xc90c1430, L:/127.0.0.1:59275 - R:localhost/127.0.0.1:11155]
14:31:13.107 [Forwarding getCurrentUrl on session d39eb201903141e7e7f8491d69e95641 to remote] DEBUG org.asynchttpclient.netty.request.NettyRequestSender - Using pooled Channel '[id: 0xc90c1430, L:/127.0.0.1:59275 - R:localhost/127.0.0.1:11155]' for 'GET' to 'http://localhost:11155/session/d39eb201903141e7e7f8491d69e95641/url'
14:31:13.107 [Forwarding getCurrentUrl on session d39eb201903141e7e7f8491d69e95641 to remote] DEBUG org.asynchttpclient.netty.request.NettyRequestSender - Using open Channel [id: 0xc90c1430, L:/127.0.0.1:59275 - R:localhost/127.0.0.1:11155] for GET '/session/d39eb201903141e7e7f8491d69e95641/url'
14:31:13.117 [AsyncHttpClient-1-3] DEBUG org.asynchttpclient.netty.handler.HttpHandler - 

Request DefaultFullHttpRequest(decodeResult: success, version: HTTP/1.1, content: EmptyByteBufBE)
GET /session/d39eb201903141e7e7f8491d69e95641/url HTTP/1.1
User-Agent: selenium/4.8.1 (java windows)
Cache-Control: no-cache
Content-Type: application/json; charset=utf-8
host: localhost:11155
accept: */*

Response DefaultHttpResponse(decodeResult: success, version: HTTP/1.1)
HTTP/1.1 200 OK
Content-Length: 93
Content-Type: application/json; charset=utf-8
cache-control: no-cache

14:31:13.117 [AsyncHttpClient-1-3] DEBUG org.asynchttpclient.netty.channel.ChannelManager - Adding key: http://localhost:11155 for channel [id: 0xc90c1430, L:/127.0.0.1:59275 - R:localhost/127.0.0.1:11155]
14:31:13.139 [Forwarding getAlertText on session d39eb201903141e7e7f8491d69e95641 to remote] DEBUG org.asynchttpclient.netty.request.NettyRequestSender - Using pooled Channel '[id: 0xc90c1430, L:/127.0.0.1:59275 - R:localhost/127.0.0.1:11155]' for 'GET' to 'http://localhost:11155/session/d39eb201903141e7e7f8491d69e95641/alert/text'
14:31:13.139 [Forwarding getAlertText on session d39eb201903141e7e7f8491d69e95641 to remote] DEBUG org.asynchttpclient.netty.request.NettyRequestSender - Using open Channel [id: 0xc90c1430, L:/127.0.0.1:59275 - R:localhost/127.0.0.1:11155] for GET '/session/d39eb201903141e7e7f8491d69e95641/alert/text'
14:31:13.139 [AsyncHttpClient-1-3] DEBUG org.asynchttpclient.netty.handler.HttpHandler - 

Request DefaultFullHttpRequest(decodeResult: success, version: HTTP/1.1, content: EmptyByteBufBE)
GET /session/d39eb201903141e7e7f8491d69e95641/alert/text HTTP/1.1
User-Agent: selenium/4.8.1 (java windows)
Cache-Control: no-cache
Content-Type: application/json; charset=utf-8
host: localhost:11155
accept: */*

Response DefaultHttpResponse(decodeResult: success, version: HTTP/1.1)
HTTP/1.1 404 Not Found
Content-Length: 821
Content-Type: application/json; charset=utf-8
cache-control: no-cache

14:31:13.139 [AsyncHttpClient-1-3] DEBUG org.asynchttpclient.netty.channel.ChannelManager - Adding key: http://localhost:11155 for channel [id: 0xc90c1430, L:/127.0.0.1:59275 - R:localhost/127.0.0.1:11155]
14:31:13.291 [AsyncHttpClient-1-1] DEBUG org.asynchttpclient.netty.channel.DefaultChannelPool - Entry count for : http://localhost:11155 : 1
14:31:13.291 [AsyncHttpClient-1-1] DEBUG org.asynchttpclient.netty.channel.DefaultChannelPool - Entry count for : http://localhost:59276 : 1
14:31:13.642 [Forwarding getAlertText on session d39eb201903141e7e7f8491d69e95641 to remote] DEBUG org.asynchttpclient.netty.request.NettyRequestSender - Using pooled Channel '[id: 0xc90c1430, L:/127.0.0.1:59275 - R:localhost/127.0.0.1:11155]' for 'GET' to 'http://localhost:11155/session/d39eb201903141e7e7f8491d69e95641/alert/text'
14:31:13.642 [Forwarding getAlertText on session d39eb201903141e7e7f8491d69e95641 to remote] DEBUG org.asynchttpclient.netty.request.NettyRequestSender - Using open Channel [id: 0xc90c1430, L:/127.0.0.1:59275 - R:localhost/127.0.0.1:11155] for GET '/session/d39eb201903141e7e7f8491d69e95641/alert/text'
14:31:13.642 [AsyncHttpClient-1-3] DEBUG org.asynchttpclient.netty.handler.HttpHandler - 

Request DefaultFullHttpRequest(decodeResult: success, version: HTTP/1.1, content: EmptyByteBufBE)
GET /session/d39eb201903141e7e7f8491d69e95641/alert/text HTTP/1.1
User-Agent: selenium/4.8.1 (java windows)
Cache-Control: no-cache
Content-Type: application/json; charset=utf-8
host: localhost:11155
accept: */*

Response DefaultHttpResponse(decodeResult: success, version: HTTP/1.1)
HTTP/1.1 404 Not Found
Content-Length: 821
Content-Type: application/json; charset=utf-8
cache-control: no-cache

14:31:13.642 [AsyncHttpClient-1-3] DEBUG org.asynchttpclient.netty.channel.ChannelManager - Adding key: http://localhost:11155 for channel [id: 0xc90c1430, L:/127.0.0.1:59275 - R:localhost/127.0.0.1:11155]
14:31:13.642 [Forwarding getCurrentUrl on session d39eb201903141e7e7f8491d69e95641 to remote] DEBUG org.asynchttpclient.netty.request.NettyRequestSender - Using pooled Channel '[id: 0xc90c1430, L:/127.0.0.1:59275 - R:localhost/127.0.0.1:11155]' for 'GET' to 'http://localhost:11155/session/d39eb201903141e7e7f8491d69e95641/url'
14:31:13.642 [Forwarding getCurrentUrl on session d39eb201903141e7e7f8491d69e95641 to remote] DEBUG org.asynchttpclient.netty.request.NettyRequestSender - Using open Channel [id: 0xc90c1430, L:/127.0.0.1:59275 - R:localhost/127.0.0.1:11155] for GET '/session/d39eb201903141e7e7f8491d69e95641/url'
14:31:13.657 [AsyncHttpClient-1-3] DEBUG org.asynchttpclient.netty.handler.HttpHandler - 

Request DefaultFullHttpRequest(decodeResult: success, version: HTTP/1.1, content: EmptyByteBufBE)
GET /session/d39eb201903141e7e7f8491d69e95641/url HTTP/1.1
User-Agent: selenium/4.8.1 (java windows)
Cache-Control: no-cache
Content-Type: application/json; charset=utf-8
host: localhost:11155
accept: */*

Response DefaultHttpResponse(decodeResult: success, version: HTTP/1.1)
HTTP/1.1 200 OK
Content-Length: 93
Content-Type: application/json; charset=utf-8
cache-control: no-cache

14:31:13.657 [AsyncHttpClient-1-3] DEBUG org.asynchttpclient.netty.channel.ChannelManager - Adding key: http://localhost:11155 for channel [id: 0xc90c1430, L:/127.0.0.1:59275 - R:localhost/127.0.0.1:11155]
14:31:13.657 [Forwarding screenshot on session d39eb201903141e7e7f8491d69e95641 to remote] DEBUG org.asynchttpclient.netty.request.NettyRequestSender - Using pooled Channel '[id: 0xc90c1430, L:/127.0.0.1:59275 - R:localhost/127.0.0.1:11155]' for 'GET' to 'http://localhost:11155/session/d39eb201903141e7e7f8491d69e95641/screenshot'
14:31:13.657 [Forwarding screenshot on session d39eb201903141e7e7f8491d69e95641 to remote] DEBUG org.asynchttpclient.netty.request.NettyRequestSender - Using open Channel [id: 0xc90c1430, L:/127.0.0.1:59275 - R:localhost/127.0.0.1:11155] for GET '/session/d39eb201903141e7e7f8491d69e95641/screenshot'
14:31:14.216 [AsyncHttpClient-1-3] DEBUG org.asynchttpclient.netty.handler.HttpHandler - 

Request DefaultFullHttpRequest(decodeResult: success, version: HTTP/1.1, content: EmptyByteBufBE)
GET /session/d39eb201903141e7e7f8491d69e95641/screenshot HTTP/1.1
User-Agent: selenium/4.8.1 (java windows)
Cache-Control: no-cache
Content-Type: application/json; charset=utf-8
host: localhost:11155
accept: */*

Response DefaultHttpResponse(decodeResult: success, version: HTTP/1.1)
HTTP/1.1 200 OK
Content-Length: 887676
Content-Type: application/json; charset=utf-8
cache-control: no-cache

14:31:14.216 [AsyncHttpClient-1-3] DEBUG org.asynchttpclient.netty.channel.ChannelManager - Adding key: http://localhost:11155 for channel [id: 0xc90c1430, L:/127.0.0.1:59275 - R:localhost/127.0.0.1:11155]
14:31:14.264 [main] DEBUG net.serenitybdd.core.photography.Darkroom - Send negative for processing for target\site\serenity\d5a2cb2297ef7ed75b030fae0282f3f17e103e8a13ac85c1961d998b325cefba.png
14:31:14.269 [Forwarding getPageSource on session d39eb201903141e7e7f8491d69e95641 to remote] DEBUG org.asynchttpclient.netty.request.NettyRequestSender - Using pooled Channel '[id: 0xc90c1430, L:/127.0.0.1:59275 - R:localhost/127.0.0.1:11155]' for 'POST' to 'http://localhost:11155/session/d39eb201903141e7e7f8491d69e95641/execute/sync'
14:31:14.269 [Forwarding getPageSource on session d39eb201903141e7e7f8491d69e95641 to remote] DEBUG org.asynchttpclient.netty.request.NettyRequestSender - Using open Channel [id: 0xc90c1430, L:/127.0.0.1:59275 - R:localhost/127.0.0.1:11155] for POST '/session/d39eb201903141e7e7f8491d69e95641/execute/sync'
14:31:14.290 [AsyncHttpClient-1-3] DEBUG org.asynchttpclient.netty.handler.HttpHandler - 

Request DefaultHttpRequest(decodeResult: success, version: HTTP/1.1)
POST /session/d39eb201903141e7e7f8491d69e95641/execute/sync HTTP/1.1
User-Agent: selenium/4.8.1 (java windows)
Content-Length: 176
Content-Type: application/json; charset=utf-8
host: localhost:11155
accept: */*

Response DefaultHttpResponse(decodeResult: success, version: HTTP/1.1)
HTTP/1.1 200 OK
Content-Length: 88631
Content-Type: application/json; charset=utf-8
cache-control: no-cache

14:31:14.291 [AsyncHttpClient-1-3] DEBUG org.asynchttpclient.netty.channel.ChannelManager - Adding key: http://localhost:11155 for channel [id: 0xc90c1430, L:/127.0.0.1:59275 - R:localhost/127.0.0.1:11155]
14:31:14.301 [Forwarding getCurrentUrl on session d39eb201903141e7e7f8491d69e95641 to remote] DEBUG org.asynchttpclient.netty.request.NettyRequestSender - Using pooled Channel '[id: 0xc90c1430, L:/127.0.0.1:59275 - R:localhost/127.0.0.1:11155]' for 'GET' to 'http://localhost:11155/session/d39eb201903141e7e7f8491d69e95641/url'
14:31:14.301 [Forwarding getCurrentUrl on session d39eb201903141e7e7f8491d69e95641 to remote] DEBUG org.asynchttpclient.netty.request.NettyRequestSender - Using open Channel [id: 0xc90c1430, L:/127.0.0.1:59275 - R:localhost/127.0.0.1:11155] for GET '/session/d39eb201903141e7e7f8491d69e95641/url'
14:31:14.306 [AsyncHttpClient-1-3] DEBUG org.asynchttpclient.netty.handler.HttpHandler - 

Request DefaultFullHttpRequest(decodeResult: success, version: HTTP/1.1, content: EmptyByteBufBE)
GET /session/d39eb201903141e7e7f8491d69e95641/url HTTP/1.1
User-Agent: selenium/4.8.1 (java windows)
Cache-Control: no-cache
Content-Type: application/json; charset=utf-8
host: localhost:11155
accept: */*

Response DefaultHttpResponse(decodeResult: success, version: HTTP/1.1)
HTTP/1.1 200 OK
Content-Length: 93
Content-Type: application/json; charset=utf-8
cache-control: no-cache

14:31:14.306 [AsyncHttpClient-1-3] DEBUG org.asynchttpclient.netty.channel.ChannelManager - Adding key: http://localhost:11155 for channel [id: 0xc90c1430, L:/127.0.0.1:59275 - R:localhost/127.0.0.1:11155]
14:31:14.312 [main] DEBUG net.thucydides.core.steps.StepInterceptor - STARTING STEP: Afrexim_NeedHelp_Step.verify_thanks_for_contacting_us_page - Verify_thanks_for_contacting_page
14:31:14.312 [Forwarding findElement on session d39eb201903141e7e7f8491d69e95641 to remote] DEBUG org.asynchttpclient.netty.request.NettyRequestSender - Using pooled Channel '[id: 0xc90c1430, L:/127.0.0.1:59275 - R:localhost/127.0.0.1:11155]' for 'POST' to 'http://localhost:11155/session/d39eb201903141e7e7f8491d69e95641/element'
14:31:14.312 [Forwarding findElement on session d39eb201903141e7e7f8491d69e95641 to remote] DEBUG org.asynchttpclient.netty.request.NettyRequestSender - Using open Channel [id: 0xc90c1430, L:/127.0.0.1:59275 - R:localhost/127.0.0.1:11155] for POST '/session/d39eb201903141e7e7f8491d69e95641/element'
14:31:14.338 [AsyncHttpClient-1-3] DEBUG org.asynchttpclient.netty.handler.HttpHandler - 

Request DefaultHttpRequest(decodeResult: success, version: HTTP/1.1)
POST /session/d39eb201903141e7e7f8491d69e95641/element HTTP/1.1
User-Agent: selenium/4.8.1 (java windows)
Content-Length: 127
Content-Type: application/json; charset=utf-8
host: localhost:11155
accept: */*

Response DefaultHttpResponse(decodeResult: success, version: HTTP/1.1)
HTTP/1.1 200 OK
Content-Length: 95
Content-Type: application/json; charset=utf-8
cache-control: no-cache

14:31:14.338 [AsyncHttpClient-1-3] DEBUG org.asynchttpclient.netty.channel.ChannelManager - Adding key: http://localhost:11155 for channel [id: 0xc90c1430, L:/127.0.0.1:59275 - R:localhost/127.0.0.1:11155]
14:31:14.338 [Forwarding isElementDisplayed on session d39eb201903141e7e7f8491d69e95641 to remote] DEBUG org.asynchttpclient.netty.request.NettyRequestSender - Using pooled Channel '[id: 0xc90c1430, L:/127.0.0.1:59275 - R:localhost/127.0.0.1:11155]' for 'POST' to 'http://localhost:11155/session/d39eb201903141e7e7f8491d69e95641/execute/sync'
14:31:14.338 [Forwarding isElementDisplayed on session d39eb201903141e7e7f8491d69e95641 to remote] DEBUG org.asynchttpclient.netty.request.NettyRequestSender - Using open Channel [id: 0xc90c1430, L:/127.0.0.1:59275 - R:localhost/127.0.0.1:11155] for POST '/session/d39eb201903141e7e7f8491d69e95641/execute/sync'
14:31:14.365 [AsyncHttpClient-1-3] DEBUG org.asynchttpclient.netty.handler.HttpHandler - 

Request DefaultHttpRequest(decodeResult: success, version: HTTP/1.1)
POST /session/d39eb201903141e7e7f8491d69e95641/execute/sync HTTP/1.1
User-Agent: selenium/4.8.1 (java windows)
Content-Length: 48814
Content-Type: application/json; charset=utf-8
host: localhost:11155
accept: */*

Response DefaultHttpResponse(decodeResult: success, version: HTTP/1.1)
HTTP/1.1 200 OK
Content-Length: 14
Content-Type: application/json; charset=utf-8
cache-control: no-cache

14:31:14.365 [AsyncHttpClient-1-3] DEBUG org.asynchttpclient.netty.channel.ChannelManager - Adding key: http://localhost:11155 for channel [id: 0xc90c1430, L:/127.0.0.1:59275 - R:localhost/127.0.0.1:11155]
14:31:14.370 [Forwarding getAlertText on session d39eb201903141e7e7f8491d69e95641 to remote] DEBUG org.asynchttpclient.netty.request.NettyRequestSender - Using pooled Channel '[id: 0xc90c1430, L:/127.0.0.1:59275 - R:localhost/127.0.0.1:11155]' for 'GET' to 'http://localhost:11155/session/d39eb201903141e7e7f8491d69e95641/alert/text'
14:31:14.370 [Forwarding getAlertText on session d39eb201903141e7e7f8491d69e95641 to remote] DEBUG org.asynchttpclient.netty.request.NettyRequestSender - Using open Channel [id: 0xc90c1430, L:/127.0.0.1:59275 - R:localhost/127.0.0.1:11155] for GET '/session/d39eb201903141e7e7f8491d69e95641/alert/text'
14:31:14.376 [AsyncHttpClient-1-3] DEBUG org.asynchttpclient.netty.handler.HttpHandler - 

Request DefaultFullHttpRequest(decodeResult: success, version: HTTP/1.1, content: EmptyByteBufBE)
GET /session/d39eb201903141e7e7f8491d69e95641/alert/text HTTP/1.1
User-Agent: selenium/4.8.1 (java windows)
Cache-Control: no-cache
Content-Type: application/json; charset=utf-8
host: localhost:11155
accept: */*

Response DefaultHttpResponse(decodeResult: success, version: HTTP/1.1)
HTTP/1.1 404 Not Found
Content-Length: 821
Content-Type: application/json; charset=utf-8
cache-control: no-cache

14:31:14.376 [AsyncHttpClient-1-3] DEBUG org.asynchttpclient.netty.channel.ChannelManager - Adding key: http://localhost:11155 for channel [id: 0xc90c1430, L:/127.0.0.1:59275 - R:localhost/127.0.0.1:11155]
14:31:14.376 [Forwarding getCurrentUrl on session d39eb201903141e7e7f8491d69e95641 to remote] DEBUG org.asynchttpclient.netty.request.NettyRequestSender - Using pooled Channel '[id: 0xc90c1430, L:/127.0.0.1:59275 - R:localhost/127.0.0.1:11155]' for 'GET' to 'http://localhost:11155/session/d39eb201903141e7e7f8491d69e95641/url'
14:31:14.376 [Forwarding getCurrentUrl on session d39eb201903141e7e7f8491d69e95641 to remote] DEBUG org.asynchttpclient.netty.request.NettyRequestSender - Using open Channel [id: 0xc90c1430, L:/127.0.0.1:59275 - R:localhost/127.0.0.1:11155] for GET '/session/d39eb201903141e7e7f8491d69e95641/url'
14:31:14.387 [AsyncHttpClient-1-1] DEBUG org.asynchttpclient.netty.channel.DefaultChannelPool - Entry count for : http://localhost:59276 : 1
14:31:14.387 [AsyncHttpClient-1-3] DEBUG org.asynchttpclient.netty.handler.HttpHandler - 

Request DefaultFullHttpRequest(decodeResult: success, version: HTTP/1.1, content: EmptyByteBufBE)
GET /session/d39eb201903141e7e7f8491d69e95641/url HTTP/1.1
User-Agent: selenium/4.8.1 (java windows)
Cache-Control: no-cache
Content-Type: application/json; charset=utf-8
host: localhost:11155
accept: */*

Response DefaultHttpResponse(decodeResult: success, version: HTTP/1.1)
HTTP/1.1 200 OK
Content-Length: 93
Content-Type: application/json; charset=utf-8
cache-control: no-cache

14:31:14.387 [AsyncHttpClient-1-3] DEBUG org.asynchttpclient.netty.channel.ChannelManager - Adding key: http://localhost:11155 for channel [id: 0xc90c1430, L:/127.0.0.1:59275 - R:localhost/127.0.0.1:11155]
14:31:14.387 [Forwarding screenshot on session d39eb201903141e7e7f8491d69e95641 to remote] DEBUG org.asynchttpclient.netty.request.NettyRequestSender - Using pooled Channel '[id: 0xc90c1430, L:/127.0.0.1:59275 - R:localhost/127.0.0.1:11155]' for 'GET' to 'http://localhost:11155/session/d39eb201903141e7e7f8491d69e95641/screenshot'
14:31:14.387 [Forwarding screenshot on session d39eb201903141e7e7f8491d69e95641 to remote] DEBUG org.asynchttpclient.netty.request.NettyRequestSender - Using open Channel [id: 0xc90c1430, L:/127.0.0.1:59275 - R:localhost/127.0.0.1:11155] for GET '/session/d39eb201903141e7e7f8491d69e95641/screenshot'
14:31:14.933 [AsyncHttpClient-1-3] DEBUG org.asynchttpclient.netty.handler.HttpHandler - 

Request DefaultFullHttpRequest(decodeResult: success, version: HTTP/1.1, content: EmptyByteBufBE)
GET /session/d39eb201903141e7e7f8491d69e95641/screenshot HTTP/1.1
User-Agent: selenium/4.8.1 (java windows)
Cache-Control: no-cache
Content-Type: application/json; charset=utf-8
host: localhost:11155
accept: */*

Response DefaultHttpResponse(decodeResult: success, version: HTTP/1.1)
HTTP/1.1 200 OK
Content-Length: 887676
Content-Type: application/json; charset=utf-8
cache-control: no-cache

14:31:14.933 [AsyncHttpClient-1-3] DEBUG org.asynchttpclient.netty.channel.ChannelManager - Adding key: http://localhost:11155 for channel [id: 0xc90c1430, L:/127.0.0.1:59275 - R:localhost/127.0.0.1:11155]
14:31:14.984 [main] DEBUG net.serenitybdd.core.photography.Darkroom - Send negative for processing for target\site\serenity\d5a2cb2297ef7ed75b030fae0282f3f17e103e8a13ac85c1961d998b325cefba.png
14:31:14.984 [main] DEBUG net.thucydides.core.steps.StepInterceptor - STEP DONE: Verify_thanks_for_contacting_page
14:31:15.006 [AsyncHttpClient-1-5] DEBUG org.asynchttpclient.netty.handler.WebSocketHandler - Channel Closed: [id: 0xe6dfbf83, L:/127.0.0.1:59282 ! R:localhost/127.0.0.1:59276] with attribute NettyResponseFuture{currentRetry=0,
	isDone=1,
	isCancelled=0,
	asyncHandler=org.asynchttpclient.ws.WebSocketUpgradeHandler@20063400,
	nettyRequest=org.asynchttpclient.netty.request.NettyRequest@2769d7f4,
	future=java.util.concurrent.CompletableFuture@2941dae1[Completed normally],
	uri=ws://localhost:59276/devtools/browser/2b09e438-a9d2-41be-8666-b57891b6c403,
	keepAlive=true,
	redirectCount=0,
	timeoutsHolder=null,
	inAuth=0,
	touch=1689757236081}
14:31:15.006 [AsyncHttpClient-1-5] DEBUG org.asynchttpclient.netty.channel.ChannelManager - Closing Channel [id: 0xe6dfbf83, L:/127.0.0.1:59282 ! R:localhost/127.0.0.1:59276] 
14:31:15.006 [Driver Command Executor] DEBUG org.asynchttpclient.netty.request.NettyRequestSender - Using pooled Channel '[id: 0xc90c1430, L:/127.0.0.1:59275 - R:localhost/127.0.0.1:11155]' for 'DELETE' to 'http://localhost:11155/session/d39eb201903141e7e7f8491d69e95641'
14:31:15.006 [Driver Command Executor] DEBUG org.asynchttpclient.netty.request.NettyRequestSender - Using open Channel [id: 0xc90c1430, L:/127.0.0.1:59275 - R:localhost/127.0.0.1:11155] for DELETE '/session/d39eb201903141e7e7f8491d69e95641'
14:31:15.245 [AsyncHttpClient-1-4] DEBUG org.asynchttpclient.netty.handler.HttpHandler - Unexpected I/O exception on channel [id: 0xdb1207c8, L:/127.0.0.1:59281 - R:localhost/127.0.0.1:59276]
java.io.IOException: An existing connection was forcibly closed by the remote host
	at sun.nio.ch.SocketDispatcher.read0(Native Method)
	at sun.nio.ch.SocketDispatcher.read(SocketDispatcher.java:43)
	at sun.nio.ch.IOUtil.readIntoNativeBuffer(IOUtil.java:223)
	at sun.nio.ch.IOUtil.read(IOUtil.java:192)
	at sun.nio.ch.SocketChannelImpl.read(SocketChannelImpl.java:380)
	at io.netty.buffer.PooledByteBuf.setBytes(PooledByteBuf.java:259)
	at io.netty.buffer.AbstractByteBuf.writeBytes(AbstractByteBuf.java:1132)
	at io.netty.channel.socket.nio.NioSocketChannel.doReadBytes(NioSocketChannel.java:357)
	at io.netty.channel.nio.AbstractNioByteChannel$NioByteUnsafe.read(AbstractNioByteChannel.java:151)
	at io.netty.channel.nio.NioEventLoop.processSelectedKey(NioEventLoop.java:788)
	at io.netty.channel.nio.NioEventLoop.processSelectedKeysOptimized(NioEventLoop.java:724)
	at io.netty.channel.nio.NioEventLoop.processSelectedKeys(NioEventLoop.java:650)
	at io.netty.channel.nio.NioEventLoop.run(NioEventLoop.java:562)
	at io.netty.util.concurrent.SingleThreadEventExecutor$4.run(SingleThreadEventExecutor.java:997)
	at io.netty.util.internal.ThreadExecutorMap$2.run(ThreadExecutorMap.java:74)
	at io.netty.util.concurrent.FastThreadLocalRunnable.run(FastThreadLocalRunnable.java:30)
	at java.lang.Thread.run(Thread.java:748)
14:31:15.245 [AsyncHttpClient-1-4] DEBUG org.asynchttpclient.netty.channel.ChannelManager - Closing Channel [id: 0xdb1207c8, L:/127.0.0.1:59281 - R:localhost/127.0.0.1:59276] 
14:31:15.245 [AsyncHttpClient-1-4] DEBUG org.asynchttpclient.netty.handler.HttpHandler - Channel Closed: [id: 0xdb1207c8, L:/127.0.0.1:59281 ! R:localhost/127.0.0.1:59276] with attribute DISCARD
14:31:15.336 [AsyncHttpClient-1-3] DEBUG org.asynchttpclient.netty.handler.HttpHandler - 

Request DefaultFullHttpRequest(decodeResult: success, version: HTTP/1.1, content: EmptyByteBufBE)
DELETE /session/d39eb201903141e7e7f8491d69e95641 HTTP/1.1
User-Agent: selenium/4.8.1 (java windows)
Content-Type: application/json; charset=utf-8
host: localhost:11155
accept: */*

Response DefaultHttpResponse(decodeResult: success, version: HTTP/1.1)
HTTP/1.1 200 OK
Content-Length: 14
Content-Type: application/json; charset=utf-8
cache-control: no-cache

14:31:15.336 [AsyncHttpClient-1-3] DEBUG org.asynchttpclient.netty.channel.ChannelManager - Adding key: http://localhost:11155 for channel [id: 0xc90c1430, L:/127.0.0.1:59275 - R:localhost/127.0.0.1:11155]
14:31:15.491 [AsyncHttpClient-1-1] DEBUG org.asynchttpclient.netty.channel.DefaultChannelPool - Entry count for : http://localhost:11155 : 1
14:31:15.491 [AsyncHttpClient-1-1] DEBUG org.asynchttpclient.netty.channel.DefaultChannelPool - Entry count for : http://localhost:59276 : 1
14:31:15.491 [AsyncHttpClient-1-1] DEBUG org.asynchttpclient.netty.channel.DefaultChannelPool - Adding Candidate expired Channel [id: 0xdb1207c8, L:/127.0.0.1:59281 ! R:localhost/127.0.0.1:59276] isIdleTimeoutExpired=false isRemotelyClosed=true isTtlExpired=false
14:31:15.491 [AsyncHttpClient-1-1] DEBUG org.asynchttpclient.netty.channel.DefaultChannelPool - Closing Idle Channel [id: 0xdb1207c8, L:/127.0.0.1:59281 ! R:localhost/127.0.0.1:59276]
14:31:15.491 [AsyncHttpClient-1-1] DEBUG org.asynchttpclient.netty.channel.DefaultChannelPool - Closed 1 connections out of 2 in 0 ms
14:31:15.592 [AsyncHttpClient-1-3] DEBUG org.asynchttpclient.netty.handler.HttpHandler - Channel Closed: [id: 0xc90c1430, L:/127.0.0.1:59275 ! R:localhost/127.0.0.1:11155] with attribute DISCARD
14:31:16.110 [main] INFO  - 
  _____   ___   ___   _____     ___     _     ___   ___   ___   ___  
 |_   _| | __| / __| |_   _|   | _ \   /_\   / __| / __| | __| |   \ 
   | |   | _|  \__ \   | |     |  _/  / _ \  \__ \ \__ \ | _|  | |) |
   |_|   |___| |___/   |_|     |_|   /_/ \_\ |___/ |___/ |___| |___/ 

To test the need help functionality
----------------------------------------------------------------------
]]></system-out>
    <system-err><![CDATA[Starting ChromeDriver 114.0.5735.90 (386bc09e8f4f2e025eddae123f36f6263096ae49-refs/branch-heads/5735@{#1052}) on port 11155
Only local connections are allowed.
Please see https://chromedriver.chromium.org/security-considerations for suggestions on keeping ChromeDriver safe.
ChromeDriver was started successfully.
Jul 19, 2023 2:30:36 PM org.openqa.selenium.devtools.CdpVersionFinder findNearestMatch
WARNING: Unable to find an exact match for CDP version 114, so returning the closest version found: 110
]]></system-err>
  </testcase>
  <testcase name="To Test the Investers Option in Afrexim Bank" classname="To validate the Functionality of Investers Option in Afrexim Bank" time="39.041">
    <system-out><![CDATA[14:31:16.115 [main] DEBUG io.cucumber.core.plugin.SerenityReporter - Running feature from file:///C:/Users/hp/eclipse-workspace/AfreximBank_SerenityBDD_Framework/src/test/resources/Afrexim_features/Afreximbank_Investors.feature
14:31:16.115 [main] WARN io.cucumber.core.plugin.SerenityReporter - Feature from file:///C:/Users/hp/eclipse-workspace/AfreximBank_SerenityBDD_Framework/src/test/resources/Afrexim_features/Afreximbank_Investors.feature is not under the 'features' directory. Requirements report will not be correctly generated!
14:31:16.115 [main] DEBUG net.thucydides.core.steps.StepEventBus - Test suite started for story net.thucydides.core.model.Story@e70f621a
14:31:16.115 [main] INFO  - Test Suite Started: To validate the Functionality of Investers Option in Afrexim Bank
14:31:16.131 [main] DEBUG io.cucumber.core.plugin.SerenityReporter - Running feature from file:///C:/Users/hp/eclipse-workspace/AfreximBank_SerenityBDD_Framework/src/test/resources/Afrexim_features/Afreximbank_Investors.feature
14:31:16.131 [main] WARN io.cucumber.core.plugin.SerenityReporter - Feature from file:///C:/Users/hp/eclipse-workspace/AfreximBank_SerenityBDD_Framework/src/test/resources/Afrexim_features/Afreximbank_Investors.feature is not under the 'features' directory. Requirements report will not be correctly generated!
14:31:16.141 [main] INFO  - 
  _____   ___   ___   _____     ___   _____     _     ___   _____   ___   ___  
 |_   _| | __| / __| |_   _|   / __| |_   _|   /_\   | _ \ |_   _| | __| |   \ 
   | |   | _|  \__ \   | |     \__ \   | |    / _ \  |   /   | |   | _|  | |) |
   |_|   |___| |___/   |_|     |___/   |_|   /_/ \_\ |_|_\   |_|   |___| |___/ 

To Test the Investers Option in Afrexim Bank(to-validate-the-functionality-of-investers-option-in-afrexim-bank;to-test-the-investers-option-in-afrexim-bank)
--------------------------------------------------------------------------------
14:31:16.253 [main] INFO net.serenitybdd.core.webdriver.driverproviders.ChromeDriverProvider - Starting Chrome driver instance with capabilities:
14:31:16.253 [main] INFO net.serenitybdd.core.webdriver.driverproviders.ChromeDriverProvider - Capabilities {acceptInsecureCerts: false, browserName: chrome, goog:chromeOptions: {args: [remote-allow-origins=*], extensions: []}}
14:31:16.603 [AsyncHttpClient-1-1] DEBUG org.asynchttpclient.netty.channel.DefaultChannelPool - Entry count for : http://localhost:11155 : 1
14:31:16.603 [AsyncHttpClient-1-1] DEBUG org.asynchttpclient.netty.channel.DefaultChannelPool - Adding Candidate expired Channel [id: 0xc90c1430, L:/127.0.0.1:59275 ! R:localhost/127.0.0.1:11155] isIdleTimeoutExpired=false isRemotelyClosed=true isTtlExpired=false
14:31:16.603 [AsyncHttpClient-1-1] DEBUG org.asynchttpclient.netty.channel.DefaultChannelPool - Closing Idle Channel [id: 0xc90c1430, L:/127.0.0.1:59275 ! R:localhost/127.0.0.1:11155]
14:31:16.603 [AsyncHttpClient-1-1] DEBUG org.asynchttpclient.netty.channel.DefaultChannelPool - Closed 1 connections out of 1 in 0 ms
14:31:17.310 [AsyncHttpClient-1-6] DEBUG org.asynchttpclient.netty.channel.NettyConnectListener - Using new Channel '[id: 0xcb08455d, L:/127.0.0.1:59316 - R:localhost/127.0.0.1:13679]' for 'POST' to '/session'
14:31:19.417 [AsyncHttpClient-1-6] DEBUG org.asynchttpclient.netty.handler.HttpHandler - 

Request DefaultHttpRequest(decodeResult: success, version: HTTP/1.1)
POST /session HTTP/1.1
User-Agent: selenium/4.8.1 (java windows)
Content-Length: 507
Content-Type: application/json; charset=utf-8
host: localhost:13679
accept: */*

Response DefaultHttpResponse(decodeResult: success, version: HTTP/1.1)
HTTP/1.1 200 OK
Content-Length: 857
Content-Type: application/json; charset=utf-8
cache-control: no-cache

14:31:19.417 [AsyncHttpClient-1-6] DEBUG org.asynchttpclient.netty.channel.ChannelManager - Adding key: http://localhost:13679 for channel [id: 0xcb08455d, L:/127.0.0.1:59316 - R:localhost/127.0.0.1:13679]
14:31:19.515 [AsyncHttpClient-1-7] DEBUG org.asynchttpclient.netty.channel.NettyConnectListener - Using new Channel '[id: 0x1c8731a8, L:/127.0.0.1:59323 - R:localhost/127.0.0.1:59317]' for 'GET' to '/json/version'
14:31:19.518 [AsyncHttpClient-1-7] DEBUG org.asynchttpclient.netty.handler.HttpHandler - 

Request DefaultFullHttpRequest(decodeResult: success, version: HTTP/1.1, content: EmptyByteBufBE)
GET /json/version HTTP/1.1
User-Agent: selenium/4.8.1 (java windows)
host: localhost:59317
accept: */*

Response DefaultHttpResponse(decodeResult: success, version: HTTP/1.1)
HTTP/1.1 200 OK
Content-Security-Policy: frame-ancestors 'none'
Content-Length: 424
Content-Type: application/json; charset=UTF-8

14:31:19.518 [AsyncHttpClient-1-7] DEBUG org.asynchttpclient.netty.channel.ChannelManager - Adding key: http://localhost:59317 for channel [id: 0x1c8731a8, L:/127.0.0.1:59323 - R:localhost/127.0.0.1:59317]
14:31:19.522 [AsyncHttpClient-1-8] DEBUG org.asynchttpclient.netty.channel.NettyConnectListener - Using new Channel '[id: 0xdae28d21, L:/127.0.0.1:59324 - R:localhost/127.0.0.1:59317]' for 'GET' to '/devtools/browser/738a85af-a29c-4e6b-94f2-d1922c785b54'
14:31:19.528 [AsyncHttpClient-1-8] DEBUG org.asynchttpclient.netty.handler.WebSocketHandler - 

Request DefaultFullHttpRequest(decodeResult: success, version: HTTP/1.1, content: EmptyByteBufBE)
GET /devtools/browser/738a85af-a29c-4e6b-94f2-d1922c785b54 HTTP/1.1
upgrade: websocket
connection: upgrade
sec-websocket-key: oKVmhnX/n71+7Rld9gaawQ==
sec-websocket-version: 13
origin: http://localhost:59317
host: localhost:59317
accept: */*
user-agent: AHC/2.1

Response DefaultHttpResponse(decodeResult: success, version: HTTP/1.1)
HTTP/1.1 101 WebSocket Protocol Handshake
Upgrade: WebSocket
Connection: Upgrade
Sec-WebSocket-Accept: a6sU5Pkf/74JMzVnDoQb1Udw5Do=

14:31:19.539 [Forwarding get on session 6cb4c9b7ec3392fb6fea501470ab9d5e to remote] DEBUG org.asynchttpclient.netty.request.NettyRequestSender - Using pooled Channel '[id: 0xcb08455d, L:/127.0.0.1:59316 - R:localhost/127.0.0.1:13679]' for 'POST' to 'http://localhost:13679/session/6cb4c9b7ec3392fb6fea501470ab9d5e/url'
14:31:19.539 [Forwarding get on session 6cb4c9b7ec3392fb6fea501470ab9d5e to remote] DEBUG org.asynchttpclient.netty.request.NettyRequestSender - Using open Channel [id: 0xcb08455d, L:/127.0.0.1:59316 - R:localhost/127.0.0.1:13679] for POST '/session/6cb4c9b7ec3392fb6fea501470ab9d5e/url'
14:31:19.889 [AsyncHttpClient-1-1] DEBUG org.asynchttpclient.netty.channel.DefaultChannelPool - Entry count for : http://localhost:59317 : 1
14:31:20.992 [AsyncHttpClient-1-1] DEBUG org.asynchttpclient.netty.channel.DefaultChannelPool - Entry count for : http://localhost:59317 : 1
14:31:22.090 [AsyncHttpClient-1-1] DEBUG org.asynchttpclient.netty.channel.DefaultChannelPool - Entry count for : http://localhost:59317 : 1
14:31:23.188 [AsyncHttpClient-1-1] DEBUG org.asynchttpclient.netty.channel.DefaultChannelPool - Entry count for : http://localhost:59317 : 1
14:31:24.287 [AsyncHttpClient-1-1] DEBUG org.asynchttpclient.netty.channel.DefaultChannelPool - Entry count for : http://localhost:59317 : 1
14:31:24.343 [AsyncHttpClient-1-6] DEBUG org.asynchttpclient.netty.handler.HttpHandler - 

Request DefaultHttpRequest(decodeResult: success, version: HTTP/1.1)
POST /session/6cb4c9b7ec3392fb6fea501470ab9d5e/url HTTP/1.1
User-Agent: selenium/4.8.1 (java windows)
Content-Length: 58
Content-Type: application/json; charset=utf-8
host: localhost:13679
accept: */*

Response DefaultHttpResponse(decodeResult: success, version: HTTP/1.1)
HTTP/1.1 200 OK
Content-Length: 14
Content-Type: application/json; charset=utf-8
cache-control: no-cache

14:31:24.343 [AsyncHttpClient-1-6] DEBUG org.asynchttpclient.netty.channel.ChannelManager - Adding key: http://localhost:13679 for channel [id: 0xcb08455d, L:/127.0.0.1:59316 - R:localhost/127.0.0.1:13679]
14:31:24.344 [Forwarding setTimeout on session 6cb4c9b7ec3392fb6fea501470ab9d5e to remote] DEBUG org.asynchttpclient.netty.request.NettyRequestSender - Using pooled Channel '[id: 0xcb08455d, L:/127.0.0.1:59316 - R:localhost/127.0.0.1:13679]' for 'POST' to 'http://localhost:13679/session/6cb4c9b7ec3392fb6fea501470ab9d5e/timeouts'
14:31:24.344 [Forwarding setTimeout on session 6cb4c9b7ec3392fb6fea501470ab9d5e to remote] DEBUG org.asynchttpclient.netty.request.NettyRequestSender - Using open Channel [id: 0xcb08455d, L:/127.0.0.1:59316 - R:localhost/127.0.0.1:13679] for POST '/session/6cb4c9b7ec3392fb6fea501470ab9d5e/timeouts'
14:31:24.345 [AsyncHttpClient-1-6] DEBUG org.asynchttpclient.netty.handler.HttpHandler - 

Request DefaultHttpRequest(decodeResult: success, version: HTTP/1.1)
POST /session/6cb4c9b7ec3392fb6fea501470ab9d5e/timeouts HTTP/1.1
User-Agent: selenium/4.8.1 (java windows)
Content-Length: 22
Content-Type: application/json; charset=utf-8
host: localhost:13679
accept: */*

Response DefaultHttpResponse(decodeResult: success, version: HTTP/1.1)
HTTP/1.1 200 OK
Content-Length: 14
Content-Type: application/json; charset=utf-8
cache-control: no-cache

14:31:24.345 [AsyncHttpClient-1-6] DEBUG org.asynchttpclient.netty.channel.ChannelManager - Adding key: http://localhost:13679 for channel [id: 0xcb08455d, L:/127.0.0.1:59316 - R:localhost/127.0.0.1:13679]
14:31:24.346 [Forwarding maximizeCurrentWindow on session 6cb4c9b7ec3392fb6fea501470ab9d5e to remote] DEBUG org.asynchttpclient.netty.request.NettyRequestSender - Using pooled Channel '[id: 0xcb08455d, L:/127.0.0.1:59316 - R:localhost/127.0.0.1:13679]' for 'POST' to 'http://localhost:13679/session/6cb4c9b7ec3392fb6fea501470ab9d5e/window/maximize'
14:31:24.347 [Forwarding maximizeCurrentWindow on session 6cb4c9b7ec3392fb6fea501470ab9d5e to remote] DEBUG org.asynchttpclient.netty.request.NettyRequestSender - Using open Channel [id: 0xcb08455d, L:/127.0.0.1:59316 - R:localhost/127.0.0.1:13679] for POST '/session/6cb4c9b7ec3392fb6fea501470ab9d5e/window/maximize'
14:31:24.708 [AsyncHttpClient-1-6] DEBUG org.asynchttpclient.netty.handler.HttpHandler - 

Request DefaultHttpRequest(decodeResult: success, version: HTTP/1.1)
POST /session/6cb4c9b7ec3392fb6fea501470ab9d5e/window/maximize HTTP/1.1
User-Agent: selenium/4.8.1 (java windows)
Content-Length: 3
Content-Type: application/json; charset=utf-8
host: localhost:13679
accept: */*

Response DefaultHttpResponse(decodeResult: success, version: HTTP/1.1)
HTTP/1.1 200 OK
Content-Length: 51
Content-Type: application/json; charset=utf-8
cache-control: no-cache

14:31:24.708 [AsyncHttpClient-1-6] DEBUG org.asynchttpclient.netty.channel.ChannelManager - Adding key: http://localhost:13679 for channel [id: 0xcb08455d, L:/127.0.0.1:59316 - R:localhost/127.0.0.1:13679]
14:31:24.718 [main] DEBUG net.serenitybdd.core.photography.Darkroom - Opening darkroom
14:31:24.721 [Forwarding getAlertText on session 6cb4c9b7ec3392fb6fea501470ab9d5e to remote] DEBUG org.asynchttpclient.netty.request.NettyRequestSender - Using pooled Channel '[id: 0xcb08455d, L:/127.0.0.1:59316 - R:localhost/127.0.0.1:13679]' for 'GET' to 'http://localhost:13679/session/6cb4c9b7ec3392fb6fea501470ab9d5e/alert/text'
14:31:24.721 [Forwarding getAlertText on session 6cb4c9b7ec3392fb6fea501470ab9d5e to remote] DEBUG org.asynchttpclient.netty.request.NettyRequestSender - Using open Channel [id: 0xcb08455d, L:/127.0.0.1:59316 - R:localhost/127.0.0.1:13679] for GET '/session/6cb4c9b7ec3392fb6fea501470ab9d5e/alert/text'
14:31:24.748 [Darkroom Processing Line] DEBUG net.serenitybdd.core.photography.DarkroomProcessingLine - Darkroom processing line starting up
14:31:24.835 [AsyncHttpClient-1-6] DEBUG org.asynchttpclient.netty.handler.HttpHandler - 

Request DefaultFullHttpRequest(decodeResult: success, version: HTTP/1.1, content: EmptyByteBufBE)
GET /session/6cb4c9b7ec3392fb6fea501470ab9d5e/alert/text HTTP/1.1
User-Agent: selenium/4.8.1 (java windows)
Cache-Control: no-cache
Content-Type: application/json; charset=utf-8
host: localhost:13679
accept: */*

Response DefaultHttpResponse(decodeResult: success, version: HTTP/1.1)
HTTP/1.1 404 Not Found
Content-Length: 821
Content-Type: application/json; charset=utf-8
cache-control: no-cache

14:31:24.836 [AsyncHttpClient-1-6] DEBUG org.asynchttpclient.netty.channel.ChannelManager - Adding key: http://localhost:13679 for channel [id: 0xcb08455d, L:/127.0.0.1:59316 - R:localhost/127.0.0.1:13679]
14:31:24.837 [Forwarding getCurrentUrl on session 6cb4c9b7ec3392fb6fea501470ab9d5e to remote] DEBUG org.asynchttpclient.netty.request.NettyRequestSender - Using pooled Channel '[id: 0xcb08455d, L:/127.0.0.1:59316 - R:localhost/127.0.0.1:13679]' for 'GET' to 'http://localhost:13679/session/6cb4c9b7ec3392fb6fea501470ab9d5e/url'
14:31:24.838 [Forwarding getCurrentUrl on session 6cb4c9b7ec3392fb6fea501470ab9d5e to remote] DEBUG org.asynchttpclient.netty.request.NettyRequestSender - Using open Channel [id: 0xcb08455d, L:/127.0.0.1:59316 - R:localhost/127.0.0.1:13679] for GET '/session/6cb4c9b7ec3392fb6fea501470ab9d5e/url'
14:31:24.934 [AsyncHttpClient-1-6] DEBUG org.asynchttpclient.netty.handler.HttpHandler - 

Request DefaultFullHttpRequest(decodeResult: success, version: HTTP/1.1, content: EmptyByteBufBE)
GET /session/6cb4c9b7ec3392fb6fea501470ab9d5e/url HTTP/1.1
User-Agent: selenium/4.8.1 (java windows)
Cache-Control: no-cache
Content-Type: application/json; charset=utf-8
host: localhost:13679
accept: */*

Response DefaultHttpResponse(decodeResult: success, version: HTTP/1.1)
HTTP/1.1 200 OK
Content-Length: 40
Content-Type: application/json; charset=utf-8
cache-control: no-cache

14:31:24.934 [AsyncHttpClient-1-6] DEBUG org.asynchttpclient.netty.channel.ChannelManager - Adding key: http://localhost:13679 for channel [id: 0xcb08455d, L:/127.0.0.1:59316 - R:localhost/127.0.0.1:13679]
14:31:24.935 [Forwarding screenshot on session 6cb4c9b7ec3392fb6fea501470ab9d5e to remote] DEBUG org.asynchttpclient.netty.request.NettyRequestSender - Using pooled Channel '[id: 0xcb08455d, L:/127.0.0.1:59316 - R:localhost/127.0.0.1:13679]' for 'GET' to 'http://localhost:13679/session/6cb4c9b7ec3392fb6fea501470ab9d5e/screenshot'
14:31:24.935 [Forwarding screenshot on session 6cb4c9b7ec3392fb6fea501470ab9d5e to remote] DEBUG org.asynchttpclient.netty.request.NettyRequestSender - Using open Channel [id: 0xcb08455d, L:/127.0.0.1:59316 - R:localhost/127.0.0.1:13679] for GET '/session/6cb4c9b7ec3392fb6fea501470ab9d5e/screenshot'
14:31:25.389 [AsyncHttpClient-1-1] DEBUG org.asynchttpclient.netty.channel.DefaultChannelPool - Entry count for : http://localhost:59317 : 1
14:31:26.180 [AsyncHttpClient-1-6] DEBUG org.asynchttpclient.netty.handler.HttpHandler - 

Request DefaultFullHttpRequest(decodeResult: success, version: HTTP/1.1, content: EmptyByteBufBE)
GET /session/6cb4c9b7ec3392fb6fea501470ab9d5e/screenshot HTTP/1.1
User-Agent: selenium/4.8.1 (java windows)
Cache-Control: no-cache
Content-Type: application/json; charset=utf-8
host: localhost:13679
accept: */*

Response DefaultHttpResponse(decodeResult: success, version: HTTP/1.1)
HTTP/1.1 200 OK
Content-Length: 2003388
Content-Type: application/json; charset=utf-8
cache-control: no-cache

14:31:26.186 [AsyncHttpClient-1-6] DEBUG org.asynchttpclient.netty.channel.ChannelManager - Adding key: http://localhost:13679 for channel [id: 0xcb08455d, L:/127.0.0.1:59316 - R:localhost/127.0.0.1:13679]
14:31:26.294 [main] DEBUG net.serenitybdd.core.photography.Darkroom - Send negative for processing for target\site\serenity\eefb42ccb8dde2b5f1bae08f03f09b71f2964dee8d658fcd7aca9aafc2b8a1f9.png
14:31:26.300 [Forwarding getPageSource on session 6cb4c9b7ec3392fb6fea501470ab9d5e to remote] DEBUG org.asynchttpclient.netty.request.NettyRequestSender - Using pooled Channel '[id: 0xcb08455d, L:/127.0.0.1:59316 - R:localhost/127.0.0.1:13679]' for 'POST' to 'http://localhost:13679/session/6cb4c9b7ec3392fb6fea501470ab9d5e/execute/sync'
14:31:26.300 [Forwarding getPageSource on session 6cb4c9b7ec3392fb6fea501470ab9d5e to remote] DEBUG org.asynchttpclient.netty.request.NettyRequestSender - Using open Channel [id: 0xcb08455d, L:/127.0.0.1:59316 - R:localhost/127.0.0.1:13679] for POST '/session/6cb4c9b7ec3392fb6fea501470ab9d5e/execute/sync'
14:31:26.331 [AsyncHttpClient-1-6] DEBUG org.asynchttpclient.netty.handler.HttpHandler - 

Request DefaultHttpRequest(decodeResult: success, version: HTTP/1.1)
POST /session/6cb4c9b7ec3392fb6fea501470ab9d5e/execute/sync HTTP/1.1
User-Agent: selenium/4.8.1 (java windows)
Content-Length: 176
Content-Type: application/json; charset=utf-8
host: localhost:13679
accept: */*

Response DefaultHttpResponse(decodeResult: success, version: HTTP/1.1)
HTTP/1.1 200 OK
Content-Length: 129146
Content-Type: application/json; charset=utf-8
cache-control: no-cache

14:31:26.331 [AsyncHttpClient-1-6] DEBUG org.asynchttpclient.netty.channel.ChannelManager - Adding key: http://localhost:13679 for channel [id: 0xcb08455d, L:/127.0.0.1:59316 - R:localhost/127.0.0.1:13679]
14:31:26.347 [Forwarding getCurrentUrl on session 6cb4c9b7ec3392fb6fea501470ab9d5e to remote] DEBUG org.asynchttpclient.netty.request.NettyRequestSender - Using pooled Channel '[id: 0xcb08455d, L:/127.0.0.1:59316 - R:localhost/127.0.0.1:13679]' for 'GET' to 'http://localhost:13679/session/6cb4c9b7ec3392fb6fea501470ab9d5e/url'
14:31:26.347 [Forwarding getCurrentUrl on session 6cb4c9b7ec3392fb6fea501470ab9d5e to remote] DEBUG org.asynchttpclient.netty.request.NettyRequestSender - Using open Channel [id: 0xcb08455d, L:/127.0.0.1:59316 - R:localhost/127.0.0.1:13679] for GET '/session/6cb4c9b7ec3392fb6fea501470ab9d5e/url'
14:31:26.357 [AsyncHttpClient-1-6] DEBUG org.asynchttpclient.netty.handler.HttpHandler - 

Request DefaultFullHttpRequest(decodeResult: success, version: HTTP/1.1, content: EmptyByteBufBE)
GET /session/6cb4c9b7ec3392fb6fea501470ab9d5e/url HTTP/1.1
User-Agent: selenium/4.8.1 (java windows)
Cache-Control: no-cache
Content-Type: application/json; charset=utf-8
host: localhost:13679
accept: */*

Response DefaultHttpResponse(decodeResult: success, version: HTTP/1.1)
HTTP/1.1 200 OK
Content-Length: 40
Content-Type: application/json; charset=utf-8
cache-control: no-cache

14:31:26.357 [AsyncHttpClient-1-6] DEBUG org.asynchttpclient.netty.channel.ChannelManager - Adding key: http://localhost:13679 for channel [id: 0xcb08455d, L:/127.0.0.1:59316 - R:localhost/127.0.0.1:13679]
14:31:26.477 [Forwarding getAlertText on session 6cb4c9b7ec3392fb6fea501470ab9d5e to remote] DEBUG org.asynchttpclient.netty.request.NettyRequestSender - Using pooled Channel '[id: 0xcb08455d, L:/127.0.0.1:59316 - R:localhost/127.0.0.1:13679]' for 'GET' to 'http://localhost:13679/session/6cb4c9b7ec3392fb6fea501470ab9d5e/alert/text'
14:31:26.477 [Forwarding getAlertText on session 6cb4c9b7ec3392fb6fea501470ab9d5e to remote] DEBUG org.asynchttpclient.netty.request.NettyRequestSender - Using open Channel [id: 0xcb08455d, L:/127.0.0.1:59316 - R:localhost/127.0.0.1:13679] for GET '/session/6cb4c9b7ec3392fb6fea501470ab9d5e/alert/text'
14:31:26.479 [AsyncHttpClient-1-6] DEBUG org.asynchttpclient.netty.handler.HttpHandler - 

Request DefaultFullHttpRequest(decodeResult: success, version: HTTP/1.1, content: EmptyByteBufBE)
GET /session/6cb4c9b7ec3392fb6fea501470ab9d5e/alert/text HTTP/1.1
User-Agent: selenium/4.8.1 (java windows)
Cache-Control: no-cache
Content-Type: application/json; charset=utf-8
host: localhost:13679
accept: */*

Response DefaultHttpResponse(decodeResult: success, version: HTTP/1.1)
HTTP/1.1 404 Not Found
Content-Length: 821
Content-Type: application/json; charset=utf-8
cache-control: no-cache

14:31:26.480 [AsyncHttpClient-1-6] DEBUG org.asynchttpclient.netty.channel.ChannelManager - Adding key: http://localhost:13679 for channel [id: 0xcb08455d, L:/127.0.0.1:59316 - R:localhost/127.0.0.1:13679]
14:31:26.481 [Forwarding getCurrentUrl on session 6cb4c9b7ec3392fb6fea501470ab9d5e to remote] DEBUG org.asynchttpclient.netty.request.NettyRequestSender - Using pooled Channel '[id: 0xcb08455d, L:/127.0.0.1:59316 - R:localhost/127.0.0.1:13679]' for 'GET' to 'http://localhost:13679/session/6cb4c9b7ec3392fb6fea501470ab9d5e/url'
14:31:26.481 [Forwarding getCurrentUrl on session 6cb4c9b7ec3392fb6fea501470ab9d5e to remote] DEBUG org.asynchttpclient.netty.request.NettyRequestSender - Using open Channel [id: 0xcb08455d, L:/127.0.0.1:59316 - R:localhost/127.0.0.1:13679] for GET '/session/6cb4c9b7ec3392fb6fea501470ab9d5e/url'
14:31:26.488 [AsyncHttpClient-1-1] DEBUG org.asynchttpclient.netty.channel.DefaultChannelPool - Entry count for : http://localhost:59317 : 1
14:31:26.489 [AsyncHttpClient-1-6] DEBUG org.asynchttpclient.netty.handler.HttpHandler - 

Request DefaultFullHttpRequest(decodeResult: success, version: HTTP/1.1, content: EmptyByteBufBE)
GET /session/6cb4c9b7ec3392fb6fea501470ab9d5e/url HTTP/1.1
User-Agent: selenium/4.8.1 (java windows)
Cache-Control: no-cache
Content-Type: application/json; charset=utf-8
host: localhost:13679
accept: */*

Response DefaultHttpResponse(decodeResult: success, version: HTTP/1.1)
HTTP/1.1 200 OK
Content-Length: 40
Content-Type: application/json; charset=utf-8
cache-control: no-cache

14:31:26.489 [AsyncHttpClient-1-6] DEBUG org.asynchttpclient.netty.channel.ChannelManager - Adding key: http://localhost:13679 for channel [id: 0xcb08455d, L:/127.0.0.1:59316 - R:localhost/127.0.0.1:13679]
14:31:26.490 [Forwarding screenshot on session 6cb4c9b7ec3392fb6fea501470ab9d5e to remote] DEBUG org.asynchttpclient.netty.request.NettyRequestSender - Using pooled Channel '[id: 0xcb08455d, L:/127.0.0.1:59316 - R:localhost/127.0.0.1:13679]' for 'GET' to 'http://localhost:13679/session/6cb4c9b7ec3392fb6fea501470ab9d5e/screenshot'
14:31:26.490 [Forwarding screenshot on session 6cb4c9b7ec3392fb6fea501470ab9d5e to remote] DEBUG org.asynchttpclient.netty.request.NettyRequestSender - Using open Channel [id: 0xcb08455d, L:/127.0.0.1:59316 - R:localhost/127.0.0.1:13679] for GET '/session/6cb4c9b7ec3392fb6fea501470ab9d5e/screenshot'
14:31:27.588 [AsyncHttpClient-1-1] DEBUG org.asynchttpclient.netty.channel.DefaultChannelPool - Entry count for : http://localhost:59317 : 1
14:31:27.879 [AsyncHttpClient-1-6] DEBUG org.asynchttpclient.netty.handler.HttpHandler - 

Request DefaultFullHttpRequest(decodeResult: success, version: HTTP/1.1, content: EmptyByteBufBE)
GET /session/6cb4c9b7ec3392fb6fea501470ab9d5e/screenshot HTTP/1.1
User-Agent: selenium/4.8.1 (java windows)
Cache-Control: no-cache
Content-Type: application/json; charset=utf-8
host: localhost:13679
accept: */*

Response DefaultHttpResponse(decodeResult: success, version: HTTP/1.1)
HTTP/1.1 200 OK
Content-Length: 2003388
Content-Type: application/json; charset=utf-8
cache-control: no-cache

14:31:27.888 [AsyncHttpClient-1-6] DEBUG org.asynchttpclient.netty.channel.ChannelManager - Adding key: http://localhost:13679 for channel [id: 0xcb08455d, L:/127.0.0.1:59316 - R:localhost/127.0.0.1:13679]
14:31:28.030 [main] DEBUG net.serenitybdd.core.photography.Darkroom - Send negative for processing for target\site\serenity\eefb42ccb8dde2b5f1bae08f03f09b71f2964dee8d658fcd7aca9aafc2b8a1f9.png
14:31:28.033 [Forwarding getPageSource on session 6cb4c9b7ec3392fb6fea501470ab9d5e to remote] DEBUG org.asynchttpclient.netty.request.NettyRequestSender - Using pooled Channel '[id: 0xcb08455d, L:/127.0.0.1:59316 - R:localhost/127.0.0.1:13679]' for 'POST' to 'http://localhost:13679/session/6cb4c9b7ec3392fb6fea501470ab9d5e/execute/sync'
14:31:28.033 [Forwarding getPageSource on session 6cb4c9b7ec3392fb6fea501470ab9d5e to remote] DEBUG org.asynchttpclient.netty.request.NettyRequestSender - Using open Channel [id: 0xcb08455d, L:/127.0.0.1:59316 - R:localhost/127.0.0.1:13679] for POST '/session/6cb4c9b7ec3392fb6fea501470ab9d5e/execute/sync'
14:31:28.062 [AsyncHttpClient-1-6] DEBUG org.asynchttpclient.netty.handler.HttpHandler - 

Request DefaultHttpRequest(decodeResult: success, version: HTTP/1.1)
POST /session/6cb4c9b7ec3392fb6fea501470ab9d5e/execute/sync HTTP/1.1
User-Agent: selenium/4.8.1 (java windows)
Content-Length: 176
Content-Type: application/json; charset=utf-8
host: localhost:13679
accept: */*

Response DefaultHttpResponse(decodeResult: success, version: HTTP/1.1)
HTTP/1.1 200 OK
Content-Length: 129157
Content-Type: application/json; charset=utf-8
cache-control: no-cache

14:31:28.062 [AsyncHttpClient-1-6] DEBUG org.asynchttpclient.netty.channel.ChannelManager - Adding key: http://localhost:13679 for channel [id: 0xcb08455d, L:/127.0.0.1:59316 - R:localhost/127.0.0.1:13679]
14:31:28.080 [Forwarding getCurrentUrl on session 6cb4c9b7ec3392fb6fea501470ab9d5e to remote] DEBUG org.asynchttpclient.netty.request.NettyRequestSender - Using pooled Channel '[id: 0xcb08455d, L:/127.0.0.1:59316 - R:localhost/127.0.0.1:13679]' for 'GET' to 'http://localhost:13679/session/6cb4c9b7ec3392fb6fea501470ab9d5e/url'
14:31:28.080 [Forwarding getCurrentUrl on session 6cb4c9b7ec3392fb6fea501470ab9d5e to remote] DEBUG org.asynchttpclient.netty.request.NettyRequestSender - Using open Channel [id: 0xcb08455d, L:/127.0.0.1:59316 - R:localhost/127.0.0.1:13679] for GET '/session/6cb4c9b7ec3392fb6fea501470ab9d5e/url'
14:31:28.092 [AsyncHttpClient-1-6] DEBUG org.asynchttpclient.netty.handler.HttpHandler - 

Request DefaultFullHttpRequest(decodeResult: success, version: HTTP/1.1, content: EmptyByteBufBE)
GET /session/6cb4c9b7ec3392fb6fea501470ab9d5e/url HTTP/1.1
User-Agent: selenium/4.8.1 (java windows)
Cache-Control: no-cache
Content-Type: application/json; charset=utf-8
host: localhost:13679
accept: */*

Response DefaultHttpResponse(decodeResult: success, version: HTTP/1.1)
HTTP/1.1 200 OK
Content-Length: 40
Content-Type: application/json; charset=utf-8
cache-control: no-cache

14:31:28.092 [AsyncHttpClient-1-6] DEBUG org.asynchttpclient.netty.channel.ChannelManager - Adding key: http://localhost:13679 for channel [id: 0xcb08455d, L:/127.0.0.1:59316 - R:localhost/127.0.0.1:13679]
14:31:28.097 [main] DEBUG net.thucydides.core.steps.StepInterceptor - STARTING STEP: Afrexim_Investors_steps.select_the_investers_option - Click_Investors_option
14:31:28.101 [Forwarding findElement on session 6cb4c9b7ec3392fb6fea501470ab9d5e to remote] DEBUG org.asynchttpclient.netty.request.NettyRequestSender - Using pooled Channel '[id: 0xcb08455d, L:/127.0.0.1:59316 - R:localhost/127.0.0.1:13679]' for 'POST' to 'http://localhost:13679/session/6cb4c9b7ec3392fb6fea501470ab9d5e/element'
14:31:28.101 [Forwarding findElement on session 6cb4c9b7ec3392fb6fea501470ab9d5e to remote] DEBUG org.asynchttpclient.netty.request.NettyRequestSender - Using open Channel [id: 0xcb08455d, L:/127.0.0.1:59316 - R:localhost/127.0.0.1:13679] for POST '/session/6cb4c9b7ec3392fb6fea501470ab9d5e/element'
14:31:28.127 [AsyncHttpClient-1-6] DEBUG org.asynchttpclient.netty.handler.HttpHandler - 

Request DefaultHttpRequest(decodeResult: success, version: HTTP/1.1)
POST /session/6cb4c9b7ec3392fb6fea501470ab9d5e/element HTTP/1.1
User-Agent: selenium/4.8.1 (java windows)
Content-Length: 78
Content-Type: application/json; charset=utf-8
host: localhost:13679
accept: */*

Response DefaultHttpResponse(decodeResult: success, version: HTTP/1.1)
HTTP/1.1 200 OK
Content-Length: 95
Content-Type: application/json; charset=utf-8
cache-control: no-cache

14:31:28.127 [AsyncHttpClient-1-6] DEBUG org.asynchttpclient.netty.channel.ChannelManager - Adding key: http://localhost:13679 for channel [id: 0xcb08455d, L:/127.0.0.1:59316 - R:localhost/127.0.0.1:13679]
14:31:28.129 [Forwarding getElementTagName on session 6cb4c9b7ec3392fb6fea501470ab9d5e to remote] DEBUG org.asynchttpclient.netty.request.NettyRequestSender - Using pooled Channel '[id: 0xcb08455d, L:/127.0.0.1:59316 - R:localhost/127.0.0.1:13679]' for 'GET' to 'http://localhost:13679/session/6cb4c9b7ec3392fb6fea501470ab9d5e/element/C940D4078C6A33F26C07246257D6901E_element_44/name'
14:31:28.129 [Forwarding getElementTagName on session 6cb4c9b7ec3392fb6fea501470ab9d5e to remote] DEBUG org.asynchttpclient.netty.request.NettyRequestSender - Using open Channel [id: 0xcb08455d, L:/127.0.0.1:59316 - R:localhost/127.0.0.1:13679] for GET '/session/6cb4c9b7ec3392fb6fea501470ab9d5e/element/C940D4078C6A33F26C07246257D6901E_element_44/name'
14:31:28.142 [AsyncHttpClient-1-6] DEBUG org.asynchttpclient.netty.handler.HttpHandler - 

Request DefaultFullHttpRequest(decodeResult: success, version: HTTP/1.1, content: EmptyByteBufBE)
GET /session/6cb4c9b7ec3392fb6fea501470ab9d5e/element/C940D4078C6A33F26C07246257D6901E_element_44/name HTTP/1.1
User-Agent: selenium/4.8.1 (java windows)
Cache-Control: no-cache
Content-Type: application/json; charset=utf-8
host: localhost:13679
accept: */*

Response DefaultHttpResponse(decodeResult: success, version: HTTP/1.1)
HTTP/1.1 200 OK
Content-Length: 16
Content-Type: application/json; charset=utf-8
cache-control: no-cache

14:31:28.142 [AsyncHttpClient-1-6] DEBUG org.asynchttpclient.netty.channel.ChannelManager - Adding key: http://localhost:13679 for channel [id: 0xcb08455d, L:/127.0.0.1:59316 - R:localhost/127.0.0.1:13679]
14:31:28.144 [Forwarding getElementTagName on session 6cb4c9b7ec3392fb6fea501470ab9d5e to remote] DEBUG org.asynchttpclient.netty.request.NettyRequestSender - Using pooled Channel '[id: 0xcb08455d, L:/127.0.0.1:59316 - R:localhost/127.0.0.1:13679]' for 'GET' to 'http://localhost:13679/session/6cb4c9b7ec3392fb6fea501470ab9d5e/element/C940D4078C6A33F26C07246257D6901E_element_44/name'
14:31:28.144 [Forwarding getElementTagName on session 6cb4c9b7ec3392fb6fea501470ab9d5e to remote] DEBUG org.asynchttpclient.netty.request.NettyRequestSender - Using open Channel [id: 0xcb08455d, L:/127.0.0.1:59316 - R:localhost/127.0.0.1:13679] for GET '/session/6cb4c9b7ec3392fb6fea501470ab9d5e/element/C940D4078C6A33F26C07246257D6901E_element_44/name'
14:31:28.154 [AsyncHttpClient-1-6] DEBUG org.asynchttpclient.netty.handler.HttpHandler - 

Request DefaultFullHttpRequest(decodeResult: success, version: HTTP/1.1, content: EmptyByteBufBE)
GET /session/6cb4c9b7ec3392fb6fea501470ab9d5e/element/C940D4078C6A33F26C07246257D6901E_element_44/name HTTP/1.1
User-Agent: selenium/4.8.1 (java windows)
Cache-Control: no-cache
Content-Type: application/json; charset=utf-8
host: localhost:13679
accept: */*

Response DefaultHttpResponse(decodeResult: success, version: HTTP/1.1)
HTTP/1.1 200 OK
Content-Length: 16
Content-Type: application/json; charset=utf-8
cache-control: no-cache

14:31:28.155 [AsyncHttpClient-1-6] DEBUG org.asynchttpclient.netty.channel.ChannelManager - Adding key: http://localhost:13679 for channel [id: 0xcb08455d, L:/127.0.0.1:59316 - R:localhost/127.0.0.1:13679]
14:31:28.157 [Forwarding findElement on session 6cb4c9b7ec3392fb6fea501470ab9d5e to remote] DEBUG org.asynchttpclient.netty.request.NettyRequestSender - Using pooled Channel '[id: 0xcb08455d, L:/127.0.0.1:59316 - R:localhost/127.0.0.1:13679]' for 'POST' to 'http://localhost:13679/session/6cb4c9b7ec3392fb6fea501470ab9d5e/element'
14:31:28.157 [Forwarding findElement on session 6cb4c9b7ec3392fb6fea501470ab9d5e to remote] DEBUG org.asynchttpclient.netty.request.NettyRequestSender - Using open Channel [id: 0xcb08455d, L:/127.0.0.1:59316 - R:localhost/127.0.0.1:13679] for POST '/session/6cb4c9b7ec3392fb6fea501470ab9d5e/element'
14:31:28.185 [AsyncHttpClient-1-6] DEBUG org.asynchttpclient.netty.handler.HttpHandler - 

Request DefaultHttpRequest(decodeResult: success, version: HTTP/1.1)
POST /session/6cb4c9b7ec3392fb6fea501470ab9d5e/element HTTP/1.1
User-Agent: selenium/4.8.1 (java windows)
Content-Length: 78
Content-Type: application/json; charset=utf-8
host: localhost:13679
accept: */*

Response DefaultHttpResponse(decodeResult: success, version: HTTP/1.1)
HTTP/1.1 200 OK
Content-Length: 95
Content-Type: application/json; charset=utf-8
cache-control: no-cache

14:31:28.185 [AsyncHttpClient-1-6] DEBUG org.asynchttpclient.netty.channel.ChannelManager - Adding key: http://localhost:13679 for channel [id: 0xcb08455d, L:/127.0.0.1:59316 - R:localhost/127.0.0.1:13679]
14:31:28.186 [Forwarding clickElement on session 6cb4c9b7ec3392fb6fea501470ab9d5e to remote] DEBUG org.asynchttpclient.netty.request.NettyRequestSender - Using pooled Channel '[id: 0xcb08455d, L:/127.0.0.1:59316 - R:localhost/127.0.0.1:13679]' for 'POST' to 'http://localhost:13679/session/6cb4c9b7ec3392fb6fea501470ab9d5e/element/C940D4078C6A33F26C07246257D6901E_element_44/click'
14:31:28.186 [Forwarding clickElement on session 6cb4c9b7ec3392fb6fea501470ab9d5e to remote] DEBUG org.asynchttpclient.netty.request.NettyRequestSender - Using open Channel [id: 0xcb08455d, L:/127.0.0.1:59316 - R:localhost/127.0.0.1:13679] for POST '/session/6cb4c9b7ec3392fb6fea501470ab9d5e/element/C940D4078C6A33F26C07246257D6901E_element_44/click'
14:31:28.349 [AsyncHttpClient-1-6] DEBUG org.asynchttpclient.netty.handler.HttpHandler - 

Request DefaultHttpRequest(decodeResult: success, version: HTTP/1.1)
POST /session/6cb4c9b7ec3392fb6fea501470ab9d5e/element/C940D4078C6A33F26C07246257D6901E_element_44/click HTTP/1.1
User-Agent: selenium/4.8.1 (java windows)
Content-Length: 57
Content-Type: application/json; charset=utf-8
host: localhost:13679
accept: */*

Response DefaultHttpResponse(decodeResult: success, version: HTTP/1.1)
HTTP/1.1 200 OK
Content-Length: 14
Content-Type: application/json; charset=utf-8
cache-control: no-cache

14:31:28.350 [AsyncHttpClient-1-6] DEBUG org.asynchttpclient.netty.channel.ChannelManager - Adding key: http://localhost:13679 for channel [id: 0xcb08455d, L:/127.0.0.1:59316 - R:localhost/127.0.0.1:13679]
14:31:28.369 [Forwarding getAlertText on session 6cb4c9b7ec3392fb6fea501470ab9d5e to remote] DEBUG org.asynchttpclient.netty.request.NettyRequestSender - Using pooled Channel '[id: 0xcb08455d, L:/127.0.0.1:59316 - R:localhost/127.0.0.1:13679]' for 'GET' to 'http://localhost:13679/session/6cb4c9b7ec3392fb6fea501470ab9d5e/alert/text'
14:31:28.369 [Forwarding getAlertText on session 6cb4c9b7ec3392fb6fea501470ab9d5e to remote] DEBUG org.asynchttpclient.netty.request.NettyRequestSender - Using open Channel [id: 0xcb08455d, L:/127.0.0.1:59316 - R:localhost/127.0.0.1:13679] for GET '/session/6cb4c9b7ec3392fb6fea501470ab9d5e/alert/text'
14:31:28.380 [AsyncHttpClient-1-6] DEBUG org.asynchttpclient.netty.handler.HttpHandler - 

Request DefaultFullHttpRequest(decodeResult: success, version: HTTP/1.1, content: EmptyByteBufBE)
GET /session/6cb4c9b7ec3392fb6fea501470ab9d5e/alert/text HTTP/1.1
User-Agent: selenium/4.8.1 (java windows)
Cache-Control: no-cache
Content-Type: application/json; charset=utf-8
host: localhost:13679
accept: */*

Response DefaultHttpResponse(decodeResult: success, version: HTTP/1.1)
HTTP/1.1 404 Not Found
Content-Length: 821
Content-Type: application/json; charset=utf-8
cache-control: no-cache

14:31:28.380 [AsyncHttpClient-1-6] DEBUG org.asynchttpclient.netty.channel.ChannelManager - Adding key: http://localhost:13679 for channel [id: 0xcb08455d, L:/127.0.0.1:59316 - R:localhost/127.0.0.1:13679]
14:31:28.383 [Forwarding getCurrentUrl on session 6cb4c9b7ec3392fb6fea501470ab9d5e to remote] DEBUG org.asynchttpclient.netty.request.NettyRequestSender - Using pooled Channel '[id: 0xcb08455d, L:/127.0.0.1:59316 - R:localhost/127.0.0.1:13679]' for 'GET' to 'http://localhost:13679/session/6cb4c9b7ec3392fb6fea501470ab9d5e/url'
14:31:28.383 [Forwarding getCurrentUrl on session 6cb4c9b7ec3392fb6fea501470ab9d5e to remote] DEBUG org.asynchttpclient.netty.request.NettyRequestSender - Using open Channel [id: 0xcb08455d, L:/127.0.0.1:59316 - R:localhost/127.0.0.1:13679] for GET '/session/6cb4c9b7ec3392fb6fea501470ab9d5e/url'
14:31:28.400 [AsyncHttpClient-1-6] DEBUG org.asynchttpclient.netty.handler.HttpHandler - 

Request DefaultFullHttpRequest(decodeResult: success, version: HTTP/1.1, content: EmptyByteBufBE)
GET /session/6cb4c9b7ec3392fb6fea501470ab9d5e/url HTTP/1.1
User-Agent: selenium/4.8.1 (java windows)
Cache-Control: no-cache
Content-Type: application/json; charset=utf-8
host: localhost:13679
accept: */*

Response DefaultHttpResponse(decodeResult: success, version: HTTP/1.1)
HTTP/1.1 200 OK
Content-Length: 40
Content-Type: application/json; charset=utf-8
cache-control: no-cache

14:31:28.400 [AsyncHttpClient-1-6] DEBUG org.asynchttpclient.netty.channel.ChannelManager - Adding key: http://localhost:13679 for channel [id: 0xcb08455d, L:/127.0.0.1:59316 - R:localhost/127.0.0.1:13679]
14:31:28.401 [Forwarding screenshot on session 6cb4c9b7ec3392fb6fea501470ab9d5e to remote] DEBUG org.asynchttpclient.netty.request.NettyRequestSender - Using pooled Channel '[id: 0xcb08455d, L:/127.0.0.1:59316 - R:localhost/127.0.0.1:13679]' for 'GET' to 'http://localhost:13679/session/6cb4c9b7ec3392fb6fea501470ab9d5e/screenshot'
14:31:28.401 [Forwarding screenshot on session 6cb4c9b7ec3392fb6fea501470ab9d5e to remote] DEBUG org.asynchttpclient.netty.request.NettyRequestSender - Using open Channel [id: 0xcb08455d, L:/127.0.0.1:59316 - R:localhost/127.0.0.1:13679] for GET '/session/6cb4c9b7ec3392fb6fea501470ab9d5e/screenshot'
14:31:28.688 [AsyncHttpClient-1-1] DEBUG org.asynchttpclient.netty.channel.DefaultChannelPool - Entry count for : http://localhost:59317 : 1
14:31:29.791 [AsyncHttpClient-1-1] DEBUG org.asynchttpclient.netty.channel.DefaultChannelPool - Entry count for : http://localhost:59317 : 1
14:31:30.063 [AsyncHttpClient-1-6] DEBUG org.asynchttpclient.netty.handler.HttpHandler - 

Request DefaultFullHttpRequest(decodeResult: success, version: HTTP/1.1, content: EmptyByteBufBE)
GET /session/6cb4c9b7ec3392fb6fea501470ab9d5e/screenshot HTTP/1.1
User-Agent: selenium/4.8.1 (java windows)
Cache-Control: no-cache
Content-Type: application/json; charset=utf-8
host: localhost:13679
accept: */*

Response DefaultHttpResponse(decodeResult: success, version: HTTP/1.1)
HTTP/1.1 200 OK
Content-Length: 2514164
Content-Type: application/json; charset=utf-8
cache-control: no-cache

14:31:30.076 [AsyncHttpClient-1-6] DEBUG org.asynchttpclient.netty.channel.ChannelManager - Adding key: http://localhost:13679 for channel [id: 0xcb08455d, L:/127.0.0.1:59316 - R:localhost/127.0.0.1:13679]
14:31:30.241 [main] DEBUG net.serenitybdd.core.photography.Darkroom - Send negative for processing for target\site\serenity\3dff934075486ecb81f15fedea23418ae951e50b75017bf7e7d3ce7f4c150b72.png
14:31:30.242 [Darkroom Processing Line] DEBUG net.serenitybdd.core.photography.DarkroomProcessingLine - Processing screenshot image in /var/screenshots/screenshot-5552317483638331937
14:31:30.242 [Darkroom Processing Line] DEBUG net.serenitybdd.core.photography.DarkroomProcessingLine - Saving screenshot to target\site\serenity\3dff934075486ecb81f15fedea23418ae951e50b75017bf7e7d3ce7f4c150b72.png
14:31:30.242 [main] DEBUG net.thucydides.core.steps.StepInterceptor - STEP DONE: Click_Investors_option
14:31:30.260 [Forwarding getPageSource on session 6cb4c9b7ec3392fb6fea501470ab9d5e to remote] DEBUG org.asynchttpclient.netty.request.NettyRequestSender - Using pooled Channel '[id: 0xcb08455d, L:/127.0.0.1:59316 - R:localhost/127.0.0.1:13679]' for 'POST' to 'http://localhost:13679/session/6cb4c9b7ec3392fb6fea501470ab9d5e/execute/sync'
14:31:30.261 [Forwarding getPageSource on session 6cb4c9b7ec3392fb6fea501470ab9d5e to remote] DEBUG org.asynchttpclient.netty.request.NettyRequestSender - Using open Channel [id: 0xcb08455d, L:/127.0.0.1:59316 - R:localhost/127.0.0.1:13679] for POST '/session/6cb4c9b7ec3392fb6fea501470ab9d5e/execute/sync'
14:31:30.293 [AsyncHttpClient-1-6] DEBUG org.asynchttpclient.netty.handler.HttpHandler - 

Request DefaultHttpRequest(decodeResult: success, version: HTTP/1.1)
POST /session/6cb4c9b7ec3392fb6fea501470ab9d5e/execute/sync HTTP/1.1
User-Agent: selenium/4.8.1 (java windows)
Content-Length: 176
Content-Type: application/json; charset=utf-8
host: localhost:13679
accept: */*

Response DefaultHttpResponse(decodeResult: success, version: HTTP/1.1)
HTTP/1.1 200 OK
Content-Length: 129216
Content-Type: application/json; charset=utf-8
cache-control: no-cache

14:31:30.294 [AsyncHttpClient-1-6] DEBUG org.asynchttpclient.netty.channel.ChannelManager - Adding key: http://localhost:13679 for channel [id: 0xcb08455d, L:/127.0.0.1:59316 - R:localhost/127.0.0.1:13679]
14:31:30.310 [Forwarding getCurrentUrl on session 6cb4c9b7ec3392fb6fea501470ab9d5e to remote] DEBUG org.asynchttpclient.netty.request.NettyRequestSender - Using pooled Channel '[id: 0xcb08455d, L:/127.0.0.1:59316 - R:localhost/127.0.0.1:13679]' for 'GET' to 'http://localhost:13679/session/6cb4c9b7ec3392fb6fea501470ab9d5e/url'
14:31:30.310 [Forwarding getCurrentUrl on session 6cb4c9b7ec3392fb6fea501470ab9d5e to remote] DEBUG org.asynchttpclient.netty.request.NettyRequestSender - Using open Channel [id: 0xcb08455d, L:/127.0.0.1:59316 - R:localhost/127.0.0.1:13679] for GET '/session/6cb4c9b7ec3392fb6fea501470ab9d5e/url'
14:31:30.320 [AsyncHttpClient-1-6] DEBUG org.asynchttpclient.netty.handler.HttpHandler - 

Request DefaultFullHttpRequest(decodeResult: success, version: HTTP/1.1, content: EmptyByteBufBE)
GET /session/6cb4c9b7ec3392fb6fea501470ab9d5e/url HTTP/1.1
User-Agent: selenium/4.8.1 (java windows)
Cache-Control: no-cache
Content-Type: application/json; charset=utf-8
host: localhost:13679
accept: */*

Response DefaultHttpResponse(decodeResult: success, version: HTTP/1.1)
HTTP/1.1 200 OK
Content-Length: 40
Content-Type: application/json; charset=utf-8
cache-control: no-cache

14:31:30.320 [AsyncHttpClient-1-6] DEBUG org.asynchttpclient.netty.channel.ChannelManager - Adding key: http://localhost:13679 for channel [id: 0xcb08455d, L:/127.0.0.1:59316 - R:localhost/127.0.0.1:13679]
14:31:30.338 [Forwarding getAlertText on session 6cb4c9b7ec3392fb6fea501470ab9d5e to remote] DEBUG org.asynchttpclient.netty.request.NettyRequestSender - Using pooled Channel '[id: 0xcb08455d, L:/127.0.0.1:59316 - R:localhost/127.0.0.1:13679]' for 'GET' to 'http://localhost:13679/session/6cb4c9b7ec3392fb6fea501470ab9d5e/alert/text'
14:31:30.338 [Forwarding getAlertText on session 6cb4c9b7ec3392fb6fea501470ab9d5e to remote] DEBUG org.asynchttpclient.netty.request.NettyRequestSender - Using open Channel [id: 0xcb08455d, L:/127.0.0.1:59316 - R:localhost/127.0.0.1:13679] for GET '/session/6cb4c9b7ec3392fb6fea501470ab9d5e/alert/text'
14:31:30.341 [AsyncHttpClient-1-6] DEBUG org.asynchttpclient.netty.handler.HttpHandler - 

Request DefaultFullHttpRequest(decodeResult: success, version: HTTP/1.1, content: EmptyByteBufBE)
GET /session/6cb4c9b7ec3392fb6fea501470ab9d5e/alert/text HTTP/1.1
User-Agent: selenium/4.8.1 (java windows)
Cache-Control: no-cache
Content-Type: application/json; charset=utf-8
host: localhost:13679
accept: */*

Response DefaultHttpResponse(decodeResult: success, version: HTTP/1.1)
HTTP/1.1 404 Not Found
Content-Length: 821
Content-Type: application/json; charset=utf-8
cache-control: no-cache

14:31:30.342 [AsyncHttpClient-1-6] DEBUG org.asynchttpclient.netty.channel.ChannelManager - Adding key: http://localhost:13679 for channel [id: 0xcb08455d, L:/127.0.0.1:59316 - R:localhost/127.0.0.1:13679]
14:31:30.343 [Forwarding getCurrentUrl on session 6cb4c9b7ec3392fb6fea501470ab9d5e to remote] DEBUG org.asynchttpclient.netty.request.NettyRequestSender - Using pooled Channel '[id: 0xcb08455d, L:/127.0.0.1:59316 - R:localhost/127.0.0.1:13679]' for 'GET' to 'http://localhost:13679/session/6cb4c9b7ec3392fb6fea501470ab9d5e/url'
14:31:30.343 [Forwarding getCurrentUrl on session 6cb4c9b7ec3392fb6fea501470ab9d5e to remote] DEBUG org.asynchttpclient.netty.request.NettyRequestSender - Using open Channel [id: 0xcb08455d, L:/127.0.0.1:59316 - R:localhost/127.0.0.1:13679] for GET '/session/6cb4c9b7ec3392fb6fea501470ab9d5e/url'
14:31:30.353 [AsyncHttpClient-1-6] DEBUG org.asynchttpclient.netty.handler.HttpHandler - 

Request DefaultFullHttpRequest(decodeResult: success, version: HTTP/1.1, content: EmptyByteBufBE)
GET /session/6cb4c9b7ec3392fb6fea501470ab9d5e/url HTTP/1.1
User-Agent: selenium/4.8.1 (java windows)
Cache-Control: no-cache
Content-Type: application/json; charset=utf-8
host: localhost:13679
accept: */*

Response DefaultHttpResponse(decodeResult: success, version: HTTP/1.1)
HTTP/1.1 200 OK
Content-Length: 40
Content-Type: application/json; charset=utf-8
cache-control: no-cache

14:31:30.353 [AsyncHttpClient-1-6] DEBUG org.asynchttpclient.netty.channel.ChannelManager - Adding key: http://localhost:13679 for channel [id: 0xcb08455d, L:/127.0.0.1:59316 - R:localhost/127.0.0.1:13679]
14:31:30.354 [Forwarding screenshot on session 6cb4c9b7ec3392fb6fea501470ab9d5e to remote] DEBUG org.asynchttpclient.netty.request.NettyRequestSender - Using pooled Channel '[id: 0xcb08455d, L:/127.0.0.1:59316 - R:localhost/127.0.0.1:13679]' for 'GET' to 'http://localhost:13679/session/6cb4c9b7ec3392fb6fea501470ab9d5e/screenshot'
14:31:30.354 [Forwarding screenshot on session 6cb4c9b7ec3392fb6fea501470ab9d5e to remote] DEBUG org.asynchttpclient.netty.request.NettyRequestSender - Using open Channel [id: 0xcb08455d, L:/127.0.0.1:59316 - R:localhost/127.0.0.1:13679] for GET '/session/6cb4c9b7ec3392fb6fea501470ab9d5e/screenshot'
14:31:30.893 [AsyncHttpClient-1-1] DEBUG org.asynchttpclient.netty.channel.DefaultChannelPool - Entry count for : http://localhost:59317 : 1
14:31:31.971 [AsyncHttpClient-1-6] DEBUG org.asynchttpclient.netty.handler.HttpHandler - 

Request DefaultFullHttpRequest(decodeResult: success, version: HTTP/1.1, content: EmptyByteBufBE)
GET /session/6cb4c9b7ec3392fb6fea501470ab9d5e/screenshot HTTP/1.1
User-Agent: selenium/4.8.1 (java windows)
Cache-Control: no-cache
Content-Type: application/json; charset=utf-8
host: localhost:13679
accept: */*

Response DefaultHttpResponse(decodeResult: success, version: HTTP/1.1)
HTTP/1.1 200 OK
Content-Length: 2514164
Content-Type: application/json; charset=utf-8
cache-control: no-cache

14:31:31.980 [AsyncHttpClient-1-6] DEBUG org.asynchttpclient.netty.channel.ChannelManager - Adding key: http://localhost:13679 for channel [id: 0xcb08455d, L:/127.0.0.1:59316 - R:localhost/127.0.0.1:13679]
14:31:31.987 [AsyncHttpClient-1-1] DEBUG org.asynchttpclient.netty.channel.DefaultChannelPool - Entry count for : http://localhost:13679 : 1
14:31:31.987 [AsyncHttpClient-1-1] DEBUG org.asynchttpclient.netty.channel.DefaultChannelPool - Entry count for : http://localhost:59317 : 1
14:31:32.135 [main] DEBUG net.serenitybdd.core.photography.Darkroom - Send negative for processing for target\site\serenity\3dff934075486ecb81f15fedea23418ae951e50b75017bf7e7d3ce7f4c150b72.png
14:31:32.139 [Forwarding getPageSource on session 6cb4c9b7ec3392fb6fea501470ab9d5e to remote] DEBUG org.asynchttpclient.netty.request.NettyRequestSender - Using pooled Channel '[id: 0xcb08455d, L:/127.0.0.1:59316 - R:localhost/127.0.0.1:13679]' for 'POST' to 'http://localhost:13679/session/6cb4c9b7ec3392fb6fea501470ab9d5e/execute/sync'
14:31:32.139 [Forwarding getPageSource on session 6cb4c9b7ec3392fb6fea501470ab9d5e to remote] DEBUG org.asynchttpclient.netty.request.NettyRequestSender - Using open Channel [id: 0xcb08455d, L:/127.0.0.1:59316 - R:localhost/127.0.0.1:13679] for POST '/session/6cb4c9b7ec3392fb6fea501470ab9d5e/execute/sync'
14:31:32.169 [AsyncHttpClient-1-6] DEBUG org.asynchttpclient.netty.handler.HttpHandler - 

Request DefaultHttpRequest(decodeResult: success, version: HTTP/1.1)
POST /session/6cb4c9b7ec3392fb6fea501470ab9d5e/execute/sync HTTP/1.1
User-Agent: selenium/4.8.1 (java windows)
Content-Length: 176
Content-Type: application/json; charset=utf-8
host: localhost:13679
accept: */*

Response DefaultHttpResponse(decodeResult: success, version: HTTP/1.1)
HTTP/1.1 200 OK
Content-Length: 129216
Content-Type: application/json; charset=utf-8
cache-control: no-cache

14:31:32.169 [AsyncHttpClient-1-6] DEBUG org.asynchttpclient.netty.channel.ChannelManager - Adding key: http://localhost:13679 for channel [id: 0xcb08455d, L:/127.0.0.1:59316 - R:localhost/127.0.0.1:13679]
14:31:32.185 [Forwarding getCurrentUrl on session 6cb4c9b7ec3392fb6fea501470ab9d5e to remote] DEBUG org.asynchttpclient.netty.request.NettyRequestSender - Using pooled Channel '[id: 0xcb08455d, L:/127.0.0.1:59316 - R:localhost/127.0.0.1:13679]' for 'GET' to 'http://localhost:13679/session/6cb4c9b7ec3392fb6fea501470ab9d5e/url'
14:31:32.185 [Forwarding getCurrentUrl on session 6cb4c9b7ec3392fb6fea501470ab9d5e to remote] DEBUG org.asynchttpclient.netty.request.NettyRequestSender - Using open Channel [id: 0xcb08455d, L:/127.0.0.1:59316 - R:localhost/127.0.0.1:13679] for GET '/session/6cb4c9b7ec3392fb6fea501470ab9d5e/url'
14:31:32.195 [AsyncHttpClient-1-6] DEBUG org.asynchttpclient.netty.handler.HttpHandler - 

Request DefaultFullHttpRequest(decodeResult: success, version: HTTP/1.1, content: EmptyByteBufBE)
GET /session/6cb4c9b7ec3392fb6fea501470ab9d5e/url HTTP/1.1
User-Agent: selenium/4.8.1 (java windows)
Cache-Control: no-cache
Content-Type: application/json; charset=utf-8
host: localhost:13679
accept: */*

Response DefaultHttpResponse(decodeResult: success, version: HTTP/1.1)
HTTP/1.1 200 OK
Content-Length: 40
Content-Type: application/json; charset=utf-8
cache-control: no-cache

14:31:32.195 [AsyncHttpClient-1-6] DEBUG org.asynchttpclient.netty.channel.ChannelManager - Adding key: http://localhost:13679 for channel [id: 0xcb08455d, L:/127.0.0.1:59316 - R:localhost/127.0.0.1:13679]
14:31:32.198 [main] DEBUG net.thucydides.core.steps.StepInterceptor - STARTING STEP: Afrexim_Investors_steps.click_ipo_link_under_investers - Click_IPO_link
14:31:32.202 [Forwarding findElement on session 6cb4c9b7ec3392fb6fea501470ab9d5e to remote] DEBUG org.asynchttpclient.netty.request.NettyRequestSender - Using pooled Channel '[id: 0xcb08455d, L:/127.0.0.1:59316 - R:localhost/127.0.0.1:13679]' for 'POST' to 'http://localhost:13679/session/6cb4c9b7ec3392fb6fea501470ab9d5e/element'
14:31:32.202 [Forwarding findElement on session 6cb4c9b7ec3392fb6fea501470ab9d5e to remote] DEBUG org.asynchttpclient.netty.request.NettyRequestSender - Using open Channel [id: 0xcb08455d, L:/127.0.0.1:59316 - R:localhost/127.0.0.1:13679] for POST '/session/6cb4c9b7ec3392fb6fea501470ab9d5e/element'
14:31:32.227 [AsyncHttpClient-1-6] DEBUG org.asynchttpclient.netty.handler.HttpHandler - 

Request DefaultHttpRequest(decodeResult: success, version: HTTP/1.1)
POST /session/6cb4c9b7ec3392fb6fea501470ab9d5e/element HTTP/1.1
User-Agent: selenium/4.8.1 (java windows)
Content-Length: 69
Content-Type: application/json; charset=utf-8
host: localhost:13679
accept: */*

Response DefaultHttpResponse(decodeResult: success, version: HTTP/1.1)
HTTP/1.1 200 OK
Content-Length: 95
Content-Type: application/json; charset=utf-8
cache-control: no-cache

14:31:32.228 [AsyncHttpClient-1-6] DEBUG org.asynchttpclient.netty.channel.ChannelManager - Adding key: http://localhost:13679 for channel [id: 0xcb08455d, L:/127.0.0.1:59316 - R:localhost/127.0.0.1:13679]
14:31:32.229 [Forwarding getElementTagName on session 6cb4c9b7ec3392fb6fea501470ab9d5e to remote] DEBUG org.asynchttpclient.netty.request.NettyRequestSender - Using pooled Channel '[id: 0xcb08455d, L:/127.0.0.1:59316 - R:localhost/127.0.0.1:13679]' for 'GET' to 'http://localhost:13679/session/6cb4c9b7ec3392fb6fea501470ab9d5e/element/C940D4078C6A33F26C07246257D6901E_element_46/name'
14:31:32.229 [Forwarding getElementTagName on session 6cb4c9b7ec3392fb6fea501470ab9d5e to remote] DEBUG org.asynchttpclient.netty.request.NettyRequestSender - Using open Channel [id: 0xcb08455d, L:/127.0.0.1:59316 - R:localhost/127.0.0.1:13679] for GET '/session/6cb4c9b7ec3392fb6fea501470ab9d5e/element/C940D4078C6A33F26C07246257D6901E_element_46/name'
14:31:32.238 [AsyncHttpClient-1-6] DEBUG org.asynchttpclient.netty.handler.HttpHandler - 

Request DefaultFullHttpRequest(decodeResult: success, version: HTTP/1.1, content: EmptyByteBufBE)
GET /session/6cb4c9b7ec3392fb6fea501470ab9d5e/element/C940D4078C6A33F26C07246257D6901E_element_46/name HTTP/1.1
User-Agent: selenium/4.8.1 (java windows)
Cache-Control: no-cache
Content-Type: application/json; charset=utf-8
host: localhost:13679
accept: */*

Response DefaultHttpResponse(decodeResult: success, version: HTTP/1.1)
HTTP/1.1 200 OK
Content-Length: 13
Content-Type: application/json; charset=utf-8
cache-control: no-cache

14:31:32.239 [AsyncHttpClient-1-6] DEBUG org.asynchttpclient.netty.channel.ChannelManager - Adding key: http://localhost:13679 for channel [id: 0xcb08455d, L:/127.0.0.1:59316 - R:localhost/127.0.0.1:13679]
14:31:32.240 [Forwarding getElementTagName on session 6cb4c9b7ec3392fb6fea501470ab9d5e to remote] DEBUG org.asynchttpclient.netty.request.NettyRequestSender - Using pooled Channel '[id: 0xcb08455d, L:/127.0.0.1:59316 - R:localhost/127.0.0.1:13679]' for 'GET' to 'http://localhost:13679/session/6cb4c9b7ec3392fb6fea501470ab9d5e/element/C940D4078C6A33F26C07246257D6901E_element_46/name'
14:31:32.240 [Forwarding getElementTagName on session 6cb4c9b7ec3392fb6fea501470ab9d5e to remote] DEBUG org.asynchttpclient.netty.request.NettyRequestSender - Using open Channel [id: 0xcb08455d, L:/127.0.0.1:59316 - R:localhost/127.0.0.1:13679] for GET '/session/6cb4c9b7ec3392fb6fea501470ab9d5e/element/C940D4078C6A33F26C07246257D6901E_element_46/name'
14:31:32.251 [AsyncHttpClient-1-6] DEBUG org.asynchttpclient.netty.handler.HttpHandler - 

Request DefaultFullHttpRequest(decodeResult: success, version: HTTP/1.1, content: EmptyByteBufBE)
GET /session/6cb4c9b7ec3392fb6fea501470ab9d5e/element/C940D4078C6A33F26C07246257D6901E_element_46/name HTTP/1.1
User-Agent: selenium/4.8.1 (java windows)
Cache-Control: no-cache
Content-Type: application/json; charset=utf-8
host: localhost:13679
accept: */*

Response DefaultHttpResponse(decodeResult: success, version: HTTP/1.1)
HTTP/1.1 200 OK
Content-Length: 13
Content-Type: application/json; charset=utf-8
cache-control: no-cache

14:31:32.252 [AsyncHttpClient-1-6] DEBUG org.asynchttpclient.netty.channel.ChannelManager - Adding key: http://localhost:13679 for channel [id: 0xcb08455d, L:/127.0.0.1:59316 - R:localhost/127.0.0.1:13679]
14:31:32.255 [Forwarding findElement on session 6cb4c9b7ec3392fb6fea501470ab9d5e to remote] DEBUG org.asynchttpclient.netty.request.NettyRequestSender - Using pooled Channel '[id: 0xcb08455d, L:/127.0.0.1:59316 - R:localhost/127.0.0.1:13679]' for 'POST' to 'http://localhost:13679/session/6cb4c9b7ec3392fb6fea501470ab9d5e/element'
14:31:32.255 [Forwarding findElement on session 6cb4c9b7ec3392fb6fea501470ab9d5e to remote] DEBUG org.asynchttpclient.netty.request.NettyRequestSender - Using open Channel [id: 0xcb08455d, L:/127.0.0.1:59316 - R:localhost/127.0.0.1:13679] for POST '/session/6cb4c9b7ec3392fb6fea501470ab9d5e/element'
14:31:32.272 [AsyncHttpClient-1-6] DEBUG org.asynchttpclient.netty.handler.HttpHandler - 

Request DefaultHttpRequest(decodeResult: success, version: HTTP/1.1)
POST /session/6cb4c9b7ec3392fb6fea501470ab9d5e/element HTTP/1.1
User-Agent: selenium/4.8.1 (java windows)
Content-Length: 69
Content-Type: application/json; charset=utf-8
host: localhost:13679
accept: */*

Response DefaultHttpResponse(decodeResult: success, version: HTTP/1.1)
HTTP/1.1 200 OK
Content-Length: 95
Content-Type: application/json; charset=utf-8
cache-control: no-cache

14:31:32.272 [AsyncHttpClient-1-6] DEBUG org.asynchttpclient.netty.channel.ChannelManager - Adding key: http://localhost:13679 for channel [id: 0xcb08455d, L:/127.0.0.1:59316 - R:localhost/127.0.0.1:13679]
14:31:32.273 [Forwarding clickElement on session 6cb4c9b7ec3392fb6fea501470ab9d5e to remote] DEBUG org.asynchttpclient.netty.request.NettyRequestSender - Using pooled Channel '[id: 0xcb08455d, L:/127.0.0.1:59316 - R:localhost/127.0.0.1:13679]' for 'POST' to 'http://localhost:13679/session/6cb4c9b7ec3392fb6fea501470ab9d5e/element/C940D4078C6A33F26C07246257D6901E_element_46/click'
14:31:32.273 [Forwarding clickElement on session 6cb4c9b7ec3392fb6fea501470ab9d5e to remote] DEBUG org.asynchttpclient.netty.request.NettyRequestSender - Using open Channel [id: 0xcb08455d, L:/127.0.0.1:59316 - R:localhost/127.0.0.1:13679] for POST '/session/6cb4c9b7ec3392fb6fea501470ab9d5e/element/C940D4078C6A33F26C07246257D6901E_element_46/click'
14:31:33.090 [AsyncHttpClient-1-1] DEBUG org.asynchttpclient.netty.channel.DefaultChannelPool - Entry count for : http://localhost:59317 : 1
14:31:34.210 [AsyncHttpClient-1-1] DEBUG org.asynchttpclient.netty.channel.DefaultChannelPool - Entry count for : http://localhost:59317 : 1
14:31:34.615 [AsyncHttpClient-1-6] DEBUG org.asynchttpclient.netty.handler.HttpHandler - 

Request DefaultHttpRequest(decodeResult: success, version: HTTP/1.1)
POST /session/6cb4c9b7ec3392fb6fea501470ab9d5e/element/C940D4078C6A33F26C07246257D6901E_element_46/click HTTP/1.1
User-Agent: selenium/4.8.1 (java windows)
Content-Length: 57
Content-Type: application/json; charset=utf-8
host: localhost:13679
accept: */*

Response DefaultHttpResponse(decodeResult: success, version: HTTP/1.1)
HTTP/1.1 200 OK
Content-Length: 14
Content-Type: application/json; charset=utf-8
cache-control: no-cache

14:31:34.615 [AsyncHttpClient-1-6] DEBUG org.asynchttpclient.netty.channel.ChannelManager - Adding key: http://localhost:13679 for channel [id: 0xcb08455d, L:/127.0.0.1:59316 - R:localhost/127.0.0.1:13679]
14:31:34.623 [Forwarding getAlertText on session 6cb4c9b7ec3392fb6fea501470ab9d5e to remote] DEBUG org.asynchttpclient.netty.request.NettyRequestSender - Using pooled Channel '[id: 0xcb08455d, L:/127.0.0.1:59316 - R:localhost/127.0.0.1:13679]' for 'GET' to 'http://localhost:13679/session/6cb4c9b7ec3392fb6fea501470ab9d5e/alert/text'
14:31:34.631 [Forwarding getAlertText on session 6cb4c9b7ec3392fb6fea501470ab9d5e to remote] DEBUG org.asynchttpclient.netty.request.NettyRequestSender - Using open Channel [id: 0xcb08455d, L:/127.0.0.1:59316 - R:localhost/127.0.0.1:13679] for GET '/session/6cb4c9b7ec3392fb6fea501470ab9d5e/alert/text'
14:31:34.648 [AsyncHttpClient-1-6] DEBUG org.asynchttpclient.netty.handler.HttpHandler - 

Request DefaultFullHttpRequest(decodeResult: success, version: HTTP/1.1, content: EmptyByteBufBE)
GET /session/6cb4c9b7ec3392fb6fea501470ab9d5e/alert/text HTTP/1.1
User-Agent: selenium/4.8.1 (java windows)
Cache-Control: no-cache
Content-Type: application/json; charset=utf-8
host: localhost:13679
accept: */*

Response DefaultHttpResponse(decodeResult: success, version: HTTP/1.1)
HTTP/1.1 404 Not Found
Content-Length: 821
Content-Type: application/json; charset=utf-8
cache-control: no-cache

14:31:34.648 [AsyncHttpClient-1-6] DEBUG org.asynchttpclient.netty.channel.ChannelManager - Adding key: http://localhost:13679 for channel [id: 0xcb08455d, L:/127.0.0.1:59316 - R:localhost/127.0.0.1:13679]
14:31:34.656 [Forwarding getCurrentUrl on session 6cb4c9b7ec3392fb6fea501470ab9d5e to remote] DEBUG org.asynchttpclient.netty.request.NettyRequestSender - Using pooled Channel '[id: 0xcb08455d, L:/127.0.0.1:59316 - R:localhost/127.0.0.1:13679]' for 'GET' to 'http://localhost:13679/session/6cb4c9b7ec3392fb6fea501470ab9d5e/url'
14:31:34.656 [Forwarding getCurrentUrl on session 6cb4c9b7ec3392fb6fea501470ab9d5e to remote] DEBUG org.asynchttpclient.netty.request.NettyRequestSender - Using open Channel [id: 0xcb08455d, L:/127.0.0.1:59316 - R:localhost/127.0.0.1:13679] for GET '/session/6cb4c9b7ec3392fb6fea501470ab9d5e/url'
14:31:34.675 [AsyncHttpClient-1-6] DEBUG org.asynchttpclient.netty.handler.HttpHandler - 

Request DefaultFullHttpRequest(decodeResult: success, version: HTTP/1.1, content: EmptyByteBufBE)
GET /session/6cb4c9b7ec3392fb6fea501470ab9d5e/url HTTP/1.1
User-Agent: selenium/4.8.1 (java windows)
Cache-Control: no-cache
Content-Type: application/json; charset=utf-8
host: localhost:13679
accept: */*

Response DefaultHttpResponse(decodeResult: success, version: HTTP/1.1)
HTTP/1.1 200 OK
Content-Length: 63
Content-Type: application/json; charset=utf-8
cache-control: no-cache

14:31:34.675 [AsyncHttpClient-1-6] DEBUG org.asynchttpclient.netty.channel.ChannelManager - Adding key: http://localhost:13679 for channel [id: 0xcb08455d, L:/127.0.0.1:59316 - R:localhost/127.0.0.1:13679]
14:31:34.675 [Forwarding screenshot on session 6cb4c9b7ec3392fb6fea501470ab9d5e to remote] DEBUG org.asynchttpclient.netty.request.NettyRequestSender - Using pooled Channel '[id: 0xcb08455d, L:/127.0.0.1:59316 - R:localhost/127.0.0.1:13679]' for 'GET' to 'http://localhost:13679/session/6cb4c9b7ec3392fb6fea501470ab9d5e/screenshot'
14:31:34.675 [Forwarding screenshot on session 6cb4c9b7ec3392fb6fea501470ab9d5e to remote] DEBUG org.asynchttpclient.netty.request.NettyRequestSender - Using open Channel [id: 0xcb08455d, L:/127.0.0.1:59316 - R:localhost/127.0.0.1:13679] for GET '/session/6cb4c9b7ec3392fb6fea501470ab9d5e/screenshot'
14:31:34.958 [AsyncHttpClient-1-6] DEBUG org.asynchttpclient.netty.handler.HttpHandler - 

Request DefaultFullHttpRequest(decodeResult: success, version: HTTP/1.1, content: EmptyByteBufBE)
GET /session/6cb4c9b7ec3392fb6fea501470ab9d5e/screenshot HTTP/1.1
User-Agent: selenium/4.8.1 (java windows)
Cache-Control: no-cache
Content-Type: application/json; charset=utf-8
host: localhost:13679
accept: */*

Response DefaultHttpResponse(decodeResult: success, version: HTTP/1.1)
HTTP/1.1 200 OK
Content-Length: 261992
Content-Type: application/json; charset=utf-8
cache-control: no-cache

14:31:34.964 [AsyncHttpClient-1-6] DEBUG org.asynchttpclient.netty.channel.ChannelManager - Adding key: http://localhost:13679 for channel [id: 0xcb08455d, L:/127.0.0.1:59316 - R:localhost/127.0.0.1:13679]
14:31:34.990 [main] DEBUG net.serenitybdd.core.photography.Darkroom - Send negative for processing for target\site\serenity\9794f02b922fa60fb6381638b7541290aa13d9a43ad535468db79d7d4b84aba5.png
14:31:34.990 [main] DEBUG net.thucydides.core.steps.StepInterceptor - STEP DONE: Click_IPO_link
14:31:34.990 [Darkroom Processing Line] DEBUG net.serenitybdd.core.photography.DarkroomProcessingLine - Processing screenshot image in /var/screenshots/screenshot-5218533005718229813
14:31:34.990 [Darkroom Processing Line] DEBUG net.serenitybdd.core.photography.DarkroomProcessingLine - Saving screenshot to target\site\serenity\9794f02b922fa60fb6381638b7541290aa13d9a43ad535468db79d7d4b84aba5.png
14:31:35.000 [Forwarding getPageSource on session 6cb4c9b7ec3392fb6fea501470ab9d5e to remote] DEBUG org.asynchttpclient.netty.request.NettyRequestSender - Using pooled Channel '[id: 0xcb08455d, L:/127.0.0.1:59316 - R:localhost/127.0.0.1:13679]' for 'POST' to 'http://localhost:13679/session/6cb4c9b7ec3392fb6fea501470ab9d5e/execute/sync'
14:31:35.000 [Forwarding getPageSource on session 6cb4c9b7ec3392fb6fea501470ab9d5e to remote] DEBUG org.asynchttpclient.netty.request.NettyRequestSender - Using open Channel [id: 0xcb08455d, L:/127.0.0.1:59316 - R:localhost/127.0.0.1:13679] for POST '/session/6cb4c9b7ec3392fb6fea501470ab9d5e/execute/sync'
14:31:35.027 [AsyncHttpClient-1-6] DEBUG org.asynchttpclient.netty.handler.HttpHandler - 

Request DefaultHttpRequest(decodeResult: success, version: HTTP/1.1)
POST /session/6cb4c9b7ec3392fb6fea501470ab9d5e/execute/sync HTTP/1.1
User-Agent: selenium/4.8.1 (java windows)
Content-Length: 176
Content-Type: application/json; charset=utf-8
host: localhost:13679
accept: */*

Response DefaultHttpResponse(decodeResult: success, version: HTTP/1.1)
HTTP/1.1 200 OK
Content-Length: 108645
Content-Type: application/json; charset=utf-8
cache-control: no-cache

14:31:35.027 [AsyncHttpClient-1-6] DEBUG org.asynchttpclient.netty.channel.ChannelManager - Adding key: http://localhost:13679 for channel [id: 0xcb08455d, L:/127.0.0.1:59316 - R:localhost/127.0.0.1:13679]
14:31:35.038 [Forwarding getCurrentUrl on session 6cb4c9b7ec3392fb6fea501470ab9d5e to remote] DEBUG org.asynchttpclient.netty.request.NettyRequestSender - Using pooled Channel '[id: 0xcb08455d, L:/127.0.0.1:59316 - R:localhost/127.0.0.1:13679]' for 'GET' to 'http://localhost:13679/session/6cb4c9b7ec3392fb6fea501470ab9d5e/url'
14:31:35.038 [Forwarding getCurrentUrl on session 6cb4c9b7ec3392fb6fea501470ab9d5e to remote] DEBUG org.asynchttpclient.netty.request.NettyRequestSender - Using open Channel [id: 0xcb08455d, L:/127.0.0.1:59316 - R:localhost/127.0.0.1:13679] for GET '/session/6cb4c9b7ec3392fb6fea501470ab9d5e/url'
14:31:35.054 [AsyncHttpClient-1-6] DEBUG org.asynchttpclient.netty.handler.HttpHandler - 

Request DefaultFullHttpRequest(decodeResult: success, version: HTTP/1.1, content: EmptyByteBufBE)
GET /session/6cb4c9b7ec3392fb6fea501470ab9d5e/url HTTP/1.1
User-Agent: selenium/4.8.1 (java windows)
Cache-Control: no-cache
Content-Type: application/json; charset=utf-8
host: localhost:13679
accept: */*

Response DefaultHttpResponse(decodeResult: success, version: HTTP/1.1)
HTTP/1.1 200 OK
Content-Length: 63
Content-Type: application/json; charset=utf-8
cache-control: no-cache

14:31:35.054 [AsyncHttpClient-1-6] DEBUG org.asynchttpclient.netty.channel.ChannelManager - Adding key: http://localhost:13679 for channel [id: 0xcb08455d, L:/127.0.0.1:59316 - R:localhost/127.0.0.1:13679]
14:31:35.064 [Forwarding getAlertText on session 6cb4c9b7ec3392fb6fea501470ab9d5e to remote] DEBUG org.asynchttpclient.netty.request.NettyRequestSender - Using pooled Channel '[id: 0xcb08455d, L:/127.0.0.1:59316 - R:localhost/127.0.0.1:13679]' for 'GET' to 'http://localhost:13679/session/6cb4c9b7ec3392fb6fea501470ab9d5e/alert/text'
14:31:35.064 [Forwarding getAlertText on session 6cb4c9b7ec3392fb6fea501470ab9d5e to remote] DEBUG org.asynchttpclient.netty.request.NettyRequestSender - Using open Channel [id: 0xcb08455d, L:/127.0.0.1:59316 - R:localhost/127.0.0.1:13679] for GET '/session/6cb4c9b7ec3392fb6fea501470ab9d5e/alert/text'
14:31:35.075 [AsyncHttpClient-1-6] DEBUG org.asynchttpclient.netty.handler.HttpHandler - 

Request DefaultFullHttpRequest(decodeResult: success, version: HTTP/1.1, content: EmptyByteBufBE)
GET /session/6cb4c9b7ec3392fb6fea501470ab9d5e/alert/text HTTP/1.1
User-Agent: selenium/4.8.1 (java windows)
Cache-Control: no-cache
Content-Type: application/json; charset=utf-8
host: localhost:13679
accept: */*

Response DefaultHttpResponse(decodeResult: success, version: HTTP/1.1)
HTTP/1.1 404 Not Found
Content-Length: 821
Content-Type: application/json; charset=utf-8
cache-control: no-cache

14:31:35.075 [AsyncHttpClient-1-6] DEBUG org.asynchttpclient.netty.channel.ChannelManager - Adding key: http://localhost:13679 for channel [id: 0xcb08455d, L:/127.0.0.1:59316 - R:localhost/127.0.0.1:13679]
14:31:35.077 [Forwarding getCurrentUrl on session 6cb4c9b7ec3392fb6fea501470ab9d5e to remote] DEBUG org.asynchttpclient.netty.request.NettyRequestSender - Using pooled Channel '[id: 0xcb08455d, L:/127.0.0.1:59316 - R:localhost/127.0.0.1:13679]' for 'GET' to 'http://localhost:13679/session/6cb4c9b7ec3392fb6fea501470ab9d5e/url'
14:31:35.077 [Forwarding getCurrentUrl on session 6cb4c9b7ec3392fb6fea501470ab9d5e to remote] DEBUG org.asynchttpclient.netty.request.NettyRequestSender - Using open Channel [id: 0xcb08455d, L:/127.0.0.1:59316 - R:localhost/127.0.0.1:13679] for GET '/session/6cb4c9b7ec3392fb6fea501470ab9d5e/url'
14:31:35.091 [AsyncHttpClient-1-6] DEBUG org.asynchttpclient.netty.handler.HttpHandler - 

Request DefaultFullHttpRequest(decodeResult: success, version: HTTP/1.1, content: EmptyByteBufBE)
GET /session/6cb4c9b7ec3392fb6fea501470ab9d5e/url HTTP/1.1
User-Agent: selenium/4.8.1 (java windows)
Cache-Control: no-cache
Content-Type: application/json; charset=utf-8
host: localhost:13679
accept: */*

Response DefaultHttpResponse(decodeResult: success, version: HTTP/1.1)
HTTP/1.1 200 OK
Content-Length: 63
Content-Type: application/json; charset=utf-8
cache-control: no-cache

14:31:35.091 [AsyncHttpClient-1-6] DEBUG org.asynchttpclient.netty.channel.ChannelManager - Adding key: http://localhost:13679 for channel [id: 0xcb08455d, L:/127.0.0.1:59316 - R:localhost/127.0.0.1:13679]
14:31:35.091 [Forwarding screenshot on session 6cb4c9b7ec3392fb6fea501470ab9d5e to remote] DEBUG org.asynchttpclient.netty.request.NettyRequestSender - Using pooled Channel '[id: 0xcb08455d, L:/127.0.0.1:59316 - R:localhost/127.0.0.1:13679]' for 'GET' to 'http://localhost:13679/session/6cb4c9b7ec3392fb6fea501470ab9d5e/screenshot'
14:31:35.091 [Forwarding screenshot on session 6cb4c9b7ec3392fb6fea501470ab9d5e to remote] DEBUG org.asynchttpclient.netty.request.NettyRequestSender - Using open Channel [id: 0xcb08455d, L:/127.0.0.1:59316 - R:localhost/127.0.0.1:13679] for GET '/session/6cb4c9b7ec3392fb6fea501470ab9d5e/screenshot'
14:31:35.288 [AsyncHttpClient-1-1] DEBUG org.asynchttpclient.netty.channel.DefaultChannelPool - Entry count for : http://localhost:59317 : 1
14:31:35.401 [AsyncHttpClient-1-6] DEBUG org.asynchttpclient.netty.handler.HttpHandler - 

Request DefaultFullHttpRequest(decodeResult: success, version: HTTP/1.1, content: EmptyByteBufBE)
GET /session/6cb4c9b7ec3392fb6fea501470ab9d5e/screenshot HTTP/1.1
User-Agent: selenium/4.8.1 (java windows)
Cache-Control: no-cache
Content-Type: application/json; charset=utf-8
host: localhost:13679
accept: */*

Response DefaultHttpResponse(decodeResult: success, version: HTTP/1.1)
HTTP/1.1 200 OK
Content-Length: 261992
Content-Type: application/json; charset=utf-8
cache-control: no-cache

14:31:35.401 [AsyncHttpClient-1-6] DEBUG org.asynchttpclient.netty.channel.ChannelManager - Adding key: http://localhost:13679 for channel [id: 0xcb08455d, L:/127.0.0.1:59316 - R:localhost/127.0.0.1:13679]
14:31:35.422 [main] DEBUG net.serenitybdd.core.photography.Darkroom - Send negative for processing for target\site\serenity\9794f02b922fa60fb6381638b7541290aa13d9a43ad535468db79d7d4b84aba5.png
14:31:35.426 [Forwarding getPageSource on session 6cb4c9b7ec3392fb6fea501470ab9d5e to remote] DEBUG org.asynchttpclient.netty.request.NettyRequestSender - Using pooled Channel '[id: 0xcb08455d, L:/127.0.0.1:59316 - R:localhost/127.0.0.1:13679]' for 'POST' to 'http://localhost:13679/session/6cb4c9b7ec3392fb6fea501470ab9d5e/execute/sync'
14:31:35.426 [Forwarding getPageSource on session 6cb4c9b7ec3392fb6fea501470ab9d5e to remote] DEBUG org.asynchttpclient.netty.request.NettyRequestSender - Using open Channel [id: 0xcb08455d, L:/127.0.0.1:59316 - R:localhost/127.0.0.1:13679] for POST '/session/6cb4c9b7ec3392fb6fea501470ab9d5e/execute/sync'
14:31:35.443 [AsyncHttpClient-1-6] DEBUG org.asynchttpclient.netty.handler.HttpHandler - 

Request DefaultHttpRequest(decodeResult: success, version: HTTP/1.1)
POST /session/6cb4c9b7ec3392fb6fea501470ab9d5e/execute/sync HTTP/1.1
User-Agent: selenium/4.8.1 (java windows)
Content-Length: 176
Content-Type: application/json; charset=utf-8
host: localhost:13679
accept: */*

Response DefaultHttpResponse(decodeResult: success, version: HTTP/1.1)
HTTP/1.1 200 OK
Content-Length: 108645
Content-Type: application/json; charset=utf-8
cache-control: no-cache

14:31:35.443 [AsyncHttpClient-1-6] DEBUG org.asynchttpclient.netty.channel.ChannelManager - Adding key: http://localhost:13679 for channel [id: 0xcb08455d, L:/127.0.0.1:59316 - R:localhost/127.0.0.1:13679]
14:31:35.465 [Forwarding getCurrentUrl on session 6cb4c9b7ec3392fb6fea501470ab9d5e to remote] DEBUG org.asynchttpclient.netty.request.NettyRequestSender - Using pooled Channel '[id: 0xcb08455d, L:/127.0.0.1:59316 - R:localhost/127.0.0.1:13679]' for 'GET' to 'http://localhost:13679/session/6cb4c9b7ec3392fb6fea501470ab9d5e/url'
14:31:35.465 [Forwarding getCurrentUrl on session 6cb4c9b7ec3392fb6fea501470ab9d5e to remote] DEBUG org.asynchttpclient.netty.request.NettyRequestSender - Using open Channel [id: 0xcb08455d, L:/127.0.0.1:59316 - R:localhost/127.0.0.1:13679] for GET '/session/6cb4c9b7ec3392fb6fea501470ab9d5e/url'
14:31:35.475 [AsyncHttpClient-1-6] DEBUG org.asynchttpclient.netty.handler.HttpHandler - 

Request DefaultFullHttpRequest(decodeResult: success, version: HTTP/1.1, content: EmptyByteBufBE)
GET /session/6cb4c9b7ec3392fb6fea501470ab9d5e/url HTTP/1.1
User-Agent: selenium/4.8.1 (java windows)
Cache-Control: no-cache
Content-Type: application/json; charset=utf-8
host: localhost:13679
accept: */*

Response DefaultHttpResponse(decodeResult: success, version: HTTP/1.1)
HTTP/1.1 200 OK
Content-Length: 63
Content-Type: application/json; charset=utf-8
cache-control: no-cache

14:31:35.475 [AsyncHttpClient-1-6] DEBUG org.asynchttpclient.netty.channel.ChannelManager - Adding key: http://localhost:13679 for channel [id: 0xcb08455d, L:/127.0.0.1:59316 - R:localhost/127.0.0.1:13679]
14:31:35.475 [main] DEBUG net.thucydides.core.steps.StepInterceptor - STARTING STEP: Afrexim_Investors_steps.select_the_country_and_jurisdication - Select_the_country_and_jurisdication
14:31:35.489 [Forwarding findElement on session 6cb4c9b7ec3392fb6fea501470ab9d5e to remote] DEBUG org.asynchttpclient.netty.request.NettyRequestSender - Using pooled Channel '[id: 0xcb08455d, L:/127.0.0.1:59316 - R:localhost/127.0.0.1:13679]' for 'POST' to 'http://localhost:13679/session/6cb4c9b7ec3392fb6fea501470ab9d5e/element'
14:31:35.489 [Forwarding findElement on session 6cb4c9b7ec3392fb6fea501470ab9d5e to remote] DEBUG org.asynchttpclient.netty.request.NettyRequestSender - Using open Channel [id: 0xcb08455d, L:/127.0.0.1:59316 - R:localhost/127.0.0.1:13679] for POST '/session/6cb4c9b7ec3392fb6fea501470ab9d5e/element'
14:31:35.507 [AsyncHttpClient-1-6] DEBUG org.asynchttpclient.netty.handler.HttpHandler - 

Request DefaultHttpRequest(decodeResult: success, version: HTTP/1.1)
POST /session/6cb4c9b7ec3392fb6fea501470ab9d5e/element HTTP/1.1
User-Agent: selenium/4.8.1 (java windows)
Content-Length: 73
Content-Type: application/json; charset=utf-8
host: localhost:13679
accept: */*

Response DefaultHttpResponse(decodeResult: success, version: HTTP/1.1)
HTTP/1.1 200 OK
Content-Length: 95
Content-Type: application/json; charset=utf-8
cache-control: no-cache

14:31:35.507 [AsyncHttpClient-1-6] DEBUG org.asynchttpclient.netty.channel.ChannelManager - Adding key: http://localhost:13679 for channel [id: 0xcb08455d, L:/127.0.0.1:59316 - R:localhost/127.0.0.1:13679]
14:31:35.507 [Forwarding getElementTagName on session 6cb4c9b7ec3392fb6fea501470ab9d5e to remote] DEBUG org.asynchttpclient.netty.request.NettyRequestSender - Using pooled Channel '[id: 0xcb08455d, L:/127.0.0.1:59316 - R:localhost/127.0.0.1:13679]' for 'GET' to 'http://localhost:13679/session/6cb4c9b7ec3392fb6fea501470ab9d5e/element/C2EA924B9B8F71E6C373507043BDA63B_element_70/name'
14:31:35.518 [Forwarding getElementTagName on session 6cb4c9b7ec3392fb6fea501470ab9d5e to remote] DEBUG org.asynchttpclient.netty.request.NettyRequestSender - Using open Channel [id: 0xcb08455d, L:/127.0.0.1:59316 - R:localhost/127.0.0.1:13679] for GET '/session/6cb4c9b7ec3392fb6fea501470ab9d5e/element/C2EA924B9B8F71E6C373507043BDA63B_element_70/name'
14:31:35.529 [AsyncHttpClient-1-6] DEBUG org.asynchttpclient.netty.handler.HttpHandler - 

Request DefaultFullHttpRequest(decodeResult: success, version: HTTP/1.1, content: EmptyByteBufBE)
GET /session/6cb4c9b7ec3392fb6fea501470ab9d5e/element/C2EA924B9B8F71E6C373507043BDA63B_element_70/name HTTP/1.1
User-Agent: selenium/4.8.1 (java windows)
Cache-Control: no-cache
Content-Type: application/json; charset=utf-8
host: localhost:13679
accept: */*

Response DefaultHttpResponse(decodeResult: success, version: HTTP/1.1)
HTTP/1.1 200 OK
Content-Length: 18
Content-Type: application/json; charset=utf-8
cache-control: no-cache

14:31:35.529 [AsyncHttpClient-1-6] DEBUG org.asynchttpclient.netty.channel.ChannelManager - Adding key: http://localhost:13679 for channel [id: 0xcb08455d, L:/127.0.0.1:59316 - R:localhost/127.0.0.1:13679]
14:31:35.529 [Forwarding getElementDomAttribute on session 6cb4c9b7ec3392fb6fea501470ab9d5e to remote] DEBUG org.asynchttpclient.netty.request.NettyRequestSender - Using pooled Channel '[id: 0xcb08455d, L:/127.0.0.1:59316 - R:localhost/127.0.0.1:13679]' for 'GET' to 'http://localhost:13679/session/6cb4c9b7ec3392fb6fea501470ab9d5e/element/C2EA924B9B8F71E6C373507043BDA63B_element_70/attribute/multiple'
14:31:35.529 [Forwarding getElementDomAttribute on session 6cb4c9b7ec3392fb6fea501470ab9d5e to remote] DEBUG org.asynchttpclient.netty.request.NettyRequestSender - Using open Channel [id: 0xcb08455d, L:/127.0.0.1:59316 - R:localhost/127.0.0.1:13679] for GET '/session/6cb4c9b7ec3392fb6fea501470ab9d5e/element/C2EA924B9B8F71E6C373507043BDA63B_element_70/attribute/multiple'
14:31:35.544 [AsyncHttpClient-1-6] DEBUG org.asynchttpclient.netty.handler.HttpHandler - 

Request DefaultFullHttpRequest(decodeResult: success, version: HTTP/1.1, content: EmptyByteBufBE)
GET /session/6cb4c9b7ec3392fb6fea501470ab9d5e/element/C2EA924B9B8F71E6C373507043BDA63B_element_70/attribute/multiple HTTP/1.1
User-Agent: selenium/4.8.1 (java windows)
Cache-Control: no-cache
Content-Type: application/json; charset=utf-8
host: localhost:13679
accept: */*

Response DefaultHttpResponse(decodeResult: success, version: HTTP/1.1)
HTTP/1.1 200 OK
Content-Length: 14
Content-Type: application/json; charset=utf-8
cache-control: no-cache

14:31:35.544 [AsyncHttpClient-1-6] DEBUG org.asynchttpclient.netty.channel.ChannelManager - Adding key: http://localhost:13679 for channel [id: 0xcb08455d, L:/127.0.0.1:59316 - R:localhost/127.0.0.1:13679]
14:31:35.550 [Forwarding isElementEnabled on session 6cb4c9b7ec3392fb6fea501470ab9d5e to remote] DEBUG org.asynchttpclient.netty.request.NettyRequestSender - Using pooled Channel '[id: 0xcb08455d, L:/127.0.0.1:59316 - R:localhost/127.0.0.1:13679]' for 'GET' to 'http://localhost:13679/session/6cb4c9b7ec3392fb6fea501470ab9d5e/element/C2EA924B9B8F71E6C373507043BDA63B_element_70/enabled'
14:31:35.550 [Forwarding isElementEnabled on session 6cb4c9b7ec3392fb6fea501470ab9d5e to remote] DEBUG org.asynchttpclient.netty.request.NettyRequestSender - Using open Channel [id: 0xcb08455d, L:/127.0.0.1:59316 - R:localhost/127.0.0.1:13679] for GET '/session/6cb4c9b7ec3392fb6fea501470ab9d5e/element/C2EA924B9B8F71E6C373507043BDA63B_element_70/enabled'
14:31:35.576 [AsyncHttpClient-1-6] DEBUG org.asynchttpclient.netty.handler.HttpHandler - 

Request DefaultFullHttpRequest(decodeResult: success, version: HTTP/1.1, content: EmptyByteBufBE)
GET /session/6cb4c9b7ec3392fb6fea501470ab9d5e/element/C2EA924B9B8F71E6C373507043BDA63B_element_70/enabled HTTP/1.1
User-Agent: selenium/4.8.1 (java windows)
Cache-Control: no-cache
Content-Type: application/json; charset=utf-8
host: localhost:13679
accept: */*

Response DefaultHttpResponse(decodeResult: success, version: HTTP/1.1)
HTTP/1.1 200 OK
Content-Length: 14
Content-Type: application/json; charset=utf-8
cache-control: no-cache

14:31:35.576 [AsyncHttpClient-1-6] DEBUG org.asynchttpclient.netty.channel.ChannelManager - Adding key: http://localhost:13679 for channel [id: 0xcb08455d, L:/127.0.0.1:59316 - R:localhost/127.0.0.1:13679]
14:31:35.576 [Forwarding findChildElements on session 6cb4c9b7ec3392fb6fea501470ab9d5e to remote] DEBUG org.asynchttpclient.netty.request.NettyRequestSender - Using pooled Channel '[id: 0xcb08455d, L:/127.0.0.1:59316 - R:localhost/127.0.0.1:13679]' for 'POST' to 'http://localhost:13679/session/6cb4c9b7ec3392fb6fea501470ab9d5e/element/C2EA924B9B8F71E6C373507043BDA63B_element_70/elements'
14:31:35.576 [Forwarding findChildElements on session 6cb4c9b7ec3392fb6fea501470ab9d5e to remote] DEBUG org.asynchttpclient.netty.request.NettyRequestSender - Using open Channel [id: 0xcb08455d, L:/127.0.0.1:59316 - R:localhost/127.0.0.1:13679] for POST '/session/6cb4c9b7ec3392fb6fea501470ab9d5e/element/C2EA924B9B8F71E6C373507043BDA63B_element_70/elements'
14:31:35.633 [AsyncHttpClient-1-6] DEBUG org.asynchttpclient.netty.handler.HttpHandler - 

Request DefaultHttpRequest(decodeResult: success, version: HTTP/1.1)
POST /session/6cb4c9b7ec3392fb6fea501470ab9d5e/element/C2EA924B9B8F71E6C373507043BDA63B_element_70/elements HTTP/1.1
User-Agent: selenium/4.8.1 (java windows)
Content-Length: 101
Content-Type: application/json; charset=utf-8
host: localhost:13679
accept: */*

Response DefaultHttpResponse(decodeResult: success, version: HTTP/1.1)
HTTP/1.1 200 OK
Content-Length: 21645
Content-Type: application/json; charset=utf-8
cache-control: no-cache

14:31:35.633 [AsyncHttpClient-1-6] DEBUG org.asynchttpclient.netty.channel.ChannelManager - Adding key: http://localhost:13679 for channel [id: 0xcb08455d, L:/127.0.0.1:59316 - R:localhost/127.0.0.1:13679]
14:31:35.640 [Forwarding getElementAttribute on session 6cb4c9b7ec3392fb6fea501470ab9d5e to remote] DEBUG org.asynchttpclient.netty.request.NettyRequestSender - Using pooled Channel '[id: 0xcb08455d, L:/127.0.0.1:59316 - R:localhost/127.0.0.1:13679]' for 'POST' to 'http://localhost:13679/session/6cb4c9b7ec3392fb6fea501470ab9d5e/execute/sync'
14:31:35.640 [Forwarding getElementAttribute on session 6cb4c9b7ec3392fb6fea501470ab9d5e to remote] DEBUG org.asynchttpclient.netty.request.NettyRequestSender - Using open Channel [id: 0xcb08455d, L:/127.0.0.1:59316 - R:localhost/127.0.0.1:13679] for POST '/session/6cb4c9b7ec3392fb6fea501470ab9d5e/execute/sync'
14:31:35.689 [AsyncHttpClient-1-6] DEBUG org.asynchttpclient.netty.handler.HttpHandler - 

Request DefaultHttpRequest(decodeResult: success, version: HTTP/1.1)
POST /session/6cb4c9b7ec3392fb6fea501470ab9d5e/execute/sync HTTP/1.1
User-Agent: selenium/4.8.1 (java windows)
Content-Length: 47375
Content-Type: application/json; charset=utf-8
host: localhost:13679
accept: */*

Response DefaultHttpResponse(decodeResult: success, version: HTTP/1.1)
HTTP/1.1 200 OK
Content-Length: 13
Content-Type: application/json; charset=utf-8
cache-control: no-cache

14:31:35.689 [AsyncHttpClient-1-6] DEBUG org.asynchttpclient.netty.channel.ChannelManager - Adding key: http://localhost:13679 for channel [id: 0xcb08455d, L:/127.0.0.1:59316 - R:localhost/127.0.0.1:13679]
14:31:35.689 [Forwarding getElementAttribute on session 6cb4c9b7ec3392fb6fea501470ab9d5e to remote] DEBUG org.asynchttpclient.netty.request.NettyRequestSender - Using pooled Channel '[id: 0xcb08455d, L:/127.0.0.1:59316 - R:localhost/127.0.0.1:13679]' for 'POST' to 'http://localhost:13679/session/6cb4c9b7ec3392fb6fea501470ab9d5e/execute/sync'
14:31:35.689 [Forwarding getElementAttribute on session 6cb4c9b7ec3392fb6fea501470ab9d5e to remote] DEBUG org.asynchttpclient.netty.request.NettyRequestSender - Using open Channel [id: 0xcb08455d, L:/127.0.0.1:59316 - R:localhost/127.0.0.1:13679] for POST '/session/6cb4c9b7ec3392fb6fea501470ab9d5e/execute/sync'
14:31:35.721 [AsyncHttpClient-1-6] DEBUG org.asynchttpclient.netty.handler.HttpHandler - 

Request DefaultHttpRequest(decodeResult: success, version: HTTP/1.1)
POST /session/6cb4c9b7ec3392fb6fea501470ab9d5e/execute/sync HTTP/1.1
User-Agent: selenium/4.8.1 (java windows)
Content-Length: 47375
Content-Type: application/json; charset=utf-8
host: localhost:13679
accept: */*

Response DefaultHttpResponse(decodeResult: success, version: HTTP/1.1)
HTTP/1.1 200 OK
Content-Length: 13
Content-Type: application/json; charset=utf-8
cache-control: no-cache

14:31:35.721 [AsyncHttpClient-1-6] DEBUG org.asynchttpclient.netty.channel.ChannelManager - Adding key: http://localhost:13679 for channel [id: 0xcb08455d, L:/127.0.0.1:59316 - R:localhost/127.0.0.1:13679]
14:31:35.726 [Forwarding getElementAttribute on session 6cb4c9b7ec3392fb6fea501470ab9d5e to remote] DEBUG org.asynchttpclient.netty.request.NettyRequestSender - Using pooled Channel '[id: 0xcb08455d, L:/127.0.0.1:59316 - R:localhost/127.0.0.1:13679]' for 'POST' to 'http://localhost:13679/session/6cb4c9b7ec3392fb6fea501470ab9d5e/execute/sync'
14:31:35.726 [Forwarding getElementAttribute on session 6cb4c9b7ec3392fb6fea501470ab9d5e to remote] DEBUG org.asynchttpclient.netty.request.NettyRequestSender - Using open Channel [id: 0xcb08455d, L:/127.0.0.1:59316 - R:localhost/127.0.0.1:13679] for POST '/session/6cb4c9b7ec3392fb6fea501470ab9d5e/execute/sync'
14:31:35.743 [AsyncHttpClient-1-6] DEBUG org.asynchttpclient.netty.handler.HttpHandler - 

Request DefaultHttpRequest(decodeResult: success, version: HTTP/1.1)
POST /session/6cb4c9b7ec3392fb6fea501470ab9d5e/execute/sync HTTP/1.1
User-Agent: selenium/4.8.1 (java windows)
Content-Length: 47375
Content-Type: application/json; charset=utf-8
host: localhost:13679
accept: */*

Response DefaultHttpResponse(decodeResult: success, version: HTTP/1.1)
HTTP/1.1 200 OK
Content-Length: 13
Content-Type: application/json; charset=utf-8
cache-control: no-cache

14:31:35.743 [AsyncHttpClient-1-6] DEBUG org.asynchttpclient.netty.channel.ChannelManager - Adding key: http://localhost:13679 for channel [id: 0xcb08455d, L:/127.0.0.1:59316 - R:localhost/127.0.0.1:13679]
14:31:35.743 [Forwarding isElementEnabled on session 6cb4c9b7ec3392fb6fea501470ab9d5e to remote] DEBUG org.asynchttpclient.netty.request.NettyRequestSender - Using pooled Channel '[id: 0xcb08455d, L:/127.0.0.1:59316 - R:localhost/127.0.0.1:13679]' for 'GET' to 'http://localhost:13679/session/6cb4c9b7ec3392fb6fea501470ab9d5e/element/C2EA924B9B8F71E6C373507043BDA63B_element_73/enabled'
14:31:35.743 [Forwarding isElementEnabled on session 6cb4c9b7ec3392fb6fea501470ab9d5e to remote] DEBUG org.asynchttpclient.netty.request.NettyRequestSender - Using open Channel [id: 0xcb08455d, L:/127.0.0.1:59316 - R:localhost/127.0.0.1:13679] for GET '/session/6cb4c9b7ec3392fb6fea501470ab9d5e/element/C2EA924B9B8F71E6C373507043BDA63B_element_73/enabled'
14:31:35.759 [AsyncHttpClient-1-6] DEBUG org.asynchttpclient.netty.handler.HttpHandler - 

Request DefaultFullHttpRequest(decodeResult: success, version: HTTP/1.1, content: EmptyByteBufBE)
GET /session/6cb4c9b7ec3392fb6fea501470ab9d5e/element/C2EA924B9B8F71E6C373507043BDA63B_element_73/enabled HTTP/1.1
User-Agent: selenium/4.8.1 (java windows)
Cache-Control: no-cache
Content-Type: application/json; charset=utf-8
host: localhost:13679
accept: */*

Response DefaultHttpResponse(decodeResult: success, version: HTTP/1.1)
HTTP/1.1 200 OK
Content-Length: 14
Content-Type: application/json; charset=utf-8
cache-control: no-cache

14:31:35.763 [AsyncHttpClient-1-6] DEBUG org.asynchttpclient.netty.channel.ChannelManager - Adding key: http://localhost:13679 for channel [id: 0xcb08455d, L:/127.0.0.1:59316 - R:localhost/127.0.0.1:13679]
14:31:35.763 [Forwarding isElementSelected on session 6cb4c9b7ec3392fb6fea501470ab9d5e to remote] DEBUG org.asynchttpclient.netty.request.NettyRequestSender - Using pooled Channel '[id: 0xcb08455d, L:/127.0.0.1:59316 - R:localhost/127.0.0.1:13679]' for 'GET' to 'http://localhost:13679/session/6cb4c9b7ec3392fb6fea501470ab9d5e/element/C2EA924B9B8F71E6C373507043BDA63B_element_73/selected'
14:31:35.763 [Forwarding isElementSelected on session 6cb4c9b7ec3392fb6fea501470ab9d5e to remote] DEBUG org.asynchttpclient.netty.request.NettyRequestSender - Using open Channel [id: 0xcb08455d, L:/127.0.0.1:59316 - R:localhost/127.0.0.1:13679] for GET '/session/6cb4c9b7ec3392fb6fea501470ab9d5e/element/C2EA924B9B8F71E6C373507043BDA63B_element_73/selected'
14:31:35.785 [AsyncHttpClient-1-6] DEBUG org.asynchttpclient.netty.handler.HttpHandler - 

Request DefaultFullHttpRequest(decodeResult: success, version: HTTP/1.1, content: EmptyByteBufBE)
GET /session/6cb4c9b7ec3392fb6fea501470ab9d5e/element/C2EA924B9B8F71E6C373507043BDA63B_element_73/selected HTTP/1.1
User-Agent: selenium/4.8.1 (java windows)
Cache-Control: no-cache
Content-Type: application/json; charset=utf-8
host: localhost:13679
accept: */*

Response DefaultHttpResponse(decodeResult: success, version: HTTP/1.1)
HTTP/1.1 200 OK
Content-Length: 15
Content-Type: application/json; charset=utf-8
cache-control: no-cache

14:31:35.785 [AsyncHttpClient-1-6] DEBUG org.asynchttpclient.netty.channel.ChannelManager - Adding key: http://localhost:13679 for channel [id: 0xcb08455d, L:/127.0.0.1:59316 - R:localhost/127.0.0.1:13679]
14:31:35.786 [Forwarding clickElement on session 6cb4c9b7ec3392fb6fea501470ab9d5e to remote] DEBUG org.asynchttpclient.netty.request.NettyRequestSender - Using pooled Channel '[id: 0xcb08455d, L:/127.0.0.1:59316 - R:localhost/127.0.0.1:13679]' for 'POST' to 'http://localhost:13679/session/6cb4c9b7ec3392fb6fea501470ab9d5e/element/C2EA924B9B8F71E6C373507043BDA63B_element_73/click'
14:31:35.786 [Forwarding clickElement on session 6cb4c9b7ec3392fb6fea501470ab9d5e to remote] DEBUG org.asynchttpclient.netty.request.NettyRequestSender - Using open Channel [id: 0xcb08455d, L:/127.0.0.1:59316 - R:localhost/127.0.0.1:13679] for POST '/session/6cb4c9b7ec3392fb6fea501470ab9d5e/element/C2EA924B9B8F71E6C373507043BDA63B_element_73/click'
14:31:35.845 [AsyncHttpClient-1-6] DEBUG org.asynchttpclient.netty.handler.HttpHandler - 

Request DefaultHttpRequest(decodeResult: success, version: HTTP/1.1)
POST /session/6cb4c9b7ec3392fb6fea501470ab9d5e/element/C2EA924B9B8F71E6C373507043BDA63B_element_73/click HTTP/1.1
User-Agent: selenium/4.8.1 (java windows)
Content-Length: 57
Content-Type: application/json; charset=utf-8
host: localhost:13679
accept: */*

Response DefaultHttpResponse(decodeResult: success, version: HTTP/1.1)
HTTP/1.1 200 OK
Content-Length: 14
Content-Type: application/json; charset=utf-8
cache-control: no-cache

14:31:35.845 [AsyncHttpClient-1-6] DEBUG org.asynchttpclient.netty.channel.ChannelManager - Adding key: http://localhost:13679 for channel [id: 0xcb08455d, L:/127.0.0.1:59316 - R:localhost/127.0.0.1:13679]
14:31:35.853 [Forwarding findElement on session 6cb4c9b7ec3392fb6fea501470ab9d5e to remote] DEBUG org.asynchttpclient.netty.request.NettyRequestSender - Using pooled Channel '[id: 0xcb08455d, L:/127.0.0.1:59316 - R:localhost/127.0.0.1:13679]' for 'POST' to 'http://localhost:13679/session/6cb4c9b7ec3392fb6fea501470ab9d5e/element'
14:31:35.853 [Forwarding findElement on session 6cb4c9b7ec3392fb6fea501470ab9d5e to remote] DEBUG org.asynchttpclient.netty.request.NettyRequestSender - Using open Channel [id: 0xcb08455d, L:/127.0.0.1:59316 - R:localhost/127.0.0.1:13679] for POST '/session/6cb4c9b7ec3392fb6fea501470ab9d5e/element'
14:31:35.896 [AsyncHttpClient-1-6] DEBUG org.asynchttpclient.netty.handler.HttpHandler - 

Request DefaultHttpRequest(decodeResult: success, version: HTTP/1.1)
POST /session/6cb4c9b7ec3392fb6fea501470ab9d5e/element HTTP/1.1
User-Agent: selenium/4.8.1 (java windows)
Content-Length: 73
Content-Type: application/json; charset=utf-8
host: localhost:13679
accept: */*

Response DefaultHttpResponse(decodeResult: success, version: HTTP/1.1)
HTTP/1.1 200 OK
Content-Length: 95
Content-Type: application/json; charset=utf-8
cache-control: no-cache

14:31:35.896 [AsyncHttpClient-1-6] DEBUG org.asynchttpclient.netty.channel.ChannelManager - Adding key: http://localhost:13679 for channel [id: 0xcb08455d, L:/127.0.0.1:59316 - R:localhost/127.0.0.1:13679]
14:31:35.896 [Forwarding sendKeysToElement on session 6cb4c9b7ec3392fb6fea501470ab9d5e to remote] DEBUG org.asynchttpclient.netty.request.NettyRequestSender - Using pooled Channel '[id: 0xcb08455d, L:/127.0.0.1:59316 - R:localhost/127.0.0.1:13679]' for 'POST' to 'http://localhost:13679/session/6cb4c9b7ec3392fb6fea501470ab9d5e/element/C2EA924B9B8F71E6C373507043BDA63B_element_70/value'
14:31:35.896 [Forwarding sendKeysToElement on session 6cb4c9b7ec3392fb6fea501470ab9d5e to remote] DEBUG org.asynchttpclient.netty.request.NettyRequestSender - Using open Channel [id: 0xcb08455d, L:/127.0.0.1:59316 - R:localhost/127.0.0.1:13679] for POST '/session/6cb4c9b7ec3392fb6fea501470ab9d5e/element/C2EA924B9B8F71E6C373507043BDA63B_element_70/value'
14:31:36.069 [AsyncHttpClient-1-6] DEBUG org.asynchttpclient.netty.handler.HttpHandler - 

Request DefaultHttpRequest(decodeResult: success, version: HTTP/1.1)
POST /session/6cb4c9b7ec3392fb6fea501470ab9d5e/element/C2EA924B9B8F71E6C373507043BDA63B_element_70/value HTTP/1.1
User-Agent: selenium/4.8.1 (java windows)
Content-Length: 102
Content-Type: application/json; charset=utf-8
host: localhost:13679
accept: */*

Response DefaultHttpResponse(decodeResult: success, version: HTTP/1.1)
HTTP/1.1 200 OK
Content-Length: 14
Content-Type: application/json; charset=utf-8
cache-control: no-cache

14:31:36.069 [AsyncHttpClient-1-6] DEBUG org.asynchttpclient.netty.channel.ChannelManager - Adding key: http://localhost:13679 for channel [id: 0xcb08455d, L:/127.0.0.1:59316 - R:localhost/127.0.0.1:13679]
14:31:36.078 [Forwarding findElement on session 6cb4c9b7ec3392fb6fea501470ab9d5e to remote] DEBUG org.asynchttpclient.netty.request.NettyRequestSender - Using pooled Channel '[id: 0xcb08455d, L:/127.0.0.1:59316 - R:localhost/127.0.0.1:13679]' for 'POST' to 'http://localhost:13679/session/6cb4c9b7ec3392fb6fea501470ab9d5e/element'
14:31:36.078 [Forwarding findElement on session 6cb4c9b7ec3392fb6fea501470ab9d5e to remote] DEBUG org.asynchttpclient.netty.request.NettyRequestSender - Using open Channel [id: 0xcb08455d, L:/127.0.0.1:59316 - R:localhost/127.0.0.1:13679] for POST '/session/6cb4c9b7ec3392fb6fea501470ab9d5e/element'
14:31:36.106 [AsyncHttpClient-1-6] DEBUG org.asynchttpclient.netty.handler.HttpHandler - 

Request DefaultHttpRequest(decodeResult: success, version: HTTP/1.1)
POST /session/6cb4c9b7ec3392fb6fea501470ab9d5e/element HTTP/1.1
User-Agent: selenium/4.8.1 (java windows)
Content-Length: 73
Content-Type: application/json; charset=utf-8
host: localhost:13679
accept: */*

Response DefaultHttpResponse(decodeResult: success, version: HTTP/1.1)
HTTP/1.1 200 OK
Content-Length: 95
Content-Type: application/json; charset=utf-8
cache-control: no-cache

14:31:36.106 [AsyncHttpClient-1-6] DEBUG org.asynchttpclient.netty.channel.ChannelManager - Adding key: http://localhost:13679 for channel [id: 0xcb08455d, L:/127.0.0.1:59316 - R:localhost/127.0.0.1:13679]
14:31:36.106 [Forwarding getElementTagName on session 6cb4c9b7ec3392fb6fea501470ab9d5e to remote] DEBUG org.asynchttpclient.netty.request.NettyRequestSender - Using pooled Channel '[id: 0xcb08455d, L:/127.0.0.1:59316 - R:localhost/127.0.0.1:13679]' for 'GET' to 'http://localhost:13679/session/6cb4c9b7ec3392fb6fea501470ab9d5e/element/C2EA924B9B8F71E6C373507043BDA63B_element_69/name'
14:31:36.106 [Forwarding getElementTagName on session 6cb4c9b7ec3392fb6fea501470ab9d5e to remote] DEBUG org.asynchttpclient.netty.request.NettyRequestSender - Using open Channel [id: 0xcb08455d, L:/127.0.0.1:59316 - R:localhost/127.0.0.1:13679] for GET '/session/6cb4c9b7ec3392fb6fea501470ab9d5e/element/C2EA924B9B8F71E6C373507043BDA63B_element_69/name'
14:31:36.126 [AsyncHttpClient-1-6] DEBUG org.asynchttpclient.netty.handler.HttpHandler - 

Request DefaultFullHttpRequest(decodeResult: success, version: HTTP/1.1, content: EmptyByteBufBE)
GET /session/6cb4c9b7ec3392fb6fea501470ab9d5e/element/C2EA924B9B8F71E6C373507043BDA63B_element_69/name HTTP/1.1
User-Agent: selenium/4.8.1 (java windows)
Cache-Control: no-cache
Content-Type: application/json; charset=utf-8
host: localhost:13679
accept: */*

Response DefaultHttpResponse(decodeResult: success, version: HTTP/1.1)
HTTP/1.1 200 OK
Content-Length: 18
Content-Type: application/json; charset=utf-8
cache-control: no-cache

14:31:36.126 [AsyncHttpClient-1-6] DEBUG org.asynchttpclient.netty.channel.ChannelManager - Adding key: http://localhost:13679 for channel [id: 0xcb08455d, L:/127.0.0.1:59316 - R:localhost/127.0.0.1:13679]
14:31:36.126 [Forwarding getElementDomAttribute on session 6cb4c9b7ec3392fb6fea501470ab9d5e to remote] DEBUG org.asynchttpclient.netty.request.NettyRequestSender - Using pooled Channel '[id: 0xcb08455d, L:/127.0.0.1:59316 - R:localhost/127.0.0.1:13679]' for 'GET' to 'http://localhost:13679/session/6cb4c9b7ec3392fb6fea501470ab9d5e/element/C2EA924B9B8F71E6C373507043BDA63B_element_69/attribute/multiple'
14:31:36.126 [Forwarding getElementDomAttribute on session 6cb4c9b7ec3392fb6fea501470ab9d5e to remote] DEBUG org.asynchttpclient.netty.request.NettyRequestSender - Using open Channel [id: 0xcb08455d, L:/127.0.0.1:59316 - R:localhost/127.0.0.1:13679] for GET '/session/6cb4c9b7ec3392fb6fea501470ab9d5e/element/C2EA924B9B8F71E6C373507043BDA63B_element_69/attribute/multiple'
14:31:36.138 [AsyncHttpClient-1-6] DEBUG org.asynchttpclient.netty.handler.HttpHandler - 

Request DefaultFullHttpRequest(decodeResult: success, version: HTTP/1.1, content: EmptyByteBufBE)
GET /session/6cb4c9b7ec3392fb6fea501470ab9d5e/element/C2EA924B9B8F71E6C373507043BDA63B_element_69/attribute/multiple HTTP/1.1
User-Agent: selenium/4.8.1 (java windows)
Cache-Control: no-cache
Content-Type: application/json; charset=utf-8
host: localhost:13679
accept: */*

Response DefaultHttpResponse(decodeResult: success, version: HTTP/1.1)
HTTP/1.1 200 OK
Content-Length: 14
Content-Type: application/json; charset=utf-8
cache-control: no-cache

14:31:36.138 [AsyncHttpClient-1-6] DEBUG org.asynchttpclient.netty.channel.ChannelManager - Adding key: http://localhost:13679 for channel [id: 0xcb08455d, L:/127.0.0.1:59316 - R:localhost/127.0.0.1:13679]
14:31:36.138 [Forwarding isElementEnabled on session 6cb4c9b7ec3392fb6fea501470ab9d5e to remote] DEBUG org.asynchttpclient.netty.request.NettyRequestSender - Using pooled Channel '[id: 0xcb08455d, L:/127.0.0.1:59316 - R:localhost/127.0.0.1:13679]' for 'GET' to 'http://localhost:13679/session/6cb4c9b7ec3392fb6fea501470ab9d5e/element/C2EA924B9B8F71E6C373507043BDA63B_element_69/enabled'
14:31:36.138 [Forwarding isElementEnabled on session 6cb4c9b7ec3392fb6fea501470ab9d5e to remote] DEBUG org.asynchttpclient.netty.request.NettyRequestSender - Using open Channel [id: 0xcb08455d, L:/127.0.0.1:59316 - R:localhost/127.0.0.1:13679] for GET '/session/6cb4c9b7ec3392fb6fea501470ab9d5e/element/C2EA924B9B8F71E6C373507043BDA63B_element_69/enabled'
14:31:36.164 [AsyncHttpClient-1-6] DEBUG org.asynchttpclient.netty.handler.HttpHandler - 

Request DefaultFullHttpRequest(decodeResult: success, version: HTTP/1.1, content: EmptyByteBufBE)
GET /session/6cb4c9b7ec3392fb6fea501470ab9d5e/element/C2EA924B9B8F71E6C373507043BDA63B_element_69/enabled HTTP/1.1
User-Agent: selenium/4.8.1 (java windows)
Cache-Control: no-cache
Content-Type: application/json; charset=utf-8
host: localhost:13679
accept: */*

Response DefaultHttpResponse(decodeResult: success, version: HTTP/1.1)
HTTP/1.1 200 OK
Content-Length: 14
Content-Type: application/json; charset=utf-8
cache-control: no-cache

14:31:36.164 [AsyncHttpClient-1-6] DEBUG org.asynchttpclient.netty.channel.ChannelManager - Adding key: http://localhost:13679 for channel [id: 0xcb08455d, L:/127.0.0.1:59316 - R:localhost/127.0.0.1:13679]
14:31:36.164 [Forwarding findChildElements on session 6cb4c9b7ec3392fb6fea501470ab9d5e to remote] DEBUG org.asynchttpclient.netty.request.NettyRequestSender - Using pooled Channel '[id: 0xcb08455d, L:/127.0.0.1:59316 - R:localhost/127.0.0.1:13679]' for 'POST' to 'http://localhost:13679/session/6cb4c9b7ec3392fb6fea501470ab9d5e/element/C2EA924B9B8F71E6C373507043BDA63B_element_69/elements'
14:31:36.164 [Forwarding findChildElements on session 6cb4c9b7ec3392fb6fea501470ab9d5e to remote] DEBUG org.asynchttpclient.netty.request.NettyRequestSender - Using open Channel [id: 0xcb08455d, L:/127.0.0.1:59316 - R:localhost/127.0.0.1:13679] for POST '/session/6cb4c9b7ec3392fb6fea501470ab9d5e/element/C2EA924B9B8F71E6C373507043BDA63B_element_69/elements'
14:31:36.217 [AsyncHttpClient-1-6] DEBUG org.asynchttpclient.netty.handler.HttpHandler - 

Request DefaultHttpRequest(decodeResult: success, version: HTTP/1.1)
POST /session/6cb4c9b7ec3392fb6fea501470ab9d5e/element/C2EA924B9B8F71E6C373507043BDA63B_element_69/elements HTTP/1.1
User-Agent: selenium/4.8.1 (java windows)
Content-Length: 101
Content-Type: application/json; charset=utf-8
host: localhost:13679
accept: */*

Response DefaultHttpResponse(decodeResult: success, version: HTTP/1.1)
HTTP/1.1 200 OK
Content-Length: 21674
Content-Type: application/json; charset=utf-8
cache-control: no-cache

14:31:36.217 [AsyncHttpClient-1-6] DEBUG org.asynchttpclient.netty.channel.ChannelManager - Adding key: http://localhost:13679 for channel [id: 0xcb08455d, L:/127.0.0.1:59316 - R:localhost/127.0.0.1:13679]
14:31:36.222 [Forwarding getElementAttribute on session 6cb4c9b7ec3392fb6fea501470ab9d5e to remote] DEBUG org.asynchttpclient.netty.request.NettyRequestSender - Using pooled Channel '[id: 0xcb08455d, L:/127.0.0.1:59316 - R:localhost/127.0.0.1:13679]' for 'POST' to 'http://localhost:13679/session/6cb4c9b7ec3392fb6fea501470ab9d5e/execute/sync'
14:31:36.222 [Forwarding getElementAttribute on session 6cb4c9b7ec3392fb6fea501470ab9d5e to remote] DEBUG org.asynchttpclient.netty.request.NettyRequestSender - Using open Channel [id: 0xcb08455d, L:/127.0.0.1:59316 - R:localhost/127.0.0.1:13679] for POST '/session/6cb4c9b7ec3392fb6fea501470ab9d5e/execute/sync'
14:31:36.249 [AsyncHttpClient-1-6] DEBUG org.asynchttpclient.netty.handler.HttpHandler - 

Request DefaultHttpRequest(decodeResult: success, version: HTTP/1.1)
POST /session/6cb4c9b7ec3392fb6fea501470ab9d5e/execute/sync HTTP/1.1
User-Agent: selenium/4.8.1 (java windows)
Content-Length: 47376
Content-Type: application/json; charset=utf-8
host: localhost:13679
accept: */*

Response DefaultHttpResponse(decodeResult: success, version: HTTP/1.1)
HTTP/1.1 200 OK
Content-Length: 13
Content-Type: application/json; charset=utf-8
cache-control: no-cache

14:31:36.249 [AsyncHttpClient-1-6] DEBUG org.asynchttpclient.netty.channel.ChannelManager - Adding key: http://localhost:13679 for channel [id: 0xcb08455d, L:/127.0.0.1:59316 - R:localhost/127.0.0.1:13679]
14:31:36.254 [Forwarding getElementAttribute on session 6cb4c9b7ec3392fb6fea501470ab9d5e to remote] DEBUG org.asynchttpclient.netty.request.NettyRequestSender - Using pooled Channel '[id: 0xcb08455d, L:/127.0.0.1:59316 - R:localhost/127.0.0.1:13679]' for 'POST' to 'http://localhost:13679/session/6cb4c9b7ec3392fb6fea501470ab9d5e/execute/sync'
14:31:36.254 [Forwarding getElementAttribute on session 6cb4c9b7ec3392fb6fea501470ab9d5e to remote] DEBUG org.asynchttpclient.netty.request.NettyRequestSender - Using open Channel [id: 0xcb08455d, L:/127.0.0.1:59316 - R:localhost/127.0.0.1:13679] for POST '/session/6cb4c9b7ec3392fb6fea501470ab9d5e/execute/sync'
14:31:36.276 [AsyncHttpClient-1-6] DEBUG org.asynchttpclient.netty.handler.HttpHandler - 

Request DefaultHttpRequest(decodeResult: success, version: HTTP/1.1)
POST /session/6cb4c9b7ec3392fb6fea501470ab9d5e/execute/sync HTTP/1.1
User-Agent: selenium/4.8.1 (java windows)
Content-Length: 47376
Content-Type: application/json; charset=utf-8
host: localhost:13679
accept: */*

Response DefaultHttpResponse(decodeResult: success, version: HTTP/1.1)
HTTP/1.1 200 OK
Content-Length: 13
Content-Type: application/json; charset=utf-8
cache-control: no-cache

14:31:36.276 [AsyncHttpClient-1-6] DEBUG org.asynchttpclient.netty.channel.ChannelManager - Adding key: http://localhost:13679 for channel [id: 0xcb08455d, L:/127.0.0.1:59316 - R:localhost/127.0.0.1:13679]
14:31:36.281 [Forwarding getElementAttribute on session 6cb4c9b7ec3392fb6fea501470ab9d5e to remote] DEBUG org.asynchttpclient.netty.request.NettyRequestSender - Using pooled Channel '[id: 0xcb08455d, L:/127.0.0.1:59316 - R:localhost/127.0.0.1:13679]' for 'POST' to 'http://localhost:13679/session/6cb4c9b7ec3392fb6fea501470ab9d5e/execute/sync'
14:31:36.281 [Forwarding getElementAttribute on session 6cb4c9b7ec3392fb6fea501470ab9d5e to remote] DEBUG org.asynchttpclient.netty.request.NettyRequestSender - Using open Channel [id: 0xcb08455d, L:/127.0.0.1:59316 - R:localhost/127.0.0.1:13679] for POST '/session/6cb4c9b7ec3392fb6fea501470ab9d5e/execute/sync'
14:31:36.297 [AsyncHttpClient-1-6] DEBUG org.asynchttpclient.netty.handler.HttpHandler - 

Request DefaultHttpRequest(decodeResult: success, version: HTTP/1.1)
POST /session/6cb4c9b7ec3392fb6fea501470ab9d5e/execute/sync HTTP/1.1
User-Agent: selenium/4.8.1 (java windows)
Content-Length: 47376
Content-Type: application/json; charset=utf-8
host: localhost:13679
accept: */*

Response DefaultHttpResponse(decodeResult: success, version: HTTP/1.1)
HTTP/1.1 200 OK
Content-Length: 13
Content-Type: application/json; charset=utf-8
cache-control: no-cache

14:31:36.297 [AsyncHttpClient-1-6] DEBUG org.asynchttpclient.netty.channel.ChannelManager - Adding key: http://localhost:13679 for channel [id: 0xcb08455d, L:/127.0.0.1:59316 - R:localhost/127.0.0.1:13679]
14:31:36.297 [Forwarding isElementEnabled on session 6cb4c9b7ec3392fb6fea501470ab9d5e to remote] DEBUG org.asynchttpclient.netty.request.NettyRequestSender - Using pooled Channel '[id: 0xcb08455d, L:/127.0.0.1:59316 - R:localhost/127.0.0.1:13679]' for 'GET' to 'http://localhost:13679/session/6cb4c9b7ec3392fb6fea501470ab9d5e/element/C2EA924B9B8F71E6C373507043BDA63B_element_322/enabled'
14:31:36.297 [Forwarding isElementEnabled on session 6cb4c9b7ec3392fb6fea501470ab9d5e to remote] DEBUG org.asynchttpclient.netty.request.NettyRequestSender - Using open Channel [id: 0xcb08455d, L:/127.0.0.1:59316 - R:localhost/127.0.0.1:13679] for GET '/session/6cb4c9b7ec3392fb6fea501470ab9d5e/element/C2EA924B9B8F71E6C373507043BDA63B_element_322/enabled'
14:31:36.313 [AsyncHttpClient-1-6] DEBUG org.asynchttpclient.netty.handler.HttpHandler - 

Request DefaultFullHttpRequest(decodeResult: success, version: HTTP/1.1, content: EmptyByteBufBE)
GET /session/6cb4c9b7ec3392fb6fea501470ab9d5e/element/C2EA924B9B8F71E6C373507043BDA63B_element_322/enabled HTTP/1.1
User-Agent: selenium/4.8.1 (java windows)
Cache-Control: no-cache
Content-Type: application/json; charset=utf-8
host: localhost:13679
accept: */*

Response DefaultHttpResponse(decodeResult: success, version: HTTP/1.1)
HTTP/1.1 200 OK
Content-Length: 14
Content-Type: application/json; charset=utf-8
cache-control: no-cache

14:31:36.313 [AsyncHttpClient-1-6] DEBUG org.asynchttpclient.netty.channel.ChannelManager - Adding key: http://localhost:13679 for channel [id: 0xcb08455d, L:/127.0.0.1:59316 - R:localhost/127.0.0.1:13679]
14:31:36.313 [Forwarding isElementSelected on session 6cb4c9b7ec3392fb6fea501470ab9d5e to remote] DEBUG org.asynchttpclient.netty.request.NettyRequestSender - Using pooled Channel '[id: 0xcb08455d, L:/127.0.0.1:59316 - R:localhost/127.0.0.1:13679]' for 'GET' to 'http://localhost:13679/session/6cb4c9b7ec3392fb6fea501470ab9d5e/element/C2EA924B9B8F71E6C373507043BDA63B_element_322/selected'
14:31:36.313 [Forwarding isElementSelected on session 6cb4c9b7ec3392fb6fea501470ab9d5e to remote] DEBUG org.asynchttpclient.netty.request.NettyRequestSender - Using open Channel [id: 0xcb08455d, L:/127.0.0.1:59316 - R:localhost/127.0.0.1:13679] for GET '/session/6cb4c9b7ec3392fb6fea501470ab9d5e/element/C2EA924B9B8F71E6C373507043BDA63B_element_322/selected'
14:31:36.318 [AsyncHttpClient-1-6] DEBUG org.asynchttpclient.netty.handler.HttpHandler - 

Request DefaultFullHttpRequest(decodeResult: success, version: HTTP/1.1, content: EmptyByteBufBE)
GET /session/6cb4c9b7ec3392fb6fea501470ab9d5e/element/C2EA924B9B8F71E6C373507043BDA63B_element_322/selected HTTP/1.1
User-Agent: selenium/4.8.1 (java windows)
Cache-Control: no-cache
Content-Type: application/json; charset=utf-8
host: localhost:13679
accept: */*

Response DefaultHttpResponse(decodeResult: success, version: HTTP/1.1)
HTTP/1.1 200 OK
Content-Length: 15
Content-Type: application/json; charset=utf-8
cache-control: no-cache

14:31:36.318 [AsyncHttpClient-1-6] DEBUG org.asynchttpclient.netty.channel.ChannelManager - Adding key: http://localhost:13679 for channel [id: 0xcb08455d, L:/127.0.0.1:59316 - R:localhost/127.0.0.1:13679]
14:31:36.318 [Forwarding clickElement on session 6cb4c9b7ec3392fb6fea501470ab9d5e to remote] DEBUG org.asynchttpclient.netty.request.NettyRequestSender - Using pooled Channel '[id: 0xcb08455d, L:/127.0.0.1:59316 - R:localhost/127.0.0.1:13679]' for 'POST' to 'http://localhost:13679/session/6cb4c9b7ec3392fb6fea501470ab9d5e/element/C2EA924B9B8F71E6C373507043BDA63B_element_322/click'
14:31:36.318 [Forwarding clickElement on session 6cb4c9b7ec3392fb6fea501470ab9d5e to remote] DEBUG org.asynchttpclient.netty.request.NettyRequestSender - Using open Channel [id: 0xcb08455d, L:/127.0.0.1:59316 - R:localhost/127.0.0.1:13679] for POST '/session/6cb4c9b7ec3392fb6fea501470ab9d5e/element/C2EA924B9B8F71E6C373507043BDA63B_element_322/click'
14:31:36.367 [AsyncHttpClient-1-6] DEBUG org.asynchttpclient.netty.handler.HttpHandler - 

Request DefaultHttpRequest(decodeResult: success, version: HTTP/1.1)
POST /session/6cb4c9b7ec3392fb6fea501470ab9d5e/element/C2EA924B9B8F71E6C373507043BDA63B_element_322/click HTTP/1.1
User-Agent: selenium/4.8.1 (java windows)
Content-Length: 58
Content-Type: application/json; charset=utf-8
host: localhost:13679
accept: */*

Response DefaultHttpResponse(decodeResult: success, version: HTTP/1.1)
HTTP/1.1 200 OK
Content-Length: 14
Content-Type: application/json; charset=utf-8
cache-control: no-cache

14:31:36.367 [AsyncHttpClient-1-6] DEBUG org.asynchttpclient.netty.channel.ChannelManager - Adding key: http://localhost:13679 for channel [id: 0xcb08455d, L:/127.0.0.1:59316 - R:localhost/127.0.0.1:13679]
14:31:36.383 [Forwarding getAlertText on session 6cb4c9b7ec3392fb6fea501470ab9d5e to remote] DEBUG org.asynchttpclient.netty.request.NettyRequestSender - Using pooled Channel '[id: 0xcb08455d, L:/127.0.0.1:59316 - R:localhost/127.0.0.1:13679]' for 'GET' to 'http://localhost:13679/session/6cb4c9b7ec3392fb6fea501470ab9d5e/alert/text'
14:31:36.383 [Forwarding getAlertText on session 6cb4c9b7ec3392fb6fea501470ab9d5e to remote] DEBUG org.asynchttpclient.netty.request.NettyRequestSender - Using open Channel [id: 0xcb08455d, L:/127.0.0.1:59316 - R:localhost/127.0.0.1:13679] for GET '/session/6cb4c9b7ec3392fb6fea501470ab9d5e/alert/text'
14:31:36.383 [AsyncHttpClient-1-6] DEBUG org.asynchttpclient.netty.handler.HttpHandler - 

Request DefaultFullHttpRequest(decodeResult: success, version: HTTP/1.1, content: EmptyByteBufBE)
GET /session/6cb4c9b7ec3392fb6fea501470ab9d5e/alert/text HTTP/1.1
User-Agent: selenium/4.8.1 (java windows)
Cache-Control: no-cache
Content-Type: application/json; charset=utf-8
host: localhost:13679
accept: */*

Response DefaultHttpResponse(decodeResult: success, version: HTTP/1.1)
HTTP/1.1 404 Not Found
Content-Length: 821
Content-Type: application/json; charset=utf-8
cache-control: no-cache

14:31:36.383 [AsyncHttpClient-1-6] DEBUG org.asynchttpclient.netty.channel.ChannelManager - Adding key: http://localhost:13679 for channel [id: 0xcb08455d, L:/127.0.0.1:59316 - R:localhost/127.0.0.1:13679]
14:31:36.391 [AsyncHttpClient-1-1] DEBUG org.asynchttpclient.netty.channel.DefaultChannelPool - Entry count for : http://localhost:13679 : 1
14:31:36.391 [AsyncHttpClient-1-1] DEBUG org.asynchttpclient.netty.channel.DefaultChannelPool - Entry count for : http://localhost:59317 : 1
14:31:36.894 [Forwarding getAlertText on session 6cb4c9b7ec3392fb6fea501470ab9d5e to remote] DEBUG org.asynchttpclient.netty.request.NettyRequestSender - Using pooled Channel '[id: 0xcb08455d, L:/127.0.0.1:59316 - R:localhost/127.0.0.1:13679]' for 'GET' to 'http://localhost:13679/session/6cb4c9b7ec3392fb6fea501470ab9d5e/alert/text'
14:31:36.894 [Forwarding getAlertText on session 6cb4c9b7ec3392fb6fea501470ab9d5e to remote] DEBUG org.asynchttpclient.netty.request.NettyRequestSender - Using open Channel [id: 0xcb08455d, L:/127.0.0.1:59316 - R:localhost/127.0.0.1:13679] for GET '/session/6cb4c9b7ec3392fb6fea501470ab9d5e/alert/text'
14:31:36.894 [AsyncHttpClient-1-6] DEBUG org.asynchttpclient.netty.handler.HttpHandler - 

Request DefaultFullHttpRequest(decodeResult: success, version: HTTP/1.1, content: EmptyByteBufBE)
GET /session/6cb4c9b7ec3392fb6fea501470ab9d5e/alert/text HTTP/1.1
User-Agent: selenium/4.8.1 (java windows)
Cache-Control: no-cache
Content-Type: application/json; charset=utf-8
host: localhost:13679
accept: */*

Response DefaultHttpResponse(decodeResult: success, version: HTTP/1.1)
HTTP/1.1 404 Not Found
Content-Length: 821
Content-Type: application/json; charset=utf-8
cache-control: no-cache

14:31:36.894 [AsyncHttpClient-1-6] DEBUG org.asynchttpclient.netty.channel.ChannelManager - Adding key: http://localhost:13679 for channel [id: 0xcb08455d, L:/127.0.0.1:59316 - R:localhost/127.0.0.1:13679]
14:31:36.894 [Forwarding getCurrentUrl on session 6cb4c9b7ec3392fb6fea501470ab9d5e to remote] DEBUG org.asynchttpclient.netty.request.NettyRequestSender - Using pooled Channel '[id: 0xcb08455d, L:/127.0.0.1:59316 - R:localhost/127.0.0.1:13679]' for 'GET' to 'http://localhost:13679/session/6cb4c9b7ec3392fb6fea501470ab9d5e/url'
14:31:36.894 [Forwarding getCurrentUrl on session 6cb4c9b7ec3392fb6fea501470ab9d5e to remote] DEBUG org.asynchttpclient.netty.request.NettyRequestSender - Using open Channel [id: 0xcb08455d, L:/127.0.0.1:59316 - R:localhost/127.0.0.1:13679] for GET '/session/6cb4c9b7ec3392fb6fea501470ab9d5e/url'
14:31:36.909 [AsyncHttpClient-1-6] DEBUG org.asynchttpclient.netty.handler.HttpHandler - 

Request DefaultFullHttpRequest(decodeResult: success, version: HTTP/1.1, content: EmptyByteBufBE)
GET /session/6cb4c9b7ec3392fb6fea501470ab9d5e/url HTTP/1.1
User-Agent: selenium/4.8.1 (java windows)
Cache-Control: no-cache
Content-Type: application/json; charset=utf-8
host: localhost:13679
accept: */*

Response DefaultHttpResponse(decodeResult: success, version: HTTP/1.1)
HTTP/1.1 200 OK
Content-Length: 63
Content-Type: application/json; charset=utf-8
cache-control: no-cache

14:31:36.909 [AsyncHttpClient-1-6] DEBUG org.asynchttpclient.netty.channel.ChannelManager - Adding key: http://localhost:13679 for channel [id: 0xcb08455d, L:/127.0.0.1:59316 - R:localhost/127.0.0.1:13679]
14:31:36.909 [Forwarding screenshot on session 6cb4c9b7ec3392fb6fea501470ab9d5e to remote] DEBUG org.asynchttpclient.netty.request.NettyRequestSender - Using pooled Channel '[id: 0xcb08455d, L:/127.0.0.1:59316 - R:localhost/127.0.0.1:13679]' for 'GET' to 'http://localhost:13679/session/6cb4c9b7ec3392fb6fea501470ab9d5e/screenshot'
14:31:36.909 [Forwarding screenshot on session 6cb4c9b7ec3392fb6fea501470ab9d5e to remote] DEBUG org.asynchttpclient.netty.request.NettyRequestSender - Using open Channel [id: 0xcb08455d, L:/127.0.0.1:59316 - R:localhost/127.0.0.1:13679] for GET '/session/6cb4c9b7ec3392fb6fea501470ab9d5e/screenshot'
14:31:37.214 [AsyncHttpClient-1-6] DEBUG org.asynchttpclient.netty.handler.HttpHandler - 

Request DefaultFullHttpRequest(decodeResult: success, version: HTTP/1.1, content: EmptyByteBufBE)
GET /session/6cb4c9b7ec3392fb6fea501470ab9d5e/screenshot HTTP/1.1
User-Agent: selenium/4.8.1 (java windows)
Cache-Control: no-cache
Content-Type: application/json; charset=utf-8
host: localhost:13679
accept: */*

Response DefaultHttpResponse(decodeResult: success, version: HTTP/1.1)
HTTP/1.1 200 OK
Content-Length: 261428
Content-Type: application/json; charset=utf-8
cache-control: no-cache

14:31:37.214 [AsyncHttpClient-1-6] DEBUG org.asynchttpclient.netty.channel.ChannelManager - Adding key: http://localhost:13679 for channel [id: 0xcb08455d, L:/127.0.0.1:59316 - R:localhost/127.0.0.1:13679]
14:31:37.230 [main] DEBUG net.serenitybdd.core.photography.Darkroom - Send negative for processing for target\site\serenity\98d01401481b9b9753b3b7439540f871828d24d6146880e848a9f4bdf914fb3c.png
14:31:37.230 [main] DEBUG net.thucydides.core.steps.StepInterceptor - STEP DONE: Select_the_country_and_jurisdication
14:31:37.230 [Darkroom Processing Line] DEBUG net.serenitybdd.core.photography.DarkroomProcessingLine - Processing screenshot image in /var/screenshots/screenshot-5350973815237857608
14:31:37.230 [Darkroom Processing Line] DEBUG net.serenitybdd.core.photography.DarkroomProcessingLine - Saving screenshot to target\site\serenity\98d01401481b9b9753b3b7439540f871828d24d6146880e848a9f4bdf914fb3c.png
14:31:37.241 [Forwarding getPageSource on session 6cb4c9b7ec3392fb6fea501470ab9d5e to remote] DEBUG org.asynchttpclient.netty.request.NettyRequestSender - Using pooled Channel '[id: 0xcb08455d, L:/127.0.0.1:59316 - R:localhost/127.0.0.1:13679]' for 'POST' to 'http://localhost:13679/session/6cb4c9b7ec3392fb6fea501470ab9d5e/execute/sync'
14:31:37.241 [Forwarding getPageSource on session 6cb4c9b7ec3392fb6fea501470ab9d5e to remote] DEBUG org.asynchttpclient.netty.request.NettyRequestSender - Using open Channel [id: 0xcb08455d, L:/127.0.0.1:59316 - R:localhost/127.0.0.1:13679] for POST '/session/6cb4c9b7ec3392fb6fea501470ab9d5e/execute/sync'
14:31:37.268 [AsyncHttpClient-1-6] DEBUG org.asynchttpclient.netty.handler.HttpHandler - 

Request DefaultHttpRequest(decodeResult: success, version: HTTP/1.1)
POST /session/6cb4c9b7ec3392fb6fea501470ab9d5e/execute/sync HTTP/1.1
User-Agent: selenium/4.8.1 (java windows)
Content-Length: 176
Content-Type: application/json; charset=utf-8
host: localhost:13679
accept: */*

Response DefaultHttpResponse(decodeResult: success, version: HTTP/1.1)
HTTP/1.1 200 OK
Content-Length: 108645
Content-Type: application/json; charset=utf-8
cache-control: no-cache

14:31:37.268 [AsyncHttpClient-1-6] DEBUG org.asynchttpclient.netty.channel.ChannelManager - Adding key: http://localhost:13679 for channel [id: 0xcb08455d, L:/127.0.0.1:59316 - R:localhost/127.0.0.1:13679]
14:31:37.278 [Forwarding getCurrentUrl on session 6cb4c9b7ec3392fb6fea501470ab9d5e to remote] DEBUG org.asynchttpclient.netty.request.NettyRequestSender - Using pooled Channel '[id: 0xcb08455d, L:/127.0.0.1:59316 - R:localhost/127.0.0.1:13679]' for 'GET' to 'http://localhost:13679/session/6cb4c9b7ec3392fb6fea501470ab9d5e/url'
14:31:37.278 [Forwarding getCurrentUrl on session 6cb4c9b7ec3392fb6fea501470ab9d5e to remote] DEBUG org.asynchttpclient.netty.request.NettyRequestSender - Using open Channel [id: 0xcb08455d, L:/127.0.0.1:59316 - R:localhost/127.0.0.1:13679] for GET '/session/6cb4c9b7ec3392fb6fea501470ab9d5e/url'
14:31:37.289 [AsyncHttpClient-1-6] DEBUG org.asynchttpclient.netty.handler.HttpHandler - 

Request DefaultFullHttpRequest(decodeResult: success, version: HTTP/1.1, content: EmptyByteBufBE)
GET /session/6cb4c9b7ec3392fb6fea501470ab9d5e/url HTTP/1.1
User-Agent: selenium/4.8.1 (java windows)
Cache-Control: no-cache
Content-Type: application/json; charset=utf-8
host: localhost:13679
accept: */*

Response DefaultHttpResponse(decodeResult: success, version: HTTP/1.1)
HTTP/1.1 200 OK
Content-Length: 63
Content-Type: application/json; charset=utf-8
cache-control: no-cache

14:31:37.289 [AsyncHttpClient-1-6] DEBUG org.asynchttpclient.netty.channel.ChannelManager - Adding key: http://localhost:13679 for channel [id: 0xcb08455d, L:/127.0.0.1:59316 - R:localhost/127.0.0.1:13679]
14:31:37.299 [Forwarding getAlertText on session 6cb4c9b7ec3392fb6fea501470ab9d5e to remote] DEBUG org.asynchttpclient.netty.request.NettyRequestSender - Using pooled Channel '[id: 0xcb08455d, L:/127.0.0.1:59316 - R:localhost/127.0.0.1:13679]' for 'GET' to 'http://localhost:13679/session/6cb4c9b7ec3392fb6fea501470ab9d5e/alert/text'
14:31:37.299 [Forwarding getAlertText on session 6cb4c9b7ec3392fb6fea501470ab9d5e to remote] DEBUG org.asynchttpclient.netty.request.NettyRequestSender - Using open Channel [id: 0xcb08455d, L:/127.0.0.1:59316 - R:localhost/127.0.0.1:13679] for GET '/session/6cb4c9b7ec3392fb6fea501470ab9d5e/alert/text'
14:31:37.299 [AsyncHttpClient-1-6] DEBUG org.asynchttpclient.netty.handler.HttpHandler - 

Request DefaultFullHttpRequest(decodeResult: success, version: HTTP/1.1, content: EmptyByteBufBE)
GET /session/6cb4c9b7ec3392fb6fea501470ab9d5e/alert/text HTTP/1.1
User-Agent: selenium/4.8.1 (java windows)
Cache-Control: no-cache
Content-Type: application/json; charset=utf-8
host: localhost:13679
accept: */*

Response DefaultHttpResponse(decodeResult: success, version: HTTP/1.1)
HTTP/1.1 404 Not Found
Content-Length: 821
Content-Type: application/json; charset=utf-8
cache-control: no-cache

14:31:37.315 [AsyncHttpClient-1-6] DEBUG org.asynchttpclient.netty.channel.ChannelManager - Adding key: http://localhost:13679 for channel [id: 0xcb08455d, L:/127.0.0.1:59316 - R:localhost/127.0.0.1:13679]
14:31:37.315 [Forwarding getCurrentUrl on session 6cb4c9b7ec3392fb6fea501470ab9d5e to remote] DEBUG org.asynchttpclient.netty.request.NettyRequestSender - Using pooled Channel '[id: 0xcb08455d, L:/127.0.0.1:59316 - R:localhost/127.0.0.1:13679]' for 'GET' to 'http://localhost:13679/session/6cb4c9b7ec3392fb6fea501470ab9d5e/url'
14:31:37.315 [Forwarding getCurrentUrl on session 6cb4c9b7ec3392fb6fea501470ab9d5e to remote] DEBUG org.asynchttpclient.netty.request.NettyRequestSender - Using open Channel [id: 0xcb08455d, L:/127.0.0.1:59316 - R:localhost/127.0.0.1:13679] for GET '/session/6cb4c9b7ec3392fb6fea501470ab9d5e/url'
14:31:37.332 [AsyncHttpClient-1-6] DEBUG org.asynchttpclient.netty.handler.HttpHandler - 

Request DefaultFullHttpRequest(decodeResult: success, version: HTTP/1.1, content: EmptyByteBufBE)
GET /session/6cb4c9b7ec3392fb6fea501470ab9d5e/url HTTP/1.1
User-Agent: selenium/4.8.1 (java windows)
Cache-Control: no-cache
Content-Type: application/json; charset=utf-8
host: localhost:13679
accept: */*

Response DefaultHttpResponse(decodeResult: success, version: HTTP/1.1)
HTTP/1.1 200 OK
Content-Length: 63
Content-Type: application/json; charset=utf-8
cache-control: no-cache

14:31:37.337 [AsyncHttpClient-1-6] DEBUG org.asynchttpclient.netty.channel.ChannelManager - Adding key: http://localhost:13679 for channel [id: 0xcb08455d, L:/127.0.0.1:59316 - R:localhost/127.0.0.1:13679]
14:31:37.337 [Forwarding screenshot on session 6cb4c9b7ec3392fb6fea501470ab9d5e to remote] DEBUG org.asynchttpclient.netty.request.NettyRequestSender - Using pooled Channel '[id: 0xcb08455d, L:/127.0.0.1:59316 - R:localhost/127.0.0.1:13679]' for 'GET' to 'http://localhost:13679/session/6cb4c9b7ec3392fb6fea501470ab9d5e/screenshot'
14:31:37.337 [Forwarding screenshot on session 6cb4c9b7ec3392fb6fea501470ab9d5e to remote] DEBUG org.asynchttpclient.netty.request.NettyRequestSender - Using open Channel [id: 0xcb08455d, L:/127.0.0.1:59316 - R:localhost/127.0.0.1:13679] for GET '/session/6cb4c9b7ec3392fb6fea501470ab9d5e/screenshot'
14:31:37.495 [AsyncHttpClient-1-1] DEBUG org.asynchttpclient.netty.channel.DefaultChannelPool - Entry count for : http://localhost:59317 : 1
14:31:37.577 [AsyncHttpClient-1-6] DEBUG org.asynchttpclient.netty.handler.HttpHandler - 

Request DefaultFullHttpRequest(decodeResult: success, version: HTTP/1.1, content: EmptyByteBufBE)
GET /session/6cb4c9b7ec3392fb6fea501470ab9d5e/screenshot HTTP/1.1
User-Agent: selenium/4.8.1 (java windows)
Cache-Control: no-cache
Content-Type: application/json; charset=utf-8
host: localhost:13679
accept: */*

Response DefaultHttpResponse(decodeResult: success, version: HTTP/1.1)
HTTP/1.1 200 OK
Content-Length: 261428
Content-Type: application/json; charset=utf-8
cache-control: no-cache

14:31:37.577 [AsyncHttpClient-1-6] DEBUG org.asynchttpclient.netty.channel.ChannelManager - Adding key: http://localhost:13679 for channel [id: 0xcb08455d, L:/127.0.0.1:59316 - R:localhost/127.0.0.1:13679]
14:31:37.590 [main] DEBUG net.serenitybdd.core.photography.Darkroom - Send negative for processing for target\site\serenity\98d01401481b9b9753b3b7439540f871828d24d6146880e848a9f4bdf914fb3c.png
14:31:37.590 [Forwarding getPageSource on session 6cb4c9b7ec3392fb6fea501470ab9d5e to remote] DEBUG org.asynchttpclient.netty.request.NettyRequestSender - Using pooled Channel '[id: 0xcb08455d, L:/127.0.0.1:59316 - R:localhost/127.0.0.1:13679]' for 'POST' to 'http://localhost:13679/session/6cb4c9b7ec3392fb6fea501470ab9d5e/execute/sync'
14:31:37.590 [Forwarding getPageSource on session 6cb4c9b7ec3392fb6fea501470ab9d5e to remote] DEBUG org.asynchttpclient.netty.request.NettyRequestSender - Using open Channel [id: 0xcb08455d, L:/127.0.0.1:59316 - R:localhost/127.0.0.1:13679] for POST '/session/6cb4c9b7ec3392fb6fea501470ab9d5e/execute/sync'
14:31:37.609 [AsyncHttpClient-1-6] DEBUG org.asynchttpclient.netty.handler.HttpHandler - 

Request DefaultHttpRequest(decodeResult: success, version: HTTP/1.1)
POST /session/6cb4c9b7ec3392fb6fea501470ab9d5e/execute/sync HTTP/1.1
User-Agent: selenium/4.8.1 (java windows)
Content-Length: 176
Content-Type: application/json; charset=utf-8
host: localhost:13679
accept: */*

Response DefaultHttpResponse(decodeResult: success, version: HTTP/1.1)
HTTP/1.1 200 OK
Content-Length: 108645
Content-Type: application/json; charset=utf-8
cache-control: no-cache

14:31:37.609 [AsyncHttpClient-1-6] DEBUG org.asynchttpclient.netty.channel.ChannelManager - Adding key: http://localhost:13679 for channel [id: 0xcb08455d, L:/127.0.0.1:59316 - R:localhost/127.0.0.1:13679]
14:31:37.630 [Forwarding getCurrentUrl on session 6cb4c9b7ec3392fb6fea501470ab9d5e to remote] DEBUG org.asynchttpclient.netty.request.NettyRequestSender - Using pooled Channel '[id: 0xcb08455d, L:/127.0.0.1:59316 - R:localhost/127.0.0.1:13679]' for 'GET' to 'http://localhost:13679/session/6cb4c9b7ec3392fb6fea501470ab9d5e/url'
14:31:37.630 [Forwarding getCurrentUrl on session 6cb4c9b7ec3392fb6fea501470ab9d5e to remote] DEBUG org.asynchttpclient.netty.request.NettyRequestSender - Using open Channel [id: 0xcb08455d, L:/127.0.0.1:59316 - R:localhost/127.0.0.1:13679] for GET '/session/6cb4c9b7ec3392fb6fea501470ab9d5e/url'
14:31:37.641 [AsyncHttpClient-1-6] DEBUG org.asynchttpclient.netty.handler.HttpHandler - 

Request DefaultFullHttpRequest(decodeResult: success, version: HTTP/1.1, content: EmptyByteBufBE)
GET /session/6cb4c9b7ec3392fb6fea501470ab9d5e/url HTTP/1.1
User-Agent: selenium/4.8.1 (java windows)
Cache-Control: no-cache
Content-Type: application/json; charset=utf-8
host: localhost:13679
accept: */*

Response DefaultHttpResponse(decodeResult: success, version: HTTP/1.1)
HTTP/1.1 200 OK
Content-Length: 63
Content-Type: application/json; charset=utf-8
cache-control: no-cache

14:31:37.641 [AsyncHttpClient-1-6] DEBUG org.asynchttpclient.netty.channel.ChannelManager - Adding key: http://localhost:13679 for channel [id: 0xcb08455d, L:/127.0.0.1:59316 - R:localhost/127.0.0.1:13679]
14:31:37.641 [main] DEBUG net.thucydides.core.steps.StepInterceptor - STARTING STEP: Afrexim_Investors_steps.click_submit - Click_Submit_Button
14:31:37.641 [Forwarding findElement on session 6cb4c9b7ec3392fb6fea501470ab9d5e to remote] DEBUG org.asynchttpclient.netty.request.NettyRequestSender - Using pooled Channel '[id: 0xcb08455d, L:/127.0.0.1:59316 - R:localhost/127.0.0.1:13679]' for 'POST' to 'http://localhost:13679/session/6cb4c9b7ec3392fb6fea501470ab9d5e/element'
14:31:37.641 [Forwarding findElement on session 6cb4c9b7ec3392fb6fea501470ab9d5e to remote] DEBUG org.asynchttpclient.netty.request.NettyRequestSender - Using open Channel [id: 0xcb08455d, L:/127.0.0.1:59316 - R:localhost/127.0.0.1:13679] for POST '/session/6cb4c9b7ec3392fb6fea501470ab9d5e/element'
14:31:37.673 [AsyncHttpClient-1-6] DEBUG org.asynchttpclient.netty.handler.HttpHandler - 

Request DefaultHttpRequest(decodeResult: success, version: HTTP/1.1)
POST /session/6cb4c9b7ec3392fb6fea501470ab9d5e/element HTTP/1.1
User-Agent: selenium/4.8.1 (java windows)
Content-Length: 84
Content-Type: application/json; charset=utf-8
host: localhost:13679
accept: */*

Response DefaultHttpResponse(decodeResult: success, version: HTTP/1.1)
HTTP/1.1 200 OK
Content-Length: 96
Content-Type: application/json; charset=utf-8
cache-control: no-cache

14:31:37.673 [AsyncHttpClient-1-6] DEBUG org.asynchttpclient.netty.channel.ChannelManager - Adding key: http://localhost:13679 for channel [id: 0xcb08455d, L:/127.0.0.1:59316 - R:localhost/127.0.0.1:13679]
14:31:37.673 [Forwarding getElementTagName on session 6cb4c9b7ec3392fb6fea501470ab9d5e to remote] DEBUG org.asynchttpclient.netty.request.NettyRequestSender - Using pooled Channel '[id: 0xcb08455d, L:/127.0.0.1:59316 - R:localhost/127.0.0.1:13679]' for 'GET' to 'http://localhost:13679/session/6cb4c9b7ec3392fb6fea501470ab9d5e/element/C2EA924B9B8F71E6C373507043BDA63B_element_569/name'
14:31:37.673 [Forwarding getElementTagName on session 6cb4c9b7ec3392fb6fea501470ab9d5e to remote] DEBUG org.asynchttpclient.netty.request.NettyRequestSender - Using open Channel [id: 0xcb08455d, L:/127.0.0.1:59316 - R:localhost/127.0.0.1:13679] for GET '/session/6cb4c9b7ec3392fb6fea501470ab9d5e/element/C2EA924B9B8F71E6C373507043BDA63B_element_569/name'
14:31:37.694 [AsyncHttpClient-1-6] DEBUG org.asynchttpclient.netty.handler.HttpHandler - 

Request DefaultFullHttpRequest(decodeResult: success, version: HTTP/1.1, content: EmptyByteBufBE)
GET /session/6cb4c9b7ec3392fb6fea501470ab9d5e/element/C2EA924B9B8F71E6C373507043BDA63B_element_569/name HTTP/1.1
User-Agent: selenium/4.8.1 (java windows)
Cache-Control: no-cache
Content-Type: application/json; charset=utf-8
host: localhost:13679
accept: */*

Response DefaultHttpResponse(decodeResult: success, version: HTTP/1.1)
HTTP/1.1 200 OK
Content-Length: 17
Content-Type: application/json; charset=utf-8
cache-control: no-cache

14:31:37.694 [AsyncHttpClient-1-6] DEBUG org.asynchttpclient.netty.channel.ChannelManager - Adding key: http://localhost:13679 for channel [id: 0xcb08455d, L:/127.0.0.1:59316 - R:localhost/127.0.0.1:13679]
14:31:37.694 [Forwarding getElementTagName on session 6cb4c9b7ec3392fb6fea501470ab9d5e to remote] DEBUG org.asynchttpclient.netty.request.NettyRequestSender - Using pooled Channel '[id: 0xcb08455d, L:/127.0.0.1:59316 - R:localhost/127.0.0.1:13679]' for 'GET' to 'http://localhost:13679/session/6cb4c9b7ec3392fb6fea501470ab9d5e/element/C2EA924B9B8F71E6C373507043BDA63B_element_569/name'
14:31:37.694 [Forwarding getElementTagName on session 6cb4c9b7ec3392fb6fea501470ab9d5e to remote] DEBUG org.asynchttpclient.netty.request.NettyRequestSender - Using open Channel [id: 0xcb08455d, L:/127.0.0.1:59316 - R:localhost/127.0.0.1:13679] for GET '/session/6cb4c9b7ec3392fb6fea501470ab9d5e/element/C2EA924B9B8F71E6C373507043BDA63B_element_569/name'
14:31:37.705 [AsyncHttpClient-1-6] DEBUG org.asynchttpclient.netty.handler.HttpHandler - 

Request DefaultFullHttpRequest(decodeResult: success, version: HTTP/1.1, content: EmptyByteBufBE)
GET /session/6cb4c9b7ec3392fb6fea501470ab9d5e/element/C2EA924B9B8F71E6C373507043BDA63B_element_569/name HTTP/1.1
User-Agent: selenium/4.8.1 (java windows)
Cache-Control: no-cache
Content-Type: application/json; charset=utf-8
host: localhost:13679
accept: */*

Response DefaultHttpResponse(decodeResult: success, version: HTTP/1.1)
HTTP/1.1 200 OK
Content-Length: 17
Content-Type: application/json; charset=utf-8
cache-control: no-cache

14:31:37.705 [AsyncHttpClient-1-6] DEBUG org.asynchttpclient.netty.channel.ChannelManager - Adding key: http://localhost:13679 for channel [id: 0xcb08455d, L:/127.0.0.1:59316 - R:localhost/127.0.0.1:13679]
14:31:37.705 [Forwarding isElementEnabled on session 6cb4c9b7ec3392fb6fea501470ab9d5e to remote] DEBUG org.asynchttpclient.netty.request.NettyRequestSender - Using pooled Channel '[id: 0xcb08455d, L:/127.0.0.1:59316 - R:localhost/127.0.0.1:13679]' for 'GET' to 'http://localhost:13679/session/6cb4c9b7ec3392fb6fea501470ab9d5e/element/C2EA924B9B8F71E6C373507043BDA63B_element_569/enabled'
14:31:37.705 [Forwarding isElementEnabled on session 6cb4c9b7ec3392fb6fea501470ab9d5e to remote] DEBUG org.asynchttpclient.netty.request.NettyRequestSender - Using open Channel [id: 0xcb08455d, L:/127.0.0.1:59316 - R:localhost/127.0.0.1:13679] for GET '/session/6cb4c9b7ec3392fb6fea501470ab9d5e/element/C2EA924B9B8F71E6C373507043BDA63B_element_569/enabled'
14:31:37.726 [AsyncHttpClient-1-6] DEBUG org.asynchttpclient.netty.handler.HttpHandler - 

Request DefaultFullHttpRequest(decodeResult: success, version: HTTP/1.1, content: EmptyByteBufBE)
GET /session/6cb4c9b7ec3392fb6fea501470ab9d5e/element/C2EA924B9B8F71E6C373507043BDA63B_element_569/enabled HTTP/1.1
User-Agent: selenium/4.8.1 (java windows)
Cache-Control: no-cache
Content-Type: application/json; charset=utf-8
host: localhost:13679
accept: */*

Response DefaultHttpResponse(decodeResult: success, version: HTTP/1.1)
HTTP/1.1 200 OK
Content-Length: 14
Content-Type: application/json; charset=utf-8
cache-control: no-cache

14:31:37.726 [AsyncHttpClient-1-6] DEBUG org.asynchttpclient.netty.channel.ChannelManager - Adding key: http://localhost:13679 for channel [id: 0xcb08455d, L:/127.0.0.1:59316 - R:localhost/127.0.0.1:13679]
14:31:37.726 [Forwarding isElementEnabled on session 6cb4c9b7ec3392fb6fea501470ab9d5e to remote] DEBUG org.asynchttpclient.netty.request.NettyRequestSender - Using pooled Channel '[id: 0xcb08455d, L:/127.0.0.1:59316 - R:localhost/127.0.0.1:13679]' for 'GET' to 'http://localhost:13679/session/6cb4c9b7ec3392fb6fea501470ab9d5e/element/C2EA924B9B8F71E6C373507043BDA63B_element_569/enabled'
14:31:37.726 [Forwarding isElementEnabled on session 6cb4c9b7ec3392fb6fea501470ab9d5e to remote] DEBUG org.asynchttpclient.netty.request.NettyRequestSender - Using open Channel [id: 0xcb08455d, L:/127.0.0.1:59316 - R:localhost/127.0.0.1:13679] for GET '/session/6cb4c9b7ec3392fb6fea501470ab9d5e/element/C2EA924B9B8F71E6C373507043BDA63B_element_569/enabled'
14:31:37.749 [AsyncHttpClient-1-6] DEBUG org.asynchttpclient.netty.handler.HttpHandler - 

Request DefaultFullHttpRequest(decodeResult: success, version: HTTP/1.1, content: EmptyByteBufBE)
GET /session/6cb4c9b7ec3392fb6fea501470ab9d5e/element/C2EA924B9B8F71E6C373507043BDA63B_element_569/enabled HTTP/1.1
User-Agent: selenium/4.8.1 (java windows)
Cache-Control: no-cache
Content-Type: application/json; charset=utf-8
host: localhost:13679
accept: */*

Response DefaultHttpResponse(decodeResult: success, version: HTTP/1.1)
HTTP/1.1 200 OK
Content-Length: 14
Content-Type: application/json; charset=utf-8
cache-control: no-cache

14:31:37.749 [AsyncHttpClient-1-6] DEBUG org.asynchttpclient.netty.channel.ChannelManager - Adding key: http://localhost:13679 for channel [id: 0xcb08455d, L:/127.0.0.1:59316 - R:localhost/127.0.0.1:13679]
14:31:37.752 [Forwarding findElement on session 6cb4c9b7ec3392fb6fea501470ab9d5e to remote] DEBUG org.asynchttpclient.netty.request.NettyRequestSender - Using pooled Channel '[id: 0xcb08455d, L:/127.0.0.1:59316 - R:localhost/127.0.0.1:13679]' for 'POST' to 'http://localhost:13679/session/6cb4c9b7ec3392fb6fea501470ab9d5e/element'
14:31:37.752 [Forwarding findElement on session 6cb4c9b7ec3392fb6fea501470ab9d5e to remote] DEBUG org.asynchttpclient.netty.request.NettyRequestSender - Using open Channel [id: 0xcb08455d, L:/127.0.0.1:59316 - R:localhost/127.0.0.1:13679] for POST '/session/6cb4c9b7ec3392fb6fea501470ab9d5e/element'
14:31:37.769 [AsyncHttpClient-1-6] DEBUG org.asynchttpclient.netty.handler.HttpHandler - 

Request DefaultHttpRequest(decodeResult: success, version: HTTP/1.1)
POST /session/6cb4c9b7ec3392fb6fea501470ab9d5e/element HTTP/1.1
User-Agent: selenium/4.8.1 (java windows)
Content-Length: 84
Content-Type: application/json; charset=utf-8
host: localhost:13679
accept: */*

Response DefaultHttpResponse(decodeResult: success, version: HTTP/1.1)
HTTP/1.1 200 OK
Content-Length: 96
Content-Type: application/json; charset=utf-8
cache-control: no-cache

14:31:37.769 [AsyncHttpClient-1-6] DEBUG org.asynchttpclient.netty.channel.ChannelManager - Adding key: http://localhost:13679 for channel [id: 0xcb08455d, L:/127.0.0.1:59316 - R:localhost/127.0.0.1:13679]
14:31:37.773 [Forwarding clickElement on session 6cb4c9b7ec3392fb6fea501470ab9d5e to remote] DEBUG org.asynchttpclient.netty.request.NettyRequestSender - Using pooled Channel '[id: 0xcb08455d, L:/127.0.0.1:59316 - R:localhost/127.0.0.1:13679]' for 'POST' to 'http://localhost:13679/session/6cb4c9b7ec3392fb6fea501470ab9d5e/element/C2EA924B9B8F71E6C373507043BDA63B_element_569/click'
14:31:37.773 [Forwarding clickElement on session 6cb4c9b7ec3392fb6fea501470ab9d5e to remote] DEBUG org.asynchttpclient.netty.request.NettyRequestSender - Using open Channel [id: 0xcb08455d, L:/127.0.0.1:59316 - R:localhost/127.0.0.1:13679] for POST '/session/6cb4c9b7ec3392fb6fea501470ab9d5e/element/C2EA924B9B8F71E6C373507043BDA63B_element_569/click'
14:31:38.588 [AsyncHttpClient-1-1] DEBUG org.asynchttpclient.netty.channel.DefaultChannelPool - Entry count for : http://localhost:59317 : 1
14:31:39.704 [AsyncHttpClient-1-1] DEBUG org.asynchttpclient.netty.channel.DefaultChannelPool - Entry count for : http://localhost:59317 : 1
14:31:40.322 [AsyncHttpClient-1-6] DEBUG org.asynchttpclient.netty.handler.HttpHandler - 

Request DefaultHttpRequest(decodeResult: success, version: HTTP/1.1)
POST /session/6cb4c9b7ec3392fb6fea501470ab9d5e/element/C2EA924B9B8F71E6C373507043BDA63B_element_569/click HTTP/1.1
User-Agent: selenium/4.8.1 (java windows)
Content-Length: 58
Content-Type: application/json; charset=utf-8
host: localhost:13679
accept: */*

Response DefaultHttpResponse(decodeResult: success, version: HTTP/1.1)
HTTP/1.1 200 OK
Content-Length: 14
Content-Type: application/json; charset=utf-8
cache-control: no-cache

14:31:40.322 [AsyncHttpClient-1-6] DEBUG org.asynchttpclient.netty.channel.ChannelManager - Adding key: http://localhost:13679 for channel [id: 0xcb08455d, L:/127.0.0.1:59316 - R:localhost/127.0.0.1:13679]
14:31:40.339 [Forwarding getAlertText on session 6cb4c9b7ec3392fb6fea501470ab9d5e to remote] DEBUG org.asynchttpclient.netty.request.NettyRequestSender - Using pooled Channel '[id: 0xcb08455d, L:/127.0.0.1:59316 - R:localhost/127.0.0.1:13679]' for 'GET' to 'http://localhost:13679/session/6cb4c9b7ec3392fb6fea501470ab9d5e/alert/text'
14:31:40.339 [Forwarding getAlertText on session 6cb4c9b7ec3392fb6fea501470ab9d5e to remote] DEBUG org.asynchttpclient.netty.request.NettyRequestSender - Using open Channel [id: 0xcb08455d, L:/127.0.0.1:59316 - R:localhost/127.0.0.1:13679] for GET '/session/6cb4c9b7ec3392fb6fea501470ab9d5e/alert/text'
14:31:40.346 [AsyncHttpClient-1-6] DEBUG org.asynchttpclient.netty.handler.HttpHandler - 

Request DefaultFullHttpRequest(decodeResult: success, version: HTTP/1.1, content: EmptyByteBufBE)
GET /session/6cb4c9b7ec3392fb6fea501470ab9d5e/alert/text HTTP/1.1
User-Agent: selenium/4.8.1 (java windows)
Cache-Control: no-cache
Content-Type: application/json; charset=utf-8
host: localhost:13679
accept: */*

Response DefaultHttpResponse(decodeResult: success, version: HTTP/1.1)
HTTP/1.1 404 Not Found
Content-Length: 821
Content-Type: application/json; charset=utf-8
cache-control: no-cache

14:31:40.346 [AsyncHttpClient-1-6] DEBUG org.asynchttpclient.netty.channel.ChannelManager - Adding key: http://localhost:13679 for channel [id: 0xcb08455d, L:/127.0.0.1:59316 - R:localhost/127.0.0.1:13679]
14:31:40.346 [Forwarding getCurrentUrl on session 6cb4c9b7ec3392fb6fea501470ab9d5e to remote] DEBUG org.asynchttpclient.netty.request.NettyRequestSender - Using pooled Channel '[id: 0xcb08455d, L:/127.0.0.1:59316 - R:localhost/127.0.0.1:13679]' for 'GET' to 'http://localhost:13679/session/6cb4c9b7ec3392fb6fea501470ab9d5e/url'
14:31:40.346 [Forwarding getCurrentUrl on session 6cb4c9b7ec3392fb6fea501470ab9d5e to remote] DEBUG org.asynchttpclient.netty.request.NettyRequestSender - Using open Channel [id: 0xcb08455d, L:/127.0.0.1:59316 - R:localhost/127.0.0.1:13679] for GET '/session/6cb4c9b7ec3392fb6fea501470ab9d5e/url'
14:31:40.355 [AsyncHttpClient-1-6] DEBUG org.asynchttpclient.netty.handler.HttpHandler - 

Request DefaultFullHttpRequest(decodeResult: success, version: HTTP/1.1, content: EmptyByteBufBE)
GET /session/6cb4c9b7ec3392fb6fea501470ab9d5e/url HTTP/1.1
User-Agent: selenium/4.8.1 (java windows)
Cache-Control: no-cache
Content-Type: application/json; charset=utf-8
host: localhost:13679
accept: */*

Response DefaultHttpResponse(decodeResult: success, version: HTTP/1.1)
HTTP/1.1 200 OK
Content-Length: 74
Content-Type: application/json; charset=utf-8
cache-control: no-cache

14:31:40.355 [AsyncHttpClient-1-6] DEBUG org.asynchttpclient.netty.channel.ChannelManager - Adding key: http://localhost:13679 for channel [id: 0xcb08455d, L:/127.0.0.1:59316 - R:localhost/127.0.0.1:13679]
14:31:40.362 [Forwarding screenshot on session 6cb4c9b7ec3392fb6fea501470ab9d5e to remote] DEBUG org.asynchttpclient.netty.request.NettyRequestSender - Using pooled Channel '[id: 0xcb08455d, L:/127.0.0.1:59316 - R:localhost/127.0.0.1:13679]' for 'GET' to 'http://localhost:13679/session/6cb4c9b7ec3392fb6fea501470ab9d5e/screenshot'
14:31:40.362 [Forwarding screenshot on session 6cb4c9b7ec3392fb6fea501470ab9d5e to remote] DEBUG org.asynchttpclient.netty.request.NettyRequestSender - Using open Channel [id: 0xcb08455d, L:/127.0.0.1:59316 - R:localhost/127.0.0.1:13679] for GET '/session/6cb4c9b7ec3392fb6fea501470ab9d5e/screenshot'
14:31:40.660 [AsyncHttpClient-1-6] DEBUG org.asynchttpclient.netty.handler.HttpHandler - 

Request DefaultFullHttpRequest(decodeResult: success, version: HTTP/1.1, content: EmptyByteBufBE)
GET /session/6cb4c9b7ec3392fb6fea501470ab9d5e/screenshot HTTP/1.1
User-Agent: selenium/4.8.1 (java windows)
Cache-Control: no-cache
Content-Type: application/json; charset=utf-8
host: localhost:13679
accept: */*

Response DefaultHttpResponse(decodeResult: success, version: HTTP/1.1)
HTTP/1.1 200 OK
Content-Length: 370516
Content-Type: application/json; charset=utf-8
cache-control: no-cache

14:31:40.660 [AsyncHttpClient-1-6] DEBUG org.asynchttpclient.netty.channel.ChannelManager - Adding key: http://localhost:13679 for channel [id: 0xcb08455d, L:/127.0.0.1:59316 - R:localhost/127.0.0.1:13679]
14:31:40.689 [main] DEBUG net.serenitybdd.core.photography.Darkroom - Send negative for processing for target\site\serenity\0cebe54cbe7d857360edec999ba0ca44a21444889390da4bc7faab3a7e9f06e8.png
14:31:40.689 [main] DEBUG net.thucydides.core.steps.StepInterceptor - STEP DONE: Click_Submit_Button
14:31:40.691 [Darkroom Processing Line] DEBUG net.serenitybdd.core.photography.DarkroomProcessingLine - Processing screenshot image in /var/screenshots/screenshot-3323144003636794279
14:31:40.691 [Darkroom Processing Line] DEBUG net.serenitybdd.core.photography.DarkroomProcessingLine - Saving screenshot to target\site\serenity\0cebe54cbe7d857360edec999ba0ca44a21444889390da4bc7faab3a7e9f06e8.png
14:31:40.721 [Forwarding getPageSource on session 6cb4c9b7ec3392fb6fea501470ab9d5e to remote] DEBUG org.asynchttpclient.netty.request.NettyRequestSender - Using pooled Channel '[id: 0xcb08455d, L:/127.0.0.1:59316 - R:localhost/127.0.0.1:13679]' for 'POST' to 'http://localhost:13679/session/6cb4c9b7ec3392fb6fea501470ab9d5e/execute/sync'
14:31:40.721 [Forwarding getPageSource on session 6cb4c9b7ec3392fb6fea501470ab9d5e to remote] DEBUG org.asynchttpclient.netty.request.NettyRequestSender - Using open Channel [id: 0xcb08455d, L:/127.0.0.1:59316 - R:localhost/127.0.0.1:13679] for POST '/session/6cb4c9b7ec3392fb6fea501470ab9d5e/execute/sync'
14:31:40.798 [AsyncHttpClient-1-1] DEBUG org.asynchttpclient.netty.channel.DefaultChannelPool - Entry count for : http://localhost:59317 : 1
14:31:40.811 [AsyncHttpClient-1-6] DEBUG org.asynchttpclient.netty.handler.HttpHandler - 

Request DefaultHttpRequest(decodeResult: success, version: HTTP/1.1)
POST /session/6cb4c9b7ec3392fb6fea501470ab9d5e/execute/sync HTTP/1.1
User-Agent: selenium/4.8.1 (java windows)
Content-Length: 176
Content-Type: application/json; charset=utf-8
host: localhost:13679
accept: */*

Response DefaultHttpResponse(decodeResult: success, version: HTTP/1.1)
HTTP/1.1 200 OK
Content-Length: 86306
Content-Type: application/json; charset=utf-8
cache-control: no-cache

14:31:40.811 [AsyncHttpClient-1-6] DEBUG org.asynchttpclient.netty.channel.ChannelManager - Adding key: http://localhost:13679 for channel [id: 0xcb08455d, L:/127.0.0.1:59316 - R:localhost/127.0.0.1:13679]
14:31:40.828 [Forwarding getCurrentUrl on session 6cb4c9b7ec3392fb6fea501470ab9d5e to remote] DEBUG org.asynchttpclient.netty.request.NettyRequestSender - Using pooled Channel '[id: 0xcb08455d, L:/127.0.0.1:59316 - R:localhost/127.0.0.1:13679]' for 'GET' to 'http://localhost:13679/session/6cb4c9b7ec3392fb6fea501470ab9d5e/url'
14:31:40.828 [Forwarding getCurrentUrl on session 6cb4c9b7ec3392fb6fea501470ab9d5e to remote] DEBUG org.asynchttpclient.netty.request.NettyRequestSender - Using open Channel [id: 0xcb08455d, L:/127.0.0.1:59316 - R:localhost/127.0.0.1:13679] for GET '/session/6cb4c9b7ec3392fb6fea501470ab9d5e/url'
14:31:40.892 [AsyncHttpClient-1-6] DEBUG org.asynchttpclient.netty.handler.HttpHandler - 

Request DefaultFullHttpRequest(decodeResult: success, version: HTTP/1.1, content: EmptyByteBufBE)
GET /session/6cb4c9b7ec3392fb6fea501470ab9d5e/url HTTP/1.1
User-Agent: selenium/4.8.1 (java windows)
Cache-Control: no-cache
Content-Type: application/json; charset=utf-8
host: localhost:13679
accept: */*

Response DefaultHttpResponse(decodeResult: success, version: HTTP/1.1)
HTTP/1.1 200 OK
Content-Length: 74
Content-Type: application/json; charset=utf-8
cache-control: no-cache

14:31:40.892 [AsyncHttpClient-1-6] DEBUG org.asynchttpclient.netty.channel.ChannelManager - Adding key: http://localhost:13679 for channel [id: 0xcb08455d, L:/127.0.0.1:59316 - R:localhost/127.0.0.1:13679]
14:31:40.909 [Forwarding getAlertText on session 6cb4c9b7ec3392fb6fea501470ab9d5e to remote] DEBUG org.asynchttpclient.netty.request.NettyRequestSender - Using pooled Channel '[id: 0xcb08455d, L:/127.0.0.1:59316 - R:localhost/127.0.0.1:13679]' for 'GET' to 'http://localhost:13679/session/6cb4c9b7ec3392fb6fea501470ab9d5e/alert/text'
14:31:40.909 [Forwarding getAlertText on session 6cb4c9b7ec3392fb6fea501470ab9d5e to remote] DEBUG org.asynchttpclient.netty.request.NettyRequestSender - Using open Channel [id: 0xcb08455d, L:/127.0.0.1:59316 - R:localhost/127.0.0.1:13679] for GET '/session/6cb4c9b7ec3392fb6fea501470ab9d5e/alert/text'
14:31:40.933 [AsyncHttpClient-1-6] DEBUG org.asynchttpclient.netty.handler.HttpHandler - 

Request DefaultFullHttpRequest(decodeResult: success, version: HTTP/1.1, content: EmptyByteBufBE)
GET /session/6cb4c9b7ec3392fb6fea501470ab9d5e/alert/text HTTP/1.1
User-Agent: selenium/4.8.1 (java windows)
Cache-Control: no-cache
Content-Type: application/json; charset=utf-8
host: localhost:13679
accept: */*

Response DefaultHttpResponse(decodeResult: success, version: HTTP/1.1)
HTTP/1.1 404 Not Found
Content-Length: 821
Content-Type: application/json; charset=utf-8
cache-control: no-cache

14:31:40.933 [AsyncHttpClient-1-6] DEBUG org.asynchttpclient.netty.channel.ChannelManager - Adding key: http://localhost:13679 for channel [id: 0xcb08455d, L:/127.0.0.1:59316 - R:localhost/127.0.0.1:13679]
14:31:40.937 [Forwarding getCurrentUrl on session 6cb4c9b7ec3392fb6fea501470ab9d5e to remote] DEBUG org.asynchttpclient.netty.request.NettyRequestSender - Using pooled Channel '[id: 0xcb08455d, L:/127.0.0.1:59316 - R:localhost/127.0.0.1:13679]' for 'GET' to 'http://localhost:13679/session/6cb4c9b7ec3392fb6fea501470ab9d5e/url'
14:31:40.937 [Forwarding getCurrentUrl on session 6cb4c9b7ec3392fb6fea501470ab9d5e to remote] DEBUG org.asynchttpclient.netty.request.NettyRequestSender - Using open Channel [id: 0xcb08455d, L:/127.0.0.1:59316 - R:localhost/127.0.0.1:13679] for GET '/session/6cb4c9b7ec3392fb6fea501470ab9d5e/url'
14:31:40.984 [AsyncHttpClient-1-6] DEBUG org.asynchttpclient.netty.handler.HttpHandler - 

Request DefaultFullHttpRequest(decodeResult: success, version: HTTP/1.1, content: EmptyByteBufBE)
GET /session/6cb4c9b7ec3392fb6fea501470ab9d5e/url HTTP/1.1
User-Agent: selenium/4.8.1 (java windows)
Cache-Control: no-cache
Content-Type: application/json; charset=utf-8
host: localhost:13679
accept: */*

Response DefaultHttpResponse(decodeResult: success, version: HTTP/1.1)
HTTP/1.1 200 OK
Content-Length: 74
Content-Type: application/json; charset=utf-8
cache-control: no-cache

14:31:40.984 [AsyncHttpClient-1-6] DEBUG org.asynchttpclient.netty.channel.ChannelManager - Adding key: http://localhost:13679 for channel [id: 0xcb08455d, L:/127.0.0.1:59316 - R:localhost/127.0.0.1:13679]
14:31:40.984 [Forwarding screenshot on session 6cb4c9b7ec3392fb6fea501470ab9d5e to remote] DEBUG org.asynchttpclient.netty.request.NettyRequestSender - Using pooled Channel '[id: 0xcb08455d, L:/127.0.0.1:59316 - R:localhost/127.0.0.1:13679]' for 'GET' to 'http://localhost:13679/session/6cb4c9b7ec3392fb6fea501470ab9d5e/screenshot'
14:31:40.984 [Forwarding screenshot on session 6cb4c9b7ec3392fb6fea501470ab9d5e to remote] DEBUG org.asynchttpclient.netty.request.NettyRequestSender - Using open Channel [id: 0xcb08455d, L:/127.0.0.1:59316 - R:localhost/127.0.0.1:13679] for GET '/session/6cb4c9b7ec3392fb6fea501470ab9d5e/screenshot'
14:31:41.364 [AsyncHttpClient-1-6] DEBUG org.asynchttpclient.netty.handler.HttpHandler - 

Request DefaultFullHttpRequest(decodeResult: success, version: HTTP/1.1, content: EmptyByteBufBE)
GET /session/6cb4c9b7ec3392fb6fea501470ab9d5e/screenshot HTTP/1.1
User-Agent: selenium/4.8.1 (java windows)
Cache-Control: no-cache
Content-Type: application/json; charset=utf-8
host: localhost:13679
accept: */*

Response DefaultHttpResponse(decodeResult: success, version: HTTP/1.1)
HTTP/1.1 200 OK
Content-Length: 370516
Content-Type: application/json; charset=utf-8
cache-control: no-cache

14:31:41.364 [AsyncHttpClient-1-6] DEBUG org.asynchttpclient.netty.channel.ChannelManager - Adding key: http://localhost:13679 for channel [id: 0xcb08455d, L:/127.0.0.1:59316 - R:localhost/127.0.0.1:13679]
14:31:41.392 [main] DEBUG net.serenitybdd.core.photography.Darkroom - Send negative for processing for target\site\serenity\0cebe54cbe7d857360edec999ba0ca44a21444889390da4bc7faab3a7e9f06e8.png
14:31:41.396 [Forwarding getPageSource on session 6cb4c9b7ec3392fb6fea501470ab9d5e to remote] DEBUG org.asynchttpclient.netty.request.NettyRequestSender - Using pooled Channel '[id: 0xcb08455d, L:/127.0.0.1:59316 - R:localhost/127.0.0.1:13679]' for 'POST' to 'http://localhost:13679/session/6cb4c9b7ec3392fb6fea501470ab9d5e/execute/sync'
14:31:41.396 [Forwarding getPageSource on session 6cb4c9b7ec3392fb6fea501470ab9d5e to remote] DEBUG org.asynchttpclient.netty.request.NettyRequestSender - Using open Channel [id: 0xcb08455d, L:/127.0.0.1:59316 - R:localhost/127.0.0.1:13679] for POST '/session/6cb4c9b7ec3392fb6fea501470ab9d5e/execute/sync'
14:31:41.446 [AsyncHttpClient-1-6] DEBUG org.asynchttpclient.netty.handler.HttpHandler - 

Request DefaultHttpRequest(decodeResult: success, version: HTTP/1.1)
POST /session/6cb4c9b7ec3392fb6fea501470ab9d5e/execute/sync HTTP/1.1
User-Agent: selenium/4.8.1 (java windows)
Content-Length: 176
Content-Type: application/json; charset=utf-8
host: localhost:13679
accept: */*

Response DefaultHttpResponse(decodeResult: success, version: HTTP/1.1)
HTTP/1.1 200 OK
Content-Length: 86306
Content-Type: application/json; charset=utf-8
cache-control: no-cache

14:31:41.446 [AsyncHttpClient-1-6] DEBUG org.asynchttpclient.netty.channel.ChannelManager - Adding key: http://localhost:13679 for channel [id: 0xcb08455d, L:/127.0.0.1:59316 - R:localhost/127.0.0.1:13679]
14:31:41.460 [Forwarding getCurrentUrl on session 6cb4c9b7ec3392fb6fea501470ab9d5e to remote] DEBUG org.asynchttpclient.netty.request.NettyRequestSender - Using pooled Channel '[id: 0xcb08455d, L:/127.0.0.1:59316 - R:localhost/127.0.0.1:13679]' for 'GET' to 'http://localhost:13679/session/6cb4c9b7ec3392fb6fea501470ab9d5e/url'
14:31:41.464 [Forwarding getCurrentUrl on session 6cb4c9b7ec3392fb6fea501470ab9d5e to remote] DEBUG org.asynchttpclient.netty.request.NettyRequestSender - Using open Channel [id: 0xcb08455d, L:/127.0.0.1:59316 - R:localhost/127.0.0.1:13679] for GET '/session/6cb4c9b7ec3392fb6fea501470ab9d5e/url'
14:31:41.483 [AsyncHttpClient-1-6] DEBUG org.asynchttpclient.netty.handler.HttpHandler - 

Request DefaultFullHttpRequest(decodeResult: success, version: HTTP/1.1, content: EmptyByteBufBE)
GET /session/6cb4c9b7ec3392fb6fea501470ab9d5e/url HTTP/1.1
User-Agent: selenium/4.8.1 (java windows)
Cache-Control: no-cache
Content-Type: application/json; charset=utf-8
host: localhost:13679
accept: */*

Response DefaultHttpResponse(decodeResult: success, version: HTTP/1.1)
HTTP/1.1 200 OK
Content-Length: 74
Content-Type: application/json; charset=utf-8
cache-control: no-cache

14:31:41.483 [AsyncHttpClient-1-6] DEBUG org.asynchttpclient.netty.channel.ChannelManager - Adding key: http://localhost:13679 for channel [id: 0xcb08455d, L:/127.0.0.1:59316 - R:localhost/127.0.0.1:13679]
14:31:41.486 [main] DEBUG net.thucydides.core.steps.StepInterceptor - STARTING STEP: Afrexim_Investors_steps.verify_ipo_disclaimer_page - Verify_IPO_disclaimer_page
14:31:41.492 [Forwarding findElement on session 6cb4c9b7ec3392fb6fea501470ab9d5e to remote] DEBUG org.asynchttpclient.netty.request.NettyRequestSender - Using pooled Channel '[id: 0xcb08455d, L:/127.0.0.1:59316 - R:localhost/127.0.0.1:13679]' for 'POST' to 'http://localhost:13679/session/6cb4c9b7ec3392fb6fea501470ab9d5e/element'
14:31:41.492 [Forwarding findElement on session 6cb4c9b7ec3392fb6fea501470ab9d5e to remote] DEBUG org.asynchttpclient.netty.request.NettyRequestSender - Using open Channel [id: 0xcb08455d, L:/127.0.0.1:59316 - R:localhost/127.0.0.1:13679] for POST '/session/6cb4c9b7ec3392fb6fea501470ab9d5e/element'
14:31:41.534 [AsyncHttpClient-1-6] DEBUG org.asynchttpclient.netty.handler.HttpHandler - 

Request DefaultHttpRequest(decodeResult: success, version: HTTP/1.1)
POST /session/6cb4c9b7ec3392fb6fea501470ab9d5e/element HTTP/1.1
User-Agent: selenium/4.8.1 (java windows)
Content-Length: 76
Content-Type: application/json; charset=utf-8
host: localhost:13679
accept: */*

Response DefaultHttpResponse(decodeResult: success, version: HTTP/1.1)
HTTP/1.1 200 OK
Content-Length: 96
Content-Type: application/json; charset=utf-8
cache-control: no-cache

14:31:41.534 [AsyncHttpClient-1-6] DEBUG org.asynchttpclient.netty.channel.ChannelManager - Adding key: http://localhost:13679 for channel [id: 0xcb08455d, L:/127.0.0.1:59316 - R:localhost/127.0.0.1:13679]
14:31:41.538 [Forwarding isElementDisplayed on session 6cb4c9b7ec3392fb6fea501470ab9d5e to remote] DEBUG org.asynchttpclient.netty.request.NettyRequestSender - Using pooled Channel '[id: 0xcb08455d, L:/127.0.0.1:59316 - R:localhost/127.0.0.1:13679]' for 'POST' to 'http://localhost:13679/session/6cb4c9b7ec3392fb6fea501470ab9d5e/execute/sync'
14:31:41.538 [Forwarding isElementDisplayed on session 6cb4c9b7ec3392fb6fea501470ab9d5e to remote] DEBUG org.asynchttpclient.netty.request.NettyRequestSender - Using open Channel [id: 0xcb08455d, L:/127.0.0.1:59316 - R:localhost/127.0.0.1:13679] for POST '/session/6cb4c9b7ec3392fb6fea501470ab9d5e/execute/sync'
14:31:41.588 [AsyncHttpClient-1-6] DEBUG org.asynchttpclient.netty.handler.HttpHandler - 

Request DefaultHttpRequest(decodeResult: success, version: HTTP/1.1)
POST /session/6cb4c9b7ec3392fb6fea501470ab9d5e/execute/sync HTTP/1.1
User-Agent: selenium/4.8.1 (java windows)
Content-Length: 48815
Content-Type: application/json; charset=utf-8
host: localhost:13679
accept: */*

Response DefaultHttpResponse(decodeResult: success, version: HTTP/1.1)
HTTP/1.1 200 OK
Content-Length: 14
Content-Type: application/json; charset=utf-8
cache-control: no-cache

14:31:41.588 [AsyncHttpClient-1-6] DEBUG org.asynchttpclient.netty.channel.ChannelManager - Adding key: http://localhost:13679 for channel [id: 0xcb08455d, L:/127.0.0.1:59316 - R:localhost/127.0.0.1:13679]
14:31:41.600 [Forwarding getAlertText on session 6cb4c9b7ec3392fb6fea501470ab9d5e to remote] DEBUG org.asynchttpclient.netty.request.NettyRequestSender - Using pooled Channel '[id: 0xcb08455d, L:/127.0.0.1:59316 - R:localhost/127.0.0.1:13679]' for 'GET' to 'http://localhost:13679/session/6cb4c9b7ec3392fb6fea501470ab9d5e/alert/text'
14:31:41.600 [Forwarding getAlertText on session 6cb4c9b7ec3392fb6fea501470ab9d5e to remote] DEBUG org.asynchttpclient.netty.request.NettyRequestSender - Using open Channel [id: 0xcb08455d, L:/127.0.0.1:59316 - R:localhost/127.0.0.1:13679] for GET '/session/6cb4c9b7ec3392fb6fea501470ab9d5e/alert/text'
14:31:41.600 [AsyncHttpClient-1-6] DEBUG org.asynchttpclient.netty.handler.HttpHandler - 

Request DefaultFullHttpRequest(decodeResult: success, version: HTTP/1.1, content: EmptyByteBufBE)
GET /session/6cb4c9b7ec3392fb6fea501470ab9d5e/alert/text HTTP/1.1
User-Agent: selenium/4.8.1 (java windows)
Cache-Control: no-cache
Content-Type: application/json; charset=utf-8
host: localhost:13679
accept: */*

Response DefaultHttpResponse(decodeResult: success, version: HTTP/1.1)
HTTP/1.1 404 Not Found
Content-Length: 821
Content-Type: application/json; charset=utf-8
cache-control: no-cache

14:31:41.609 [AsyncHttpClient-1-6] DEBUG org.asynchttpclient.netty.channel.ChannelManager - Adding key: http://localhost:13679 for channel [id: 0xcb08455d, L:/127.0.0.1:59316 - R:localhost/127.0.0.1:13679]
14:31:41.609 [Forwarding getCurrentUrl on session 6cb4c9b7ec3392fb6fea501470ab9d5e to remote] DEBUG org.asynchttpclient.netty.request.NettyRequestSender - Using pooled Channel '[id: 0xcb08455d, L:/127.0.0.1:59316 - R:localhost/127.0.0.1:13679]' for 'GET' to 'http://localhost:13679/session/6cb4c9b7ec3392fb6fea501470ab9d5e/url'
14:31:41.609 [Forwarding getCurrentUrl on session 6cb4c9b7ec3392fb6fea501470ab9d5e to remote] DEBUG org.asynchttpclient.netty.request.NettyRequestSender - Using open Channel [id: 0xcb08455d, L:/127.0.0.1:59316 - R:localhost/127.0.0.1:13679] for GET '/session/6cb4c9b7ec3392fb6fea501470ab9d5e/url'
14:31:41.625 [AsyncHttpClient-1-6] DEBUG org.asynchttpclient.netty.handler.HttpHandler - 

Request DefaultFullHttpRequest(decodeResult: success, version: HTTP/1.1, content: EmptyByteBufBE)
GET /session/6cb4c9b7ec3392fb6fea501470ab9d5e/url HTTP/1.1
User-Agent: selenium/4.8.1 (java windows)
Cache-Control: no-cache
Content-Type: application/json; charset=utf-8
host: localhost:13679
accept: */*

Response DefaultHttpResponse(decodeResult: success, version: HTTP/1.1)
HTTP/1.1 200 OK
Content-Length: 74
Content-Type: application/json; charset=utf-8
cache-control: no-cache

14:31:41.625 [AsyncHttpClient-1-6] DEBUG org.asynchttpclient.netty.channel.ChannelManager - Adding key: http://localhost:13679 for channel [id: 0xcb08455d, L:/127.0.0.1:59316 - R:localhost/127.0.0.1:13679]
14:31:41.625 [Forwarding screenshot on session 6cb4c9b7ec3392fb6fea501470ab9d5e to remote] DEBUG org.asynchttpclient.netty.request.NettyRequestSender - Using pooled Channel '[id: 0xcb08455d, L:/127.0.0.1:59316 - R:localhost/127.0.0.1:13679]' for 'GET' to 'http://localhost:13679/session/6cb4c9b7ec3392fb6fea501470ab9d5e/screenshot'
14:31:41.625 [Forwarding screenshot on session 6cb4c9b7ec3392fb6fea501470ab9d5e to remote] DEBUG org.asynchttpclient.netty.request.NettyRequestSender - Using open Channel [id: 0xcb08455d, L:/127.0.0.1:59316 - R:localhost/127.0.0.1:13679] for GET '/session/6cb4c9b7ec3392fb6fea501470ab9d5e/screenshot'
14:31:41.890 [AsyncHttpClient-1-1] DEBUG org.asynchttpclient.netty.channel.DefaultChannelPool - Entry count for : http://localhost:59317 : 1
14:31:41.966 [AsyncHttpClient-1-6] DEBUG org.asynchttpclient.netty.handler.HttpHandler - 

Request DefaultFullHttpRequest(decodeResult: success, version: HTTP/1.1, content: EmptyByteBufBE)
GET /session/6cb4c9b7ec3392fb6fea501470ab9d5e/screenshot HTTP/1.1
User-Agent: selenium/4.8.1 (java windows)
Cache-Control: no-cache
Content-Type: application/json; charset=utf-8
host: localhost:13679
accept: */*

Response DefaultHttpResponse(decodeResult: success, version: HTTP/1.1)
HTTP/1.1 200 OK
Content-Length: 370516
Content-Type: application/json; charset=utf-8
cache-control: no-cache

14:31:41.969 [AsyncHttpClient-1-6] DEBUG org.asynchttpclient.netty.channel.ChannelManager - Adding key: http://localhost:13679 for channel [id: 0xcb08455d, L:/127.0.0.1:59316 - R:localhost/127.0.0.1:13679]
14:31:41.996 [main] DEBUG net.serenitybdd.core.photography.Darkroom - Send negative for processing for target\site\serenity\0cebe54cbe7d857360edec999ba0ca44a21444889390da4bc7faab3a7e9f06e8.png
14:31:41.996 [main] DEBUG net.thucydides.core.steps.StepInterceptor - STEP DONE: Verify_IPO_disclaimer_page
14:31:42.031 [Forwarding getPageSource on session 6cb4c9b7ec3392fb6fea501470ab9d5e to remote] DEBUG org.asynchttpclient.netty.request.NettyRequestSender - Using pooled Channel '[id: 0xcb08455d, L:/127.0.0.1:59316 - R:localhost/127.0.0.1:13679]' for 'POST' to 'http://localhost:13679/session/6cb4c9b7ec3392fb6fea501470ab9d5e/execute/sync'
14:31:42.031 [Forwarding getPageSource on session 6cb4c9b7ec3392fb6fea501470ab9d5e to remote] DEBUG org.asynchttpclient.netty.request.NettyRequestSender - Using open Channel [id: 0xcb08455d, L:/127.0.0.1:59316 - R:localhost/127.0.0.1:13679] for POST '/session/6cb4c9b7ec3392fb6fea501470ab9d5e/execute/sync'
14:31:42.089 [AsyncHttpClient-1-6] DEBUG org.asynchttpclient.netty.handler.HttpHandler - 

Request DefaultHttpRequest(decodeResult: success, version: HTTP/1.1)
POST /session/6cb4c9b7ec3392fb6fea501470ab9d5e/execute/sync HTTP/1.1
User-Agent: selenium/4.8.1 (java windows)
Content-Length: 176
Content-Type: application/json; charset=utf-8
host: localhost:13679
accept: */*

Response DefaultHttpResponse(decodeResult: success, version: HTTP/1.1)
HTTP/1.1 200 OK
Content-Length: 86306
Content-Type: application/json; charset=utf-8
cache-control: no-cache

14:31:42.089 [AsyncHttpClient-1-6] DEBUG org.asynchttpclient.netty.channel.ChannelManager - Adding key: http://localhost:13679 for channel [id: 0xcb08455d, L:/127.0.0.1:59316 - R:localhost/127.0.0.1:13679]
14:31:42.128 [Forwarding getCurrentUrl on session 6cb4c9b7ec3392fb6fea501470ab9d5e to remote] DEBUG org.asynchttpclient.netty.request.NettyRequestSender - Using pooled Channel '[id: 0xcb08455d, L:/127.0.0.1:59316 - R:localhost/127.0.0.1:13679]' for 'GET' to 'http://localhost:13679/session/6cb4c9b7ec3392fb6fea501470ab9d5e/url'
14:31:42.128 [Forwarding getCurrentUrl on session 6cb4c9b7ec3392fb6fea501470ab9d5e to remote] DEBUG org.asynchttpclient.netty.request.NettyRequestSender - Using open Channel [id: 0xcb08455d, L:/127.0.0.1:59316 - R:localhost/127.0.0.1:13679] for GET '/session/6cb4c9b7ec3392fb6fea501470ab9d5e/url'
14:31:42.180 [AsyncHttpClient-1-6] DEBUG org.asynchttpclient.netty.handler.HttpHandler - 

Request DefaultFullHttpRequest(decodeResult: success, version: HTTP/1.1, content: EmptyByteBufBE)
GET /session/6cb4c9b7ec3392fb6fea501470ab9d5e/url HTTP/1.1
User-Agent: selenium/4.8.1 (java windows)
Cache-Control: no-cache
Content-Type: application/json; charset=utf-8
host: localhost:13679
accept: */*

Response DefaultHttpResponse(decodeResult: success, version: HTTP/1.1)
HTTP/1.1 200 OK
Content-Length: 74
Content-Type: application/json; charset=utf-8
cache-control: no-cache

14:31:42.180 [AsyncHttpClient-1-6] DEBUG org.asynchttpclient.netty.channel.ChannelManager - Adding key: http://localhost:13679 for channel [id: 0xcb08455d, L:/127.0.0.1:59316 - R:localhost/127.0.0.1:13679]
14:31:42.201 [Forwarding getAlertText on session 6cb4c9b7ec3392fb6fea501470ab9d5e to remote] DEBUG org.asynchttpclient.netty.request.NettyRequestSender - Using pooled Channel '[id: 0xcb08455d, L:/127.0.0.1:59316 - R:localhost/127.0.0.1:13679]' for 'GET' to 'http://localhost:13679/session/6cb4c9b7ec3392fb6fea501470ab9d5e/alert/text'
14:31:42.201 [Forwarding getAlertText on session 6cb4c9b7ec3392fb6fea501470ab9d5e to remote] DEBUG org.asynchttpclient.netty.request.NettyRequestSender - Using open Channel [id: 0xcb08455d, L:/127.0.0.1:59316 - R:localhost/127.0.0.1:13679] for GET '/session/6cb4c9b7ec3392fb6fea501470ab9d5e/alert/text'
14:31:42.241 [AsyncHttpClient-1-6] DEBUG org.asynchttpclient.netty.handler.HttpHandler - 

Request DefaultFullHttpRequest(decodeResult: success, version: HTTP/1.1, content: EmptyByteBufBE)
GET /session/6cb4c9b7ec3392fb6fea501470ab9d5e/alert/text HTTP/1.1
User-Agent: selenium/4.8.1 (java windows)
Cache-Control: no-cache
Content-Type: application/json; charset=utf-8
host: localhost:13679
accept: */*

Response DefaultHttpResponse(decodeResult: success, version: HTTP/1.1)
HTTP/1.1 404 Not Found
Content-Length: 821
Content-Type: application/json; charset=utf-8
cache-control: no-cache

14:31:42.249 [AsyncHttpClient-1-6] DEBUG org.asynchttpclient.netty.channel.ChannelManager - Adding key: http://localhost:13679 for channel [id: 0xcb08455d, L:/127.0.0.1:59316 - R:localhost/127.0.0.1:13679]
14:31:42.249 [Forwarding getCurrentUrl on session 6cb4c9b7ec3392fb6fea501470ab9d5e to remote] DEBUG org.asynchttpclient.netty.request.NettyRequestSender - Using pooled Channel '[id: 0xcb08455d, L:/127.0.0.1:59316 - R:localhost/127.0.0.1:13679]' for 'GET' to 'http://localhost:13679/session/6cb4c9b7ec3392fb6fea501470ab9d5e/url'
14:31:42.249 [Forwarding getCurrentUrl on session 6cb4c9b7ec3392fb6fea501470ab9d5e to remote] DEBUG org.asynchttpclient.netty.request.NettyRequestSender - Using open Channel [id: 0xcb08455d, L:/127.0.0.1:59316 - R:localhost/127.0.0.1:13679] for GET '/session/6cb4c9b7ec3392fb6fea501470ab9d5e/url'
14:31:42.307 [AsyncHttpClient-1-6] DEBUG org.asynchttpclient.netty.handler.HttpHandler - 

Request DefaultFullHttpRequest(decodeResult: success, version: HTTP/1.1, content: EmptyByteBufBE)
GET /session/6cb4c9b7ec3392fb6fea501470ab9d5e/url HTTP/1.1
User-Agent: selenium/4.8.1 (java windows)
Cache-Control: no-cache
Content-Type: application/json; charset=utf-8
host: localhost:13679
accept: */*

Response DefaultHttpResponse(decodeResult: success, version: HTTP/1.1)
HTTP/1.1 200 OK
Content-Length: 74
Content-Type: application/json; charset=utf-8
cache-control: no-cache

14:31:42.307 [AsyncHttpClient-1-6] DEBUG org.asynchttpclient.netty.channel.ChannelManager - Adding key: http://localhost:13679 for channel [id: 0xcb08455d, L:/127.0.0.1:59316 - R:localhost/127.0.0.1:13679]
14:31:42.307 [Forwarding screenshot on session 6cb4c9b7ec3392fb6fea501470ab9d5e to remote] DEBUG org.asynchttpclient.netty.request.NettyRequestSender - Using pooled Channel '[id: 0xcb08455d, L:/127.0.0.1:59316 - R:localhost/127.0.0.1:13679]' for 'GET' to 'http://localhost:13679/session/6cb4c9b7ec3392fb6fea501470ab9d5e/screenshot'
14:31:42.307 [Forwarding screenshot on session 6cb4c9b7ec3392fb6fea501470ab9d5e to remote] DEBUG org.asynchttpclient.netty.request.NettyRequestSender - Using open Channel [id: 0xcb08455d, L:/127.0.0.1:59316 - R:localhost/127.0.0.1:13679] for GET '/session/6cb4c9b7ec3392fb6fea501470ab9d5e/screenshot'
14:31:42.705 [AsyncHttpClient-1-6] DEBUG org.asynchttpclient.netty.handler.HttpHandler - 

Request DefaultFullHttpRequest(decodeResult: success, version: HTTP/1.1, content: EmptyByteBufBE)
GET /session/6cb4c9b7ec3392fb6fea501470ab9d5e/screenshot HTTP/1.1
User-Agent: selenium/4.8.1 (java windows)
Cache-Control: no-cache
Content-Type: application/json; charset=utf-8
host: localhost:13679
accept: */*

Response DefaultHttpResponse(decodeResult: success, version: HTTP/1.1)
HTTP/1.1 200 OK
Content-Length: 370516
Content-Type: application/json; charset=utf-8
cache-control: no-cache

14:31:42.706 [AsyncHttpClient-1-6] DEBUG org.asynchttpclient.netty.channel.ChannelManager - Adding key: http://localhost:13679 for channel [id: 0xcb08455d, L:/127.0.0.1:59316 - R:localhost/127.0.0.1:13679]
14:31:42.730 [main] DEBUG net.serenitybdd.core.photography.Darkroom - Send negative for processing for target\site\serenity\0cebe54cbe7d857360edec999ba0ca44a21444889390da4bc7faab3a7e9f06e8.png
14:31:42.730 [Forwarding getPageSource on session 6cb4c9b7ec3392fb6fea501470ab9d5e to remote] DEBUG org.asynchttpclient.netty.request.NettyRequestSender - Using pooled Channel '[id: 0xcb08455d, L:/127.0.0.1:59316 - R:localhost/127.0.0.1:13679]' for 'POST' to 'http://localhost:13679/session/6cb4c9b7ec3392fb6fea501470ab9d5e/execute/sync'
14:31:42.730 [Forwarding getPageSource on session 6cb4c9b7ec3392fb6fea501470ab9d5e to remote] DEBUG org.asynchttpclient.netty.request.NettyRequestSender - Using open Channel [id: 0xcb08455d, L:/127.0.0.1:59316 - R:localhost/127.0.0.1:13679] for POST '/session/6cb4c9b7ec3392fb6fea501470ab9d5e/execute/sync'
14:31:42.798 [AsyncHttpClient-1-6] DEBUG org.asynchttpclient.netty.handler.HttpHandler - 

Request DefaultHttpRequest(decodeResult: success, version: HTTP/1.1)
POST /session/6cb4c9b7ec3392fb6fea501470ab9d5e/execute/sync HTTP/1.1
User-Agent: selenium/4.8.1 (java windows)
Content-Length: 176
Content-Type: application/json; charset=utf-8
host: localhost:13679
accept: */*

Response DefaultHttpResponse(decodeResult: success, version: HTTP/1.1)
HTTP/1.1 200 OK
Content-Length: 86306
Content-Type: application/json; charset=utf-8
cache-control: no-cache

14:31:42.798 [AsyncHttpClient-1-6] DEBUG org.asynchttpclient.netty.channel.ChannelManager - Adding key: http://localhost:13679 for channel [id: 0xcb08455d, L:/127.0.0.1:59316 - R:localhost/127.0.0.1:13679]
14:31:42.814 [Forwarding getCurrentUrl on session 6cb4c9b7ec3392fb6fea501470ab9d5e to remote] DEBUG org.asynchttpclient.netty.request.NettyRequestSender - Using pooled Channel '[id: 0xcb08455d, L:/127.0.0.1:59316 - R:localhost/127.0.0.1:13679]' for 'GET' to 'http://localhost:13679/session/6cb4c9b7ec3392fb6fea501470ab9d5e/url'
14:31:42.814 [Forwarding getCurrentUrl on session 6cb4c9b7ec3392fb6fea501470ab9d5e to remote] DEBUG org.asynchttpclient.netty.request.NettyRequestSender - Using open Channel [id: 0xcb08455d, L:/127.0.0.1:59316 - R:localhost/127.0.0.1:13679] for GET '/session/6cb4c9b7ec3392fb6fea501470ab9d5e/url'
14:31:42.830 [AsyncHttpClient-1-6] DEBUG org.asynchttpclient.netty.handler.HttpHandler - 

Request DefaultFullHttpRequest(decodeResult: success, version: HTTP/1.1, content: EmptyByteBufBE)
GET /session/6cb4c9b7ec3392fb6fea501470ab9d5e/url HTTP/1.1
User-Agent: selenium/4.8.1 (java windows)
Cache-Control: no-cache
Content-Type: application/json; charset=utf-8
host: localhost:13679
accept: */*

Response DefaultHttpResponse(decodeResult: success, version: HTTP/1.1)
HTTP/1.1 200 OK
Content-Length: 74
Content-Type: application/json; charset=utf-8
cache-control: no-cache

14:31:42.830 [AsyncHttpClient-1-6] DEBUG org.asynchttpclient.netty.channel.ChannelManager - Adding key: http://localhost:13679 for channel [id: 0xcb08455d, L:/127.0.0.1:59316 - R:localhost/127.0.0.1:13679]
14:31:42.836 [main] DEBUG net.thucydides.core.steps.StepInterceptor - STARTING STEP: Afrexim_Investors_steps.scroll_down_and_click_i_agree_check_box - Scroll_down_and_click_IAGREE_checkbox
14:31:42.841 [Forwarding findElement on session 6cb4c9b7ec3392fb6fea501470ab9d5e to remote] DEBUG org.asynchttpclient.netty.request.NettyRequestSender - Using pooled Channel '[id: 0xcb08455d, L:/127.0.0.1:59316 - R:localhost/127.0.0.1:13679]' for 'POST' to 'http://localhost:13679/session/6cb4c9b7ec3392fb6fea501470ab9d5e/element'
14:31:42.841 [Forwarding findElement on session 6cb4c9b7ec3392fb6fea501470ab9d5e to remote] DEBUG org.asynchttpclient.netty.request.NettyRequestSender - Using open Channel [id: 0xcb08455d, L:/127.0.0.1:59316 - R:localhost/127.0.0.1:13679] for POST '/session/6cb4c9b7ec3392fb6fea501470ab9d5e/element'
14:31:42.875 [AsyncHttpClient-1-6] DEBUG org.asynchttpclient.netty.handler.HttpHandler - 

Request DefaultHttpRequest(decodeResult: success, version: HTTP/1.1)
POST /session/6cb4c9b7ec3392fb6fea501470ab9d5e/element HTTP/1.1
User-Agent: selenium/4.8.1 (java windows)
Content-Length: 57
Content-Type: application/json; charset=utf-8
host: localhost:13679
accept: */*

Response DefaultHttpResponse(decodeResult: success, version: HTTP/1.1)
HTTP/1.1 200 OK
Content-Length: 96
Content-Type: application/json; charset=utf-8
cache-control: no-cache

14:31:42.875 [AsyncHttpClient-1-6] DEBUG org.asynchttpclient.netty.channel.ChannelManager - Adding key: http://localhost:13679 for channel [id: 0xcb08455d, L:/127.0.0.1:59316 - R:localhost/127.0.0.1:13679]
14:31:42.879 [Forwarding getElementTagName on session 6cb4c9b7ec3392fb6fea501470ab9d5e to remote] DEBUG org.asynchttpclient.netty.request.NettyRequestSender - Using pooled Channel '[id: 0xcb08455d, L:/127.0.0.1:59316 - R:localhost/127.0.0.1:13679]' for 'GET' to 'http://localhost:13679/session/6cb4c9b7ec3392fb6fea501470ab9d5e/element/36BC714E0CBB438DBCEE8EC10282E65E_element_576/name'
14:31:42.879 [Forwarding getElementTagName on session 6cb4c9b7ec3392fb6fea501470ab9d5e to remote] DEBUG org.asynchttpclient.netty.request.NettyRequestSender - Using open Channel [id: 0xcb08455d, L:/127.0.0.1:59316 - R:localhost/127.0.0.1:13679] for GET '/session/6cb4c9b7ec3392fb6fea501470ab9d5e/element/36BC714E0CBB438DBCEE8EC10282E65E_element_576/name'
14:31:42.909 [AsyncHttpClient-1-6] DEBUG org.asynchttpclient.netty.handler.HttpHandler - 

Request DefaultFullHttpRequest(decodeResult: success, version: HTTP/1.1, content: EmptyByteBufBE)
GET /session/6cb4c9b7ec3392fb6fea501470ab9d5e/element/36BC714E0CBB438DBCEE8EC10282E65E_element_576/name HTTP/1.1
User-Agent: selenium/4.8.1 (java windows)
Cache-Control: no-cache
Content-Type: application/json; charset=utf-8
host: localhost:13679
accept: */*

Response DefaultHttpResponse(decodeResult: success, version: HTTP/1.1)
HTTP/1.1 200 OK
Content-Length: 17
Content-Type: application/json; charset=utf-8
cache-control: no-cache

14:31:42.909 [AsyncHttpClient-1-6] DEBUG org.asynchttpclient.netty.channel.ChannelManager - Adding key: http://localhost:13679 for channel [id: 0xcb08455d, L:/127.0.0.1:59316 - R:localhost/127.0.0.1:13679]
14:31:42.910 [Forwarding getElementTagName on session 6cb4c9b7ec3392fb6fea501470ab9d5e to remote] DEBUG org.asynchttpclient.netty.request.NettyRequestSender - Using pooled Channel '[id: 0xcb08455d, L:/127.0.0.1:59316 - R:localhost/127.0.0.1:13679]' for 'GET' to 'http://localhost:13679/session/6cb4c9b7ec3392fb6fea501470ab9d5e/element/36BC714E0CBB438DBCEE8EC10282E65E_element_576/name'
14:31:42.910 [Forwarding getElementTagName on session 6cb4c9b7ec3392fb6fea501470ab9d5e to remote] DEBUG org.asynchttpclient.netty.request.NettyRequestSender - Using open Channel [id: 0xcb08455d, L:/127.0.0.1:59316 - R:localhost/127.0.0.1:13679] for GET '/session/6cb4c9b7ec3392fb6fea501470ab9d5e/element/36BC714E0CBB438DBCEE8EC10282E65E_element_576/name'
14:31:42.934 [AsyncHttpClient-1-6] DEBUG org.asynchttpclient.netty.handler.HttpHandler - 

Request DefaultFullHttpRequest(decodeResult: success, version: HTTP/1.1, content: EmptyByteBufBE)
GET /session/6cb4c9b7ec3392fb6fea501470ab9d5e/element/36BC714E0CBB438DBCEE8EC10282E65E_element_576/name HTTP/1.1
User-Agent: selenium/4.8.1 (java windows)
Cache-Control: no-cache
Content-Type: application/json; charset=utf-8
host: localhost:13679
accept: */*

Response DefaultHttpResponse(decodeResult: success, version: HTTP/1.1)
HTTP/1.1 200 OK
Content-Length: 17
Content-Type: application/json; charset=utf-8
cache-control: no-cache

14:31:42.934 [AsyncHttpClient-1-6] DEBUG org.asynchttpclient.netty.channel.ChannelManager - Adding key: http://localhost:13679 for channel [id: 0xcb08455d, L:/127.0.0.1:59316 - R:localhost/127.0.0.1:13679]
14:31:42.934 [Forwarding isElementEnabled on session 6cb4c9b7ec3392fb6fea501470ab9d5e to remote] DEBUG org.asynchttpclient.netty.request.NettyRequestSender - Using pooled Channel '[id: 0xcb08455d, L:/127.0.0.1:59316 - R:localhost/127.0.0.1:13679]' for 'GET' to 'http://localhost:13679/session/6cb4c9b7ec3392fb6fea501470ab9d5e/element/36BC714E0CBB438DBCEE8EC10282E65E_element_576/enabled'
14:31:42.934 [Forwarding isElementEnabled on session 6cb4c9b7ec3392fb6fea501470ab9d5e to remote] DEBUG org.asynchttpclient.netty.request.NettyRequestSender - Using open Channel [id: 0xcb08455d, L:/127.0.0.1:59316 - R:localhost/127.0.0.1:13679] for GET '/session/6cb4c9b7ec3392fb6fea501470ab9d5e/element/36BC714E0CBB438DBCEE8EC10282E65E_element_576/enabled'
14:31:42.972 [AsyncHttpClient-1-6] DEBUG org.asynchttpclient.netty.handler.HttpHandler - 

Request DefaultFullHttpRequest(decodeResult: success, version: HTTP/1.1, content: EmptyByteBufBE)
GET /session/6cb4c9b7ec3392fb6fea501470ab9d5e/element/36BC714E0CBB438DBCEE8EC10282E65E_element_576/enabled HTTP/1.1
User-Agent: selenium/4.8.1 (java windows)
Cache-Control: no-cache
Content-Type: application/json; charset=utf-8
host: localhost:13679
accept: */*

Response DefaultHttpResponse(decodeResult: success, version: HTTP/1.1)
HTTP/1.1 200 OK
Content-Length: 14
Content-Type: application/json; charset=utf-8
cache-control: no-cache

14:31:42.973 [AsyncHttpClient-1-6] DEBUG org.asynchttpclient.netty.channel.ChannelManager - Adding key: http://localhost:13679 for channel [id: 0xcb08455d, L:/127.0.0.1:59316 - R:localhost/127.0.0.1:13679]
14:31:42.975 [Forwarding isElementEnabled on session 6cb4c9b7ec3392fb6fea501470ab9d5e to remote] DEBUG org.asynchttpclient.netty.request.NettyRequestSender - Using pooled Channel '[id: 0xcb08455d, L:/127.0.0.1:59316 - R:localhost/127.0.0.1:13679]' for 'GET' to 'http://localhost:13679/session/6cb4c9b7ec3392fb6fea501470ab9d5e/element/36BC714E0CBB438DBCEE8EC10282E65E_element_576/enabled'
14:31:42.975 [Forwarding isElementEnabled on session 6cb4c9b7ec3392fb6fea501470ab9d5e to remote] DEBUG org.asynchttpclient.netty.request.NettyRequestSender - Using open Channel [id: 0xcb08455d, L:/127.0.0.1:59316 - R:localhost/127.0.0.1:13679] for GET '/session/6cb4c9b7ec3392fb6fea501470ab9d5e/element/36BC714E0CBB438DBCEE8EC10282E65E_element_576/enabled'
14:31:42.987 [AsyncHttpClient-1-1] DEBUG org.asynchttpclient.netty.channel.DefaultChannelPool - Entry count for : http://localhost:59317 : 1
14:31:43.002 [AsyncHttpClient-1-6] DEBUG org.asynchttpclient.netty.handler.HttpHandler - 

Request DefaultFullHttpRequest(decodeResult: success, version: HTTP/1.1, content: EmptyByteBufBE)
GET /session/6cb4c9b7ec3392fb6fea501470ab9d5e/element/36BC714E0CBB438DBCEE8EC10282E65E_element_576/enabled HTTP/1.1
User-Agent: selenium/4.8.1 (java windows)
Cache-Control: no-cache
Content-Type: application/json; charset=utf-8
host: localhost:13679
accept: */*

Response DefaultHttpResponse(decodeResult: success, version: HTTP/1.1)
HTTP/1.1 200 OK
Content-Length: 14
Content-Type: application/json; charset=utf-8
cache-control: no-cache

14:31:43.002 [AsyncHttpClient-1-6] DEBUG org.asynchttpclient.netty.channel.ChannelManager - Adding key: http://localhost:13679 for channel [id: 0xcb08455d, L:/127.0.0.1:59316 - R:localhost/127.0.0.1:13679]
14:31:43.006 [Forwarding findElement on session 6cb4c9b7ec3392fb6fea501470ab9d5e to remote] DEBUG org.asynchttpclient.netty.request.NettyRequestSender - Using pooled Channel '[id: 0xcb08455d, L:/127.0.0.1:59316 - R:localhost/127.0.0.1:13679]' for 'POST' to 'http://localhost:13679/session/6cb4c9b7ec3392fb6fea501470ab9d5e/element'
14:31:43.006 [Forwarding findElement on session 6cb4c9b7ec3392fb6fea501470ab9d5e to remote] DEBUG org.asynchttpclient.netty.request.NettyRequestSender - Using open Channel [id: 0xcb08455d, L:/127.0.0.1:59316 - R:localhost/127.0.0.1:13679] for POST '/session/6cb4c9b7ec3392fb6fea501470ab9d5e/element'
14:31:43.028 [AsyncHttpClient-1-6] DEBUG org.asynchttpclient.netty.handler.HttpHandler - 

Request DefaultHttpRequest(decodeResult: success, version: HTTP/1.1)
POST /session/6cb4c9b7ec3392fb6fea501470ab9d5e/element HTTP/1.1
User-Agent: selenium/4.8.1 (java windows)
Content-Length: 57
Content-Type: application/json; charset=utf-8
host: localhost:13679
accept: */*

Response DefaultHttpResponse(decodeResult: success, version: HTTP/1.1)
HTTP/1.1 200 OK
Content-Length: 96
Content-Type: application/json; charset=utf-8
cache-control: no-cache

14:31:43.028 [AsyncHttpClient-1-6] DEBUG org.asynchttpclient.netty.channel.ChannelManager - Adding key: http://localhost:13679 for channel [id: 0xcb08455d, L:/127.0.0.1:59316 - R:localhost/127.0.0.1:13679]
14:31:43.033 [Forwarding clickElement on session 6cb4c9b7ec3392fb6fea501470ab9d5e to remote] DEBUG org.asynchttpclient.netty.request.NettyRequestSender - Using pooled Channel '[id: 0xcb08455d, L:/127.0.0.1:59316 - R:localhost/127.0.0.1:13679]' for 'POST' to 'http://localhost:13679/session/6cb4c9b7ec3392fb6fea501470ab9d5e/element/36BC714E0CBB438DBCEE8EC10282E65E_element_576/click'
14:31:43.033 [Forwarding clickElement on session 6cb4c9b7ec3392fb6fea501470ab9d5e to remote] DEBUG org.asynchttpclient.netty.request.NettyRequestSender - Using open Channel [id: 0xcb08455d, L:/127.0.0.1:59316 - R:localhost/127.0.0.1:13679] for POST '/session/6cb4c9b7ec3392fb6fea501470ab9d5e/element/36BC714E0CBB438DBCEE8EC10282E65E_element_576/click'
14:31:43.380 [AsyncHttpClient-1-6] DEBUG org.asynchttpclient.netty.handler.HttpHandler - 

Request DefaultHttpRequest(decodeResult: success, version: HTTP/1.1)
POST /session/6cb4c9b7ec3392fb6fea501470ab9d5e/element/36BC714E0CBB438DBCEE8EC10282E65E_element_576/click HTTP/1.1
User-Agent: selenium/4.8.1 (java windows)
Content-Length: 58
Content-Type: application/json; charset=utf-8
host: localhost:13679
accept: */*

Response DefaultHttpResponse(decodeResult: success, version: HTTP/1.1)
HTTP/1.1 200 OK
Content-Length: 14
Content-Type: application/json; charset=utf-8
cache-control: no-cache

14:31:43.380 [AsyncHttpClient-1-6] DEBUG org.asynchttpclient.netty.channel.ChannelManager - Adding key: http://localhost:13679 for channel [id: 0xcb08455d, L:/127.0.0.1:59316 - R:localhost/127.0.0.1:13679]
14:31:43.415 [Forwarding getAlertText on session 6cb4c9b7ec3392fb6fea501470ab9d5e to remote] DEBUG org.asynchttpclient.netty.request.NettyRequestSender - Using pooled Channel '[id: 0xcb08455d, L:/127.0.0.1:59316 - R:localhost/127.0.0.1:13679]' for 'GET' to 'http://localhost:13679/session/6cb4c9b7ec3392fb6fea501470ab9d5e/alert/text'
14:31:43.415 [Forwarding getAlertText on session 6cb4c9b7ec3392fb6fea501470ab9d5e to remote] DEBUG org.asynchttpclient.netty.request.NettyRequestSender - Using open Channel [id: 0xcb08455d, L:/127.0.0.1:59316 - R:localhost/127.0.0.1:13679] for GET '/session/6cb4c9b7ec3392fb6fea501470ab9d5e/alert/text'
14:31:43.455 [AsyncHttpClient-1-6] DEBUG org.asynchttpclient.netty.handler.HttpHandler - 

Request DefaultFullHttpRequest(decodeResult: success, version: HTTP/1.1, content: EmptyByteBufBE)
GET /session/6cb4c9b7ec3392fb6fea501470ab9d5e/alert/text HTTP/1.1
User-Agent: selenium/4.8.1 (java windows)
Cache-Control: no-cache
Content-Type: application/json; charset=utf-8
host: localhost:13679
accept: */*

Response DefaultHttpResponse(decodeResult: success, version: HTTP/1.1)
HTTP/1.1 404 Not Found
Content-Length: 821
Content-Type: application/json; charset=utf-8
cache-control: no-cache

14:31:43.455 [AsyncHttpClient-1-6] DEBUG org.asynchttpclient.netty.channel.ChannelManager - Adding key: http://localhost:13679 for channel [id: 0xcb08455d, L:/127.0.0.1:59316 - R:localhost/127.0.0.1:13679]
14:31:43.455 [Forwarding getCurrentUrl on session 6cb4c9b7ec3392fb6fea501470ab9d5e to remote] DEBUG org.asynchttpclient.netty.request.NettyRequestSender - Using pooled Channel '[id: 0xcb08455d, L:/127.0.0.1:59316 - R:localhost/127.0.0.1:13679]' for 'GET' to 'http://localhost:13679/session/6cb4c9b7ec3392fb6fea501470ab9d5e/url'
14:31:43.455 [Forwarding getCurrentUrl on session 6cb4c9b7ec3392fb6fea501470ab9d5e to remote] DEBUG org.asynchttpclient.netty.request.NettyRequestSender - Using open Channel [id: 0xcb08455d, L:/127.0.0.1:59316 - R:localhost/127.0.0.1:13679] for GET '/session/6cb4c9b7ec3392fb6fea501470ab9d5e/url'
14:31:43.521 [AsyncHttpClient-1-6] DEBUG org.asynchttpclient.netty.handler.HttpHandler - 

Request DefaultFullHttpRequest(decodeResult: success, version: HTTP/1.1, content: EmptyByteBufBE)
GET /session/6cb4c9b7ec3392fb6fea501470ab9d5e/url HTTP/1.1
User-Agent: selenium/4.8.1 (java windows)
Cache-Control: no-cache
Content-Type: application/json; charset=utf-8
host: localhost:13679
accept: */*

Response DefaultHttpResponse(decodeResult: success, version: HTTP/1.1)
HTTP/1.1 200 OK
Content-Length: 74
Content-Type: application/json; charset=utf-8
cache-control: no-cache

14:31:43.525 [AsyncHttpClient-1-6] DEBUG org.asynchttpclient.netty.channel.ChannelManager - Adding key: http://localhost:13679 for channel [id: 0xcb08455d, L:/127.0.0.1:59316 - R:localhost/127.0.0.1:13679]
14:31:43.526 [Forwarding screenshot on session 6cb4c9b7ec3392fb6fea501470ab9d5e to remote] DEBUG org.asynchttpclient.netty.request.NettyRequestSender - Using pooled Channel '[id: 0xcb08455d, L:/127.0.0.1:59316 - R:localhost/127.0.0.1:13679]' for 'GET' to 'http://localhost:13679/session/6cb4c9b7ec3392fb6fea501470ab9d5e/screenshot'
14:31:43.526 [Forwarding screenshot on session 6cb4c9b7ec3392fb6fea501470ab9d5e to remote] DEBUG org.asynchttpclient.netty.request.NettyRequestSender - Using open Channel [id: 0xcb08455d, L:/127.0.0.1:59316 - R:localhost/127.0.0.1:13679] for GET '/session/6cb4c9b7ec3392fb6fea501470ab9d5e/screenshot'
14:31:43.945 [AsyncHttpClient-1-6] DEBUG org.asynchttpclient.netty.handler.HttpHandler - 

Request DefaultFullHttpRequest(decodeResult: success, version: HTTP/1.1, content: EmptyByteBufBE)
GET /session/6cb4c9b7ec3392fb6fea501470ab9d5e/screenshot HTTP/1.1
User-Agent: selenium/4.8.1 (java windows)
Cache-Control: no-cache
Content-Type: application/json; charset=utf-8
host: localhost:13679
accept: */*

Response DefaultHttpResponse(decodeResult: success, version: HTTP/1.1)
HTTP/1.1 200 OK
Content-Length: 277716
Content-Type: application/json; charset=utf-8
cache-control: no-cache

14:31:43.945 [AsyncHttpClient-1-6] DEBUG org.asynchttpclient.netty.channel.ChannelManager - Adding key: http://localhost:13679 for channel [id: 0xcb08455d, L:/127.0.0.1:59316 - R:localhost/127.0.0.1:13679]
14:31:43.967 [main] DEBUG net.serenitybdd.core.photography.Darkroom - Send negative for processing for target\site\serenity\ce4cd234fd142de6e6c086d46d5d7eebf0332d0b7beac61d6b13b87513f6e510.png
14:31:43.967 [main] DEBUG net.thucydides.core.steps.StepInterceptor - STEP DONE: Scroll_down_and_click_IAGREE_checkbox
14:31:43.967 [Darkroom Processing Line] DEBUG net.serenitybdd.core.photography.DarkroomProcessingLine - Processing screenshot image in /var/screenshots/screenshot-1839497506330327128
14:31:43.967 [Darkroom Processing Line] DEBUG net.serenitybdd.core.photography.DarkroomProcessingLine - Saving screenshot to target\site\serenity\ce4cd234fd142de6e6c086d46d5d7eebf0332d0b7beac61d6b13b87513f6e510.png
14:31:43.993 [Forwarding getPageSource on session 6cb4c9b7ec3392fb6fea501470ab9d5e to remote] DEBUG org.asynchttpclient.netty.request.NettyRequestSender - Using pooled Channel '[id: 0xcb08455d, L:/127.0.0.1:59316 - R:localhost/127.0.0.1:13679]' for 'POST' to 'http://localhost:13679/session/6cb4c9b7ec3392fb6fea501470ab9d5e/execute/sync'
14:31:43.993 [Forwarding getPageSource on session 6cb4c9b7ec3392fb6fea501470ab9d5e to remote] DEBUG org.asynchttpclient.netty.request.NettyRequestSender - Using open Channel [id: 0xcb08455d, L:/127.0.0.1:59316 - R:localhost/127.0.0.1:13679] for POST '/session/6cb4c9b7ec3392fb6fea501470ab9d5e/execute/sync'
14:31:44.036 [AsyncHttpClient-1-6] DEBUG org.asynchttpclient.netty.handler.HttpHandler - 

Request DefaultHttpRequest(decodeResult: success, version: HTTP/1.1)
POST /session/6cb4c9b7ec3392fb6fea501470ab9d5e/execute/sync HTTP/1.1
User-Agent: selenium/4.8.1 (java windows)
Content-Length: 176
Content-Type: application/json; charset=utf-8
host: localhost:13679
accept: */*

Response DefaultHttpResponse(decodeResult: success, version: HTTP/1.1)
HTTP/1.1 200 OK
Content-Length: 86516
Content-Type: application/json; charset=utf-8
cache-control: no-cache

14:31:44.041 [AsyncHttpClient-1-6] DEBUG org.asynchttpclient.netty.channel.ChannelManager - Adding key: http://localhost:13679 for channel [id: 0xcb08455d, L:/127.0.0.1:59316 - R:localhost/127.0.0.1:13679]
14:31:44.057 [Forwarding getCurrentUrl on session 6cb4c9b7ec3392fb6fea501470ab9d5e to remote] DEBUG org.asynchttpclient.netty.request.NettyRequestSender - Using pooled Channel '[id: 0xcb08455d, L:/127.0.0.1:59316 - R:localhost/127.0.0.1:13679]' for 'GET' to 'http://localhost:13679/session/6cb4c9b7ec3392fb6fea501470ab9d5e/url'
14:31:44.057 [Forwarding getCurrentUrl on session 6cb4c9b7ec3392fb6fea501470ab9d5e to remote] DEBUG org.asynchttpclient.netty.request.NettyRequestSender - Using open Channel [id: 0xcb08455d, L:/127.0.0.1:59316 - R:localhost/127.0.0.1:13679] for GET '/session/6cb4c9b7ec3392fb6fea501470ab9d5e/url'
14:31:44.115 [AsyncHttpClient-1-1] DEBUG org.asynchttpclient.netty.channel.DefaultChannelPool - Entry count for : http://localhost:59317 : 1
14:31:44.123 [AsyncHttpClient-1-6] DEBUG org.asynchttpclient.netty.handler.HttpHandler - 

Request DefaultFullHttpRequest(decodeResult: success, version: HTTP/1.1, content: EmptyByteBufBE)
GET /session/6cb4c9b7ec3392fb6fea501470ab9d5e/url HTTP/1.1
User-Agent: selenium/4.8.1 (java windows)
Cache-Control: no-cache
Content-Type: application/json; charset=utf-8
host: localhost:13679
accept: */*

Response DefaultHttpResponse(decodeResult: success, version: HTTP/1.1)
HTTP/1.1 200 OK
Content-Length: 74
Content-Type: application/json; charset=utf-8
cache-control: no-cache

14:31:44.123 [AsyncHttpClient-1-6] DEBUG org.asynchttpclient.netty.channel.ChannelManager - Adding key: http://localhost:13679 for channel [id: 0xcb08455d, L:/127.0.0.1:59316 - R:localhost/127.0.0.1:13679]
14:31:44.141 [Forwarding getAlertText on session 6cb4c9b7ec3392fb6fea501470ab9d5e to remote] DEBUG org.asynchttpclient.netty.request.NettyRequestSender - Using pooled Channel '[id: 0xcb08455d, L:/127.0.0.1:59316 - R:localhost/127.0.0.1:13679]' for 'GET' to 'http://localhost:13679/session/6cb4c9b7ec3392fb6fea501470ab9d5e/alert/text'
14:31:44.141 [Forwarding getAlertText on session 6cb4c9b7ec3392fb6fea501470ab9d5e to remote] DEBUG org.asynchttpclient.netty.request.NettyRequestSender - Using open Channel [id: 0xcb08455d, L:/127.0.0.1:59316 - R:localhost/127.0.0.1:13679] for GET '/session/6cb4c9b7ec3392fb6fea501470ab9d5e/alert/text'
14:31:44.163 [AsyncHttpClient-1-6] DEBUG org.asynchttpclient.netty.handler.HttpHandler - 

Request DefaultFullHttpRequest(decodeResult: success, version: HTTP/1.1, content: EmptyByteBufBE)
GET /session/6cb4c9b7ec3392fb6fea501470ab9d5e/alert/text HTTP/1.1
User-Agent: selenium/4.8.1 (java windows)
Cache-Control: no-cache
Content-Type: application/json; charset=utf-8
host: localhost:13679
accept: */*

Response DefaultHttpResponse(decodeResult: success, version: HTTP/1.1)
HTTP/1.1 404 Not Found
Content-Length: 821
Content-Type: application/json; charset=utf-8
cache-control: no-cache

14:31:44.163 [AsyncHttpClient-1-6] DEBUG org.asynchttpclient.netty.channel.ChannelManager - Adding key: http://localhost:13679 for channel [id: 0xcb08455d, L:/127.0.0.1:59316 - R:localhost/127.0.0.1:13679]
14:31:44.165 [Forwarding getCurrentUrl on session 6cb4c9b7ec3392fb6fea501470ab9d5e to remote] DEBUG org.asynchttpclient.netty.request.NettyRequestSender - Using pooled Channel '[id: 0xcb08455d, L:/127.0.0.1:59316 - R:localhost/127.0.0.1:13679]' for 'GET' to 'http://localhost:13679/session/6cb4c9b7ec3392fb6fea501470ab9d5e/url'
14:31:44.165 [Forwarding getCurrentUrl on session 6cb4c9b7ec3392fb6fea501470ab9d5e to remote] DEBUG org.asynchttpclient.netty.request.NettyRequestSender - Using open Channel [id: 0xcb08455d, L:/127.0.0.1:59316 - R:localhost/127.0.0.1:13679] for GET '/session/6cb4c9b7ec3392fb6fea501470ab9d5e/url'
14:31:44.188 [AsyncHttpClient-1-6] DEBUG org.asynchttpclient.netty.handler.HttpHandler - 

Request DefaultFullHttpRequest(decodeResult: success, version: HTTP/1.1, content: EmptyByteBufBE)
GET /session/6cb4c9b7ec3392fb6fea501470ab9d5e/url HTTP/1.1
User-Agent: selenium/4.8.1 (java windows)
Cache-Control: no-cache
Content-Type: application/json; charset=utf-8
host: localhost:13679
accept: */*

Response DefaultHttpResponse(decodeResult: success, version: HTTP/1.1)
HTTP/1.1 200 OK
Content-Length: 74
Content-Type: application/json; charset=utf-8
cache-control: no-cache

14:31:44.188 [AsyncHttpClient-1-6] DEBUG org.asynchttpclient.netty.channel.ChannelManager - Adding key: http://localhost:13679 for channel [id: 0xcb08455d, L:/127.0.0.1:59316 - R:localhost/127.0.0.1:13679]
14:31:44.191 [Forwarding screenshot on session 6cb4c9b7ec3392fb6fea501470ab9d5e to remote] DEBUG org.asynchttpclient.netty.request.NettyRequestSender - Using pooled Channel '[id: 0xcb08455d, L:/127.0.0.1:59316 - R:localhost/127.0.0.1:13679]' for 'GET' to 'http://localhost:13679/session/6cb4c9b7ec3392fb6fea501470ab9d5e/screenshot'
14:31:44.191 [Forwarding screenshot on session 6cb4c9b7ec3392fb6fea501470ab9d5e to remote] DEBUG org.asynchttpclient.netty.request.NettyRequestSender - Using open Channel [id: 0xcb08455d, L:/127.0.0.1:59316 - R:localhost/127.0.0.1:13679] for GET '/session/6cb4c9b7ec3392fb6fea501470ab9d5e/screenshot'
14:31:44.560 [AsyncHttpClient-1-6] DEBUG org.asynchttpclient.netty.handler.HttpHandler - 

Request DefaultFullHttpRequest(decodeResult: success, version: HTTP/1.1, content: EmptyByteBufBE)
GET /session/6cb4c9b7ec3392fb6fea501470ab9d5e/screenshot HTTP/1.1
User-Agent: selenium/4.8.1 (java windows)
Cache-Control: no-cache
Content-Type: application/json; charset=utf-8
host: localhost:13679
accept: */*

Response DefaultHttpResponse(decodeResult: success, version: HTTP/1.1)
HTTP/1.1 200 OK
Content-Length: 277716
Content-Type: application/json; charset=utf-8
cache-control: no-cache

14:31:44.560 [AsyncHttpClient-1-6] DEBUG org.asynchttpclient.netty.channel.ChannelManager - Adding key: http://localhost:13679 for channel [id: 0xcb08455d, L:/127.0.0.1:59316 - R:localhost/127.0.0.1:13679]
14:31:44.584 [main] DEBUG net.serenitybdd.core.photography.Darkroom - Send negative for processing for target\site\serenity\ce4cd234fd142de6e6c086d46d5d7eebf0332d0b7beac61d6b13b87513f6e510.png
14:31:44.585 [Forwarding getPageSource on session 6cb4c9b7ec3392fb6fea501470ab9d5e to remote] DEBUG org.asynchttpclient.netty.request.NettyRequestSender - Using pooled Channel '[id: 0xcb08455d, L:/127.0.0.1:59316 - R:localhost/127.0.0.1:13679]' for 'POST' to 'http://localhost:13679/session/6cb4c9b7ec3392fb6fea501470ab9d5e/execute/sync'
14:31:44.585 [Forwarding getPageSource on session 6cb4c9b7ec3392fb6fea501470ab9d5e to remote] DEBUG org.asynchttpclient.netty.request.NettyRequestSender - Using open Channel [id: 0xcb08455d, L:/127.0.0.1:59316 - R:localhost/127.0.0.1:13679] for POST '/session/6cb4c9b7ec3392fb6fea501470ab9d5e/execute/sync'
14:31:44.635 [AsyncHttpClient-1-6] DEBUG org.asynchttpclient.netty.handler.HttpHandler - 

Request DefaultHttpRequest(decodeResult: success, version: HTTP/1.1)
POST /session/6cb4c9b7ec3392fb6fea501470ab9d5e/execute/sync HTTP/1.1
User-Agent: selenium/4.8.1 (java windows)
Content-Length: 176
Content-Type: application/json; charset=utf-8
host: localhost:13679
accept: */*

Response DefaultHttpResponse(decodeResult: success, version: HTTP/1.1)
HTTP/1.1 200 OK
Content-Length: 86516
Content-Type: application/json; charset=utf-8
cache-control: no-cache

14:31:44.639 [AsyncHttpClient-1-6] DEBUG org.asynchttpclient.netty.channel.ChannelManager - Adding key: http://localhost:13679 for channel [id: 0xcb08455d, L:/127.0.0.1:59316 - R:localhost/127.0.0.1:13679]
14:31:44.657 [Forwarding getCurrentUrl on session 6cb4c9b7ec3392fb6fea501470ab9d5e to remote] DEBUG org.asynchttpclient.netty.request.NettyRequestSender - Using pooled Channel '[id: 0xcb08455d, L:/127.0.0.1:59316 - R:localhost/127.0.0.1:13679]' for 'GET' to 'http://localhost:13679/session/6cb4c9b7ec3392fb6fea501470ab9d5e/url'
14:31:44.657 [Forwarding getCurrentUrl on session 6cb4c9b7ec3392fb6fea501470ab9d5e to remote] DEBUG org.asynchttpclient.netty.request.NettyRequestSender - Using open Channel [id: 0xcb08455d, L:/127.0.0.1:59316 - R:localhost/127.0.0.1:13679] for GET '/session/6cb4c9b7ec3392fb6fea501470ab9d5e/url'
14:31:44.704 [AsyncHttpClient-1-6] DEBUG org.asynchttpclient.netty.handler.HttpHandler - 

Request DefaultFullHttpRequest(decodeResult: success, version: HTTP/1.1, content: EmptyByteBufBE)
GET /session/6cb4c9b7ec3392fb6fea501470ab9d5e/url HTTP/1.1
User-Agent: selenium/4.8.1 (java windows)
Cache-Control: no-cache
Content-Type: application/json; charset=utf-8
host: localhost:13679
accept: */*

Response DefaultHttpResponse(decodeResult: success, version: HTTP/1.1)
HTTP/1.1 200 OK
Content-Length: 74
Content-Type: application/json; charset=utf-8
cache-control: no-cache

14:31:44.704 [AsyncHttpClient-1-6] DEBUG org.asynchttpclient.netty.channel.ChannelManager - Adding key: http://localhost:13679 for channel [id: 0xcb08455d, L:/127.0.0.1:59316 - R:localhost/127.0.0.1:13679]
14:31:44.707 [main] DEBUG net.thucydides.core.steps.StepInterceptor - STARTING STEP: Afrexim_Investors_steps.click_i_agree_button - Click_Iagree_button
14:31:44.715 [Forwarding findElement on session 6cb4c9b7ec3392fb6fea501470ab9d5e to remote] DEBUG org.asynchttpclient.netty.request.NettyRequestSender - Using pooled Channel '[id: 0xcb08455d, L:/127.0.0.1:59316 - R:localhost/127.0.0.1:13679]' for 'POST' to 'http://localhost:13679/session/6cb4c9b7ec3392fb6fea501470ab9d5e/element'
14:31:44.715 [Forwarding findElement on session 6cb4c9b7ec3392fb6fea501470ab9d5e to remote] DEBUG org.asynchttpclient.netty.request.NettyRequestSender - Using open Channel [id: 0xcb08455d, L:/127.0.0.1:59316 - R:localhost/127.0.0.1:13679] for POST '/session/6cb4c9b7ec3392fb6fea501470ab9d5e/element'
14:31:44.792 [AsyncHttpClient-1-6] DEBUG org.asynchttpclient.netty.handler.HttpHandler - 

Request DefaultHttpRequest(decodeResult: success, version: HTTP/1.1)
POST /session/6cb4c9b7ec3392fb6fea501470ab9d5e/element HTTP/1.1
User-Agent: selenium/4.8.1 (java windows)
Content-Length: 84
Content-Type: application/json; charset=utf-8
host: localhost:13679
accept: */*

Response DefaultHttpResponse(decodeResult: success, version: HTTP/1.1)
HTTP/1.1 200 OK
Content-Length: 96
Content-Type: application/json; charset=utf-8
cache-control: no-cache

14:31:44.792 [AsyncHttpClient-1-6] DEBUG org.asynchttpclient.netty.channel.ChannelManager - Adding key: http://localhost:13679 for channel [id: 0xcb08455d, L:/127.0.0.1:59316 - R:localhost/127.0.0.1:13679]
14:31:44.801 [Forwarding getElementTagName on session 6cb4c9b7ec3392fb6fea501470ab9d5e to remote] DEBUG org.asynchttpclient.netty.request.NettyRequestSender - Using pooled Channel '[id: 0xcb08455d, L:/127.0.0.1:59316 - R:localhost/127.0.0.1:13679]' for 'GET' to 'http://localhost:13679/session/6cb4c9b7ec3392fb6fea501470ab9d5e/element/36BC714E0CBB438DBCEE8EC10282E65E_element_585/name'
14:31:44.801 [Forwarding getElementTagName on session 6cb4c9b7ec3392fb6fea501470ab9d5e to remote] DEBUG org.asynchttpclient.netty.request.NettyRequestSender - Using open Channel [id: 0xcb08455d, L:/127.0.0.1:59316 - R:localhost/127.0.0.1:13679] for GET '/session/6cb4c9b7ec3392fb6fea501470ab9d5e/element/36BC714E0CBB438DBCEE8EC10282E65E_element_585/name'
14:31:44.825 [AsyncHttpClient-1-6] DEBUG org.asynchttpclient.netty.handler.HttpHandler - 

Request DefaultFullHttpRequest(decodeResult: success, version: HTTP/1.1, content: EmptyByteBufBE)
GET /session/6cb4c9b7ec3392fb6fea501470ab9d5e/element/36BC714E0CBB438DBCEE8EC10282E65E_element_585/name HTTP/1.1
User-Agent: selenium/4.8.1 (java windows)
Cache-Control: no-cache
Content-Type: application/json; charset=utf-8
host: localhost:13679
accept: */*

Response DefaultHttpResponse(decodeResult: success, version: HTTP/1.1)
HTTP/1.1 200 OK
Content-Length: 17
Content-Type: application/json; charset=utf-8
cache-control: no-cache

14:31:44.825 [AsyncHttpClient-1-6] DEBUG org.asynchttpclient.netty.channel.ChannelManager - Adding key: http://localhost:13679 for channel [id: 0xcb08455d, L:/127.0.0.1:59316 - R:localhost/127.0.0.1:13679]
14:31:44.825 [Forwarding getElementTagName on session 6cb4c9b7ec3392fb6fea501470ab9d5e to remote] DEBUG org.asynchttpclient.netty.request.NettyRequestSender - Using pooled Channel '[id: 0xcb08455d, L:/127.0.0.1:59316 - R:localhost/127.0.0.1:13679]' for 'GET' to 'http://localhost:13679/session/6cb4c9b7ec3392fb6fea501470ab9d5e/element/36BC714E0CBB438DBCEE8EC10282E65E_element_585/name'
14:31:44.825 [Forwarding getElementTagName on session 6cb4c9b7ec3392fb6fea501470ab9d5e to remote] DEBUG org.asynchttpclient.netty.request.NettyRequestSender - Using open Channel [id: 0xcb08455d, L:/127.0.0.1:59316 - R:localhost/127.0.0.1:13679] for GET '/session/6cb4c9b7ec3392fb6fea501470ab9d5e/element/36BC714E0CBB438DBCEE8EC10282E65E_element_585/name'
14:31:44.875 [AsyncHttpClient-1-6] DEBUG org.asynchttpclient.netty.handler.HttpHandler - 

Request DefaultFullHttpRequest(decodeResult: success, version: HTTP/1.1, content: EmptyByteBufBE)
GET /session/6cb4c9b7ec3392fb6fea501470ab9d5e/element/36BC714E0CBB438DBCEE8EC10282E65E_element_585/name HTTP/1.1
User-Agent: selenium/4.8.1 (java windows)
Cache-Control: no-cache
Content-Type: application/json; charset=utf-8
host: localhost:13679
accept: */*

Response DefaultHttpResponse(decodeResult: success, version: HTTP/1.1)
HTTP/1.1 200 OK
Content-Length: 17
Content-Type: application/json; charset=utf-8
cache-control: no-cache

14:31:44.875 [AsyncHttpClient-1-6] DEBUG org.asynchttpclient.netty.channel.ChannelManager - Adding key: http://localhost:13679 for channel [id: 0xcb08455d, L:/127.0.0.1:59316 - R:localhost/127.0.0.1:13679]
14:31:44.884 [Forwarding isElementEnabled on session 6cb4c9b7ec3392fb6fea501470ab9d5e to remote] DEBUG org.asynchttpclient.netty.request.NettyRequestSender - Using pooled Channel '[id: 0xcb08455d, L:/127.0.0.1:59316 - R:localhost/127.0.0.1:13679]' for 'GET' to 'http://localhost:13679/session/6cb4c9b7ec3392fb6fea501470ab9d5e/element/36BC714E0CBB438DBCEE8EC10282E65E_element_585/enabled'
14:31:44.884 [Forwarding isElementEnabled on session 6cb4c9b7ec3392fb6fea501470ab9d5e to remote] DEBUG org.asynchttpclient.netty.request.NettyRequestSender - Using open Channel [id: 0xcb08455d, L:/127.0.0.1:59316 - R:localhost/127.0.0.1:13679] for GET '/session/6cb4c9b7ec3392fb6fea501470ab9d5e/element/36BC714E0CBB438DBCEE8EC10282E65E_element_585/enabled'
14:31:44.912 [AsyncHttpClient-1-6] DEBUG org.asynchttpclient.netty.handler.HttpHandler - 

Request DefaultFullHttpRequest(decodeResult: success, version: HTTP/1.1, content: EmptyByteBufBE)
GET /session/6cb4c9b7ec3392fb6fea501470ab9d5e/element/36BC714E0CBB438DBCEE8EC10282E65E_element_585/enabled HTTP/1.1
User-Agent: selenium/4.8.1 (java windows)
Cache-Control: no-cache
Content-Type: application/json; charset=utf-8
host: localhost:13679
accept: */*

Response DefaultHttpResponse(decodeResult: success, version: HTTP/1.1)
HTTP/1.1 200 OK
Content-Length: 14
Content-Type: application/json; charset=utf-8
cache-control: no-cache

14:31:44.912 [AsyncHttpClient-1-6] DEBUG org.asynchttpclient.netty.channel.ChannelManager - Adding key: http://localhost:13679 for channel [id: 0xcb08455d, L:/127.0.0.1:59316 - R:localhost/127.0.0.1:13679]
14:31:44.916 [Forwarding isElementEnabled on session 6cb4c9b7ec3392fb6fea501470ab9d5e to remote] DEBUG org.asynchttpclient.netty.request.NettyRequestSender - Using pooled Channel '[id: 0xcb08455d, L:/127.0.0.1:59316 - R:localhost/127.0.0.1:13679]' for 'GET' to 'http://localhost:13679/session/6cb4c9b7ec3392fb6fea501470ab9d5e/element/36BC714E0CBB438DBCEE8EC10282E65E_element_585/enabled'
14:31:44.916 [Forwarding isElementEnabled on session 6cb4c9b7ec3392fb6fea501470ab9d5e to remote] DEBUG org.asynchttpclient.netty.request.NettyRequestSender - Using open Channel [id: 0xcb08455d, L:/127.0.0.1:59316 - R:localhost/127.0.0.1:13679] for GET '/session/6cb4c9b7ec3392fb6fea501470ab9d5e/element/36BC714E0CBB438DBCEE8EC10282E65E_element_585/enabled'
14:31:44.948 [AsyncHttpClient-1-6] DEBUG org.asynchttpclient.netty.handler.HttpHandler - 

Request DefaultFullHttpRequest(decodeResult: success, version: HTTP/1.1, content: EmptyByteBufBE)
GET /session/6cb4c9b7ec3392fb6fea501470ab9d5e/element/36BC714E0CBB438DBCEE8EC10282E65E_element_585/enabled HTTP/1.1
User-Agent: selenium/4.8.1 (java windows)
Cache-Control: no-cache
Content-Type: application/json; charset=utf-8
host: localhost:13679
accept: */*

Response DefaultHttpResponse(decodeResult: success, version: HTTP/1.1)
HTTP/1.1 200 OK
Content-Length: 14
Content-Type: application/json; charset=utf-8
cache-control: no-cache

14:31:44.948 [AsyncHttpClient-1-6] DEBUG org.asynchttpclient.netty.channel.ChannelManager - Adding key: http://localhost:13679 for channel [id: 0xcb08455d, L:/127.0.0.1:59316 - R:localhost/127.0.0.1:13679]
14:31:44.953 [Forwarding findElement on session 6cb4c9b7ec3392fb6fea501470ab9d5e to remote] DEBUG org.asynchttpclient.netty.request.NettyRequestSender - Using pooled Channel '[id: 0xcb08455d, L:/127.0.0.1:59316 - R:localhost/127.0.0.1:13679]' for 'POST' to 'http://localhost:13679/session/6cb4c9b7ec3392fb6fea501470ab9d5e/element'
14:31:44.953 [Forwarding findElement on session 6cb4c9b7ec3392fb6fea501470ab9d5e to remote] DEBUG org.asynchttpclient.netty.request.NettyRequestSender - Using open Channel [id: 0xcb08455d, L:/127.0.0.1:59316 - R:localhost/127.0.0.1:13679] for POST '/session/6cb4c9b7ec3392fb6fea501470ab9d5e/element'
14:31:44.984 [AsyncHttpClient-1-6] DEBUG org.asynchttpclient.netty.handler.HttpHandler - 

Request DefaultHttpRequest(decodeResult: success, version: HTTP/1.1)
POST /session/6cb4c9b7ec3392fb6fea501470ab9d5e/element HTTP/1.1
User-Agent: selenium/4.8.1 (java windows)
Content-Length: 84
Content-Type: application/json; charset=utf-8
host: localhost:13679
accept: */*

Response DefaultHttpResponse(decodeResult: success, version: HTTP/1.1)
HTTP/1.1 200 OK
Content-Length: 96
Content-Type: application/json; charset=utf-8
cache-control: no-cache

14:31:44.984 [AsyncHttpClient-1-6] DEBUG org.asynchttpclient.netty.channel.ChannelManager - Adding key: http://localhost:13679 for channel [id: 0xcb08455d, L:/127.0.0.1:59316 - R:localhost/127.0.0.1:13679]
14:31:44.984 [Forwarding clickElement on session 6cb4c9b7ec3392fb6fea501470ab9d5e to remote] DEBUG org.asynchttpclient.netty.request.NettyRequestSender - Using pooled Channel '[id: 0xcb08455d, L:/127.0.0.1:59316 - R:localhost/127.0.0.1:13679]' for 'POST' to 'http://localhost:13679/session/6cb4c9b7ec3392fb6fea501470ab9d5e/element/36BC714E0CBB438DBCEE8EC10282E65E_element_585/click'
14:31:44.984 [Forwarding clickElement on session 6cb4c9b7ec3392fb6fea501470ab9d5e to remote] DEBUG org.asynchttpclient.netty.request.NettyRequestSender - Using open Channel [id: 0xcb08455d, L:/127.0.0.1:59316 - R:localhost/127.0.0.1:13679] for POST '/session/6cb4c9b7ec3392fb6fea501470ab9d5e/element/36BC714E0CBB438DBCEE8EC10282E65E_element_585/click'
14:31:45.194 [AsyncHttpClient-1-1] DEBUG org.asynchttpclient.netty.channel.DefaultChannelPool - Entry count for : http://localhost:59317 : 1
14:31:46.294 [AsyncHttpClient-1-1] DEBUG org.asynchttpclient.netty.channel.DefaultChannelPool - Entry count for : http://localhost:59317 : 1
14:31:47.392 [AsyncHttpClient-1-1] DEBUG org.asynchttpclient.netty.channel.DefaultChannelPool - Entry count for : http://localhost:59317 : 1
14:31:47.470 [AsyncHttpClient-1-6] DEBUG org.asynchttpclient.netty.handler.HttpHandler - 

Request DefaultHttpRequest(decodeResult: success, version: HTTP/1.1)
POST /session/6cb4c9b7ec3392fb6fea501470ab9d5e/element/36BC714E0CBB438DBCEE8EC10282E65E_element_585/click HTTP/1.1
User-Agent: selenium/4.8.1 (java windows)
Content-Length: 58
Content-Type: application/json; charset=utf-8
host: localhost:13679
accept: */*

Response DefaultHttpResponse(decodeResult: success, version: HTTP/1.1)
HTTP/1.1 200 OK
Content-Length: 14
Content-Type: application/json; charset=utf-8
cache-control: no-cache

14:31:47.470 [AsyncHttpClient-1-6] DEBUG org.asynchttpclient.netty.channel.ChannelManager - Adding key: http://localhost:13679 for channel [id: 0xcb08455d, L:/127.0.0.1:59316 - R:localhost/127.0.0.1:13679]
14:31:47.482 [Forwarding getAlertText on session 6cb4c9b7ec3392fb6fea501470ab9d5e to remote] DEBUG org.asynchttpclient.netty.request.NettyRequestSender - Using pooled Channel '[id: 0xcb08455d, L:/127.0.0.1:59316 - R:localhost/127.0.0.1:13679]' for 'GET' to 'http://localhost:13679/session/6cb4c9b7ec3392fb6fea501470ab9d5e/alert/text'
14:31:47.482 [Forwarding getAlertText on session 6cb4c9b7ec3392fb6fea501470ab9d5e to remote] DEBUG org.asynchttpclient.netty.request.NettyRequestSender - Using open Channel [id: 0xcb08455d, L:/127.0.0.1:59316 - R:localhost/127.0.0.1:13679] for GET '/session/6cb4c9b7ec3392fb6fea501470ab9d5e/alert/text'
14:31:47.490 [AsyncHttpClient-1-6] DEBUG org.asynchttpclient.netty.handler.HttpHandler - 

Request DefaultFullHttpRequest(decodeResult: success, version: HTTP/1.1, content: EmptyByteBufBE)
GET /session/6cb4c9b7ec3392fb6fea501470ab9d5e/alert/text HTTP/1.1
User-Agent: selenium/4.8.1 (java windows)
Cache-Control: no-cache
Content-Type: application/json; charset=utf-8
host: localhost:13679
accept: */*

Response DefaultHttpResponse(decodeResult: success, version: HTTP/1.1)
HTTP/1.1 404 Not Found
Content-Length: 821
Content-Type: application/json; charset=utf-8
cache-control: no-cache

14:31:47.490 [AsyncHttpClient-1-6] DEBUG org.asynchttpclient.netty.channel.ChannelManager - Adding key: http://localhost:13679 for channel [id: 0xcb08455d, L:/127.0.0.1:59316 - R:localhost/127.0.0.1:13679]
14:31:47.490 [Forwarding getCurrentUrl on session 6cb4c9b7ec3392fb6fea501470ab9d5e to remote] DEBUG org.asynchttpclient.netty.request.NettyRequestSender - Using pooled Channel '[id: 0xcb08455d, L:/127.0.0.1:59316 - R:localhost/127.0.0.1:13679]' for 'GET' to 'http://localhost:13679/session/6cb4c9b7ec3392fb6fea501470ab9d5e/url'
14:31:47.490 [Forwarding getCurrentUrl on session 6cb4c9b7ec3392fb6fea501470ab9d5e to remote] DEBUG org.asynchttpclient.netty.request.NettyRequestSender - Using open Channel [id: 0xcb08455d, L:/127.0.0.1:59316 - R:localhost/127.0.0.1:13679] for GET '/session/6cb4c9b7ec3392fb6fea501470ab9d5e/url'
14:31:47.509 [AsyncHttpClient-1-6] DEBUG org.asynchttpclient.netty.handler.HttpHandler - 

Request DefaultFullHttpRequest(decodeResult: success, version: HTTP/1.1, content: EmptyByteBufBE)
GET /session/6cb4c9b7ec3392fb6fea501470ab9d5e/url HTTP/1.1
User-Agent: selenium/4.8.1 (java windows)
Cache-Control: no-cache
Content-Type: application/json; charset=utf-8
host: localhost:13679
accept: */*

Response DefaultHttpResponse(decodeResult: success, version: HTTP/1.1)
HTTP/1.1 200 OK
Content-Length: 125
Content-Type: application/json; charset=utf-8
cache-control: no-cache

14:31:47.509 [AsyncHttpClient-1-6] DEBUG org.asynchttpclient.netty.channel.ChannelManager - Adding key: http://localhost:13679 for channel [id: 0xcb08455d, L:/127.0.0.1:59316 - R:localhost/127.0.0.1:13679]
14:31:47.509 [Forwarding screenshot on session 6cb4c9b7ec3392fb6fea501470ab9d5e to remote] DEBUG org.asynchttpclient.netty.request.NettyRequestSender - Using pooled Channel '[id: 0xcb08455d, L:/127.0.0.1:59316 - R:localhost/127.0.0.1:13679]' for 'GET' to 'http://localhost:13679/session/6cb4c9b7ec3392fb6fea501470ab9d5e/screenshot'
14:31:47.509 [Forwarding screenshot on session 6cb4c9b7ec3392fb6fea501470ab9d5e to remote] DEBUG org.asynchttpclient.netty.request.NettyRequestSender - Using open Channel [id: 0xcb08455d, L:/127.0.0.1:59316 - R:localhost/127.0.0.1:13679] for GET '/session/6cb4c9b7ec3392fb6fea501470ab9d5e/screenshot'
14:31:47.806 [AsyncHttpClient-1-6] DEBUG org.asynchttpclient.netty.handler.HttpHandler - 

Request DefaultFullHttpRequest(decodeResult: success, version: HTTP/1.1, content: EmptyByteBufBE)
GET /session/6cb4c9b7ec3392fb6fea501470ab9d5e/screenshot HTTP/1.1
User-Agent: selenium/4.8.1 (java windows)
Cache-Control: no-cache
Content-Type: application/json; charset=utf-8
host: localhost:13679
accept: */*

Response DefaultHttpResponse(decodeResult: success, version: HTTP/1.1)
HTTP/1.1 200 OK
Content-Length: 224196
Content-Type: application/json; charset=utf-8
cache-control: no-cache

14:31:47.806 [AsyncHttpClient-1-6] DEBUG org.asynchttpclient.netty.channel.ChannelManager - Adding key: http://localhost:13679 for channel [id: 0xcb08455d, L:/127.0.0.1:59316 - R:localhost/127.0.0.1:13679]
14:31:47.820 [main] DEBUG net.serenitybdd.core.photography.Darkroom - Send negative for processing for target\site\serenity\9d92d491a5f0f2c1427fc5339ac6bb7bb48f44480e7d33485c3c08f82e54e717.png
14:31:47.820 [main] DEBUG net.thucydides.core.steps.StepInterceptor - STEP DONE: Click_Iagree_button
14:31:47.838 [Darkroom Processing Line] DEBUG net.serenitybdd.core.photography.DarkroomProcessingLine - Processing screenshot image in /var/screenshots/screenshot-5482861114321946378
14:31:47.838 [Darkroom Processing Line] DEBUG net.serenitybdd.core.photography.DarkroomProcessingLine - Saving screenshot to target\site\serenity\9d92d491a5f0f2c1427fc5339ac6bb7bb48f44480e7d33485c3c08f82e54e717.png
14:31:47.854 [Forwarding getPageSource on session 6cb4c9b7ec3392fb6fea501470ab9d5e to remote] DEBUG org.asynchttpclient.netty.request.NettyRequestSender - Using pooled Channel '[id: 0xcb08455d, L:/127.0.0.1:59316 - R:localhost/127.0.0.1:13679]' for 'POST' to 'http://localhost:13679/session/6cb4c9b7ec3392fb6fea501470ab9d5e/execute/sync'
14:31:47.854 [Forwarding getPageSource on session 6cb4c9b7ec3392fb6fea501470ab9d5e to remote] DEBUG org.asynchttpclient.netty.request.NettyRequestSender - Using open Channel [id: 0xcb08455d, L:/127.0.0.1:59316 - R:localhost/127.0.0.1:13679] for POST '/session/6cb4c9b7ec3392fb6fea501470ab9d5e/execute/sync'
14:31:47.875 [AsyncHttpClient-1-6] DEBUG org.asynchttpclient.netty.handler.HttpHandler - 

Request DefaultHttpRequest(decodeResult: success, version: HTTP/1.1)
POST /session/6cb4c9b7ec3392fb6fea501470ab9d5e/execute/sync HTTP/1.1
User-Agent: selenium/4.8.1 (java windows)
Content-Length: 176
Content-Type: application/json; charset=utf-8
host: localhost:13679
accept: */*

Response DefaultHttpResponse(decodeResult: success, version: HTTP/1.1)
HTTP/1.1 200 OK
Content-Length: 73126
Content-Type: application/json; charset=utf-8
cache-control: no-cache

14:31:47.875 [AsyncHttpClient-1-6] DEBUG org.asynchttpclient.netty.channel.ChannelManager - Adding key: http://localhost:13679 for channel [id: 0xcb08455d, L:/127.0.0.1:59316 - R:localhost/127.0.0.1:13679]
14:31:47.892 [Forwarding getCurrentUrl on session 6cb4c9b7ec3392fb6fea501470ab9d5e to remote] DEBUG org.asynchttpclient.netty.request.NettyRequestSender - Using pooled Channel '[id: 0xcb08455d, L:/127.0.0.1:59316 - R:localhost/127.0.0.1:13679]' for 'GET' to 'http://localhost:13679/session/6cb4c9b7ec3392fb6fea501470ab9d5e/url'
14:31:47.892 [Forwarding getCurrentUrl on session 6cb4c9b7ec3392fb6fea501470ab9d5e to remote] DEBUG org.asynchttpclient.netty.request.NettyRequestSender - Using open Channel [id: 0xcb08455d, L:/127.0.0.1:59316 - R:localhost/127.0.0.1:13679] for GET '/session/6cb4c9b7ec3392fb6fea501470ab9d5e/url'
14:31:47.913 [AsyncHttpClient-1-6] DEBUG org.asynchttpclient.netty.handler.HttpHandler - 

Request DefaultFullHttpRequest(decodeResult: success, version: HTTP/1.1, content: EmptyByteBufBE)
GET /session/6cb4c9b7ec3392fb6fea501470ab9d5e/url HTTP/1.1
User-Agent: selenium/4.8.1 (java windows)
Cache-Control: no-cache
Content-Type: application/json; charset=utf-8
host: localhost:13679
accept: */*

Response DefaultHttpResponse(decodeResult: success, version: HTTP/1.1)
HTTP/1.1 200 OK
Content-Length: 125
Content-Type: application/json; charset=utf-8
cache-control: no-cache

14:31:47.913 [AsyncHttpClient-1-6] DEBUG org.asynchttpclient.netty.channel.ChannelManager - Adding key: http://localhost:13679 for channel [id: 0xcb08455d, L:/127.0.0.1:59316 - R:localhost/127.0.0.1:13679]
14:31:47.929 [Forwarding getAlertText on session 6cb4c9b7ec3392fb6fea501470ab9d5e to remote] DEBUG org.asynchttpclient.netty.request.NettyRequestSender - Using pooled Channel '[id: 0xcb08455d, L:/127.0.0.1:59316 - R:localhost/127.0.0.1:13679]' for 'GET' to 'http://localhost:13679/session/6cb4c9b7ec3392fb6fea501470ab9d5e/alert/text'
14:31:47.929 [Forwarding getAlertText on session 6cb4c9b7ec3392fb6fea501470ab9d5e to remote] DEBUG org.asynchttpclient.netty.request.NettyRequestSender - Using open Channel [id: 0xcb08455d, L:/127.0.0.1:59316 - R:localhost/127.0.0.1:13679] for GET '/session/6cb4c9b7ec3392fb6fea501470ab9d5e/alert/text'
14:31:47.929 [AsyncHttpClient-1-6] DEBUG org.asynchttpclient.netty.handler.HttpHandler - 

Request DefaultFullHttpRequest(decodeResult: success, version: HTTP/1.1, content: EmptyByteBufBE)
GET /session/6cb4c9b7ec3392fb6fea501470ab9d5e/alert/text HTTP/1.1
User-Agent: selenium/4.8.1 (java windows)
Cache-Control: no-cache
Content-Type: application/json; charset=utf-8
host: localhost:13679
accept: */*

Response DefaultHttpResponse(decodeResult: success, version: HTTP/1.1)
HTTP/1.1 404 Not Found
Content-Length: 821
Content-Type: application/json; charset=utf-8
cache-control: no-cache

14:31:47.934 [AsyncHttpClient-1-6] DEBUG org.asynchttpclient.netty.channel.ChannelManager - Adding key: http://localhost:13679 for channel [id: 0xcb08455d, L:/127.0.0.1:59316 - R:localhost/127.0.0.1:13679]
14:31:47.934 [Forwarding getCurrentUrl on session 6cb4c9b7ec3392fb6fea501470ab9d5e to remote] DEBUG org.asynchttpclient.netty.request.NettyRequestSender - Using pooled Channel '[id: 0xcb08455d, L:/127.0.0.1:59316 - R:localhost/127.0.0.1:13679]' for 'GET' to 'http://localhost:13679/session/6cb4c9b7ec3392fb6fea501470ab9d5e/url'
14:31:47.934 [Forwarding getCurrentUrl on session 6cb4c9b7ec3392fb6fea501470ab9d5e to remote] DEBUG org.asynchttpclient.netty.request.NettyRequestSender - Using open Channel [id: 0xcb08455d, L:/127.0.0.1:59316 - R:localhost/127.0.0.1:13679] for GET '/session/6cb4c9b7ec3392fb6fea501470ab9d5e/url'
14:31:47.939 [AsyncHttpClient-1-6] DEBUG org.asynchttpclient.netty.handler.HttpHandler - 

Request DefaultFullHttpRequest(decodeResult: success, version: HTTP/1.1, content: EmptyByteBufBE)
GET /session/6cb4c9b7ec3392fb6fea501470ab9d5e/url HTTP/1.1
User-Agent: selenium/4.8.1 (java windows)
Cache-Control: no-cache
Content-Type: application/json; charset=utf-8
host: localhost:13679
accept: */*

Response DefaultHttpResponse(decodeResult: success, version: HTTP/1.1)
HTTP/1.1 200 OK
Content-Length: 125
Content-Type: application/json; charset=utf-8
cache-control: no-cache

14:31:47.945 [AsyncHttpClient-1-6] DEBUG org.asynchttpclient.netty.channel.ChannelManager - Adding key: http://localhost:13679 for channel [id: 0xcb08455d, L:/127.0.0.1:59316 - R:localhost/127.0.0.1:13679]
14:31:47.945 [Forwarding screenshot on session 6cb4c9b7ec3392fb6fea501470ab9d5e to remote] DEBUG org.asynchttpclient.netty.request.NettyRequestSender - Using pooled Channel '[id: 0xcb08455d, L:/127.0.0.1:59316 - R:localhost/127.0.0.1:13679]' for 'GET' to 'http://localhost:13679/session/6cb4c9b7ec3392fb6fea501470ab9d5e/screenshot'
14:31:47.945 [Forwarding screenshot on session 6cb4c9b7ec3392fb6fea501470ab9d5e to remote] DEBUG org.asynchttpclient.netty.request.NettyRequestSender - Using open Channel [id: 0xcb08455d, L:/127.0.0.1:59316 - R:localhost/127.0.0.1:13679] for GET '/session/6cb4c9b7ec3392fb6fea501470ab9d5e/screenshot'
14:31:48.182 [AsyncHttpClient-1-6] DEBUG org.asynchttpclient.netty.handler.HttpHandler - 

Request DefaultFullHttpRequest(decodeResult: success, version: HTTP/1.1, content: EmptyByteBufBE)
GET /session/6cb4c9b7ec3392fb6fea501470ab9d5e/screenshot HTTP/1.1
User-Agent: selenium/4.8.1 (java windows)
Cache-Control: no-cache
Content-Type: application/json; charset=utf-8
host: localhost:13679
accept: */*

Response DefaultHttpResponse(decodeResult: success, version: HTTP/1.1)
HTTP/1.1 200 OK
Content-Length: 224196
Content-Type: application/json; charset=utf-8
cache-control: no-cache

14:31:48.182 [AsyncHttpClient-1-6] DEBUG org.asynchttpclient.netty.channel.ChannelManager - Adding key: http://localhost:13679 for channel [id: 0xcb08455d, L:/127.0.0.1:59316 - R:localhost/127.0.0.1:13679]
14:31:48.206 [main] DEBUG net.serenitybdd.core.photography.Darkroom - Send negative for processing for target\site\serenity\9d92d491a5f0f2c1427fc5339ac6bb7bb48f44480e7d33485c3c08f82e54e717.png
14:31:48.207 [Forwarding getPageSource on session 6cb4c9b7ec3392fb6fea501470ab9d5e to remote] DEBUG org.asynchttpclient.netty.request.NettyRequestSender - Using pooled Channel '[id: 0xcb08455d, L:/127.0.0.1:59316 - R:localhost/127.0.0.1:13679]' for 'POST' to 'http://localhost:13679/session/6cb4c9b7ec3392fb6fea501470ab9d5e/execute/sync'
14:31:48.207 [Forwarding getPageSource on session 6cb4c9b7ec3392fb6fea501470ab9d5e to remote] DEBUG org.asynchttpclient.netty.request.NettyRequestSender - Using open Channel [id: 0xcb08455d, L:/127.0.0.1:59316 - R:localhost/127.0.0.1:13679] for POST '/session/6cb4c9b7ec3392fb6fea501470ab9d5e/execute/sync'
14:31:48.223 [AsyncHttpClient-1-6] DEBUG org.asynchttpclient.netty.handler.HttpHandler - 

Request DefaultHttpRequest(decodeResult: success, version: HTTP/1.1)
POST /session/6cb4c9b7ec3392fb6fea501470ab9d5e/execute/sync HTTP/1.1
User-Agent: selenium/4.8.1 (java windows)
Content-Length: 176
Content-Type: application/json; charset=utf-8
host: localhost:13679
accept: */*

Response DefaultHttpResponse(decodeResult: success, version: HTTP/1.1)
HTTP/1.1 200 OK
Content-Length: 73126
Content-Type: application/json; charset=utf-8
cache-control: no-cache

14:31:48.223 [AsyncHttpClient-1-6] DEBUG org.asynchttpclient.netty.channel.ChannelManager - Adding key: http://localhost:13679 for channel [id: 0xcb08455d, L:/127.0.0.1:59316 - R:localhost/127.0.0.1:13679]
14:31:48.233 [Forwarding getCurrentUrl on session 6cb4c9b7ec3392fb6fea501470ab9d5e to remote] DEBUG org.asynchttpclient.netty.request.NettyRequestSender - Using pooled Channel '[id: 0xcb08455d, L:/127.0.0.1:59316 - R:localhost/127.0.0.1:13679]' for 'GET' to 'http://localhost:13679/session/6cb4c9b7ec3392fb6fea501470ab9d5e/url'
14:31:48.233 [Forwarding getCurrentUrl on session 6cb4c9b7ec3392fb6fea501470ab9d5e to remote] DEBUG org.asynchttpclient.netty.request.NettyRequestSender - Using open Channel [id: 0xcb08455d, L:/127.0.0.1:59316 - R:localhost/127.0.0.1:13679] for GET '/session/6cb4c9b7ec3392fb6fea501470ab9d5e/url'
14:31:48.238 [AsyncHttpClient-1-6] DEBUG org.asynchttpclient.netty.handler.HttpHandler - 

Request DefaultFullHttpRequest(decodeResult: success, version: HTTP/1.1, content: EmptyByteBufBE)
GET /session/6cb4c9b7ec3392fb6fea501470ab9d5e/url HTTP/1.1
User-Agent: selenium/4.8.1 (java windows)
Cache-Control: no-cache
Content-Type: application/json; charset=utf-8
host: localhost:13679
accept: */*

Response DefaultHttpResponse(decodeResult: success, version: HTTP/1.1)
HTTP/1.1 200 OK
Content-Length: 125
Content-Type: application/json; charset=utf-8
cache-control: no-cache

14:31:48.238 [AsyncHttpClient-1-6] DEBUG org.asynchttpclient.netty.channel.ChannelManager - Adding key: http://localhost:13679 for channel [id: 0xcb08455d, L:/127.0.0.1:59316 - R:localhost/127.0.0.1:13679]
14:31:48.244 [main] DEBUG net.thucydides.core.steps.StepInterceptor - STARTING STEP: Afrexim_Investors_steps.verify_ipo_documents_page - Verify_IPO_Documents_page
14:31:48.244 [Forwarding findElement on session 6cb4c9b7ec3392fb6fea501470ab9d5e to remote] DEBUG org.asynchttpclient.netty.request.NettyRequestSender - Using pooled Channel '[id: 0xcb08455d, L:/127.0.0.1:59316 - R:localhost/127.0.0.1:13679]' for 'POST' to 'http://localhost:13679/session/6cb4c9b7ec3392fb6fea501470ab9d5e/element'
14:31:48.244 [Forwarding findElement on session 6cb4c9b7ec3392fb6fea501470ab9d5e to remote] DEBUG org.asynchttpclient.netty.request.NettyRequestSender - Using open Channel [id: 0xcb08455d, L:/127.0.0.1:59316 - R:localhost/127.0.0.1:13679] for POST '/session/6cb4c9b7ec3392fb6fea501470ab9d5e/element'
14:31:48.270 [AsyncHttpClient-1-6] DEBUG org.asynchttpclient.netty.handler.HttpHandler - 

Request DefaultHttpRequest(decodeResult: success, version: HTTP/1.1)
POST /session/6cb4c9b7ec3392fb6fea501470ab9d5e/element HTTP/1.1
User-Agent: selenium/4.8.1 (java windows)
Content-Length: 75
Content-Type: application/json; charset=utf-8
host: localhost:13679
accept: */*

Response DefaultHttpResponse(decodeResult: success, version: HTTP/1.1)
HTTP/1.1 200 OK
Content-Length: 96
Content-Type: application/json; charset=utf-8
cache-control: no-cache

14:31:48.270 [AsyncHttpClient-1-6] DEBUG org.asynchttpclient.netty.channel.ChannelManager - Adding key: http://localhost:13679 for channel [id: 0xcb08455d, L:/127.0.0.1:59316 - R:localhost/127.0.0.1:13679]
14:31:48.276 [Forwarding isElementDisplayed on session 6cb4c9b7ec3392fb6fea501470ab9d5e to remote] DEBUG org.asynchttpclient.netty.request.NettyRequestSender - Using pooled Channel '[id: 0xcb08455d, L:/127.0.0.1:59316 - R:localhost/127.0.0.1:13679]' for 'POST' to 'http://localhost:13679/session/6cb4c9b7ec3392fb6fea501470ab9d5e/execute/sync'
14:31:48.276 [Forwarding isElementDisplayed on session 6cb4c9b7ec3392fb6fea501470ab9d5e to remote] DEBUG org.asynchttpclient.netty.request.NettyRequestSender - Using open Channel [id: 0xcb08455d, L:/127.0.0.1:59316 - R:localhost/127.0.0.1:13679] for POST '/session/6cb4c9b7ec3392fb6fea501470ab9d5e/execute/sync'
14:31:48.297 [AsyncHttpClient-1-6] DEBUG org.asynchttpclient.netty.handler.HttpHandler - 

Request DefaultHttpRequest(decodeResult: success, version: HTTP/1.1)
POST /session/6cb4c9b7ec3392fb6fea501470ab9d5e/execute/sync HTTP/1.1
User-Agent: selenium/4.8.1 (java windows)
Content-Length: 48815
Content-Type: application/json; charset=utf-8
host: localhost:13679
accept: */*

Response DefaultHttpResponse(decodeResult: success, version: HTTP/1.1)
HTTP/1.1 200 OK
Content-Length: 14
Content-Type: application/json; charset=utf-8
cache-control: no-cache

14:31:48.297 [AsyncHttpClient-1-6] DEBUG org.asynchttpclient.netty.channel.ChannelManager - Adding key: http://localhost:13679 for channel [id: 0xcb08455d, L:/127.0.0.1:59316 - R:localhost/127.0.0.1:13679]
14:31:48.303 [Forwarding getAlertText on session 6cb4c9b7ec3392fb6fea501470ab9d5e to remote] DEBUG org.asynchttpclient.netty.request.NettyRequestSender - Using pooled Channel '[id: 0xcb08455d, L:/127.0.0.1:59316 - R:localhost/127.0.0.1:13679]' for 'GET' to 'http://localhost:13679/session/6cb4c9b7ec3392fb6fea501470ab9d5e/alert/text'
14:31:48.303 [Forwarding getAlertText on session 6cb4c9b7ec3392fb6fea501470ab9d5e to remote] DEBUG org.asynchttpclient.netty.request.NettyRequestSender - Using open Channel [id: 0xcb08455d, L:/127.0.0.1:59316 - R:localhost/127.0.0.1:13679] for GET '/session/6cb4c9b7ec3392fb6fea501470ab9d5e/alert/text'
14:31:48.303 [AsyncHttpClient-1-6] DEBUG org.asynchttpclient.netty.handler.HttpHandler - 

Request DefaultFullHttpRequest(decodeResult: success, version: HTTP/1.1, content: EmptyByteBufBE)
GET /session/6cb4c9b7ec3392fb6fea501470ab9d5e/alert/text HTTP/1.1
User-Agent: selenium/4.8.1 (java windows)
Cache-Control: no-cache
Content-Type: application/json; charset=utf-8
host: localhost:13679
accept: */*

Response DefaultHttpResponse(decodeResult: success, version: HTTP/1.1)
HTTP/1.1 404 Not Found
Content-Length: 821
Content-Type: application/json; charset=utf-8
cache-control: no-cache

14:31:48.303 [AsyncHttpClient-1-6] DEBUG org.asynchttpclient.netty.channel.ChannelManager - Adding key: http://localhost:13679 for channel [id: 0xcb08455d, L:/127.0.0.1:59316 - R:localhost/127.0.0.1:13679]
14:31:48.303 [Forwarding getCurrentUrl on session 6cb4c9b7ec3392fb6fea501470ab9d5e to remote] DEBUG org.asynchttpclient.netty.request.NettyRequestSender - Using pooled Channel '[id: 0xcb08455d, L:/127.0.0.1:59316 - R:localhost/127.0.0.1:13679]' for 'GET' to 'http://localhost:13679/session/6cb4c9b7ec3392fb6fea501470ab9d5e/url'
14:31:48.303 [Forwarding getCurrentUrl on session 6cb4c9b7ec3392fb6fea501470ab9d5e to remote] DEBUG org.asynchttpclient.netty.request.NettyRequestSender - Using open Channel [id: 0xcb08455d, L:/127.0.0.1:59316 - R:localhost/127.0.0.1:13679] for GET '/session/6cb4c9b7ec3392fb6fea501470ab9d5e/url'
14:31:48.310 [AsyncHttpClient-1-6] DEBUG org.asynchttpclient.netty.handler.HttpHandler - 

Request DefaultFullHttpRequest(decodeResult: success, version: HTTP/1.1, content: EmptyByteBufBE)
GET /session/6cb4c9b7ec3392fb6fea501470ab9d5e/url HTTP/1.1
User-Agent: selenium/4.8.1 (java windows)
Cache-Control: no-cache
Content-Type: application/json; charset=utf-8
host: localhost:13679
accept: */*

Response DefaultHttpResponse(decodeResult: success, version: HTTP/1.1)
HTTP/1.1 200 OK
Content-Length: 125
Content-Type: application/json; charset=utf-8
cache-control: no-cache

14:31:48.310 [AsyncHttpClient-1-6] DEBUG org.asynchttpclient.netty.channel.ChannelManager - Adding key: http://localhost:13679 for channel [id: 0xcb08455d, L:/127.0.0.1:59316 - R:localhost/127.0.0.1:13679]
14:31:48.310 [Forwarding screenshot on session 6cb4c9b7ec3392fb6fea501470ab9d5e to remote] DEBUG org.asynchttpclient.netty.request.NettyRequestSender - Using pooled Channel '[id: 0xcb08455d, L:/127.0.0.1:59316 - R:localhost/127.0.0.1:13679]' for 'GET' to 'http://localhost:13679/session/6cb4c9b7ec3392fb6fea501470ab9d5e/screenshot'
14:31:48.310 [Forwarding screenshot on session 6cb4c9b7ec3392fb6fea501470ab9d5e to remote] DEBUG org.asynchttpclient.netty.request.NettyRequestSender - Using open Channel [id: 0xcb08455d, L:/127.0.0.1:59316 - R:localhost/127.0.0.1:13679] for GET '/session/6cb4c9b7ec3392fb6fea501470ab9d5e/screenshot'
14:31:48.500 [AsyncHttpClient-1-1] DEBUG org.asynchttpclient.netty.channel.DefaultChannelPool - Entry count for : http://localhost:59317 : 1
14:31:48.547 [AsyncHttpClient-1-6] DEBUG org.asynchttpclient.netty.handler.HttpHandler - 

Request DefaultFullHttpRequest(decodeResult: success, version: HTTP/1.1, content: EmptyByteBufBE)
GET /session/6cb4c9b7ec3392fb6fea501470ab9d5e/screenshot HTTP/1.1
User-Agent: selenium/4.8.1 (java windows)
Cache-Control: no-cache
Content-Type: application/json; charset=utf-8
host: localhost:13679
accept: */*

Response DefaultHttpResponse(decodeResult: success, version: HTTP/1.1)
HTTP/1.1 200 OK
Content-Length: 224196
Content-Type: application/json; charset=utf-8
cache-control: no-cache

14:31:48.547 [AsyncHttpClient-1-6] DEBUG org.asynchttpclient.netty.channel.ChannelManager - Adding key: http://localhost:13679 for channel [id: 0xcb08455d, L:/127.0.0.1:59316 - R:localhost/127.0.0.1:13679]
14:31:48.558 [main] DEBUG net.serenitybdd.core.photography.Darkroom - Send negative for processing for target\site\serenity\9d92d491a5f0f2c1427fc5339ac6bb7bb48f44480e7d33485c3c08f82e54e717.png
14:31:48.558 [main] DEBUG net.thucydides.core.steps.StepInterceptor - STEP DONE: Verify_IPO_Documents_page
14:31:48.579 [Forwarding getPageSource on session 6cb4c9b7ec3392fb6fea501470ab9d5e to remote] DEBUG org.asynchttpclient.netty.request.NettyRequestSender - Using pooled Channel '[id: 0xcb08455d, L:/127.0.0.1:59316 - R:localhost/127.0.0.1:13679]' for 'POST' to 'http://localhost:13679/session/6cb4c9b7ec3392fb6fea501470ab9d5e/execute/sync'
14:31:48.579 [Forwarding getPageSource on session 6cb4c9b7ec3392fb6fea501470ab9d5e to remote] DEBUG org.asynchttpclient.netty.request.NettyRequestSender - Using open Channel [id: 0xcb08455d, L:/127.0.0.1:59316 - R:localhost/127.0.0.1:13679] for POST '/session/6cb4c9b7ec3392fb6fea501470ab9d5e/execute/sync'
14:31:48.596 [AsyncHttpClient-1-6] DEBUG org.asynchttpclient.netty.handler.HttpHandler - 

Request DefaultHttpRequest(decodeResult: success, version: HTTP/1.1)
POST /session/6cb4c9b7ec3392fb6fea501470ab9d5e/execute/sync HTTP/1.1
User-Agent: selenium/4.8.1 (java windows)
Content-Length: 176
Content-Type: application/json; charset=utf-8
host: localhost:13679
accept: */*

Response DefaultHttpResponse(decodeResult: success, version: HTTP/1.1)
HTTP/1.1 200 OK
Content-Length: 73126
Content-Type: application/json; charset=utf-8
cache-control: no-cache

14:31:48.596 [AsyncHttpClient-1-6] DEBUG org.asynchttpclient.netty.channel.ChannelManager - Adding key: http://localhost:13679 for channel [id: 0xcb08455d, L:/127.0.0.1:59316 - R:localhost/127.0.0.1:13679]
14:31:48.611 [Forwarding getCurrentUrl on session 6cb4c9b7ec3392fb6fea501470ab9d5e to remote] DEBUG org.asynchttpclient.netty.request.NettyRequestSender - Using pooled Channel '[id: 0xcb08455d, L:/127.0.0.1:59316 - R:localhost/127.0.0.1:13679]' for 'GET' to 'http://localhost:13679/session/6cb4c9b7ec3392fb6fea501470ab9d5e/url'
14:31:48.611 [Forwarding getCurrentUrl on session 6cb4c9b7ec3392fb6fea501470ab9d5e to remote] DEBUG org.asynchttpclient.netty.request.NettyRequestSender - Using open Channel [id: 0xcb08455d, L:/127.0.0.1:59316 - R:localhost/127.0.0.1:13679] for GET '/session/6cb4c9b7ec3392fb6fea501470ab9d5e/url'
14:31:48.617 [AsyncHttpClient-1-6] DEBUG org.asynchttpclient.netty.handler.HttpHandler - 

Request DefaultFullHttpRequest(decodeResult: success, version: HTTP/1.1, content: EmptyByteBufBE)
GET /session/6cb4c9b7ec3392fb6fea501470ab9d5e/url HTTP/1.1
User-Agent: selenium/4.8.1 (java windows)
Cache-Control: no-cache
Content-Type: application/json; charset=utf-8
host: localhost:13679
accept: */*

Response DefaultHttpResponse(decodeResult: success, version: HTTP/1.1)
HTTP/1.1 200 OK
Content-Length: 125
Content-Type: application/json; charset=utf-8
cache-control: no-cache

14:31:48.617 [AsyncHttpClient-1-6] DEBUG org.asynchttpclient.netty.channel.ChannelManager - Adding key: http://localhost:13679 for channel [id: 0xcb08455d, L:/127.0.0.1:59316 - R:localhost/127.0.0.1:13679]
14:31:48.638 [Forwarding getAlertText on session 6cb4c9b7ec3392fb6fea501470ab9d5e to remote] DEBUG org.asynchttpclient.netty.request.NettyRequestSender - Using pooled Channel '[id: 0xcb08455d, L:/127.0.0.1:59316 - R:localhost/127.0.0.1:13679]' for 'GET' to 'http://localhost:13679/session/6cb4c9b7ec3392fb6fea501470ab9d5e/alert/text'
14:31:48.638 [Forwarding getAlertText on session 6cb4c9b7ec3392fb6fea501470ab9d5e to remote] DEBUG org.asynchttpclient.netty.request.NettyRequestSender - Using open Channel [id: 0xcb08455d, L:/127.0.0.1:59316 - R:localhost/127.0.0.1:13679] for GET '/session/6cb4c9b7ec3392fb6fea501470ab9d5e/alert/text'
14:31:48.643 [AsyncHttpClient-1-6] DEBUG org.asynchttpclient.netty.handler.HttpHandler - 

Request DefaultFullHttpRequest(decodeResult: success, version: HTTP/1.1, content: EmptyByteBufBE)
GET /session/6cb4c9b7ec3392fb6fea501470ab9d5e/alert/text HTTP/1.1
User-Agent: selenium/4.8.1 (java windows)
Cache-Control: no-cache
Content-Type: application/json; charset=utf-8
host: localhost:13679
accept: */*

Response DefaultHttpResponse(decodeResult: success, version: HTTP/1.1)
HTTP/1.1 404 Not Found
Content-Length: 821
Content-Type: application/json; charset=utf-8
cache-control: no-cache

14:31:48.643 [AsyncHttpClient-1-6] DEBUG org.asynchttpclient.netty.channel.ChannelManager - Adding key: http://localhost:13679 for channel [id: 0xcb08455d, L:/127.0.0.1:59316 - R:localhost/127.0.0.1:13679]
14:31:48.648 [Forwarding getCurrentUrl on session 6cb4c9b7ec3392fb6fea501470ab9d5e to remote] DEBUG org.asynchttpclient.netty.request.NettyRequestSender - Using pooled Channel '[id: 0xcb08455d, L:/127.0.0.1:59316 - R:localhost/127.0.0.1:13679]' for 'GET' to 'http://localhost:13679/session/6cb4c9b7ec3392fb6fea501470ab9d5e/url'
14:31:48.648 [Forwarding getCurrentUrl on session 6cb4c9b7ec3392fb6fea501470ab9d5e to remote] DEBUG org.asynchttpclient.netty.request.NettyRequestSender - Using open Channel [id: 0xcb08455d, L:/127.0.0.1:59316 - R:localhost/127.0.0.1:13679] for GET '/session/6cb4c9b7ec3392fb6fea501470ab9d5e/url'
14:31:48.660 [AsyncHttpClient-1-6] DEBUG org.asynchttpclient.netty.handler.HttpHandler - 

Request DefaultFullHttpRequest(decodeResult: success, version: HTTP/1.1, content: EmptyByteBufBE)
GET /session/6cb4c9b7ec3392fb6fea501470ab9d5e/url HTTP/1.1
User-Agent: selenium/4.8.1 (java windows)
Cache-Control: no-cache
Content-Type: application/json; charset=utf-8
host: localhost:13679
accept: */*

Response DefaultHttpResponse(decodeResult: success, version: HTTP/1.1)
HTTP/1.1 200 OK
Content-Length: 125
Content-Type: application/json; charset=utf-8
cache-control: no-cache

14:31:48.660 [AsyncHttpClient-1-6] DEBUG org.asynchttpclient.netty.channel.ChannelManager - Adding key: http://localhost:13679 for channel [id: 0xcb08455d, L:/127.0.0.1:59316 - R:localhost/127.0.0.1:13679]
14:31:48.665 [Forwarding screenshot on session 6cb4c9b7ec3392fb6fea501470ab9d5e to remote] DEBUG org.asynchttpclient.netty.request.NettyRequestSender - Using pooled Channel '[id: 0xcb08455d, L:/127.0.0.1:59316 - R:localhost/127.0.0.1:13679]' for 'GET' to 'http://localhost:13679/session/6cb4c9b7ec3392fb6fea501470ab9d5e/screenshot'
14:31:48.665 [Forwarding screenshot on session 6cb4c9b7ec3392fb6fea501470ab9d5e to remote] DEBUG org.asynchttpclient.netty.request.NettyRequestSender - Using open Channel [id: 0xcb08455d, L:/127.0.0.1:59316 - R:localhost/127.0.0.1:13679] for GET '/session/6cb4c9b7ec3392fb6fea501470ab9d5e/screenshot'
14:31:48.927 [AsyncHttpClient-1-6] DEBUG org.asynchttpclient.netty.handler.HttpHandler - 

Request DefaultFullHttpRequest(decodeResult: success, version: HTTP/1.1, content: EmptyByteBufBE)
GET /session/6cb4c9b7ec3392fb6fea501470ab9d5e/screenshot HTTP/1.1
User-Agent: selenium/4.8.1 (java windows)
Cache-Control: no-cache
Content-Type: application/json; charset=utf-8
host: localhost:13679
accept: */*

Response DefaultHttpResponse(decodeResult: success, version: HTTP/1.1)
HTTP/1.1 200 OK
Content-Length: 224196
Content-Type: application/json; charset=utf-8
cache-control: no-cache

14:31:48.937 [AsyncHttpClient-1-6] DEBUG org.asynchttpclient.netty.channel.ChannelManager - Adding key: http://localhost:13679 for channel [id: 0xcb08455d, L:/127.0.0.1:59316 - R:localhost/127.0.0.1:13679]
14:31:48.948 [main] DEBUG net.serenitybdd.core.photography.Darkroom - Send negative for processing for target\site\serenity\9d92d491a5f0f2c1427fc5339ac6bb7bb48f44480e7d33485c3c08f82e54e717.png
14:31:48.952 [Forwarding getPageSource on session 6cb4c9b7ec3392fb6fea501470ab9d5e to remote] DEBUG org.asynchttpclient.netty.request.NettyRequestSender - Using pooled Channel '[id: 0xcb08455d, L:/127.0.0.1:59316 - R:localhost/127.0.0.1:13679]' for 'POST' to 'http://localhost:13679/session/6cb4c9b7ec3392fb6fea501470ab9d5e/execute/sync'
14:31:48.952 [Forwarding getPageSource on session 6cb4c9b7ec3392fb6fea501470ab9d5e to remote] DEBUG org.asynchttpclient.netty.request.NettyRequestSender - Using open Channel [id: 0xcb08455d, L:/127.0.0.1:59316 - R:localhost/127.0.0.1:13679] for POST '/session/6cb4c9b7ec3392fb6fea501470ab9d5e/execute/sync'
14:31:49.022 [AsyncHttpClient-1-6] DEBUG org.asynchttpclient.netty.handler.HttpHandler - 

Request DefaultHttpRequest(decodeResult: success, version: HTTP/1.1)
POST /session/6cb4c9b7ec3392fb6fea501470ab9d5e/execute/sync HTTP/1.1
User-Agent: selenium/4.8.1 (java windows)
Content-Length: 176
Content-Type: application/json; charset=utf-8
host: localhost:13679
accept: */*

Response DefaultHttpResponse(decodeResult: success, version: HTTP/1.1)
HTTP/1.1 200 OK
Content-Length: 73126
Content-Type: application/json; charset=utf-8
cache-control: no-cache

14:31:49.022 [AsyncHttpClient-1-6] DEBUG org.asynchttpclient.netty.channel.ChannelManager - Adding key: http://localhost:13679 for channel [id: 0xcb08455d, L:/127.0.0.1:59316 - R:localhost/127.0.0.1:13679]
14:31:49.038 [Forwarding getCurrentUrl on session 6cb4c9b7ec3392fb6fea501470ab9d5e to remote] DEBUG org.asynchttpclient.netty.request.NettyRequestSender - Using pooled Channel '[id: 0xcb08455d, L:/127.0.0.1:59316 - R:localhost/127.0.0.1:13679]' for 'GET' to 'http://localhost:13679/session/6cb4c9b7ec3392fb6fea501470ab9d5e/url'
14:31:49.038 [Forwarding getCurrentUrl on session 6cb4c9b7ec3392fb6fea501470ab9d5e to remote] DEBUG org.asynchttpclient.netty.request.NettyRequestSender - Using open Channel [id: 0xcb08455d, L:/127.0.0.1:59316 - R:localhost/127.0.0.1:13679] for GET '/session/6cb4c9b7ec3392fb6fea501470ab9d5e/url'
14:31:49.059 [AsyncHttpClient-1-6] DEBUG org.asynchttpclient.netty.handler.HttpHandler - 

Request DefaultFullHttpRequest(decodeResult: success, version: HTTP/1.1, content: EmptyByteBufBE)
GET /session/6cb4c9b7ec3392fb6fea501470ab9d5e/url HTTP/1.1
User-Agent: selenium/4.8.1 (java windows)
Cache-Control: no-cache
Content-Type: application/json; charset=utf-8
host: localhost:13679
accept: */*

Response DefaultHttpResponse(decodeResult: success, version: HTTP/1.1)
HTTP/1.1 200 OK
Content-Length: 125
Content-Type: application/json; charset=utf-8
cache-control: no-cache

14:31:49.059 [AsyncHttpClient-1-6] DEBUG org.asynchttpclient.netty.channel.ChannelManager - Adding key: http://localhost:13679 for channel [id: 0xcb08455d, L:/127.0.0.1:59316 - R:localhost/127.0.0.1:13679]
14:31:49.059 [main] DEBUG net.thucydides.core.steps.StepInterceptor - STARTING STEP: Afrexim_Investors_steps.click_registration_document_for_open - Click_Registration_document_for_open
14:31:49.065 [Forwarding findElement on session 6cb4c9b7ec3392fb6fea501470ab9d5e to remote] DEBUG org.asynchttpclient.netty.request.NettyRequestSender - Using pooled Channel '[id: 0xcb08455d, L:/127.0.0.1:59316 - R:localhost/127.0.0.1:13679]' for 'POST' to 'http://localhost:13679/session/6cb4c9b7ec3392fb6fea501470ab9d5e/element'
14:31:49.065 [Forwarding findElement on session 6cb4c9b7ec3392fb6fea501470ab9d5e to remote] DEBUG org.asynchttpclient.netty.request.NettyRequestSender - Using open Channel [id: 0xcb08455d, L:/127.0.0.1:59316 - R:localhost/127.0.0.1:13679] for POST '/session/6cb4c9b7ec3392fb6fea501470ab9d5e/element'
14:31:49.102 [AsyncHttpClient-1-6] DEBUG org.asynchttpclient.netty.handler.HttpHandler - 

Request DefaultHttpRequest(decodeResult: success, version: HTTP/1.1)
POST /session/6cb4c9b7ec3392fb6fea501470ab9d5e/element HTTP/1.1
User-Agent: selenium/4.8.1 (java windows)
Content-Length: 82
Content-Type: application/json; charset=utf-8
host: localhost:13679
accept: */*

Response DefaultHttpResponse(decodeResult: success, version: HTTP/1.1)
HTTP/1.1 200 OK
Content-Length: 96
Content-Type: application/json; charset=utf-8
cache-control: no-cache

14:31:49.102 [AsyncHttpClient-1-6] DEBUG org.asynchttpclient.netty.channel.ChannelManager - Adding key: http://localhost:13679 for channel [id: 0xcb08455d, L:/127.0.0.1:59316 - R:localhost/127.0.0.1:13679]
14:31:49.102 [Forwarding getElementTagName on session 6cb4c9b7ec3392fb6fea501470ab9d5e to remote] DEBUG org.asynchttpclient.netty.request.NettyRequestSender - Using pooled Channel '[id: 0xcb08455d, L:/127.0.0.1:59316 - R:localhost/127.0.0.1:13679]' for 'GET' to 'http://localhost:13679/session/6cb4c9b7ec3392fb6fea501470ab9d5e/element/3407C29D4F49E11FF33538404C1247A9_element_610/name'
14:31:49.102 [Forwarding getElementTagName on session 6cb4c9b7ec3392fb6fea501470ab9d5e to remote] DEBUG org.asynchttpclient.netty.request.NettyRequestSender - Using open Channel [id: 0xcb08455d, L:/127.0.0.1:59316 - R:localhost/127.0.0.1:13679] for GET '/session/6cb4c9b7ec3392fb6fea501470ab9d5e/element/3407C29D4F49E11FF33538404C1247A9_element_610/name'
14:31:49.118 [AsyncHttpClient-1-6] DEBUG org.asynchttpclient.netty.handler.HttpHandler - 

Request DefaultFullHttpRequest(decodeResult: success, version: HTTP/1.1, content: EmptyByteBufBE)
GET /session/6cb4c9b7ec3392fb6fea501470ab9d5e/element/3407C29D4F49E11FF33538404C1247A9_element_610/name HTTP/1.1
User-Agent: selenium/4.8.1 (java windows)
Cache-Control: no-cache
Content-Type: application/json; charset=utf-8
host: localhost:13679
accept: */*

Response DefaultHttpResponse(decodeResult: success, version: HTTP/1.1)
HTTP/1.1 200 OK
Content-Length: 13
Content-Type: application/json; charset=utf-8
cache-control: no-cache

14:31:49.118 [AsyncHttpClient-1-6] DEBUG org.asynchttpclient.netty.channel.ChannelManager - Adding key: http://localhost:13679 for channel [id: 0xcb08455d, L:/127.0.0.1:59316 - R:localhost/127.0.0.1:13679]
14:31:49.123 [Forwarding getElementTagName on session 6cb4c9b7ec3392fb6fea501470ab9d5e to remote] DEBUG org.asynchttpclient.netty.request.NettyRequestSender - Using pooled Channel '[id: 0xcb08455d, L:/127.0.0.1:59316 - R:localhost/127.0.0.1:13679]' for 'GET' to 'http://localhost:13679/session/6cb4c9b7ec3392fb6fea501470ab9d5e/element/3407C29D4F49E11FF33538404C1247A9_element_610/name'
14:31:49.123 [Forwarding getElementTagName on session 6cb4c9b7ec3392fb6fea501470ab9d5e to remote] DEBUG org.asynchttpclient.netty.request.NettyRequestSender - Using open Channel [id: 0xcb08455d, L:/127.0.0.1:59316 - R:localhost/127.0.0.1:13679] for GET '/session/6cb4c9b7ec3392fb6fea501470ab9d5e/element/3407C29D4F49E11FF33538404C1247A9_element_610/name'
14:31:49.134 [AsyncHttpClient-1-6] DEBUG org.asynchttpclient.netty.handler.HttpHandler - 

Request DefaultFullHttpRequest(decodeResult: success, version: HTTP/1.1, content: EmptyByteBufBE)
GET /session/6cb4c9b7ec3392fb6fea501470ab9d5e/element/3407C29D4F49E11FF33538404C1247A9_element_610/name HTTP/1.1
User-Agent: selenium/4.8.1 (java windows)
Cache-Control: no-cache
Content-Type: application/json; charset=utf-8
host: localhost:13679
accept: */*

Response DefaultHttpResponse(decodeResult: success, version: HTTP/1.1)
HTTP/1.1 200 OK
Content-Length: 13
Content-Type: application/json; charset=utf-8
cache-control: no-cache

14:31:49.134 [AsyncHttpClient-1-6] DEBUG org.asynchttpclient.netty.channel.ChannelManager - Adding key: http://localhost:13679 for channel [id: 0xcb08455d, L:/127.0.0.1:59316 - R:localhost/127.0.0.1:13679]
14:31:49.140 [Forwarding findElement on session 6cb4c9b7ec3392fb6fea501470ab9d5e to remote] DEBUG org.asynchttpclient.netty.request.NettyRequestSender - Using pooled Channel '[id: 0xcb08455d, L:/127.0.0.1:59316 - R:localhost/127.0.0.1:13679]' for 'POST' to 'http://localhost:13679/session/6cb4c9b7ec3392fb6fea501470ab9d5e/element'
14:31:49.140 [Forwarding findElement on session 6cb4c9b7ec3392fb6fea501470ab9d5e to remote] DEBUG org.asynchttpclient.netty.request.NettyRequestSender - Using open Channel [id: 0xcb08455d, L:/127.0.0.1:59316 - R:localhost/127.0.0.1:13679] for POST '/session/6cb4c9b7ec3392fb6fea501470ab9d5e/element'
14:31:49.166 [AsyncHttpClient-1-6] DEBUG org.asynchttpclient.netty.handler.HttpHandler - 

Request DefaultHttpRequest(decodeResult: success, version: HTTP/1.1)
POST /session/6cb4c9b7ec3392fb6fea501470ab9d5e/element HTTP/1.1
User-Agent: selenium/4.8.1 (java windows)
Content-Length: 82
Content-Type: application/json; charset=utf-8
host: localhost:13679
accept: */*

Response DefaultHttpResponse(decodeResult: success, version: HTTP/1.1)
HTTP/1.1 200 OK
Content-Length: 96
Content-Type: application/json; charset=utf-8
cache-control: no-cache

14:31:49.166 [AsyncHttpClient-1-6] DEBUG org.asynchttpclient.netty.channel.ChannelManager - Adding key: http://localhost:13679 for channel [id: 0xcb08455d, L:/127.0.0.1:59316 - R:localhost/127.0.0.1:13679]
14:31:49.166 [Forwarding clickElement on session 6cb4c9b7ec3392fb6fea501470ab9d5e to remote] DEBUG org.asynchttpclient.netty.request.NettyRequestSender - Using pooled Channel '[id: 0xcb08455d, L:/127.0.0.1:59316 - R:localhost/127.0.0.1:13679]' for 'POST' to 'http://localhost:13679/session/6cb4c9b7ec3392fb6fea501470ab9d5e/element/3407C29D4F49E11FF33538404C1247A9_element_610/click'
14:31:49.166 [Forwarding clickElement on session 6cb4c9b7ec3392fb6fea501470ab9d5e to remote] DEBUG org.asynchttpclient.netty.request.NettyRequestSender - Using open Channel [id: 0xcb08455d, L:/127.0.0.1:59316 - R:localhost/127.0.0.1:13679] for POST '/session/6cb4c9b7ec3392fb6fea501470ab9d5e/element/3407C29D4F49E11FF33538404C1247A9_element_610/click'
14:31:49.595 [AsyncHttpClient-1-1] DEBUG org.asynchttpclient.netty.channel.DefaultChannelPool - Entry count for : http://localhost:59317 : 1
14:31:49.871 [AsyncHttpClient-1-6] DEBUG org.asynchttpclient.netty.handler.HttpHandler - 

Request DefaultHttpRequest(decodeResult: success, version: HTTP/1.1)
POST /session/6cb4c9b7ec3392fb6fea501470ab9d5e/element/3407C29D4F49E11FF33538404C1247A9_element_610/click HTTP/1.1
User-Agent: selenium/4.8.1 (java windows)
Content-Length: 58
Content-Type: application/json; charset=utf-8
host: localhost:13679
accept: */*

Response DefaultHttpResponse(decodeResult: success, version: HTTP/1.1)
HTTP/1.1 200 OK
Content-Length: 14
Content-Type: application/json; charset=utf-8
cache-control: no-cache

14:31:49.871 [AsyncHttpClient-1-6] DEBUG org.asynchttpclient.netty.channel.ChannelManager - Adding key: http://localhost:13679 for channel [id: 0xcb08455d, L:/127.0.0.1:59316 - R:localhost/127.0.0.1:13679]
14:31:49.887 [Forwarding getAlertText on session 6cb4c9b7ec3392fb6fea501470ab9d5e to remote] DEBUG org.asynchttpclient.netty.request.NettyRequestSender - Using pooled Channel '[id: 0xcb08455d, L:/127.0.0.1:59316 - R:localhost/127.0.0.1:13679]' for 'GET' to 'http://localhost:13679/session/6cb4c9b7ec3392fb6fea501470ab9d5e/alert/text'
14:31:49.887 [Forwarding getAlertText on session 6cb4c9b7ec3392fb6fea501470ab9d5e to remote] DEBUG org.asynchttpclient.netty.request.NettyRequestSender - Using open Channel [id: 0xcb08455d, L:/127.0.0.1:59316 - R:localhost/127.0.0.1:13679] for GET '/session/6cb4c9b7ec3392fb6fea501470ab9d5e/alert/text'
14:31:49.929 [AsyncHttpClient-1-6] DEBUG org.asynchttpclient.netty.handler.HttpHandler - 

Request DefaultFullHttpRequest(decodeResult: success, version: HTTP/1.1, content: EmptyByteBufBE)
GET /session/6cb4c9b7ec3392fb6fea501470ab9d5e/alert/text HTTP/1.1
User-Agent: selenium/4.8.1 (java windows)
Cache-Control: no-cache
Content-Type: application/json; charset=utf-8
host: localhost:13679
accept: */*

Response DefaultHttpResponse(decodeResult: success, version: HTTP/1.1)
HTTP/1.1 404 Not Found
Content-Length: 821
Content-Type: application/json; charset=utf-8
cache-control: no-cache

14:31:49.929 [AsyncHttpClient-1-6] DEBUG org.asynchttpclient.netty.channel.ChannelManager - Adding key: http://localhost:13679 for channel [id: 0xcb08455d, L:/127.0.0.1:59316 - R:localhost/127.0.0.1:13679]
14:31:49.929 [Forwarding getCurrentUrl on session 6cb4c9b7ec3392fb6fea501470ab9d5e to remote] DEBUG org.asynchttpclient.netty.request.NettyRequestSender - Using pooled Channel '[id: 0xcb08455d, L:/127.0.0.1:59316 - R:localhost/127.0.0.1:13679]' for 'GET' to 'http://localhost:13679/session/6cb4c9b7ec3392fb6fea501470ab9d5e/url'
14:31:49.929 [Forwarding getCurrentUrl on session 6cb4c9b7ec3392fb6fea501470ab9d5e to remote] DEBUG org.asynchttpclient.netty.request.NettyRequestSender - Using open Channel [id: 0xcb08455d, L:/127.0.0.1:59316 - R:localhost/127.0.0.1:13679] for GET '/session/6cb4c9b7ec3392fb6fea501470ab9d5e/url'
14:31:49.968 [AsyncHttpClient-1-6] DEBUG org.asynchttpclient.netty.handler.HttpHandler - 

Request DefaultFullHttpRequest(decodeResult: success, version: HTTP/1.1, content: EmptyByteBufBE)
GET /session/6cb4c9b7ec3392fb6fea501470ab9d5e/url HTTP/1.1
User-Agent: selenium/4.8.1 (java windows)
Cache-Control: no-cache
Content-Type: application/json; charset=utf-8
host: localhost:13679
accept: */*

Response DefaultHttpResponse(decodeResult: success, version: HTTP/1.1)
HTTP/1.1 200 OK
Content-Length: 125
Content-Type: application/json; charset=utf-8
cache-control: no-cache

14:31:49.968 [AsyncHttpClient-1-6] DEBUG org.asynchttpclient.netty.channel.ChannelManager - Adding key: http://localhost:13679 for channel [id: 0xcb08455d, L:/127.0.0.1:59316 - R:localhost/127.0.0.1:13679]
14:31:49.972 [Forwarding screenshot on session 6cb4c9b7ec3392fb6fea501470ab9d5e to remote] DEBUG org.asynchttpclient.netty.request.NettyRequestSender - Using pooled Channel '[id: 0xcb08455d, L:/127.0.0.1:59316 - R:localhost/127.0.0.1:13679]' for 'GET' to 'http://localhost:13679/session/6cb4c9b7ec3392fb6fea501470ab9d5e/screenshot'
14:31:49.972 [Forwarding screenshot on session 6cb4c9b7ec3392fb6fea501470ab9d5e to remote] DEBUG org.asynchttpclient.netty.request.NettyRequestSender - Using open Channel [id: 0xcb08455d, L:/127.0.0.1:59316 - R:localhost/127.0.0.1:13679] for GET '/session/6cb4c9b7ec3392fb6fea501470ab9d5e/screenshot'
14:31:50.292 [AsyncHttpClient-1-6] DEBUG org.asynchttpclient.netty.handler.HttpHandler - 

Request DefaultFullHttpRequest(decodeResult: success, version: HTTP/1.1, content: EmptyByteBufBE)
GET /session/6cb4c9b7ec3392fb6fea501470ab9d5e/screenshot HTTP/1.1
User-Agent: selenium/4.8.1 (java windows)
Cache-Control: no-cache
Content-Type: application/json; charset=utf-8
host: localhost:13679
accept: */*

Response DefaultHttpResponse(decodeResult: success, version: HTTP/1.1)
HTTP/1.1 200 OK
Content-Length: 225968
Content-Type: application/json; charset=utf-8
cache-control: no-cache

14:31:50.292 [AsyncHttpClient-1-6] DEBUG org.asynchttpclient.netty.channel.ChannelManager - Adding key: http://localhost:13679 for channel [id: 0xcb08455d, L:/127.0.0.1:59316 - R:localhost/127.0.0.1:13679]
14:31:50.302 [main] DEBUG net.serenitybdd.core.photography.Darkroom - Send negative for processing for target\site\serenity\ca05c7247af762850f427d4874c7409a5ca43f075434f383a3a1e40992673352.png
14:31:50.302 [main] DEBUG net.thucydides.core.steps.StepInterceptor - STEP DONE: Click_Registration_document_for_open
14:31:50.302 [Darkroom Processing Line] DEBUG net.serenitybdd.core.photography.DarkroomProcessingLine - Processing screenshot image in /var/screenshots/screenshot-6182292768571496379
14:31:50.302 [Darkroom Processing Line] DEBUG net.serenitybdd.core.photography.DarkroomProcessingLine - Saving screenshot to target\site\serenity\ca05c7247af762850f427d4874c7409a5ca43f075434f383a3a1e40992673352.png
14:31:50.316 [Forwarding getPageSource on session 6cb4c9b7ec3392fb6fea501470ab9d5e to remote] DEBUG org.asynchttpclient.netty.request.NettyRequestSender - Using pooled Channel '[id: 0xcb08455d, L:/127.0.0.1:59316 - R:localhost/127.0.0.1:13679]' for 'POST' to 'http://localhost:13679/session/6cb4c9b7ec3392fb6fea501470ab9d5e/execute/sync'
14:31:50.316 [Forwarding getPageSource on session 6cb4c9b7ec3392fb6fea501470ab9d5e to remote] DEBUG org.asynchttpclient.netty.request.NettyRequestSender - Using open Channel [id: 0xcb08455d, L:/127.0.0.1:59316 - R:localhost/127.0.0.1:13679] for POST '/session/6cb4c9b7ec3392fb6fea501470ab9d5e/execute/sync'
14:31:50.335 [AsyncHttpClient-1-6] DEBUG org.asynchttpclient.netty.handler.HttpHandler - 

Request DefaultHttpRequest(decodeResult: success, version: HTTP/1.1)
POST /session/6cb4c9b7ec3392fb6fea501470ab9d5e/execute/sync HTTP/1.1
User-Agent: selenium/4.8.1 (java windows)
Content-Length: 176
Content-Type: application/json; charset=utf-8
host: localhost:13679
accept: */*

Response DefaultHttpResponse(decodeResult: success, version: HTTP/1.1)
HTTP/1.1 200 OK
Content-Length: 73186
Content-Type: application/json; charset=utf-8
cache-control: no-cache

14:31:50.341 [AsyncHttpClient-1-6] DEBUG org.asynchttpclient.netty.channel.ChannelManager - Adding key: http://localhost:13679 for channel [id: 0xcb08455d, L:/127.0.0.1:59316 - R:localhost/127.0.0.1:13679]
14:31:50.349 [Forwarding getCurrentUrl on session 6cb4c9b7ec3392fb6fea501470ab9d5e to remote] DEBUG org.asynchttpclient.netty.request.NettyRequestSender - Using pooled Channel '[id: 0xcb08455d, L:/127.0.0.1:59316 - R:localhost/127.0.0.1:13679]' for 'GET' to 'http://localhost:13679/session/6cb4c9b7ec3392fb6fea501470ab9d5e/url'
14:31:50.349 [Forwarding getCurrentUrl on session 6cb4c9b7ec3392fb6fea501470ab9d5e to remote] DEBUG org.asynchttpclient.netty.request.NettyRequestSender - Using open Channel [id: 0xcb08455d, L:/127.0.0.1:59316 - R:localhost/127.0.0.1:13679] for GET '/session/6cb4c9b7ec3392fb6fea501470ab9d5e/url'
14:31:50.366 [AsyncHttpClient-1-6] DEBUG org.asynchttpclient.netty.handler.HttpHandler - 

Request DefaultFullHttpRequest(decodeResult: success, version: HTTP/1.1, content: EmptyByteBufBE)
GET /session/6cb4c9b7ec3392fb6fea501470ab9d5e/url HTTP/1.1
User-Agent: selenium/4.8.1 (java windows)
Cache-Control: no-cache
Content-Type: application/json; charset=utf-8
host: localhost:13679
accept: */*

Response DefaultHttpResponse(decodeResult: success, version: HTTP/1.1)
HTTP/1.1 200 OK
Content-Length: 125
Content-Type: application/json; charset=utf-8
cache-control: no-cache

14:31:50.366 [AsyncHttpClient-1-6] DEBUG org.asynchttpclient.netty.channel.ChannelManager - Adding key: http://localhost:13679 for channel [id: 0xcb08455d, L:/127.0.0.1:59316 - R:localhost/127.0.0.1:13679]
14:31:50.697 [AsyncHttpClient-1-1] DEBUG org.asynchttpclient.netty.channel.DefaultChannelPool - Entry count for : http://localhost:13679 : 1
14:31:50.697 [AsyncHttpClient-1-1] DEBUG org.asynchttpclient.netty.channel.DefaultChannelPool - Entry count for : http://localhost:59317 : 1
14:31:51.794 [AsyncHttpClient-1-1] DEBUG org.asynchttpclient.netty.channel.DefaultChannelPool - Entry count for : http://localhost:13679 : 1
14:31:51.794 [AsyncHttpClient-1-1] DEBUG org.asynchttpclient.netty.channel.DefaultChannelPool - Entry count for : http://localhost:59317 : 1
14:31:52.895 [AsyncHttpClient-1-1] DEBUG org.asynchttpclient.netty.channel.DefaultChannelPool - Entry count for : http://localhost:13679 : 1
14:31:52.895 [AsyncHttpClient-1-1] DEBUG org.asynchttpclient.netty.channel.DefaultChannelPool - Entry count for : http://localhost:59317 : 1
14:31:53.434 [Forwarding getAlertText on session 6cb4c9b7ec3392fb6fea501470ab9d5e to remote] DEBUG org.asynchttpclient.netty.request.NettyRequestSender - Using pooled Channel '[id: 0xcb08455d, L:/127.0.0.1:59316 - R:localhost/127.0.0.1:13679]' for 'GET' to 'http://localhost:13679/session/6cb4c9b7ec3392fb6fea501470ab9d5e/alert/text'
14:31:53.434 [Forwarding getAlertText on session 6cb4c9b7ec3392fb6fea501470ab9d5e to remote] DEBUG org.asynchttpclient.netty.request.NettyRequestSender - Using open Channel [id: 0xcb08455d, L:/127.0.0.1:59316 - R:localhost/127.0.0.1:13679] for GET '/session/6cb4c9b7ec3392fb6fea501470ab9d5e/alert/text'
14:31:53.438 [AsyncHttpClient-1-6] DEBUG org.asynchttpclient.netty.handler.HttpHandler - 

Request DefaultFullHttpRequest(decodeResult: success, version: HTTP/1.1, content: EmptyByteBufBE)
GET /session/6cb4c9b7ec3392fb6fea501470ab9d5e/alert/text HTTP/1.1
User-Agent: selenium/4.8.1 (java windows)
Cache-Control: no-cache
Content-Type: application/json; charset=utf-8
host: localhost:13679
accept: */*

Response DefaultHttpResponse(decodeResult: success, version: HTTP/1.1)
HTTP/1.1 404 Not Found
Content-Length: 821
Content-Type: application/json; charset=utf-8
cache-control: no-cache

14:31:53.438 [AsyncHttpClient-1-6] DEBUG org.asynchttpclient.netty.channel.ChannelManager - Adding key: http://localhost:13679 for channel [id: 0xcb08455d, L:/127.0.0.1:59316 - R:localhost/127.0.0.1:13679]
14:31:53.442 [Forwarding getCurrentUrl on session 6cb4c9b7ec3392fb6fea501470ab9d5e to remote] DEBUG org.asynchttpclient.netty.request.NettyRequestSender - Using pooled Channel '[id: 0xcb08455d, L:/127.0.0.1:59316 - R:localhost/127.0.0.1:13679]' for 'GET' to 'http://localhost:13679/session/6cb4c9b7ec3392fb6fea501470ab9d5e/url'
14:31:53.442 [Forwarding getCurrentUrl on session 6cb4c9b7ec3392fb6fea501470ab9d5e to remote] DEBUG org.asynchttpclient.netty.request.NettyRequestSender - Using open Channel [id: 0xcb08455d, L:/127.0.0.1:59316 - R:localhost/127.0.0.1:13679] for GET '/session/6cb4c9b7ec3392fb6fea501470ab9d5e/url'
14:31:53.474 [AsyncHttpClient-1-6] DEBUG org.asynchttpclient.netty.handler.HttpHandler - 

Request DefaultFullHttpRequest(decodeResult: success, version: HTTP/1.1, content: EmptyByteBufBE)
GET /session/6cb4c9b7ec3392fb6fea501470ab9d5e/url HTTP/1.1
User-Agent: selenium/4.8.1 (java windows)
Cache-Control: no-cache
Content-Type: application/json; charset=utf-8
host: localhost:13679
accept: */*

Response DefaultHttpResponse(decodeResult: success, version: HTTP/1.1)
HTTP/1.1 200 OK
Content-Length: 125
Content-Type: application/json; charset=utf-8
cache-control: no-cache

14:31:53.474 [AsyncHttpClient-1-6] DEBUG org.asynchttpclient.netty.channel.ChannelManager - Adding key: http://localhost:13679 for channel [id: 0xcb08455d, L:/127.0.0.1:59316 - R:localhost/127.0.0.1:13679]
14:31:53.474 [Forwarding screenshot on session 6cb4c9b7ec3392fb6fea501470ab9d5e to remote] DEBUG org.asynchttpclient.netty.request.NettyRequestSender - Using pooled Channel '[id: 0xcb08455d, L:/127.0.0.1:59316 - R:localhost/127.0.0.1:13679]' for 'GET' to 'http://localhost:13679/session/6cb4c9b7ec3392fb6fea501470ab9d5e/screenshot'
14:31:53.474 [Forwarding screenshot on session 6cb4c9b7ec3392fb6fea501470ab9d5e to remote] DEBUG org.asynchttpclient.netty.request.NettyRequestSender - Using open Channel [id: 0xcb08455d, L:/127.0.0.1:59316 - R:localhost/127.0.0.1:13679] for GET '/session/6cb4c9b7ec3392fb6fea501470ab9d5e/screenshot'
14:31:53.916 [AsyncHttpClient-1-6] DEBUG org.asynchttpclient.netty.handler.HttpHandler - 

Request DefaultFullHttpRequest(decodeResult: success, version: HTTP/1.1, content: EmptyByteBufBE)
GET /session/6cb4c9b7ec3392fb6fea501470ab9d5e/screenshot HTTP/1.1
User-Agent: selenium/4.8.1 (java windows)
Cache-Control: no-cache
Content-Type: application/json; charset=utf-8
host: localhost:13679
accept: */*

Response DefaultHttpResponse(decodeResult: success, version: HTTP/1.1)
HTTP/1.1 200 OK
Content-Length: 225968
Content-Type: application/json; charset=utf-8
cache-control: no-cache

14:31:53.919 [AsyncHttpClient-1-6] DEBUG org.asynchttpclient.netty.channel.ChannelManager - Adding key: http://localhost:13679 for channel [id: 0xcb08455d, L:/127.0.0.1:59316 - R:localhost/127.0.0.1:13679]
14:31:53.933 [main] DEBUG net.serenitybdd.core.photography.Darkroom - Send negative for processing for target\site\serenity\ca05c7247af762850f427d4874c7409a5ca43f075434f383a3a1e40992673352.png
14:31:53.933 [main] INFO  - 
  _____   ___   ___   _____     ___     _     ___   ___   ___   ___  
 |_   _| | __| / __| |_   _|   | _ \   /_\   / __| / __| | __| |   \ 
   | |   | _|  \__ \   | |     |  _/  / _ \  \__ \ \__ \ | _|  | |) |
   |_|   |___| |___/   |_|     |_|   /_/ \_\ |___/ |___/ |___| |___/ 

To Test the Investers Option in Afrexim Bank
----------------------------------------------------------------------
14:31:53.933 [AsyncHttpClient-1-8] DEBUG org.asynchttpclient.netty.handler.WebSocketHandler - Channel Closed: [id: 0xdae28d21, L:/127.0.0.1:59324 ! R:localhost/127.0.0.1:59317] with attribute NettyResponseFuture{currentRetry=0,
	isDone=1,
	isCancelled=0,
	asyncHandler=org.asynchttpclient.ws.WebSocketUpgradeHandler@3e94c772,
	nettyRequest=org.asynchttpclient.netty.request.NettyRequest@231a3f4a,
	future=java.util.concurrent.CompletableFuture@2bb415c[Completed normally],
	uri=ws://localhost:59317/devtools/browser/738a85af-a29c-4e6b-94f2-d1922c785b54,
	keepAlive=true,
	redirectCount=0,
	timeoutsHolder=null,
	inAuth=0,
	touch=1689757279528}
14:31:53.933 [AsyncHttpClient-1-8] DEBUG org.asynchttpclient.netty.channel.ChannelManager - Closing Channel [id: 0xdae28d21, L:/127.0.0.1:59324 ! R:localhost/127.0.0.1:59317] 
14:31:53.933 [Driver Command Executor] DEBUG org.asynchttpclient.netty.request.NettyRequestSender - Using pooled Channel '[id: 0xcb08455d, L:/127.0.0.1:59316 - R:localhost/127.0.0.1:13679]' for 'DELETE' to 'http://localhost:13679/session/6cb4c9b7ec3392fb6fea501470ab9d5e'
14:31:53.940 [Driver Command Executor] DEBUG org.asynchttpclient.netty.request.NettyRequestSender - Using open Channel [id: 0xcb08455d, L:/127.0.0.1:59316 - R:localhost/127.0.0.1:13679] for DELETE '/session/6cb4c9b7ec3392fb6fea501470ab9d5e'
14:31:54.021 [AsyncHttpClient-1-1] DEBUG org.asynchttpclient.netty.channel.DefaultChannelPool - Entry count for : http://localhost:59317 : 1
14:31:54.272 [AsyncHttpClient-1-7] DEBUG org.asynchttpclient.netty.handler.HttpHandler - Unexpected I/O exception on channel [id: 0x1c8731a8, L:/127.0.0.1:59323 - R:localhost/127.0.0.1:59317]
java.io.IOException: An existing connection was forcibly closed by the remote host
	at sun.nio.ch.SocketDispatcher.read0(Native Method)
	at sun.nio.ch.SocketDispatcher.read(SocketDispatcher.java:43)
	at sun.nio.ch.IOUtil.readIntoNativeBuffer(IOUtil.java:223)
	at sun.nio.ch.IOUtil.read(IOUtil.java:192)
	at sun.nio.ch.SocketChannelImpl.read(SocketChannelImpl.java:380)
	at io.netty.buffer.PooledByteBuf.setBytes(PooledByteBuf.java:259)
	at io.netty.buffer.AbstractByteBuf.writeBytes(AbstractByteBuf.java:1132)
	at io.netty.channel.socket.nio.NioSocketChannel.doReadBytes(NioSocketChannel.java:357)
	at io.netty.channel.nio.AbstractNioByteChannel$NioByteUnsafe.read(AbstractNioByteChannel.java:151)
	at io.netty.channel.nio.NioEventLoop.processSelectedKey(NioEventLoop.java:788)
	at io.netty.channel.nio.NioEventLoop.processSelectedKeysOptimized(NioEventLoop.java:724)
	at io.netty.channel.nio.NioEventLoop.processSelectedKeys(NioEventLoop.java:650)
	at io.netty.channel.nio.NioEventLoop.run(NioEventLoop.java:562)
	at io.netty.util.concurrent.SingleThreadEventExecutor$4.run(SingleThreadEventExecutor.java:997)
	at io.netty.util.internal.ThreadExecutorMap$2.run(ThreadExecutorMap.java:74)
	at io.netty.util.concurrent.FastThreadLocalRunnable.run(FastThreadLocalRunnable.java:30)
	at java.lang.Thread.run(Thread.java:748)
14:31:54.272 [AsyncHttpClient-1-7] DEBUG org.asynchttpclient.netty.channel.ChannelManager - Closing Channel [id: 0x1c8731a8, L:/127.0.0.1:59323 - R:localhost/127.0.0.1:59317] 
14:31:54.272 [AsyncHttpClient-1-7] DEBUG org.asynchttpclient.netty.handler.HttpHandler - Channel Closed: [id: 0x1c8731a8, L:/127.0.0.1:59323 ! R:localhost/127.0.0.1:59317] with attribute DISCARD
14:31:54.394 [AsyncHttpClient-1-6] DEBUG org.asynchttpclient.netty.handler.HttpHandler - 

Request DefaultFullHttpRequest(decodeResult: success, version: HTTP/1.1, content: EmptyByteBufBE)
DELETE /session/6cb4c9b7ec3392fb6fea501470ab9d5e HTTP/1.1
User-Agent: selenium/4.8.1 (java windows)
Content-Type: application/json; charset=utf-8
host: localhost:13679
accept: */*

Response DefaultHttpResponse(decodeResult: success, version: HTTP/1.1)
HTTP/1.1 200 OK
Content-Length: 14
Content-Type: application/json; charset=utf-8
cache-control: no-cache

14:31:54.394 [AsyncHttpClient-1-6] DEBUG org.asynchttpclient.netty.channel.ChannelManager - Adding key: http://localhost:13679 for channel [id: 0xcb08455d, L:/127.0.0.1:59316 - R:localhost/127.0.0.1:13679]
14:31:54.628 [AsyncHttpClient-1-6] DEBUG org.asynchttpclient.netty.handler.HttpHandler - Channel Closed: [id: 0xcb08455d, L:/127.0.0.1:59316 ! R:localhost/127.0.0.1:13679] with attribute DISCARD
14:31:55.089 [AsyncHttpClient-1-1] DEBUG org.asynchttpclient.netty.channel.DefaultChannelPool - Entry count for : http://localhost:13679 : 1
14:31:55.089 [AsyncHttpClient-1-1] DEBUG org.asynchttpclient.netty.channel.DefaultChannelPool - Entry count for : http://localhost:59317 : 1
14:31:55.089 [AsyncHttpClient-1-1] DEBUG org.asynchttpclient.netty.channel.DefaultChannelPool - Adding Candidate expired Channel [id: 0xcb08455d, L:/127.0.0.1:59316 ! R:localhost/127.0.0.1:13679] isIdleTimeoutExpired=false isRemotelyClosed=true isTtlExpired=false
14:31:55.089 [AsyncHttpClient-1-1] DEBUG org.asynchttpclient.netty.channel.DefaultChannelPool - Closing Idle Channel [id: 0xcb08455d, L:/127.0.0.1:59316 ! R:localhost/127.0.0.1:13679]
14:31:55.089 [AsyncHttpClient-1-1] DEBUG org.asynchttpclient.netty.channel.DefaultChannelPool - Adding Candidate expired Channel [id: 0x1c8731a8, L:/127.0.0.1:59323 ! R:localhost/127.0.0.1:59317] isIdleTimeoutExpired=false isRemotelyClosed=true isTtlExpired=false
14:31:55.089 [AsyncHttpClient-1-1] DEBUG org.asynchttpclient.netty.channel.DefaultChannelPool - Closing Idle Channel [id: 0x1c8731a8, L:/127.0.0.1:59323 ! R:localhost/127.0.0.1:59317]
14:31:55.089 [AsyncHttpClient-1-1] DEBUG org.asynchttpclient.netty.channel.DefaultChannelPool - Closed 2 connections out of 2 in 0 ms
]]></system-out>
    <system-err><![CDATA[Starting ChromeDriver 114.0.5735.90 (386bc09e8f4f2e025eddae123f36f6263096ae49-refs/branch-heads/5735@{#1052}) on port 13679
Only local connections are allowed.
Please see https://chromedriver.chromium.org/security-considerations for suggestions on keeping ChromeDriver safe.
ChromeDriver was started successfully.
Jul 19, 2023 2:31:19 PM org.openqa.selenium.devtools.CdpVersionFinder findNearestMatch
WARNING: Unable to find an exact match for CDP version 114, so returning the closest version found: 110
]]></system-err>
  </testcase>
</testsuite>